--------------------------------------------------
sat
(objectives
 (a1165 0)
)
OMT_LIA/20220307-SMPT/Diffusion2D-PT-D40N050/RF-01.smt2 : 420 ms.
--------------------------------------------------
sat
(objectives
 (cAMP__9_9_ 0)
)
OMT_LIA/20220307-SMPT/Diffusion2D-PT-D40N050/RC-03.smt2 : 369 ms.
--------------------------------------------------
sat
(objectives
 (cAMP__22_10_ 0)
)
OMT_LIA/20220307-SMPT/Diffusion2D-PT-D40N050/RF-15.smt2 : 633 ms.
--------------------------------------------------
sat
(objectives
 (a692 48)
)
OMT_LIA/20220307-SMPT/Diffusion2D-PT-D40N050/RF-02.smt2 : 594 ms.
--------------------------------------------------
sat
(objectives
 (cAMP__20_12_ 0)
)
OMT_LIA/20220307-SMPT/Diffusion2D-PT-D40N050/RF-07.smt2 : 517 ms.
--------------------------------------------------
sat
(objectives
 (a506 0)
)
OMT_LIA/20220307-SMPT/Diffusion2D-PT-D40N050/RF-13.smt2 : 395 ms.
--------------------------------------------------
sat
(objectives
 (cAMP__7_27_ 46)
)
OMT_LIA/20220307-SMPT/Diffusion2D-PT-D40N050/RC-12.smt2 : 575 ms.
--------------------------------------------------
sat
(objectives
 (cAMP__43_38_ 0)
)
OMT_LIA/20220307-SMPT/Diffusion2D-PT-D50N100/RF-14.smt2 : 1009 ms.
--------------------------------------------------
sat
(objectives
 (cAMP__41_29_ 0)
)
OMT_LIA/20220307-SMPT/Diffusion2D-PT-D50N100/RF-09.smt2 : 923 ms.
--------------------------------------------------
sat
(objectives
 (cAMP__10_23_ 99)
)
OMT_LIA/20220307-SMPT/Diffusion2D-PT-D50N100/RC-14.smt2 : 1099 ms.
--------------------------------------------------
sat
(objectives
 (cAMP__11_38_ 99)
)
OMT_LIA/20220307-SMPT/Diffusion2D-PT-D50N100/RC-15.smt2 : 784 ms.
--------------------------------------------------
sat
(objectives
 (cAMP__27_26_ 0)
)
OMT_LIA/20220307-SMPT/Diffusion2D-PT-D50N100/RF-05.smt2 : 1278 ms.
--------------------------------------------------
sat
(objectives
 (cAMP__32_26_ 99)
)
OMT_LIA/20220307-SMPT/Diffusion2D-PT-D50N100/RF-00.smt2 : 828 ms.
--------------------------------------------------
sat
(objectives
 (cAMP__34_2_ 97)
)
OMT_LIA/20220307-SMPT/Diffusion2D-PT-D50N100/RC-13.smt2 : 1040 ms.
--------------------------------------------------
sat
(objectives
 (cAMP__44_47_ 0)
)
OMT_LIA/20220307-SMPT/Diffusion2D-PT-D50N100/RC-00.smt2 : 794 ms.
--------------------------------------------------
sat
(objectives
 (a773 0)
)
OMT_LIA/20220307-SMPT/Diffusion2D-PT-D50N100/RF-10.smt2 : 1034 ms.
--------------------------------------------------
sat
(objectives
 (a1951 0)
)
OMT_LIA/20220307-SMPT/Diffusion2D-PT-D50N100/RC-01.smt2 : 1134 ms.
--------------------------------------------------
sat
(objectives
 (a981 0)
)
OMT_LIA/20220307-SMPT/Diffusion2D-PT-D50N100/RC-06.smt2 : 868 ms.
--------------------------------------------------
sat
(objectives
 (a1665 99)
)
OMT_LIA/20220307-SMPT/Diffusion2D-PT-D50N100/RF-03.smt2 : 859 ms.
--------------------------------------------------
sat
(objectives
 (a2264 99)
)
OMT_LIA/20220307-SMPT/Diffusion2D-PT-D50N100/RC-04.smt2 : 802 ms.
--------------------------------------------------
sat
(objectives
 (a1348 98)
)
OMT_LIA/20220307-SMPT/Diffusion2D-PT-D50N100/RC-11.smt2 : 837 ms.
--------------------------------------------------
sat
(objectives
 (a1028 99)
)
OMT_LIA/20220307-SMPT/Diffusion2D-PT-D50N100/RC-05.smt2 : 814 ms.
--------------------------------------------------
sat
(objectives
 (a111 100)
)
OMT_LIA/20220307-SMPT/Diffusion2D-PT-D50N100/RF-12.smt2 : 770 ms.
--------------------------------------------------
sat
(objectives
 (a785 99)
)
OMT_LIA/20220307-SMPT/Diffusion2D-PT-D50N100/RC-08.smt2 : 919 ms.
--------------------------------------------------
sat
(objectives
 (cAMP__27_27_ 0)
)
OMT_LIA/20220307-SMPT/Diffusion2D-PT-D50N100/RC-02.smt2 : 965 ms.
--------------------------------------------------
sat
(objectives
 (cAMP__20_32_ 97)
)
OMT_LIA/20220307-SMPT/Diffusion2D-PT-D50N100/RC-07.smt2 : 801 ms.
--------------------------------------------------
sat
(objectives
 (cAMP__20_47_ 97)
)
OMT_LIA/20220307-SMPT/Diffusion2D-PT-D50N100/RC-10.smt2 : 759 ms.
--------------------------------------------------
sat
(objectives
 (cAMP__14_46_ 0)
)
OMT_LIA/20220307-SMPT/Diffusion2D-PT-D50N100/RF-04.smt2 : 837 ms.
--------------------------------------------------
sat
(objectives
 (cAMP__41_49_ 98)
)
OMT_LIA/20220307-SMPT/Diffusion2D-PT-D50N100/RF-11.smt2 : 762 ms.
