--------------------------------------------------
sat
(objectives
 (a172 1)
)
OMT_LIA/20220307-SMPT/RwMutex-PT-r0100w0010/RF-14.smt2 : 99 ms.
--------------------------------------------------
sat
(objectives
 (a1092 1)
)
OMT_LIA/20220307-SMPT/RwMutex-PT-r0100w0010/RF-05.smt2 : 89 ms.
--------------------------------------------------
sat
(objectives
 (p142 0)
)
OMT_LIA/20220307-SMPT/RwMutex-PT-r0100w0010/RF-00.smt2 : 66 ms.
--------------------------------------------------
sat
(objectives
 (a185 1)
)
OMT_LIA/20220307-SMPT/RwMutex-PT-r0100w0010/RC-13.smt2 : 100 ms.
--------------------------------------------------
sat
(objectives
 (a303 1)
)
OMT_LIA/20220307-SMPT/RwMutex-PT-r0100w0010/RC-00.smt2 : 71 ms.
--------------------------------------------------
