--------------------------------------------------
sat
(objectives
 (TrainState_8_4_18 1)
)
OMT_LIA/20220307-SMPT/BART-PT-030/RC-08.smt2 : 1261 ms.
--------------------------------------------------
sat
(objectives
 (a132 0)
)
OMT_LIA/20220307-SMPT/BART-PT-030/RF-00.smt2 : 1450 ms.
--------------------------------------------------
sat
(objectives
 (a597 1)
)
OMT_LIA/20220307-SMPT/BART-PT-030/RF-11.smt2 : 2013 ms.
--------------------------------------------------
sat
(objectives
 (a1941 0)
)
OMT_LIA/20220307-SMPT/BART-PT-030/RC-11.smt2 : 1460 ms.
--------------------------------------------------
timeout
OMT_LIA/20220307-SMPT/SharedMemory-PT-000050/RF-09.smt2 : 1201411 ms.
--------------------------------------------------
timeout
OMT_LIA/20220307-SMPT/SharedMemory-PT-000050/RF-06.smt2 : 1200135 ms.
