--------------------------------------------------
sat
(objectives
 (TrainState_57_4_20 0)
)
OMT_LIA/20220307-SMPT/BART-PT-060/RC-15.smt2 : 3553 ms.
--------------------------------------------------
sat
(objectives
 (TrainState_24_2_17 0)
)
OMT_LIA/20220307-SMPT/BART-PT-060/RF-05.smt2 : 4730 ms.
--------------------------------------------------
sat
(objectives
 (TrainState_2_1_35 0)
)
OMT_LIA/20220307-SMPT/BART-PT-060/RF-00.smt2 : 3213 ms.
--------------------------------------------------
sat
(objectives
 (a2190 1)
)
OMT_LIA/20220307-SMPT/BART-PT-060/RC-00.smt2 : 3055 ms.
--------------------------------------------------
sat
(objectives
 (a7069 1)
)
OMT_LIA/20220307-SMPT/BART-PT-060/RF-10.smt2 : 2664 ms.
--------------------------------------------------
sat
(objectives
 (TrainState_60_2_15 0)
)
OMT_LIA/20220307-SMPT/BART-PT-060/RC-06.smt2 : 2995 ms.
--------------------------------------------------
sat
(objectives
 (a7691 1)
)
OMT_LIA/20220307-SMPT/BART-PT-060/RF-03.smt2 : 2616 ms.
--------------------------------------------------
sat
(objectives
 (TrainState_18_4_18 1)
)
OMT_LIA/20220307-SMPT/BART-PT-060/RC-11.smt2 : 2643 ms.
--------------------------------------------------
sat
(objectives
 (a3707 1)
)
OMT_LIA/20220307-SMPT/BART-PT-060/RF-12.smt2 : 2582 ms.
--------------------------------------------------
sat
(objectives
 (TrainState_58_2_14 1)
)
OMT_LIA/20220307-SMPT/BART-PT-060/RC-02.smt2 : 2517 ms.
--------------------------------------------------
sat
(objectives
 (a1923 0)
)
OMT_LIA/20220307-SMPT/BART-PT-060/RC-07.smt2 : 2606 ms.
--------------------------------------------------
sat
(objectives
 (a165 0)
)
OMT_LIA/20220307-SMPT/BART-PT-060/RC-10.smt2 : 2514 ms.
--------------------------------------------------
sat
(objectives
 (a3910 1)
)
OMT_LIA/20220307-SMPT/BART-PT-060/RF-04.smt2 : 2559 ms.
--------------------------------------------------
sat
(objectives
 (a2023 1)
)
OMT_LIA/20220307-SMPT/BART-PT-060/RF-11.smt2 : 2522 ms.
--------------------------------------------------
sat
(objectives
 (a2577 1)
)
OMT_LIA/20220307-SMPT/BART-PT-060/RC-09.smt2 : 2474 ms.
--------------------------------------------------
sat
(objectives
 (a5775 0)
)
OMT_LIA/20220307-SMPT/BART-PT-060/RF-06.smt2 : 2819 ms.
--------------------------------------------------
sat
(objectives
 (a4671 1)
)
OMT_LIA/20220307-SMPT/BART-PT-060/RF-08.smt2 : 2450 ms.
--------------------------------------------------
