--------------------------------------------------
unsat
QF_NRA/20161105-Sturm-MBO/mbo_E23E27.smt2 : 18 ms.
--------------------------------------------------
unsat
QF_NRA/20161105-Sturm-MBO/mbo_E23E28.smt2 : 26 ms.
--------------------------------------------------
unsat
QF_NRA/20161105-Sturm-MBO/mbo_E23.smt2 : 14 ms.
--------------------------------------------------
unsat
QF_NRA/20161105-Sturm-MBO/mbo_E24E25.smt2 : 1893 ms.
--------------------------------------------------
unsat
QF_NRA/20161105-Sturm-MBO/mbo_E24E26.smt2 : 396 ms.
--------------------------------------------------
unsat
QF_NRA/20161105-Sturm-MBO/mbo_E24E27.smt2 : 89 ms.
--------------------------------------------------
unsat
QF_NRA/20161105-Sturm-MBO/mbo_E24E28.smt2 : 576 ms.
--------------------------------------------------
unsat
QF_NRA/20161105-Sturm-MBO/mbo_E24.smt2 : 47 ms.
--------------------------------------------------
unsat
QF_NRA/20161105-Sturm-MBO/mbo_E25E26.smt2 : 34 ms.
--------------------------------------------------
unsat
QF_NRA/20161105-Sturm-MBO/mbo_E25E27.smt2 : 91 ms.
--------------------------------------------------
unsat
QF_NRA/20161105-Sturm-MBO/mbo_E25E28.smt2 : 379 ms.
--------------------------------------------------
unsat
QF_NRA/20161105-Sturm-MBO/mbo_E25.smt2 : 20 ms.
--------------------------------------------------
unsat
QF_NRA/20161105-Sturm-MBO/mbo_E26E27.smt2 : 19 ms.
--------------------------------------------------
unsat
QF_NRA/20161105-Sturm-MBO/mbo_E26E28.smt2 : 24 ms.
--------------------------------------------------
unsat
QF_NRA/20161105-Sturm-MBO/mbo_E26.smt2 : 16 ms.
--------------------------------------------------
unsat
QF_NRA/20161105-Sturm-MBO/mbo_E27E28.smt2 : 21 ms.
--------------------------------------------------
unsat
QF_NRA/20161105-Sturm-MBO/mbo_E27.smt2 : 13 ms.
--------------------------------------------------
unsat
QF_NRA/20161105-Sturm-MBO/mbo_E28.smt2 : 17 ms.
--------------------------------------------------
./solvers/smtrat/run.sh: line 3: 271849 Killed                  LD_PRELOAD=libmimalloc.so ./smtrat ../$1 2> /dev/null
QF_NRA/20161105-Sturm-MBO/mbo_E2E10.smt2 : 1800744 ms.
--------------------------------------------------
unsat
QF_NRA/20161105-Sturm-MBO/mbo_E2E11.smt2 : 24048 ms.
--------------------------------------------------
unsat
QF_NRA/20161105-Sturm-MBO/mbo_E2E12.smt2 : 1573805 ms.
--------------------------------------------------
./solvers/smtrat/run.sh: line 3: 286886 Killed                  LD_PRELOAD=libmimalloc.so ./smtrat ../$1 2> /dev/null
QF_NRA/20161105-Sturm-MBO/mbo_E2E13.smt2 : 1800119 ms.
--------------------------------------------------
./solvers/smtrat/run.sh: line 3: 291932 Killed                  LD_PRELOAD=libmimalloc.so ./smtrat ../$1 2> /dev/null
QF_NRA/20161105-Sturm-MBO/mbo_E2E14.smt2 : 1800142 ms.
--------------------------------------------------
unsat
QF_NRA/20161105-Sturm-MBO/mbo_E2E15.smt2 : 177553 ms.
--------------------------------------------------
./solvers/smtrat/run.sh: line 3: 296828 Killed                  LD_PRELOAD=libmimalloc.so ./smtrat ../$1 2> /dev/null
QF_NRA/20161105-Sturm-MBO/mbo_E2E16.smt2 : 1801702 ms.
--------------------------------------------------
./solvers/smtrat/run.sh: line 3: 299374 Killed                  LD_PRELOAD=libmimalloc.so ./smtrat ../$1 2> /dev/null
QF_NRA/20161105-Sturm-MBO/mbo_E2E17.smt2 : 1801537 ms.
--------------------------------------------------
unsat
QF_NRA/20161105-Sturm-MBO/mbo_E2E18.smt2 : 166561 ms.
--------------------------------------------------
unsat
QF_NRA/20161105-Sturm-MBO/mbo_E2E19.smt2 : 823663 ms.
--------------------------------------------------
./solvers/smtrat/run.sh: line 3: 302806 Killed                  LD_PRELOAD=libmimalloc.so ./smtrat ../$1 2> /dev/null
QF_NRA/20161105-Sturm-MBO/mbo_E2E20.smt2 : 1800947 ms.
--------------------------------------------------
./solvers/smtrat/run.sh: line 3: 327591 Killed                  LD_PRELOAD=libmimalloc.so ./smtrat ../$1 2> /dev/null
QF_NRA/20161105-Sturm-MBO/mbo_E2E21.smt2 : 1800731 ms.
--------------------------------------------------
unsat
QF_NRA/20161105-Sturm-MBO/mbo_E2E22.smt2 : 686495 ms.
--------------------------------------------------
unsat
QF_NRA/20161105-Sturm-MBO/mbo_E2E23.smt2 : 116216 ms.
--------------------------------------------------
unsat
QF_NRA/20161105-Sturm-MBO/mbo_E2E24.smt2 : 179145 ms.
--------------------------------------------------
unsat
QF_NRA/20161105-Sturm-MBO/mbo_E2E25.smt2 : 829353 ms.
--------------------------------------------------
unsat
QF_NRA/20161105-Sturm-MBO/mbo_E2E26.smt2 : 99324 ms.
--------------------------------------------------
unsat
QF_NRA/20161105-Sturm-MBO/mbo_E2E27.smt2 : 7438 ms.
--------------------------------------------------
unsat
QF_NRA/20161105-Sturm-MBO/mbo_E2E28.smt2 : 144258 ms.
--------------------------------------------------
unsat
QF_NRA/20161105-Sturm-MBO/mbo_E2E3.smt2 : 923950 ms.
--------------------------------------------------
unsat
QF_NRA/20161105-Sturm-MBO/mbo_E2E4.smt2 : 750924 ms.
--------------------------------------------------
unsat
QF_NRA/20161105-Sturm-MBO/mbo_E2E5.smt2 : 258162 ms.
--------------------------------------------------
unsat
QF_NRA/20161105-Sturm-MBO/mbo_E2E6.smt2 : 1439979 ms.
--------------------------------------------------
unsat
QF_NRA/20161105-Sturm-MBO/mbo_E2E7.smt2 : 121430 ms.
--------------------------------------------------
unsat
QF_NRA/20161105-Sturm-MBO/mbo_E2E8.smt2 : 258361 ms.
--------------------------------------------------
./solvers/smtrat/run.sh: line 3: 342895 Killed                  LD_PRELOAD=libmimalloc.so ./smtrat ../$1 2> /dev/null
QF_NRA/20161105-Sturm-MBO/mbo_E2E9.smt2 : 1801651 ms.
--------------------------------------------------
unsat
QF_NRA/20161105-Sturm-MBO/mbo_E2.smt2 : 2523 ms.
--------------------------------------------------
./solvers/smtrat/run.sh: line 3: 345446 Killed                  LD_PRELOAD=libmimalloc.so ./smtrat ../$1 2> /dev/null
QF_NRA/20161105-Sturm-MBO/mbo_E3E10.smt2 : 1800988 ms.
--------------------------------------------------
unsat
QF_NRA/20161105-Sturm-MBO/mbo_E3E11.smt2 : 215048 ms.
--------------------------------------------------
unsat
QF_NRA/20161105-Sturm-MBO/mbo_E3E12.smt2 : 476929 ms.
--------------------------------------------------
unsat
QF_NRA/20161105-Sturm-MBO/mbo_E3E13.smt2 : 197217 ms.
--------------------------------------------------
./solvers/smtrat/run.sh: line 3: 349408 Killed                  LD_PRELOAD=libmimalloc.so ./smtrat ../$1 2> /dev/null
QF_NRA/20161105-Sturm-MBO/mbo_E3E14.smt2 : 1801610 ms.
--------------------------------------------------
unsat
QF_NRA/20161105-Sturm-MBO/mbo_E3E15.smt2 : 209310 ms.
--------------------------------------------------
./solvers/smtrat/run.sh: line 3: 352236 Killed                  LD_PRELOAD=libmimalloc.so ./smtrat ../$1 2> /dev/null
QF_NRA/20161105-Sturm-MBO/mbo_E3E16.smt2 : 1802184 ms.
--------------------------------------------------
./solvers/smtrat/run.sh: line 3: 354477 Killed                  LD_PRELOAD=libmimalloc.so ./smtrat ../$1 2> /dev/null
QF_NRA/20161105-Sturm-MBO/mbo_E3E17.smt2 : 1801872 ms.
--------------------------------------------------
unsat
QF_NRA/20161105-Sturm-MBO/mbo_E3E18.smt2 : 1608464 ms.
--------------------------------------------------
unsat
QF_NRA/20161105-Sturm-MBO/mbo_E3E19.smt2 : 172045 ms.
--------------------------------------------------
unsat
QF_NRA/20161105-Sturm-MBO/mbo_E3E20.smt2 : 80812 ms.
--------------------------------------------------
unsat
QF_NRA/20161105-Sturm-MBO/mbo_E3E21.smt2 : 58522 ms.
--------------------------------------------------
unsat
QF_NRA/20161105-Sturm-MBO/mbo_E3E22.smt2 : 179502 ms.
--------------------------------------------------
unsat
QF_NRA/20161105-Sturm-MBO/mbo_E3E23.smt2 : 207833 ms.
--------------------------------------------------
unsat
QF_NRA/20161105-Sturm-MBO/mbo_E3E24.smt2 : 118273 ms.
--------------------------------------------------
unsat
QF_NRA/20161105-Sturm-MBO/mbo_E3E25.smt2 : 103115 ms.
--------------------------------------------------
unsat
QF_NRA/20161105-Sturm-MBO/mbo_E3E26.smt2 : 84438 ms.
--------------------------------------------------
unsat
QF_NRA/20161105-Sturm-MBO/mbo_E3E27.smt2 : 5885 ms.
--------------------------------------------------
unsat
QF_NRA/20161105-Sturm-MBO/mbo_E3E28.smt2 : 125432 ms.
--------------------------------------------------
unsat
QF_NRA/20161105-Sturm-MBO/mbo_E3E4.smt2 : 605169 ms.
--------------------------------------------------
unsat
QF_NRA/20161105-Sturm-MBO/mbo_E3E5.smt2 : 220492 ms.
--------------------------------------------------
unsat
QF_NRA/20161105-Sturm-MBO/mbo_E3E6.smt2 : 535179 ms.
--------------------------------------------------
unsat
QF_NRA/20161105-Sturm-MBO/mbo_E3E7.smt2 : 210739 ms.
--------------------------------------------------
./solvers/smtrat/run.sh: line 3: 362372 Killed                  LD_PRELOAD=libmimalloc.so ./smtrat ../$1 2> /dev/null
QF_NRA/20161105-Sturm-MBO/mbo_E3E8.smt2 : 1800478 ms.
--------------------------------------------------
./solvers/smtrat/run.sh: line 3: 364072 Killed                  LD_PRELOAD=libmimalloc.so ./smtrat ../$1 2> /dev/null
QF_NRA/20161105-Sturm-MBO/mbo_E3E9.smt2 : 1802738 ms.
--------------------------------------------------
unsat
QF_NRA/20161105-Sturm-MBO/mbo_E3.smt2 : 1360 ms.
--------------------------------------------------
./solvers/smtrat/run.sh: line 3: 387638 Killed                  LD_PRELOAD=libmimalloc.so ./smtrat ../$1 2> /dev/null
QF_NRA/20161105-Sturm-MBO/mbo_E4E10.smt2 : 1800792 ms.
--------------------------------------------------
./solvers/smtrat/run.sh: line 3: 392381 Killed                  LD_PRELOAD=libmimalloc.so ./smtrat ../$1 2> /dev/null
QF_NRA/20161105-Sturm-MBO/mbo_E4E11.smt2 : 1800304 ms.
--------------------------------------------------
./solvers/smtrat/run.sh: line 3: 395228 Killed                  LD_PRELOAD=libmimalloc.so ./smtrat ../$1 2> /dev/null
QF_NRA/20161105-Sturm-MBO/mbo_E4E12.smt2 : 1801504 ms.
--------------------------------------------------
./solvers/smtrat/run.sh: line 3: 397901 Killed                  LD_PRELOAD=libmimalloc.so ./smtrat ../$1 2> /dev/null
QF_NRA/20161105-Sturm-MBO/mbo_E4E13.smt2 : 1801643 ms.
--------------------------------------------------
./solvers/smtrat/run.sh: line 3: 400159 Killed                  LD_PRELOAD=libmimalloc.so ./smtrat ../$1 2> /dev/null
QF_NRA/20161105-Sturm-MBO/mbo_E4E14.smt2 : 1800729 ms.
--------------------------------------------------
./solvers/smtrat/run.sh: line 3: 402646 Killed                  LD_PRELOAD=libmimalloc.so ./smtrat ../$1 2> /dev/null
QF_NRA/20161105-Sturm-MBO/mbo_E4E15.smt2 : 1801010 ms.
--------------------------------------------------
./solvers/smtrat/run.sh: line 3: 404566 Killed                  LD_PRELOAD=libmimalloc.so ./smtrat ../$1 2> /dev/null
QF_NRA/20161105-Sturm-MBO/mbo_E4E16.smt2 : 1801784 ms.
--------------------------------------------------
./solvers/smtrat/run.sh: line 3: 406735 Killed                  LD_PRELOAD=libmimalloc.so ./smtrat ../$1 2> /dev/null
QF_NRA/20161105-Sturm-MBO/mbo_E4E17.smt2 : 1801022 ms.
--------------------------------------------------
./solvers/smtrat/run.sh: line 3: 408531 Killed                  LD_PRELOAD=libmimalloc.so ./smtrat ../$1 2> /dev/null
QF_NRA/20161105-Sturm-MBO/mbo_E4E18.smt2 : 1800637 ms.
--------------------------------------------------
./solvers/smtrat/run.sh: line 3: 410428 Killed                  LD_PRELOAD=libmimalloc.so ./smtrat ../$1 2> /dev/null
QF_NRA/20161105-Sturm-MBO/mbo_E4E19.smt2 : 1800928 ms.
--------------------------------------------------
./solvers/smtrat/run.sh: line 3: 411894 Killed                  LD_PRELOAD=libmimalloc.so ./smtrat ../$1 2> /dev/null
QF_NRA/20161105-Sturm-MBO/mbo_E4E20.smt2 : 1800728 ms.
--------------------------------------------------
./solvers/smtrat/run.sh: line 3: 413633 Killed                  LD_PRELOAD=libmimalloc.so ./smtrat ../$1 2> /dev/null
QF_NRA/20161105-Sturm-MBO/mbo_E4E21.smt2 : 1800740 ms.
--------------------------------------------------
./solvers/smtrat/run.sh: line 3: 415318 Killed                  LD_PRELOAD=libmimalloc.so ./smtrat ../$1 2> /dev/null
QF_NRA/20161105-Sturm-MBO/mbo_E4E22.smt2 : 1800805 ms.
--------------------------------------------------
unsat
QF_NRA/20161105-Sturm-MBO/mbo_E4E23.smt2 : 65672 ms.
--------------------------------------------------
unsat
QF_NRA/20161105-Sturm-MBO/mbo_E4E24.smt2 : 176677 ms.
--------------------------------------------------
./solvers/smtrat/run.sh: line 3: 417298 Killed                  LD_PRELOAD=libmimalloc.so ./smtrat ../$1 2> /dev/null
QF_NRA/20161105-Sturm-MBO/mbo_E4E25.smt2 : 1801361 ms.
--------------------------------------------------
unsat
QF_NRA/20161105-Sturm-MBO/mbo_E4E26.smt2 : 76596 ms.
--------------------------------------------------
unsat
QF_NRA/20161105-Sturm-MBO/mbo_E4E27.smt2 : 3673 ms.
--------------------------------------------------
unsat
QF_NRA/20161105-Sturm-MBO/mbo_E4E28.smt2 : 111023 ms.
--------------------------------------------------
unsat
QF_NRA/20161105-Sturm-MBO/mbo_E4E5.smt2 : 221371 ms.
--------------------------------------------------
unsat
QF_NRA/20161105-Sturm-MBO/mbo_E4E6.smt2 : 254724 ms.
--------------------------------------------------
unsat
QF_NRA/20161105-Sturm-MBO/mbo_E4E7.smt2 : 106605 ms.
--------------------------------------------------
./solvers/smtrat/run.sh: line 3: 419500 Killed                  LD_PRELOAD=libmimalloc.so ./smtrat ../$1 2> /dev/null
QF_NRA/20161105-Sturm-MBO/mbo_E4E8.smt2 : 1800177 ms.
--------------------------------------------------
./solvers/smtrat/run.sh: line 3: 421093 Killed                  LD_PRELOAD=libmimalloc.so ./smtrat ../$1 2> /dev/null
QF_NRA/20161105-Sturm-MBO/mbo_E4E9.smt2 : 1801862 ms.
--------------------------------------------------
unsat
QF_NRA/20161105-Sturm-MBO/mbo_E4.smt2 : 966 ms.
--------------------------------------------------
./solvers/smtrat/run.sh: line 3: 422227 Killed                  LD_PRELOAD=libmimalloc.so ./smtrat ../$1 2> /dev/null
QF_NRA/20161105-Sturm-MBO/mbo_E5E10.smt2 : 1801666 ms.
--------------------------------------------------
unsat
QF_NRA/20161105-Sturm-MBO/mbo_E5E11.smt2 : 160 ms.
--------------------------------------------------
./solvers/smtrat/run.sh: line 3: 423472 Killed                  LD_PRELOAD=libmimalloc.so ./smtrat ../$1 2> /dev/null
QF_NRA/20161105-Sturm-MBO/mbo_E5E12.smt2 : 1800121 ms.
--------------------------------------------------
./solvers/smtrat/run.sh: line 3: 425108 Killed                  LD_PRELOAD=libmimalloc.so ./smtrat ../$1 2> /dev/null
QF_NRA/20161105-Sturm-MBO/mbo_E5E13.smt2 : 1800121 ms.
--------------------------------------------------
./solvers/smtrat/run.sh: line 3: 426549 Killed                  LD_PRELOAD=libmimalloc.so ./smtrat ../$1 2> /dev/null
QF_NRA/20161105-Sturm-MBO/mbo_E5E15.smt2 : 1800129 ms.
--------------------------------------------------
unsat
QF_NRA/20161105-Sturm-MBO/mbo_E5E16.smt2 : 487 ms.
--------------------------------------------------
unsat
QF_NRA/20161105-Sturm-MBO/mbo_E5E17.smt2 : 1316 ms.
--------------------------------------------------
./solvers/smtrat/run.sh: line 3: 427602 Killed                  LD_PRELOAD=libmimalloc.so ./smtrat ../$1 2> /dev/null
QF_NRA/20161105-Sturm-MBO/mbo_E5E18.smt2 : 1800304 ms.
--------------------------------------------------
unsat
QF_NRA/20161105-Sturm-MBO/mbo_E5E19.smt2 : 1624178 ms.
--------------------------------------------------
unsat
QF_NRA/20161105-Sturm-MBO/mbo_E5E20.smt2 : 401568 ms.
--------------------------------------------------
unsat
QF_NRA/20161105-Sturm-MBO/mbo_E5E21.smt2 : 303 ms.
--------------------------------------------------
unsat
QF_NRA/20161105-Sturm-MBO/mbo_E5E22.smt2 : 749114 ms.
--------------------------------------------------
unsat
QF_NRA/20161105-Sturm-MBO/mbo_E5E23.smt2 : 464 ms.
--------------------------------------------------
unsat
QF_NRA/20161105-Sturm-MBO/mbo_E5E24.smt2 : 578999 ms.
--------------------------------------------------
unsat
QF_NRA/20161105-Sturm-MBO/mbo_E5E25.smt2 : 892005 ms.
--------------------------------------------------
unsat
QF_NRA/20161105-Sturm-MBO/mbo_E5E26.smt2 : 196 ms.
--------------------------------------------------
unsat
QF_NRA/20161105-Sturm-MBO/mbo_E5E27.smt2 : 165 ms.
--------------------------------------------------
unsat
QF_NRA/20161105-Sturm-MBO/mbo_E5E28.smt2 : 457 ms.
--------------------------------------------------
unsat
QF_NRA/20161105-Sturm-MBO/mbo_E5E6.smt2 : 486 ms.
--------------------------------------------------
unsat
QF_NRA/20161105-Sturm-MBO/mbo_E5E7.smt2 : 322 ms.
--------------------------------------------------
./solvers/smtrat/run.sh: line 3: 431839 Killed                  LD_PRELOAD=libmimalloc.so ./smtrat ../$1 2> /dev/null
QF_NRA/20161105-Sturm-MBO/mbo_E5E8.smt2 : 1800135 ms.
--------------------------------------------------
unsat
QF_NRA/20161105-Sturm-MBO/mbo_E5E9.smt2 : 406 ms.
--------------------------------------------------
unsat
QF_NRA/20161105-Sturm-MBO/mbo_E5.smt2 : 43 ms.
--------------------------------------------------
./solvers/smtrat/run.sh: line 3: 432958 Killed                  LD_PRELOAD=libmimalloc.so ./smtrat ../$1 2> /dev/null
QF_NRA/20161105-Sturm-MBO/mbo_E6E10.smt2 : 1801270 ms.
--------------------------------------------------
unsat
QF_NRA/20161105-Sturm-MBO/mbo_E6E11.smt2 : 139 ms.
--------------------------------------------------
unsat
QF_NRA/20161105-Sturm-MBO/mbo_E6E12.smt2 : 197012 ms.
--------------------------------------------------
unsat
QF_NRA/20161105-Sturm-MBO/mbo_E6E13.smt2 : 220897 ms.
--------------------------------------------------
./solvers/smtrat/run.sh: line 3: 434314 Killed                  LD_PRELOAD=libmimalloc.so ./smtrat ../$1 2> /dev/null
QF_NRA/20161105-Sturm-MBO/mbo_E6E14.smt2 : 1801809 ms.
--------------------------------------------------
unsat
QF_NRA/20161105-Sturm-MBO/mbo_E6E15.smt2 : 199880 ms.
--------------------------------------------------
unsat
QF_NRA/20161105-Sturm-MBO/mbo_E6E16.smt2 : 1452 ms.
--------------------------------------------------
unsat
QF_NRA/20161105-Sturm-MBO/mbo_E6E17.smt2 : 478 ms.
--------------------------------------------------
./solvers/smtrat/run.sh: line 3: 435542 Killed                  LD_PRELOAD=libmimalloc.so ./smtrat ../$1 2> /dev/null
QF_NRA/20161105-Sturm-MBO/mbo_E6E18.smt2 : 1800356 ms.
--------------------------------------------------
./solvers/smtrat/run.sh: line 3: 436336 Killed                  LD_PRELOAD=libmimalloc.so ./smtrat ../$1 2> /dev/null
QF_NRA/20161105-Sturm-MBO/mbo_E6E19.smt2 : 1801637 ms.
--------------------------------------------------
./solvers/smtrat/run.sh: line 3: 437340 Killed                  LD_PRELOAD=libmimalloc.so ./smtrat ../$1 2> /dev/null
QF_NRA/20161105-Sturm-MBO/mbo_E6E20.smt2 : 1800904 ms.
--------------------------------------------------
./solvers/smtrat/run.sh: line 3: 438446 Killed                  LD_PRELOAD=libmimalloc.so ./smtrat ../$1 2> /dev/null
QF_NRA/20161105-Sturm-MBO/mbo_E6E21.smt2 : 1804466 ms.
--------------------------------------------------
./solvers/smtrat/run.sh: line 3: 439245 Killed                  LD_PRELOAD=libmimalloc.so ./smtrat ../$1 2> /dev/null
QF_NRA/20161105-Sturm-MBO/mbo_E6E22.smt2 : 1801517 ms.
--------------------------------------------------
unsat
QF_NRA/20161105-Sturm-MBO/mbo_E6E23.smt2 : 511 ms.
--------------------------------------------------
unsat
QF_NRA/20161105-Sturm-MBO/mbo_E6E24.smt2 : 217486 ms.
--------------------------------------------------
./solvers/smtrat/run.sh: line 3: 440166 Killed                  LD_PRELOAD=libmimalloc.so ./smtrat ../$1 2> /dev/null
QF_NRA/20161105-Sturm-MBO/mbo_E6E25.smt2 : 1801269 ms.
--------------------------------------------------
unsat
QF_NRA/20161105-Sturm-MBO/mbo_E6E26.smt2 : 247 ms.
--------------------------------------------------
unsat
QF_NRA/20161105-Sturm-MBO/mbo_E6E27.smt2 : 58 ms.
--------------------------------------------------
unsat
QF_NRA/20161105-Sturm-MBO/mbo_E6E28.smt2 : 370 ms.
--------------------------------------------------
unsat
QF_NRA/20161105-Sturm-MBO/mbo_E6E7.smt2 : 313 ms.
--------------------------------------------------
unsat
QF_NRA/20161105-Sturm-MBO/mbo_E6E8.smt2 : 235694 ms.
--------------------------------------------------
unsat
QF_NRA/20161105-Sturm-MBO/mbo_E6E9.smt2 : 883 ms.
--------------------------------------------------
unsat
QF_NRA/20161105-Sturm-MBO/mbo_E6.smt2 : 28 ms.
--------------------------------------------------
./solvers/smtrat/run.sh: line 3: 441338 Killed                  LD_PRELOAD=libmimalloc.so ./smtrat ../$1 2> /dev/null
QF_NRA/20161105-Sturm-MBO/mbo_E7E10.smt2 : 1800770 ms.
--------------------------------------------------
unsat
QF_NRA/20161105-Sturm-MBO/mbo_E7E11.smt2 : 115 ms.
--------------------------------------------------
unsat
QF_NRA/20161105-Sturm-MBO/mbo_E7E12.smt2 : 330151 ms.
--------------------------------------------------
unsat
QF_NRA/20161105-Sturm-MBO/mbo_E7E13.smt2 : 65197 ms.
--------------------------------------------------
./solvers/smtrat/run.sh: line 3: 442143 Killed                  LD_PRELOAD=libmimalloc.so ./smtrat ../$1 2> /dev/null
QF_NRA/20161105-Sturm-MBO/mbo_E7E14.smt2 : 1800680 ms.
--------------------------------------------------
unsat
QF_NRA/20161105-Sturm-MBO/mbo_E7E15.smt2 : 57883 ms.
--------------------------------------------------
unsat
QF_NRA/20161105-Sturm-MBO/mbo_E7E16.smt2 : 1051 ms.
--------------------------------------------------
unsat
QF_NRA/20161105-Sturm-MBO/mbo_E7E17.smt2 : 934 ms.
--------------------------------------------------
./solvers/smtrat/run.sh: line 3: 443157 Killed                  LD_PRELOAD=libmimalloc.so ./smtrat ../$1 2> /dev/null
QF_NRA/20161105-Sturm-MBO/mbo_E7E18.smt2 : 1800479 ms.
--------------------------------------------------
unsat
QF_NRA/20161105-Sturm-MBO/mbo_E7E19.smt2 : 48904 ms.
--------------------------------------------------
unsat
QF_NRA/20161105-Sturm-MBO/mbo_E7E20.smt2 : 15611 ms.
--------------------------------------------------
unsat
QF_NRA/20161105-Sturm-MBO/mbo_E7E21.smt2 : 136 ms.
--------------------------------------------------
unsat
QF_NRA/20161105-Sturm-MBO/mbo_E7E22.smt2 : 48652 ms.
--------------------------------------------------
unsat
QF_NRA/20161105-Sturm-MBO/mbo_E7E23.smt2 : 321 ms.
--------------------------------------------------
unsat
QF_NRA/20161105-Sturm-MBO/mbo_E7E24.smt2 : 54535 ms.
--------------------------------------------------
unsat
QF_NRA/20161105-Sturm-MBO/mbo_E7E25.smt2 : 27071 ms.
--------------------------------------------------
unsat
QF_NRA/20161105-Sturm-MBO/mbo_E7E26.smt2 : 495 ms.
--------------------------------------------------
unsat
QF_NRA/20161105-Sturm-MBO/mbo_E7E27.smt2 : 14 ms.
--------------------------------------------------
unsat
QF_NRA/20161105-Sturm-MBO/mbo_E7E28.smt2 : 158 ms.
--------------------------------------------------
unsat
QF_NRA/20161105-Sturm-MBO/mbo_E7E8.smt2 : 75523 ms.
--------------------------------------------------
unsat
QF_NRA/20161105-Sturm-MBO/mbo_E7E9.smt2 : 603 ms.
--------------------------------------------------
unsat
QF_NRA/20161105-Sturm-MBO/mbo_E7.smt2 : 15 ms.
--------------------------------------------------
./solvers/smtrat/run.sh: line 3: 444143 Killed                  LD_PRELOAD=libmimalloc.so ./smtrat ../$1 2> /dev/null
QF_NRA/20161105-Sturm-MBO/mbo_E8E10.smt2 : 1801170 ms.
--------------------------------------------------
unsat
QF_NRA/20161105-Sturm-MBO/mbo_E8E11.smt2 : 18614 ms.
--------------------------------------------------
unsat
QF_NRA/20161105-Sturm-MBO/mbo_E8E12.smt2 : 149244 ms.
--------------------------------------------------
unsat
QF_NRA/20161105-Sturm-MBO/mbo_E8E13.smt2 : 1445390 ms.
--------------------------------------------------
./solvers/smtrat/run.sh: line 3: 445469 Killed                  LD_PRELOAD=libmimalloc.so ./smtrat ../$1 2> /dev/null
QF_NRA/20161105-Sturm-MBO/mbo_E8E14.smt2 : 1800396 ms.
--------------------------------------------------
unsat
QF_NRA/20161105-Sturm-MBO/mbo_E8E15.smt2 : 151200 ms.
--------------------------------------------------
./solvers/smtrat/run.sh: line 3: 446500 Killed                  LD_PRELOAD=libmimalloc.so ./smtrat ../$1 2> /dev/null
QF_NRA/20161105-Sturm-MBO/mbo_E8E16.smt2 : 1802642 ms.
--------------------------------------------------
./solvers/smtrat/run.sh: line 3: 447099 Killed                  LD_PRELOAD=libmimalloc.so ./smtrat ../$1 2> /dev/null
QF_NRA/20161105-Sturm-MBO/mbo_E8E17.smt2 : 1803140 ms.
--------------------------------------------------
unsat
QF_NRA/20161105-Sturm-MBO/mbo_E8E18.smt2 : 153293 ms.
--------------------------------------------------
unsat
QF_NRA/20161105-Sturm-MBO/mbo_E8E19.smt2 : 136275 ms.
--------------------------------------------------
./solvers/smtrat/run.sh: line 3: 447889 Killed                  LD_PRELOAD=libmimalloc.so ./smtrat ../$1 2> /dev/null
QF_NRA/20161105-Sturm-MBO/mbo_E8E20.smt2 : 1800976 ms.
--------------------------------------------------
./solvers/smtrat/run.sh: line 3: 448455 Killed                  LD_PRELOAD=libmimalloc.so ./smtrat ../$1 2> /dev/null
QF_NRA/20161105-Sturm-MBO/mbo_E8E21.smt2 : 1800760 ms.
--------------------------------------------------
unsat
QF_NRA/20161105-Sturm-MBO/mbo_E8E22.smt2 : 81519 ms.
--------------------------------------------------
unsat
QF_NRA/20161105-Sturm-MBO/mbo_E8E23.smt2 : 62866 ms.
--------------------------------------------------
unsat
QF_NRA/20161105-Sturm-MBO/mbo_E8E24.smt2 : 370499 ms.
--------------------------------------------------
unsat
QF_NRA/20161105-Sturm-MBO/mbo_E8E25.smt2 : 635503 ms.
--------------------------------------------------
unsat
QF_NRA/20161105-Sturm-MBO/mbo_E8E26.smt2 : 79131 ms.
--------------------------------------------------
unsat
QF_NRA/20161105-Sturm-MBO/mbo_E8E27.smt2 : 5817 ms.
--------------------------------------------------
unsat
QF_NRA/20161105-Sturm-MBO/mbo_E8E28.smt2 : 81075 ms.
--------------------------------------------------
./solvers/smtrat/run.sh: line 3: 449797 Killed                  LD_PRELOAD=libmimalloc.so ./smtrat ../$1 2> /dev/null
QF_NRA/20161105-Sturm-MBO/mbo_E8E9.smt2 : 1801984 ms.
--------------------------------------------------
unsat
QF_NRA/20161105-Sturm-MBO/mbo_E8.smt2 : 1765 ms.
--------------------------------------------------
unsat
QF_NRA/20161105-Sturm-MBO/mbo_E9E10.smt2 : 18568 ms.
--------------------------------------------------
unsat
QF_NRA/20161105-Sturm-MBO/mbo_E9E11.smt2 : 36 ms.
--------------------------------------------------
unsat
QF_NRA/20161105-Sturm-MBO/mbo_E9E12.smt2 : 749706 ms.
--------------------------------------------------
unsat
QF_NRA/20161105-Sturm-MBO/mbo_E9E13.smt2 : 1468717 ms.
--------------------------------------------------
./solvers/smtrat/run.sh: line 3: 451183 Killed                  LD_PRELOAD=libmimalloc.so ./smtrat ../$1 2> /dev/null
QF_NRA/20161105-Sturm-MBO/mbo_E9E14.smt2 : 1800129 ms.
--------------------------------------------------
unsat
QF_NRA/20161105-Sturm-MBO/mbo_E9E15.smt2 : 935401 ms.
--------------------------------------------------
unsat
QF_NRA/20161105-Sturm-MBO/mbo_E9E16.smt2 : 1278 ms.
--------------------------------------------------
unsat
QF_NRA/20161105-Sturm-MBO/mbo_E9E17.smt2 : 819 ms.
--------------------------------------------------
./solvers/smtrat/run.sh: line 3: 451964 Killed                  LD_PRELOAD=libmimalloc.so ./smtrat ../$1 2> /dev/null
QF_NRA/20161105-Sturm-MBO/mbo_E9E18.smt2 : 1801195 ms.
--------------------------------------------------
./solvers/smtrat/run.sh: line 3: 452362 Killed                  LD_PRELOAD=libmimalloc.so ./smtrat ../$1 2> /dev/null
QF_NRA/20161105-Sturm-MBO/mbo_E9E19.smt2 : 1801386 ms.
--------------------------------------------------
unsat
QF_NRA/20161105-Sturm-MBO/mbo_E9E20.smt2 : 1218 ms.
--------------------------------------------------
unsat
QF_NRA/20161105-Sturm-MBO/mbo_E9E21.smt2 : 29 ms.
--------------------------------------------------
./solvers/smtrat/run.sh: line 3: 452851 Killed                  LD_PRELOAD=libmimalloc.so ./smtrat ../$1 2> /dev/null
QF_NRA/20161105-Sturm-MBO/mbo_E9E22.smt2 : 1800818 ms.
--------------------------------------------------
unsat
QF_NRA/20161105-Sturm-MBO/mbo_E9E23.smt2 : 181 ms.
--------------------------------------------------
./solvers/smtrat/run.sh: line 3: 453400 Killed                  LD_PRELOAD=libmimalloc.so ./smtrat ../$1 2> /dev/null
QF_NRA/20161105-Sturm-MBO/mbo_E9E24.smt2 : 1800801 ms.
