--------------------------------------------------
sat
QF_NRA/meti-tarski/atan/problem/1/atan-problem-1-chunk-0006.smt2 : 19 ms.
--------------------------------------------------
sat
QF_NRA/meti-tarski/atan/problem/1/atan-problem-1-chunk-0007.smt2 : 17 ms.
--------------------------------------------------
sat
QF_NRA/meti-tarski/atan/problem/1/atan-problem-1-chunk-0008.smt2 : 20 ms.
--------------------------------------------------
sat
QF_NRA/meti-tarski/atan/problem/1/atan-problem-1-chunk-0009.smt2 : 19 ms.
--------------------------------------------------
sat
QF_NRA/meti-tarski/atan/problem/1/atan-problem-1-chunk-0010.smt2 : 22 ms.
--------------------------------------------------
unsat
QF_NRA/meti-tarski/atan/problem/1/atan-problem-1-chunk-0011.smt2 : 18 ms.
--------------------------------------------------
sat
QF_NRA/meti-tarski/atan/problem/1/atan-problem-1-chunk-0012.smt2 : 25 ms.
--------------------------------------------------
unsat
QF_NRA/meti-tarski/atan/problem/1/atan-problem-1-chunk-0013.smt2 : 16 ms.
--------------------------------------------------
sat
QF_NRA/meti-tarski/atan/problem/1/atan-problem-1-chunk-0016.smt2 : 26 ms.
--------------------------------------------------
sat
QF_NRA/meti-tarski/atan/problem/1/atan-problem-1-chunk-0019.smt2 : 23 ms.
--------------------------------------------------
sat
QF_NRA/meti-tarski/atan/problem/1/atan-problem-1-chunk-0022.smt2 : 24 ms.
--------------------------------------------------
unsat
QF_NRA/meti-tarski/atan/problem/1/atan-problem-1-chunk-0024.smt2 : 21 ms.
--------------------------------------------------
sat
QF_NRA/meti-tarski/atan/problem/1/atan-problem-1-chunk-0025.smt2 : 23 ms.
--------------------------------------------------
sat
QF_NRA/meti-tarski/atan/problem/1/atan-problem-1-chunk-0026.smt2 : 24 ms.
--------------------------------------------------
unsat
QF_NRA/meti-tarski/atan/problem/1/atan-problem-1-chunk-0027.smt2 : 29 ms.
--------------------------------------------------
sat
QF_NRA/meti-tarski/atan/problem/1/atan-problem-1-chunk-0028.smt2 : 30 ms.
--------------------------------------------------
sat
QF_NRA/meti-tarski/atan/problem/1/atan-problem-1-chunk-0029.smt2 : 31 ms.
--------------------------------------------------
sat
QF_NRA/meti-tarski/atan/problem/1/atan-problem-1-chunk-0032.smt2 : 518 ms.
--------------------------------------------------
sat
QF_NRA/meti-tarski/atan/problem/1/atan-problem-1-chunk-0033.smt2 : 29 ms.
--------------------------------------------------
unsat
QF_NRA/meti-tarski/atan/problem/1/atan-problem-1-chunk-0034.smt2 : 26 ms.
--------------------------------------------------
sat
QF_NRA/meti-tarski/atan/problem/1/atan-problem-1-chunk-0035.smt2 : 26 ms.
--------------------------------------------------
unsat
QF_NRA/meti-tarski/atan/problem/1/atan-problem-1-chunk-0036.smt2 : 25 ms.
--------------------------------------------------
sat
QF_NRA/meti-tarski/atan/problem/1/atan-problem-1-chunk-0038.smt2 : 34 ms.
--------------------------------------------------
sat
QF_NRA/meti-tarski/atan/problem/1/atan-problem-1-chunk-0039.smt2 : 50 ms.
--------------------------------------------------
sat
QF_NRA/meti-tarski/atan/problem/1/atan-problem-1-chunk-0040.smt2 : 517 ms.
--------------------------------------------------
sat
QF_NRA/meti-tarski/atan/problem/1/atan-problem-1-chunk-0042.smt2 : 542 ms.
--------------------------------------------------
sat
QF_NRA/meti-tarski/atan/problem/1/atan-problem-1-chunk-0043.smt2 : 572 ms.
--------------------------------------------------
sat
QF_NRA/meti-tarski/atan/problem/1/atan-problem-1-chunk-0044.smt2 : 31 ms.
--------------------------------------------------
sat
QF_NRA/meti-tarski/atan/problem/1/atan-problem-1-chunk-0045.smt2 : 27 ms.
--------------------------------------------------
unsat
QF_NRA/meti-tarski/atan/problem/1/atan-problem-1-chunk-0046.smt2 : 35 ms.
--------------------------------------------------
sat
QF_NRA/meti-tarski/atan/problem/1/atan-problem-1-chunk-0047.smt2 : 30 ms.
--------------------------------------------------
sat
QF_NRA/meti-tarski/atan/problem/1/atan-problem-1-chunk-0048.smt2 : 27 ms.
--------------------------------------------------
unsat
QF_NRA/meti-tarski/atan/problem/1/atan-problem-1-chunk-0049.smt2 : 16 ms.
--------------------------------------------------
unsat
QF_NRA/meti-tarski/atan/problem/1/atan-problem-1-chunk-0050.smt2 : 16 ms.
--------------------------------------------------
sat
QF_NRA/meti-tarski/atan/problem/1/atan-problem-1-chunk-0051.smt2 : 16 ms.
--------------------------------------------------
sat
QF_NRA/meti-tarski/atan/problem/1/atan-problem-1-chunk-0052.smt2 : 32 ms.
--------------------------------------------------
sat
QF_NRA/meti-tarski/atan/problem/1/atan-problem-1-chunk-0053.smt2 : 20 ms.
--------------------------------------------------
unsat
QF_NRA/meti-tarski/atan/problem/1/atan-problem-1-chunk-0054.smt2 : 16 ms.
--------------------------------------------------
sat
QF_NRA/meti-tarski/atan/problem/1/atan-problem-1-chunk-0056.smt2 : 32 ms.
--------------------------------------------------
unsat
QF_NRA/meti-tarski/atan/problem/1/atan-problem-1-chunk-0057.smt2 : 28 ms.
--------------------------------------------------
sat
QF_NRA/meti-tarski/atan/problem/1/atan-problem-1-chunk-0058.smt2 : 32 ms.
--------------------------------------------------
unsat
QF_NRA/meti-tarski/atan/problem/1/atan-problem-1-chunk-0059.smt2 : 17 ms.
--------------------------------------------------
sat
QF_NRA/meti-tarski/atan/problem/1/atan-problem-1-chunk-0062.smt2 : 26 ms.
--------------------------------------------------
unsat
QF_NRA/meti-tarski/atan/problem/1/atan-problem-1-chunk-0064.smt2 : 18 ms.
--------------------------------------------------
sat
QF_NRA/meti-tarski/atan/problem/1/atan-problem-1-chunk-0065.smt2 : 30 ms.
--------------------------------------------------
sat
QF_NRA/meti-tarski/atan/problem/1/atan-problem-1-chunk-0066.smt2 : 499 ms.
--------------------------------------------------
unsat
QF_NRA/meti-tarski/atan/problem/1/atan-problem-1-chunk-0067.smt2 : 15 ms.
--------------------------------------------------
unsat
QF_NRA/meti-tarski/atan/problem/1/atan-problem-1-chunk-0068.smt2 : 16 ms.
--------------------------------------------------
sat
QF_NRA/meti-tarski/atan/problem/1/atan-problem-1-chunk-0069.smt2 : 533 ms.
--------------------------------------------------
unsat
QF_NRA/meti-tarski/atan/problem/1/atan-problem-1-chunk-0070.smt2 : 16 ms.
--------------------------------------------------
sat
QF_NRA/meti-tarski/atan/problem/1/atan-problem-1-chunk-0071.smt2 : 19 ms.
--------------------------------------------------
./solvers/smtrat/run.sh: line 3: 273458 Killed                  LD_PRELOAD=libmimalloc.so ./smtrat ../$1 2> /dev/null
QF_NRA/meti-tarski/atan/problem/1/atan-problem-1-chunk-0072.smt2 : 1800051 ms.
--------------------------------------------------
sat
QF_NRA/meti-tarski/atan/problem/1/atan-problem-1-chunk-0073.smt2 : 20 ms.
--------------------------------------------------
unsat
QF_NRA/meti-tarski/atan/problem/1/atan-problem-1-chunk-0074.smt2 : 18 ms.
--------------------------------------------------
sat
QF_NRA/meti-tarski/atan/problem/1/atan-problem-1-chunk-0075.smt2 : 22 ms.
--------------------------------------------------
./solvers/smtrat/run.sh: line 3: 285164 Killed                  LD_PRELOAD=libmimalloc.so ./smtrat ../$1 2> /dev/null
QF_NRA/meti-tarski/atan/problem/1/atan-problem-1-chunk-0076.smt2 : 1800276 ms.
--------------------------------------------------
sat
QF_NRA/meti-tarski/atan/problem/1/atan-problem-1-chunk-0077.smt2 : 848 ms.
--------------------------------------------------
sat
QF_NRA/meti-tarski/atan/problem/1/atan-problem-1-chunk-0078.smt2 : 236 ms.
--------------------------------------------------
./solvers/smtrat/run.sh: line 3: 290121 Killed                  LD_PRELOAD=libmimalloc.so ./smtrat ../$1 2> /dev/null
QF_NRA/meti-tarski/atan/problem/1/atan-problem-1-chunk-0079.smt2 : 1800157 ms.
--------------------------------------------------
./solvers/smtrat/run.sh: line 3: 294357 Killed                  LD_PRELOAD=libmimalloc.so ./smtrat ../$1 2> /dev/null
QF_NRA/meti-tarski/atan/problem/1/atan-problem-1-chunk-0080.smt2 : 1800035 ms.
--------------------------------------------------
unsat
QF_NRA/meti-tarski/atan/problem/1/atan-problem-1-chunk-0081.smt2 : 16 ms.
--------------------------------------------------
sat
QF_NRA/meti-tarski/atan/problem/1/atan-problem-1-chunk-0082.smt2 : 19 ms.
--------------------------------------------------
unsat
QF_NRA/meti-tarski/atan/problem/1/atan-problem-1-chunk-0083.smt2 : 12 ms.
--------------------------------------------------
./solvers/smtrat/run.sh: line 3: 297042 Killed                  LD_PRELOAD=libmimalloc.so ./smtrat ../$1 2> /dev/null
QF_NRA/meti-tarski/atan/problem/1/atan-problem-1-chunk-0084.smt2 : 1800027 ms.
--------------------------------------------------
sat
QF_NRA/meti-tarski/atan/problem/1/atan-problem-1-chunk-0085.smt2 : 22 ms.
--------------------------------------------------
unsat
QF_NRA/meti-tarski/atan/problem/1/atan-problem-1-chunk-0086.smt2 : 14 ms.
--------------------------------------------------
./solvers/smtrat/run.sh: line 3: 299483 Killed                  LD_PRELOAD=libmimalloc.so ./smtrat ../$1 2> /dev/null
QF_NRA/meti-tarski/atan/problem/1/atan-problem-1-chunk-0087.smt2 : 1800016 ms.
--------------------------------------------------
sat
QF_NRA/meti-tarski/atan/problem/1/atan-problem-1-chunk-0088.smt2 : 35 ms.
--------------------------------------------------
unsat
QF_NRA/meti-tarski/atan/problem/1/atan-problem-1-chunk-0089.smt2 : 11 ms.
--------------------------------------------------
./solvers/smtrat/run.sh: line 3: 301696 Killed                  LD_PRELOAD=libmimalloc.so ./smtrat ../$1 2> /dev/null
QF_NRA/meti-tarski/atan/problem/1/atan-problem-1-chunk-0090.smt2 : 1800062 ms.
--------------------------------------------------
sat
QF_NRA/meti-tarski/atan/problem/1/atan-problem-1-chunk-0091.smt2 : 18 ms.
--------------------------------------------------
./solvers/smtrat/run.sh: line 3: 326202 Killed                  LD_PRELOAD=libmimalloc.so ./smtrat ../$1 2> /dev/null
QF_NRA/meti-tarski/atan/problem/1/atan-problem-1-chunk-0092.smt2 : 1800039 ms.
--------------------------------------------------
unsat
QF_NRA/meti-tarski/atan/problem/1/atan-problem-1-chunk-0093.smt2 : 17 ms.
--------------------------------------------------
./solvers/smtrat/run.sh: line 3: 331358 Killed                  LD_PRELOAD=libmimalloc.so ./smtrat ../$1 2> /dev/null
QF_NRA/meti-tarski/atan/problem/1/atan-problem-1-chunk-0095.smt2 : 1800043 ms.
--------------------------------------------------
unsat
QF_NRA/meti-tarski/atan/problem/1/atan-problem-1-chunk-0096.smt2 : 14 ms.
--------------------------------------------------
./solvers/smtrat/run.sh: line 3: 335319 Killed                  LD_PRELOAD=libmimalloc.so ./smtrat ../$1 2> /dev/null
QF_NRA/meti-tarski/atan/problem/1/atan-problem-1-chunk-0097.smt2 : 1800024 ms.
--------------------------------------------------
./solvers/smtrat/run.sh: line 3: 338137 Killed                  LD_PRELOAD=libmimalloc.so ./smtrat ../$1 2> /dev/null
QF_NRA/meti-tarski/atan/problem/1/atan-problem-1-chunk-0098.smt2 : 1800019 ms.
--------------------------------------------------
./solvers/smtrat/run.sh: line 3: 341002 Killed                  LD_PRELOAD=libmimalloc.so ./smtrat ../$1 2> /dev/null
QF_NRA/meti-tarski/atan/problem/1/atan-problem-1-chunk-0099.smt2 : 1800025 ms.
--------------------------------------------------
./solvers/smtrat/run.sh: line 3: 343628 Killed                  LD_PRELOAD=libmimalloc.so ./smtrat ../$1 2> /dev/null
QF_NRA/meti-tarski/atan/problem/1/atan-problem-1-chunk-0100.smt2 : 1800050 ms.
--------------------------------------------------
./solvers/smtrat/run.sh: line 3: 346249 Killed                  LD_PRELOAD=libmimalloc.so ./smtrat ../$1 2> /dev/null
QF_NRA/meti-tarski/atan/problem/1/atan-problem-1-chunk-0101.smt2 : 1800034 ms.
--------------------------------------------------
./solvers/smtrat/run.sh: line 3: 348626 Killed                  LD_PRELOAD=libmimalloc.so ./smtrat ../$1 2> /dev/null
QF_NRA/meti-tarski/atan/problem/1/atan-problem-1-chunk-0102.smt2 : 1800092 ms.
--------------------------------------------------
unsat
QF_NRA/meti-tarski/atan/problem/1/atan-problem-1-chunk-0103.smt2 : 47 ms.
--------------------------------------------------
./solvers/smtrat/run.sh: line 3: 351290 Killed                  LD_PRELOAD=libmimalloc.so ./smtrat ../$1 2> /dev/null
QF_NRA/meti-tarski/atan/problem/1/atan-problem-1-chunk-0104.smt2 : 1800460 ms.
