--------------------------------------------------
unsat
QF_NRA/hycomp/ball_count_2d_hill_simple.02.seq_lazy_lemmas_global_0.smt2 : 27 ms.
--------------------------------------------------
./solvers/mathsat/run.sh: line 3: 151855 Killed                  ./mathsat ../$1
QF_NRA/hycomp/ball_count_2d_hill_simple.02.seq_lazy_lemmas_global_10.smt2 : 1800705 ms.
--------------------------------------------------
unsat
QF_NRA/hycomp/ball_count_2d_hill_simple.02.seq_lazy_lemmas_global_11.smt2 : 85 ms.
--------------------------------------------------
./solvers/mathsat/run.sh: line 3: 166484 Killed                  ./mathsat ../$1
QF_NRA/hycomp/ball_count_2d_hill_simple.02.seq_lazy_lemmas_global_12.smt2 : 1800214 ms.
--------------------------------------------------
unsat
QF_NRA/hycomp/ball_count_2d_hill_simple.02.seq_lazy_lemmas_global_13.smt2 : 37 ms.
--------------------------------------------------
./solvers/mathsat/run.sh: line 3: 170725 Killed                  ./mathsat ../$1
QF_NRA/hycomp/ball_count_2d_hill_simple.02.seq_lazy_lemmas_global_14.smt2 : 1800135 ms.
--------------------------------------------------
unsat
QF_NRA/hycomp/ball_count_2d_hill_simple.02.seq_lazy_lemmas_global_15.smt2 : 41 ms.
--------------------------------------------------
unsat
QF_NRA/hycomp/ball_count_2d_hill_simple.02.seq_lazy_lemmas_global_1.smt2 : 24 ms.
--------------------------------------------------
unsat
QF_NRA/hycomp/ball_count_2d_hill_simple.02.seq_lazy_lemmas_global_2.smt2 : 28 ms.
--------------------------------------------------
unsat
QF_NRA/hycomp/ball_count_2d_hill_simple.02.seq_lazy_lemmas_global_3.smt2 : 36 ms.
--------------------------------------------------
unsat
QF_NRA/hycomp/ball_count_2d_hill_simple.02.seq_lazy_lemmas_global_4.smt2 : 44 ms.
--------------------------------------------------
unsat
QF_NRA/hycomp/ball_count_2d_hill_simple.02.seq_lazy_lemmas_global_5.smt2 : 44 ms.
--------------------------------------------------
./solvers/mathsat/run.sh: line 3: 174011 Killed                  ./mathsat ../$1
QF_NRA/hycomp/ball_count_2d_hill_simple.02.seq_lazy_lemmas_global_6.smt2 : 1800092 ms.
--------------------------------------------------
unsat
QF_NRA/hycomp/ball_count_2d_hill_simple.02.seq_lazy_lemmas_global_7.smt2 : 43 ms.
--------------------------------------------------
./solvers/mathsat/run.sh: line 3: 177470 Killed                  ./mathsat ../$1
QF_NRA/hycomp/ball_count_2d_hill_simple.02.seq_lazy_lemmas_global_8.smt2 : 1800242 ms.
--------------------------------------------------
unsat
QF_NRA/hycomp/ball_count_2d_hill_simple.02.seq_lazy_lemmas_global_9.smt2 : 38 ms.
--------------------------------------------------
unsat
QF_NRA/hycomp/ball_count_2d_hill_simple.02.seq_lazy_linear_enc_global_0.smt2 : 26 ms.
--------------------------------------------------
./solvers/mathsat/run.sh: line 3: 179437 Killed                  ./mathsat ../$1
QF_NRA/hycomp/ball_count_2d_hill_simple.02.seq_lazy_linear_enc_global_10.smt2 : 1800146 ms.
--------------------------------------------------
unsat
QF_NRA/hycomp/ball_count_2d_hill_simple.02.seq_lazy_linear_enc_global_11.smt2 : 38 ms.
--------------------------------------------------
./solvers/mathsat/run.sh: line 3: 181032 Killed                  ./mathsat ../$1
QF_NRA/hycomp/ball_count_2d_hill_simple.02.seq_lazy_linear_enc_global_12.smt2 : 1800104 ms.
--------------------------------------------------
unsat
QF_NRA/hycomp/ball_count_2d_hill_simple.02.seq_lazy_linear_enc_global_13.smt2 : 40 ms.
--------------------------------------------------
./solvers/mathsat/run.sh: line 3: 183098 Killed                  ./mathsat ../$1
QF_NRA/hycomp/ball_count_2d_hill_simple.02.seq_lazy_linear_enc_global_14.smt2 : 1800093 ms.
--------------------------------------------------
unsat
QF_NRA/hycomp/ball_count_2d_hill_simple.02.seq_lazy_linear_enc_global_15.smt2 : 42 ms.
--------------------------------------------------
unsat
QF_NRA/hycomp/ball_count_2d_hill_simple.02.seq_lazy_linear_enc_global_1.smt2 : 30 ms.
--------------------------------------------------
unsat
QF_NRA/hycomp/ball_count_2d_hill_simple.02.seq_lazy_linear_enc_global_2.smt2 : 28 ms.
--------------------------------------------------
unsat
QF_NRA/hycomp/ball_count_2d_hill_simple.02.seq_lazy_linear_enc_global_3.smt2 : 27 ms.
--------------------------------------------------
unsat
QF_NRA/hycomp/ball_count_2d_hill_simple.02.seq_lazy_linear_enc_global_4.smt2 : 31 ms.
--------------------------------------------------
unsat
QF_NRA/hycomp/ball_count_2d_hill_simple.02.seq_lazy_linear_enc_global_5.smt2 : 26 ms.
--------------------------------------------------
./solvers/mathsat/run.sh: line 3: 185595 Killed                  ./mathsat ../$1
QF_NRA/hycomp/ball_count_2d_hill_simple.02.seq_lazy_linear_enc_global_6.smt2 : 1800111 ms.
--------------------------------------------------
unsat
QF_NRA/hycomp/ball_count_2d_hill_simple.02.seq_lazy_linear_enc_global_7.smt2 : 37 ms.
--------------------------------------------------
./solvers/mathsat/run.sh: line 3: 187291 Killed                  ./mathsat ../$1
QF_NRA/hycomp/ball_count_2d_hill_simple.02.seq_lazy_linear_enc_global_8.smt2 : 1800094 ms.
--------------------------------------------------
unsat
QF_NRA/hycomp/ball_count_2d_hill_simple.02.seq_lazy_linear_enc_global_9.smt2 : 34 ms.
--------------------------------------------------
unsat
QF_NRA/hycomp/ball_count_2d_hill_simple.02.seq_lazy_linear_enc_lemmas_global_0.smt2 : 26 ms.
--------------------------------------------------
./solvers/mathsat/run.sh: line 3: 189044 Killed                  ./mathsat ../$1
QF_NRA/hycomp/ball_count_2d_hill_simple.02.seq_lazy_linear_enc_lemmas_global_10.smt2 : 1800161 ms.
--------------------------------------------------
unsat
QF_NRA/hycomp/ball_count_2d_hill_simple.02.seq_lazy_linear_enc_lemmas_global_11.smt2 : 41 ms.
--------------------------------------------------
./solvers/mathsat/run.sh: line 3: 190716 Killed                  ./mathsat ../$1
QF_NRA/hycomp/ball_count_2d_hill_simple.02.seq_lazy_linear_enc_lemmas_global_12.smt2 : 1800048 ms.
--------------------------------------------------
unsat
QF_NRA/hycomp/ball_count_2d_hill_simple.02.seq_lazy_linear_enc_lemmas_global_13.smt2 : 44 ms.
--------------------------------------------------
./solvers/mathsat/run.sh: line 3: 192173 Killed                  ./mathsat ../$1
QF_NRA/hycomp/ball_count_2d_hill_simple.02.seq_lazy_linear_enc_lemmas_global_14.smt2 : 1800123 ms.
--------------------------------------------------
unsat
QF_NRA/hycomp/ball_count_2d_hill_simple.02.seq_lazy_linear_enc_lemmas_global_15.smt2 : 47 ms.
--------------------------------------------------
unsat
QF_NRA/hycomp/ball_count_2d_hill_simple.02.seq_lazy_linear_enc_lemmas_global_1.smt2 : 29 ms.
--------------------------------------------------
unsat
QF_NRA/hycomp/ball_count_2d_hill_simple.02.seq_lazy_linear_enc_lemmas_global_2.smt2 : 31 ms.
--------------------------------------------------
unsat
QF_NRA/hycomp/ball_count_2d_hill_simple.02.seq_lazy_linear_enc_lemmas_global_3.smt2 : 32 ms.
--------------------------------------------------
unsat
QF_NRA/hycomp/ball_count_2d_hill_simple.02.seq_lazy_linear_enc_lemmas_global_4.smt2 : 34 ms.
--------------------------------------------------
unsat
QF_NRA/hycomp/ball_count_2d_hill_simple.02.seq_lazy_linear_enc_lemmas_global_5.smt2 : 30 ms.
--------------------------------------------------
./solvers/mathsat/run.sh: line 3: 193822 Killed                  ./mathsat ../$1
QF_NRA/hycomp/ball_count_2d_hill_simple.02.seq_lazy_linear_enc_lemmas_global_6.smt2 : 1800110 ms.
--------------------------------------------------
unsat
QF_NRA/hycomp/ball_count_2d_hill_simple.02.seq_lazy_linear_enc_lemmas_global_7.smt2 : 36 ms.
--------------------------------------------------
./solvers/mathsat/run.sh: line 3: 195380 Killed                  ./mathsat ../$1
QF_NRA/hycomp/ball_count_2d_hill_simple.02.seq_lazy_linear_enc_lemmas_global_8.smt2 : 1800104 ms.
--------------------------------------------------
unsat
QF_NRA/hycomp/ball_count_2d_hill_simple.02.seq_lazy_linear_enc_lemmas_global_9.smt2 : 37 ms.
--------------------------------------------------
unsat
QF_NRA/hycomp/ball_count_2d_hill_simple.03.qfree_global_0.smt2 : 29 ms.
--------------------------------------------------
./solvers/mathsat/run.sh: line 3: 196389 Killed                  ./mathsat ../$1
QF_NRA/hycomp/ball_count_2d_hill_simple.03.qfree_global_10.smt2 : 1800078 ms.
--------------------------------------------------
unsat
QF_NRA/hycomp/ball_count_2d_hill_simple.03.qfree_global_11.smt2 : 44 ms.
--------------------------------------------------
./solvers/mathsat/run.sh: line 3: 197556 Killed                  ./mathsat ../$1
QF_NRA/hycomp/ball_count_2d_hill_simple.03.qfree_global_12.smt2 : 1800049 ms.
--------------------------------------------------
unsat
QF_NRA/hycomp/ball_count_2d_hill_simple.03.qfree_global_13.smt2 : 48 ms.
--------------------------------------------------
./solvers/mathsat/run.sh: line 3: 198811 Killed                  ./mathsat ../$1
QF_NRA/hycomp/ball_count_2d_hill_simple.03.qfree_global_14.smt2 : 1800119 ms.
--------------------------------------------------
unsat
QF_NRA/hycomp/ball_count_2d_hill_simple.03.qfree_global_15.smt2 : 48 ms.
--------------------------------------------------
unsat
QF_NRA/hycomp/ball_count_2d_hill_simple.03.qfree_global_1.smt2 : 27 ms.
--------------------------------------------------
unsat
QF_NRA/hycomp/ball_count_2d_hill_simple.03.qfree_global_2.smt2 : 29 ms.
--------------------------------------------------
unsat
QF_NRA/hycomp/ball_count_2d_hill_simple.03.qfree_global_3.smt2 : 30 ms.
--------------------------------------------------
unsat
QF_NRA/hycomp/ball_count_2d_hill_simple.03.qfree_global_4.smt2 : 32 ms.
--------------------------------------------------
unsat
QF_NRA/hycomp/ball_count_2d_hill_simple.03.qfree_global_5.smt2 : 32 ms.
--------------------------------------------------
./solvers/mathsat/run.sh: line 3: 200017 Killed                  ./mathsat ../$1
QF_NRA/hycomp/ball_count_2d_hill_simple.03.qfree_global_6.smt2 : 1800153 ms.
--------------------------------------------------
unsat
QF_NRA/hycomp/ball_count_2d_hill_simple.03.qfree_global_7.smt2 : 41 ms.
--------------------------------------------------
./solvers/mathsat/run.sh: line 3: 201238 Killed                  ./mathsat ../$1
QF_NRA/hycomp/ball_count_2d_hill_simple.03.qfree_global_8.smt2 : 1800121 ms.
--------------------------------------------------
unsat
QF_NRA/hycomp/ball_count_2d_hill_simple.03.qfree_global_9.smt2 : 38 ms.
--------------------------------------------------
unsat
QF_NRA/hycomp/ball_count_2d_hill_simple.03.redlog_global_0.smt2 : 29 ms.
--------------------------------------------------
./solvers/mathsat/run.sh: line 3: 202257 Killed                  ./mathsat ../$1
QF_NRA/hycomp/ball_count_2d_hill_simple.03.redlog_global_10.smt2 : 1800163 ms.
--------------------------------------------------
unsat
QF_NRA/hycomp/ball_count_2d_hill_simple.03.redlog_global_11.smt2 : 51 ms.
--------------------------------------------------
./solvers/mathsat/run.sh: line 3: 203979 Killed                  ./mathsat ../$1
QF_NRA/hycomp/ball_count_2d_hill_simple.03.redlog_global_12.smt2 : 1800145 ms.
--------------------------------------------------
unsat
QF_NRA/hycomp/ball_count_2d_hill_simple.03.redlog_global_13.smt2 : 51 ms.
--------------------------------------------------
./solvers/mathsat/run.sh: line 3: 204866 Killed                  ./mathsat ../$1
QF_NRA/hycomp/ball_count_2d_hill_simple.03.redlog_global_14.smt2 : 1800097 ms.
--------------------------------------------------
unsat
QF_NRA/hycomp/ball_count_2d_hill_simple.03.redlog_global_15.smt2 : 51 ms.
--------------------------------------------------
unsat
QF_NRA/hycomp/ball_count_2d_hill_simple.03.redlog_global_1.smt2 : 33 ms.
--------------------------------------------------
unsat
QF_NRA/hycomp/ball_count_2d_hill_simple.03.redlog_global_2.smt2 : 28 ms.
--------------------------------------------------
unsat
QF_NRA/hycomp/ball_count_2d_hill_simple.03.redlog_global_3.smt2 : 37 ms.
--------------------------------------------------
unsat
QF_NRA/hycomp/ball_count_2d_hill_simple.03.redlog_global_4.smt2 : 40 ms.
--------------------------------------------------
unsat
QF_NRA/hycomp/ball_count_2d_hill_simple.03.redlog_global_5.smt2 : 33 ms.
--------------------------------------------------
./solvers/mathsat/run.sh: line 3: 205983 Killed                  ./mathsat ../$1
QF_NRA/hycomp/ball_count_2d_hill_simple.03.redlog_global_6.smt2 : 1800112 ms.
--------------------------------------------------
unsat
QF_NRA/hycomp/ball_count_2d_hill_simple.03.redlog_global_7.smt2 : 41 ms.
--------------------------------------------------
./solvers/mathsat/run.sh: line 3: 206778 Killed                  ./mathsat ../$1
QF_NRA/hycomp/ball_count_2d_hill_simple.03.redlog_global_8.smt2 : 1800099 ms.
--------------------------------------------------
unsat
QF_NRA/hycomp/ball_count_2d_hill_simple.03.redlog_global_9.smt2 : 43 ms.
--------------------------------------------------
unsat
QF_NRA/hycomp/ball_count_2d_hill_simple.03.seq_lazy_global_0.smt2 : 26 ms.
--------------------------------------------------
./solvers/mathsat/run.sh: line 3: 207472 Killed                  ./mathsat ../$1
QF_NRA/hycomp/ball_count_2d_hill_simple.03.seq_lazy_global_10.smt2 : 1800051 ms.
--------------------------------------------------
unsat
QF_NRA/hycomp/ball_count_2d_hill_simple.03.seq_lazy_global_11.smt2 : 47 ms.
--------------------------------------------------
./solvers/mathsat/run.sh: line 3: 208438 Killed                  ./mathsat ../$1
QF_NRA/hycomp/ball_count_2d_hill_simple.03.seq_lazy_global_12.smt2 : 1800173 ms.
--------------------------------------------------
unsat
QF_NRA/hycomp/ball_count_2d_hill_simple.03.seq_lazy_global_13.smt2 : 45 ms.
--------------------------------------------------
./solvers/mathsat/run.sh: line 3: 209271 Killed                  ./mathsat ../$1
QF_NRA/hycomp/ball_count_2d_hill_simple.03.seq_lazy_global_14.smt2 : 1800173 ms.
--------------------------------------------------
unsat
QF_NRA/hycomp/ball_count_2d_hill_simple.03.seq_lazy_global_15.smt2 : 50 ms.
--------------------------------------------------
unsat
QF_NRA/hycomp/ball_count_2d_hill_simple.03.seq_lazy_global_1.smt2 : 28 ms.
--------------------------------------------------
unsat
QF_NRA/hycomp/ball_count_2d_hill_simple.03.seq_lazy_global_2.smt2 : 29 ms.
--------------------------------------------------
unsat
QF_NRA/hycomp/ball_count_2d_hill_simple.03.seq_lazy_global_3.smt2 : 29 ms.
--------------------------------------------------
unsat
QF_NRA/hycomp/ball_count_2d_hill_simple.03.seq_lazy_global_4.smt2 : 34 ms.
--------------------------------------------------
unsat
QF_NRA/hycomp/ball_count_2d_hill_simple.03.seq_lazy_global_5.smt2 : 33 ms.
--------------------------------------------------
unsat
QF_NRA/hycomp/ball_count_2d_hill_simple.03.seq_lazy_global_6.smt2 : 34 ms.
--------------------------------------------------
unsat
QF_NRA/hycomp/ball_count_2d_hill_simple.03.seq_lazy_global_7.smt2 : 32 ms.
--------------------------------------------------
unsat
QF_NRA/hycomp/ball_count_2d_hill_simple.03.seq_lazy_global_8.smt2 : 34 ms.
--------------------------------------------------
unsat
QF_NRA/hycomp/ball_count_2d_hill_simple.03.seq_lazy_global_9.smt2 : 35 ms.
--------------------------------------------------
unsat
QF_NRA/hycomp/ball_count_2d_hill_simple.03.seq_lazy_lemmas_global_0.smt2 : 33 ms.
--------------------------------------------------
./solvers/mathsat/run.sh: line 3: 210126 Killed                  ./mathsat ../$1
QF_NRA/hycomp/ball_count_2d_hill_simple.03.seq_lazy_lemmas_global_10.smt2 : 1800096 ms.
--------------------------------------------------
unsat
QF_NRA/hycomp/ball_count_2d_hill_simple.03.seq_lazy_lemmas_global_11.smt2 : 51 ms.
--------------------------------------------------
./solvers/mathsat/run.sh: line 3: 210999 Killed                  ./mathsat ../$1
QF_NRA/hycomp/ball_count_2d_hill_simple.03.seq_lazy_lemmas_global_12.smt2 : 1800143 ms.
--------------------------------------------------
unsat
QF_NRA/hycomp/ball_count_2d_hill_simple.03.seq_lazy_lemmas_global_13.smt2 : 53 ms.
--------------------------------------------------
./solvers/mathsat/run.sh: line 3: 211809 Killed                  ./mathsat ../$1
QF_NRA/hycomp/ball_count_2d_hill_simple.03.seq_lazy_lemmas_global_14.smt2 : 1800070 ms.
--------------------------------------------------
unsat
QF_NRA/hycomp/ball_count_2d_hill_simple.03.seq_lazy_lemmas_global_15.smt2 : 57 ms.
--------------------------------------------------
unsat
QF_NRA/hycomp/ball_count_2d_hill_simple.03.seq_lazy_lemmas_global_1.smt2 : 29 ms.
--------------------------------------------------
unsat
QF_NRA/hycomp/ball_count_2d_hill_simple.03.seq_lazy_lemmas_global_2.smt2 : 32 ms.
--------------------------------------------------
unsat
QF_NRA/hycomp/ball_count_2d_hill_simple.03.seq_lazy_lemmas_global_3.smt2 : 27 ms.
--------------------------------------------------
unsat
QF_NRA/hycomp/ball_count_2d_hill_simple.03.seq_lazy_lemmas_global_4.smt2 : 31 ms.
--------------------------------------------------
unsat
QF_NRA/hycomp/ball_count_2d_hill_simple.03.seq_lazy_lemmas_global_5.smt2 : 29 ms.
--------------------------------------------------
unsat
QF_NRA/hycomp/ball_count_2d_hill_simple.03.seq_lazy_lemmas_global_6.smt2 : 33 ms.
--------------------------------------------------
unsat
QF_NRA/hycomp/ball_count_2d_hill_simple.03.seq_lazy_lemmas_global_7.smt2 : 32 ms.
--------------------------------------------------
unsat
QF_NRA/hycomp/ball_count_2d_hill_simple.03.seq_lazy_lemmas_global_8.smt2 : 38 ms.
--------------------------------------------------
unsat
QF_NRA/hycomp/ball_count_2d_hill_simple.03.seq_lazy_lemmas_global_9.smt2 : 36 ms.
--------------------------------------------------
unsat
QF_NRA/hycomp/ball_count_2d_hill_simple.03.seq_lazy_linear_enc_global_0.smt2 : 22 ms.
--------------------------------------------------
./solvers/mathsat/run.sh: line 3: 212830 Killed                  ./mathsat ../$1
QF_NRA/hycomp/ball_count_2d_hill_simple.03.seq_lazy_linear_enc_global_10.smt2 : 1800104 ms.
--------------------------------------------------
unsat
QF_NRA/hycomp/ball_count_2d_hill_simple.03.seq_lazy_linear_enc_global_11.smt2 : 38 ms.
--------------------------------------------------
./solvers/mathsat/run.sh: line 3: 213668 Killed                  ./mathsat ../$1
QF_NRA/hycomp/ball_count_2d_hill_simple.03.seq_lazy_linear_enc_global_12.smt2 : 1800124 ms.
--------------------------------------------------
unsat
QF_NRA/hycomp/ball_count_2d_hill_simple.03.seq_lazy_linear_enc_global_13.smt2 : 45 ms.
--------------------------------------------------
./solvers/mathsat/run.sh: line 3: 214250 Killed                  ./mathsat ../$1
QF_NRA/hycomp/ball_count_2d_hill_simple.03.seq_lazy_linear_enc_global_14.smt2 : 1800088 ms.
--------------------------------------------------
unsat
QF_NRA/hycomp/ball_count_2d_hill_simple.03.seq_lazy_linear_enc_global_15.smt2 : 50 ms.
--------------------------------------------------
unsat
QF_NRA/hycomp/ball_count_2d_hill_simple.03.seq_lazy_linear_enc_global_1.smt2 : 28 ms.
--------------------------------------------------
unsat
QF_NRA/hycomp/ball_count_2d_hill_simple.03.seq_lazy_linear_enc_global_2.smt2 : 33 ms.
--------------------------------------------------
unsat
QF_NRA/hycomp/ball_count_2d_hill_simple.03.seq_lazy_linear_enc_global_3.smt2 : 42 ms.
--------------------------------------------------
unsat
QF_NRA/hycomp/ball_count_2d_hill_simple.03.seq_lazy_linear_enc_global_4.smt2 : 36 ms.
--------------------------------------------------
unsat
QF_NRA/hycomp/ball_count_2d_hill_simple.03.seq_lazy_linear_enc_global_5.smt2 : 32 ms.
--------------------------------------------------
unsat
QF_NRA/hycomp/ball_count_2d_hill_simple.03.seq_lazy_linear_enc_global_6.smt2 : 36 ms.
--------------------------------------------------
unsat
QF_NRA/hycomp/ball_count_2d_hill_simple.03.seq_lazy_linear_enc_global_7.smt2 : 36 ms.
--------------------------------------------------
unsat
QF_NRA/hycomp/ball_count_2d_hill_simple.03.seq_lazy_linear_enc_global_8.smt2 : 41 ms.
--------------------------------------------------
unsat
QF_NRA/hycomp/ball_count_2d_hill_simple.03.seq_lazy_linear_enc_global_9.smt2 : 55 ms.
--------------------------------------------------
unsat
QF_NRA/hycomp/ball_count_2d_hill_simple.03.seq_lazy_linear_enc_lemmas_global_0.smt2 : 88 ms.
--------------------------------------------------
./solvers/mathsat/run.sh: line 3: 214870 Killed                  ./mathsat ../$1
QF_NRA/hycomp/ball_count_2d_hill_simple.03.seq_lazy_linear_enc_lemmas_global_10.smt2 : 1800111 ms.
--------------------------------------------------
unsat
QF_NRA/hycomp/ball_count_2d_hill_simple.03.seq_lazy_linear_enc_lemmas_global_11.smt2 : 49 ms.
--------------------------------------------------
./solvers/mathsat/run.sh: line 3: 215426 Killed                  ./mathsat ../$1
QF_NRA/hycomp/ball_count_2d_hill_simple.03.seq_lazy_linear_enc_lemmas_global_12.smt2 : 1800088 ms.
--------------------------------------------------
unsat
QF_NRA/hycomp/ball_count_2d_hill_simple.03.seq_lazy_linear_enc_lemmas_global_13.smt2 : 55 ms.
--------------------------------------------------
./solvers/mathsat/run.sh: line 3: 216027 Killed                  ./mathsat ../$1
QF_NRA/hycomp/ball_count_2d_hill_simple.03.seq_lazy_linear_enc_lemmas_global_14.smt2 : 1800078 ms.
--------------------------------------------------
unsat
QF_NRA/hycomp/ball_count_2d_hill_simple.03.seq_lazy_linear_enc_lemmas_global_15.smt2 : 54 ms.
--------------------------------------------------
unsat
QF_NRA/hycomp/ball_count_2d_hill_simple.03.seq_lazy_linear_enc_lemmas_global_1.smt2 : 27 ms.
--------------------------------------------------
unsat
QF_NRA/hycomp/ball_count_2d_hill_simple.03.seq_lazy_linear_enc_lemmas_global_2.smt2 : 30 ms.
--------------------------------------------------
unsat
QF_NRA/hycomp/ball_count_2d_hill_simple.03.seq_lazy_linear_enc_lemmas_global_3.smt2 : 35 ms.
--------------------------------------------------
unsat
QF_NRA/hycomp/ball_count_2d_hill_simple.03.seq_lazy_linear_enc_lemmas_global_4.smt2 : 37 ms.
--------------------------------------------------
unsat
QF_NRA/hycomp/ball_count_2d_hill_simple.03.seq_lazy_linear_enc_lemmas_global_5.smt2 : 36 ms.
--------------------------------------------------
unsat
QF_NRA/hycomp/ball_count_2d_hill_simple.03.seq_lazy_linear_enc_lemmas_global_6.smt2 : 36 ms.
--------------------------------------------------
unsat
QF_NRA/hycomp/ball_count_2d_hill_simple.03.seq_lazy_linear_enc_lemmas_global_7.smt2 : 44 ms.
--------------------------------------------------
unsat
QF_NRA/hycomp/ball_count_2d_hill_simple.03.seq_lazy_linear_enc_lemmas_global_8.smt2 : 46 ms.
--------------------------------------------------
unsat
QF_NRA/hycomp/ball_count_2d_hill_simple.03.seq_lazy_linear_enc_lemmas_global_9.smt2 : 40 ms.
--------------------------------------------------
unsat
QF_NRA/hycomp/ball_count_2d_hill_simple.04.qfree_global_0.smt2 : 28 ms.
--------------------------------------------------
./solvers/mathsat/run.sh: line 3: 216739 Killed                  ./mathsat ../$1
QF_NRA/hycomp/ball_count_2d_hill_simple.04.qfree_global_10.smt2 : 1800144 ms.
--------------------------------------------------
unsat
QF_NRA/hycomp/ball_count_2d_hill_simple.04.qfree_global_11.smt2 : 44 ms.
--------------------------------------------------
./solvers/mathsat/run.sh: line 3: 217277 Killed                  ./mathsat ../$1
QF_NRA/hycomp/ball_count_2d_hill_simple.04.qfree_global_12.smt2 : 1800111 ms.
--------------------------------------------------
unsat
QF_NRA/hycomp/ball_count_2d_hill_simple.04.qfree_global_13.smt2 : 46 ms.
--------------------------------------------------
./solvers/mathsat/run.sh: line 3: 217836 Killed                  ./mathsat ../$1
QF_NRA/hycomp/ball_count_2d_hill_simple.04.qfree_global_14.smt2 : 1800115 ms.
--------------------------------------------------
unsat
QF_NRA/hycomp/ball_count_2d_hill_simple.04.qfree_global_15.smt2 : 49 ms.
--------------------------------------------------
unsat
QF_NRA/hycomp/ball_count_2d_hill_simple.04.qfree_global_1.smt2 : 26 ms.
--------------------------------------------------
unsat
QF_NRA/hycomp/ball_count_2d_hill_simple.04.qfree_global_2.smt2 : 28 ms.
--------------------------------------------------
unsat
QF_NRA/hycomp/ball_count_2d_hill_simple.04.qfree_global_3.smt2 : 29 ms.
--------------------------------------------------
unsat
QF_NRA/hycomp/ball_count_2d_hill_simple.04.qfree_global_4.smt2 : 32 ms.
--------------------------------------------------
unsat
QF_NRA/hycomp/ball_count_2d_hill_simple.04.qfree_global_5.smt2 : 34 ms.
--------------------------------------------------
unsat
QF_NRA/hycomp/ball_count_2d_hill_simple.04.qfree_global_6.smt2 : 35 ms.
--------------------------------------------------
unsat
QF_NRA/hycomp/ball_count_2d_hill_simple.04.qfree_global_7.smt2 : 33 ms.
--------------------------------------------------
./solvers/mathsat/run.sh: line 3: 218327 Killed                  ./mathsat ../$1
QF_NRA/hycomp/ball_count_2d_hill_simple.04.qfree_global_8.smt2 : 1800196 ms.
--------------------------------------------------
unsat
QF_NRA/hycomp/ball_count_2d_hill_simple.04.qfree_global_9.smt2 : 41 ms.
--------------------------------------------------
unsat
QF_NRA/hycomp/ball_count_2d_hill_simple.04.redlog_global_0.smt2 : 28 ms.
--------------------------------------------------
./solvers/mathsat/run.sh: line 3: 218858 Killed                  ./mathsat ../$1
QF_NRA/hycomp/ball_count_2d_hill_simple.04.redlog_global_10.smt2 : 1800096 ms.
--------------------------------------------------
unsat
QF_NRA/hycomp/ball_count_2d_hill_simple.04.redlog_global_11.smt2 : 47 ms.
--------------------------------------------------
./solvers/mathsat/run.sh: line 3: 219520 Killed                  ./mathsat ../$1
QF_NRA/hycomp/ball_count_2d_hill_simple.04.redlog_global_12.smt2 : 1800095 ms.
--------------------------------------------------
unsat
QF_NRA/hycomp/ball_count_2d_hill_simple.04.redlog_global_13.smt2 : 46 ms.
--------------------------------------------------
./solvers/mathsat/run.sh: line 3: 220040 Killed                  ./mathsat ../$1
QF_NRA/hycomp/ball_count_2d_hill_simple.04.redlog_global_14.smt2 : 1800095 ms.
--------------------------------------------------
unsat
QF_NRA/hycomp/ball_count_2d_hill_simple.04.redlog_global_15.smt2 : 51 ms.
--------------------------------------------------
unsat
QF_NRA/hycomp/ball_count_2d_hill_simple.04.redlog_global_1.smt2 : 30 ms.
--------------------------------------------------
unsat
QF_NRA/hycomp/ball_count_2d_hill_simple.04.redlog_global_2.smt2 : 27 ms.
--------------------------------------------------
unsat
QF_NRA/hycomp/ball_count_2d_hill_simple.04.redlog_global_3.smt2 : 28 ms.
--------------------------------------------------
unsat
QF_NRA/hycomp/ball_count_2d_hill_simple.04.redlog_global_4.smt2 : 28 ms.
--------------------------------------------------
unsat
QF_NRA/hycomp/ball_count_2d_hill_simple.04.redlog_global_5.smt2 : 27 ms.
--------------------------------------------------
unsat
QF_NRA/hycomp/ball_count_2d_hill_simple.04.redlog_global_6.smt2 : 32 ms.
--------------------------------------------------
unsat
QF_NRA/hycomp/ball_count_2d_hill_simple.04.redlog_global_7.smt2 : 31 ms.
--------------------------------------------------
./solvers/mathsat/run.sh: line 3: 220487 Killed                  ./mathsat ../$1
QF_NRA/hycomp/ball_count_2d_hill_simple.04.redlog_global_8.smt2 : 1800121 ms.
--------------------------------------------------
unsat
QF_NRA/hycomp/ball_count_2d_hill_simple.04.redlog_global_9.smt2 : 44 ms.
--------------------------------------------------
unsat
QF_NRA/hycomp/ball_count_2d_hill_simple.04.seq_lazy_global_0.smt2 : 26 ms.
--------------------------------------------------
unsat
QF_NRA/hycomp/ball_count_2d_hill_simple.04.seq_lazy_global_10.smt2 : 40 ms.
--------------------------------------------------
unsat
QF_NRA/hycomp/ball_count_2d_hill_simple.04.seq_lazy_global_11.smt2 : 41 ms.
--------------------------------------------------
unsat
QF_NRA/hycomp/ball_count_2d_hill_simple.04.seq_lazy_global_12.smt2 : 43 ms.
--------------------------------------------------
unsat
QF_NRA/hycomp/ball_count_2d_hill_simple.04.seq_lazy_global_13.smt2 : 42 ms.
--------------------------------------------------
./solvers/mathsat/run.sh: line 3: 220926 Killed                  ./mathsat ../$1
QF_NRA/hycomp/ball_count_2d_hill_simple.04.seq_lazy_global_14.smt2 : 1800115 ms.
--------------------------------------------------
unsat
QF_NRA/hycomp/ball_count_2d_hill_simple.04.seq_lazy_global_15.smt2 : 51 ms.
--------------------------------------------------
unsat
QF_NRA/hycomp/ball_count_2d_hill_simple.04.seq_lazy_global_1.smt2 : 26 ms.
--------------------------------------------------
unsat
QF_NRA/hycomp/ball_count_2d_hill_simple.04.seq_lazy_global_2.smt2 : 28 ms.
--------------------------------------------------
unsat
QF_NRA/hycomp/ball_count_2d_hill_simple.04.seq_lazy_global_3.smt2 : 37 ms.
--------------------------------------------------
unsat
QF_NRA/hycomp/ball_count_2d_hill_simple.04.seq_lazy_global_4.smt2 : 32 ms.
--------------------------------------------------
unsat
QF_NRA/hycomp/ball_count_2d_hill_simple.04.seq_lazy_global_5.smt2 : 30 ms.
--------------------------------------------------
unsat
QF_NRA/hycomp/ball_count_2d_hill_simple.04.seq_lazy_global_6.smt2 : 35 ms.
--------------------------------------------------
unsat
QF_NRA/hycomp/ball_count_2d_hill_simple.04.seq_lazy_global_7.smt2 : 35 ms.
--------------------------------------------------
unsat
QF_NRA/hycomp/ball_count_2d_hill_simple.04.seq_lazy_global_8.smt2 : 36 ms.
--------------------------------------------------
unsat
QF_NRA/hycomp/ball_count_2d_hill_simple.04.seq_lazy_global_9.smt2 : 37 ms.
--------------------------------------------------
unsat
QF_NRA/hycomp/ball_count_2d_hill_simple.04.seq_lazy_lemmas_global_0.smt2 : 29 ms.
--------------------------------------------------
unsat
QF_NRA/hycomp/ball_count_2d_hill_simple.04.seq_lazy_lemmas_global_10.smt2 : 43 ms.
--------------------------------------------------
unsat
QF_NRA/hycomp/ball_count_2d_hill_simple.04.seq_lazy_lemmas_global_11.smt2 : 44 ms.
--------------------------------------------------
unsat
QF_NRA/hycomp/ball_count_2d_hill_simple.04.seq_lazy_lemmas_global_12.smt2 : 54 ms.
--------------------------------------------------
unsat
QF_NRA/hycomp/ball_count_2d_hill_simple.04.seq_lazy_lemmas_global_13.smt2 : 49 ms.
--------------------------------------------------
./solvers/mathsat/run.sh: line 3: 221454 Killed                  ./mathsat ../$1
QF_NRA/hycomp/ball_count_2d_hill_simple.04.seq_lazy_lemmas_global_14.smt2 : 1800106 ms.
--------------------------------------------------
unsat
QF_NRA/hycomp/ball_count_2d_hill_simple.04.seq_lazy_lemmas_global_15.smt2 : 71 ms.
--------------------------------------------------
unsat
QF_NRA/hycomp/ball_count_2d_hill_simple.04.seq_lazy_lemmas_global_1.smt2 : 36 ms.
