--------------------------------------------------
unsat
benchmarks/QF_LIA/cd.bmc_k100.smt2/cd.bmc_k100.smt2_27.smt2 : 44 ms.
--------------------------------------------------
unsat
benchmarks/QF_LIA/cd.bmc_k100.smt2/cd.bmc_k100.smt2_28.smt2 : 5 ms.
--------------------------------------------------
unsat
benchmarks/QF_LIA/cd.bmc_k100.smt2/cd.bmc_k100.smt2_29.smt2 : 5 ms.
--------------------------------------------------
unsat
benchmarks/QF_LIA/cd.bmc_k100.smt2/cd.bmc_k100.smt2_30.smt2 : 6 ms.
--------------------------------------------------
unsat
benchmarks/QF_LIA/cd.bmc_k100.smt2/cd.bmc_k100.smt2_31.smt2 : 6 ms.
--------------------------------------------------
unsat
benchmarks/QF_LIA/cd.bmc_k100.smt2/cd.bmc_k100.smt2_32.smt2 : 5 ms.
--------------------------------------------------
unsat
benchmarks/QF_LIA/cd.bmc_k100.smt2/cd.bmc_k100.smt2_33.smt2 : 6 ms.
--------------------------------------------------
unsat
benchmarks/QF_LIA/cd.bmc_k100.smt2/cd.bmc_k100.smt2_34.smt2 : 6 ms.
--------------------------------------------------
unsat
benchmarks/QF_LIA/cd.bmc_k100.smt2/cd.bmc_k100.smt2_35.smt2 : 6 ms.
--------------------------------------------------
unsat
benchmarks/QF_LIA/cd.bmc_k100.smt2/cd.bmc_k100.smt2_36.smt2 : 7 ms.
--------------------------------------------------
unsat
benchmarks/QF_LIA/cd.bmc_k100.smt2/cd.bmc_k100.smt2_37.smt2 : 7 ms.
--------------------------------------------------
unsat
benchmarks/QF_LIA/cd.bmc_k100.smt2/cd.bmc_k100.smt2_38.smt2 : 9 ms.
--------------------------------------------------
unsat
benchmarks/QF_LIA/cd.bmc_k100.smt2/cd.bmc_k100.smt2_39.smt2 : 6 ms.
--------------------------------------------------
unsat
benchmarks/QF_LIA/cd.bmc_k100.smt2/cd.bmc_k100.smt2_40.smt2 : 5 ms.
--------------------------------------------------
unsat
benchmarks/QF_LIA/cd.bmc_k100.smt2/cd.bmc_k100.smt2_41.smt2 : 8 ms.
--------------------------------------------------
unsat
benchmarks/QF_LIA/cd.bmc_k100.smt2/cd.bmc_k100.smt2_42.smt2 : 6 ms.
--------------------------------------------------
unsat
benchmarks/QF_LIA/cd.bmc_k100.smt2/cd.bmc_k100.smt2_43.smt2 : 8 ms.
--------------------------------------------------
unsat
benchmarks/QF_LIA/cd.bmc_k100.smt2/cd.bmc_k100.smt2_44.smt2 : 7 ms.
--------------------------------------------------
unsat
benchmarks/QF_LIA/cd.bmc_k100.smt2/cd.bmc_k100.smt2_45.smt2 : 8 ms.
--------------------------------------------------
unsat
benchmarks/QF_LIA/cd.bmc_k100.smt2/cd.bmc_k100.smt2_46.smt2 : 6 ms.
--------------------------------------------------
unsat
benchmarks/QF_LIA/cd.bmc_k100.smt2/cd.bmc_k100.smt2_47.smt2 : 8 ms.
--------------------------------------------------
unsat
benchmarks/QF_LIA/cd.bmc_k100.smt2/cd.bmc_k100.smt2_48.smt2 : 7 ms.
--------------------------------------------------
unsat
benchmarks/QF_LIA/cd.bmc_k100.smt2/cd.bmc_k100.smt2_49.smt2 : 7 ms.
--------------------------------------------------
unsat
benchmarks/QF_LIA/cd.bmc_k100.smt2/cd.bmc_k100.smt2_50.smt2 : 8 ms.
--------------------------------------------------
unsat
benchmarks/QF_LIA/cd.bmc_k100.smt2/cd.bmc_k100.smt2_51.smt2 : 8 ms.
--------------------------------------------------
unsat
benchmarks/QF_LIA/cd.bmc_k100.smt2/cd.bmc_k100.smt2_52.smt2 : 9 ms.
--------------------------------------------------
unsat
benchmarks/QF_LIA/cd.bmc_k100.smt2/cd.bmc_k100.smt2_53.smt2 : 10 ms.
--------------------------------------------------
unsat
benchmarks/QF_LIA/cd.bmc_k100.smt2/cd.bmc_k100.smt2_54.smt2 : 7 ms.
--------------------------------------------------
unsat
benchmarks/QF_LIA/cd.bmc_k100.smt2/cd.bmc_k100.smt2_55.smt2 : 9 ms.
--------------------------------------------------
unsat
benchmarks/QF_LIA/cd.bmc_k100.smt2/cd.bmc_k100.smt2_56.smt2 : 9 ms.
--------------------------------------------------
unsat
benchmarks/QF_LIA/cd.bmc_k100.smt2/cd.bmc_k100.smt2_57.smt2 : 9 ms.
--------------------------------------------------
unsat
benchmarks/QF_LIA/cd.bmc_k100.smt2/cd.bmc_k100.smt2_58.smt2 : 9 ms.
--------------------------------------------------
unsat
benchmarks/QF_LIA/cd.bmc_k100.smt2/cd.bmc_k100.smt2_59.smt2 : 9 ms.
--------------------------------------------------
unsat
benchmarks/QF_LIA/cd.bmc_k100.smt2/cd.bmc_k100.smt2_60.smt2 : 12 ms.
--------------------------------------------------
unsat
benchmarks/QF_LIA/cd.bmc_k100.smt2/cd.bmc_k100.smt2_61.smt2 : 8 ms.
--------------------------------------------------
unsat
benchmarks/QF_LIA/cd.bmc_k100.smt2/cd.bmc_k100.smt2_62.smt2 : 10 ms.
--------------------------------------------------
unsat
benchmarks/QF_LIA/cd.bmc_k100.smt2/cd.bmc_k100.smt2_63.smt2 : 11 ms.
--------------------------------------------------
unsat
benchmarks/QF_LIA/cd.bmc_k100.smt2/cd.bmc_k100.smt2_64.smt2 : 10 ms.
--------------------------------------------------
unsat
benchmarks/QF_LIA/cd.bmc_k100.smt2/cd.bmc_k100.smt2_65.smt2 : 9 ms.
--------------------------------------------------
unsat
benchmarks/QF_LIA/cd.bmc_k100.smt2/cd.bmc_k100.smt2_66.smt2 : 10 ms.
--------------------------------------------------
unsat
benchmarks/QF_LIA/cd.bmc_k100.smt2/cd.bmc_k100.smt2_67.smt2 : 10 ms.
--------------------------------------------------
unsat
benchmarks/QF_LIA/cd.bmc_k100.smt2/cd.bmc_k100.smt2_68.smt2 : 9 ms.
--------------------------------------------------
unsat
benchmarks/QF_LIA/cd.bmc_k100.smt2/cd.bmc_k100.smt2_69.smt2 : 8 ms.
--------------------------------------------------
unsat
benchmarks/QF_LIA/cd.bmc_k100.smt2/cd.bmc_k100.smt2_70.smt2 : 10 ms.
--------------------------------------------------
unsat
benchmarks/QF_LIA/cd.bmc_k100.smt2/cd.bmc_k100.smt2_71.smt2 : 11 ms.
--------------------------------------------------
unsat
benchmarks/QF_LIA/cd.bmc_k100.smt2/cd.bmc_k100.smt2_72.smt2 : 11 ms.
--------------------------------------------------
unsat
benchmarks/QF_LIA/cd.bmc_k100.smt2/cd.bmc_k100.smt2_73.smt2 : 12 ms.
--------------------------------------------------
unsat
benchmarks/QF_LIA/cd.bmc_k100.smt2/cd.bmc_k100.smt2_74.smt2 : 12 ms.
--------------------------------------------------
unsat
benchmarks/QF_LIA/cd.bmc_k100.smt2/cd.bmc_k100.smt2_75.smt2 : 12 ms.
--------------------------------------------------
unsat
benchmarks/QF_LIA/cd.bmc_k100.smt2/cd.bmc_k100.smt2_76.smt2 : 11 ms.
--------------------------------------------------
unsat
benchmarks/QF_LIA/cd.bmc_k100.smt2/cd.bmc_k100.smt2_77.smt2 : 9 ms.
--------------------------------------------------
unsat
benchmarks/QF_LIA/cd.bmc_k100.smt2/cd.bmc_k100.smt2_78.smt2 : 15 ms.
--------------------------------------------------
unsat
benchmarks/QF_LIA/cd.bmc_k100.smt2/cd.bmc_k100.smt2_79.smt2 : 12 ms.
--------------------------------------------------
unsat
benchmarks/QF_LIA/cd.bmc_k100.smt2/cd.bmc_k100.smt2_80.smt2 : 12 ms.
--------------------------------------------------
unsat
benchmarks/QF_LIA/cd.bmc_k100.smt2/cd.bmc_k100.smt2_81.smt2 : 10 ms.
--------------------------------------------------
unsat
benchmarks/QF_LIA/cd.bmc_k100.smt2/cd.bmc_k100.smt2_82.smt2 : 14 ms.
--------------------------------------------------
unsat
benchmarks/QF_LIA/cd.bmc_k100.smt2/cd.bmc_k100.smt2_83.smt2 : 13 ms.
--------------------------------------------------
unsat
benchmarks/QF_LIA/cd.bmc_k100.smt2/cd.bmc_k100.smt2_84.smt2 : 13 ms.
--------------------------------------------------
unsat
benchmarks/QF_LIA/cd.bmc_k100.smt2/cd.bmc_k100.smt2_85.smt2 : 12 ms.
--------------------------------------------------
unsat
benchmarks/QF_LIA/cd.bmc_k100.smt2/cd.bmc_k100.smt2_86.smt2 : 13 ms.
--------------------------------------------------
unsat
benchmarks/QF_LIA/cd.bmc_k100.smt2/cd.bmc_k100.smt2_87.smt2 : 13 ms.
--------------------------------------------------
unsat
benchmarks/QF_LIA/cd.bmc_k100.smt2/cd.bmc_k100.smt2_88.smt2 : 14 ms.
--------------------------------------------------
unsat
benchmarks/QF_LIA/cd.bmc_k100.smt2/cd.bmc_k100.smt2_89.smt2 : 10 ms.
--------------------------------------------------
unsat
benchmarks/QF_LIA/cd.bmc_k100.smt2/cd.bmc_k100.smt2_90.smt2 : 10 ms.
--------------------------------------------------
unsat
benchmarks/QF_LIA/cd.bmc_k100.smt2/cd.bmc_k100.smt2_91.smt2 : 12 ms.
--------------------------------------------------
unsat
benchmarks/QF_LIA/cd.bmc_k100.smt2/cd.bmc_k100.smt2_92.smt2 : 14 ms.
--------------------------------------------------
unsat
benchmarks/QF_LIA/cd.bmc_k100.smt2/cd.bmc_k100.smt2_93.smt2 : 16 ms.
--------------------------------------------------
unsat
benchmarks/QF_LIA/cd.bmc_k100.smt2/cd.bmc_k100.smt2_94.smt2 : 15 ms.
--------------------------------------------------
unsat
benchmarks/QF_LIA/cd.bmc_k100.smt2/cd.bmc_k100.smt2_95.smt2 : 16 ms.
--------------------------------------------------
unsat
benchmarks/QF_LIA/cd.bmc_k100.smt2/cd.bmc_k100.smt2_96.smt2 : 11 ms.
--------------------------------------------------
unsat
benchmarks/QF_LIA/cd.bmc_k100.smt2/cd.bmc_k100.smt2_97.smt2 : 14 ms.
--------------------------------------------------
unsat
benchmarks/QF_LIA/cd.bmc_k100.smt2/cd.bmc_k100.smt2_98.smt2 : 16 ms.
--------------------------------------------------
unsat
benchmarks/QF_LIA/cd.bmc_k100.smt2/cd.bmc_k100.smt2_99.smt2 : 15 ms.
--------------------------------------------------
unsat
benchmarks/QF_LIA/cd.bmc_k100.smt2/cd.bmc_k100.smt2_100.smt2 : 16 ms.
--------------------------------------------------
unsat
benchmarks/QF_LIA/cd.bmc_k100.smt2/cd.bmc_k100.smt2_101.smt2 : 16 ms.
--------------------------------------------------
unsat
benchmarks/QF_LIA/durationThm_1.ind_k100.smt2/durationThm_1.ind_k100.smt2_1.smt2 : 3 ms.
--------------------------------------------------
sat
benchmarks/QF_LIA/durationThm_1.ind_k100.smt2/durationThm_1.ind_k100.smt2_2.smt2 : 2 ms.
--------------------------------------------------
unsat
benchmarks/QF_LIA/durationThm_1.ind_k100.smt2/durationThm_1.ind_k100.smt2_3.smt2 : 2 ms.
--------------------------------------------------
sat
benchmarks/QF_LIA/durationThm_1.ind_k100.smt2/durationThm_1.ind_k100.smt2_4.smt2 : 3 ms.
--------------------------------------------------
unsat
benchmarks/QF_LIA/durationThm_1.ind_k100.smt2/durationThm_1.ind_k100.smt2_5.smt2 : 3 ms.
--------------------------------------------------
sat
benchmarks/QF_LIA/durationThm_1.ind_k100.smt2/durationThm_1.ind_k100.smt2_6.smt2 : 3 ms.
--------------------------------------------------
unsat
benchmarks/QF_LIA/durationThm_1.ind_k100.smt2/durationThm_1.ind_k100.smt2_7.smt2 : 3 ms.
--------------------------------------------------
sat
benchmarks/QF_LIA/durationThm_1.ind_k100.smt2/durationThm_1.ind_k100.smt2_8.smt2 : 3 ms.
--------------------------------------------------
unsat
benchmarks/QF_LIA/durationThm_1.ind_k100.smt2/durationThm_1.ind_k100.smt2_9.smt2 : 4 ms.
--------------------------------------------------
sat
benchmarks/QF_LIA/durationThm_1.ind_k100.smt2/durationThm_1.ind_k100.smt2_10.smt2 : 4 ms.
--------------------------------------------------
unsat
benchmarks/QF_LIA/durationThm_1.ind_k100.smt2/durationThm_1.ind_k100.smt2_11.smt2 : 3 ms.
--------------------------------------------------
sat
benchmarks/QF_LIA/durationThm_1.ind_k100.smt2/durationThm_1.ind_k100.smt2_12.smt2 : 4 ms.
--------------------------------------------------
unsat
benchmarks/QF_LIA/durationThm_1.ind_k100.smt2/durationThm_1.ind_k100.smt2_13.smt2 : 3 ms.
--------------------------------------------------
sat
benchmarks/QF_LIA/durationThm_1.ind_k100.smt2/durationThm_1.ind_k100.smt2_14.smt2 : 4 ms.
--------------------------------------------------
unsat
benchmarks/QF_LIA/durationThm_1.ind_k100.smt2/durationThm_1.ind_k100.smt2_15.smt2 : 4 ms.
--------------------------------------------------
sat
benchmarks/QF_LIA/durationThm_1.ind_k100.smt2/durationThm_1.ind_k100.smt2_16.smt2 : 4 ms.
--------------------------------------------------
unsat
benchmarks/QF_LIA/durationThm_1.ind_k100.smt2/durationThm_1.ind_k100.smt2_17.smt2 : 4 ms.
--------------------------------------------------
sat
benchmarks/QF_LIA/durationThm_1.ind_k100.smt2/durationThm_1.ind_k100.smt2_18.smt2 : 5 ms.
--------------------------------------------------
unsat
benchmarks/QF_LIA/durationThm_1.ind_k100.smt2/durationThm_1.ind_k100.smt2_19.smt2 : 5 ms.
--------------------------------------------------
sat
benchmarks/QF_LIA/durationThm_1.ind_k100.smt2/durationThm_1.ind_k100.smt2_20.smt2 : 5 ms.
--------------------------------------------------
unsat
benchmarks/QF_LIA/durationThm_1.ind_k100.smt2/durationThm_1.ind_k100.smt2_21.smt2 : 6 ms.
--------------------------------------------------
sat
benchmarks/QF_LIA/durationThm_1.ind_k100.smt2/durationThm_1.ind_k100.smt2_22.smt2 : 6 ms.
--------------------------------------------------
unsat
benchmarks/QF_LIA/durationThm_1.ind_k100.smt2/durationThm_1.ind_k100.smt2_23.smt2 : 5 ms.
--------------------------------------------------
sat
benchmarks/QF_LIA/durationThm_1.ind_k100.smt2/durationThm_1.ind_k100.smt2_24.smt2 : 7 ms.
--------------------------------------------------
unsat
benchmarks/QF_LIA/durationThm_1.ind_k100.smt2/durationThm_1.ind_k100.smt2_25.smt2 : 6 ms.
--------------------------------------------------
sat
benchmarks/QF_LIA/durationThm_1.ind_k100.smt2/durationThm_1.ind_k100.smt2_26.smt2 : 7 ms.
--------------------------------------------------
unsat
benchmarks/QF_LIA/durationThm_1.ind_k100.smt2/durationThm_1.ind_k100.smt2_27.smt2 : 8 ms.
--------------------------------------------------
sat
benchmarks/QF_LIA/durationThm_1.ind_k100.smt2/durationThm_1.ind_k100.smt2_28.smt2 : 6 ms.
--------------------------------------------------
unsat
benchmarks/QF_LIA/durationThm_1.ind_k100.smt2/durationThm_1.ind_k100.smt2_29.smt2 : 8 ms.
--------------------------------------------------
sat
benchmarks/QF_LIA/durationThm_1.ind_k100.smt2/durationThm_1.ind_k100.smt2_30.smt2 : 7 ms.
--------------------------------------------------
unsat
benchmarks/QF_LIA/durationThm_1.ind_k100.smt2/durationThm_1.ind_k100.smt2_31.smt2 : 10 ms.
--------------------------------------------------
sat
benchmarks/QF_LIA/durationThm_1.ind_k100.smt2/durationThm_1.ind_k100.smt2_32.smt2 : 8 ms.
--------------------------------------------------
unsat
benchmarks/QF_LIA/durationThm_1.ind_k100.smt2/durationThm_1.ind_k100.smt2_33.smt2 : 10 ms.
--------------------------------------------------
sat
benchmarks/QF_LIA/durationThm_1.ind_k100.smt2/durationThm_1.ind_k100.smt2_34.smt2 : 9 ms.
--------------------------------------------------
unsat
benchmarks/QF_LIA/durationThm_1.ind_k100.smt2/durationThm_1.ind_k100.smt2_35.smt2 : 16 ms.
--------------------------------------------------
sat
benchmarks/QF_LIA/durationThm_1.ind_k100.smt2/durationThm_1.ind_k100.smt2_36.smt2 : 8 ms.
--------------------------------------------------
unsat
benchmarks/QF_LIA/durationThm_1.ind_k100.smt2/durationThm_1.ind_k100.smt2_37.smt2 : 15 ms.
--------------------------------------------------
sat
benchmarks/QF_LIA/durationThm_1.ind_k100.smt2/durationThm_1.ind_k100.smt2_38.smt2 : 9 ms.
--------------------------------------------------
unsat
benchmarks/QF_LIA/durationThm_1.ind_k100.smt2/durationThm_1.ind_k100.smt2_39.smt2 : 13 ms.
--------------------------------------------------
sat
benchmarks/QF_LIA/durationThm_1.ind_k100.smt2/durationThm_1.ind_k100.smt2_40.smt2 : 9 ms.
--------------------------------------------------
unsat
benchmarks/QF_LIA/durationThm_1.ind_k100.smt2/durationThm_1.ind_k100.smt2_41.smt2 : 16 ms.
--------------------------------------------------
sat
benchmarks/QF_LIA/durationThm_1.ind_k100.smt2/durationThm_1.ind_k100.smt2_42.smt2 : 9 ms.
--------------------------------------------------
unsat
benchmarks/QF_LIA/durationThm_1.ind_k100.smt2/durationThm_1.ind_k100.smt2_43.smt2 : 15 ms.
--------------------------------------------------
sat
benchmarks/QF_LIA/durationThm_1.ind_k100.smt2/durationThm_1.ind_k100.smt2_44.smt2 : 12 ms.
--------------------------------------------------
unsat
benchmarks/QF_LIA/durationThm_1.ind_k100.smt2/durationThm_1.ind_k100.smt2_45.smt2 : 22 ms.
--------------------------------------------------
sat
benchmarks/QF_LIA/durationThm_1.ind_k100.smt2/durationThm_1.ind_k100.smt2_46.smt2 : 11 ms.
--------------------------------------------------
unsat
benchmarks/QF_LIA/durationThm_1.ind_k100.smt2/durationThm_1.ind_k100.smt2_47.smt2 : 26 ms.
--------------------------------------------------
sat
benchmarks/QF_LIA/durationThm_1.ind_k100.smt2/durationThm_1.ind_k100.smt2_48.smt2 : 11 ms.
--------------------------------------------------
unsat
benchmarks/QF_LIA/durationThm_1.ind_k100.smt2/durationThm_1.ind_k100.smt2_49.smt2 : 24 ms.
--------------------------------------------------
sat
benchmarks/QF_LIA/durationThm_1.ind_k100.smt2/durationThm_1.ind_k100.smt2_50.smt2 : 9 ms.
--------------------------------------------------
unsat
benchmarks/QF_LIA/durationThm_1.ind_k100.smt2/durationThm_1.ind_k100.smt2_51.smt2 : 29 ms.
--------------------------------------------------
sat
benchmarks/QF_LIA/durationThm_1.ind_k100.smt2/durationThm_1.ind_k100.smt2_52.smt2 : 10 ms.
--------------------------------------------------
unsat
benchmarks/QF_LIA/durationThm_1.ind_k100.smt2/durationThm_1.ind_k100.smt2_53.smt2 : 32 ms.
--------------------------------------------------
sat
benchmarks/QF_LIA/durationThm_1.ind_k100.smt2/durationThm_1.ind_k100.smt2_54.smt2 : 12 ms.
--------------------------------------------------
unsat
benchmarks/QF_LIA/durationThm_1.ind_k100.smt2/durationThm_1.ind_k100.smt2_55.smt2 : 37 ms.
--------------------------------------------------
sat
benchmarks/QF_LIA/durationThm_1.ind_k100.smt2/durationThm_1.ind_k100.smt2_56.smt2 : 9 ms.
--------------------------------------------------
unsat
benchmarks/QF_LIA/durationThm_1.ind_k100.smt2/durationThm_1.ind_k100.smt2_57.smt2 : 35 ms.
--------------------------------------------------
sat
benchmarks/QF_LIA/durationThm_1.ind_k100.smt2/durationThm_1.ind_k100.smt2_58.smt2 : 10 ms.
--------------------------------------------------
unsat
benchmarks/QF_LIA/durationThm_1.ind_k100.smt2/durationThm_1.ind_k100.smt2_59.smt2 : 37 ms.
--------------------------------------------------
sat
benchmarks/QF_LIA/durationThm_1.ind_k100.smt2/durationThm_1.ind_k100.smt2_60.smt2 : 12 ms.
--------------------------------------------------
unsat
benchmarks/QF_LIA/durationThm_1.ind_k100.smt2/durationThm_1.ind_k100.smt2_61.smt2 : 46 ms.
--------------------------------------------------
sat
benchmarks/QF_LIA/durationThm_1.ind_k100.smt2/durationThm_1.ind_k100.smt2_62.smt2 : 11 ms.
--------------------------------------------------
unsat
benchmarks/QF_LIA/durationThm_1.ind_k100.smt2/durationThm_1.ind_k100.smt2_63.smt2 : 49 ms.
--------------------------------------------------
sat
benchmarks/QF_LIA/durationThm_1.ind_k100.smt2/durationThm_1.ind_k100.smt2_64.smt2 : 10 ms.
--------------------------------------------------
unsat
benchmarks/QF_LIA/durationThm_1.ind_k100.smt2/durationThm_1.ind_k100.smt2_65.smt2 : 64 ms.
--------------------------------------------------
sat
benchmarks/QF_LIA/durationThm_1.ind_k100.smt2/durationThm_1.ind_k100.smt2_66.smt2 : 14 ms.
--------------------------------------------------
unsat
benchmarks/QF_LIA/durationThm_1.ind_k100.smt2/durationThm_1.ind_k100.smt2_67.smt2 : 58 ms.
--------------------------------------------------
sat
benchmarks/QF_LIA/durationThm_1.ind_k100.smt2/durationThm_1.ind_k100.smt2_68.smt2 : 12 ms.
--------------------------------------------------
unsat
benchmarks/QF_LIA/durationThm_1.ind_k100.smt2/durationThm_1.ind_k100.smt2_69.smt2 : 49 ms.
--------------------------------------------------
sat
benchmarks/QF_LIA/durationThm_1.ind_k100.smt2/durationThm_1.ind_k100.smt2_70.smt2 : 13 ms.
--------------------------------------------------
unsat
benchmarks/QF_LIA/durationThm_1.ind_k100.smt2/durationThm_1.ind_k100.smt2_71.smt2 : 72 ms.
--------------------------------------------------
sat
benchmarks/QF_LIA/durationThm_1.ind_k100.smt2/durationThm_1.ind_k100.smt2_72.smt2 : 10 ms.
--------------------------------------------------
unsat
benchmarks/QF_LIA/durationThm_1.ind_k100.smt2/durationThm_1.ind_k100.smt2_73.smt2 : 67 ms.
--------------------------------------------------
sat
benchmarks/QF_LIA/durationThm_1.ind_k100.smt2/durationThm_1.ind_k100.smt2_74.smt2 : 13 ms.
--------------------------------------------------
unsat
benchmarks/QF_LIA/durationThm_1.ind_k100.smt2/durationThm_1.ind_k100.smt2_75.smt2 : 79 ms.
--------------------------------------------------
sat
benchmarks/QF_LIA/durationThm_1.ind_k100.smt2/durationThm_1.ind_k100.smt2_76.smt2 : 17 ms.
--------------------------------------------------
unsat
benchmarks/QF_LIA/durationThm_1.ind_k100.smt2/durationThm_1.ind_k100.smt2_77.smt2 : 68 ms.
--------------------------------------------------
sat
benchmarks/QF_LIA/durationThm_1.ind_k100.smt2/durationThm_1.ind_k100.smt2_78.smt2 : 18 ms.
--------------------------------------------------
unsat
benchmarks/QF_LIA/durationThm_1.ind_k100.smt2/durationThm_1.ind_k100.smt2_79.smt2 : 86 ms.
--------------------------------------------------
sat
benchmarks/QF_LIA/durationThm_1.ind_k100.smt2/durationThm_1.ind_k100.smt2_80.smt2 : 15 ms.
--------------------------------------------------
unsat
benchmarks/QF_LIA/durationThm_1.ind_k100.smt2/durationThm_1.ind_k100.smt2_81.smt2 : 100 ms.
--------------------------------------------------
sat
benchmarks/QF_LIA/durationThm_1.ind_k100.smt2/durationThm_1.ind_k100.smt2_82.smt2 : 14 ms.
--------------------------------------------------
unsat
benchmarks/QF_LIA/durationThm_1.ind_k100.smt2/durationThm_1.ind_k100.smt2_83.smt2 : 111 ms.
--------------------------------------------------
sat
benchmarks/QF_LIA/durationThm_1.ind_k100.smt2/durationThm_1.ind_k100.smt2_84.smt2 : 17 ms.
--------------------------------------------------
unsat
benchmarks/QF_LIA/durationThm_1.ind_k100.smt2/durationThm_1.ind_k100.smt2_85.smt2 : 127 ms.
--------------------------------------------------
sat
benchmarks/QF_LIA/durationThm_1.ind_k100.smt2/durationThm_1.ind_k100.smt2_86.smt2 : 15 ms.
--------------------------------------------------
unsat
benchmarks/QF_LIA/durationThm_1.ind_k100.smt2/durationThm_1.ind_k100.smt2_87.smt2 : 119 ms.
--------------------------------------------------
sat
benchmarks/QF_LIA/durationThm_1.ind_k100.smt2/durationThm_1.ind_k100.smt2_88.smt2 : 20 ms.
--------------------------------------------------
unsat
benchmarks/QF_LIA/durationThm_1.ind_k100.smt2/durationThm_1.ind_k100.smt2_89.smt2 : 149 ms.
--------------------------------------------------
sat
benchmarks/QF_LIA/durationThm_1.ind_k100.smt2/durationThm_1.ind_k100.smt2_90.smt2 : 16 ms.
--------------------------------------------------
unsat
benchmarks/QF_LIA/durationThm_1.ind_k100.smt2/durationThm_1.ind_k100.smt2_91.smt2 : 138 ms.
--------------------------------------------------
sat
benchmarks/QF_LIA/durationThm_1.ind_k100.smt2/durationThm_1.ind_k100.smt2_92.smt2 : 15 ms.
--------------------------------------------------
unsat
benchmarks/QF_LIA/durationThm_1.ind_k100.smt2/durationThm_1.ind_k100.smt2_93.smt2 : 162 ms.
--------------------------------------------------
sat
benchmarks/QF_LIA/durationThm_1.ind_k100.smt2/durationThm_1.ind_k100.smt2_94.smt2 : 20 ms.
--------------------------------------------------
unsat
benchmarks/QF_LIA/durationThm_1.ind_k100.smt2/durationThm_1.ind_k100.smt2_95.smt2 : 163 ms.
--------------------------------------------------
sat
benchmarks/QF_LIA/durationThm_1.ind_k100.smt2/durationThm_1.ind_k100.smt2_96.smt2 : 17 ms.
--------------------------------------------------
unsat
benchmarks/QF_LIA/durationThm_1.ind_k100.smt2/durationThm_1.ind_k100.smt2_97.smt2 : 168 ms.
--------------------------------------------------
sat
benchmarks/QF_LIA/durationThm_1.ind_k100.smt2/durationThm_1.ind_k100.smt2_98.smt2 : 15 ms.
--------------------------------------------------
unsat
benchmarks/QF_LIA/durationThm_1.ind_k100.smt2/durationThm_1.ind_k100.smt2_99.smt2 : 219 ms.
--------------------------------------------------
sat
benchmarks/QF_LIA/durationThm_1.ind_k100.smt2/durationThm_1.ind_k100.smt2_100.smt2 : 18 ms.
--------------------------------------------------
unsat
benchmarks/QF_LIA/durationThm_1.ind_k100.smt2/durationThm_1.ind_k100.smt2_101.smt2 : 260 ms.
--------------------------------------------------
sat
benchmarks/QF_LIA/durationThm_1.ind_k100.smt2/durationThm_1.ind_k100.smt2_102.smt2 : 33 ms.
--------------------------------------------------
unsat
benchmarks/QF_LIA/durationThm_1.ind_k100.smt2/durationThm_1.ind_k100.smt2_103.smt2 : 232 ms.
--------------------------------------------------
sat
benchmarks/QF_LIA/durationThm_1.ind_k100.smt2/durationThm_1.ind_k100.smt2_104.smt2 : 21 ms.
--------------------------------------------------
unsat
benchmarks/QF_LIA/durationThm_1.ind_k100.smt2/durationThm_1.ind_k100.smt2_105.smt2 : 240 ms.
--------------------------------------------------
sat
benchmarks/QF_LIA/durationThm_1.ind_k100.smt2/durationThm_1.ind_k100.smt2_106.smt2 : 29 ms.
--------------------------------------------------
unsat
benchmarks/QF_LIA/durationThm_1.ind_k100.smt2/durationThm_1.ind_k100.smt2_107.smt2 : 191 ms.
--------------------------------------------------
sat
benchmarks/QF_LIA/durationThm_1.ind_k100.smt2/durationThm_1.ind_k100.smt2_108.smt2 : 23 ms.
--------------------------------------------------
unsat
benchmarks/QF_LIA/durationThm_1.ind_k100.smt2/durationThm_1.ind_k100.smt2_109.smt2 : 211 ms.
--------------------------------------------------
sat
benchmarks/QF_LIA/durationThm_1.ind_k100.smt2/durationThm_1.ind_k100.smt2_110.smt2 : 23 ms.
--------------------------------------------------
unsat
benchmarks/QF_LIA/durationThm_1.ind_k100.smt2/durationThm_1.ind_k100.smt2_111.smt2 : 240 ms.
--------------------------------------------------
sat
benchmarks/QF_LIA/durationThm_1.ind_k100.smt2/durationThm_1.ind_k100.smt2_112.smt2 : 26 ms.
--------------------------------------------------
unsat
benchmarks/QF_LIA/durationThm_1.ind_k100.smt2/durationThm_1.ind_k100.smt2_113.smt2 : 288 ms.
--------------------------------------------------
sat
benchmarks/QF_LIA/durationThm_1.ind_k100.smt2/durationThm_1.ind_k100.smt2_114.smt2 : 32 ms.
--------------------------------------------------
unsat
benchmarks/QF_LIA/durationThm_1.ind_k100.smt2/durationThm_1.ind_k100.smt2_115.smt2 : 320 ms.
--------------------------------------------------
sat
benchmarks/QF_LIA/durationThm_1.ind_k100.smt2/durationThm_1.ind_k100.smt2_116.smt2 : 21 ms.
--------------------------------------------------
unsat
benchmarks/QF_LIA/durationThm_1.ind_k100.smt2/durationThm_1.ind_k100.smt2_117.smt2 : 243 ms.
--------------------------------------------------
sat
benchmarks/QF_LIA/durationThm_1.ind_k100.smt2/durationThm_1.ind_k100.smt2_118.smt2 : 34 ms.
--------------------------------------------------
unsat
benchmarks/QF_LIA/durationThm_1.ind_k100.smt2/durationThm_1.ind_k100.smt2_119.smt2 : 394 ms.
--------------------------------------------------
sat
benchmarks/QF_LIA/durationThm_1.ind_k100.smt2/durationThm_1.ind_k100.smt2_120.smt2 : 34 ms.
--------------------------------------------------
unsat
benchmarks/QF_LIA/durationThm_1.ind_k100.smt2/durationThm_1.ind_k100.smt2_121.smt2 : 348 ms.
--------------------------------------------------
sat
benchmarks/QF_LIA/durationThm_1.ind_k100.smt2/durationThm_1.ind_k100.smt2_122.smt2 : 21 ms.
--------------------------------------------------
unsat
benchmarks/QF_LIA/durationThm_1.ind_k100.smt2/durationThm_1.ind_k100.smt2_123.smt2 : 388 ms.
--------------------------------------------------
sat
benchmarks/QF_LIA/durationThm_1.ind_k100.smt2/durationThm_1.ind_k100.smt2_124.smt2 : 18 ms.
--------------------------------------------------
unsat
benchmarks/QF_LIA/durationThm_1.ind_k100.smt2/durationThm_1.ind_k100.smt2_125.smt2 : 338 ms.
--------------------------------------------------
sat
benchmarks/QF_LIA/durationThm_1.ind_k100.smt2/durationThm_1.ind_k100.smt2_126.smt2 : 15 ms.
--------------------------------------------------
unsat
benchmarks/QF_LIA/durationThm_1.ind_k100.smt2/durationThm_1.ind_k100.smt2_127.smt2 : 439 ms.
--------------------------------------------------
sat
benchmarks/QF_LIA/durationThm_1.ind_k100.smt2/durationThm_1.ind_k100.smt2_128.smt2 : 18 ms.
--------------------------------------------------
unsat
benchmarks/QF_LIA/durationThm_1.ind_k100.smt2/durationThm_1.ind_k100.smt2_129.smt2 : 469 ms.
--------------------------------------------------
sat
benchmarks/QF_LIA/durationThm_1.ind_k100.smt2/durationThm_1.ind_k100.smt2_130.smt2 : 31 ms.
--------------------------------------------------
unsat
benchmarks/QF_LIA/durationThm_1.ind_k100.smt2/durationThm_1.ind_k100.smt2_131.smt2 : 439 ms.
--------------------------------------------------
sat
benchmarks/QF_LIA/durationThm_1.ind_k100.smt2/durationThm_1.ind_k100.smt2_132.smt2 : 21 ms.
--------------------------------------------------
unsat
benchmarks/QF_LIA/durationThm_1.ind_k100.smt2/durationThm_1.ind_k100.smt2_133.smt2 : 481 ms.
--------------------------------------------------
sat
benchmarks/QF_LIA/durationThm_1.ind_k100.smt2/durationThm_1.ind_k100.smt2_134.smt2 : 32 ms.
--------------------------------------------------
unsat
benchmarks/QF_LIA/durationThm_1.ind_k100.smt2/durationThm_1.ind_k100.smt2_135.smt2 : 460 ms.
--------------------------------------------------
sat
benchmarks/QF_LIA/durationThm_1.ind_k100.smt2/durationThm_1.ind_k100.smt2_136.smt2 : 32 ms.
--------------------------------------------------
unsat
benchmarks/QF_LIA/durationThm_1.ind_k100.smt2/durationThm_1.ind_k100.smt2_137.smt2 : 452 ms.
--------------------------------------------------
sat
benchmarks/QF_LIA/durationThm_1.ind_k100.smt2/durationThm_1.ind_k100.smt2_138.smt2 : 30 ms.
--------------------------------------------------
unsat
benchmarks/QF_LIA/durationThm_1.ind_k100.smt2/durationThm_1.ind_k100.smt2_139.smt2 : 513 ms.
--------------------------------------------------
sat
benchmarks/QF_LIA/durationThm_1.ind_k100.smt2/durationThm_1.ind_k100.smt2_140.smt2 : 28 ms.
--------------------------------------------------
unsat
benchmarks/QF_LIA/durationThm_1.ind_k100.smt2/durationThm_1.ind_k100.smt2_141.smt2 : 572 ms.
--------------------------------------------------
sat
benchmarks/QF_LIA/durationThm_1.ind_k100.smt2/durationThm_1.ind_k100.smt2_142.smt2 : 31 ms.
--------------------------------------------------
unsat
benchmarks/QF_LIA/durationThm_1.ind_k100.smt2/durationThm_1.ind_k100.smt2_143.smt2 : 713 ms.
--------------------------------------------------
sat
benchmarks/QF_LIA/durationThm_1.ind_k100.smt2/durationThm_1.ind_k100.smt2_144.smt2 : 24 ms.
--------------------------------------------------
unsat
benchmarks/QF_LIA/durationThm_1.ind_k100.smt2/durationThm_1.ind_k100.smt2_145.smt2 : 773 ms.
--------------------------------------------------
sat
benchmarks/QF_LIA/durationThm_1.ind_k100.smt2/durationThm_1.ind_k100.smt2_146.smt2 : 35 ms.
--------------------------------------------------
unsat
benchmarks/QF_LIA/durationThm_1.ind_k100.smt2/durationThm_1.ind_k100.smt2_147.smt2 : 772 ms.
--------------------------------------------------
sat
benchmarks/QF_LIA/durationThm_1.ind_k100.smt2/durationThm_1.ind_k100.smt2_148.smt2 : 35 ms.
--------------------------------------------------
unsat
benchmarks/QF_LIA/durationThm_1.ind_k100.smt2/durationThm_1.ind_k100.smt2_149.smt2 : 667 ms.
--------------------------------------------------
sat
benchmarks/QF_LIA/durationThm_1.ind_k100.smt2/durationThm_1.ind_k100.smt2_150.smt2 : 32 ms.
--------------------------------------------------
unsat
benchmarks/QF_LIA/durationThm_1.ind_k100.smt2/durationThm_1.ind_k100.smt2_151.smt2 : 686 ms.
--------------------------------------------------
sat
benchmarks/QF_LIA/durationThm_1.ind_k100.smt2/durationThm_1.ind_k100.smt2_152.smt2 : 34 ms.
--------------------------------------------------
unsat
benchmarks/QF_LIA/durationThm_1.ind_k100.smt2/durationThm_1.ind_k100.smt2_153.smt2 : 837 ms.
--------------------------------------------------
sat
benchmarks/QF_LIA/durationThm_1.ind_k100.smt2/durationThm_1.ind_k100.smt2_154.smt2 : 28 ms.
--------------------------------------------------
unsat
benchmarks/QF_LIA/durationThm_1.ind_k100.smt2/durationThm_1.ind_k100.smt2_155.smt2 : 705 ms.
--------------------------------------------------
sat
benchmarks/QF_LIA/durationThm_1.ind_k100.smt2/durationThm_1.ind_k100.smt2_156.smt2 : 32 ms.
--------------------------------------------------
unsat
benchmarks/QF_LIA/durationThm_1.ind_k100.smt2/durationThm_1.ind_k100.smt2_157.smt2 : 1235 ms.
--------------------------------------------------
sat
benchmarks/QF_LIA/durationThm_1.ind_k100.smt2/durationThm_1.ind_k100.smt2_158.smt2 : 32 ms.
--------------------------------------------------
unsat
benchmarks/QF_LIA/durationThm_1.ind_k100.smt2/durationThm_1.ind_k100.smt2_159.smt2 : 967 ms.
--------------------------------------------------
sat
benchmarks/QF_LIA/durationThm_1.ind_k100.smt2/durationThm_1.ind_k100.smt2_160.smt2 : 47 ms.
--------------------------------------------------
unsat
benchmarks/QF_LIA/durationThm_1.ind_k100.smt2/durationThm_1.ind_k100.smt2_161.smt2 : 989 ms.
--------------------------------------------------
sat
benchmarks/QF_LIA/durationThm_1.ind_k100.smt2/durationThm_1.ind_k100.smt2_162.smt2 : 33 ms.
--------------------------------------------------
unsat
benchmarks/QF_LIA/durationThm_1.ind_k100.smt2/durationThm_1.ind_k100.smt2_163.smt2 : 880 ms.
--------------------------------------------------
sat
benchmarks/QF_LIA/durationThm_1.ind_k100.smt2/durationThm_1.ind_k100.smt2_164.smt2 : 37 ms.
--------------------------------------------------
unsat
benchmarks/QF_LIA/durationThm_1.ind_k100.smt2/durationThm_1.ind_k100.smt2_165.smt2 : 1203 ms.
--------------------------------------------------
sat
benchmarks/QF_LIA/durationThm_1.ind_k100.smt2/durationThm_1.ind_k100.smt2_166.smt2 : 34 ms.
--------------------------------------------------
unsat
benchmarks/QF_LIA/durationThm_1.ind_k100.smt2/durationThm_1.ind_k100.smt2_167.smt2 : 1138 ms.
--------------------------------------------------
sat
benchmarks/QF_LIA/durationThm_1.ind_k100.smt2/durationThm_1.ind_k100.smt2_168.smt2 : 31 ms.
--------------------------------------------------
unsat
benchmarks/QF_LIA/durationThm_1.ind_k100.smt2/durationThm_1.ind_k100.smt2_169.smt2 : 1313 ms.
--------------------------------------------------
sat
benchmarks/QF_LIA/durationThm_1.ind_k100.smt2/durationThm_1.ind_k100.smt2_170.smt2 : 82 ms.
--------------------------------------------------
unsat
benchmarks/QF_LIA/durationThm_1.ind_k100.smt2/durationThm_1.ind_k100.smt2_171.smt2 : 1268 ms.
--------------------------------------------------
sat
benchmarks/QF_LIA/durationThm_1.ind_k100.smt2/durationThm_1.ind_k100.smt2_172.smt2 : 45 ms.
--------------------------------------------------
unsat
benchmarks/QF_LIA/durationThm_1.ind_k100.smt2/durationThm_1.ind_k100.smt2_173.smt2 : 1425 ms.
--------------------------------------------------
sat
benchmarks/QF_LIA/durationThm_1.ind_k100.smt2/durationThm_1.ind_k100.smt2_174.smt2 : 47 ms.
--------------------------------------------------
unsat
benchmarks/QF_LIA/durationThm_1.ind_k100.smt2/durationThm_1.ind_k100.smt2_175.smt2 : 1788 ms.
--------------------------------------------------
sat
benchmarks/QF_LIA/durationThm_1.ind_k100.smt2/durationThm_1.ind_k100.smt2_176.smt2 : 54 ms.
--------------------------------------------------
unsat
benchmarks/QF_LIA/durationThm_1.ind_k100.smt2/durationThm_1.ind_k100.smt2_177.smt2 : 1321 ms.
--------------------------------------------------
sat
benchmarks/QF_LIA/durationThm_1.ind_k100.smt2/durationThm_1.ind_k100.smt2_178.smt2 : 45 ms.
--------------------------------------------------
unsat
benchmarks/QF_LIA/durationThm_1.ind_k100.smt2/durationThm_1.ind_k100.smt2_179.smt2 : 1531 ms.
--------------------------------------------------
sat
benchmarks/QF_LIA/durationThm_1.ind_k100.smt2/durationThm_1.ind_k100.smt2_180.smt2 : 34 ms.
--------------------------------------------------
unsat
benchmarks/QF_LIA/durationThm_1.ind_k100.smt2/durationThm_1.ind_k100.smt2_181.smt2 : 1454 ms.
--------------------------------------------------
sat
benchmarks/QF_LIA/durationThm_1.ind_k100.smt2/durationThm_1.ind_k100.smt2_182.smt2 : 40 ms.
--------------------------------------------------
unsat
benchmarks/QF_LIA/durationThm_1.ind_k100.smt2/durationThm_1.ind_k100.smt2_183.smt2 : 1759 ms.
--------------------------------------------------
sat
benchmarks/QF_LIA/durationThm_1.ind_k100.smt2/durationThm_1.ind_k100.smt2_184.smt2 : 41 ms.
--------------------------------------------------
unsat
benchmarks/QF_LIA/durationThm_1.ind_k100.smt2/durationThm_1.ind_k100.smt2_185.smt2 : 1541 ms.
--------------------------------------------------
sat
benchmarks/QF_LIA/durationThm_1.ind_k100.smt2/durationThm_1.ind_k100.smt2_186.smt2 : 57 ms.
--------------------------------------------------
unsat
benchmarks/QF_LIA/durationThm_1.ind_k100.smt2/durationThm_1.ind_k100.smt2_187.smt2 : 1916 ms.
--------------------------------------------------
sat
benchmarks/QF_LIA/durationThm_1.ind_k100.smt2/durationThm_1.ind_k100.smt2_188.smt2 : 41 ms.
--------------------------------------------------
unsat
benchmarks/QF_LIA/durationThm_1.ind_k100.smt2/durationThm_1.ind_k100.smt2_189.smt2 : 1684 ms.
--------------------------------------------------
sat
benchmarks/QF_LIA/durationThm_1.ind_k100.smt2/durationThm_1.ind_k100.smt2_190.smt2 : 65 ms.
--------------------------------------------------
unsat
benchmarks/QF_LIA/durationThm_1.ind_k100.smt2/durationThm_1.ind_k100.smt2_191.smt2 : 1454 ms.
--------------------------------------------------
sat
benchmarks/QF_LIA/durationThm_1.ind_k100.smt2/durationThm_1.ind_k100.smt2_192.smt2 : 67 ms.
--------------------------------------------------
unsat
benchmarks/QF_LIA/durationThm_1.ind_k100.smt2/durationThm_1.ind_k100.smt2_193.smt2 : 1679 ms.
--------------------------------------------------
sat
benchmarks/QF_LIA/durationThm_1.ind_k100.smt2/durationThm_1.ind_k100.smt2_194.smt2 : 61 ms.
--------------------------------------------------
unsat
benchmarks/QF_LIA/durationThm_1.ind_k100.smt2/durationThm_1.ind_k100.smt2_195.smt2 : 2218 ms.
--------------------------------------------------
sat
benchmarks/QF_LIA/durationThm_1.ind_k100.smt2/durationThm_1.ind_k100.smt2_196.smt2 : 44 ms.
--------------------------------------------------
unsat
benchmarks/QF_LIA/durationThm_1.ind_k100.smt2/durationThm_1.ind_k100.smt2_197.smt2 : 1616 ms.
--------------------------------------------------
sat
benchmarks/QF_LIA/durationThm_1.ind_k100.smt2/durationThm_1.ind_k100.smt2_198.smt2 : 56 ms.
--------------------------------------------------
unsat
benchmarks/QF_LIA/durationThm_1.ind_k100.smt2/durationThm_1.ind_k100.smt2_199.smt2 : 2394 ms.
--------------------------------------------------
sat
benchmarks/QF_LIA/durationThm_1.ind_k100.smt2/durationThm_1.ind_k100.smt2_200.smt2 : 50 ms.
--------------------------------------------------
unsat
benchmarks/QF_LIA/durationThm_1.ind_k100.smt2/durationThm_1.ind_k100.smt2_201.smt2 : 1944 ms.
--------------------------------------------------
sat
benchmarks/QF_LIA/durationThm_1.ind_k100.smt2/durationThm_1.ind_k100.smt2_202.smt2 : 53 ms.
--------------------------------------------------
unsat
benchmarks/QF_LIA/ex3.bmc_k100.smt2/ex3.bmc_k100.smt2_1.smt2 : 3 ms.
--------------------------------------------------
unsat
benchmarks/QF_LIA/ex3.bmc_k100.smt2/ex3.bmc_k100.smt2_2.smt2 : 4 ms.
--------------------------------------------------
unsat
benchmarks/QF_LIA/ex3.bmc_k100.smt2/ex3.bmc_k100.smt2_3.smt2 : 3 ms.
--------------------------------------------------
unsat
benchmarks/QF_LIA/ex3.bmc_k100.smt2/ex3.bmc_k100.smt2_4.smt2 : 4 ms.
--------------------------------------------------
unsat
benchmarks/QF_LIA/ex3.bmc_k100.smt2/ex3.bmc_k100.smt2_5.smt2 : 4 ms.
--------------------------------------------------
unsat
benchmarks/QF_LIA/ex3.bmc_k100.smt2/ex3.bmc_k100.smt2_6.smt2 : 3 ms.
--------------------------------------------------
unsat
benchmarks/QF_LIA/ex3.bmc_k100.smt2/ex3.bmc_k100.smt2_7.smt2 : 5 ms.
--------------------------------------------------
unsat
benchmarks/QF_LIA/ex3.bmc_k100.smt2/ex3.bmc_k100.smt2_8.smt2 : 4 ms.
--------------------------------------------------
unsat
benchmarks/QF_LIA/ex3.bmc_k100.smt2/ex3.bmc_k100.smt2_9.smt2 : 5 ms.
--------------------------------------------------
unsat
benchmarks/QF_LIA/ex3.bmc_k100.smt2/ex3.bmc_k100.smt2_10.smt2 : 5 ms.
--------------------------------------------------
unsat
benchmarks/QF_LIA/ex3.bmc_k100.smt2/ex3.bmc_k100.smt2_11.smt2 : 5 ms.
--------------------------------------------------
unsat
benchmarks/QF_LIA/ex3.bmc_k100.smt2/ex3.bmc_k100.smt2_12.smt2 : 5 ms.
--------------------------------------------------
unsat
benchmarks/QF_LIA/ex3.bmc_k100.smt2/ex3.bmc_k100.smt2_13.smt2 : 6 ms.
--------------------------------------------------
unsat
benchmarks/QF_LIA/ex3.bmc_k100.smt2/ex3.bmc_k100.smt2_14.smt2 : 5 ms.
--------------------------------------------------
unsat
benchmarks/QF_LIA/ex3.bmc_k100.smt2/ex3.bmc_k100.smt2_15.smt2 : 5 ms.
--------------------------------------------------
unsat
benchmarks/QF_LIA/ex3.bmc_k100.smt2/ex3.bmc_k100.smt2_16.smt2 : 6 ms.
--------------------------------------------------
unsat
benchmarks/QF_LIA/ex3.bmc_k100.smt2/ex3.bmc_k100.smt2_17.smt2 : 4 ms.
--------------------------------------------------
unsat
benchmarks/QF_LIA/ex3.bmc_k100.smt2/ex3.bmc_k100.smt2_18.smt2 : 7 ms.
--------------------------------------------------
unsat
benchmarks/QF_LIA/ex3.bmc_k100.smt2/ex3.bmc_k100.smt2_19.smt2 : 8 ms.
--------------------------------------------------
unsat
benchmarks/QF_LIA/ex3.bmc_k100.smt2/ex3.bmc_k100.smt2_20.smt2 : 7 ms.
--------------------------------------------------
unsat
benchmarks/QF_LIA/ex3.bmc_k100.smt2/ex3.bmc_k100.smt2_21.smt2 : 7 ms.
--------------------------------------------------
unsat
benchmarks/QF_LIA/ex3.bmc_k100.smt2/ex3.bmc_k100.smt2_22.smt2 : 5 ms.
--------------------------------------------------
unsat
benchmarks/QF_LIA/ex3.bmc_k100.smt2/ex3.bmc_k100.smt2_23.smt2 : 6 ms.
--------------------------------------------------
unsat
benchmarks/QF_LIA/ex3.bmc_k100.smt2/ex3.bmc_k100.smt2_24.smt2 : 7 ms.
--------------------------------------------------
unsat
benchmarks/QF_LIA/ex3.bmc_k100.smt2/ex3.bmc_k100.smt2_25.smt2 : 7 ms.
--------------------------------------------------
unsat
benchmarks/QF_LIA/ex3.bmc_k100.smt2/ex3.bmc_k100.smt2_26.smt2 : 7 ms.
--------------------------------------------------
unsat
benchmarks/QF_LIA/ex3.bmc_k100.smt2/ex3.bmc_k100.smt2_27.smt2 : 6 ms.
--------------------------------------------------
unsat
benchmarks/QF_LIA/ex3.bmc_k100.smt2/ex3.bmc_k100.smt2_28.smt2 : 8 ms.
--------------------------------------------------
unsat
benchmarks/QF_LIA/ex3.bmc_k100.smt2/ex3.bmc_k100.smt2_29.smt2 : 7 ms.
--------------------------------------------------
unsat
benchmarks/QF_LIA/ex3.bmc_k100.smt2/ex3.bmc_k100.smt2_30.smt2 : 8 ms.
--------------------------------------------------
unsat
benchmarks/QF_LIA/ex3.bmc_k100.smt2/ex3.bmc_k100.smt2_31.smt2 : 8 ms.
--------------------------------------------------
unsat
benchmarks/QF_LIA/ex3.bmc_k100.smt2/ex3.bmc_k100.smt2_32.smt2 : 7 ms.
--------------------------------------------------
unsat
benchmarks/QF_LIA/ex3.bmc_k100.smt2/ex3.bmc_k100.smt2_33.smt2 : 9 ms.
--------------------------------------------------
unsat
benchmarks/QF_LIA/ex3.bmc_k100.smt2/ex3.bmc_k100.smt2_34.smt2 : 6 ms.
--------------------------------------------------
unsat
benchmarks/QF_LIA/ex3.bmc_k100.smt2/ex3.bmc_k100.smt2_35.smt2 : 6 ms.
--------------------------------------------------
unsat
benchmarks/QF_LIA/ex3.bmc_k100.smt2/ex3.bmc_k100.smt2_36.smt2 : 7 ms.
--------------------------------------------------
unsat
benchmarks/QF_LIA/ex3.bmc_k100.smt2/ex3.bmc_k100.smt2_37.smt2 : 7 ms.
--------------------------------------------------
unsat
benchmarks/QF_LIA/ex3.bmc_k100.smt2/ex3.bmc_k100.smt2_38.smt2 : 8 ms.
--------------------------------------------------
unsat
benchmarks/QF_LIA/ex3.bmc_k100.smt2/ex3.bmc_k100.smt2_39.smt2 : 7 ms.
--------------------------------------------------
unsat
benchmarks/QF_LIA/ex3.bmc_k100.smt2/ex3.bmc_k100.smt2_40.smt2 : 9 ms.
--------------------------------------------------
unsat
benchmarks/QF_LIA/ex3.bmc_k100.smt2/ex3.bmc_k100.smt2_41.smt2 : 7 ms.
--------------------------------------------------
unsat
benchmarks/QF_LIA/ex3.bmc_k100.smt2/ex3.bmc_k100.smt2_42.smt2 : 9 ms.
--------------------------------------------------
unsat
benchmarks/QF_LIA/ex3.bmc_k100.smt2/ex3.bmc_k100.smt2_43.smt2 : 10 ms.
--------------------------------------------------
unsat
benchmarks/QF_LIA/ex3.bmc_k100.smt2/ex3.bmc_k100.smt2_44.smt2 : 9 ms.
--------------------------------------------------
unsat
benchmarks/QF_LIA/ex3.bmc_k100.smt2/ex3.bmc_k100.smt2_45.smt2 : 8 ms.
--------------------------------------------------
unsat
benchmarks/QF_LIA/ex3.bmc_k100.smt2/ex3.bmc_k100.smt2_46.smt2 : 9 ms.
--------------------------------------------------
unsat
benchmarks/QF_LIA/ex3.bmc_k100.smt2/ex3.bmc_k100.smt2_47.smt2 : 9 ms.
--------------------------------------------------
unsat
benchmarks/QF_LIA/ex3.bmc_k100.smt2/ex3.bmc_k100.smt2_48.smt2 : 8 ms.
--------------------------------------------------
unsat
benchmarks/QF_LIA/ex3.bmc_k100.smt2/ex3.bmc_k100.smt2_49.smt2 : 10 ms.
--------------------------------------------------
unsat
benchmarks/QF_LIA/ex3.bmc_k100.smt2/ex3.bmc_k100.smt2_50.smt2 : 8 ms.
--------------------------------------------------
unsat
benchmarks/QF_LIA/ex3.bmc_k100.smt2/ex3.bmc_k100.smt2_51.smt2 : 9 ms.
--------------------------------------------------
unsat
benchmarks/QF_LIA/ex3.bmc_k100.smt2/ex3.bmc_k100.smt2_52.smt2 : 11 ms.
--------------------------------------------------
unsat
benchmarks/QF_LIA/ex3.bmc_k100.smt2/ex3.bmc_k100.smt2_53.smt2 : 10 ms.
--------------------------------------------------
unsat
benchmarks/QF_LIA/ex3.bmc_k100.smt2/ex3.bmc_k100.smt2_54.smt2 : 11 ms.
--------------------------------------------------
unsat
benchmarks/QF_LIA/ex3.bmc_k100.smt2/ex3.bmc_k100.smt2_55.smt2 : 12 ms.
--------------------------------------------------
unsat
benchmarks/QF_LIA/ex3.bmc_k100.smt2/ex3.bmc_k100.smt2_56.smt2 : 11 ms.
--------------------------------------------------
unsat
benchmarks/QF_LIA/ex3.bmc_k100.smt2/ex3.bmc_k100.smt2_57.smt2 : 11 ms.
--------------------------------------------------
unsat
benchmarks/QF_LIA/ex3.bmc_k100.smt2/ex3.bmc_k100.smt2_58.smt2 : 15 ms.
--------------------------------------------------
unsat
benchmarks/QF_LIA/ex3.bmc_k100.smt2/ex3.bmc_k100.smt2_59.smt2 : 9 ms.
--------------------------------------------------
unsat
benchmarks/QF_LIA/ex3.bmc_k100.smt2/ex3.bmc_k100.smt2_60.smt2 : 11 ms.
--------------------------------------------------
unsat
benchmarks/QF_LIA/ex3.bmc_k100.smt2/ex3.bmc_k100.smt2_61.smt2 : 11 ms.
--------------------------------------------------
unsat
benchmarks/QF_LIA/ex3.bmc_k100.smt2/ex3.bmc_k100.smt2_62.smt2 : 12 ms.
--------------------------------------------------
unsat
benchmarks/QF_LIA/ex3.bmc_k100.smt2/ex3.bmc_k100.smt2_63.smt2 : 11 ms.
--------------------------------------------------
unsat
benchmarks/QF_LIA/ex3.bmc_k100.smt2/ex3.bmc_k100.smt2_64.smt2 : 13 ms.
--------------------------------------------------
unsat
benchmarks/QF_LIA/ex3.bmc_k100.smt2/ex3.bmc_k100.smt2_65.smt2 : 10 ms.
--------------------------------------------------
unsat
benchmarks/QF_LIA/ex3.bmc_k100.smt2/ex3.bmc_k100.smt2_66.smt2 : 11 ms.
--------------------------------------------------
unsat
benchmarks/QF_LIA/ex3.bmc_k100.smt2/ex3.bmc_k100.smt2_67.smt2 : 11 ms.
--------------------------------------------------
unsat
benchmarks/QF_LIA/ex3.bmc_k100.smt2/ex3.bmc_k100.smt2_68.smt2 : 12 ms.
--------------------------------------------------
unsat
benchmarks/QF_LIA/ex3.bmc_k100.smt2/ex3.bmc_k100.smt2_69.smt2 : 11 ms.
--------------------------------------------------
unsat
benchmarks/QF_LIA/ex3.bmc_k100.smt2/ex3.bmc_k100.smt2_70.smt2 : 9 ms.
--------------------------------------------------
unsat
benchmarks/QF_LIA/ex3.bmc_k100.smt2/ex3.bmc_k100.smt2_71.smt2 : 11 ms.
--------------------------------------------------
unsat
benchmarks/QF_LIA/ex3.bmc_k100.smt2/ex3.bmc_k100.smt2_72.smt2 : 8 ms.
--------------------------------------------------
unsat
benchmarks/QF_LIA/ex3.bmc_k100.smt2/ex3.bmc_k100.smt2_73.smt2 : 12 ms.
--------------------------------------------------
unsat
benchmarks/QF_LIA/ex3.bmc_k100.smt2/ex3.bmc_k100.smt2_74.smt2 : 13 ms.
--------------------------------------------------
unsat
benchmarks/QF_LIA/ex3.bmc_k100.smt2/ex3.bmc_k100.smt2_75.smt2 : 10 ms.
--------------------------------------------------
unsat
benchmarks/QF_LIA/ex3.bmc_k100.smt2/ex3.bmc_k100.smt2_76.smt2 : 14 ms.
--------------------------------------------------
unsat
benchmarks/QF_LIA/ex3.bmc_k100.smt2/ex3.bmc_k100.smt2_77.smt2 : 9 ms.
--------------------------------------------------
unsat
benchmarks/QF_LIA/ex3.bmc_k100.smt2/ex3.bmc_k100.smt2_78.smt2 : 10 ms.
--------------------------------------------------
unsat
benchmarks/QF_LIA/ex3.bmc_k100.smt2/ex3.bmc_k100.smt2_79.smt2 : 13 ms.
--------------------------------------------------
unsat
benchmarks/QF_LIA/ex3.bmc_k100.smt2/ex3.bmc_k100.smt2_80.smt2 : 13 ms.
--------------------------------------------------
unsat
benchmarks/QF_LIA/ex3.bmc_k100.smt2/ex3.bmc_k100.smt2_81.smt2 : 10 ms.
--------------------------------------------------
unsat
benchmarks/QF_LIA/ex3.bmc_k100.smt2/ex3.bmc_k100.smt2_82.smt2 : 8 ms.
--------------------------------------------------
unsat
benchmarks/QF_LIA/ex3.bmc_k100.smt2/ex3.bmc_k100.smt2_83.smt2 : 15 ms.
--------------------------------------------------
unsat
benchmarks/QF_LIA/ex3.bmc_k100.smt2/ex3.bmc_k100.smt2_84.smt2 : 10 ms.
--------------------------------------------------
unsat
benchmarks/QF_LIA/ex3.bmc_k100.smt2/ex3.bmc_k100.smt2_85.smt2 : 10 ms.
--------------------------------------------------
unsat
benchmarks/QF_LIA/ex3.bmc_k100.smt2/ex3.bmc_k100.smt2_86.smt2 : 13 ms.
--------------------------------------------------
unsat
benchmarks/QF_LIA/ex3.bmc_k100.smt2/ex3.bmc_k100.smt2_87.smt2 : 8 ms.
--------------------------------------------------
unsat
benchmarks/QF_LIA/ex3.bmc_k100.smt2/ex3.bmc_k100.smt2_88.smt2 : 10 ms.
--------------------------------------------------
unsat
benchmarks/QF_LIA/ex3.bmc_k100.smt2/ex3.bmc_k100.smt2_89.smt2 : 14 ms.
--------------------------------------------------
unsat
benchmarks/QF_LIA/ex3.bmc_k100.smt2/ex3.bmc_k100.smt2_90.smt2 : 12 ms.
--------------------------------------------------
unsat
benchmarks/QF_LIA/ex3.bmc_k100.smt2/ex3.bmc_k100.smt2_91.smt2 : 12 ms.
--------------------------------------------------
unsat
benchmarks/QF_LIA/ex3.bmc_k100.smt2/ex3.bmc_k100.smt2_92.smt2 : 10 ms.
--------------------------------------------------
unsat
benchmarks/QF_LIA/ex3.bmc_k100.smt2/ex3.bmc_k100.smt2_93.smt2 : 11 ms.
--------------------------------------------------
unsat
benchmarks/QF_LIA/ex3.bmc_k100.smt2/ex3.bmc_k100.smt2_94.smt2 : 12 ms.
--------------------------------------------------
unsat
benchmarks/QF_LIA/ex3.bmc_k100.smt2/ex3.bmc_k100.smt2_95.smt2 : 30 ms.
--------------------------------------------------
unsat
benchmarks/QF_LIA/ex3.bmc_k100.smt2/ex3.bmc_k100.smt2_96.smt2 : 16 ms.
--------------------------------------------------
unsat
benchmarks/QF_LIA/ex3.bmc_k100.smt2/ex3.bmc_k100.smt2_97.smt2 : 13 ms.
--------------------------------------------------
unsat
benchmarks/QF_LIA/ex3.bmc_k100.smt2/ex3.bmc_k100.smt2_98.smt2 : 12 ms.
--------------------------------------------------
unsat
benchmarks/QF_LIA/ex3.bmc_k100.smt2/ex3.bmc_k100.smt2_99.smt2 : 30 ms.
--------------------------------------------------
unsat
benchmarks/QF_LIA/ex3.bmc_k100.smt2/ex3.bmc_k100.smt2_100.smt2 : 12 ms.
--------------------------------------------------
unsat
benchmarks/QF_LIA/ex3.bmc_k100.smt2/ex3.bmc_k100.smt2_101.smt2 : 16 ms.
--------------------------------------------------
unsat
benchmarks/QF_LIA/hysteresis_all.bmc_k100.smt2/hysteresis_all.bmc_k100.smt2_1.smt2 : 3 ms.
--------------------------------------------------
unsat
benchmarks/QF_LIA/hysteresis_all.bmc_k100.smt2/hysteresis_all.bmc_k100.smt2_2.smt2 : 3 ms.
--------------------------------------------------
unsat
benchmarks/QF_LIA/hysteresis_all.bmc_k100.smt2/hysteresis_all.bmc_k100.smt2_3.smt2 : 3 ms.
--------------------------------------------------
unsat
benchmarks/QF_LIA/hysteresis_all.bmc_k100.smt2/hysteresis_all.bmc_k100.smt2_4.smt2 : 3 ms.
--------------------------------------------------
unsat
benchmarks/QF_LIA/hysteresis_all.bmc_k100.smt2/hysteresis_all.bmc_k100.smt2_5.smt2 : 3 ms.
--------------------------------------------------
unsat
benchmarks/QF_LIA/hysteresis_all.bmc_k100.smt2/hysteresis_all.bmc_k100.smt2_6.smt2 : 4 ms.
--------------------------------------------------
unsat
benchmarks/QF_LIA/hysteresis_all.bmc_k100.smt2/hysteresis_all.bmc_k100.smt2_7.smt2 : 4 ms.
--------------------------------------------------
unsat
benchmarks/QF_LIA/hysteresis_all.bmc_k100.smt2/hysteresis_all.bmc_k100.smt2_8.smt2 : 3 ms.
--------------------------------------------------
unsat
benchmarks/QF_LIA/hysteresis_all.bmc_k100.smt2/hysteresis_all.bmc_k100.smt2_9.smt2 : 3 ms.
--------------------------------------------------
unsat
benchmarks/QF_LIA/hysteresis_all.bmc_k100.smt2/hysteresis_all.bmc_k100.smt2_10.smt2 : 3 ms.
--------------------------------------------------
unsat
benchmarks/QF_LIA/hysteresis_all.bmc_k100.smt2/hysteresis_all.bmc_k100.smt2_11.smt2 : 4 ms.
--------------------------------------------------
unsat
benchmarks/QF_LIA/hysteresis_all.bmc_k100.smt2/hysteresis_all.bmc_k100.smt2_12.smt2 : 4 ms.
--------------------------------------------------
unsat
benchmarks/QF_LIA/hysteresis_all.bmc_k100.smt2/hysteresis_all.bmc_k100.smt2_13.smt2 : 5 ms.
--------------------------------------------------
unsat
benchmarks/QF_LIA/hysteresis_all.bmc_k100.smt2/hysteresis_all.bmc_k100.smt2_14.smt2 : 4 ms.
--------------------------------------------------
unsat
benchmarks/QF_LIA/hysteresis_all.bmc_k100.smt2/hysteresis_all.bmc_k100.smt2_15.smt2 : 4 ms.
--------------------------------------------------
unsat
benchmarks/QF_LIA/hysteresis_all.bmc_k100.smt2/hysteresis_all.bmc_k100.smt2_16.smt2 : 4 ms.
--------------------------------------------------
unsat
benchmarks/QF_LIA/hysteresis_all.bmc_k100.smt2/hysteresis_all.bmc_k100.smt2_17.smt2 : 4 ms.
--------------------------------------------------
unsat
benchmarks/QF_LIA/hysteresis_all.bmc_k100.smt2/hysteresis_all.bmc_k100.smt2_18.smt2 : 4 ms.
--------------------------------------------------
unsat
benchmarks/QF_LIA/hysteresis_all.bmc_k100.smt2/hysteresis_all.bmc_k100.smt2_19.smt2 : 4 ms.
--------------------------------------------------
unsat
benchmarks/QF_LIA/hysteresis_all.bmc_k100.smt2/hysteresis_all.bmc_k100.smt2_20.smt2 : 5 ms.
--------------------------------------------------
unsat
benchmarks/QF_LIA/hysteresis_all.bmc_k100.smt2/hysteresis_all.bmc_k100.smt2_21.smt2 : 7 ms.
--------------------------------------------------
unsat
benchmarks/QF_LIA/hysteresis_all.bmc_k100.smt2/hysteresis_all.bmc_k100.smt2_22.smt2 : 5 ms.
--------------------------------------------------
unsat
benchmarks/QF_LIA/hysteresis_all.bmc_k100.smt2/hysteresis_all.bmc_k100.smt2_23.smt2 : 5 ms.
--------------------------------------------------
unsat
benchmarks/QF_LIA/hysteresis_all.bmc_k100.smt2/hysteresis_all.bmc_k100.smt2_24.smt2 : 5 ms.
--------------------------------------------------
unsat
benchmarks/QF_LIA/hysteresis_all.bmc_k100.smt2/hysteresis_all.bmc_k100.smt2_25.smt2 : 6 ms.
--------------------------------------------------
unsat
benchmarks/QF_LIA/hysteresis_all.bmc_k100.smt2/hysteresis_all.bmc_k100.smt2_26.smt2 : 5 ms.
--------------------------------------------------
unsat
benchmarks/QF_LIA/hysteresis_all.bmc_k100.smt2/hysteresis_all.bmc_k100.smt2_27.smt2 : 6 ms.
--------------------------------------------------
unsat
benchmarks/QF_LIA/hysteresis_all.bmc_k100.smt2/hysteresis_all.bmc_k100.smt2_28.smt2 : 5 ms.
--------------------------------------------------
unsat
benchmarks/QF_LIA/hysteresis_all.bmc_k100.smt2/hysteresis_all.bmc_k100.smt2_29.smt2 : 5 ms.
--------------------------------------------------
unsat
benchmarks/QF_LIA/hysteresis_all.bmc_k100.smt2/hysteresis_all.bmc_k100.smt2_30.smt2 : 7 ms.
--------------------------------------------------
unsat
benchmarks/QF_LIA/hysteresis_all.bmc_k100.smt2/hysteresis_all.bmc_k100.smt2_31.smt2 : 7 ms.
--------------------------------------------------
unsat
benchmarks/QF_LIA/hysteresis_all.bmc_k100.smt2/hysteresis_all.bmc_k100.smt2_32.smt2 : 7 ms.
--------------------------------------------------
unsat
benchmarks/QF_LIA/hysteresis_all.bmc_k100.smt2/hysteresis_all.bmc_k100.smt2_33.smt2 : 6 ms.
--------------------------------------------------
unsat
benchmarks/QF_LIA/hysteresis_all.bmc_k100.smt2/hysteresis_all.bmc_k100.smt2_34.smt2 : 6 ms.
--------------------------------------------------
unsat
benchmarks/QF_LIA/hysteresis_all.bmc_k100.smt2/hysteresis_all.bmc_k100.smt2_35.smt2 : 6 ms.
--------------------------------------------------
unsat
benchmarks/QF_LIA/hysteresis_all.bmc_k100.smt2/hysteresis_all.bmc_k100.smt2_36.smt2 : 6 ms.
--------------------------------------------------
unsat
benchmarks/QF_LIA/hysteresis_all.bmc_k100.smt2/hysteresis_all.bmc_k100.smt2_37.smt2 : 6 ms.
--------------------------------------------------
unsat
benchmarks/QF_LIA/hysteresis_all.bmc_k100.smt2/hysteresis_all.bmc_k100.smt2_38.smt2 : 7 ms.
--------------------------------------------------
unsat
benchmarks/QF_LIA/hysteresis_all.bmc_k100.smt2/hysteresis_all.bmc_k100.smt2_39.smt2 : 7 ms.
--------------------------------------------------
unsat
benchmarks/QF_LIA/hysteresis_all.bmc_k100.smt2/hysteresis_all.bmc_k100.smt2_40.smt2 : 8 ms.
--------------------------------------------------
unsat
benchmarks/QF_LIA/hysteresis_all.bmc_k100.smt2/hysteresis_all.bmc_k100.smt2_41.smt2 : 5 ms.
--------------------------------------------------
unsat
benchmarks/QF_LIA/hysteresis_all.bmc_k100.smt2/hysteresis_all.bmc_k100.smt2_42.smt2 : 8 ms.
--------------------------------------------------
unsat
benchmarks/QF_LIA/hysteresis_all.bmc_k100.smt2/hysteresis_all.bmc_k100.smt2_43.smt2 : 6 ms.
--------------------------------------------------
unsat
benchmarks/QF_LIA/hysteresis_all.bmc_k100.smt2/hysteresis_all.bmc_k100.smt2_44.smt2 : 6 ms.
--------------------------------------------------
unsat
benchmarks/QF_LIA/hysteresis_all.bmc_k100.smt2/hysteresis_all.bmc_k100.smt2_45.smt2 : 7 ms.
--------------------------------------------------
unsat
benchmarks/QF_LIA/hysteresis_all.bmc_k100.smt2/hysteresis_all.bmc_k100.smt2_46.smt2 : 7 ms.
--------------------------------------------------
unsat
benchmarks/QF_LIA/hysteresis_all.bmc_k100.smt2/hysteresis_all.bmc_k100.smt2_47.smt2 : 8 ms.
--------------------------------------------------
unsat
benchmarks/QF_LIA/hysteresis_all.bmc_k100.smt2/hysteresis_all.bmc_k100.smt2_48.smt2 : 8 ms.
--------------------------------------------------
unsat
benchmarks/QF_LIA/hysteresis_all.bmc_k100.smt2/hysteresis_all.bmc_k100.smt2_49.smt2 : 9 ms.
--------------------------------------------------
unsat
benchmarks/QF_LIA/hysteresis_all.bmc_k100.smt2/hysteresis_all.bmc_k100.smt2_50.smt2 : 9 ms.
--------------------------------------------------
unsat
benchmarks/QF_LIA/hysteresis_all.bmc_k100.smt2/hysteresis_all.bmc_k100.smt2_51.smt2 : 10 ms.
--------------------------------------------------
unsat
benchmarks/QF_LIA/hysteresis_all.bmc_k100.smt2/hysteresis_all.bmc_k100.smt2_52.smt2 : 8 ms.
--------------------------------------------------
unsat
benchmarks/QF_LIA/hysteresis_all.bmc_k100.smt2/hysteresis_all.bmc_k100.smt2_53.smt2 : 8 ms.
--------------------------------------------------
unsat
benchmarks/QF_LIA/hysteresis_all.bmc_k100.smt2/hysteresis_all.bmc_k100.smt2_54.smt2 : 9 ms.
--------------------------------------------------
unsat
benchmarks/QF_LIA/hysteresis_all.bmc_k100.smt2/hysteresis_all.bmc_k100.smt2_55.smt2 : 8 ms.
--------------------------------------------------
unsat
benchmarks/QF_LIA/hysteresis_all.bmc_k100.smt2/hysteresis_all.bmc_k100.smt2_56.smt2 : 8 ms.
--------------------------------------------------
unsat
benchmarks/QF_LIA/hysteresis_all.bmc_k100.smt2/hysteresis_all.bmc_k100.smt2_57.smt2 : 9 ms.
--------------------------------------------------
unsat
benchmarks/QF_LIA/hysteresis_all.bmc_k100.smt2/hysteresis_all.bmc_k100.smt2_58.smt2 : 9 ms.
--------------------------------------------------
unsat
benchmarks/QF_LIA/hysteresis_all.bmc_k100.smt2/hysteresis_all.bmc_k100.smt2_59.smt2 : 9 ms.
--------------------------------------------------
unsat
benchmarks/QF_LIA/hysteresis_all.bmc_k100.smt2/hysteresis_all.bmc_k100.smt2_60.smt2 : 8 ms.
--------------------------------------------------
unsat
benchmarks/QF_LIA/hysteresis_all.bmc_k100.smt2/hysteresis_all.bmc_k100.smt2_61.smt2 : 9 ms.
--------------------------------------------------
unsat
benchmarks/QF_LIA/hysteresis_all.bmc_k100.smt2/hysteresis_all.bmc_k100.smt2_62.smt2 : 9 ms.
--------------------------------------------------
unsat
benchmarks/QF_LIA/hysteresis_all.bmc_k100.smt2/hysteresis_all.bmc_k100.smt2_63.smt2 : 8 ms.
--------------------------------------------------
unsat
benchmarks/QF_LIA/hysteresis_all.bmc_k100.smt2/hysteresis_all.bmc_k100.smt2_64.smt2 : 9 ms.
--------------------------------------------------
unsat
benchmarks/QF_LIA/hysteresis_all.bmc_k100.smt2/hysteresis_all.bmc_k100.smt2_65.smt2 : 10 ms.
--------------------------------------------------
unsat
benchmarks/QF_LIA/hysteresis_all.bmc_k100.smt2/hysteresis_all.bmc_k100.smt2_66.smt2 : 9 ms.
--------------------------------------------------
unsat
benchmarks/QF_LIA/hysteresis_all.bmc_k100.smt2/hysteresis_all.bmc_k100.smt2_67.smt2 : 11 ms.
--------------------------------------------------
unsat
benchmarks/QF_LIA/hysteresis_all.bmc_k100.smt2/hysteresis_all.bmc_k100.smt2_68.smt2 : 7 ms.
--------------------------------------------------
unsat
benchmarks/QF_LIA/hysteresis_all.bmc_k100.smt2/hysteresis_all.bmc_k100.smt2_69.smt2 : 7 ms.
--------------------------------------------------
unsat
benchmarks/QF_LIA/hysteresis_all.bmc_k100.smt2/hysteresis_all.bmc_k100.smt2_70.smt2 : 9 ms.
--------------------------------------------------
unsat
benchmarks/QF_LIA/hysteresis_all.bmc_k100.smt2/hysteresis_all.bmc_k100.smt2_71.smt2 : 9 ms.
--------------------------------------------------
unsat
benchmarks/QF_LIA/hysteresis_all.bmc_k100.smt2/hysteresis_all.bmc_k100.smt2_72.smt2 : 11 ms.
--------------------------------------------------
unsat
benchmarks/QF_LIA/hysteresis_all.bmc_k100.smt2/hysteresis_all.bmc_k100.smt2_73.smt2 : 10 ms.
--------------------------------------------------
unsat
benchmarks/QF_LIA/hysteresis_all.bmc_k100.smt2/hysteresis_all.bmc_k100.smt2_74.smt2 : 12 ms.
--------------------------------------------------
unsat
benchmarks/QF_LIA/hysteresis_all.bmc_k100.smt2/hysteresis_all.bmc_k100.smt2_75.smt2 : 11 ms.
--------------------------------------------------
unsat
benchmarks/QF_LIA/hysteresis_all.bmc_k100.smt2/hysteresis_all.bmc_k100.smt2_76.smt2 : 12 ms.
--------------------------------------------------
unsat
benchmarks/QF_LIA/hysteresis_all.bmc_k100.smt2/hysteresis_all.bmc_k100.smt2_77.smt2 : 10 ms.
--------------------------------------------------
unsat
benchmarks/QF_LIA/hysteresis_all.bmc_k100.smt2/hysteresis_all.bmc_k100.smt2_78.smt2 : 9 ms.
--------------------------------------------------
unsat
benchmarks/QF_LIA/hysteresis_all.bmc_k100.smt2/hysteresis_all.bmc_k100.smt2_79.smt2 : 12 ms.
--------------------------------------------------
unsat
benchmarks/QF_LIA/hysteresis_all.bmc_k100.smt2/hysteresis_all.bmc_k100.smt2_80.smt2 : 11 ms.
--------------------------------------------------
unsat
benchmarks/QF_LIA/hysteresis_all.bmc_k100.smt2/hysteresis_all.bmc_k100.smt2_81.smt2 : 12 ms.
--------------------------------------------------
unsat
benchmarks/QF_LIA/hysteresis_all.bmc_k100.smt2/hysteresis_all.bmc_k100.smt2_82.smt2 : 11 ms.
--------------------------------------------------
unsat
benchmarks/QF_LIA/hysteresis_all.bmc_k100.smt2/hysteresis_all.bmc_k100.smt2_83.smt2 : 11 ms.
--------------------------------------------------
unsat
benchmarks/QF_LIA/hysteresis_all.bmc_k100.smt2/hysteresis_all.bmc_k100.smt2_84.smt2 : 12 ms.
--------------------------------------------------
unsat
benchmarks/QF_LIA/hysteresis_all.bmc_k100.smt2/hysteresis_all.bmc_k100.smt2_85.smt2 : 12 ms.
--------------------------------------------------
unsat
benchmarks/QF_LIA/hysteresis_all.bmc_k100.smt2/hysteresis_all.bmc_k100.smt2_86.smt2 : 10 ms.
--------------------------------------------------
unsat
benchmarks/QF_LIA/hysteresis_all.bmc_k100.smt2/hysteresis_all.bmc_k100.smt2_87.smt2 : 14 ms.
--------------------------------------------------
unsat
benchmarks/QF_LIA/hysteresis_all.bmc_k100.smt2/hysteresis_all.bmc_k100.smt2_88.smt2 : 31 ms.
--------------------------------------------------
unsat
benchmarks/QF_LIA/hysteresis_all.bmc_k100.smt2/hysteresis_all.bmc_k100.smt2_89.smt2 : 11 ms.
--------------------------------------------------
unsat
benchmarks/QF_LIA/hysteresis_all.bmc_k100.smt2/hysteresis_all.bmc_k100.smt2_90.smt2 : 12 ms.
--------------------------------------------------
unsat
benchmarks/QF_LIA/hysteresis_all.bmc_k100.smt2/hysteresis_all.bmc_k100.smt2_91.smt2 : 12 ms.
--------------------------------------------------
unsat
benchmarks/QF_LIA/hysteresis_all.bmc_k100.smt2/hysteresis_all.bmc_k100.smt2_92.smt2 : 12 ms.
--------------------------------------------------
unsat
benchmarks/QF_LIA/hysteresis_all.bmc_k100.smt2/hysteresis_all.bmc_k100.smt2_93.smt2 : 12 ms.
--------------------------------------------------
unsat
benchmarks/QF_LIA/hysteresis_all.bmc_k100.smt2/hysteresis_all.bmc_k100.smt2_94.smt2 : 10 ms.
--------------------------------------------------
unsat
benchmarks/QF_LIA/hysteresis_all.bmc_k100.smt2/hysteresis_all.bmc_k100.smt2_95.smt2 : 13 ms.
--------------------------------------------------
unsat
benchmarks/QF_LIA/hysteresis_all.bmc_k100.smt2/hysteresis_all.bmc_k100.smt2_96.smt2 : 12 ms.
--------------------------------------------------
unsat
benchmarks/QF_LIA/hysteresis_all.bmc_k100.smt2/hysteresis_all.bmc_k100.smt2_97.smt2 : 13 ms.
--------------------------------------------------
unsat
benchmarks/QF_LIA/hysteresis_all.bmc_k100.smt2/hysteresis_all.bmc_k100.smt2_98.smt2 : 12 ms.
--------------------------------------------------
unsat
benchmarks/QF_LIA/hysteresis_all.bmc_k100.smt2/hysteresis_all.bmc_k100.smt2_99.smt2 : 11 ms.
--------------------------------------------------
unsat
benchmarks/QF_LIA/hysteresis_all.bmc_k100.smt2/hysteresis_all.bmc_k100.smt2_100.smt2 : 12 ms.
--------------------------------------------------
unsat
benchmarks/QF_LIA/hysteresis_all.bmc_k100.smt2/hysteresis_all.bmc_k100.smt2_101.smt2 : 13 ms.
--------------------------------------------------
unsat
benchmarks/QF_LIA/metros_1.bmc_k100.smt2/metros_1.bmc_k100.smt2_1.smt2 : 3 ms.
--------------------------------------------------
unsat
benchmarks/QF_LIA/metros_1.bmc_k100.smt2/metros_1.bmc_k100.smt2_2.smt2 : 4 ms.
--------------------------------------------------
unsat
benchmarks/QF_LIA/metros_1.bmc_k100.smt2/metros_1.bmc_k100.smt2_3.smt2 : 4 ms.
--------------------------------------------------
unsat
benchmarks/QF_LIA/metros_1.bmc_k100.smt2/metros_1.bmc_k100.smt2_4.smt2 : 4 ms.
--------------------------------------------------
unsat
benchmarks/QF_LIA/metros_1.bmc_k100.smt2/metros_1.bmc_k100.smt2_5.smt2 : 4 ms.
--------------------------------------------------
unsat
benchmarks/QF_LIA/metros_1.bmc_k100.smt2/metros_1.bmc_k100.smt2_6.smt2 : 4 ms.
--------------------------------------------------
unsat
benchmarks/QF_LIA/metros_1.bmc_k100.smt2/metros_1.bmc_k100.smt2_7.smt2 : 5 ms.
--------------------------------------------------
unsat
benchmarks/QF_LIA/metros_1.bmc_k100.smt2/metros_1.bmc_k100.smt2_8.smt2 : 5 ms.
--------------------------------------------------
unsat
benchmarks/QF_LIA/metros_1.bmc_k100.smt2/metros_1.bmc_k100.smt2_9.smt2 : 7 ms.
--------------------------------------------------
unsat
benchmarks/QF_LIA/metros_1.bmc_k100.smt2/metros_1.bmc_k100.smt2_10.smt2 : 5 ms.
--------------------------------------------------
unsat
benchmarks/QF_LIA/metros_1.bmc_k100.smt2/metros_1.bmc_k100.smt2_11.smt2 : 5 ms.
--------------------------------------------------
unsat
benchmarks/QF_LIA/metros_1.bmc_k100.smt2/metros_1.bmc_k100.smt2_12.smt2 : 7 ms.
--------------------------------------------------
unsat
benchmarks/QF_LIA/metros_1.bmc_k100.smt2/metros_1.bmc_k100.smt2_13.smt2 : 7 ms.
--------------------------------------------------
unsat
benchmarks/QF_LIA/metros_1.bmc_k100.smt2/metros_1.bmc_k100.smt2_14.smt2 : 8 ms.
--------------------------------------------------
unsat
benchmarks/QF_LIA/metros_1.bmc_k100.smt2/metros_1.bmc_k100.smt2_15.smt2 : 6 ms.
--------------------------------------------------
unsat
benchmarks/QF_LIA/metros_1.bmc_k100.smt2/metros_1.bmc_k100.smt2_16.smt2 : 7 ms.
--------------------------------------------------
unsat
benchmarks/QF_LIA/metros_1.bmc_k100.smt2/metros_1.bmc_k100.smt2_17.smt2 : 9 ms.
--------------------------------------------------
unsat
benchmarks/QF_LIA/metros_1.bmc_k100.smt2/metros_1.bmc_k100.smt2_18.smt2 : 8 ms.
--------------------------------------------------
unsat
benchmarks/QF_LIA/metros_1.bmc_k100.smt2/metros_1.bmc_k100.smt2_19.smt2 : 9 ms.
--------------------------------------------------
unsat
benchmarks/QF_LIA/metros_1.bmc_k100.smt2/metros_1.bmc_k100.smt2_20.smt2 : 8 ms.
--------------------------------------------------
unsat
benchmarks/QF_LIA/metros_1.bmc_k100.smt2/metros_1.bmc_k100.smt2_21.smt2 : 9 ms.
--------------------------------------------------
unsat
benchmarks/QF_LIA/metros_1.bmc_k100.smt2/metros_1.bmc_k100.smt2_22.smt2 : 10 ms.
--------------------------------------------------
unsat
benchmarks/QF_LIA/metros_1.bmc_k100.smt2/metros_1.bmc_k100.smt2_23.smt2 : 9 ms.
--------------------------------------------------
unsat
benchmarks/QF_LIA/metros_1.bmc_k100.smt2/metros_1.bmc_k100.smt2_24.smt2 : 7 ms.
--------------------------------------------------
unsat
benchmarks/QF_LIA/metros_1.bmc_k100.smt2/metros_1.bmc_k100.smt2_25.smt2 : 8 ms.
--------------------------------------------------
unsat
benchmarks/QF_LIA/metros_1.bmc_k100.smt2/metros_1.bmc_k100.smt2_26.smt2 : 11 ms.
--------------------------------------------------
unsat
benchmarks/QF_LIA/metros_1.bmc_k100.smt2/metros_1.bmc_k100.smt2_27.smt2 : 13 ms.
--------------------------------------------------
unsat
benchmarks/QF_LIA/metros_1.bmc_k100.smt2/metros_1.bmc_k100.smt2_28.smt2 : 14 ms.
--------------------------------------------------
unsat
benchmarks/QF_LIA/metros_1.bmc_k100.smt2/metros_1.bmc_k100.smt2_29.smt2 : 11 ms.
--------------------------------------------------
unsat
benchmarks/QF_LIA/metros_1.bmc_k100.smt2/metros_1.bmc_k100.smt2_30.smt2 : 8 ms.
--------------------------------------------------
unsat
benchmarks/QF_LIA/metros_1.bmc_k100.smt2/metros_1.bmc_k100.smt2_31.smt2 : 9 ms.
--------------------------------------------------
unsat
benchmarks/QF_LIA/metros_1.bmc_k100.smt2/metros_1.bmc_k100.smt2_32.smt2 : 20 ms.
--------------------------------------------------
unsat
benchmarks/QF_LIA/metros_1.bmc_k100.smt2/metros_1.bmc_k100.smt2_33.smt2 : 13 ms.
--------------------------------------------------
unsat
benchmarks/QF_LIA/metros_1.bmc_k100.smt2/metros_1.bmc_k100.smt2_34.smt2 : 11 ms.
--------------------------------------------------
unsat
benchmarks/QF_LIA/metros_1.bmc_k100.smt2/metros_1.bmc_k100.smt2_35.smt2 : 16 ms.
--------------------------------------------------
unsat
benchmarks/QF_LIA/metros_1.bmc_k100.smt2/metros_1.bmc_k100.smt2_36.smt2 : 14 ms.
--------------------------------------------------
unsat
benchmarks/QF_LIA/metros_1.bmc_k100.smt2/metros_1.bmc_k100.smt2_37.smt2 : 18 ms.
--------------------------------------------------
unsat
benchmarks/QF_LIA/metros_1.bmc_k100.smt2/metros_1.bmc_k100.smt2_38.smt2 : 17 ms.
--------------------------------------------------
unsat
benchmarks/QF_LIA/metros_1.bmc_k100.smt2/metros_1.bmc_k100.smt2_39.smt2 : 16 ms.
--------------------------------------------------
unsat
benchmarks/QF_LIA/metros_1.bmc_k100.smt2/metros_1.bmc_k100.smt2_40.smt2 : 23 ms.
--------------------------------------------------
unsat
benchmarks/QF_LIA/metros_1.bmc_k100.smt2/metros_1.bmc_k100.smt2_41.smt2 : 17 ms.
--------------------------------------------------
unsat
benchmarks/QF_LIA/metros_1.bmc_k100.smt2/metros_1.bmc_k100.smt2_42.smt2 : 22 ms.
--------------------------------------------------
unsat
benchmarks/QF_LIA/metros_1.bmc_k100.smt2/metros_1.bmc_k100.smt2_43.smt2 : 22 ms.
--------------------------------------------------
unsat
benchmarks/QF_LIA/metros_1.bmc_k100.smt2/metros_1.bmc_k100.smt2_44.smt2 : 21 ms.
--------------------------------------------------
unsat
benchmarks/QF_LIA/metros_1.bmc_k100.smt2/metros_1.bmc_k100.smt2_45.smt2 : 26 ms.
--------------------------------------------------
unsat
benchmarks/QF_LIA/metros_1.bmc_k100.smt2/metros_1.bmc_k100.smt2_46.smt2 : 24 ms.
--------------------------------------------------
unsat
benchmarks/QF_LIA/metros_1.bmc_k100.smt2/metros_1.bmc_k100.smt2_47.smt2 : 26 ms.
--------------------------------------------------
unsat
benchmarks/QF_LIA/metros_1.bmc_k100.smt2/metros_1.bmc_k100.smt2_48.smt2 : 27 ms.
--------------------------------------------------
unsat
benchmarks/QF_LIA/metros_1.bmc_k100.smt2/metros_1.bmc_k100.smt2_49.smt2 : 25 ms.
--------------------------------------------------
unsat
benchmarks/QF_LIA/metros_1.bmc_k100.smt2/metros_1.bmc_k100.smt2_50.smt2 : 26 ms.
--------------------------------------------------
unsat
benchmarks/QF_LIA/metros_1.bmc_k100.smt2/metros_1.bmc_k100.smt2_51.smt2 : 23 ms.
--------------------------------------------------
unsat
benchmarks/QF_LIA/metros_1.bmc_k100.smt2/metros_1.bmc_k100.smt2_52.smt2 : 29 ms.
--------------------------------------------------
unsat
benchmarks/QF_LIA/metros_1.bmc_k100.smt2/metros_1.bmc_k100.smt2_53.smt2 : 43 ms.
--------------------------------------------------
unsat
benchmarks/QF_LIA/metros_1.bmc_k100.smt2/metros_1.bmc_k100.smt2_54.smt2 : 29 ms.
--------------------------------------------------
unsat
benchmarks/QF_LIA/metros_1.bmc_k100.smt2/metros_1.bmc_k100.smt2_55.smt2 : 36 ms.
--------------------------------------------------
unsat
benchmarks/QF_LIA/metros_1.bmc_k100.smt2/metros_1.bmc_k100.smt2_56.smt2 : 38 ms.
--------------------------------------------------
unsat
benchmarks/QF_LIA/metros_1.bmc_k100.smt2/metros_1.bmc_k100.smt2_57.smt2 : 27 ms.
--------------------------------------------------
unsat
benchmarks/QF_LIA/metros_1.bmc_k100.smt2/metros_1.bmc_k100.smt2_58.smt2 : 34 ms.
--------------------------------------------------
unsat
benchmarks/QF_LIA/metros_1.bmc_k100.smt2/metros_1.bmc_k100.smt2_59.smt2 : 47 ms.
--------------------------------------------------
unsat
benchmarks/QF_LIA/metros_1.bmc_k100.smt2/metros_1.bmc_k100.smt2_60.smt2 : 42 ms.
--------------------------------------------------
unsat
benchmarks/QF_LIA/metros_1.bmc_k100.smt2/metros_1.bmc_k100.smt2_61.smt2 : 40 ms.
--------------------------------------------------
unsat
benchmarks/QF_LIA/metros_1.bmc_k100.smt2/metros_1.bmc_k100.smt2_62.smt2 : 50 ms.
--------------------------------------------------
unsat
benchmarks/QF_LIA/metros_1.bmc_k100.smt2/metros_1.bmc_k100.smt2_63.smt2 : 51 ms.
--------------------------------------------------
unsat
benchmarks/QF_LIA/metros_1.bmc_k100.smt2/metros_1.bmc_k100.smt2_64.smt2 : 34 ms.
--------------------------------------------------
unsat
benchmarks/QF_LIA/metros_1.bmc_k100.smt2/metros_1.bmc_k100.smt2_65.smt2 : 32 ms.
--------------------------------------------------
unsat
benchmarks/QF_LIA/metros_1.bmc_k100.smt2/metros_1.bmc_k100.smt2_66.smt2 : 65 ms.
--------------------------------------------------
unsat
benchmarks/QF_LIA/metros_1.bmc_k100.smt2/metros_1.bmc_k100.smt2_67.smt2 : 34 ms.
--------------------------------------------------
unsat
benchmarks/QF_LIA/metros_1.bmc_k100.smt2/metros_1.bmc_k100.smt2_68.smt2 : 57 ms.
--------------------------------------------------
unsat
benchmarks/QF_LIA/metros_1.bmc_k100.smt2/metros_1.bmc_k100.smt2_69.smt2 : 50 ms.
--------------------------------------------------
unsat
benchmarks/QF_LIA/metros_1.bmc_k100.smt2/metros_1.bmc_k100.smt2_70.smt2 : 65 ms.
--------------------------------------------------
unsat
benchmarks/QF_LIA/metros_1.bmc_k100.smt2/metros_1.bmc_k100.smt2_71.smt2 : 63 ms.
--------------------------------------------------
unsat
benchmarks/QF_LIA/metros_1.bmc_k100.smt2/metros_1.bmc_k100.smt2_72.smt2 : 69 ms.
--------------------------------------------------
unsat
benchmarks/QF_LIA/metros_1.bmc_k100.smt2/metros_1.bmc_k100.smt2_73.smt2 : 34 ms.
--------------------------------------------------
unsat
benchmarks/QF_LIA/metros_1.bmc_k100.smt2/metros_1.bmc_k100.smt2_74.smt2 : 62 ms.
--------------------------------------------------
unsat
benchmarks/QF_LIA/metros_1.bmc_k100.smt2/metros_1.bmc_k100.smt2_75.smt2 : 66 ms.
--------------------------------------------------
unsat
benchmarks/QF_LIA/metros_1.bmc_k100.smt2/metros_1.bmc_k100.smt2_76.smt2 : 67 ms.
--------------------------------------------------
unsat
benchmarks/QF_LIA/metros_1.bmc_k100.smt2/metros_1.bmc_k100.smt2_77.smt2 : 84 ms.
--------------------------------------------------
unsat
benchmarks/QF_LIA/metros_1.bmc_k100.smt2/metros_1.bmc_k100.smt2_78.smt2 : 71 ms.
--------------------------------------------------
unsat
benchmarks/QF_LIA/metros_1.bmc_k100.smt2/metros_1.bmc_k100.smt2_79.smt2 : 80 ms.
--------------------------------------------------
unsat
benchmarks/QF_LIA/metros_1.bmc_k100.smt2/metros_1.bmc_k100.smt2_80.smt2 : 94 ms.
--------------------------------------------------
unsat
benchmarks/QF_LIA/metros_1.bmc_k100.smt2/metros_1.bmc_k100.smt2_81.smt2 : 48 ms.
--------------------------------------------------
unsat
benchmarks/QF_LIA/metros_1.bmc_k100.smt2/metros_1.bmc_k100.smt2_82.smt2 : 81 ms.
--------------------------------------------------
unsat
benchmarks/QF_LIA/metros_1.bmc_k100.smt2/metros_1.bmc_k100.smt2_83.smt2 : 72 ms.
--------------------------------------------------
unsat
benchmarks/QF_LIA/metros_1.bmc_k100.smt2/metros_1.bmc_k100.smt2_84.smt2 : 113 ms.
--------------------------------------------------
unsat
benchmarks/QF_LIA/metros_1.bmc_k100.smt2/metros_1.bmc_k100.smt2_85.smt2 : 46 ms.
--------------------------------------------------
unsat
benchmarks/QF_LIA/metros_1.bmc_k100.smt2/metros_1.bmc_k100.smt2_86.smt2 : 58 ms.
--------------------------------------------------
unsat
benchmarks/QF_LIA/metros_1.bmc_k100.smt2/metros_1.bmc_k100.smt2_87.smt2 : 106 ms.
--------------------------------------------------
unsat
benchmarks/QF_LIA/metros_1.bmc_k100.smt2/metros_1.bmc_k100.smt2_88.smt2 : 90 ms.
--------------------------------------------------
unsat
benchmarks/QF_LIA/metros_1.bmc_k100.smt2/metros_1.bmc_k100.smt2_89.smt2 : 102 ms.
--------------------------------------------------
unsat
benchmarks/QF_LIA/metros_1.bmc_k100.smt2/metros_1.bmc_k100.smt2_90.smt2 : 83 ms.
--------------------------------------------------
unsat
benchmarks/QF_LIA/metros_1.bmc_k100.smt2/metros_1.bmc_k100.smt2_91.smt2 : 122 ms.
--------------------------------------------------
unsat
benchmarks/QF_LIA/metros_1.bmc_k100.smt2/metros_1.bmc_k100.smt2_92.smt2 : 104 ms.
--------------------------------------------------
unsat
benchmarks/QF_LIA/metros_1.bmc_k100.smt2/metros_1.bmc_k100.smt2_93.smt2 : 123 ms.
--------------------------------------------------
unsat
benchmarks/QF_LIA/metros_1.bmc_k100.smt2/metros_1.bmc_k100.smt2_94.smt2 : 112 ms.
--------------------------------------------------
unsat
benchmarks/QF_LIA/metros_1.bmc_k100.smt2/metros_1.bmc_k100.smt2_95.smt2 : 114 ms.
--------------------------------------------------
unsat
benchmarks/QF_LIA/metros_1.bmc_k100.smt2/metros_1.bmc_k100.smt2_96.smt2 : 142 ms.
--------------------------------------------------
unsat
benchmarks/QF_LIA/metros_1.bmc_k100.smt2/metros_1.bmc_k100.smt2_97.smt2 : 150 ms.
--------------------------------------------------
unsat
benchmarks/QF_LIA/metros_1.bmc_k100.smt2/metros_1.bmc_k100.smt2_98.smt2 : 129 ms.
--------------------------------------------------
unsat
benchmarks/QF_LIA/metros_1.bmc_k100.smt2/metros_1.bmc_k100.smt2_99.smt2 : 122 ms.
--------------------------------------------------
unsat
benchmarks/QF_LIA/metros_1.bmc_k100.smt2/metros_1.bmc_k100.smt2_100.smt2 : 99 ms.
--------------------------------------------------
unsat
benchmarks/QF_LIA/metros_1.bmc_k100.smt2/metros_1.bmc_k100.smt2_101.smt2 : 66 ms.
--------------------------------------------------
unsat
benchmarks/QF_LIA/pc_sfifo_3.c.kratos.int.bmc_k100.smt2/pc_sfifo_3.c.kratos.int.bmc_k100.smt2_1.smt2 : 3 ms.
