--------------------------------------------------
unsat
benchmarks/QF_LIA/speed2.ind_k100.smt2/speed2.ind_k100.smt2_78.smt2 : 46 ms.
--------------------------------------------------
unsat
benchmarks/QF_LIA/speed2.ind_k100.smt2/speed2.ind_k100.smt2_79.smt2 : 9 ms.
--------------------------------------------------
unsat
benchmarks/QF_LIA/speed2.ind_k100.smt2/speed2.ind_k100.smt2_80.smt2 : 9 ms.
--------------------------------------------------
unsat
benchmarks/QF_LIA/speed2.ind_k100.smt2/speed2.ind_k100.smt2_81.smt2 : 10 ms.
--------------------------------------------------
unsat
benchmarks/QF_LIA/speed2.ind_k100.smt2/speed2.ind_k100.smt2_82.smt2 : 9 ms.
--------------------------------------------------
unsat
benchmarks/QF_LIA/speed2.ind_k100.smt2/speed2.ind_k100.smt2_83.smt2 : 9 ms.
--------------------------------------------------
unsat
benchmarks/QF_LIA/speed2.ind_k100.smt2/speed2.ind_k100.smt2_84.smt2 : 12 ms.
--------------------------------------------------
unsat
benchmarks/QF_LIA/speed2.ind_k100.smt2/speed2.ind_k100.smt2_85.smt2 : 8 ms.
--------------------------------------------------
unsat
benchmarks/QF_LIA/speed2.ind_k100.smt2/speed2.ind_k100.smt2_86.smt2 : 10 ms.
--------------------------------------------------
unsat
benchmarks/QF_LIA/speed2.ind_k100.smt2/speed2.ind_k100.smt2_87.smt2 : 7 ms.
--------------------------------------------------
unsat
benchmarks/QF_LIA/speed2.ind_k100.smt2/speed2.ind_k100.smt2_88.smt2 : 10 ms.
--------------------------------------------------
unsat
benchmarks/QF_LIA/speed2.ind_k100.smt2/speed2.ind_k100.smt2_89.smt2 : 8 ms.
--------------------------------------------------
unsat
benchmarks/QF_LIA/speed2.ind_k100.smt2/speed2.ind_k100.smt2_90.smt2 : 12 ms.
--------------------------------------------------
unsat
benchmarks/QF_LIA/speed2.ind_k100.smt2/speed2.ind_k100.smt2_91.smt2 : 8 ms.
--------------------------------------------------
unsat
benchmarks/QF_LIA/speed2.ind_k100.smt2/speed2.ind_k100.smt2_92.smt2 : 13 ms.
--------------------------------------------------
unsat
benchmarks/QF_LIA/speed2.ind_k100.smt2/speed2.ind_k100.smt2_93.smt2 : 11 ms.
--------------------------------------------------
unsat
benchmarks/QF_LIA/speed2.ind_k100.smt2/speed2.ind_k100.smt2_94.smt2 : 10 ms.
--------------------------------------------------
unsat
benchmarks/QF_LIA/speed2.ind_k100.smt2/speed2.ind_k100.smt2_95.smt2 : 8 ms.
--------------------------------------------------
unsat
benchmarks/QF_LIA/speed2.ind_k100.smt2/speed2.ind_k100.smt2_96.smt2 : 9 ms.
--------------------------------------------------
unsat
benchmarks/QF_LIA/speed2.ind_k100.smt2/speed2.ind_k100.smt2_97.smt2 : 9 ms.
--------------------------------------------------
unsat
benchmarks/QF_LIA/speed2.ind_k100.smt2/speed2.ind_k100.smt2_98.smt2 : 12 ms.
--------------------------------------------------
unsat
benchmarks/QF_LIA/speed2.ind_k100.smt2/speed2.ind_k100.smt2_99.smt2 : 9 ms.
--------------------------------------------------
unsat
benchmarks/QF_LIA/speed2.ind_k100.smt2/speed2.ind_k100.smt2_100.smt2 : 9 ms.
--------------------------------------------------
unsat
benchmarks/QF_LIA/speed2.ind_k100.smt2/speed2.ind_k100.smt2_101.smt2 : 10 ms.
--------------------------------------------------
unsat
benchmarks/QF_LIA/speed2.ind_k100.smt2/speed2.ind_k100.smt2_102.smt2 : 12 ms.
--------------------------------------------------
unsat
benchmarks/QF_LIA/speed2.ind_k100.smt2/speed2.ind_k100.smt2_103.smt2 : 10 ms.
--------------------------------------------------
unsat
benchmarks/QF_LIA/speed2.ind_k100.smt2/speed2.ind_k100.smt2_104.smt2 : 10 ms.
--------------------------------------------------
unsat
benchmarks/QF_LIA/speed2.ind_k100.smt2/speed2.ind_k100.smt2_105.smt2 : 7 ms.
--------------------------------------------------
unsat
benchmarks/QF_LIA/speed2.ind_k100.smt2/speed2.ind_k100.smt2_106.smt2 : 10 ms.
--------------------------------------------------
unsat
benchmarks/QF_LIA/speed2.ind_k100.smt2/speed2.ind_k100.smt2_107.smt2 : 10 ms.
--------------------------------------------------
unsat
benchmarks/QF_LIA/speed2.ind_k100.smt2/speed2.ind_k100.smt2_108.smt2 : 10 ms.
--------------------------------------------------
unsat
benchmarks/QF_LIA/speed2.ind_k100.smt2/speed2.ind_k100.smt2_109.smt2 : 11 ms.
--------------------------------------------------
unsat
benchmarks/QF_LIA/speed2.ind_k100.smt2/speed2.ind_k100.smt2_110.smt2 : 13 ms.
--------------------------------------------------
unsat
benchmarks/QF_LIA/speed2.ind_k100.smt2/speed2.ind_k100.smt2_111.smt2 : 12 ms.
--------------------------------------------------
unsat
benchmarks/QF_LIA/speed2.ind_k100.smt2/speed2.ind_k100.smt2_112.smt2 : 7 ms.
--------------------------------------------------
unsat
benchmarks/QF_LIA/speed2.ind_k100.smt2/speed2.ind_k100.smt2_113.smt2 : 10 ms.
--------------------------------------------------
unsat
benchmarks/QF_LIA/speed2.ind_k100.smt2/speed2.ind_k100.smt2_114.smt2 : 17 ms.
--------------------------------------------------
unsat
benchmarks/QF_LIA/speed2.ind_k100.smt2/speed2.ind_k100.smt2_115.smt2 : 11 ms.
--------------------------------------------------
unsat
benchmarks/QF_LIA/speed2.ind_k100.smt2/speed2.ind_k100.smt2_116.smt2 : 10 ms.
--------------------------------------------------
unsat
benchmarks/QF_LIA/speed2.ind_k100.smt2/speed2.ind_k100.smt2_117.smt2 : 8 ms.
--------------------------------------------------
unsat
benchmarks/QF_LIA/speed2.ind_k100.smt2/speed2.ind_k100.smt2_118.smt2 : 10 ms.
--------------------------------------------------
unsat
benchmarks/QF_LIA/speed2.ind_k100.smt2/speed2.ind_k100.smt2_119.smt2 : 15 ms.
--------------------------------------------------
unsat
benchmarks/QF_LIA/speed2.ind_k100.smt2/speed2.ind_k100.smt2_120.smt2 : 11 ms.
--------------------------------------------------
unsat
benchmarks/QF_LIA/speed2.ind_k100.smt2/speed2.ind_k100.smt2_121.smt2 : 9 ms.
--------------------------------------------------
unsat
benchmarks/QF_LIA/speed2.ind_k100.smt2/speed2.ind_k100.smt2_122.smt2 : 15 ms.
--------------------------------------------------
unsat
benchmarks/QF_LIA/speed2.ind_k100.smt2/speed2.ind_k100.smt2_123.smt2 : 10 ms.
--------------------------------------------------
unsat
benchmarks/QF_LIA/speed2.ind_k100.smt2/speed2.ind_k100.smt2_124.smt2 : 10 ms.
--------------------------------------------------
unsat
benchmarks/QF_LIA/speed2.ind_k100.smt2/speed2.ind_k100.smt2_125.smt2 : 9 ms.
--------------------------------------------------
unsat
benchmarks/QF_LIA/speed2.ind_k100.smt2/speed2.ind_k100.smt2_126.smt2 : 13 ms.
--------------------------------------------------
unsat
benchmarks/QF_LIA/speed2.ind_k100.smt2/speed2.ind_k100.smt2_127.smt2 : 12 ms.
--------------------------------------------------
unsat
benchmarks/QF_LIA/speed2.ind_k100.smt2/speed2.ind_k100.smt2_128.smt2 : 12 ms.
--------------------------------------------------
unsat
benchmarks/QF_LIA/speed2.ind_k100.smt2/speed2.ind_k100.smt2_129.smt2 : 13 ms.
--------------------------------------------------
unsat
benchmarks/QF_LIA/speed2.ind_k100.smt2/speed2.ind_k100.smt2_130.smt2 : 13 ms.
--------------------------------------------------
unsat
benchmarks/QF_LIA/speed2.ind_k100.smt2/speed2.ind_k100.smt2_131.smt2 : 10 ms.
--------------------------------------------------
unsat
benchmarks/QF_LIA/speed2.ind_k100.smt2/speed2.ind_k100.smt2_132.smt2 : 13 ms.
--------------------------------------------------
unsat
benchmarks/QF_LIA/speed2.ind_k100.smt2/speed2.ind_k100.smt2_133.smt2 : 14 ms.
--------------------------------------------------
unsat
benchmarks/QF_LIA/speed2.ind_k100.smt2/speed2.ind_k100.smt2_134.smt2 : 17 ms.
--------------------------------------------------
unsat
benchmarks/QF_LIA/speed2.ind_k100.smt2/speed2.ind_k100.smt2_135.smt2 : 10 ms.
--------------------------------------------------
unsat
benchmarks/QF_LIA/speed2.ind_k100.smt2/speed2.ind_k100.smt2_136.smt2 : 16 ms.
--------------------------------------------------
unsat
benchmarks/QF_LIA/speed2.ind_k100.smt2/speed2.ind_k100.smt2_137.smt2 : 17 ms.
--------------------------------------------------
unsat
benchmarks/QF_LIA/speed2.ind_k100.smt2/speed2.ind_k100.smt2_138.smt2 : 13 ms.
--------------------------------------------------
unsat
benchmarks/QF_LIA/speed2.ind_k100.smt2/speed2.ind_k100.smt2_139.smt2 : 13 ms.
--------------------------------------------------
unsat
benchmarks/QF_LIA/speed2.ind_k100.smt2/speed2.ind_k100.smt2_140.smt2 : 14 ms.
--------------------------------------------------
unsat
benchmarks/QF_LIA/speed2.ind_k100.smt2/speed2.ind_k100.smt2_141.smt2 : 9 ms.
--------------------------------------------------
unsat
benchmarks/QF_LIA/speed2.ind_k100.smt2/speed2.ind_k100.smt2_142.smt2 : 15 ms.
--------------------------------------------------
unsat
benchmarks/QF_LIA/speed2.ind_k100.smt2/speed2.ind_k100.smt2_143.smt2 : 13 ms.
--------------------------------------------------
unsat
benchmarks/QF_LIA/speed2.ind_k100.smt2/speed2.ind_k100.smt2_144.smt2 : 13 ms.
--------------------------------------------------
unsat
benchmarks/QF_LIA/speed2.ind_k100.smt2/speed2.ind_k100.smt2_145.smt2 : 14 ms.
--------------------------------------------------
unsat
benchmarks/QF_LIA/speed2.ind_k100.smt2/speed2.ind_k100.smt2_146.smt2 : 12 ms.
--------------------------------------------------
unsat
benchmarks/QF_LIA/speed2.ind_k100.smt2/speed2.ind_k100.smt2_147.smt2 : 15 ms.
--------------------------------------------------
unsat
benchmarks/QF_LIA/speed2.ind_k100.smt2/speed2.ind_k100.smt2_148.smt2 : 13 ms.
--------------------------------------------------
unsat
benchmarks/QF_LIA/speed2.ind_k100.smt2/speed2.ind_k100.smt2_149.smt2 : 13 ms.
--------------------------------------------------
unsat
benchmarks/QF_LIA/speed2.ind_k100.smt2/speed2.ind_k100.smt2_150.smt2 : 10 ms.
--------------------------------------------------
unsat
benchmarks/QF_LIA/speed2.ind_k100.smt2/speed2.ind_k100.smt2_151.smt2 : 12 ms.
--------------------------------------------------
unsat
benchmarks/QF_LIA/speed2.ind_k100.smt2/speed2.ind_k100.smt2_152.smt2 : 19 ms.
--------------------------------------------------
unsat
benchmarks/QF_LIA/speed2.ind_k100.smt2/speed2.ind_k100.smt2_153.smt2 : 14 ms.
--------------------------------------------------
unsat
benchmarks/QF_LIA/speed2.ind_k100.smt2/speed2.ind_k100.smt2_154.smt2 : 18 ms.
--------------------------------------------------
unsat
benchmarks/QF_LIA/speed2.ind_k100.smt2/speed2.ind_k100.smt2_155.smt2 : 14 ms.
--------------------------------------------------
unsat
benchmarks/QF_LIA/speed2.ind_k100.smt2/speed2.ind_k100.smt2_156.smt2 : 15 ms.
--------------------------------------------------
unsat
benchmarks/QF_LIA/speed2.ind_k100.smt2/speed2.ind_k100.smt2_157.smt2 : 19 ms.
--------------------------------------------------
unsat
benchmarks/QF_LIA/speed2.ind_k100.smt2/speed2.ind_k100.smt2_158.smt2 : 13 ms.
--------------------------------------------------
unsat
benchmarks/QF_LIA/speed2.ind_k100.smt2/speed2.ind_k100.smt2_159.smt2 : 15 ms.
--------------------------------------------------
unsat
benchmarks/QF_LIA/speed2.ind_k100.smt2/speed2.ind_k100.smt2_160.smt2 : 13 ms.
--------------------------------------------------
unsat
benchmarks/QF_LIA/speed2.ind_k100.smt2/speed2.ind_k100.smt2_161.smt2 : 14 ms.
--------------------------------------------------
unsat
benchmarks/QF_LIA/speed2.ind_k100.smt2/speed2.ind_k100.smt2_162.smt2 : 15 ms.
--------------------------------------------------
unsat
benchmarks/QF_LIA/speed2.ind_k100.smt2/speed2.ind_k100.smt2_163.smt2 : 11 ms.
--------------------------------------------------
unsat
benchmarks/QF_LIA/speed2.ind_k100.smt2/speed2.ind_k100.smt2_164.smt2 : 16 ms.
--------------------------------------------------
unsat
benchmarks/QF_LIA/speed2.ind_k100.smt2/speed2.ind_k100.smt2_165.smt2 : 14 ms.
--------------------------------------------------
unsat
benchmarks/QF_LIA/speed2.ind_k100.smt2/speed2.ind_k100.smt2_166.smt2 : 18 ms.
--------------------------------------------------
unsat
benchmarks/QF_LIA/speed2.ind_k100.smt2/speed2.ind_k100.smt2_167.smt2 : 11 ms.
--------------------------------------------------
unsat
benchmarks/QF_LIA/speed2.ind_k100.smt2/speed2.ind_k100.smt2_168.smt2 : 17 ms.
--------------------------------------------------
unsat
benchmarks/QF_LIA/speed2.ind_k100.smt2/speed2.ind_k100.smt2_169.smt2 : 15 ms.
--------------------------------------------------
unsat
benchmarks/QF_LIA/speed2.ind_k100.smt2/speed2.ind_k100.smt2_170.smt2 : 13 ms.
--------------------------------------------------
unsat
benchmarks/QF_LIA/speed2.ind_k100.smt2/speed2.ind_k100.smt2_171.smt2 : 12 ms.
--------------------------------------------------
unsat
benchmarks/QF_LIA/speed2.ind_k100.smt2/speed2.ind_k100.smt2_172.smt2 : 20 ms.
--------------------------------------------------
unsat
benchmarks/QF_LIA/speed2.ind_k100.smt2/speed2.ind_k100.smt2_173.smt2 : 21 ms.
--------------------------------------------------
unsat
benchmarks/QF_LIA/speed2.ind_k100.smt2/speed2.ind_k100.smt2_174.smt2 : 15 ms.
--------------------------------------------------
unsat
benchmarks/QF_LIA/speed2.ind_k100.smt2/speed2.ind_k100.smt2_175.smt2 : 16 ms.
--------------------------------------------------
unsat
benchmarks/QF_LIA/speed2.ind_k100.smt2/speed2.ind_k100.smt2_176.smt2 : 16 ms.
--------------------------------------------------
unsat
benchmarks/QF_LIA/speed2.ind_k100.smt2/speed2.ind_k100.smt2_177.smt2 : 11 ms.
--------------------------------------------------
unsat
benchmarks/QF_LIA/speed2.ind_k100.smt2/speed2.ind_k100.smt2_178.smt2 : 16 ms.
--------------------------------------------------
unsat
benchmarks/QF_LIA/speed2.ind_k100.smt2/speed2.ind_k100.smt2_179.smt2 : 12 ms.
--------------------------------------------------
unsat
benchmarks/QF_LIA/speed2.ind_k100.smt2/speed2.ind_k100.smt2_180.smt2 : 16 ms.
--------------------------------------------------
unsat
benchmarks/QF_LIA/speed2.ind_k100.smt2/speed2.ind_k100.smt2_181.smt2 : 23 ms.
--------------------------------------------------
unsat
benchmarks/QF_LIA/speed2.ind_k100.smt2/speed2.ind_k100.smt2_182.smt2 : 15 ms.
--------------------------------------------------
unsat
benchmarks/QF_LIA/speed2.ind_k100.smt2/speed2.ind_k100.smt2_183.smt2 : 14 ms.
--------------------------------------------------
unsat
benchmarks/QF_LIA/speed2.ind_k100.smt2/speed2.ind_k100.smt2_184.smt2 : 19 ms.
--------------------------------------------------
unsat
benchmarks/QF_LIA/speed2.ind_k100.smt2/speed2.ind_k100.smt2_185.smt2 : 13 ms.
--------------------------------------------------
unsat
benchmarks/QF_LIA/speed2.ind_k100.smt2/speed2.ind_k100.smt2_186.smt2 : 13 ms.
--------------------------------------------------
unsat
benchmarks/QF_LIA/speed2.ind_k100.smt2/speed2.ind_k100.smt2_187.smt2 : 28 ms.
--------------------------------------------------
unsat
benchmarks/QF_LIA/speed2.ind_k100.smt2/speed2.ind_k100.smt2_188.smt2 : 18 ms.
--------------------------------------------------
unsat
benchmarks/QF_LIA/speed2.ind_k100.smt2/speed2.ind_k100.smt2_189.smt2 : 15 ms.
--------------------------------------------------
unsat
benchmarks/QF_LIA/speed2.ind_k100.smt2/speed2.ind_k100.smt2_190.smt2 : 26 ms.
--------------------------------------------------
unsat
benchmarks/QF_LIA/speed2.ind_k100.smt2/speed2.ind_k100.smt2_191.smt2 : 12 ms.
--------------------------------------------------
unsat
benchmarks/QF_LIA/speed2.ind_k100.smt2/speed2.ind_k100.smt2_192.smt2 : 21 ms.
--------------------------------------------------
unsat
benchmarks/QF_LIA/speed2.ind_k100.smt2/speed2.ind_k100.smt2_193.smt2 : 17 ms.
--------------------------------------------------
unsat
benchmarks/QF_LIA/speed2.ind_k100.smt2/speed2.ind_k100.smt2_194.smt2 : 18 ms.
--------------------------------------------------
unsat
benchmarks/QF_LIA/speed2.ind_k100.smt2/speed2.ind_k100.smt2_195.smt2 : 14 ms.
--------------------------------------------------
unsat
benchmarks/QF_LIA/speed2.ind_k100.smt2/speed2.ind_k100.smt2_196.smt2 : 18 ms.
--------------------------------------------------
unsat
benchmarks/QF_LIA/speed2.ind_k100.smt2/speed2.ind_k100.smt2_197.smt2 : 17 ms.
--------------------------------------------------
unsat
benchmarks/QF_LIA/speed2.ind_k100.smt2/speed2.ind_k100.smt2_198.smt2 : 20 ms.
--------------------------------------------------
unsat
benchmarks/QF_LIA/speed2.ind_k100.smt2/speed2.ind_k100.smt2_199.smt2 : 14 ms.
--------------------------------------------------
unsat
benchmarks/QF_LIA/speed2.ind_k100.smt2/speed2.ind_k100.smt2_200.smt2 : 19 ms.
--------------------------------------------------
unsat
benchmarks/QF_LIA/speed2.ind_k100.smt2/speed2.ind_k100.smt2_201.smt2 : 18 ms.
--------------------------------------------------
unsat
benchmarks/QF_LIA/speed2.ind_k100.smt2/speed2.ind_k100.smt2_202.smt2 : 13 ms.
--------------------------------------------------
unsat
benchmarks/QF_LIA/toy-bug-1.c.kratos.int.bmc_k100.smt2/toy-bug-1.c.kratos.int.bmc_k100.smt2_1.smt2 : 3 ms.
--------------------------------------------------
unsat
benchmarks/QF_LIA/toy-bug-1.c.kratos.int.bmc_k100.smt2/toy-bug-1.c.kratos.int.bmc_k100.smt2_2.smt2 : 5 ms.
--------------------------------------------------
unsat
benchmarks/QF_LIA/toy-bug-1.c.kratos.int.bmc_k100.smt2/toy-bug-1.c.kratos.int.bmc_k100.smt2_3.smt2 : 9 ms.
--------------------------------------------------
unsat
benchmarks/QF_LIA/toy-bug-1.c.kratos.int.bmc_k100.smt2/toy-bug-1.c.kratos.int.bmc_k100.smt2_4.smt2 : 10 ms.
--------------------------------------------------
unsat
benchmarks/QF_LIA/toy-bug-1.c.kratos.int.bmc_k100.smt2/toy-bug-1.c.kratos.int.bmc_k100.smt2_5.smt2 : 18 ms.
--------------------------------------------------
unsat
benchmarks/QF_LIA/toy-bug-1.c.kratos.int.bmc_k100.smt2/toy-bug-1.c.kratos.int.bmc_k100.smt2_6.smt2 : 17 ms.
--------------------------------------------------
unsat
benchmarks/QF_LIA/toy-bug-1.c.kratos.int.bmc_k100.smt2/toy-bug-1.c.kratos.int.bmc_k100.smt2_7.smt2 : 26 ms.
--------------------------------------------------
unsat
benchmarks/QF_LIA/toy-bug-1.c.kratos.int.bmc_k100.smt2/toy-bug-1.c.kratos.int.bmc_k100.smt2_8.smt2 : 29 ms.
--------------------------------------------------
unsat
benchmarks/QF_LIA/toy-bug-1.c.kratos.int.bmc_k100.smt2/toy-bug-1.c.kratos.int.bmc_k100.smt2_9.smt2 : 30 ms.
--------------------------------------------------
unsat
benchmarks/QF_LIA/toy-bug-1.c.kratos.int.bmc_k100.smt2/toy-bug-1.c.kratos.int.bmc_k100.smt2_10.smt2 : 36 ms.
--------------------------------------------------
unsat
benchmarks/QF_LIA/toy-bug-1.c.kratos.int.bmc_k100.smt2/toy-bug-1.c.kratos.int.bmc_k100.smt2_11.smt2 : 36 ms.
--------------------------------------------------
unsat
benchmarks/QF_LIA/toy-bug-1.c.kratos.int.bmc_k100.smt2/toy-bug-1.c.kratos.int.bmc_k100.smt2_12.smt2 : 54 ms.
--------------------------------------------------
unsat
benchmarks/QF_LIA/toy-bug-1.c.kratos.int.bmc_k100.smt2/toy-bug-1.c.kratos.int.bmc_k100.smt2_13.smt2 : 43 ms.
--------------------------------------------------
unsat
benchmarks/QF_LIA/toy-bug-1.c.kratos.int.bmc_k100.smt2/toy-bug-1.c.kratos.int.bmc_k100.smt2_14.smt2 : 49 ms.
--------------------------------------------------
unsat
benchmarks/QF_LIA/toy-bug-1.c.kratos.int.bmc_k100.smt2/toy-bug-1.c.kratos.int.bmc_k100.smt2_15.smt2 : 64 ms.
--------------------------------------------------
unsat
benchmarks/QF_LIA/toy-bug-1.c.kratos.int.bmc_k100.smt2/toy-bug-1.c.kratos.int.bmc_k100.smt2_16.smt2 : 69 ms.
--------------------------------------------------
unsat
benchmarks/QF_LIA/toy-bug-1.c.kratos.int.bmc_k100.smt2/toy-bug-1.c.kratos.int.bmc_k100.smt2_17.smt2 : 77 ms.
--------------------------------------------------
unsat
benchmarks/QF_LIA/toy-bug-1.c.kratos.int.bmc_k100.smt2/toy-bug-1.c.kratos.int.bmc_k100.smt2_18.smt2 : 83 ms.
--------------------------------------------------
unsat
benchmarks/QF_LIA/toy-bug-1.c.kratos.int.bmc_k100.smt2/toy-bug-1.c.kratos.int.bmc_k100.smt2_19.smt2 : 107 ms.
--------------------------------------------------
unsat
benchmarks/QF_LIA/toy-bug-1.c.kratos.int.bmc_k100.smt2/toy-bug-1.c.kratos.int.bmc_k100.smt2_20.smt2 : 104 ms.
--------------------------------------------------
unsat
benchmarks/QF_LIA/toy-bug-1.c.kratos.int.bmc_k100.smt2/toy-bug-1.c.kratos.int.bmc_k100.smt2_21.smt2 : 119 ms.
--------------------------------------------------
unsat
benchmarks/QF_LIA/toy-bug-1.c.kratos.int.bmc_k100.smt2/toy-bug-1.c.kratos.int.bmc_k100.smt2_22.smt2 : 136 ms.
--------------------------------------------------
unsat
benchmarks/QF_LIA/toy-bug-1.c.kratos.int.bmc_k100.smt2/toy-bug-1.c.kratos.int.bmc_k100.smt2_23.smt2 : 150 ms.
--------------------------------------------------
unsat
benchmarks/QF_LIA/toy-bug-1.c.kratos.int.bmc_k100.smt2/toy-bug-1.c.kratos.int.bmc_k100.smt2_24.smt2 : 153 ms.
--------------------------------------------------
unsat
benchmarks/QF_LIA/toy-bug-1.c.kratos.int.bmc_k100.smt2/toy-bug-1.c.kratos.int.bmc_k100.smt2_25.smt2 : 152 ms.
--------------------------------------------------
unsat
benchmarks/QF_LIA/toy-bug-1.c.kratos.int.bmc_k100.smt2/toy-bug-1.c.kratos.int.bmc_k100.smt2_26.smt2 : 168 ms.
--------------------------------------------------
unsat
benchmarks/QF_LIA/toy-bug-1.c.kratos.int.bmc_k100.smt2/toy-bug-1.c.kratos.int.bmc_k100.smt2_27.smt2 : 206 ms.
--------------------------------------------------
unsat
benchmarks/QF_LIA/toy-bug-1.c.kratos.int.bmc_k100.smt2/toy-bug-1.c.kratos.int.bmc_k100.smt2_28.smt2 : 219 ms.
--------------------------------------------------
unsat
benchmarks/QF_LIA/toy-bug-1.c.kratos.int.bmc_k100.smt2/toy-bug-1.c.kratos.int.bmc_k100.smt2_29.smt2 : 324 ms.
--------------------------------------------------
unsat
benchmarks/QF_LIA/toy-bug-1.c.kratos.int.bmc_k100.smt2/toy-bug-1.c.kratos.int.bmc_k100.smt2_30.smt2 : 269 ms.
--------------------------------------------------
unsat
benchmarks/QF_LIA/toy-bug-1.c.kratos.int.bmc_k100.smt2/toy-bug-1.c.kratos.int.bmc_k100.smt2_31.smt2 : 313 ms.
--------------------------------------------------
unsat
benchmarks/QF_LIA/toy-bug-1.c.kratos.int.bmc_k100.smt2/toy-bug-1.c.kratos.int.bmc_k100.smt2_32.smt2 : 390 ms.
--------------------------------------------------
unsat
benchmarks/QF_LIA/toy-bug-1.c.kratos.int.bmc_k100.smt2/toy-bug-1.c.kratos.int.bmc_k100.smt2_33.smt2 : 323 ms.
--------------------------------------------------
unsat
benchmarks/QF_LIA/toy-bug-1.c.kratos.int.bmc_k100.smt2/toy-bug-1.c.kratos.int.bmc_k100.smt2_34.smt2 : 508 ms.
--------------------------------------------------
unsat
benchmarks/QF_LIA/toy-bug-1.c.kratos.int.bmc_k100.smt2/toy-bug-1.c.kratos.int.bmc_k100.smt2_35.smt2 : 333 ms.
--------------------------------------------------
unsat
benchmarks/QF_LIA/toy-bug-1.c.kratos.int.bmc_k100.smt2/toy-bug-1.c.kratos.int.bmc_k100.smt2_36.smt2 : 605 ms.
--------------------------------------------------
unsat
benchmarks/QF_LIA/toy-bug-1.c.kratos.int.bmc_k100.smt2/toy-bug-1.c.kratos.int.bmc_k100.smt2_37.smt2 : 539 ms.
--------------------------------------------------
unsat
benchmarks/QF_LIA/toy-bug-1.c.kratos.int.bmc_k100.smt2/toy-bug-1.c.kratos.int.bmc_k100.smt2_38.smt2 : 605 ms.
--------------------------------------------------
unsat
benchmarks/QF_LIA/toy-bug-1.c.kratos.int.bmc_k100.smt2/toy-bug-1.c.kratos.int.bmc_k100.smt2_39.smt2 : 773 ms.
--------------------------------------------------
unsat
benchmarks/QF_LIA/toy-bug-1.c.kratos.int.bmc_k100.smt2/toy-bug-1.c.kratos.int.bmc_k100.smt2_40.smt2 : 996 ms.
--------------------------------------------------
unsat
benchmarks/QF_LIA/toy-bug-1.c.kratos.int.bmc_k100.smt2/toy-bug-1.c.kratos.int.bmc_k100.smt2_41.smt2 : 943 ms.
--------------------------------------------------
unsat
benchmarks/QF_LIA/toy-bug-1.c.kratos.int.bmc_k100.smt2/toy-bug-1.c.kratos.int.bmc_k100.smt2_42.smt2 : 1561 ms.
--------------------------------------------------
unsat
benchmarks/QF_LIA/toy-bug-1.c.kratos.int.bmc_k100.smt2/toy-bug-1.c.kratos.int.bmc_k100.smt2_43.smt2 : 1432 ms.
--------------------------------------------------
unsat
benchmarks/QF_LIA/toy-bug-1.c.kratos.int.bmc_k100.smt2/toy-bug-1.c.kratos.int.bmc_k100.smt2_44.smt2 : 1545 ms.
--------------------------------------------------
unsat
benchmarks/QF_LIA/toy-bug-1.c.kratos.int.bmc_k100.smt2/toy-bug-1.c.kratos.int.bmc_k100.smt2_45.smt2 : 1989 ms.
--------------------------------------------------
unsat
benchmarks/QF_LIA/toy-bug-1.c.kratos.int.bmc_k100.smt2/toy-bug-1.c.kratos.int.bmc_k100.smt2_46.smt2 : 3223 ms.
--------------------------------------------------
unsat
benchmarks/QF_LIA/toy-bug-1.c.kratos.int.bmc_k100.smt2/toy-bug-1.c.kratos.int.bmc_k100.smt2_47.smt2 : 4057 ms.
--------------------------------------------------
sat
benchmarks/QF_LIA/toy-bug-1.c.kratos.int.bmc_k100.smt2/toy-bug-1.c.kratos.int.bmc_k100.smt2_48.smt2 : 2664 ms.
--------------------------------------------------
unsat
benchmarks/QF_LIA/toy-bug-1.c.kratos.int.bmc_k100.smt2/toy-bug-1.c.kratos.int.bmc_k100.smt2_49.smt2 : 4796 ms.
--------------------------------------------------
unsat
benchmarks/QF_LIA/toy-bug-1.c.kratos.int.bmc_k100.smt2/toy-bug-1.c.kratos.int.bmc_k100.smt2_50.smt2 : 5048 ms.
--------------------------------------------------
unsat
benchmarks/QF_LIA/toy-bug-1.c.kratos.int.bmc_k100.smt2/toy-bug-1.c.kratos.int.bmc_k100.smt2_51.smt2 : 6885 ms.
--------------------------------------------------
unsat
benchmarks/QF_LIA/toy-bug-1.c.kratos.int.bmc_k100.smt2/toy-bug-1.c.kratos.int.bmc_k100.smt2_52.smt2 : 11426 ms.
--------------------------------------------------
sat
benchmarks/QF_LIA/toy-bug-1.c.kratos.int.bmc_k100.smt2/toy-bug-1.c.kratos.int.bmc_k100.smt2_53.smt2 : 5715 ms.
--------------------------------------------------
sat
benchmarks/QF_LIA/toy-bug-1.c.kratos.int.bmc_k100.smt2/toy-bug-1.c.kratos.int.bmc_k100.smt2_54.smt2 : 2402 ms.
--------------------------------------------------
sat
benchmarks/QF_LIA/toy-bug-1.c.kratos.int.bmc_k100.smt2/toy-bug-1.c.kratos.int.bmc_k100.smt2_55.smt2 : 5682 ms.
--------------------------------------------------
sat
benchmarks/QF_LIA/toy-bug-1.c.kratos.int.bmc_k100.smt2/toy-bug-1.c.kratos.int.bmc_k100.smt2_56.smt2 : 14016 ms.
--------------------------------------------------
sat
benchmarks/QF_LIA/toy-bug-1.c.kratos.int.bmc_k100.smt2/toy-bug-1.c.kratos.int.bmc_k100.smt2_57.smt2 : 12991 ms.
--------------------------------------------------
sat
benchmarks/QF_LIA/toy-bug-1.c.kratos.int.bmc_k100.smt2/toy-bug-1.c.kratos.int.bmc_k100.smt2_58.smt2 : 9197 ms.
--------------------------------------------------
sat
benchmarks/QF_LIA/toy-bug-1.c.kratos.int.bmc_k100.smt2/toy-bug-1.c.kratos.int.bmc_k100.smt2_59.smt2 : 6145 ms.
--------------------------------------------------
sat
benchmarks/QF_LIA/toy-bug-1.c.kratos.int.bmc_k100.smt2/toy-bug-1.c.kratos.int.bmc_k100.smt2_60.smt2 : 2115 ms.
--------------------------------------------------
sat
benchmarks/QF_LIA/toy-bug-1.c.kratos.int.bmc_k100.smt2/toy-bug-1.c.kratos.int.bmc_k100.smt2_61.smt2 : 7366 ms.
--------------------------------------------------
sat
benchmarks/QF_LIA/toy-bug-1.c.kratos.int.bmc_k100.smt2/toy-bug-1.c.kratos.int.bmc_k100.smt2_62.smt2 : 3785 ms.
--------------------------------------------------
sat
benchmarks/QF_LIA/toy-bug-1.c.kratos.int.bmc_k100.smt2/toy-bug-1.c.kratos.int.bmc_k100.smt2_63.smt2 : 13930 ms.
--------------------------------------------------
sat
benchmarks/QF_LIA/toy-bug-1.c.kratos.int.bmc_k100.smt2/toy-bug-1.c.kratos.int.bmc_k100.smt2_64.smt2 : 7400 ms.
--------------------------------------------------
sat
benchmarks/QF_LIA/toy-bug-1.c.kratos.int.bmc_k100.smt2/toy-bug-1.c.kratos.int.bmc_k100.smt2_65.smt2 : 2131 ms.
--------------------------------------------------
sat
benchmarks/QF_LIA/toy-bug-1.c.kratos.int.bmc_k100.smt2/toy-bug-1.c.kratos.int.bmc_k100.smt2_66.smt2 : 2022 ms.
--------------------------------------------------
sat
benchmarks/QF_LIA/toy-bug-1.c.kratos.int.bmc_k100.smt2/toy-bug-1.c.kratos.int.bmc_k100.smt2_67.smt2 : 21969 ms.
--------------------------------------------------
sat
benchmarks/QF_LIA/toy-bug-1.c.kratos.int.bmc_k100.smt2/toy-bug-1.c.kratos.int.bmc_k100.smt2_68.smt2 : 4916 ms.
--------------------------------------------------
sat
benchmarks/QF_LIA/toy-bug-1.c.kratos.int.bmc_k100.smt2/toy-bug-1.c.kratos.int.bmc_k100.smt2_69.smt2 : 3067 ms.
--------------------------------------------------
sat
benchmarks/QF_LIA/toy-bug-1.c.kratos.int.bmc_k100.smt2/toy-bug-1.c.kratos.int.bmc_k100.smt2_70.smt2 : 3612 ms.
--------------------------------------------------
sat
benchmarks/QF_LIA/toy-bug-1.c.kratos.int.bmc_k100.smt2/toy-bug-1.c.kratos.int.bmc_k100.smt2_71.smt2 : 7110 ms.
--------------------------------------------------
sat
benchmarks/QF_LIA/toy-bug-1.c.kratos.int.bmc_k100.smt2/toy-bug-1.c.kratos.int.bmc_k100.smt2_72.smt2 : 4478 ms.
--------------------------------------------------
sat
benchmarks/QF_LIA/toy-bug-1.c.kratos.int.bmc_k100.smt2/toy-bug-1.c.kratos.int.bmc_k100.smt2_73.smt2 : 8264 ms.
--------------------------------------------------
sat
benchmarks/QF_LIA/toy-bug-1.c.kratos.int.bmc_k100.smt2/toy-bug-1.c.kratos.int.bmc_k100.smt2_74.smt2 : 5947 ms.
--------------------------------------------------
sat
benchmarks/QF_LIA/toy-bug-1.c.kratos.int.bmc_k100.smt2/toy-bug-1.c.kratos.int.bmc_k100.smt2_75.smt2 : 5990 ms.
--------------------------------------------------
sat
benchmarks/QF_LIA/toy-bug-1.c.kratos.int.bmc_k100.smt2/toy-bug-1.c.kratos.int.bmc_k100.smt2_76.smt2 : 7837 ms.
--------------------------------------------------
sat
benchmarks/QF_LIA/toy-bug-1.c.kratos.int.bmc_k100.smt2/toy-bug-1.c.kratos.int.bmc_k100.smt2_77.smt2 : 9770 ms.
--------------------------------------------------
sat
benchmarks/QF_LIA/toy-bug-1.c.kratos.int.bmc_k100.smt2/toy-bug-1.c.kratos.int.bmc_k100.smt2_78.smt2 : 7654 ms.
--------------------------------------------------
sat
benchmarks/QF_LIA/toy-bug-1.c.kratos.int.bmc_k100.smt2/toy-bug-1.c.kratos.int.bmc_k100.smt2_79.smt2 : 5840 ms.
--------------------------------------------------
sat
benchmarks/QF_LIA/toy-bug-1.c.kratos.int.bmc_k100.smt2/toy-bug-1.c.kratos.int.bmc_k100.smt2_80.smt2 : 4865 ms.
--------------------------------------------------
sat
benchmarks/QF_LIA/toy-bug-1.c.kratos.int.bmc_k100.smt2/toy-bug-1.c.kratos.int.bmc_k100.smt2_81.smt2 : 11132 ms.
--------------------------------------------------
sat
benchmarks/QF_LIA/toy-bug-1.c.kratos.int.bmc_k100.smt2/toy-bug-1.c.kratos.int.bmc_k100.smt2_82.smt2 : 11155 ms.
--------------------------------------------------
sat
benchmarks/QF_LIA/toy-bug-1.c.kratos.int.bmc_k100.smt2/toy-bug-1.c.kratos.int.bmc_k100.smt2_83.smt2 : 12778 ms.
--------------------------------------------------
sat
benchmarks/QF_LIA/toy-bug-1.c.kratos.int.bmc_k100.smt2/toy-bug-1.c.kratos.int.bmc_k100.smt2_84.smt2 : 11801 ms.
--------------------------------------------------
sat
benchmarks/QF_LIA/toy-bug-1.c.kratos.int.bmc_k100.smt2/toy-bug-1.c.kratos.int.bmc_k100.smt2_85.smt2 : 7482 ms.
--------------------------------------------------
sat
benchmarks/QF_LIA/toy-bug-1.c.kratos.int.bmc_k100.smt2/toy-bug-1.c.kratos.int.bmc_k100.smt2_86.smt2 : 11472 ms.
--------------------------------------------------
sat
benchmarks/QF_LIA/toy-bug-1.c.kratos.int.bmc_k100.smt2/toy-bug-1.c.kratos.int.bmc_k100.smt2_87.smt2 : 9565 ms.
--------------------------------------------------
sat
benchmarks/QF_LIA/toy-bug-1.c.kratos.int.bmc_k100.smt2/toy-bug-1.c.kratos.int.bmc_k100.smt2_88.smt2 : 10627 ms.
--------------------------------------------------
sat
benchmarks/QF_LIA/toy-bug-1.c.kratos.int.bmc_k100.smt2/toy-bug-1.c.kratos.int.bmc_k100.smt2_89.smt2 : 14502 ms.
--------------------------------------------------
sat
benchmarks/QF_LIA/toy-bug-1.c.kratos.int.bmc_k100.smt2/toy-bug-1.c.kratos.int.bmc_k100.smt2_90.smt2 : 10263 ms.
--------------------------------------------------
sat
benchmarks/QF_LIA/toy-bug-1.c.kratos.int.bmc_k100.smt2/toy-bug-1.c.kratos.int.bmc_k100.smt2_91.smt2 : 14791 ms.
--------------------------------------------------
sat
benchmarks/QF_LIA/toy-bug-1.c.kratos.int.bmc_k100.smt2/toy-bug-1.c.kratos.int.bmc_k100.smt2_92.smt2 : 12017 ms.
--------------------------------------------------
sat
benchmarks/QF_LIA/toy-bug-1.c.kratos.int.bmc_k100.smt2/toy-bug-1.c.kratos.int.bmc_k100.smt2_93.smt2 : 17924 ms.
--------------------------------------------------
sat
benchmarks/QF_LIA/toy-bug-1.c.kratos.int.bmc_k100.smt2/toy-bug-1.c.kratos.int.bmc_k100.smt2_94.smt2 : 11376 ms.
--------------------------------------------------
sat
benchmarks/QF_LIA/toy-bug-1.c.kratos.int.bmc_k100.smt2/toy-bug-1.c.kratos.int.bmc_k100.smt2_95.smt2 : 13186 ms.
--------------------------------------------------
sat
benchmarks/QF_LIA/toy-bug-1.c.kratos.int.bmc_k100.smt2/toy-bug-1.c.kratos.int.bmc_k100.smt2_96.smt2 : 11276 ms.
--------------------------------------------------
sat
benchmarks/QF_LIA/toy-bug-1.c.kratos.int.bmc_k100.smt2/toy-bug-1.c.kratos.int.bmc_k100.smt2_97.smt2 : 27581 ms.
--------------------------------------------------
sat
benchmarks/QF_LIA/toy-bug-1.c.kratos.int.bmc_k100.smt2/toy-bug-1.c.kratos.int.bmc_k100.smt2_98.smt2 : 52206 ms.
--------------------------------------------------
sat
benchmarks/QF_LIA/toy-bug-1.c.kratos.int.bmc_k100.smt2/toy-bug-1.c.kratos.int.bmc_k100.smt2_99.smt2 : 27659 ms.
--------------------------------------------------
sat
benchmarks/QF_LIA/toy-bug-1.c.kratos.int.bmc_k100.smt2/toy-bug-1.c.kratos.int.bmc_k100.smt2_100.smt2 : 38567 ms.
--------------------------------------------------
sat
benchmarks/QF_LIA/toy-bug-1.c.kratos.int.bmc_k100.smt2/toy-bug-1.c.kratos.int.bmc_k100.smt2_101.smt2 : 48394 ms.
--------------------------------------------------
unsat
benchmarks/QF_LIA/toy-bug-1.c.kratos.int.ind_k100.smt2/toy-bug-1.c.kratos.int.ind_k100.smt2_1.smt2 : 3 ms.
--------------------------------------------------
sat
benchmarks/QF_LIA/toy-bug-1.c.kratos.int.ind_k100.smt2/toy-bug-1.c.kratos.int.ind_k100.smt2_2.smt2 : 3 ms.
--------------------------------------------------
unsat
benchmarks/QF_LIA/toy-bug-1.c.kratos.int.ind_k100.smt2/toy-bug-1.c.kratos.int.ind_k100.smt2_3.smt2 : 6 ms.
--------------------------------------------------
sat
benchmarks/QF_LIA/toy-bug-1.c.kratos.int.ind_k100.smt2/toy-bug-1.c.kratos.int.ind_k100.smt2_4.smt2 : 9 ms.
--------------------------------------------------
unsat
benchmarks/QF_LIA/toy-bug-1.c.kratos.int.ind_k100.smt2/toy-bug-1.c.kratos.int.ind_k100.smt2_5.smt2 : 9 ms.
--------------------------------------------------
sat
benchmarks/QF_LIA/toy-bug-1.c.kratos.int.ind_k100.smt2/toy-bug-1.c.kratos.int.ind_k100.smt2_6.smt2 : 13 ms.
--------------------------------------------------
unsat
benchmarks/QF_LIA/toy-bug-1.c.kratos.int.ind_k100.smt2/toy-bug-1.c.kratos.int.ind_k100.smt2_7.smt2 : 12 ms.
--------------------------------------------------
sat
benchmarks/QF_LIA/toy-bug-1.c.kratos.int.ind_k100.smt2/toy-bug-1.c.kratos.int.ind_k100.smt2_8.smt2 : 16 ms.
--------------------------------------------------
unsat
benchmarks/QF_LIA/toy-bug-1.c.kratos.int.ind_k100.smt2/toy-bug-1.c.kratos.int.ind_k100.smt2_9.smt2 : 13 ms.
--------------------------------------------------
sat
benchmarks/QF_LIA/toy-bug-1.c.kratos.int.ind_k100.smt2/toy-bug-1.c.kratos.int.ind_k100.smt2_10.smt2 : 14 ms.
--------------------------------------------------
unsat
benchmarks/QF_LIA/toy-bug-1.c.kratos.int.ind_k100.smt2/toy-bug-1.c.kratos.int.ind_k100.smt2_11.smt2 : 18 ms.
--------------------------------------------------
sat
benchmarks/QF_LIA/toy-bug-1.c.kratos.int.ind_k100.smt2/toy-bug-1.c.kratos.int.ind_k100.smt2_12.smt2 : 23 ms.
--------------------------------------------------
unsat
benchmarks/QF_LIA/toy-bug-1.c.kratos.int.ind_k100.smt2/toy-bug-1.c.kratos.int.ind_k100.smt2_13.smt2 : 20 ms.
--------------------------------------------------
sat
benchmarks/QF_LIA/toy-bug-1.c.kratos.int.ind_k100.smt2/toy-bug-1.c.kratos.int.ind_k100.smt2_14.smt2 : 23 ms.
--------------------------------------------------
unsat
benchmarks/QF_LIA/toy-bug-1.c.kratos.int.ind_k100.smt2/toy-bug-1.c.kratos.int.ind_k100.smt2_15.smt2 : 25 ms.
--------------------------------------------------
sat
benchmarks/QF_LIA/toy-bug-1.c.kratos.int.ind_k100.smt2/toy-bug-1.c.kratos.int.ind_k100.smt2_16.smt2 : 25 ms.
--------------------------------------------------
unsat
benchmarks/QF_LIA/toy-bug-1.c.kratos.int.ind_k100.smt2/toy-bug-1.c.kratos.int.ind_k100.smt2_17.smt2 : 27 ms.
--------------------------------------------------
sat
benchmarks/QF_LIA/toy-bug-1.c.kratos.int.ind_k100.smt2/toy-bug-1.c.kratos.int.ind_k100.smt2_18.smt2 : 31 ms.
--------------------------------------------------
unsat
benchmarks/QF_LIA/toy-bug-1.c.kratos.int.ind_k100.smt2/toy-bug-1.c.kratos.int.ind_k100.smt2_19.smt2 : 36 ms.
--------------------------------------------------
sat
benchmarks/QF_LIA/toy-bug-1.c.kratos.int.ind_k100.smt2/toy-bug-1.c.kratos.int.ind_k100.smt2_20.smt2 : 35 ms.
--------------------------------------------------
unsat
benchmarks/QF_LIA/toy-bug-1.c.kratos.int.ind_k100.smt2/toy-bug-1.c.kratos.int.ind_k100.smt2_21.smt2 : 33 ms.
--------------------------------------------------
sat
benchmarks/QF_LIA/toy-bug-1.c.kratos.int.ind_k100.smt2/toy-bug-1.c.kratos.int.ind_k100.smt2_22.smt2 : 43 ms.
--------------------------------------------------
unsat
benchmarks/QF_LIA/toy-bug-1.c.kratos.int.ind_k100.smt2/toy-bug-1.c.kratos.int.ind_k100.smt2_23.smt2 : 52 ms.
--------------------------------------------------
sat
benchmarks/QF_LIA/toy-bug-1.c.kratos.int.ind_k100.smt2/toy-bug-1.c.kratos.int.ind_k100.smt2_24.smt2 : 46 ms.
--------------------------------------------------
unsat
benchmarks/QF_LIA/toy-bug-1.c.kratos.int.ind_k100.smt2/toy-bug-1.c.kratos.int.ind_k100.smt2_25.smt2 : 49 ms.
--------------------------------------------------
sat
benchmarks/QF_LIA/toy-bug-1.c.kratos.int.ind_k100.smt2/toy-bug-1.c.kratos.int.ind_k100.smt2_26.smt2 : 48 ms.
--------------------------------------------------
unsat
benchmarks/QF_LIA/toy-bug-1.c.kratos.int.ind_k100.smt2/toy-bug-1.c.kratos.int.ind_k100.smt2_27.smt2 : 61 ms.
--------------------------------------------------
sat
benchmarks/QF_LIA/toy-bug-1.c.kratos.int.ind_k100.smt2/toy-bug-1.c.kratos.int.ind_k100.smt2_28.smt2 : 71 ms.
--------------------------------------------------
unsat
benchmarks/QF_LIA/toy-bug-1.c.kratos.int.ind_k100.smt2/toy-bug-1.c.kratos.int.ind_k100.smt2_29.smt2 : 49 ms.
--------------------------------------------------
sat
benchmarks/QF_LIA/toy-bug-1.c.kratos.int.ind_k100.smt2/toy-bug-1.c.kratos.int.ind_k100.smt2_30.smt2 : 66 ms.
--------------------------------------------------
unsat
benchmarks/QF_LIA/toy-bug-1.c.kratos.int.ind_k100.smt2/toy-bug-1.c.kratos.int.ind_k100.smt2_31.smt2 : 58 ms.
--------------------------------------------------
sat
benchmarks/QF_LIA/toy-bug-1.c.kratos.int.ind_k100.smt2/toy-bug-1.c.kratos.int.ind_k100.smt2_32.smt2 : 72 ms.
--------------------------------------------------
unsat
benchmarks/QF_LIA/toy-bug-1.c.kratos.int.ind_k100.smt2/toy-bug-1.c.kratos.int.ind_k100.smt2_33.smt2 : 64 ms.
--------------------------------------------------
sat
benchmarks/QF_LIA/toy-bug-1.c.kratos.int.ind_k100.smt2/toy-bug-1.c.kratos.int.ind_k100.smt2_34.smt2 : 95 ms.
--------------------------------------------------
unsat
benchmarks/QF_LIA/toy-bug-1.c.kratos.int.ind_k100.smt2/toy-bug-1.c.kratos.int.ind_k100.smt2_35.smt2 : 59 ms.
--------------------------------------------------
sat
benchmarks/QF_LIA/toy-bug-1.c.kratos.int.ind_k100.smt2/toy-bug-1.c.kratos.int.ind_k100.smt2_36.smt2 : 75 ms.
--------------------------------------------------
unsat
benchmarks/QF_LIA/toy-bug-1.c.kratos.int.ind_k100.smt2/toy-bug-1.c.kratos.int.ind_k100.smt2_37.smt2 : 98 ms.
--------------------------------------------------
sat
benchmarks/QF_LIA/toy-bug-1.c.kratos.int.ind_k100.smt2/toy-bug-1.c.kratos.int.ind_k100.smt2_38.smt2 : 105 ms.
--------------------------------------------------
unsat
benchmarks/QF_LIA/toy-bug-1.c.kratos.int.ind_k100.smt2/toy-bug-1.c.kratos.int.ind_k100.smt2_39.smt2 : 109 ms.
--------------------------------------------------
sat
benchmarks/QF_LIA/toy-bug-1.c.kratos.int.ind_k100.smt2/toy-bug-1.c.kratos.int.ind_k100.smt2_40.smt2 : 84 ms.
--------------------------------------------------
unsat
benchmarks/QF_LIA/toy-bug-1.c.kratos.int.ind_k100.smt2/toy-bug-1.c.kratos.int.ind_k100.smt2_41.smt2 : 108 ms.
--------------------------------------------------
sat
benchmarks/QF_LIA/toy-bug-1.c.kratos.int.ind_k100.smt2/toy-bug-1.c.kratos.int.ind_k100.smt2_42.smt2 : 92 ms.
--------------------------------------------------
unsat
benchmarks/QF_LIA/toy-bug-1.c.kratos.int.ind_k100.smt2/toy-bug-1.c.kratos.int.ind_k100.smt2_43.smt2 : 119 ms.
--------------------------------------------------
sat
benchmarks/QF_LIA/toy-bug-1.c.kratos.int.ind_k100.smt2/toy-bug-1.c.kratos.int.ind_k100.smt2_44.smt2 : 149 ms.
--------------------------------------------------
unsat
benchmarks/QF_LIA/toy-bug-1.c.kratos.int.ind_k100.smt2/toy-bug-1.c.kratos.int.ind_k100.smt2_45.smt2 : 120 ms.
--------------------------------------------------
sat
benchmarks/QF_LIA/toy-bug-1.c.kratos.int.ind_k100.smt2/toy-bug-1.c.kratos.int.ind_k100.smt2_46.smt2 : 125 ms.
--------------------------------------------------
unsat
benchmarks/QF_LIA/toy-bug-1.c.kratos.int.ind_k100.smt2/toy-bug-1.c.kratos.int.ind_k100.smt2_47.smt2 : 133 ms.
--------------------------------------------------
sat
benchmarks/QF_LIA/toy-bug-1.c.kratos.int.ind_k100.smt2/toy-bug-1.c.kratos.int.ind_k100.smt2_48.smt2 : 159 ms.
--------------------------------------------------
unsat
benchmarks/QF_LIA/toy-bug-1.c.kratos.int.ind_k100.smt2/toy-bug-1.c.kratos.int.ind_k100.smt2_49.smt2 : 166 ms.
--------------------------------------------------
sat
benchmarks/QF_LIA/toy-bug-1.c.kratos.int.ind_k100.smt2/toy-bug-1.c.kratos.int.ind_k100.smt2_50.smt2 : 241 ms.
--------------------------------------------------
unsat
benchmarks/QF_LIA/toy-bug-1.c.kratos.int.ind_k100.smt2/toy-bug-1.c.kratos.int.ind_k100.smt2_51.smt2 : 156 ms.
--------------------------------------------------
sat
benchmarks/QF_LIA/toy-bug-1.c.kratos.int.ind_k100.smt2/toy-bug-1.c.kratos.int.ind_k100.smt2_52.smt2 : 238 ms.
--------------------------------------------------
unsat
benchmarks/QF_LIA/toy-bug-1.c.kratos.int.ind_k100.smt2/toy-bug-1.c.kratos.int.ind_k100.smt2_53.smt2 : 229 ms.
--------------------------------------------------
sat
benchmarks/QF_LIA/toy-bug-1.c.kratos.int.ind_k100.smt2/toy-bug-1.c.kratos.int.ind_k100.smt2_54.smt2 : 187 ms.
--------------------------------------------------
unsat
benchmarks/QF_LIA/toy-bug-1.c.kratos.int.ind_k100.smt2/toy-bug-1.c.kratos.int.ind_k100.smt2_55.smt2 : 182 ms.
--------------------------------------------------
sat
benchmarks/QF_LIA/toy-bug-1.c.kratos.int.ind_k100.smt2/toy-bug-1.c.kratos.int.ind_k100.smt2_56.smt2 : 195 ms.
--------------------------------------------------
unsat
benchmarks/QF_LIA/toy-bug-1.c.kratos.int.ind_k100.smt2/toy-bug-1.c.kratos.int.ind_k100.smt2_57.smt2 : 237 ms.
--------------------------------------------------
sat
benchmarks/QF_LIA/toy-bug-1.c.kratos.int.ind_k100.smt2/toy-bug-1.c.kratos.int.ind_k100.smt2_58.smt2 : 207 ms.
--------------------------------------------------
unsat
benchmarks/QF_LIA/toy-bug-1.c.kratos.int.ind_k100.smt2/toy-bug-1.c.kratos.int.ind_k100.smt2_59.smt2 : 232 ms.
--------------------------------------------------
sat
benchmarks/QF_LIA/toy-bug-1.c.kratos.int.ind_k100.smt2/toy-bug-1.c.kratos.int.ind_k100.smt2_60.smt2 : 186 ms.
--------------------------------------------------
unsat
benchmarks/QF_LIA/toy-bug-1.c.kratos.int.ind_k100.smt2/toy-bug-1.c.kratos.int.ind_k100.smt2_61.smt2 : 292 ms.
--------------------------------------------------
sat
benchmarks/QF_LIA/toy-bug-1.c.kratos.int.ind_k100.smt2/toy-bug-1.c.kratos.int.ind_k100.smt2_62.smt2 : 355 ms.
--------------------------------------------------
unsat
benchmarks/QF_LIA/toy-bug-1.c.kratos.int.ind_k100.smt2/toy-bug-1.c.kratos.int.ind_k100.smt2_63.smt2 : 329 ms.
--------------------------------------------------
sat
benchmarks/QF_LIA/toy-bug-1.c.kratos.int.ind_k100.smt2/toy-bug-1.c.kratos.int.ind_k100.smt2_64.smt2 : 245 ms.
--------------------------------------------------
unsat
benchmarks/QF_LIA/toy-bug-1.c.kratos.int.ind_k100.smt2/toy-bug-1.c.kratos.int.ind_k100.smt2_65.smt2 : 306 ms.
--------------------------------------------------
sat
benchmarks/QF_LIA/toy-bug-1.c.kratos.int.ind_k100.smt2/toy-bug-1.c.kratos.int.ind_k100.smt2_66.smt2 : 496 ms.
--------------------------------------------------
unsat
benchmarks/QF_LIA/toy-bug-1.c.kratos.int.ind_k100.smt2/toy-bug-1.c.kratos.int.ind_k100.smt2_67.smt2 : 387 ms.
--------------------------------------------------
sat
benchmarks/QF_LIA/toy-bug-1.c.kratos.int.ind_k100.smt2/toy-bug-1.c.kratos.int.ind_k100.smt2_68.smt2 : 376 ms.
--------------------------------------------------
unsat
benchmarks/QF_LIA/toy-bug-1.c.kratos.int.ind_k100.smt2/toy-bug-1.c.kratos.int.ind_k100.smt2_69.smt2 : 524 ms.
--------------------------------------------------
sat
benchmarks/QF_LIA/toy-bug-1.c.kratos.int.ind_k100.smt2/toy-bug-1.c.kratos.int.ind_k100.smt2_70.smt2 : 355 ms.
--------------------------------------------------
unsat
benchmarks/QF_LIA/toy-bug-1.c.kratos.int.ind_k100.smt2/toy-bug-1.c.kratos.int.ind_k100.smt2_71.smt2 : 480 ms.
--------------------------------------------------
sat
benchmarks/QF_LIA/toy-bug-1.c.kratos.int.ind_k100.smt2/toy-bug-1.c.kratos.int.ind_k100.smt2_72.smt2 : 478 ms.
--------------------------------------------------
unsat
benchmarks/QF_LIA/toy-bug-1.c.kratos.int.ind_k100.smt2/toy-bug-1.c.kratos.int.ind_k100.smt2_73.smt2 : 692 ms.
--------------------------------------------------
sat
benchmarks/QF_LIA/toy-bug-1.c.kratos.int.ind_k100.smt2/toy-bug-1.c.kratos.int.ind_k100.smt2_74.smt2 : 862 ms.
--------------------------------------------------
unsat
benchmarks/QF_LIA/toy-bug-1.c.kratos.int.ind_k100.smt2/toy-bug-1.c.kratos.int.ind_k100.smt2_75.smt2 : 764 ms.
--------------------------------------------------
sat
benchmarks/QF_LIA/toy-bug-1.c.kratos.int.ind_k100.smt2/toy-bug-1.c.kratos.int.ind_k100.smt2_76.smt2 : 367 ms.
--------------------------------------------------
unsat
benchmarks/QF_LIA/toy-bug-1.c.kratos.int.ind_k100.smt2/toy-bug-1.c.kratos.int.ind_k100.smt2_77.smt2 : 686 ms.
--------------------------------------------------
sat
benchmarks/QF_LIA/toy-bug-1.c.kratos.int.ind_k100.smt2/toy-bug-1.c.kratos.int.ind_k100.smt2_78.smt2 : 638 ms.
--------------------------------------------------
unsat
benchmarks/QF_LIA/toy-bug-1.c.kratos.int.ind_k100.smt2/toy-bug-1.c.kratos.int.ind_k100.smt2_79.smt2 : 818 ms.
--------------------------------------------------
sat
benchmarks/QF_LIA/toy-bug-1.c.kratos.int.ind_k100.smt2/toy-bug-1.c.kratos.int.ind_k100.smt2_80.smt2 : 658 ms.
--------------------------------------------------
unsat
benchmarks/QF_LIA/toy-bug-1.c.kratos.int.ind_k100.smt2/toy-bug-1.c.kratos.int.ind_k100.smt2_81.smt2 : 897 ms.
--------------------------------------------------
sat
benchmarks/QF_LIA/toy-bug-1.c.kratos.int.ind_k100.smt2/toy-bug-1.c.kratos.int.ind_k100.smt2_82.smt2 : 435 ms.
--------------------------------------------------
unsat
benchmarks/QF_LIA/toy-bug-1.c.kratos.int.ind_k100.smt2/toy-bug-1.c.kratos.int.ind_k100.smt2_83.smt2 : 1160 ms.
--------------------------------------------------
sat
benchmarks/QF_LIA/toy-bug-1.c.kratos.int.ind_k100.smt2/toy-bug-1.c.kratos.int.ind_k100.smt2_84.smt2 : 539 ms.
--------------------------------------------------
unsat
benchmarks/QF_LIA/toy-bug-1.c.kratos.int.ind_k100.smt2/toy-bug-1.c.kratos.int.ind_k100.smt2_85.smt2 : 1286 ms.
--------------------------------------------------
sat
benchmarks/QF_LIA/toy-bug-1.c.kratos.int.ind_k100.smt2/toy-bug-1.c.kratos.int.ind_k100.smt2_86.smt2 : 493 ms.
--------------------------------------------------
unsat
benchmarks/QF_LIA/toy-bug-1.c.kratos.int.ind_k100.smt2/toy-bug-1.c.kratos.int.ind_k100.smt2_87.smt2 : 1340 ms.
--------------------------------------------------
sat
benchmarks/QF_LIA/toy-bug-1.c.kratos.int.ind_k100.smt2/toy-bug-1.c.kratos.int.ind_k100.smt2_88.smt2 : 1038 ms.
--------------------------------------------------
unsat
benchmarks/QF_LIA/toy-bug-1.c.kratos.int.ind_k100.smt2/toy-bug-1.c.kratos.int.ind_k100.smt2_89.smt2 : 1788 ms.
--------------------------------------------------
sat
benchmarks/QF_LIA/toy-bug-1.c.kratos.int.ind_k100.smt2/toy-bug-1.c.kratos.int.ind_k100.smt2_90.smt2 : 919 ms.
--------------------------------------------------
unsat
benchmarks/QF_LIA/toy-bug-1.c.kratos.int.ind_k100.smt2/toy-bug-1.c.kratos.int.ind_k100.smt2_91.smt2 : 1867 ms.
--------------------------------------------------
sat
benchmarks/QF_LIA/toy-bug-1.c.kratos.int.ind_k100.smt2/toy-bug-1.c.kratos.int.ind_k100.smt2_92.smt2 : 1185 ms.
--------------------------------------------------
unsat
benchmarks/QF_LIA/toy-bug-1.c.kratos.int.ind_k100.smt2/toy-bug-1.c.kratos.int.ind_k100.smt2_93.smt2 : 2572 ms.
--------------------------------------------------
sat
benchmarks/QF_LIA/toy-bug-1.c.kratos.int.ind_k100.smt2/toy-bug-1.c.kratos.int.ind_k100.smt2_94.smt2 : 2013 ms.
--------------------------------------------------
sat
benchmarks/QF_LIA/toy-bug-1.c.kratos.int.ind_k100.smt2/toy-bug-1.c.kratos.int.ind_k100.smt2_95.smt2 : 2846 ms.
--------------------------------------------------
sat
benchmarks/QF_LIA/toy-bug-1.c.kratos.int.ind_k100.smt2/toy-bug-1.c.kratos.int.ind_k100.smt2_96.smt2 : 2023 ms.
--------------------------------------------------
unsat
benchmarks/QF_LIA/toy-bug-1.c.kratos.int.ind_k100.smt2/toy-bug-1.c.kratos.int.ind_k100.smt2_97.smt2 : 4515 ms.
--------------------------------------------------
sat
benchmarks/QF_LIA/toy-bug-1.c.kratos.int.ind_k100.smt2/toy-bug-1.c.kratos.int.ind_k100.smt2_98.smt2 : 880 ms.
--------------------------------------------------
unsat
benchmarks/QF_LIA/toy-bug-1.c.kratos.int.ind_k100.smt2/toy-bug-1.c.kratos.int.ind_k100.smt2_99.smt2 : 7853 ms.
--------------------------------------------------
sat
benchmarks/QF_LIA/toy-bug-1.c.kratos.int.ind_k100.smt2/toy-bug-1.c.kratos.int.ind_k100.smt2_100.smt2 : 1735 ms.
--------------------------------------------------
unsat
benchmarks/QF_LIA/toy-bug-1.c.kratos.int.ind_k100.smt2/toy-bug-1.c.kratos.int.ind_k100.smt2_101.smt2 : 6001 ms.
--------------------------------------------------
sat
benchmarks/QF_LIA/toy-bug-1.c.kratos.int.ind_k100.smt2/toy-bug-1.c.kratos.int.ind_k100.smt2_102.smt2 : 1385 ms.
--------------------------------------------------
unsat
benchmarks/QF_LIA/toy-bug-1.c.kratos.int.ind_k100.smt2/toy-bug-1.c.kratos.int.ind_k100.smt2_103.smt2 : 7026 ms.
--------------------------------------------------
sat
benchmarks/QF_LIA/toy-bug-1.c.kratos.int.ind_k100.smt2/toy-bug-1.c.kratos.int.ind_k100.smt2_104.smt2 : 1248 ms.
--------------------------------------------------
sat
benchmarks/QF_LIA/toy-bug-1.c.kratos.int.ind_k100.smt2/toy-bug-1.c.kratos.int.ind_k100.smt2_105.smt2 : 2151 ms.
--------------------------------------------------
sat
benchmarks/QF_LIA/toy-bug-1.c.kratos.int.ind_k100.smt2/toy-bug-1.c.kratos.int.ind_k100.smt2_106.smt2 : 1179 ms.
--------------------------------------------------
sat
benchmarks/QF_LIA/toy-bug-1.c.kratos.int.ind_k100.smt2/toy-bug-1.c.kratos.int.ind_k100.smt2_107.smt2 : 1480 ms.
--------------------------------------------------
sat
benchmarks/QF_LIA/toy-bug-1.c.kratos.int.ind_k100.smt2/toy-bug-1.c.kratos.int.ind_k100.smt2_108.smt2 : 1161 ms.
--------------------------------------------------
sat
benchmarks/QF_LIA/toy-bug-1.c.kratos.int.ind_k100.smt2/toy-bug-1.c.kratos.int.ind_k100.smt2_109.smt2 : 1364 ms.
--------------------------------------------------
sat
benchmarks/QF_LIA/toy-bug-1.c.kratos.int.ind_k100.smt2/toy-bug-1.c.kratos.int.ind_k100.smt2_110.smt2 : 1524 ms.
--------------------------------------------------
sat
benchmarks/QF_LIA/toy-bug-1.c.kratos.int.ind_k100.smt2/toy-bug-1.c.kratos.int.ind_k100.smt2_111.smt2 : 3083 ms.
--------------------------------------------------
sat
benchmarks/QF_LIA/toy-bug-1.c.kratos.int.ind_k100.smt2/toy-bug-1.c.kratos.int.ind_k100.smt2_112.smt2 : 1772 ms.
--------------------------------------------------
sat
benchmarks/QF_LIA/toy-bug-1.c.kratos.int.ind_k100.smt2/toy-bug-1.c.kratos.int.ind_k100.smt2_113.smt2 : 5927 ms.
--------------------------------------------------
sat
benchmarks/QF_LIA/toy-bug-1.c.kratos.int.ind_k100.smt2/toy-bug-1.c.kratos.int.ind_k100.smt2_114.smt2 : 3079 ms.
--------------------------------------------------
sat
benchmarks/QF_LIA/toy-bug-1.c.kratos.int.ind_k100.smt2/toy-bug-1.c.kratos.int.ind_k100.smt2_115.smt2 : 14213 ms.
--------------------------------------------------
sat
benchmarks/QF_LIA/toy-bug-1.c.kratos.int.ind_k100.smt2/toy-bug-1.c.kratos.int.ind_k100.smt2_116.smt2 : 2847 ms.
--------------------------------------------------
sat
benchmarks/QF_LIA/toy-bug-1.c.kratos.int.ind_k100.smt2/toy-bug-1.c.kratos.int.ind_k100.smt2_117.smt2 : 2542 ms.
--------------------------------------------------
sat
benchmarks/QF_LIA/toy-bug-1.c.kratos.int.ind_k100.smt2/toy-bug-1.c.kratos.int.ind_k100.smt2_118.smt2 : 1585 ms.
--------------------------------------------------
sat
benchmarks/QF_LIA/toy-bug-1.c.kratos.int.ind_k100.smt2/toy-bug-1.c.kratos.int.ind_k100.smt2_119.smt2 : 1491 ms.
--------------------------------------------------
sat
benchmarks/QF_LIA/toy-bug-1.c.kratos.int.ind_k100.smt2/toy-bug-1.c.kratos.int.ind_k100.smt2_120.smt2 : 3458 ms.
--------------------------------------------------
sat
benchmarks/QF_LIA/toy-bug-1.c.kratos.int.ind_k100.smt2/toy-bug-1.c.kratos.int.ind_k100.smt2_121.smt2 : 4081 ms.
--------------------------------------------------
sat
benchmarks/QF_LIA/toy-bug-1.c.kratos.int.ind_k100.smt2/toy-bug-1.c.kratos.int.ind_k100.smt2_122.smt2 : 3593 ms.
--------------------------------------------------
sat
benchmarks/QF_LIA/toy-bug-1.c.kratos.int.ind_k100.smt2/toy-bug-1.c.kratos.int.ind_k100.smt2_123.smt2 : 2602 ms.
--------------------------------------------------
sat
benchmarks/QF_LIA/toy-bug-1.c.kratos.int.ind_k100.smt2/toy-bug-1.c.kratos.int.ind_k100.smt2_124.smt2 : 1642 ms.
--------------------------------------------------
sat
benchmarks/QF_LIA/toy-bug-1.c.kratos.int.ind_k100.smt2/toy-bug-1.c.kratos.int.ind_k100.smt2_125.smt2 : 2412 ms.
--------------------------------------------------
sat
benchmarks/QF_LIA/toy-bug-1.c.kratos.int.ind_k100.smt2/toy-bug-1.c.kratos.int.ind_k100.smt2_126.smt2 : 3753 ms.
--------------------------------------------------
sat
benchmarks/QF_LIA/toy-bug-1.c.kratos.int.ind_k100.smt2/toy-bug-1.c.kratos.int.ind_k100.smt2_127.smt2 : 6250 ms.
--------------------------------------------------
sat
benchmarks/QF_LIA/toy-bug-1.c.kratos.int.ind_k100.smt2/toy-bug-1.c.kratos.int.ind_k100.smt2_128.smt2 : 6114 ms.
--------------------------------------------------
sat
benchmarks/QF_LIA/toy-bug-1.c.kratos.int.ind_k100.smt2/toy-bug-1.c.kratos.int.ind_k100.smt2_129.smt2 : 3767 ms.
--------------------------------------------------
sat
benchmarks/QF_LIA/toy-bug-1.c.kratos.int.ind_k100.smt2/toy-bug-1.c.kratos.int.ind_k100.smt2_130.smt2 : 4697 ms.
--------------------------------------------------
sat
benchmarks/QF_LIA/toy-bug-1.c.kratos.int.ind_k100.smt2/toy-bug-1.c.kratos.int.ind_k100.smt2_131.smt2 : 2401 ms.
--------------------------------------------------
sat
benchmarks/QF_LIA/toy-bug-1.c.kratos.int.ind_k100.smt2/toy-bug-1.c.kratos.int.ind_k100.smt2_132.smt2 : 5524 ms.
--------------------------------------------------
sat
benchmarks/QF_LIA/toy-bug-1.c.kratos.int.ind_k100.smt2/toy-bug-1.c.kratos.int.ind_k100.smt2_133.smt2 : 5007 ms.
--------------------------------------------------
sat
benchmarks/QF_LIA/toy-bug-1.c.kratos.int.ind_k100.smt2/toy-bug-1.c.kratos.int.ind_k100.smt2_134.smt2 : 5107 ms.
--------------------------------------------------
sat
benchmarks/QF_LIA/toy-bug-1.c.kratos.int.ind_k100.smt2/toy-bug-1.c.kratos.int.ind_k100.smt2_135.smt2 : 3657 ms.
--------------------------------------------------
sat
benchmarks/QF_LIA/toy-bug-1.c.kratos.int.ind_k100.smt2/toy-bug-1.c.kratos.int.ind_k100.smt2_136.smt2 : 5708 ms.
--------------------------------------------------
sat
benchmarks/QF_LIA/toy-bug-1.c.kratos.int.ind_k100.smt2/toy-bug-1.c.kratos.int.ind_k100.smt2_137.smt2 : 4885 ms.
--------------------------------------------------
sat
benchmarks/QF_LIA/toy-bug-1.c.kratos.int.ind_k100.smt2/toy-bug-1.c.kratos.int.ind_k100.smt2_138.smt2 : 7351 ms.
--------------------------------------------------
sat
benchmarks/QF_LIA/toy-bug-1.c.kratos.int.ind_k100.smt2/toy-bug-1.c.kratos.int.ind_k100.smt2_139.smt2 : 8977 ms.
--------------------------------------------------
sat
benchmarks/QF_LIA/toy-bug-1.c.kratos.int.ind_k100.smt2/toy-bug-1.c.kratos.int.ind_k100.smt2_140.smt2 : 6129 ms.
--------------------------------------------------
sat
benchmarks/QF_LIA/toy-bug-1.c.kratos.int.ind_k100.smt2/toy-bug-1.c.kratos.int.ind_k100.smt2_141.smt2 : 4469 ms.
--------------------------------------------------
sat
benchmarks/QF_LIA/toy-bug-1.c.kratos.int.ind_k100.smt2/toy-bug-1.c.kratos.int.ind_k100.smt2_142.smt2 : 3604 ms.
--------------------------------------------------
sat
benchmarks/QF_LIA/toy-bug-1.c.kratos.int.ind_k100.smt2/toy-bug-1.c.kratos.int.ind_k100.smt2_143.smt2 : 2869 ms.
--------------------------------------------------
sat
benchmarks/QF_LIA/toy-bug-1.c.kratos.int.ind_k100.smt2/toy-bug-1.c.kratos.int.ind_k100.smt2_144.smt2 : 5881 ms.
--------------------------------------------------
sat
benchmarks/QF_LIA/toy-bug-1.c.kratos.int.ind_k100.smt2/toy-bug-1.c.kratos.int.ind_k100.smt2_145.smt2 : 4097 ms.
--------------------------------------------------
sat
benchmarks/QF_LIA/toy-bug-1.c.kratos.int.ind_k100.smt2/toy-bug-1.c.kratos.int.ind_k100.smt2_146.smt2 : 7438 ms.
--------------------------------------------------
sat
benchmarks/QF_LIA/toy-bug-1.c.kratos.int.ind_k100.smt2/toy-bug-1.c.kratos.int.ind_k100.smt2_147.smt2 : 3926 ms.
--------------------------------------------------
sat
benchmarks/QF_LIA/toy-bug-1.c.kratos.int.ind_k100.smt2/toy-bug-1.c.kratos.int.ind_k100.smt2_148.smt2 : 4880 ms.
--------------------------------------------------
sat
benchmarks/QF_LIA/toy-bug-1.c.kratos.int.ind_k100.smt2/toy-bug-1.c.kratos.int.ind_k100.smt2_149.smt2 : 5403 ms.
--------------------------------------------------
sat
benchmarks/QF_LIA/toy-bug-1.c.kratos.int.ind_k100.smt2/toy-bug-1.c.kratos.int.ind_k100.smt2_150.smt2 : 5406 ms.
--------------------------------------------------
sat
benchmarks/QF_LIA/toy-bug-1.c.kratos.int.ind_k100.smt2/toy-bug-1.c.kratos.int.ind_k100.smt2_151.smt2 : 15716 ms.
--------------------------------------------------
sat
benchmarks/QF_LIA/toy-bug-1.c.kratos.int.ind_k100.smt2/toy-bug-1.c.kratos.int.ind_k100.smt2_152.smt2 : 5501 ms.
--------------------------------------------------
sat
benchmarks/QF_LIA/toy-bug-1.c.kratos.int.ind_k100.smt2/toy-bug-1.c.kratos.int.ind_k100.smt2_153.smt2 : 3484 ms.
--------------------------------------------------
sat
benchmarks/QF_LIA/toy-bug-1.c.kratos.int.ind_k100.smt2/toy-bug-1.c.kratos.int.ind_k100.smt2_154.smt2 : 4403 ms.
--------------------------------------------------
sat
benchmarks/QF_LIA/toy-bug-1.c.kratos.int.ind_k100.smt2/toy-bug-1.c.kratos.int.ind_k100.smt2_155.smt2 : 5255 ms.
--------------------------------------------------
sat
benchmarks/QF_LIA/toy-bug-1.c.kratos.int.ind_k100.smt2/toy-bug-1.c.kratos.int.ind_k100.smt2_156.smt2 : 6796 ms.
--------------------------------------------------
sat
benchmarks/QF_LIA/toy-bug-1.c.kratos.int.ind_k100.smt2/toy-bug-1.c.kratos.int.ind_k100.smt2_157.smt2 : 6550 ms.
--------------------------------------------------
sat
benchmarks/QF_LIA/toy-bug-1.c.kratos.int.ind_k100.smt2/toy-bug-1.c.kratos.int.ind_k100.smt2_158.smt2 : 13676 ms.
--------------------------------------------------
sat
benchmarks/QF_LIA/toy-bug-1.c.kratos.int.ind_k100.smt2/toy-bug-1.c.kratos.int.ind_k100.smt2_159.smt2 : 7057 ms.
--------------------------------------------------
sat
benchmarks/QF_LIA/toy-bug-1.c.kratos.int.ind_k100.smt2/toy-bug-1.c.kratos.int.ind_k100.smt2_160.smt2 : 7026 ms.
--------------------------------------------------
sat
benchmarks/QF_LIA/toy-bug-1.c.kratos.int.ind_k100.smt2/toy-bug-1.c.kratos.int.ind_k100.smt2_161.smt2 : 13120 ms.
--------------------------------------------------
sat
benchmarks/QF_LIA/toy-bug-1.c.kratos.int.ind_k100.smt2/toy-bug-1.c.kratos.int.ind_k100.smt2_162.smt2 : 12737 ms.
--------------------------------------------------
sat
benchmarks/QF_LIA/toy-bug-1.c.kratos.int.ind_k100.smt2/toy-bug-1.c.kratos.int.ind_k100.smt2_163.smt2 : 8792 ms.
--------------------------------------------------
sat
benchmarks/QF_LIA/toy-bug-1.c.kratos.int.ind_k100.smt2/toy-bug-1.c.kratos.int.ind_k100.smt2_164.smt2 : 20279 ms.
--------------------------------------------------
sat
benchmarks/QF_LIA/toy-bug-1.c.kratos.int.ind_k100.smt2/toy-bug-1.c.kratos.int.ind_k100.smt2_165.smt2 : 12858 ms.
--------------------------------------------------
sat
benchmarks/QF_LIA/toy-bug-1.c.kratos.int.ind_k100.smt2/toy-bug-1.c.kratos.int.ind_k100.smt2_166.smt2 : 16042 ms.
--------------------------------------------------
sat
benchmarks/QF_LIA/toy-bug-1.c.kratos.int.ind_k100.smt2/toy-bug-1.c.kratos.int.ind_k100.smt2_167.smt2 : 13692 ms.
--------------------------------------------------
sat
benchmarks/QF_LIA/toy-bug-1.c.kratos.int.ind_k100.smt2/toy-bug-1.c.kratos.int.ind_k100.smt2_168.smt2 : 13648 ms.
--------------------------------------------------
sat
benchmarks/QF_LIA/toy-bug-1.c.kratos.int.ind_k100.smt2/toy-bug-1.c.kratos.int.ind_k100.smt2_169.smt2 : 10690 ms.
--------------------------------------------------
sat
benchmarks/QF_LIA/toy-bug-1.c.kratos.int.ind_k100.smt2/toy-bug-1.c.kratos.int.ind_k100.smt2_170.smt2 : 9176 ms.
--------------------------------------------------
sat
benchmarks/QF_LIA/toy-bug-1.c.kratos.int.ind_k100.smt2/toy-bug-1.c.kratos.int.ind_k100.smt2_171.smt2 : 6213 ms.
--------------------------------------------------
sat
benchmarks/QF_LIA/toy-bug-1.c.kratos.int.ind_k100.smt2/toy-bug-1.c.kratos.int.ind_k100.smt2_172.smt2 : 16727 ms.
--------------------------------------------------
sat
benchmarks/QF_LIA/toy-bug-1.c.kratos.int.ind_k100.smt2/toy-bug-1.c.kratos.int.ind_k100.smt2_173.smt2 : 20456 ms.
--------------------------------------------------
sat
benchmarks/QF_LIA/toy-bug-1.c.kratos.int.ind_k100.smt2/toy-bug-1.c.kratos.int.ind_k100.smt2_174.smt2 : 7722 ms.
--------------------------------------------------
sat
benchmarks/QF_LIA/toy-bug-1.c.kratos.int.ind_k100.smt2/toy-bug-1.c.kratos.int.ind_k100.smt2_175.smt2 : 10374 ms.
--------------------------------------------------
sat
benchmarks/QF_LIA/toy-bug-1.c.kratos.int.ind_k100.smt2/toy-bug-1.c.kratos.int.ind_k100.smt2_176.smt2 : 18434 ms.
--------------------------------------------------
sat
benchmarks/QF_LIA/toy-bug-1.c.kratos.int.ind_k100.smt2/toy-bug-1.c.kratos.int.ind_k100.smt2_177.smt2 : 8021 ms.
--------------------------------------------------
sat
benchmarks/QF_LIA/toy-bug-1.c.kratos.int.ind_k100.smt2/toy-bug-1.c.kratos.int.ind_k100.smt2_178.smt2 : 12193 ms.
--------------------------------------------------
sat
benchmarks/QF_LIA/toy-bug-1.c.kratos.int.ind_k100.smt2/toy-bug-1.c.kratos.int.ind_k100.smt2_179.smt2 : 6949 ms.
--------------------------------------------------
sat
benchmarks/QF_LIA/toy-bug-1.c.kratos.int.ind_k100.smt2/toy-bug-1.c.kratos.int.ind_k100.smt2_180.smt2 : 11770 ms.
--------------------------------------------------
sat
benchmarks/QF_LIA/toy-bug-1.c.kratos.int.ind_k100.smt2/toy-bug-1.c.kratos.int.ind_k100.smt2_181.smt2 : 8988 ms.
--------------------------------------------------
sat
benchmarks/QF_LIA/toy-bug-1.c.kratos.int.ind_k100.smt2/toy-bug-1.c.kratos.int.ind_k100.smt2_182.smt2 : 18556 ms.
--------------------------------------------------
sat
benchmarks/QF_LIA/toy-bug-1.c.kratos.int.ind_k100.smt2/toy-bug-1.c.kratos.int.ind_k100.smt2_183.smt2 : 17256 ms.
--------------------------------------------------
sat
benchmarks/QF_LIA/toy-bug-1.c.kratos.int.ind_k100.smt2/toy-bug-1.c.kratos.int.ind_k100.smt2_184.smt2 : 27388 ms.
--------------------------------------------------
sat
benchmarks/QF_LIA/toy-bug-1.c.kratos.int.ind_k100.smt2/toy-bug-1.c.kratos.int.ind_k100.smt2_185.smt2 : 27277 ms.
--------------------------------------------------
sat
benchmarks/QF_LIA/toy-bug-1.c.kratos.int.ind_k100.smt2/toy-bug-1.c.kratos.int.ind_k100.smt2_186.smt2 : 20683 ms.
--------------------------------------------------
sat
benchmarks/QF_LIA/toy-bug-1.c.kratos.int.ind_k100.smt2/toy-bug-1.c.kratos.int.ind_k100.smt2_187.smt2 : 10027 ms.
--------------------------------------------------
sat
benchmarks/QF_LIA/toy-bug-1.c.kratos.int.ind_k100.smt2/toy-bug-1.c.kratos.int.ind_k100.smt2_188.smt2 : 29264 ms.
--------------------------------------------------
sat
benchmarks/QF_LIA/toy-bug-1.c.kratos.int.ind_k100.smt2/toy-bug-1.c.kratos.int.ind_k100.smt2_189.smt2 : 10298 ms.
--------------------------------------------------
sat
benchmarks/QF_LIA/toy-bug-1.c.kratos.int.ind_k100.smt2/toy-bug-1.c.kratos.int.ind_k100.smt2_190.smt2 : 22545 ms.
--------------------------------------------------
sat
benchmarks/QF_LIA/toy-bug-1.c.kratos.int.ind_k100.smt2/toy-bug-1.c.kratos.int.ind_k100.smt2_191.smt2 : 18451 ms.
--------------------------------------------------
sat
benchmarks/QF_LIA/toy-bug-1.c.kratos.int.ind_k100.smt2/toy-bug-1.c.kratos.int.ind_k100.smt2_192.smt2 : 18870 ms.
--------------------------------------------------
sat
benchmarks/QF_LIA/toy-bug-1.c.kratos.int.ind_k100.smt2/toy-bug-1.c.kratos.int.ind_k100.smt2_193.smt2 : 13659 ms.
--------------------------------------------------
sat
benchmarks/QF_LIA/toy-bug-1.c.kratos.int.ind_k100.smt2/toy-bug-1.c.kratos.int.ind_k100.smt2_194.smt2 : 23574 ms.
--------------------------------------------------
sat
benchmarks/QF_LIA/toy-bug-1.c.kratos.int.ind_k100.smt2/toy-bug-1.c.kratos.int.ind_k100.smt2_195.smt2 : 14422 ms.
--------------------------------------------------
sat
benchmarks/QF_LIA/toy-bug-1.c.kratos.int.ind_k100.smt2/toy-bug-1.c.kratos.int.ind_k100.smt2_196.smt2 : 32549 ms.
--------------------------------------------------
sat
benchmarks/QF_LIA/toy-bug-1.c.kratos.int.ind_k100.smt2/toy-bug-1.c.kratos.int.ind_k100.smt2_197.smt2 : 13339 ms.
--------------------------------------------------
sat
benchmarks/QF_LIA/toy-bug-1.c.kratos.int.ind_k100.smt2/toy-bug-1.c.kratos.int.ind_k100.smt2_198.smt2 : 33157 ms.
--------------------------------------------------
sat
benchmarks/QF_LIA/toy-bug-1.c.kratos.int.ind_k100.smt2/toy-bug-1.c.kratos.int.ind_k100.smt2_199.smt2 : 22875 ms.
--------------------------------------------------
sat
benchmarks/QF_LIA/toy-bug-1.c.kratos.int.ind_k100.smt2/toy-bug-1.c.kratos.int.ind_k100.smt2_200.smt2 : 24348 ms.
--------------------------------------------------
sat
benchmarks/QF_LIA/toy-bug-1.c.kratos.int.ind_k100.smt2/toy-bug-1.c.kratos.int.ind_k100.smt2_201.smt2 : 19353 ms.
--------------------------------------------------
sat
benchmarks/QF_LIA/toy-bug-1.c.kratos.int.ind_k100.smt2/toy-bug-1.c.kratos.int.ind_k100.smt2_202.smt2 : 35165 ms.
--------------------------------------------------
unsat
benchmarks/QF_LIA/toy-bug-2.c.kratos.int.bmc_k100.smt2/toy-bug-2.c.kratos.int.bmc_k100.smt2_1.smt2 : 4 ms.
--------------------------------------------------
unsat
benchmarks/QF_LIA/toy-bug-2.c.kratos.int.bmc_k100.smt2/toy-bug-2.c.kratos.int.bmc_k100.smt2_2.smt2 : 5 ms.
--------------------------------------------------
unsat
benchmarks/QF_LIA/toy-bug-2.c.kratos.int.bmc_k100.smt2/toy-bug-2.c.kratos.int.bmc_k100.smt2_3.smt2 : 8 ms.
--------------------------------------------------
unsat
benchmarks/QF_LIA/toy-bug-2.c.kratos.int.bmc_k100.smt2/toy-bug-2.c.kratos.int.bmc_k100.smt2_4.smt2 : 9 ms.
--------------------------------------------------
unsat
benchmarks/QF_LIA/toy-bug-2.c.kratos.int.bmc_k100.smt2/toy-bug-2.c.kratos.int.bmc_k100.smt2_5.smt2 : 12 ms.
--------------------------------------------------
unsat
benchmarks/QF_LIA/toy-bug-2.c.kratos.int.bmc_k100.smt2/toy-bug-2.c.kratos.int.bmc_k100.smt2_6.smt2 : 14 ms.
--------------------------------------------------
unsat
benchmarks/QF_LIA/toy-bug-2.c.kratos.int.bmc_k100.smt2/toy-bug-2.c.kratos.int.bmc_k100.smt2_7.smt2 : 20 ms.
--------------------------------------------------
unsat
benchmarks/QF_LIA/toy-bug-2.c.kratos.int.bmc_k100.smt2/toy-bug-2.c.kratos.int.bmc_k100.smt2_8.smt2 : 19 ms.
--------------------------------------------------
unsat
benchmarks/QF_LIA/toy-bug-2.c.kratos.int.bmc_k100.smt2/toy-bug-2.c.kratos.int.bmc_k100.smt2_9.smt2 : 19 ms.
--------------------------------------------------
unsat
benchmarks/QF_LIA/toy-bug-2.c.kratos.int.bmc_k100.smt2/toy-bug-2.c.kratos.int.bmc_k100.smt2_10.smt2 : 23 ms.
--------------------------------------------------
unsat
benchmarks/QF_LIA/toy-bug-2.c.kratos.int.bmc_k100.smt2/toy-bug-2.c.kratos.int.bmc_k100.smt2_11.smt2 : 26 ms.
--------------------------------------------------
unsat
benchmarks/QF_LIA/toy-bug-2.c.kratos.int.bmc_k100.smt2/toy-bug-2.c.kratos.int.bmc_k100.smt2_12.smt2 : 31 ms.
--------------------------------------------------
unsat
benchmarks/QF_LIA/toy-bug-2.c.kratos.int.bmc_k100.smt2/toy-bug-2.c.kratos.int.bmc_k100.smt2_13.smt2 : 34 ms.
--------------------------------------------------
unsat
benchmarks/QF_LIA/toy-bug-2.c.kratos.int.bmc_k100.smt2/toy-bug-2.c.kratos.int.bmc_k100.smt2_14.smt2 : 45 ms.
--------------------------------------------------
unsat
benchmarks/QF_LIA/toy-bug-2.c.kratos.int.bmc_k100.smt2/toy-bug-2.c.kratos.int.bmc_k100.smt2_15.smt2 : 40 ms.
--------------------------------------------------
unsat
benchmarks/QF_LIA/toy-bug-2.c.kratos.int.bmc_k100.smt2/toy-bug-2.c.kratos.int.bmc_k100.smt2_16.smt2 : 47 ms.
--------------------------------------------------
unsat
benchmarks/QF_LIA/toy-bug-2.c.kratos.int.bmc_k100.smt2/toy-bug-2.c.kratos.int.bmc_k100.smt2_17.smt2 : 52 ms.
--------------------------------------------------
unsat
benchmarks/QF_LIA/toy-bug-2.c.kratos.int.bmc_k100.smt2/toy-bug-2.c.kratos.int.bmc_k100.smt2_18.smt2 : 55 ms.
--------------------------------------------------
unsat
benchmarks/QF_LIA/toy-bug-2.c.kratos.int.bmc_k100.smt2/toy-bug-2.c.kratos.int.bmc_k100.smt2_19.smt2 : 60 ms.
--------------------------------------------------
unsat
benchmarks/QF_LIA/toy-bug-2.c.kratos.int.bmc_k100.smt2/toy-bug-2.c.kratos.int.bmc_k100.smt2_20.smt2 : 84 ms.
--------------------------------------------------
unsat
benchmarks/QF_LIA/toy-bug-2.c.kratos.int.bmc_k100.smt2/toy-bug-2.c.kratos.int.bmc_k100.smt2_21.smt2 : 79 ms.
--------------------------------------------------
unsat
benchmarks/QF_LIA/toy-bug-2.c.kratos.int.bmc_k100.smt2/toy-bug-2.c.kratos.int.bmc_k100.smt2_22.smt2 : 91 ms.
--------------------------------------------------
unsat
benchmarks/QF_LIA/toy-bug-2.c.kratos.int.bmc_k100.smt2/toy-bug-2.c.kratos.int.bmc_k100.smt2_23.smt2 : 95 ms.
--------------------------------------------------
unsat
benchmarks/QF_LIA/toy-bug-2.c.kratos.int.bmc_k100.smt2/toy-bug-2.c.kratos.int.bmc_k100.smt2_24.smt2 : 100 ms.
--------------------------------------------------
unsat
benchmarks/QF_LIA/toy-bug-2.c.kratos.int.bmc_k100.smt2/toy-bug-2.c.kratos.int.bmc_k100.smt2_25.smt2 : 132 ms.
--------------------------------------------------
unsat
benchmarks/QF_LIA/toy-bug-2.c.kratos.int.bmc_k100.smt2/toy-bug-2.c.kratos.int.bmc_k100.smt2_26.smt2 : 152 ms.
--------------------------------------------------
unsat
benchmarks/QF_LIA/toy-bug-2.c.kratos.int.bmc_k100.smt2/toy-bug-2.c.kratos.int.bmc_k100.smt2_27.smt2 : 124 ms.
--------------------------------------------------
unsat
benchmarks/QF_LIA/toy-bug-2.c.kratos.int.bmc_k100.smt2/toy-bug-2.c.kratos.int.bmc_k100.smt2_28.smt2 : 176 ms.
--------------------------------------------------
unsat
benchmarks/QF_LIA/toy-bug-2.c.kratos.int.bmc_k100.smt2/toy-bug-2.c.kratos.int.bmc_k100.smt2_29.smt2 : 160 ms.
--------------------------------------------------
unsat
benchmarks/QF_LIA/toy-bug-2.c.kratos.int.bmc_k100.smt2/toy-bug-2.c.kratos.int.bmc_k100.smt2_30.smt2 : 152 ms.
--------------------------------------------------
unsat
benchmarks/QF_LIA/toy-bug-2.c.kratos.int.bmc_k100.smt2/toy-bug-2.c.kratos.int.bmc_k100.smt2_31.smt2 : 203 ms.
--------------------------------------------------
unsat
benchmarks/QF_LIA/toy-bug-2.c.kratos.int.bmc_k100.smt2/toy-bug-2.c.kratos.int.bmc_k100.smt2_32.smt2 : 263 ms.
--------------------------------------------------
unsat
benchmarks/QF_LIA/toy-bug-2.c.kratos.int.bmc_k100.smt2/toy-bug-2.c.kratos.int.bmc_k100.smt2_33.smt2 : 216 ms.
--------------------------------------------------
unsat
benchmarks/QF_LIA/toy-bug-2.c.kratos.int.bmc_k100.smt2/toy-bug-2.c.kratos.int.bmc_k100.smt2_34.smt2 : 262 ms.
--------------------------------------------------
unsat
benchmarks/QF_LIA/toy-bug-2.c.kratos.int.bmc_k100.smt2/toy-bug-2.c.kratos.int.bmc_k100.smt2_35.smt2 : 373 ms.
--------------------------------------------------
unsat
benchmarks/QF_LIA/toy-bug-2.c.kratos.int.bmc_k100.smt2/toy-bug-2.c.kratos.int.bmc_k100.smt2_36.smt2 : 389 ms.
--------------------------------------------------
unsat
benchmarks/QF_LIA/toy-bug-2.c.kratos.int.bmc_k100.smt2/toy-bug-2.c.kratos.int.bmc_k100.smt2_37.smt2 : 348 ms.
--------------------------------------------------
unsat
benchmarks/QF_LIA/toy-bug-2.c.kratos.int.bmc_k100.smt2/toy-bug-2.c.kratos.int.bmc_k100.smt2_38.smt2 : 588 ms.
--------------------------------------------------
unsat
benchmarks/QF_LIA/toy-bug-2.c.kratos.int.bmc_k100.smt2/toy-bug-2.c.kratos.int.bmc_k100.smt2_39.smt2 : 637 ms.
--------------------------------------------------
unsat
benchmarks/QF_LIA/toy-bug-2.c.kratos.int.bmc_k100.smt2/toy-bug-2.c.kratos.int.bmc_k100.smt2_40.smt2 : 763 ms.
--------------------------------------------------
unsat
benchmarks/QF_LIA/toy-bug-2.c.kratos.int.bmc_k100.smt2/toy-bug-2.c.kratos.int.bmc_k100.smt2_41.smt2 : 1028 ms.
--------------------------------------------------
unsat
benchmarks/QF_LIA/toy-bug-2.c.kratos.int.bmc_k100.smt2/toy-bug-2.c.kratos.int.bmc_k100.smt2_42.smt2 : 852 ms.
--------------------------------------------------
unsat
benchmarks/QF_LIA/toy-bug-2.c.kratos.int.bmc_k100.smt2/toy-bug-2.c.kratos.int.bmc_k100.smt2_43.smt2 : 1109 ms.
--------------------------------------------------
unsat
benchmarks/QF_LIA/toy-bug-2.c.kratos.int.bmc_k100.smt2/toy-bug-2.c.kratos.int.bmc_k100.smt2_44.smt2 : 2258 ms.
--------------------------------------------------
unsat
benchmarks/QF_LIA/toy-bug-2.c.kratos.int.bmc_k100.smt2/toy-bug-2.c.kratos.int.bmc_k100.smt2_45.smt2 : 1132 ms.
--------------------------------------------------
unsat
benchmarks/QF_LIA/toy-bug-2.c.kratos.int.bmc_k100.smt2/toy-bug-2.c.kratos.int.bmc_k100.smt2_46.smt2 : 2411 ms.
--------------------------------------------------
unsat
benchmarks/QF_LIA/toy-bug-2.c.kratos.int.bmc_k100.smt2/toy-bug-2.c.kratos.int.bmc_k100.smt2_47.smt2 : 2030 ms.
--------------------------------------------------
sat
benchmarks/QF_LIA/toy-bug-2.c.kratos.int.bmc_k100.smt2/toy-bug-2.c.kratos.int.bmc_k100.smt2_48.smt2 : 2224 ms.
--------------------------------------------------
unsat
benchmarks/QF_LIA/toy-bug-2.c.kratos.int.bmc_k100.smt2/toy-bug-2.c.kratos.int.bmc_k100.smt2_49.smt2 : 4500 ms.
--------------------------------------------------
unsat
benchmarks/QF_LIA/toy-bug-2.c.kratos.int.bmc_k100.smt2/toy-bug-2.c.kratos.int.bmc_k100.smt2_50.smt2 : 3121 ms.
--------------------------------------------------
unsat
benchmarks/QF_LIA/toy-bug-2.c.kratos.int.bmc_k100.smt2/toy-bug-2.c.kratos.int.bmc_k100.smt2_51.smt2 : 5759 ms.
--------------------------------------------------
unsat
benchmarks/QF_LIA/toy-bug-2.c.kratos.int.bmc_k100.smt2/toy-bug-2.c.kratos.int.bmc_k100.smt2_52.smt2 : 5108 ms.
--------------------------------------------------
sat
benchmarks/QF_LIA/toy-bug-2.c.kratos.int.bmc_k100.smt2/toy-bug-2.c.kratos.int.bmc_k100.smt2_53.smt2 : 5169 ms.
--------------------------------------------------
sat
benchmarks/QF_LIA/toy-bug-2.c.kratos.int.bmc_k100.smt2/toy-bug-2.c.kratos.int.bmc_k100.smt2_54.smt2 : 2706 ms.
--------------------------------------------------
sat
benchmarks/QF_LIA/toy-bug-2.c.kratos.int.bmc_k100.smt2/toy-bug-2.c.kratos.int.bmc_k100.smt2_55.smt2 : 2025 ms.
--------------------------------------------------
sat
benchmarks/QF_LIA/toy-bug-2.c.kratos.int.bmc_k100.smt2/toy-bug-2.c.kratos.int.bmc_k100.smt2_56.smt2 : 1550 ms.
--------------------------------------------------
sat
benchmarks/QF_LIA/toy-bug-2.c.kratos.int.bmc_k100.smt2/toy-bug-2.c.kratos.int.bmc_k100.smt2_57.smt2 : 13366 ms.
--------------------------------------------------
sat
benchmarks/QF_LIA/toy-bug-2.c.kratos.int.bmc_k100.smt2/toy-bug-2.c.kratos.int.bmc_k100.smt2_58.smt2 : 13922 ms.
--------------------------------------------------
sat
benchmarks/QF_LIA/toy-bug-2.c.kratos.int.bmc_k100.smt2/toy-bug-2.c.kratos.int.bmc_k100.smt2_59.smt2 : 2470 ms.
--------------------------------------------------
sat
benchmarks/QF_LIA/toy-bug-2.c.kratos.int.bmc_k100.smt2/toy-bug-2.c.kratos.int.bmc_k100.smt2_60.smt2 : 704 ms.
--------------------------------------------------
sat
benchmarks/QF_LIA/toy-bug-2.c.kratos.int.bmc_k100.smt2/toy-bug-2.c.kratos.int.bmc_k100.smt2_61.smt2 : 4721 ms.
--------------------------------------------------
sat
benchmarks/QF_LIA/toy-bug-2.c.kratos.int.bmc_k100.smt2/toy-bug-2.c.kratos.int.bmc_k100.smt2_62.smt2 : 5855 ms.
--------------------------------------------------
sat
benchmarks/QF_LIA/toy-bug-2.c.kratos.int.bmc_k100.smt2/toy-bug-2.c.kratos.int.bmc_k100.smt2_63.smt2 : 1890 ms.
--------------------------------------------------
sat
benchmarks/QF_LIA/toy-bug-2.c.kratos.int.bmc_k100.smt2/toy-bug-2.c.kratos.int.bmc_k100.smt2_64.smt2 : 4657 ms.
--------------------------------------------------
sat
benchmarks/QF_LIA/toy-bug-2.c.kratos.int.bmc_k100.smt2/toy-bug-2.c.kratos.int.bmc_k100.smt2_65.smt2 : 2123 ms.
--------------------------------------------------
sat
benchmarks/QF_LIA/toy-bug-2.c.kratos.int.bmc_k100.smt2/toy-bug-2.c.kratos.int.bmc_k100.smt2_66.smt2 : 4294 ms.
--------------------------------------------------
sat
benchmarks/QF_LIA/toy-bug-2.c.kratos.int.bmc_k100.smt2/toy-bug-2.c.kratos.int.bmc_k100.smt2_67.smt2 : 2776 ms.
--------------------------------------------------
sat
benchmarks/QF_LIA/toy-bug-2.c.kratos.int.bmc_k100.smt2/toy-bug-2.c.kratos.int.bmc_k100.smt2_68.smt2 : 2866 ms.
--------------------------------------------------
sat
benchmarks/QF_LIA/toy-bug-2.c.kratos.int.bmc_k100.smt2/toy-bug-2.c.kratos.int.bmc_k100.smt2_69.smt2 : 5307 ms.
--------------------------------------------------
sat
benchmarks/QF_LIA/toy-bug-2.c.kratos.int.bmc_k100.smt2/toy-bug-2.c.kratos.int.bmc_k100.smt2_70.smt2 : 2483 ms.
--------------------------------------------------
sat
benchmarks/QF_LIA/toy-bug-2.c.kratos.int.bmc_k100.smt2/toy-bug-2.c.kratos.int.bmc_k100.smt2_71.smt2 : 3457 ms.
--------------------------------------------------
sat
benchmarks/QF_LIA/toy-bug-2.c.kratos.int.bmc_k100.smt2/toy-bug-2.c.kratos.int.bmc_k100.smt2_72.smt2 : 2756 ms.
--------------------------------------------------
sat
benchmarks/QF_LIA/toy-bug-2.c.kratos.int.bmc_k100.smt2/toy-bug-2.c.kratos.int.bmc_k100.smt2_73.smt2 : 3904 ms.
--------------------------------------------------
sat
benchmarks/QF_LIA/toy-bug-2.c.kratos.int.bmc_k100.smt2/toy-bug-2.c.kratos.int.bmc_k100.smt2_74.smt2 : 1949 ms.
--------------------------------------------------
sat
benchmarks/QF_LIA/toy-bug-2.c.kratos.int.bmc_k100.smt2/toy-bug-2.c.kratos.int.bmc_k100.smt2_75.smt2 : 3522 ms.
--------------------------------------------------
sat
benchmarks/QF_LIA/toy-bug-2.c.kratos.int.bmc_k100.smt2/toy-bug-2.c.kratos.int.bmc_k100.smt2_76.smt2 : 6211 ms.
--------------------------------------------------
sat
benchmarks/QF_LIA/toy-bug-2.c.kratos.int.bmc_k100.smt2/toy-bug-2.c.kratos.int.bmc_k100.smt2_77.smt2 : 8805 ms.
--------------------------------------------------
sat
benchmarks/QF_LIA/toy-bug-2.c.kratos.int.bmc_k100.smt2/toy-bug-2.c.kratos.int.bmc_k100.smt2_78.smt2 : 2918 ms.
--------------------------------------------------
sat
benchmarks/QF_LIA/toy-bug-2.c.kratos.int.bmc_k100.smt2/toy-bug-2.c.kratos.int.bmc_k100.smt2_79.smt2 : 3608 ms.
--------------------------------------------------
sat
benchmarks/QF_LIA/toy-bug-2.c.kratos.int.bmc_k100.smt2/toy-bug-2.c.kratos.int.bmc_k100.smt2_80.smt2 : 3478 ms.
--------------------------------------------------
sat
benchmarks/QF_LIA/toy-bug-2.c.kratos.int.bmc_k100.smt2/toy-bug-2.c.kratos.int.bmc_k100.smt2_81.smt2 : 6563 ms.
--------------------------------------------------
sat
benchmarks/QF_LIA/toy-bug-2.c.kratos.int.bmc_k100.smt2/toy-bug-2.c.kratos.int.bmc_k100.smt2_82.smt2 : 6581 ms.
--------------------------------------------------
sat
benchmarks/QF_LIA/toy-bug-2.c.kratos.int.bmc_k100.smt2/toy-bug-2.c.kratos.int.bmc_k100.smt2_83.smt2 : 7091 ms.
--------------------------------------------------
sat
benchmarks/QF_LIA/toy-bug-2.c.kratos.int.bmc_k100.smt2/toy-bug-2.c.kratos.int.bmc_k100.smt2_84.smt2 : 4894 ms.
--------------------------------------------------
sat
benchmarks/QF_LIA/toy-bug-2.c.kratos.int.bmc_k100.smt2/toy-bug-2.c.kratos.int.bmc_k100.smt2_85.smt2 : 10511 ms.
--------------------------------------------------
sat
benchmarks/QF_LIA/toy-bug-2.c.kratos.int.bmc_k100.smt2/toy-bug-2.c.kratos.int.bmc_k100.smt2_86.smt2 : 4267 ms.
--------------------------------------------------
sat
benchmarks/QF_LIA/toy-bug-2.c.kratos.int.bmc_k100.smt2/toy-bug-2.c.kratos.int.bmc_k100.smt2_87.smt2 : 7024 ms.
--------------------------------------------------
sat
benchmarks/QF_LIA/toy-bug-2.c.kratos.int.bmc_k100.smt2/toy-bug-2.c.kratos.int.bmc_k100.smt2_88.smt2 : 13724 ms.
--------------------------------------------------
sat
benchmarks/QF_LIA/toy-bug-2.c.kratos.int.bmc_k100.smt2/toy-bug-2.c.kratos.int.bmc_k100.smt2_89.smt2 : 6213 ms.
--------------------------------------------------
sat
benchmarks/QF_LIA/toy-bug-2.c.kratos.int.bmc_k100.smt2/toy-bug-2.c.kratos.int.bmc_k100.smt2_90.smt2 : 10728 ms.
--------------------------------------------------
sat
benchmarks/QF_LIA/toy-bug-2.c.kratos.int.bmc_k100.smt2/toy-bug-2.c.kratos.int.bmc_k100.smt2_91.smt2 : 11162 ms.
--------------------------------------------------
sat
benchmarks/QF_LIA/toy-bug-2.c.kratos.int.bmc_k100.smt2/toy-bug-2.c.kratos.int.bmc_k100.smt2_92.smt2 : 9751 ms.
--------------------------------------------------
sat
benchmarks/QF_LIA/toy-bug-2.c.kratos.int.bmc_k100.smt2/toy-bug-2.c.kratos.int.bmc_k100.smt2_93.smt2 : 37403 ms.
--------------------------------------------------
sat
benchmarks/QF_LIA/toy-bug-2.c.kratos.int.bmc_k100.smt2/toy-bug-2.c.kratos.int.bmc_k100.smt2_94.smt2 : 14049 ms.
--------------------------------------------------
sat
benchmarks/QF_LIA/toy-bug-2.c.kratos.int.bmc_k100.smt2/toy-bug-2.c.kratos.int.bmc_k100.smt2_95.smt2 : 8575 ms.
--------------------------------------------------
sat
benchmarks/QF_LIA/toy-bug-2.c.kratos.int.bmc_k100.smt2/toy-bug-2.c.kratos.int.bmc_k100.smt2_96.smt2 : 18539 ms.
--------------------------------------------------
sat
benchmarks/QF_LIA/toy-bug-2.c.kratos.int.bmc_k100.smt2/toy-bug-2.c.kratos.int.bmc_k100.smt2_97.smt2 : 24414 ms.
--------------------------------------------------
sat
benchmarks/QF_LIA/toy-bug-2.c.kratos.int.bmc_k100.smt2/toy-bug-2.c.kratos.int.bmc_k100.smt2_98.smt2 : 9585 ms.
--------------------------------------------------
sat
benchmarks/QF_LIA/toy-bug-2.c.kratos.int.bmc_k100.smt2/toy-bug-2.c.kratos.int.bmc_k100.smt2_99.smt2 : 7166 ms.
--------------------------------------------------
sat
benchmarks/QF_LIA/toy-bug-2.c.kratos.int.bmc_k100.smt2/toy-bug-2.c.kratos.int.bmc_k100.smt2_100.smt2 : 40724 ms.
--------------------------------------------------
sat
benchmarks/QF_LIA/toy-bug-2.c.kratos.int.bmc_k100.smt2/toy-bug-2.c.kratos.int.bmc_k100.smt2_101.smt2 : 12274 ms.
--------------------------------------------------
unsat
benchmarks/QF_LIA/toy-bug-2.c.kratos.int.ind_k100.smt2/toy-bug-2.c.kratos.int.ind_k100.smt2_1.smt2 : 21 ms.
--------------------------------------------------
sat
benchmarks/QF_LIA/toy-bug-2.c.kratos.int.ind_k100.smt2/toy-bug-2.c.kratos.int.ind_k100.smt2_2.smt2 : 3 ms.
--------------------------------------------------
unsat
benchmarks/QF_LIA/toy-bug-2.c.kratos.int.ind_k100.smt2/toy-bug-2.c.kratos.int.ind_k100.smt2_3.smt2 : 6 ms.
--------------------------------------------------
sat
benchmarks/QF_LIA/toy-bug-2.c.kratos.int.ind_k100.smt2/toy-bug-2.c.kratos.int.ind_k100.smt2_4.smt2 : 6 ms.
--------------------------------------------------
unsat
benchmarks/QF_LIA/toy-bug-2.c.kratos.int.ind_k100.smt2/toy-bug-2.c.kratos.int.ind_k100.smt2_5.smt2 : 9 ms.
--------------------------------------------------
sat
benchmarks/QF_LIA/toy-bug-2.c.kratos.int.ind_k100.smt2/toy-bug-2.c.kratos.int.ind_k100.smt2_6.smt2 : 9 ms.
--------------------------------------------------
unsat
benchmarks/QF_LIA/toy-bug-2.c.kratos.int.ind_k100.smt2/toy-bug-2.c.kratos.int.ind_k100.smt2_7.smt2 : 11 ms.
--------------------------------------------------
sat
benchmarks/QF_LIA/toy-bug-2.c.kratos.int.ind_k100.smt2/toy-bug-2.c.kratos.int.ind_k100.smt2_8.smt2 : 12 ms.
--------------------------------------------------
unsat
benchmarks/QF_LIA/toy-bug-2.c.kratos.int.ind_k100.smt2/toy-bug-2.c.kratos.int.ind_k100.smt2_9.smt2 : 13 ms.
--------------------------------------------------
sat
benchmarks/QF_LIA/toy-bug-2.c.kratos.int.ind_k100.smt2/toy-bug-2.c.kratos.int.ind_k100.smt2_10.smt2 : 13 ms.
--------------------------------------------------
unsat
benchmarks/QF_LIA/toy-bug-2.c.kratos.int.ind_k100.smt2/toy-bug-2.c.kratos.int.ind_k100.smt2_11.smt2 : 17 ms.
--------------------------------------------------
sat
benchmarks/QF_LIA/toy-bug-2.c.kratos.int.ind_k100.smt2/toy-bug-2.c.kratos.int.ind_k100.smt2_12.smt2 : 16 ms.
--------------------------------------------------
unsat
benchmarks/QF_LIA/toy-bug-2.c.kratos.int.ind_k100.smt2/toy-bug-2.c.kratos.int.ind_k100.smt2_13.smt2 : 18 ms.
--------------------------------------------------
sat
benchmarks/QF_LIA/toy-bug-2.c.kratos.int.ind_k100.smt2/toy-bug-2.c.kratos.int.ind_k100.smt2_14.smt2 : 20 ms.
--------------------------------------------------
unsat
benchmarks/QF_LIA/toy-bug-2.c.kratos.int.ind_k100.smt2/toy-bug-2.c.kratos.int.ind_k100.smt2_15.smt2 : 19 ms.
--------------------------------------------------
sat
benchmarks/QF_LIA/toy-bug-2.c.kratos.int.ind_k100.smt2/toy-bug-2.c.kratos.int.ind_k100.smt2_16.smt2 : 24 ms.
--------------------------------------------------
unsat
benchmarks/QF_LIA/toy-bug-2.c.kratos.int.ind_k100.smt2/toy-bug-2.c.kratos.int.ind_k100.smt2_17.smt2 : 24 ms.
--------------------------------------------------
sat
benchmarks/QF_LIA/toy-bug-2.c.kratos.int.ind_k100.smt2/toy-bug-2.c.kratos.int.ind_k100.smt2_18.smt2 : 26 ms.
--------------------------------------------------
unsat
benchmarks/QF_LIA/toy-bug-2.c.kratos.int.ind_k100.smt2/toy-bug-2.c.kratos.int.ind_k100.smt2_19.smt2 : 26 ms.
--------------------------------------------------
sat
benchmarks/QF_LIA/toy-bug-2.c.kratos.int.ind_k100.smt2/toy-bug-2.c.kratos.int.ind_k100.smt2_20.smt2 : 32 ms.
--------------------------------------------------
unsat
benchmarks/QF_LIA/toy-bug-2.c.kratos.int.ind_k100.smt2/toy-bug-2.c.kratos.int.ind_k100.smt2_21.smt2 : 29 ms.
--------------------------------------------------
sat
benchmarks/QF_LIA/toy-bug-2.c.kratos.int.ind_k100.smt2/toy-bug-2.c.kratos.int.ind_k100.smt2_22.smt2 : 39 ms.
--------------------------------------------------
unsat
benchmarks/QF_LIA/toy-bug-2.c.kratos.int.ind_k100.smt2/toy-bug-2.c.kratos.int.ind_k100.smt2_23.smt2 : 32 ms.
--------------------------------------------------
sat
benchmarks/QF_LIA/toy-bug-2.c.kratos.int.ind_k100.smt2/toy-bug-2.c.kratos.int.ind_k100.smt2_24.smt2 : 36 ms.
--------------------------------------------------
unsat
benchmarks/QF_LIA/toy-bug-2.c.kratos.int.ind_k100.smt2/toy-bug-2.c.kratos.int.ind_k100.smt2_25.smt2 : 37 ms.
--------------------------------------------------
sat
benchmarks/QF_LIA/toy-bug-2.c.kratos.int.ind_k100.smt2/toy-bug-2.c.kratos.int.ind_k100.smt2_26.smt2 : 41 ms.
--------------------------------------------------
unsat
benchmarks/QF_LIA/toy-bug-2.c.kratos.int.ind_k100.smt2/toy-bug-2.c.kratos.int.ind_k100.smt2_27.smt2 : 42 ms.
--------------------------------------------------
sat
benchmarks/QF_LIA/toy-bug-2.c.kratos.int.ind_k100.smt2/toy-bug-2.c.kratos.int.ind_k100.smt2_28.smt2 : 48 ms.
--------------------------------------------------
unsat
benchmarks/QF_LIA/toy-bug-2.c.kratos.int.ind_k100.smt2/toy-bug-2.c.kratos.int.ind_k100.smt2_29.smt2 : 44 ms.
--------------------------------------------------
sat
benchmarks/QF_LIA/toy-bug-2.c.kratos.int.ind_k100.smt2/toy-bug-2.c.kratos.int.ind_k100.smt2_30.smt2 : 48 ms.
--------------------------------------------------
unsat
benchmarks/QF_LIA/toy-bug-2.c.kratos.int.ind_k100.smt2/toy-bug-2.c.kratos.int.ind_k100.smt2_31.smt2 : 47 ms.
--------------------------------------------------
sat
benchmarks/QF_LIA/toy-bug-2.c.kratos.int.ind_k100.smt2/toy-bug-2.c.kratos.int.ind_k100.smt2_32.smt2 : 66 ms.
--------------------------------------------------
unsat
benchmarks/QF_LIA/toy-bug-2.c.kratos.int.ind_k100.smt2/toy-bug-2.c.kratos.int.ind_k100.smt2_33.smt2 : 55 ms.
--------------------------------------------------
sat
benchmarks/QF_LIA/toy-bug-2.c.kratos.int.ind_k100.smt2/toy-bug-2.c.kratos.int.ind_k100.smt2_34.smt2 : 68 ms.
--------------------------------------------------
unsat
benchmarks/QF_LIA/toy-bug-2.c.kratos.int.ind_k100.smt2/toy-bug-2.c.kratos.int.ind_k100.smt2_35.smt2 : 53 ms.
--------------------------------------------------
sat
benchmarks/QF_LIA/toy-bug-2.c.kratos.int.ind_k100.smt2/toy-bug-2.c.kratos.int.ind_k100.smt2_36.smt2 : 79 ms.
--------------------------------------------------
unsat
benchmarks/QF_LIA/toy-bug-2.c.kratos.int.ind_k100.smt2/toy-bug-2.c.kratos.int.ind_k100.smt2_37.smt2 : 62 ms.
--------------------------------------------------
sat
benchmarks/QF_LIA/toy-bug-2.c.kratos.int.ind_k100.smt2/toy-bug-2.c.kratos.int.ind_k100.smt2_38.smt2 : 76 ms.
--------------------------------------------------
unsat
benchmarks/QF_LIA/toy-bug-2.c.kratos.int.ind_k100.smt2/toy-bug-2.c.kratos.int.ind_k100.smt2_39.smt2 : 80 ms.
--------------------------------------------------
sat
benchmarks/QF_LIA/toy-bug-2.c.kratos.int.ind_k100.smt2/toy-bug-2.c.kratos.int.ind_k100.smt2_40.smt2 : 76 ms.
--------------------------------------------------
unsat
benchmarks/QF_LIA/toy-bug-2.c.kratos.int.ind_k100.smt2/toy-bug-2.c.kratos.int.ind_k100.smt2_41.smt2 : 70 ms.
--------------------------------------------------
sat
benchmarks/QF_LIA/toy-bug-2.c.kratos.int.ind_k100.smt2/toy-bug-2.c.kratos.int.ind_k100.smt2_42.smt2 : 101 ms.
--------------------------------------------------
unsat
benchmarks/QF_LIA/toy-bug-2.c.kratos.int.ind_k100.smt2/toy-bug-2.c.kratos.int.ind_k100.smt2_43.smt2 : 93 ms.
--------------------------------------------------
sat
benchmarks/QF_LIA/toy-bug-2.c.kratos.int.ind_k100.smt2/toy-bug-2.c.kratos.int.ind_k100.smt2_44.smt2 : 95 ms.
--------------------------------------------------
unsat
benchmarks/QF_LIA/toy-bug-2.c.kratos.int.ind_k100.smt2/toy-bug-2.c.kratos.int.ind_k100.smt2_45.smt2 : 130 ms.
--------------------------------------------------
sat
benchmarks/QF_LIA/toy-bug-2.c.kratos.int.ind_k100.smt2/toy-bug-2.c.kratos.int.ind_k100.smt2_46.smt2 : 117 ms.
--------------------------------------------------
unsat
benchmarks/QF_LIA/toy-bug-2.c.kratos.int.ind_k100.smt2/toy-bug-2.c.kratos.int.ind_k100.smt2_47.smt2 : 107 ms.
--------------------------------------------------
sat
benchmarks/QF_LIA/toy-bug-2.c.kratos.int.ind_k100.smt2/toy-bug-2.c.kratos.int.ind_k100.smt2_48.smt2 : 131 ms.
--------------------------------------------------
unsat
benchmarks/QF_LIA/toy-bug-2.c.kratos.int.ind_k100.smt2/toy-bug-2.c.kratos.int.ind_k100.smt2_49.smt2 : 121 ms.
--------------------------------------------------
sat
benchmarks/QF_LIA/toy-bug-2.c.kratos.int.ind_k100.smt2/toy-bug-2.c.kratos.int.ind_k100.smt2_50.smt2 : 134 ms.
--------------------------------------------------
unsat
benchmarks/QF_LIA/toy-bug-2.c.kratos.int.ind_k100.smt2/toy-bug-2.c.kratos.int.ind_k100.smt2_51.smt2 : 109 ms.
--------------------------------------------------
sat
benchmarks/QF_LIA/toy-bug-2.c.kratos.int.ind_k100.smt2/toy-bug-2.c.kratos.int.ind_k100.smt2_52.smt2 : 135 ms.
