--------------------------------------------------
unsat
benchmarks/QF_LIA/pc_sfifo_3.c.kratos.int.bmc_k100.smt2/pc_sfifo_3.c.kratos.int.bmc_k100.smt2_2.smt2 : 43 ms.
--------------------------------------------------
unsat
benchmarks/QF_LIA/pc_sfifo_3.c.kratos.int.bmc_k100.smt2/pc_sfifo_3.c.kratos.int.bmc_k100.smt2_3.smt2 : 8 ms.
--------------------------------------------------
unsat
benchmarks/QF_LIA/pc_sfifo_3.c.kratos.int.bmc_k100.smt2/pc_sfifo_3.c.kratos.int.bmc_k100.smt2_4.smt2 : 14 ms.
--------------------------------------------------
unsat
benchmarks/QF_LIA/pc_sfifo_3.c.kratos.int.bmc_k100.smt2/pc_sfifo_3.c.kratos.int.bmc_k100.smt2_5.smt2 : 16 ms.
--------------------------------------------------
unsat
benchmarks/QF_LIA/pc_sfifo_3.c.kratos.int.bmc_k100.smt2/pc_sfifo_3.c.kratos.int.bmc_k100.smt2_6.smt2 : 22 ms.
--------------------------------------------------
unsat
benchmarks/QF_LIA/pc_sfifo_3.c.kratos.int.bmc_k100.smt2/pc_sfifo_3.c.kratos.int.bmc_k100.smt2_7.smt2 : 26 ms.
--------------------------------------------------
unsat
benchmarks/QF_LIA/pc_sfifo_3.c.kratos.int.bmc_k100.smt2/pc_sfifo_3.c.kratos.int.bmc_k100.smt2_8.smt2 : 33 ms.
--------------------------------------------------
unsat
benchmarks/QF_LIA/pc_sfifo_3.c.kratos.int.bmc_k100.smt2/pc_sfifo_3.c.kratos.int.bmc_k100.smt2_9.smt2 : 36 ms.
--------------------------------------------------
unsat
benchmarks/QF_LIA/pc_sfifo_3.c.kratos.int.bmc_k100.smt2/pc_sfifo_3.c.kratos.int.bmc_k100.smt2_10.smt2 : 36 ms.
--------------------------------------------------
unsat
benchmarks/QF_LIA/pc_sfifo_3.c.kratos.int.bmc_k100.smt2/pc_sfifo_3.c.kratos.int.bmc_k100.smt2_11.smt2 : 43 ms.
--------------------------------------------------
unsat
benchmarks/QF_LIA/pc_sfifo_3.c.kratos.int.bmc_k100.smt2/pc_sfifo_3.c.kratos.int.bmc_k100.smt2_12.smt2 : 52 ms.
--------------------------------------------------
unsat
benchmarks/QF_LIA/pc_sfifo_3.c.kratos.int.bmc_k100.smt2/pc_sfifo_3.c.kratos.int.bmc_k100.smt2_13.smt2 : 55 ms.
--------------------------------------------------
unsat
benchmarks/QF_LIA/pc_sfifo_3.c.kratos.int.bmc_k100.smt2/pc_sfifo_3.c.kratos.int.bmc_k100.smt2_14.smt2 : 61 ms.
--------------------------------------------------
unsat
benchmarks/QF_LIA/pc_sfifo_3.c.kratos.int.bmc_k100.smt2/pc_sfifo_3.c.kratos.int.bmc_k100.smt2_15.smt2 : 71 ms.
--------------------------------------------------
unsat
benchmarks/QF_LIA/pc_sfifo_3.c.kratos.int.bmc_k100.smt2/pc_sfifo_3.c.kratos.int.bmc_k100.smt2_16.smt2 : 79 ms.
--------------------------------------------------
unsat
benchmarks/QF_LIA/pc_sfifo_3.c.kratos.int.bmc_k100.smt2/pc_sfifo_3.c.kratos.int.bmc_k100.smt2_17.smt2 : 80 ms.
--------------------------------------------------
unsat
benchmarks/QF_LIA/pc_sfifo_3.c.kratos.int.bmc_k100.smt2/pc_sfifo_3.c.kratos.int.bmc_k100.smt2_18.smt2 : 97 ms.
--------------------------------------------------
unsat
benchmarks/QF_LIA/pc_sfifo_3.c.kratos.int.bmc_k100.smt2/pc_sfifo_3.c.kratos.int.bmc_k100.smt2_19.smt2 : 104 ms.
--------------------------------------------------
unsat
benchmarks/QF_LIA/pc_sfifo_3.c.kratos.int.bmc_k100.smt2/pc_sfifo_3.c.kratos.int.bmc_k100.smt2_20.smt2 : 99 ms.
--------------------------------------------------
unsat
benchmarks/QF_LIA/pc_sfifo_3.c.kratos.int.bmc_k100.smt2/pc_sfifo_3.c.kratos.int.bmc_k100.smt2_21.smt2 : 109 ms.
--------------------------------------------------
unsat
benchmarks/QF_LIA/pc_sfifo_3.c.kratos.int.bmc_k100.smt2/pc_sfifo_3.c.kratos.int.bmc_k100.smt2_22.smt2 : 144 ms.
--------------------------------------------------
unsat
benchmarks/QF_LIA/pc_sfifo_3.c.kratos.int.bmc_k100.smt2/pc_sfifo_3.c.kratos.int.bmc_k100.smt2_23.smt2 : 118 ms.
--------------------------------------------------
unsat
benchmarks/QF_LIA/pc_sfifo_3.c.kratos.int.bmc_k100.smt2/pc_sfifo_3.c.kratos.int.bmc_k100.smt2_24.smt2 : 104 ms.
--------------------------------------------------
unsat
benchmarks/QF_LIA/pc_sfifo_3.c.kratos.int.bmc_k100.smt2/pc_sfifo_3.c.kratos.int.bmc_k100.smt2_25.smt2 : 122 ms.
--------------------------------------------------
unsat
benchmarks/QF_LIA/pc_sfifo_3.c.kratos.int.bmc_k100.smt2/pc_sfifo_3.c.kratos.int.bmc_k100.smt2_26.smt2 : 151 ms.
--------------------------------------------------
unsat
benchmarks/QF_LIA/pc_sfifo_3.c.kratos.int.bmc_k100.smt2/pc_sfifo_3.c.kratos.int.bmc_k100.smt2_27.smt2 : 145 ms.
--------------------------------------------------
unsat
benchmarks/QF_LIA/pc_sfifo_3.c.kratos.int.bmc_k100.smt2/pc_sfifo_3.c.kratos.int.bmc_k100.smt2_28.smt2 : 135 ms.
--------------------------------------------------
unsat
benchmarks/QF_LIA/pc_sfifo_3.c.kratos.int.bmc_k100.smt2/pc_sfifo_3.c.kratos.int.bmc_k100.smt2_29.smt2 : 176 ms.
--------------------------------------------------
unsat
benchmarks/QF_LIA/pc_sfifo_3.c.kratos.int.bmc_k100.smt2/pc_sfifo_3.c.kratos.int.bmc_k100.smt2_30.smt2 : 158 ms.
--------------------------------------------------
unsat
benchmarks/QF_LIA/pc_sfifo_3.c.kratos.int.bmc_k100.smt2/pc_sfifo_3.c.kratos.int.bmc_k100.smt2_31.smt2 : 200 ms.
--------------------------------------------------
unsat
benchmarks/QF_LIA/pc_sfifo_3.c.kratos.int.bmc_k100.smt2/pc_sfifo_3.c.kratos.int.bmc_k100.smt2_32.smt2 : 152 ms.
--------------------------------------------------
unsat
benchmarks/QF_LIA/pc_sfifo_3.c.kratos.int.bmc_k100.smt2/pc_sfifo_3.c.kratos.int.bmc_k100.smt2_33.smt2 : 219 ms.
--------------------------------------------------
unsat
benchmarks/QF_LIA/pc_sfifo_3.c.kratos.int.bmc_k100.smt2/pc_sfifo_3.c.kratos.int.bmc_k100.smt2_34.smt2 : 219 ms.
--------------------------------------------------
unsat
benchmarks/QF_LIA/pc_sfifo_3.c.kratos.int.bmc_k100.smt2/pc_sfifo_3.c.kratos.int.bmc_k100.smt2_35.smt2 : 189 ms.
--------------------------------------------------
unsat
benchmarks/QF_LIA/pc_sfifo_3.c.kratos.int.bmc_k100.smt2/pc_sfifo_3.c.kratos.int.bmc_k100.smt2_36.smt2 : 244 ms.
--------------------------------------------------
unsat
benchmarks/QF_LIA/pc_sfifo_3.c.kratos.int.bmc_k100.smt2/pc_sfifo_3.c.kratos.int.bmc_k100.smt2_37.smt2 : 253 ms.
--------------------------------------------------
unsat
benchmarks/QF_LIA/pc_sfifo_3.c.kratos.int.bmc_k100.smt2/pc_sfifo_3.c.kratos.int.bmc_k100.smt2_38.smt2 : 305 ms.
--------------------------------------------------
unsat
benchmarks/QF_LIA/pc_sfifo_3.c.kratos.int.bmc_k100.smt2/pc_sfifo_3.c.kratos.int.bmc_k100.smt2_39.smt2 : 206 ms.
--------------------------------------------------
unsat
benchmarks/QF_LIA/pc_sfifo_3.c.kratos.int.bmc_k100.smt2/pc_sfifo_3.c.kratos.int.bmc_k100.smt2_40.smt2 : 264 ms.
--------------------------------------------------
unsat
benchmarks/QF_LIA/pc_sfifo_3.c.kratos.int.bmc_k100.smt2/pc_sfifo_3.c.kratos.int.bmc_k100.smt2_41.smt2 : 431 ms.
--------------------------------------------------
unsat
benchmarks/QF_LIA/pc_sfifo_3.c.kratos.int.bmc_k100.smt2/pc_sfifo_3.c.kratos.int.bmc_k100.smt2_42.smt2 : 360 ms.
--------------------------------------------------
unsat
benchmarks/QF_LIA/pc_sfifo_3.c.kratos.int.bmc_k100.smt2/pc_sfifo_3.c.kratos.int.bmc_k100.smt2_43.smt2 : 437 ms.
--------------------------------------------------
unsat
benchmarks/QF_LIA/pc_sfifo_3.c.kratos.int.bmc_k100.smt2/pc_sfifo_3.c.kratos.int.bmc_k100.smt2_44.smt2 : 367 ms.
--------------------------------------------------
unsat
benchmarks/QF_LIA/pc_sfifo_3.c.kratos.int.bmc_k100.smt2/pc_sfifo_3.c.kratos.int.bmc_k100.smt2_45.smt2 : 385 ms.
--------------------------------------------------
unsat
benchmarks/QF_LIA/pc_sfifo_3.c.kratos.int.bmc_k100.smt2/pc_sfifo_3.c.kratos.int.bmc_k100.smt2_46.smt2 : 489 ms.
--------------------------------------------------
unsat
benchmarks/QF_LIA/pc_sfifo_3.c.kratos.int.bmc_k100.smt2/pc_sfifo_3.c.kratos.int.bmc_k100.smt2_47.smt2 : 491 ms.
--------------------------------------------------
unsat
benchmarks/QF_LIA/pc_sfifo_3.c.kratos.int.bmc_k100.smt2/pc_sfifo_3.c.kratos.int.bmc_k100.smt2_48.smt2 : 362 ms.
--------------------------------------------------
unsat
benchmarks/QF_LIA/pc_sfifo_3.c.kratos.int.bmc_k100.smt2/pc_sfifo_3.c.kratos.int.bmc_k100.smt2_49.smt2 : 624 ms.
--------------------------------------------------
unsat
benchmarks/QF_LIA/pc_sfifo_3.c.kratos.int.bmc_k100.smt2/pc_sfifo_3.c.kratos.int.bmc_k100.smt2_50.smt2 : 490 ms.
--------------------------------------------------
unsat
benchmarks/QF_LIA/pc_sfifo_3.c.kratos.int.bmc_k100.smt2/pc_sfifo_3.c.kratos.int.bmc_k100.smt2_51.smt2 : 548 ms.
--------------------------------------------------
unsat
benchmarks/QF_LIA/pc_sfifo_3.c.kratos.int.bmc_k100.smt2/pc_sfifo_3.c.kratos.int.bmc_k100.smt2_52.smt2 : 845 ms.
--------------------------------------------------
unsat
benchmarks/QF_LIA/pc_sfifo_3.c.kratos.int.bmc_k100.smt2/pc_sfifo_3.c.kratos.int.bmc_k100.smt2_53.smt2 : 537 ms.
--------------------------------------------------
unsat
benchmarks/QF_LIA/pc_sfifo_3.c.kratos.int.bmc_k100.smt2/pc_sfifo_3.c.kratos.int.bmc_k100.smt2_54.smt2 : 522 ms.
--------------------------------------------------
unsat
benchmarks/QF_LIA/pc_sfifo_3.c.kratos.int.bmc_k100.smt2/pc_sfifo_3.c.kratos.int.bmc_k100.smt2_55.smt2 : 866 ms.
--------------------------------------------------
unsat
benchmarks/QF_LIA/pc_sfifo_3.c.kratos.int.bmc_k100.smt2/pc_sfifo_3.c.kratos.int.bmc_k100.smt2_56.smt2 : 586 ms.
--------------------------------------------------
unsat
benchmarks/QF_LIA/pc_sfifo_3.c.kratos.int.bmc_k100.smt2/pc_sfifo_3.c.kratos.int.bmc_k100.smt2_57.smt2 : 511 ms.
--------------------------------------------------
unsat
benchmarks/QF_LIA/pc_sfifo_3.c.kratos.int.bmc_k100.smt2/pc_sfifo_3.c.kratos.int.bmc_k100.smt2_58.smt2 : 627 ms.
--------------------------------------------------
unsat
benchmarks/QF_LIA/pc_sfifo_3.c.kratos.int.bmc_k100.smt2/pc_sfifo_3.c.kratos.int.bmc_k100.smt2_59.smt2 : 974 ms.
--------------------------------------------------
unsat
benchmarks/QF_LIA/pc_sfifo_3.c.kratos.int.bmc_k100.smt2/pc_sfifo_3.c.kratos.int.bmc_k100.smt2_60.smt2 : 917 ms.
--------------------------------------------------
unsat
benchmarks/QF_LIA/pc_sfifo_3.c.kratos.int.bmc_k100.smt2/pc_sfifo_3.c.kratos.int.bmc_k100.smt2_61.smt2 : 844 ms.
--------------------------------------------------
unsat
benchmarks/QF_LIA/pc_sfifo_3.c.kratos.int.bmc_k100.smt2/pc_sfifo_3.c.kratos.int.bmc_k100.smt2_62.smt2 : 838 ms.
--------------------------------------------------
unsat
benchmarks/QF_LIA/pc_sfifo_3.c.kratos.int.bmc_k100.smt2/pc_sfifo_3.c.kratos.int.bmc_k100.smt2_63.smt2 : 671 ms.
--------------------------------------------------
unsat
benchmarks/QF_LIA/pc_sfifo_3.c.kratos.int.bmc_k100.smt2/pc_sfifo_3.c.kratos.int.bmc_k100.smt2_64.smt2 : 986 ms.
--------------------------------------------------
unsat
benchmarks/QF_LIA/pc_sfifo_3.c.kratos.int.bmc_k100.smt2/pc_sfifo_3.c.kratos.int.bmc_k100.smt2_65.smt2 : 906 ms.
--------------------------------------------------
unsat
benchmarks/QF_LIA/pc_sfifo_3.c.kratos.int.bmc_k100.smt2/pc_sfifo_3.c.kratos.int.bmc_k100.smt2_66.smt2 : 1529 ms.
--------------------------------------------------
unsat
benchmarks/QF_LIA/pc_sfifo_3.c.kratos.int.bmc_k100.smt2/pc_sfifo_3.c.kratos.int.bmc_k100.smt2_67.smt2 : 1198 ms.
--------------------------------------------------
unsat
benchmarks/QF_LIA/pc_sfifo_3.c.kratos.int.bmc_k100.smt2/pc_sfifo_3.c.kratos.int.bmc_k100.smt2_68.smt2 : 1186 ms.
--------------------------------------------------
unsat
benchmarks/QF_LIA/pc_sfifo_3.c.kratos.int.bmc_k100.smt2/pc_sfifo_3.c.kratos.int.bmc_k100.smt2_69.smt2 : 1446 ms.
--------------------------------------------------
unsat
benchmarks/QF_LIA/pc_sfifo_3.c.kratos.int.bmc_k100.smt2/pc_sfifo_3.c.kratos.int.bmc_k100.smt2_70.smt2 : 1434 ms.
--------------------------------------------------
unsat
benchmarks/QF_LIA/pc_sfifo_3.c.kratos.int.bmc_k100.smt2/pc_sfifo_3.c.kratos.int.bmc_k100.smt2_71.smt2 : 1760 ms.
--------------------------------------------------
unsat
benchmarks/QF_LIA/pc_sfifo_3.c.kratos.int.bmc_k100.smt2/pc_sfifo_3.c.kratos.int.bmc_k100.smt2_72.smt2 : 1230 ms.
--------------------------------------------------
unsat
benchmarks/QF_LIA/pc_sfifo_3.c.kratos.int.bmc_k100.smt2/pc_sfifo_3.c.kratos.int.bmc_k100.smt2_73.smt2 : 1282 ms.
--------------------------------------------------
unsat
benchmarks/QF_LIA/pc_sfifo_3.c.kratos.int.bmc_k100.smt2/pc_sfifo_3.c.kratos.int.bmc_k100.smt2_74.smt2 : 1327 ms.
--------------------------------------------------
unsat
benchmarks/QF_LIA/pc_sfifo_3.c.kratos.int.bmc_k100.smt2/pc_sfifo_3.c.kratos.int.bmc_k100.smt2_75.smt2 : 1672 ms.
--------------------------------------------------
unsat
benchmarks/QF_LIA/pc_sfifo_3.c.kratos.int.bmc_k100.smt2/pc_sfifo_3.c.kratos.int.bmc_k100.smt2_76.smt2 : 1415 ms.
--------------------------------------------------
unsat
benchmarks/QF_LIA/pc_sfifo_3.c.kratos.int.bmc_k100.smt2/pc_sfifo_3.c.kratos.int.bmc_k100.smt2_77.smt2 : 1380 ms.
--------------------------------------------------
unsat
benchmarks/QF_LIA/pc_sfifo_3.c.kratos.int.bmc_k100.smt2/pc_sfifo_3.c.kratos.int.bmc_k100.smt2_78.smt2 : 1614 ms.
--------------------------------------------------
unsat
benchmarks/QF_LIA/pc_sfifo_3.c.kratos.int.bmc_k100.smt2/pc_sfifo_3.c.kratos.int.bmc_k100.smt2_79.smt2 : 1322 ms.
--------------------------------------------------
unsat
benchmarks/QF_LIA/pc_sfifo_3.c.kratos.int.bmc_k100.smt2/pc_sfifo_3.c.kratos.int.bmc_k100.smt2_80.smt2 : 2932 ms.
--------------------------------------------------
unsat
benchmarks/QF_LIA/pc_sfifo_3.c.kratos.int.bmc_k100.smt2/pc_sfifo_3.c.kratos.int.bmc_k100.smt2_81.smt2 : 3710 ms.
--------------------------------------------------
unsat
benchmarks/QF_LIA/pc_sfifo_3.c.kratos.int.bmc_k100.smt2/pc_sfifo_3.c.kratos.int.bmc_k100.smt2_82.smt2 : 1948 ms.
--------------------------------------------------
unsat
benchmarks/QF_LIA/pc_sfifo_3.c.kratos.int.bmc_k100.smt2/pc_sfifo_3.c.kratos.int.bmc_k100.smt2_83.smt2 : 3221 ms.
--------------------------------------------------
unsat
benchmarks/QF_LIA/pc_sfifo_3.c.kratos.int.bmc_k100.smt2/pc_sfifo_3.c.kratos.int.bmc_k100.smt2_84.smt2 : 3454 ms.
--------------------------------------------------
unsat
benchmarks/QF_LIA/pc_sfifo_3.c.kratos.int.bmc_k100.smt2/pc_sfifo_3.c.kratos.int.bmc_k100.smt2_85.smt2 : 1580 ms.
--------------------------------------------------
unsat
benchmarks/QF_LIA/pc_sfifo_3.c.kratos.int.bmc_k100.smt2/pc_sfifo_3.c.kratos.int.bmc_k100.smt2_86.smt2 : 2134 ms.
--------------------------------------------------
unsat
benchmarks/QF_LIA/pc_sfifo_3.c.kratos.int.bmc_k100.smt2/pc_sfifo_3.c.kratos.int.bmc_k100.smt2_87.smt2 : 3012 ms.
--------------------------------------------------
unsat
benchmarks/QF_LIA/pc_sfifo_3.c.kratos.int.bmc_k100.smt2/pc_sfifo_3.c.kratos.int.bmc_k100.smt2_88.smt2 : 1131 ms.
--------------------------------------------------
unsat
benchmarks/QF_LIA/pc_sfifo_3.c.kratos.int.bmc_k100.smt2/pc_sfifo_3.c.kratos.int.bmc_k100.smt2_89.smt2 : 1309 ms.
--------------------------------------------------
unsat
benchmarks/QF_LIA/pc_sfifo_3.c.kratos.int.bmc_k100.smt2/pc_sfifo_3.c.kratos.int.bmc_k100.smt2_90.smt2 : 2793 ms.
--------------------------------------------------
unsat
benchmarks/QF_LIA/pc_sfifo_3.c.kratos.int.bmc_k100.smt2/pc_sfifo_3.c.kratos.int.bmc_k100.smt2_91.smt2 : 2667 ms.
--------------------------------------------------
unsat
benchmarks/QF_LIA/pc_sfifo_3.c.kratos.int.bmc_k100.smt2/pc_sfifo_3.c.kratos.int.bmc_k100.smt2_92.smt2 : 6779 ms.
--------------------------------------------------
unsat
benchmarks/QF_LIA/pc_sfifo_3.c.kratos.int.bmc_k100.smt2/pc_sfifo_3.c.kratos.int.bmc_k100.smt2_93.smt2 : 2803 ms.
--------------------------------------------------
unsat
benchmarks/QF_LIA/pc_sfifo_3.c.kratos.int.bmc_k100.smt2/pc_sfifo_3.c.kratos.int.bmc_k100.smt2_94.smt2 : 5198 ms.
--------------------------------------------------
unsat
benchmarks/QF_LIA/pc_sfifo_3.c.kratos.int.bmc_k100.smt2/pc_sfifo_3.c.kratos.int.bmc_k100.smt2_95.smt2 : 3126 ms.
--------------------------------------------------
unsat
benchmarks/QF_LIA/pc_sfifo_3.c.kratos.int.bmc_k100.smt2/pc_sfifo_3.c.kratos.int.bmc_k100.smt2_96.smt2 : 6195 ms.
--------------------------------------------------
unsat
benchmarks/QF_LIA/pc_sfifo_3.c.kratos.int.bmc_k100.smt2/pc_sfifo_3.c.kratos.int.bmc_k100.smt2_97.smt2 : 3073 ms.
--------------------------------------------------
unsat
benchmarks/QF_LIA/pc_sfifo_3.c.kratos.int.bmc_k100.smt2/pc_sfifo_3.c.kratos.int.bmc_k100.smt2_98.smt2 : 2985 ms.
--------------------------------------------------
unsat
benchmarks/QF_LIA/pc_sfifo_3.c.kratos.int.bmc_k100.smt2/pc_sfifo_3.c.kratos.int.bmc_k100.smt2_99.smt2 : 2134 ms.
--------------------------------------------------
unsat
benchmarks/QF_LIA/pc_sfifo_3.c.kratos.int.bmc_k100.smt2/pc_sfifo_3.c.kratos.int.bmc_k100.smt2_100.smt2 : 2327 ms.
--------------------------------------------------
unsat
benchmarks/QF_LIA/pc_sfifo_3.c.kratos.int.bmc_k100.smt2/pc_sfifo_3.c.kratos.int.bmc_k100.smt2_101.smt2 : 6486 ms.
--------------------------------------------------
unsat
benchmarks/QF_LIA/pc_sfifo_3.c.kratos.int.ind_k100.smt2/pc_sfifo_3.c.kratos.int.ind_k100.smt2_1.smt2 : 3 ms.
--------------------------------------------------
sat
benchmarks/QF_LIA/pc_sfifo_3.c.kratos.int.ind_k100.smt2/pc_sfifo_3.c.kratos.int.ind_k100.smt2_2.smt2 : 3 ms.
--------------------------------------------------
unsat
benchmarks/QF_LIA/pc_sfifo_3.c.kratos.int.ind_k100.smt2/pc_sfifo_3.c.kratos.int.ind_k100.smt2_3.smt2 : 8 ms.
--------------------------------------------------
sat
benchmarks/QF_LIA/pc_sfifo_3.c.kratos.int.ind_k100.smt2/pc_sfifo_3.c.kratos.int.ind_k100.smt2_4.smt2 : 9 ms.
--------------------------------------------------
unsat
benchmarks/QF_LIA/pc_sfifo_3.c.kratos.int.ind_k100.smt2/pc_sfifo_3.c.kratos.int.ind_k100.smt2_5.smt2 : 11 ms.
--------------------------------------------------
sat
benchmarks/QF_LIA/pc_sfifo_3.c.kratos.int.ind_k100.smt2/pc_sfifo_3.c.kratos.int.ind_k100.smt2_6.smt2 : 13 ms.
--------------------------------------------------
unsat
benchmarks/QF_LIA/pc_sfifo_3.c.kratos.int.ind_k100.smt2/pc_sfifo_3.c.kratos.int.ind_k100.smt2_7.smt2 : 12 ms.
--------------------------------------------------
sat
benchmarks/QF_LIA/pc_sfifo_3.c.kratos.int.ind_k100.smt2/pc_sfifo_3.c.kratos.int.ind_k100.smt2_8.smt2 : 21 ms.
--------------------------------------------------
unsat
benchmarks/QF_LIA/pc_sfifo_3.c.kratos.int.ind_k100.smt2/pc_sfifo_3.c.kratos.int.ind_k100.smt2_9.smt2 : 15 ms.
--------------------------------------------------
sat
benchmarks/QF_LIA/pc_sfifo_3.c.kratos.int.ind_k100.smt2/pc_sfifo_3.c.kratos.int.ind_k100.smt2_10.smt2 : 21 ms.
--------------------------------------------------
unsat
benchmarks/QF_LIA/pc_sfifo_3.c.kratos.int.ind_k100.smt2/pc_sfifo_3.c.kratos.int.ind_k100.smt2_11.smt2 : 21 ms.
--------------------------------------------------
sat
benchmarks/QF_LIA/pc_sfifo_3.c.kratos.int.ind_k100.smt2/pc_sfifo_3.c.kratos.int.ind_k100.smt2_12.smt2 : 22 ms.
--------------------------------------------------
unsat
benchmarks/QF_LIA/pc_sfifo_3.c.kratos.int.ind_k100.smt2/pc_sfifo_3.c.kratos.int.ind_k100.smt2_13.smt2 : 27 ms.
--------------------------------------------------
sat
benchmarks/QF_LIA/pc_sfifo_3.c.kratos.int.ind_k100.smt2/pc_sfifo_3.c.kratos.int.ind_k100.smt2_14.smt2 : 44 ms.
--------------------------------------------------
unsat
benchmarks/QF_LIA/pc_sfifo_3.c.kratos.int.ind_k100.smt2/pc_sfifo_3.c.kratos.int.ind_k100.smt2_15.smt2 : 40 ms.
--------------------------------------------------
sat
benchmarks/QF_LIA/pc_sfifo_3.c.kratos.int.ind_k100.smt2/pc_sfifo_3.c.kratos.int.ind_k100.smt2_16.smt2 : 37 ms.
--------------------------------------------------
unsat
benchmarks/QF_LIA/pc_sfifo_3.c.kratos.int.ind_k100.smt2/pc_sfifo_3.c.kratos.int.ind_k100.smt2_17.smt2 : 30 ms.
--------------------------------------------------
sat
benchmarks/QF_LIA/pc_sfifo_3.c.kratos.int.ind_k100.smt2/pc_sfifo_3.c.kratos.int.ind_k100.smt2_18.smt2 : 50 ms.
--------------------------------------------------
unsat
benchmarks/QF_LIA/pc_sfifo_3.c.kratos.int.ind_k100.smt2/pc_sfifo_3.c.kratos.int.ind_k100.smt2_19.smt2 : 39 ms.
--------------------------------------------------
sat
benchmarks/QF_LIA/pc_sfifo_3.c.kratos.int.ind_k100.smt2/pc_sfifo_3.c.kratos.int.ind_k100.smt2_20.smt2 : 45 ms.
--------------------------------------------------
unsat
benchmarks/QF_LIA/pc_sfifo_3.c.kratos.int.ind_k100.smt2/pc_sfifo_3.c.kratos.int.ind_k100.smt2_21.smt2 : 46 ms.
--------------------------------------------------
sat
benchmarks/QF_LIA/pc_sfifo_3.c.kratos.int.ind_k100.smt2/pc_sfifo_3.c.kratos.int.ind_k100.smt2_22.smt2 : 55 ms.
--------------------------------------------------
unsat
benchmarks/QF_LIA/pc_sfifo_3.c.kratos.int.ind_k100.smt2/pc_sfifo_3.c.kratos.int.ind_k100.smt2_23.smt2 : 53 ms.
--------------------------------------------------
sat
benchmarks/QF_LIA/pc_sfifo_3.c.kratos.int.ind_k100.smt2/pc_sfifo_3.c.kratos.int.ind_k100.smt2_24.smt2 : 65 ms.
--------------------------------------------------
unsat
benchmarks/QF_LIA/pc_sfifo_3.c.kratos.int.ind_k100.smt2/pc_sfifo_3.c.kratos.int.ind_k100.smt2_25.smt2 : 44 ms.
--------------------------------------------------
sat
benchmarks/QF_LIA/pc_sfifo_3.c.kratos.int.ind_k100.smt2/pc_sfifo_3.c.kratos.int.ind_k100.smt2_26.smt2 : 87 ms.
--------------------------------------------------
unsat
benchmarks/QF_LIA/pc_sfifo_3.c.kratos.int.ind_k100.smt2/pc_sfifo_3.c.kratos.int.ind_k100.smt2_27.smt2 : 65 ms.
--------------------------------------------------
sat
benchmarks/QF_LIA/pc_sfifo_3.c.kratos.int.ind_k100.smt2/pc_sfifo_3.c.kratos.int.ind_k100.smt2_28.smt2 : 55 ms.
--------------------------------------------------
unsat
benchmarks/QF_LIA/pc_sfifo_3.c.kratos.int.ind_k100.smt2/pc_sfifo_3.c.kratos.int.ind_k100.smt2_29.smt2 : 50 ms.
--------------------------------------------------
sat
benchmarks/QF_LIA/pc_sfifo_3.c.kratos.int.ind_k100.smt2/pc_sfifo_3.c.kratos.int.ind_k100.smt2_30.smt2 : 99 ms.
--------------------------------------------------
unsat
benchmarks/QF_LIA/pc_sfifo_3.c.kratos.int.ind_k100.smt2/pc_sfifo_3.c.kratos.int.ind_k100.smt2_31.smt2 : 72 ms.
--------------------------------------------------
sat
benchmarks/QF_LIA/pc_sfifo_3.c.kratos.int.ind_k100.smt2/pc_sfifo_3.c.kratos.int.ind_k100.smt2_32.smt2 : 88 ms.
--------------------------------------------------
unsat
benchmarks/QF_LIA/pc_sfifo_3.c.kratos.int.ind_k100.smt2/pc_sfifo_3.c.kratos.int.ind_k100.smt2_33.smt2 : 72 ms.
--------------------------------------------------
sat
benchmarks/QF_LIA/pc_sfifo_3.c.kratos.int.ind_k100.smt2/pc_sfifo_3.c.kratos.int.ind_k100.smt2_34.smt2 : 143 ms.
--------------------------------------------------
unsat
benchmarks/QF_LIA/pc_sfifo_3.c.kratos.int.ind_k100.smt2/pc_sfifo_3.c.kratos.int.ind_k100.smt2_35.smt2 : 82 ms.
--------------------------------------------------
sat
benchmarks/QF_LIA/pc_sfifo_3.c.kratos.int.ind_k100.smt2/pc_sfifo_3.c.kratos.int.ind_k100.smt2_36.smt2 : 109 ms.
--------------------------------------------------
unsat
benchmarks/QF_LIA/pc_sfifo_3.c.kratos.int.ind_k100.smt2/pc_sfifo_3.c.kratos.int.ind_k100.smt2_37.smt2 : 79 ms.
--------------------------------------------------
sat
benchmarks/QF_LIA/pc_sfifo_3.c.kratos.int.ind_k100.smt2/pc_sfifo_3.c.kratos.int.ind_k100.smt2_38.smt2 : 124 ms.
--------------------------------------------------
unsat
benchmarks/QF_LIA/pc_sfifo_3.c.kratos.int.ind_k100.smt2/pc_sfifo_3.c.kratos.int.ind_k100.smt2_39.smt2 : 91 ms.
--------------------------------------------------
sat
benchmarks/QF_LIA/pc_sfifo_3.c.kratos.int.ind_k100.smt2/pc_sfifo_3.c.kratos.int.ind_k100.smt2_40.smt2 : 204 ms.
--------------------------------------------------
unsat
benchmarks/QF_LIA/pc_sfifo_3.c.kratos.int.ind_k100.smt2/pc_sfifo_3.c.kratos.int.ind_k100.smt2_41.smt2 : 85 ms.
--------------------------------------------------
sat
benchmarks/QF_LIA/pc_sfifo_3.c.kratos.int.ind_k100.smt2/pc_sfifo_3.c.kratos.int.ind_k100.smt2_42.smt2 : 151 ms.
--------------------------------------------------
unsat
benchmarks/QF_LIA/pc_sfifo_3.c.kratos.int.ind_k100.smt2/pc_sfifo_3.c.kratos.int.ind_k100.smt2_43.smt2 : 137 ms.
--------------------------------------------------
sat
benchmarks/QF_LIA/pc_sfifo_3.c.kratos.int.ind_k100.smt2/pc_sfifo_3.c.kratos.int.ind_k100.smt2_44.smt2 : 217 ms.
--------------------------------------------------
unsat
benchmarks/QF_LIA/pc_sfifo_3.c.kratos.int.ind_k100.smt2/pc_sfifo_3.c.kratos.int.ind_k100.smt2_45.smt2 : 106 ms.
--------------------------------------------------
sat
benchmarks/QF_LIA/pc_sfifo_3.c.kratos.int.ind_k100.smt2/pc_sfifo_3.c.kratos.int.ind_k100.smt2_46.smt2 : 188 ms.
--------------------------------------------------
unsat
benchmarks/QF_LIA/pc_sfifo_3.c.kratos.int.ind_k100.smt2/pc_sfifo_3.c.kratos.int.ind_k100.smt2_47.smt2 : 131 ms.
--------------------------------------------------
sat
benchmarks/QF_LIA/pc_sfifo_3.c.kratos.int.ind_k100.smt2/pc_sfifo_3.c.kratos.int.ind_k100.smt2_48.smt2 : 273 ms.
--------------------------------------------------
unsat
benchmarks/QF_LIA/pc_sfifo_3.c.kratos.int.ind_k100.smt2/pc_sfifo_3.c.kratos.int.ind_k100.smt2_49.smt2 : 164 ms.
--------------------------------------------------
sat
benchmarks/QF_LIA/pc_sfifo_3.c.kratos.int.ind_k100.smt2/pc_sfifo_3.c.kratos.int.ind_k100.smt2_50.smt2 : 272 ms.
--------------------------------------------------
unsat
benchmarks/QF_LIA/pc_sfifo_3.c.kratos.int.ind_k100.smt2/pc_sfifo_3.c.kratos.int.ind_k100.smt2_51.smt2 : 154 ms.
--------------------------------------------------
sat
benchmarks/QF_LIA/pc_sfifo_3.c.kratos.int.ind_k100.smt2/pc_sfifo_3.c.kratos.int.ind_k100.smt2_52.smt2 : 231 ms.
--------------------------------------------------
unsat
benchmarks/QF_LIA/pc_sfifo_3.c.kratos.int.ind_k100.smt2/pc_sfifo_3.c.kratos.int.ind_k100.smt2_53.smt2 : 185 ms.
--------------------------------------------------
sat
benchmarks/QF_LIA/pc_sfifo_3.c.kratos.int.ind_k100.smt2/pc_sfifo_3.c.kratos.int.ind_k100.smt2_54.smt2 : 481 ms.
--------------------------------------------------
unsat
benchmarks/QF_LIA/pc_sfifo_3.c.kratos.int.ind_k100.smt2/pc_sfifo_3.c.kratos.int.ind_k100.smt2_55.smt2 : 171 ms.
--------------------------------------------------
sat
benchmarks/QF_LIA/pc_sfifo_3.c.kratos.int.ind_k100.smt2/pc_sfifo_3.c.kratos.int.ind_k100.smt2_56.smt2 : 324 ms.
--------------------------------------------------
unsat
benchmarks/QF_LIA/pc_sfifo_3.c.kratos.int.ind_k100.smt2/pc_sfifo_3.c.kratos.int.ind_k100.smt2_57.smt2 : 164 ms.
--------------------------------------------------
sat
benchmarks/QF_LIA/pc_sfifo_3.c.kratos.int.ind_k100.smt2/pc_sfifo_3.c.kratos.int.ind_k100.smt2_58.smt2 : 324 ms.
--------------------------------------------------
unsat
benchmarks/QF_LIA/pc_sfifo_3.c.kratos.int.ind_k100.smt2/pc_sfifo_3.c.kratos.int.ind_k100.smt2_59.smt2 : 228 ms.
--------------------------------------------------
sat
benchmarks/QF_LIA/pc_sfifo_3.c.kratos.int.ind_k100.smt2/pc_sfifo_3.c.kratos.int.ind_k100.smt2_60.smt2 : 336 ms.
--------------------------------------------------
unsat
benchmarks/QF_LIA/pc_sfifo_3.c.kratos.int.ind_k100.smt2/pc_sfifo_3.c.kratos.int.ind_k100.smt2_61.smt2 : 133 ms.
--------------------------------------------------
sat
benchmarks/QF_LIA/pc_sfifo_3.c.kratos.int.ind_k100.smt2/pc_sfifo_3.c.kratos.int.ind_k100.smt2_62.smt2 : 432 ms.
--------------------------------------------------
unsat
benchmarks/QF_LIA/pc_sfifo_3.c.kratos.int.ind_k100.smt2/pc_sfifo_3.c.kratos.int.ind_k100.smt2_63.smt2 : 161 ms.
--------------------------------------------------
sat
benchmarks/QF_LIA/pc_sfifo_3.c.kratos.int.ind_k100.smt2/pc_sfifo_3.c.kratos.int.ind_k100.smt2_64.smt2 : 582 ms.
--------------------------------------------------
unsat
benchmarks/QF_LIA/pc_sfifo_3.c.kratos.int.ind_k100.smt2/pc_sfifo_3.c.kratos.int.ind_k100.smt2_65.smt2 : 139 ms.
--------------------------------------------------
sat
benchmarks/QF_LIA/pc_sfifo_3.c.kratos.int.ind_k100.smt2/pc_sfifo_3.c.kratos.int.ind_k100.smt2_66.smt2 : 323 ms.
--------------------------------------------------
unsat
benchmarks/QF_LIA/pc_sfifo_3.c.kratos.int.ind_k100.smt2/pc_sfifo_3.c.kratos.int.ind_k100.smt2_67.smt2 : 205 ms.
--------------------------------------------------
sat
benchmarks/QF_LIA/pc_sfifo_3.c.kratos.int.ind_k100.smt2/pc_sfifo_3.c.kratos.int.ind_k100.smt2_68.smt2 : 398 ms.
--------------------------------------------------
unsat
benchmarks/QF_LIA/pc_sfifo_3.c.kratos.int.ind_k100.smt2/pc_sfifo_3.c.kratos.int.ind_k100.smt2_69.smt2 : 177 ms.
--------------------------------------------------
sat
benchmarks/QF_LIA/pc_sfifo_3.c.kratos.int.ind_k100.smt2/pc_sfifo_3.c.kratos.int.ind_k100.smt2_70.smt2 : 456 ms.
--------------------------------------------------
unsat
benchmarks/QF_LIA/pc_sfifo_3.c.kratos.int.ind_k100.smt2/pc_sfifo_3.c.kratos.int.ind_k100.smt2_71.smt2 : 189 ms.
--------------------------------------------------
sat
benchmarks/QF_LIA/pc_sfifo_3.c.kratos.int.ind_k100.smt2/pc_sfifo_3.c.kratos.int.ind_k100.smt2_72.smt2 : 505 ms.
--------------------------------------------------
unsat
benchmarks/QF_LIA/pc_sfifo_3.c.kratos.int.ind_k100.smt2/pc_sfifo_3.c.kratos.int.ind_k100.smt2_73.smt2 : 190 ms.
--------------------------------------------------
sat
benchmarks/QF_LIA/pc_sfifo_3.c.kratos.int.ind_k100.smt2/pc_sfifo_3.c.kratos.int.ind_k100.smt2_74.smt2 : 669 ms.
--------------------------------------------------
unsat
benchmarks/QF_LIA/pc_sfifo_3.c.kratos.int.ind_k100.smt2/pc_sfifo_3.c.kratos.int.ind_k100.smt2_75.smt2 : 218 ms.
--------------------------------------------------
sat
benchmarks/QF_LIA/pc_sfifo_3.c.kratos.int.ind_k100.smt2/pc_sfifo_3.c.kratos.int.ind_k100.smt2_76.smt2 : 706 ms.
--------------------------------------------------
unsat
benchmarks/QF_LIA/pc_sfifo_3.c.kratos.int.ind_k100.smt2/pc_sfifo_3.c.kratos.int.ind_k100.smt2_77.smt2 : 216 ms.
--------------------------------------------------
sat
benchmarks/QF_LIA/pc_sfifo_3.c.kratos.int.ind_k100.smt2/pc_sfifo_3.c.kratos.int.ind_k100.smt2_78.smt2 : 621 ms.
--------------------------------------------------
unsat
benchmarks/QF_LIA/pc_sfifo_3.c.kratos.int.ind_k100.smt2/pc_sfifo_3.c.kratos.int.ind_k100.smt2_79.smt2 : 218 ms.
--------------------------------------------------
sat
benchmarks/QF_LIA/pc_sfifo_3.c.kratos.int.ind_k100.smt2/pc_sfifo_3.c.kratos.int.ind_k100.smt2_80.smt2 : 538 ms.
--------------------------------------------------
unsat
benchmarks/QF_LIA/pc_sfifo_3.c.kratos.int.ind_k100.smt2/pc_sfifo_3.c.kratos.int.ind_k100.smt2_81.smt2 : 263 ms.
--------------------------------------------------
sat
benchmarks/QF_LIA/pc_sfifo_3.c.kratos.int.ind_k100.smt2/pc_sfifo_3.c.kratos.int.ind_k100.smt2_82.smt2 : 611 ms.
--------------------------------------------------
unsat
benchmarks/QF_LIA/pc_sfifo_3.c.kratos.int.ind_k100.smt2/pc_sfifo_3.c.kratos.int.ind_k100.smt2_83.smt2 : 226 ms.
--------------------------------------------------
sat
benchmarks/QF_LIA/pc_sfifo_3.c.kratos.int.ind_k100.smt2/pc_sfifo_3.c.kratos.int.ind_k100.smt2_84.smt2 : 665 ms.
--------------------------------------------------
unsat
benchmarks/QF_LIA/pc_sfifo_3.c.kratos.int.ind_k100.smt2/pc_sfifo_3.c.kratos.int.ind_k100.smt2_85.smt2 : 411 ms.
--------------------------------------------------
sat
benchmarks/QF_LIA/pc_sfifo_3.c.kratos.int.ind_k100.smt2/pc_sfifo_3.c.kratos.int.ind_k100.smt2_86.smt2 : 697 ms.
--------------------------------------------------
unsat
benchmarks/QF_LIA/pc_sfifo_3.c.kratos.int.ind_k100.smt2/pc_sfifo_3.c.kratos.int.ind_k100.smt2_87.smt2 : 333 ms.
--------------------------------------------------
sat
benchmarks/QF_LIA/pc_sfifo_3.c.kratos.int.ind_k100.smt2/pc_sfifo_3.c.kratos.int.ind_k100.smt2_88.smt2 : 1044 ms.
--------------------------------------------------
unsat
benchmarks/QF_LIA/pc_sfifo_3.c.kratos.int.ind_k100.smt2/pc_sfifo_3.c.kratos.int.ind_k100.smt2_89.smt2 : 403 ms.
--------------------------------------------------
sat
benchmarks/QF_LIA/pc_sfifo_3.c.kratos.int.ind_k100.smt2/pc_sfifo_3.c.kratos.int.ind_k100.smt2_90.smt2 : 1110 ms.
--------------------------------------------------
unsat
benchmarks/QF_LIA/pc_sfifo_3.c.kratos.int.ind_k100.smt2/pc_sfifo_3.c.kratos.int.ind_k100.smt2_91.smt2 : 316 ms.
--------------------------------------------------
sat
benchmarks/QF_LIA/pc_sfifo_3.c.kratos.int.ind_k100.smt2/pc_sfifo_3.c.kratos.int.ind_k100.smt2_92.smt2 : 641 ms.
--------------------------------------------------
unsat
benchmarks/QF_LIA/pc_sfifo_3.c.kratos.int.ind_k100.smt2/pc_sfifo_3.c.kratos.int.ind_k100.smt2_93.smt2 : 285 ms.
--------------------------------------------------
sat
benchmarks/QF_LIA/pc_sfifo_3.c.kratos.int.ind_k100.smt2/pc_sfifo_3.c.kratos.int.ind_k100.smt2_94.smt2 : 811 ms.
--------------------------------------------------
unsat
benchmarks/QF_LIA/pc_sfifo_3.c.kratos.int.ind_k100.smt2/pc_sfifo_3.c.kratos.int.ind_k100.smt2_95.smt2 : 368 ms.
--------------------------------------------------
sat
benchmarks/QF_LIA/pc_sfifo_3.c.kratos.int.ind_k100.smt2/pc_sfifo_3.c.kratos.int.ind_k100.smt2_96.smt2 : 1155 ms.
--------------------------------------------------
unsat
benchmarks/QF_LIA/pc_sfifo_3.c.kratos.int.ind_k100.smt2/pc_sfifo_3.c.kratos.int.ind_k100.smt2_97.smt2 : 388 ms.
--------------------------------------------------
sat
benchmarks/QF_LIA/pc_sfifo_3.c.kratos.int.ind_k100.smt2/pc_sfifo_3.c.kratos.int.ind_k100.smt2_98.smt2 : 743 ms.
--------------------------------------------------
unsat
benchmarks/QF_LIA/pc_sfifo_3.c.kratos.int.ind_k100.smt2/pc_sfifo_3.c.kratos.int.ind_k100.smt2_99.smt2 : 524 ms.
--------------------------------------------------
sat
benchmarks/QF_LIA/pc_sfifo_3.c.kratos.int.ind_k100.smt2/pc_sfifo_3.c.kratos.int.ind_k100.smt2_100.smt2 : 1667 ms.
--------------------------------------------------
unsat
benchmarks/QF_LIA/pc_sfifo_3.c.kratos.int.ind_k100.smt2/pc_sfifo_3.c.kratos.int.ind_k100.smt2_101.smt2 : 713 ms.
--------------------------------------------------
sat
benchmarks/QF_LIA/pc_sfifo_3.c.kratos.int.ind_k100.smt2/pc_sfifo_3.c.kratos.int.ind_k100.smt2_102.smt2 : 1023 ms.
--------------------------------------------------
unsat
benchmarks/QF_LIA/pc_sfifo_3.c.kratos.int.ind_k100.smt2/pc_sfifo_3.c.kratos.int.ind_k100.smt2_103.smt2 : 507 ms.
--------------------------------------------------
sat
benchmarks/QF_LIA/pc_sfifo_3.c.kratos.int.ind_k100.smt2/pc_sfifo_3.c.kratos.int.ind_k100.smt2_104.smt2 : 2236 ms.
--------------------------------------------------
unsat
benchmarks/QF_LIA/pc_sfifo_3.c.kratos.int.ind_k100.smt2/pc_sfifo_3.c.kratos.int.ind_k100.smt2_105.smt2 : 603 ms.
--------------------------------------------------
sat
benchmarks/QF_LIA/pc_sfifo_3.c.kratos.int.ind_k100.smt2/pc_sfifo_3.c.kratos.int.ind_k100.smt2_106.smt2 : 1924 ms.
--------------------------------------------------
unsat
benchmarks/QF_LIA/pc_sfifo_3.c.kratos.int.ind_k100.smt2/pc_sfifo_3.c.kratos.int.ind_k100.smt2_107.smt2 : 376 ms.
--------------------------------------------------
sat
benchmarks/QF_LIA/pc_sfifo_3.c.kratos.int.ind_k100.smt2/pc_sfifo_3.c.kratos.int.ind_k100.smt2_108.smt2 : 1933 ms.
--------------------------------------------------
unsat
benchmarks/QF_LIA/pc_sfifo_3.c.kratos.int.ind_k100.smt2/pc_sfifo_3.c.kratos.int.ind_k100.smt2_109.smt2 : 412 ms.
--------------------------------------------------
sat
benchmarks/QF_LIA/pc_sfifo_3.c.kratos.int.ind_k100.smt2/pc_sfifo_3.c.kratos.int.ind_k100.smt2_110.smt2 : 1204 ms.
--------------------------------------------------
unsat
benchmarks/QF_LIA/pc_sfifo_3.c.kratos.int.ind_k100.smt2/pc_sfifo_3.c.kratos.int.ind_k100.smt2_111.smt2 : 665 ms.
--------------------------------------------------
sat
benchmarks/QF_LIA/pc_sfifo_3.c.kratos.int.ind_k100.smt2/pc_sfifo_3.c.kratos.int.ind_k100.smt2_112.smt2 : 1350 ms.
--------------------------------------------------
unsat
benchmarks/QF_LIA/pc_sfifo_3.c.kratos.int.ind_k100.smt2/pc_sfifo_3.c.kratos.int.ind_k100.smt2_113.smt2 : 694 ms.
--------------------------------------------------
sat
benchmarks/QF_LIA/pc_sfifo_3.c.kratos.int.ind_k100.smt2/pc_sfifo_3.c.kratos.int.ind_k100.smt2_114.smt2 : 1094 ms.
--------------------------------------------------
unsat
benchmarks/QF_LIA/pc_sfifo_3.c.kratos.int.ind_k100.smt2/pc_sfifo_3.c.kratos.int.ind_k100.smt2_115.smt2 : 591 ms.
--------------------------------------------------
sat
benchmarks/QF_LIA/pc_sfifo_3.c.kratos.int.ind_k100.smt2/pc_sfifo_3.c.kratos.int.ind_k100.smt2_116.smt2 : 2962 ms.
--------------------------------------------------
unsat
benchmarks/QF_LIA/pc_sfifo_3.c.kratos.int.ind_k100.smt2/pc_sfifo_3.c.kratos.int.ind_k100.smt2_117.smt2 : 593 ms.
--------------------------------------------------
sat
benchmarks/QF_LIA/pc_sfifo_3.c.kratos.int.ind_k100.smt2/pc_sfifo_3.c.kratos.int.ind_k100.smt2_118.smt2 : 2581 ms.
--------------------------------------------------
unsat
benchmarks/QF_LIA/pc_sfifo_3.c.kratos.int.ind_k100.smt2/pc_sfifo_3.c.kratos.int.ind_k100.smt2_119.smt2 : 986 ms.
--------------------------------------------------
sat
benchmarks/QF_LIA/pc_sfifo_3.c.kratos.int.ind_k100.smt2/pc_sfifo_3.c.kratos.int.ind_k100.smt2_120.smt2 : 4159 ms.
--------------------------------------------------
unsat
benchmarks/QF_LIA/pc_sfifo_3.c.kratos.int.ind_k100.smt2/pc_sfifo_3.c.kratos.int.ind_k100.smt2_121.smt2 : 793 ms.
--------------------------------------------------
sat
benchmarks/QF_LIA/pc_sfifo_3.c.kratos.int.ind_k100.smt2/pc_sfifo_3.c.kratos.int.ind_k100.smt2_122.smt2 : 3286 ms.
--------------------------------------------------
unsat
benchmarks/QF_LIA/pc_sfifo_3.c.kratos.int.ind_k100.smt2/pc_sfifo_3.c.kratos.int.ind_k100.smt2_123.smt2 : 1525 ms.
--------------------------------------------------
sat
benchmarks/QF_LIA/pc_sfifo_3.c.kratos.int.ind_k100.smt2/pc_sfifo_3.c.kratos.int.ind_k100.smt2_124.smt2 : 3255 ms.
--------------------------------------------------
unsat
benchmarks/QF_LIA/pc_sfifo_3.c.kratos.int.ind_k100.smt2/pc_sfifo_3.c.kratos.int.ind_k100.smt2_125.smt2 : 631 ms.
--------------------------------------------------
sat
benchmarks/QF_LIA/pc_sfifo_3.c.kratos.int.ind_k100.smt2/pc_sfifo_3.c.kratos.int.ind_k100.smt2_126.smt2 : 3008 ms.
--------------------------------------------------
unsat
benchmarks/QF_LIA/pc_sfifo_3.c.kratos.int.ind_k100.smt2/pc_sfifo_3.c.kratos.int.ind_k100.smt2_127.smt2 : 557 ms.
--------------------------------------------------
sat
benchmarks/QF_LIA/pc_sfifo_3.c.kratos.int.ind_k100.smt2/pc_sfifo_3.c.kratos.int.ind_k100.smt2_128.smt2 : 3010 ms.
--------------------------------------------------
unsat
benchmarks/QF_LIA/pc_sfifo_3.c.kratos.int.ind_k100.smt2/pc_sfifo_3.c.kratos.int.ind_k100.smt2_129.smt2 : 828 ms.
--------------------------------------------------
sat
benchmarks/QF_LIA/pc_sfifo_3.c.kratos.int.ind_k100.smt2/pc_sfifo_3.c.kratos.int.ind_k100.smt2_130.smt2 : 1795 ms.
--------------------------------------------------
unsat
benchmarks/QF_LIA/pc_sfifo_3.c.kratos.int.ind_k100.smt2/pc_sfifo_3.c.kratos.int.ind_k100.smt2_131.smt2 : 697 ms.
--------------------------------------------------
sat
benchmarks/QF_LIA/pc_sfifo_3.c.kratos.int.ind_k100.smt2/pc_sfifo_3.c.kratos.int.ind_k100.smt2_132.smt2 : 2111 ms.
--------------------------------------------------
unsat
benchmarks/QF_LIA/pc_sfifo_3.c.kratos.int.ind_k100.smt2/pc_sfifo_3.c.kratos.int.ind_k100.smt2_133.smt2 : 808 ms.
--------------------------------------------------
sat
benchmarks/QF_LIA/pc_sfifo_3.c.kratos.int.ind_k100.smt2/pc_sfifo_3.c.kratos.int.ind_k100.smt2_134.smt2 : 3784 ms.
--------------------------------------------------
unsat
benchmarks/QF_LIA/pc_sfifo_3.c.kratos.int.ind_k100.smt2/pc_sfifo_3.c.kratos.int.ind_k100.smt2_135.smt2 : 874 ms.
--------------------------------------------------
sat
benchmarks/QF_LIA/pc_sfifo_3.c.kratos.int.ind_k100.smt2/pc_sfifo_3.c.kratos.int.ind_k100.smt2_136.smt2 : 6549 ms.
--------------------------------------------------
unsat
benchmarks/QF_LIA/pc_sfifo_3.c.kratos.int.ind_k100.smt2/pc_sfifo_3.c.kratos.int.ind_k100.smt2_137.smt2 : 1589 ms.
--------------------------------------------------
sat
benchmarks/QF_LIA/pc_sfifo_3.c.kratos.int.ind_k100.smt2/pc_sfifo_3.c.kratos.int.ind_k100.smt2_138.smt2 : 3851 ms.
--------------------------------------------------
unsat
benchmarks/QF_LIA/pc_sfifo_3.c.kratos.int.ind_k100.smt2/pc_sfifo_3.c.kratos.int.ind_k100.smt2_139.smt2 : 957 ms.
--------------------------------------------------
sat
benchmarks/QF_LIA/pc_sfifo_3.c.kratos.int.ind_k100.smt2/pc_sfifo_3.c.kratos.int.ind_k100.smt2_140.smt2 : 5062 ms.
--------------------------------------------------
unsat
benchmarks/QF_LIA/pc_sfifo_3.c.kratos.int.ind_k100.smt2/pc_sfifo_3.c.kratos.int.ind_k100.smt2_141.smt2 : 1241 ms.
--------------------------------------------------
sat
benchmarks/QF_LIA/pc_sfifo_3.c.kratos.int.ind_k100.smt2/pc_sfifo_3.c.kratos.int.ind_k100.smt2_142.smt2 : 4801 ms.
--------------------------------------------------
unsat
benchmarks/QF_LIA/pc_sfifo_3.c.kratos.int.ind_k100.smt2/pc_sfifo_3.c.kratos.int.ind_k100.smt2_143.smt2 : 1734 ms.
--------------------------------------------------
sat
benchmarks/QF_LIA/pc_sfifo_3.c.kratos.int.ind_k100.smt2/pc_sfifo_3.c.kratos.int.ind_k100.smt2_144.smt2 : 3126 ms.
--------------------------------------------------
unsat
benchmarks/QF_LIA/pc_sfifo_3.c.kratos.int.ind_k100.smt2/pc_sfifo_3.c.kratos.int.ind_k100.smt2_145.smt2 : 1379 ms.
--------------------------------------------------
sat
benchmarks/QF_LIA/pc_sfifo_3.c.kratos.int.ind_k100.smt2/pc_sfifo_3.c.kratos.int.ind_k100.smt2_146.smt2 : 3710 ms.
--------------------------------------------------
unsat
benchmarks/QF_LIA/pc_sfifo_3.c.kratos.int.ind_k100.smt2/pc_sfifo_3.c.kratos.int.ind_k100.smt2_147.smt2 : 1649 ms.
--------------------------------------------------
sat
benchmarks/QF_LIA/pc_sfifo_3.c.kratos.int.ind_k100.smt2/pc_sfifo_3.c.kratos.int.ind_k100.smt2_148.smt2 : 5116 ms.
--------------------------------------------------
unsat
benchmarks/QF_LIA/pc_sfifo_3.c.kratos.int.ind_k100.smt2/pc_sfifo_3.c.kratos.int.ind_k100.smt2_149.smt2 : 1040 ms.
--------------------------------------------------
sat
benchmarks/QF_LIA/pc_sfifo_3.c.kratos.int.ind_k100.smt2/pc_sfifo_3.c.kratos.int.ind_k100.smt2_150.smt2 : 6439 ms.
--------------------------------------------------
unsat
benchmarks/QF_LIA/pc_sfifo_3.c.kratos.int.ind_k100.smt2/pc_sfifo_3.c.kratos.int.ind_k100.smt2_151.smt2 : 1453 ms.
--------------------------------------------------
sat
benchmarks/QF_LIA/pc_sfifo_3.c.kratos.int.ind_k100.smt2/pc_sfifo_3.c.kratos.int.ind_k100.smt2_152.smt2 : 5933 ms.
--------------------------------------------------
unsat
benchmarks/QF_LIA/pc_sfifo_3.c.kratos.int.ind_k100.smt2/pc_sfifo_3.c.kratos.int.ind_k100.smt2_153.smt2 : 1121 ms.
--------------------------------------------------
sat
benchmarks/QF_LIA/pc_sfifo_3.c.kratos.int.ind_k100.smt2/pc_sfifo_3.c.kratos.int.ind_k100.smt2_154.smt2 : 7931 ms.
--------------------------------------------------
unsat
benchmarks/QF_LIA/pc_sfifo_3.c.kratos.int.ind_k100.smt2/pc_sfifo_3.c.kratos.int.ind_k100.smt2_155.smt2 : 2188 ms.
--------------------------------------------------
sat
benchmarks/QF_LIA/pc_sfifo_3.c.kratos.int.ind_k100.smt2/pc_sfifo_3.c.kratos.int.ind_k100.smt2_156.smt2 : 3691 ms.
--------------------------------------------------
unsat
benchmarks/QF_LIA/pc_sfifo_3.c.kratos.int.ind_k100.smt2/pc_sfifo_3.c.kratos.int.ind_k100.smt2_157.smt2 : 1254 ms.
--------------------------------------------------
sat
benchmarks/QF_LIA/pc_sfifo_3.c.kratos.int.ind_k100.smt2/pc_sfifo_3.c.kratos.int.ind_k100.smt2_158.smt2 : 5905 ms.
--------------------------------------------------
unsat
benchmarks/QF_LIA/pc_sfifo_3.c.kratos.int.ind_k100.smt2/pc_sfifo_3.c.kratos.int.ind_k100.smt2_159.smt2 : 2182 ms.
--------------------------------------------------
sat
benchmarks/QF_LIA/pc_sfifo_3.c.kratos.int.ind_k100.smt2/pc_sfifo_3.c.kratos.int.ind_k100.smt2_160.smt2 : 3202 ms.
--------------------------------------------------
unsat
benchmarks/QF_LIA/pc_sfifo_3.c.kratos.int.ind_k100.smt2/pc_sfifo_3.c.kratos.int.ind_k100.smt2_161.smt2 : 1113 ms.
--------------------------------------------------
sat
benchmarks/QF_LIA/pc_sfifo_3.c.kratos.int.ind_k100.smt2/pc_sfifo_3.c.kratos.int.ind_k100.smt2_162.smt2 : 6618 ms.
--------------------------------------------------
unsat
benchmarks/QF_LIA/pc_sfifo_3.c.kratos.int.ind_k100.smt2/pc_sfifo_3.c.kratos.int.ind_k100.smt2_163.smt2 : 2483 ms.
--------------------------------------------------
sat
benchmarks/QF_LIA/pc_sfifo_3.c.kratos.int.ind_k100.smt2/pc_sfifo_3.c.kratos.int.ind_k100.smt2_164.smt2 : 4477 ms.
--------------------------------------------------
unsat
benchmarks/QF_LIA/pc_sfifo_3.c.kratos.int.ind_k100.smt2/pc_sfifo_3.c.kratos.int.ind_k100.smt2_165.smt2 : 1944 ms.
--------------------------------------------------
sat
benchmarks/QF_LIA/pc_sfifo_3.c.kratos.int.ind_k100.smt2/pc_sfifo_3.c.kratos.int.ind_k100.smt2_166.smt2 : 9486 ms.
--------------------------------------------------
unsat
benchmarks/QF_LIA/pc_sfifo_3.c.kratos.int.ind_k100.smt2/pc_sfifo_3.c.kratos.int.ind_k100.smt2_167.smt2 : 2259 ms.
--------------------------------------------------
sat
benchmarks/QF_LIA/pc_sfifo_3.c.kratos.int.ind_k100.smt2/pc_sfifo_3.c.kratos.int.ind_k100.smt2_168.smt2 : 5455 ms.
--------------------------------------------------
unsat
benchmarks/QF_LIA/pc_sfifo_3.c.kratos.int.ind_k100.smt2/pc_sfifo_3.c.kratos.int.ind_k100.smt2_169.smt2 : 6215 ms.
--------------------------------------------------
sat
benchmarks/QF_LIA/pc_sfifo_3.c.kratos.int.ind_k100.smt2/pc_sfifo_3.c.kratos.int.ind_k100.smt2_170.smt2 : 11444 ms.
--------------------------------------------------
unsat
benchmarks/QF_LIA/pc_sfifo_3.c.kratos.int.ind_k100.smt2/pc_sfifo_3.c.kratos.int.ind_k100.smt2_171.smt2 : 1506 ms.
--------------------------------------------------
sat
benchmarks/QF_LIA/pc_sfifo_3.c.kratos.int.ind_k100.smt2/pc_sfifo_3.c.kratos.int.ind_k100.smt2_172.smt2 : 10786 ms.
--------------------------------------------------
unsat
benchmarks/QF_LIA/pc_sfifo_3.c.kratos.int.ind_k100.smt2/pc_sfifo_3.c.kratos.int.ind_k100.smt2_173.smt2 : 2841 ms.
--------------------------------------------------
sat
benchmarks/QF_LIA/pc_sfifo_3.c.kratos.int.ind_k100.smt2/pc_sfifo_3.c.kratos.int.ind_k100.smt2_174.smt2 : 7495 ms.
--------------------------------------------------
unsat
benchmarks/QF_LIA/pc_sfifo_3.c.kratos.int.ind_k100.smt2/pc_sfifo_3.c.kratos.int.ind_k100.smt2_175.smt2 : 3622 ms.
--------------------------------------------------
sat
benchmarks/QF_LIA/pc_sfifo_3.c.kratos.int.ind_k100.smt2/pc_sfifo_3.c.kratos.int.ind_k100.smt2_176.smt2 : 7927 ms.
--------------------------------------------------
unsat
benchmarks/QF_LIA/pc_sfifo_3.c.kratos.int.ind_k100.smt2/pc_sfifo_3.c.kratos.int.ind_k100.smt2_177.smt2 : 1821 ms.
--------------------------------------------------
sat
benchmarks/QF_LIA/pc_sfifo_3.c.kratos.int.ind_k100.smt2/pc_sfifo_3.c.kratos.int.ind_k100.smt2_178.smt2 : 9720 ms.
--------------------------------------------------
unsat
benchmarks/QF_LIA/pc_sfifo_3.c.kratos.int.ind_k100.smt2/pc_sfifo_3.c.kratos.int.ind_k100.smt2_179.smt2 : 5337 ms.
--------------------------------------------------
sat
benchmarks/QF_LIA/pc_sfifo_3.c.kratos.int.ind_k100.smt2/pc_sfifo_3.c.kratos.int.ind_k100.smt2_180.smt2 : 11040 ms.
--------------------------------------------------
unsat
benchmarks/QF_LIA/pc_sfifo_3.c.kratos.int.ind_k100.smt2/pc_sfifo_3.c.kratos.int.ind_k100.smt2_181.smt2 : 1728 ms.
--------------------------------------------------
sat
benchmarks/QF_LIA/pc_sfifo_3.c.kratos.int.ind_k100.smt2/pc_sfifo_3.c.kratos.int.ind_k100.smt2_182.smt2 : 7290 ms.
--------------------------------------------------
unsat
benchmarks/QF_LIA/pc_sfifo_3.c.kratos.int.ind_k100.smt2/pc_sfifo_3.c.kratos.int.ind_k100.smt2_183.smt2 : 2169 ms.
--------------------------------------------------
sat
benchmarks/QF_LIA/pc_sfifo_3.c.kratos.int.ind_k100.smt2/pc_sfifo_3.c.kratos.int.ind_k100.smt2_184.smt2 : 9861 ms.
--------------------------------------------------
unsat
benchmarks/QF_LIA/pc_sfifo_3.c.kratos.int.ind_k100.smt2/pc_sfifo_3.c.kratos.int.ind_k100.smt2_185.smt2 : 2434 ms.
--------------------------------------------------
sat
benchmarks/QF_LIA/pc_sfifo_3.c.kratos.int.ind_k100.smt2/pc_sfifo_3.c.kratos.int.ind_k100.smt2_186.smt2 : 11620 ms.
--------------------------------------------------
unsat
benchmarks/QF_LIA/pc_sfifo_3.c.kratos.int.ind_k100.smt2/pc_sfifo_3.c.kratos.int.ind_k100.smt2_187.smt2 : 2826 ms.
--------------------------------------------------
sat
benchmarks/QF_LIA/pc_sfifo_3.c.kratos.int.ind_k100.smt2/pc_sfifo_3.c.kratos.int.ind_k100.smt2_188.smt2 : 16924 ms.
--------------------------------------------------
unsat
benchmarks/QF_LIA/pc_sfifo_3.c.kratos.int.ind_k100.smt2/pc_sfifo_3.c.kratos.int.ind_k100.smt2_189.smt2 : 3132 ms.
--------------------------------------------------
sat
benchmarks/QF_LIA/pc_sfifo_3.c.kratos.int.ind_k100.smt2/pc_sfifo_3.c.kratos.int.ind_k100.smt2_190.smt2 : 10996 ms.
--------------------------------------------------
unsat
benchmarks/QF_LIA/pc_sfifo_3.c.kratos.int.ind_k100.smt2/pc_sfifo_3.c.kratos.int.ind_k100.smt2_191.smt2 : 3871 ms.
--------------------------------------------------
sat
benchmarks/QF_LIA/pc_sfifo_3.c.kratos.int.ind_k100.smt2/pc_sfifo_3.c.kratos.int.ind_k100.smt2_192.smt2 : 12277 ms.
--------------------------------------------------
unsat
benchmarks/QF_LIA/pc_sfifo_3.c.kratos.int.ind_k100.smt2/pc_sfifo_3.c.kratos.int.ind_k100.smt2_193.smt2 : 5154 ms.
--------------------------------------------------
sat
benchmarks/QF_LIA/pc_sfifo_3.c.kratos.int.ind_k100.smt2/pc_sfifo_3.c.kratos.int.ind_k100.smt2_194.smt2 : 19935 ms.
--------------------------------------------------
unsat
benchmarks/QF_LIA/pc_sfifo_3.c.kratos.int.ind_k100.smt2/pc_sfifo_3.c.kratos.int.ind_k100.smt2_195.smt2 : 6460 ms.
--------------------------------------------------
sat
benchmarks/QF_LIA/pc_sfifo_3.c.kratos.int.ind_k100.smt2/pc_sfifo_3.c.kratos.int.ind_k100.smt2_196.smt2 : 14366 ms.
--------------------------------------------------
unsat
benchmarks/QF_LIA/pc_sfifo_3.c.kratos.int.ind_k100.smt2/pc_sfifo_3.c.kratos.int.ind_k100.smt2_197.smt2 : 7053 ms.
--------------------------------------------------
sat
benchmarks/QF_LIA/pc_sfifo_3.c.kratos.int.ind_k100.smt2/pc_sfifo_3.c.kratos.int.ind_k100.smt2_198.smt2 : 11783 ms.
--------------------------------------------------
unsat
benchmarks/QF_LIA/pc_sfifo_3.c.kratos.int.ind_k100.smt2/pc_sfifo_3.c.kratos.int.ind_k100.smt2_199.smt2 : 4948 ms.
--------------------------------------------------
sat
benchmarks/QF_LIA/pc_sfifo_3.c.kratos.int.ind_k100.smt2/pc_sfifo_3.c.kratos.int.ind_k100.smt2_200.smt2 : 21120 ms.
--------------------------------------------------
unsat
benchmarks/QF_LIA/pc_sfifo_3.c.kratos.int.ind_k100.smt2/pc_sfifo_3.c.kratos.int.ind_k100.smt2_201.smt2 : 4144 ms.
--------------------------------------------------
sat
benchmarks/QF_LIA/pc_sfifo_3.c.kratos.int.ind_k100.smt2/pc_sfifo_3.c.kratos.int.ind_k100.smt2_202.smt2 : 15455 ms.
--------------------------------------------------
unsat
benchmarks/QF_LIA/rtp_all.ind_k100.smt2/rtp_all.ind_k100.smt2_1.smt2 : 12 ms.
--------------------------------------------------
sat
benchmarks/QF_LIA/rtp_all.ind_k100.smt2/rtp_all.ind_k100.smt2_2.smt2 : 4 ms.
--------------------------------------------------
unsat
benchmarks/QF_LIA/rtp_all.ind_k100.smt2/rtp_all.ind_k100.smt2_3.smt2 : 4 ms.
--------------------------------------------------
unsat
benchmarks/QF_LIA/rtp_all.ind_k100.smt2/rtp_all.ind_k100.smt2_4.smt2 : 6 ms.
--------------------------------------------------
unsat
benchmarks/QF_LIA/rtp_all.ind_k100.smt2/rtp_all.ind_k100.smt2_5.smt2 : 6 ms.
--------------------------------------------------
unsat
benchmarks/QF_LIA/rtp_all.ind_k100.smt2/rtp_all.ind_k100.smt2_6.smt2 : 8 ms.
--------------------------------------------------
unsat
benchmarks/QF_LIA/rtp_all.ind_k100.smt2/rtp_all.ind_k100.smt2_7.smt2 : 7 ms.
--------------------------------------------------
unsat
benchmarks/QF_LIA/rtp_all.ind_k100.smt2/rtp_all.ind_k100.smt2_8.smt2 : 10 ms.
--------------------------------------------------
unsat
benchmarks/QF_LIA/rtp_all.ind_k100.smt2/rtp_all.ind_k100.smt2_9.smt2 : 8 ms.
--------------------------------------------------
unsat
benchmarks/QF_LIA/rtp_all.ind_k100.smt2/rtp_all.ind_k100.smt2_10.smt2 : 11 ms.
--------------------------------------------------
unsat
benchmarks/QF_LIA/rtp_all.ind_k100.smt2/rtp_all.ind_k100.smt2_11.smt2 : 11 ms.
--------------------------------------------------
unsat
benchmarks/QF_LIA/rtp_all.ind_k100.smt2/rtp_all.ind_k100.smt2_12.smt2 : 16 ms.
--------------------------------------------------
unsat
benchmarks/QF_LIA/rtp_all.ind_k100.smt2/rtp_all.ind_k100.smt2_13.smt2 : 10 ms.
--------------------------------------------------
unsat
benchmarks/QF_LIA/rtp_all.ind_k100.smt2/rtp_all.ind_k100.smt2_14.smt2 : 14 ms.
--------------------------------------------------
unsat
benchmarks/QF_LIA/rtp_all.ind_k100.smt2/rtp_all.ind_k100.smt2_15.smt2 : 13 ms.
--------------------------------------------------
unsat
benchmarks/QF_LIA/rtp_all.ind_k100.smt2/rtp_all.ind_k100.smt2_16.smt2 : 14 ms.
--------------------------------------------------
unsat
benchmarks/QF_LIA/rtp_all.ind_k100.smt2/rtp_all.ind_k100.smt2_17.smt2 : 13 ms.
--------------------------------------------------
unsat
benchmarks/QF_LIA/rtp_all.ind_k100.smt2/rtp_all.ind_k100.smt2_18.smt2 : 20 ms.
--------------------------------------------------
unsat
benchmarks/QF_LIA/rtp_all.ind_k100.smt2/rtp_all.ind_k100.smt2_19.smt2 : 15 ms.
--------------------------------------------------
unsat
benchmarks/QF_LIA/rtp_all.ind_k100.smt2/rtp_all.ind_k100.smt2_20.smt2 : 16 ms.
--------------------------------------------------
unsat
benchmarks/QF_LIA/rtp_all.ind_k100.smt2/rtp_all.ind_k100.smt2_21.smt2 : 15 ms.
--------------------------------------------------
unsat
benchmarks/QF_LIA/rtp_all.ind_k100.smt2/rtp_all.ind_k100.smt2_22.smt2 : 22 ms.
--------------------------------------------------
unsat
benchmarks/QF_LIA/rtp_all.ind_k100.smt2/rtp_all.ind_k100.smt2_23.smt2 : 16 ms.
--------------------------------------------------
unsat
benchmarks/QF_LIA/rtp_all.ind_k100.smt2/rtp_all.ind_k100.smt2_24.smt2 : 28 ms.
--------------------------------------------------
unsat
benchmarks/QF_LIA/rtp_all.ind_k100.smt2/rtp_all.ind_k100.smt2_25.smt2 : 20 ms.
--------------------------------------------------
unsat
benchmarks/QF_LIA/rtp_all.ind_k100.smt2/rtp_all.ind_k100.smt2_26.smt2 : 27 ms.
--------------------------------------------------
unsat
benchmarks/QF_LIA/rtp_all.ind_k100.smt2/rtp_all.ind_k100.smt2_27.smt2 : 19 ms.
--------------------------------------------------
unsat
benchmarks/QF_LIA/rtp_all.ind_k100.smt2/rtp_all.ind_k100.smt2_28.smt2 : 39 ms.
--------------------------------------------------
unsat
benchmarks/QF_LIA/rtp_all.ind_k100.smt2/rtp_all.ind_k100.smt2_29.smt2 : 18 ms.
--------------------------------------------------
unsat
benchmarks/QF_LIA/rtp_all.ind_k100.smt2/rtp_all.ind_k100.smt2_30.smt2 : 37 ms.
--------------------------------------------------
unsat
benchmarks/QF_LIA/rtp_all.ind_k100.smt2/rtp_all.ind_k100.smt2_31.smt2 : 21 ms.
--------------------------------------------------
unsat
benchmarks/QF_LIA/rtp_all.ind_k100.smt2/rtp_all.ind_k100.smt2_32.smt2 : 37 ms.
--------------------------------------------------
unsat
benchmarks/QF_LIA/rtp_all.ind_k100.smt2/rtp_all.ind_k100.smt2_33.smt2 : 24 ms.
--------------------------------------------------
unsat
benchmarks/QF_LIA/rtp_all.ind_k100.smt2/rtp_all.ind_k100.smt2_34.smt2 : 35 ms.
--------------------------------------------------
unsat
benchmarks/QF_LIA/rtp_all.ind_k100.smt2/rtp_all.ind_k100.smt2_35.smt2 : 25 ms.
--------------------------------------------------
unsat
benchmarks/QF_LIA/rtp_all.ind_k100.smt2/rtp_all.ind_k100.smt2_36.smt2 : 44 ms.
--------------------------------------------------
unsat
benchmarks/QF_LIA/rtp_all.ind_k100.smt2/rtp_all.ind_k100.smt2_37.smt2 : 37 ms.
--------------------------------------------------
unsat
benchmarks/QF_LIA/rtp_all.ind_k100.smt2/rtp_all.ind_k100.smt2_38.smt2 : 38 ms.
--------------------------------------------------
unsat
benchmarks/QF_LIA/rtp_all.ind_k100.smt2/rtp_all.ind_k100.smt2_39.smt2 : 64 ms.
--------------------------------------------------
unsat
benchmarks/QF_LIA/rtp_all.ind_k100.smt2/rtp_all.ind_k100.smt2_40.smt2 : 66 ms.
--------------------------------------------------
unsat
benchmarks/QF_LIA/rtp_all.ind_k100.smt2/rtp_all.ind_k100.smt2_41.smt2 : 33 ms.
--------------------------------------------------
unsat
benchmarks/QF_LIA/rtp_all.ind_k100.smt2/rtp_all.ind_k100.smt2_42.smt2 : 74 ms.
--------------------------------------------------
unsat
benchmarks/QF_LIA/rtp_all.ind_k100.smt2/rtp_all.ind_k100.smt2_43.smt2 : 33 ms.
--------------------------------------------------
unsat
benchmarks/QF_LIA/rtp_all.ind_k100.smt2/rtp_all.ind_k100.smt2_44.smt2 : 45 ms.
--------------------------------------------------
unsat
benchmarks/QF_LIA/rtp_all.ind_k100.smt2/rtp_all.ind_k100.smt2_45.smt2 : 64 ms.
--------------------------------------------------
unsat
benchmarks/QF_LIA/rtp_all.ind_k100.smt2/rtp_all.ind_k100.smt2_46.smt2 : 74 ms.
--------------------------------------------------
unsat
benchmarks/QF_LIA/rtp_all.ind_k100.smt2/rtp_all.ind_k100.smt2_47.smt2 : 32 ms.
--------------------------------------------------
unsat
benchmarks/QF_LIA/rtp_all.ind_k100.smt2/rtp_all.ind_k100.smt2_48.smt2 : 75 ms.
--------------------------------------------------
unsat
benchmarks/QF_LIA/rtp_all.ind_k100.smt2/rtp_all.ind_k100.smt2_49.smt2 : 43 ms.
--------------------------------------------------
unsat
benchmarks/QF_LIA/rtp_all.ind_k100.smt2/rtp_all.ind_k100.smt2_50.smt2 : 74 ms.
--------------------------------------------------
unsat
benchmarks/QF_LIA/rtp_all.ind_k100.smt2/rtp_all.ind_k100.smt2_51.smt2 : 44 ms.
--------------------------------------------------
unsat
benchmarks/QF_LIA/rtp_all.ind_k100.smt2/rtp_all.ind_k100.smt2_52.smt2 : 69 ms.
--------------------------------------------------
unsat
benchmarks/QF_LIA/rtp_all.ind_k100.smt2/rtp_all.ind_k100.smt2_53.smt2 : 33 ms.
--------------------------------------------------
unsat
benchmarks/QF_LIA/rtp_all.ind_k100.smt2/rtp_all.ind_k100.smt2_54.smt2 : 116 ms.
--------------------------------------------------
unsat
benchmarks/QF_LIA/rtp_all.ind_k100.smt2/rtp_all.ind_k100.smt2_55.smt2 : 84 ms.
--------------------------------------------------
unsat
benchmarks/QF_LIA/rtp_all.ind_k100.smt2/rtp_all.ind_k100.smt2_56.smt2 : 106 ms.
--------------------------------------------------
unsat
benchmarks/QF_LIA/rtp_all.ind_k100.smt2/rtp_all.ind_k100.smt2_57.smt2 : 127 ms.
--------------------------------------------------
unsat
benchmarks/QF_LIA/rtp_all.ind_k100.smt2/rtp_all.ind_k100.smt2_58.smt2 : 150 ms.
--------------------------------------------------
unsat
benchmarks/QF_LIA/rtp_all.ind_k100.smt2/rtp_all.ind_k100.smt2_59.smt2 : 42 ms.
--------------------------------------------------
unsat
benchmarks/QF_LIA/rtp_all.ind_k100.smt2/rtp_all.ind_k100.smt2_60.smt2 : 237 ms.
--------------------------------------------------
unsat
benchmarks/QF_LIA/rtp_all.ind_k100.smt2/rtp_all.ind_k100.smt2_61.smt2 : 130 ms.
--------------------------------------------------
unsat
benchmarks/QF_LIA/rtp_all.ind_k100.smt2/rtp_all.ind_k100.smt2_62.smt2 : 123 ms.
--------------------------------------------------
unsat
benchmarks/QF_LIA/rtp_all.ind_k100.smt2/rtp_all.ind_k100.smt2_63.smt2 : 92 ms.
--------------------------------------------------
unsat
benchmarks/QF_LIA/rtp_all.ind_k100.smt2/rtp_all.ind_k100.smt2_64.smt2 : 157 ms.
--------------------------------------------------
unsat
benchmarks/QF_LIA/rtp_all.ind_k100.smt2/rtp_all.ind_k100.smt2_65.smt2 : 71 ms.
--------------------------------------------------
unsat
benchmarks/QF_LIA/rtp_all.ind_k100.smt2/rtp_all.ind_k100.smt2_66.smt2 : 145 ms.
--------------------------------------------------
unsat
benchmarks/QF_LIA/rtp_all.ind_k100.smt2/rtp_all.ind_k100.smt2_67.smt2 : 70 ms.
--------------------------------------------------
unsat
benchmarks/QF_LIA/rtp_all.ind_k100.smt2/rtp_all.ind_k100.smt2_68.smt2 : 140 ms.
--------------------------------------------------
unsat
benchmarks/QF_LIA/rtp_all.ind_k100.smt2/rtp_all.ind_k100.smt2_69.smt2 : 100 ms.
--------------------------------------------------
unsat
benchmarks/QF_LIA/rtp_all.ind_k100.smt2/rtp_all.ind_k100.smt2_70.smt2 : 200 ms.
--------------------------------------------------
unsat
benchmarks/QF_LIA/rtp_all.ind_k100.smt2/rtp_all.ind_k100.smt2_71.smt2 : 152 ms.
--------------------------------------------------
unsat
benchmarks/QF_LIA/rtp_all.ind_k100.smt2/rtp_all.ind_k100.smt2_72.smt2 : 267 ms.
--------------------------------------------------
unsat
benchmarks/QF_LIA/rtp_all.ind_k100.smt2/rtp_all.ind_k100.smt2_73.smt2 : 227 ms.
--------------------------------------------------
unsat
benchmarks/QF_LIA/rtp_all.ind_k100.smt2/rtp_all.ind_k100.smt2_74.smt2 : 139 ms.
--------------------------------------------------
unsat
benchmarks/QF_LIA/rtp_all.ind_k100.smt2/rtp_all.ind_k100.smt2_75.smt2 : 245 ms.
--------------------------------------------------
unsat
benchmarks/QF_LIA/rtp_all.ind_k100.smt2/rtp_all.ind_k100.smt2_76.smt2 : 244 ms.
--------------------------------------------------
unsat
benchmarks/QF_LIA/rtp_all.ind_k100.smt2/rtp_all.ind_k100.smt2_77.smt2 : 92 ms.
--------------------------------------------------
unsat
benchmarks/QF_LIA/rtp_all.ind_k100.smt2/rtp_all.ind_k100.smt2_78.smt2 : 182 ms.
--------------------------------------------------
unsat
benchmarks/QF_LIA/rtp_all.ind_k100.smt2/rtp_all.ind_k100.smt2_79.smt2 : 219 ms.
--------------------------------------------------
unsat
benchmarks/QF_LIA/rtp_all.ind_k100.smt2/rtp_all.ind_k100.smt2_80.smt2 : 321 ms.
--------------------------------------------------
unsat
benchmarks/QF_LIA/rtp_all.ind_k100.smt2/rtp_all.ind_k100.smt2_81.smt2 : 65 ms.
--------------------------------------------------
unsat
benchmarks/QF_LIA/rtp_all.ind_k100.smt2/rtp_all.ind_k100.smt2_82.smt2 : 214 ms.
--------------------------------------------------
unsat
benchmarks/QF_LIA/rtp_all.ind_k100.smt2/rtp_all.ind_k100.smt2_83.smt2 : 65 ms.
--------------------------------------------------
unsat
benchmarks/QF_LIA/rtp_all.ind_k100.smt2/rtp_all.ind_k100.smt2_84.smt2 : 270 ms.
--------------------------------------------------
unsat
benchmarks/QF_LIA/rtp_all.ind_k100.smt2/rtp_all.ind_k100.smt2_85.smt2 : 69 ms.
--------------------------------------------------
unsat
benchmarks/QF_LIA/rtp_all.ind_k100.smt2/rtp_all.ind_k100.smt2_86.smt2 : 228 ms.
--------------------------------------------------
unsat
benchmarks/QF_LIA/rtp_all.ind_k100.smt2/rtp_all.ind_k100.smt2_87.smt2 : 82 ms.
--------------------------------------------------
unsat
benchmarks/QF_LIA/rtp_all.ind_k100.smt2/rtp_all.ind_k100.smt2_88.smt2 : 291 ms.
--------------------------------------------------
unsat
benchmarks/QF_LIA/rtp_all.ind_k100.smt2/rtp_all.ind_k100.smt2_89.smt2 : 63 ms.
--------------------------------------------------
unsat
benchmarks/QF_LIA/rtp_all.ind_k100.smt2/rtp_all.ind_k100.smt2_90.smt2 : 336 ms.
--------------------------------------------------
unsat
benchmarks/QF_LIA/rtp_all.ind_k100.smt2/rtp_all.ind_k100.smt2_91.smt2 : 84 ms.
--------------------------------------------------
unsat
benchmarks/QF_LIA/rtp_all.ind_k100.smt2/rtp_all.ind_k100.smt2_92.smt2 : 204 ms.
--------------------------------------------------
unsat
benchmarks/QF_LIA/rtp_all.ind_k100.smt2/rtp_all.ind_k100.smt2_93.smt2 : 91 ms.
--------------------------------------------------
unsat
benchmarks/QF_LIA/rtp_all.ind_k100.smt2/rtp_all.ind_k100.smt2_94.smt2 : 307 ms.
--------------------------------------------------
unsat
benchmarks/QF_LIA/rtp_all.ind_k100.smt2/rtp_all.ind_k100.smt2_95.smt2 : 128 ms.
--------------------------------------------------
unsat
benchmarks/QF_LIA/rtp_all.ind_k100.smt2/rtp_all.ind_k100.smt2_96.smt2 : 408 ms.
--------------------------------------------------
unsat
benchmarks/QF_LIA/rtp_all.ind_k100.smt2/rtp_all.ind_k100.smt2_97.smt2 : 102 ms.
--------------------------------------------------
unsat
benchmarks/QF_LIA/rtp_all.ind_k100.smt2/rtp_all.ind_k100.smt2_98.smt2 : 542 ms.
--------------------------------------------------
unsat
benchmarks/QF_LIA/rtp_all.ind_k100.smt2/rtp_all.ind_k100.smt2_99.smt2 : 165 ms.
--------------------------------------------------
unsat
benchmarks/QF_LIA/rtp_all.ind_k100.smt2/rtp_all.ind_k100.smt2_100.smt2 : 1182 ms.
--------------------------------------------------
unsat
benchmarks/QF_LIA/rtp_all.ind_k100.smt2/rtp_all.ind_k100.smt2_101.smt2 : 274 ms.
--------------------------------------------------
unsat
benchmarks/QF_LIA/rtp_all.ind_k100.smt2/rtp_all.ind_k100.smt2_102.smt2 : 525 ms.
--------------------------------------------------
unsat
benchmarks/QF_LIA/rtp_all.ind_k100.smt2/rtp_all.ind_k100.smt2_103.smt2 : 162 ms.
--------------------------------------------------
unsat
benchmarks/QF_LIA/rtp_all.ind_k100.smt2/rtp_all.ind_k100.smt2_104.smt2 : 512 ms.
--------------------------------------------------
unsat
benchmarks/QF_LIA/rtp_all.ind_k100.smt2/rtp_all.ind_k100.smt2_105.smt2 : 83 ms.
--------------------------------------------------
unsat
benchmarks/QF_LIA/rtp_all.ind_k100.smt2/rtp_all.ind_k100.smt2_106.smt2 : 243 ms.
--------------------------------------------------
unsat
benchmarks/QF_LIA/rtp_all.ind_k100.smt2/rtp_all.ind_k100.smt2_107.smt2 : 586 ms.
--------------------------------------------------
unsat
benchmarks/QF_LIA/rtp_all.ind_k100.smt2/rtp_all.ind_k100.smt2_108.smt2 : 448 ms.
--------------------------------------------------
unsat
benchmarks/QF_LIA/rtp_all.ind_k100.smt2/rtp_all.ind_k100.smt2_109.smt2 : 147 ms.
--------------------------------------------------
unsat
benchmarks/QF_LIA/rtp_all.ind_k100.smt2/rtp_all.ind_k100.smt2_110.smt2 : 1125 ms.
--------------------------------------------------
unsat
benchmarks/QF_LIA/rtp_all.ind_k100.smt2/rtp_all.ind_k100.smt2_111.smt2 : 85 ms.
--------------------------------------------------
unsat
benchmarks/QF_LIA/rtp_all.ind_k100.smt2/rtp_all.ind_k100.smt2_112.smt2 : 328 ms.
--------------------------------------------------
unsat
benchmarks/QF_LIA/rtp_all.ind_k100.smt2/rtp_all.ind_k100.smt2_113.smt2 : 834 ms.
--------------------------------------------------
unsat
benchmarks/QF_LIA/rtp_all.ind_k100.smt2/rtp_all.ind_k100.smt2_114.smt2 : 1997 ms.
--------------------------------------------------
unsat
benchmarks/QF_LIA/rtp_all.ind_k100.smt2/rtp_all.ind_k100.smt2_115.smt2 : 1632 ms.
--------------------------------------------------
unsat
benchmarks/QF_LIA/rtp_all.ind_k100.smt2/rtp_all.ind_k100.smt2_116.smt2 : 670 ms.
--------------------------------------------------
unsat
benchmarks/QF_LIA/rtp_all.ind_k100.smt2/rtp_all.ind_k100.smt2_117.smt2 : 374 ms.
--------------------------------------------------
unsat
benchmarks/QF_LIA/rtp_all.ind_k100.smt2/rtp_all.ind_k100.smt2_118.smt2 : 585 ms.
--------------------------------------------------
unsat
benchmarks/QF_LIA/rtp_all.ind_k100.smt2/rtp_all.ind_k100.smt2_119.smt2 : 983 ms.
--------------------------------------------------
unsat
benchmarks/QF_LIA/rtp_all.ind_k100.smt2/rtp_all.ind_k100.smt2_120.smt2 : 766 ms.
--------------------------------------------------
unsat
benchmarks/QF_LIA/rtp_all.ind_k100.smt2/rtp_all.ind_k100.smt2_121.smt2 : 325 ms.
--------------------------------------------------
unsat
benchmarks/QF_LIA/rtp_all.ind_k100.smt2/rtp_all.ind_k100.smt2_122.smt2 : 2442 ms.
--------------------------------------------------
unsat
benchmarks/QF_LIA/rtp_all.ind_k100.smt2/rtp_all.ind_k100.smt2_123.smt2 : 202 ms.
--------------------------------------------------
unsat
benchmarks/QF_LIA/rtp_all.ind_k100.smt2/rtp_all.ind_k100.smt2_124.smt2 : 1179 ms.
--------------------------------------------------
unsat
benchmarks/QF_LIA/rtp_all.ind_k100.smt2/rtp_all.ind_k100.smt2_125.smt2 : 491 ms.
--------------------------------------------------
unsat
benchmarks/QF_LIA/rtp_all.ind_k100.smt2/rtp_all.ind_k100.smt2_126.smt2 : 1925 ms.
--------------------------------------------------
unsat
benchmarks/QF_LIA/rtp_all.ind_k100.smt2/rtp_all.ind_k100.smt2_127.smt2 : 131 ms.
--------------------------------------------------
unsat
benchmarks/QF_LIA/rtp_all.ind_k100.smt2/rtp_all.ind_k100.smt2_128.smt2 : 799 ms.
--------------------------------------------------
unsat
benchmarks/QF_LIA/rtp_all.ind_k100.smt2/rtp_all.ind_k100.smt2_129.smt2 : 200 ms.
--------------------------------------------------
unsat
benchmarks/QF_LIA/rtp_all.ind_k100.smt2/rtp_all.ind_k100.smt2_130.smt2 : 782 ms.
--------------------------------------------------
unsat
benchmarks/QF_LIA/rtp_all.ind_k100.smt2/rtp_all.ind_k100.smt2_131.smt2 : 3364 ms.
--------------------------------------------------
unsat
benchmarks/QF_LIA/rtp_all.ind_k100.smt2/rtp_all.ind_k100.smt2_132.smt2 : 680 ms.
--------------------------------------------------
unsat
benchmarks/QF_LIA/rtp_all.ind_k100.smt2/rtp_all.ind_k100.smt2_133.smt2 : 168 ms.
--------------------------------------------------
unsat
benchmarks/QF_LIA/rtp_all.ind_k100.smt2/rtp_all.ind_k100.smt2_134.smt2 : 2145 ms.
--------------------------------------------------
unsat
benchmarks/QF_LIA/rtp_all.ind_k100.smt2/rtp_all.ind_k100.smt2_135.smt2 : 224 ms.
--------------------------------------------------
unsat
benchmarks/QF_LIA/rtp_all.ind_k100.smt2/rtp_all.ind_k100.smt2_136.smt2 : 2718 ms.
--------------------------------------------------
unsat
benchmarks/QF_LIA/rtp_all.ind_k100.smt2/rtp_all.ind_k100.smt2_137.smt2 : 1795 ms.
--------------------------------------------------
unsat
benchmarks/QF_LIA/rtp_all.ind_k100.smt2/rtp_all.ind_k100.smt2_138.smt2 : 1254 ms.
--------------------------------------------------
unsat
benchmarks/QF_LIA/rtp_all.ind_k100.smt2/rtp_all.ind_k100.smt2_139.smt2 : 4794 ms.
--------------------------------------------------
unsat
benchmarks/QF_LIA/rtp_all.ind_k100.smt2/rtp_all.ind_k100.smt2_140.smt2 : 710 ms.
--------------------------------------------------
unsat
benchmarks/QF_LIA/rtp_all.ind_k100.smt2/rtp_all.ind_k100.smt2_141.smt2 : 264 ms.
--------------------------------------------------
unsat
benchmarks/QF_LIA/rtp_all.ind_k100.smt2/rtp_all.ind_k100.smt2_142.smt2 : 790 ms.
--------------------------------------------------
unsat
benchmarks/QF_LIA/rtp_all.ind_k100.smt2/rtp_all.ind_k100.smt2_143.smt2 : 798 ms.
--------------------------------------------------
unsat
benchmarks/QF_LIA/rtp_all.ind_k100.smt2/rtp_all.ind_k100.smt2_144.smt2 : 1852 ms.
--------------------------------------------------
unsat
benchmarks/QF_LIA/rtp_all.ind_k100.smt2/rtp_all.ind_k100.smt2_145.smt2 : 3703 ms.
--------------------------------------------------
unsat
benchmarks/QF_LIA/rtp_all.ind_k100.smt2/rtp_all.ind_k100.smt2_146.smt2 : 1595 ms.
--------------------------------------------------
unsat
benchmarks/QF_LIA/rtp_all.ind_k100.smt2/rtp_all.ind_k100.smt2_147.smt2 : 147 ms.
--------------------------------------------------
unsat
benchmarks/QF_LIA/rtp_all.ind_k100.smt2/rtp_all.ind_k100.smt2_148.smt2 : 2128 ms.
--------------------------------------------------
unsat
benchmarks/QF_LIA/rtp_all.ind_k100.smt2/rtp_all.ind_k100.smt2_149.smt2 : 121 ms.
--------------------------------------------------
unsat
benchmarks/QF_LIA/rtp_all.ind_k100.smt2/rtp_all.ind_k100.smt2_150.smt2 : 1105 ms.
--------------------------------------------------
unsat
benchmarks/QF_LIA/rtp_all.ind_k100.smt2/rtp_all.ind_k100.smt2_151.smt2 : 5328 ms.
--------------------------------------------------
unsat
benchmarks/QF_LIA/rtp_all.ind_k100.smt2/rtp_all.ind_k100.smt2_152.smt2 : 669 ms.
--------------------------------------------------
unsat
benchmarks/QF_LIA/rtp_all.ind_k100.smt2/rtp_all.ind_k100.smt2_153.smt2 : 1303 ms.
--------------------------------------------------
unsat
benchmarks/QF_LIA/rtp_all.ind_k100.smt2/rtp_all.ind_k100.smt2_154.smt2 : 751 ms.
--------------------------------------------------
unsat
benchmarks/QF_LIA/rtp_all.ind_k100.smt2/rtp_all.ind_k100.smt2_155.smt2 : 4621 ms.
--------------------------------------------------
unsat
benchmarks/QF_LIA/rtp_all.ind_k100.smt2/rtp_all.ind_k100.smt2_156.smt2 : 4687 ms.
--------------------------------------------------
unsat
benchmarks/QF_LIA/rtp_all.ind_k100.smt2/rtp_all.ind_k100.smt2_157.smt2 : 1999 ms.
--------------------------------------------------
unsat
benchmarks/QF_LIA/rtp_all.ind_k100.smt2/rtp_all.ind_k100.smt2_158.smt2 : 2369 ms.
--------------------------------------------------
unsat
benchmarks/QF_LIA/rtp_all.ind_k100.smt2/rtp_all.ind_k100.smt2_159.smt2 : 107 ms.
--------------------------------------------------
unsat
benchmarks/QF_LIA/rtp_all.ind_k100.smt2/rtp_all.ind_k100.smt2_160.smt2 : 3166 ms.
--------------------------------------------------
unsat
benchmarks/QF_LIA/rtp_all.ind_k100.smt2/rtp_all.ind_k100.smt2_161.smt2 : 1992 ms.
--------------------------------------------------
unsat
benchmarks/QF_LIA/rtp_all.ind_k100.smt2/rtp_all.ind_k100.smt2_162.smt2 : 1357 ms.
--------------------------------------------------
unsat
benchmarks/QF_LIA/rtp_all.ind_k100.smt2/rtp_all.ind_k100.smt2_163.smt2 : 4442 ms.
--------------------------------------------------
unsat
benchmarks/QF_LIA/rtp_all.ind_k100.smt2/rtp_all.ind_k100.smt2_164.smt2 : 1567 ms.
--------------------------------------------------
unsat
benchmarks/QF_LIA/rtp_all.ind_k100.smt2/rtp_all.ind_k100.smt2_165.smt2 : 1374 ms.
--------------------------------------------------
unsat
benchmarks/QF_LIA/rtp_all.ind_k100.smt2/rtp_all.ind_k100.smt2_166.smt2 : 1398 ms.
--------------------------------------------------
unsat
benchmarks/QF_LIA/rtp_all.ind_k100.smt2/rtp_all.ind_k100.smt2_167.smt2 : 4903 ms.
--------------------------------------------------
unsat
benchmarks/QF_LIA/rtp_all.ind_k100.smt2/rtp_all.ind_k100.smt2_168.smt2 : 5478 ms.
--------------------------------------------------
unsat
benchmarks/QF_LIA/rtp_all.ind_k100.smt2/rtp_all.ind_k100.smt2_169.smt2 : 3199 ms.
--------------------------------------------------
unsat
benchmarks/QF_LIA/rtp_all.ind_k100.smt2/rtp_all.ind_k100.smt2_170.smt2 : 2910 ms.
--------------------------------------------------
unsat
benchmarks/QF_LIA/rtp_all.ind_k100.smt2/rtp_all.ind_k100.smt2_171.smt2 : 5315 ms.
--------------------------------------------------
unsat
benchmarks/QF_LIA/rtp_all.ind_k100.smt2/rtp_all.ind_k100.smt2_172.smt2 : 3512 ms.
--------------------------------------------------
unsat
benchmarks/QF_LIA/rtp_all.ind_k100.smt2/rtp_all.ind_k100.smt2_173.smt2 : 166 ms.
--------------------------------------------------
unsat
benchmarks/QF_LIA/rtp_all.ind_k100.smt2/rtp_all.ind_k100.smt2_174.smt2 : 1155 ms.
--------------------------------------------------
unsat
benchmarks/QF_LIA/rtp_all.ind_k100.smt2/rtp_all.ind_k100.smt2_175.smt2 : 3977 ms.
--------------------------------------------------
unsat
benchmarks/QF_LIA/rtp_all.ind_k100.smt2/rtp_all.ind_k100.smt2_176.smt2 : 3268 ms.
--------------------------------------------------
unsat
benchmarks/QF_LIA/rtp_all.ind_k100.smt2/rtp_all.ind_k100.smt2_177.smt2 : 981 ms.
--------------------------------------------------
unsat
benchmarks/QF_LIA/rtp_all.ind_k100.smt2/rtp_all.ind_k100.smt2_178.smt2 : 1339 ms.
--------------------------------------------------
unsat
benchmarks/QF_LIA/rtp_all.ind_k100.smt2/rtp_all.ind_k100.smt2_179.smt2 : 5828 ms.
--------------------------------------------------
unsat
benchmarks/QF_LIA/rtp_all.ind_k100.smt2/rtp_all.ind_k100.smt2_180.smt2 : 1298 ms.
--------------------------------------------------
unsat
benchmarks/QF_LIA/rtp_all.ind_k100.smt2/rtp_all.ind_k100.smt2_181.smt2 : 2698 ms.
--------------------------------------------------
unsat
benchmarks/QF_LIA/rtp_all.ind_k100.smt2/rtp_all.ind_k100.smt2_182.smt2 : 4629 ms.
--------------------------------------------------
unsat
benchmarks/QF_LIA/rtp_all.ind_k100.smt2/rtp_all.ind_k100.smt2_183.smt2 : 1432 ms.
--------------------------------------------------
unsat
benchmarks/QF_LIA/rtp_all.ind_k100.smt2/rtp_all.ind_k100.smt2_184.smt2 : 8405 ms.
--------------------------------------------------
unsat
benchmarks/QF_LIA/rtp_all.ind_k100.smt2/rtp_all.ind_k100.smt2_185.smt2 : 1550 ms.
--------------------------------------------------
unsat
benchmarks/QF_LIA/rtp_all.ind_k100.smt2/rtp_all.ind_k100.smt2_186.smt2 : 4796 ms.
--------------------------------------------------
unsat
benchmarks/QF_LIA/rtp_all.ind_k100.smt2/rtp_all.ind_k100.smt2_187.smt2 : 4042 ms.
--------------------------------------------------
unsat
benchmarks/QF_LIA/rtp_all.ind_k100.smt2/rtp_all.ind_k100.smt2_188.smt2 : 5623 ms.
--------------------------------------------------
unsat
benchmarks/QF_LIA/rtp_all.ind_k100.smt2/rtp_all.ind_k100.smt2_189.smt2 : 272 ms.
--------------------------------------------------
unsat
benchmarks/QF_LIA/rtp_all.ind_k100.smt2/rtp_all.ind_k100.smt2_190.smt2 : 1137 ms.
--------------------------------------------------
unsat
benchmarks/QF_LIA/rtp_all.ind_k100.smt2/rtp_all.ind_k100.smt2_191.smt2 : 4337 ms.
--------------------------------------------------
unsat
benchmarks/QF_LIA/rtp_all.ind_k100.smt2/rtp_all.ind_k100.smt2_192.smt2 : 5450 ms.
--------------------------------------------------
unsat
benchmarks/QF_LIA/rtp_all.ind_k100.smt2/rtp_all.ind_k100.smt2_193.smt2 : 3012 ms.
--------------------------------------------------
unsat
benchmarks/QF_LIA/rtp_all.ind_k100.smt2/rtp_all.ind_k100.smt2_194.smt2 : 6839 ms.
--------------------------------------------------
unsat
benchmarks/QF_LIA/rtp_all.ind_k100.smt2/rtp_all.ind_k100.smt2_195.smt2 : 6619 ms.
--------------------------------------------------
unsat
benchmarks/QF_LIA/rtp_all.ind_k100.smt2/rtp_all.ind_k100.smt2_196.smt2 : 1202 ms.
--------------------------------------------------
unsat
benchmarks/QF_LIA/rtp_all.ind_k100.smt2/rtp_all.ind_k100.smt2_197.smt2 : 106 ms.
--------------------------------------------------
unsat
benchmarks/QF_LIA/rtp_all.ind_k100.smt2/rtp_all.ind_k100.smt2_198.smt2 : 6927 ms.
--------------------------------------------------
unsat
benchmarks/QF_LIA/rtp_all.ind_k100.smt2/rtp_all.ind_k100.smt2_199.smt2 : 2418 ms.
--------------------------------------------------
unsat
benchmarks/QF_LIA/rtp_all.ind_k100.smt2/rtp_all.ind_k100.smt2_200.smt2 : 5155 ms.
--------------------------------------------------
unsat
benchmarks/QF_LIA/rtp_all.ind_k100.smt2/rtp_all.ind_k100.smt2_201.smt2 : 529 ms.
--------------------------------------------------
unsat
benchmarks/QF_LIA/rtp_all.ind_k100.smt2/rtp_all.ind_k100.smt2_202.smt2 : 1324 ms.
--------------------------------------------------
unsat
benchmarks/QF_LIA/speed2.ind_k100.smt2/speed2.ind_k100.smt2_1.smt2 : 11 ms.
--------------------------------------------------
sat
benchmarks/QF_LIA/speed2.ind_k100.smt2/speed2.ind_k100.smt2_2.smt2 : 3 ms.
--------------------------------------------------
unsat
benchmarks/QF_LIA/speed2.ind_k100.smt2/speed2.ind_k100.smt2_3.smt2 : 3 ms.
--------------------------------------------------
sat
benchmarks/QF_LIA/speed2.ind_k100.smt2/speed2.ind_k100.smt2_4.smt2 : 3 ms.
--------------------------------------------------
unsat
benchmarks/QF_LIA/speed2.ind_k100.smt2/speed2.ind_k100.smt2_5.smt2 : 3 ms.
--------------------------------------------------
unsat
benchmarks/QF_LIA/speed2.ind_k100.smt2/speed2.ind_k100.smt2_6.smt2 : 3 ms.
--------------------------------------------------
unsat
benchmarks/QF_LIA/speed2.ind_k100.smt2/speed2.ind_k100.smt2_7.smt2 : 4 ms.
--------------------------------------------------
unsat
benchmarks/QF_LIA/speed2.ind_k100.smt2/speed2.ind_k100.smt2_8.smt2 : 3 ms.
--------------------------------------------------
unsat
benchmarks/QF_LIA/speed2.ind_k100.smt2/speed2.ind_k100.smt2_9.smt2 : 4 ms.
--------------------------------------------------
unsat
benchmarks/QF_LIA/speed2.ind_k100.smt2/speed2.ind_k100.smt2_10.smt2 : 4 ms.
--------------------------------------------------
unsat
benchmarks/QF_LIA/speed2.ind_k100.smt2/speed2.ind_k100.smt2_11.smt2 : 4 ms.
--------------------------------------------------
unsat
benchmarks/QF_LIA/speed2.ind_k100.smt2/speed2.ind_k100.smt2_12.smt2 : 4 ms.
--------------------------------------------------
unsat
benchmarks/QF_LIA/speed2.ind_k100.smt2/speed2.ind_k100.smt2_13.smt2 : 5 ms.
--------------------------------------------------
unsat
benchmarks/QF_LIA/speed2.ind_k100.smt2/speed2.ind_k100.smt2_14.smt2 : 5 ms.
--------------------------------------------------
unsat
benchmarks/QF_LIA/speed2.ind_k100.smt2/speed2.ind_k100.smt2_15.smt2 : 5 ms.
--------------------------------------------------
unsat
benchmarks/QF_LIA/speed2.ind_k100.smt2/speed2.ind_k100.smt2_16.smt2 : 5 ms.
--------------------------------------------------
unsat
benchmarks/QF_LIA/speed2.ind_k100.smt2/speed2.ind_k100.smt2_17.smt2 : 5 ms.
--------------------------------------------------
unsat
benchmarks/QF_LIA/speed2.ind_k100.smt2/speed2.ind_k100.smt2_18.smt2 : 5 ms.
--------------------------------------------------
unsat
benchmarks/QF_LIA/speed2.ind_k100.smt2/speed2.ind_k100.smt2_19.smt2 : 5 ms.
--------------------------------------------------
unsat
benchmarks/QF_LIA/speed2.ind_k100.smt2/speed2.ind_k100.smt2_20.smt2 : 5 ms.
--------------------------------------------------
unsat
benchmarks/QF_LIA/speed2.ind_k100.smt2/speed2.ind_k100.smt2_21.smt2 : 5 ms.
--------------------------------------------------
unsat
benchmarks/QF_LIA/speed2.ind_k100.smt2/speed2.ind_k100.smt2_22.smt2 : 5 ms.
--------------------------------------------------
unsat
benchmarks/QF_LIA/speed2.ind_k100.smt2/speed2.ind_k100.smt2_23.smt2 : 4 ms.
--------------------------------------------------
unsat
benchmarks/QF_LIA/speed2.ind_k100.smt2/speed2.ind_k100.smt2_24.smt2 : 5 ms.
--------------------------------------------------
unsat
benchmarks/QF_LIA/speed2.ind_k100.smt2/speed2.ind_k100.smt2_25.smt2 : 6 ms.
--------------------------------------------------
unsat
benchmarks/QF_LIA/speed2.ind_k100.smt2/speed2.ind_k100.smt2_26.smt2 : 5 ms.
--------------------------------------------------
unsat
benchmarks/QF_LIA/speed2.ind_k100.smt2/speed2.ind_k100.smt2_27.smt2 : 5 ms.
--------------------------------------------------
unsat
benchmarks/QF_LIA/speed2.ind_k100.smt2/speed2.ind_k100.smt2_28.smt2 : 6 ms.
--------------------------------------------------
unsat
benchmarks/QF_LIA/speed2.ind_k100.smt2/speed2.ind_k100.smt2_29.smt2 : 5 ms.
--------------------------------------------------
unsat
benchmarks/QF_LIA/speed2.ind_k100.smt2/speed2.ind_k100.smt2_30.smt2 : 7 ms.
--------------------------------------------------
unsat
benchmarks/QF_LIA/speed2.ind_k100.smt2/speed2.ind_k100.smt2_31.smt2 : 6 ms.
--------------------------------------------------
unsat
benchmarks/QF_LIA/speed2.ind_k100.smt2/speed2.ind_k100.smt2_32.smt2 : 6 ms.
--------------------------------------------------
unsat
benchmarks/QF_LIA/speed2.ind_k100.smt2/speed2.ind_k100.smt2_33.smt2 : 6 ms.
--------------------------------------------------
unsat
benchmarks/QF_LIA/speed2.ind_k100.smt2/speed2.ind_k100.smt2_34.smt2 : 5 ms.
--------------------------------------------------
unsat
benchmarks/QF_LIA/speed2.ind_k100.smt2/speed2.ind_k100.smt2_35.smt2 : 7 ms.
--------------------------------------------------
unsat
benchmarks/QF_LIA/speed2.ind_k100.smt2/speed2.ind_k100.smt2_36.smt2 : 6 ms.
--------------------------------------------------
unsat
benchmarks/QF_LIA/speed2.ind_k100.smt2/speed2.ind_k100.smt2_37.smt2 : 5 ms.
--------------------------------------------------
unsat
benchmarks/QF_LIA/speed2.ind_k100.smt2/speed2.ind_k100.smt2_38.smt2 : 7 ms.
--------------------------------------------------
unsat
benchmarks/QF_LIA/speed2.ind_k100.smt2/speed2.ind_k100.smt2_39.smt2 : 7 ms.
--------------------------------------------------
unsat
benchmarks/QF_LIA/speed2.ind_k100.smt2/speed2.ind_k100.smt2_40.smt2 : 6 ms.
--------------------------------------------------
unsat
benchmarks/QF_LIA/speed2.ind_k100.smt2/speed2.ind_k100.smt2_41.smt2 : 5 ms.
--------------------------------------------------
unsat
benchmarks/QF_LIA/speed2.ind_k100.smt2/speed2.ind_k100.smt2_42.smt2 : 8 ms.
--------------------------------------------------
unsat
benchmarks/QF_LIA/speed2.ind_k100.smt2/speed2.ind_k100.smt2_43.smt2 : 5 ms.
--------------------------------------------------
unsat
benchmarks/QF_LIA/speed2.ind_k100.smt2/speed2.ind_k100.smt2_44.smt2 : 7 ms.
--------------------------------------------------
unsat
benchmarks/QF_LIA/speed2.ind_k100.smt2/speed2.ind_k100.smt2_45.smt2 : 6 ms.
--------------------------------------------------
unsat
benchmarks/QF_LIA/speed2.ind_k100.smt2/speed2.ind_k100.smt2_46.smt2 : 6 ms.
--------------------------------------------------
unsat
benchmarks/QF_LIA/speed2.ind_k100.smt2/speed2.ind_k100.smt2_47.smt2 : 6 ms.
--------------------------------------------------
unsat
benchmarks/QF_LIA/speed2.ind_k100.smt2/speed2.ind_k100.smt2_48.smt2 : 7 ms.
--------------------------------------------------
unsat
benchmarks/QF_LIA/speed2.ind_k100.smt2/speed2.ind_k100.smt2_49.smt2 : 6 ms.
--------------------------------------------------
unsat
benchmarks/QF_LIA/speed2.ind_k100.smt2/speed2.ind_k100.smt2_50.smt2 : 7 ms.
--------------------------------------------------
unsat
benchmarks/QF_LIA/speed2.ind_k100.smt2/speed2.ind_k100.smt2_51.smt2 : 6 ms.
--------------------------------------------------
unsat
benchmarks/QF_LIA/speed2.ind_k100.smt2/speed2.ind_k100.smt2_52.smt2 : 8 ms.
--------------------------------------------------
unsat
benchmarks/QF_LIA/speed2.ind_k100.smt2/speed2.ind_k100.smt2_53.smt2 : 10 ms.
--------------------------------------------------
unsat
benchmarks/QF_LIA/speed2.ind_k100.smt2/speed2.ind_k100.smt2_54.smt2 : 7 ms.
--------------------------------------------------
unsat
benchmarks/QF_LIA/speed2.ind_k100.smt2/speed2.ind_k100.smt2_55.smt2 : 8 ms.
--------------------------------------------------
unsat
benchmarks/QF_LIA/speed2.ind_k100.smt2/speed2.ind_k100.smt2_56.smt2 : 9 ms.
--------------------------------------------------
unsat
benchmarks/QF_LIA/speed2.ind_k100.smt2/speed2.ind_k100.smt2_57.smt2 : 7 ms.
--------------------------------------------------
unsat
benchmarks/QF_LIA/speed2.ind_k100.smt2/speed2.ind_k100.smt2_58.smt2 : 6 ms.
--------------------------------------------------
unsat
benchmarks/QF_LIA/speed2.ind_k100.smt2/speed2.ind_k100.smt2_59.smt2 : 8 ms.
--------------------------------------------------
unsat
benchmarks/QF_LIA/speed2.ind_k100.smt2/speed2.ind_k100.smt2_60.smt2 : 8 ms.
--------------------------------------------------
unsat
benchmarks/QF_LIA/speed2.ind_k100.smt2/speed2.ind_k100.smt2_61.smt2 : 8 ms.
--------------------------------------------------
unsat
benchmarks/QF_LIA/speed2.ind_k100.smt2/speed2.ind_k100.smt2_62.smt2 : 7 ms.
--------------------------------------------------
unsat
benchmarks/QF_LIA/speed2.ind_k100.smt2/speed2.ind_k100.smt2_63.smt2 : 8 ms.
--------------------------------------------------
unsat
benchmarks/QF_LIA/speed2.ind_k100.smt2/speed2.ind_k100.smt2_64.smt2 : 8 ms.
--------------------------------------------------
unsat
benchmarks/QF_LIA/speed2.ind_k100.smt2/speed2.ind_k100.smt2_65.smt2 : 7 ms.
--------------------------------------------------
unsat
benchmarks/QF_LIA/speed2.ind_k100.smt2/speed2.ind_k100.smt2_66.smt2 : 8 ms.
--------------------------------------------------
unsat
benchmarks/QF_LIA/speed2.ind_k100.smt2/speed2.ind_k100.smt2_67.smt2 : 7 ms.
--------------------------------------------------
unsat
benchmarks/QF_LIA/speed2.ind_k100.smt2/speed2.ind_k100.smt2_68.smt2 : 8 ms.
--------------------------------------------------
unsat
benchmarks/QF_LIA/speed2.ind_k100.smt2/speed2.ind_k100.smt2_69.smt2 : 6 ms.
--------------------------------------------------
unsat
benchmarks/QF_LIA/speed2.ind_k100.smt2/speed2.ind_k100.smt2_70.smt2 : 7 ms.
--------------------------------------------------
unsat
benchmarks/QF_LIA/speed2.ind_k100.smt2/speed2.ind_k100.smt2_71.smt2 : 9 ms.
--------------------------------------------------
unsat
benchmarks/QF_LIA/speed2.ind_k100.smt2/speed2.ind_k100.smt2_72.smt2 : 10 ms.
--------------------------------------------------
unsat
benchmarks/QF_LIA/speed2.ind_k100.smt2/speed2.ind_k100.smt2_73.smt2 : 9 ms.
--------------------------------------------------
unsat
benchmarks/QF_LIA/speed2.ind_k100.smt2/speed2.ind_k100.smt2_74.smt2 : 7 ms.
--------------------------------------------------
unsat
benchmarks/QF_LIA/speed2.ind_k100.smt2/speed2.ind_k100.smt2_75.smt2 : 7 ms.
--------------------------------------------------
unsat
benchmarks/QF_LIA/speed2.ind_k100.smt2/speed2.ind_k100.smt2_76.smt2 : 8 ms.
--------------------------------------------------
unsat
benchmarks/QF_LIA/speed2.ind_k100.smt2/speed2.ind_k100.smt2_77.smt2 : 8 ms.
