--------------------------------------------------
sat
QF_NRA/zankl/gen-03.smt2 : 30 ms.
--------------------------------------------------
sat
QF_NRA/zankl/gen-04.smt2 : 34 ms.
--------------------------------------------------
sat
QF_NRA/zankl/gen-05.smt2 : 31 ms.
--------------------------------------------------
sat
QF_NRA/zankl/gen-06.smt2 : 35 ms.
--------------------------------------------------
sat
QF_NRA/zankl/gen-07.smt2 : 30 ms.
--------------------------------------------------
sat
QF_NRA/zankl/gen-08.smt2 : 32 ms.
--------------------------------------------------
sat
QF_NRA/zankl/gen-09.smt2 : 36 ms.
--------------------------------------------------
sat
QF_NRA/zankl/gen-10.smt2 : 34 ms.
--------------------------------------------------
unsat
QF_NRA/zankl/gen-13.smt2 : 33 ms.
--------------------------------------------------
unsat
QF_NRA/zankl/gen-14.smt2 : 31 ms.
--------------------------------------------------
unsat
QF_NRA/zankl/gen-15.smt2 : 27 ms.
--------------------------------------------------
sat
QF_NRA/zankl/gen-16.smt2 : 34 ms.
--------------------------------------------------
unsat
QF_NRA/zankl/gen-17.smt2 : 30 ms.
--------------------------------------------------
sat
QF_NRA/zankl/gen-18.smt2 : 33 ms.
--------------------------------------------------
sat
QF_NRA/zankl/gen-19.smt2 : 37 ms.
--------------------------------------------------
sat
QF_NRA/zankl/matrix-1-all-01.smt2 : 45 ms.
--------------------------------------------------
sat
QF_NRA/zankl/matrix-1-all-10.smt2 : 79 ms.
--------------------------------------------------
sat
QF_NRA/zankl/matrix-1-all-11.smt2 : 31 ms.
--------------------------------------------------
sat
QF_NRA/zankl/matrix-1-all-12.smt2 : 53 ms.
--------------------------------------------------
sat
QF_NRA/zankl/matrix-1-all-13.smt2 : 56 ms.
--------------------------------------------------
sat
QF_NRA/zankl/matrix-1-all-14.smt2 : 30 ms.
--------------------------------------------------
sat
QF_NRA/zankl/matrix-1-all-15.smt2 : 29 ms.
--------------------------------------------------
sat
QF_NRA/zankl/matrix-1-all-16.smt2 : 63 ms.
--------------------------------------------------
sat
QF_NRA/zankl/matrix-1-all-17.smt2 : 425 ms.
--------------------------------------------------
sat
QF_NRA/zankl/matrix-1-all-18.smt2 : 38 ms.
--------------------------------------------------
sat
QF_NRA/zankl/matrix-1-all-19.smt2 : 58 ms.
--------------------------------------------------
sat
QF_NRA/zankl/matrix-1-all-20.smt2 : 33 ms.
--------------------------------------------------
sat
QF_NRA/zankl/matrix-1-all-21.smt2 : 126 ms.
--------------------------------------------------
sat
QF_NRA/zankl/matrix-1-all-22.smt2 : 33 ms.
--------------------------------------------------
sat
QF_NRA/zankl/matrix-1-all-23.smt2 : 36 ms.
--------------------------------------------------
sat
QF_NRA/zankl/matrix-1-all-24.smt2 : 23 ms.
--------------------------------------------------
sat
QF_NRA/zankl/matrix-1-all-25.smt2 : 68 ms.
--------------------------------------------------
sat
QF_NRA/zankl/matrix-1-all-26.smt2 : 28 ms.
--------------------------------------------------
sat
QF_NRA/zankl/matrix-1-all-27.smt2 : 39 ms.
--------------------------------------------------
sat
QF_NRA/zankl/matrix-1-all-28.smt2 : 61 ms.
--------------------------------------------------
sat
QF_NRA/zankl/matrix-1-all-29.smt2 : 41 ms.
--------------------------------------------------
sat
QF_NRA/zankl/matrix-1-all-2.smt2 : 26 ms.
--------------------------------------------------
sat
QF_NRA/zankl/matrix-1-all-30.smt2 : 59 ms.
--------------------------------------------------
sat
QF_NRA/zankl/matrix-1-all-31.smt2 : 123 ms.
--------------------------------------------------
sat
QF_NRA/zankl/matrix-1-all-32.smt2 : 90 ms.
--------------------------------------------------
sat
QF_NRA/zankl/matrix-1-all-33.smt2 : 81 ms.
--------------------------------------------------
sat
QF_NRA/zankl/matrix-1-all-34.smt2 : 76 ms.
--------------------------------------------------
sat
QF_NRA/zankl/matrix-1-all-35.smt2 : 59 ms.
--------------------------------------------------
sat
QF_NRA/zankl/matrix-1-all-36.smt2 : 48 ms.
--------------------------------------------------
sat
QF_NRA/zankl/matrix-1-all-37.smt2 : 49 ms.
--------------------------------------------------
QF_NRA/zankl/matrix-1-all-38.smt2 : 1800023 ms.
--------------------------------------------------
sat
QF_NRA/zankl/matrix-1-all-39.smt2 : 31 ms.
--------------------------------------------------
sat
QF_NRA/zankl/matrix-1-all-3.smt2 : 27 ms.
--------------------------------------------------
sat
QF_NRA/zankl/matrix-1-all-40.smt2 : 60 ms.
--------------------------------------------------
sat
QF_NRA/zankl/matrix-1-all-41.smt2 : 39 ms.
--------------------------------------------------
unsat
QF_NRA/zankl/matrix-1-all-42.smt2 : 26 ms.
--------------------------------------------------
unsat
QF_NRA/zankl/matrix-1-all-43.smt2 : 23 ms.
--------------------------------------------------
unsat
QF_NRA/zankl/matrix-1-all-44.smt2 : 23 ms.
--------------------------------------------------
unsat
QF_NRA/zankl/matrix-1-all-45.smt2 : 49 ms.
--------------------------------------------------
unsat
QF_NRA/zankl/matrix-1-all-46.smt2 : 79 ms.
--------------------------------------------------
unsat
QF_NRA/zankl/matrix-1-all-47.smt2 : 21 ms.
--------------------------------------------------
unsat
QF_NRA/zankl/matrix-1-all-48.smt2 : 26 ms.
--------------------------------------------------
unsat
QF_NRA/zankl/matrix-1-all-49.smt2 : 22 ms.
--------------------------------------------------
sat
QF_NRA/zankl/matrix-1-all-4.smt2 : 24 ms.
--------------------------------------------------
unsat
QF_NRA/zankl/matrix-1-all-50.smt2 : 31 ms.
--------------------------------------------------
unsat
QF_NRA/zankl/matrix-1-all-52.smt2 : 20 ms.
--------------------------------------------------
unsat
QF_NRA/zankl/matrix-1-all-54.smt2 : 20 ms.
--------------------------------------------------
unsat
QF_NRA/zankl/matrix-1-all-56.smt2 : 18 ms.
--------------------------------------------------
sat
QF_NRA/zankl/matrix-1-all-5.smt2 : 29 ms.
--------------------------------------------------
sat
QF_NRA/zankl/matrix-1-all-6.smt2 : 36 ms.
--------------------------------------------------
sat
QF_NRA/zankl/matrix-1-all-7.smt2 : 20 ms.
--------------------------------------------------
sat
QF_NRA/zankl/matrix-1-all-8.smt2 : 122 ms.
--------------------------------------------------
sat
QF_NRA/zankl/matrix-1-all-9.smt2 : 23 ms.
--------------------------------------------------
QF_NRA/zankl/matrix-2-all-01.smt2 : 1800021 ms.
--------------------------------------------------
QF_NRA/zankl/matrix-2-all-10.smt2 : 1800019 ms.
--------------------------------------------------
QF_NRA/zankl/matrix-2-all-11.smt2 : 1800019 ms.
--------------------------------------------------
QF_NRA/zankl/matrix-2-all-12.smt2 : 1800023 ms.
--------------------------------------------------
QF_NRA/zankl/matrix-2-all-13.smt2 : 1800063 ms.
--------------------------------------------------
unsat
QF_NRA/zankl/matrix-2-all-14.smt2 : 40 ms.
--------------------------------------------------
QF_NRA/zankl/matrix-2-all-15.smt2 : 1800018 ms.
--------------------------------------------------
QF_NRA/zankl/matrix-2-all-16.smt2 : 1800042 ms.
--------------------------------------------------
QF_NRA/zankl/matrix-2-all-17.smt2 : 1800059 ms.
--------------------------------------------------
QF_NRA/zankl/matrix-2-all-18.smt2 : 1800127 ms.
--------------------------------------------------
QF_NRA/zankl/matrix-2-all-19.smt2 : 1800049 ms.
--------------------------------------------------
QF_NRA/zankl/matrix-2-all-20.smt2 : 1800026 ms.
--------------------------------------------------
QF_NRA/zankl/matrix-2-all-21.smt2 : 1800054 ms.
--------------------------------------------------
unsat
QF_NRA/zankl/matrix-2-all-23.smt2 : 27 ms.
--------------------------------------------------
unsat
QF_NRA/zankl/matrix-2-all-25.smt2 : 26 ms.
--------------------------------------------------
unsat
QF_NRA/zankl/matrix-2-all-27.smt2 : 23 ms.
--------------------------------------------------
sat
QF_NRA/zankl/matrix-2-all-2.smt2 : 45 ms.
--------------------------------------------------
sat
QF_NRA/zankl/matrix-2-all-3.smt2 : 247 ms.
--------------------------------------------------
sat
QF_NRA/zankl/matrix-2-all-4.smt2 : 177 ms.
--------------------------------------------------
QF_NRA/zankl/matrix-2-all-5.smt2 : 1800024 ms.
--------------------------------------------------
sat
QF_NRA/zankl/matrix-2-all-6.smt2 : 296 ms.
--------------------------------------------------
QF_NRA/zankl/matrix-2-all-7.smt2 : 1800047 ms.
--------------------------------------------------
QF_NRA/zankl/matrix-2-all-8.smt2 : 1800033 ms.
--------------------------------------------------
QF_NRA/zankl/matrix-2-all-9.smt2 : 1800058 ms.
--------------------------------------------------
QF_NRA/zankl/matrix-3-all-01.smt2 : 1800062 ms.
--------------------------------------------------
unsat
QF_NRA/zankl/matrix-3-all-10.smt2 : 127 ms.
--------------------------------------------------
QF_NRA/zankl/matrix-3-all-11.smt2 : 1800034 ms.
--------------------------------------------------
QF_NRA/zankl/matrix-3-all-12.smt2 : 1800167 ms.
--------------------------------------------------
QF_NRA/zankl/matrix-3-all-13.smt2 : 1800041 ms.
--------------------------------------------------
QF_NRA/zankl/matrix-3-all-14.smt2 : 1800585 ms.
--------------------------------------------------
QF_NRA/zankl/matrix-3-all-15.smt2 : 1800037 ms.
--------------------------------------------------
QF_NRA/zankl/matrix-3-all-16.smt2 : 1800081 ms.
--------------------------------------------------
QF_NRA/zankl/matrix-3-all-17.smt2 : 1800980 ms.
--------------------------------------------------
unsat
QF_NRA/zankl/matrix-3-all-19.smt2 : 25 ms.
--------------------------------------------------
unsat
QF_NRA/zankl/matrix-3-all-21.smt2 : 22 ms.
--------------------------------------------------
unsat
QF_NRA/zankl/matrix-3-all-23.smt2 : 18 ms.
--------------------------------------------------
QF_NRA/zankl/matrix-3-all-2.smt2 : 1800055 ms.
--------------------------------------------------
sat
QF_NRA/zankl/matrix-3-all-3.smt2 : 315 ms.
--------------------------------------------------
QF_NRA/zankl/matrix-3-all-4.smt2 : 1800095 ms.
--------------------------------------------------
sat
QF_NRA/zankl/matrix-3-all-5.smt2 : 153 ms.
--------------------------------------------------
QF_NRA/zankl/matrix-3-all-6.smt2 : 1800077 ms.
--------------------------------------------------
QF_NRA/zankl/matrix-3-all-7.smt2 : 1800066 ms.
--------------------------------------------------
QF_NRA/zankl/matrix-3-all-8.smt2 : 1800210 ms.
--------------------------------------------------
QF_NRA/zankl/matrix-3-all-9.smt2 : 1800029 ms.
--------------------------------------------------
QF_NRA/zankl/matrix-4-all-01.smt2 : 1800250 ms.
--------------------------------------------------
QF_NRA/zankl/matrix-4-all-10.smt2 : 1800244 ms.
--------------------------------------------------
QF_NRA/zankl/matrix-4-all-11.smt2 : 1800091 ms.
--------------------------------------------------
QF_NRA/zankl/matrix-4-all-12.smt2 : 1800782 ms.
--------------------------------------------------
QF_NRA/zankl/matrix-4-all-13.smt2 : 1800182 ms.
--------------------------------------------------
QF_NRA/zankl/matrix-4-all-14.smt2 : 1800079 ms.
--------------------------------------------------
QF_NRA/zankl/matrix-4-all-15.smt2 : 1800138 ms.
--------------------------------------------------
QF_NRA/zankl/matrix-4-all-16.smt2 : 1800066 ms.
--------------------------------------------------
QF_NRA/zankl/matrix-4-all-17.smt2 : 1800706 ms.
--------------------------------------------------
QF_NRA/zankl/matrix-4-all-18.smt2 : 1800232 ms.
--------------------------------------------------
QF_NRA/zankl/matrix-4-all-19.smt2 : 1800030 ms.
--------------------------------------------------
unsat
QF_NRA/zankl/matrix-4-all-20.smt2 : 239 ms.
--------------------------------------------------
QF_NRA/zankl/matrix-4-all-21.smt2 : 1800098 ms.
--------------------------------------------------
QF_NRA/zankl/matrix-4-all-22.smt2 : 1800566 ms.
--------------------------------------------------
QF_NRA/zankl/matrix-4-all-23.smt2 : 1800383 ms.
--------------------------------------------------
QF_NRA/zankl/matrix-4-all-24.smt2 : 1800231 ms.
--------------------------------------------------
QF_NRA/zankl/matrix-4-all-25.smt2 : 1800076 ms.
--------------------------------------------------
QF_NRA/zankl/matrix-4-all-26.smt2 : 1800034 ms.
--------------------------------------------------
QF_NRA/zankl/matrix-4-all-27.smt2 : 1800231 ms.
--------------------------------------------------
unsat
QF_NRA/zankl/matrix-4-all-29.smt2 : 29 ms.
--------------------------------------------------
QF_NRA/zankl/matrix-4-all-2.smt2 : 1800064 ms.
--------------------------------------------------
unsat
QF_NRA/zankl/matrix-4-all-31.smt2 : 34 ms.
--------------------------------------------------
unsat
QF_NRA/zankl/matrix-4-all-33.smt2 : 22 ms.
--------------------------------------------------
QF_NRA/zankl/matrix-4-all-3.smt2 : 1800027 ms.
--------------------------------------------------
QF_NRA/zankl/matrix-4-all-4.smt2 : 1800847 ms.
--------------------------------------------------
QF_NRA/zankl/matrix-4-all-5.smt2 : 1800619 ms.
--------------------------------------------------
QF_NRA/zankl/matrix-4-all-6.smt2 : 1800125 ms.
--------------------------------------------------
QF_NRA/zankl/matrix-4-all-7.smt2 : 1800170 ms.
--------------------------------------------------
QF_NRA/zankl/matrix-4-all-8.smt2 : 1800043 ms.
--------------------------------------------------
sat
QF_NRA/zankl/matrix-4-all-9.smt2 : 17152 ms.
--------------------------------------------------
QF_NRA/zankl/matrix-5-all-01.smt2 : 1800126 ms.
--------------------------------------------------
QF_NRA/zankl/matrix-5-all-10.smt2 : 1801280 ms.
--------------------------------------------------
QF_NRA/zankl/matrix-5-all-11.smt2 : 1800195 ms.
--------------------------------------------------
QF_NRA/zankl/matrix-5-all-12.smt2 : 1800057 ms.
--------------------------------------------------
QF_NRA/zankl/matrix-5-all-13.smt2 : 1800135 ms.
--------------------------------------------------
unsat
QF_NRA/zankl/matrix-5-all-14.smt2 : 1004 ms.
--------------------------------------------------
QF_NRA/zankl/matrix-5-all-15.smt2 : 1800795 ms.
--------------------------------------------------
QF_NRA/zankl/matrix-5-all-16.smt2 : 1800018 ms.
--------------------------------------------------
QF_NRA/zankl/matrix-5-all-17.smt2 : 1800480 ms.
--------------------------------------------------
QF_NRA/zankl/matrix-5-all-18.smt2 : 1801739 ms.
--------------------------------------------------
QF_NRA/zankl/matrix-5-all-19.smt2 : 1800965 ms.
--------------------------------------------------
QF_NRA/zankl/matrix-5-all-20.smt2 : 1800122 ms.
--------------------------------------------------
QF_NRA/zankl/matrix-5-all-21.smt2 : 1800299 ms.
--------------------------------------------------
unsat
QF_NRA/zankl/matrix-5-all-23.smt2 : 32 ms.
--------------------------------------------------
unsat
QF_NRA/zankl/matrix-5-all-25.smt2 : 45 ms.
--------------------------------------------------
unsat
QF_NRA/zankl/matrix-5-all-27.smt2 : 38 ms.
--------------------------------------------------
QF_NRA/zankl/matrix-5-all-2.smt2 : 1800144 ms.
--------------------------------------------------
QF_NRA/zankl/matrix-5-all-3.smt2 : 1800019 ms.
--------------------------------------------------
QF_NRA/zankl/matrix-5-all-4.smt2 : 1800053 ms.
--------------------------------------------------
QF_NRA/zankl/matrix-5-all-5.smt2 : 1800245 ms.
--------------------------------------------------
QF_NRA/zankl/matrix-5-all-6.smt2 : 1800681 ms.
--------------------------------------------------
QF_NRA/zankl/matrix-5-all-7.smt2 : 1800712 ms.
--------------------------------------------------
QF_NRA/zankl/matrix-5-all-8.smt2 : 1800133 ms.
--------------------------------------------------
QF_NRA/zankl/matrix-5-all-9.smt2 : 1803052 ms.
