--------------------------------------------------
unsat
QF_NRA/LassoRanker/Ultimate/2013POPL-BenAmGen-Ex3.20.bpl_Iteration1_Lasso_3-pieceTemplate.smt2 : 1824 ms.
--------------------------------------------------
unsat
QF_NRA/LassoRanker/Ultimate/2013POPL-BenAmGen-Ex3.20.bpl_Iteration1_Lasso_4-pieceTemplate.smt2 : 15088 ms.
--------------------------------------------------
unsat
QF_NRA/LassoRanker/Ultimate/2013POPL-BenAmGen-Ex3.20.bpl_Iteration1_Loop_3-pieceTemplate.smt2 : 1206 ms.
--------------------------------------------------
unsat
QF_NRA/LassoRanker/Ultimate/2013POPL-BenAmGen-Ex3.20.bpl_Iteration1_Loop_4-pieceTemplate.smt2 : 15435 ms.
--------------------------------------------------
unsat
QF_NRA/LassoRanker/Ultimate/2013POPL-BenAmGen-Ex3.6.bpl_Iteration1_Loop_3-pieceTemplate.smt2 : 37438 ms.
--------------------------------------------------
QF_NRA/LassoRanker/Ultimate/2013POPL-BenAmGen-Ex3.6.bpl_Iteration1_Loop_4-pieceTemplate.smt2 : 1800071 ms.
--------------------------------------------------
unsat
QF_NRA/LassoRanker/Ultimate/2013POPL-BenAmGen-Ex4.2.bpl_Iteration1_Lasso_2-pieceTemplate.smt2 : 694 ms.
--------------------------------------------------
unsat
QF_NRA/LassoRanker/Ultimate/2013POPL-BenAmGen-Ex4.2.bpl_Iteration1_Lasso_3-pieceTemplate.smt2 : 1334390 ms.
--------------------------------------------------
QF_NRA/LassoRanker/Ultimate/2013POPL-BenAmGen-Ex4.2.bpl_Iteration1_Lasso_4-pieceTemplate.smt2 : 1800061 ms.
--------------------------------------------------
unsat
QF_NRA/LassoRanker/Ultimate/2013POPL-BenAmGen-Ex4.2.bpl_Iteration1_Loop_2-pieceTemplate.smt2 : 595 ms.
--------------------------------------------------
unsat
QF_NRA/LassoRanker/Ultimate/2013POPL-BenAmGen-Ex4.2.bpl_Iteration1_Loop_3-pieceTemplate.smt2 : 1247917 ms.
--------------------------------------------------
QF_NRA/LassoRanker/Ultimate/2013POPL-BenAmGen-Ex4.2.bpl_Iteration1_Loop_4-pieceTemplate.smt2 : 1800095 ms.
--------------------------------------------------
unsat
QF_NRA/LassoRanker/Ultimate/ATVA2013-diff42-int.bpl_Iteration1_Lasso_4-lexTemplate.smt2 : 90 ms.
--------------------------------------------------
unsat
QF_NRA/LassoRanker/Ultimate/ATVA2013-diff42-int.bpl_Iteration1_Lasso_4-pieceTemplate.smt2 : 6266 ms.
--------------------------------------------------
unsat
QF_NRA/LassoRanker/Ultimate/ATVA2013-yPositive-int.bpl_Iteration1_Loop_3-pieceTemplate.smt2 : 22309 ms.
--------------------------------------------------
unsat
QF_NRA/LassoRanker/Ultimate/ATVA2013-yPositive-int.bpl_Iteration1_Loop_4-pieceTemplate.smt2 : 647443 ms.
--------------------------------------------------
QF_NRA/LassoRanker/Ultimate/ATVA2013-yPositive-real.bpl_Iteration1_Loop_3-pieceTemplate.smt2 : 1800025 ms.
--------------------------------------------------
unsat
QF_NRA/LassoRanker/Ultimate/ATVA2013-yPositive-real.bpl_Iteration1_Loop_4-pieceTemplate.smt2 : 43123 ms.
--------------------------------------------------
QF_NRA/LassoRanker/Ultimate/ATVA2013-zeno-int.bpl_Iteration1_Lasso_4-pieceTemplate.smt2 : 1800022 ms.
--------------------------------------------------
unsat
QF_NRA/LassoRanker/Ultimate/BenAmram-2010LMCS-Ex2.3.bpl_Iteration1_Lasso_2-pieceTemplate.smt2 : 139104 ms.
--------------------------------------------------
QF_NRA/LassoRanker/Ultimate/BenAmram-2010LMCS-Ex2.3.bpl_Iteration1_Lasso_3-pieceTemplate.smt2 : 1800018 ms.
--------------------------------------------------
QF_NRA/LassoRanker/Ultimate/BenAmram-2010LMCS-Ex2.3.bpl_Iteration1_Lasso_4-pieceTemplate.smt2 : 1800615 ms.
--------------------------------------------------
unsat
QF_NRA/LassoRanker/Ultimate/BenAmram-2010LMCS-Ex2.3.bpl_Iteration1_Loop_2-pieceTemplate.smt2 : 139217 ms.
--------------------------------------------------
QF_NRA/LassoRanker/Ultimate/BenAmram-2010LMCS-Ex2.3.bpl_Iteration1_Loop_3-pieceTemplate.smt2 : 1800016 ms.
--------------------------------------------------
QF_NRA/LassoRanker/Ultimate/BenAmram-2010LMCS-Ex2.3.bpl_Iteration1_Loop_4-pieceTemplate.smt2 : 1800588 ms.
--------------------------------------------------
QF_NRA/LassoRanker/Ultimate/Benghazi.bpl_Iteration1_Loop_3-pieceTemplate.smt2 : 1800056 ms.
--------------------------------------------------
unsat
QF_NRA/LassoRanker/Ultimate/Benghazi.bpl_Iteration1_Loop_4-pieceTemplate.smt2 : 184739 ms.
--------------------------------------------------
sat
QF_NRA/LassoRanker/Ultimate/Benghazi.bpl_Iteration1_Loop_6-phaseTemplate.smt2 : 2388 ms.
--------------------------------------------------
unsat
QF_NRA/LassoRanker/Ultimate/Boulder.bpl_Iteration1_Loop_3-pieceTemplate.smt2 : 4314 ms.
--------------------------------------------------
unsat
QF_NRA/LassoRanker/Ultimate/Boulder.bpl_Iteration1_Loop_4-pieceTemplate.smt2 : 113664 ms.
--------------------------------------------------
QF_NRA/LassoRanker/Ultimate/bound-scaled200.bpl_Iteration1_Loop_4-pieceTemplate.smt2 : 1800071 ms.
--------------------------------------------------
QF_NRA/LassoRanker/Ultimate/bound-scaled400.bpl_Iteration1_Loop_3-pieceTemplate.smt2 : 1800018 ms.
--------------------------------------------------
QF_NRA/LassoRanker/Ultimate/bound-scaled400.bpl_Iteration1_Loop_4-pieceTemplate.smt2 : 1800025 ms.
--------------------------------------------------
QF_NRA/LassoRanker/Ultimate/bound-scaled600.bpl_Iteration1_Loop_3-pieceTemplate.smt2 : 1800175 ms.
--------------------------------------------------
QF_NRA/LassoRanker/Ultimate/bound-scaled600.bpl_Iteration1_Loop_4-pieceTemplate.smt2 : 1800044 ms.
--------------------------------------------------
QF_NRA/LassoRanker/Ultimate/BradleyMannaSipma-2005ICALP-Fig1.bpl_Iteration1_Lasso_3-pieceTemplate.smt2 : 1800335 ms.
--------------------------------------------------
QF_NRA/LassoRanker/Ultimate/BradleyMannaSipma-2005ICALP-Fig1.bpl_Iteration1_Lasso_4-pieceTemplate.smt2 : 1800066 ms.
--------------------------------------------------
QF_NRA/LassoRanker/Ultimate/BradleyMannaSipma-2005ICALP-Fig1-deterministic.bpl_Iteration1_Lasso_3-pieceTemplate.smt2 : 1800094 ms.
--------------------------------------------------
QF_NRA/LassoRanker/Ultimate/BradleyMannaSipma-2005ICALP-Fig1-deterministic.bpl_Iteration1_Lasso_4-pieceTemplate.smt2 : 1800023 ms.
--------------------------------------------------
unsat
QF_NRA/LassoRanker/Ultimate/BradleyMannaSipma-2005ICALP-Fig1-deterministic.bpl_Iteration1_Lasso_5-phaseTemplate.smt2 : 576 ms.
--------------------------------------------------
unsat
QF_NRA/LassoRanker/Ultimate/BradleyMannaSipma-2005ICALP-Fig1-deterministic.bpl_Iteration1_Lasso_6-phaseTemplate.smt2 : 4013 ms.
--------------------------------------------------
unsat
QF_NRA/LassoRanker/Ultimate/BradleyMannaSipma-2005ICALP-Fig1-deterministic.bpl_Iteration1_Lasso_7-phaseTemplate.smt2 : 1915 ms.
--------------------------------------------------
QF_NRA/LassoRanker/Ultimate/Braverman-2006CAV-Ex1-int.bpl_Iteration1_Lasso_3-pieceTemplate.smt2 : 1800067 ms.
--------------------------------------------------
QF_NRA/LassoRanker/Ultimate/Braverman-2006CAV-Ex1-int.bpl_Iteration1_Lasso_4-phaseTemplate.smt2 : 1800052 ms.
--------------------------------------------------
unsat
QF_NRA/LassoRanker/Ultimate/Braverman-2006CAV-Ex1-int.bpl_Iteration1_Lasso_4-pieceTemplate.smt2 : 512542 ms.
--------------------------------------------------
QF_NRA/LassoRanker/Ultimate/Braverman-2006CAV-Ex1-int.bpl_Iteration1_Lasso_5-phaseTemplate.smt2 : 1800131 ms.
--------------------------------------------------
QF_NRA/LassoRanker/Ultimate/Braverman-2006CAV-Ex1-int.bpl_Iteration1_Lasso_6-phaseTemplate.smt2 : 1800040 ms.
--------------------------------------------------
QF_NRA/LassoRanker/Ultimate/Braverman-2006CAV-Ex1-int.bpl_Iteration1_Lasso_7-phaseTemplate.smt2 : 1800074 ms.
--------------------------------------------------
QF_NRA/LassoRanker/Ultimate/Braverman-2006CAV-Ex1-int.bpl_Iteration1_Loop_3-pieceTemplate.smt2 : 1800087 ms.
--------------------------------------------------
QF_NRA/LassoRanker/Ultimate/Braverman-2006CAV-Ex1-int.bpl_Iteration1_Loop_4-phaseTemplate.smt2 : 1800042 ms.
--------------------------------------------------
unsat
QF_NRA/LassoRanker/Ultimate/Braverman-2006CAV-Ex1-int.bpl_Iteration1_Loop_4-pieceTemplate.smt2 : 497347 ms.
--------------------------------------------------
QF_NRA/LassoRanker/Ultimate/Braverman-2006CAV-Ex1-int.bpl_Iteration1_Loop_5-phaseTemplate.smt2 : 1800168 ms.
--------------------------------------------------
QF_NRA/LassoRanker/Ultimate/Braverman-2006CAV-Ex1-int.bpl_Iteration1_Loop_6-phaseTemplate.smt2 : 1800058 ms.
--------------------------------------------------
QF_NRA/LassoRanker/Ultimate/Braverman-2006CAV-Ex1-int.bpl_Iteration1_Loop_7-phaseTemplate.smt2 : 1800085 ms.
--------------------------------------------------
unsat
QF_NRA/LassoRanker/Ultimate/Canberra.bpl_Iteration1_Lasso_2-pieceTemplate.smt2 : 5075 ms.
--------------------------------------------------
unsat
QF_NRA/LassoRanker/Ultimate/Canberra.bpl_Iteration1_Lasso_3-pieceTemplate.smt2 : 12308 ms.
--------------------------------------------------
unsat
QF_NRA/LassoRanker/Ultimate/Canberra.bpl_Iteration1_Lasso_4-pieceTemplate.smt2 : 96468 ms.
--------------------------------------------------
unsat
QF_NRA/LassoRanker/Ultimate/Canberra.bpl_Iteration1_Lasso_6-phaseTemplate.smt2 : 4909 ms.
--------------------------------------------------
unsat
QF_NRA/LassoRanker/Ultimate/Canberra.bpl_Iteration1_Lasso_7-phaseTemplate.smt2 : 10261 ms.
--------------------------------------------------
unsat
QF_NRA/LassoRanker/Ultimate/Canberra.bpl_Iteration1_Loop_2-pieceTemplate.smt2 : 5467 ms.
--------------------------------------------------
unsat
QF_NRA/LassoRanker/Ultimate/Canberra.bpl_Iteration1_Loop_3-pieceTemplate.smt2 : 13055 ms.
--------------------------------------------------
unsat
QF_NRA/LassoRanker/Ultimate/Canberra.bpl_Iteration1_Loop_4-pieceTemplate.smt2 : 93010 ms.
--------------------------------------------------
unsat
QF_NRA/LassoRanker/Ultimate/Canberra.bpl_Iteration1_Loop_6-phaseTemplate.smt2 : 5016 ms.
--------------------------------------------------
unsat
QF_NRA/LassoRanker/Ultimate/Canberra.bpl_Iteration1_Loop_7-phaseTemplate.smt2 : 10763 ms.
--------------------------------------------------
QF_NRA/LassoRanker/Ultimate/ChenFlurMukhopadhyay-2012SAS-Fig1.bpl_Iteration1_Loop_3-pieceTemplate.smt2 : 1800091 ms.
--------------------------------------------------
QF_NRA/LassoRanker/Ultimate/ChenFlurMukhopadhyay-2012SAS-Fig1.bpl_Iteration1_Loop_4-pieceTemplate.smt2 : 1800031 ms.
--------------------------------------------------
unsat
QF_NRA/LassoRanker/Ultimate/Collatz.bpl_Iteration1_Lasso_2-lexTemplate.smt2 : 163642 ms.
--------------------------------------------------
unsat
QF_NRA/LassoRanker/Ultimate/Collatz.bpl_Iteration1_Lasso_2-nestedTemplate.smt2 : 94682 ms.
--------------------------------------------------
unsat
QF_NRA/LassoRanker/Ultimate/Collatz.bpl_Iteration1_Lasso_2-phaseTemplate.smt2 : 102029 ms.
--------------------------------------------------
unsat
QF_NRA/LassoRanker/Ultimate/Collatz.bpl_Iteration1_Lasso_2-pieceTemplate.smt2 : 461146 ms.
--------------------------------------------------
unsat
QF_NRA/LassoRanker/Ultimate/Collatz.bpl_Iteration1_Lasso_3-lexTemplate.smt2 : 522113 ms.
--------------------------------------------------
unsat
QF_NRA/LassoRanker/Ultimate/Collatz.bpl_Iteration1_Lasso_3-nestedTemplate.smt2 : 149099 ms.
--------------------------------------------------
unsat
QF_NRA/LassoRanker/Ultimate/Collatz.bpl_Iteration1_Lasso_3-phaseTemplate.smt2 : 150335 ms.
--------------------------------------------------
QF_NRA/LassoRanker/Ultimate/Collatz.bpl_Iteration1_Lasso_3-pieceTemplate.smt2 : 1800038 ms.
--------------------------------------------------
unsat
QF_NRA/LassoRanker/Ultimate/Collatz.bpl_Iteration1_Lasso_4-lexTemplate.smt2 : 941629 ms.
--------------------------------------------------
unsat
QF_NRA/LassoRanker/Ultimate/Collatz.bpl_Iteration1_Lasso_4-nestedTemplate.smt2 : 325879 ms.
--------------------------------------------------
unsat
QF_NRA/LassoRanker/Ultimate/Collatz.bpl_Iteration1_Lasso_4-phaseTemplate.smt2 : 354013 ms.
--------------------------------------------------
unsat
QF_NRA/LassoRanker/Ultimate/Collatz.bpl_Iteration1_Lasso_5-nestedTemplate.smt2 : 495076 ms.
--------------------------------------------------
unsat
QF_NRA/LassoRanker/Ultimate/Collatz.bpl_Iteration1_Lasso_5-phaseTemplate.smt2 : 536526 ms.
--------------------------------------------------
unsat
QF_NRA/LassoRanker/Ultimate/Collatz.bpl_Iteration1_Lasso_6-nestedTemplate.smt2 : 767467 ms.
--------------------------------------------------
QF_NRA/LassoRanker/Ultimate/Collatz.bpl_Iteration1_Lasso_6-phaseTemplate.smt2 : 1800047 ms.
--------------------------------------------------
unsat
QF_NRA/LassoRanker/Ultimate/Collatz.bpl_Iteration1_Lasso_7-nestedTemplate.smt2 : 843372 ms.
--------------------------------------------------
QF_NRA/LassoRanker/Ultimate/Collatz.bpl_Iteration1_Lasso_7-phaseTemplate.smt2 : 1800054 ms.
--------------------------------------------------
unsat
QF_NRA/LassoRanker/Ultimate/Collatz.bpl_Iteration1_Lasso_affineTemplate.smt2 : 48771 ms.
--------------------------------------------------
unsat
QF_NRA/LassoRanker/Ultimate/Collatz.bpl_Iteration1_Loop_2-lexTemplate.smt2 : 213798 ms.
--------------------------------------------------
unsat
QF_NRA/LassoRanker/Ultimate/Collatz.bpl_Iteration1_Loop_2-nestedTemplate.smt2 : 24657 ms.
--------------------------------------------------
unsat
QF_NRA/LassoRanker/Ultimate/Collatz.bpl_Iteration1_Loop_2-phaseTemplate.smt2 : 37541 ms.
--------------------------------------------------
unsat
QF_NRA/LassoRanker/Ultimate/Collatz.bpl_Iteration1_Loop_2-pieceTemplate.smt2 : 668481 ms.
--------------------------------------------------
unsat
QF_NRA/LassoRanker/Ultimate/Collatz.bpl_Iteration1_Loop_3-lexTemplate.smt2 : 177818 ms.
--------------------------------------------------
unsat
QF_NRA/LassoRanker/Ultimate/Collatz.bpl_Iteration1_Loop_3-nestedTemplate.smt2 : 220848 ms.
--------------------------------------------------
unsat
QF_NRA/LassoRanker/Ultimate/Collatz.bpl_Iteration1_Loop_3-phaseTemplate.smt2 : 190344 ms.
--------------------------------------------------
QF_NRA/LassoRanker/Ultimate/Collatz.bpl_Iteration1_Loop_3-pieceTemplate.smt2 : 1800056 ms.
--------------------------------------------------
unsat
QF_NRA/LassoRanker/Ultimate/Collatz.bpl_Iteration1_Loop_4-lexTemplate.smt2 : 868803 ms.
--------------------------------------------------
unsat
QF_NRA/LassoRanker/Ultimate/Collatz.bpl_Iteration1_Loop_4-nestedTemplate.smt2 : 218686 ms.
--------------------------------------------------
unsat
QF_NRA/LassoRanker/Ultimate/Collatz.bpl_Iteration1_Loop_4-phaseTemplate.smt2 : 335468 ms.
--------------------------------------------------
QF_NRA/LassoRanker/Ultimate/Collatz.bpl_Iteration1_Loop_4-pieceTemplate.smt2 : 1800026 ms.
--------------------------------------------------
unsat
QF_NRA/LassoRanker/Ultimate/Collatz.bpl_Iteration1_Loop_5-nestedTemplate.smt2 : 85052 ms.
--------------------------------------------------
unsat
QF_NRA/LassoRanker/Ultimate/Collatz.bpl_Iteration1_Loop_5-phaseTemplate.smt2 : 576541 ms.
--------------------------------------------------
unsat
QF_NRA/LassoRanker/Ultimate/Collatz.bpl_Iteration1_Loop_6-nestedTemplate.smt2 : 704259 ms.
--------------------------------------------------
unsat
QF_NRA/LassoRanker/Ultimate/Collatz.bpl_Iteration1_Loop_6-phaseTemplate.smt2 : 721916 ms.
--------------------------------------------------
unsat
QF_NRA/LassoRanker/Ultimate/Collatz.bpl_Iteration1_Loop_7-nestedTemplate.smt2 : 864220 ms.
--------------------------------------------------
unsat
QF_NRA/LassoRanker/Ultimate/Collatz.bpl_Iteration1_Loop_7-phaseTemplate.smt2 : 583936 ms.
--------------------------------------------------
unsat
QF_NRA/LassoRanker/Ultimate/Collatz.bpl_Iteration1_Loop_affineTemplate.smt2 : 25161 ms.
--------------------------------------------------
QF_NRA/LassoRanker/Ultimate/CookSeeZuleger-2013TACAS-Fig3.bpl_Iteration1_Loop_3-pieceTemplate.smt2 : 1800017 ms.
--------------------------------------------------
unsat
QF_NRA/LassoRanker/Ultimate/CookSeeZuleger-2013TACAS-Fig3.bpl_Iteration1_Loop_4-pieceTemplate.smt2 : 42905 ms.
--------------------------------------------------
unsat
QF_NRA/LassoRanker/Ultimate/CookSeeZuleger-2013TACAS-Fig7a.bpl_Iteration1_Loop_2-pieceTemplate.smt2 : 1715 ms.
--------------------------------------------------
unsat
QF_NRA/LassoRanker/Ultimate/CookSeeZuleger-2013TACAS-Fig7a.bpl_Iteration1_Loop_3-pieceTemplate.smt2 : 45562 ms.
--------------------------------------------------
unsat
QF_NRA/LassoRanker/Ultimate/CookSeeZuleger-2013TACAS-Fig7a.bpl_Iteration1_Loop_4-pieceTemplate.smt2 : 160039 ms.
--------------------------------------------------
unsat
QF_NRA/LassoRanker/Ultimate/CookSeeZuleger-2013TACAS-Fig7b.bpl_Iteration1_Loop_2-pieceTemplate.smt2 : 2528 ms.
--------------------------------------------------
unsat
QF_NRA/LassoRanker/Ultimate/CookSeeZuleger-2013TACAS-Fig7b.bpl_Iteration1_Loop_3-pieceTemplate.smt2 : 65918 ms.
--------------------------------------------------
unsat
QF_NRA/LassoRanker/Ultimate/CookSeeZuleger-2013TACAS-Fig7b.bpl_Iteration1_Loop_4-pieceTemplate.smt2 : 139030 ms.
--------------------------------------------------
sat
QF_NRA/LassoRanker/Ultimate/CopenhagenWithTmp.bpl_Iteration1_Loop_3-pieceTemplate.smt2 : 7485 ms.
--------------------------------------------------
QF_NRA/LassoRanker/Ultimate/CopenhagenWithTmp.bpl_Iteration1_Loop_4-pieceTemplate.smt2 : 1800031 ms.
--------------------------------------------------
QF_NRA/LassoRanker/Ultimate/DecreasingInvariant.bpl_Iteration1_Loop_3-pieceTemplate.smt2 : 1800114 ms.
--------------------------------------------------
unsat
QF_NRA/LassoRanker/Ultimate/DecreasingInvariant.bpl_Iteration1_Loop_4-pieceTemplate.smt2 : 325526 ms.
--------------------------------------------------
QF_NRA/LassoRanker/Ultimate/FourPhase.bpl_Iteration1_Lasso_3-pieceTemplate.smt2 : 1800026 ms.
--------------------------------------------------
QF_NRA/LassoRanker/Ultimate/FourPhase.bpl_Iteration1_Lasso_4-pieceTemplate.smt2 : 1800037 ms.
--------------------------------------------------
QF_NRA/LassoRanker/Ultimate/FourPhase.bpl_Iteration1_Lasso_7-phaseTemplate.smt2 : 1800126 ms.
--------------------------------------------------
QF_NRA/LassoRanker/Ultimate/Garmisch.bpl_Iteration1_Loop_3-pieceTemplate.smt2 : 1800087 ms.
--------------------------------------------------
QF_NRA/LassoRanker/Ultimate/Garmisch.bpl_Iteration1_Loop_4-pieceTemplate.smt2 : 1800032 ms.
--------------------------------------------------
QF_NRA/LassoRanker/Ultimate/Gcd.bpl_Iteration1_Lasso_4-pieceTemplate.smt2 : 1800157 ms.
--------------------------------------------------
QF_NRA/LassoRanker/Ultimate/Gcd_havoc.bpl_Iteration1_Lasso_3-pieceTemplate.smt2 : 1800069 ms.
--------------------------------------------------
QF_NRA/LassoRanker/Ultimate/Gcd_havoc.bpl_Iteration1_Lasso_4-pieceTemplate.smt2 : 1800028 ms.
--------------------------------------------------
QF_NRA/LassoRanker/Ultimate/GcdNew.bpl_Iteration1_Lasso_3-pieceTemplate.smt2 : 1800020 ms.
--------------------------------------------------
QF_NRA/LassoRanker/Ultimate/GcdNew.bpl_Iteration1_Lasso_4-pieceTemplate.smt2 : 1800039 ms.
--------------------------------------------------
QF_NRA/LassoRanker/Ultimate/GcdNew.bpl_Iteration1_Lasso_6-phaseTemplate.smt2 : 1800095 ms.
--------------------------------------------------
QF_NRA/LassoRanker/Ultimate/GcdNew.bpl_Iteration1_Lasso_7-phaseTemplate.smt2 : 1800027 ms.
--------------------------------------------------
unsat
QF_NRA/LassoRanker/Ultimate/Gothenburg.bpl_Iteration1_Lasso_4-pieceTemplate.smt2 : 30577 ms.
--------------------------------------------------
unsat
QF_NRA/LassoRanker/Ultimate/Gulwani.bpl_Iteration1_Lasso_3-pieceTemplate.smt2 : 8645 ms.
--------------------------------------------------
QF_NRA/LassoRanker/Ultimate/Gulwani.bpl_Iteration1_Lasso_4-pieceTemplate.smt2 : 1800228 ms.
--------------------------------------------------
unsat
QF_NRA/LassoRanker/Ultimate/Gulwani.bpl_Iteration1_Lasso_5-phaseTemplate.smt2 : 1053 ms.
--------------------------------------------------
unsat
QF_NRA/LassoRanker/Ultimate/Gulwani.bpl_Iteration1_Lasso_6-phaseTemplate.smt2 : 613 ms.
--------------------------------------------------
unsat
QF_NRA/LassoRanker/Ultimate/Gulwani.bpl_Iteration1_Lasso_7-phaseTemplate.smt2 : 1663 ms.
--------------------------------------------------
unsat
QF_NRA/LassoRanker/Ultimate/IncreasingSI.bpl_Iteration1_Lasso_4-pieceTemplate.smt2 : 14481 ms.
--------------------------------------------------
unsat
QF_NRA/LassoRanker/Ultimate/Khartoum.bpl_Iteration1_Loop_3-pieceTemplate.smt2 : 11634 ms.
--------------------------------------------------
QF_NRA/LassoRanker/Ultimate/Khartoum.bpl_Iteration1_Loop_4-pieceTemplate.smt2 : 1800284 ms.
--------------------------------------------------
unsat
QF_NRA/LassoRanker/Ultimate/Lobnya-Boolean-Reordered.bpl_Iteration1_Lasso_3-pieceTemplate.smt2 : 3321 ms.
--------------------------------------------------
unsat
QF_NRA/LassoRanker/Ultimate/Lobnya-Boolean-Reordered.bpl_Iteration1_Lasso_4-pieceTemplate.smt2 : 26218 ms.
--------------------------------------------------
unsat
QF_NRA/LassoRanker/Ultimate/Lobnya-Boolean-Reordered.bpl_Iteration1_Loop_3-pieceTemplate.smt2 : 21483 ms.
--------------------------------------------------
unsat
QF_NRA/LassoRanker/Ultimate/Lobnya-Boolean-Reordered.bpl_Iteration1_Loop_4-pieceTemplate.smt2 : 17392 ms.
--------------------------------------------------
unsat
QF_NRA/LassoRanker/Ultimate/Lobnya-Boolean-Reordered.bpl_Iteration1_Loop_7-phaseTemplate.smt2 : 2255 ms.
--------------------------------------------------
unsat
QF_NRA/LassoRanker/Ultimate/Madrid.bpl_Iteration1_Lasso_3-pieceTemplate.smt2 : 1935 ms.
--------------------------------------------------
unsat
QF_NRA/LassoRanker/Ultimate/Madrid.bpl_Iteration1_Lasso_4-pieceTemplate.smt2 : 9817 ms.
--------------------------------------------------
QF_NRA/LassoRanker/Ultimate/MenloPark.bpl_Iteration1_Lasso_2-pieceTemplate.smt2 : 1800256 ms.
--------------------------------------------------
QF_NRA/LassoRanker/Ultimate/MenloPark.bpl_Iteration1_Lasso_3-pieceTemplate.smt2 : 1800020 ms.
--------------------------------------------------
QF_NRA/LassoRanker/Ultimate/MenloPark.bpl_Iteration1_Lasso_4-pieceTemplate.smt2 : 1800049 ms.
--------------------------------------------------
QF_NRA/LassoRanker/Ultimate/MultiPhase1.bpl_Iteration1_Lasso_3-pieceTemplate.smt2 : 1800047 ms.
--------------------------------------------------
QF_NRA/LassoRanker/Ultimate/MultiPhase1.bpl_Iteration1_Lasso_4-pieceTemplate.smt2 : 1800017 ms.
--------------------------------------------------
unsat
QF_NRA/LassoRanker/Ultimate/Mysore2.bpl_Iteration1_Loop_3-pieceTemplate.smt2 : 34206 ms.
--------------------------------------------------
unsat
QF_NRA/LassoRanker/Ultimate/Mysore2.bpl_Iteration1_Loop_4-pieceTemplate.smt2 : 70688 ms.
--------------------------------------------------
QF_NRA/LassoRanker/Ultimate/Mysore.bpl_Iteration1_Loop_4-pieceTemplate.smt2 : 1800088 ms.
--------------------------------------------------
QF_NRA/LassoRanker/Ultimate/NonTerminationDifficult.bpl_Iteration1_Lasso_3-pieceTemplate.smt2 : 1800024 ms.
--------------------------------------------------
unsat
QF_NRA/LassoRanker/Ultimate/NonTerminationDifficult.bpl_Iteration1_Lasso_5-phaseTemplate.smt2 : 325 ms.
--------------------------------------------------
unsat
QF_NRA/LassoRanker/Ultimate/NonTerminationDifficult.bpl_Iteration1_Lasso_6-phaseTemplate.smt2 : 1085 ms.
--------------------------------------------------
unsat
QF_NRA/LassoRanker/Ultimate/NonTerminationDifficult.bpl_Iteration1_Lasso_7-phaseTemplate.smt2 : 2128 ms.
--------------------------------------------------
sat
QF_NRA/LassoRanker/Ultimate/NoriSharma-2013FSE-Fig7.bpl_Iteration1_Loop_4-phaseTemplate.smt2 : 1778 ms.
--------------------------------------------------
QF_NRA/LassoRanker/Ultimate/NoriSharma-2013FSE-Fig7.bpl_Iteration1_Loop_4-pieceTemplate.smt2 : 1800411 ms.
--------------------------------------------------
QF_NRA/LassoRanker/Ultimate/NoriSharma-2013FSE-Fig7.bpl_Iteration1_Loop_7-phaseTemplate.smt2 : 1800049 ms.
--------------------------------------------------
unsat
QF_NRA/LassoRanker/Ultimate/Nyala-TwoLex.bpl_Iteration1_Lasso_2-pieceTemplate.smt2 : 910 ms.
--------------------------------------------------
unsat
QF_NRA/LassoRanker/Ultimate/Nyala-TwoLex.bpl_Iteration1_Lasso_4-pieceTemplate.smt2 : 124810 ms.
--------------------------------------------------
unsat
QF_NRA/LassoRanker/Ultimate/Nyala-TwoLex.bpl_Iteration1_Loop_4-pieceTemplate.smt2 : 12410 ms.
--------------------------------------------------
QF_NRA/LassoRanker/Ultimate/OpposedDisjuncts.bpl_Iteration1_Lasso_2-pieceTemplate.smt2 : 1800016 ms.
--------------------------------------------------
QF_NRA/LassoRanker/Ultimate/OpposedDisjuncts.bpl_Iteration1_Lasso_3-pieceTemplate.smt2 : 1800028 ms.
--------------------------------------------------
QF_NRA/LassoRanker/Ultimate/OpposedDisjuncts.bpl_Iteration1_Lasso_4-pieceTemplate.smt2 : 1800052 ms.
--------------------------------------------------
QF_NRA/LassoRanker/Ultimate/OpposedDisjuncts.bpl_Iteration1_Lasso_6-phaseTemplate.smt2 : 1800020 ms.
--------------------------------------------------
QF_NRA/LassoRanker/Ultimate/OpposedDisjuncts.bpl_Iteration1_Lasso_7-phaseTemplate.smt2 : 1800045 ms.
--------------------------------------------------
unsat
QF_NRA/LassoRanker/Ultimate/OpposedDisjuncts.bpl_Iteration1_Loop_2-pieceTemplate.smt2 : 1940 ms.
--------------------------------------------------
QF_NRA/LassoRanker/Ultimate/OpposedDisjuncts.bpl_Iteration1_Loop_3-pieceTemplate.smt2 : 1800029 ms.
--------------------------------------------------
unsat
QF_NRA/LassoRanker/Ultimate/OpposedDisjuncts.bpl_Iteration1_Loop_4-phaseTemplate.smt2 : 770 ms.
--------------------------------------------------
unsat
QF_NRA/LassoRanker/Ultimate/OpposedDisjuncts.bpl_Iteration1_Loop_4-pieceTemplate.smt2 : 57865 ms.
--------------------------------------------------
unsat
QF_NRA/LassoRanker/Ultimate/OpposedDisjuncts.bpl_Iteration1_Loop_5-phaseTemplate.smt2 : 2049 ms.
--------------------------------------------------
unsat
QF_NRA/LassoRanker/Ultimate/OpposedDisjuncts.bpl_Iteration1_Loop_6-phaseTemplate.smt2 : 1658 ms.
--------------------------------------------------
unsat
QF_NRA/LassoRanker/Ultimate/OpposedDisjuncts.bpl_Iteration1_Loop_7-phaseTemplate.smt2 : 6139 ms.
--------------------------------------------------
sat
QF_NRA/LassoRanker/Ultimate/piecewise.bpl_Iteration1_Loop_4-pieceTemplate.smt2 : 295513 ms.
--------------------------------------------------
unsat
QF_NRA/LassoRanker/Ultimate/Rotation02.bpl_Iteration1_Lasso_3-pieceTemplate.smt2 : 1374 ms.
--------------------------------------------------
unsat
QF_NRA/LassoRanker/Ultimate/Rotation02.bpl_Iteration1_Lasso_4-pieceTemplate.smt2 : 755 ms.
--------------------------------------------------
QF_NRA/LassoRanker/Ultimate/SanDiego.bpl_Iteration1_Loop_4-pieceTemplate.smt2 : 1800089 ms.
--------------------------------------------------
unsat
QF_NRA/LassoRanker/Ultimate/SantaBarbara01.bpl_Iteration1_Lasso_2-pieceTemplate.smt2 : 243 ms.
--------------------------------------------------
unsat
QF_NRA/LassoRanker/Ultimate/SantaBarbara01.bpl_Iteration1_Lasso_3-pieceTemplate.smt2 : 300 ms.
--------------------------------------------------
unsat
QF_NRA/LassoRanker/Ultimate/SantaBarbara01.bpl_Iteration1_Lasso_4-pieceTemplate.smt2 : 2232 ms.
--------------------------------------------------
unsat
QF_NRA/LassoRanker/Ultimate/SantaBarbara02.bpl_Iteration1_Lasso_2-pieceTemplate.smt2 : 423 ms.
--------------------------------------------------
unsat
QF_NRA/LassoRanker/Ultimate/SantaBarbara02.bpl_Iteration1_Lasso_3-pieceTemplate.smt2 : 493 ms.
--------------------------------------------------
unsat
QF_NRA/LassoRanker/Ultimate/SantaBarbara02.bpl_Iteration1_Lasso_4-pieceTemplate.smt2 : 3955 ms.
--------------------------------------------------
QF_NRA/LassoRanker/Ultimate/simple-scaled200.bpl_Iteration1_Lasso_2-pieceTemplate.smt2 : 1800034 ms.
--------------------------------------------------
QF_NRA/LassoRanker/Ultimate/simple-scaled200.bpl_Iteration1_Lasso_3-pieceTemplate.smt2 : 1800081 ms.
--------------------------------------------------
sat
QF_NRA/LassoRanker/Ultimate/simple-scaled200.bpl_Iteration1_Lasso_4-phaseTemplate.smt2 : 1197 ms.
--------------------------------------------------
QF_NRA/LassoRanker/Ultimate/simple-scaled200.bpl_Iteration1_Lasso_4-pieceTemplate.smt2 : 1800041 ms.
--------------------------------------------------
sat
QF_NRA/LassoRanker/Ultimate/simple-scaled200.bpl_Iteration1_Lasso_5-phaseTemplate.smt2 : 2933 ms.
--------------------------------------------------
sat
QF_NRA/LassoRanker/Ultimate/simple-scaled200.bpl_Iteration1_Lasso_6-phaseTemplate.smt2 : 2267 ms.
--------------------------------------------------
sat
QF_NRA/LassoRanker/Ultimate/simple-scaled200.bpl_Iteration1_Lasso_7-phaseTemplate.smt2 : 5775 ms.
--------------------------------------------------
sat
QF_NRA/LassoRanker/Ultimate/simple-scaled250.bpl_Iteration1_Lasso_2-pieceTemplate.smt2 : 5109 ms.
--------------------------------------------------
QF_NRA/LassoRanker/Ultimate/simple-scaled250.bpl_Iteration1_Lasso_3-pieceTemplate.smt2 : 1800050 ms.
--------------------------------------------------
sat
QF_NRA/LassoRanker/Ultimate/simple-scaled250.bpl_Iteration1_Lasso_4-lexTemplate.smt2 : 11672 ms.
--------------------------------------------------
sat
QF_NRA/LassoRanker/Ultimate/simple-scaled250.bpl_Iteration1_Lasso_4-phaseTemplate.smt2 : 1848 ms.
--------------------------------------------------
QF_NRA/LassoRanker/Ultimate/simple-scaled250.bpl_Iteration1_Lasso_4-pieceTemplate.smt2 : 1800018 ms.
--------------------------------------------------
sat
QF_NRA/LassoRanker/Ultimate/simple-scaled250.bpl_Iteration1_Lasso_5-phaseTemplate.smt2 : 2974 ms.
--------------------------------------------------
sat
QF_NRA/LassoRanker/Ultimate/simple-scaled250.bpl_Iteration1_Lasso_6-phaseTemplate.smt2 : 2101 ms.
--------------------------------------------------
sat
QF_NRA/LassoRanker/Ultimate/simple-scaled250.bpl_Iteration1_Lasso_7-phaseTemplate.smt2 : 5399 ms.
--------------------------------------------------
unsat
QF_NRA/LassoRanker/Ultimate/SyntaxSupportBooleans3.bpl_Iteration1_Loop_4-pieceTemplate.smt2 : 20381 ms.
--------------------------------------------------
sat
QF_NRA/LassoRanker/Ultimate/SyntaxSupportDisjunction1.bpl_Iteration1_Loop_4-pieceTemplate.smt2 : 612 ms.
