--------------------------------------------------
sat
QF_NRA/20180501-Economics-Mulligan/MulliganEconomicsModel0001a.smt2 : 58 ms.
--------------------------------------------------
sat
QF_NRA/20180501-Economics-Mulligan/MulliganEconomicsModel0001c.smt2 : 95 ms.
--------------------------------------------------
sat
QF_NRA/20180501-Economics-Mulligan/MulliganEconomicsModel0001e.smt2 : 195 ms.
--------------------------------------------------
sat
QF_NRA/20180501-Economics-Mulligan/MulliganEconomicsModel0004a.smt2 : 259 ms.
--------------------------------------------------
unsat
QF_NRA/20180501-Economics-Mulligan/MulliganEconomicsModel0004c.smt2 : 240 ms.
--------------------------------------------------
sat
QF_NRA/20180501-Economics-Mulligan/MulliganEconomicsModel0004e.smt2 : 227 ms.
--------------------------------------------------
sat
QF_NRA/20180501-Economics-Mulligan/MulliganEconomicsModel0006a.smt2 : 183 ms.
--------------------------------------------------
unsat
QF_NRA/20180501-Economics-Mulligan/MulliganEconomicsModel0006c.smt2 : 187 ms.
--------------------------------------------------
sat
QF_NRA/20180501-Economics-Mulligan/MulliganEconomicsModel0006e.smt2 : 180 ms.
--------------------------------------------------
sat
QF_NRA/20180501-Economics-Mulligan/MulliganEconomicsModel0009a.smt2 : 181 ms.
--------------------------------------------------
unsat
QF_NRA/20180501-Economics-Mulligan/MulliganEconomicsModel0009c.smt2 : 176 ms.
--------------------------------------------------
sat
QF_NRA/20180501-Economics-Mulligan/MulliganEconomicsModel0009e.smt2 : 172 ms.
--------------------------------------------------
sat
QF_NRA/20180501-Economics-Mulligan/MulliganEconomicsModel0012a.smt2 : 179 ms.
--------------------------------------------------
unsat
QF_NRA/20180501-Economics-Mulligan/MulliganEconomicsModel0012c.smt2 : 147 ms.
--------------------------------------------------
sat
QF_NRA/20180501-Economics-Mulligan/MulliganEconomicsModel0012e.smt2 : 151 ms.
--------------------------------------------------
sat
QF_NRA/20180501-Economics-Mulligan/MulliganEconomicsModel0013a.smt2 : 142 ms.
--------------------------------------------------
sat
QF_NRA/20180501-Economics-Mulligan/MulliganEconomicsModel0013c.smt2 : 174 ms.
--------------------------------------------------
sat
QF_NRA/20180501-Economics-Mulligan/MulliganEconomicsModel0013e.smt2 : 143 ms.
--------------------------------------------------
sat
QF_NRA/20180501-Economics-Mulligan/MulliganEconomicsModel0015a.smt2 : 137 ms.
--------------------------------------------------
unsat
QF_NRA/20180501-Economics-Mulligan/MulliganEconomicsModel0015c.smt2 : 167 ms.
--------------------------------------------------
sat
QF_NRA/20180501-Economics-Mulligan/MulliganEconomicsModel0015e.smt2 : 134 ms.
--------------------------------------------------
sat
QF_NRA/20180501-Economics-Mulligan/MulliganEconomicsModel0016a.smt2 : 140 ms.
--------------------------------------------------
unsat
QF_NRA/20180501-Economics-Mulligan/MulliganEconomicsModel0016c.smt2 : 128 ms.
--------------------------------------------------
sat
QF_NRA/20180501-Economics-Mulligan/MulliganEconomicsModel0016e.smt2 : 126 ms.
--------------------------------------------------
sat
QF_NRA/20180501-Economics-Mulligan/MulliganEconomicsModel0018a.smt2 : 130 ms.
--------------------------------------------------
unsat
QF_NRA/20180501-Economics-Mulligan/MulliganEconomicsModel0018c.smt2 : 133 ms.
--------------------------------------------------
sat
QF_NRA/20180501-Economics-Mulligan/MulliganEconomicsModel0018e.smt2 : 128 ms.
--------------------------------------------------
sat
QF_NRA/20180501-Economics-Mulligan/MulliganEconomicsModel0021a.smt2 : 160 ms.
--------------------------------------------------
unsat
QF_NRA/20180501-Economics-Mulligan/MulliganEconomicsModel0021c.smt2 : 298 ms.
--------------------------------------------------
sat
QF_NRA/20180501-Economics-Mulligan/MulliganEconomicsModel0021e.smt2 : 267 ms.
--------------------------------------------------
sat
QF_NRA/20180501-Economics-Mulligan/MulliganEconomicsModel0022a.smt2 : 1321 ms.
--------------------------------------------------
unsat
QF_NRA/20180501-Economics-Mulligan/MulliganEconomicsModel0022c.smt2 : 1782 ms.
--------------------------------------------------
sat
QF_NRA/20180501-Economics-Mulligan/MulliganEconomicsModel0022e.smt2 : 231 ms.
--------------------------------------------------
sat
QF_NRA/20180501-Economics-Mulligan/MulliganEconomicsModel0023a.smt2 : 1371 ms.
--------------------------------------------------
unsat
QF_NRA/20180501-Economics-Mulligan/MulliganEconomicsModel0023c.smt2 : 2396 ms.
--------------------------------------------------
sat
QF_NRA/20180501-Economics-Mulligan/MulliganEconomicsModel0023e.smt2 : 491 ms.
--------------------------------------------------
sat
QF_NRA/20180501-Economics-Mulligan/MulliganEconomicsModel0024a.smt2 : 76 ms.
--------------------------------------------------
unknown
unsat
QF_NRA/20180501-Economics-Mulligan/MulliganEconomicsModel0024c.smt2 : 600539 ms.
--------------------------------------------------
sat
QF_NRA/20180501-Economics-Mulligan/MulliganEconomicsModel0024e.smt2 : 56 ms.
--------------------------------------------------
sat
QF_NRA/20180501-Economics-Mulligan/MulliganEconomicsModel0025a.smt2 : 60 ms.
--------------------------------------------------
unsat
QF_NRA/20180501-Economics-Mulligan/MulliganEconomicsModel0025c.smt2 : 34680 ms.
--------------------------------------------------
sat
QF_NRA/20180501-Economics-Mulligan/MulliganEconomicsModel0025e.smt2 : 73 ms.
--------------------------------------------------
sat
QF_NRA/20180501-Economics-Mulligan/MulliganEconomicsModel0026a.smt2 : 11846 ms.
--------------------------------------------------
unsat
QF_NRA/20180501-Economics-Mulligan/MulliganEconomicsModel0026c.smt2 : 8355 ms.
--------------------------------------------------
sat
QF_NRA/20180501-Economics-Mulligan/MulliganEconomicsModel0026e.smt2 : 256 ms.
--------------------------------------------------
sat
QF_NRA/20180501-Economics-Mulligan/MulliganEconomicsModel0027a.smt2 : 62 ms.
--------------------------------------------------
unknown
unknown
unsat
QF_NRA/20180501-Economics-Mulligan/MulliganEconomicsModel0027c.smt2 : 900213 ms.
--------------------------------------------------
sat
QF_NRA/20180501-Economics-Mulligan/MulliganEconomicsModel0027e.smt2 : 35 ms.
--------------------------------------------------
sat
QF_NRA/20180501-Economics-Mulligan/MulliganEconomicsModel0028a.smt2 : 315 ms.
--------------------------------------------------
unsat
QF_NRA/20180501-Economics-Mulligan/MulliganEconomicsModel0028c.smt2 : 778 ms.
--------------------------------------------------
sat
QF_NRA/20180501-Economics-Mulligan/MulliganEconomicsModel0028e.smt2 : 48 ms.
--------------------------------------------------
sat
QF_NRA/20180501-Economics-Mulligan/MulliganEconomicsModel0029a.smt2 : 481430 ms.
--------------------------------------------------
unsat
QF_NRA/20180501-Economics-Mulligan/MulliganEconomicsModel0029c.smt2 : 17770 ms.
--------------------------------------------------
sat
QF_NRA/20180501-Economics-Mulligan/MulliganEconomicsModel0029e.smt2 : 42 ms.
--------------------------------------------------
sat
QF_NRA/20180501-Economics-Mulligan/MulliganEconomicsModel0030a.smt2 : 55 ms.
--------------------------------------------------
unknown
unknown
QF_NRA/20180501-Economics-Mulligan/MulliganEconomicsModel0030c.smt2 : 1800004 ms.
--------------------------------------------------
sat
QF_NRA/20180501-Economics-Mulligan/MulliganEconomicsModel0030e.smt2 : 87 ms.
--------------------------------------------------
sat
QF_NRA/20180501-Economics-Mulligan/MulliganEconomicsModel0051a.smt2 : 771 ms.
--------------------------------------------------
unsat
QF_NRA/20180501-Economics-Mulligan/MulliganEconomicsModel0051c.smt2 : 1306 ms.
--------------------------------------------------
sat
QF_NRA/20180501-Economics-Mulligan/MulliganEconomicsModel0051e.smt2 : 121 ms.
--------------------------------------------------
sat
QF_NRA/20180501-Economics-Mulligan/MulliganEconomicsModel0052a.smt2 : 158 ms.
--------------------------------------------------
unsat
QF_NRA/20180501-Economics-Mulligan/MulliganEconomicsModel0052c.smt2 : 84571 ms.
--------------------------------------------------
unknown
unknown
sat
QF_NRA/20180501-Economics-Mulligan/MulliganEconomicsModel0052e.smt2 : 900134 ms.
--------------------------------------------------
sat
QF_NRA/20180501-Economics-Mulligan/MulliganEconomicsModel0053a.smt2 : 443 ms.
--------------------------------------------------
unsat
QF_NRA/20180501-Economics-Mulligan/MulliganEconomicsModel0053c.smt2 : 439 ms.
--------------------------------------------------
sat
QF_NRA/20180501-Economics-Mulligan/MulliganEconomicsModel0053e.smt2 : 47 ms.
--------------------------------------------------
sat
QF_NRA/20180501-Economics-Mulligan/MulliganEconomicsModel0054a.smt2 : 249 ms.
--------------------------------------------------
unsat
QF_NRA/20180501-Economics-Mulligan/MulliganEconomicsModel0054c.smt2 : 624 ms.
--------------------------------------------------
sat
QF_NRA/20180501-Economics-Mulligan/MulliganEconomicsModel0054e.smt2 : 54 ms.
--------------------------------------------------
QF_NRA/20180501-Economics-Mulligan/MulliganEconomicsModel0055a.smt2 : 1800007 ms.
--------------------------------------------------
unsat
QF_NRA/20180501-Economics-Mulligan/MulliganEconomicsModel0055c.smt2 : 1276 ms.
--------------------------------------------------
sat
QF_NRA/20180501-Economics-Mulligan/MulliganEconomicsModel0055e.smt2 : 97802 ms.
--------------------------------------------------
unknown
unknown
sat
QF_NRA/20180501-Economics-Mulligan/MulliganEconomicsModel0056a.smt2 : 900778 ms.
--------------------------------------------------
unknown
unknown
QF_NRA/20180501-Economics-Mulligan/MulliganEconomicsModel0056c.smt2 : 1800008 ms.
--------------------------------------------------
sat
QF_NRA/20180501-Economics-Mulligan/MulliganEconomicsModel0056e.smt2 : 69 ms.
--------------------------------------------------
sat
QF_NRA/20180501-Economics-Mulligan/MulliganEconomicsModel0057a.smt2 : 172 ms.
--------------------------------------------------
unknown
unknown
QF_NRA/20180501-Economics-Mulligan/MulliganEconomicsModel0057c.smt2 : 1800009 ms.
--------------------------------------------------
QF_NRA/20180501-Economics-Mulligan/MulliganEconomicsModel0057e.smt2 : 1800011 ms.
--------------------------------------------------
sat
QF_NRA/20180501-Economics-Mulligan/MulliganEconomicsModel0061a.smt2 : 37 ms.
--------------------------------------------------
unsat
QF_NRA/20180501-Economics-Mulligan/MulliganEconomicsModel0061c.smt2 : 742 ms.
--------------------------------------------------
sat
QF_NRA/20180501-Economics-Mulligan/MulliganEconomicsModel0061e.smt2 : 34 ms.
--------------------------------------------------
sat
QF_NRA/20180501-Economics-Mulligan/MulliganEconomicsModel0062a.smt2 : 33 ms.
--------------------------------------------------
unsat
QF_NRA/20180501-Economics-Mulligan/MulliganEconomicsModel0062c.smt2 : 405 ms.
--------------------------------------------------
sat
QF_NRA/20180501-Economics-Mulligan/MulliganEconomicsModel0062e.smt2 : 45 ms.
--------------------------------------------------
sat
QF_NRA/20180501-Economics-Mulligan/MulliganEconomicsModel0063a.smt2 : 33 ms.
--------------------------------------------------
unsat
QF_NRA/20180501-Economics-Mulligan/MulliganEconomicsModel0063c.smt2 : 44 ms.
--------------------------------------------------
sat
QF_NRA/20180501-Economics-Mulligan/MulliganEconomicsModel0063e.smt2 : 33 ms.
--------------------------------------------------
sat
QF_NRA/20180501-Economics-Mulligan/MulliganEconomicsModel0064a.smt2 : 40 ms.
--------------------------------------------------
unsat
QF_NRA/20180501-Economics-Mulligan/MulliganEconomicsModel0064c.smt2 : 33937 ms.
--------------------------------------------------
sat
QF_NRA/20180501-Economics-Mulligan/MulliganEconomicsModel0064e.smt2 : 44 ms.
--------------------------------------------------
sat
QF_NRA/20180501-Economics-Mulligan/MulliganEconomicsModel0065a.smt2 : 43 ms.
--------------------------------------------------
unsat
QF_NRA/20180501-Economics-Mulligan/MulliganEconomicsModel0065c.smt2 : 55129 ms.
--------------------------------------------------
sat
QF_NRA/20180501-Economics-Mulligan/MulliganEconomicsModel0065e.smt2 : 51 ms.
--------------------------------------------------
sat
QF_NRA/20180501-Economics-Mulligan/MulliganEconomicsModel0066a.smt2 : 31 ms.
--------------------------------------------------
unsat
QF_NRA/20180501-Economics-Mulligan/MulliganEconomicsModel0066c.smt2 : 30 ms.
--------------------------------------------------
sat
QF_NRA/20180501-Economics-Mulligan/MulliganEconomicsModel0066e.smt2 : 27 ms.
--------------------------------------------------
sat
QF_NRA/20180501-Economics-Mulligan/MulliganEconomicsModel0067a.smt2 : 48 ms.
--------------------------------------------------
QF_NRA/20180501-Economics-Mulligan/MulliganEconomicsModel0067c.smt2 : 1800015 ms.
--------------------------------------------------
sat
QF_NRA/20180501-Economics-Mulligan/MulliganEconomicsModel0067e.smt2 : 54 ms.
--------------------------------------------------
sat
QF_NRA/20180501-Economics-Mulligan/MulliganEconomicsModel0074a.smt2 : 34 ms.
--------------------------------------------------
unsat
QF_NRA/20180501-Economics-Mulligan/MulliganEconomicsModel0074c.smt2 : 34 ms.
--------------------------------------------------
sat
QF_NRA/20180501-Economics-Mulligan/MulliganEconomicsModel0074e.smt2 : 48 ms.
--------------------------------------------------
sat
QF_NRA/20180501-Economics-Mulligan/MulliganEconomicsModel0076a.smt2 : 28 ms.
--------------------------------------------------
unsat
QF_NRA/20180501-Economics-Mulligan/MulliganEconomicsModel0076c.smt2 : 371 ms.
--------------------------------------------------
sat
QF_NRA/20180501-Economics-Mulligan/MulliganEconomicsModel0076e.smt2 : 27 ms.
--------------------------------------------------
sat
QF_NRA/20180501-Economics-Mulligan/MulliganEconomicsModel0077a.smt2 : 25 ms.
--------------------------------------------------
unsat
QF_NRA/20180501-Economics-Mulligan/MulliganEconomicsModel0077c.smt2 : 85 ms.
--------------------------------------------------
sat
QF_NRA/20180501-Economics-Mulligan/MulliganEconomicsModel0077e.smt2 : 25 ms.
--------------------------------------------------
sat
QF_NRA/20180501-Economics-Mulligan/MulliganEconomicsModel0078a.smt2 : 28 ms.
--------------------------------------------------
unsat
QF_NRA/20180501-Economics-Mulligan/MulliganEconomicsModel0078c.smt2 : 28 ms.
--------------------------------------------------
sat
QF_NRA/20180501-Economics-Mulligan/MulliganEconomicsModel0078e.smt2 : 28 ms.
--------------------------------------------------
sat
QF_NRA/20180501-Economics-Mulligan/MulliganEconomicsModel0079a.smt2 : 27 ms.
--------------------------------------------------
sat
QF_NRA/20180501-Economics-Mulligan/MulliganEconomicsModel0079c.smt2 : 28 ms.
--------------------------------------------------
sat
QF_NRA/20180501-Economics-Mulligan/MulliganEconomicsModel0079e.smt2 : 27 ms.
--------------------------------------------------
sat
QF_NRA/20180501-Economics-Mulligan/MulliganEconomicsModel0080a.smt2 : 29 ms.
--------------------------------------------------
unsat
QF_NRA/20180501-Economics-Mulligan/MulliganEconomicsModel0080c.smt2 : 36 ms.
--------------------------------------------------
sat
QF_NRA/20180501-Economics-Mulligan/MulliganEconomicsModel0080e.smt2 : 29 ms.
--------------------------------------------------
sat
QF_NRA/20180501-Economics-Mulligan/MulliganEconomicsModel0082a.smt2 : 30 ms.
--------------------------------------------------
unsat
QF_NRA/20180501-Economics-Mulligan/MulliganEconomicsModel0082c.smt2 : 50 ms.
--------------------------------------------------
sat
QF_NRA/20180501-Economics-Mulligan/MulliganEconomicsModel0082e.smt2 : 29 ms.
--------------------------------------------------
sat
QF_NRA/20180501-Economics-Mulligan/MulliganEconomicsModel0083a.smt2 : 28 ms.
--------------------------------------------------
unsat
QF_NRA/20180501-Economics-Mulligan/MulliganEconomicsModel0083c.smt2 : 50 ms.
--------------------------------------------------
sat
QF_NRA/20180501-Economics-Mulligan/MulliganEconomicsModel0083e.smt2 : 31 ms.
--------------------------------------------------
sat
QF_NRA/20180501-Economics-Mulligan/MulliganEconomicsModel0084a.smt2 : 3279 ms.
--------------------------------------------------
unknown
unknown
unsat
QF_NRA/20180501-Economics-Mulligan/MulliganEconomicsModel0084c.smt2 : 900670 ms.
--------------------------------------------------
sat
QF_NRA/20180501-Economics-Mulligan/MulliganEconomicsModel0084e.smt2 : 53 ms.
--------------------------------------------------
sat
QF_NRA/20180501-Economics-Mulligan/MulliganEconomicsModel0085a.smt2 : 34 ms.
--------------------------------------------------
unsat
QF_NRA/20180501-Economics-Mulligan/MulliganEconomicsModel0085c.smt2 : 45 ms.
--------------------------------------------------
sat
QF_NRA/20180501-Economics-Mulligan/MulliganEconomicsModel0085e.smt2 : 36 ms.
--------------------------------------------------
sat
QF_NRA/20180501-Economics-Mulligan/MulliganEconomicsModel0086a.smt2 : 265 ms.
--------------------------------------------------
unsat
QF_NRA/20180501-Economics-Mulligan/MulliganEconomicsModel0086c.smt2 : 3116 ms.
--------------------------------------------------
sat
QF_NRA/20180501-Economics-Mulligan/MulliganEconomicsModel0086e.smt2 : 262 ms.
--------------------------------------------------
QF_NRA/20180501-Economics-Mulligan/MulliganEconomicsModel1001a.smt2 : 1800008 ms.
--------------------------------------------------
unknown
unknown
QF_NRA/20180501-Economics-Mulligan/MulliganEconomicsModel1001c.smt2 : 1800008 ms.
--------------------------------------------------
sat
QF_NRA/20180501-Economics-Mulligan/MulliganEconomicsModel1001e.smt2 : 12225 ms.
