--------------------------------------------------
unsat
QF_NRA/LassoRanker/SV-COMP/TelAviv-Amir-Minimum_true-termination.c_Iteration1_Lasso_3-lexTemplate.smt2 : 165320 ms.
--------------------------------------------------
unknown
unknown
QF_NRA/LassoRanker/SV-COMP/TelAviv-Amir-Minimum_true-termination.c_Iteration1_Lasso_3-pieceTemplate.smt2 : 1800007 ms.
--------------------------------------------------
unsat
QF_NRA/LassoRanker/SV-COMP/TelAviv-Amir-Minimum_true-termination.c_Iteration1_Lasso_4-lexTemplate.smt2 : 272594 ms.
--------------------------------------------------
unknown
unknown
QF_NRA/LassoRanker/SV-COMP/TelAviv-Amir-Minimum_true-termination.c_Iteration1_Lasso_4-pieceTemplate.smt2 : 1800006 ms.
--------------------------------------------------
unsat
QF_NRA/LassoRanker/SV-COMP/TelAviv-Amir-Minimum_true-termination.c_Iteration1_Lasso_7-phaseTemplate.smt2 : 29325 ms.
--------------------------------------------------
sat
QF_NRA/LassoRanker/SV-COMP/TelAviv-Amir-Minimum_true-termination.c_Iteration1_Loop_2-pieceTemplate.smt2 : 210359 ms.
--------------------------------------------------
unsat
QF_NRA/LassoRanker/SV-COMP/TelAviv-Amir-Minimum_true-termination.c_Iteration1_Loop_3-lexTemplate.smt2 : 123444 ms.
--------------------------------------------------
unknown
QF_NRA/LassoRanker/SV-COMP/TelAviv-Amir-Minimum_true-termination.c_Iteration1_Loop_3-pieceTemplate.smt2 : 1800013 ms.
--------------------------------------------------
unsat
QF_NRA/LassoRanker/SV-COMP/TelAviv-Amir-Minimum_true-termination.c_Iteration1_Loop_4-lexTemplate.smt2 : 237651 ms.
--------------------------------------------------
QF_NRA/LassoRanker/SV-COMP/TelAviv-Amir-Minimum_true-termination.c_Iteration1_Loop_4-pieceTemplate.smt2 : 1800009 ms.
--------------------------------------------------
unsat
QF_NRA/LassoRanker/SV-COMP/TelAviv-Amir-Minimum_true-termination.c_Iteration1_Loop_7-phaseTemplate.smt2 : 17878 ms.
--------------------------------------------------
unsat
QF_NRA/LassoRanker/SV-COMP/Toulouse-BranchesToLoop_true-termination.c_Iteration1_Lasso_2-pieceTemplate.smt2 : 129 ms.
--------------------------------------------------
unsat
QF_NRA/LassoRanker/SV-COMP/Toulouse-BranchesToLoop_true-termination.c_Iteration1_Lasso_3-pieceTemplate.smt2 : 328 ms.
--------------------------------------------------
unsat
QF_NRA/LassoRanker/SV-COMP/Toulouse-BranchesToLoop_true-termination.c_Iteration1_Lasso_4-pieceTemplate.smt2 : 737 ms.
--------------------------------------------------
unsat
QF_NRA/LassoRanker/SV-COMP/Urban_true-termination.c_Iteration1_Loop_affineTemplate.smt2 : 388807 ms.
