--------------------------------------------------
sat
QF_NRA/zankl/gen-03.smt2 : 236 ms.
--------------------------------------------------
sat
QF_NRA/zankl/gen-04.smt2 : 223 ms.
--------------------------------------------------
sat
QF_NRA/zankl/gen-05.smt2 : 207 ms.
--------------------------------------------------
sat
QF_NRA/zankl/gen-06.smt2 : 211 ms.
--------------------------------------------------
sat
QF_NRA/zankl/gen-07.smt2 : 202 ms.
--------------------------------------------------
sat
QF_NRA/zankl/gen-08.smt2 : 186 ms.
--------------------------------------------------
sat
QF_NRA/zankl/gen-09.smt2 : 260 ms.
--------------------------------------------------
sat
QF_NRA/zankl/gen-10.smt2 : 172 ms.
--------------------------------------------------
unsat
QF_NRA/zankl/gen-13.smt2 : 164 ms.
--------------------------------------------------
unsat
QF_NRA/zankl/gen-14.smt2 : 148 ms.
--------------------------------------------------
unsat
QF_NRA/zankl/gen-15.smt2 : 141 ms.
--------------------------------------------------
sat
QF_NRA/zankl/gen-16.smt2 : 162 ms.
--------------------------------------------------
unsat
QF_NRA/zankl/gen-17.smt2 : 154 ms.
--------------------------------------------------
sat
QF_NRA/zankl/gen-18.smt2 : 141 ms.
--------------------------------------------------
sat
QF_NRA/zankl/gen-19.smt2 : 130 ms.
--------------------------------------------------
sat
QF_NRA/zankl/matrix-1-all-01.smt2 : 217 ms.
--------------------------------------------------
sat
QF_NRA/zankl/matrix-1-all-10.smt2 : 992 ms.
--------------------------------------------------
sat
QF_NRA/zankl/matrix-1-all-11.smt2 : 187 ms.
--------------------------------------------------
sat
QF_NRA/zankl/matrix-1-all-12.smt2 : 467 ms.
--------------------------------------------------
sat
QF_NRA/zankl/matrix-1-all-13.smt2 : 768 ms.
--------------------------------------------------
sat
QF_NRA/zankl/matrix-1-all-14.smt2 : 168 ms.
--------------------------------------------------
sat
QF_NRA/zankl/matrix-1-all-15.smt2 : 162 ms.
--------------------------------------------------
sat
QF_NRA/zankl/matrix-1-all-16.smt2 : 1104 ms.
--------------------------------------------------
sat
QF_NRA/zankl/matrix-1-all-17.smt2 : 973 ms.
--------------------------------------------------
sat
QF_NRA/zankl/matrix-1-all-18.smt2 : 91 ms.
--------------------------------------------------
sat
QF_NRA/zankl/matrix-1-all-19.smt2 : 254 ms.
--------------------------------------------------
sat
QF_NRA/zankl/matrix-1-all-20.smt2 : 257 ms.
--------------------------------------------------
sat
QF_NRA/zankl/matrix-1-all-21.smt2 : 40179 ms.
--------------------------------------------------
sat
QF_NRA/zankl/matrix-1-all-22.smt2 : 64 ms.
--------------------------------------------------
sat
QF_NRA/zankl/matrix-1-all-23.smt2 : 725 ms.
--------------------------------------------------
sat
QF_NRA/zankl/matrix-1-all-24.smt2 : 47 ms.
--------------------------------------------------
sat
QF_NRA/zankl/matrix-1-all-25.smt2 : 208 ms.
--------------------------------------------------
sat
QF_NRA/zankl/matrix-1-all-26.smt2 : 112 ms.
--------------------------------------------------
sat
QF_NRA/zankl/matrix-1-all-27.smt2 : 422 ms.
--------------------------------------------------
sat
QF_NRA/zankl/matrix-1-all-28.smt2 : 1053 ms.
--------------------------------------------------
sat
QF_NRA/zankl/matrix-1-all-29.smt2 : 112 ms.
--------------------------------------------------
sat
QF_NRA/zankl/matrix-1-all-2.smt2 : 63 ms.
--------------------------------------------------
sat
QF_NRA/zankl/matrix-1-all-30.smt2 : 101 ms.
--------------------------------------------------
sat
QF_NRA/zankl/matrix-1-all-31.smt2 : 137 ms.
--------------------------------------------------
sat
QF_NRA/zankl/matrix-1-all-32.smt2 : 76 ms.
--------------------------------------------------
sat
QF_NRA/zankl/matrix-1-all-33.smt2 : 51 ms.
--------------------------------------------------
sat
QF_NRA/zankl/matrix-1-all-34.smt2 : 72 ms.
--------------------------------------------------
sat
QF_NRA/zankl/matrix-1-all-35.smt2 : 105 ms.
--------------------------------------------------
sat
QF_NRA/zankl/matrix-1-all-36.smt2 : 73 ms.
--------------------------------------------------
sat
QF_NRA/zankl/matrix-1-all-37.smt2 : 204 ms.
--------------------------------------------------
unknown
unknown
QF_NRA/zankl/matrix-1-all-38.smt2 : 1800004 ms.
--------------------------------------------------
sat
QF_NRA/zankl/matrix-1-all-39.smt2 : 109 ms.
--------------------------------------------------
sat
QF_NRA/zankl/matrix-1-all-3.smt2 : 113 ms.
--------------------------------------------------
sat
QF_NRA/zankl/matrix-1-all-40.smt2 : 511 ms.
--------------------------------------------------
sat
QF_NRA/zankl/matrix-1-all-41.smt2 : 151 ms.
--------------------------------------------------
unsat
QF_NRA/zankl/matrix-1-all-42.smt2 : 820 ms.
--------------------------------------------------
unsat
QF_NRA/zankl/matrix-1-all-43.smt2 : 26 ms.
--------------------------------------------------
unsat
QF_NRA/zankl/matrix-1-all-44.smt2 : 213 ms.
--------------------------------------------------
unsat
QF_NRA/zankl/matrix-1-all-45.smt2 : 441 ms.
--------------------------------------------------
unsat
QF_NRA/zankl/matrix-1-all-46.smt2 : 65037 ms.
--------------------------------------------------
unsat
QF_NRA/zankl/matrix-1-all-47.smt2 : 108 ms.
--------------------------------------------------
unsat
QF_NRA/zankl/matrix-1-all-48.smt2 : 51 ms.
--------------------------------------------------
unsat
QF_NRA/zankl/matrix-1-all-49.smt2 : 130 ms.
--------------------------------------------------
sat
QF_NRA/zankl/matrix-1-all-4.smt2 : 164 ms.
--------------------------------------------------
unsat
QF_NRA/zankl/matrix-1-all-50.smt2 : 106 ms.
--------------------------------------------------
unsat
QF_NRA/zankl/matrix-1-all-52.smt2 : 22 ms.
--------------------------------------------------
unsat
QF_NRA/zankl/matrix-1-all-54.smt2 : 25 ms.
--------------------------------------------------
unsat
QF_NRA/zankl/matrix-1-all-56.smt2 : 27 ms.
--------------------------------------------------
sat
QF_NRA/zankl/matrix-1-all-5.smt2 : 212 ms.
--------------------------------------------------
sat
QF_NRA/zankl/matrix-1-all-6.smt2 : 291 ms.
--------------------------------------------------
sat
QF_NRA/zankl/matrix-1-all-7.smt2 : 113 ms.
--------------------------------------------------
sat
QF_NRA/zankl/matrix-1-all-8.smt2 : 1808 ms.
--------------------------------------------------
sat
QF_NRA/zankl/matrix-1-all-9.smt2 : 180 ms.
--------------------------------------------------
QF_NRA/zankl/matrix-2-all-01.smt2 : 1800015 ms.
--------------------------------------------------
unknown
unknown
QF_NRA/zankl/matrix-2-all-10.smt2 : 1800008 ms.
--------------------------------------------------
unknown
unknown
QF_NRA/zankl/matrix-2-all-11.smt2 : 1800007 ms.
--------------------------------------------------
unknown
unknown
QF_NRA/zankl/matrix-2-all-12.smt2 : 1800006 ms.
--------------------------------------------------
QF_NRA/zankl/matrix-2-all-13.smt2 : 1800006 ms.
--------------------------------------------------
unsat
QF_NRA/zankl/matrix-2-all-14.smt2 : 72 ms.
--------------------------------------------------
unknown
QF_NRA/zankl/matrix-2-all-15.smt2 : 1800007 ms.
--------------------------------------------------
unknown
unknown
QF_NRA/zankl/matrix-2-all-16.smt2 : 1800011 ms.
--------------------------------------------------
unknown
unknown
QF_NRA/zankl/matrix-2-all-17.smt2 : 1800011 ms.
--------------------------------------------------
unknown
unknown
QF_NRA/zankl/matrix-2-all-18.smt2 : 1800010 ms.
--------------------------------------------------
QF_NRA/zankl/matrix-2-all-19.smt2 : 1800011 ms.
--------------------------------------------------
unknown
unsat
QF_NRA/zankl/matrix-2-all-20.smt2 : 609694 ms.
--------------------------------------------------
unknown
unknown
QF_NRA/zankl/matrix-2-all-21.smt2 : 1800019 ms.
--------------------------------------------------
unsat
QF_NRA/zankl/matrix-2-all-23.smt2 : 46 ms.
--------------------------------------------------
unsat
QF_NRA/zankl/matrix-2-all-25.smt2 : 117 ms.
--------------------------------------------------
unsat
QF_NRA/zankl/matrix-2-all-27.smt2 : 103 ms.
--------------------------------------------------
sat
QF_NRA/zankl/matrix-2-all-2.smt2 : 391823 ms.
--------------------------------------------------
sat
QF_NRA/zankl/matrix-2-all-3.smt2 : 157796 ms.
--------------------------------------------------
sat
QF_NRA/zankl/matrix-2-all-4.smt2 : 569 ms.
--------------------------------------------------
unknown
unknown
QF_NRA/zankl/matrix-2-all-5.smt2 : 1800013 ms.
--------------------------------------------------
sat
QF_NRA/zankl/matrix-2-all-6.smt2 : 99 ms.
--------------------------------------------------
unknown
unknown
QF_NRA/zankl/matrix-2-all-7.smt2 : 1800011 ms.
--------------------------------------------------
QF_NRA/zankl/matrix-2-all-8.smt2 : 1800011 ms.
--------------------------------------------------
unknown
QF_NRA/zankl/matrix-2-all-9.smt2 : 1800017 ms.
--------------------------------------------------
unknown
unknown
QF_NRA/zankl/matrix-3-all-01.smt2 : 1800014 ms.
--------------------------------------------------
unsat
QF_NRA/zankl/matrix-3-all-10.smt2 : 245 ms.
--------------------------------------------------
QF_NRA/zankl/matrix-3-all-11.smt2 : 1800006 ms.
--------------------------------------------------
unknown
unknown
QF_NRA/zankl/matrix-3-all-12.smt2 : 1800012 ms.
--------------------------------------------------
unknown
unknown
QF_NRA/zankl/matrix-3-all-13.smt2 : 1800013 ms.
--------------------------------------------------
QF_NRA/zankl/matrix-3-all-14.smt2 : 1800012 ms.
--------------------------------------------------
QF_NRA/zankl/matrix-3-all-15.smt2 : 1800012 ms.
--------------------------------------------------
QF_NRA/zankl/matrix-3-all-16.smt2 : 1800014 ms.
--------------------------------------------------
unknown
unknown
QF_NRA/zankl/matrix-3-all-17.smt2 : 1800009 ms.
--------------------------------------------------
unsat
QF_NRA/zankl/matrix-3-all-19.smt2 : 92 ms.
--------------------------------------------------
unsat
QF_NRA/zankl/matrix-3-all-21.smt2 : 819 ms.
--------------------------------------------------
unsat
QF_NRA/zankl/matrix-3-all-23.smt2 : 935 ms.
--------------------------------------------------
unknown
unknown
QF_NRA/zankl/matrix-3-all-2.smt2 : 1800008 ms.
--------------------------------------------------
unknown
unknown
QF_NRA/zankl/matrix-3-all-3.smt2 : 1800008 ms.
--------------------------------------------------
QF_NRA/zankl/matrix-3-all-4.smt2 : 1800009 ms.
--------------------------------------------------
QF_NRA/zankl/matrix-3-all-5.smt2 : 1800016 ms.
--------------------------------------------------
QF_NRA/zankl/matrix-3-all-6.smt2 : 1800007 ms.
--------------------------------------------------
unknown
unknown
sat
QF_NRA/zankl/matrix-3-all-7.smt2 : 901790 ms.
--------------------------------------------------
unknown
unknown
QF_NRA/zankl/matrix-3-all-8.smt2 : 1800011 ms.
--------------------------------------------------
unknown
unknown
QF_NRA/zankl/matrix-3-all-9.smt2 : 1800020 ms.
--------------------------------------------------
unknown
unknown
QF_NRA/zankl/matrix-4-all-01.smt2 : 1800011 ms.
--------------------------------------------------
unknown
unknown
QF_NRA/zankl/matrix-4-all-10.smt2 : 1800019 ms.
--------------------------------------------------
unknown
unknown
QF_NRA/zankl/matrix-4-all-11.smt2 : 1800020 ms.
--------------------------------------------------
QF_NRA/zankl/matrix-4-all-12.smt2 : 1800005 ms.
--------------------------------------------------
QF_NRA/zankl/matrix-4-all-13.smt2 : 1800006 ms.
--------------------------------------------------
QF_NRA/zankl/matrix-4-all-14.smt2 : 1800009 ms.
--------------------------------------------------
unknown
unknown
QF_NRA/zankl/matrix-4-all-15.smt2 : 1800010 ms.
--------------------------------------------------
unknown
unknown
QF_NRA/zankl/matrix-4-all-16.smt2 : 1800013 ms.
--------------------------------------------------
unknown
unknown
QF_NRA/zankl/matrix-4-all-17.smt2 : 1800015 ms.
--------------------------------------------------
unknown
unknown
QF_NRA/zankl/matrix-4-all-18.smt2 : 1800005 ms.
--------------------------------------------------
unknown
unknown
QF_NRA/zankl/matrix-4-all-19.smt2 : 1800006 ms.
--------------------------------------------------
unsat
QF_NRA/zankl/matrix-4-all-20.smt2 : 999 ms.
--------------------------------------------------
unknown
unknown
QF_NRA/zankl/matrix-4-all-21.smt2 : 1800011 ms.
--------------------------------------------------
unknown
unknown
QF_NRA/zankl/matrix-4-all-22.smt2 : 1800006 ms.
--------------------------------------------------
unknown
unknown
QF_NRA/zankl/matrix-4-all-23.smt2 : 1800005 ms.
--------------------------------------------------
unknown
unknown
QF_NRA/zankl/matrix-4-all-24.smt2 : 1800006 ms.
--------------------------------------------------
unknown
unknown
QF_NRA/zankl/matrix-4-all-25.smt2 : 1800004 ms.
--------------------------------------------------
unknown
unsat
QF_NRA/zankl/matrix-4-all-26.smt2 : 736322 ms.
--------------------------------------------------
unknown
unknown
QF_NRA/zankl/matrix-4-all-27.smt2 : 1800005 ms.
--------------------------------------------------
unsat
QF_NRA/zankl/matrix-4-all-29.smt2 : 218 ms.
--------------------------------------------------
QF_NRA/zankl/matrix-4-all-2.smt2 : 1800006 ms.
--------------------------------------------------
unsat
QF_NRA/zankl/matrix-4-all-31.smt2 : 23280 ms.
--------------------------------------------------
unsat
QF_NRA/zankl/matrix-4-all-33.smt2 : 7885 ms.
--------------------------------------------------
unknown
unknown
QF_NRA/zankl/matrix-4-all-3.smt2 : 1800005 ms.
--------------------------------------------------
unknown
unknown
QF_NRA/zankl/matrix-4-all-4.smt2 : 1800006 ms.
--------------------------------------------------
unknown
unknown
QF_NRA/zankl/matrix-4-all-5.smt2 : 1800004 ms.
--------------------------------------------------
unknown
unknown
QF_NRA/zankl/matrix-4-all-6.smt2 : 1800011 ms.
--------------------------------------------------
unknown
unknown
QF_NRA/zankl/matrix-4-all-7.smt2 : 1800022 ms.
--------------------------------------------------
unknown
unknown
QF_NRA/zankl/matrix-4-all-8.smt2 : 1800014 ms.
--------------------------------------------------
sat
QF_NRA/zankl/matrix-4-all-9.smt2 : 2058 ms.
--------------------------------------------------
QF_NRA/zankl/matrix-5-all-01.smt2 : 1800010 ms.
--------------------------------------------------
unknown
unknown
QF_NRA/zankl/matrix-5-all-10.smt2 : 1800015 ms.
--------------------------------------------------
unknown
unknown
QF_NRA/zankl/matrix-5-all-11.smt2 : 1800009 ms.
--------------------------------------------------
unknown
unknown
QF_NRA/zankl/matrix-5-all-12.smt2 : 1800010 ms.
--------------------------------------------------
unknown
unknown
QF_NRA/zankl/matrix-5-all-13.smt2 : 1800017 ms.
--------------------------------------------------
unsat
QF_NRA/zankl/matrix-5-all-14.smt2 : 5430 ms.
--------------------------------------------------
unknown
unknown
QF_NRA/zankl/matrix-5-all-15.smt2 : 1800011 ms.
--------------------------------------------------
unknown
unknown
QF_NRA/zankl/matrix-5-all-16.smt2 : 1800014 ms.
--------------------------------------------------
unknown
unknown
QF_NRA/zankl/matrix-5-all-17.smt2 : 1800014 ms.
--------------------------------------------------
unknown
unknown
QF_NRA/zankl/matrix-5-all-18.smt2 : 1800013 ms.
--------------------------------------------------
unknown
unknown
QF_NRA/zankl/matrix-5-all-19.smt2 : 1800013 ms.
--------------------------------------------------
unknown
QF_NRA/zankl/matrix-5-all-20.smt2 : 1800011 ms.
--------------------------------------------------
unknown
unknown
QF_NRA/zankl/matrix-5-all-21.smt2 : 1800008 ms.
--------------------------------------------------
unsat
QF_NRA/zankl/matrix-5-all-23.smt2 : 497 ms.
--------------------------------------------------
unknown
unsat
QF_NRA/zankl/matrix-5-all-25.smt2 : 655532 ms.
--------------------------------------------------
unsat
QF_NRA/zankl/matrix-5-all-27.smt2 : 106787 ms.
--------------------------------------------------
unknown
unknown
QF_NRA/zankl/matrix-5-all-2.smt2 : 1800012 ms.
--------------------------------------------------
unknown
QF_NRA/zankl/matrix-5-all-3.smt2 : 1800012 ms.
--------------------------------------------------
unknown
unknown
QF_NRA/zankl/matrix-5-all-4.smt2 : 1800007 ms.
--------------------------------------------------
unknown
unknown
QF_NRA/zankl/matrix-5-all-5.smt2 : 1800005 ms.
--------------------------------------------------
unknown
unknown
sat
QF_NRA/zankl/matrix-5-all-6.smt2 : 1108310 ms.
--------------------------------------------------
unknown
unknown
QF_NRA/zankl/matrix-5-all-7.smt2 : 1800005 ms.
--------------------------------------------------
QF_NRA/zankl/matrix-5-all-8.smt2 : 1800006 ms.
--------------------------------------------------
QF_NRA/zankl/matrix-5-all-9.smt2 : 1800005 ms.
