--------------------------------------------------
unsat
QF_NRA/hycomp/ball_count_1d_plain.05.redlog_global_0.smt2 : 109 ms.
--------------------------------------------------
unknown
unknown
QF_NRA/hycomp/ball_count_1d_plain.05.redlog_global_10.smt2 : 1800006 ms.
--------------------------------------------------
unsat
QF_NRA/hycomp/ball_count_1d_plain.05.redlog_global_11.smt2 : 140 ms.
--------------------------------------------------
unknown
unknown
QF_NRA/hycomp/ball_count_1d_plain.05.redlog_global_12.smt2 : 1800010 ms.
--------------------------------------------------
unsat
QF_NRA/hycomp/ball_count_1d_plain.05.redlog_global_13.smt2 : 110 ms.
--------------------------------------------------
unknown
unknown
QF_NRA/hycomp/ball_count_1d_plain.05.redlog_global_14.smt2 : 1800006 ms.
--------------------------------------------------
unsat
QF_NRA/hycomp/ball_count_1d_plain.05.redlog_global_15.smt2 : 123 ms.
--------------------------------------------------
unsat
QF_NRA/hycomp/ball_count_1d_plain.05.redlog_global_1.smt2 : 24 ms.
--------------------------------------------------
unsat
QF_NRA/hycomp/ball_count_1d_plain.05.redlog_global_2.smt2 : 31 ms.
--------------------------------------------------
unsat
QF_NRA/hycomp/ball_count_1d_plain.05.redlog_global_3.smt2 : 37 ms.
--------------------------------------------------
unsat
QF_NRA/hycomp/ball_count_1d_plain.05.redlog_global_4.smt2 : 45 ms.
--------------------------------------------------
unsat
QF_NRA/hycomp/ball_count_1d_plain.05.redlog_global_5.smt2 : 51 ms.
--------------------------------------------------
unsat
QF_NRA/hycomp/ball_count_1d_plain.05.redlog_global_6.smt2 : 59 ms.
--------------------------------------------------
unsat
QF_NRA/hycomp/ball_count_1d_plain.05.redlog_global_7.smt2 : 62 ms.
--------------------------------------------------
unsat
QF_NRA/hycomp/ball_count_1d_plain.05.redlog_global_8.smt2 : 68 ms.
--------------------------------------------------
unsat
QF_NRA/hycomp/ball_count_1d_plain.05.redlog_global_9.smt2 : 77 ms.
--------------------------------------------------
unsat
QF_NRA/hycomp/ball_count_1d_plain.05.seq_lazy_global_0.smt2 : 21 ms.
--------------------------------------------------
unsat
QF_NRA/hycomp/ball_count_1d_plain.05.seq_lazy_global_10.smt2 : 247 ms.
--------------------------------------------------
unsat
QF_NRA/hycomp/ball_count_1d_plain.05.seq_lazy_global_11.smt2 : 77 ms.
--------------------------------------------------
unsat
QF_NRA/hycomp/ball_count_1d_plain.05.seq_lazy_global_12.smt2 : 780 ms.
--------------------------------------------------
unsat
QF_NRA/hycomp/ball_count_1d_plain.05.seq_lazy_global_13.smt2 : 102 ms.
--------------------------------------------------
unsat
QF_NRA/hycomp/ball_count_1d_plain.05.seq_lazy_global_14.smt2 : 2863 ms.
--------------------------------------------------
unsat
QF_NRA/hycomp/ball_count_1d_plain.05.seq_lazy_global_15.smt2 : 109 ms.
--------------------------------------------------
unsat
QF_NRA/hycomp/ball_count_1d_plain.05.seq_lazy_global_1.smt2 : 27 ms.
--------------------------------------------------
unsat
QF_NRA/hycomp/ball_count_1d_plain.05.seq_lazy_global_2.smt2 : 28 ms.
--------------------------------------------------
unsat
QF_NRA/hycomp/ball_count_1d_plain.05.seq_lazy_global_3.smt2 : 35 ms.
--------------------------------------------------
unsat
QF_NRA/hycomp/ball_count_1d_plain.05.seq_lazy_global_4.smt2 : 40 ms.
--------------------------------------------------
unsat
QF_NRA/hycomp/ball_count_1d_plain.05.seq_lazy_global_5.smt2 : 45 ms.
--------------------------------------------------
unsat
QF_NRA/hycomp/ball_count_1d_plain.05.seq_lazy_global_6.smt2 : 52 ms.
--------------------------------------------------
unsat
QF_NRA/hycomp/ball_count_1d_plain.05.seq_lazy_global_7.smt2 : 56 ms.
--------------------------------------------------
unsat
QF_NRA/hycomp/ball_count_1d_plain.05.seq_lazy_global_8.smt2 : 62 ms.
--------------------------------------------------
unsat
QF_NRA/hycomp/ball_count_1d_plain.05.seq_lazy_global_9.smt2 : 67 ms.
--------------------------------------------------
unsat
QF_NRA/hycomp/ball_count_1d_plain.05.seq_lazy_lemmas_global_0.smt2 : 18 ms.
--------------------------------------------------
unsat
QF_NRA/hycomp/ball_count_1d_plain.05.seq_lazy_lemmas_global_10.smt2 : 221 ms.
--------------------------------------------------
unsat
QF_NRA/hycomp/ball_count_1d_plain.05.seq_lazy_lemmas_global_11.smt2 : 100 ms.
--------------------------------------------------
unsat
QF_NRA/hycomp/ball_count_1d_plain.05.seq_lazy_lemmas_global_12.smt2 : 1995 ms.
--------------------------------------------------
unsat
QF_NRA/hycomp/ball_count_1d_plain.05.seq_lazy_lemmas_global_13.smt2 : 104 ms.
--------------------------------------------------
unsat
QF_NRA/hycomp/ball_count_1d_plain.05.seq_lazy_lemmas_global_14.smt2 : 2545 ms.
--------------------------------------------------
unsat
QF_NRA/hycomp/ball_count_1d_plain.05.seq_lazy_lemmas_global_15.smt2 : 117 ms.
--------------------------------------------------
unsat
QF_NRA/hycomp/ball_count_1d_plain.05.seq_lazy_lemmas_global_1.smt2 : 26 ms.
--------------------------------------------------
unsat
QF_NRA/hycomp/ball_count_1d_plain.05.seq_lazy_lemmas_global_2.smt2 : 36 ms.
--------------------------------------------------
unsat
QF_NRA/hycomp/ball_count_1d_plain.05.seq_lazy_lemmas_global_3.smt2 : 39 ms.
--------------------------------------------------
unsat
QF_NRA/hycomp/ball_count_1d_plain.05.seq_lazy_lemmas_global_4.smt2 : 45 ms.
--------------------------------------------------
unsat
QF_NRA/hycomp/ball_count_1d_plain.05.seq_lazy_lemmas_global_5.smt2 : 52 ms.
--------------------------------------------------
unsat
QF_NRA/hycomp/ball_count_1d_plain.05.seq_lazy_lemmas_global_6.smt2 : 59 ms.
--------------------------------------------------
unsat
QF_NRA/hycomp/ball_count_1d_plain.05.seq_lazy_lemmas_global_7.smt2 : 67 ms.
--------------------------------------------------
unsat
QF_NRA/hycomp/ball_count_1d_plain.05.seq_lazy_lemmas_global_8.smt2 : 74 ms.
--------------------------------------------------
unsat
QF_NRA/hycomp/ball_count_1d_plain.05.seq_lazy_lemmas_global_9.smt2 : 80 ms.
--------------------------------------------------
unsat
QF_NRA/hycomp/ball_count_1d_plain.05.seq_lazy_linear_enc_global_0.smt2 : 17 ms.
--------------------------------------------------
unsat
QF_NRA/hycomp/ball_count_1d_plain.05.seq_lazy_linear_enc_global_10.smt2 : 150 ms.
--------------------------------------------------
unsat
QF_NRA/hycomp/ball_count_1d_plain.05.seq_lazy_linear_enc_global_11.smt2 : 80 ms.
--------------------------------------------------
unsat
QF_NRA/hycomp/ball_count_1d_plain.05.seq_lazy_linear_enc_global_12.smt2 : 418 ms.
--------------------------------------------------
unsat
QF_NRA/hycomp/ball_count_1d_plain.05.seq_lazy_linear_enc_global_13.smt2 : 89 ms.
--------------------------------------------------
unsat
QF_NRA/hycomp/ball_count_1d_plain.05.seq_lazy_linear_enc_global_14.smt2 : 3224 ms.
--------------------------------------------------
unsat
QF_NRA/hycomp/ball_count_1d_plain.05.seq_lazy_linear_enc_global_15.smt2 : 99 ms.
--------------------------------------------------
unsat
QF_NRA/hycomp/ball_count_1d_plain.05.seq_lazy_linear_enc_global_1.smt2 : 22 ms.
--------------------------------------------------
unsat
QF_NRA/hycomp/ball_count_1d_plain.05.seq_lazy_linear_enc_global_2.smt2 : 28 ms.
--------------------------------------------------
unsat
QF_NRA/hycomp/ball_count_1d_plain.05.seq_lazy_linear_enc_global_3.smt2 : 33 ms.
--------------------------------------------------
unsat
QF_NRA/hycomp/ball_count_1d_plain.05.seq_lazy_linear_enc_global_4.smt2 : 39 ms.
--------------------------------------------------
unsat
QF_NRA/hycomp/ball_count_1d_plain.05.seq_lazy_linear_enc_global_5.smt2 : 45 ms.
--------------------------------------------------
unsat
QF_NRA/hycomp/ball_count_1d_plain.05.seq_lazy_linear_enc_global_6.smt2 : 57 ms.
--------------------------------------------------
unsat
QF_NRA/hycomp/ball_count_1d_plain.05.seq_lazy_linear_enc_global_7.smt2 : 60 ms.
--------------------------------------------------
unsat
QF_NRA/hycomp/ball_count_1d_plain.05.seq_lazy_linear_enc_global_8.smt2 : 59 ms.
--------------------------------------------------
unsat
QF_NRA/hycomp/ball_count_1d_plain.05.seq_lazy_linear_enc_global_9.smt2 : 65 ms.
--------------------------------------------------
unsat
QF_NRA/hycomp/ball_count_1d_plain.05.seq_lazy_linear_enc_lemmas_global_0.smt2 : 17 ms.
--------------------------------------------------
unsat
QF_NRA/hycomp/ball_count_1d_plain.05.seq_lazy_linear_enc_lemmas_global_10.smt2 : 203 ms.
--------------------------------------------------
unsat
QF_NRA/hycomp/ball_count_1d_plain.05.seq_lazy_linear_enc_lemmas_global_11.smt2 : 89 ms.
--------------------------------------------------
unsat
QF_NRA/hycomp/ball_count_1d_plain.05.seq_lazy_linear_enc_lemmas_global_12.smt2 : 1798 ms.
--------------------------------------------------
unsat
QF_NRA/hycomp/ball_count_1d_plain.05.seq_lazy_linear_enc_lemmas_global_13.smt2 : 109 ms.
--------------------------------------------------
unsat
QF_NRA/hycomp/ball_count_1d_plain.05.seq_lazy_linear_enc_lemmas_global_14.smt2 : 4661 ms.
--------------------------------------------------
unsat
QF_NRA/hycomp/ball_count_1d_plain.05.seq_lazy_linear_enc_lemmas_global_15.smt2 : 119 ms.
--------------------------------------------------
unsat
QF_NRA/hycomp/ball_count_1d_plain.05.seq_lazy_linear_enc_lemmas_global_1.smt2 : 24 ms.
--------------------------------------------------
unsat
QF_NRA/hycomp/ball_count_1d_plain.05.seq_lazy_linear_enc_lemmas_global_2.smt2 : 31 ms.
--------------------------------------------------
unsat
QF_NRA/hycomp/ball_count_1d_plain.05.seq_lazy_linear_enc_lemmas_global_3.smt2 : 37 ms.
--------------------------------------------------
unsat
QF_NRA/hycomp/ball_count_1d_plain.05.seq_lazy_linear_enc_lemmas_global_4.smt2 : 44 ms.
--------------------------------------------------
unsat
QF_NRA/hycomp/ball_count_1d_plain.05.seq_lazy_linear_enc_lemmas_global_5.smt2 : 50 ms.
--------------------------------------------------
unsat
QF_NRA/hycomp/ball_count_1d_plain.05.seq_lazy_linear_enc_lemmas_global_6.smt2 : 57 ms.
--------------------------------------------------
unsat
QF_NRA/hycomp/ball_count_1d_plain.05.seq_lazy_linear_enc_lemmas_global_7.smt2 : 64 ms.
--------------------------------------------------
unsat
QF_NRA/hycomp/ball_count_1d_plain.05.seq_lazy_linear_enc_lemmas_global_8.smt2 : 72 ms.
--------------------------------------------------
unsat
QF_NRA/hycomp/ball_count_1d_plain.05.seq_lazy_linear_enc_lemmas_global_9.smt2 : 77 ms.
--------------------------------------------------
unsat
QF_NRA/hycomp/ball_count_1d_plain.10.qfree_global_0.smt2 : 16 ms.
--------------------------------------------------
unsat
QF_NRA/hycomp/ball_count_1d_plain.10.qfree_global_10.smt2 : 67 ms.
--------------------------------------------------
unsat
QF_NRA/hycomp/ball_count_1d_plain.10.qfree_global_11.smt2 : 67 ms.
--------------------------------------------------
unsat
QF_NRA/hycomp/ball_count_1d_plain.10.qfree_global_12.smt2 : 77 ms.
--------------------------------------------------
unsat
QF_NRA/hycomp/ball_count_1d_plain.10.qfree_global_13.smt2 : 78 ms.
--------------------------------------------------
unsat
QF_NRA/hycomp/ball_count_1d_plain.10.qfree_global_14.smt2 : 89 ms.
--------------------------------------------------
unsat
QF_NRA/hycomp/ball_count_1d_plain.10.qfree_global_15.smt2 : 88 ms.
--------------------------------------------------
unsat
QF_NRA/hycomp/ball_count_1d_plain.10.qfree_global_1.smt2 : 21 ms.
--------------------------------------------------
unsat
QF_NRA/hycomp/ball_count_1d_plain.10.qfree_global_2.smt2 : 26 ms.
--------------------------------------------------
unsat
QF_NRA/hycomp/ball_count_1d_plain.10.qfree_global_3.smt2 : 31 ms.
--------------------------------------------------
unsat
QF_NRA/hycomp/ball_count_1d_plain.10.qfree_global_4.smt2 : 52 ms.
--------------------------------------------------
unsat
QF_NRA/hycomp/ball_count_1d_plain.10.qfree_global_5.smt2 : 43 ms.
--------------------------------------------------
unsat
QF_NRA/hycomp/ball_count_1d_plain.10.qfree_global_6.smt2 : 59 ms.
--------------------------------------------------
unsat
QF_NRA/hycomp/ball_count_1d_plain.10.qfree_global_7.smt2 : 54 ms.
--------------------------------------------------
unsat
QF_NRA/hycomp/ball_count_1d_plain.10.qfree_global_8.smt2 : 56 ms.
--------------------------------------------------
unsat
QF_NRA/hycomp/ball_count_1d_plain.10.qfree_global_9.smt2 : 58 ms.
--------------------------------------------------
unsat
QF_NRA/hycomp/ball_count_1d_plain.10.redlog_global_0.smt2 : 17 ms.
--------------------------------------------------
unsat
QF_NRA/hycomp/ball_count_1d_plain.10.redlog_global_10.smt2 : 82 ms.
--------------------------------------------------
unsat
QF_NRA/hycomp/ball_count_1d_plain.10.redlog_global_11.smt2 : 82 ms.
--------------------------------------------------
unsat
QF_NRA/hycomp/ball_count_1d_plain.10.redlog_global_12.smt2 : 95 ms.
--------------------------------------------------
unsat
QF_NRA/hycomp/ball_count_1d_plain.10.redlog_global_13.smt2 : 92 ms.
--------------------------------------------------
unsat
QF_NRA/hycomp/ball_count_1d_plain.10.redlog_global_14.smt2 : 107 ms.
--------------------------------------------------
unsat
QF_NRA/hycomp/ball_count_1d_plain.10.redlog_global_15.smt2 : 114 ms.
--------------------------------------------------
unsat
QF_NRA/hycomp/ball_count_1d_plain.10.redlog_global_1.smt2 : 22 ms.
--------------------------------------------------
unsat
QF_NRA/hycomp/ball_count_1d_plain.10.redlog_global_2.smt2 : 29 ms.
--------------------------------------------------
unsat
QF_NRA/hycomp/ball_count_1d_plain.10.redlog_global_3.smt2 : 34 ms.
--------------------------------------------------
unsat
QF_NRA/hycomp/ball_count_1d_plain.10.redlog_global_4.smt2 : 42 ms.
--------------------------------------------------
unsat
QF_NRA/hycomp/ball_count_1d_plain.10.redlog_global_5.smt2 : 45 ms.
--------------------------------------------------
unsat
QF_NRA/hycomp/ball_count_1d_plain.10.redlog_global_6.smt2 : 55 ms.
--------------------------------------------------
unsat
QF_NRA/hycomp/ball_count_1d_plain.10.redlog_global_7.smt2 : 57 ms.
--------------------------------------------------
unsat
QF_NRA/hycomp/ball_count_1d_plain.10.redlog_global_8.smt2 : 67 ms.
--------------------------------------------------
unsat
QF_NRA/hycomp/ball_count_1d_plain.10.redlog_global_9.smt2 : 68 ms.
--------------------------------------------------
unsat
QF_NRA/hycomp/ball_count_1d_plain.10.seq_lazy_global_0.smt2 : 22 ms.
--------------------------------------------------
unsat
QF_NRA/hycomp/ball_count_1d_plain.10.seq_lazy_global_10.smt2 : 70 ms.
--------------------------------------------------
unsat
QF_NRA/hycomp/ball_count_1d_plain.10.seq_lazy_global_11.smt2 : 69 ms.
--------------------------------------------------
unsat
QF_NRA/hycomp/ball_count_1d_plain.10.seq_lazy_global_12.smt2 : 82 ms.
--------------------------------------------------
unsat
QF_NRA/hycomp/ball_count_1d_plain.10.seq_lazy_global_13.smt2 : 79 ms.
--------------------------------------------------
unsat
QF_NRA/hycomp/ball_count_1d_plain.10.seq_lazy_global_14.smt2 : 93 ms.
--------------------------------------------------
unsat
QF_NRA/hycomp/ball_count_1d_plain.10.seq_lazy_global_15.smt2 : 89 ms.
--------------------------------------------------
unsat
QF_NRA/hycomp/ball_count_1d_plain.10.seq_lazy_global_1.smt2 : 20 ms.
--------------------------------------------------
unsat
QF_NRA/hycomp/ball_count_1d_plain.10.seq_lazy_global_2.smt2 : 33 ms.
--------------------------------------------------
unsat
QF_NRA/hycomp/ball_count_1d_plain.10.seq_lazy_global_3.smt2 : 34 ms.
--------------------------------------------------
unsat
QF_NRA/hycomp/ball_count_1d_plain.10.seq_lazy_global_4.smt2 : 49 ms.
--------------------------------------------------
unsat
QF_NRA/hycomp/ball_count_1d_plain.10.seq_lazy_global_5.smt2 : 47 ms.
--------------------------------------------------
unsat
QF_NRA/hycomp/ball_count_1d_plain.10.seq_lazy_global_6.smt2 : 55 ms.
--------------------------------------------------
unsat
QF_NRA/hycomp/ball_count_1d_plain.10.seq_lazy_global_7.smt2 : 59 ms.
--------------------------------------------------
unsat
QF_NRA/hycomp/ball_count_1d_plain.10.seq_lazy_global_8.smt2 : 66 ms.
--------------------------------------------------
unsat
QF_NRA/hycomp/ball_count_1d_plain.10.seq_lazy_global_9.smt2 : 67 ms.
--------------------------------------------------
unsat
QF_NRA/hycomp/ball_count_1d_plain.10.seq_lazy_lemmas_global_0.smt2 : 23 ms.
--------------------------------------------------
unsat
QF_NRA/hycomp/ball_count_1d_plain.10.seq_lazy_lemmas_global_10.smt2 : 88 ms.
--------------------------------------------------
unsat
QF_NRA/hycomp/ball_count_1d_plain.10.seq_lazy_lemmas_global_11.smt2 : 86 ms.
--------------------------------------------------
unsat
QF_NRA/hycomp/ball_count_1d_plain.10.seq_lazy_lemmas_global_12.smt2 : 105 ms.
--------------------------------------------------
unsat
QF_NRA/hycomp/ball_count_1d_plain.10.seq_lazy_lemmas_global_13.smt2 : 101 ms.
--------------------------------------------------
unsat
QF_NRA/hycomp/ball_count_1d_plain.10.seq_lazy_lemmas_global_14.smt2 : 139 ms.
--------------------------------------------------
unsat
QF_NRA/hycomp/ball_count_1d_plain.10.seq_lazy_lemmas_global_15.smt2 : 109 ms.
--------------------------------------------------
unsat
QF_NRA/hycomp/ball_count_1d_plain.10.seq_lazy_lemmas_global_1.smt2 : 21 ms.
--------------------------------------------------
unsat
QF_NRA/hycomp/ball_count_1d_plain.10.seq_lazy_lemmas_global_2.smt2 : 35 ms.
--------------------------------------------------
unsat
QF_NRA/hycomp/ball_count_1d_plain.10.seq_lazy_lemmas_global_3.smt2 : 34 ms.
--------------------------------------------------
unsat
QF_NRA/hycomp/ball_count_1d_plain.10.seq_lazy_lemmas_global_4.smt2 : 42 ms.
--------------------------------------------------
unsat
QF_NRA/hycomp/ball_count_1d_plain.10.seq_lazy_lemmas_global_5.smt2 : 45 ms.
--------------------------------------------------
unsat
QF_NRA/hycomp/ball_count_1d_plain.10.seq_lazy_lemmas_global_6.smt2 : 64 ms.
--------------------------------------------------
unsat
QF_NRA/hycomp/ball_count_1d_plain.10.seq_lazy_lemmas_global_7.smt2 : 60 ms.
--------------------------------------------------
unsat
QF_NRA/hycomp/ball_count_1d_plain.10.seq_lazy_lemmas_global_8.smt2 : 70 ms.
--------------------------------------------------
unsat
QF_NRA/hycomp/ball_count_1d_plain.10.seq_lazy_lemmas_global_9.smt2 : 68 ms.
--------------------------------------------------
unsat
QF_NRA/hycomp/ball_count_1d_plain.10.seq_lazy_linear_enc_global_0.smt2 : 16 ms.
--------------------------------------------------
unsat
QF_NRA/hycomp/ball_count_1d_plain.10.seq_lazy_linear_enc_global_10.smt2 : 70 ms.
--------------------------------------------------
unsat
QF_NRA/hycomp/ball_count_1d_plain.10.seq_lazy_linear_enc_global_11.smt2 : 70 ms.
--------------------------------------------------
unsat
QF_NRA/hycomp/ball_count_1d_plain.10.seq_lazy_linear_enc_global_12.smt2 : 83 ms.
--------------------------------------------------
unsat
QF_NRA/hycomp/ball_count_1d_plain.10.seq_lazy_linear_enc_global_13.smt2 : 80 ms.
--------------------------------------------------
unsat
QF_NRA/hycomp/ball_count_1d_plain.10.seq_lazy_linear_enc_global_14.smt2 : 95 ms.
--------------------------------------------------
unsat
QF_NRA/hycomp/ball_count_1d_plain.10.seq_lazy_linear_enc_global_15.smt2 : 91 ms.
--------------------------------------------------
unsat
QF_NRA/hycomp/ball_count_1d_plain.10.seq_lazy_linear_enc_global_1.smt2 : 21 ms.
--------------------------------------------------
unsat
QF_NRA/hycomp/ball_count_1d_plain.10.seq_lazy_linear_enc_global_2.smt2 : 27 ms.
--------------------------------------------------
unsat
QF_NRA/hycomp/ball_count_1d_plain.10.seq_lazy_linear_enc_global_3.smt2 : 31 ms.
--------------------------------------------------
unsat
QF_NRA/hycomp/ball_count_1d_plain.10.seq_lazy_linear_enc_global_4.smt2 : 38 ms.
--------------------------------------------------
unsat
QF_NRA/hycomp/ball_count_1d_plain.10.seq_lazy_linear_enc_global_5.smt2 : 41 ms.
--------------------------------------------------
unsat
QF_NRA/hycomp/ball_count_1d_plain.10.seq_lazy_linear_enc_global_6.smt2 : 49 ms.
--------------------------------------------------
unsat
QF_NRA/hycomp/ball_count_1d_plain.10.seq_lazy_linear_enc_global_7.smt2 : 50 ms.
--------------------------------------------------
unsat
QF_NRA/hycomp/ball_count_1d_plain.10.seq_lazy_linear_enc_global_8.smt2 : 59 ms.
--------------------------------------------------
unsat
QF_NRA/hycomp/ball_count_1d_plain.10.seq_lazy_linear_enc_global_9.smt2 : 60 ms.
--------------------------------------------------
unsat
QF_NRA/hycomp/ball_count_1d_plain.10.seq_lazy_linear_enc_lemmas_global_0.smt2 : 17 ms.
--------------------------------------------------
unsat
QF_NRA/hycomp/ball_count_1d_plain.10.seq_lazy_linear_enc_lemmas_global_10.smt2 : 82 ms.
--------------------------------------------------
unsat
QF_NRA/hycomp/ball_count_1d_plain.10.seq_lazy_linear_enc_lemmas_global_11.smt2 : 79 ms.
--------------------------------------------------
unsat
QF_NRA/hycomp/ball_count_1d_plain.10.seq_lazy_linear_enc_lemmas_global_12.smt2 : 95 ms.
--------------------------------------------------
unsat
QF_NRA/hycomp/ball_count_1d_plain.10.seq_lazy_linear_enc_lemmas_global_13.smt2 : 117 ms.
--------------------------------------------------
unsat
QF_NRA/hycomp/ball_count_1d_plain.10.seq_lazy_linear_enc_lemmas_global_14.smt2 : 111 ms.
--------------------------------------------------
unsat
QF_NRA/hycomp/ball_count_1d_plain.10.seq_lazy_linear_enc_lemmas_global_15.smt2 : 101 ms.
--------------------------------------------------
unsat
QF_NRA/hycomp/ball_count_1d_plain.10.seq_lazy_linear_enc_lemmas_global_1.smt2 : 22 ms.
--------------------------------------------------
unsat
QF_NRA/hycomp/ball_count_1d_plain.10.seq_lazy_linear_enc_lemmas_global_2.smt2 : 30 ms.
--------------------------------------------------
unsat
QF_NRA/hycomp/ball_count_1d_plain.10.seq_lazy_linear_enc_lemmas_global_3.smt2 : 35 ms.
--------------------------------------------------
unsat
QF_NRA/hycomp/ball_count_1d_plain.10.seq_lazy_linear_enc_lemmas_global_4.smt2 : 42 ms.
--------------------------------------------------
unsat
QF_NRA/hycomp/ball_count_1d_plain.10.seq_lazy_linear_enc_lemmas_global_5.smt2 : 45 ms.
--------------------------------------------------
unsat
QF_NRA/hycomp/ball_count_1d_plain.10.seq_lazy_linear_enc_lemmas_global_6.smt2 : 54 ms.
--------------------------------------------------
unsat
QF_NRA/hycomp/ball_count_1d_plain.10.seq_lazy_linear_enc_lemmas_global_7.smt2 : 71 ms.
--------------------------------------------------
unsat
QF_NRA/hycomp/ball_count_1d_plain.10.seq_lazy_linear_enc_lemmas_global_8.smt2 : 72 ms.
--------------------------------------------------
unsat
QF_NRA/hycomp/ball_count_1d_plain.10.seq_lazy_linear_enc_lemmas_global_9.smt2 : 67 ms.
--------------------------------------------------
unsat
QF_NRA/hycomp/ball_count_2d_hill.01.redlog_global_0.smt2 : 24 ms.
--------------------------------------------------
unknown
unknown
QF_NRA/hycomp/ball_count_2d_hill.01.redlog_global_10.smt2 : 1800004 ms.
--------------------------------------------------
unsat
QF_NRA/hycomp/ball_count_2d_hill.01.redlog_global_11.smt2 : 226 ms.
--------------------------------------------------
unknown
unknown
QF_NRA/hycomp/ball_count_2d_hill.01.redlog_global_12.smt2 : 1800015 ms.
--------------------------------------------------
unsat
QF_NRA/hycomp/ball_count_2d_hill.01.redlog_global_13.smt2 : 361 ms.
--------------------------------------------------
unknown
unknown
QF_NRA/hycomp/ball_count_2d_hill.01.redlog_global_14.smt2 : 1800011 ms.
--------------------------------------------------
unsat
QF_NRA/hycomp/ball_count_2d_hill.01.redlog_global_15.smt2 : 398 ms.
--------------------------------------------------
unsat
QF_NRA/hycomp/ball_count_2d_hill.01.redlog_global_1.smt2 : 46 ms.
--------------------------------------------------
unknown
unknown
QF_NRA/hycomp/ball_count_2d_hill.01.redlog_global_2.smt2 : 1800007 ms.
--------------------------------------------------
unsat
QF_NRA/hycomp/ball_count_2d_hill.01.redlog_global_3.smt2 : 87 ms.
--------------------------------------------------
unknown
unknown
QF_NRA/hycomp/ball_count_2d_hill.01.redlog_global_4.smt2 : 1800007 ms.
--------------------------------------------------
unsat
QF_NRA/hycomp/ball_count_2d_hill.01.redlog_global_5.smt2 : 125 ms.
--------------------------------------------------
unknown
QF_NRA/hycomp/ball_count_2d_hill.01.redlog_global_6.smt2 : 1800008 ms.
--------------------------------------------------
unsat
QF_NRA/hycomp/ball_count_2d_hill.01.redlog_global_7.smt2 : 161 ms.
--------------------------------------------------
unknown
unknown
QF_NRA/hycomp/ball_count_2d_hill.01.redlog_global_8.smt2 : 1800007 ms.
--------------------------------------------------
unsat
QF_NRA/hycomp/ball_count_2d_hill.01.redlog_global_9.smt2 : 179 ms.
--------------------------------------------------
unsat
QF_NRA/hycomp/ball_count_2d_hill.01.seq_lazy_global_0.smt2 : 24 ms.
--------------------------------------------------
sat
QF_NRA/hycomp/ball_count_2d_hill.01.seq_lazy_global_10.smt2 : 535 ms.
--------------------------------------------------
unsat
QF_NRA/hycomp/ball_count_2d_hill.01.seq_lazy_global_11.smt2 : 116 ms.
--------------------------------------------------
sat
QF_NRA/hycomp/ball_count_2d_hill.01.seq_lazy_global_12.smt2 : 988 ms.
--------------------------------------------------
unsat
QF_NRA/hycomp/ball_count_2d_hill.01.seq_lazy_global_13.smt2 : 137 ms.
--------------------------------------------------
unknown
unknown
QF_NRA/hycomp/ball_count_2d_hill.01.seq_lazy_global_14.smt2 : 1800013 ms.
--------------------------------------------------
unsat
QF_NRA/hycomp/ball_count_2d_hill.01.seq_lazy_global_15.smt2 : 149 ms.
--------------------------------------------------
unsat
QF_NRA/hycomp/ball_count_2d_hill.01.seq_lazy_global_1.smt2 : 38 ms.
