--------------------------------------------------
sat
QF_NRA/meti-tarski/sin/344/4/sin-344-4-chunk-0021.smt2 : 410 ms.
--------------------------------------------------
sat
QF_NRA/meti-tarski/sin/344/4/sin-344-4-chunk-0022.smt2 : 345 ms.
--------------------------------------------------
sat
QF_NRA/meti-tarski/sin/344/4/sin-344-4-chunk-0024.smt2 : 325 ms.
--------------------------------------------------
sat
QF_NRA/meti-tarski/sin/344/4/sin-344-4-chunk-0031.smt2 : 320 ms.
--------------------------------------------------
sat
QF_NRA/meti-tarski/sin/344/4/sin-344-4-chunk-0032.smt2 : 284 ms.
--------------------------------------------------
sat
QF_NRA/meti-tarski/sin/344/4/sin-344-4-chunk-0034.smt2 : 279 ms.
--------------------------------------------------
unsat
QF_NRA/meti-tarski/sin/344/4/sin-344-4-chunk-0035.smt2 : 243 ms.
--------------------------------------------------
sat
QF_NRA/meti-tarski/sin/344/4/sin-344-4-chunk-0040.smt2 : 245 ms.
--------------------------------------------------
sat
QF_NRA/meti-tarski/sin/344/4/sin-344-4-chunk-0044.smt2 : 261 ms.
--------------------------------------------------
unsat
QF_NRA/meti-tarski/sin/344/4/sin-344-4-chunk-0045.smt2 : 228 ms.
--------------------------------------------------
unknown
QF_NRA/meti-tarski/sin/344/4/sin-344-4-chunk-0046.smt2 : 1800004 ms.
--------------------------------------------------
sat
QF_NRA/meti-tarski/sin/344/4/sin-344-4-chunk-0047.smt2 : 35 ms.
--------------------------------------------------
sat
QF_NRA/meti-tarski/sin/344/4/sin-344-4-chunk-0048.smt2 : 27 ms.
--------------------------------------------------
sat
QF_NRA/meti-tarski/sin/344/4/sin-344-4-chunk-0049.smt2 : 122 ms.
--------------------------------------------------
sat
QF_NRA/meti-tarski/sin/344/4/sin-344-4-chunk-0050.smt2 : 396 ms.
--------------------------------------------------
sat
QF_NRA/meti-tarski/sin/344/4/sin-344-4-chunk-0052.smt2 : 26 ms.
