--------------------------------------------------
unsat
QF_NRA/20161105-Sturm-MBO/mbo_E23E27.smt2 : 96 ms.
--------------------------------------------------
unsat
QF_NRA/20161105-Sturm-MBO/mbo_E23E28.smt2 : 208 ms.
--------------------------------------------------
unsat
QF_NRA/20161105-Sturm-MBO/mbo_E23.smt2 : 458 ms.
--------------------------------------------------
unsat
QF_NRA/20161105-Sturm-MBO/mbo_E24E25.smt2 : 641 ms.
--------------------------------------------------
unsat
QF_NRA/20161105-Sturm-MBO/mbo_E24E26.smt2 : 640 ms.
--------------------------------------------------
unsat
QF_NRA/20161105-Sturm-MBO/mbo_E24E27.smt2 : 397 ms.
--------------------------------------------------
unsat
QF_NRA/20161105-Sturm-MBO/mbo_E24E28.smt2 : 475 ms.
--------------------------------------------------
unsat
QF_NRA/20161105-Sturm-MBO/mbo_E24.smt2 : 316 ms.
--------------------------------------------------
unsat
QF_NRA/20161105-Sturm-MBO/mbo_E25E26.smt2 : 271 ms.
--------------------------------------------------
unsat
QF_NRA/20161105-Sturm-MBO/mbo_E25E27.smt2 : 352 ms.
--------------------------------------------------
unsat
QF_NRA/20161105-Sturm-MBO/mbo_E25E28.smt2 : 513 ms.
--------------------------------------------------
unsat
QF_NRA/20161105-Sturm-MBO/mbo_E25.smt2 : 216 ms.
--------------------------------------------------
unsat
QF_NRA/20161105-Sturm-MBO/mbo_E26E27.smt2 : 221 ms.
--------------------------------------------------
unsat
QF_NRA/20161105-Sturm-MBO/mbo_E26E28.smt2 : 241 ms.
--------------------------------------------------
unsat
QF_NRA/20161105-Sturm-MBO/mbo_E26.smt2 : 235 ms.
--------------------------------------------------
unsat
QF_NRA/20161105-Sturm-MBO/mbo_E27E28.smt2 : 231 ms.
--------------------------------------------------
unsat
QF_NRA/20161105-Sturm-MBO/mbo_E27.smt2 : 227 ms.
--------------------------------------------------
unsat
QF_NRA/20161105-Sturm-MBO/mbo_E28.smt2 : 251 ms.
--------------------------------------------------
unknown
unknown
QF_NRA/20161105-Sturm-MBO/mbo_E2E10.smt2 : 1800080 ms.
--------------------------------------------------
unsat
QF_NRA/20161105-Sturm-MBO/mbo_E2E11.smt2 : 4072 ms.
--------------------------------------------------
unsat
QF_NRA/20161105-Sturm-MBO/mbo_E2E12.smt2 : 18922 ms.
--------------------------------------------------
unsat
QF_NRA/20161105-Sturm-MBO/mbo_E2E13.smt2 : 18859 ms.
--------------------------------------------------
unknown
unknown
QF_NRA/20161105-Sturm-MBO/mbo_E2E14.smt2 : 1800006 ms.
--------------------------------------------------
unsat
QF_NRA/20161105-Sturm-MBO/mbo_E2E15.smt2 : 18512 ms.
--------------------------------------------------
QF_NRA/20161105-Sturm-MBO/mbo_E2E16.smt2 : 1800005 ms.
--------------------------------------------------
unknown
QF_NRA/20161105-Sturm-MBO/mbo_E2E17.smt2 : 1800005 ms.
--------------------------------------------------
unsat
QF_NRA/20161105-Sturm-MBO/mbo_E2E18.smt2 : 20982 ms.
--------------------------------------------------
unsat
QF_NRA/20161105-Sturm-MBO/mbo_E2E19.smt2 : 19039 ms.
--------------------------------------------------
unknown
unknown
QF_NRA/20161105-Sturm-MBO/mbo_E2E20.smt2 : 1800004 ms.
--------------------------------------------------
unknown
unknown
QF_NRA/20161105-Sturm-MBO/mbo_E2E21.smt2 : 1800006 ms.
--------------------------------------------------
unsat
QF_NRA/20161105-Sturm-MBO/mbo_E2E22.smt2 : 11946 ms.
--------------------------------------------------
unsat
QF_NRA/20161105-Sturm-MBO/mbo_E2E23.smt2 : 10153 ms.
--------------------------------------------------
unsat
QF_NRA/20161105-Sturm-MBO/mbo_E2E24.smt2 : 14054 ms.
--------------------------------------------------
unsat
QF_NRA/20161105-Sturm-MBO/mbo_E2E25.smt2 : 12547 ms.
--------------------------------------------------
unsat
QF_NRA/20161105-Sturm-MBO/mbo_E2E26.smt2 : 12133 ms.
--------------------------------------------------
unsat
QF_NRA/20161105-Sturm-MBO/mbo_E2E27.smt2 : 2073 ms.
--------------------------------------------------
unsat
QF_NRA/20161105-Sturm-MBO/mbo_E2E28.smt2 : 12576 ms.
--------------------------------------------------
unsat
QF_NRA/20161105-Sturm-MBO/mbo_E2E3.smt2 : 20153 ms.
--------------------------------------------------
unsat
QF_NRA/20161105-Sturm-MBO/mbo_E2E4.smt2 : 20813 ms.
--------------------------------------------------
unsat
QF_NRA/20161105-Sturm-MBO/mbo_E2E5.smt2 : 26370 ms.
--------------------------------------------------
unsat
QF_NRA/20161105-Sturm-MBO/mbo_E2E6.smt2 : 26341 ms.
--------------------------------------------------
unsat
QF_NRA/20161105-Sturm-MBO/mbo_E2E7.smt2 : 6105 ms.
--------------------------------------------------
unsat
QF_NRA/20161105-Sturm-MBO/mbo_E2E8.smt2 : 21133 ms.
--------------------------------------------------
unknown
unknown
QF_NRA/20161105-Sturm-MBO/mbo_E2E9.smt2 : 1800008 ms.
--------------------------------------------------
unsat
QF_NRA/20161105-Sturm-MBO/mbo_E2.smt2 : 375 ms.
--------------------------------------------------
unknown
QF_NRA/20161105-Sturm-MBO/mbo_E3E10.smt2 : 1800004 ms.
--------------------------------------------------
unsat
QF_NRA/20161105-Sturm-MBO/mbo_E3E11.smt2 : 4206 ms.
--------------------------------------------------
unsat
QF_NRA/20161105-Sturm-MBO/mbo_E3E12.smt2 : 19914 ms.
--------------------------------------------------
unsat
QF_NRA/20161105-Sturm-MBO/mbo_E3E13.smt2 : 21410 ms.
--------------------------------------------------
unknown
unknown
QF_NRA/20161105-Sturm-MBO/mbo_E3E14.smt2 : 1800006 ms.
--------------------------------------------------
unsat
QF_NRA/20161105-Sturm-MBO/mbo_E3E15.smt2 : 21075 ms.
--------------------------------------------------
unknown
unknown
QF_NRA/20161105-Sturm-MBO/mbo_E3E16.smt2 : 1800004 ms.
--------------------------------------------------
unknown
unknown
QF_NRA/20161105-Sturm-MBO/mbo_E3E17.smt2 : 1800006 ms.
--------------------------------------------------
unsat
QF_NRA/20161105-Sturm-MBO/mbo_E3E18.smt2 : 21182 ms.
--------------------------------------------------
unsat
QF_NRA/20161105-Sturm-MBO/mbo_E3E19.smt2 : 19363 ms.
--------------------------------------------------
unsat
QF_NRA/20161105-Sturm-MBO/mbo_E3E20.smt2 : 11173 ms.
--------------------------------------------------
unsat
QF_NRA/20161105-Sturm-MBO/mbo_E3E21.smt2 : 9238 ms.
--------------------------------------------------
unsat
QF_NRA/20161105-Sturm-MBO/mbo_E3E22.smt2 : 12155 ms.
--------------------------------------------------
unsat
QF_NRA/20161105-Sturm-MBO/mbo_E3E23.smt2 : 10503 ms.
--------------------------------------------------
unsat
QF_NRA/20161105-Sturm-MBO/mbo_E3E24.smt2 : 13899 ms.
--------------------------------------------------
unsat
QF_NRA/20161105-Sturm-MBO/mbo_E3E25.smt2 : 14015 ms.
--------------------------------------------------
unsat
QF_NRA/20161105-Sturm-MBO/mbo_E3E26.smt2 : 12892 ms.
--------------------------------------------------
unsat
QF_NRA/20161105-Sturm-MBO/mbo_E3E27.smt2 : 2131 ms.
--------------------------------------------------
unsat
QF_NRA/20161105-Sturm-MBO/mbo_E3E28.smt2 : 12508 ms.
--------------------------------------------------
unsat
QF_NRA/20161105-Sturm-MBO/mbo_E3E4.smt2 : 18552 ms.
--------------------------------------------------
unsat
QF_NRA/20161105-Sturm-MBO/mbo_E3E5.smt2 : 26876 ms.
--------------------------------------------------
unsat
QF_NRA/20161105-Sturm-MBO/mbo_E3E6.smt2 : 26802 ms.
--------------------------------------------------
unsat
QF_NRA/20161105-Sturm-MBO/mbo_E3E7.smt2 : 6356 ms.
--------------------------------------------------
unsat
QF_NRA/20161105-Sturm-MBO/mbo_E3E8.smt2 : 18953 ms.
--------------------------------------------------
unknown
unknown
QF_NRA/20161105-Sturm-MBO/mbo_E3E9.smt2 : 1800013 ms.
--------------------------------------------------
unsat
QF_NRA/20161105-Sturm-MBO/mbo_E3.smt2 : 383 ms.
--------------------------------------------------
unknown
unknown
QF_NRA/20161105-Sturm-MBO/mbo_E4E10.smt2 : 1800019 ms.
--------------------------------------------------
unknown
unknown
QF_NRA/20161105-Sturm-MBO/mbo_E4E11.smt2 : 1800021 ms.
--------------------------------------------------
unknown
unknown
QF_NRA/20161105-Sturm-MBO/mbo_E4E12.smt2 : 1800014 ms.
--------------------------------------------------
unknown
unknown
QF_NRA/20161105-Sturm-MBO/mbo_E4E13.smt2 : 1800015 ms.
--------------------------------------------------
unknown
unknown
QF_NRA/20161105-Sturm-MBO/mbo_E4E14.smt2 : 1800011 ms.
--------------------------------------------------
QF_NRA/20161105-Sturm-MBO/mbo_E4E15.smt2 : 1800015 ms.
--------------------------------------------------
unknown
unknown
QF_NRA/20161105-Sturm-MBO/mbo_E4E16.smt2 : 1800012 ms.
--------------------------------------------------
unknown
unknown
QF_NRA/20161105-Sturm-MBO/mbo_E4E17.smt2 : 1800017 ms.
--------------------------------------------------
unknown
unknown
QF_NRA/20161105-Sturm-MBO/mbo_E4E18.smt2 : 1800018 ms.
--------------------------------------------------
unknown
unknown
QF_NRA/20161105-Sturm-MBO/mbo_E4E19.smt2 : 1800031 ms.
--------------------------------------------------
unknown
unknown
QF_NRA/20161105-Sturm-MBO/mbo_E4E20.smt2 : 1800015 ms.
--------------------------------------------------
unknown
unknown
QF_NRA/20161105-Sturm-MBO/mbo_E4E21.smt2 : 1800014 ms.
--------------------------------------------------
unknown
unknown
QF_NRA/20161105-Sturm-MBO/mbo_E4E22.smt2 : 1800015 ms.
--------------------------------------------------
unsat
QF_NRA/20161105-Sturm-MBO/mbo_E4E23.smt2 : 8078 ms.
--------------------------------------------------
unsat
QF_NRA/20161105-Sturm-MBO/mbo_E4E24.smt2 : 10948 ms.
--------------------------------------------------
unknown
unknown
QF_NRA/20161105-Sturm-MBO/mbo_E4E25.smt2 : 1800429 ms.
--------------------------------------------------
unsat
QF_NRA/20161105-Sturm-MBO/mbo_E4E26.smt2 : 9601 ms.
--------------------------------------------------
unsat
QF_NRA/20161105-Sturm-MBO/mbo_E4E27.smt2 : 1089 ms.
--------------------------------------------------
unsat
QF_NRA/20161105-Sturm-MBO/mbo_E4E28.smt2 : 10413 ms.
--------------------------------------------------
unsat
QF_NRA/20161105-Sturm-MBO/mbo_E4E5.smt2 : 21044 ms.
--------------------------------------------------
unsat
QF_NRA/20161105-Sturm-MBO/mbo_E4E6.smt2 : 15765 ms.
--------------------------------------------------
unsat
QF_NRA/20161105-Sturm-MBO/mbo_E4E7.smt2 : 4220 ms.
--------------------------------------------------
unknown
unknown
QF_NRA/20161105-Sturm-MBO/mbo_E4E8.smt2 : 1800013 ms.
--------------------------------------------------
QF_NRA/20161105-Sturm-MBO/mbo_E4E9.smt2 : 1800010 ms.
--------------------------------------------------
unsat
QF_NRA/20161105-Sturm-MBO/mbo_E4.smt2 : 262 ms.
--------------------------------------------------
unknown
unknown
QF_NRA/20161105-Sturm-MBO/mbo_E5E10.smt2 : 1800006 ms.
--------------------------------------------------
unsat
QF_NRA/20161105-Sturm-MBO/mbo_E5E11.smt2 : 256 ms.
--------------------------------------------------
unsat
QF_NRA/20161105-Sturm-MBO/mbo_E5E12.smt2 : 33945 ms.
--------------------------------------------------
unsat
QF_NRA/20161105-Sturm-MBO/mbo_E5E13.smt2 : 33610 ms.
--------------------------------------------------
unsat
QF_NRA/20161105-Sturm-MBO/mbo_E5E15.smt2 : 30618 ms.
--------------------------------------------------
unsat
QF_NRA/20161105-Sturm-MBO/mbo_E5E16.smt2 : 511 ms.
--------------------------------------------------
unsat
QF_NRA/20161105-Sturm-MBO/mbo_E5E17.smt2 : 464 ms.
--------------------------------------------------
unknown
unknown
QF_NRA/20161105-Sturm-MBO/mbo_E5E18.smt2 : 1800005 ms.
--------------------------------------------------
unsat
QF_NRA/20161105-Sturm-MBO/mbo_E5E19.smt2 : 26786 ms.
--------------------------------------------------
unsat
QF_NRA/20161105-Sturm-MBO/mbo_E5E20.smt2 : 13440 ms.
--------------------------------------------------
unsat
QF_NRA/20161105-Sturm-MBO/mbo_E5E21.smt2 : 258 ms.
--------------------------------------------------
unsat
QF_NRA/20161105-Sturm-MBO/mbo_E5E22.smt2 : 14589 ms.
--------------------------------------------------
unsat
QF_NRA/20161105-Sturm-MBO/mbo_E5E23.smt2 : 306 ms.
--------------------------------------------------
unsat
QF_NRA/20161105-Sturm-MBO/mbo_E5E24.smt2 : 17646 ms.
--------------------------------------------------
unsat
QF_NRA/20161105-Sturm-MBO/mbo_E5E25.smt2 : 16750 ms.
--------------------------------------------------
unsat
QF_NRA/20161105-Sturm-MBO/mbo_E5E26.smt2 : 253 ms.
--------------------------------------------------
unsat
QF_NRA/20161105-Sturm-MBO/mbo_E5E27.smt2 : 146 ms.
--------------------------------------------------
unsat
QF_NRA/20161105-Sturm-MBO/mbo_E5E28.smt2 : 256 ms.
--------------------------------------------------
unsat
QF_NRA/20161105-Sturm-MBO/mbo_E5E6.smt2 : 488 ms.
--------------------------------------------------
unsat
QF_NRA/20161105-Sturm-MBO/mbo_E5E7.smt2 : 286 ms.
--------------------------------------------------
unsat
QF_NRA/20161105-Sturm-MBO/mbo_E5E8.smt2 : 31583 ms.
--------------------------------------------------
unsat
QF_NRA/20161105-Sturm-MBO/mbo_E5E9.smt2 : 303 ms.
--------------------------------------------------
unsat
QF_NRA/20161105-Sturm-MBO/mbo_E5.smt2 : 100 ms.
--------------------------------------------------
unknown
unknown
QF_NRA/20161105-Sturm-MBO/mbo_E6E10.smt2 : 1800004 ms.
--------------------------------------------------
unsat
QF_NRA/20161105-Sturm-MBO/mbo_E6E11.smt2 : 148 ms.
--------------------------------------------------
unsat
QF_NRA/20161105-Sturm-MBO/mbo_E6E12.smt2 : 25648 ms.
--------------------------------------------------
unsat
QF_NRA/20161105-Sturm-MBO/mbo_E6E13.smt2 : 26446 ms.
--------------------------------------------------
unknown
unknown
QF_NRA/20161105-Sturm-MBO/mbo_E6E14.smt2 : 1800005 ms.
--------------------------------------------------
unsat
QF_NRA/20161105-Sturm-MBO/mbo_E6E15.smt2 : 23612 ms.
--------------------------------------------------
unsat
QF_NRA/20161105-Sturm-MBO/mbo_E6E16.smt2 : 261 ms.
--------------------------------------------------
unsat
QF_NRA/20161105-Sturm-MBO/mbo_E6E17.smt2 : 267 ms.
--------------------------------------------------
unknown
unknown
QF_NRA/20161105-Sturm-MBO/mbo_E6E18.smt2 : 1800006 ms.
--------------------------------------------------
unknown
unknown
QF_NRA/20161105-Sturm-MBO/mbo_E6E19.smt2 : 1800013 ms.
--------------------------------------------------
unknown
unknown
QF_NRA/20161105-Sturm-MBO/mbo_E6E20.smt2 : 1800004 ms.
--------------------------------------------------
unknown
unknown
QF_NRA/20161105-Sturm-MBO/mbo_E6E21.smt2 : 1800004 ms.
--------------------------------------------------
unknown
unknown
QF_NRA/20161105-Sturm-MBO/mbo_E6E22.smt2 : 1800006 ms.
--------------------------------------------------
unsat
QF_NRA/20161105-Sturm-MBO/mbo_E6E23.smt2 : 193 ms.
--------------------------------------------------
unsat
QF_NRA/20161105-Sturm-MBO/mbo_E6E24.smt2 : 14335 ms.
--------------------------------------------------
unknown
unknown
QF_NRA/20161105-Sturm-MBO/mbo_E6E25.smt2 : 1800014 ms.
--------------------------------------------------
unsat
QF_NRA/20161105-Sturm-MBO/mbo_E6E26.smt2 : 207 ms.
--------------------------------------------------
unsat
QF_NRA/20161105-Sturm-MBO/mbo_E6E27.smt2 : 99 ms.
--------------------------------------------------
unsat
QF_NRA/20161105-Sturm-MBO/mbo_E6E28.smt2 : 205 ms.
--------------------------------------------------
unsat
QF_NRA/20161105-Sturm-MBO/mbo_E6E7.smt2 : 171 ms.
--------------------------------------------------
unsat
QF_NRA/20161105-Sturm-MBO/mbo_E6E8.smt2 : 25747 ms.
--------------------------------------------------
unsat
QF_NRA/20161105-Sturm-MBO/mbo_E6E9.smt2 : 223 ms.
--------------------------------------------------
unsat
QF_NRA/20161105-Sturm-MBO/mbo_E6.smt2 : 62 ms.
--------------------------------------------------
unknown
unknown
QF_NRA/20161105-Sturm-MBO/mbo_E7E10.smt2 : 1800007 ms.
--------------------------------------------------
unsat
QF_NRA/20161105-Sturm-MBO/mbo_E7E11.smt2 : 44 ms.
--------------------------------------------------
unsat
QF_NRA/20161105-Sturm-MBO/mbo_E7E12.smt2 : 5602 ms.
--------------------------------------------------
unsat
QF_NRA/20161105-Sturm-MBO/mbo_E7E13.smt2 : 6237 ms.
--------------------------------------------------
unknown
unknown
QF_NRA/20161105-Sturm-MBO/mbo_E7E14.smt2 : 1800006 ms.
--------------------------------------------------
unsat
QF_NRA/20161105-Sturm-MBO/mbo_E7E15.smt2 : 5574 ms.
--------------------------------------------------
unsat
QF_NRA/20161105-Sturm-MBO/mbo_E7E16.smt2 : 187 ms.
--------------------------------------------------
unsat
QF_NRA/20161105-Sturm-MBO/mbo_E7E17.smt2 : 167 ms.
--------------------------------------------------
unknown
unknown
QF_NRA/20161105-Sturm-MBO/mbo_E7E18.smt2 : 1800022 ms.
--------------------------------------------------
unsat
QF_NRA/20161105-Sturm-MBO/mbo_E7E19.smt2 : 4845 ms.
--------------------------------------------------
unsat
QF_NRA/20161105-Sturm-MBO/mbo_E7E20.smt2 : 2123 ms.
--------------------------------------------------
unsat
QF_NRA/20161105-Sturm-MBO/mbo_E7E21.smt2 : 95 ms.
--------------------------------------------------
unsat
QF_NRA/20161105-Sturm-MBO/mbo_E7E22.smt2 : 2609 ms.
--------------------------------------------------
unsat
QF_NRA/20161105-Sturm-MBO/mbo_E7E23.smt2 : 112 ms.
--------------------------------------------------
unsat
QF_NRA/20161105-Sturm-MBO/mbo_E7E24.smt2 : 3128 ms.
--------------------------------------------------
unsat
QF_NRA/20161105-Sturm-MBO/mbo_E7E25.smt2 : 2985 ms.
--------------------------------------------------
unsat
QF_NRA/20161105-Sturm-MBO/mbo_E7E26.smt2 : 122 ms.
--------------------------------------------------
unsat
QF_NRA/20161105-Sturm-MBO/mbo_E7E27.smt2 : 48 ms.
--------------------------------------------------
unsat
QF_NRA/20161105-Sturm-MBO/mbo_E7E28.smt2 : 125 ms.
--------------------------------------------------
unsat
QF_NRA/20161105-Sturm-MBO/mbo_E7E8.smt2 : 6638 ms.
--------------------------------------------------
unsat
QF_NRA/20161105-Sturm-MBO/mbo_E7E9.smt2 : 171 ms.
--------------------------------------------------
unsat
QF_NRA/20161105-Sturm-MBO/mbo_E7.smt2 : 48 ms.
--------------------------------------------------
QF_NRA/20161105-Sturm-MBO/mbo_E8E10.smt2 : 1800013 ms.
--------------------------------------------------
unsat
QF_NRA/20161105-Sturm-MBO/mbo_E8E11.smt2 : 4033 ms.
--------------------------------------------------
unsat
QF_NRA/20161105-Sturm-MBO/mbo_E8E12.smt2 : 15882 ms.
--------------------------------------------------
unsat
QF_NRA/20161105-Sturm-MBO/mbo_E8E13.smt2 : 16667 ms.
--------------------------------------------------
unknown
unknown
QF_NRA/20161105-Sturm-MBO/mbo_E8E14.smt2 : 1800007 ms.
--------------------------------------------------
unsat
QF_NRA/20161105-Sturm-MBO/mbo_E8E15.smt2 : 22411 ms.
--------------------------------------------------
unknown
unknown
QF_NRA/20161105-Sturm-MBO/mbo_E8E16.smt2 : 1800005 ms.
--------------------------------------------------
unknown
unknown
QF_NRA/20161105-Sturm-MBO/mbo_E8E17.smt2 : 1800051 ms.
--------------------------------------------------
unsat
QF_NRA/20161105-Sturm-MBO/mbo_E8E18.smt2 : 21919 ms.
--------------------------------------------------
unsat
QF_NRA/20161105-Sturm-MBO/mbo_E8E19.smt2 : 18833 ms.
--------------------------------------------------
QF_NRA/20161105-Sturm-MBO/mbo_E8E20.smt2 : 1800006 ms.
--------------------------------------------------
unknown
unknown
QF_NRA/20161105-Sturm-MBO/mbo_E8E21.smt2 : 1800005 ms.
--------------------------------------------------
unsat
QF_NRA/20161105-Sturm-MBO/mbo_E8E22.smt2 : 13412 ms.
--------------------------------------------------
unsat
QF_NRA/20161105-Sturm-MBO/mbo_E8E23.smt2 : 10467 ms.
--------------------------------------------------
unsat
QF_NRA/20161105-Sturm-MBO/mbo_E8E24.smt2 : 13079 ms.
--------------------------------------------------
unsat
QF_NRA/20161105-Sturm-MBO/mbo_E8E25.smt2 : 13831 ms.
--------------------------------------------------
unsat
QF_NRA/20161105-Sturm-MBO/mbo_E8E26.smt2 : 12251 ms.
--------------------------------------------------
unsat
QF_NRA/20161105-Sturm-MBO/mbo_E8E27.smt2 : 1911 ms.
--------------------------------------------------
unsat
QF_NRA/20161105-Sturm-MBO/mbo_E8E28.smt2 : 12724 ms.
--------------------------------------------------
unknown
unknown
QF_NRA/20161105-Sturm-MBO/mbo_E8E9.smt2 : 1800004 ms.
--------------------------------------------------
unsat
QF_NRA/20161105-Sturm-MBO/mbo_E8.smt2 : 375 ms.
--------------------------------------------------
unsat
QF_NRA/20161105-Sturm-MBO/mbo_E9E10.smt2 : 645 ms.
--------------------------------------------------
unsat
QF_NRA/20161105-Sturm-MBO/mbo_E9E11.smt2 : 52 ms.
--------------------------------------------------
unsat
QF_NRA/20161105-Sturm-MBO/mbo_E9E12.smt2 : 9295 ms.
--------------------------------------------------
unsat
QF_NRA/20161105-Sturm-MBO/mbo_E9E13.smt2 : 13276 ms.
--------------------------------------------------
unknown
unknown
QF_NRA/20161105-Sturm-MBO/mbo_E9E14.smt2 : 1800015 ms.
--------------------------------------------------
unsat
QF_NRA/20161105-Sturm-MBO/mbo_E9E15.smt2 : 10008 ms.
--------------------------------------------------
unsat
QF_NRA/20161105-Sturm-MBO/mbo_E9E16.smt2 : 213 ms.
--------------------------------------------------
unsat
QF_NRA/20161105-Sturm-MBO/mbo_E9E17.smt2 : 195 ms.
--------------------------------------------------
unknown
unknown
QF_NRA/20161105-Sturm-MBO/mbo_E9E18.smt2 : 1800066 ms.
--------------------------------------------------
unknown
unknown
QF_NRA/20161105-Sturm-MBO/mbo_E9E19.smt2 : 1800019 ms.
--------------------------------------------------
unsat
QF_NRA/20161105-Sturm-MBO/mbo_E9E20.smt2 : 585 ms.
--------------------------------------------------
unsat
QF_NRA/20161105-Sturm-MBO/mbo_E9E21.smt2 : 62 ms.
--------------------------------------------------
unknown
unknown
QF_NRA/20161105-Sturm-MBO/mbo_E9E22.smt2 : 1800011 ms.
--------------------------------------------------
unsat
QF_NRA/20161105-Sturm-MBO/mbo_E9E23.smt2 : 174 ms.
--------------------------------------------------
unknown
unknown
QF_NRA/20161105-Sturm-MBO/mbo_E9E24.smt2 : 1800020 ms.
