--------------------------------------------------
sat
OMT_LIA/20220307-SMPT/Diffusion2D-PT-D40N150/RC-12.smt2 : 189 ms.
--------------------------------------------------
sat
OMT_LIA/20220307-SMPT/RwMutex-PT-r0010w0500/RF-14.smt2 : 1356 ms.
--------------------------------------------------
sat
OMT_LIA/20220307-SMPT/RwMutex-PT-r0010w0500/RC-14.smt2 : 1238 ms.
--------------------------------------------------
sat
OMT_LIA/20220307-SMPT/RwMutex-PT-r0010w0500/RC-15.smt2 : 1006 ms.
--------------------------------------------------
sat
OMT_LIA/20220307-SMPT/RwMutex-PT-r0010w0500/RF-05.smt2 : 1065 ms.
--------------------------------------------------
sat
OMT_LIA/20220307-SMPT/RwMutex-PT-r0010w0500/RF-00.smt2 : 1588 ms.
--------------------------------------------------
sat
OMT_LIA/20220307-SMPT/RwMutex-PT-r0010w0500/RC-00.smt2 : 995 ms.
--------------------------------------------------
sat
OMT_LIA/20220307-SMPT/RwMutex-PT-r0010w0500/RF-10.smt2 : 1088 ms.
--------------------------------------------------
sat
OMT_LIA/20220307-SMPT/RwMutex-PT-r0010w0500/RC-01.smt2 : 986 ms.
--------------------------------------------------
sat
OMT_LIA/20220307-SMPT/RwMutex-PT-r0010w0500/RC-06.smt2 : 1051 ms.
--------------------------------------------------
sat
OMT_LIA/20220307-SMPT/RwMutex-PT-r0010w0500/RC-04.smt2 : 1566 ms.
--------------------------------------------------
sat
OMT_LIA/20220307-SMPT/RwMutex-PT-r0010w0500/RC-11.smt2 : 903 ms.
--------------------------------------------------
sat
OMT_LIA/20220307-SMPT/RwMutex-PT-r0010w0500/RC-05.smt2 : 805 ms.
--------------------------------------------------
sat
OMT_LIA/20220307-SMPT/RwMutex-PT-r0010w0500/RF-12.smt2 : 1041 ms.
--------------------------------------------------
sat
OMT_LIA/20220307-SMPT/RwMutex-PT-r0010w0500/RC-02.smt2 : 803 ms.
--------------------------------------------------
sat
OMT_LIA/20220307-SMPT/RwMutex-PT-r0010w0500/RC-07.smt2 : 770 ms.
--------------------------------------------------
sat
OMT_LIA/20220307-SMPT/RwMutex-PT-r0010w0500/RF-04.smt2 : 1038 ms.
--------------------------------------------------
sat
OMT_LIA/20220307-SMPT/RwMutex-PT-r0010w0500/RF-11.smt2 : 1175 ms.
--------------------------------------------------
sat
OMT_LIA/20220307-SMPT/RwMutex-PT-r0010w0500/RC-09.smt2 : 1039 ms.
--------------------------------------------------
sat
OMT_LIA/20220307-SMPT/RwMutex-PT-r0010w0500/RF-06.smt2 : 1304 ms.
--------------------------------------------------
sat
OMT_LIA/20220307-SMPT/RwMutex-PT-r0010w0500/RF-08.smt2 : 763 ms.
--------------------------------------------------
sat
OMT_LIA/20220307-SMPT/RwMutex-PT-r0010w0500/RF-01.smt2 : 781 ms.
--------------------------------------------------
sat
OMT_LIA/20220307-SMPT/RwMutex-PT-r0010w0500/RC-03.smt2 : 2250 ms.
--------------------------------------------------
sat
OMT_LIA/20220307-SMPT/RwMutex-PT-r0010w0500/RF-02.smt2 : 793 ms.
--------------------------------------------------
sat
OMT_LIA/20220307-SMPT/RwMutex-PT-r0010w0500/RF-07.smt2 : 1044 ms.
--------------------------------------------------
sat
OMT_LIA/20220307-SMPT/RwMutex-PT-r0010w0500/RF-13.smt2 : 845 ms.
--------------------------------------------------
sat
OMT_LIA/20220307-SMPT/RwMutex-PT-r0010w0500/RC-12.smt2 : 1786 ms.
--------------------------------------------------
sat
OMT_LIA/20220307-SMPT/BART-PT-020/RF-14.smt2 : 556 ms.
--------------------------------------------------
sat
OMT_LIA/20220307-SMPT/BART-PT-020/RF-09.smt2 : 446 ms.
