--------------------------------------------------
sat
OMT_LIA/20220307-SMPT/RwMutex-PT-r0010w0100/RC-00.smt2 : 133 ms.
--------------------------------------------------
sat
OMT_LIA/20220307-SMPT/RwMutex-PT-r0010w0100/RF-10.smt2 : 164 ms.
--------------------------------------------------
sat
OMT_LIA/20220307-SMPT/RwMutex-PT-r0010w0100/RC-06.smt2 : 195 ms.
--------------------------------------------------
sat
OMT_LIA/20220307-SMPT/RwMutex-PT-r0010w0100/RF-03.smt2 : 163 ms.
--------------------------------------------------
sat
OMT_LIA/20220307-SMPT/RwMutex-PT-r0010w0100/RC-04.smt2 : 183 ms.
--------------------------------------------------
sat
OMT_LIA/20220307-SMPT/RwMutex-PT-r0010w0100/RC-11.smt2 : 143 ms.
--------------------------------------------------
sat
OMT_LIA/20220307-SMPT/RwMutex-PT-r0010w0100/RC-05.smt2 : 187 ms.
--------------------------------------------------
sat
OMT_LIA/20220307-SMPT/RwMutex-PT-r0010w0100/RF-12.smt2 : 180 ms.
--------------------------------------------------
sat
OMT_LIA/20220307-SMPT/RwMutex-PT-r0010w0100/RC-08.smt2 : 186 ms.
--------------------------------------------------
sat
OMT_LIA/20220307-SMPT/RwMutex-PT-r0010w0100/RC-07.smt2 : 199 ms.
--------------------------------------------------
sat
OMT_LIA/20220307-SMPT/RwMutex-PT-r0010w0100/RC-10.smt2 : 195 ms.
--------------------------------------------------
sat
OMT_LIA/20220307-SMPT/RwMutex-PT-r0010w0100/RF-04.smt2 : 270 ms.
--------------------------------------------------
sat
OMT_LIA/20220307-SMPT/RwMutex-PT-r0010w0100/RF-11.smt2 : 156 ms.
--------------------------------------------------
sat
OMT_LIA/20220307-SMPT/RwMutex-PT-r0010w0100/RC-09.smt2 : 174 ms.
--------------------------------------------------
sat
OMT_LIA/20220307-SMPT/RwMutex-PT-r0010w0100/RF-06.smt2 : 204 ms.
--------------------------------------------------
sat
OMT_LIA/20220307-SMPT/RwMutex-PT-r0010w0100/RF-08.smt2 : 206 ms.
--------------------------------------------------
sat
OMT_LIA/20220307-SMPT/RwMutex-PT-r0010w0100/RF-01.smt2 : 262 ms.
--------------------------------------------------
sat
OMT_LIA/20220307-SMPT/RwMutex-PT-r0010w0100/RC-03.smt2 : 224 ms.
--------------------------------------------------
sat
OMT_LIA/20220307-SMPT/RwMutex-PT-r0010w0100/RF-15.smt2 : 206 ms.
--------------------------------------------------
sat
OMT_LIA/20220307-SMPT/RwMutex-PT-r0010w0100/RF-02.smt2 : 274 ms.
--------------------------------------------------
sat
OMT_LIA/20220307-SMPT/RwMutex-PT-r0010w0100/RF-07.smt2 : 134 ms.
--------------------------------------------------
sat
OMT_LIA/20220307-SMPT/RwMutex-PT-r0010w0100/RF-13.smt2 : 486 ms.
--------------------------------------------------
sat
OMT_LIA/20220307-SMPT/RwMutex-PT-r0010w0100/RC-12.smt2 : 268 ms.
--------------------------------------------------
sat
OMT_LIA/20220307-SMPT/NeighborGrid-PT-d5n4m1t35/RF-14.smt2 : 289 ms.
--------------------------------------------------
sat
OMT_LIA/20220307-SMPT/NeighborGrid-PT-d5n4m1t35/RF-09.smt2 : 395 ms.
--------------------------------------------------
sat
OMT_LIA/20220307-SMPT/NeighborGrid-PT-d5n4m1t35/RC-14.smt2 : 886 ms.
--------------------------------------------------
sat
OMT_LIA/20220307-SMPT/NeighborGrid-PT-d5n4m1t35/RC-15.smt2 : 171 ms.
--------------------------------------------------
sat
OMT_LIA/20220307-SMPT/NeighborGrid-PT-d5n4m1t35/RF-05.smt2 : 243 ms.
--------------------------------------------------
sat
OMT_LIA/20220307-SMPT/NeighborGrid-PT-d5n4m1t35/RF-00.smt2 : 224 ms.
