/home/hanrui/OMT_LIA/RF-01.smt2: 文件中已存在优化目标，不做修改
/home/hanrui/OMT_LIA/RF-11.smt2: 文件中已存在优化目标，不做修改
/home/hanrui/OMT_LIA/RF-06.smt2: 文件中已存在优化目标，不做修改
/home/hanrui/OMT_LIA/constraint-651478.smt2: 文件中已存在优化目标，不做修改
/home/hanrui/OMT_LIA/constraint-336780.smt2: 文件中已存在优化目标，不做修改
/home/hanrui/OMT_LIA/convert-jpg2gif-query-1461.smt2: 文件中已存在优化目标，不做修改
/home/hanrui/OMT_LIA/RC-01.smt2: 文件中已存在优化目标，不做修改
/home/hanrui/OMT_LIA/constraint-1791895.smt2: 文件中已存在优化目标，不做修改
/home/hanrui/OMT_LIA/constraint-864173.smt2: 文件中已存在优化目标，不做修改
/home/hanrui/OMT_LIA/normalized-j6040_1-sat.smt2: 文件中已存在优化目标，不做修改
/home/hanrui/OMT_LIA/mzzv42z.sat.smt2: 文件中已存在优化目标，不做修改
/home/hanrui/OMT_LIA/normalized-j9035_5-sat.smt2: 文件中已存在优化目标，不做修改
/home/hanrui/OMT_LIA/RC-08.smt2: 文件中已存在优化目标，不做修改
/home/hanrui/OMT_LIA/convert-jpg2gif-query-1468.smt2: 文件中已存在优化目标，不做修改
/home/hanrui/OMT_LIA/constraint-1333327.smt2: 文件中已存在优化目标，不做修改
/home/hanrui/OMT_LIA/constraint-1270998.smt2: 文件中已存在优化目标，不做修改
/home/hanrui/OMT_LIA/convert-jpg2gif-query-1462.smt2: 文件中已存在优化目标，不做修改
/home/hanrui/OMT_LIA/fast0507.sat.smt2: 文件中已存在优化目标，不做修改
/home/hanrui/OMT_LIA/RC-05.smt2: 文件中已存在优化目标，不做修改
/home/hanrui/OMT_LIA/RF-09.smt2: 文件中已存在优化目标，不做修改
/home/hanrui/OMT_LIA/constraint-618384.smt2: 文件中已存在优化目标，不做修改
/home/hanrui/OMT_LIA/cap6000.sat.smt2: 文件中已存在优化目标，不做修改
/home/hanrui/OMT_LIA/RF-12.smt2: 文件中已存在优化目标，不做修改
/home/hanrui/OMT_LIA/convert-jpg2gif-query-1465.smt2: 文件中已存在优化目标，不做修改
/home/hanrui/OMT_LIA/constraint-928134.smt2: 文件中已存在优化目标，不做修改
/home/hanrui/OMT_LIA/constraint-396616.smt2: 文件中已存在优化目标，不做修改
/home/hanrui/OMT_LIA/constraint-679470.smt2: 文件中已存在优化目标，不做修改
/home/hanrui/OMT_LIA/RC-15.smt2: 文件中已存在优化目标，不做修改
/home/hanrui/OMT_LIA/RC-14.smt2: 文件中已存在优化目标，不做修改
/home/hanrui/OMT_LIA/convert-jpg2gif-query-1556.smt2: 文件中已存在优化目标，不做修改
/home/hanrui/OMT_LIA/RC-11.smt2: 文件中已存在优化目标，不做修改
/home/hanrui/OMT_LIA/RF-05.smt2: 文件中已存在优化目标，不做修改
/home/hanrui/OMT_LIA/RF-00.smt2: 文件中已存在优化目标，不做修改
/home/hanrui/OMT_LIA/RC-02.smt2: 文件中已存在优化目标，不做修改
/home/hanrui/OMT_LIA/convert-jpg2gif-query-1455.smt2: 文件中已存在优化目标，不做修改
/home/hanrui/OMT_LIA/convert-jpg2gif-query-1460.smt2: 文件中已存在优化目标，不做修改
/home/hanrui/OMT_LIA/convert-jpg2gif-query-1525.smt2: 文件中已存在优化目标，不做修改
/home/hanrui/OMT_LIA/RC-09.smt2: 文件中已存在优化目标，不做修改
/home/hanrui/OMT_LIA/RF-14.smt2: 文件中已存在优化目标，不做修改
/home/hanrui/OMT_LIA/RC-07.smt2: 文件中已存在优化目标，不做修改
/home/hanrui/OMT_LIA/RC-10.smt2: 文件中已存在优化目标，不做修改
/home/hanrui/OMT_LIA/convert-jpg2gif-query-1557.smt2: 文件中已存在优化目标，不做修改
/home/hanrui/OMT_LIA/RF-10.smt2: 文件中已存在优化目标，不做修改
/home/hanrui/OMT_LIA/harp2.sat.smt2: 文件中已存在优化目标，不做修改
/home/hanrui/OMT_LIA/constraint-496502.smt2: 文件中已存在优化目标，不做修改
/home/hanrui/OMT_LIA/RC-13.smt2: 文件中已存在优化目标，不做修改
/home/hanrui/OMT_LIA/seymour.sat.smt2: 文件中已存在优化目标，不做修改
/home/hanrui/OMT_LIA/RC-00.smt2: 文件中已存在优化目标，不做修改
/home/hanrui/OMT_LIA/convert-jpg2gif-query-1570.smt2: 文件中已存在优化目标，不做修改
/home/hanrui/OMT_LIA/constraint-523123.smt2: 文件中已存在优化目标，不做修改
/home/hanrui/OMT_LIA/constraint-415996.smt2: 文件中已存在优化目标，不做修改
/home/hanrui/OMT_LIA/RC-04.smt2: 文件中已存在优化目标，不做修改
/home/hanrui/OMT_LIA/RC-12.smt2: 文件中已存在优化目标，不做修改
/home/hanrui/OMT_LIA/RF-03.smt2: 文件中已存在优化目标，不做修改
/home/hanrui/OMT_LIA/constraint-704423.smt2: 文件中已存在优化目标，不做修改
/home/hanrui/OMT_LIA/RC-06.smt2: 文件中已存在优化目标，不做修改
/home/hanrui/OMT_LIA/constraint-703279.smt2: 文件中已存在优化目标，不做修改
/home/hanrui/OMT_LIA/constraint-463860.smt2: 文件中已存在优化目标，不做修改
/home/hanrui/OMT_LIA/RF-08.smt2: 文件中已存在优化目标，不做修改
/home/hanrui/OMT_LIA/constraint-515686.smt2: 文件中已存在优化目标，不做修改
/home/hanrui/OMT_LIA/normalized-j308_6-sat.smt2: 文件中已存在优化目标，不做修改
/home/hanrui/OMT_LIA/constraint-706002.smt2: 文件中已存在优化目标，不做修改
/home/hanrui/OMT_LIA/RF-15.smt2: 文件中已存在优化目标，不做修改
/home/hanrui/OMT_LIA/normalized-j3024_4-sat.smt2: 文件中已存在优化目标，不做修改
/home/hanrui/OMT_LIA/constraint-916576.smt2: 文件中已存在优化目标，不做修改
/home/hanrui/OMT_LIA/RF-04.smt2: 文件中已存在优化目标，不做修改
/home/hanrui/OMT_LIA/normalized-j3027_8-sat.smt2: 文件中已存在优化目标，不做修改
/home/hanrui/OMT_LIA/normalized-j3048_8-sat.smt2: 文件中已存在优化目标，不做修改
/home/hanrui/OMT_LIA/RF-07.smt2: 文件中已存在优化目标，不做修改
/home/hanrui/OMT_LIA/RF-02.smt2: 文件中已存在优化目标，不做修改
/home/hanrui/OMT_LIA/constraint-649834.smt2: 文件中已存在优化目标，不做修改
/home/hanrui/OMT_LIA/constraint-882710.smt2: 文件中已存在优化目标，不做修改
/home/hanrui/OMT_LIA/normalized-j3020_1-sat.smt2: 文件中已存在优化目标，不做修改
/home/hanrui/OMT_LIA/manna81.sat.smt2: 文件中已存在优化目标，不做修改
/home/hanrui/OMT_LIA/constraint-1317230.smt2: 文件中已存在优化目标，不做修改
/home/hanrui/OMT_LIA/normalized-j3031_7-sat.smt2: 文件中已存在优化目标，不做修改
/home/hanrui/OMT_LIA/constraint-1015084.smt2: 文件中已存在优化目标，不做修改
/home/hanrui/OMT_LIA/normalized-j6048_4-sat.smt2: 文件中已存在优化目标，不做修改
/home/hanrui/OMT_LIA/constraint-1275621.smt2: 文件中已存在优化目标，不做修改
/home/hanrui/OMT_LIA/RF-13.smt2: 文件中已存在优化目标，不做修改
/home/hanrui/OMT_LIA/constraint-1192684.smt2: 文件中已存在优化目标，不做修改
/home/hanrui/OMT_LIA/normalized-j6015_4-sat.smt2: 文件中已存在优化目标，不做修改
/home/hanrui/OMT_LIA/constraint-1648145.smt2: 文件中已存在优化目标，不做修改
/home/hanrui/OMT_LIA/constraint-1682901.smt2: 文件中已存在优化目标，不做修改
/home/hanrui/OMT_LIA/constraint-1360077.smt2: 文件中已存在优化目标，不做修改
/home/hanrui/OMT_LIA/constraint-1365816.smt2: 文件中已存在优化目标，不做修改
/home/hanrui/OMT_LIA/constraint-1185949.smt2: 文件中已存在优化目标，不做修改
/home/hanrui/OMT_LIA/mzzv11.sat.smt2: 文件中已存在优化目标，不做修改
/home/hanrui/OMT_LIA/sp97ar.sat.smt2: 文件中已存在优化目标，不做修改
/home/hanrui/OMT_LIA/constraint-3427750.smt2: 文件中已存在优化目标，不做修改
/home/hanrui/OMT_LIA/normalized-j9012_5-sat.smt2: 文件中已存在优化目标，不做修改
/home/hanrui/OMT_LIA/normalized-j6018_3-sat.smt2: 文件中已存在优化目标，不做修改
/home/hanrui/OMT_LIA/normalized-j9027_5-sat.smt2: 文件中已存在优化目标，不做修改
/home/hanrui/OMT_LIA/normalized-j6035_10-sat.smt2: 文件中已存在优化目标，不做修改
/home/hanrui/OMT_LIA/constraint-170961.smt2: 文件中已存在优化目标，不做修改
/home/hanrui/OMT_LIA/RC-03.smt2: 文件中已存在优化目标，不做修改
/home/hanrui/OMT_LIA/normalized-j6022_1-sat.smt2: 文件中已存在优化目标，不做修改
/home/hanrui/OMT_LIA/nw04.sat.smt2: 文件中已存在优化目标，不做修改
