sat
(
  (define-fun x175 () Bool
    true)
  (define-fun x195 () Bool
    false)
  (define-fun x148 () Bool
    true)
  (define-fun x67 () Bool
    false)
  (define-fun x58 () Int
    0)
  (define-fun x211 () Bool
    true)
  (define-fun x136 () Bool
    true)
  (define-fun x61 () Int
    30)
  (define-fun x99 () Bool
    true)
  (define-fun x217 () Bool
    true)
  (define-fun x201 () Bool
    true)
  (define-fun x9 () Bool
    true)
  (define-fun x183 () Bool
    true)
  (define-fun x124 () Bool
    true)
  (define-fun x182 () Bool
    true)
  (define-fun x127 () Bool
    true)
  (define-fun x84 () Bool
    false)
  (define-fun x114 () Int
    30)
  (define-fun x167 () Bool
    true)
  (define-fun x74 () Bool
    true)
  (define-fun x192 () Int
    30)
  (define-fun x21 () Bool
    false)
  (define-fun x129 () Int
    30)
  (define-fun x132 () Int
    0)
  (define-fun x104 () Bool
    true)
  (define-fun x51 () Bool
    true)
  (define-fun x202 () Int
    0)
  (define-fun x168 () Bool
    true)
  (define-fun x24 () Bool
    false)
  (define-fun x50 () Bool
    true)
  (define-fun x57 () Bool
    true)
  (define-fun x144 () Bool
    false)
  (define-fun x63 () Bool
    false)
  (define-fun x208 () Bool
    false)
  (define-fun x79 () Int
    30)
  (define-fun x179 () Bool
    false)
  (define-fun x141 () Bool
    true)
  (define-fun x38 () Bool
    true)
  (define-fun x12 () Int
    0)
  (define-fun x36 () Bool
    false)
  (define-fun x88 () Int
    0)
  (define-fun x54 () Int
    0)
  (define-fun x199 () Int
    30)
  (define-fun x81 () Int
    0)
  (define-fun x110 () Bool
    false)
  (define-fun x160 () Int
    30)
  (define-fun x30 () Bool
    true)
  (define-fun x52 () Bool
    true)
  (define-fun x186 () Bool
    true)
  (define-fun x83 () Bool
    false)
  (define-fun x143 () Bool
    false)
  (define-fun x218 () Int
    0)
  (define-fun x109 () Bool
    false)
  (define-fun x197 () Int
    0)
  (define-fun x164 () Bool
    true)
  (define-fun x41 () Int
    0)
  (define-fun x171 () Bool
    false)
  (define-fun x13 () Bool
    false)
  (define-fun x123 () Int
    0)
  (define-fun x156 () Int
    0)
  (define-fun x188 () Bool
    true)
  (define-fun x47 () Bool
    false)
  (define-fun x2 () Bool
    false)
  (define-fun x32 () Bool
    false)
  (define-fun x220 () Bool
    true)
  (define-fun x147 () Bool
    true)
  (define-fun x219 () Bool
    false)
  (define-fun x97 () Bool
    false)
  (define-fun x72 () Int
    0)
  (define-fun x150 () Bool
    false)
  (define-fun x126 () Bool
    true)
  (define-fun x19 () Int
    0)
  (define-fun x73 () Bool
    true)
  (define-fun x55 () Bool
    true)
  (define-fun x118 () Bool
    true)
  (define-fun x178 () Bool
    true)
  (define-fun x4 () Bool
    true)
  (define-fun x116 () Bool
    true)
  (define-fun x151 () Int
    1)
  (define-fun x64 () Bool
    true)
  (define-fun x165 () Bool
    true)
  (define-fun x92 () Int
    30)
  (define-fun x66 () Bool
    true)
  (define-fun x125 () Bool
    false)
  (define-fun x196 () Bool
    true)
  (define-fun x122 () Bool
    true)
  (define-fun x29 () Bool
    true)
  (define-fun x91 () Bool
    true)
  (define-fun x31 () Bool
    false)
  (define-fun x209 () Bool
    true)
  (define-fun x177 () Bool
    false)
  (define-fun x198 () Bool
    true)
  (define-fun x115 () Bool
    true)
  (define-fun x65 () Bool
    true)
  (define-fun x155 () Bool
    false)
  (define-fun x194 () Bool
    false)
  (define-fun x169 () Bool
    true)
  (define-fun x145 () Bool
    true)
  (define-fun x162 () Bool
    false)
  (define-fun x128 () Int
    30)
  (define-fun x191 () Int
    30)
  (define-fun x82 () Bool
    true)
  (define-fun x102 () Bool
    true)
  (define-fun x215 () Bool
    false)
  (define-fun x120 () Int
    0)
  (define-fun x89 () Int
    30)
  (define-fun x7 () Bool
    false)
  (define-fun x112 () Bool
    false)
  (define-fun x119 () Bool
    true)
  (define-fun x53 () Int
    0)
  (define-fun x26 () Bool
    true)
  (define-fun x94 () Bool
    false)
  (define-fun x137 () Bool
    true)
  (define-fun x138 () Bool
    true)
  (define-fun x117 () Bool
    true)
  (define-fun x221 () Bool
    true)
  (define-fun x60 () Bool
    false)
  (define-fun x113 () Bool
    true)
  (define-fun x100 () Bool
    true)
  (define-fun x142 () Bool
    false)
  (define-fun x170 () Bool
    true)
  (define-fun x184 () Bool
    false)
  (define-fun x15 () Bool
    false)
  (define-fun x134 () Bool
    false)
  (define-fun x49 () Bool
    false)
  (define-fun x212 () Bool
    false)
  (define-fun x154 () Bool
    false)
  (define-fun x40 () Bool
    false)
  (define-fun x214 () Bool
    true)
  (define-fun x130 () Int
    0)
  (define-fun x190 () Bool
    true)
  (define-fun x93 () Bool
    true)
  (define-fun x90 () Bool
    true)
  (define-fun x200 () Bool
    false)
  (define-fun x42 () Bool
    true)
  (define-fun x210 () Bool
    true)
  (define-fun x69 () Bool
    true)
  (define-fun x34 () Bool
    false)
  (define-fun x3 () Bool
    true)
  (define-fun x133 () Bool
    true)
  (define-fun x172 () Bool
    true)
  (define-fun x48 () Bool
    false)
  (define-fun x149 () Int
    0)
  (define-fun x107 () Int
    0)
  (define-fun x206 () Bool
    true)
  (define-fun x56 () Int
    30)
  (define-fun x85 () Bool
    true)
  (define-fun x108 () Bool
    false)
  (define-fun x95 () Int
    30)
  (define-fun x157 () Bool
    true)
  (define-fun x98 () Int
    30)
  (define-fun x75 () Bool
    true)
  (define-fun x163 () Bool
    true)
  (define-fun x1 () Bool
    true)
  (define-fun x161 () Bool
    false)
  (define-fun x20 () Bool
    false)
  (define-fun x152 () Bool
    false)
  (define-fun x22 () Bool
    true)
  (define-fun x18 () Bool
    true)
  (define-fun x224 () Bool
    true)
  (define-fun x153 () Bool
    false)
  (define-fun x222 () Bool
    true)
  (define-fun x187 () Bool
    true)
  (define-fun x8 () Bool
    false)
  (define-fun x174 () Bool
    false)
  (define-fun x103 () Bool
    true)
  (define-fun x204 () Bool
    true)
  (define-fun x158 () Bool
    true)
  (define-fun x203 () Bool
    true)
  (define-fun x23 () Bool
    false)
  (define-fun x146 () Bool
    true)
  (define-fun x139 () Bool
    true)
  (define-fun x80 () Bool
    true)
  (define-fun x173 () Int
    0)
  (define-fun x166 () Bool
    true)
  (define-fun x68 () Bool
    false)
  (define-fun x70 () Bool
    true)
  (define-fun x205 () Bool
    true)
  (define-fun x105 () Bool
    true)
  (define-fun x180 () Int
    30)
  (define-fun x37 () Bool
    true)
  (define-fun x176 () Int
    30)
  (define-fun x45 () Bool
    false)
  (define-fun x213 () Bool
    true)
  (define-fun x39 () Bool
    true)
  (define-fun x86 () Int
    0)
  (define-fun x46 () Bool
    true)
  (define-fun x35 () Bool
    true)
  (define-fun x10 () Bool
    true)
  (define-fun x11 () Bool
    true)
  (define-fun x71 () Bool
    true)
  (define-fun x28 () Bool
    false)
  (define-fun x121 () Int
    0)
  (define-fun x44 () Int
    0)
  (define-fun x77 () Bool
    false)
  (define-fun x25 () Bool
    true)
  (define-fun x140 () Int
    30)
  (define-fun x43 () Bool
    true)
  (define-fun x111 () Bool
    true)
  (define-fun x131 () Bool
    false)
  (define-fun x159 () Bool
    true)
  (define-fun x78 () Bool
    true)
  (define-fun x101 () Bool
    false)
  (define-fun x216 () Bool
    true)
  (define-fun x33 () Bool
    false)
  (define-fun x87 () Int
    30)
  (define-fun x27 () Bool
    true)
  (define-fun x207 () Bool
    true)
  (define-fun x17 () Bool
    true)
  (define-fun x223 () Bool
    true)
  (define-fun x185 () Bool
    true)
  (define-fun x6 () Bool
    true)
  (define-fun x106 () Bool
    false)
  (define-fun x189 () Bool
    true)
  (define-fun x14 () Bool
    true)
  (define-fun x5 () Bool
    true)
  (define-fun x96 () Bool
    true)
  (define-fun x62 () Bool
    false)
  (define-fun x16 () Bool
    true)
  (define-fun x193 () Bool
    true)
)
