--------------------------------------------------
sat
QF_SLIA/20180523-Reynolds/pyex/peterc-pyex-doc-cav17-z3/pymongo/pymongo-mongoclient/5c4510ec64236f6cd0bfa3ac2225c7e15c55789ef990b4cceb715a84.smt2 : 104617 ms.
--------------------------------------------------
sat
QF_SLIA/20180523-Reynolds/pyex/peterc-pyex-doc-cav17-z3/pymongo/pymongo-mongoclient/5c7601dbf11698ca9b002be80c1b26f28d668e6386a0dade3d38f65d.smt2 : 179 ms.
--------------------------------------------------
unsat
QF_SLIA/20180523-Reynolds/pyex/peterc-pyex-doc-cav17-z3/pymongo/pymongo-mongoclient/5ccd5e07a914e6722e7736f3806b70944fc0255b8e13fe4150f03a92.smt2 : 84 ms.
--------------------------------------------------
sat
QF_SLIA/20180523-Reynolds/pyex/peterc-pyex-doc-cav17-z3/pymongo/pymongo-mongoclient/5cd8ab1f22cfcd298972f72f07a27d30e8494d6c49713ccbbb7223d5.smt2 : 22953 ms.
--------------------------------------------------
sat
QF_SLIA/20180523-Reynolds/pyex/peterc-pyex-doc-cav17-z3/pymongo/pymongo-mongoclient/5cf64f5a8c1926d01761fae5b59b1806f61f1fab79e6cfeccd334f5a.smt2 : 3667 ms.
--------------------------------------------------
sat
QF_SLIA/20180523-Reynolds/pyex/peterc-pyex-doc-cav17-z3/pymongo/pymongo-mongoclient/5d02fd978d8fc184fbf1965e57987c0c60639e8d39a7b7b278b79732.smt2 : 2138 ms.
--------------------------------------------------
unknown
sat
QF_SLIA/20180523-Reynolds/pyex/peterc-pyex-doc-cav17-z3/pymongo/pymongo-mongoclient/5d04c5a172beb81fb0644b9733b4f069345e22063e7098b78aa542b0.smt2 : 668672 ms.
--------------------------------------------------
unsat
QF_SLIA/20180523-Reynolds/pyex/peterc-pyex-doc-cav17-z3/pymongo/pymongo-mongoclient/5d0b39939cbf7bb2802e29753da1f29170d47cd2b27b5d8fcccc8b2a.smt2 : 72 ms.
--------------------------------------------------
unsat
QF_SLIA/20180523-Reynolds/pyex/peterc-pyex-doc-cav17-z3/pymongo/pymongo-mongoclient/5d1e957b3d6e0f9903eed590c4cc0f7fd6ec6270d09fb8a5ef2af627.smt2 : 50 ms.
--------------------------------------------------
unknown
sat
QF_SLIA/20180523-Reynolds/pyex/peterc-pyex-doc-cav17-z3/pymongo/pymongo-mongoclient/5d4a5112e4e311e7674efc9dd241409ed7d73099e5c5c8969a87e6c7.smt2 : 625165 ms.
--------------------------------------------------
sat
QF_SLIA/20180523-Reynolds/pyex/peterc-pyex-doc-cav17-z3/pymongo/pymongo-mongoclient/5d6250c76b8dd5f5caf51fb3a16e03f1d2212663c4f5652ff3b5f283.smt2 : 2404 ms.
--------------------------------------------------
unknown
sat
QF_SLIA/20180523-Reynolds/pyex/peterc-pyex-doc-cav17-z3/pymongo/pymongo-mongoclient/5d69f60a2f67826b3f38cce1f5a6b83831d21e212137157ef7924b6e.smt2 : 913011 ms.
--------------------------------------------------
sat
QF_SLIA/20180523-Reynolds/pyex/peterc-pyex-doc-cav17-z3/pymongo/pymongo-mongoclient/5d758f88cfe18a9e159520d03dd4f0f559a14436c7fa7a9ced611cf3.smt2 : 2070 ms.
--------------------------------------------------
sat
QF_SLIA/20180523-Reynolds/pyex/peterc-pyex-doc-cav17-z3/pymongo/pymongo-mongoclient/5d814731b678dfe6737ff3e5ed4168a5a25b05cf9cd2f8f8e71c48f3.smt2 : 1797 ms.
--------------------------------------------------
sat
QF_SLIA/20180523-Reynolds/pyex/peterc-pyex-doc-cav17-z3/pymongo/pymongo-mongoclient/5d8158a8e2d65ed6ced769dd407fe042c69383c513af8922acd5fcbd.smt2 : 1191 ms.
--------------------------------------------------
sat
QF_SLIA/20180523-Reynolds/pyex/peterc-pyex-doc-cav17-z3/pymongo/pymongo-mongoclient/5db200f45f78904eb459fb7325e3d72e859732b30b12d4a1068df376.smt2 : 4620 ms.
--------------------------------------------------
unsat
QF_SLIA/20180523-Reynolds/pyex/peterc-pyex-doc-cav17-z3/pymongo/pymongo-mongoclient/5dc0bcb1159e7f22bf57e81cbfdc19073b60fbf5e6a891369b0a5e35.smt2 : 58 ms.
--------------------------------------------------
sat
QF_SLIA/20180523-Reynolds/pyex/peterc-pyex-doc-cav17-z3/pymongo/pymongo-mongoclient/5dd99d51388013c6631f591b40baf71f8deb4614416ff0c108fae81b.smt2 : 54405 ms.
--------------------------------------------------
sat
QF_SLIA/20180523-Reynolds/pyex/peterc-pyex-doc-cav17-z3/pymongo/pymongo-mongoclient/5dec760245ab49ca18daeedb8e0cc15afdbd474a7ad5d35e74f839fb.smt2 : 58217 ms.
--------------------------------------------------
sat
QF_SLIA/20180523-Reynolds/pyex/peterc-pyex-doc-cav17-z3/pymongo/pymongo-mongoclient/5dee9d1a52ac8e474c5d8dae0bc720e0737dae1c89d230256784abd8.smt2 : 2396 ms.
--------------------------------------------------
sat
QF_SLIA/20180523-Reynolds/pyex/peterc-pyex-doc-cav17-z3/pymongo/pymongo-mongoclient/5defe57cb519e5cc427ecf45696915b9b2986708c9028200bbc9c324.smt2 : 11141 ms.
--------------------------------------------------
sat
QF_SLIA/20180523-Reynolds/pyex/peterc-pyex-doc-cav17-z3/pymongo/pymongo-mongoclient/5e193db8c8abc8d27a8ccae055d0d0de613bc2915a5de4d2834d9346.smt2 : 10952 ms.
--------------------------------------------------
unsat
QF_SLIA/20180523-Reynolds/pyex/peterc-pyex-doc-cav17-z3/pymongo/pymongo-mongoclient/5e2a1c2138e3d133f4a54090ae71866324461a31e030332c75c9ccfd.smt2 : 85 ms.
--------------------------------------------------
sat
QF_SLIA/20180523-Reynolds/pyex/peterc-pyex-doc-cav17-z3/pymongo/pymongo-mongoclient/5e313844050cd110c42bd3bb588914c5d8413f2def89b6033e9ea8ba.smt2 : 80591 ms.
--------------------------------------------------
unsat
QF_SLIA/20180523-Reynolds/pyex/peterc-pyex-doc-cav17-z3/pymongo/pymongo-mongoclient/5e428fce7f54c8514459356fc61342178b8fc7f49551c58dc3381b96.smt2 : 54 ms.
--------------------------------------------------
sat
QF_SLIA/20180523-Reynolds/pyex/peterc-pyex-doc-cav17-z3/pymongo/pymongo-mongoclient/5e8681dcc91bc205192879d8db4e4d115387156461520140a479d5f5.smt2 : 250 ms.
--------------------------------------------------
sat
QF_SLIA/20180523-Reynolds/pyex/peterc-pyex-doc-cav17-z3/pymongo/pymongo-mongoclient/5e87b605c80d09b59a0866d884a25d8dfeac4245317c6a3349f451e7.smt2 : 274772 ms.
--------------------------------------------------
unsat
QF_SLIA/20180523-Reynolds/pyex/peterc-pyex-doc-cav17-z3/pymongo/pymongo-mongoclient/5e9696e1c79168c10d55541a560e48757f3d0c45f0c10e929319d436.smt2 : 103 ms.
--------------------------------------------------
unsat
QF_SLIA/20180523-Reynolds/pyex/peterc-pyex-doc-cav17-z3/pymongo/pymongo-mongoclient/5eb2c134f9823e1917f83672021b75e98848fb7dccc9796598a3817e.smt2 : 142 ms.
--------------------------------------------------
sat
QF_SLIA/20180523-Reynolds/pyex/peterc-pyex-doc-cav17-z3/pymongo/pymongo-mongoclient/5ebbd593d3e5f0348085ae4d4dbc575b42b4769bb00bdfea8b04940f.smt2 : 7518 ms.
--------------------------------------------------
sat
QF_SLIA/20180523-Reynolds/pyex/peterc-pyex-doc-cav17-z3/pymongo/pymongo-mongoclient/5ec1ebf3aa5efefff148f75e7d408783a16a22ad76c56d5cb8d4f2a5.smt2 : 31394 ms.
--------------------------------------------------
unsat
QF_SLIA/20180523-Reynolds/pyex/peterc-pyex-doc-cav17-z3/pymongo/pymongo-mongoclient/5ef52b3322b476a5bb4e341d9d8c5ffad3886a094f44ab88ac027b2a.smt2 : 82 ms.
--------------------------------------------------
sat
QF_SLIA/20180523-Reynolds/pyex/peterc-pyex-doc-cav17-z3/pymongo/pymongo-mongoclient/5f08cc30016d0613cea9e1e3962cc647563945a5cec6a5d30d90f2ca.smt2 : 26429 ms.
--------------------------------------------------
unsat
QF_SLIA/20180523-Reynolds/pyex/peterc-pyex-doc-cav17-z3/pymongo/pymongo-mongoclient/5f32e616a50dd1a00b1fbefc5cc4b4d04013620ce02de3991a0af32b.smt2 : 90 ms.
--------------------------------------------------
sat
QF_SLIA/20180523-Reynolds/pyex/peterc-pyex-doc-cav17-z3/pymongo/pymongo-mongoclient/5f33c355c2e0b4f83872507b52ab32ac4eb213f9f628f34eae93166d.smt2 : 6394 ms.
--------------------------------------------------
sat
QF_SLIA/20180523-Reynolds/pyex/peterc-pyex-doc-cav17-z3/pymongo/pymongo-mongoclient/60363eb16bac664c9e4b317cba0025e5ec4c16a99e3d222446feb6a3.smt2 : 2187 ms.
--------------------------------------------------
sat
QF_SLIA/20180523-Reynolds/pyex/peterc-pyex-doc-cav17-z3/pymongo/pymongo-mongoclient/6037d9756909e9ad5fff1968505ab8d578dc86c6525f175f1f6aaf08.smt2 : 21758 ms.
--------------------------------------------------
unsat
QF_SLIA/20180523-Reynolds/pyex/peterc-pyex-doc-cav17-z3/pymongo/pymongo-mongoclient/6038976e691a773e7cfb26ff6cd5fecb62765fc6db141ee4e62fbac4.smt2 : 107 ms.
--------------------------------------------------
unsat
QF_SLIA/20180523-Reynolds/pyex/peterc-pyex-doc-cav17-z3/pymongo/pymongo-mongoclient/6086f2d60cda3a54dccbe5f8a7d8bef2f78007446982283617fc8947.smt2 : 73 ms.
--------------------------------------------------
sat
QF_SLIA/20180523-Reynolds/pyex/peterc-pyex-doc-cav17-z3/pymongo/pymongo-mongoclient/60a21834eee0ceffec7ff5e86ac80e23bebdbbc7b5b00eb97d58cd6d.smt2 : 19957 ms.
--------------------------------------------------
unsat
QF_SLIA/20180523-Reynolds/pyex/peterc-pyex-doc-cav17-z3/pymongo/pymongo-mongoclient/60a644b0af8fbb335d42633ef79750a6697dbe04d798a00ace3ea762.smt2 : 113 ms.
--------------------------------------------------
sat
QF_SLIA/20180523-Reynolds/pyex/peterc-pyex-doc-cav17-z3/pymongo/pymongo-mongoclient/60ba5cbab7724ffe100f52aa77acba8bd7e2cac3dc6935712a6a425c.smt2 : 164 ms.
--------------------------------------------------
sat
QF_SLIA/20180523-Reynolds/pyex/peterc-pyex-doc-cav17-z3/pymongo/pymongo-mongoclient/60e40ac08555f0705d3785d50c62657f58baea490c2dd6342a720438.smt2 : 234 ms.
--------------------------------------------------
sat
QF_SLIA/20180523-Reynolds/pyex/peterc-pyex-doc-cav17-z3/pymongo/pymongo-mongoclient/60eca6a9477b6c8c5cd7e5ef1063272cd8add1c4acac43d8af5e581b.smt2 : 272 ms.
--------------------------------------------------
unsat
QF_SLIA/20180523-Reynolds/pyex/peterc-pyex-doc-cav17-z3/pymongo/pymongo-mongoclient/60ed68a0f24e6b24d1773ac3dd6dc4112899340e9374968074f05077.smt2 : 69 ms.
--------------------------------------------------
unknown

QF_SLIA/20180523-Reynolds/pyex/peterc-pyex-doc-cav17-z3/pymongo/pymongo-mongoclient/60f8feff7db8a2d4dd8ae0a146185c7be57e3c577dab35ea319a1dd2.smt2 : 1300749 ms.
--------------------------------------------------
sat
QF_SLIA/20180523-Reynolds/pyex/peterc-pyex-doc-cav17-z3/pymongo/pymongo-mongoclient/61552b6fd401cf7bb40282831199c99080345e8e0bbd7eb9c9c7640e.smt2 : 236 ms.
--------------------------------------------------
unsat
QF_SLIA/20180523-Reynolds/pyex/peterc-pyex-doc-cav17-z3/pymongo/pymongo-mongoclient/61610f6e0fa38c932ed5e80728eb599748c2f9ec246e259e998e373f.smt2 : 89 ms.
--------------------------------------------------
sat
QF_SLIA/20180523-Reynolds/pyex/peterc-pyex-doc-cav17-z3/pymongo/pymongo-mongoclient/619ad488881f9799f669ca0eabcd97a28d99879e34cc6e3341c83964.smt2 : 2378 ms.
--------------------------------------------------
unknown

QF_SLIA/20180523-Reynolds/pyex/peterc-pyex-doc-cav17-z3/pymongo/pymongo-mongoclient/61dace179d6bb3d043c939d263526788e8348346df9db249dcb233b0.smt2 : 1300436 ms.
--------------------------------------------------
sat
QF_SLIA/20180523-Reynolds/pyex/peterc-pyex-doc-cav17-z3/pymongo/pymongo-mongoclient/622746b2715bdd2c59cba0ea0f73a3ed3410de1f0c2b41e6923e051f.smt2 : 3913 ms.
--------------------------------------------------
unsat
QF_SLIA/20180523-Reynolds/pyex/peterc-pyex-doc-cav17-z3/pymongo/pymongo-mongoclient/623ac4797a58b171e5d799972ef19bb727bf377183ae272df6a593cf.smt2 : 81 ms.
--------------------------------------------------
unsat
QF_SLIA/20180523-Reynolds/pyex/peterc-pyex-doc-cav17-z3/pymongo/pymongo-mongoclient/62864e502d3a3bfcf11f207bf683230ea107b8a3ed95d4a667314841.smt2 : 101 ms.
--------------------------------------------------
sat
QF_SLIA/20180523-Reynolds/pyex/peterc-pyex-doc-cav17-z3/pymongo/pymongo-mongoclient/629dbe8e293f98e8b28a71e48ec478c2954d6248c09a5fb51b363d23.smt2 : 1707 ms.
--------------------------------------------------
unsat
QF_SLIA/20180523-Reynolds/pyex/peterc-pyex-doc-cav17-z3/pymongo/pymongo-mongoclient/62b215a06f6c683bd2339f4bd77bf6465483fd52eb2f38436081e9ef.smt2 : 77 ms.
--------------------------------------------------
sat
QF_SLIA/20180523-Reynolds/pyex/peterc-pyex-doc-cav17-z3/pymongo/pymongo-mongoclient/62cd41e6343776dea5457abee01785c44b5fc9f84bb64a7842f32441.smt2 : 1555 ms.
--------------------------------------------------
unsat
QF_SLIA/20180523-Reynolds/pyex/peterc-pyex-doc-cav17-z3/pymongo/pymongo-mongoclient/62cf551379977213166b8903e1d027af38d23a28746e3e0165451831.smt2 : 85 ms.
--------------------------------------------------
sat
QF_SLIA/20180523-Reynolds/pyex/peterc-pyex-doc-cav17-z3/pymongo/pymongo-mongoclient/62f2f8cf12244b21e7ae25cb9e6643191bb985e52de947c65ad3b5cf.smt2 : 123 ms.
--------------------------------------------------
sat
QF_SLIA/20180523-Reynolds/pyex/peterc-pyex-doc-cav17-z3/pymongo/pymongo-mongoclient/6311b0b4046c7bebca8a196b440d8088078211770ac35ac941ebdd77.smt2 : 1171 ms.
--------------------------------------------------
sat
QF_SLIA/20180523-Reynolds/pyex/peterc-pyex-doc-cav17-z3/pymongo/pymongo-mongoclient/631afba6c9d116e739948620eb521de5837f56ea90c660fabb736288.smt2 : 19339 ms.
--------------------------------------------------
sat
QF_SLIA/20180523-Reynolds/pyex/peterc-pyex-doc-cav17-z3/pymongo/pymongo-mongoclient/631f5d3bf0fe4d8e2060af65fd5b67be9715637fee10b11cf6c3636a.smt2 : 222 ms.
--------------------------------------------------
unknown
sat
QF_SLIA/20180523-Reynolds/pyex/peterc-pyex-doc-cav17-z3/pymongo/pymongo-mongoclient/632f51be305da44e516d76b57898af2b573a634decfe4ad35d37d267.smt2 : 890433 ms.
--------------------------------------------------
unknown

QF_SLIA/20180523-Reynolds/pyex/peterc-pyex-doc-cav17-z3/pymongo/pymongo-mongoclient/633bfabbee325d374a667b02e838ddfffd264a17cf5cc1d39e04eaf8.smt2 : 1300790 ms.
--------------------------------------------------
sat
QF_SLIA/20180523-Reynolds/pyex/peterc-pyex-doc-cav17-z3/pymongo/pymongo-mongoclient/633d9d8991f4f841ebcf5c2cf5cbc9944e646f1824cdb158bd947881.smt2 : 154111 ms.
--------------------------------------------------
unsat
QF_SLIA/20180523-Reynolds/pyex/peterc-pyex-doc-cav17-z3/pymongo/pymongo-mongoclient/6342e48da2eb567598ec227cadb1bc04db0a322d55e9a998ac2ead52.smt2 : 83 ms.
--------------------------------------------------
sat
QF_SLIA/20180523-Reynolds/pyex/peterc-pyex-doc-cav17-z3/pymongo/pymongo-mongoclient/6378651effddd1175778f31f9206ebe61975ddcad4755fe7b361e80e.smt2 : 8894 ms.
--------------------------------------------------
sat
QF_SLIA/20180523-Reynolds/pyex/peterc-pyex-doc-cav17-z3/pymongo/pymongo-mongoclient/63d3c89cc5e92a59c2b04d8e4d3bac80bba05a4372deaf2a30b04a01.smt2 : 336 ms.
--------------------------------------------------
sat
QF_SLIA/20180523-Reynolds/pyex/peterc-pyex-doc-cav17-z3/pymongo/pymongo-mongoclient/641ef2b60a54b0c8245e02793fb0afec2bfa636aa250f3397832b77f.smt2 : 1948 ms.
--------------------------------------------------
sat
QF_SLIA/20180523-Reynolds/pyex/peterc-pyex-doc-cav17-z3/pymongo/pymongo-mongoclient/64293d8510e51b86d2e3637515e59296ab9fcb907ae7ccbd79ef8c30.smt2 : 76 ms.
--------------------------------------------------
sat
QF_SLIA/20180523-Reynolds/pyex/peterc-pyex-doc-cav17-z3/pymongo/pymongo-mongoclient/6444c4183ac4cbbf79bfbb84c7fe989ab7601d75fcaca6565d670419.smt2 : 2120 ms.
--------------------------------------------------
sat
QF_SLIA/20180523-Reynolds/pyex/peterc-pyex-doc-cav17-z3/pymongo/pymongo-mongoclient/644b3010cfc64a4d30e95679ecf5447f57c21b6aa08dc9b1e66d1329.smt2 : 3154 ms.
--------------------------------------------------
sat
QF_SLIA/20180523-Reynolds/pyex/peterc-pyex-doc-cav17-z3/pymongo/pymongo-mongoclient/647955fc683b036da127ade4a5e3a99aaee5a33f58b8f79701f08e1b.smt2 : 36332 ms.
--------------------------------------------------
sat
QF_SLIA/20180523-Reynolds/pyex/peterc-pyex-doc-cav17-z3/pymongo/pymongo-mongoclient/648540cf178721e15af3e30812b30775d7ddec5d357f376ec4401804.smt2 : 8141 ms.
--------------------------------------------------
unsat
QF_SLIA/20180523-Reynolds/pyex/peterc-pyex-doc-cav17-z3/pymongo/pymongo-mongoclient/6489858034a0569e089669269dd3b096e1c4ae19ff937c5d6c3f2872.smt2 : 936 ms.
--------------------------------------------------
unsat
QF_SLIA/20180523-Reynolds/pyex/peterc-pyex-doc-cav17-z3/pymongo/pymongo-mongoclient/648c9246eda68e0a8640a518589ac8a0ef878ac0cde70f065dcaab80.smt2 : 73 ms.
--------------------------------------------------
unknown
sat
QF_SLIA/20180523-Reynolds/pyex/peterc-pyex-doc-cav17-z3/pymongo/pymongo-mongoclient/64a105cad25bd1bf3e015217a716ddb4f95f0ff3cae60dbd05be3b00.smt2 : 912904 ms.
--------------------------------------------------
sat
QF_SLIA/20180523-Reynolds/pyex/peterc-pyex-doc-cav17-z3/pymongo/pymongo-mongoclient/64ac5870e88da3fea331c2e9470ba6faccc009c667a26272d25cefc4.smt2 : 21784 ms.
--------------------------------------------------
sat
QF_SLIA/20180523-Reynolds/pyex/peterc-pyex-doc-cav17-z3/pymongo/pymongo-mongoclient/64bc9787557d10a582cb542d18f1a6b33efadeae5e46d212d5fe03fe.smt2 : 1648 ms.
--------------------------------------------------
sat
QF_SLIA/20180523-Reynolds/pyex/peterc-pyex-doc-cav17-z3/pymongo/pymongo-mongoclient/650c5042a46edd2f4bf4e3bdfb2b3b738a24aa871a042863d4b7a1fa.smt2 : 2388 ms.
--------------------------------------------------
sat
QF_SLIA/20180523-Reynolds/pyex/peterc-pyex-doc-cav17-z3/pymongo/pymongo-mongoclient/652bc81ebd2d87265ff5d0c13c90ec4c8a3b9152b5de87592f21ff4a.smt2 : 1691 ms.
--------------------------------------------------
unsat
QF_SLIA/20180523-Reynolds/pyex/peterc-pyex-doc-cav17-z3/pymongo/pymongo-mongoclient/65411a79601964bc6e3e4f465a8b2712c447d35636c97df6773746b7.smt2 : 74 ms.
--------------------------------------------------
sat
QF_SLIA/20180523-Reynolds/pyex/peterc-pyex-doc-cav17-z3/pymongo/pymongo-mongoclient/6544466cc919a5087758e527420251ea9cde514ff2a796b35294bb50.smt2 : 1309 ms.
--------------------------------------------------
sat
QF_SLIA/20180523-Reynolds/pyex/peterc-pyex-doc-cav17-z3/pymongo/pymongo-mongoclient/654a09f972ab56168b98692c351165625c1b4c8a9b1f91f2b219883a.smt2 : 178 ms.
--------------------------------------------------
sat
QF_SLIA/20180523-Reynolds/pyex/peterc-pyex-doc-cav17-z3/pymongo/pymongo-mongoclient/65623bdf281dd195315d817c339eefd804adfefb0fa23d22315f5115.smt2 : 1913 ms.
--------------------------------------------------
unsat
QF_SLIA/20180523-Reynolds/pyex/peterc-pyex-doc-cav17-z3/pymongo/pymongo-mongoclient/659529b7d81286a44684d93bdc42bf87438fd0d354e4363ec4f9ff1c.smt2 : 57 ms.
--------------------------------------------------
unsat
QF_SLIA/20180523-Reynolds/pyex/peterc-pyex-doc-cav17-z3/pymongo/pymongo-mongoclient/65b18fd026b8bf1a34937319a26e9cd8814c6c8a98ea29f0e0fa0c97.smt2 : 64 ms.
--------------------------------------------------
sat
QF_SLIA/20180523-Reynolds/pyex/peterc-pyex-doc-cav17-z3/pymongo/pymongo-mongoclient/65c16518d67e0b8f1e7017426b1d006eb5a3f99bef8a99492ae29e1c.smt2 : 19895 ms.
--------------------------------------------------
unknown
sat
QF_SLIA/20180523-Reynolds/pyex/peterc-pyex-doc-cav17-z3/pymongo/pymongo-mongoclient/65e6f731f35aaff9a6f3210edcda55b9c7b62ae934aa979684d98639.smt2 : 1243374 ms.
--------------------------------------------------
sat
QF_SLIA/20180523-Reynolds/pyex/peterc-pyex-doc-cav17-z3/pymongo/pymongo-mongoclient/65eb3dbd979808bc8889314703efc817634a2f5ab138b3582b277783.smt2 : 576 ms.
--------------------------------------------------
sat
QF_SLIA/20180523-Reynolds/pyex/peterc-pyex-doc-cav17-z3/pymongo/pymongo-mongoclient/660de343e53e4d11b7d1596994b881f0e0c3ecbddce29387e10ec297.smt2 : 1681 ms.
--------------------------------------------------
unsat
QF_SLIA/20180523-Reynolds/pyex/peterc-pyex-doc-cav17-z3/pymongo/pymongo-mongoclient/66191feaa977236a9656b8bfadd0678b7d7927e2561667df3d75903d.smt2 : 104 ms.
--------------------------------------------------
sat
QF_SLIA/20180523-Reynolds/pyex/peterc-pyex-doc-cav17-z3/pymongo/pymongo-mongoclient/663063bb5816b3c4638f6767d7a74f6e9172aac63c761426a007d921.smt2 : 8818 ms.
--------------------------------------------------
sat
QF_SLIA/20180523-Reynolds/pyex/peterc-pyex-doc-cav17-z3/pymongo/pymongo-mongoclient/66588f24e337aee66568943edb212396df8db90a70f46f11e6d3f275.smt2 : 9829 ms.
--------------------------------------------------
sat
QF_SLIA/20180523-Reynolds/pyex/peterc-pyex-doc-cav17-z3/pymongo/pymongo-mongoclient/665a3c0f61b8f7858e008f7d6bcaab3300fb792b42060037540d30d7.smt2 : 34800 ms.
--------------------------------------------------
sat
QF_SLIA/20180523-Reynolds/pyex/peterc-pyex-doc-cav17-z3/pymongo/pymongo-mongoclient/66649c9bbbb0a4c8af23682ce455f62a9b16d08aa317fc6c47cd3d43.smt2 : 2910 ms.
--------------------------------------------------
unsat
QF_SLIA/20180523-Reynolds/pyex/peterc-pyex-doc-cav17-z3/pymongo/pymongo-mongoclient/668baff36237a14b25e5f1fbd1ffe85173c0e6605bb3653aa0431d05.smt2 : 215 ms.
--------------------------------------------------
sat
QF_SLIA/20180523-Reynolds/pyex/peterc-pyex-doc-cav17-z3/pymongo/pymongo-mongoclient/66923f0fc2365f7ddfaed795995a84409e7b4187a532b2ae93dabe47.smt2 : 626 ms.
--------------------------------------------------
sat
QF_SLIA/20180523-Reynolds/pyex/peterc-pyex-doc-cav17-z3/pymongo/pymongo-mongoclient/66d730d19aadf30f1d136546f9557278a3047698dbe1e7747512af8e.smt2 : 597 ms.
--------------------------------------------------
sat
QF_SLIA/20180523-Reynolds/pyex/peterc-pyex-doc-cav17-z3/pymongo/pymongo-mongoclient/670300290e81fe0d9740b68af327282550091428afdaf044484124ff.smt2 : 1305 ms.
--------------------------------------------------
unsat
QF_SLIA/20180523-Reynolds/pyex/peterc-pyex-doc-cav17-z3/pymongo/pymongo-mongoclient/6706064ab8ace662c85612e5bc284d682c58d9a3bc017fc4e6278059.smt2 : 75 ms.
--------------------------------------------------
unknown
sat
QF_SLIA/20180523-Reynolds/pyex/peterc-pyex-doc-cav17-z3/pymongo/pymongo-mongoclient/675cffde7dbe1f2a84a16acb37d74cb8904cb0d278f764d3199792e7.smt2 : 894255 ms.
--------------------------------------------------
unsat
QF_SLIA/20180523-Reynolds/pyex/peterc-pyex-doc-cav17-z3/pymongo/pymongo-mongoclient/675dba122970504e1053fde804af8fda0b40843c204b59acf1d2484d.smt2 : 85 ms.
--------------------------------------------------
unsat
QF_SLIA/20180523-Reynolds/pyex/peterc-pyex-doc-cav17-z3/pymongo/pymongo-mongoclient/679b3e07a88888725a44860ac36b75da0cdcc0d61267bcae68c423b1.smt2 : 101 ms.
--------------------------------------------------
sat
QF_SLIA/20180523-Reynolds/pyex/peterc-pyex-doc-cav17-z3/pymongo/pymongo-mongoclient/67bb34f491395cdd4cebe3c2edeb36bfe6168860db13f649785b6829.smt2 : 8801 ms.
--------------------------------------------------
sat
QF_SLIA/20180523-Reynolds/pyex/peterc-pyex-doc-cav17-z3/pymongo/pymongo-mongoclient/67f3e655ebff440d1a0448b7b5b94911253f564825741cff64223218.smt2 : 47765 ms.
--------------------------------------------------
sat
QF_SLIA/20180523-Reynolds/pyex/peterc-pyex-doc-cav17-z3/pymongo/pymongo-mongoclient/680cdb41a122cad964744943453337f2b6912cd30a6e3b3651691e48.smt2 : 252022 ms.
--------------------------------------------------
unsat
QF_SLIA/20180523-Reynolds/pyex/peterc-pyex-doc-cav17-z3/pymongo/pymongo-mongoclient/68213083a0a8c13d70ce324c6103f11d0d86cf1884a148b0da3df789.smt2 : 215 ms.
--------------------------------------------------
unsat
QF_SLIA/20180523-Reynolds/pyex/peterc-pyex-doc-cav17-z3/pymongo/pymongo-mongoclient/685ae56e72b7203181ac195dee04c9e14a0b0e3758ba93a8331f9c18.smt2 : 59 ms.
--------------------------------------------------
sat
QF_SLIA/20180523-Reynolds/pyex/peterc-pyex-doc-cav17-z3/pymongo/pymongo-mongoclient/68887f74a84682d97f7ac79ce151e24358ed5258464b209479c9aede.smt2 : 38403 ms.
--------------------------------------------------
sat
QF_SLIA/20180523-Reynolds/pyex/peterc-pyex-doc-cav17-z3/pymongo/pymongo-mongoclient/689308cd6440541a28222807366580c793c175a0cd57d5d6798e567b.smt2 : 4987 ms.
--------------------------------------------------
unsat
QF_SLIA/20180523-Reynolds/pyex/peterc-pyex-doc-cav17-z3/pymongo/pymongo-mongoclient/68c8b39f2bb3ab49dac31979e1b427cc3384a0c8b272baef470d8bda.smt2 : 4911 ms.
--------------------------------------------------
unknown
sat
QF_SLIA/20180523-Reynolds/pyex/peterc-pyex-doc-cav17-z3/pymongo/pymongo-mongoclient/68d6a85ce163ecd2d8fe6a5d8cba2e8d8dce7423bf5684a56bac1a88.smt2 : 873738 ms.
--------------------------------------------------
unsat
QF_SLIA/20180523-Reynolds/pyex/peterc-pyex-doc-cav17-z3/pymongo/pymongo-mongoclient/68de1fb3c3b6c0dfafd19c09bd1034571b2a398b87e2a075dd569a3e.smt2 : 108 ms.
--------------------------------------------------
sat
QF_SLIA/20180523-Reynolds/pyex/peterc-pyex-doc-cav17-z3/pymongo/pymongo-mongoclient/68e078b428a4447aab82be83527170ce1cc35abcffddbd44764a614c.smt2 : 90866 ms.
--------------------------------------------------
sat
QF_SLIA/20180523-Reynolds/pyex/peterc-pyex-doc-cav17-z3/pymongo/pymongo-mongoclient/68f6a271507fff3ed689239d3a69ca7914916ab9a227887d54194de1.smt2 : 1395 ms.
--------------------------------------------------
sat
QF_SLIA/20180523-Reynolds/pyex/peterc-pyex-doc-cav17-z3/pymongo/pymongo-mongoclient/69021f23e89f9ad1adb827e4763c147389ea4550bd34d0c00947c06b.smt2 : 1010 ms.
--------------------------------------------------
sat
QF_SLIA/20180523-Reynolds/pyex/peterc-pyex-doc-cav17-z3/pymongo/pymongo-mongoclient/69220ffc8edecda604ef4c9b6f9d8f7c92e276fcd2a8ffb8d8b5fe40.smt2 : 159 ms.
--------------------------------------------------
sat
QF_SLIA/20180523-Reynolds/pyex/peterc-pyex-doc-cav17-z3/pymongo/pymongo-mongoclient/6931a07ee85173083e1aacf1285c9f3aa04d14e7ab1b8d6660072d50.smt2 : 8705 ms.
--------------------------------------------------
sat
QF_SLIA/20180523-Reynolds/pyex/peterc-pyex-doc-cav17-z3/pymongo/pymongo-mongoclient/6931dcf978d758f20007165a5858e39a665c484522a2c7061499c7b2.smt2 : 183425 ms.
--------------------------------------------------
sat
QF_SLIA/20180523-Reynolds/pyex/peterc-pyex-doc-cav17-z3/pymongo/pymongo-mongoclient/694a92e5561944553afd2240155adb9e8b6e127e82b784fe0caeea80.smt2 : 1609 ms.
--------------------------------------------------
sat
QF_SLIA/20180523-Reynolds/pyex/peterc-pyex-doc-cav17-z3/pymongo/pymongo-mongoclient/6951e8935dd17e1b713664c899fed6fd377981cc0a6748f7bd66ae18.smt2 : 244 ms.
--------------------------------------------------
sat
QF_SLIA/20180523-Reynolds/pyex/peterc-pyex-doc-cav17-z3/pymongo/pymongo-mongoclient/69a496c936407da66661da61c885c2bcdc056b65eec3b274aa0e1d5b.smt2 : 578 ms.
--------------------------------------------------
unknown
sat
QF_SLIA/20180523-Reynolds/pyex/peterc-pyex-doc-cav17-z3/pymongo/pymongo-mongoclient/69b72d7b6902c1ec1514a1505ee2eb49c86ab62904191b6be1d4c729.smt2 : 807806 ms.
--------------------------------------------------
unsat
QF_SLIA/20180523-Reynolds/pyex/peterc-pyex-doc-cav17-z3/pymongo/pymongo-mongoclient/69ba4c74bf0833fc28b810bf103e3cd16a0855f88fcf4ff07178a576.smt2 : 50 ms.
--------------------------------------------------
sat
QF_SLIA/20180523-Reynolds/pyex/peterc-pyex-doc-cav17-z3/pymongo/pymongo-mongoclient/69d390dcc0ece1b98734fc13cd228cbd696c8ab624c3bb6bf1c1b1ec.smt2 : 23709 ms.
--------------------------------------------------
unknown
sat
QF_SLIA/20180523-Reynolds/pyex/peterc-pyex-doc-cav17-z3/pymongo/pymongo-mongoclient/6a0a24812738433eabb0a51d9319e16a8f7bd85ac32e92b240db47fa.smt2 : 675939 ms.
--------------------------------------------------
unknown
sat
QF_SLIA/20180523-Reynolds/pyex/peterc-pyex-doc-cav17-z3/pymongo/pymongo-mongoclient/6a167f47dae5d6581937260fd307552d36e09f2956fa544d11ef776d.smt2 : 1029792 ms.
--------------------------------------------------
sat
QF_SLIA/20180523-Reynolds/pyex/peterc-pyex-doc-cav17-z3/pymongo/pymongo-mongoclient/6a34120dedaeec6c8d0666804311911d144b761a16fdacc6912c63bd.smt2 : 289 ms.
--------------------------------------------------
sat
QF_SLIA/20180523-Reynolds/pyex/peterc-pyex-doc-cav17-z3/pymongo/pymongo-mongoclient/6a3e9e277deb045aae62644fa63a18a497357a1b6409e3988ddb5b04.smt2 : 1669 ms.
--------------------------------------------------
sat
QF_SLIA/20180523-Reynolds/pyex/peterc-pyex-doc-cav17-z3/pymongo/pymongo-mongoclient/6a5404e2219b85f28794a4ac9d1b7f5e3c5b2e142c943c8cb0e5ade2.smt2 : 5116 ms.
--------------------------------------------------
unsat
QF_SLIA/20180523-Reynolds/pyex/peterc-pyex-doc-cav17-z3/pymongo/pymongo-mongoclient/6a622b8736653da81d8b0edf633cff0e75f488e6e2251a18115295a0.smt2 : 68 ms.
--------------------------------------------------
sat
QF_SLIA/20180523-Reynolds/pyex/peterc-pyex-doc-cav17-z3/pymongo/pymongo-mongoclient/6a793395b6c74c69714397433627951ac85dbf90cb53da969d21e25e.smt2 : 15488 ms.
--------------------------------------------------
unsat
QF_SLIA/20180523-Reynolds/pyex/peterc-pyex-doc-cav17-z3/pymongo/pymongo-mongoclient/6a7eca6a2b5eca14a3ff82c751b52b8775cc7ce1db96e62b4e49f9f6.smt2 : 66 ms.
--------------------------------------------------
sat
QF_SLIA/20180523-Reynolds/pyex/peterc-pyex-doc-cav17-z3/pymongo/pymongo-mongoclient/6a85293718b0ddd6393c6e6a3ba6e029afe1c19ce68621efdeaa5576.smt2 : 710 ms.
--------------------------------------------------
sat
QF_SLIA/20180523-Reynolds/pyex/peterc-pyex-doc-cav17-z3/pymongo/pymongo-mongoclient/6a9e01447816c24a71363fe090c3d2852306e20a09b5a99af003d092.smt2 : 8147 ms.
--------------------------------------------------
unsat
QF_SLIA/20180523-Reynolds/pyex/peterc-pyex-doc-cav17-z3/pymongo/pymongo-mongoclient/6ab404eefd22329fafc4e6c6c656a9623ad04a590df975ba63353d95.smt2 : 64 ms.
--------------------------------------------------
unknown

QF_SLIA/20180523-Reynolds/pyex/peterc-pyex-doc-cav17-z3/pymongo/pymongo-mongoclient/6b0f99d6a9857597f969f187f37bc1c5478ab290bee1f68ab6397bfc.smt2 : 1300800 ms.
--------------------------------------------------
unsat
QF_SLIA/20180523-Reynolds/pyex/peterc-pyex-doc-cav17-z3/pymongo/pymongo-mongoclient/6b1aa08af273ff1a9de91b96db094f2e2cf60fb7fb87f068a25c0b66.smt2 : 21209 ms.
--------------------------------------------------
sat
QF_SLIA/20180523-Reynolds/pyex/peterc-pyex-doc-cav17-z3/pymongo/pymongo-mongoclient/6b6c816366797d3156fc06264d7d3133bb21f4efa2702a13e5ce7658.smt2 : 17514 ms.
--------------------------------------------------
unsat
QF_SLIA/20180523-Reynolds/pyex/peterc-pyex-doc-cav17-z3/pymongo/pymongo-mongoclient/6bac693616227560677ea7a7a096b5d02ae7bb8d1b0b71db78e69747.smt2 : 63 ms.
--------------------------------------------------
unsat
QF_SLIA/20180523-Reynolds/pyex/peterc-pyex-doc-cav17-z3/pymongo/pymongo-mongoclient/6c0121bebe3299c19a9b7fdd4c016f82c65317db4a783ccc0f16365f.smt2 : 79 ms.
--------------------------------------------------
sat
QF_SLIA/20180523-Reynolds/pyex/peterc-pyex-doc-cav17-z3/pymongo/pymongo-mongoclient/6c1522e955a16986b306a061779f63c3ecedee236bdd9a2ab7dac037.smt2 : 3047 ms.
--------------------------------------------------
sat
QF_SLIA/20180523-Reynolds/pyex/peterc-pyex-doc-cav17-z3/pymongo/pymongo-mongoclient/6c53464a3ac657831bd1b1af7c518ca2732afe077cd24860bb71682d.smt2 : 7526 ms.
--------------------------------------------------
unsat
QF_SLIA/20180523-Reynolds/pyex/peterc-pyex-doc-cav17-z3/pymongo/pymongo-mongoclient/6c6cadfe358fca5e737ee026dc7d8866892e710ca3a62f46ac72aec6.smt2 : 51 ms.
--------------------------------------------------
sat
QF_SLIA/20180523-Reynolds/pyex/peterc-pyex-doc-cav17-z3/pymongo/pymongo-mongoclient/6caa7c84440bddce8b35e456157e0899ce49fcb39e5e33709696471c.smt2 : 3109 ms.
--------------------------------------------------
sat
QF_SLIA/20180523-Reynolds/pyex/peterc-pyex-doc-cav17-z3/pymongo/pymongo-mongoclient/6cb65945a6271009c0e4278cd948e1d9713d8f51caef3ced6a0905c1.smt2 : 223 ms.
--------------------------------------------------
sat
QF_SLIA/20180523-Reynolds/pyex/peterc-pyex-doc-cav17-z3/pymongo/pymongo-mongoclient/6cbddfe85645de35cee3f397408d4c02e6cf39c339baacb1ddd870f8.smt2 : 13215 ms.
--------------------------------------------------
sat
QF_SLIA/20180523-Reynolds/pyex/peterc-pyex-doc-cav17-z3/pymongo/pymongo-mongoclient/6ccf04491b12b9b42ff0ee22a002b36e01395318048d55a2d3c17166.smt2 : 43405 ms.
--------------------------------------------------
sat
QF_SLIA/20180523-Reynolds/pyex/peterc-pyex-doc-cav17-z3/pymongo/pymongo-mongoclient/6cd101946aa16b4fbd104326fd56165d8ce0871e86fe1eb57e8f780b.smt2 : 998 ms.
--------------------------------------------------
unknown

QF_SLIA/20180523-Reynolds/pyex/peterc-pyex-doc-cav17-z3/pymongo/pymongo-mongoclient/6ce0268019a6e1b298ba4ab904f96e6cbf9efa09f5dda0152e0596c7.smt2 : 1300521 ms.
--------------------------------------------------
unsat
QF_SLIA/20180523-Reynolds/pyex/peterc-pyex-doc-cav17-z3/pymongo/pymongo-mongoclient/6d224f155fdee3e5a88b45a5c31a1e76768b429af7ad1923569f322c.smt2 : 95 ms.
--------------------------------------------------
unsat
QF_SLIA/20180523-Reynolds/pyex/peterc-pyex-doc-cav17-z3/pymongo/pymongo-mongoclient/6d24690cf1b14f27d8a64c8fa0f8b81a5c15893562f4a4a3fac70fd9.smt2 : 90 ms.
--------------------------------------------------
sat
QF_SLIA/20180523-Reynolds/pyex/peterc-pyex-doc-cav17-z3/pymongo/pymongo-mongoclient/6d341dbbe150188775e58e175203e7fa2fd475b6e54ddb2a5cfda35e.smt2 : 5453 ms.
--------------------------------------------------
unknown

QF_SLIA/20180523-Reynolds/pyex/peterc-pyex-doc-cav17-z3/pymongo/pymongo-mongoclient/6d395474ee8eb92a56f8e23a9ce429532540170e86477aed71da29b4.smt2 : 1300328 ms.
--------------------------------------------------
sat
QF_SLIA/20180523-Reynolds/pyex/peterc-pyex-doc-cav17-z3/pymongo/pymongo-mongoclient/6d8253c08547a51bf4ce65d615ac6b6ef56aa2d98dc587c00f7982c0.smt2 : 4438 ms.
--------------------------------------------------
unsat
QF_SLIA/20180523-Reynolds/pyex/peterc-pyex-doc-cav17-z3/pymongo/pymongo-mongoclient/6dbf823e0bd2cc49e77c0cc548ade0906c651a4b33e6f9f704ac4d13.smt2 : 50 ms.
--------------------------------------------------
sat
QF_SLIA/20180523-Reynolds/pyex/peterc-pyex-doc-cav17-z3/pymongo/pymongo-mongoclient/6dd0e099e5698ae77d0ba06892defb416a7805763ffd775a90b989f1.smt2 : 342 ms.
--------------------------------------------------
unknown
sat
QF_SLIA/20180523-Reynolds/pyex/peterc-pyex-doc-cav17-z3/pymongo/pymongo-mongoclient/6dd6451a39cb013fbd66f7ac59dc12c22caad2ea469771e0085990b1.smt2 : 1175795 ms.
--------------------------------------------------
sat
QF_SLIA/20180523-Reynolds/pyex/peterc-pyex-doc-cav17-z3/pymongo/pymongo-mongoclient/6e2135f0499f211a164f1a02558dc66a818abe1a8bede2198d0f1ede.smt2 : 7691 ms.
--------------------------------------------------
sat
QF_SLIA/20180523-Reynolds/pyex/peterc-pyex-doc-cav17-z3/pymongo/pymongo-mongoclient/6e2f33ff0e8f89417548c6b0fac54aa51f345f19ca1f3391058845b7.smt2 : 167 ms.
--------------------------------------------------
unsat
QF_SLIA/20180523-Reynolds/pyex/peterc-pyex-doc-cav17-z3/pymongo/pymongo-mongoclient/6e3d79b3761d1cb47b25767276b179403e4105aa58da19c5ad2b44cf.smt2 : 105 ms.
--------------------------------------------------
sat
QF_SLIA/20180523-Reynolds/pyex/peterc-pyex-doc-cav17-z3/pymongo/pymongo-mongoclient/6e454fa6f70c5cc03ca995388d92c2d3861c84cc30f65b3da07e6bda.smt2 : 3156 ms.
--------------------------------------------------
sat
QF_SLIA/20180523-Reynolds/pyex/peterc-pyex-doc-cav17-z3/pymongo/pymongo-mongoclient/6e7497cdeec831780d980800e7b6d99d70368949dfecde8f7325ddc5.smt2 : 711 ms.
--------------------------------------------------
sat
QF_SLIA/20180523-Reynolds/pyex/peterc-pyex-doc-cav17-z3/pymongo/pymongo-mongoclient/6e989ec4a0cb6bd406c48b6f5a041f2425fc3e31eb42c585394bb2b0.smt2 : 2742 ms.
--------------------------------------------------
sat
QF_SLIA/20180523-Reynolds/pyex/peterc-pyex-doc-cav17-z3/pymongo/pymongo-mongoclient/6eff7c68a6ed8b01fc1ebe3e715b5ad90f8f110bdfc3d4b544daf3de.smt2 : 2951 ms.
--------------------------------------------------
unsat
QF_SLIA/20180523-Reynolds/pyex/peterc-pyex-doc-cav17-z3/pymongo/pymongo-mongoclient/6f1cb7dff127f138f380db34ed6f48101cf752cbdd753f96686988bb.smt2 : 72 ms.
--------------------------------------------------
sat
QF_SLIA/20180523-Reynolds/pyex/peterc-pyex-doc-cav17-z3/pymongo/pymongo-mongoclient/6f2dd048791a5c725419a7cd5f6406438a43ebc088d4f5a705a55a26.smt2 : 1047 ms.
--------------------------------------------------
sat
QF_SLIA/20180523-Reynolds/pyex/peterc-pyex-doc-cav17-z3/pymongo/pymongo-mongoclient/6f36ced68e7e831fbcbf99148329af238155b6bc5411fdc83638964d.smt2 : 785 ms.
--------------------------------------------------
sat
QF_SLIA/20180523-Reynolds/pyex/peterc-pyex-doc-cav17-z3/pymongo/pymongo-mongoclient/6f7aac6ead7ee2130470048e0af562ae1fe825beeaeeedd296cd43d0.smt2 : 92962 ms.
--------------------------------------------------
sat
QF_SLIA/20180523-Reynolds/pyex/peterc-pyex-doc-cav17-z3/pymongo/pymongo-mongoclient/6f7b11bab0190608f35b8e76eec1955776cd2e8a3c93487fe14bb1c9.smt2 : 15225 ms.
--------------------------------------------------
unknown

QF_SLIA/20180523-Reynolds/pyex/peterc-pyex-doc-cav17-z3/pymongo/pymongo-mongoclient/6fb9ce2769d8345249dbe0820bc300e8e28a74d587355cdcd0d24230.smt2 : 1300321 ms.
--------------------------------------------------
sat
QF_SLIA/20180523-Reynolds/pyex/peterc-pyex-doc-cav17-z3/pymongo/pymongo-mongoclient/6fbeaf06a471ec708e7f3286675c86fca610dd1ff0e2989ad33702f5.smt2 : 23536 ms.
--------------------------------------------------
sat
QF_SLIA/20180523-Reynolds/pyex/peterc-pyex-doc-cav17-z3/pymongo/pymongo-mongoclient/6fdf963d35bbd344a268669c6a35177a68293fed21eb9bf33ed314fc.smt2 : 70 ms.
--------------------------------------------------
sat
QF_SLIA/20180523-Reynolds/pyex/peterc-pyex-doc-cav17-z3/pymongo/pymongo-mongoclient/6ff9c5cc831af99216035ae017605bb5a6880f12e99016e972e85b36.smt2 : 3019 ms.
--------------------------------------------------
unsat
QF_SLIA/20180523-Reynolds/pyex/peterc-pyex-doc-cav17-z3/pymongo/pymongo-mongoclient/700713d519434dab125abfd9f146f197d524312848e76c0748eb2ee3.smt2 : 57 ms.
--------------------------------------------------
sat
QF_SLIA/20180523-Reynolds/pyex/peterc-pyex-doc-cav17-z3/pymongo/pymongo-mongoclient/700a42a2af6e8ac13a59ac6a5683f4320d8dd5d68af97291877942b0.smt2 : 1426 ms.
--------------------------------------------------
sat
QF_SLIA/20180523-Reynolds/pyex/peterc-pyex-doc-cav17-z3/pymongo/pymongo-mongoclient/700c7b9781772ea6828bd20de158e8ac440be51ec59d0dc69a70c630.smt2 : 42656 ms.
--------------------------------------------------
sat
QF_SLIA/20180523-Reynolds/pyex/peterc-pyex-doc-cav17-z3/pymongo/pymongo-mongoclient/701cbbdfc63860b21ff40fdffaffa518725dd6a82b2878afcd1b14e7.smt2 : 46094 ms.
--------------------------------------------------
sat
QF_SLIA/20180523-Reynolds/pyex/peterc-pyex-doc-cav17-z3/pymongo/pymongo-mongoclient/70219e194c69ee36bfde69cb93ffa0ab2b2a3129f30a60bae9de2ce4.smt2 : 289 ms.
--------------------------------------------------
sat
QF_SLIA/20180523-Reynolds/pyex/peterc-pyex-doc-cav17-z3/pymongo/pymongo-mongoclient/7046df78a698c6060060488f595648899a8025e68c871333c2dfe0ba.smt2 : 14543 ms.
--------------------------------------------------
unsat
QF_SLIA/20180523-Reynolds/pyex/peterc-pyex-doc-cav17-z3/pymongo/pymongo-mongoclient/705a140e5197950ca6f1838f76ce171dcf543580a72b5133a934eb26.smt2 : 71 ms.
--------------------------------------------------
unsat
QF_SLIA/20180523-Reynolds/pyex/peterc-pyex-doc-cav17-z3/pymongo/pymongo-mongoclient/705b1529cfdf271cdc42c95fe25fcab0ebea948af784fb6c19824487.smt2 : 82 ms.
--------------------------------------------------
sat
QF_SLIA/20180523-Reynolds/pyex/peterc-pyex-doc-cav17-z3/pymongo/pymongo-mongoclient/7078e46787e7b37425bddbcb135148d92e25debd37637616ae6beac5.smt2 : 27682 ms.
--------------------------------------------------
sat
QF_SLIA/20180523-Reynolds/pyex/peterc-pyex-doc-cav17-z3/pymongo/pymongo-mongoclient/709bcdef151bffcfebf79d24b3acb020049d7c53579b2d938ee1c80b.smt2 : 1633 ms.
--------------------------------------------------
sat
QF_SLIA/20180523-Reynolds/pyex/peterc-pyex-doc-cav17-z3/pymongo/pymongo-mongoclient/70a261f9f479529ebad0effc69c278167587ef0f1ce0edf2f23d827c.smt2 : 10599 ms.
--------------------------------------------------
sat
QF_SLIA/20180523-Reynolds/pyex/peterc-pyex-doc-cav17-z3/pymongo/pymongo-mongoclient/70e42897b2e7b4ee7520ec23284c0ebabd83d6a6a5abd946a05ac548.smt2 : 23592 ms.
--------------------------------------------------
sat
QF_SLIA/20180523-Reynolds/pyex/peterc-pyex-doc-cav17-z3/pymongo/pymongo-mongoclient/70e88b87419a2b154b36dfc349214c984adcff82891206fe8d2cea81.smt2 : 10186 ms.
--------------------------------------------------
unsat
QF_SLIA/20180523-Reynolds/pyex/peterc-pyex-doc-cav17-z3/pymongo/pymongo-mongoclient/70eee39c1f063865a1eb462095cc4cd017679db281ade4c245df84a7.smt2 : 144 ms.
--------------------------------------------------
sat
QF_SLIA/20180523-Reynolds/pyex/peterc-pyex-doc-cav17-z3/pymongo/pymongo-mongoclient/70f8bc6e26aeedcdf9a89a02832f2f4482fab3cf106a823d084c2793.smt2 : 10215 ms.
--------------------------------------------------
unsat
QF_SLIA/20180523-Reynolds/pyex/peterc-pyex-doc-cav17-z3/pymongo/pymongo-mongoclient/70fd4b44e9ef25f6f346ec71d34fc1c80acd8bd422f8658cb63db721.smt2 : 124 ms.
--------------------------------------------------
sat
QF_SLIA/20180523-Reynolds/pyex/peterc-pyex-doc-cav17-z3/pymongo/pymongo-mongoclient/711591f40c9512d28668cba6e2429f2255ea798ad44f3e5a75ad805b.smt2 : 64669 ms.
--------------------------------------------------
unsat
QF_SLIA/20180523-Reynolds/pyex/peterc-pyex-doc-cav17-z3/pymongo/pymongo-mongoclient/7123448cc301d815c24b69bec7536e11ba1d3a7a97bd402a5d889c31.smt2 : 93 ms.
--------------------------------------------------
unsat
QF_SLIA/20180523-Reynolds/pyex/peterc-pyex-doc-cav17-z3/pymongo/pymongo-mongoclient/713c6b61a1b390f590fe7478f080dcc9c6ea37ed435fb62700b3640d.smt2 : 196 ms.
--------------------------------------------------
unsat
QF_SLIA/20180523-Reynolds/pyex/peterc-pyex-doc-cav17-z3/pymongo/pymongo-mongoclient/716f4b307e1ed9df08a2b180506812af358cfa186486ba6d9094ae71.smt2 : 70 ms.
--------------------------------------------------
sat
QF_SLIA/20180523-Reynolds/pyex/peterc-pyex-doc-cav17-z3/pymongo/pymongo-mongoclient/71cde0516f569eb627b74fc88c93f117ec62b49bcff2668428d0020b.smt2 : 2192 ms.
--------------------------------------------------
sat
QF_SLIA/20180523-Reynolds/pyex/peterc-pyex-doc-cav17-z3/pymongo/pymongo-mongoclient/7206198f4598e023097148b779c9ac9f6aef67e569cb0ef5eae697f7.smt2 : 294357 ms.
--------------------------------------------------
unsat
QF_SLIA/20180523-Reynolds/pyex/peterc-pyex-doc-cav17-z3/pymongo/pymongo-mongoclient/7210f255b8d941ac1b22d071611e79dca38164549b3a7b5304fa3738.smt2 : 64 ms.
--------------------------------------------------
sat
QF_SLIA/20180523-Reynolds/pyex/peterc-pyex-doc-cav17-z3/pymongo/pymongo-mongoclient/723b67895c2497f13fdff262e17bab3dae832de834084f2b6bf8ad7e.smt2 : 1505 ms.
--------------------------------------------------
unsat
QF_SLIA/20180523-Reynolds/pyex/peterc-pyex-doc-cav17-z3/pymongo/pymongo-mongoclient/7243f69aed2669b9d29ea1d6812eddce136fe6b710f10814e5530307.smt2 : 61 ms.
--------------------------------------------------
unknown
sat
QF_SLIA/20180523-Reynolds/pyex/peterc-pyex-doc-cav17-z3/pymongo/pymongo-mongoclient/72464c7b81bc6eab9cf1bb4dd112183bfe6d2ce63fc27fe13bb61272.smt2 : 862385 ms.
--------------------------------------------------
sat
QF_SLIA/20180523-Reynolds/pyex/peterc-pyex-doc-cav17-z3/pymongo/pymongo-mongoclient/727e41ed94927e7e3dc66c332ae72d3cf3c0ed2c06967fc36cf344cf.smt2 : 27449 ms.
--------------------------------------------------
sat
QF_SLIA/20180523-Reynolds/pyex/peterc-pyex-doc-cav17-z3/pymongo/pymongo-mongoclient/72825ff58d677f20864c98cd07fe516228ce46765cfc6aa2ae309245.smt2 : 975 ms.
--------------------------------------------------
sat
QF_SLIA/20180523-Reynolds/pyex/peterc-pyex-doc-cav17-z3/pymongo/pymongo-mongoclient/72affc51f201ea42059f7dbfd99eb3219ef94235297c6610bd1b718b.smt2 : 1044 ms.
--------------------------------------------------
sat
QF_SLIA/20180523-Reynolds/pyex/peterc-pyex-doc-cav17-z3/pymongo/pymongo-mongoclient/72cd6c5dd3a916d6179f67abb229fcf1fa44241fd789ac16b57cc4f5.smt2 : 171 ms.
--------------------------------------------------
sat
QF_SLIA/20180523-Reynolds/pyex/peterc-pyex-doc-cav17-z3/pymongo/pymongo-mongoclient/72e65761b44bfa1563a75fe0290be781ed8193c2f22f5008bba59996.smt2 : 1543 ms.
--------------------------------------------------
unsat
QF_SLIA/20180523-Reynolds/pyex/peterc-pyex-doc-cav17-z3/pymongo/pymongo-mongoclient/735262994b46ab6863b11a46ff4aefa12e8184eac0b861c30c9e01c1.smt2 : 57 ms.
--------------------------------------------------
unknown

QF_SLIA/20180523-Reynolds/pyex/peterc-pyex-doc-cav17-z3/pymongo/pymongo-mongoclient/736db519a501b5da1b1fad989bb6bab55784626c38261506ea16e5ad.smt2 : 1300335 ms.
--------------------------------------------------
unknown

QF_SLIA/20180523-Reynolds/pyex/peterc-pyex-doc-cav17-z3/pymongo/pymongo-mongoclient/73a3fd69f2c3f4104cca23e894816344fd5f35f23161111f92fdb5bb.smt2 : 1300325 ms.
--------------------------------------------------
unknown

QF_SLIA/20180523-Reynolds/pyex/peterc-pyex-doc-cav17-z3/pymongo/pymongo-mongoclient/73b83e48bfd84bfefe35ec3c40c23cc2194c41309c98651100d3ddff.smt2 : 1303067 ms.
--------------------------------------------------
sat
QF_SLIA/20180523-Reynolds/pyex/peterc-pyex-doc-cav17-z3/pymongo/pymongo-mongoclient/73cd5d98719b7856c00d5bb6f85a15a3329c531cebc6e96ce5c1b7e3.smt2 : 2983 ms.
--------------------------------------------------
sat
QF_SLIA/20180523-Reynolds/pyex/peterc-pyex-doc-cav17-z3/pymongo/pymongo-mongoclient/73e7dbeeaea51c93ab3d5de95267401c33aee2c828a117ac307ece93.smt2 : 21561 ms.
--------------------------------------------------
sat
QF_SLIA/20180523-Reynolds/pyex/peterc-pyex-doc-cav17-z3/pymongo/pymongo-mongoclient/74010e23bd8d6cdb4924c236633504fa96dd5d96332a9b0e09bd96b0.smt2 : 553 ms.
--------------------------------------------------
unsat
QF_SLIA/20180523-Reynolds/pyex/peterc-pyex-doc-cav17-z3/pymongo/pymongo-mongoclient/74057e1efe963924fb7864f648261f3023007f3178df4ff55eb75efe.smt2 : 71 ms.
--------------------------------------------------
unknown
sat
QF_SLIA/20180523-Reynolds/pyex/peterc-pyex-doc-cav17-z3/pymongo/pymongo-mongoclient/740c43177a96ea2c5b28ff6bbe340ba69b01dd1fc778bb703292ffef.smt2 : 1186237 ms.
--------------------------------------------------
sat
QF_SLIA/20180523-Reynolds/pyex/peterc-pyex-doc-cav17-z3/pymongo/pymongo-mongoclient/742cadc41903f42e5d613cb9f02e06879d98607d1b0deb23082d520f.smt2 : 8663 ms.
--------------------------------------------------
unsat
QF_SLIA/20180523-Reynolds/pyex/peterc-pyex-doc-cav17-z3/pymongo/pymongo-mongoclient/7437c1742777797d604380cff8308a5c6c4f5105ae3eb00f1f4f807e.smt2 : 71 ms.
--------------------------------------------------
sat
QF_SLIA/20180523-Reynolds/pyex/peterc-pyex-doc-cav17-z3/pymongo/pymongo-mongoclient/74577a8adc281a375b1ae5db23e7ab10bd44a6e76806baf3e91a7cb7.smt2 : 541 ms.
--------------------------------------------------
unsat
QF_SLIA/20180523-Reynolds/pyex/peterc-pyex-doc-cav17-z3/pymongo/pymongo-mongoclient/746ff92888767bca82085edf29701887e6ba0b475a0f4781c06a44d8.smt2 : 84 ms.
--------------------------------------------------
sat
QF_SLIA/20180523-Reynolds/pyex/peterc-pyex-doc-cav17-z3/pymongo/pymongo-mongoclient/7490fe41da4ee009bee33ad5290f6e26b21ff6088f73df7f5d7c834c.smt2 : 3817 ms.
--------------------------------------------------
unknown

QF_SLIA/20180523-Reynolds/pyex/peterc-pyex-doc-cav17-z3/pymongo/pymongo-mongoclient/74c855aeea0a1aee370cc3043156e755b8fd16aa7b18bdd761419685.smt2 : 1300331 ms.
--------------------------------------------------
unknown

QF_SLIA/20180523-Reynolds/pyex/peterc-pyex-doc-cav17-z3/pymongo/pymongo-mongoclient/74cc04a07cba73b002e88f32cafa9e3cb4ece7eff00f9564ffc76c92.smt2 : 1300257 ms.
--------------------------------------------------
sat
QF_SLIA/20180523-Reynolds/pyex/peterc-pyex-doc-cav17-z3/pymongo/pymongo-mongoclient/751d3f4475e541068d6e7c6d7d2f4a78e297b1ede00102f5b821a823.smt2 : 8439 ms.
--------------------------------------------------
sat
QF_SLIA/20180523-Reynolds/pyex/peterc-pyex-doc-cav17-z3/pymongo/pymongo-mongoclient/7564f5ad22e5ccb131aa33df1f8582975b741955a589bff6c5198c06.smt2 : 1791 ms.
--------------------------------------------------
sat
QF_SLIA/20180523-Reynolds/pyex/peterc-pyex-doc-cav17-z3/pymongo/pymongo-mongoclient/75cdd444aa5a2c4a1f692a2ae9e2fe9df7248ddb2ca3271f7065195d.smt2 : 93847 ms.
--------------------------------------------------
sat
QF_SLIA/20180523-Reynolds/pyex/peterc-pyex-doc-cav17-z3/pymongo/pymongo-mongoclient/7604a0deaaa9d1ca3da7a2a6cd622573760a76866545f439d3c3b39b.smt2 : 35301 ms.
--------------------------------------------------
sat
QF_SLIA/20180523-Reynolds/pyex/peterc-pyex-doc-cav17-z3/pymongo/pymongo-mongoclient/760e7a0cf07e50d951b2b1a4b066e833d477d0044a684b14b578d789.smt2 : 12321 ms.
--------------------------------------------------
unsat
QF_SLIA/20180523-Reynolds/pyex/peterc-pyex-doc-cav17-z3/pymongo/pymongo-mongoclient/762466e85d503d08de1b56f7a553da4fe11ef596057c6ddc1f69e66e.smt2 : 80 ms.
--------------------------------------------------
