--------------------------------------------------
unknown

QF_SLIA/20230331-transducer-plus/Idempotence/escapeString.smt2 : 1500186 ms.
--------------------------------------------------
unknown

QF_SLIA/20230331-transducer-plus/Idempotence/htmlUnescape.smt2 : 1500172 ms.
--------------------------------------------------
unknown

QF_SLIA/20230331-transducer-plus/Idempotence/toLower.smt2 : 1500168 ms.
--------------------------------------------------
unknown

QF_SLIA/20230331-transducer-plus/Idempotence/toUpper.smt2 : 1500355 ms.
--------------------------------------------------
unknown

QF_SLIA/20230331-transducer-plus/Idempotence/trim.smt2 : 1501541 ms.
--------------------------------------------------
unknown

QF_SLIA/20230403-webapp/lan-rep-all/lan_replace_all102.smt2 : 1845892 ms.
--------------------------------------------------
unknown

QF_SLIA/20230403-webapp/lan-rep-all/lan_replace_all30.smt2 : 1500192 ms.
--------------------------------------------------
unknown

QF_SLIA/20230403-webapp/lan-rep-all/lan_replace_all31.smt2 : 1500301 ms.
--------------------------------------------------
unknown

QF_SLIA/20230403-webapp/lan-rep-all/lan_replace_all47.smt2 : 1500192 ms.
--------------------------------------------------
unknown

QF_SLIA/20230403-webapp/lan-rep-all/lan_replace_all69.smt2 : 1676541 ms.
--------------------------------------------------
unknown

QF_SLIA/20230403-webapp/lan-rep-all/lan_replace_all71.smt2 : 1757844 ms.
