--------------------------------------------------
unsat
QF_SLIA/2019-full_str_int/py-conbyte_cvc4/leetcode_int-add_binary/115.smt2 : 600 ms.
--------------------------------------------------
unsat
QF_SLIA/2019-full_str_int/py-conbyte_cvc4/leetcode_int-add_binary/116.smt2 : 41 ms.
--------------------------------------------------
unsat
QF_SLIA/2019-full_str_int/py-conbyte_cvc4/leetcode_int-add_binary/117.smt2 : 49 ms.
--------------------------------------------------
sat
QF_SLIA/2019-full_str_int/py-conbyte_cvc4/leetcode_int-add_binary/118.smt2 : 725 ms.
--------------------------------------------------
unsat
QF_SLIA/2019-full_str_int/py-conbyte_cvc4/leetcode_int-add_binary/119.smt2 : 46915 ms.
--------------------------------------------------
sat
QF_SLIA/2019-full_str_int/py-conbyte_cvc4/leetcode_int-add_binary/12.smt2 : 149 ms.
--------------------------------------------------
unsat
QF_SLIA/2019-full_str_int/py-conbyte_cvc4/leetcode_int-add_binary/120.smt2 : 40 ms.
--------------------------------------------------
unsat
QF_SLIA/2019-full_str_int/py-conbyte_cvc4/leetcode_int-add_binary/121.smt2 : 40 ms.
--------------------------------------------------
unsat
QF_SLIA/2019-full_str_int/py-conbyte_cvc4/leetcode_int-add_binary/122.smt2 : 37 ms.
--------------------------------------------------
sat
QF_SLIA/2019-full_str_int/py-conbyte_cvc4/leetcode_int-add_binary/123.smt2 : 924 ms.
--------------------------------------------------
unsat
QF_SLIA/2019-full_str_int/py-conbyte_cvc4/leetcode_int-add_binary/124.smt2 : 40 ms.
--------------------------------------------------
sat
QF_SLIA/2019-full_str_int/py-conbyte_cvc4/leetcode_int-add_binary/125.smt2 : 711 ms.
--------------------------------------------------
unsat
QF_SLIA/2019-full_str_int/py-conbyte_cvc4/leetcode_int-add_binary/126.smt2 : 40 ms.
--------------------------------------------------
unsat
QF_SLIA/2019-full_str_int/py-conbyte_cvc4/leetcode_int-add_binary/127.smt2 : 31 ms.
--------------------------------------------------
unsat
QF_SLIA/2019-full_str_int/py-conbyte_cvc4/leetcode_int-add_binary/128.smt2 : 32 ms.
--------------------------------------------------
unsat
QF_SLIA/2019-full_str_int/py-conbyte_cvc4/leetcode_int-add_binary/129.smt2 : 48 ms.
--------------------------------------------------
unsat
QF_SLIA/2019-full_str_int/py-conbyte_cvc4/leetcode_int-add_binary/13.smt2 : 2165 ms.
--------------------------------------------------
sat
QF_SLIA/2019-full_str_int/py-conbyte_cvc4/leetcode_int-add_binary/130.smt2 : 898 ms.
--------------------------------------------------
sat
QF_SLIA/2019-full_str_int/py-conbyte_cvc4/leetcode_int-add_binary/131.smt2 : 831 ms.
--------------------------------------------------
sat
QF_SLIA/2019-full_str_int/py-conbyte_cvc4/leetcode_int-add_binary/132.smt2 : 796 ms.
--------------------------------------------------
unsat
QF_SLIA/2019-full_str_int/py-conbyte_cvc4/leetcode_int-add_binary/133.smt2 : 29 ms.
--------------------------------------------------
unsat
QF_SLIA/2019-full_str_int/py-conbyte_cvc4/leetcode_int-add_binary/134.smt2 : 35 ms.
--------------------------------------------------
sat
QF_SLIA/2019-full_str_int/py-conbyte_cvc4/leetcode_int-add_binary/135.smt2 : 600 ms.
--------------------------------------------------
sat
QF_SLIA/2019-full_str_int/py-conbyte_cvc4/leetcode_int-add_binary/136.smt2 : 612 ms.
--------------------------------------------------
unsat
QF_SLIA/2019-full_str_int/py-conbyte_cvc4/leetcode_int-add_binary/137.smt2 : 37 ms.
--------------------------------------------------
sat
QF_SLIA/2019-full_str_int/py-conbyte_cvc4/leetcode_int-add_binary/138.smt2 : 488 ms.
--------------------------------------------------
unsat
QF_SLIA/2019-full_str_int/py-conbyte_cvc4/leetcode_int-add_binary/139.smt2 : 40 ms.
--------------------------------------------------
sat
QF_SLIA/2019-full_str_int/py-conbyte_cvc4/leetcode_int-add_binary/14.smt2 : 161 ms.
--------------------------------------------------
sat
QF_SLIA/2019-full_str_int/py-conbyte_cvc4/leetcode_int-add_binary/140.smt2 : 436 ms.
--------------------------------------------------
unsat
QF_SLIA/2019-full_str_int/py-conbyte_cvc4/leetcode_int-add_binary/141.smt2 : 32 ms.
--------------------------------------------------
unsat
QF_SLIA/2019-full_str_int/py-conbyte_cvc4/leetcode_int-add_binary/142.smt2 : 33 ms.
--------------------------------------------------
unsat
QF_SLIA/2019-full_str_int/py-conbyte_cvc4/leetcode_int-add_binary/143.smt2 : 32 ms.
--------------------------------------------------
sat
QF_SLIA/2019-full_str_int/py-conbyte_cvc4/leetcode_int-add_binary/144.smt2 : 478 ms.
--------------------------------------------------
unsat
QF_SLIA/2019-full_str_int/py-conbyte_cvc4/leetcode_int-add_binary/145.smt2 : 41 ms.
--------------------------------------------------
unsat
QF_SLIA/2019-full_str_int/py-conbyte_cvc4/leetcode_int-add_binary/146.smt2 : 42745 ms.
--------------------------------------------------
unsat
QF_SLIA/2019-full_str_int/py-conbyte_cvc4/leetcode_int-add_binary/147.smt2 : 25 ms.
--------------------------------------------------
unsat
QF_SLIA/2019-full_str_int/py-conbyte_cvc4/leetcode_int-add_binary/148.smt2 : 23 ms.
--------------------------------------------------
unsat
QF_SLIA/2019-full_str_int/py-conbyte_cvc4/leetcode_int-add_binary/149.smt2 : 24 ms.
--------------------------------------------------
sat
QF_SLIA/2019-full_str_int/py-conbyte_cvc4/leetcode_int-add_binary/15.smt2 : 129 ms.
--------------------------------------------------
sat
QF_SLIA/2019-full_str_int/py-conbyte_cvc4/leetcode_int-add_binary/150.smt2 : 489 ms.
--------------------------------------------------
unsat
QF_SLIA/2019-full_str_int/py-conbyte_cvc4/leetcode_int-add_binary/151.smt2 : 40 ms.
--------------------------------------------------
unsat
QF_SLIA/2019-full_str_int/py-conbyte_cvc4/leetcode_int-add_binary/152.smt2 : 9116 ms.
--------------------------------------------------
unsat
QF_SLIA/2019-full_str_int/py-conbyte_cvc4/leetcode_int-add_binary/153.smt2 : 31 ms.
--------------------------------------------------
unsat
QF_SLIA/2019-full_str_int/py-conbyte_cvc4/leetcode_int-add_binary/154.smt2 : 32 ms.
--------------------------------------------------
unsat
QF_SLIA/2019-full_str_int/py-conbyte_cvc4/leetcode_int-add_binary/155.smt2 : 29 ms.
--------------------------------------------------
unsat
QF_SLIA/2019-full_str_int/py-conbyte_cvc4/leetcode_int-add_binary/156.smt2 : 40 ms.
--------------------------------------------------
sat
QF_SLIA/2019-full_str_int/py-conbyte_cvc4/leetcode_int-add_binary/157.smt2 : 477 ms.
--------------------------------------------------
unsat
QF_SLIA/2019-full_str_int/py-conbyte_cvc4/leetcode_int-add_binary/158.smt2 : 9218 ms.
--------------------------------------------------
sat
QF_SLIA/2019-full_str_int/py-conbyte_cvc4/leetcode_int-add_binary/159.smt2 : 477 ms.
--------------------------------------------------
unsat
QF_SLIA/2019-full_str_int/py-conbyte_cvc4/leetcode_int-add_binary/16.smt2 : 28 ms.
--------------------------------------------------
unsat
QF_SLIA/2019-full_str_int/py-conbyte_cvc4/leetcode_int-add_binary/160.smt2 : 24 ms.
--------------------------------------------------
unsat
QF_SLIA/2019-full_str_int/py-conbyte_cvc4/leetcode_int-add_binary/161.smt2 : 33 ms.
--------------------------------------------------
unsat
QF_SLIA/2019-full_str_int/py-conbyte_cvc4/leetcode_int-add_binary/162.smt2 : 39 ms.
--------------------------------------------------
sat
QF_SLIA/2019-full_str_int/py-conbyte_cvc4/leetcode_int-add_binary/163.smt2 : 580 ms.
--------------------------------------------------
sat
QF_SLIA/2019-full_str_int/py-conbyte_cvc4/leetcode_int-add_binary/164.smt2 : 509 ms.
--------------------------------------------------
unsat
QF_SLIA/2019-full_str_int/py-conbyte_cvc4/leetcode_int-add_binary/165.smt2 : 35 ms.
--------------------------------------------------
unsat
QF_SLIA/2019-full_str_int/py-conbyte_cvc4/leetcode_int-add_binary/166.smt2 : 30 ms.
--------------------------------------------------
unsat
QF_SLIA/2019-full_str_int/py-conbyte_cvc4/leetcode_int-add_binary/167.smt2 : 33 ms.
--------------------------------------------------
unsat
QF_SLIA/2019-full_str_int/py-conbyte_cvc4/leetcode_int-add_binary/168.smt2 : 37 ms.
--------------------------------------------------
sat
QF_SLIA/2019-full_str_int/py-conbyte_cvc4/leetcode_int-add_binary/169.smt2 : 289 ms.
--------------------------------------------------
sat
QF_SLIA/2019-full_str_int/py-conbyte_cvc4/leetcode_int-add_binary/17.smt2 : 77 ms.
--------------------------------------------------
unsat
QF_SLIA/2019-full_str_int/py-conbyte_cvc4/leetcode_int-add_binary/170.smt2 : 34 ms.
--------------------------------------------------
sat
QF_SLIA/2019-full_str_int/py-conbyte_cvc4/leetcode_int-add_binary/171.smt2 : 291 ms.
--------------------------------------------------
unsat
QF_SLIA/2019-full_str_int/py-conbyte_cvc4/leetcode_int-add_binary/172.smt2 : 36 ms.
--------------------------------------------------
sat
QF_SLIA/2019-full_str_int/py-conbyte_cvc4/leetcode_int-add_binary/173.smt2 : 237 ms.
--------------------------------------------------
unsat
QF_SLIA/2019-full_str_int/py-conbyte_cvc4/leetcode_int-add_binary/174.smt2 : 31 ms.
--------------------------------------------------
unsat
QF_SLIA/2019-full_str_int/py-conbyte_cvc4/leetcode_int-add_binary/175.smt2 : 27 ms.
--------------------------------------------------
unsat
QF_SLIA/2019-full_str_int/py-conbyte_cvc4/leetcode_int-add_binary/176.smt2 : 31 ms.
--------------------------------------------------
sat
QF_SLIA/2019-full_str_int/py-conbyte_cvc4/leetcode_int-add_binary/177.smt2 : 272 ms.
--------------------------------------------------
unsat
QF_SLIA/2019-full_str_int/py-conbyte_cvc4/leetcode_int-add_binary/178.smt2 : 36 ms.
--------------------------------------------------
unsat
QF_SLIA/2019-full_str_int/py-conbyte_cvc4/leetcode_int-add_binary/179.smt2 : 5266 ms.
--------------------------------------------------
unsat
QF_SLIA/2019-full_str_int/py-conbyte_cvc4/leetcode_int-add_binary/18.smt2 : 367 ms.
--------------------------------------------------
unsat
QF_SLIA/2019-full_str_int/py-conbyte_cvc4/leetcode_int-add_binary/180.smt2 : 29 ms.
--------------------------------------------------
unsat
QF_SLIA/2019-full_str_int/py-conbyte_cvc4/leetcode_int-add_binary/181.smt2 : 29 ms.
--------------------------------------------------
unsat
QF_SLIA/2019-full_str_int/py-conbyte_cvc4/leetcode_int-add_binary/182.smt2 : 26 ms.
--------------------------------------------------
sat
QF_SLIA/2019-full_str_int/py-conbyte_cvc4/leetcode_int-add_binary/183.smt2 : 283 ms.
--------------------------------------------------
unsat
QF_SLIA/2019-full_str_int/py-conbyte_cvc4/leetcode_int-add_binary/184.smt2 : 40 ms.
--------------------------------------------------
unsat
QF_SLIA/2019-full_str_int/py-conbyte_cvc4/leetcode_int-add_binary/185.smt2 : 1750 ms.
--------------------------------------------------
unsat
QF_SLIA/2019-full_str_int/py-conbyte_cvc4/leetcode_int-add_binary/186.smt2 : 31 ms.
--------------------------------------------------
unsat
QF_SLIA/2019-full_str_int/py-conbyte_cvc4/leetcode_int-add_binary/187.smt2 : 30 ms.
--------------------------------------------------
unsat
QF_SLIA/2019-full_str_int/py-conbyte_cvc4/leetcode_int-add_binary/188.smt2 : 25 ms.
--------------------------------------------------
unsat
QF_SLIA/2019-full_str_int/py-conbyte_cvc4/leetcode_int-add_binary/189.smt2 : 31 ms.
--------------------------------------------------
sat
QF_SLIA/2019-full_str_int/py-conbyte_cvc4/leetcode_int-add_binary/19.smt2 : 73 ms.
--------------------------------------------------
sat
QF_SLIA/2019-full_str_int/py-conbyte_cvc4/leetcode_int-add_binary/190.smt2 : 283 ms.
--------------------------------------------------
unsat
QF_SLIA/2019-full_str_int/py-conbyte_cvc4/leetcode_int-add_binary/191.smt2 : 1857 ms.
--------------------------------------------------
sat
QF_SLIA/2019-full_str_int/py-conbyte_cvc4/leetcode_int-add_binary/192.smt2 : 232 ms.
--------------------------------------------------
unsat
QF_SLIA/2019-full_str_int/py-conbyte_cvc4/leetcode_int-add_binary/193.smt2 : 30 ms.
--------------------------------------------------
unsat
QF_SLIA/2019-full_str_int/py-conbyte_cvc4/leetcode_int-add_binary/194.smt2 : 31 ms.
--------------------------------------------------
unsat
QF_SLIA/2019-full_str_int/py-conbyte_cvc4/leetcode_int-add_binary/195.smt2 : 37 ms.
--------------------------------------------------
sat
QF_SLIA/2019-full_str_int/py-conbyte_cvc4/leetcode_int-add_binary/196.smt2 : 235 ms.
--------------------------------------------------
unsat
QF_SLIA/2019-full_str_int/py-conbyte_cvc4/leetcode_int-add_binary/197.smt2 : 1565 ms.
--------------------------------------------------
sat
QF_SLIA/2019-full_str_int/py-conbyte_cvc4/leetcode_int-add_binary/198.smt2 : 184 ms.
--------------------------------------------------
unsat
QF_SLIA/2019-full_str_int/py-conbyte_cvc4/leetcode_int-add_binary/199.smt2 : 34 ms.
--------------------------------------------------
sat
QF_SLIA/2019-full_str_int/py-conbyte_cvc4/leetcode_int-add_binary/2.smt2 : 478 ms.
--------------------------------------------------
unsat
QF_SLIA/2019-full_str_int/py-conbyte_cvc4/leetcode_int-add_binary/20.smt2 : 28 ms.
--------------------------------------------------
unsat
QF_SLIA/2019-full_str_int/py-conbyte_cvc4/leetcode_int-add_binary/200.smt2 : 30 ms.
--------------------------------------------------
unsat
QF_SLIA/2019-full_str_int/py-conbyte_cvc4/leetcode_int-add_binary/201.smt2 : 32 ms.
--------------------------------------------------
unsat
QF_SLIA/2019-full_str_int/py-conbyte_cvc4/leetcode_int-add_binary/202.smt2 : 28 ms.
--------------------------------------------------
sat
QF_SLIA/2019-full_str_int/py-conbyte_cvc4/leetcode_int-add_binary/203.smt2 : 143 ms.
--------------------------------------------------
unsat
QF_SLIA/2019-full_str_int/py-conbyte_cvc4/leetcode_int-add_binary/204.smt2 : 33 ms.
--------------------------------------------------
sat
QF_SLIA/2019-full_str_int/py-conbyte_cvc4/leetcode_int-add_binary/205.smt2 : 143 ms.
--------------------------------------------------
unsat
QF_SLIA/2019-full_str_int/py-conbyte_cvc4/leetcode_int-add_binary/206.smt2 : 35 ms.
--------------------------------------------------
unsat
QF_SLIA/2019-full_str_int/py-conbyte_cvc4/leetcode_int-add_binary/207.smt2 : 495 ms.
--------------------------------------------------
sat
QF_SLIA/2019-full_str_int/py-conbyte_cvc4/leetcode_int-add_binary/208.smt2 : 131 ms.
--------------------------------------------------
unsat
QF_SLIA/2019-full_str_int/py-conbyte_cvc4/leetcode_int-add_binary/209.smt2 : 30 ms.
--------------------------------------------------
unsat
QF_SLIA/2019-full_str_int/py-conbyte_cvc4/leetcode_int-add_binary/21.smt2 : 23 ms.
--------------------------------------------------
unsat
QF_SLIA/2019-full_str_int/py-conbyte_cvc4/leetcode_int-add_binary/210.smt2 : 26 ms.
--------------------------------------------------
unsat
QF_SLIA/2019-full_str_int/py-conbyte_cvc4/leetcode_int-add_binary/211.smt2 : 26 ms.
--------------------------------------------------
sat
QF_SLIA/2019-full_str_int/py-conbyte_cvc4/leetcode_int-add_binary/212.smt2 : 125 ms.
--------------------------------------------------
unsat
QF_SLIA/2019-full_str_int/py-conbyte_cvc4/leetcode_int-add_binary/213.smt2 : 33 ms.
--------------------------------------------------
unsat
QF_SLIA/2019-full_str_int/py-conbyte_cvc4/leetcode_int-add_binary/214.smt2 : 614 ms.
--------------------------------------------------
unsat
QF_SLIA/2019-full_str_int/py-conbyte_cvc4/leetcode_int-add_binary/215.smt2 : 22 ms.
--------------------------------------------------
unsat
QF_SLIA/2019-full_str_int/py-conbyte_cvc4/leetcode_int-add_binary/216.smt2 : 28 ms.
--------------------------------------------------
unsat
QF_SLIA/2019-full_str_int/py-conbyte_cvc4/leetcode_int-add_binary/217.smt2 : 35 ms.
--------------------------------------------------
unsat
QF_SLIA/2019-full_str_int/py-conbyte_cvc4/leetcode_int-add_binary/218.smt2 : 49 ms.
--------------------------------------------------
sat
QF_SLIA/2019-full_str_int/py-conbyte_cvc4/leetcode_int-add_binary/219.smt2 : 1420 ms.
--------------------------------------------------
unsat
QF_SLIA/2019-full_str_int/py-conbyte_cvc4/leetcode_int-add_binary/22.smt2 : 23 ms.
--------------------------------------------------
unknown

QF_SLIA/2019-full_str_int/py-conbyte_cvc4/leetcode_int-add_binary/220.smt2 : 1300942 ms.
--------------------------------------------------
unsat
QF_SLIA/2019-full_str_int/py-conbyte_cvc4/leetcode_int-add_binary/221.smt2 : 47 ms.
--------------------------------------------------
unsat
QF_SLIA/2019-full_str_int/py-conbyte_cvc4/leetcode_int-add_binary/222.smt2 : 36 ms.
--------------------------------------------------
unsat
QF_SLIA/2019-full_str_int/py-conbyte_cvc4/leetcode_int-add_binary/223.smt2 : 33 ms.
--------------------------------------------------
unsat
QF_SLIA/2019-full_str_int/py-conbyte_cvc4/leetcode_int-add_binary/224.smt2 : 44 ms.
--------------------------------------------------
sat
QF_SLIA/2019-full_str_int/py-conbyte_cvc4/leetcode_int-add_binary/225.smt2 : 993 ms.
--------------------------------------------------
unknown

QF_SLIA/2019-full_str_int/py-conbyte_cvc4/leetcode_int-add_binary/226.smt2 : 1300312 ms.
--------------------------------------------------
unsat
QF_SLIA/2019-full_str_int/py-conbyte_cvc4/leetcode_int-add_binary/227.smt2 : 41 ms.
--------------------------------------------------
unsat
QF_SLIA/2019-full_str_int/py-conbyte_cvc4/leetcode_int-add_binary/228.smt2 : 30 ms.
--------------------------------------------------
unsat
QF_SLIA/2019-full_str_int/py-conbyte_cvc4/leetcode_int-add_binary/229.smt2 : 32 ms.
--------------------------------------------------
unsat
QF_SLIA/2019-full_str_int/py-conbyte_cvc4/leetcode_int-add_binary/23.smt2 : 32 ms.
--------------------------------------------------
unsat
QF_SLIA/2019-full_str_int/py-conbyte_cvc4/leetcode_int-add_binary/230.smt2 : 42 ms.
--------------------------------------------------
sat
QF_SLIA/2019-full_str_int/py-conbyte_cvc4/leetcode_int-add_binary/231.smt2 : 855 ms.
--------------------------------------------------
sat
QF_SLIA/2019-full_str_int/py-conbyte_cvc4/leetcode_int-add_binary/232.smt2 : 751 ms.
--------------------------------------------------
unsat
QF_SLIA/2019-full_str_int/py-conbyte_cvc4/leetcode_int-add_binary/233.smt2 : 43 ms.
--------------------------------------------------
unsat
QF_SLIA/2019-full_str_int/py-conbyte_cvc4/leetcode_int-add_binary/234.smt2 : 35 ms.
--------------------------------------------------
unsat
QF_SLIA/2019-full_str_int/py-conbyte_cvc4/leetcode_int-add_binary/235.smt2 : 37 ms.
--------------------------------------------------
sat
QF_SLIA/2019-full_str_int/py-conbyte_cvc4/leetcode_int-add_binary/236.smt2 : 751 ms.
--------------------------------------------------
unsat
QF_SLIA/2019-full_str_int/py-conbyte_cvc4/leetcode_int-add_binary/237.smt2 : 41 ms.
--------------------------------------------------
unknown
unsat
QF_SLIA/2019-full_str_int/py-conbyte_cvc4/leetcode_int-add_binary/238.smt2 : 814172 ms.
--------------------------------------------------
unsat
QF_SLIA/2019-full_str_int/py-conbyte_cvc4/leetcode_int-add_binary/239.smt2 : 35 ms.
--------------------------------------------------
unsat
QF_SLIA/2019-full_str_int/py-conbyte_cvc4/leetcode_int-add_binary/24.smt2 : 43 ms.
--------------------------------------------------
unsat
QF_SLIA/2019-full_str_int/py-conbyte_cvc4/leetcode_int-add_binary/240.smt2 : 31 ms.
--------------------------------------------------
unsat
QF_SLIA/2019-full_str_int/py-conbyte_cvc4/leetcode_int-add_binary/241.smt2 : 35 ms.
--------------------------------------------------
unsat
QF_SLIA/2019-full_str_int/py-conbyte_cvc4/leetcode_int-add_binary/242.smt2 : 40 ms.
--------------------------------------------------
sat
QF_SLIA/2019-full_str_int/py-conbyte_cvc4/leetcode_int-add_binary/243.smt2 : 742 ms.
--------------------------------------------------
unsat
QF_SLIA/2019-full_str_int/py-conbyte_cvc4/leetcode_int-add_binary/244.smt2 : 288281 ms.
--------------------------------------------------
sat
QF_SLIA/2019-full_str_int/py-conbyte_cvc4/leetcode_int-add_binary/245.smt2 : 732 ms.
--------------------------------------------------
unsat
QF_SLIA/2019-full_str_int/py-conbyte_cvc4/leetcode_int-add_binary/246.smt2 : 37 ms.
--------------------------------------------------
unsat
QF_SLIA/2019-full_str_int/py-conbyte_cvc4/leetcode_int-add_binary/247.smt2 : 30 ms.
--------------------------------------------------
sat
QF_SLIA/2019-full_str_int/py-conbyte_cvc4/leetcode_int-add_binary/248.smt2 : 626 ms.
--------------------------------------------------
sat
QF_SLIA/2019-full_str_int/py-conbyte_cvc4/leetcode_int-add_binary/249.smt2 : 617 ms.
--------------------------------------------------
sat
QF_SLIA/2019-full_str_int/py-conbyte_cvc4/leetcode_int-add_binary/25.smt2 : 655 ms.
--------------------------------------------------
unsat
QF_SLIA/2019-full_str_int/py-conbyte_cvc4/leetcode_int-add_binary/250.smt2 : 154620 ms.
--------------------------------------------------
unsat
QF_SLIA/2019-full_str_int/py-conbyte_cvc4/leetcode_int-add_binary/251.smt2 : 36 ms.
--------------------------------------------------
unsat
QF_SLIA/2019-full_str_int/py-conbyte_cvc4/leetcode_int-add_binary/252.smt2 : 38 ms.
--------------------------------------------------
sat
QF_SLIA/2019-full_str_int/py-conbyte_cvc4/leetcode_int-add_binary/253.smt2 : 503 ms.
--------------------------------------------------
sat
QF_SLIA/2019-full_str_int/py-conbyte_cvc4/leetcode_int-add_binary/254.smt2 : 369 ms.
--------------------------------------------------
sat
QF_SLIA/2019-full_str_int/py-conbyte_cvc4/leetcode_int-add_binary/255.smt2 : 388 ms.
--------------------------------------------------
unsat
QF_SLIA/2019-full_str_int/py-conbyte_cvc4/leetcode_int-add_binary/256.smt2 : 31 ms.
--------------------------------------------------
unsat
QF_SLIA/2019-full_str_int/py-conbyte_cvc4/leetcode_int-add_binary/257.smt2 : 32 ms.
--------------------------------------------------
unsat
QF_SLIA/2019-full_str_int/py-conbyte_cvc4/leetcode_int-add_binary/258.smt2 : 37 ms.
--------------------------------------------------
sat
QF_SLIA/2019-full_str_int/py-conbyte_cvc4/leetcode_int-add_binary/259.smt2 : 328 ms.
--------------------------------------------------
sat
QF_SLIA/2019-full_str_int/py-conbyte_cvc4/leetcode_int-add_binary/26.smt2 : 489 ms.
--------------------------------------------------
unsat
QF_SLIA/2019-full_str_int/py-conbyte_cvc4/leetcode_int-add_binary/260.smt2 : 30596 ms.
--------------------------------------------------
unsat
QF_SLIA/2019-full_str_int/py-conbyte_cvc4/leetcode_int-add_binary/261.smt2 : 41 ms.
--------------------------------------------------
unsat
QF_SLIA/2019-full_str_int/py-conbyte_cvc4/leetcode_int-add_binary/262.smt2 : 40 ms.
--------------------------------------------------
unsat
QF_SLIA/2019-full_str_int/py-conbyte_cvc4/leetcode_int-add_binary/263.smt2 : 42 ms.
--------------------------------------------------
unsat
QF_SLIA/2019-full_str_int/py-conbyte_cvc4/leetcode_int-add_binary/264.smt2 : 260 ms.
--------------------------------------------------
sat
QF_SLIA/2019-full_str_int/py-conbyte_cvc4/leetcode_int-add_binary/265.smt2 : 290 ms.
--------------------------------------------------
sat
QF_SLIA/2019-full_str_int/py-conbyte_cvc4/leetcode_int-add_binary/266.smt2 : 199 ms.
--------------------------------------------------
sat
QF_SLIA/2019-full_str_int/py-conbyte_cvc4/leetcode_int-add_binary/267.smt2 : 222 ms.
--------------------------------------------------
unsat
QF_SLIA/2019-full_str_int/py-conbyte_cvc4/leetcode_int-add_binary/268.smt2 : 30 ms.
--------------------------------------------------
unsat
QF_SLIA/2019-full_str_int/py-conbyte_cvc4/leetcode_int-add_binary/269.smt2 : 31 ms.
--------------------------------------------------
unsat
QF_SLIA/2019-full_str_int/py-conbyte_cvc4/leetcode_int-add_binary/27.smt2 : 42 ms.
--------------------------------------------------
unsat
QF_SLIA/2019-full_str_int/py-conbyte_cvc4/leetcode_int-add_binary/270.smt2 : 34 ms.
--------------------------------------------------
sat
QF_SLIA/2019-full_str_int/py-conbyte_cvc4/leetcode_int-add_binary/271.smt2 : 179 ms.
--------------------------------------------------
unsat
QF_SLIA/2019-full_str_int/py-conbyte_cvc4/leetcode_int-add_binary/272.smt2 : 3778 ms.
--------------------------------------------------
unsat
QF_SLIA/2019-full_str_int/py-conbyte_cvc4/leetcode_int-add_binary/273.smt2 : 35 ms.
--------------------------------------------------
unsat
QF_SLIA/2019-full_str_int/py-conbyte_cvc4/leetcode_int-add_binary/274.smt2 : 27 ms.
--------------------------------------------------
unsat
QF_SLIA/2019-full_str_int/py-conbyte_cvc4/leetcode_int-add_binary/275.smt2 : 36 ms.
--------------------------------------------------
unsat
QF_SLIA/2019-full_str_int/py-conbyte_cvc4/leetcode_int-add_binary/276.smt2 : 43 ms.
--------------------------------------------------
sat
QF_SLIA/2019-full_str_int/py-conbyte_cvc4/leetcode_int-add_binary/277.smt2 : 922 ms.
--------------------------------------------------
unsat
QF_SLIA/2019-full_str_int/py-conbyte_cvc4/leetcode_int-add_binary/278.smt2 : 217167 ms.
--------------------------------------------------
unsat
QF_SLIA/2019-full_str_int/py-conbyte_cvc4/leetcode_int-add_binary/279.smt2 : 48 ms.
--------------------------------------------------
unsat
QF_SLIA/2019-full_str_int/py-conbyte_cvc4/leetcode_int-add_binary/28.smt2 : 31 ms.
--------------------------------------------------
unsat
QF_SLIA/2019-full_str_int/py-conbyte_cvc4/leetcode_int-add_binary/280.smt2 : 33 ms.
--------------------------------------------------
unsat
QF_SLIA/2019-full_str_int/py-conbyte_cvc4/leetcode_int-add_binary/281.smt2 : 38 ms.
--------------------------------------------------
sat
QF_SLIA/2019-full_str_int/py-conbyte_cvc4/leetcode_int-add_binary/282.smt2 : 1099 ms.
--------------------------------------------------
unsat
QF_SLIA/2019-full_str_int/py-conbyte_cvc4/leetcode_int-add_binary/283.smt2 : 46 ms.
--------------------------------------------------
unsat
QF_SLIA/2019-full_str_int/py-conbyte_cvc4/leetcode_int-add_binary/284.smt2 : 298796 ms.
--------------------------------------------------
unsat
QF_SLIA/2019-full_str_int/py-conbyte_cvc4/leetcode_int-add_binary/285.smt2 : 39 ms.
--------------------------------------------------
unsat
QF_SLIA/2019-full_str_int/py-conbyte_cvc4/leetcode_int-add_binary/286.smt2 : 38 ms.
--------------------------------------------------
unsat
QF_SLIA/2019-full_str_int/py-conbyte_cvc4/leetcode_int-add_binary/287.smt2 : 37 ms.
--------------------------------------------------
sat
QF_SLIA/2019-full_str_int/py-conbyte_cvc4/leetcode_int-add_binary/288.smt2 : 725 ms.
--------------------------------------------------
unsat
QF_SLIA/2019-full_str_int/py-conbyte_cvc4/leetcode_int-add_binary/289.smt2 : 45 ms.
--------------------------------------------------
unsat
QF_SLIA/2019-full_str_int/py-conbyte_cvc4/leetcode_int-add_binary/29.smt2 : 31 ms.
--------------------------------------------------
unsat
QF_SLIA/2019-full_str_int/py-conbyte_cvc4/leetcode_int-add_binary/290.smt2 : 113505 ms.
--------------------------------------------------
unsat
QF_SLIA/2019-full_str_int/py-conbyte_cvc4/leetcode_int-add_binary/291.smt2 : 38 ms.
--------------------------------------------------
unsat
QF_SLIA/2019-full_str_int/py-conbyte_cvc4/leetcode_int-add_binary/292.smt2 : 46 ms.
--------------------------------------------------
sat
QF_SLIA/2019-full_str_int/py-conbyte_cvc4/leetcode_int-add_binary/293.smt2 : 1064 ms.
--------------------------------------------------
unsat
QF_SLIA/2019-full_str_int/py-conbyte_cvc4/leetcode_int-add_binary/294.smt2 : 288805 ms.
--------------------------------------------------
unsat
QF_SLIA/2019-full_str_int/py-conbyte_cvc4/leetcode_int-add_binary/295.smt2 : 45 ms.
--------------------------------------------------
unsat
QF_SLIA/2019-full_str_int/py-conbyte_cvc4/leetcode_int-add_binary/296.smt2 : 33 ms.
--------------------------------------------------
unsat
QF_SLIA/2019-full_str_int/py-conbyte_cvc4/leetcode_int-add_binary/297.smt2 : 53 ms.
--------------------------------------------------
unsat
QF_SLIA/2019-full_str_int/py-conbyte_cvc4/leetcode_int-add_binary/298.smt2 : 46 ms.
--------------------------------------------------
sat
QF_SLIA/2019-full_str_int/py-conbyte_cvc4/leetcode_int-add_binary/299.smt2 : 723 ms.
--------------------------------------------------
unsat
QF_SLIA/2019-full_str_int/py-conbyte_cvc4/leetcode_int-add_binary/3.smt2 : 16252 ms.
--------------------------------------------------
unsat
QF_SLIA/2019-full_str_int/py-conbyte_cvc4/leetcode_int-add_binary/30.smt2 : 44 ms.
--------------------------------------------------
unsat
QF_SLIA/2019-full_str_int/py-conbyte_cvc4/leetcode_int-add_binary/300.smt2 : 74556 ms.
--------------------------------------------------
unsat
QF_SLIA/2019-full_str_int/py-conbyte_cvc4/leetcode_int-add_binary/301.smt2 : 38 ms.
--------------------------------------------------
sat
QF_SLIA/2019-full_str_int/py-conbyte_cvc4/leetcode_int-add_binary/302.smt2 : 1081 ms.
--------------------------------------------------
sat
QF_SLIA/2019-full_str_int/py-conbyte_cvc4/leetcode_int-add_binary/303.smt2 : 1055 ms.
--------------------------------------------------
unknown

QF_SLIA/2019-full_str_int/py-conbyte_cvc4/leetcode_int-add_binary/304.smt2 : 1300417 ms.
--------------------------------------------------
sat
QF_SLIA/2019-full_str_int/py-conbyte_cvc4/leetcode_int-add_binary/305.smt2 : 719 ms.
--------------------------------------------------
unsat
QF_SLIA/2019-full_str_int/py-conbyte_cvc4/leetcode_int-add_binary/306.smt2 : 36 ms.
--------------------------------------------------
sat
QF_SLIA/2019-full_str_int/py-conbyte_cvc4/leetcode_int-add_binary/307.smt2 : 793 ms.
--------------------------------------------------
unsat
QF_SLIA/2019-full_str_int/py-conbyte_cvc4/leetcode_int-add_binary/308.smt2 : 45 ms.
--------------------------------------------------
unsat
QF_SLIA/2019-full_str_int/py-conbyte_cvc4/leetcode_int-add_binary/309.smt2 : 51034 ms.
--------------------------------------------------
sat
QF_SLIA/2019-full_str_int/py-conbyte_cvc4/leetcode_int-add_binary/31.smt2 : 385 ms.
--------------------------------------------------
unsat
QF_SLIA/2019-full_str_int/py-conbyte_cvc4/leetcode_int-add_binary/310.smt2 : 35 ms.
--------------------------------------------------
unsat
QF_SLIA/2019-full_str_int/py-conbyte_cvc4/leetcode_int-add_binary/311.smt2 : 35 ms.
--------------------------------------------------
unsat
QF_SLIA/2019-full_str_int/py-conbyte_cvc4/leetcode_int-add_binary/312.smt2 : 38 ms.
--------------------------------------------------
unsat
QF_SLIA/2019-full_str_int/py-conbyte_cvc4/leetcode_int-add_binary/313.smt2 : 42 ms.
--------------------------------------------------
sat
QF_SLIA/2019-full_str_int/py-conbyte_cvc4/leetcode_int-add_binary/314.smt2 : 718 ms.
--------------------------------------------------
unsat
QF_SLIA/2019-full_str_int/py-conbyte_cvc4/leetcode_int-add_binary/315.smt2 : 37607 ms.
--------------------------------------------------
sat
QF_SLIA/2019-full_str_int/py-conbyte_cvc4/leetcode_int-add_binary/316.smt2 : 712 ms.
--------------------------------------------------
unsat
QF_SLIA/2019-full_str_int/py-conbyte_cvc4/leetcode_int-add_binary/317.smt2 : 37 ms.
--------------------------------------------------
unsat
QF_SLIA/2019-full_str_int/py-conbyte_cvc4/leetcode_int-add_binary/318.smt2 : 36 ms.
--------------------------------------------------
sat
QF_SLIA/2019-full_str_int/py-conbyte_cvc4/leetcode_int-add_binary/319.smt2 : 609 ms.
--------------------------------------------------
unsat
QF_SLIA/2019-full_str_int/py-conbyte_cvc4/leetcode_int-add_binary/32.smt2 : 30726 ms.
--------------------------------------------------
unsat
QF_SLIA/2019-full_str_int/py-conbyte_cvc4/leetcode_int-add_binary/320.smt2 : 42 ms.
--------------------------------------------------
unsat
QF_SLIA/2019-full_str_int/py-conbyte_cvc4/leetcode_int-add_binary/321.smt2 : 45205 ms.
--------------------------------------------------
unsat
QF_SLIA/2019-full_str_int/py-conbyte_cvc4/leetcode_int-add_binary/322.smt2 : 35 ms.
--------------------------------------------------
unsat
QF_SLIA/2019-full_str_int/py-conbyte_cvc4/leetcode_int-add_binary/323.smt2 : 33 ms.
--------------------------------------------------
unsat
QF_SLIA/2019-full_str_int/py-conbyte_cvc4/leetcode_int-add_binary/324.smt2 : 32 ms.
--------------------------------------------------
sat
QF_SLIA/2019-full_str_int/py-conbyte_cvc4/leetcode_int-add_binary/325.smt2 : 393 ms.
--------------------------------------------------
unsat
QF_SLIA/2019-full_str_int/py-conbyte_cvc4/leetcode_int-add_binary/326.smt2 : 40 ms.
--------------------------------------------------
unsat
QF_SLIA/2019-full_str_int/py-conbyte_cvc4/leetcode_int-add_binary/327.smt2 : 15500 ms.
--------------------------------------------------
unsat
QF_SLIA/2019-full_str_int/py-conbyte_cvc4/leetcode_int-add_binary/328.smt2 : 32 ms.
--------------------------------------------------
sat
QF_SLIA/2019-full_str_int/py-conbyte_cvc4/leetcode_int-add_binary/329.smt2 : 611 ms.
--------------------------------------------------
sat
QF_SLIA/2019-full_str_int/py-conbyte_cvc4/leetcode_int-add_binary/33.smt2 : 375 ms.
--------------------------------------------------
unsat
QF_SLIA/2019-full_str_int/py-conbyte_cvc4/leetcode_int-add_binary/330.smt2 : 38 ms.
--------------------------------------------------
unknown
unsat
QF_SLIA/2019-full_str_int/py-conbyte_cvc4/leetcode_int-add_binary/331.smt2 : 812782 ms.
--------------------------------------------------
unsat
QF_SLIA/2019-full_str_int/py-conbyte_cvc4/leetcode_int-add_binary/332.smt2 : 38 ms.
--------------------------------------------------
unsat
QF_SLIA/2019-full_str_int/py-conbyte_cvc4/leetcode_int-add_binary/333.smt2 : 31 ms.
--------------------------------------------------
unsat
QF_SLIA/2019-full_str_int/py-conbyte_cvc4/leetcode_int-add_binary/334.smt2 : 33 ms.
--------------------------------------------------
sat
QF_SLIA/2019-full_str_int/py-conbyte_cvc4/leetcode_int-add_binary/335.smt2 : 619 ms.
--------------------------------------------------
unsat
QF_SLIA/2019-full_str_int/py-conbyte_cvc4/leetcode_int-add_binary/336.smt2 : 44 ms.
--------------------------------------------------
unsat
QF_SLIA/2019-full_str_int/py-conbyte_cvc4/leetcode_int-add_binary/337.smt2 : 45707 ms.
--------------------------------------------------
unsat
QF_SLIA/2019-full_str_int/py-conbyte_cvc4/leetcode_int-add_binary/338.smt2 : 36 ms.
--------------------------------------------------
unsat
QF_SLIA/2019-full_str_int/py-conbyte_cvc4/leetcode_int-add_binary/339.smt2 : 34 ms.
--------------------------------------------------
unsat
QF_SLIA/2019-full_str_int/py-conbyte_cvc4/leetcode_int-add_binary/34.smt2 : 31 ms.
--------------------------------------------------
unsat
QF_SLIA/2019-full_str_int/py-conbyte_cvc4/leetcode_int-add_binary/340.smt2 : 33 ms.
--------------------------------------------------
unsat
QF_SLIA/2019-full_str_int/py-conbyte_cvc4/leetcode_int-add_binary/341.smt2 : 40 ms.
--------------------------------------------------
sat
QF_SLIA/2019-full_str_int/py-conbyte_cvc4/leetcode_int-add_binary/342.smt2 : 566 ms.
--------------------------------------------------
unsat
QF_SLIA/2019-full_str_int/py-conbyte_cvc4/leetcode_int-add_binary/343.smt2 : 35383 ms.
--------------------------------------------------
unsat
QF_SLIA/2019-full_str_int/py-conbyte_cvc4/leetcode_int-add_binary/344.smt2 : 43 ms.
--------------------------------------------------
unsat
QF_SLIA/2019-full_str_int/py-conbyte_cvc4/leetcode_int-add_binary/345.smt2 : 32 ms.
--------------------------------------------------
unsat
QF_SLIA/2019-full_str_int/py-conbyte_cvc4/leetcode_int-add_binary/346.smt2 : 33 ms.
--------------------------------------------------
sat
QF_SLIA/2019-full_str_int/py-conbyte_cvc4/leetcode_int-add_binary/347.smt2 : 480 ms.
--------------------------------------------------
sat
QF_SLIA/2019-full_str_int/py-conbyte_cvc4/leetcode_int-add_binary/348.smt2 : 495 ms.
--------------------------------------------------
sat
QF_SLIA/2019-full_str_int/py-conbyte_cvc4/leetcode_int-add_binary/349.smt2 : 434 ms.
--------------------------------------------------
sat
QF_SLIA/2019-full_str_int/py-conbyte_cvc4/leetcode_int-add_binary/35.smt2 : 222 ms.
--------------------------------------------------
unsat
QF_SLIA/2019-full_str_int/py-conbyte_cvc4/leetcode_int-add_binary/350.smt2 : 34 ms.
--------------------------------------------------
unsat
QF_SLIA/2019-full_str_int/py-conbyte_cvc4/leetcode_int-add_binary/351.smt2 : 41 ms.
--------------------------------------------------
sat
QF_SLIA/2019-full_str_int/py-conbyte_cvc4/leetcode_int-add_binary/352.smt2 : 454 ms.
--------------------------------------------------
unsat
QF_SLIA/2019-full_str_int/py-conbyte_cvc4/leetcode_int-add_binary/353.smt2 : 22299 ms.
--------------------------------------------------
unsat
QF_SLIA/2019-full_str_int/py-conbyte_cvc4/leetcode_int-add_binary/354.smt2 : 41 ms.
--------------------------------------------------
unsat
QF_SLIA/2019-full_str_int/py-conbyte_cvc4/leetcode_int-add_binary/355.smt2 : 33 ms.
--------------------------------------------------
unsat
QF_SLIA/2019-full_str_int/py-conbyte_cvc4/leetcode_int-add_binary/356.smt2 : 32 ms.
--------------------------------------------------
unsat
QF_SLIA/2019-full_str_int/py-conbyte_cvc4/leetcode_int-add_binary/357.smt2 : 37 ms.
--------------------------------------------------
sat
QF_SLIA/2019-full_str_int/py-conbyte_cvc4/leetcode_int-add_binary/358.smt2 : 315 ms.
--------------------------------------------------
unsat
QF_SLIA/2019-full_str_int/py-conbyte_cvc4/leetcode_int-add_binary/359.smt2 : 6201 ms.
--------------------------------------------------
sat
QF_SLIA/2019-full_str_int/py-conbyte_cvc4/leetcode_int-add_binary/36.smt2 : 238 ms.
--------------------------------------------------
unsat
QF_SLIA/2019-full_str_int/py-conbyte_cvc4/leetcode_int-add_binary/360.smt2 : 34 ms.
--------------------------------------------------
unsat
QF_SLIA/2019-full_str_int/py-conbyte_cvc4/leetcode_int-add_binary/361.smt2 : 37 ms.
--------------------------------------------------
sat
QF_SLIA/2019-full_str_int/py-conbyte_cvc4/leetcode_int-add_binary/362.smt2 : 322 ms.
--------------------------------------------------
unsat
QF_SLIA/2019-full_str_int/py-conbyte_cvc4/leetcode_int-add_binary/363.smt2 : 5917 ms.
--------------------------------------------------
unsat
QF_SLIA/2019-full_str_int/py-conbyte_cvc4/leetcode_int-add_binary/364.smt2 : 39 ms.
--------------------------------------------------
unsat
QF_SLIA/2019-full_str_int/py-conbyte_cvc4/leetcode_int-add_binary/365.smt2 : 29 ms.
--------------------------------------------------
unsat
QF_SLIA/2019-full_str_int/py-conbyte_cvc4/leetcode_int-add_binary/366.smt2 : 31 ms.
--------------------------------------------------
sat
QF_SLIA/2019-full_str_int/py-conbyte_cvc4/leetcode_int-add_binary/367.smt2 : 347 ms.
--------------------------------------------------
unsat
QF_SLIA/2019-full_str_int/py-conbyte_cvc4/leetcode_int-add_binary/368.smt2 : 39 ms.
--------------------------------------------------
unsat
QF_SLIA/2019-full_str_int/py-conbyte_cvc4/leetcode_int-add_binary/369.smt2 : 6413 ms.
--------------------------------------------------
sat
QF_SLIA/2019-full_str_int/py-conbyte_cvc4/leetcode_int-add_binary/37.smt2 : 184 ms.
--------------------------------------------------
unsat
QF_SLIA/2019-full_str_int/py-conbyte_cvc4/leetcode_int-add_binary/370.smt2 : 33 ms.
--------------------------------------------------
unsat
QF_SLIA/2019-full_str_int/py-conbyte_cvc4/leetcode_int-add_binary/371.smt2 : 31 ms.
--------------------------------------------------
unsat
QF_SLIA/2019-full_str_int/py-conbyte_cvc4/leetcode_int-add_binary/372.smt2 : 30 ms.
--------------------------------------------------
sat
QF_SLIA/2019-full_str_int/py-conbyte_cvc4/leetcode_int-add_binary/373.smt2 : 240 ms.
--------------------------------------------------
unsat
QF_SLIA/2019-full_str_int/py-conbyte_cvc4/leetcode_int-add_binary/374.smt2 : 37 ms.
--------------------------------------------------
unsat
QF_SLIA/2019-full_str_int/py-conbyte_cvc4/leetcode_int-add_binary/375.smt2 : 2534 ms.
--------------------------------------------------
unsat
QF_SLIA/2019-full_str_int/py-conbyte_cvc4/leetcode_int-add_binary/376.smt2 : 31 ms.
--------------------------------------------------
sat
QF_SLIA/2019-full_str_int/py-conbyte_cvc4/leetcode_int-add_binary/377.smt2 : 329 ms.
--------------------------------------------------
unsat
QF_SLIA/2019-full_str_int/py-conbyte_cvc4/leetcode_int-add_binary/378.smt2 : 39 ms.
--------------------------------------------------
unsat
QF_SLIA/2019-full_str_int/py-conbyte_cvc4/leetcode_int-add_binary/379.smt2 : 24654 ms.
--------------------------------------------------
unsat
QF_SLIA/2019-full_str_int/py-conbyte_cvc4/leetcode_int-add_binary/38.smt2 : 30 ms.
--------------------------------------------------
unsat
QF_SLIA/2019-full_str_int/py-conbyte_cvc4/leetcode_int-add_binary/380.smt2 : 27 ms.
--------------------------------------------------
unsat
QF_SLIA/2019-full_str_int/py-conbyte_cvc4/leetcode_int-add_binary/381.smt2 : 26 ms.
--------------------------------------------------
unsat
QF_SLIA/2019-full_str_int/py-conbyte_cvc4/leetcode_int-add_binary/382.smt2 : 28 ms.
--------------------------------------------------
sat
QF_SLIA/2019-full_str_int/py-conbyte_cvc4/leetcode_int-add_binary/383.smt2 : 312 ms.
--------------------------------------------------
unsat
QF_SLIA/2019-full_str_int/py-conbyte_cvc4/leetcode_int-add_binary/384.smt2 : 34 ms.
--------------------------------------------------
unsat
QF_SLIA/2019-full_str_int/py-conbyte_cvc4/leetcode_int-add_binary/385.smt2 : 5431 ms.
--------------------------------------------------
unsat
QF_SLIA/2019-full_str_int/py-conbyte_cvc4/leetcode_int-add_binary/386.smt2 : 28 ms.
--------------------------------------------------
unsat
QF_SLIA/2019-full_str_int/py-conbyte_cvc4/leetcode_int-add_binary/387.smt2 : 27 ms.
--------------------------------------------------
unsat
QF_SLIA/2019-full_str_int/py-conbyte_cvc4/leetcode_int-add_binary/388.smt2 : 28 ms.
--------------------------------------------------
unsat
QF_SLIA/2019-full_str_int/py-conbyte_cvc4/leetcode_int-add_binary/389.smt2 : 34 ms.
--------------------------------------------------
sat
QF_SLIA/2019-full_str_int/py-conbyte_cvc4/leetcode_int-add_binary/39.smt2 : 119 ms.
--------------------------------------------------
sat
QF_SLIA/2019-full_str_int/py-conbyte_cvc4/leetcode_int-add_binary/390.smt2 : 314 ms.
--------------------------------------------------
unsat
QF_SLIA/2019-full_str_int/py-conbyte_cvc4/leetcode_int-add_binary/391.smt2 : 5682 ms.
--------------------------------------------------
unsat
QF_SLIA/2019-full_str_int/py-conbyte_cvc4/leetcode_int-add_binary/392.smt2 : 39 ms.
--------------------------------------------------
unsat
QF_SLIA/2019-full_str_int/py-conbyte_cvc4/leetcode_int-add_binary/393.smt2 : 30 ms.
--------------------------------------------------
unsat
QF_SLIA/2019-full_str_int/py-conbyte_cvc4/leetcode_int-add_binary/394.smt2 : 33 ms.
--------------------------------------------------
sat
QF_SLIA/2019-full_str_int/py-conbyte_cvc4/leetcode_int-add_binary/395.smt2 : 306 ms.
--------------------------------------------------
sat
QF_SLIA/2019-full_str_int/py-conbyte_cvc4/leetcode_int-add_binary/396.smt2 : 310 ms.
--------------------------------------------------
sat
QF_SLIA/2019-full_str_int/py-conbyte_cvc4/leetcode_int-add_binary/397.smt2 : 287 ms.
--------------------------------------------------
unsat
QF_SLIA/2019-full_str_int/py-conbyte_cvc4/leetcode_int-add_binary/398.smt2 : 32 ms.
--------------------------------------------------
unsat
QF_SLIA/2019-full_str_int/py-conbyte_cvc4/leetcode_int-add_binary/399.smt2 : 36 ms.
--------------------------------------------------
sat
QF_SLIA/2019-full_str_int/py-conbyte_cvc4/leetcode_int-add_binary/4.smt2 : 339 ms.
--------------------------------------------------
sat
QF_SLIA/2019-full_str_int/py-conbyte_cvc4/leetcode_int-add_binary/40.smt2 : 144 ms.
--------------------------------------------------
sat
QF_SLIA/2019-full_str_int/py-conbyte_cvc4/leetcode_int-add_binary/400.smt2 : 263 ms.
--------------------------------------------------
unsat
QF_SLIA/2019-full_str_int/py-conbyte_cvc4/leetcode_int-add_binary/401.smt2 : 3809 ms.
--------------------------------------------------
sat
QF_SLIA/2019-full_str_int/py-conbyte_cvc4/leetcode_int-add_binary/402.smt2 : 271 ms.
--------------------------------------------------
unsat
QF_SLIA/2019-full_str_int/py-conbyte_cvc4/leetcode_int-add_binary/403.smt2 : 37 ms.
--------------------------------------------------
unsat
QF_SLIA/2019-full_str_int/py-conbyte_cvc4/leetcode_int-add_binary/404.smt2 : 29 ms.
--------------------------------------------------
unsat
QF_SLIA/2019-full_str_int/py-conbyte_cvc4/leetcode_int-add_binary/405.smt2 : 28 ms.
--------------------------------------------------
unsat
QF_SLIA/2019-full_str_int/py-conbyte_cvc4/leetcode_int-add_binary/406.smt2 : 34 ms.
--------------------------------------------------
sat
QF_SLIA/2019-full_str_int/py-conbyte_cvc4/leetcode_int-add_binary/407.smt2 : 230 ms.
--------------------------------------------------
unsat
QF_SLIA/2019-full_str_int/py-conbyte_cvc4/leetcode_int-add_binary/408.smt2 : 29 ms.
--------------------------------------------------
unsat
QF_SLIA/2019-full_str_int/py-conbyte_cvc4/leetcode_int-add_binary/409.smt2 : 34 ms.
--------------------------------------------------
sat
QF_SLIA/2019-full_str_int/py-conbyte_cvc4/leetcode_int-add_binary/41.smt2 : 100 ms.
--------------------------------------------------
sat
QF_SLIA/2019-full_str_int/py-conbyte_cvc4/leetcode_int-add_binary/410.smt2 : 225 ms.
--------------------------------------------------
unsat
QF_SLIA/2019-full_str_int/py-conbyte_cvc4/leetcode_int-add_binary/411.smt2 : 1184 ms.
--------------------------------------------------
unsat
QF_SLIA/2019-full_str_int/py-conbyte_cvc4/leetcode_int-add_binary/412.smt2 : 35 ms.
--------------------------------------------------
unsat
QF_SLIA/2019-full_str_int/py-conbyte_cvc4/leetcode_int-add_binary/413.smt2 : 26 ms.
--------------------------------------------------
unsat
QF_SLIA/2019-full_str_int/py-conbyte_cvc4/leetcode_int-add_binary/414.smt2 : 28 ms.
--------------------------------------------------
sat
QF_SLIA/2019-full_str_int/py-conbyte_cvc4/leetcode_int-add_binary/415.smt2 : 189 ms.
--------------------------------------------------
unsat
QF_SLIA/2019-full_str_int/py-conbyte_cvc4/leetcode_int-add_binary/416.smt2 : 34 ms.
--------------------------------------------------
unsat
QF_SLIA/2019-full_str_int/py-conbyte_cvc4/leetcode_int-add_binary/417.smt2 : 1333 ms.
--------------------------------------------------
sat
QF_SLIA/2019-full_str_int/py-conbyte_cvc4/leetcode_int-add_binary/418.smt2 : 170 ms.
--------------------------------------------------
unsat
QF_SLIA/2019-full_str_int/py-conbyte_cvc4/leetcode_int-add_binary/419.smt2 : 30 ms.
--------------------------------------------------
unsat
QF_SLIA/2019-full_str_int/py-conbyte_cvc4/leetcode_int-add_binary/42.smt2 : 26 ms.
--------------------------------------------------
unsat
QF_SLIA/2019-full_str_int/py-conbyte_cvc4/leetcode_int-add_binary/420.smt2 : 30 ms.
--------------------------------------------------
unsat
QF_SLIA/2019-full_str_int/py-conbyte_cvc4/leetcode_int-add_binary/421.smt2 : 29 ms.
--------------------------------------------------
sat
QF_SLIA/2019-full_str_int/py-conbyte_cvc4/leetcode_int-add_binary/422.smt2 : 144 ms.
--------------------------------------------------
unsat
QF_SLIA/2019-full_str_int/py-conbyte_cvc4/leetcode_int-add_binary/423.smt2 : 34 ms.
--------------------------------------------------
unsat
QF_SLIA/2019-full_str_int/py-conbyte_cvc4/leetcode_int-add_binary/424.smt2 : 31 ms.
--------------------------------------------------
sat
QF_SLIA/2019-full_str_int/py-conbyte_cvc4/leetcode_int-add_binary/425.smt2 : 174 ms.
--------------------------------------------------
unsat
QF_SLIA/2019-full_str_int/py-conbyte_cvc4/leetcode_int-add_binary/426.smt2 : 34 ms.
--------------------------------------------------
unsat
QF_SLIA/2019-full_str_int/py-conbyte_cvc4/leetcode_int-add_binary/427.smt2 : 3689 ms.
--------------------------------------------------
unsat
QF_SLIA/2019-full_str_int/py-conbyte_cvc4/leetcode_int-add_binary/428.smt2 : 31 ms.
--------------------------------------------------
unsat
QF_SLIA/2019-full_str_int/py-conbyte_cvc4/leetcode_int-add_binary/429.smt2 : 29 ms.
--------------------------------------------------
sat
QF_SLIA/2019-full_str_int/py-conbyte_cvc4/leetcode_int-add_binary/43.smt2 : 66 ms.
--------------------------------------------------
unsat
QF_SLIA/2019-full_str_int/py-conbyte_cvc4/leetcode_int-add_binary/430.smt2 : 36 ms.
--------------------------------------------------
unsat
QF_SLIA/2019-full_str_int/py-conbyte_cvc4/leetcode_int-add_binary/431.smt2 : 45 ms.
--------------------------------------------------
sat
QF_SLIA/2019-full_str_int/py-conbyte_cvc4/leetcode_int-add_binary/432.smt2 : 1765 ms.
--------------------------------------------------
unknown

QF_SLIA/2019-full_str_int/py-conbyte_cvc4/leetcode_int-add_binary/433.smt2 : 1300429 ms.
--------------------------------------------------
unsat
QF_SLIA/2019-full_str_int/py-conbyte_cvc4/leetcode_int-add_binary/434.smt2 : 48 ms.
--------------------------------------------------
unsat
QF_SLIA/2019-full_str_int/py-conbyte_cvc4/leetcode_int-add_binary/435.smt2 : 34 ms.
--------------------------------------------------
sat
QF_SLIA/2019-full_str_int/py-conbyte_cvc4/leetcode_int-add_binary/436.smt2 : 820 ms.
--------------------------------------------------
unknown

QF_SLIA/2019-full_str_int/py-conbyte_cvc4/leetcode_int-add_binary/437.smt2 : 1300419 ms.
--------------------------------------------------
unsat
QF_SLIA/2019-full_str_int/py-conbyte_cvc4/leetcode_int-add_binary/438.smt2 : 43 ms.
--------------------------------------------------
unsat
QF_SLIA/2019-full_str_int/py-conbyte_cvc4/leetcode_int-add_binary/439.smt2 : 34 ms.
--------------------------------------------------
unsat
QF_SLIA/2019-full_str_int/py-conbyte_cvc4/leetcode_int-add_binary/44.smt2 : 32 ms.
--------------------------------------------------
unsat
QF_SLIA/2019-full_str_int/py-conbyte_cvc4/leetcode_int-add_binary/440.smt2 : 35 ms.
--------------------------------------------------
unsat
QF_SLIA/2019-full_str_int/py-conbyte_cvc4/leetcode_int-add_binary/441.smt2 : 42 ms.
--------------------------------------------------
unsat
QF_SLIA/2019-full_str_int/py-conbyte_cvc4/leetcode_int-add_binary/442.smt2 : 36 ms.
--------------------------------------------------
unsat
QF_SLIA/2019-full_str_int/py-conbyte_cvc4/leetcode_int-add_binary/443.smt2 : 45 ms.
--------------------------------------------------
sat
QF_SLIA/2019-full_str_int/py-conbyte_cvc4/leetcode_int-add_binary/444.smt2 : 1109 ms.
--------------------------------------------------
unknown
unsat
QF_SLIA/2019-full_str_int/py-conbyte_cvc4/leetcode_int-add_binary/445.smt2 : 1058157 ms.
--------------------------------------------------
unsat
QF_SLIA/2019-full_str_int/py-conbyte_cvc4/leetcode_int-add_binary/446.smt2 : 47 ms.
--------------------------------------------------
unsat
QF_SLIA/2019-full_str_int/py-conbyte_cvc4/leetcode_int-add_binary/447.smt2 : 53 ms.
--------------------------------------------------
unsat
QF_SLIA/2019-full_str_int/py-conbyte_cvc4/leetcode_int-add_binary/448.smt2 : 37 ms.
--------------------------------------------------
unsat
QF_SLIA/2019-full_str_int/py-conbyte_cvc4/leetcode_int-add_binary/449.smt2 : 46 ms.
--------------------------------------------------
unsat
QF_SLIA/2019-full_str_int/py-conbyte_cvc4/leetcode_int-add_binary/45.smt2 : 42 ms.
--------------------------------------------------
sat
QF_SLIA/2019-full_str_int/py-conbyte_cvc4/leetcode_int-add_binary/450.smt2 : 772 ms.
--------------------------------------------------
unsat
QF_SLIA/2019-full_str_int/py-conbyte_cvc4/leetcode_int-add_binary/451.smt2 : 100646 ms.
--------------------------------------------------
unsat
QF_SLIA/2019-full_str_int/py-conbyte_cvc4/leetcode_int-add_binary/452.smt2 : 125 ms.
--------------------------------------------------
sat
QF_SLIA/2019-full_str_int/py-conbyte_cvc4/leetcode_int-add_binary/453.smt2 : 854 ms.
--------------------------------------------------
unsat
QF_SLIA/2019-full_str_int/py-conbyte_cvc4/leetcode_int-add_binary/454.smt2 : 69 ms.
--------------------------------------------------
