--------------------------------------------------
./solvers/smtrat/run.sh: line 3: 40510 Killed                  LD_PRELOAD=libmimalloc.so ./smtrat ../$1 2> /dev/null
QF_NRA/20211101-Geogebra/EulerInequality_IsoTriangle-CircumRadius_InRadius.smt2 : 1800146 ms.
--------------------------------------------------
sat
QF_NRA/20211101-Geogebra/IsoRightTriangle-Bottema11_20b.smt2 : 20 ms.
--------------------------------------------------
sat
QF_NRA/20211101-Geogebra/IsoRightTriangle-Bottema1_12a.smt2 : 21 ms.
--------------------------------------------------
sat
QF_NRA/20211101-Geogebra/IsoRightTriangle-Bottema1_12b.smt2 : 32 ms.
--------------------------------------------------
sat
QF_NRA/20211101-Geogebra/IsoRightTriangle-Bottema1_14a.smt2 : 18 ms.
--------------------------------------------------
sat
QF_NRA/20211101-Geogebra/IsoRightTriangle-Bottema1_14b.smt2 : 27 ms.
--------------------------------------------------
sat
QF_NRA/20211101-Geogebra/IsoRightTriangle-Bottema1_15a.smt2 : 18 ms.
--------------------------------------------------
sat
QF_NRA/20211101-Geogebra/IsoRightTriangle-Bottema1_15b.smt2 : 20 ms.
--------------------------------------------------
sat
QF_NRA/20211101-Geogebra/IsoRightTriangle-Bottema1_17a.smt2 : 18 ms.
--------------------------------------------------
sat
QF_NRA/20211101-Geogebra/IsoRightTriangle-Bottema1_17b.smt2 : 20 ms.
--------------------------------------------------
sat
QF_NRA/20211101-Geogebra/IsoRightTriangle-Bottema1_19a.smt2 : 24 ms.
--------------------------------------------------
sat
QF_NRA/20211101-Geogebra/IsoRightTriangle-Bottema1_19b.smt2 : 14 ms.
--------------------------------------------------
sat
QF_NRA/20211101-Geogebra/IsoRightTriangle-Bottema1_1a.smt2 : 14 ms.
--------------------------------------------------
sat
QF_NRA/20211101-Geogebra/IsoRightTriangle-Bottema1_1b.smt2 : 14 ms.
--------------------------------------------------
sat
QF_NRA/20211101-Geogebra/IsoRightTriangle-Bottema1_23a.smt2 : 18 ms.
--------------------------------------------------
sat
QF_NRA/20211101-Geogebra/IsoRightTriangle-Bottema1_23b.smt2 : 22 ms.
--------------------------------------------------
sat
QF_NRA/20211101-Geogebra/IsoRightTriangle-Bottema1_2a.smt2 : 21 ms.
--------------------------------------------------
sat
QF_NRA/20211101-Geogebra/IsoRightTriangle-Bottema1_2b.smt2 : 21 ms.
--------------------------------------------------
sat
QF_NRA/20211101-Geogebra/IsoRightTriangle-Bottema1_3a.smt2 : 19 ms.
--------------------------------------------------
sat
QF_NRA/20211101-Geogebra/IsoRightTriangle-Bottema1_3b.smt2 : 16 ms.
--------------------------------------------------
sat
QF_NRA/20211101-Geogebra/IsoRightTriangle-Bottema1_4a.smt2 : 29 ms.
--------------------------------------------------
sat
QF_NRA/20211101-Geogebra/IsoRightTriangle-Bottema1_4b.smt2 : 32 ms.
--------------------------------------------------
sat
QF_NRA/20211101-Geogebra/IsoRightTriangle-Bottema1_5a.smt2 : 16 ms.
--------------------------------------------------
sat
QF_NRA/20211101-Geogebra/IsoRightTriangle-Bottema1_5b.smt2 : 16 ms.
--------------------------------------------------
sat
QF_NRA/20211101-Geogebra/IsoRightTriangle-Bottema1_6a.smt2 : 16 ms.
--------------------------------------------------
sat
QF_NRA/20211101-Geogebra/IsoRightTriangle-Bottema1_6b.smt2 : 18 ms.
--------------------------------------------------
sat
QF_NRA/20211101-Geogebra/IsoRightTriangle-Bottema1_7a.smt2 : 15 ms.
--------------------------------------------------
sat
QF_NRA/20211101-Geogebra/IsoRightTriangle-Bottema1_7b.smt2 : 16 ms.
--------------------------------------------------
sat
QF_NRA/20211101-Geogebra/IsoRightTriangle-Bottema1_8a.smt2 : 18 ms.
--------------------------------------------------
sat
QF_NRA/20211101-Geogebra/IsoRightTriangle-Bottema1_8b.smt2 : 36 ms.
--------------------------------------------------
sat
QF_NRA/20211101-Geogebra/IsoRightTriangle-Bottema1_9a.smt2 : 18 ms.
--------------------------------------------------
sat
QF_NRA/20211101-Geogebra/IsoRightTriangle-Bottema1_9b.smt2 : 31 ms.
--------------------------------------------------
sat
QF_NRA/20211101-Geogebra/IsoRightTriangle-Bottema4_2b.smt2 : 30 ms.
--------------------------------------------------
sat
QF_NRA/20211101-Geogebra/IsoRightTriangle-Bottema5_3b.smt2 : 21 ms.
--------------------------------------------------
sat
QF_NRA/20211101-Geogebra/IsoRightTriangle-Bottema6_1b.smt2 : 149 ms.
--------------------------------------------------
./solvers/smtrat/run.sh: line 3: 69370 Killed                  LD_PRELOAD=libmimalloc.so ./smtrat ../$1 2> /dev/null
QF_NRA/20211101-Geogebra/IsoRightTriangle-Bottema8_1b.smt2 : 1801039 ms.
--------------------------------------------------
sat
QF_NRA/20211101-Geogebra/IsoTriangle-Area_Perimeter_a.smt2 : 28 ms.
--------------------------------------------------
sat
QF_NRA/20211101-Geogebra/IsoTriangle-Bottema11_20a.smt2 : 22 ms.
--------------------------------------------------
sat
QF_NRA/20211101-Geogebra/IsoTriangle-Bottema11_20b.smt2 : 17 ms.
--------------------------------------------------
sat
QF_NRA/20211101-Geogebra/IsoTriangle-Bottema1_19a.smt2 : 24 ms.
--------------------------------------------------
sat
QF_NRA/20211101-Geogebra/IsoTriangle-Bottema1_19b.smt2 : 19 ms.
--------------------------------------------------
sat
QF_NRA/20211101-Geogebra/IsoTriangle-Bottema1_1a.smt2 : 24 ms.
--------------------------------------------------
sat
QF_NRA/20211101-Geogebra/IsoTriangle-Bottema1_1b.smt2 : 20 ms.
--------------------------------------------------
sat
QF_NRA/20211101-Geogebra/IsoTriangle-Bottema4_2a.smt2 : 60 ms.
--------------------------------------------------
sat
QF_NRA/20211101-Geogebra/IsoTriangle-Bottema4_2b.smt2 : 24 ms.
--------------------------------------------------
sat
QF_NRA/20211101-Geogebra/IsoTriangle-Bottema5_3a.smt2 : 50 ms.
--------------------------------------------------
sat
QF_NRA/20211101-Geogebra/IsoTriangle-Bottema5_3b.smt2 : 36 ms.
--------------------------------------------------
./solvers/smtrat/run.sh: line 3: 73871 Killed                  LD_PRELOAD=libmimalloc.so ./smtrat ../$1 2> /dev/null
QF_NRA/20211101-Geogebra/IsoTriangle-Bottema6_1a.smt2 : 1801265 ms.
--------------------------------------------------
./solvers/smtrat/run.sh: line 3: 77383 Killed                  LD_PRELOAD=libmimalloc.so ./smtrat ../$1 2> /dev/null
QF_NRA/20211101-Geogebra/IsoTriangle-Bottema6_1b.smt2 : 1800024 ms.
--------------------------------------------------
sat
QF_NRA/20211101-Geogebra/IsoTriangle-Bottema8_1a.smt2 : 756 ms.
--------------------------------------------------
sat
QF_NRA/20211101-Geogebra/IsoTriangle-Bottema8_1b.smt2 : 288 ms.
--------------------------------------------------
sat
QF_NRA/20211101-Geogebra/IsoTriangle-Median_Perimeter_a1.smt2 : 62 ms.
--------------------------------------------------
sat
QF_NRA/20211101-Geogebra/IsoTriangle-Median_Perimeter_a2.smt2 : 7327 ms.
--------------------------------------------------
sat
QF_NRA/20211101-Geogebra/IsoTriangle-Perimeter_CircumRadius_a.smt2 : 144 ms.
--------------------------------------------------
./solvers/smtrat/run.sh: line 3: 79740 Killed                  LD_PRELOAD=libmimalloc.so ./smtrat ../$1 2> /dev/null
QF_NRA/20211101-Geogebra/IsoTriangle-Perimeter_CircumRadius_b.smt2 : 1800099 ms.
--------------------------------------------------
./solvers/smtrat/run.sh: line 3: 81358 Killed                  LD_PRELOAD=libmimalloc.so ./smtrat ../$1 2> /dev/null
QF_NRA/20211101-Geogebra/IsoTriangle-Perimeter_CircumRadius_c.smt2 : 1800109 ms.
--------------------------------------------------
./solvers/smtrat/run.sh: line 3: 83007 Killed                  LD_PRELOAD=libmimalloc.so ./smtrat ../$1 2> /dev/null
QF_NRA/20211101-Geogebra/IsoTriangle-Perimeter_InRadius.smt2 : 1800110 ms.
--------------------------------------------------
sat
QF_NRA/20211101-Geogebra/KochanskiPiApproximation-RegDodecagon.smt2 : 1221 ms.
--------------------------------------------------
sat
QF_NRA/20211101-Geogebra/KochanskiPiApproximation.smt2 : 20 ms.
--------------------------------------------------
sat
QF_NRA/20211101-Geogebra/Odom-GoldenRatio-RegTriangle.smt2 : 29 ms.
--------------------------------------------------
sat
QF_NRA/20211101-Geogebra/OposicionsSecundariaCatalunya2018-2_4a.smt2 : 23 ms.
--------------------------------------------------
./solvers/smtrat/run.sh: line 3: 84786 Killed                  LD_PRELOAD=libmimalloc.so ./smtrat ../$1 2> /dev/null
QF_NRA/20211101-Geogebra/OposicionsSecundariaCatalunya2018-2_4b.smt2 : 1802562 ms.
--------------------------------------------------
sat
QF_NRA/20211101-Geogebra/PythagoreanGeneralization_Triangle-aa+bb_cc.smt2 : 29 ms.
--------------------------------------------------
sat
QF_NRA/20211101-Geogebra/RegDecagon-Diagonal_Side.smt2 : 414 ms.
--------------------------------------------------
sat
QF_NRA/20211101-Geogebra/RegHendecagon-Diagonal_Side.smt2 : 18144 ms.
--------------------------------------------------
sat
QF_NRA/20211101-Geogebra/RegHeptagon-Diagonal_Side.smt2 : 332 ms.
--------------------------------------------------
sat
QF_NRA/20211101-Geogebra/RegHexagon-Diagonal_Side.smt2 : 21 ms.
--------------------------------------------------
sat
QF_NRA/20211101-Geogebra/RegHexagon-ProductDiagonals_CircumRadius.smt2 : 72 ms.
--------------------------------------------------
QF_NRA/20211101-Geogebra/RegNonagon-Diagonal_Side.smt2 : 2585 ms.
--------------------------------------------------
sat
QF_NRA/20211101-Geogebra/RegOctagon-Diagonal_Side.smt2 : 114 ms.
--------------------------------------------------
sat
QF_NRA/20211101-Geogebra/RegOctagon-ProductDiagonals_CircumRadius.smt2 : 42742 ms.
--------------------------------------------------
sat
QF_NRA/20211101-Geogebra/RegPentagon-Diagonal_Side.smt2 : 38 ms.
--------------------------------------------------
sat
QF_NRA/20211101-Geogebra/RightTriangle-Bottema11_20a.smt2 : 22 ms.
--------------------------------------------------
sat
QF_NRA/20211101-Geogebra/RightTriangle-Bottema11_20b.smt2 : 20 ms.
--------------------------------------------------
sat
QF_NRA/20211101-Geogebra/RightTriangle-Bottema11_20.smt2 : 21 ms.
--------------------------------------------------
sat
QF_NRA/20211101-Geogebra/RightTriangle-Bottema1_19a.smt2 : 26 ms.
--------------------------------------------------
sat
QF_NRA/20211101-Geogebra/RightTriangle-Bottema1_19b.smt2 : 27 ms.
--------------------------------------------------
sat
QF_NRA/20211101-Geogebra/RightTriangle-Bottema1_1a.smt2 : 26 ms.
--------------------------------------------------
sat
QF_NRA/20211101-Geogebra/RightTriangle-Bottema1_1b.smt2 : 28 ms.
--------------------------------------------------
sat
QF_NRA/20211101-Geogebra/RightTriangle-Bottema4_2a.smt2 : 25 ms.
--------------------------------------------------
sat
QF_NRA/20211101-Geogebra/RightTriangle-Bottema4_2b.smt2 : 23 ms.
--------------------------------------------------
sat
QF_NRA/20211101-Geogebra/RightTriangle-Bottema5_3a.smt2 : 32 ms.
--------------------------------------------------
sat
QF_NRA/20211101-Geogebra/RightTriangle-Bottema5_3b.smt2 : 24 ms.
--------------------------------------------------
./solvers/smtrat/run.sh: line 3: 86957 Killed                  LD_PRELOAD=libmimalloc.so ./smtrat ../$1 2> /dev/null
QF_NRA/20211101-Geogebra/RightTriangle-Bottema6_1a.smt2 : 1800036 ms.
--------------------------------------------------
./solvers/smtrat/run.sh: line 3: 88375 Killed                  LD_PRELOAD=libmimalloc.so ./smtrat ../$1 2> /dev/null
QF_NRA/20211101-Geogebra/RightTriangle-Bottema6_1b.smt2 : 1800031 ms.
--------------------------------------------------
./solvers/smtrat/run.sh: line 3: 89582 Killed                  LD_PRELOAD=libmimalloc.so ./smtrat ../$1 2> /dev/null
QF_NRA/20211101-Geogebra/RightTriangle-Bottema8_1a.smt2 : 1800152 ms.
--------------------------------------------------
./solvers/smtrat/run.sh: line 3: 91165 Killed                  LD_PRELOAD=libmimalloc.so ./smtrat ../$1 2> /dev/null
QF_NRA/20211101-Geogebra/RightTriangle-Bottema8_1b.smt2 : 1800020 ms.
--------------------------------------------------
sat
QF_NRA/20211101-Geogebra/Square-Diagonal_Side.smt2 : 19 ms.
--------------------------------------------------
./solvers/smtrat/run.sh: line 3: 92444 Killed                  LD_PRELOAD=libmimalloc.so ./smtrat ../$1 2> /dev/null
QF_NRA/20211101-Geogebra/Triangle-2Sides_Medians_a.smt2 : 1800422 ms.
--------------------------------------------------
./solvers/smtrat/run.sh: line 3: 93708 Killed                  LD_PRELOAD=libmimalloc.so ./smtrat ../$1 2> /dev/null
QF_NRA/20211101-Geogebra/Triangle-Area_Perimeter_a.smt2 : 1800200 ms.
--------------------------------------------------
./solvers/smtrat/run.sh: line 3: 94822 Killed                  LD_PRELOAD=libmimalloc.so ./smtrat ../$1 2> /dev/null
QF_NRA/20211101-Geogebra/Triangle-Bottema1_12.smt2 : 1800070 ms.
--------------------------------------------------
sat
QF_NRA/20211101-Geogebra/Triangle-Bottema1_14.smt2 : 75 ms.
--------------------------------------------------
./solvers/smtrat/run.sh: line 3: 96559 Killed                  LD_PRELOAD=libmimalloc.so ./smtrat ../$1 2> /dev/null
QF_NRA/20211101-Geogebra/Triangle-Bottema1_15.smt2 : 1800032 ms.
--------------------------------------------------
./solvers/smtrat/run.sh: line 3: 97709 Killed                  LD_PRELOAD=libmimalloc.so ./smtrat ../$1 2> /dev/null
QF_NRA/20211101-Geogebra/Triangle-Bottema1_17.smt2 : 1800022 ms.
--------------------------------------------------
sat
QF_NRA/20211101-Geogebra/Triangle-Bottema1_19.smt2 : 64 ms.
--------------------------------------------------
sat
QF_NRA/20211101-Geogebra/Triangle-Bottema1_1.smt2 : 66 ms.
--------------------------------------------------
sat
QF_NRA/20211101-Geogebra/Triangle-Bottema1_23.smt2 : 327 ms.
--------------------------------------------------
sat
QF_NRA/20211101-Geogebra/Triangle-Bottema1_2.smt2 : 76 ms.
--------------------------------------------------
sat
QF_NRA/20211101-Geogebra/Triangle-Bottema1_3.smt2 : 103 ms.
--------------------------------------------------
./solvers/smtrat/run.sh: line 3: 98764 Killed                  LD_PRELOAD=libmimalloc.so ./smtrat ../$1 2> /dev/null
QF_NRA/20211101-Geogebra/Triangle-Bottema1_4.smt2 : 1800021 ms.
--------------------------------------------------
sat
QF_NRA/20211101-Geogebra/Triangle-Bottema1_5.smt2 : 74 ms.
--------------------------------------------------
sat
QF_NRA/20211101-Geogebra/Triangle-Bottema1_6.smt2 : 92 ms.
--------------------------------------------------
./solvers/smtrat/run.sh: line 3: 99797 Killed                  LD_PRELOAD=libmimalloc.so ./smtrat ../$1 2> /dev/null
QF_NRA/20211101-Geogebra/Triangle-Bottema1_7.smt2 : 1800071 ms.
--------------------------------------------------
./solvers/smtrat/run.sh: line 3: 101515 Killed                  LD_PRELOAD=libmimalloc.so ./smtrat ../$1 2> /dev/null
QF_NRA/20211101-Geogebra/Triangle-Bottema1_8.smt2 : 1800036 ms.
--------------------------------------------------
./solvers/smtrat/run.sh: line 3: 102676 Killed                  LD_PRELOAD=libmimalloc.so ./smtrat ../$1 2> /dev/null
QF_NRA/20211101-Geogebra/Triangle-Bottema1_9.smt2 : 1800239 ms.
--------------------------------------------------
./solvers/smtrat/run.sh: line 3: 103384 Killed                  LD_PRELOAD=libmimalloc.so ./smtrat ../$1 2> /dev/null
QF_NRA/20211101-Geogebra/Triangle-Bottema5_3.smt2 : 1800021 ms.
--------------------------------------------------
sat
QF_NRA/20211101-Geogebra/TriangleInequality_Triangle-a+b_c.smt2 : 40 ms.
--------------------------------------------------
./solvers/smtrat/run.sh: line 3: 104482 Killed                  LD_PRELOAD=libmimalloc.so ./smtrat ../$1 2> /dev/null
QF_NRA/20211101-Geogebra/Triangle-Perimeter_2Medians_a.smt2 : 1800131 ms.
--------------------------------------------------
sat
QF_NRA/20211101-Geogebra/Triangle-SymmHomPoly_3-2-1.smt2 : 56 ms.
--------------------------------------------------
sat
QF_NRA/20211101-Geogebra/Triangle-SymmHomPoly_3-2-2.smt2 : 66 ms.
--------------------------------------------------
sat
QF_NRA/20211101-Geogebra/Triangle-SymmHomPoly_3-2-3.smt2 : 68 ms.
--------------------------------------------------
sat
QF_NRA/20211101-Geogebra/Triangle-SymmHomPoly_3-3-1.smt2 : 67 ms.
