--------------------------------------------------
unsat
QF_NRA/meti-tarski/sin/problem/7/weak/sin-problem-7-weak-chunk-0015.smt2 : 18 ms.
--------------------------------------------------
unsat
QF_NRA/meti-tarski/sin/problem/7/weak/sin-problem-7-weak-chunk-0019.smt2 : 25 ms.
--------------------------------------------------
sat
QF_NRA/meti-tarski/sin/problem/7/weak/sin-problem-7-weak-chunk-0027.smt2 : 22 ms.
--------------------------------------------------
unsat
QF_NRA/meti-tarski/sin/problem/7/weak/sin-problem-7-weak-chunk-0028.smt2 : 22 ms.
--------------------------------------------------
unsat
QF_NRA/meti-tarski/sin/problem/7/weak/sin-problem-7-weak-chunk-0042.smt2 : 23 ms.
--------------------------------------------------
sat
QF_NRA/meti-tarski/sin/problem/7/weak/sin-problem-7-weak-chunk-0060.smt2 : 25 ms.
--------------------------------------------------
unsat
QF_NRA/meti-tarski/sin/problem/7/weak/sin-problem-7-weak-chunk-0061.smt2 : 18 ms.
--------------------------------------------------
sat
QF_NRA/meti-tarski/sin/problem/7/weak/sin-problem-7-weak-chunk-0071.smt2 : 30 ms.
--------------------------------------------------
sat
QF_NRA/meti-tarski/sin/problem/7/weak/sin-problem-7-weak-chunk-0072.smt2 : 38 ms.
--------------------------------------------------
sat
QF_NRA/meti-tarski/sin/problem/7/weak/sin-problem-7-weak-chunk-0073.smt2 : 22 ms.
--------------------------------------------------
sat
QF_NRA/meti-tarski/sin/problem/7/weak/sin-problem-7-weak-chunk-0075.smt2 : 31 ms.
--------------------------------------------------
sat
QF_NRA/meti-tarski/sin/problem/7/weak/sin-problem-7-weak-chunk-0076.smt2 : 21 ms.
--------------------------------------------------
sat
QF_NRA/meti-tarski/sin/problem/7/weak/sin-problem-7-weak-chunk-0077.smt2 : 25 ms.
--------------------------------------------------
unsat
QF_NRA/meti-tarski/sin/problem/7/weak/sin-problem-7-weak-chunk-0078.smt2 : 28 ms.
--------------------------------------------------
unsat
QF_NRA/meti-tarski/sin/problem/7/weak/sin-problem-7-weak-chunk-0079.smt2 : 17 ms.
--------------------------------------------------
sat
QF_NRA/meti-tarski/sin/problem/7/weak/sin-problem-7-weak-chunk-0080.smt2 : 44 ms.
--------------------------------------------------
sat
QF_NRA/meti-tarski/sin/problem/7/weak/sin-problem-7-weak-chunk-0081.smt2 : 28 ms.
--------------------------------------------------
unsat
QF_NRA/meti-tarski/sin/problem/7/weak/sin-problem-7-weak-chunk-0083.smt2 : 17 ms.
--------------------------------------------------
unsat
QF_NRA/meti-tarski/sin/problem/7/weak/sin-problem-7-weak-chunk-0084.smt2 : 15 ms.
--------------------------------------------------
sat
QF_NRA/meti-tarski/sin/problem/7/weak/sin-problem-7-weak-chunk-0085.smt2 : 35 ms.
--------------------------------------------------
unsat
QF_NRA/meti-tarski/sin/problem/7/weak/sin-problem-7-weak-chunk-0087.smt2 : 35 ms.
--------------------------------------------------
sat
QF_NRA/meti-tarski/sin/problem/7/weak/sin-problem-7-weak-chunk-0088.smt2 : 26 ms.
--------------------------------------------------
sat
QF_NRA/meti-tarski/sin/problem/7/weak/sin-problem-7-weak-chunk-0090.smt2 : 26 ms.
--------------------------------------------------
sat
QF_NRA/meti-tarski/sin/problem/7/weak/sin-problem-7-weak-chunk-0091.smt2 : 25 ms.
--------------------------------------------------
sat
QF_NRA/meti-tarski/sin/problem/7/weak/sin-problem-7-weak-chunk-0093.smt2 : 27 ms.
--------------------------------------------------
sat
QF_NRA/meti-tarski/sin/problem/7/weak/sin-problem-7-weak-chunk-0096.smt2 : 24 ms.
--------------------------------------------------
unsat
QF_NRA/meti-tarski/sin/problem/7/weak/sin-problem-7-weak-chunk-0097.smt2 : 16 ms.
--------------------------------------------------
sat
QF_NRA/meti-tarski/sin/problem/7/weak/sin-problem-7-weak-chunk-0098.smt2 : 25 ms.
--------------------------------------------------
sat
QF_NRA/meti-tarski/sin/problem/7/weak/sin-problem-7-weak-chunk-0100.smt2 : 27 ms.
--------------------------------------------------
sat
QF_NRA/meti-tarski/sin/problem/7/weak/sin-problem-7-weak-chunk-0101.smt2 : 16 ms.
--------------------------------------------------
unsat
QF_NRA/meti-tarski/sin/problem/7/weak/sin-problem-7-weak-chunk-0102.smt2 : 14 ms.
--------------------------------------------------
sat
QF_NRA/meti-tarski/sin/problem/7/weak/sin-problem-7-weak-chunk-0103.smt2 : 35 ms.
--------------------------------------------------
sat
QF_NRA/meti-tarski/sin/problem/7/weak/sin-problem-7-weak-chunk-0104.smt2 : 29 ms.
--------------------------------------------------
unsat
QF_NRA/meti-tarski/sin/problem/7/weak/sin-problem-7-weak-chunk-0105.smt2 : 14 ms.
--------------------------------------------------
unsat
QF_NRA/meti-tarski/sin/problem/7/weak/sin-problem-7-weak-chunk-0108.smt2 : 12 ms.
--------------------------------------------------
sat
QF_NRA/meti-tarski/sin/problem/7/weak/sin-problem-7-weak-chunk-0109.smt2 : 30 ms.
--------------------------------------------------
sat
QF_NRA/meti-tarski/sin/problem/7/weak/sin-problem-7-weak-chunk-0110.smt2 : 39 ms.
--------------------------------------------------
unsat
QF_NRA/meti-tarski/sin/problem/7/weak/sin-problem-7-weak-chunk-0111.smt2 : 23 ms.
--------------------------------------------------
sat
QF_NRA/meti-tarski/sin/problem/7/weak/sin-problem-7-weak-chunk-0114.smt2 : 16 ms.
--------------------------------------------------
sat
QF_NRA/meti-tarski/sin/problem/7/weak/sin-problem-7-weak-chunk-0115.smt2 : 41 ms.
--------------------------------------------------
unsat
QF_NRA/meti-tarski/sin/problem/7/weak/sin-problem-7-weak-chunk-0116.smt2 : 16 ms.
--------------------------------------------------
sat
QF_NRA/meti-tarski/sin/problem/7/weak/sin-problem-7-weak-chunk-0118.smt2 : 55 ms.
--------------------------------------------------
unsat
QF_NRA/meti-tarski/sin/problem/7/weak/sin-problem-7-weak-chunk-0119.smt2 : 24 ms.
--------------------------------------------------
sat
QF_NRA/meti-tarski/sin/problem/7/weak/sin-problem-7-weak-chunk-0120.smt2 : 19 ms.
--------------------------------------------------
unsat
QF_NRA/meti-tarski/sin/problem/7/weak/sin-problem-7-weak-chunk-0121.smt2 : 16 ms.
--------------------------------------------------
sat
QF_NRA/meti-tarski/sin/problem/7/weak/sin-problem-7-weak-chunk-0122.smt2 : 35 ms.
--------------------------------------------------
sat
QF_NRA/meti-tarski/sin/problem/7/weak/sin-problem-7-weak-chunk-0123.smt2 : 101 ms.
--------------------------------------------------
unsat
QF_NRA/meti-tarski/sin/problem/7/weak/sin-problem-7-weak-chunk-0124.smt2 : 16 ms.
--------------------------------------------------
./solvers/smtrat/run.sh: line 3: 55296 Killed                  LD_PRELOAD=libmimalloc.so ./smtrat ../$1 2> /dev/null
QF_NRA/meti-tarski/sin/problem/7/weak/sin-problem-7-weak-chunk-0125.smt2 : 1800035 ms.
--------------------------------------------------
sat
QF_NRA/meti-tarski/sin/problem/7/weak/sin-problem-7-weak-chunk-0126.smt2 : 97 ms.
--------------------------------------------------
sat
QF_NRA/meti-tarski/sin/problem/7/weak/sin-problem-7-weak-chunk-0127.smt2 : 62 ms.
--------------------------------------------------
sat
QF_NRA/meti-tarski/sin/problem/7/weak/sin-problem-7-weak-chunk-0128.smt2 : 96 ms.
--------------------------------------------------
sat
QF_NRA/meti-tarski/sin/problem/7/weak/sin-problem-7-weak-chunk-0129.smt2 : 18486 ms.
--------------------------------------------------
unsat
QF_NRA/meti-tarski/sin/problem/7/weak/sin-problem-7-weak-chunk-0130.smt2 : 11 ms.
--------------------------------------------------
sat
QF_NRA/meti-tarski/sin/problem/7/weak/sin-problem-7-weak-chunk-0131.smt2 : 49 ms.
--------------------------------------------------
sat
QF_NRA/meti-tarski/sin/problem/7/weak/sin-problem-7-weak-chunk-0132.smt2 : 80 ms.
--------------------------------------------------
sat
QF_NRA/meti-tarski/sin/problem/7/weak/sin-problem-7-weak-chunk-0133.smt2 : 18527 ms.
--------------------------------------------------
sat
QF_NRA/meti-tarski/sin/problem/7/weak/sin-problem-7-weak-chunk-0134.smt2 : 86 ms.
--------------------------------------------------
./solvers/smtrat/run.sh: line 3: 71424 Killed                  LD_PRELOAD=libmimalloc.so ./smtrat ../$1 2> /dev/null
QF_NRA/meti-tarski/sin/problem/7/weak/sin-problem-7-weak-chunk-0137.smt2 : 1800080 ms.
--------------------------------------------------
sat
QF_NRA/meti-tarski/sin/problem/7/weak/sin-problem-7-weak-chunk-0138.smt2 : 181 ms.
--------------------------------------------------
sat
QF_NRA/meti-tarski/sin/problem/7/weak/sin-problem-7-weak-chunk-0140.smt2 : 167 ms.
--------------------------------------------------
./solvers/smtrat/run.sh: line 3: 75445 Killed                  LD_PRELOAD=libmimalloc.so ./smtrat ../$1 2> /dev/null
QF_NRA/meti-tarski/sin/problem/7/weak/sin-problem-7-weak-chunk-0141.smt2 : 1800017 ms.
--------------------------------------------------
unsat
QF_NRA/meti-tarski/sin/problem/7/weak/sin-problem-7-weak-chunk-0142.smt2 : 591717 ms.
--------------------------------------------------
sat
QF_NRA/meti-tarski/sin/problem/7/weak/sin-problem-7-weak-chunk-0143.smt2 : 98 ms.
--------------------------------------------------
unsat
QF_NRA/meti-tarski/sin/problem/7/weak/sin-problem-7-weak-chunk-0144.smt2 : 23 ms.
--------------------------------------------------
./solvers/smtrat/run.sh: line 3: 78706 Killed                  LD_PRELOAD=libmimalloc.so ./smtrat ../$1 2> /dev/null
QF_NRA/meti-tarski/sin/problem/7/weak/sin-problem-7-weak-chunk-0145.smt2 : 1800026 ms.
--------------------------------------------------
unsat
QF_NRA/meti-tarski/sin/problem/7/weak/sin-problem-7-weak-chunk-0146.smt2 : 54 ms.
--------------------------------------------------
sat
QF_NRA/meti-tarski/sin/problem/7/weak/sin-problem-7-weak-chunk-0147.smt2 : 17371 ms.
--------------------------------------------------
unsat
QF_NRA/meti-tarski/sin/problem/7/weak/sin-problem-7-weak-chunk-0148.smt2 : 25 ms.
--------------------------------------------------
unsat
QF_NRA/meti-tarski/sin/problem/7/weak/sin-problem-7-weak-chunk-0149.smt2 : 21 ms.
--------------------------------------------------
./solvers/smtrat/run.sh: line 3: 80610 Killed                  LD_PRELOAD=libmimalloc.so ./smtrat ../$1 2> /dev/null
QF_NRA/meti-tarski/sin/problem/7/weak/sin-problem-7-weak-chunk-0150.smt2 : 1800089 ms.
--------------------------------------------------
./solvers/smtrat/run.sh: line 3: 82125 Killed                  LD_PRELOAD=libmimalloc.so ./smtrat ../$1 2> /dev/null
QF_NRA/meti-tarski/sin/problem/7/weak/sin-problem-7-weak-chunk-0151.smt2 : 1800056 ms.
--------------------------------------------------
sat
QF_NRA/meti-tarski/sin/problem/7/weak/sin-problem-7-weak-chunk-0152.smt2 : 92 ms.
--------------------------------------------------
sat
QF_NRA/meti-tarski/sin/problem/7/weak/sin-problem-7-weak-chunk-0153.smt2 : 180 ms.
--------------------------------------------------
unsat
QF_NRA/meti-tarski/sin/problem/7/weak/sin-problem-7-weak-chunk-0154.smt2 : 21 ms.
--------------------------------------------------
./solvers/smtrat/run.sh: line 3: 83905 Killed                  LD_PRELOAD=libmimalloc.so ./smtrat ../$1 2> /dev/null
QF_NRA/meti-tarski/sin/problem/7/weak/sin-problem-7-weak-chunk-0155.smt2 : 1800075 ms.
--------------------------------------------------
sat
QF_NRA/meti-tarski/sin/problem/7/weak/sin-problem-7-weak-chunk-0156.smt2 : 186 ms.
--------------------------------------------------
./solvers/smtrat/run.sh: line 3: 85749 Killed                  LD_PRELOAD=libmimalloc.so ./smtrat ../$1 2> /dev/null
QF_NRA/meti-tarski/sin/problem/7/weak/sin-problem-7-weak-chunk-0157.smt2 : 1800086 ms.
--------------------------------------------------
./solvers/smtrat/run.sh: line 3: 87541 Killed                  LD_PRELOAD=libmimalloc.so ./smtrat ../$1 2> /dev/null
QF_NRA/meti-tarski/sin/problem/7/weak/sin-problem-7-weak-chunk-0159.smt2 : 1800077 ms.
--------------------------------------------------
sat
QF_NRA/meti-tarski/sin/problem/7/weak/sin-problem-7-weak-chunk-0160.smt2 : 59 ms.
--------------------------------------------------
./solvers/smtrat/run.sh: line 3: 88873 Killed                  LD_PRELOAD=libmimalloc.so ./smtrat ../$1 2> /dev/null
QF_NRA/meti-tarski/sin/problem/7/weak/sin-problem-7-weak-chunk-0161.smt2 : 1800082 ms.
--------------------------------------------------
./solvers/smtrat/run.sh: line 3: 90235 Killed                  LD_PRELOAD=libmimalloc.so ./smtrat ../$1 2> /dev/null
QF_NRA/meti-tarski/sin/problem/7/weak/sin-problem-7-weak-chunk-0162.smt2 : 1800064 ms.
--------------------------------------------------
./solvers/smtrat/run.sh: line 3: 91575 Killed                  LD_PRELOAD=libmimalloc.so ./smtrat ../$1 2> /dev/null
QF_NRA/meti-tarski/sin/problem/7/weak/sin-problem-7-weak-chunk-0163.smt2 : 1800101 ms.
--------------------------------------------------
./solvers/smtrat/run.sh: line 3: 92932 Killed                  LD_PRELOAD=libmimalloc.so ./smtrat ../$1 2> /dev/null
QF_NRA/meti-tarski/sin/problem/7/weak/sin-problem-7-weak-chunk-0164.smt2 : 1800108 ms.
--------------------------------------------------
./solvers/smtrat/run.sh: line 3: 94065 Killed                  LD_PRELOAD=libmimalloc.so ./smtrat ../$1 2> /dev/null
QF_NRA/meti-tarski/sin/problem/7/weak/sin-problem-7-weak-chunk-0165.smt2 : 1800024 ms.
--------------------------------------------------
./solvers/smtrat/run.sh: line 3: 95389 Killed                  LD_PRELOAD=libmimalloc.so ./smtrat ../$1 2> /dev/null
QF_NRA/meti-tarski/sin/problem/7/weak/sin-problem-7-weak-chunk-0166.smt2 : 1800033 ms.
--------------------------------------------------
./solvers/smtrat/run.sh: line 3: 96990 Killed                  LD_PRELOAD=libmimalloc.so ./smtrat ../$1 2> /dev/null
QF_NRA/meti-tarski/sin/problem/7/weak/sin-problem-7-weak-chunk-0167.smt2 : 1800035 ms.
--------------------------------------------------
unsat
QF_NRA/meti-tarski/sin/problem/7/weak/sin-problem-7-weak-chunk-0168.smt2 : 24 ms.
--------------------------------------------------
./solvers/smtrat/run.sh: line 3: 97991 Killed                  LD_PRELOAD=libmimalloc.so ./smtrat ../$1 2> /dev/null
QF_NRA/meti-tarski/sin/problem/7/weak/sin-problem-7-weak-chunk-0170.smt2 : 1800036 ms.
--------------------------------------------------
./solvers/smtrat/run.sh: line 3: 99041 Killed                  LD_PRELOAD=libmimalloc.so ./smtrat ../$1 2> /dev/null
QF_NRA/meti-tarski/sin/problem/7/weak/sin-problem-7-weak-chunk-0171.smt2 : 1800864 ms.
--------------------------------------------------
./solvers/smtrat/run.sh: line 3: 100804 Killed                  LD_PRELOAD=libmimalloc.so ./smtrat ../$1 2> /dev/null
QF_NRA/meti-tarski/sin/problem/7/weak/sin-problem-7-weak-chunk-0172.smt2 : 1800724 ms.
--------------------------------------------------
unsat
QF_NRA/meti-tarski/sin/problem/7/weak/sin-problem-7-weak-chunk-0173.smt2 : 265 ms.
--------------------------------------------------
./solvers/smtrat/run.sh: line 3: 101950 Killed                  LD_PRELOAD=libmimalloc.so ./smtrat ../$1 2> /dev/null
QF_NRA/meti-tarski/sin/problem/7/weak/sin-problem-7-weak-chunk-0174.smt2 : 1800784 ms.
--------------------------------------------------
./solvers/smtrat/run.sh: line 3: 102869 Killed                  LD_PRELOAD=libmimalloc.so ./smtrat ../$1 2> /dev/null
QF_NRA/meti-tarski/sin/problem/7/weak/sin-problem-7-weak-chunk-0175.smt2 : 1800608 ms.
--------------------------------------------------
unsat
QF_NRA/meti-tarski/sin/problem/7/weak/sin-problem-7-weak-chunk-0176.smt2 : 38 ms.
--------------------------------------------------
./solvers/smtrat/run.sh: line 3: 103599 Killed                  LD_PRELOAD=libmimalloc.so ./smtrat ../$1 2> /dev/null
QF_NRA/meti-tarski/sin/problem/7/weak/sin-problem-7-weak-chunk-0177.smt2 : 1800113 ms.
--------------------------------------------------
./solvers/smtrat/run.sh: line 3: 104673 Killed                  LD_PRELOAD=libmimalloc.so ./smtrat ../$1 2> /dev/null
QF_NRA/meti-tarski/sin/problem/7/weak/sin-problem-7-weak-chunk-0178.smt2 : 1800092 ms.
--------------------------------------------------
./solvers/smtrat/run.sh: line 3: 105278 Killed                  LD_PRELOAD=libmimalloc.so ./smtrat ../$1 2> /dev/null
QF_NRA/meti-tarski/sin/problem/7/weak/sin-problem-7-weak-chunk-0179.smt2 : 1800088 ms.
--------------------------------------------------
./solvers/smtrat/run.sh: line 3: 106065 Killed                  LD_PRELOAD=libmimalloc.so ./smtrat ../$1 2> /dev/null
QF_NRA/meti-tarski/sin/problem/7/weak/sin-problem-7-weak-chunk-0180.smt2 : 1800281 ms.
--------------------------------------------------
./solvers/smtrat/run.sh: line 3: 106656 Killed                  LD_PRELOAD=libmimalloc.so ./smtrat ../$1 2> /dev/null
QF_NRA/meti-tarski/sin/problem/7/weak/sin-problem-7-weak-chunk-0181.smt2 : 1800271 ms.
--------------------------------------------------
./solvers/smtrat/run.sh: line 3: 107436 Killed                  LD_PRELOAD=libmimalloc.so ./smtrat ../$1 2> /dev/null
QF_NRA/meti-tarski/sin/problem/7/weak/sin-problem-7-weak-chunk-0183.smt2 : 1800047 ms.
--------------------------------------------------
unsat
QF_NRA/meti-tarski/sin/problem/7/weak/sin-problem-7-weak-chunk-0184.smt2 : 61 ms.
--------------------------------------------------
./solvers/smtrat/run.sh: line 3: 108204 Killed                  LD_PRELOAD=libmimalloc.so ./smtrat ../$1 2> /dev/null
QF_NRA/meti-tarski/sin/problem/7/weak/sin-problem-7-weak-chunk-0185.smt2 : 1800051 ms.
--------------------------------------------------
./solvers/smtrat/run.sh: line 3: 108928 Killed                  LD_PRELOAD=libmimalloc.so ./smtrat ../$1 2> /dev/null
QF_NRA/meti-tarski/sin/problem/7/weak/sin-problem-7-weak-chunk-0186.smt2 : 1800042 ms.
