--------------------------------------------------
timeout
OMT_LIA/convert/convert-jpg2gif-query-1615.smt2 : 1200129 ms.
--------------------------------------------------
sat
(objectives
 (z122_6_6_ 1)
)
OMT_LIA/convert/convert-jpg2gif-query-1535.smt2 : 35556 ms.
--------------------------------------------------
timeout
OMT_LIA/convert/convert-jpg2gif-query-1549.smt2 : 1200091 ms.
--------------------------------------------------
timeout
OMT_LIA/convert/convert-jpg2gif-query-1471.smt2 : 1200257 ms.
--------------------------------------------------
timeout
OMT_LIA/convert/convert-jpg2gif-query-1543.smt2 : 1200039 ms.
--------------------------------------------------
timeout
OMT_LIA/convert/convert-jpg2gif-query-1483.smt2 : 1200029 ms.
