--------------------------------------------------
sat
(objectives
 (a2653 0)
)
OMT_LIA/20220307-SMPT/BART-PT-040/RC-00.smt2 : 6867 ms.
--------------------------------------------------
sat
(objectives
 (a4393 1)
)
OMT_LIA/20220307-SMPT/BART-PT-040/RC-10.smt2 : 19879 ms.
--------------------------------------------------
sat
(objectives
 (a2278 1)
)
OMT_LIA/20220307-SMPT/BART-PT-040/RF-06.smt2 : 21049 ms.
--------------------------------------------------
sat
(objectives
 (a3774 0)
)
OMT_LIA/20220307-SMPT/BART-PT-040/RF-01.smt2 : 25269 ms.
--------------------------------------------------
sat
(objectives
 (TrainState_18_1_28 1)
)
OMT_LIA/20220307-SMPT/BART-PT-040/RC-04.smt2 : 26024 ms.
--------------------------------------------------
sat
(objectives
 (TrainState_2_2_25 0)
)
OMT_LIA/20220307-SMPT/BART-PT-040/RF-14.smt2 : 16792 ms.
