--------------------------------------------------
sat
(objectives
 (TrainState_10_2_21 0)
)
OMT_LIA/20220307-SMPT/BART-PT-010/RC-13.smt2 : 11411 ms.
--------------------------------------------------
sat
(objectives
 (voted_yes_952 1)
)
OMT_LIA/20220307-SMPT/Referendum-PT-1000/RF-03.smt2 : 13506 ms.
--------------------------------------------------
sat
(objectives
 (voted_yes_684 1)
)
OMT_LIA/20220307-SMPT/Referendum-PT-1000/RF-09.smt2 : 15751 ms.
--------------------------------------------------
sat
(objectives
 (voting_436 0)
)
OMT_LIA/20220307-SMPT/Referendum-PT-1000/RF-14.smt2 : 14447 ms.
--------------------------------------------------
sat
(objectives
 (voted_no_849 1)
)
OMT_LIA/20220307-SMPT/Referendum-PT-1000/RF-10.smt2 : 18554 ms.
--------------------------------------------------
sat
(objectives
 (a183 0)
)
OMT_LIA/20220307-SMPT/Referendum-PT-1000/RC-09.smt2 : 21771 ms.
