--------------------------------------------------
sat
(objectives
 (p142 0)
)
OMT_LIA/20220307-SMPT/RwMutex-PT-r0100w0010/RF-00.smt2 : 41239 ms.
--------------------------------------------------
sat
(objectives
 (p200 1)
)
OMT_LIA/20220307-SMPT/RwMutex-PT-r0100w0010/RF-11.smt2 : 9425 ms.
--------------------------------------------------
sat
(objectives
 (a163 1)
)
OMT_LIA/20220307-SMPT/RwMutex-PT-r0100w0010/RC-07.smt2 : 8636 ms.
--------------------------------------------------
sat
(objectives
 (a185 1)
)
OMT_LIA/20220307-SMPT/RwMutex-PT-r0100w0010/RC-13.smt2 : 16364 ms.
--------------------------------------------------
sat
(objectives
 (a18246 1)
)
OMT_LIA/20220307-SMPT/RwMutex-PT-r2000w0010/RF-03.smt2 : 78297 ms.
--------------------------------------------------
sat
(objectives
 (a20216 1)
)
OMT_LIA/20220307-SMPT/RwMutex-PT-r2000w0010/RF-09.smt2 : 18499 ms.
