--------------------------------------------------
sat
(objectives
 (f45c oo)
)
OMT_LIA/arctic-matrix/constraint-267105.smt2 : 764683 ms.
--------------------------------------------------
sat
(objectives
 (l4549c oo)
)
OMT_LIA/arctic-matrix/constraint-1360077.smt2 : 353092 ms.
--------------------------------------------------
sat
(objectives
 (l1232c oo)
)
OMT_LIA/arctic-matrix/constraint-518109.smt2 : 500665 ms.
--------------------------------------------------
timeout
OMT_LIA/arctic-matrix/constraint-1400961.smt2 : 1200392 ms.
--------------------------------------------------
sat
(objectives
 (l361c oo)
)
OMT_LIA/arctic-matrix/constraint-618384.smt2 : 198185 ms.
--------------------------------------------------
sat
(objectives
 (l2402c oo)
)
OMT_LIA/arctic-matrix/constraint-1145584.smt2 : 257031 ms.
