--------------------------------------------------
sat
(objectives
 (a1148 0)
)
OMT_LIA/20220307-SMPT/RwMutex-PT-r0500w0010/RC-06.smt2 : 62486 ms.
--------------------------------------------------
sat
(objectives
 (a3715 0)
)
OMT_LIA/20220307-SMPT/RwMutex-PT-r0500w0010/RF-08.smt2 : 15771 ms.
--------------------------------------------------
sat
(objectives
 (a1625 1)
)
OMT_LIA/20220307-SMPT/RwMutex-PT-r0500w0010/RF-15.smt2 : 15160 ms.
--------------------------------------------------
sat
(objectives
 (a1251 1)
)
OMT_LIA/20220307-SMPT/RwMutex-PT-r0500w0010/RF-13.smt2 : 17707 ms.
--------------------------------------------------
sat
(objectives
 (a2094 1)
)
OMT_LIA/20220307-SMPT/RwMutex-PT-r0500w0010/RF-04.smt2 : 21232 ms.
--------------------------------------------------
sat
(objectives
 (a3210 1)
)
OMT_LIA/20220307-SMPT/RwMutex-PT-r0500w0010/RF-07.smt2 : 7124 ms.
