--------------------------------------------------
sat
(objectives
 (a3925 1)
)
OMT_LIA/20220307-SMPT/RwMutex-PT-r0010w0500/RC-09.smt2 : 72016 ms.
--------------------------------------------------
sat
(objectives
 (a3673 1)
)
OMT_LIA/20220307-SMPT/RwMutex-PT-r0010w0500/RF-12.smt2 : 22825 ms.
--------------------------------------------------
sat
(objectives
 (a1152 0)
)
OMT_LIA/20220307-SMPT/RwMutex-PT-r0010w0500/RF-05.smt2 : 16771 ms.
--------------------------------------------------
sat
(objectives
 (a4849 1)
)
OMT_LIA/20220307-SMPT/RwMutex-PT-r0010w0500/RC-14.smt2 : 47620 ms.
--------------------------------------------------
sat
(objectives
 (p670 0)
)
OMT_LIA/20220307-SMPT/RwMutex-PT-r0010w0500/RC-02.smt2 : 9792 ms.
--------------------------------------------------
sat
(objectives
 (a807 0)
)
OMT_LIA/20220307-SMPT/RwMutex-PT-r0010w0500/RC-06.smt2 : 17650 ms.
