--------------------------------------------------
sat
(objectives
 (l4968c oo)
)
OMT_LIA/tropical-matrix/constraint-1206577.smt2 : 182053 ms.
--------------------------------------------------
sat
(objectives
 (l2354c oo)
)
OMT_LIA/tropical-matrix/constraint-614657.smt2 : 282846 ms.
--------------------------------------------------
sat
(objectives
 (l4298c oo)
)
OMT_LIA/tropical-matrix/constraint-1192684.smt2 : 92539 ms.
--------------------------------------------------
timeout
OMT_LIA/tropical-matrix/constraint-517804.smt2 : 1200166 ms.
--------------------------------------------------
timeout
OMT_LIA/tropical-matrix/constraint-649834.smt2 : 1200141 ms.
--------------------------------------------------
sat
(objectives
 (l3700c oo)
)
OMT_LIA/tropical-matrix/constraint-1138192.smt2 : 126111 ms.
