--------------------------------------------------
unsat
QF_NRA/hycomp/ball_count_2d_hill_simple.04.seq_lazy_lemmas_global_2.smt2 : 50 ms.
--------------------------------------------------
unsat
QF_NRA/hycomp/ball_count_2d_hill_simple.04.seq_lazy_lemmas_global_3.smt2 : 48 ms.
--------------------------------------------------
unsat
QF_NRA/hycomp/ball_count_2d_hill_simple.04.seq_lazy_lemmas_global_4.smt2 : 330 ms.
--------------------------------------------------
unsat
QF_NRA/hycomp/ball_count_2d_hill_simple.04.seq_lazy_lemmas_global_5.smt2 : 865 ms.
--------------------------------------------------
unsat
QF_NRA/hycomp/ball_count_2d_hill_simple.04.seq_lazy_lemmas_global_6.smt2 : 282 ms.
--------------------------------------------------
unsat
QF_NRA/hycomp/ball_count_2d_hill_simple.04.seq_lazy_lemmas_global_7.smt2 : 73 ms.
--------------------------------------------------
unsat
QF_NRA/hycomp/ball_count_2d_hill_simple.04.seq_lazy_lemmas_global_8.smt2 : 55 ms.
--------------------------------------------------
unsat
QF_NRA/hycomp/ball_count_2d_hill_simple.04.seq_lazy_lemmas_global_9.smt2 : 64 ms.
--------------------------------------------------
unsat
QF_NRA/hycomp/ball_count_2d_hill_simple.04.seq_lazy_linear_enc_global_0.smt2 : 49 ms.
--------------------------------------------------
unsat
QF_NRA/hycomp/ball_count_2d_hill_simple.04.seq_lazy_linear_enc_global_10.smt2 : 62 ms.
--------------------------------------------------
unsat
QF_NRA/hycomp/ball_count_2d_hill_simple.04.seq_lazy_linear_enc_global_11.smt2 : 50 ms.
--------------------------------------------------
unsat
QF_NRA/hycomp/ball_count_2d_hill_simple.04.seq_lazy_linear_enc_global_12.smt2 : 70 ms.
--------------------------------------------------
unsat
QF_NRA/hycomp/ball_count_2d_hill_simple.04.seq_lazy_linear_enc_global_13.smt2 : 60 ms.
--------------------------------------------------
./solvers/mathsat/run.sh: line 3: 337968 Killed                  ./mathsat ../$1
QF_NRA/hycomp/ball_count_2d_hill_simple.04.seq_lazy_linear_enc_global_14.smt2 : 1800185 ms.
--------------------------------------------------
unsat
QF_NRA/hycomp/ball_count_2d_hill_simple.04.seq_lazy_linear_enc_global_15.smt2 : 419 ms.
--------------------------------------------------
unsat
QF_NRA/hycomp/ball_count_2d_hill_simple.04.seq_lazy_linear_enc_global_1.smt2 : 110 ms.
--------------------------------------------------
unsat
QF_NRA/hycomp/ball_count_2d_hill_simple.04.seq_lazy_linear_enc_global_2.smt2 : 114 ms.
--------------------------------------------------
unsat
QF_NRA/hycomp/ball_count_2d_hill_simple.04.seq_lazy_linear_enc_global_3.smt2 : 132 ms.
--------------------------------------------------
unsat
QF_NRA/hycomp/ball_count_2d_hill_simple.04.seq_lazy_linear_enc_global_4.smt2 : 125 ms.
--------------------------------------------------
unsat
QF_NRA/hycomp/ball_count_2d_hill_simple.04.seq_lazy_linear_enc_global_5.smt2 : 133 ms.
--------------------------------------------------
unsat
QF_NRA/hycomp/ball_count_2d_hill_simple.04.seq_lazy_linear_enc_global_6.smt2 : 152 ms.
--------------------------------------------------
unsat
QF_NRA/hycomp/ball_count_2d_hill_simple.04.seq_lazy_linear_enc_global_7.smt2 : 124 ms.
--------------------------------------------------
unsat
QF_NRA/hycomp/ball_count_2d_hill_simple.04.seq_lazy_linear_enc_global_8.smt2 : 180 ms.
--------------------------------------------------
unsat
QF_NRA/hycomp/ball_count_2d_hill_simple.04.seq_lazy_linear_enc_global_9.smt2 : 209 ms.
--------------------------------------------------
unsat
QF_NRA/hycomp/ball_count_2d_hill_simple.04.seq_lazy_linear_enc_lemmas_global_0.smt2 : 131 ms.
--------------------------------------------------
unsat
QF_NRA/hycomp/ball_count_2d_hill_simple.04.seq_lazy_linear_enc_lemmas_global_10.smt2 : 140 ms.
--------------------------------------------------
unsat
QF_NRA/hycomp/ball_count_2d_hill_simple.04.seq_lazy_linear_enc_lemmas_global_11.smt2 : 150 ms.
--------------------------------------------------
unsat
QF_NRA/hycomp/ball_count_2d_hill_simple.04.seq_lazy_linear_enc_lemmas_global_12.smt2 : 159 ms.
--------------------------------------------------
unsat
QF_NRA/hycomp/ball_count_2d_hill_simple.04.seq_lazy_linear_enc_lemmas_global_13.smt2 : 142 ms.
--------------------------------------------------
sat
QF_NRA/hycomp/ball_count_2d_hill_simple.04.seq_lazy_linear_enc_lemmas_global_14.smt2 : 2543 ms.
--------------------------------------------------
unsat
QF_NRA/hycomp/ball_count_2d_hill_simple.04.seq_lazy_linear_enc_lemmas_global_15.smt2 : 197 ms.
--------------------------------------------------
unsat
QF_NRA/hycomp/ball_count_2d_hill_simple.04.seq_lazy_linear_enc_lemmas_global_1.smt2 : 61 ms.
--------------------------------------------------
unsat
QF_NRA/hycomp/ball_count_2d_hill_simple.04.seq_lazy_linear_enc_lemmas_global_2.smt2 : 78 ms.
--------------------------------------------------
unsat
QF_NRA/hycomp/ball_count_2d_hill_simple.04.seq_lazy_linear_enc_lemmas_global_3.smt2 : 88 ms.
--------------------------------------------------
unsat
QF_NRA/hycomp/ball_count_2d_hill_simple.04.seq_lazy_linear_enc_lemmas_global_4.smt2 : 91 ms.
--------------------------------------------------
unsat
QF_NRA/hycomp/ball_count_2d_hill_simple.04.seq_lazy_linear_enc_lemmas_global_5.smt2 : 100 ms.
--------------------------------------------------
unsat
QF_NRA/hycomp/ball_count_2d_hill_simple.04.seq_lazy_linear_enc_lemmas_global_6.smt2 : 141 ms.
--------------------------------------------------
unsat
QF_NRA/hycomp/ball_count_2d_hill_simple.04.seq_lazy_linear_enc_lemmas_global_7.smt2 : 158 ms.
--------------------------------------------------
unsat
QF_NRA/hycomp/ball_count_2d_hill_simple.04.seq_lazy_linear_enc_lemmas_global_8.smt2 : 211 ms.
--------------------------------------------------
unsat
QF_NRA/hycomp/ball_count_2d_hill_simple.04.seq_lazy_linear_enc_lemmas_global_9.smt2 : 419 ms.
--------------------------------------------------
unsat
QF_NRA/hycomp/ball_count_2d_hill_simple.05.qfree_global_0.smt2 : 120 ms.
--------------------------------------------------
./solvers/mathsat/run.sh: line 3: 352524 Killed                  ./mathsat ../$1
QF_NRA/hycomp/ball_count_2d_hill_simple.05.qfree_global_10.smt2 : 1800396 ms.
--------------------------------------------------
unsat
QF_NRA/hycomp/ball_count_2d_hill_simple.05.qfree_global_11.smt2 : 80 ms.
--------------------------------------------------
./solvers/mathsat/run.sh: line 3: 355805 Killed                  ./mathsat ../$1
QF_NRA/hycomp/ball_count_2d_hill_simple.05.qfree_global_12.smt2 : 1800196 ms.
--------------------------------------------------
unsat
QF_NRA/hycomp/ball_count_2d_hill_simple.05.qfree_global_13.smt2 : 258 ms.
--------------------------------------------------
./solvers/mathsat/run.sh: line 3: 358240 Killed                  ./mathsat ../$1
QF_NRA/hycomp/ball_count_2d_hill_simple.05.qfree_global_14.smt2 : 1800253 ms.
--------------------------------------------------
unsat
QF_NRA/hycomp/ball_count_2d_hill_simple.05.qfree_global_15.smt2 : 83 ms.
--------------------------------------------------
unsat
QF_NRA/hycomp/ball_count_2d_hill_simple.05.qfree_global_1.smt2 : 43 ms.
--------------------------------------------------
unsat
QF_NRA/hycomp/ball_count_2d_hill_simple.05.qfree_global_2.smt2 : 46 ms.
--------------------------------------------------
unsat
QF_NRA/hycomp/ball_count_2d_hill_simple.05.qfree_global_3.smt2 : 36 ms.
--------------------------------------------------
unsat
QF_NRA/hycomp/ball_count_2d_hill_simple.05.qfree_global_4.smt2 : 38 ms.
--------------------------------------------------
unsat
QF_NRA/hycomp/ball_count_2d_hill_simple.05.qfree_global_5.smt2 : 45 ms.
--------------------------------------------------
unsat
QF_NRA/hycomp/ball_count_2d_hill_simple.05.qfree_global_6.smt2 : 41 ms.
--------------------------------------------------
unsat
QF_NRA/hycomp/ball_count_2d_hill_simple.05.qfree_global_7.smt2 : 50 ms.
--------------------------------------------------
unsat
QF_NRA/hycomp/ball_count_2d_hill_simple.05.qfree_global_8.smt2 : 52 ms.
--------------------------------------------------
unsat
QF_NRA/hycomp/ball_count_2d_hill_simple.05.qfree_global_9.smt2 : 43 ms.
--------------------------------------------------
unsat
QF_NRA/hycomp/ball_count_2d_hill_simple.05.redlog_global_0.smt2 : 29 ms.
--------------------------------------------------
./solvers/mathsat/run.sh: line 3: 360420 Killed                  ./mathsat ../$1
QF_NRA/hycomp/ball_count_2d_hill_simple.05.redlog_global_10.smt2 : 1800110 ms.
--------------------------------------------------
unsat
QF_NRA/hycomp/ball_count_2d_hill_simple.05.redlog_global_11.smt2 : 79 ms.
--------------------------------------------------
./solvers/mathsat/run.sh: line 3: 361571 Killed                  ./mathsat ../$1
QF_NRA/hycomp/ball_count_2d_hill_simple.05.redlog_global_12.smt2 : 1800107 ms.
--------------------------------------------------
unsat
QF_NRA/hycomp/ball_count_2d_hill_simple.05.redlog_global_13.smt2 : 95 ms.
--------------------------------------------------
./solvers/mathsat/run.sh: line 3: 363119 Killed                  ./mathsat ../$1
QF_NRA/hycomp/ball_count_2d_hill_simple.05.redlog_global_14.smt2 : 1800139 ms.
--------------------------------------------------
unsat
QF_NRA/hycomp/ball_count_2d_hill_simple.05.redlog_global_15.smt2 : 82 ms.
--------------------------------------------------
unsat
QF_NRA/hycomp/ball_count_2d_hill_simple.05.redlog_global_1.smt2 : 57 ms.
--------------------------------------------------
unsat
QF_NRA/hycomp/ball_count_2d_hill_simple.05.redlog_global_2.smt2 : 47 ms.
--------------------------------------------------
unsat
QF_NRA/hycomp/ball_count_2d_hill_simple.05.redlog_global_3.smt2 : 47 ms.
--------------------------------------------------
unsat
QF_NRA/hycomp/ball_count_2d_hill_simple.05.redlog_global_4.smt2 : 65 ms.
--------------------------------------------------
unsat
QF_NRA/hycomp/ball_count_2d_hill_simple.05.redlog_global_5.smt2 : 45 ms.
--------------------------------------------------
unsat
QF_NRA/hycomp/ball_count_2d_hill_simple.05.redlog_global_6.smt2 : 67 ms.
--------------------------------------------------
unsat
QF_NRA/hycomp/ball_count_2d_hill_simple.05.redlog_global_7.smt2 : 62 ms.
--------------------------------------------------
unsat
QF_NRA/hycomp/ball_count_2d_hill_simple.05.redlog_global_8.smt2 : 80 ms.
--------------------------------------------------
unsat
QF_NRA/hycomp/ball_count_2d_hill_simple.05.redlog_global_9.smt2 : 61 ms.
--------------------------------------------------
unsat
QF_NRA/hycomp/ball_count_2d_hill_simple.05.seq_lazy_global_0.smt2 : 38 ms.
--------------------------------------------------
unsat
QF_NRA/hycomp/ball_count_2d_hill_simple.05.seq_lazy_global_10.smt2 : 65 ms.
--------------------------------------------------
unsat
QF_NRA/hycomp/ball_count_2d_hill_simple.05.seq_lazy_global_11.smt2 : 83 ms.
--------------------------------------------------
unsat
QF_NRA/hycomp/ball_count_2d_hill_simple.05.seq_lazy_global_12.smt2 : 67 ms.
--------------------------------------------------
unsat
QF_NRA/hycomp/ball_count_2d_hill_simple.05.seq_lazy_global_13.smt2 : 58 ms.
--------------------------------------------------
unsat
QF_NRA/hycomp/ball_count_2d_hill_simple.05.seq_lazy_global_14.smt2 : 58 ms.
--------------------------------------------------
unsat
QF_NRA/hycomp/ball_count_2d_hill_simple.05.seq_lazy_global_15.smt2 : 60 ms.
--------------------------------------------------
unsat
QF_NRA/hycomp/ball_count_2d_hill_simple.05.seq_lazy_global_1.smt2 : 39 ms.
--------------------------------------------------
unsat
QF_NRA/hycomp/ball_count_2d_hill_simple.05.seq_lazy_global_2.smt2 : 41 ms.
--------------------------------------------------
unsat
QF_NRA/hycomp/ball_count_2d_hill_simple.05.seq_lazy_global_3.smt2 : 38 ms.
--------------------------------------------------
unsat
QF_NRA/hycomp/ball_count_2d_hill_simple.05.seq_lazy_global_4.smt2 : 41 ms.
--------------------------------------------------
unsat
QF_NRA/hycomp/ball_count_2d_hill_simple.05.seq_lazy_global_5.smt2 : 40 ms.
--------------------------------------------------
unsat
QF_NRA/hycomp/ball_count_2d_hill_simple.05.seq_lazy_global_6.smt2 : 44 ms.
--------------------------------------------------
unsat
QF_NRA/hycomp/ball_count_2d_hill_simple.05.seq_lazy_global_7.smt2 : 50 ms.
--------------------------------------------------
unsat
QF_NRA/hycomp/ball_count_2d_hill_simple.05.seq_lazy_global_8.smt2 : 60 ms.
--------------------------------------------------
unsat
QF_NRA/hycomp/ball_count_2d_hill_simple.05.seq_lazy_global_9.smt2 : 62 ms.
--------------------------------------------------
unsat
QF_NRA/hycomp/ball_count_2d_hill_simple.05.seq_lazy_lemmas_global_0.smt2 : 33 ms.
--------------------------------------------------
unsat
QF_NRA/hycomp/ball_count_2d_hill_simple.05.seq_lazy_lemmas_global_10.smt2 : 68 ms.
--------------------------------------------------
unsat
QF_NRA/hycomp/ball_count_2d_hill_simple.05.seq_lazy_lemmas_global_11.smt2 : 73 ms.
--------------------------------------------------
unsat
QF_NRA/hycomp/ball_count_2d_hill_simple.05.seq_lazy_lemmas_global_12.smt2 : 59 ms.
--------------------------------------------------
unsat
QF_NRA/hycomp/ball_count_2d_hill_simple.05.seq_lazy_lemmas_global_13.smt2 : 61 ms.
--------------------------------------------------
unsat
QF_NRA/hycomp/ball_count_2d_hill_simple.05.seq_lazy_lemmas_global_14.smt2 : 65 ms.
--------------------------------------------------
unsat
QF_NRA/hycomp/ball_count_2d_hill_simple.05.seq_lazy_lemmas_global_15.smt2 : 65 ms.
--------------------------------------------------
unsat
QF_NRA/hycomp/ball_count_2d_hill_simple.05.seq_lazy_lemmas_global_1.smt2 : 44 ms.
--------------------------------------------------
unsat
QF_NRA/hycomp/ball_count_2d_hill_simple.05.seq_lazy_lemmas_global_2.smt2 : 61 ms.
--------------------------------------------------
unsat
QF_NRA/hycomp/ball_count_2d_hill_simple.05.seq_lazy_lemmas_global_3.smt2 : 42 ms.
--------------------------------------------------
unsat
QF_NRA/hycomp/ball_count_2d_hill_simple.05.seq_lazy_lemmas_global_4.smt2 : 63 ms.
--------------------------------------------------
unsat
QF_NRA/hycomp/ball_count_2d_hill_simple.05.seq_lazy_lemmas_global_5.smt2 : 49 ms.
--------------------------------------------------
unsat
QF_NRA/hycomp/ball_count_2d_hill_simple.05.seq_lazy_lemmas_global_6.smt2 : 47 ms.
--------------------------------------------------
unsat
QF_NRA/hycomp/ball_count_2d_hill_simple.05.seq_lazy_lemmas_global_7.smt2 : 45 ms.
--------------------------------------------------
unsat
QF_NRA/hycomp/ball_count_2d_hill_simple.05.seq_lazy_lemmas_global_8.smt2 : 49 ms.
--------------------------------------------------
unsat
QF_NRA/hycomp/ball_count_2d_hill_simple.05.seq_lazy_lemmas_global_9.smt2 : 53 ms.
--------------------------------------------------
unsat
QF_NRA/hycomp/ball_count_2d_hill_simple.05.seq_lazy_linear_enc_global_0.smt2 : 42 ms.
--------------------------------------------------
unsat
QF_NRA/hycomp/ball_count_2d_hill_simple.05.seq_lazy_linear_enc_global_10.smt2 : 50 ms.
--------------------------------------------------
unsat
QF_NRA/hycomp/ball_count_2d_hill_simple.05.seq_lazy_linear_enc_global_11.smt2 : 50 ms.
--------------------------------------------------
unsat
QF_NRA/hycomp/ball_count_2d_hill_simple.05.seq_lazy_linear_enc_global_12.smt2 : 68 ms.
--------------------------------------------------
unsat
QF_NRA/hycomp/ball_count_2d_hill_simple.05.seq_lazy_linear_enc_global_13.smt2 : 72 ms.
--------------------------------------------------
unsat
QF_NRA/hycomp/ball_count_2d_hill_simple.05.seq_lazy_linear_enc_global_14.smt2 : 56 ms.
--------------------------------------------------
unsat
QF_NRA/hycomp/ball_count_2d_hill_simple.05.seq_lazy_linear_enc_global_15.smt2 : 56 ms.
--------------------------------------------------
unsat
QF_NRA/hycomp/ball_count_2d_hill_simple.05.seq_lazy_linear_enc_global_1.smt2 : 35 ms.
--------------------------------------------------
unsat
QF_NRA/hycomp/ball_count_2d_hill_simple.05.seq_lazy_linear_enc_global_2.smt2 : 56 ms.
--------------------------------------------------
unsat
QF_NRA/hycomp/ball_count_2d_hill_simple.05.seq_lazy_linear_enc_global_3.smt2 : 36 ms.
--------------------------------------------------
unsat
QF_NRA/hycomp/ball_count_2d_hill_simple.05.seq_lazy_linear_enc_global_4.smt2 : 39 ms.
--------------------------------------------------
unsat
QF_NRA/hycomp/ball_count_2d_hill_simple.05.seq_lazy_linear_enc_global_5.smt2 : 55 ms.
--------------------------------------------------
unsat
QF_NRA/hycomp/ball_count_2d_hill_simple.05.seq_lazy_linear_enc_global_6.smt2 : 42 ms.
--------------------------------------------------
unsat
QF_NRA/hycomp/ball_count_2d_hill_simple.05.seq_lazy_linear_enc_global_7.smt2 : 41 ms.
--------------------------------------------------
unsat
QF_NRA/hycomp/ball_count_2d_hill_simple.05.seq_lazy_linear_enc_global_8.smt2 : 47 ms.
--------------------------------------------------
unsat
QF_NRA/hycomp/ball_count_2d_hill_simple.05.seq_lazy_linear_enc_global_9.smt2 : 44 ms.
--------------------------------------------------
unsat
QF_NRA/hycomp/ball_count_2d_hill_simple.05.seq_lazy_linear_enc_lemmas_global_0.smt2 : 29 ms.
--------------------------------------------------
unsat
QF_NRA/hycomp/ball_count_2d_hill_simple.05.seq_lazy_linear_enc_lemmas_global_10.smt2 : 52 ms.
--------------------------------------------------
unsat
QF_NRA/hycomp/ball_count_2d_hill_simple.05.seq_lazy_linear_enc_lemmas_global_11.smt2 : 51 ms.
--------------------------------------------------
unsat
QF_NRA/hycomp/ball_count_2d_hill_simple.05.seq_lazy_linear_enc_lemmas_global_12.smt2 : 72 ms.
--------------------------------------------------
unsat
QF_NRA/hycomp/ball_count_2d_hill_simple.05.seq_lazy_linear_enc_lemmas_global_13.smt2 : 57 ms.
--------------------------------------------------
unsat
QF_NRA/hycomp/ball_count_2d_hill_simple.05.seq_lazy_linear_enc_lemmas_global_14.smt2 : 82 ms.
--------------------------------------------------
unsat
QF_NRA/hycomp/ball_count_2d_hill_simple.05.seq_lazy_linear_enc_lemmas_global_15.smt2 : 92 ms.
--------------------------------------------------
unsat
QF_NRA/hycomp/ball_count_2d_hill_simple.05.seq_lazy_linear_enc_lemmas_global_1.smt2 : 39 ms.
--------------------------------------------------
unsat
QF_NRA/hycomp/ball_count_2d_hill_simple.05.seq_lazy_linear_enc_lemmas_global_2.smt2 : 37 ms.
--------------------------------------------------
unsat
QF_NRA/hycomp/ball_count_2d_hill_simple.05.seq_lazy_linear_enc_lemmas_global_3.smt2 : 42 ms.
--------------------------------------------------
unsat
QF_NRA/hycomp/ball_count_2d_hill_simple.05.seq_lazy_linear_enc_lemmas_global_4.smt2 : 42 ms.
--------------------------------------------------
unsat
QF_NRA/hycomp/ball_count_2d_hill_simple.05.seq_lazy_linear_enc_lemmas_global_5.smt2 : 41 ms.
--------------------------------------------------
unsat
QF_NRA/hycomp/ball_count_2d_hill_simple.05.seq_lazy_linear_enc_lemmas_global_6.smt2 : 55 ms.
--------------------------------------------------
unsat
QF_NRA/hycomp/ball_count_2d_hill_simple.05.seq_lazy_linear_enc_lemmas_global_7.smt2 : 46 ms.
--------------------------------------------------
unsat
QF_NRA/hycomp/ball_count_2d_hill_simple.05.seq_lazy_linear_enc_lemmas_global_8.smt2 : 58 ms.
--------------------------------------------------
unsat
QF_NRA/hycomp/ball_count_2d_hill_simple.05.seq_lazy_linear_enc_lemmas_global_9.smt2 : 65 ms.
--------------------------------------------------
unsat
QF_NRA/hycomp/ball_count_2d_hill_simple.10.qfree_global_0.smt2 : 29 ms.
--------------------------------------------------
unsat
QF_NRA/hycomp/ball_count_2d_hill_simple.10.qfree_global_10.smt2 : 48 ms.
--------------------------------------------------
unsat
QF_NRA/hycomp/ball_count_2d_hill_simple.10.qfree_global_11.smt2 : 64 ms.
--------------------------------------------------
unsat
QF_NRA/hycomp/ball_count_2d_hill_simple.10.qfree_global_12.smt2 : 64 ms.
--------------------------------------------------
unsat
QF_NRA/hycomp/ball_count_2d_hill_simple.10.qfree_global_13.smt2 : 72 ms.
--------------------------------------------------
unsat
QF_NRA/hycomp/ball_count_2d_hill_simple.10.qfree_global_14.smt2 : 57 ms.
--------------------------------------------------
unsat
QF_NRA/hycomp/ball_count_2d_hill_simple.10.qfree_global_15.smt2 : 52 ms.
--------------------------------------------------
unsat
QF_NRA/hycomp/ball_count_2d_hill_simple.10.qfree_global_1.smt2 : 31 ms.
--------------------------------------------------
unsat
QF_NRA/hycomp/ball_count_2d_hill_simple.10.qfree_global_2.smt2 : 36 ms.
--------------------------------------------------
unsat
QF_NRA/hycomp/ball_count_2d_hill_simple.10.qfree_global_3.smt2 : 39 ms.
--------------------------------------------------
unsat
QF_NRA/hycomp/ball_count_2d_hill_simple.10.qfree_global_4.smt2 : 42 ms.
--------------------------------------------------
unsat
QF_NRA/hycomp/ball_count_2d_hill_simple.10.qfree_global_5.smt2 : 39 ms.
--------------------------------------------------
unsat
QF_NRA/hycomp/ball_count_2d_hill_simple.10.qfree_global_6.smt2 : 48 ms.
--------------------------------------------------
unsat
QF_NRA/hycomp/ball_count_2d_hill_simple.10.qfree_global_7.smt2 : 43 ms.
--------------------------------------------------
unsat
QF_NRA/hycomp/ball_count_2d_hill_simple.10.qfree_global_8.smt2 : 91 ms.
--------------------------------------------------
unsat
QF_NRA/hycomp/ball_count_2d_hill_simple.10.qfree_global_9.smt2 : 68 ms.
--------------------------------------------------
unsat
QF_NRA/hycomp/ball_count_2d_hill_simple.10.redlog_global_0.smt2 : 33 ms.
--------------------------------------------------
unsat
QF_NRA/hycomp/ball_count_2d_hill_simple.10.redlog_global_10.smt2 : 55 ms.
--------------------------------------------------
unsat
QF_NRA/hycomp/ball_count_2d_hill_simple.10.redlog_global_11.smt2 : 54 ms.
--------------------------------------------------
unsat
QF_NRA/hycomp/ball_count_2d_hill_simple.10.redlog_global_12.smt2 : 58 ms.
--------------------------------------------------
unsat
QF_NRA/hycomp/ball_count_2d_hill_simple.10.redlog_global_13.smt2 : 60 ms.
--------------------------------------------------
unsat
QF_NRA/hycomp/ball_count_2d_hill_simple.10.redlog_global_14.smt2 : 63 ms.
--------------------------------------------------
unsat
QF_NRA/hycomp/ball_count_2d_hill_simple.10.redlog_global_15.smt2 : 63 ms.
--------------------------------------------------
unsat
QF_NRA/hycomp/ball_count_2d_hill_simple.10.redlog_global_1.smt2 : 52 ms.
--------------------------------------------------
unsat
QF_NRA/hycomp/ball_count_2d_hill_simple.10.redlog_global_2.smt2 : 41 ms.
--------------------------------------------------
unsat
QF_NRA/hycomp/ball_count_2d_hill_simple.10.redlog_global_3.smt2 : 38 ms.
--------------------------------------------------
unsat
QF_NRA/hycomp/ball_count_2d_hill_simple.10.redlog_global_4.smt2 : 40 ms.
--------------------------------------------------
unsat
QF_NRA/hycomp/ball_count_2d_hill_simple.10.redlog_global_5.smt2 : 40 ms.
--------------------------------------------------
unsat
QF_NRA/hycomp/ball_count_2d_hill_simple.10.redlog_global_6.smt2 : 42 ms.
--------------------------------------------------
unsat
QF_NRA/hycomp/ball_count_2d_hill_simple.10.redlog_global_7.smt2 : 43 ms.
--------------------------------------------------
unsat
QF_NRA/hycomp/ball_count_2d_hill_simple.10.redlog_global_8.smt2 : 47 ms.
--------------------------------------------------
unsat
QF_NRA/hycomp/ball_count_2d_hill_simple.10.redlog_global_9.smt2 : 55 ms.
--------------------------------------------------
unsat
QF_NRA/hycomp/ball_count_2d_hill_simple.10.seq_lazy_global_0.smt2 : 37 ms.
--------------------------------------------------
unsat
QF_NRA/hycomp/ball_count_2d_hill_simple.10.seq_lazy_global_10.smt2 : 77 ms.
--------------------------------------------------
unsat
QF_NRA/hycomp/ball_count_2d_hill_simple.10.seq_lazy_global_11.smt2 : 50 ms.
--------------------------------------------------
unsat
QF_NRA/hycomp/ball_count_2d_hill_simple.10.seq_lazy_global_12.smt2 : 53 ms.
--------------------------------------------------
unsat
QF_NRA/hycomp/ball_count_2d_hill_simple.10.seq_lazy_global_13.smt2 : 72 ms.
--------------------------------------------------
unsat
QF_NRA/hycomp/ball_count_2d_hill_simple.10.seq_lazy_global_14.smt2 : 55 ms.
--------------------------------------------------
unsat
QF_NRA/hycomp/ball_count_2d_hill_simple.10.seq_lazy_global_15.smt2 : 55 ms.
--------------------------------------------------
unsat
QF_NRA/hycomp/ball_count_2d_hill_simple.10.seq_lazy_global_1.smt2 : 33 ms.
--------------------------------------------------
unsat
QF_NRA/hycomp/ball_count_2d_hill_simple.10.seq_lazy_global_2.smt2 : 33 ms.
--------------------------------------------------
unsat
QF_NRA/hycomp/ball_count_2d_hill_simple.10.seq_lazy_global_3.smt2 : 37 ms.
--------------------------------------------------
unsat
QF_NRA/hycomp/ball_count_2d_hill_simple.10.seq_lazy_global_4.smt2 : 42 ms.
--------------------------------------------------
unsat
QF_NRA/hycomp/ball_count_2d_hill_simple.10.seq_lazy_global_5.smt2 : 44 ms.
--------------------------------------------------
unsat
QF_NRA/hycomp/ball_count_2d_hill_simple.10.seq_lazy_global_6.smt2 : 43 ms.
--------------------------------------------------
unsat
QF_NRA/hycomp/ball_count_2d_hill_simple.10.seq_lazy_global_7.smt2 : 44 ms.
--------------------------------------------------
unsat
QF_NRA/hycomp/ball_count_2d_hill_simple.10.seq_lazy_global_8.smt2 : 49 ms.
--------------------------------------------------
unsat
QF_NRA/hycomp/ball_count_2d_hill_simple.10.seq_lazy_global_9.smt2 : 67 ms.
--------------------------------------------------
unsat
QF_NRA/hycomp/ball_count_2d_hill_simple.10.seq_lazy_lemmas_global_0.smt2 : 38 ms.
--------------------------------------------------
unsat
QF_NRA/hycomp/ball_count_2d_hill_simple.10.seq_lazy_lemmas_global_10.smt2 : 80 ms.
--------------------------------------------------
unsat
QF_NRA/hycomp/ball_count_2d_hill_simple.10.seq_lazy_lemmas_global_11.smt2 : 76 ms.
--------------------------------------------------
unsat
QF_NRA/hycomp/ball_count_2d_hill_simple.10.seq_lazy_lemmas_global_12.smt2 : 68 ms.
--------------------------------------------------
unsat
QF_NRA/hycomp/ball_count_2d_hill_simple.10.seq_lazy_lemmas_global_13.smt2 : 82 ms.
--------------------------------------------------
unsat
QF_NRA/hycomp/ball_count_2d_hill_simple.10.seq_lazy_lemmas_global_14.smt2 : 120 ms.
--------------------------------------------------
unsat
QF_NRA/hycomp/ball_count_2d_hill_simple.10.seq_lazy_lemmas_global_15.smt2 : 82 ms.
--------------------------------------------------
unsat
QF_NRA/hycomp/ball_count_2d_hill_simple.10.seq_lazy_lemmas_global_1.smt2 : 37 ms.
--------------------------------------------------
unsat
QF_NRA/hycomp/ball_count_2d_hill_simple.10.seq_lazy_lemmas_global_2.smt2 : 56 ms.
--------------------------------------------------
unsat
QF_NRA/hycomp/ball_count_2d_hill_simple.10.seq_lazy_lemmas_global_3.smt2 : 47 ms.
--------------------------------------------------
unsat
QF_NRA/hycomp/ball_count_2d_hill_simple.10.seq_lazy_lemmas_global_4.smt2 : 48 ms.
--------------------------------------------------
unsat
QF_NRA/hycomp/ball_count_2d_hill_simple.10.seq_lazy_lemmas_global_5.smt2 : 47 ms.
--------------------------------------------------
unsat
QF_NRA/hycomp/ball_count_2d_hill_simple.10.seq_lazy_lemmas_global_6.smt2 : 54 ms.
--------------------------------------------------
unsat
QF_NRA/hycomp/ball_count_2d_hill_simple.10.seq_lazy_lemmas_global_7.smt2 : 76 ms.
--------------------------------------------------
unsat
QF_NRA/hycomp/ball_count_2d_hill_simple.10.seq_lazy_lemmas_global_8.smt2 : 62 ms.
--------------------------------------------------
unsat
QF_NRA/hycomp/ball_count_2d_hill_simple.10.seq_lazy_lemmas_global_9.smt2 : 54 ms.
