--------------------------------------------------
sat
QF_NRA/meti-tarski/exp/problem/10/3/weak/exp-problem-10-3-weak-chunk-0006.smt2 : 55 ms.
--------------------------------------------------
sat
QF_NRA/meti-tarski/exp/problem/10/3/weak/exp-problem-10-3-weak-chunk-0007.smt2 : 51 ms.
--------------------------------------------------
./solvers/mathsat/run.sh: line 3: 338668 Killed                  ./mathsat ../$1
QF_NRA/meti-tarski/exp/problem/10/3/weak/exp-problem-10-3-weak-chunk-0008.smt2 : 1800218 ms.
--------------------------------------------------
sat
QF_NRA/meti-tarski/exp/problem/10/3/weak/exp-problem-10-3-weak-chunk-0009.smt2 : 134 ms.
--------------------------------------------------
sat
QF_NRA/meti-tarski/exp/problem/10/3/weak/exp-problem-10-3-weak-chunk-0010.smt2 : 121 ms.
--------------------------------------------------
./solvers/mathsat/run.sh: line 3: 351076 Killed                  ./mathsat ../$1
QF_NRA/meti-tarski/exp/problem/10/3/weak/exp-problem-10-3-weak-chunk-0011.smt2 : 1800136 ms.
--------------------------------------------------
sat
QF_NRA/meti-tarski/exp/problem/10/3/weak/exp-problem-10-3-weak-chunk-0013.smt2 : 55 ms.
--------------------------------------------------
unsat
QF_NRA/meti-tarski/exp/problem/10/3/weak/exp-problem-10-3-weak-chunk-0014.smt2 : 57 ms.
--------------------------------------------------
sat
QF_NRA/meti-tarski/exp/problem/10/3/weak/exp-problem-10-3-weak-chunk-0015.smt2 : 33 ms.
--------------------------------------------------
unsat
QF_NRA/meti-tarski/exp/problem/10/3/weak/exp-problem-10-3-weak-chunk-0016.smt2 : 44 ms.
--------------------------------------------------
sat
QF_NRA/meti-tarski/exp/problem/10/3/weak/exp-problem-10-3-weak-chunk-0017.smt2 : 37 ms.
--------------------------------------------------
unsat
QF_NRA/meti-tarski/exp/problem/10/3/weak/exp-problem-10-3-weak-chunk-0018.smt2 : 45 ms.
--------------------------------------------------
sat
QF_NRA/meti-tarski/exp/problem/10/3/weak/exp-problem-10-3-weak-chunk-0019.smt2 : 37 ms.
--------------------------------------------------
unsat
QF_NRA/meti-tarski/exp/problem/10/3/weak/exp-problem-10-3-weak-chunk-0020.smt2 : 38 ms.
--------------------------------------------------
sat
QF_NRA/meti-tarski/exp/problem/10/3/weak/exp-problem-10-3-weak-chunk-0021.smt2 : 54 ms.
--------------------------------------------------
unsat
QF_NRA/meti-tarski/exp/problem/10/3/weak/exp-problem-10-3-weak-chunk-0022.smt2 : 44 ms.
--------------------------------------------------
sat
QF_NRA/meti-tarski/exp/problem/10/3/weak/exp-problem-10-3-weak-chunk-0023.smt2 : 38 ms.
--------------------------------------------------
unsat
QF_NRA/meti-tarski/exp/problem/10/3/weak/exp-problem-10-3-weak-chunk-0024.smt2 : 40 ms.
--------------------------------------------------
sat
QF_NRA/meti-tarski/exp/problem/10/3/weak/exp-problem-10-3-weak-chunk-0025.smt2 : 37 ms.
--------------------------------------------------
unsat
QF_NRA/meti-tarski/exp/problem/10/3/weak/exp-problem-10-3-weak-chunk-0026.smt2 : 45 ms.
--------------------------------------------------
sat
QF_NRA/meti-tarski/exp/problem/10/3/weak/exp-problem-10-3-weak-chunk-0027.smt2 : 60 ms.
--------------------------------------------------
unsat
QF_NRA/meti-tarski/exp/problem/10/3/weak/exp-problem-10-3-weak-chunk-0028.smt2 : 59 ms.
--------------------------------------------------
sat
QF_NRA/meti-tarski/exp/problem/10/3/weak/exp-problem-10-3-weak-chunk-0029.smt2 : 42 ms.
--------------------------------------------------
unsat
QF_NRA/meti-tarski/exp/problem/10/3/weak/exp-problem-10-3-weak-chunk-0030.smt2 : 38 ms.
--------------------------------------------------
sat
QF_NRA/meti-tarski/exp/problem/10/3/weak/exp-problem-10-3-weak-chunk-0031.smt2 : 37 ms.
--------------------------------------------------
unsat
QF_NRA/meti-tarski/exp/problem/10/3/weak/exp-problem-10-3-weak-chunk-0032.smt2 : 40 ms.
--------------------------------------------------
sat
QF_NRA/meti-tarski/exp/problem/10/3/weak/exp-problem-10-3-weak-chunk-0033.smt2 : 38 ms.
--------------------------------------------------
unsat
QF_NRA/meti-tarski/exp/problem/10/3/weak/exp-problem-10-3-weak-chunk-0034.smt2 : 39 ms.
--------------------------------------------------
sat
QF_NRA/meti-tarski/exp/problem/10/3/weak/exp-problem-10-3-weak-chunk-0035.smt2 : 40 ms.
--------------------------------------------------
unsat
QF_NRA/meti-tarski/exp/problem/10/3/weak/exp-problem-10-3-weak-chunk-0036.smt2 : 39 ms.
--------------------------------------------------
unsat
QF_NRA/meti-tarski/exp/problem/10/3/weak/exp-problem-10-3-weak-chunk-0038.smt2 : 42 ms.
--------------------------------------------------
unsat
QF_NRA/meti-tarski/exp/problem/10/3/weak/exp-problem-10-3-weak-chunk-0039.smt2 : 33 ms.
--------------------------------------------------
./solvers/mathsat/run.sh: line 3: 355204 Killed                  ./mathsat ../$1
QF_NRA/meti-tarski/exp/problem/10/3/weak/exp-problem-10-3-weak-chunk-0040.smt2 : 1800174 ms.
--------------------------------------------------
unsat
QF_NRA/meti-tarski/exp/problem/10/3/weak/exp-problem-10-3-weak-chunk-0041.smt2 : 190 ms.
--------------------------------------------------
unsat
QF_NRA/meti-tarski/exp/problem/10/3/weak/exp-problem-10-3-weak-chunk-0042.smt2 : 94 ms.
--------------------------------------------------
unsat
QF_NRA/meti-tarski/exp/problem/10/3/weak/exp-problem-10-3-weak-chunk-0043.smt2 : 75 ms.
--------------------------------------------------
sat
QF_NRA/meti-tarski/exp/problem/10/3/weak/exp-problem-10-3-weak-chunk-0044.smt2 : 173 ms.
--------------------------------------------------
./solvers/mathsat/run.sh: line 3: 357920 Killed                  ./mathsat ../$1
QF_NRA/meti-tarski/exp/problem/10/3/weak/exp-problem-10-3-weak-chunk-0045.smt2 : 1800102 ms.
--------------------------------------------------
./solvers/mathsat/run.sh: line 3: 360009 Killed                  ./mathsat ../$1
QF_NRA/meti-tarski/exp/problem/10/3/weak/exp-problem-10-3-weak-chunk-0048.smt2 : 1800061 ms.
--------------------------------------------------
unsat
QF_NRA/meti-tarski/exp/problem/10/3/weak/exp-problem-10-3-weak-chunk-0049.smt2 : 1193 ms.
--------------------------------------------------
unsat
QF_NRA/meti-tarski/exp/problem/10/3/weak/exp-problem-10-3-weak-chunk-0050.smt2 : 54 ms.
--------------------------------------------------
sat
QF_NRA/meti-tarski/exp/problem/10/3/weak/exp-problem-10-3-weak-chunk-0051.smt2 : 31 ms.
--------------------------------------------------
./solvers/mathsat/run.sh: line 3: 361464 Killed                  ./mathsat ../$1
QF_NRA/meti-tarski/exp/problem/10/3/weak/exp-problem-10-3-weak-chunk-0052.smt2 : 1800093 ms.
--------------------------------------------------
unsat
QF_NRA/meti-tarski/exp/problem/10/3/weak/exp-problem-10-3-weak-chunk-0053.smt2 : 81 ms.
--------------------------------------------------
unsat
QF_NRA/meti-tarski/exp/problem/10/3/weak/exp-problem-10-3-weak-chunk-0055.smt2 : 43 ms.
--------------------------------------------------
unsat
QF_NRA/meti-tarski/exp/problem/10/3/weak/exp-problem-10-3-weak-chunk-0056.smt2 : 40 ms.
--------------------------------------------------
./solvers/mathsat/run.sh: line 3: 362686 Killed                  ./mathsat ../$1
QF_NRA/meti-tarski/exp/problem/10/3/weak/exp-problem-10-3-weak-chunk-0057.smt2 : 1800177 ms.
--------------------------------------------------
unsat
QF_NRA/meti-tarski/exp/problem/10/3/weak/exp-problem-10-3-weak-chunk-0058.smt2 : 55 ms.
--------------------------------------------------
unsat
QF_NRA/meti-tarski/exp/problem/10/3/weak/exp-problem-10-3-weak-chunk-0059.smt2 : 55 ms.
--------------------------------------------------
sat
QF_NRA/meti-tarski/exp/problem/10/3/weak/exp-problem-10-3-weak-chunk-0060.smt2 : 42 ms.
--------------------------------------------------
./solvers/mathsat/run.sh: line 3: 364399 Killed                  ./mathsat ../$1
QF_NRA/meti-tarski/exp/problem/10/3/weak/exp-problem-10-3-weak-chunk-0061.smt2 : 1800130 ms.
--------------------------------------------------
unsat
QF_NRA/meti-tarski/exp/problem/10/3/weak/exp-problem-10-3-weak-chunk-0062.smt2 : 102 ms.
--------------------------------------------------
unsat
QF_NRA/meti-tarski/exp/problem/10/3/weak/exp-problem-10-3-weak-chunk-0063.smt2 : 111 ms.
--------------------------------------------------
./solvers/mathsat/run.sh: line 3: 366014 Killed                  ./mathsat ../$1
QF_NRA/meti-tarski/exp/problem/10/3/weak/exp-problem-10-3-weak-chunk-0064.smt2 : 1800096 ms.
--------------------------------------------------
unsat
QF_NRA/meti-tarski/exp/problem/10/3/weak/exp-problem-10-3-weak-chunk-0065.smt2 : 44 ms.
--------------------------------------------------
./solvers/mathsat/run.sh: line 3: 367285 Killed                  ./mathsat ../$1
QF_NRA/meti-tarski/exp/problem/10/3/weak/exp-problem-10-3-weak-chunk-0066.smt2 : 1800092 ms.
--------------------------------------------------
sat
QF_NRA/meti-tarski/exp/problem/10/3/weak/exp-problem-10-3-weak-chunk-0068.smt2 : 76 ms.
--------------------------------------------------
unsat
QF_NRA/meti-tarski/exp/problem/10/3/weak/exp-problem-10-3-weak-chunk-0069.smt2 : 338 ms.
--------------------------------------------------
unsat
QF_NRA/meti-tarski/exp/problem/10/3/weak/exp-problem-10-3-weak-chunk-0070.smt2 : 70 ms.
--------------------------------------------------
sat
QF_NRA/meti-tarski/exp/problem/10/3/weak/exp-problem-10-3-weak-chunk-0071.smt2 : 115 ms.
--------------------------------------------------
./solvers/mathsat/run.sh: line 3: 368464 Killed                  ./mathsat ../$1
QF_NRA/meti-tarski/exp/problem/10/3/weak/exp-problem-10-3-weak-chunk-0072.smt2 : 1800178 ms.
--------------------------------------------------
unsat
QF_NRA/meti-tarski/exp/problem/10/3/weak/exp-problem-10-3-weak-chunk-0073.smt2 : 54 ms.
--------------------------------------------------
unsat
QF_NRA/meti-tarski/exp/problem/10/3/weak/exp-problem-10-3-weak-chunk-0074.smt2 : 38 ms.
--------------------------------------------------
unsat
QF_NRA/meti-tarski/exp/problem/10/3/weak/exp-problem-10-3-weak-chunk-0075.smt2 : 31 ms.
--------------------------------------------------
sat
QF_NRA/meti-tarski/exp/problem/10/3/weak/exp-problem-10-3-weak-chunk-0076.smt2 : 28 ms.
--------------------------------------------------
./solvers/mathsat/run.sh: line 3: 369562 Killed                  ./mathsat ../$1
QF_NRA/meti-tarski/exp/problem/10/3/weak/exp-problem-10-3-weak-chunk-0077.smt2 : 1800091 ms.
--------------------------------------------------
unsat
QF_NRA/meti-tarski/exp/problem/10/3/weak/exp-problem-10-3-weak-chunk-0078.smt2 : 462 ms.
--------------------------------------------------
sat
QF_NRA/meti-tarski/exp/problem/10/3/weak/exp-problem-10-3-weak-chunk-0079.smt2 : 43 ms.
--------------------------------------------------
./solvers/mathsat/run.sh: line 3: 370570 Killed                  ./mathsat ../$1
QF_NRA/meti-tarski/exp/problem/10/3/weak/exp-problem-10-3-weak-chunk-0080.smt2 : 1800113 ms.
--------------------------------------------------
unsat
QF_NRA/meti-tarski/exp/problem/10/3/weak/exp-problem-10-3-weak-chunk-0081.smt2 : 181 ms.
--------------------------------------------------
./solvers/mathsat/run.sh: line 3: 371490 Killed                  ./mathsat ../$1
QF_NRA/meti-tarski/exp/problem/10/3/weak/exp-problem-10-3-weak-chunk-0082.smt2 : 1800346 ms.
--------------------------------------------------
./solvers/mathsat/run.sh: line 3: 372624 Killed                  ./mathsat ../$1
QF_NRA/meti-tarski/exp/problem/10/3/weak/exp-problem-10-3-weak-chunk-0083.smt2 : 1800125 ms.
--------------------------------------------------
./solvers/mathsat/run.sh: line 3: 373285 Killed                  ./mathsat ../$1
QF_NRA/meti-tarski/exp/problem/10/3/weak/exp-problem-10-3-weak-chunk-0084.smt2 : 1800102 ms.
--------------------------------------------------
unsat
QF_NRA/meti-tarski/exp/problem/10/3/weak/exp-problem-10-3-weak-chunk-0085.smt2 : 44 ms.
--------------------------------------------------
unsat
QF_NRA/meti-tarski/exp/problem/10/3/weak/exp-problem-10-3-weak-chunk-0087.smt2 : 86 ms.
--------------------------------------------------
sat
QF_NRA/meti-tarski/exp/problem/10/3/weak/exp-problem-10-3-weak-chunk-0088.smt2 : 36 ms.
--------------------------------------------------
./solvers/mathsat/run.sh: line 3: 374131 Killed                  ./mathsat ../$1
QF_NRA/meti-tarski/exp/problem/10/3/weak/exp-problem-10-3-weak-chunk-0089.smt2 : 1800055 ms.
--------------------------------------------------
unsat
QF_NRA/meti-tarski/exp/problem/10/3/weak/exp-problem-10-3-weak-chunk-0090.smt2 : 7874 ms.
--------------------------------------------------
sat
QF_NRA/meti-tarski/exp/problem/10/3/weak/exp-problem-10-3-weak-chunk-0091.smt2 : 47 ms.
--------------------------------------------------
unsat
QF_NRA/meti-tarski/exp/problem/10/3/weak/exp-problem-10-3-weak-chunk-0092.smt2 : 38 ms.
--------------------------------------------------
sat
QF_NRA/meti-tarski/exp/problem/10/3/weak/exp-problem-10-3-weak-chunk-0093.smt2 : 27 ms.
--------------------------------------------------
./solvers/mathsat/run.sh: line 3: 374900 Killed                  ./mathsat ../$1
QF_NRA/meti-tarski/exp/problem/10/3/weak/exp-problem-10-3-weak-chunk-0094.smt2 : 1800164 ms.
--------------------------------------------------
./solvers/mathsat/run.sh: line 3: 375537 Killed                  ./mathsat ../$1
QF_NRA/meti-tarski/exp/problem/10/3/weak/exp-problem-10-3-weak-chunk-0095.smt2 : 1800155 ms.
--------------------------------------------------
sat
QF_NRA/meti-tarski/exp/problem/10/3/weak/exp-problem-10-3-weak-chunk-0096.smt2 : 98 ms.
--------------------------------------------------
./solvers/mathsat/run.sh: line 3: 376288 Killed                  ./mathsat ../$1
QF_NRA/meti-tarski/exp/problem/10/3/weak/exp-problem-10-3-weak-chunk-0097.smt2 : 1800272 ms.
--------------------------------------------------
sat
QF_NRA/meti-tarski/exp/problem/10/3/weak/exp-problem-10-3-weak-chunk-0098.smt2 : 48 ms.
--------------------------------------------------
unsat
QF_NRA/meti-tarski/exp/problem/10/3/weak/exp-problem-10-3-weak-chunk-0099.smt2 : 59 ms.
--------------------------------------------------
sat
QF_NRA/meti-tarski/exp/problem/10/3/weak/exp-problem-10-3-weak-chunk-0100.smt2 : 47 ms.
--------------------------------------------------
unsat
QF_NRA/meti-tarski/exp/problem/10/3/weak/exp-problem-10-3-weak-chunk-0101.smt2 : 39 ms.
--------------------------------------------------
sat
QF_NRA/meti-tarski/exp/problem/10/3/weak/exp-problem-10-3-weak-chunk-0102.smt2 : 33 ms.
--------------------------------------------------
unsat
QF_NRA/meti-tarski/exp/problem/10/3/weak/exp-problem-10-3-weak-chunk-0103.smt2 : 38 ms.
--------------------------------------------------
sat
QF_NRA/meti-tarski/exp/problem/10/3/weak/exp-problem-10-3-weak-chunk-0104.smt2 : 31 ms.
--------------------------------------------------
unsat
QF_NRA/meti-tarski/exp/problem/10/3/weak/exp-problem-10-3-weak-chunk-0105.smt2 : 34 ms.
--------------------------------------------------
./solvers/mathsat/run.sh: line 3: 377136 Killed                  ./mathsat ../$1
QF_NRA/meti-tarski/exp/problem/10/3/weak/exp-problem-10-3-weak-chunk-0106.smt2 : 1800430 ms.
--------------------------------------------------
unsat
QF_NRA/meti-tarski/exp/problem/10/3/weak/exp-problem-10-3-weak-chunk-0107.smt2 : 97 ms.
--------------------------------------------------
./solvers/mathsat/run.sh: line 3: 377843 Killed                  ./mathsat ../$1
QF_NRA/meti-tarski/exp/problem/10/3/weak/exp-problem-10-3-weak-chunk-0108.smt2 : 1800078 ms.
--------------------------------------------------
sat
QF_NRA/meti-tarski/exp/problem/10/3/weak/exp-problem-10-3-weak-chunk-0109.smt2 : 62 ms.
--------------------------------------------------
./solvers/mathsat/run.sh: line 3: 378439 Killed                  ./mathsat ../$1
QF_NRA/meti-tarski/exp/problem/10/3/weak/exp-problem-10-3-weak-chunk-0110.smt2 : 1800107 ms.
--------------------------------------------------
unsat
QF_NRA/meti-tarski/exp/problem/10/3/weak/exp-problem-10-3-weak-chunk-0111.smt2 : 92 ms.
--------------------------------------------------
./solvers/mathsat/run.sh: line 3: 379232 Killed                  ./mathsat ../$1
QF_NRA/meti-tarski/exp/problem/10/3/weak/exp-problem-10-3-weak-chunk-0112.smt2 : 1800124 ms.
--------------------------------------------------
./solvers/mathsat/run.sh: line 3: 379756 Killed                  ./mathsat ../$1
QF_NRA/meti-tarski/exp/problem/10/3/weak/exp-problem-10-3-weak-chunk-0113.smt2 : 1800313 ms.
--------------------------------------------------
unsat
QF_NRA/meti-tarski/exp/problem/10/3/weak/exp-problem-10-3-weak-chunk-0114.smt2 : 538 ms.
--------------------------------------------------
unsat
QF_NRA/meti-tarski/exp/problem/10/3/weak/exp-problem-10-3-weak-chunk-0115.smt2 : 607 ms.
--------------------------------------------------
sat
QF_NRA/meti-tarski/exp/problem/10/3/weak/exp-problem-10-3-weak-chunk-0116.smt2 : 630 ms.
--------------------------------------------------
./solvers/mathsat/run.sh: line 3: 380208 Killed                  ./mathsat ../$1
QF_NRA/meti-tarski/exp/problem/10/3/weak/exp-problem-10-3-weak-chunk-0117.smt2 : 1800355 ms.
--------------------------------------------------
unsat
QF_NRA/meti-tarski/exp/problem/10/3/weak/exp-problem-10-3-weak-chunk-0118.smt2 : 56 ms.
--------------------------------------------------
./solvers/mathsat/run.sh: line 3: 380893 Killed                  ./mathsat ../$1
QF_NRA/meti-tarski/exp/problem/10/3/weak/exp-problem-10-3-weak-chunk-0119.smt2 : 1800052 ms.
--------------------------------------------------
unsat
QF_NRA/meti-tarski/exp/problem/10/3/weak/exp-problem-10-3-weak-chunk-0120.smt2 : 55 ms.
--------------------------------------------------
unsat
QF_NRA/meti-tarski/exp/problem/10/3/weak/exp-problem-10-3-weak-chunk-0121.smt2 : 46 ms.
--------------------------------------------------
sat
QF_NRA/meti-tarski/exp/problem/10/3/weak/exp-problem-10-3-weak-chunk-0122.smt2 : 47 ms.
--------------------------------------------------
./solvers/mathsat/run.sh: line 3: 381463 Killed                  ./mathsat ../$1
QF_NRA/meti-tarski/exp/problem/10/3/weak/exp-problem-10-3-weak-chunk-0123.smt2 : 1800139 ms.
--------------------------------------------------
sat
QF_NRA/meti-tarski/exp/problem/10/3/weak/exp-problem-10-3-weak-chunk-0124.smt2 : 105 ms.
--------------------------------------------------
unsat
QF_NRA/meti-tarski/exp/problem/10/3/weak/exp-problem-10-3-weak-chunk-0125.smt2 : 103 ms.
--------------------------------------------------
./solvers/mathsat/run.sh: line 3: 382132 Killed                  ./mathsat ../$1
QF_NRA/meti-tarski/exp/problem/10/3/weak/exp-problem-10-3-weak-chunk-0126.smt2 : 1800221 ms.
--------------------------------------------------
sat
QF_NRA/meti-tarski/exp/problem/10/3/weak/exp-problem-10-3-weak-chunk-0127.smt2 : 238 ms.
--------------------------------------------------
./solvers/mathsat/run.sh: line 3: 382726 Killed                  ./mathsat ../$1
QF_NRA/meti-tarski/exp/problem/10/3/weak/exp-problem-10-3-weak-chunk-0128.smt2 : 1800161 ms.
--------------------------------------------------
unsat
QF_NRA/meti-tarski/exp/problem/10/3/weak/exp-problem-10-3-weak-chunk-0129.smt2 : 234 ms.
--------------------------------------------------
./solvers/mathsat/run.sh: line 3: 383317 Killed                  ./mathsat ../$1
QF_NRA/meti-tarski/exp/problem/10/3/weak/exp-problem-10-3-weak-chunk-0130.smt2 : 1800093 ms.
--------------------------------------------------
unsat
QF_NRA/meti-tarski/exp/problem/10/3/weak/exp-problem-10-3-weak-chunk-0131.smt2 : 60 ms.
--------------------------------------------------
unsat
QF_NRA/meti-tarski/exp/problem/10/3/weak/exp-problem-10-3-weak-chunk-0132.smt2 : 4355 ms.
--------------------------------------------------
sat
QF_NRA/meti-tarski/exp/problem/10/3/weak/exp-problem-10-3-weak-chunk-0133.smt2 : 64 ms.
--------------------------------------------------
./solvers/mathsat/run.sh: line 3: 384182 Killed                  ./mathsat ../$1
QF_NRA/meti-tarski/exp/problem/10/3/weak/exp-problem-10-3-weak-chunk-0134.smt2 : 1800124 ms.
--------------------------------------------------
unsat
QF_NRA/meti-tarski/exp/problem/10/3/weak/exp-problem-10-3-weak-chunk-0135.smt2 : 7424 ms.
--------------------------------------------------
./solvers/mathsat/run.sh: line 3: 384647 Killed                  ./mathsat ../$1
QF_NRA/meti-tarski/exp/problem/10/3/weak/exp-problem-10-3-weak-chunk-0136.smt2 : 1800212 ms.
--------------------------------------------------
sat
QF_NRA/meti-tarski/exp/problem/10/3/weak/exp-problem-10-3-weak-chunk-0137.smt2 : 186 ms.
--------------------------------------------------
./solvers/mathsat/run.sh: line 3: 385030 Killed                  ./mathsat ../$1
QF_NRA/meti-tarski/exp/problem/10/3/weak/exp-problem-10-3-weak-chunk-0138.smt2 : 1800094 ms.
--------------------------------------------------
./solvers/mathsat/run.sh: line 3: 385476 Killed                  ./mathsat ../$1
QF_NRA/meti-tarski/exp/problem/10/3/weak/exp-problem-10-3-weak-chunk-0139.smt2 : 1800089 ms.
--------------------------------------------------
./solvers/mathsat/run.sh: line 3: 385898 Killed                  ./mathsat ../$1
QF_NRA/meti-tarski/exp/problem/10/3/weak/exp-problem-10-3-weak-chunk-0140.smt2 : 1800688 ms.
--------------------------------------------------
sat
QF_NRA/meti-tarski/exp/problem/10/3/weak/exp-problem-10-3-weak-chunk-0141.smt2 : 1080 ms.
--------------------------------------------------
./solvers/mathsat/run.sh: line 3: 386288 Killed                  ./mathsat ../$1
QF_NRA/meti-tarski/exp/problem/10/3/weak/exp-problem-10-3-weak-chunk-0142.smt2 : 1800783 ms.
--------------------------------------------------
./solvers/mathsat/run.sh: line 3: 386680 Killed                  ./mathsat ../$1
QF_NRA/meti-tarski/exp/problem/10/3/weak/exp-problem-10-3-weak-chunk-0143.smt2 : 1800092 ms.
--------------------------------------------------
sat
QF_NRA/meti-tarski/exp/problem/10/3/weak/exp-problem-10-3-weak-chunk-0144.smt2 : 47 ms.
--------------------------------------------------
./solvers/mathsat/run.sh: line 3: 387029 Killed                  ./mathsat ../$1
QF_NRA/meti-tarski/exp/problem/10/3/weak/exp-problem-10-3-weak-chunk-0145.smt2 : 1800067 ms.
--------------------------------------------------
./solvers/mathsat/run.sh: line 3: 387411 Killed                  ./mathsat ../$1
QF_NRA/meti-tarski/exp/problem/10/3/weak/exp-problem-10-3-weak-chunk-0146.smt2 : 1800152 ms.
--------------------------------------------------
unsat
QF_NRA/meti-tarski/exp/problem/10/3/weak/exp-problem-10-3-weak-chunk-0147.smt2 : 158 ms.
--------------------------------------------------
sat
QF_NRA/meti-tarski/exp/problem/10/3/weak/exp-problem-10-3-weak-chunk-0148.smt2 : 138 ms.
--------------------------------------------------
unsat
QF_NRA/meti-tarski/exp/problem/10/3/weak/exp-problem-10-3-weak-chunk-0149.smt2 : 367 ms.
--------------------------------------------------
sat
QF_NRA/meti-tarski/exp/problem/10/3/weak/exp-problem-10-3-weak-chunk-0150.smt2 : 134 ms.
--------------------------------------------------
unsat
QF_NRA/meti-tarski/exp/problem/10/3/weak/exp-problem-10-3-weak-chunk-0151.smt2 : 149 ms.
--------------------------------------------------
sat
QF_NRA/meti-tarski/exp/problem/10/3/weak/exp-problem-10-3-weak-chunk-0152.smt2 : 137 ms.
--------------------------------------------------
unsat
QF_NRA/meti-tarski/exp/problem/10/3/weak/exp-problem-10-3-weak-chunk-0153.smt2 : 146 ms.
--------------------------------------------------
sat
QF_NRA/meti-tarski/exp/problem/10/3/weak/exp-problem-10-3-weak-chunk-0154.smt2 : 141 ms.
--------------------------------------------------
unsat
QF_NRA/meti-tarski/exp/problem/10/3/weak/exp-problem-10-3-weak-chunk-0155.smt2 : 159 ms.
--------------------------------------------------
sat
QF_NRA/meti-tarski/exp/problem/10/3/weak/exp-problem-10-3-weak-chunk-0156.smt2 : 187 ms.
--------------------------------------------------
unsat
QF_NRA/meti-tarski/exp/problem/10/3/weak/exp-problem-10-3-weak-chunk-0157.smt2 : 153 ms.
--------------------------------------------------
sat
QF_NRA/meti-tarski/exp/problem/10/3/weak/exp-problem-10-3-weak-chunk-0158.smt2 : 150 ms.
--------------------------------------------------
unsat
QF_NRA/meti-tarski/exp/problem/10/3/weak/exp-problem-10-3-weak-chunk-0159.smt2 : 159 ms.
--------------------------------------------------
sat
QF_NRA/meti-tarski/exp/problem/10/3/weak/exp-problem-10-3-weak-chunk-0160.smt2 : 170 ms.
--------------------------------------------------
./solvers/mathsat/run.sh: line 3: 387803 Killed                  ./mathsat ../$1
QF_NRA/meti-tarski/exp/problem/10/3/weak/exp-problem-10-3-weak-chunk-0161.smt2 : 1800172 ms.
--------------------------------------------------
sat
QF_NRA/meti-tarski/exp/problem/10/3/weak/exp-problem-10-3-weak-chunk-0162.smt2 : 47 ms.
--------------------------------------------------
unsat
QF_NRA/meti-tarski/exp/problem/10/3/weak/exp-problem-10-3-weak-chunk-0163.smt2 : 42 ms.
--------------------------------------------------
sat
QF_NRA/meti-tarski/exp/problem/10/3/weak/exp-problem-10-3-weak-chunk-0164.smt2 : 36 ms.
--------------------------------------------------
unsat
QF_NRA/meti-tarski/exp/problem/10/3/weak/exp-problem-10-3-weak-chunk-0165.smt2 : 35 ms.
--------------------------------------------------
sat
QF_NRA/meti-tarski/exp/problem/10/3/weak/exp-problem-10-3-weak-chunk-0166.smt2 : 36 ms.
--------------------------------------------------
unsat
QF_NRA/meti-tarski/exp/problem/10/3/weak/exp-problem-10-3-weak-chunk-0167.smt2 : 33 ms.
--------------------------------------------------
sat
QF_NRA/meti-tarski/exp/problem/10/3/weak/exp-problem-10-3-weak-chunk-0168.smt2 : 29 ms.
--------------------------------------------------
unsat
QF_NRA/meti-tarski/exp/problem/10/3/weak/exp-problem-10-3-weak-chunk-0169.smt2 : 49 ms.
--------------------------------------------------
sat
QF_NRA/meti-tarski/exp/problem/10/3/weak/exp-problem-10-3-weak-chunk-0170.smt2 : 27 ms.
--------------------------------------------------
unsat
QF_NRA/meti-tarski/exp/problem/10/3/weak/exp-problem-10-3-weak-chunk-0171.smt2 : 37 ms.
--------------------------------------------------
sat
QF_NRA/meti-tarski/exp/problem/10/3/weak/exp-problem-10-3-weak-chunk-0172.smt2 : 38 ms.
--------------------------------------------------
unsat
QF_NRA/meti-tarski/exp/problem/10/3/weak/exp-problem-10-3-weak-chunk-0173.smt2 : 44 ms.
--------------------------------------------------
sat
QF_NRA/meti-tarski/exp/problem/10/3/weak/exp-problem-10-3-weak-chunk-0174.smt2 : 30 ms.
--------------------------------------------------
unsat
QF_NRA/meti-tarski/exp/problem/10/3/weak/exp-problem-10-3-weak-chunk-0175.smt2 : 41 ms.
--------------------------------------------------
sat
QF_NRA/meti-tarski/exp/problem/10/3/weak/exp-problem-10-3-weak-chunk-0176.smt2 : 28 ms.
--------------------------------------------------
unsat
QF_NRA/meti-tarski/exp/problem/10/3/weak/exp-problem-10-3-weak-chunk-0177.smt2 : 45 ms.
--------------------------------------------------
sat
QF_NRA/meti-tarski/exp/problem/10/3/weak/exp-problem-10-3-weak-chunk-0178.smt2 : 38 ms.
--------------------------------------------------
unsat
QF_NRA/meti-tarski/exp/problem/10/3/weak/exp-problem-10-3-weak-chunk-0179.smt2 : 54 ms.
--------------------------------------------------
sat
QF_NRA/meti-tarski/exp/problem/10/3/weak/exp-problem-10-3-weak-chunk-0180.smt2 : 27 ms.
--------------------------------------------------
unsat
QF_NRA/meti-tarski/exp/problem/10/3/weak/exp-problem-10-3-weak-chunk-0181.smt2 : 41 ms.
--------------------------------------------------
sat
QF_NRA/meti-tarski/exp/problem/10/3/weak/exp-problem-10-3-weak-chunk-0182.smt2 : 32 ms.
--------------------------------------------------
unsat
QF_NRA/meti-tarski/exp/problem/10/3/weak/exp-problem-10-3-weak-chunk-0183.smt2 : 44 ms.
--------------------------------------------------
unsat
QF_NRA/meti-tarski/exp/problem/10/3/weak/exp-problem-10-3-weak-chunk-0184.smt2 : 31 ms.
--------------------------------------------------
./solvers/mathsat/run.sh: line 3: 388211 Killed                  ./mathsat ../$1
QF_NRA/meti-tarski/exp/problem/10/3/weak/exp-problem-10-3-weak-chunk-0185.smt2 : 1800083 ms.
--------------------------------------------------
unsat
QF_NRA/meti-tarski/exp/problem/10/3/weak/exp-problem-10-3-weak-chunk-0186.smt2 : 105 ms.
--------------------------------------------------
./solvers/mathsat/run.sh: line 3: 388580 Killed                  ./mathsat ../$1
QF_NRA/meti-tarski/exp/problem/10/3/weak/exp-problem-10-3-weak-chunk-0187.smt2 : 1800132 ms.
--------------------------------------------------
unsat
QF_NRA/meti-tarski/exp/problem/10/3/weak/exp-problem-10-3-weak-chunk-0188.smt2 : 61 ms.
--------------------------------------------------
unsat
QF_NRA/meti-tarski/exp/problem/10/3/weak/exp-problem-10-3-weak-chunk-0189.smt2 : 52 ms.
--------------------------------------------------
sat
QF_NRA/meti-tarski/exp/problem/10/3/weak/exp-problem-10-3-weak-chunk-0190.smt2 : 31 ms.
--------------------------------------------------
./solvers/mathsat/run.sh: line 3: 388926 Killed                  ./mathsat ../$1
QF_NRA/meti-tarski/exp/problem/10/3/weak/exp-problem-10-3-weak-chunk-0191.smt2 : 1800134 ms.
--------------------------------------------------
unsat
QF_NRA/meti-tarski/exp/problem/10/3/weak/exp-problem-10-3-weak-chunk-0192.smt2 : 92 ms.
--------------------------------------------------
./solvers/mathsat/run.sh: line 3: 389247 Killed                  ./mathsat ../$1
QF_NRA/meti-tarski/exp/problem/10/3/weak/exp-problem-10-3-weak-chunk-0193.smt2 : 1800237 ms.
--------------------------------------------------
./solvers/mathsat/run.sh: line 3: 389552 Killed                  ./mathsat ../$1
QF_NRA/meti-tarski/exp/problem/10/3/weak/exp-problem-10-3-weak-chunk-0194.smt2 : 1800264 ms.
--------------------------------------------------
sat
QF_NRA/meti-tarski/exp/problem/10/3/weak/exp-problem-10-3-weak-chunk-0195.smt2 : 77 ms.
--------------------------------------------------
./solvers/mathsat/run.sh: line 3: 389959 Killed                  ./mathsat ../$1
QF_NRA/meti-tarski/exp/problem/10/3/weak/exp-problem-10-3-weak-chunk-0196.smt2 : 1800054 ms.
--------------------------------------------------
unsat
QF_NRA/meti-tarski/exp/problem/10/3/weak/exp-problem-10-3-weak-chunk-0197.smt2 : 388 ms.
--------------------------------------------------
./solvers/mathsat/run.sh: line 3: 390339 Killed                  ./mathsat ../$1
QF_NRA/meti-tarski/exp/problem/10/3/weak/exp-problem-10-3-weak-chunk-0198.smt2 : 1800140 ms.
--------------------------------------------------
unsat
QF_NRA/meti-tarski/exp/problem/10/3/weak/exp-problem-10-3-weak-chunk-0199.smt2 : 193 ms.
--------------------------------------------------
sat
QF_NRA/meti-tarski/exp/problem/10/3/weak/exp-problem-10-3-weak-chunk-0201.smt2 : 169 ms.
--------------------------------------------------
./solvers/mathsat/run.sh: line 3: 390655 Killed                  ./mathsat ../$1
QF_NRA/meti-tarski/exp/problem/10/3/weak/exp-problem-10-3-weak-chunk-0202.smt2 : 1800384 ms.
--------------------------------------------------
unsat
QF_NRA/meti-tarski/exp/problem/10/3/weak/exp-problem-10-3-weak-chunk-0204.smt2 : 275 ms.
--------------------------------------------------
unsat
QF_NRA/meti-tarski/exp/problem/10/3/weak/exp-problem-10-3-weak-chunk-0205.smt2 : 225 ms.
--------------------------------------------------
./solvers/mathsat/run.sh: line 3: 390975 Killed                  ./mathsat ../$1
QF_NRA/meti-tarski/exp/problem/10/3/weak/exp-problem-10-3-weak-chunk-0207.smt2 : 1800561 ms.
--------------------------------------------------
./solvers/mathsat/run.sh: line 3: 391295 Killed                  ./mathsat ../$1
QF_NRA/meti-tarski/exp/problem/10/3/weak/exp-problem-10-3-weak-chunk-0211.smt2 : 1800318 ms.
--------------------------------------------------
./solvers/mathsat/run.sh: line 3: 391628 Killed                  ./mathsat ../$1
QF_NRA/meti-tarski/exp/problem/10/3/weak/exp-problem-10-3-weak-chunk-0212.smt2 : 1800700 ms.
--------------------------------------------------
unsat
QF_NRA/meti-tarski/exp/problem/10/3/weak/exp-problem-10-3-weak-chunk-0213.smt2 : 1578 ms.
--------------------------------------------------
sat
QF_NRA/meti-tarski/exp/problem/10/3/weak/exp-problem-10-3-weak-chunk-0214.smt2 : 708 ms.
--------------------------------------------------
unsat
QF_NRA/meti-tarski/exp/problem/10/3/weak/exp-problem-10-3-weak-chunk-0215.smt2 : 715 ms.
--------------------------------------------------
unsat
QF_NRA/meti-tarski/exp/problem/10/3/weak/exp-problem-10-3-weak-chunk-0216.smt2 : 710 ms.
--------------------------------------------------
./solvers/mathsat/run.sh: line 3: 391930 Killed                  ./mathsat ../$1
QF_NRA/meti-tarski/exp/problem/10/3/weak/exp-problem-10-3-weak-chunk-0218.smt2 : 1800716 ms.
--------------------------------------------------
sat
QF_NRA/meti-tarski/exp/problem/10/3/weak/exp-problem-10-3-weak-chunk-0219.smt2 : 1043 ms.
