--------------------------------------------------
sat
QF_NRA/2019-ezsmt/reverseFolding/01-reverse_folding-0-0.smt2 : 223 ms.
--------------------------------------------------
sat
QF_NRA/2019-ezsmt/reverseFolding/02-reverse_folding-0-0.smt2 : 22011 ms.
--------------------------------------------------
unknown
QF_NRA/2019-ezsmt/reverseFolding/03-reverse_folding-0-0.smt2 : 1806816 ms.
--------------------------------------------------
unknown
QF_NRA/2019-ezsmt/reverseFolding/04-reverse_folding-0-0.smt2 : 2023276 ms.
--------------------------------------------------
sat
QF_NRA/2019-ezsmt/reverseFolding/05-reverse_folding-0-0.smt2 : 46 ms.
--------------------------------------------------
unsat
QF_NRA/2019-ezsmt/reverseFolding/06-reverse_folding-0-0.smt2 : 136 ms.
--------------------------------------------------
unsat
QF_NRA/2019-ezsmt/reverseFolding/07-reverse_folding-0-0.smt2 : 397 ms.
--------------------------------------------------
sat
QF_NRA/2019-ezsmt/reverseFolding/08-reverse_folding-0-0.smt2 : 1366 ms.
--------------------------------------------------
sat
QF_NRA/2019-ezsmt/reverseFolding/09-reverse_folding-0-0.smt2 : 1912 ms.
--------------------------------------------------
sat
QF_NRA/2019-ezsmt/reverseFolding/10-reverse_folding-0-0.smt2 : 3872 ms.
--------------------------------------------------
sat
QF_NRA/2019-ezsmt/reverseFolding/11-reverse_folding-0-0.smt2 : 509 ms.
--------------------------------------------------
sat
QF_NRA/2019-ezsmt/reverseFolding/12-reverse_folding-0-0.smt2 : 370 ms.
--------------------------------------------------
sat
QF_NRA/2019-ezsmt/reverseFolding/13-reverse_folding-0-0.smt2 : 487 ms.
--------------------------------------------------
sat
QF_NRA/2019-ezsmt/reverseFolding/14-reverse_folding-0-0.smt2 : 565 ms.
--------------------------------------------------
sat
QF_NRA/2019-ezsmt/reverseFolding/15-reverse_folding-0-0.smt2 : 513 ms.
--------------------------------------------------
sat
QF_NRA/2019-ezsmt/reverseFolding/16-reverse_folding-0-0.smt2 : 1145 ms.
--------------------------------------------------
sat
QF_NRA/2019-ezsmt/reverseFolding/17-reverse_folding-0-0.smt2 : 6124 ms.
--------------------------------------------------
sat
QF_NRA/2019-ezsmt/reverseFolding/18-reverse_folding-0-0.smt2 : 748 ms.
--------------------------------------------------
sat
QF_NRA/2019-ezsmt/reverseFolding/19-reverse_folding-0-0.smt2 : 708 ms.
--------------------------------------------------
sat
QF_NRA/2019-ezsmt/reverseFolding/20-reverse_folding-0-0.smt2 : 6419 ms.
--------------------------------------------------
sat
QF_NRA/2019-ezsmt/reverseFolding/21-reverse_folding-0-0.smt2 : 8424 ms.
--------------------------------------------------
sat
QF_NRA/2019-ezsmt/reverseFolding/22-reverse_folding-0-0.smt2 : 71831 ms.
--------------------------------------------------
sat
QF_NRA/2019-ezsmt/reverseFolding/23-reverse_folding-0-0.smt2 : 1924 ms.
--------------------------------------------------
sat
QF_NRA/2019-ezsmt/reverseFolding/24-reverse_folding-0-0.smt2 : 10660 ms.
--------------------------------------------------
unknown
QF_NRA/2019-ezsmt/reverseFolding/25-reverse_folding-0-0.smt2 : 1803421 ms.
--------------------------------------------------
sat
QF_NRA/2019-ezsmt/reverseFolding/26-reverse_folding-0-0.smt2 : 2974 ms.
--------------------------------------------------
sat
QF_NRA/2019-ezsmt/reverseFolding/27-reverse_folding-0-0.smt2 : 215775 ms.
--------------------------------------------------
sat
QF_NRA/2019-ezsmt/reverseFolding/28-reverse_folding-0-0.smt2 : 4716 ms.
--------------------------------------------------
sat
QF_NRA/2019-ezsmt/reverseFolding/29-reverse_folding-0-0.smt2 : 14255 ms.
--------------------------------------------------
sat
QF_NRA/2019-ezsmt/reverseFolding/30-reverse_folding-0-0.smt2 : 31283 ms.
--------------------------------------------------
sat
QF_NRA/2019-ezsmt/reverseFolding/31-reverse_folding-0-0.smt2 : 1277090 ms.
--------------------------------------------------
sat
QF_NRA/2019-ezsmt/reverseFolding/32-reverse_folding-0-0.smt2 : 8076 ms.
--------------------------------------------------
sat
QF_NRA/2019-ezsmt/reverseFolding/33-reverse_folding-0-0.smt2 : 6068 ms.
--------------------------------------------------
sat
QF_NRA/2019-ezsmt/reverseFolding/34-reverse_folding-0-0.smt2 : 1086483 ms.
--------------------------------------------------
sat
QF_NRA/2019-ezsmt/reverseFolding/35-reverse_folding-0-0.smt2 : 60924 ms.
--------------------------------------------------
unknown
QF_NRA/2019-ezsmt/reverseFolding/36-reverse_folding-0-0.smt2 : 1806906 ms.
--------------------------------------------------
unknown
QF_NRA/2019-ezsmt/reverseFolding/37-reverse_folding-0-0.smt2 : 1807291 ms.
--------------------------------------------------
sat
QF_NRA/2019-ezsmt/reverseFolding/38-reverse_folding-0-0.smt2 : 772897 ms.
--------------------------------------------------
sat
QF_NRA/2019-ezsmt/reverseFolding/39-reverse_folding-0-0.smt2 : 483173 ms.
--------------------------------------------------
unknown
QF_NRA/2019-ezsmt/reverseFolding/40-reverse_folding-0-0.smt2 : 1810979 ms.
--------------------------------------------------
unknown
QF_NRA/2019-ezsmt/reverseFolding/41-reverse_folding-0-0.smt2 : 1812047 ms.
--------------------------------------------------
sat
QF_NRA/2019-ezsmt/reverseFolding/42-reverse_folding-0-0.smt2 : 79217 ms.
--------------------------------------------------
unknown
QF_NRA/2019-ezsmt/reverseFolding/43-reverse_folding-0-0.smt2 : 1810090 ms.
--------------------------------------------------
unknown
QF_NRA/2019-ezsmt/reverseFolding/44-reverse_folding-0-0.smt2 : 1815108 ms.
--------------------------------------------------
unknown
QF_NRA/2019-ezsmt/reverseFolding/45-reverse_folding-0-0.smt2 : 1815099 ms.
--------------------------------------------------
unknown
QF_NRA/2019-ezsmt/reverseFolding/46-reverse_folding-0-0.smt2 : 1813832 ms.
--------------------------------------------------
sat
QF_NRA/2019-ezsmt/reverseFolding/47-reverse_folding-0-0.smt2 : 2578 ms.
--------------------------------------------------
sat
QF_NRA/2019-ezsmt/reverseFolding/48-reverse_folding-0-0.smt2 : 2249 ms.
--------------------------------------------------
sat
QF_NRA/2019-ezsmt/reverseFolding/49-reverse_folding-0-0.smt2 : 2536 ms.
--------------------------------------------------
sat
QF_NRA/2019-ezsmt/reverseFolding/50-reverse_folding-0-0.smt2 : 1586 ms.
