--------------------------------------------------
sat
QF_NRA/20180501-Economics-Mulligan/MulliganEconomicsModel0001a.smt2 : 101 ms.
--------------------------------------------------
sat
QF_NRA/20180501-Economics-Mulligan/MulliganEconomicsModel0001c.smt2 : 56 ms.
--------------------------------------------------
sat
QF_NRA/20180501-Economics-Mulligan/MulliganEconomicsModel0001e.smt2 : 35 ms.
--------------------------------------------------
sat
QF_NRA/20180501-Economics-Mulligan/MulliganEconomicsModel0004a.smt2 : 39 ms.
--------------------------------------------------
unsat
QF_NRA/20180501-Economics-Mulligan/MulliganEconomicsModel0004c.smt2 : 260 ms.
--------------------------------------------------
sat
QF_NRA/20180501-Economics-Mulligan/MulliganEconomicsModel0004e.smt2 : 269 ms.
--------------------------------------------------
sat
QF_NRA/20180501-Economics-Mulligan/MulliganEconomicsModel0006a.smt2 : 67 ms.
--------------------------------------------------
unsat
QF_NRA/20180501-Economics-Mulligan/MulliganEconomicsModel0006c.smt2 : 37 ms.
--------------------------------------------------
sat
QF_NRA/20180501-Economics-Mulligan/MulliganEconomicsModel0006e.smt2 : 88 ms.
--------------------------------------------------
sat
QF_NRA/20180501-Economics-Mulligan/MulliganEconomicsModel0009a.smt2 : 63 ms.
--------------------------------------------------
unsat
QF_NRA/20180501-Economics-Mulligan/MulliganEconomicsModel0009c.smt2 : 97 ms.
--------------------------------------------------
sat
QF_NRA/20180501-Economics-Mulligan/MulliganEconomicsModel0009e.smt2 : 712 ms.
--------------------------------------------------
sat
QF_NRA/20180501-Economics-Mulligan/MulliganEconomicsModel0012a.smt2 : 60 ms.
--------------------------------------------------
unsat
QF_NRA/20180501-Economics-Mulligan/MulliganEconomicsModel0012c.smt2 : 71 ms.
--------------------------------------------------
sat
QF_NRA/20180501-Economics-Mulligan/MulliganEconomicsModel0012e.smt2 : 49 ms.
--------------------------------------------------
sat
QF_NRA/20180501-Economics-Mulligan/MulliganEconomicsModel0013a.smt2 : 35 ms.
--------------------------------------------------
sat
QF_NRA/20180501-Economics-Mulligan/MulliganEconomicsModel0013c.smt2 : 45 ms.
--------------------------------------------------
sat
QF_NRA/20180501-Economics-Mulligan/MulliganEconomicsModel0013e.smt2 : 51 ms.
--------------------------------------------------
sat
QF_NRA/20180501-Economics-Mulligan/MulliganEconomicsModel0015a.smt2 : 109 ms.
--------------------------------------------------
unsat
QF_NRA/20180501-Economics-Mulligan/MulliganEconomicsModel0015c.smt2 : 41 ms.
--------------------------------------------------
sat
QF_NRA/20180501-Economics-Mulligan/MulliganEconomicsModel0015e.smt2 : 65 ms.
--------------------------------------------------
sat
QF_NRA/20180501-Economics-Mulligan/MulliganEconomicsModel0016a.smt2 : 51 ms.
--------------------------------------------------
unsat
QF_NRA/20180501-Economics-Mulligan/MulliganEconomicsModel0016c.smt2 : 60 ms.
--------------------------------------------------
sat
QF_NRA/20180501-Economics-Mulligan/MulliganEconomicsModel0016e.smt2 : 47 ms.
--------------------------------------------------
sat
QF_NRA/20180501-Economics-Mulligan/MulliganEconomicsModel0018a.smt2 : 43 ms.
--------------------------------------------------
unsat
QF_NRA/20180501-Economics-Mulligan/MulliganEconomicsModel0018c.smt2 : 81 ms.
--------------------------------------------------
sat
QF_NRA/20180501-Economics-Mulligan/MulliganEconomicsModel0018e.smt2 : 56 ms.
--------------------------------------------------
sat
QF_NRA/20180501-Economics-Mulligan/MulliganEconomicsModel0021a.smt2 : 100 ms.
--------------------------------------------------
unsat
QF_NRA/20180501-Economics-Mulligan/MulliganEconomicsModel0021c.smt2 : 91 ms.
--------------------------------------------------
sat
QF_NRA/20180501-Economics-Mulligan/MulliganEconomicsModel0021e.smt2 : 54 ms.
--------------------------------------------------
sat
QF_NRA/20180501-Economics-Mulligan/MulliganEconomicsModel0022a.smt2 : 52 ms.
--------------------------------------------------
unsat
QF_NRA/20180501-Economics-Mulligan/MulliganEconomicsModel0022c.smt2 : 110 ms.
--------------------------------------------------
sat
QF_NRA/20180501-Economics-Mulligan/MulliganEconomicsModel0022e.smt2 : 50 ms.
--------------------------------------------------
sat
QF_NRA/20180501-Economics-Mulligan/MulliganEconomicsModel0023a.smt2 : 51 ms.
--------------------------------------------------
unsat
QF_NRA/20180501-Economics-Mulligan/MulliganEconomicsModel0023c.smt2 : 115 ms.
--------------------------------------------------
sat
QF_NRA/20180501-Economics-Mulligan/MulliganEconomicsModel0023e.smt2 : 36 ms.
--------------------------------------------------
sat
QF_NRA/20180501-Economics-Mulligan/MulliganEconomicsModel0024a.smt2 : 64 ms.
--------------------------------------------------
unsat
QF_NRA/20180501-Economics-Mulligan/MulliganEconomicsModel0024c.smt2 : 61 ms.
--------------------------------------------------
sat
QF_NRA/20180501-Economics-Mulligan/MulliganEconomicsModel0024e.smt2 : 83 ms.
--------------------------------------------------
sat
QF_NRA/20180501-Economics-Mulligan/MulliganEconomicsModel0025a.smt2 : 59 ms.
--------------------------------------------------
unsat
QF_NRA/20180501-Economics-Mulligan/MulliganEconomicsModel0025c.smt2 : 63 ms.
--------------------------------------------------
sat
QF_NRA/20180501-Economics-Mulligan/MulliganEconomicsModel0025e.smt2 : 47 ms.
--------------------------------------------------
sat
QF_NRA/20180501-Economics-Mulligan/MulliganEconomicsModel0026a.smt2 : 129 ms.
--------------------------------------------------
unsat
QF_NRA/20180501-Economics-Mulligan/MulliganEconomicsModel0026c.smt2 : 158 ms.
--------------------------------------------------
sat
QF_NRA/20180501-Economics-Mulligan/MulliganEconomicsModel0026e.smt2 : 83 ms.
--------------------------------------------------
sat
QF_NRA/20180501-Economics-Mulligan/MulliganEconomicsModel0027a.smt2 : 43 ms.
--------------------------------------------------
unsat
QF_NRA/20180501-Economics-Mulligan/MulliganEconomicsModel0027c.smt2 : 73 ms.
--------------------------------------------------
sat
QF_NRA/20180501-Economics-Mulligan/MulliganEconomicsModel0027e.smt2 : 47 ms.
--------------------------------------------------
sat
QF_NRA/20180501-Economics-Mulligan/MulliganEconomicsModel0028a.smt2 : 132 ms.
--------------------------------------------------
unsat
QF_NRA/20180501-Economics-Mulligan/MulliganEconomicsModel0028c.smt2 : 66 ms.
--------------------------------------------------
sat
QF_NRA/20180501-Economics-Mulligan/MulliganEconomicsModel0028e.smt2 : 45 ms.
--------------------------------------------------
sat
QF_NRA/20180501-Economics-Mulligan/MulliganEconomicsModel0029a.smt2 : 32 ms.
--------------------------------------------------
unsat
QF_NRA/20180501-Economics-Mulligan/MulliganEconomicsModel0029c.smt2 : 150 ms.
--------------------------------------------------
sat
QF_NRA/20180501-Economics-Mulligan/MulliganEconomicsModel0029e.smt2 : 47 ms.
--------------------------------------------------
sat
QF_NRA/20180501-Economics-Mulligan/MulliganEconomicsModel0030a.smt2 : 67 ms.
--------------------------------------------------
unsat
QF_NRA/20180501-Economics-Mulligan/MulliganEconomicsModel0030c.smt2 : 1376 ms.
--------------------------------------------------
sat
QF_NRA/20180501-Economics-Mulligan/MulliganEconomicsModel0030e.smt2 : 139 ms.
--------------------------------------------------
sat
QF_NRA/20180501-Economics-Mulligan/MulliganEconomicsModel0051a.smt2 : 26 ms.
--------------------------------------------------
unsat
QF_NRA/20180501-Economics-Mulligan/MulliganEconomicsModel0051c.smt2 : 88 ms.
--------------------------------------------------
sat
QF_NRA/20180501-Economics-Mulligan/MulliganEconomicsModel0051e.smt2 : 38 ms.
--------------------------------------------------
sat
QF_NRA/20180501-Economics-Mulligan/MulliganEconomicsModel0052a.smt2 : 116 ms.
--------------------------------------------------
unsat
QF_NRA/20180501-Economics-Mulligan/MulliganEconomicsModel0052c.smt2 : 457 ms.
--------------------------------------------------
sat
QF_NRA/20180501-Economics-Mulligan/MulliganEconomicsModel0052e.smt2 : 161 ms.
--------------------------------------------------
sat
QF_NRA/20180501-Economics-Mulligan/MulliganEconomicsModel0053a.smt2 : 43 ms.
--------------------------------------------------
unsat
QF_NRA/20180501-Economics-Mulligan/MulliganEconomicsModel0053c.smt2 : 74 ms.
--------------------------------------------------
sat
QF_NRA/20180501-Economics-Mulligan/MulliganEconomicsModel0053e.smt2 : 27 ms.
--------------------------------------------------
sat
QF_NRA/20180501-Economics-Mulligan/MulliganEconomicsModel0054a.smt2 : 56 ms.
--------------------------------------------------
unsat
QF_NRA/20180501-Economics-Mulligan/MulliganEconomicsModel0054c.smt2 : 78 ms.
--------------------------------------------------
sat
QF_NRA/20180501-Economics-Mulligan/MulliganEconomicsModel0054e.smt2 : 30 ms.
--------------------------------------------------
sat
QF_NRA/20180501-Economics-Mulligan/MulliganEconomicsModel0055a.smt2 : 108 ms.
--------------------------------------------------
unsat
QF_NRA/20180501-Economics-Mulligan/MulliganEconomicsModel0055c.smt2 : 70 ms.
--------------------------------------------------
sat
QF_NRA/20180501-Economics-Mulligan/MulliganEconomicsModel0055e.smt2 : 142 ms.
--------------------------------------------------
sat
QF_NRA/20180501-Economics-Mulligan/MulliganEconomicsModel0056a.smt2 : 293 ms.
--------------------------------------------------
unsat
QF_NRA/20180501-Economics-Mulligan/MulliganEconomicsModel0056c.smt2 : 3875 ms.
--------------------------------------------------
sat
QF_NRA/20180501-Economics-Mulligan/MulliganEconomicsModel0056e.smt2 : 37 ms.
--------------------------------------------------
sat
QF_NRA/20180501-Economics-Mulligan/MulliganEconomicsModel0057a.smt2 : 1727498 ms.
--------------------------------------------------
unsat
QF_NRA/20180501-Economics-Mulligan/MulliganEconomicsModel0057c.smt2 : 758313 ms.
--------------------------------------------------
sat
QF_NRA/20180501-Economics-Mulligan/MulliganEconomicsModel0057e.smt2 : 340685 ms.
--------------------------------------------------
sat
QF_NRA/20180501-Economics-Mulligan/MulliganEconomicsModel0061a.smt2 : 42 ms.
--------------------------------------------------
unsat
QF_NRA/20180501-Economics-Mulligan/MulliganEconomicsModel0061c.smt2 : 130 ms.
--------------------------------------------------
sat
QF_NRA/20180501-Economics-Mulligan/MulliganEconomicsModel0061e.smt2 : 23 ms.
--------------------------------------------------
sat
QF_NRA/20180501-Economics-Mulligan/MulliganEconomicsModel0062a.smt2 : 20 ms.
--------------------------------------------------
unsat
QF_NRA/20180501-Economics-Mulligan/MulliganEconomicsModel0062c.smt2 : 61 ms.
--------------------------------------------------
sat
QF_NRA/20180501-Economics-Mulligan/MulliganEconomicsModel0062e.smt2 : 31 ms.
--------------------------------------------------
sat
QF_NRA/20180501-Economics-Mulligan/MulliganEconomicsModel0063a.smt2 : 25 ms.
--------------------------------------------------
unsat
QF_NRA/20180501-Economics-Mulligan/MulliganEconomicsModel0063c.smt2 : 28 ms.
--------------------------------------------------
sat
QF_NRA/20180501-Economics-Mulligan/MulliganEconomicsModel0063e.smt2 : 41 ms.
--------------------------------------------------
sat
QF_NRA/20180501-Economics-Mulligan/MulliganEconomicsModel0064a.smt2 : 42 ms.
--------------------------------------------------
unsat
QF_NRA/20180501-Economics-Mulligan/MulliganEconomicsModel0064c.smt2 : 759 ms.
--------------------------------------------------
sat
QF_NRA/20180501-Economics-Mulligan/MulliganEconomicsModel0064e.smt2 : 50 ms.
--------------------------------------------------
sat
QF_NRA/20180501-Economics-Mulligan/MulliganEconomicsModel0065a.smt2 : 44 ms.
--------------------------------------------------
unknown
QF_NRA/20180501-Economics-Mulligan/MulliganEconomicsModel0065c.smt2 : 14227205 ms.
--------------------------------------------------
sat
QF_NRA/20180501-Economics-Mulligan/MulliganEconomicsModel0065e.smt2 : 24 ms.
--------------------------------------------------
sat
QF_NRA/20180501-Economics-Mulligan/MulliganEconomicsModel0066a.smt2 : 22 ms.
--------------------------------------------------
unsat
QF_NRA/20180501-Economics-Mulligan/MulliganEconomicsModel0066c.smt2 : 30 ms.
--------------------------------------------------
sat
QF_NRA/20180501-Economics-Mulligan/MulliganEconomicsModel0066e.smt2 : 27 ms.
--------------------------------------------------
sat
QF_NRA/20180501-Economics-Mulligan/MulliganEconomicsModel0067a.smt2 : 34 ms.
--------------------------------------------------
unknown
QF_NRA/20180501-Economics-Mulligan/MulliganEconomicsModel0067c.smt2 : 157167844 ms.
--------------------------------------------------
sat
QF_NRA/20180501-Economics-Mulligan/MulliganEconomicsModel0067e.smt2 : 579 ms.
--------------------------------------------------
sat
QF_NRA/20180501-Economics-Mulligan/MulliganEconomicsModel0074a.smt2 : 622 ms.
--------------------------------------------------
unsat
QF_NRA/20180501-Economics-Mulligan/MulliganEconomicsModel0074c.smt2 : 1871 ms.
--------------------------------------------------
sat
QF_NRA/20180501-Economics-Mulligan/MulliganEconomicsModel0074e.smt2 : 234 ms.
--------------------------------------------------
sat
QF_NRA/20180501-Economics-Mulligan/MulliganEconomicsModel0076a.smt2 : 104 ms.
--------------------------------------------------
unsat
QF_NRA/20180501-Economics-Mulligan/MulliganEconomicsModel0076c.smt2 : 736 ms.
--------------------------------------------------
sat
QF_NRA/20180501-Economics-Mulligan/MulliganEconomicsModel0076e.smt2 : 163 ms.
--------------------------------------------------
sat
QF_NRA/20180501-Economics-Mulligan/MulliganEconomicsModel0077a.smt2 : 91 ms.
--------------------------------------------------
unsat
QF_NRA/20180501-Economics-Mulligan/MulliganEconomicsModel0077c.smt2 : 323 ms.
--------------------------------------------------
sat
QF_NRA/20180501-Economics-Mulligan/MulliganEconomicsModel0077e.smt2 : 131 ms.
--------------------------------------------------
sat
QF_NRA/20180501-Economics-Mulligan/MulliganEconomicsModel0078a.smt2 : 138 ms.
--------------------------------------------------
unsat
QF_NRA/20180501-Economics-Mulligan/MulliganEconomicsModel0078c.smt2 : 153 ms.
--------------------------------------------------
sat
QF_NRA/20180501-Economics-Mulligan/MulliganEconomicsModel0078e.smt2 : 215 ms.
--------------------------------------------------
sat
QF_NRA/20180501-Economics-Mulligan/MulliganEconomicsModel0079a.smt2 : 239 ms.
--------------------------------------------------
sat
QF_NRA/20180501-Economics-Mulligan/MulliganEconomicsModel0079c.smt2 : 441 ms.
--------------------------------------------------
sat
QF_NRA/20180501-Economics-Mulligan/MulliganEconomicsModel0079e.smt2 : 214 ms.
--------------------------------------------------
sat
QF_NRA/20180501-Economics-Mulligan/MulliganEconomicsModel0080a.smt2 : 333 ms.
--------------------------------------------------
unsat
QF_NRA/20180501-Economics-Mulligan/MulliganEconomicsModel0080c.smt2 : 318 ms.
--------------------------------------------------
sat
QF_NRA/20180501-Economics-Mulligan/MulliganEconomicsModel0080e.smt2 : 163 ms.
--------------------------------------------------
sat
QF_NRA/20180501-Economics-Mulligan/MulliganEconomicsModel0082a.smt2 : 260 ms.
--------------------------------------------------
unsat
QF_NRA/20180501-Economics-Mulligan/MulliganEconomicsModel0082c.smt2 : 84 ms.
--------------------------------------------------
sat
QF_NRA/20180501-Economics-Mulligan/MulliganEconomicsModel0082e.smt2 : 148 ms.
--------------------------------------------------
sat
QF_NRA/20180501-Economics-Mulligan/MulliganEconomicsModel0083a.smt2 : 211 ms.
--------------------------------------------------
unsat
QF_NRA/20180501-Economics-Mulligan/MulliganEconomicsModel0083c.smt2 : 263 ms.
--------------------------------------------------
sat
QF_NRA/20180501-Economics-Mulligan/MulliganEconomicsModel0083e.smt2 : 227 ms.
--------------------------------------------------
sat
QF_NRA/20180501-Economics-Mulligan/MulliganEconomicsModel0084a.smt2 : 106 ms.
--------------------------------------------------
unsat
QF_NRA/20180501-Economics-Mulligan/MulliganEconomicsModel0084c.smt2 : 103 ms.
--------------------------------------------------
sat
QF_NRA/20180501-Economics-Mulligan/MulliganEconomicsModel0084e.smt2 : 226 ms.
--------------------------------------------------
sat
QF_NRA/20180501-Economics-Mulligan/MulliganEconomicsModel0085a.smt2 : 130 ms.
--------------------------------------------------
unsat
QF_NRA/20180501-Economics-Mulligan/MulliganEconomicsModel0085c.smt2 : 102 ms.
--------------------------------------------------
sat
QF_NRA/20180501-Economics-Mulligan/MulliganEconomicsModel0085e.smt2 : 201 ms.
--------------------------------------------------
sat
QF_NRA/20180501-Economics-Mulligan/MulliganEconomicsModel0086a.smt2 : 127 ms.
--------------------------------------------------
unsat
QF_NRA/20180501-Economics-Mulligan/MulliganEconomicsModel0086c.smt2 : 166 ms.
--------------------------------------------------
sat
QF_NRA/20180501-Economics-Mulligan/MulliganEconomicsModel0086e.smt2 : 153 ms.
--------------------------------------------------
sat
QF_NRA/20180501-Economics-Mulligan/MulliganEconomicsModel1001a.smt2 : 51668 ms.
--------------------------------------------------
