--------------------------------------------------
unsat
QF_NRA/LassoRanker/Ultimate/2013POPL-BenAmGen-Ex3.20.bpl_Iteration1_Lasso_3-pieceTemplate.smt2 : 1089 ms.
--------------------------------------------------
unsat
QF_NRA/LassoRanker/Ultimate/2013POPL-BenAmGen-Ex3.20.bpl_Iteration1_Lasso_4-pieceTemplate.smt2 : 12063 ms.
--------------------------------------------------
unsat
QF_NRA/LassoRanker/Ultimate/2013POPL-BenAmGen-Ex3.20.bpl_Iteration1_Loop_3-pieceTemplate.smt2 : 1073 ms.
--------------------------------------------------
unsat
QF_NRA/LassoRanker/Ultimate/2013POPL-BenAmGen-Ex3.20.bpl_Iteration1_Loop_4-pieceTemplate.smt2 : 13198 ms.
--------------------------------------------------
unsat
QF_NRA/LassoRanker/Ultimate/2013POPL-BenAmGen-Ex3.6.bpl_Iteration1_Loop_3-pieceTemplate.smt2 : 37327 ms.
--------------------------------------------------
QF_NRA/LassoRanker/Ultimate/2013POPL-BenAmGen-Ex3.6.bpl_Iteration1_Loop_4-pieceTemplate.smt2 : 1800084 ms.
--------------------------------------------------
unsat
QF_NRA/LassoRanker/Ultimate/2013POPL-BenAmGen-Ex4.2.bpl_Iteration1_Lasso_2-pieceTemplate.smt2 : 741 ms.
--------------------------------------------------
unsat
QF_NRA/LassoRanker/Ultimate/2013POPL-BenAmGen-Ex4.2.bpl_Iteration1_Lasso_3-pieceTemplate.smt2 : 1333217 ms.
--------------------------------------------------
QF_NRA/LassoRanker/Ultimate/2013POPL-BenAmGen-Ex4.2.bpl_Iteration1_Lasso_4-pieceTemplate.smt2 : 1800026 ms.
--------------------------------------------------
unsat
QF_NRA/LassoRanker/Ultimate/2013POPL-BenAmGen-Ex4.2.bpl_Iteration1_Loop_2-pieceTemplate.smt2 : 633 ms.
--------------------------------------------------
unsat
QF_NRA/LassoRanker/Ultimate/2013POPL-BenAmGen-Ex4.2.bpl_Iteration1_Loop_3-pieceTemplate.smt2 : 1257123 ms.
--------------------------------------------------
QF_NRA/LassoRanker/Ultimate/2013POPL-BenAmGen-Ex4.2.bpl_Iteration1_Loop_4-pieceTemplate.smt2 : 1800063 ms.
--------------------------------------------------
unsat
QF_NRA/LassoRanker/Ultimate/ATVA2013-diff42-int.bpl_Iteration1_Lasso_4-lexTemplate.smt2 : 95 ms.
--------------------------------------------------
unsat
QF_NRA/LassoRanker/Ultimate/ATVA2013-diff42-int.bpl_Iteration1_Lasso_4-pieceTemplate.smt2 : 5857 ms.
--------------------------------------------------
unsat
QF_NRA/LassoRanker/Ultimate/ATVA2013-yPositive-int.bpl_Iteration1_Loop_3-pieceTemplate.smt2 : 22772 ms.
--------------------------------------------------
unsat
QF_NRA/LassoRanker/Ultimate/ATVA2013-yPositive-int.bpl_Iteration1_Loop_4-pieceTemplate.smt2 : 668853 ms.
--------------------------------------------------
QF_NRA/LassoRanker/Ultimate/ATVA2013-yPositive-real.bpl_Iteration1_Loop_3-pieceTemplate.smt2 : 1800062 ms.
--------------------------------------------------
unsat
QF_NRA/LassoRanker/Ultimate/ATVA2013-yPositive-real.bpl_Iteration1_Loop_4-pieceTemplate.smt2 : 37846 ms.
--------------------------------------------------
QF_NRA/LassoRanker/Ultimate/ATVA2013-zeno-int.bpl_Iteration1_Lasso_4-pieceTemplate.smt2 : 1800014 ms.
--------------------------------------------------
unsat
QF_NRA/LassoRanker/Ultimate/BenAmram-2010LMCS-Ex2.3.bpl_Iteration1_Lasso_2-pieceTemplate.smt2 : 132154 ms.
--------------------------------------------------
QF_NRA/LassoRanker/Ultimate/BenAmram-2010LMCS-Ex2.3.bpl_Iteration1_Lasso_3-pieceTemplate.smt2 : 1800018 ms.
--------------------------------------------------
QF_NRA/LassoRanker/Ultimate/BenAmram-2010LMCS-Ex2.3.bpl_Iteration1_Lasso_4-pieceTemplate.smt2 : 1800575 ms.
--------------------------------------------------
unsat
QF_NRA/LassoRanker/Ultimate/BenAmram-2010LMCS-Ex2.3.bpl_Iteration1_Loop_2-pieceTemplate.smt2 : 130730 ms.
--------------------------------------------------
QF_NRA/LassoRanker/Ultimate/BenAmram-2010LMCS-Ex2.3.bpl_Iteration1_Loop_3-pieceTemplate.smt2 : 1800016 ms.
--------------------------------------------------
QF_NRA/LassoRanker/Ultimate/BenAmram-2010LMCS-Ex2.3.bpl_Iteration1_Loop_4-pieceTemplate.smt2 : 1800609 ms.
--------------------------------------------------
QF_NRA/LassoRanker/Ultimate/Benghazi.bpl_Iteration1_Loop_3-pieceTemplate.smt2 : 1800051 ms.
--------------------------------------------------
unsat
QF_NRA/LassoRanker/Ultimate/Benghazi.bpl_Iteration1_Loop_4-pieceTemplate.smt2 : 191916 ms.
--------------------------------------------------
sat
QF_NRA/LassoRanker/Ultimate/Benghazi.bpl_Iteration1_Loop_6-phaseTemplate.smt2 : 2366 ms.
--------------------------------------------------
unsat
QF_NRA/LassoRanker/Ultimate/Boulder.bpl_Iteration1_Loop_3-pieceTemplate.smt2 : 4363 ms.
--------------------------------------------------
unsat
QF_NRA/LassoRanker/Ultimate/Boulder.bpl_Iteration1_Loop_4-pieceTemplate.smt2 : 116310 ms.
--------------------------------------------------
QF_NRA/LassoRanker/Ultimate/bound-scaled200.bpl_Iteration1_Loop_4-pieceTemplate.smt2 : 1800076 ms.
--------------------------------------------------
QF_NRA/LassoRanker/Ultimate/bound-scaled400.bpl_Iteration1_Loop_3-pieceTemplate.smt2 : 1800019 ms.
--------------------------------------------------
QF_NRA/LassoRanker/Ultimate/bound-scaled400.bpl_Iteration1_Loop_4-pieceTemplate.smt2 : 1800022 ms.
--------------------------------------------------
QF_NRA/LassoRanker/Ultimate/bound-scaled600.bpl_Iteration1_Loop_3-pieceTemplate.smt2 : 1800141 ms.
--------------------------------------------------
QF_NRA/LassoRanker/Ultimate/bound-scaled600.bpl_Iteration1_Loop_4-pieceTemplate.smt2 : 1800051 ms.
--------------------------------------------------
QF_NRA/LassoRanker/Ultimate/BradleyMannaSipma-2005ICALP-Fig1.bpl_Iteration1_Lasso_3-pieceTemplate.smt2 : 1800345 ms.
--------------------------------------------------
QF_NRA/LassoRanker/Ultimate/BradleyMannaSipma-2005ICALP-Fig1.bpl_Iteration1_Lasso_4-pieceTemplate.smt2 : 1800060 ms.
--------------------------------------------------
QF_NRA/LassoRanker/Ultimate/BradleyMannaSipma-2005ICALP-Fig1-deterministic.bpl_Iteration1_Lasso_3-pieceTemplate.smt2 : 1800098 ms.
--------------------------------------------------
QF_NRA/LassoRanker/Ultimate/BradleyMannaSipma-2005ICALP-Fig1-deterministic.bpl_Iteration1_Lasso_4-pieceTemplate.smt2 : 1800017 ms.
--------------------------------------------------
unsat
QF_NRA/LassoRanker/Ultimate/BradleyMannaSipma-2005ICALP-Fig1-deterministic.bpl_Iteration1_Lasso_5-phaseTemplate.smt2 : 582 ms.
--------------------------------------------------
unsat
QF_NRA/LassoRanker/Ultimate/BradleyMannaSipma-2005ICALP-Fig1-deterministic.bpl_Iteration1_Lasso_6-phaseTemplate.smt2 : 4252 ms.
--------------------------------------------------
unsat
QF_NRA/LassoRanker/Ultimate/BradleyMannaSipma-2005ICALP-Fig1-deterministic.bpl_Iteration1_Lasso_7-phaseTemplate.smt2 : 1965 ms.
--------------------------------------------------
QF_NRA/LassoRanker/Ultimate/Braverman-2006CAV-Ex1-int.bpl_Iteration1_Lasso_3-pieceTemplate.smt2 : 1800069 ms.
--------------------------------------------------
QF_NRA/LassoRanker/Ultimate/Braverman-2006CAV-Ex1-int.bpl_Iteration1_Lasso_4-phaseTemplate.smt2 : 1800042 ms.
--------------------------------------------------
unsat
QF_NRA/LassoRanker/Ultimate/Braverman-2006CAV-Ex1-int.bpl_Iteration1_Lasso_4-pieceTemplate.smt2 : 535705 ms.
--------------------------------------------------
QF_NRA/LassoRanker/Ultimate/Braverman-2006CAV-Ex1-int.bpl_Iteration1_Lasso_5-phaseTemplate.smt2 : 1800156 ms.
--------------------------------------------------
QF_NRA/LassoRanker/Ultimate/Braverman-2006CAV-Ex1-int.bpl_Iteration1_Lasso_6-phaseTemplate.smt2 : 1800054 ms.
--------------------------------------------------
QF_NRA/LassoRanker/Ultimate/Braverman-2006CAV-Ex1-int.bpl_Iteration1_Lasso_7-phaseTemplate.smt2 : 1800075 ms.
--------------------------------------------------
QF_NRA/LassoRanker/Ultimate/Braverman-2006CAV-Ex1-int.bpl_Iteration1_Loop_3-pieceTemplate.smt2 : 1800084 ms.
--------------------------------------------------
QF_NRA/LassoRanker/Ultimate/Braverman-2006CAV-Ex1-int.bpl_Iteration1_Loop_4-phaseTemplate.smt2 : 1800053 ms.
--------------------------------------------------
unsat
QF_NRA/LassoRanker/Ultimate/Braverman-2006CAV-Ex1-int.bpl_Iteration1_Loop_4-pieceTemplate.smt2 : 509951 ms.
--------------------------------------------------
QF_NRA/LassoRanker/Ultimate/Braverman-2006CAV-Ex1-int.bpl_Iteration1_Loop_5-phaseTemplate.smt2 : 1800120 ms.
--------------------------------------------------
QF_NRA/LassoRanker/Ultimate/Braverman-2006CAV-Ex1-int.bpl_Iteration1_Loop_6-phaseTemplate.smt2 : 1800051 ms.
--------------------------------------------------
QF_NRA/LassoRanker/Ultimate/Braverman-2006CAV-Ex1-int.bpl_Iteration1_Loop_7-phaseTemplate.smt2 : 1800071 ms.
--------------------------------------------------
unsat
QF_NRA/LassoRanker/Ultimate/Canberra.bpl_Iteration1_Lasso_2-pieceTemplate.smt2 : 5331 ms.
--------------------------------------------------
unsat
QF_NRA/LassoRanker/Ultimate/Canberra.bpl_Iteration1_Lasso_3-pieceTemplate.smt2 : 12487 ms.
--------------------------------------------------
unsat
QF_NRA/LassoRanker/Ultimate/Canberra.bpl_Iteration1_Lasso_4-pieceTemplate.smt2 : 84116 ms.
--------------------------------------------------
unsat
QF_NRA/LassoRanker/Ultimate/Canberra.bpl_Iteration1_Lasso_6-phaseTemplate.smt2 : 4815 ms.
--------------------------------------------------
unsat
QF_NRA/LassoRanker/Ultimate/Canberra.bpl_Iteration1_Lasso_7-phaseTemplate.smt2 : 10376 ms.
--------------------------------------------------
unsat
QF_NRA/LassoRanker/Ultimate/Canberra.bpl_Iteration1_Loop_2-pieceTemplate.smt2 : 5277 ms.
--------------------------------------------------
unsat
QF_NRA/LassoRanker/Ultimate/Canberra.bpl_Iteration1_Loop_3-pieceTemplate.smt2 : 13274 ms.
--------------------------------------------------
unsat
QF_NRA/LassoRanker/Ultimate/Canberra.bpl_Iteration1_Loop_4-pieceTemplate.smt2 : 91107 ms.
--------------------------------------------------
unsat
QF_NRA/LassoRanker/Ultimate/Canberra.bpl_Iteration1_Loop_6-phaseTemplate.smt2 : 4693 ms.
--------------------------------------------------
unsat
QF_NRA/LassoRanker/Ultimate/Canberra.bpl_Iteration1_Loop_7-phaseTemplate.smt2 : 10271 ms.
--------------------------------------------------
QF_NRA/LassoRanker/Ultimate/ChenFlurMukhopadhyay-2012SAS-Fig1.bpl_Iteration1_Loop_3-pieceTemplate.smt2 : 1800110 ms.
--------------------------------------------------
QF_NRA/LassoRanker/Ultimate/ChenFlurMukhopadhyay-2012SAS-Fig1.bpl_Iteration1_Loop_4-pieceTemplate.smt2 : 1800037 ms.
--------------------------------------------------
unsat
QF_NRA/LassoRanker/Ultimate/Collatz.bpl_Iteration1_Lasso_2-lexTemplate.smt2 : 166728 ms.
--------------------------------------------------
unsat
QF_NRA/LassoRanker/Ultimate/Collatz.bpl_Iteration1_Lasso_2-nestedTemplate.smt2 : 91914 ms.
--------------------------------------------------
unsat
QF_NRA/LassoRanker/Ultimate/Collatz.bpl_Iteration1_Lasso_2-phaseTemplate.smt2 : 96617 ms.
--------------------------------------------------
unsat
QF_NRA/LassoRanker/Ultimate/Collatz.bpl_Iteration1_Lasso_2-pieceTemplate.smt2 : 465346 ms.
--------------------------------------------------
unsat
QF_NRA/LassoRanker/Ultimate/Collatz.bpl_Iteration1_Lasso_3-lexTemplate.smt2 : 551263 ms.
--------------------------------------------------
unsat
QF_NRA/LassoRanker/Ultimate/Collatz.bpl_Iteration1_Lasso_3-nestedTemplate.smt2 : 148895 ms.
--------------------------------------------------
unsat
QF_NRA/LassoRanker/Ultimate/Collatz.bpl_Iteration1_Lasso_3-phaseTemplate.smt2 : 158849 ms.
--------------------------------------------------
QF_NRA/LassoRanker/Ultimate/Collatz.bpl_Iteration1_Lasso_3-pieceTemplate.smt2 : 1800083 ms.
--------------------------------------------------
unsat
QF_NRA/LassoRanker/Ultimate/Collatz.bpl_Iteration1_Lasso_4-lexTemplate.smt2 : 957002 ms.
--------------------------------------------------
unsat
QF_NRA/LassoRanker/Ultimate/Collatz.bpl_Iteration1_Lasso_4-nestedTemplate.smt2 : 381309 ms.
--------------------------------------------------
unsat
QF_NRA/LassoRanker/Ultimate/Collatz.bpl_Iteration1_Lasso_4-phaseTemplate.smt2 : 350069 ms.
--------------------------------------------------
unsat
QF_NRA/LassoRanker/Ultimate/Collatz.bpl_Iteration1_Lasso_5-nestedTemplate.smt2 : 499798 ms.
--------------------------------------------------
unsat
QF_NRA/LassoRanker/Ultimate/Collatz.bpl_Iteration1_Lasso_5-phaseTemplate.smt2 : 540513 ms.
--------------------------------------------------
unsat
QF_NRA/LassoRanker/Ultimate/Collatz.bpl_Iteration1_Lasso_6-nestedTemplate.smt2 : 786317 ms.
--------------------------------------------------
QF_NRA/LassoRanker/Ultimate/Collatz.bpl_Iteration1_Lasso_6-phaseTemplate.smt2 : 1800035 ms.
--------------------------------------------------
unsat
QF_NRA/LassoRanker/Ultimate/Collatz.bpl_Iteration1_Lasso_7-nestedTemplate.smt2 : 844806 ms.
--------------------------------------------------
QF_NRA/LassoRanker/Ultimate/Collatz.bpl_Iteration1_Lasso_7-phaseTemplate.smt2 : 1800066 ms.
--------------------------------------------------
unsat
QF_NRA/LassoRanker/Ultimate/Collatz.bpl_Iteration1_Lasso_affineTemplate.smt2 : 34705 ms.
--------------------------------------------------
unsat
QF_NRA/LassoRanker/Ultimate/Collatz.bpl_Iteration1_Loop_2-lexTemplate.smt2 : 201339 ms.
--------------------------------------------------
unsat
QF_NRA/LassoRanker/Ultimate/Collatz.bpl_Iteration1_Loop_2-nestedTemplate.smt2 : 24884 ms.
--------------------------------------------------
unsat
QF_NRA/LassoRanker/Ultimate/Collatz.bpl_Iteration1_Loop_2-phaseTemplate.smt2 : 44655 ms.
--------------------------------------------------
unsat
QF_NRA/LassoRanker/Ultimate/Collatz.bpl_Iteration1_Loop_2-pieceTemplate.smt2 : 641699 ms.
--------------------------------------------------
unsat
QF_NRA/LassoRanker/Ultimate/Collatz.bpl_Iteration1_Loop_3-lexTemplate.smt2 : 173857 ms.
--------------------------------------------------
unsat
QF_NRA/LassoRanker/Ultimate/Collatz.bpl_Iteration1_Loop_3-nestedTemplate.smt2 : 231606 ms.
--------------------------------------------------
unsat
QF_NRA/LassoRanker/Ultimate/Collatz.bpl_Iteration1_Loop_3-phaseTemplate.smt2 : 210231 ms.
--------------------------------------------------
QF_NRA/LassoRanker/Ultimate/Collatz.bpl_Iteration1_Loop_3-pieceTemplate.smt2 : 1800130 ms.
--------------------------------------------------
unsat
QF_NRA/LassoRanker/Ultimate/Collatz.bpl_Iteration1_Loop_4-lexTemplate.smt2 : 887242 ms.
--------------------------------------------------
unsat
QF_NRA/LassoRanker/Ultimate/Collatz.bpl_Iteration1_Loop_4-nestedTemplate.smt2 : 224624 ms.
--------------------------------------------------
unsat
QF_NRA/LassoRanker/Ultimate/Collatz.bpl_Iteration1_Loop_4-phaseTemplate.smt2 : 343537 ms.
--------------------------------------------------
QF_NRA/LassoRanker/Ultimate/Collatz.bpl_Iteration1_Loop_4-pieceTemplate.smt2 : 1800074 ms.
--------------------------------------------------
unsat
QF_NRA/LassoRanker/Ultimate/Collatz.bpl_Iteration1_Loop_5-nestedTemplate.smt2 : 101846 ms.
--------------------------------------------------
unsat
QF_NRA/LassoRanker/Ultimate/Collatz.bpl_Iteration1_Loop_5-phaseTemplate.smt2 : 590279 ms.
--------------------------------------------------
unsat
QF_NRA/LassoRanker/Ultimate/Collatz.bpl_Iteration1_Loop_6-nestedTemplate.smt2 : 694019 ms.
--------------------------------------------------
unsat
QF_NRA/LassoRanker/Ultimate/Collatz.bpl_Iteration1_Loop_6-phaseTemplate.smt2 : 736398 ms.
--------------------------------------------------
unsat
QF_NRA/LassoRanker/Ultimate/Collatz.bpl_Iteration1_Loop_7-nestedTemplate.smt2 : 863472 ms.
--------------------------------------------------
unsat
QF_NRA/LassoRanker/Ultimate/Collatz.bpl_Iteration1_Loop_7-phaseTemplate.smt2 : 575590 ms.
--------------------------------------------------
unsat
QF_NRA/LassoRanker/Ultimate/Collatz.bpl_Iteration1_Loop_affineTemplate.smt2 : 24112 ms.
--------------------------------------------------
QF_NRA/LassoRanker/Ultimate/CookSeeZuleger-2013TACAS-Fig3.bpl_Iteration1_Loop_3-pieceTemplate.smt2 : 1800036 ms.
--------------------------------------------------
unsat
QF_NRA/LassoRanker/Ultimate/CookSeeZuleger-2013TACAS-Fig3.bpl_Iteration1_Loop_4-pieceTemplate.smt2 : 43241 ms.
--------------------------------------------------
unsat
QF_NRA/LassoRanker/Ultimate/CookSeeZuleger-2013TACAS-Fig7a.bpl_Iteration1_Loop_2-pieceTemplate.smt2 : 1692 ms.
--------------------------------------------------
unsat
QF_NRA/LassoRanker/Ultimate/CookSeeZuleger-2013TACAS-Fig7a.bpl_Iteration1_Loop_3-pieceTemplate.smt2 : 46476 ms.
--------------------------------------------------
unsat
QF_NRA/LassoRanker/Ultimate/CookSeeZuleger-2013TACAS-Fig7a.bpl_Iteration1_Loop_4-pieceTemplate.smt2 : 161175 ms.
--------------------------------------------------
unsat
QF_NRA/LassoRanker/Ultimate/CookSeeZuleger-2013TACAS-Fig7b.bpl_Iteration1_Loop_2-pieceTemplate.smt2 : 2450 ms.
--------------------------------------------------
unsat
QF_NRA/LassoRanker/Ultimate/CookSeeZuleger-2013TACAS-Fig7b.bpl_Iteration1_Loop_3-pieceTemplate.smt2 : 67798 ms.
--------------------------------------------------
unsat
QF_NRA/LassoRanker/Ultimate/CookSeeZuleger-2013TACAS-Fig7b.bpl_Iteration1_Loop_4-pieceTemplate.smt2 : 142467 ms.
--------------------------------------------------
sat
QF_NRA/LassoRanker/Ultimate/CopenhagenWithTmp.bpl_Iteration1_Loop_3-pieceTemplate.smt2 : 7566 ms.
--------------------------------------------------
QF_NRA/LassoRanker/Ultimate/CopenhagenWithTmp.bpl_Iteration1_Loop_4-pieceTemplate.smt2 : 1800074 ms.
--------------------------------------------------
QF_NRA/LassoRanker/Ultimate/DecreasingInvariant.bpl_Iteration1_Loop_3-pieceTemplate.smt2 : 1800162 ms.
--------------------------------------------------
unsat
QF_NRA/LassoRanker/Ultimate/DecreasingInvariant.bpl_Iteration1_Loop_4-pieceTemplate.smt2 : 366485 ms.
--------------------------------------------------
QF_NRA/LassoRanker/Ultimate/FourPhase.bpl_Iteration1_Lasso_3-pieceTemplate.smt2 : 1800021 ms.
--------------------------------------------------
QF_NRA/LassoRanker/Ultimate/FourPhase.bpl_Iteration1_Lasso_4-pieceTemplate.smt2 : 1800040 ms.
--------------------------------------------------
QF_NRA/LassoRanker/Ultimate/FourPhase.bpl_Iteration1_Lasso_7-phaseTemplate.smt2 : 1800148 ms.
--------------------------------------------------
QF_NRA/LassoRanker/Ultimate/Garmisch.bpl_Iteration1_Loop_3-pieceTemplate.smt2 : 1800093 ms.
--------------------------------------------------
QF_NRA/LassoRanker/Ultimate/Garmisch.bpl_Iteration1_Loop_4-pieceTemplate.smt2 : 1800017 ms.
--------------------------------------------------
QF_NRA/LassoRanker/Ultimate/Gcd.bpl_Iteration1_Lasso_4-pieceTemplate.smt2 : 1800136 ms.
--------------------------------------------------
QF_NRA/LassoRanker/Ultimate/Gcd_havoc.bpl_Iteration1_Lasso_3-pieceTemplate.smt2 : 1800050 ms.
--------------------------------------------------
QF_NRA/LassoRanker/Ultimate/Gcd_havoc.bpl_Iteration1_Lasso_4-pieceTemplate.smt2 : 1800022 ms.
--------------------------------------------------
QF_NRA/LassoRanker/Ultimate/GcdNew.bpl_Iteration1_Lasso_3-pieceTemplate.smt2 : 1800033 ms.
--------------------------------------------------
QF_NRA/LassoRanker/Ultimate/GcdNew.bpl_Iteration1_Lasso_4-pieceTemplate.smt2 : 1800026 ms.
--------------------------------------------------
QF_NRA/LassoRanker/Ultimate/GcdNew.bpl_Iteration1_Lasso_6-phaseTemplate.smt2 : 1800095 ms.
--------------------------------------------------
QF_NRA/LassoRanker/Ultimate/GcdNew.bpl_Iteration1_Lasso_7-phaseTemplate.smt2 : 1800052 ms.
--------------------------------------------------
unsat
QF_NRA/LassoRanker/Ultimate/Gothenburg.bpl_Iteration1_Lasso_4-pieceTemplate.smt2 : 30081 ms.
--------------------------------------------------
unsat
QF_NRA/LassoRanker/Ultimate/Gulwani.bpl_Iteration1_Lasso_3-pieceTemplate.smt2 : 9001 ms.
--------------------------------------------------
QF_NRA/LassoRanker/Ultimate/Gulwani.bpl_Iteration1_Lasso_4-pieceTemplate.smt2 : 1800095 ms.
--------------------------------------------------
unsat
QF_NRA/LassoRanker/Ultimate/Gulwani.bpl_Iteration1_Lasso_5-phaseTemplate.smt2 : 1013 ms.
--------------------------------------------------
unsat
QF_NRA/LassoRanker/Ultimate/Gulwani.bpl_Iteration1_Lasso_6-phaseTemplate.smt2 : 570 ms.
--------------------------------------------------
unsat
QF_NRA/LassoRanker/Ultimate/Gulwani.bpl_Iteration1_Lasso_7-phaseTemplate.smt2 : 1785 ms.
--------------------------------------------------
unsat
QF_NRA/LassoRanker/Ultimate/IncreasingSI.bpl_Iteration1_Lasso_4-pieceTemplate.smt2 : 15120 ms.
--------------------------------------------------
unsat
QF_NRA/LassoRanker/Ultimate/Khartoum.bpl_Iteration1_Loop_3-pieceTemplate.smt2 : 12618 ms.
--------------------------------------------------
QF_NRA/LassoRanker/Ultimate/Khartoum.bpl_Iteration1_Loop_4-pieceTemplate.smt2 : 1800435 ms.
--------------------------------------------------
unsat
QF_NRA/LassoRanker/Ultimate/Lobnya-Boolean-Reordered.bpl_Iteration1_Lasso_3-pieceTemplate.smt2 : 3156 ms.
--------------------------------------------------
unsat
QF_NRA/LassoRanker/Ultimate/Lobnya-Boolean-Reordered.bpl_Iteration1_Lasso_4-pieceTemplate.smt2 : 24415 ms.
--------------------------------------------------
unsat
QF_NRA/LassoRanker/Ultimate/Lobnya-Boolean-Reordered.bpl_Iteration1_Loop_3-pieceTemplate.smt2 : 21073 ms.
--------------------------------------------------
unsat
QF_NRA/LassoRanker/Ultimate/Lobnya-Boolean-Reordered.bpl_Iteration1_Loop_4-pieceTemplate.smt2 : 17267 ms.
--------------------------------------------------
unsat
QF_NRA/LassoRanker/Ultimate/Lobnya-Boolean-Reordered.bpl_Iteration1_Loop_7-phaseTemplate.smt2 : 2217 ms.
--------------------------------------------------
unsat
QF_NRA/LassoRanker/Ultimate/Madrid.bpl_Iteration1_Lasso_3-pieceTemplate.smt2 : 1951 ms.
--------------------------------------------------
unsat
QF_NRA/LassoRanker/Ultimate/Madrid.bpl_Iteration1_Lasso_4-pieceTemplate.smt2 : 9490 ms.
--------------------------------------------------
QF_NRA/LassoRanker/Ultimate/MenloPark.bpl_Iteration1_Lasso_2-pieceTemplate.smt2 : 1800205 ms.
--------------------------------------------------
QF_NRA/LassoRanker/Ultimate/MenloPark.bpl_Iteration1_Lasso_3-pieceTemplate.smt2 : 1800115 ms.
--------------------------------------------------
QF_NRA/LassoRanker/Ultimate/MenloPark.bpl_Iteration1_Lasso_4-pieceTemplate.smt2 : 1800057 ms.
--------------------------------------------------
QF_NRA/LassoRanker/Ultimate/MultiPhase1.bpl_Iteration1_Lasso_3-pieceTemplate.smt2 : 1800087 ms.
--------------------------------------------------
QF_NRA/LassoRanker/Ultimate/MultiPhase1.bpl_Iteration1_Lasso_4-pieceTemplate.smt2 : 1800071 ms.
--------------------------------------------------
unsat
QF_NRA/LassoRanker/Ultimate/Mysore2.bpl_Iteration1_Loop_3-pieceTemplate.smt2 : 34294 ms.
--------------------------------------------------
unsat
QF_NRA/LassoRanker/Ultimate/Mysore2.bpl_Iteration1_Loop_4-pieceTemplate.smt2 : 70496 ms.
--------------------------------------------------
QF_NRA/LassoRanker/Ultimate/Mysore.bpl_Iteration1_Loop_4-pieceTemplate.smt2 : 1800069 ms.
--------------------------------------------------
QF_NRA/LassoRanker/Ultimate/NonTerminationDifficult.bpl_Iteration1_Lasso_3-pieceTemplate.smt2 : 1800020 ms.
--------------------------------------------------
unsat
QF_NRA/LassoRanker/Ultimate/NonTerminationDifficult.bpl_Iteration1_Lasso_5-phaseTemplate.smt2 : 295 ms.
--------------------------------------------------
unsat
QF_NRA/LassoRanker/Ultimate/NonTerminationDifficult.bpl_Iteration1_Lasso_6-phaseTemplate.smt2 : 1042 ms.
--------------------------------------------------
unsat
QF_NRA/LassoRanker/Ultimate/NonTerminationDifficult.bpl_Iteration1_Lasso_7-phaseTemplate.smt2 : 2094 ms.
--------------------------------------------------
sat
QF_NRA/LassoRanker/Ultimate/NoriSharma-2013FSE-Fig7.bpl_Iteration1_Loop_4-phaseTemplate.smt2 : 1774 ms.
--------------------------------------------------
QF_NRA/LassoRanker/Ultimate/NoriSharma-2013FSE-Fig7.bpl_Iteration1_Loop_4-pieceTemplate.smt2 : 1800379 ms.
--------------------------------------------------
QF_NRA/LassoRanker/Ultimate/NoriSharma-2013FSE-Fig7.bpl_Iteration1_Loop_7-phaseTemplate.smt2 : 1800057 ms.
--------------------------------------------------
unsat
QF_NRA/LassoRanker/Ultimate/Nyala-TwoLex.bpl_Iteration1_Lasso_2-pieceTemplate.smt2 : 893 ms.
--------------------------------------------------
unsat
QF_NRA/LassoRanker/Ultimate/Nyala-TwoLex.bpl_Iteration1_Lasso_4-pieceTemplate.smt2 : 129360 ms.
--------------------------------------------------
unsat
QF_NRA/LassoRanker/Ultimate/Nyala-TwoLex.bpl_Iteration1_Loop_4-pieceTemplate.smt2 : 12651 ms.
--------------------------------------------------
QF_NRA/LassoRanker/Ultimate/OpposedDisjuncts.bpl_Iteration1_Lasso_2-pieceTemplate.smt2 : 1800034 ms.
--------------------------------------------------
QF_NRA/LassoRanker/Ultimate/OpposedDisjuncts.bpl_Iteration1_Lasso_3-pieceTemplate.smt2 : 1800084 ms.
--------------------------------------------------
QF_NRA/LassoRanker/Ultimate/OpposedDisjuncts.bpl_Iteration1_Lasso_4-pieceTemplate.smt2 : 1800033 ms.
--------------------------------------------------
QF_NRA/LassoRanker/Ultimate/OpposedDisjuncts.bpl_Iteration1_Lasso_6-phaseTemplate.smt2 : 1800020 ms.
--------------------------------------------------
QF_NRA/LassoRanker/Ultimate/OpposedDisjuncts.bpl_Iteration1_Lasso_7-phaseTemplate.smt2 : 1800144 ms.
--------------------------------------------------
unsat
QF_NRA/LassoRanker/Ultimate/OpposedDisjuncts.bpl_Iteration1_Loop_2-pieceTemplate.smt2 : 2002 ms.
--------------------------------------------------
QF_NRA/LassoRanker/Ultimate/OpposedDisjuncts.bpl_Iteration1_Loop_3-pieceTemplate.smt2 : 1800120 ms.
--------------------------------------------------
unsat
QF_NRA/LassoRanker/Ultimate/OpposedDisjuncts.bpl_Iteration1_Loop_4-phaseTemplate.smt2 : 757 ms.
--------------------------------------------------
unsat
QF_NRA/LassoRanker/Ultimate/OpposedDisjuncts.bpl_Iteration1_Loop_4-pieceTemplate.smt2 : 63489 ms.
--------------------------------------------------
unsat
QF_NRA/LassoRanker/Ultimate/OpposedDisjuncts.bpl_Iteration1_Loop_5-phaseTemplate.smt2 : 2563 ms.
--------------------------------------------------
unsat
QF_NRA/LassoRanker/Ultimate/OpposedDisjuncts.bpl_Iteration1_Loop_6-phaseTemplate.smt2 : 1183 ms.
--------------------------------------------------
unsat
QF_NRA/LassoRanker/Ultimate/OpposedDisjuncts.bpl_Iteration1_Loop_7-phaseTemplate.smt2 : 5958 ms.
--------------------------------------------------
sat
QF_NRA/LassoRanker/Ultimate/piecewise.bpl_Iteration1_Loop_4-pieceTemplate.smt2 : 321876 ms.
--------------------------------------------------
unsat
QF_NRA/LassoRanker/Ultimate/Rotation02.bpl_Iteration1_Lasso_3-pieceTemplate.smt2 : 185 ms.
--------------------------------------------------
unsat
QF_NRA/LassoRanker/Ultimate/Rotation02.bpl_Iteration1_Lasso_4-pieceTemplate.smt2 : 332 ms.
--------------------------------------------------
QF_NRA/LassoRanker/Ultimate/SanDiego.bpl_Iteration1_Loop_4-pieceTemplate.smt2 : 1800079 ms.
--------------------------------------------------
unsat
QF_NRA/LassoRanker/Ultimate/SantaBarbara01.bpl_Iteration1_Lasso_2-pieceTemplate.smt2 : 196 ms.
--------------------------------------------------
unsat
QF_NRA/LassoRanker/Ultimate/SantaBarbara01.bpl_Iteration1_Lasso_3-pieceTemplate.smt2 : 269 ms.
--------------------------------------------------
unsat
QF_NRA/LassoRanker/Ultimate/SantaBarbara01.bpl_Iteration1_Lasso_4-pieceTemplate.smt2 : 2398 ms.
--------------------------------------------------
unsat
QF_NRA/LassoRanker/Ultimate/SantaBarbara02.bpl_Iteration1_Lasso_2-pieceTemplate.smt2 : 215 ms.
--------------------------------------------------
unsat
QF_NRA/LassoRanker/Ultimate/SantaBarbara02.bpl_Iteration1_Lasso_3-pieceTemplate.smt2 : 518 ms.
--------------------------------------------------
unsat
QF_NRA/LassoRanker/Ultimate/SantaBarbara02.bpl_Iteration1_Lasso_4-pieceTemplate.smt2 : 4053 ms.
--------------------------------------------------
QF_NRA/LassoRanker/Ultimate/simple-scaled200.bpl_Iteration1_Lasso_2-pieceTemplate.smt2 : 1800035 ms.
--------------------------------------------------
QF_NRA/LassoRanker/Ultimate/simple-scaled200.bpl_Iteration1_Lasso_3-pieceTemplate.smt2 : 1800034 ms.
--------------------------------------------------
sat
QF_NRA/LassoRanker/Ultimate/simple-scaled200.bpl_Iteration1_Lasso_4-phaseTemplate.smt2 : 1046 ms.
--------------------------------------------------
QF_NRA/LassoRanker/Ultimate/simple-scaled200.bpl_Iteration1_Lasso_4-pieceTemplate.smt2 : 1800042 ms.
--------------------------------------------------
sat
QF_NRA/LassoRanker/Ultimate/simple-scaled200.bpl_Iteration1_Lasso_5-phaseTemplate.smt2 : 2726 ms.
--------------------------------------------------
sat
QF_NRA/LassoRanker/Ultimate/simple-scaled200.bpl_Iteration1_Lasso_6-phaseTemplate.smt2 : 2530 ms.
--------------------------------------------------
sat
QF_NRA/LassoRanker/Ultimate/simple-scaled200.bpl_Iteration1_Lasso_7-phaseTemplate.smt2 : 6201 ms.
--------------------------------------------------
sat
QF_NRA/LassoRanker/Ultimate/simple-scaled250.bpl_Iteration1_Lasso_2-pieceTemplate.smt2 : 4780 ms.
--------------------------------------------------
QF_NRA/LassoRanker/Ultimate/simple-scaled250.bpl_Iteration1_Lasso_3-pieceTemplate.smt2 : 1800108 ms.
--------------------------------------------------
sat
QF_NRA/LassoRanker/Ultimate/simple-scaled250.bpl_Iteration1_Lasso_4-lexTemplate.smt2 : 12800 ms.
--------------------------------------------------
sat
QF_NRA/LassoRanker/Ultimate/simple-scaled250.bpl_Iteration1_Lasso_4-phaseTemplate.smt2 : 1724 ms.
--------------------------------------------------
QF_NRA/LassoRanker/Ultimate/simple-scaled250.bpl_Iteration1_Lasso_4-pieceTemplate.smt2 : 1800027 ms.
--------------------------------------------------
sat
QF_NRA/LassoRanker/Ultimate/simple-scaled250.bpl_Iteration1_Lasso_5-phaseTemplate.smt2 : 2743 ms.
--------------------------------------------------
sat
QF_NRA/LassoRanker/Ultimate/simple-scaled250.bpl_Iteration1_Lasso_6-phaseTemplate.smt2 : 2415 ms.
--------------------------------------------------
sat
QF_NRA/LassoRanker/Ultimate/simple-scaled250.bpl_Iteration1_Lasso_7-phaseTemplate.smt2 : 5630 ms.
--------------------------------------------------
unsat
QF_NRA/LassoRanker/Ultimate/SyntaxSupportBooleans3.bpl_Iteration1_Loop_4-pieceTemplate.smt2 : 21015 ms.
--------------------------------------------------
sat
QF_NRA/LassoRanker/Ultimate/SyntaxSupportDisjunction1.bpl_Iteration1_Loop_4-pieceTemplate.smt2 : 599 ms.
