--------------------------------------------------
unsat
QF_NRA/hycomp/ball_count_2d_hill.10.seq_lazy_global_2.smt2 : 167 ms.
--------------------------------------------------
unsat
QF_NRA/hycomp/ball_count_2d_hill.10.seq_lazy_global_3.smt2 : 1049 ms.
--------------------------------------------------
unsat
QF_NRA/hycomp/ball_count_2d_hill.10.seq_lazy_global_4.smt2 : 559 ms.
--------------------------------------------------
unsat
QF_NRA/hycomp/ball_count_2d_hill.10.seq_lazy_global_5.smt2 : 637 ms.
--------------------------------------------------
unsat
QF_NRA/hycomp/ball_count_2d_hill.10.seq_lazy_global_6.smt2 : 1102 ms.
--------------------------------------------------
unsat
QF_NRA/hycomp/ball_count_2d_hill.10.seq_lazy_global_7.smt2 : 1517 ms.
--------------------------------------------------
unsat
QF_NRA/hycomp/ball_count_2d_hill.10.seq_lazy_global_8.smt2 : 33255 ms.
--------------------------------------------------
unsat
QF_NRA/hycomp/ball_count_2d_hill.10.seq_lazy_global_9.smt2 : 3249 ms.
--------------------------------------------------
unsat
QF_NRA/hycomp/ball_count_2d_hill.10.seq_lazy_lemmas_global_0.smt2 : 24 ms.
--------------------------------------------------
unsat
QF_NRA/hycomp/ball_count_2d_hill.10.seq_lazy_lemmas_global_10.smt2 : 17783 ms.
--------------------------------------------------
unsat
QF_NRA/hycomp/ball_count_2d_hill.10.seq_lazy_lemmas_global_11.smt2 : 7405 ms.
--------------------------------------------------
./solvers/smtrat/run.sh: line 3: 255401 Killed                  LD_PRELOAD=libmimalloc.so ./smtrat ../$1 2> /dev/null
QF_NRA/hycomp/ball_count_2d_hill.10.seq_lazy_lemmas_global_12.smt2 : 1800211 ms.
--------------------------------------------------
unsat
QF_NRA/hycomp/ball_count_2d_hill.10.seq_lazy_lemmas_global_13.smt2 : 15948 ms.
--------------------------------------------------
./solvers/smtrat/run.sh: line 3: 283247 Killed                  LD_PRELOAD=libmimalloc.so ./smtrat ../$1 2> /dev/null
QF_NRA/hycomp/ball_count_2d_hill.10.seq_lazy_lemmas_global_14.smt2 : 1804324 ms.
--------------------------------------------------
unsat
QF_NRA/hycomp/ball_count_2d_hill.10.seq_lazy_lemmas_global_15.smt2 : 66803 ms.
--------------------------------------------------
unsat
QF_NRA/hycomp/ball_count_2d_hill.10.seq_lazy_lemmas_global_1.smt2 : 363 ms.
--------------------------------------------------
unsat
QF_NRA/hycomp/ball_count_2d_hill.10.seq_lazy_lemmas_global_2.smt2 : 506 ms.
--------------------------------------------------
unsat
QF_NRA/hycomp/ball_count_2d_hill.10.seq_lazy_lemmas_global_3.smt2 : 744 ms.
--------------------------------------------------
unsat
QF_NRA/hycomp/ball_count_2d_hill.10.seq_lazy_lemmas_global_4.smt2 : 1158 ms.
--------------------------------------------------
unsat
QF_NRA/hycomp/ball_count_2d_hill.10.seq_lazy_lemmas_global_5.smt2 : 1515 ms.
--------------------------------------------------
unsat
QF_NRA/hycomp/ball_count_2d_hill.10.seq_lazy_lemmas_global_6.smt2 : 1958 ms.
--------------------------------------------------
unsat
QF_NRA/hycomp/ball_count_2d_hill.10.seq_lazy_lemmas_global_7.smt2 : 3334 ms.
--------------------------------------------------
unsat
QF_NRA/hycomp/ball_count_2d_hill.10.seq_lazy_lemmas_global_8.smt2 : 4885 ms.
--------------------------------------------------
unsat
QF_NRA/hycomp/ball_count_2d_hill.10.seq_lazy_lemmas_global_9.smt2 : 5356 ms.
--------------------------------------------------
unsat
QF_NRA/hycomp/ball_count_2d_hill.10.seq_lazy_linear_enc_global_0.smt2 : 289 ms.
--------------------------------------------------
unsat
QF_NRA/hycomp/ball_count_2d_hill.10.seq_lazy_linear_enc_global_10.smt2 : 26748 ms.
--------------------------------------------------
unsat
QF_NRA/hycomp/ball_count_2d_hill.10.seq_lazy_linear_enc_global_11.smt2 : 5289 ms.
--------------------------------------------------
./solvers/smtrat/run.sh: line 3: 291206 Killed                  LD_PRELOAD=libmimalloc.so ./smtrat ../$1 2> /dev/null
QF_NRA/hycomp/ball_count_2d_hill.10.seq_lazy_linear_enc_global_12.smt2 : 1800162 ms.
--------------------------------------------------
unsat
QF_NRA/hycomp/ball_count_2d_hill.10.seq_lazy_linear_enc_global_13.smt2 : 8246 ms.
--------------------------------------------------
./solvers/smtrat/run.sh: line 3: 294954 Killed                  LD_PRELOAD=libmimalloc.so ./smtrat ../$1 2> /dev/null
QF_NRA/hycomp/ball_count_2d_hill.10.seq_lazy_linear_enc_global_14.smt2 : 1800163 ms.
--------------------------------------------------
unsat
QF_NRA/hycomp/ball_count_2d_hill.10.seq_lazy_linear_enc_global_15.smt2 : 122982 ms.
--------------------------------------------------
unsat
QF_NRA/hycomp/ball_count_2d_hill.10.seq_lazy_linear_enc_global_1.smt2 : 69 ms.
--------------------------------------------------
unsat
QF_NRA/hycomp/ball_count_2d_hill.10.seq_lazy_linear_enc_global_2.smt2 : 156 ms.
--------------------------------------------------
unsat
QF_NRA/hycomp/ball_count_2d_hill.10.seq_lazy_linear_enc_global_3.smt2 : 274 ms.
--------------------------------------------------
unsat
QF_NRA/hycomp/ball_count_2d_hill.10.seq_lazy_linear_enc_global_4.smt2 : 527 ms.
--------------------------------------------------
unsat
QF_NRA/hycomp/ball_count_2d_hill.10.seq_lazy_linear_enc_global_5.smt2 : 733 ms.
--------------------------------------------------
unsat
QF_NRA/hycomp/ball_count_2d_hill.10.seq_lazy_linear_enc_global_6.smt2 : 1115 ms.
--------------------------------------------------
unsat
QF_NRA/hycomp/ball_count_2d_hill.10.seq_lazy_linear_enc_global_7.smt2 : 1418 ms.
--------------------------------------------------
unsat
QF_NRA/hycomp/ball_count_2d_hill.10.seq_lazy_linear_enc_global_8.smt2 : 5325 ms.
--------------------------------------------------
unsat
QF_NRA/hycomp/ball_count_2d_hill.10.seq_lazy_linear_enc_global_9.smt2 : 2833 ms.
--------------------------------------------------
unsat
QF_NRA/hycomp/ball_count_2d_hill.10.seq_lazy_linear_enc_lemmas_global_0.smt2 : 23 ms.
--------------------------------------------------
unsat
QF_NRA/hycomp/ball_count_2d_hill.10.seq_lazy_linear_enc_lemmas_global_10.smt2 : 19475 ms.
--------------------------------------------------
unsat
QF_NRA/hycomp/ball_count_2d_hill.10.seq_lazy_linear_enc_lemmas_global_11.smt2 : 6162 ms.
--------------------------------------------------
unsat
QF_NRA/hycomp/ball_count_2d_hill.10.seq_lazy_linear_enc_lemmas_global_12.smt2 : 1078197 ms.
--------------------------------------------------
unsat
QF_NRA/hycomp/ball_count_2d_hill.10.seq_lazy_linear_enc_lemmas_global_13.smt2 : 13352 ms.
--------------------------------------------------
./solvers/smtrat/run.sh: line 3: 298480 Killed                  LD_PRELOAD=libmimalloc.so ./smtrat ../$1 2> /dev/null
QF_NRA/hycomp/ball_count_2d_hill.10.seq_lazy_linear_enc_lemmas_global_14.smt2 : 1800148 ms.
--------------------------------------------------
unsat
QF_NRA/hycomp/ball_count_2d_hill.10.seq_lazy_linear_enc_lemmas_global_15.smt2 : 51658 ms.
--------------------------------------------------
unsat
QF_NRA/hycomp/ball_count_2d_hill.10.seq_lazy_linear_enc_lemmas_global_1.smt2 : 71 ms.
--------------------------------------------------
unsat
QF_NRA/hycomp/ball_count_2d_hill.10.seq_lazy_linear_enc_lemmas_global_2.smt2 : 204 ms.
--------------------------------------------------
unsat
QF_NRA/hycomp/ball_count_2d_hill.10.seq_lazy_linear_enc_lemmas_global_3.smt2 : 437 ms.
--------------------------------------------------
unsat
QF_NRA/hycomp/ball_count_2d_hill.10.seq_lazy_linear_enc_lemmas_global_4.smt2 : 589 ms.
--------------------------------------------------
unsat
QF_NRA/hycomp/ball_count_2d_hill.10.seq_lazy_linear_enc_lemmas_global_5.smt2 : 906 ms.
--------------------------------------------------
unsat
QF_NRA/hycomp/ball_count_2d_hill.10.seq_lazy_linear_enc_lemmas_global_6.smt2 : 1352 ms.
--------------------------------------------------
unsat
QF_NRA/hycomp/ball_count_2d_hill.10.seq_lazy_linear_enc_lemmas_global_7.smt2 : 1878 ms.
--------------------------------------------------
unsat
QF_NRA/hycomp/ball_count_2d_hill.10.seq_lazy_linear_enc_lemmas_global_8.smt2 : 5866 ms.
--------------------------------------------------
unsat
QF_NRA/hycomp/ball_count_2d_hill.10.seq_lazy_linear_enc_lemmas_global_9.smt2 : 3964 ms.
--------------------------------------------------
unsat
QF_NRA/hycomp/ball_count_2d_hill_simple.01.qfree_global_0.smt2 : 13 ms.
--------------------------------------------------
./solvers/smtrat/run.sh: line 3: 300533 Killed                  LD_PRELOAD=libmimalloc.so ./smtrat ../$1 2> /dev/null
QF_NRA/hycomp/ball_count_2d_hill_simple.01.qfree_global_10.smt2 : 1800329 ms.
--------------------------------------------------
unsat
QF_NRA/hycomp/ball_count_2d_hill_simple.01.qfree_global_11.smt2 : 1255 ms.
--------------------------------------------------
./solvers/smtrat/run.sh: line 3: 324846 Killed                  LD_PRELOAD=libmimalloc.so ./smtrat ../$1 2> /dev/null
QF_NRA/hycomp/ball_count_2d_hill_simple.01.qfree_global_12.smt2 : 1800347 ms.
--------------------------------------------------
unsat
QF_NRA/hycomp/ball_count_2d_hill_simple.01.qfree_global_13.smt2 : 1443 ms.
--------------------------------------------------
./solvers/smtrat/run.sh: line 3: 330384 Killed                  LD_PRELOAD=libmimalloc.so ./smtrat ../$1 2> /dev/null
QF_NRA/hycomp/ball_count_2d_hill_simple.01.qfree_global_14.smt2 : 1800274 ms.
--------------------------------------------------
unsat
QF_NRA/hycomp/ball_count_2d_hill_simple.01.qfree_global_15.smt2 : 2060 ms.
--------------------------------------------------
unsat
QF_NRA/hycomp/ball_count_2d_hill_simple.01.qfree_global_1.smt2 : 44 ms.
--------------------------------------------------
sat
QF_NRA/hycomp/ball_count_2d_hill_simple.01.qfree_global_2.smt2 : 131 ms.
--------------------------------------------------
unsat
QF_NRA/hycomp/ball_count_2d_hill_simple.01.qfree_global_3.smt2 : 129 ms.
--------------------------------------------------
sat
QF_NRA/hycomp/ball_count_2d_hill_simple.01.qfree_global_4.smt2 : 525 ms.
--------------------------------------------------
unsat
QF_NRA/hycomp/ball_count_2d_hill_simple.01.qfree_global_5.smt2 : 241 ms.
--------------------------------------------------
sat
QF_NRA/hycomp/ball_count_2d_hill_simple.01.qfree_global_6.smt2 : 1499 ms.
--------------------------------------------------
unsat
QF_NRA/hycomp/ball_count_2d_hill_simple.01.qfree_global_7.smt2 : 482 ms.
--------------------------------------------------
sat
QF_NRA/hycomp/ball_count_2d_hill_simple.01.qfree_global_8.smt2 : 2289 ms.
--------------------------------------------------
unsat
QF_NRA/hycomp/ball_count_2d_hill_simple.01.qfree_global_9.smt2 : 772 ms.
--------------------------------------------------
unsat
QF_NRA/hycomp/ball_count_2d_hill_simple.01.redlog_global_0.smt2 : 18 ms.
--------------------------------------------------
./solvers/smtrat/run.sh: line 3: 334437 Killed                  LD_PRELOAD=libmimalloc.so ./smtrat ../$1 2> /dev/null
QF_NRA/hycomp/ball_count_2d_hill_simple.01.redlog_global_10.smt2 : 1800111 ms.
--------------------------------------------------
unsat
QF_NRA/hycomp/ball_count_2d_hill_simple.01.redlog_global_11.smt2 : 1545 ms.
--------------------------------------------------
./solvers/smtrat/run.sh: line 3: 337315 Killed                  LD_PRELOAD=libmimalloc.so ./smtrat ../$1 2> /dev/null
QF_NRA/hycomp/ball_count_2d_hill_simple.01.redlog_global_12.smt2 : 1800280 ms.
--------------------------------------------------
unsat
QF_NRA/hycomp/ball_count_2d_hill_simple.01.redlog_global_13.smt2 : 2068 ms.
--------------------------------------------------
./solvers/smtrat/run.sh: line 3: 340071 Killed                  LD_PRELOAD=libmimalloc.so ./smtrat ../$1 2> /dev/null
QF_NRA/hycomp/ball_count_2d_hill_simple.01.redlog_global_14.smt2 : 1800518 ms.
--------------------------------------------------
unsat
QF_NRA/hycomp/ball_count_2d_hill_simple.01.redlog_global_15.smt2 : 2909 ms.
--------------------------------------------------
unsat
QF_NRA/hycomp/ball_count_2d_hill_simple.01.redlog_global_1.smt2 : 105 ms.
--------------------------------------------------
sat
QF_NRA/hycomp/ball_count_2d_hill_simple.01.redlog_global_2.smt2 : 305 ms.
--------------------------------------------------
unsat
QF_NRA/hycomp/ball_count_2d_hill_simple.01.redlog_global_3.smt2 : 239 ms.
--------------------------------------------------
sat
QF_NRA/hycomp/ball_count_2d_hill_simple.01.redlog_global_4.smt2 : 1241 ms.
--------------------------------------------------
unsat
QF_NRA/hycomp/ball_count_2d_hill_simple.01.redlog_global_5.smt2 : 489 ms.
--------------------------------------------------
./solvers/smtrat/run.sh: line 3: 342904 Killed                  LD_PRELOAD=libmimalloc.so ./smtrat ../$1 2> /dev/null
QF_NRA/hycomp/ball_count_2d_hill_simple.01.redlog_global_6.smt2 : 1800097 ms.
--------------------------------------------------
unsat
QF_NRA/hycomp/ball_count_2d_hill_simple.01.redlog_global_7.smt2 : 633 ms.
--------------------------------------------------
./solvers/smtrat/run.sh: line 3: 345426 Killed                  LD_PRELOAD=libmimalloc.so ./smtrat ../$1 2> /dev/null
QF_NRA/hycomp/ball_count_2d_hill_simple.01.redlog_global_8.smt2 : 1800460 ms.
--------------------------------------------------
unsat
QF_NRA/hycomp/ball_count_2d_hill_simple.01.redlog_global_9.smt2 : 928 ms.
--------------------------------------------------
unsat
QF_NRA/hycomp/ball_count_2d_hill_simple.01.seq_lazy_global_0.smt2 : 15 ms.
--------------------------------------------------
./solvers/smtrat/run.sh: line 3: 347716 Killed                  LD_PRELOAD=libmimalloc.so ./smtrat ../$1 2> /dev/null
QF_NRA/hycomp/ball_count_2d_hill_simple.01.seq_lazy_global_10.smt2 : 1800710 ms.
--------------------------------------------------
unsat
QF_NRA/hycomp/ball_count_2d_hill_simple.01.seq_lazy_global_11.smt2 : 1047 ms.
--------------------------------------------------
./solvers/smtrat/run.sh: line 3: 350324 Killed                  LD_PRELOAD=libmimalloc.so ./smtrat ../$1 2> /dev/null
QF_NRA/hycomp/ball_count_2d_hill_simple.01.seq_lazy_global_12.smt2 : 1800969 ms.
--------------------------------------------------
unsat
QF_NRA/hycomp/ball_count_2d_hill_simple.01.seq_lazy_global_13.smt2 : 1577 ms.
--------------------------------------------------
./solvers/smtrat/run.sh: line 3: 353100 Killed                  LD_PRELOAD=libmimalloc.so ./smtrat ../$1 2> /dev/null
QF_NRA/hycomp/ball_count_2d_hill_simple.01.seq_lazy_global_14.smt2 : 1801382 ms.
--------------------------------------------------
unsat
QF_NRA/hycomp/ball_count_2d_hill_simple.01.seq_lazy_global_15.smt2 : 1791 ms.
--------------------------------------------------
unsat
QF_NRA/hycomp/ball_count_2d_hill_simple.01.seq_lazy_global_1.smt2 : 31 ms.
--------------------------------------------------
sat
QF_NRA/hycomp/ball_count_2d_hill_simple.01.seq_lazy_global_2.smt2 : 447 ms.
--------------------------------------------------
unsat
QF_NRA/hycomp/ball_count_2d_hill_simple.01.seq_lazy_global_3.smt2 : 108 ms.
--------------------------------------------------
./solvers/smtrat/run.sh: line 3: 354953 Killed                  LD_PRELOAD=libmimalloc.so ./smtrat ../$1 2> /dev/null
QF_NRA/hycomp/ball_count_2d_hill_simple.01.seq_lazy_global_4.smt2 : 1800501 ms.
--------------------------------------------------
unsat
QF_NRA/hycomp/ball_count_2d_hill_simple.01.seq_lazy_global_5.smt2 : 241 ms.
--------------------------------------------------
sat
QF_NRA/hycomp/ball_count_2d_hill_simple.01.seq_lazy_global_6.smt2 : 105366 ms.
--------------------------------------------------
unsat
QF_NRA/hycomp/ball_count_2d_hill_simple.01.seq_lazy_global_7.smt2 : 397 ms.
--------------------------------------------------
./solvers/smtrat/run.sh: line 3: 357021 Killed                  LD_PRELOAD=libmimalloc.so ./smtrat ../$1 2> /dev/null
QF_NRA/hycomp/ball_count_2d_hill_simple.01.seq_lazy_global_8.smt2 : 1801000 ms.
--------------------------------------------------
unsat
QF_NRA/hycomp/ball_count_2d_hill_simple.01.seq_lazy_global_9.smt2 : 690 ms.
--------------------------------------------------
unsat
QF_NRA/hycomp/ball_count_2d_hill_simple.01.seq_lazy_lemmas_global_0.smt2 : 16 ms.
--------------------------------------------------
./solvers/smtrat/run.sh: line 3: 358990 Killed                  LD_PRELOAD=libmimalloc.so ./smtrat ../$1 2> /dev/null
QF_NRA/hycomp/ball_count_2d_hill_simple.01.seq_lazy_lemmas_global_10.smt2 : 1800668 ms.
--------------------------------------------------
unsat
QF_NRA/hycomp/ball_count_2d_hill_simple.01.seq_lazy_lemmas_global_11.smt2 : 1674 ms.
--------------------------------------------------
./solvers/smtrat/run.sh: line 3: 362413 Killed                  LD_PRELOAD=libmimalloc.so ./smtrat ../$1 2> /dev/null
QF_NRA/hycomp/ball_count_2d_hill_simple.01.seq_lazy_lemmas_global_12.smt2 : 1800838 ms.
--------------------------------------------------
unsat
QF_NRA/hycomp/ball_count_2d_hill_simple.01.seq_lazy_lemmas_global_13.smt2 : 2435 ms.
--------------------------------------------------
./solvers/smtrat/run.sh: line 3: 364157 Killed                  LD_PRELOAD=libmimalloc.so ./smtrat ../$1 2> /dev/null
QF_NRA/hycomp/ball_count_2d_hill_simple.01.seq_lazy_lemmas_global_14.smt2 : 1801649 ms.
--------------------------------------------------
unsat
QF_NRA/hycomp/ball_count_2d_hill_simple.01.seq_lazy_lemmas_global_15.smt2 : 3841 ms.
--------------------------------------------------
unsat
QF_NRA/hycomp/ball_count_2d_hill_simple.01.seq_lazy_lemmas_global_1.smt2 : 66 ms.
--------------------------------------------------
sat
QF_NRA/hycomp/ball_count_2d_hill_simple.01.seq_lazy_lemmas_global_2.smt2 : 40235 ms.
--------------------------------------------------
unsat
QF_NRA/hycomp/ball_count_2d_hill_simple.01.seq_lazy_lemmas_global_3.smt2 : 252 ms.
--------------------------------------------------
./solvers/smtrat/run.sh: line 3: 387789 Killed                  LD_PRELOAD=libmimalloc.so ./smtrat ../$1 2> /dev/null
QF_NRA/hycomp/ball_count_2d_hill_simple.01.seq_lazy_lemmas_global_4.smt2 : 1800140 ms.
--------------------------------------------------
unsat
QF_NRA/hycomp/ball_count_2d_hill_simple.01.seq_lazy_lemmas_global_5.smt2 : 460 ms.
--------------------------------------------------
./solvers/smtrat/run.sh: line 3: 392462 Killed                  LD_PRELOAD=libmimalloc.so ./smtrat ../$1 2> /dev/null
QF_NRA/hycomp/ball_count_2d_hill_simple.01.seq_lazy_lemmas_global_6.smt2 : 1800565 ms.
--------------------------------------------------
unsat
QF_NRA/hycomp/ball_count_2d_hill_simple.01.seq_lazy_lemmas_global_7.smt2 : 749 ms.
--------------------------------------------------
./solvers/smtrat/run.sh: line 3: 395279 Killed                  LD_PRELOAD=libmimalloc.so ./smtrat ../$1 2> /dev/null
QF_NRA/hycomp/ball_count_2d_hill_simple.01.seq_lazy_lemmas_global_8.smt2 : 1800685 ms.
--------------------------------------------------
unsat
QF_NRA/hycomp/ball_count_2d_hill_simple.01.seq_lazy_lemmas_global_9.smt2 : 1292 ms.
--------------------------------------------------
unsat
QF_NRA/hycomp/ball_count_2d_hill_simple.01.seq_lazy_linear_enc_global_0.smt2 : 14 ms.
--------------------------------------------------
./solvers/smtrat/run.sh: line 3: 397984 Killed                  LD_PRELOAD=libmimalloc.so ./smtrat ../$1 2> /dev/null
QF_NRA/hycomp/ball_count_2d_hill_simple.01.seq_lazy_linear_enc_global_10.smt2 : 1800677 ms.
--------------------------------------------------
unsat
QF_NRA/hycomp/ball_count_2d_hill_simple.01.seq_lazy_linear_enc_global_11.smt2 : 912 ms.
--------------------------------------------------
./solvers/smtrat/run.sh: line 3: 400264 Killed                  LD_PRELOAD=libmimalloc.so ./smtrat ../$1 2> /dev/null
QF_NRA/hycomp/ball_count_2d_hill_simple.01.seq_lazy_linear_enc_global_12.smt2 : 1800059 ms.
--------------------------------------------------
unsat
QF_NRA/hycomp/ball_count_2d_hill_simple.01.seq_lazy_linear_enc_global_13.smt2 : 1346 ms.
--------------------------------------------------
./solvers/smtrat/run.sh: line 3: 402710 Killed                  LD_PRELOAD=libmimalloc.so ./smtrat ../$1 2> /dev/null
QF_NRA/hycomp/ball_count_2d_hill_simple.01.seq_lazy_linear_enc_global_14.smt2 : 1801374 ms.
--------------------------------------------------
unsat
QF_NRA/hycomp/ball_count_2d_hill_simple.01.seq_lazy_linear_enc_global_15.smt2 : 1798 ms.
--------------------------------------------------
unsat
QF_NRA/hycomp/ball_count_2d_hill_simple.01.seq_lazy_linear_enc_global_1.smt2 : 30 ms.
--------------------------------------------------
sat
QF_NRA/hycomp/ball_count_2d_hill_simple.01.seq_lazy_linear_enc_global_2.smt2 : 2179 ms.
--------------------------------------------------
unsat
QF_NRA/hycomp/ball_count_2d_hill_simple.01.seq_lazy_linear_enc_global_3.smt2 : 151 ms.
--------------------------------------------------
sat
QF_NRA/hycomp/ball_count_2d_hill_simple.01.seq_lazy_linear_enc_global_4.smt2 : 608 ms.
--------------------------------------------------
unsat
QF_NRA/hycomp/ball_count_2d_hill_simple.01.seq_lazy_linear_enc_global_5.smt2 : 231 ms.
--------------------------------------------------
./solvers/smtrat/run.sh: line 3: 404719 Killed                  LD_PRELOAD=libmimalloc.so ./smtrat ../$1 2> /dev/null
QF_NRA/hycomp/ball_count_2d_hill_simple.01.seq_lazy_linear_enc_global_6.smt2 : 1801027 ms.
--------------------------------------------------
unsat
QF_NRA/hycomp/ball_count_2d_hill_simple.01.seq_lazy_linear_enc_global_7.smt2 : 429 ms.
--------------------------------------------------
./solvers/smtrat/run.sh: line 3: 406869 Killed                  LD_PRELOAD=libmimalloc.so ./smtrat ../$1 2> /dev/null
QF_NRA/hycomp/ball_count_2d_hill_simple.01.seq_lazy_linear_enc_global_8.smt2 : 1800720 ms.
--------------------------------------------------
unsat
QF_NRA/hycomp/ball_count_2d_hill_simple.01.seq_lazy_linear_enc_global_9.smt2 : 649 ms.
--------------------------------------------------
unsat
QF_NRA/hycomp/ball_count_2d_hill_simple.01.seq_lazy_linear_enc_lemmas_global_0.smt2 : 21 ms.
--------------------------------------------------
./solvers/smtrat/run.sh: line 3: 408707 Killed                  LD_PRELOAD=libmimalloc.so ./smtrat ../$1 2> /dev/null
QF_NRA/hycomp/ball_count_2d_hill_simple.01.seq_lazy_linear_enc_lemmas_global_10.smt2 : 1801428 ms.
--------------------------------------------------
unsat
QF_NRA/hycomp/ball_count_2d_hill_simple.01.seq_lazy_linear_enc_lemmas_global_11.smt2 : 1362 ms.
--------------------------------------------------
./solvers/smtrat/run.sh: line 3: 410653 Killed                  LD_PRELOAD=libmimalloc.so ./smtrat ../$1 2> /dev/null
QF_NRA/hycomp/ball_count_2d_hill_simple.01.seq_lazy_linear_enc_lemmas_global_12.smt2 : 1802034 ms.
--------------------------------------------------
unsat
QF_NRA/hycomp/ball_count_2d_hill_simple.01.seq_lazy_linear_enc_lemmas_global_13.smt2 : 1918 ms.
--------------------------------------------------
./solvers/smtrat/run.sh: line 3: 412127 Killed                  LD_PRELOAD=libmimalloc.so ./smtrat ../$1 2> /dev/null
QF_NRA/hycomp/ball_count_2d_hill_simple.01.seq_lazy_linear_enc_lemmas_global_14.smt2 : 1803091 ms.
--------------------------------------------------
unsat
QF_NRA/hycomp/ball_count_2d_hill_simple.01.seq_lazy_linear_enc_lemmas_global_15.smt2 : 2577 ms.
--------------------------------------------------
unsat
QF_NRA/hycomp/ball_count_2d_hill_simple.01.seq_lazy_linear_enc_lemmas_global_1.smt2 : 44 ms.
--------------------------------------------------
./solvers/smtrat/run.sh: line 3: 413769 Killed                  LD_PRELOAD=libmimalloc.so ./smtrat ../$1 2> /dev/null
QF_NRA/hycomp/ball_count_2d_hill_simple.01.seq_lazy_linear_enc_lemmas_global_2.smt2 : 1800118 ms.
--------------------------------------------------
unsat
QF_NRA/hycomp/ball_count_2d_hill_simple.01.seq_lazy_linear_enc_lemmas_global_3.smt2 : 170 ms.
--------------------------------------------------
./solvers/smtrat/run.sh: line 3: 415471 Killed                  LD_PRELOAD=libmimalloc.so ./smtrat ../$1 2> /dev/null
QF_NRA/hycomp/ball_count_2d_hill_simple.01.seq_lazy_linear_enc_lemmas_global_4.smt2 : 1800183 ms.
--------------------------------------------------
unsat
QF_NRA/hycomp/ball_count_2d_hill_simple.01.seq_lazy_linear_enc_lemmas_global_5.smt2 : 340 ms.
--------------------------------------------------
./solvers/smtrat/run.sh: line 3: 417171 Killed                  LD_PRELOAD=libmimalloc.so ./smtrat ../$1 2> /dev/null
QF_NRA/hycomp/ball_count_2d_hill_simple.01.seq_lazy_linear_enc_lemmas_global_6.smt2 : 1800513 ms.
--------------------------------------------------
unsat
QF_NRA/hycomp/ball_count_2d_hill_simple.01.seq_lazy_linear_enc_lemmas_global_7.smt2 : 569 ms.
--------------------------------------------------
./solvers/smtrat/run.sh: line 3: 418645 Killed                  LD_PRELOAD=libmimalloc.so ./smtrat ../$1 2> /dev/null
QF_NRA/hycomp/ball_count_2d_hill_simple.01.seq_lazy_linear_enc_lemmas_global_8.smt2 : 1801377 ms.
--------------------------------------------------
unsat
QF_NRA/hycomp/ball_count_2d_hill_simple.01.seq_lazy_linear_enc_lemmas_global_9.smt2 : 923 ms.
--------------------------------------------------
unsat
QF_NRA/hycomp/ball_count_2d_hill_simple.02.qfree_global_0.smt2 : 18 ms.
--------------------------------------------------
./solvers/smtrat/run.sh: line 3: 420422 Killed                  LD_PRELOAD=libmimalloc.so ./smtrat ../$1 2> /dev/null
QF_NRA/hycomp/ball_count_2d_hill_simple.02.qfree_global_10.smt2 : 1800450 ms.
--------------------------------------------------
unsat
QF_NRA/hycomp/ball_count_2d_hill_simple.02.qfree_global_11.smt2 : 858 ms.
--------------------------------------------------
./solvers/smtrat/run.sh: line 3: 421797 Killed                  LD_PRELOAD=libmimalloc.so ./smtrat ../$1 2> /dev/null
QF_NRA/hycomp/ball_count_2d_hill_simple.02.qfree_global_12.smt2 : 1800107 ms.
--------------------------------------------------
unsat
QF_NRA/hycomp/ball_count_2d_hill_simple.02.qfree_global_13.smt2 : 1734 ms.
--------------------------------------------------
./solvers/smtrat/run.sh: line 3: 422865 Killed                  LD_PRELOAD=libmimalloc.so ./smtrat ../$1 2> /dev/null
QF_NRA/hycomp/ball_count_2d_hill_simple.02.qfree_global_14.smt2 : 1801002 ms.
--------------------------------------------------
unsat
QF_NRA/hycomp/ball_count_2d_hill_simple.02.qfree_global_15.smt2 : 1591 ms.
--------------------------------------------------
unsat
QF_NRA/hycomp/ball_count_2d_hill_simple.02.qfree_global_1.smt2 : 34 ms.
--------------------------------------------------
unsat
QF_NRA/hycomp/ball_count_2d_hill_simple.02.qfree_global_2.smt2 : 62 ms.
--------------------------------------------------
unsat
QF_NRA/hycomp/ball_count_2d_hill_simple.02.qfree_global_3.smt2 : 100 ms.
--------------------------------------------------
sat
QF_NRA/hycomp/ball_count_2d_hill_simple.02.qfree_global_4.smt2 : 261 ms.
--------------------------------------------------
unsat
QF_NRA/hycomp/ball_count_2d_hill_simple.02.qfree_global_5.smt2 : 213 ms.
--------------------------------------------------
./solvers/smtrat/run.sh: line 3: 424231 Killed                  LD_PRELOAD=libmimalloc.so ./smtrat ../$1 2> /dev/null
QF_NRA/hycomp/ball_count_2d_hill_simple.02.qfree_global_6.smt2 : 1800705 ms.
--------------------------------------------------
unsat
QF_NRA/hycomp/ball_count_2d_hill_simple.02.qfree_global_7.smt2 : 377 ms.
--------------------------------------------------
./solvers/smtrat/run.sh: line 3: 426103 Killed                  LD_PRELOAD=libmimalloc.so ./smtrat ../$1 2> /dev/null
QF_NRA/hycomp/ball_count_2d_hill_simple.02.qfree_global_8.smt2 : 1800131 ms.
--------------------------------------------------
unsat
QF_NRA/hycomp/ball_count_2d_hill_simple.02.qfree_global_9.smt2 : 605 ms.
--------------------------------------------------
unsat
QF_NRA/hycomp/ball_count_2d_hill_simple.02.redlog_global_0.smt2 : 23 ms.
--------------------------------------------------
./solvers/smtrat/run.sh: line 3: 427261 Killed                  LD_PRELOAD=libmimalloc.so ./smtrat ../$1 2> /dev/null
QF_NRA/hycomp/ball_count_2d_hill_simple.02.redlog_global_10.smt2 : 1800786 ms.
--------------------------------------------------
unsat
QF_NRA/hycomp/ball_count_2d_hill_simple.02.redlog_global_11.smt2 : 1650 ms.
--------------------------------------------------
./solvers/smtrat/run.sh: line 3: 428286 Killed                  LD_PRELOAD=libmimalloc.so ./smtrat ../$1 2> /dev/null
QF_NRA/hycomp/ball_count_2d_hill_simple.02.redlog_global_12.smt2 : 1800577 ms.
--------------------------------------------------
unsat
QF_NRA/hycomp/ball_count_2d_hill_simple.02.redlog_global_13.smt2 : 1779 ms.
--------------------------------------------------
./solvers/smtrat/run.sh: line 3: 429548 Killed                  LD_PRELOAD=libmimalloc.so ./smtrat ../$1 2> /dev/null
QF_NRA/hycomp/ball_count_2d_hill_simple.02.redlog_global_14.smt2 : 1800546 ms.
--------------------------------------------------
unsat
QF_NRA/hycomp/ball_count_2d_hill_simple.02.redlog_global_15.smt2 : 2365 ms.
--------------------------------------------------
unsat
QF_NRA/hycomp/ball_count_2d_hill_simple.02.redlog_global_1.smt2 : 45 ms.
--------------------------------------------------
unsat
QF_NRA/hycomp/ball_count_2d_hill_simple.02.redlog_global_2.smt2 : 84 ms.
--------------------------------------------------
unsat
QF_NRA/hycomp/ball_count_2d_hill_simple.02.redlog_global_3.smt2 : 142 ms.
--------------------------------------------------
./solvers/smtrat/run.sh: line 3: 430893 Killed                  LD_PRELOAD=libmimalloc.so ./smtrat ../$1 2> /dev/null
QF_NRA/hycomp/ball_count_2d_hill_simple.02.redlog_global_4.smt2 : 1800045 ms.
--------------------------------------------------
unsat
QF_NRA/hycomp/ball_count_2d_hill_simple.02.redlog_global_5.smt2 : 312 ms.
--------------------------------------------------
./solvers/smtrat/run.sh: line 3: 432099 Killed                  LD_PRELOAD=libmimalloc.so ./smtrat ../$1 2> /dev/null
QF_NRA/hycomp/ball_count_2d_hill_simple.02.redlog_global_6.smt2 : 1800107 ms.
--------------------------------------------------
unsat
QF_NRA/hycomp/ball_count_2d_hill_simple.02.redlog_global_7.smt2 : 663 ms.
--------------------------------------------------
./solvers/smtrat/run.sh: line 3: 433308 Killed                  LD_PRELOAD=libmimalloc.so ./smtrat ../$1 2> /dev/null
QF_NRA/hycomp/ball_count_2d_hill_simple.02.redlog_global_8.smt2 : 1800603 ms.
--------------------------------------------------
unsat
QF_NRA/hycomp/ball_count_2d_hill_simple.02.redlog_global_9.smt2 : 843 ms.
--------------------------------------------------
unsat
QF_NRA/hycomp/ball_count_2d_hill_simple.02.seq_lazy_global_0.smt2 : 20 ms.
--------------------------------------------------
./solvers/smtrat/run.sh: line 3: 434245 Killed                  LD_PRELOAD=libmimalloc.so ./smtrat ../$1 2> /dev/null
QF_NRA/hycomp/ball_count_2d_hill_simple.02.seq_lazy_global_10.smt2 : 1801114 ms.
--------------------------------------------------
unsat
QF_NRA/hycomp/ball_count_2d_hill_simple.02.seq_lazy_global_11.smt2 : 900 ms.
--------------------------------------------------
./solvers/smtrat/run.sh: line 3: 435279 Killed                  LD_PRELOAD=libmimalloc.so ./smtrat ../$1 2> /dev/null
QF_NRA/hycomp/ball_count_2d_hill_simple.02.seq_lazy_global_12.smt2 : 1800830 ms.
--------------------------------------------------
unsat
QF_NRA/hycomp/ball_count_2d_hill_simple.02.seq_lazy_global_13.smt2 : 1727 ms.
--------------------------------------------------
./solvers/smtrat/run.sh: line 3: 436189 Killed                  LD_PRELOAD=libmimalloc.so ./smtrat ../$1 2> /dev/null
QF_NRA/hycomp/ball_count_2d_hill_simple.02.seq_lazy_global_14.smt2 : 1801259 ms.
--------------------------------------------------
unsat
QF_NRA/hycomp/ball_count_2d_hill_simple.02.seq_lazy_global_15.smt2 : 1599 ms.
--------------------------------------------------
unsat
QF_NRA/hycomp/ball_count_2d_hill_simple.02.seq_lazy_global_1.smt2 : 40 ms.
--------------------------------------------------
unsat
QF_NRA/hycomp/ball_count_2d_hill_simple.02.seq_lazy_global_2.smt2 : 60 ms.
--------------------------------------------------
unsat
QF_NRA/hycomp/ball_count_2d_hill_simple.02.seq_lazy_global_3.smt2 : 103 ms.
--------------------------------------------------
unsat
QF_NRA/hycomp/ball_count_2d_hill_simple.02.seq_lazy_global_4.smt2 : 171 ms.
--------------------------------------------------
unsat
QF_NRA/hycomp/ball_count_2d_hill_simple.02.seq_lazy_global_5.smt2 : 213 ms.
--------------------------------------------------
./solvers/smtrat/run.sh: line 3: 437114 Killed                  LD_PRELOAD=libmimalloc.so ./smtrat ../$1 2> /dev/null
QF_NRA/hycomp/ball_count_2d_hill_simple.02.seq_lazy_global_6.smt2 : 1800637 ms.
--------------------------------------------------
unsat
QF_NRA/hycomp/ball_count_2d_hill_simple.02.seq_lazy_global_7.smt2 : 1037 ms.
--------------------------------------------------
./solvers/smtrat/run.sh: line 3: 438227 Killed                  LD_PRELOAD=libmimalloc.so ./smtrat ../$1 2> /dev/null
QF_NRA/hycomp/ball_count_2d_hill_simple.02.seq_lazy_global_8.smt2 : 1800228 ms.
--------------------------------------------------
unsat
QF_NRA/hycomp/ball_count_2d_hill_simple.02.seq_lazy_global_9.smt2 : 718 ms.
