--------------------------------------------------
sat
QF_NRA/LassoRanker/CooperatingT2/a.10.c.t2.c_Iteration2_Loop_4-pieceTemplate.smt2 : 1237640 ms.
--------------------------------------------------
sat
QF_NRA/LassoRanker/CooperatingT2/a.10.c.t2.c_Iteration5_Loop_4-pieceTemplate.smt2 : 944478 ms.
--------------------------------------------------
sat
QF_NRA/LassoRanker/CooperatingT2/a.10.c.t2.c_Iteration6_Loop_4-pieceTemplate.smt2 : 992579 ms.
--------------------------------------------------
sat
QF_NRA/LassoRanker/CooperatingT2/a.10.c.t2.c_Iteration9_Loop_4-pieceTemplate.smt2 : 1179319 ms.
--------------------------------------------------
timeout
QF_NRA/LassoRanker/CooperatingT2/afagp-fail.t2.c_Iteration1_Lasso_3-pieceTemplate.smt2 : 1800058 ms.
--------------------------------------------------
timeout
QF_NRA/LassoRanker/CooperatingT2/afagp-fail.t2.c_Iteration1_Lasso_4-pieceTemplate.smt2 : 1800068 ms.
--------------------------------------------------
timeout
QF_NRA/LassoRanker/CooperatingT2/afagp-fail.t2.c_Iteration1_Lasso_5-phaseTemplate.smt2 : 1800033 ms.
--------------------------------------------------
timeout
QF_NRA/LassoRanker/CooperatingT2/afagp-fail.t2.c_Iteration1_Lasso_6-phaseTemplate.smt2 : 1800046 ms.
--------------------------------------------------
timeout
QF_NRA/LassoRanker/CooperatingT2/afagp-fail.t2.c_Iteration1_Lasso_7-phaseTemplate.smt2 : 1800053 ms.
--------------------------------------------------
timeout
QF_NRA/LassoRanker/CooperatingT2/agafp.t2.c_Iteration1_Lasso_3-pieceTemplate.smt2 : 1800030 ms.
--------------------------------------------------
timeout
QF_NRA/LassoRanker/CooperatingT2/agafp.t2.c_Iteration1_Lasso_4-pieceTemplate.smt2 : 1800058 ms.
--------------------------------------------------
unsat
QF_NRA/LassoRanker/CooperatingT2/agafp.t2.c_Iteration1_Lasso_5-phaseTemplate.smt2 : 142273 ms.
--------------------------------------------------
timeout
QF_NRA/LassoRanker/CooperatingT2/agafp.t2.c_Iteration1_Lasso_6-phaseTemplate.smt2 : 1800040 ms.
--------------------------------------------------
timeout
QF_NRA/LassoRanker/CooperatingT2/agafp.t2.c_Iteration1_Lasso_7-phaseTemplate.smt2 : 1800030 ms.
--------------------------------------------------
timeout
QF_NRA/LassoRanker/CooperatingT2/bf10.t2.c_Iteration1_Loop_4-pieceTemplate.smt2 : 1800040 ms.
--------------------------------------------------
timeout
QF_NRA/LassoRanker/CooperatingT2/bf12.t2.c_Iteration1_Loop_4-pieceTemplate.smt2 : 1800046 ms.
--------------------------------------------------
timeout
QF_NRA/LassoRanker/CooperatingT2/bf13.t2.c_Iteration1_Loop_4-pieceTemplate.smt2 : 1800047 ms.
--------------------------------------------------
sat
QF_NRA/LassoRanker/CooperatingT2/bf20.t2.c_Iteration1_Loop_4-pieceTemplate.smt2 : 7404 ms.
--------------------------------------------------
timeout
QF_NRA/LassoRanker/CooperatingT2/bf5.t2.c_Iteration1_Loop_4-pieceTemplate.smt2 : 1800039 ms.
--------------------------------------------------
timeout
QF_NRA/LassoRanker/CooperatingT2/bf6.t2.c_Iteration1_Loop_4-pieceTemplate.smt2 : 1800042 ms.
--------------------------------------------------
sat
QF_NRA/LassoRanker/CooperatingT2/bitcount16.t2.c_Iteration1_Loop_4-pieceTemplate.smt2 : 11668 ms.
--------------------------------------------------
timeout
QF_NRA/LassoRanker/CooperatingT2/broydn.c.i.broydn.pl.t2.fixed.t2.c_Iteration1_Loop_4-pieceTemplate.smt2 : 1800061 ms.
--------------------------------------------------
timeout
QF_NRA/LassoRanker/CooperatingT2/broydn.t2.c_Iteration1_Loop_4-pieceTemplate.smt2 : 1800043 ms.
--------------------------------------------------
timeout
QF_NRA/LassoRanker/CooperatingT2/brp_withassume.t2.c_Iteration1_Loop_3-pieceTemplate.smt2 : 1800391 ms.
--------------------------------------------------
timeout
QF_NRA/LassoRanker/CooperatingT2/brp_withassume.t2.c_Iteration1_Loop_4-pieceTemplate.smt2 : 1800664 ms.
--------------------------------------------------
timeout
QF_NRA/LassoRanker/CooperatingT2/brp_withassume.t2.c_Iteration8_Loop_2-pieceTemplate.smt2 : 1800663 ms.
--------------------------------------------------
timeout
QF_NRA/LassoRanker/CooperatingT2/brp_withassume.t2.c_Iteration8_Loop_3-pieceTemplate.smt2 : 1800572 ms.
--------------------------------------------------
timeout
QF_NRA/LassoRanker/CooperatingT2/brp_withassume.t2.c_Iteration8_Loop_4-pieceTemplate.smt2 : 1801654 ms.
--------------------------------------------------
timeout
QF_NRA/LassoRanker/CooperatingT2/bsort100.t2.c_Iteration12_Loop_4-pieceTemplate.smt2 : 1800058 ms.
--------------------------------------------------
timeout
QF_NRA/LassoRanker/CooperatingT2/bsort100.t2.c_Iteration13_Loop_4-pieceTemplate.smt2 : 1800064 ms.
--------------------------------------------------
sat
QF_NRA/LassoRanker/CooperatingT2/bubblesort_inner_loop.t2.c_Iteration1_Loop_3-pieceTemplate.smt2 : 217 ms.
--------------------------------------------------
sat
QF_NRA/LassoRanker/CooperatingT2/bubblesort_inner_loop.t2.c_Iteration1_Loop_4-pieceTemplate.smt2 : 995 ms.
--------------------------------------------------
sat
QF_NRA/LassoRanker/CooperatingT2/bubbleSort.t2.c_Iteration5_Loop_4-pieceTemplate.smt2 : 1352462 ms.
--------------------------------------------------
sat
QF_NRA/LassoRanker/CooperatingT2/bubbleSort.t2.c_Iteration6_Loop_4-pieceTemplate.smt2 : 2471 ms.
--------------------------------------------------
unsat
QF_NRA/LassoRanker/CooperatingT2/byron-1.t2.c_Iteration1_Loop_3-pieceTemplate.smt2 : 427120 ms.
--------------------------------------------------
timeout
QF_NRA/LassoRanker/CooperatingT2/byron-1.t2.c_Iteration1_Loop_4-pieceTemplate.smt2 : 1800023 ms.
--------------------------------------------------
timeout
QF_NRA/LassoRanker/CooperatingT2/byron-2.t2.c_Iteration2_Loop_3-pieceTemplate.smt2 : 1800076 ms.
--------------------------------------------------
timeout
QF_NRA/LassoRanker/CooperatingT2/byron-2.t2.c_Iteration2_Loop_4-pieceTemplate.smt2 : 1800095 ms.
--------------------------------------------------
sat
QF_NRA/LassoRanker/CooperatingT2/byron-2.t2.c_Iteration3_Loop_4-pieceTemplate.smt2 : 1992 ms.
--------------------------------------------------
timeout
QF_NRA/LassoRanker/CooperatingT2/byron-3.t2.c_Iteration1_Loop_4-pieceTemplate.smt2 : 1800107 ms.
--------------------------------------------------
timeout
QF_NRA/LassoRanker/CooperatingT2/collatz.t2.c_Iteration1_Loop_3-pieceTemplate.smt2 : 1800111 ms.
--------------------------------------------------
timeout
QF_NRA/LassoRanker/CooperatingT2/collatz.t2.c_Iteration1_Loop_4-pieceTemplate.smt2 : 1800048 ms.
--------------------------------------------------
timeout
QF_NRA/LassoRanker/CooperatingT2/collatz.t2.c_Iteration3_Lasso_3-pieceTemplate.smt2 : 1800030 ms.
--------------------------------------------------
timeout
QF_NRA/LassoRanker/CooperatingT2/collatz.t2.c_Iteration3_Lasso_4-pieceTemplate.smt2 : 1800032 ms.
--------------------------------------------------
timeout
QF_NRA/LassoRanker/CooperatingT2/collatz.t2.c_Iteration3_Lasso_6-phaseTemplate.smt2 : 1800016 ms.
--------------------------------------------------
timeout
QF_NRA/LassoRanker/CooperatingT2/collatz.t2.c_Iteration3_Lasso_7-phaseTemplate.smt2 : 1800017 ms.
--------------------------------------------------
timeout
QF_NRA/LassoRanker/CooperatingT2/collatz.t2.c_Iteration3_Loop_3-pieceTemplate.smt2 : 1800022 ms.
--------------------------------------------------
timeout
QF_NRA/LassoRanker/CooperatingT2/collatz.t2.c_Iteration3_Loop_4-pieceTemplate.smt2 : 1800018 ms.
--------------------------------------------------
timeout
QF_NRA/LassoRanker/CooperatingT2/collatz.t2.c_Iteration3_Loop_6-phaseTemplate.smt2 : 1800027 ms.
--------------------------------------------------
timeout
QF_NRA/LassoRanker/CooperatingT2/collatz.t2.c_Iteration3_Loop_7-phaseTemplate.smt2 : 1800020 ms.
--------------------------------------------------
timeout
QF_NRA/LassoRanker/CooperatingT2/consts1.t2.c_Iteration1_Lasso_4-pieceTemplate.smt2 : 1800023 ms.
--------------------------------------------------
timeout
QF_NRA/LassoRanker/CooperatingT2/curious4.t2.c_Iteration1_Lasso_3-pieceTemplate.smt2 : 1800042 ms.
--------------------------------------------------
timeout
QF_NRA/LassoRanker/CooperatingT2/curious4.t2.c_Iteration1_Lasso_4-pieceTemplate.smt2 : 1800038 ms.
--------------------------------------------------
timeout
QF_NRA/LassoRanker/CooperatingT2/db2.t2.c_Iteration3_Loop_4-pieceTemplate.smt2 : 1800027 ms.
--------------------------------------------------
timeout
QF_NRA/LassoRanker/CooperatingT2/db3.t2.c_Iteration2_Loop_4-pieceTemplate.smt2 : 1800016 ms.
--------------------------------------------------
timeout
QF_NRA/LassoRanker/CooperatingT2/disj_nightmare.t2.c_Iteration1_Lasso_2-pieceTemplate.smt2 : 1800077 ms.
--------------------------------------------------
timeout
QF_NRA/LassoRanker/CooperatingT2/disj_nightmare.t2.c_Iteration1_Lasso_3-pieceTemplate.smt2 : 1800119 ms.
--------------------------------------------------
timeout
QF_NRA/LassoRanker/CooperatingT2/disj_nightmare.t2.c_Iteration1_Lasso_4-pieceTemplate.smt2 : 1800290 ms.
--------------------------------------------------
timeout
QF_NRA/LassoRanker/CooperatingT2/disj_nightmare.t2.c_Iteration1_Loop_2-pieceTemplate.smt2 : 1800068 ms.
--------------------------------------------------
timeout
QF_NRA/LassoRanker/CooperatingT2/disj_nightmare.t2.c_Iteration1_Loop_3-pieceTemplate.smt2 : 1800107 ms.
--------------------------------------------------
timeout
QF_NRA/LassoRanker/CooperatingT2/disj_nightmare.t2.c_Iteration1_Loop_4-pieceTemplate.smt2 : 1800195 ms.
--------------------------------------------------
sat
QF_NRA/LassoRanker/CooperatingT2/dropbuf.t2.c_Iteration2_Loop_3-pieceTemplate.smt2 : 250 ms.
--------------------------------------------------
timeout
QF_NRA/LassoRanker/CooperatingT2/dropbuf.t2.c_Iteration2_Loop_4-pieceTemplate.smt2 : 1800075 ms.
--------------------------------------------------
timeout
QF_NRA/LassoRanker/CooperatingT2/dropbuf.t2.c_Iteration3_Loop_4-pieceTemplate.smt2 : 1800176 ms.
--------------------------------------------------
timeout
QF_NRA/LassoRanker/CooperatingT2/efegp.t2.c_Iteration1_Lasso_3-pieceTemplate.smt2 : 1800064 ms.
--------------------------------------------------
unsat
QF_NRA/LassoRanker/CooperatingT2/efegp.t2.c_Iteration1_Lasso_4-lexTemplate.smt2 : 839920 ms.
--------------------------------------------------
timeout
QF_NRA/LassoRanker/CooperatingT2/efegp.t2.c_Iteration1_Lasso_4-pieceTemplate.smt2 : 1800076 ms.
--------------------------------------------------
sat
QF_NRA/LassoRanker/CooperatingT2/elmhes.c.i.elmhes.pl.t2.fixed.t2.c_Iteration2_Loop_4-pieceTemplate.smt2 : 963 ms.
--------------------------------------------------
sat
QF_NRA/LassoRanker/CooperatingT2/elmhes.c.i.elmhes.pl.t2.fixed.t2.c_Iteration6_Loop_4-pieceTemplate.smt2 : 14700 ms.
--------------------------------------------------
timeout
QF_NRA/LassoRanker/CooperatingT2/elmhes.t2.c_Iteration2_Loop_4-pieceTemplate.smt2 : 1800048 ms.
--------------------------------------------------
sat
QF_NRA/LassoRanker/CooperatingT2/elmhes.t2.c_Iteration6_Loop_4-pieceTemplate.smt2 : 13958 ms.
--------------------------------------------------
sat
QF_NRA/LassoRanker/CooperatingT2/eric2.t2.c_Iteration11_Loop_4-pieceTemplate.smt2 : 242 ms.
--------------------------------------------------
timeout
QF_NRA/LassoRanker/CooperatingT2/eric2.t2.c_Iteration1_Loop_4-pieceTemplate.smt2 : 1800028 ms.
--------------------------------------------------
timeout
QF_NRA/LassoRanker/CooperatingT2/eric2.t2.c_Iteration2_Loop_3-pieceTemplate.smt2 : 1800025 ms.
--------------------------------------------------
timeout
QF_NRA/LassoRanker/CooperatingT2/eric2.t2.c_Iteration2_Loop_4-pieceTemplate.smt2 : 1800038 ms.
--------------------------------------------------
timeout
QF_NRA/LassoRanker/CooperatingT2/eric2.t2.c_Iteration3_Loop_4-pieceTemplate.smt2 : 1800046 ms.
--------------------------------------------------
sat
QF_NRA/LassoRanker/CooperatingT2/eric2.t2.c_Iteration3_Loop_7-phaseTemplate.smt2 : 2812 ms.
--------------------------------------------------
unsat
QF_NRA/LassoRanker/CooperatingT2/eric2.t2.c_Iteration4_Loop_3-pieceTemplate.smt2 : 14462 ms.
--------------------------------------------------
timeout
QF_NRA/LassoRanker/CooperatingT2/eric2.t2.c_Iteration4_Loop_4-pieceTemplate.smt2 : 1800036 ms.
--------------------------------------------------
timeout
QF_NRA/LassoRanker/CooperatingT2/eric2.t2.c_Iteration5_Loop_4-pieceTemplate.smt2 : 1800041 ms.
--------------------------------------------------
timeout
QF_NRA/LassoRanker/CooperatingT2/eric2.t2.c_Iteration6_Loop_4-pieceTemplate.smt2 : 1800051 ms.
--------------------------------------------------
timeout
QF_NRA/LassoRanker/CooperatingT2/eric2.t2.c_Iteration7_Loop_3-pieceTemplate.smt2 : 1800044 ms.
--------------------------------------------------
timeout
QF_NRA/LassoRanker/CooperatingT2/eric2.t2.c_Iteration7_Loop_4-pieceTemplate.smt2 : 1800065 ms.
--------------------------------------------------
timeout
QF_NRA/LassoRanker/CooperatingT2/eric2.t2.c_Iteration8_Loop_3-pieceTemplate.smt2 : 1800032 ms.
--------------------------------------------------
timeout
QF_NRA/LassoRanker/CooperatingT2/eric2.t2.c_Iteration8_Loop_4-pieceTemplate.smt2 : 1800046 ms.
--------------------------------------------------
timeout
QF_NRA/LassoRanker/CooperatingT2/eric2.t2.c_Iteration9_Loop_3-pieceTemplate.smt2 : 1800034 ms.
--------------------------------------------------
timeout
QF_NRA/LassoRanker/CooperatingT2/eric2.t2.c_Iteration9_Loop_4-pieceTemplate.smt2 : 1800050 ms.
--------------------------------------------------
timeout
QF_NRA/LassoRanker/CooperatingT2/eric.t2.c_Iteration1_Lasso_2-pieceTemplate.smt2 : 1800056 ms.
--------------------------------------------------
timeout
QF_NRA/LassoRanker/CooperatingT2/eric.t2.c_Iteration1_Lasso_3-pieceTemplate.smt2 : 1800076 ms.
--------------------------------------------------
timeout
QF_NRA/LassoRanker/CooperatingT2/eric.t2.c_Iteration1_Lasso_4-pieceTemplate.smt2 : 1800125 ms.
--------------------------------------------------
unsat
QF_NRA/LassoRanker/CooperatingT2/eric.t2.c_Iteration1_Lasso_5-phaseTemplate.smt2 : 227747 ms.
--------------------------------------------------
unsat
QF_NRA/LassoRanker/CooperatingT2/eric.t2.c_Iteration1_Lasso_6-phaseTemplate.smt2 : 7801 ms.
--------------------------------------------------
unsat
QF_NRA/LassoRanker/CooperatingT2/eric.t2.c_Iteration1_Lasso_7-phaseTemplate.smt2 : 2396 ms.
--------------------------------------------------
timeout
QF_NRA/LassoRanker/CooperatingT2/eric.t2.c_Iteration1_Loop_2-pieceTemplate.smt2 : 1800037 ms.
--------------------------------------------------
timeout
QF_NRA/LassoRanker/CooperatingT2/eric.t2.c_Iteration1_Loop_3-pieceTemplate.smt2 : 1800044 ms.
--------------------------------------------------
timeout
QF_NRA/LassoRanker/CooperatingT2/eric.t2.c_Iteration1_Loop_4-pieceTemplate.smt2 : 1800060 ms.
--------------------------------------------------
unsat
QF_NRA/LassoRanker/CooperatingT2/eric.t2.c_Iteration1_Loop_5-phaseTemplate.smt2 : 77684 ms.
--------------------------------------------------
unsat
QF_NRA/LassoRanker/CooperatingT2/eric.t2.c_Iteration1_Loop_6-phaseTemplate.smt2 : 70953 ms.
--------------------------------------------------
unsat
QF_NRA/LassoRanker/CooperatingT2/eric.t2.c_Iteration1_Loop_7-phaseTemplate.smt2 : 1009218 ms.
--------------------------------------------------
timeout
QF_NRA/LassoRanker/CooperatingT2/ex11.t2.c_Iteration1_Lasso_2-pieceTemplate.smt2 : 1800070 ms.
--------------------------------------------------
timeout
QF_NRA/LassoRanker/CooperatingT2/ex11.t2.c_Iteration1_Lasso_3-pieceTemplate.smt2 : 1800097 ms.
--------------------------------------------------
unsat
QF_NRA/LassoRanker/CooperatingT2/ex11.t2.c_Iteration1_Lasso_4-lexTemplate.smt2 : 1550 ms.
--------------------------------------------------
unsat
QF_NRA/LassoRanker/CooperatingT2/ex11.t2.c_Iteration1_Lasso_4-phaseTemplate.smt2 : 4499 ms.
--------------------------------------------------
timeout
QF_NRA/LassoRanker/CooperatingT2/ex11.t2.c_Iteration1_Lasso_4-pieceTemplate.smt2 : 1800161 ms.
--------------------------------------------------
timeout
QF_NRA/LassoRanker/CooperatingT2/ex11.t2.c_Iteration1_Lasso_5-phaseTemplate.smt2 : 1800077 ms.
--------------------------------------------------
timeout
QF_NRA/LassoRanker/CooperatingT2/ex11.t2.c_Iteration1_Lasso_6-phaseTemplate.smt2 : 1800070 ms.
--------------------------------------------------
timeout
QF_NRA/LassoRanker/CooperatingT2/ex11.t2.c_Iteration1_Lasso_7-phaseTemplate.smt2 : 1800072 ms.
--------------------------------------------------
sat
QF_NRA/LassoRanker/CooperatingT2/ex12.t2.c_Iteration1_Loop_4-pieceTemplate.smt2 : 4002 ms.
--------------------------------------------------
timeout
QF_NRA/LassoRanker/CooperatingT2/ex14.t2.c_Iteration1_Loop_4-pieceTemplate.smt2 : 1800041 ms.
--------------------------------------------------
sat
QF_NRA/LassoRanker/CooperatingT2/ex18.t2.c_Iteration2_Loop_4-pieceTemplate.smt2 : 1137554 ms.
--------------------------------------------------
sat
QF_NRA/LassoRanker/CooperatingT2/ex21.t2.c_Iteration1_Loop_3-pieceTemplate.smt2 : 368385 ms.
--------------------------------------------------
timeout
QF_NRA/LassoRanker/CooperatingT2/ex21.t2.c_Iteration1_Loop_4-pieceTemplate.smt2 : 1800031 ms.
--------------------------------------------------
sat
QF_NRA/LassoRanker/CooperatingT2/ex21.t2.c_Iteration2_Loop_4-pieceTemplate.smt2 : 495 ms.
--------------------------------------------------
timeout
QF_NRA/LassoRanker/CooperatingT2/ex4.t2.c_Iteration1_Loop_4-pieceTemplate.smt2 : 1800056 ms.
--------------------------------------------------
sat
QF_NRA/LassoRanker/CooperatingT2/ex4.t2.c_Iteration2_Loop_3-pieceTemplate.smt2 : 592 ms.
--------------------------------------------------
timeout
QF_NRA/LassoRanker/CooperatingT2/ex4.t2.c_Iteration2_Loop_4-pieceTemplate.smt2 : 1800145 ms.
--------------------------------------------------
sat
QF_NRA/LassoRanker/CooperatingT2/example.t2.c_Iteration1_Loop_4-pieceTemplate.smt2 : 1911 ms.
--------------------------------------------------
sat
QF_NRA/LassoRanker/CooperatingT2/fibcall.t2.c_Iteration1_Loop_4-pieceTemplate.smt2 : 259816 ms.
--------------------------------------------------
timeout
QF_NRA/LassoRanker/CooperatingT2/firewire.t2.c_Iteration1_Lasso_3-pieceTemplate.smt2 : 1800270 ms.
--------------------------------------------------
sat
QF_NRA/LassoRanker/CooperatingT2/firewire.t2.c_Iteration1_Lasso_4-lexTemplate.smt2 : 4145 ms.
--------------------------------------------------
timeout
QF_NRA/LassoRanker/CooperatingT2/firewire.t2.c_Iteration1_Lasso_4-pieceTemplate.smt2 : 1800501 ms.
--------------------------------------------------
sat
QF_NRA/LassoRanker/CooperatingT2/firewire.t2.c_Iteration1_Lasso_5-phaseTemplate.smt2 : 3356 ms.
--------------------------------------------------
sat
QF_NRA/LassoRanker/CooperatingT2/firewire.t2.c_Iteration1_Lasso_6-nestedTemplate.smt2 : 3450 ms.
--------------------------------------------------
sat
QF_NRA/LassoRanker/CooperatingT2/firewire.t2.c_Iteration1_Lasso_6-phaseTemplate.smt2 : 4544 ms.
--------------------------------------------------
sat
QF_NRA/LassoRanker/CooperatingT2/firewire.t2.c_Iteration1_Lasso_7-nestedTemplate.smt2 : 4111 ms.
--------------------------------------------------
sat
QF_NRA/LassoRanker/CooperatingT2/firewire.t2.c_Iteration1_Lasso_7-phaseTemplate.smt2 : 11223 ms.
--------------------------------------------------
timeout
QF_NRA/LassoRanker/CooperatingT2/firewire.t2.c_Iteration3_Loop_3-pieceTemplate.smt2 : 1800093 ms.
--------------------------------------------------
timeout
QF_NRA/LassoRanker/CooperatingT2/firewire.t2.c_Iteration3_Loop_4-pieceTemplate.smt2 : 1800134 ms.
--------------------------------------------------
timeout
QF_NRA/LassoRanker/CooperatingT2/flipflop.t2.c_Iteration1_Lasso_2-pieceTemplate.smt2 : 1800021 ms.
--------------------------------------------------
timeout
QF_NRA/LassoRanker/CooperatingT2/flipflop.t2.c_Iteration1_Lasso_3-pieceTemplate.smt2 : 1800024 ms.
--------------------------------------------------
timeout
QF_NRA/LassoRanker/CooperatingT2/flipflop.t2.c_Iteration1_Lasso_4-pieceTemplate.smt2 : 1800025 ms.
--------------------------------------------------
timeout
QF_NRA/LassoRanker/CooperatingT2/flipflop.t2.c_Iteration1_Loop_2-pieceTemplate.smt2 : 1800013 ms.
--------------------------------------------------
timeout
QF_NRA/LassoRanker/CooperatingT2/flipflop.t2.c_Iteration1_Loop_3-pieceTemplate.smt2 : 1800012 ms.
--------------------------------------------------
timeout
QF_NRA/LassoRanker/CooperatingT2/flipflop.t2.c_Iteration1_Loop_4-pieceTemplate.smt2 : 1800033 ms.
--------------------------------------------------
sat
QF_NRA/LassoRanker/CooperatingT2/fuhs-inflasso.t2.c_Iteration2_Loop_4-pieceTemplate.smt2 : 546 ms.
--------------------------------------------------
timeout
QF_NRA/LassoRanker/CooperatingT2/fun4.t2.c_Iteration1_Lasso_2-pieceTemplate.smt2 : 1800020 ms.
--------------------------------------------------
timeout
QF_NRA/LassoRanker/CooperatingT2/fun4.t2.c_Iteration1_Lasso_3-pieceTemplate.smt2 : 1800030 ms.
--------------------------------------------------
timeout
QF_NRA/LassoRanker/CooperatingT2/fun4.t2.c_Iteration1_Lasso_4-pieceTemplate.smt2 : 1800046 ms.
--------------------------------------------------
unsat
QF_NRA/LassoRanker/CooperatingT2/fun4.t2.c_Iteration1_Lasso_6-phaseTemplate.smt2 : 339 ms.
--------------------------------------------------
unsat
QF_NRA/LassoRanker/CooperatingT2/fun4.t2.c_Iteration1_Lasso_7-phaseTemplate.smt2 : 424 ms.
--------------------------------------------------
timeout
QF_NRA/LassoRanker/CooperatingT2/fun4.t2.c_Iteration1_Loop_3-pieceTemplate.smt2 : 1800039 ms.
--------------------------------------------------
timeout
QF_NRA/LassoRanker/CooperatingT2/fun4.t2.c_Iteration1_Loop_4-pieceTemplate.smt2 : 1800040 ms.
--------------------------------------------------
sat
QF_NRA/LassoRanker/CooperatingT2/fun8.t2.c_Iteration2_Loop_3-pieceTemplate.smt2 : 1637 ms.
--------------------------------------------------
timeout
QF_NRA/LassoRanker/CooperatingT2/fun8.t2.c_Iteration2_Loop_4-pieceTemplate.smt2 : 1800053 ms.
--------------------------------------------------
timeout
QF_NRA/LassoRanker/CooperatingT2/fun9.t2.c_Iteration1_Loop_4-pieceTemplate.smt2 : 1800054 ms.
--------------------------------------------------
sat
QF_NRA/LassoRanker/CooperatingT2/fun9.t2.c_Iteration2_Loop_4-pieceTemplate.smt2 : 485727 ms.
--------------------------------------------------
sat
QF_NRA/LassoRanker/CooperatingT2/fun9.t2.c_Iteration3_Loop_4-pieceTemplate.smt2 : 433852 ms.
--------------------------------------------------
sat
QF_NRA/LassoRanker/CooperatingT2/fun9.t2.c_Iteration4_Loop_3-pieceTemplate.smt2 : 828388 ms.
--------------------------------------------------
timeout
QF_NRA/LassoRanker/CooperatingT2/fun9.t2.c_Iteration4_Loop_4-pieceTemplate.smt2 : 1800046 ms.
--------------------------------------------------
sat
QF_NRA/LassoRanker/CooperatingT2/graycode.t2.c_Iteration15_Loop_3-pieceTemplate.smt2 : 535 ms.
--------------------------------------------------
sat
QF_NRA/LassoRanker/CooperatingT2/graycode.t2.c_Iteration15_Loop_4-pieceTemplate.smt2 : 7077 ms.
--------------------------------------------------
sat
QF_NRA/LassoRanker/CooperatingT2/graycode.t2.c_Iteration22_Loop_4-pieceTemplate.smt2 : 2313 ms.
--------------------------------------------------
sat
QF_NRA/LassoRanker/CooperatingT2/graycode.t2.c_Iteration3_Loop_4-pieceTemplate.smt2 : 8542 ms.
--------------------------------------------------
timeout
QF_NRA/LassoRanker/CooperatingT2/heidy7-simple.t2.c_Iteration2_Lasso_3-pieceTemplate.smt2 : 1800014 ms.
--------------------------------------------------
timeout
QF_NRA/LassoRanker/CooperatingT2/heidy7-simple.t2.c_Iteration2_Lasso_4-pieceTemplate.smt2 : 1800012 ms.
--------------------------------------------------
sat
QF_NRA/LassoRanker/CooperatingT2/heidy7.t2.c_Iteration1_Loop_3-pieceTemplate.smt2 : 732 ms.
--------------------------------------------------
sat
QF_NRA/LassoRanker/CooperatingT2/heidy7.t2.c_Iteration1_Loop_4-pieceTemplate.smt2 : 969 ms.
--------------------------------------------------
unsat
QF_NRA/LassoRanker/CooperatingT2/heidy7.t2.c_Iteration2_Lasso_2-pieceTemplate.smt2 : 1357 ms.
--------------------------------------------------
timeout
QF_NRA/LassoRanker/CooperatingT2/heidy7.t2.c_Iteration2_Lasso_3-pieceTemplate.smt2 : 1800024 ms.
--------------------------------------------------
timeout
QF_NRA/LassoRanker/CooperatingT2/heidy7.t2.c_Iteration2_Lasso_4-pieceTemplate.smt2 : 1800048 ms.
--------------------------------------------------
sat
QF_NRA/LassoRanker/CooperatingT2/heidy8.t2.c_Iteration1_Loop_3-pieceTemplate.smt2 : 553 ms.
--------------------------------------------------
sat
QF_NRA/LassoRanker/CooperatingT2/heidy8.t2.c_Iteration1_Loop_4-pieceTemplate.smt2 : 987 ms.
--------------------------------------------------
timeout
QF_NRA/LassoRanker/CooperatingT2/hongyi1.t2.c_Iteration1_Loop_3-pieceTemplate.smt2 : 1800413 ms.
--------------------------------------------------
timeout
QF_NRA/LassoRanker/CooperatingT2/hongyi1.t2.c_Iteration1_Loop_4-pieceTemplate.smt2 : 1800761 ms.
--------------------------------------------------
timeout
QF_NRA/LassoRanker/CooperatingT2/iecs.t2.c_Iteration1_Loop_4-pieceTemplate.smt2 : 1800030 ms.
--------------------------------------------------
timeout
QF_NRA/LassoRanker/CooperatingT2/insertsort.t2.c_Iteration1_Loop_4-pieceTemplate.smt2 : 1800017 ms.
--------------------------------------------------
sat
QF_NRA/LassoRanker/CooperatingT2/jacobi.c.i.jacobi.pl.t2.fixed.t2.c_Iteration4_Loop_4-pieceTemplate.smt2 : 12407 ms.
--------------------------------------------------
sat
QF_NRA/LassoRanker/CooperatingT2/jacobi.c.i.jacobi.pl.t2.fixed.t2.c_Iteration5_Loop_4-pieceTemplate.smt2 : 1659034 ms.
--------------------------------------------------
sat
QF_NRA/LassoRanker/CooperatingT2/jacobi.c.i.jacobi.pl.t2.nor.t2.rlgfixed.t2.c_Iteration5_Loop_4-pieceTemplate.smt2 : 1675873 ms.
--------------------------------------------------
sat
QF_NRA/LassoRanker/CooperatingT2/jacobi.t2.c_Iteration4_Loop_4-pieceTemplate.smt2 : 15083 ms.
--------------------------------------------------
sat
QF_NRA/LassoRanker/CooperatingT2/jacobi.t2.c_Iteration5_Loop_4-pieceTemplate.smt2 : 12480 ms.
--------------------------------------------------
sat
QF_NRA/LassoRanker/CooperatingT2/loop3.t2.c_Iteration29_Lasso_4-pieceTemplate.smt2 : 1164148 ms.
--------------------------------------------------
sat
QF_NRA/LassoRanker/CooperatingT2/loop3.t2.c_Iteration32_Lasso_4-pieceTemplate.smt2 : 1438126 ms.
--------------------------------------------------
sat
QF_NRA/LassoRanker/CooperatingT2/loop3.t2.c_Iteration4_Loop_4-pieceTemplate.smt2 : 213 ms.
--------------------------------------------------
sat
QF_NRA/LassoRanker/CooperatingT2/loop_on_input.t2.c_Iteration1_Loop_4-pieceTemplate.smt2 : 1953 ms.
--------------------------------------------------
sat
QF_NRA/LassoRanker/CooperatingT2/magic.t2.c_Iteration2_Loop_4-pieceTemplate.smt2 : 3170 ms.
--------------------------------------------------
sat
QF_NRA/LassoRanker/CooperatingT2/magic.t2.c_Iteration4_Loop_4-pieceTemplate.smt2 : 5148 ms.
--------------------------------------------------
sat
QF_NRA/LassoRanker/CooperatingT2/matrixsqrt.t2.c_Iteration12_Loop_3-pieceTemplate.smt2 : 461 ms.
--------------------------------------------------
timeout
QF_NRA/LassoRanker/CooperatingT2/matrixsqrt.t2.c_Iteration12_Loop_4-pieceTemplate.smt2 : 1800064 ms.
--------------------------------------------------
sat
QF_NRA/LassoRanker/CooperatingT2/matrixsqrt.t2.c_Iteration2_Loop_4-pieceTemplate.smt2 : 795709 ms.
--------------------------------------------------
sat
QF_NRA/LassoRanker/CooperatingT2/matrixsqrt.t2.c_Iteration4_Loop_4-pieceTemplate.smt2 : 12409 ms.
--------------------------------------------------
sat
QF_NRA/LassoRanker/CooperatingT2/matrixsqrt.t2.c_Iteration6_Loop_4-pieceTemplate.smt2 : 12401 ms.
--------------------------------------------------
sat
QF_NRA/LassoRanker/CooperatingT2/mc91test.t2.c_Iteration2_Loop_4-pieceTemplate.smt2 : 596 ms.
--------------------------------------------------
sat
QF_NRA/LassoRanker/CooperatingT2/mc91test.t2.c_Iteration3_Loop_4-pieceTemplate.smt2 : 743720 ms.
--------------------------------------------------
sat
QF_NRA/LassoRanker/CooperatingT2/mc91test.t2.c_Iteration5_Loop_3-pieceTemplate.smt2 : 703 ms.
--------------------------------------------------
sat
QF_NRA/LassoRanker/CooperatingT2/mc91test.t2.c_Iteration5_Loop_4-pieceTemplate.smt2 : 13665 ms.
--------------------------------------------------
sat
QF_NRA/LassoRanker/CooperatingT2/mc91test.t2.c_Iteration6_Loop_7-phaseTemplate.smt2 : 180 ms.
--------------------------------------------------
sat
QF_NRA/LassoRanker/CooperatingT2/n-15a.t2.c_Iteration1_Loop_4-pieceTemplate.smt2 : 1502 ms.
--------------------------------------------------
timeout
QF_NRA/LassoRanker/CooperatingT2/ndes.t2.c_Iteration2_Loop_4-pieceTemplate.smt2 : 1800202 ms.
--------------------------------------------------
sat
QF_NRA/LassoRanker/CooperatingT2/ndes.t2.c_Iteration3_Loop_2-pieceTemplate.smt2 : 922 ms.
--------------------------------------------------
timeout
QF_NRA/LassoRanker/CooperatingT2/ndes.t2.c_Iteration3_Loop_4-pieceTemplate.smt2 : 1800214 ms.
--------------------------------------------------
sat
QF_NRA/LassoRanker/CooperatingT2/neg-1394complete-fail.t2.c_Iteration5_Loop_4-pieceTemplate.smt2 : 386367 ms.
--------------------------------------------------
timeout
QF_NRA/LassoRanker/CooperatingT2/neg-smagilla-fail.t2.c_Iteration1_Loop_4-pieceTemplate.smt2 : 1800057 ms.
--------------------------------------------------
sat
QF_NRA/LassoRanker/CooperatingT2/nested.t2.c_Iteration2_Loop_4-pieceTemplate.smt2 : 684915 ms.
--------------------------------------------------
sat
QF_NRA/LassoRanker/CooperatingT2/nested.t2.c_Iteration3_Loop_3-pieceTemplate.smt2 : 221057 ms.
--------------------------------------------------
sat
QF_NRA/LassoRanker/CooperatingT2/nested.t2.c_Iteration4_Loop_3-pieceTemplate.smt2 : 296433 ms.
--------------------------------------------------
sat
QF_NRA/LassoRanker/CooperatingT2/nested.t2.c_Iteration4_Loop_4-pieceTemplate.smt2 : 1955 ms.
--------------------------------------------------
sat
QF_NRA/LassoRanker/CooperatingT2/n_firewire_instrumented-PP.t2.c_Iteration11_Loop_3-pieceTemplate.smt2 : 12235 ms.
--------------------------------------------------
timeout
QF_NRA/LassoRanker/CooperatingT2/n_firewire_instrumented-PP.t2.c_Iteration11_Loop_4-pieceTemplate.smt2 : 1800089 ms.
--------------------------------------------------
sat
QF_NRA/LassoRanker/CooperatingT2/n_firewire_instrumented-PP.t2.c_Iteration12_Loop_4-pieceTemplate.smt2 : 714284 ms.
