--------------------------------------------------
unsat
QF_NRA/hycomp_14/etcs_braking_2.01.qfree_global_2.smt2 : 34 ms.
--------------------------------------------------
unsat
QF_NRA/hycomp_14/etcs_braking_2.01.qfree_global_3.smt2 : 42 ms.
--------------------------------------------------
unsat
QF_NRA/hycomp_14/etcs_braking_2.01.qfree_global_4.smt2 : 71 ms.
--------------------------------------------------
unsat
QF_NRA/hycomp_14/etcs_braking_2.01.qfree_global_5.smt2 : 111 ms.
--------------------------------------------------
unsat
QF_NRA/hycomp_14/etcs_braking_2.01.qfree_global_6.smt2 : 209 ms.
--------------------------------------------------
unsat
QF_NRA/hycomp_14/etcs_braking_2.01.qfree_global_7.smt2 : 15086 ms.
--------------------------------------------------
unsat
QF_NRA/hycomp_14/etcs_braking_2.01.qfree_global_8.smt2 : 6102 ms.
--------------------------------------------------
unsat
QF_NRA/hycomp_14/etcs_braking_2.01.qfree_global_9.smt2 : 1920 ms.
--------------------------------------------------
unsat
QF_NRA/hycomp_14/etcs_braking_2.01.redlog_global_0.smt2 : 24 ms.
--------------------------------------------------
unsat
QF_NRA/hycomp_14/etcs_braking_2.01.redlog_global_10.smt2 : 15194 ms.
--------------------------------------------------
unsat
QF_NRA/hycomp_14/etcs_braking_2.01.redlog_global_11.smt2 : 15239 ms.
--------------------------------------------------
unsat
QF_NRA/hycomp_14/etcs_braking_2.01.redlog_global_12.smt2 : 15186 ms.
--------------------------------------------------
timeout
QF_NRA/hycomp_14/etcs_braking_2.01.redlog_global_13.smt2 : 1800014 ms.
--------------------------------------------------
unsat
QF_NRA/hycomp_14/etcs_braking_2.01.redlog_global_14.smt2 : 15275 ms.
--------------------------------------------------
unsat
QF_NRA/hycomp_14/etcs_braking_2.01.redlog_global_15.smt2 : 15328 ms.
--------------------------------------------------
unsat
QF_NRA/hycomp_14/etcs_braking_2.01.redlog_global_1.smt2 : 34 ms.
--------------------------------------------------
unsat
QF_NRA/hycomp_14/etcs_braking_2.01.redlog_global_2.smt2 : 50 ms.
--------------------------------------------------
unsat
QF_NRA/hycomp_14/etcs_braking_2.01.redlog_global_3.smt2 : 407 ms.
--------------------------------------------------
unsat
QF_NRA/hycomp_14/etcs_braking_2.01.redlog_global_4.smt2 : 7590 ms.
--------------------------------------------------
timeout
QF_NRA/hycomp_14/etcs_braking_2.01.redlog_global_5.smt2 : 1800012 ms.
--------------------------------------------------
unsat
QF_NRA/hycomp_14/etcs_braking_2.01.redlog_global_6.smt2 : 15162 ms.
--------------------------------------------------
unsat
QF_NRA/hycomp_14/etcs_braking_2.01.redlog_global_7.smt2 : 15147 ms.
--------------------------------------------------
unsat
QF_NRA/hycomp_14/etcs_braking_2.01.redlog_global_8.smt2 : 15136 ms.
--------------------------------------------------
timeout
QF_NRA/hycomp_14/etcs_braking_2.01.redlog_global_9.smt2 : 1800023 ms.
--------------------------------------------------
unsat
QF_NRA/hycomp_14/etcs_braking_2.01.seq_lazy_global_0.smt2 : 23 ms.
--------------------------------------------------
unsat
QF_NRA/hycomp_14/etcs_braking_2.01.seq_lazy_global_10.smt2 : 15090 ms.
--------------------------------------------------
unsat
QF_NRA/hycomp_14/etcs_braking_2.01.seq_lazy_global_11.smt2 : 15131 ms.
--------------------------------------------------
unsat
QF_NRA/hycomp_14/etcs_braking_2.01.seq_lazy_global_12.smt2 : 15107 ms.
--------------------------------------------------
timeout
QF_NRA/hycomp_14/etcs_braking_2.01.seq_lazy_global_13.smt2 : 1800025 ms.
--------------------------------------------------
unsat
QF_NRA/hycomp_14/etcs_braking_2.01.seq_lazy_global_14.smt2 : 15161 ms.
--------------------------------------------------
unsat
QF_NRA/hycomp_14/etcs_braking_2.01.seq_lazy_global_15.smt2 : 15176 ms.
--------------------------------------------------
unsat
QF_NRA/hycomp_14/etcs_braking_2.01.seq_lazy_global_1.smt2 : 29 ms.
--------------------------------------------------
unsat
QF_NRA/hycomp_14/etcs_braking_2.01.seq_lazy_global_2.smt2 : 33 ms.
--------------------------------------------------
unsat
QF_NRA/hycomp_14/etcs_braking_2.01.seq_lazy_global_3.smt2 : 37 ms.
--------------------------------------------------
unsat
QF_NRA/hycomp_14/etcs_braking_2.01.seq_lazy_global_4.smt2 : 56 ms.
--------------------------------------------------
unsat
QF_NRA/hycomp_14/etcs_braking_2.01.seq_lazy_global_5.smt2 : 64 ms.
--------------------------------------------------
unsat
QF_NRA/hycomp_14/etcs_braking_2.01.seq_lazy_global_6.smt2 : 92 ms.
--------------------------------------------------
unsat
QF_NRA/hycomp_14/etcs_braking_2.01.seq_lazy_global_7.smt2 : 127 ms.
--------------------------------------------------
unsat
QF_NRA/hycomp_14/etcs_braking_2.01.seq_lazy_global_8.smt2 : 148 ms.
--------------------------------------------------
unsat
QF_NRA/hycomp_14/etcs_braking_2.01.seq_lazy_global_9.smt2 : 3936 ms.
--------------------------------------------------
unsat
QF_NRA/hycomp_14/etcs_braking_2.01.seq_lazy_lemmas_global_0.smt2 : 27 ms.
--------------------------------------------------
unsat
QF_NRA/hycomp_14/etcs_braking_2.01.seq_lazy_lemmas_global_10.smt2 : 15167 ms.
--------------------------------------------------
unsat
QF_NRA/hycomp_14/etcs_braking_2.01.seq_lazy_lemmas_global_11.smt2 : 15210 ms.
--------------------------------------------------
unsat
QF_NRA/hycomp_14/etcs_braking_2.01.seq_lazy_lemmas_global_12.smt2 : 15277 ms.
--------------------------------------------------
timeout
QF_NRA/hycomp_14/etcs_braking_2.01.seq_lazy_lemmas_global_13.smt2 : 1800053 ms.
--------------------------------------------------
unsat
QF_NRA/hycomp_14/etcs_braking_2.01.seq_lazy_lemmas_global_14.smt2 : 15308 ms.
--------------------------------------------------
unsat
QF_NRA/hycomp_14/etcs_braking_2.01.seq_lazy_lemmas_global_15.smt2 : 15330 ms.
--------------------------------------------------
unsat
QF_NRA/hycomp_14/etcs_braking_2.01.seq_lazy_lemmas_global_1.smt2 : 33 ms.
--------------------------------------------------
unsat
QF_NRA/hycomp_14/etcs_braking_2.01.seq_lazy_lemmas_global_2.smt2 : 43 ms.
--------------------------------------------------
unsat
QF_NRA/hycomp_14/etcs_braking_2.01.seq_lazy_lemmas_global_3.smt2 : 55 ms.
--------------------------------------------------
unsat
QF_NRA/hycomp_14/etcs_braking_2.01.seq_lazy_lemmas_global_4.smt2 : 145 ms.
--------------------------------------------------
unsat
QF_NRA/hycomp_14/etcs_braking_2.01.seq_lazy_lemmas_global_5.smt2 : 321 ms.
--------------------------------------------------
unsat
QF_NRA/hycomp_14/etcs_braking_2.01.seq_lazy_lemmas_global_6.smt2 : 1906 ms.
--------------------------------------------------
unsat
QF_NRA/hycomp_14/etcs_braking_2.01.seq_lazy_lemmas_global_7.smt2 : 15156 ms.
--------------------------------------------------
unsat
QF_NRA/hycomp_14/etcs_braking_2.01.seq_lazy_lemmas_global_8.smt2 : 15162 ms.
--------------------------------------------------
timeout
QF_NRA/hycomp_14/etcs_braking_2.01.seq_lazy_lemmas_global_9.smt2 : 1800016 ms.
--------------------------------------------------
unsat
QF_NRA/hycomp_14/etcs_braking_2.01.seq_lazy_linear_enc_global_0.smt2 : 25 ms.
--------------------------------------------------
unsat
QF_NRA/hycomp_14/etcs_braking_2.01.seq_lazy_linear_enc_global_10.smt2 : 6574 ms.
--------------------------------------------------
unsat
QF_NRA/hycomp_14/etcs_braking_2.01.seq_lazy_linear_enc_global_11.smt2 : 15167 ms.
--------------------------------------------------
unsat
QF_NRA/hycomp_14/etcs_braking_2.01.seq_lazy_linear_enc_global_12.smt2 : 15105 ms.
--------------------------------------------------
timeout
QF_NRA/hycomp_14/etcs_braking_2.01.seq_lazy_linear_enc_global_13.smt2 : 1800016 ms.
--------------------------------------------------
unsat
QF_NRA/hycomp_14/etcs_braking_2.01.seq_lazy_linear_enc_global_14.smt2 : 15129 ms.
--------------------------------------------------
unsat
QF_NRA/hycomp_14/etcs_braking_2.01.seq_lazy_linear_enc_global_15.smt2 : 15166 ms.
--------------------------------------------------
unsat
QF_NRA/hycomp_14/etcs_braking_2.01.seq_lazy_linear_enc_global_1.smt2 : 25 ms.
--------------------------------------------------
unsat
QF_NRA/hycomp_14/etcs_braking_2.01.seq_lazy_linear_enc_global_2.smt2 : 30 ms.
--------------------------------------------------
unsat
QF_NRA/hycomp_14/etcs_braking_2.01.seq_lazy_linear_enc_global_3.smt2 : 35 ms.
--------------------------------------------------
unsat
QF_NRA/hycomp_14/etcs_braking_2.01.seq_lazy_linear_enc_global_4.smt2 : 56 ms.
--------------------------------------------------
unsat
QF_NRA/hycomp_14/etcs_braking_2.01.seq_lazy_linear_enc_global_5.smt2 : 64 ms.
--------------------------------------------------
unsat
QF_NRA/hycomp_14/etcs_braking_2.01.seq_lazy_linear_enc_global_6.smt2 : 84 ms.
--------------------------------------------------
unsat
QF_NRA/hycomp_14/etcs_braking_2.01.seq_lazy_linear_enc_global_7.smt2 : 137 ms.
--------------------------------------------------
unsat
QF_NRA/hycomp_14/etcs_braking_2.01.seq_lazy_linear_enc_global_8.smt2 : 143 ms.
--------------------------------------------------
unsat
QF_NRA/hycomp_14/etcs_braking_2.01.seq_lazy_linear_enc_global_9.smt2 : 1627 ms.
--------------------------------------------------
unsat
QF_NRA/hycomp_14/etcs_braking_2.01.seq_lazy_linear_enc_lemmas_global_0.smt2 : 21 ms.
--------------------------------------------------
unsat
QF_NRA/hycomp_14/etcs_braking_2.01.seq_lazy_linear_enc_lemmas_global_10.smt2 : 15174 ms.
--------------------------------------------------
unsat
QF_NRA/hycomp_14/etcs_braking_2.01.seq_lazy_linear_enc_lemmas_global_11.smt2 : 15167 ms.
--------------------------------------------------
unsat
QF_NRA/hycomp_14/etcs_braking_2.01.seq_lazy_linear_enc_lemmas_global_12.smt2 : 15127 ms.
--------------------------------------------------
timeout
QF_NRA/hycomp_14/etcs_braking_2.01.seq_lazy_linear_enc_lemmas_global_13.smt2 : 1800071 ms.
--------------------------------------------------
unsat
QF_NRA/hycomp_14/etcs_braking_2.01.seq_lazy_linear_enc_lemmas_global_14.smt2 : 15142 ms.
--------------------------------------------------
unsat
QF_NRA/hycomp_14/etcs_braking_2.01.seq_lazy_linear_enc_lemmas_global_15.smt2 : 33298 ms.
--------------------------------------------------
unsat
QF_NRA/hycomp_14/etcs_braking_2.01.seq_lazy_linear_enc_lemmas_global_1.smt2 : 29 ms.
--------------------------------------------------
unsat
QF_NRA/hycomp_14/etcs_braking_2.01.seq_lazy_linear_enc_lemmas_global_2.smt2 : 38 ms.
--------------------------------------------------
unsat
QF_NRA/hycomp_14/etcs_braking_2.01.seq_lazy_linear_enc_lemmas_global_3.smt2 : 44 ms.
--------------------------------------------------
unsat
QF_NRA/hycomp_14/etcs_braking_2.01.seq_lazy_linear_enc_lemmas_global_4.smt2 : 71 ms.
--------------------------------------------------
unsat
QF_NRA/hycomp_14/etcs_braking_2.01.seq_lazy_linear_enc_lemmas_global_5.smt2 : 73 ms.
--------------------------------------------------
unsat
QF_NRA/hycomp_14/etcs_braking_2.01.seq_lazy_linear_enc_lemmas_global_6.smt2 : 245 ms.
--------------------------------------------------
unsat
QF_NRA/hycomp_14/etcs_braking_2.01.seq_lazy_linear_enc_lemmas_global_7.smt2 : 15107 ms.
--------------------------------------------------
unsat
QF_NRA/hycomp_14/etcs_braking_2.01.seq_lazy_linear_enc_lemmas_global_8.smt2 : 15104 ms.
--------------------------------------------------
unsat
QF_NRA/hycomp_14/etcs_braking_2.01.seq_lazy_linear_enc_lemmas_global_9.smt2 : 17141 ms.
--------------------------------------------------
unsat
QF_NRA/hycomp_14/simple_ballistics_reach.01.seq_lazy_global_0.smt2 : 21 ms.
--------------------------------------------------
unsat
QF_NRA/hycomp_14/simple_ballistics_reach.01.seq_lazy_global_10.smt2 : 47 ms.
--------------------------------------------------
timeout
QF_NRA/hycomp_14/simple_ballistics_reach.01.seq_lazy_global_11.smt2 : 1800784 ms.
--------------------------------------------------
unsat
QF_NRA/hycomp_14/simple_ballistics_reach.01.seq_lazy_global_12.smt2 : 59 ms.
--------------------------------------------------
timeout
QF_NRA/hycomp_14/simple_ballistics_reach.01.seq_lazy_global_13.smt2 : 1800098 ms.
--------------------------------------------------
unsat
QF_NRA/hycomp_14/simple_ballistics_reach.01.seq_lazy_global_14.smt2 : 64 ms.
--------------------------------------------------
timeout
QF_NRA/hycomp_14/simple_ballistics_reach.01.seq_lazy_global_15.smt2 : 1800035 ms.
--------------------------------------------------
unsat
QF_NRA/hycomp_14/simple_ballistics_reach.01.seq_lazy_global_1.smt2 : 289 ms.
--------------------------------------------------
unsat
QF_NRA/hycomp_14/simple_ballistics_reach.01.seq_lazy_global_2.smt2 : 27 ms.
--------------------------------------------------
timeout
QF_NRA/hycomp_14/simple_ballistics_reach.01.seq_lazy_global_3.smt2 : 1800016 ms.
--------------------------------------------------
unsat
QF_NRA/hycomp_14/simple_ballistics_reach.01.seq_lazy_global_4.smt2 : 38 ms.
--------------------------------------------------
timeout
QF_NRA/hycomp_14/simple_ballistics_reach.01.seq_lazy_global_5.smt2 : 1800065 ms.
--------------------------------------------------
unsat
QF_NRA/hycomp_14/simple_ballistics_reach.01.seq_lazy_global_6.smt2 : 41 ms.
--------------------------------------------------
timeout
QF_NRA/hycomp_14/simple_ballistics_reach.01.seq_lazy_global_7.smt2 : 1800101 ms.
--------------------------------------------------
unsat
QF_NRA/hycomp_14/simple_ballistics_reach.01.seq_lazy_global_8.smt2 : 45 ms.
--------------------------------------------------
timeout
QF_NRA/hycomp_14/simple_ballistics_reach.01.seq_lazy_global_9.smt2 : 1800049 ms.
--------------------------------------------------
unsat
QF_NRA/hycomp_14/simple_ballistics_reach.01.seq_lazy_lemmas_global_0.smt2 : 26 ms.
--------------------------------------------------
unsat
QF_NRA/hycomp_14/simple_ballistics_reach.01.seq_lazy_lemmas_global_10.smt2 : 63 ms.
--------------------------------------------------
timeout
QF_NRA/hycomp_14/simple_ballistics_reach.01.seq_lazy_lemmas_global_11.smt2 : 1800017 ms.
--------------------------------------------------
unsat
QF_NRA/hycomp_14/simple_ballistics_reach.01.seq_lazy_lemmas_global_12.smt2 : 73 ms.
--------------------------------------------------
timeout
QF_NRA/hycomp_14/simple_ballistics_reach.01.seq_lazy_lemmas_global_13.smt2 : 1800139 ms.
--------------------------------------------------
unsat
QF_NRA/hycomp_14/simple_ballistics_reach.01.seq_lazy_lemmas_global_14.smt2 : 88 ms.
--------------------------------------------------
timeout
QF_NRA/hycomp_14/simple_ballistics_reach.01.seq_lazy_lemmas_global_15.smt2 : 1800027 ms.
--------------------------------------------------
unsat
QF_NRA/hycomp_14/simple_ballistics_reach.01.seq_lazy_lemmas_global_1.smt2 : 22861 ms.
--------------------------------------------------
unsat
QF_NRA/hycomp_14/simple_ballistics_reach.01.seq_lazy_lemmas_global_2.smt2 : 31 ms.
--------------------------------------------------
timeout
QF_NRA/hycomp_14/simple_ballistics_reach.01.seq_lazy_lemmas_global_3.smt2 : 1800019 ms.
--------------------------------------------------
unsat
QF_NRA/hycomp_14/simple_ballistics_reach.01.seq_lazy_lemmas_global_4.smt2 : 41 ms.
--------------------------------------------------
timeout
QF_NRA/hycomp_14/simple_ballistics_reach.01.seq_lazy_lemmas_global_5.smt2 : 1800011 ms.
--------------------------------------------------
unsat
QF_NRA/hycomp_14/simple_ballistics_reach.01.seq_lazy_lemmas_global_6.smt2 : 51 ms.
--------------------------------------------------
timeout
QF_NRA/hycomp_14/simple_ballistics_reach.01.seq_lazy_lemmas_global_7.smt2 : 1800071 ms.
--------------------------------------------------
unsat
QF_NRA/hycomp_14/simple_ballistics_reach.01.seq_lazy_lemmas_global_8.smt2 : 58 ms.
--------------------------------------------------
timeout
QF_NRA/hycomp_14/simple_ballistics_reach.01.seq_lazy_lemmas_global_9.smt2 : 1800071 ms.
--------------------------------------------------
unsat
QF_NRA/hycomp_14/simple_ballistics_reach.01.seq_lazy_linear_enc_global_0.smt2 : 24 ms.
--------------------------------------------------
unsat
QF_NRA/hycomp_14/simple_ballistics_reach.01.seq_lazy_linear_enc_global_10.smt2 : 43 ms.
--------------------------------------------------
timeout
QF_NRA/hycomp_14/simple_ballistics_reach.01.seq_lazy_linear_enc_global_11.smt2 : 1800103 ms.
--------------------------------------------------
unsat
QF_NRA/hycomp_14/simple_ballistics_reach.01.seq_lazy_linear_enc_global_12.smt2 : 53 ms.
--------------------------------------------------
timeout
QF_NRA/hycomp_14/simple_ballistics_reach.01.seq_lazy_linear_enc_global_13.smt2 : 1800091 ms.
--------------------------------------------------
unsat
QF_NRA/hycomp_14/simple_ballistics_reach.01.seq_lazy_linear_enc_global_14.smt2 : 53 ms.
--------------------------------------------------
timeout
QF_NRA/hycomp_14/simple_ballistics_reach.01.seq_lazy_linear_enc_global_15.smt2 : 1800086 ms.
--------------------------------------------------
unsat
QF_NRA/hycomp_14/simple_ballistics_reach.01.seq_lazy_linear_enc_global_1.smt2 : 43 ms.
--------------------------------------------------
unsat
QF_NRA/hycomp_14/simple_ballistics_reach.01.seq_lazy_linear_enc_global_2.smt2 : 24 ms.
--------------------------------------------------
timeout
QF_NRA/hycomp_14/simple_ballistics_reach.01.seq_lazy_linear_enc_global_3.smt2 : 1800025 ms.
--------------------------------------------------
unsat
QF_NRA/hycomp_14/simple_ballistics_reach.01.seq_lazy_linear_enc_global_4.smt2 : 34 ms.
--------------------------------------------------
timeout
QF_NRA/hycomp_14/simple_ballistics_reach.01.seq_lazy_linear_enc_global_5.smt2 : 1800039 ms.
--------------------------------------------------
unsat
QF_NRA/hycomp_14/simple_ballistics_reach.01.seq_lazy_linear_enc_global_6.smt2 : 35 ms.
--------------------------------------------------
timeout
QF_NRA/hycomp_14/simple_ballistics_reach.01.seq_lazy_linear_enc_global_7.smt2 : 1800045 ms.
--------------------------------------------------
unsat
QF_NRA/hycomp_14/simple_ballistics_reach.01.seq_lazy_linear_enc_global_8.smt2 : 41 ms.
--------------------------------------------------
timeout
QF_NRA/hycomp_14/simple_ballistics_reach.01.seq_lazy_linear_enc_global_9.smt2 : 1800041 ms.
--------------------------------------------------
unsat
QF_NRA/hycomp_14/simple_ballistics_reach.01.seq_lazy_linear_enc_lemmas_global_0.smt2 : 23 ms.
--------------------------------------------------
unsat
QF_NRA/hycomp_14/simple_ballistics_reach.01.seq_lazy_linear_enc_lemmas_global_10.smt2 : 54 ms.
--------------------------------------------------
timeout
QF_NRA/hycomp_14/simple_ballistics_reach.01.seq_lazy_linear_enc_lemmas_global_11.smt2 : 1800019 ms.
--------------------------------------------------
unsat
QF_NRA/hycomp_14/simple_ballistics_reach.01.seq_lazy_linear_enc_lemmas_global_12.smt2 : 66 ms.
--------------------------------------------------
timeout
QF_NRA/hycomp_14/simple_ballistics_reach.01.seq_lazy_linear_enc_lemmas_global_13.smt2 : 1800016 ms.
--------------------------------------------------
unsat
QF_NRA/hycomp_14/simple_ballistics_reach.01.seq_lazy_linear_enc_lemmas_global_14.smt2 : 75 ms.
--------------------------------------------------
timeout
QF_NRA/hycomp_14/simple_ballistics_reach.01.seq_lazy_linear_enc_lemmas_global_15.smt2 : 1800012 ms.
--------------------------------------------------
unsat
QF_NRA/hycomp_14/simple_ballistics_reach.01.seq_lazy_linear_enc_lemmas_global_1.smt2 : 317 ms.
--------------------------------------------------
unsat
QF_NRA/hycomp_14/simple_ballistics_reach.01.seq_lazy_linear_enc_lemmas_global_2.smt2 : 26 ms.
--------------------------------------------------
timeout
QF_NRA/hycomp_14/simple_ballistics_reach.01.seq_lazy_linear_enc_lemmas_global_3.smt2 : 1800017 ms.
--------------------------------------------------
unsat
QF_NRA/hycomp_14/simple_ballistics_reach.01.seq_lazy_linear_enc_lemmas_global_4.smt2 : 35 ms.
--------------------------------------------------
timeout
QF_NRA/hycomp_14/simple_ballistics_reach.01.seq_lazy_linear_enc_lemmas_global_5.smt2 : 1800019 ms.
--------------------------------------------------
unsat
QF_NRA/hycomp_14/simple_ballistics_reach.01.seq_lazy_linear_enc_lemmas_global_6.smt2 : 45 ms.
--------------------------------------------------
timeout
QF_NRA/hycomp_14/simple_ballistics_reach.01.seq_lazy_linear_enc_lemmas_global_7.smt2 : 1800022 ms.
--------------------------------------------------
unsat
QF_NRA/hycomp_14/simple_ballistics_reach.01.seq_lazy_linear_enc_lemmas_global_8.smt2 : 52 ms.
--------------------------------------------------
timeout
QF_NRA/hycomp_14/simple_ballistics_reach.01.seq_lazy_linear_enc_lemmas_global_9.smt2 : 1800023 ms.
