--------------------------------------------------
unsat
QF_NRA/hycomp/ball_count_1d_plain.01.qfree_global_0.smt2 : 25 ms.
--------------------------------------------------
sat
QF_NRA/hycomp/ball_count_1d_plain.01.qfree_global_10.smt2 : 43 ms.
--------------------------------------------------
unsat
QF_NRA/hycomp/ball_count_1d_plain.01.qfree_global_11.smt2 : 29 ms.
--------------------------------------------------
sat
QF_NRA/hycomp/ball_count_1d_plain.01.qfree_global_12.smt2 : 54 ms.
--------------------------------------------------
unsat
QF_NRA/hycomp/ball_count_1d_plain.01.qfree_global_13.smt2 : 33 ms.
--------------------------------------------------
sat
QF_NRA/hycomp/ball_count_1d_plain.01.qfree_global_14.smt2 : 65 ms.
--------------------------------------------------
unsat
QF_NRA/hycomp/ball_count_1d_plain.01.qfree_global_15.smt2 : 33 ms.
--------------------------------------------------
unsat
QF_NRA/hycomp/ball_count_1d_plain.01.qfree_global_1.smt2 : 23 ms.
--------------------------------------------------
sat
QF_NRA/hycomp/ball_count_1d_plain.01.qfree_global_2.smt2 : 27 ms.
--------------------------------------------------
unsat
QF_NRA/hycomp/ball_count_1d_plain.01.qfree_global_3.smt2 : 24 ms.
--------------------------------------------------
sat
QF_NRA/hycomp/ball_count_1d_plain.01.qfree_global_4.smt2 : 29 ms.
--------------------------------------------------
unsat
QF_NRA/hycomp/ball_count_1d_plain.01.qfree_global_5.smt2 : 26 ms.
--------------------------------------------------
sat
QF_NRA/hycomp/ball_count_1d_plain.01.qfree_global_6.smt2 : 36 ms.
--------------------------------------------------
unsat
QF_NRA/hycomp/ball_count_1d_plain.01.qfree_global_7.smt2 : 29 ms.
--------------------------------------------------
sat
QF_NRA/hycomp/ball_count_1d_plain.01.qfree_global_8.smt2 : 37 ms.
--------------------------------------------------
unsat
QF_NRA/hycomp/ball_count_1d_plain.01.qfree_global_9.smt2 : 38 ms.
--------------------------------------------------
unsat
QF_NRA/hycomp/ball_count_1d_plain.01.redlog_global_0.smt2 : 21 ms.
--------------------------------------------------
sat
QF_NRA/hycomp/ball_count_1d_plain.01.redlog_global_10.smt2 : 251 ms.
--------------------------------------------------
unsat
QF_NRA/hycomp/ball_count_1d_plain.01.redlog_global_11.smt2 : 33 ms.
--------------------------------------------------
sat
QF_NRA/hycomp/ball_count_1d_plain.01.redlog_global_12.smt2 : 878 ms.
--------------------------------------------------
unsat
QF_NRA/hycomp/ball_count_1d_plain.01.redlog_global_13.smt2 : 35 ms.
--------------------------------------------------
sat
QF_NRA/hycomp/ball_count_1d_plain.01.redlog_global_14.smt2 : 3201 ms.
--------------------------------------------------
unsat
QF_NRA/hycomp/ball_count_1d_plain.01.redlog_global_15.smt2 : 40 ms.
--------------------------------------------------
unsat
QF_NRA/hycomp/ball_count_1d_plain.01.redlog_global_1.smt2 : 21 ms.
--------------------------------------------------
sat
QF_NRA/hycomp/ball_count_1d_plain.01.redlog_global_2.smt2 : 25 ms.
--------------------------------------------------
unsat
QF_NRA/hycomp/ball_count_1d_plain.01.redlog_global_3.smt2 : 22 ms.
--------------------------------------------------
sat
QF_NRA/hycomp/ball_count_1d_plain.01.redlog_global_4.smt2 : 29 ms.
--------------------------------------------------
unsat
QF_NRA/hycomp/ball_count_1d_plain.01.redlog_global_5.smt2 : 24 ms.
--------------------------------------------------
sat
QF_NRA/hycomp/ball_count_1d_plain.01.redlog_global_6.smt2 : 53 ms.
--------------------------------------------------
unsat
QF_NRA/hycomp/ball_count_1d_plain.01.redlog_global_7.smt2 : 28 ms.
--------------------------------------------------
sat
QF_NRA/hycomp/ball_count_1d_plain.01.redlog_global_8.smt2 : 73 ms.
--------------------------------------------------
unsat
QF_NRA/hycomp/ball_count_1d_plain.01.redlog_global_9.smt2 : 33 ms.
--------------------------------------------------
unsat
QF_NRA/hycomp/ball_count_1d_plain.01.seq_lazy_global_0.smt2 : 19 ms.
--------------------------------------------------
sat
QF_NRA/hycomp/ball_count_1d_plain.01.seq_lazy_global_10.smt2 : 141 ms.
--------------------------------------------------
unsat
QF_NRA/hycomp/ball_count_1d_plain.01.seq_lazy_global_11.smt2 : 28 ms.
--------------------------------------------------
sat
QF_NRA/hycomp/ball_count_1d_plain.01.seq_lazy_global_12.smt2 : 401 ms.
--------------------------------------------------
unsat
QF_NRA/hycomp/ball_count_1d_plain.01.seq_lazy_global_13.smt2 : 28 ms.
--------------------------------------------------
sat
QF_NRA/hycomp/ball_count_1d_plain.01.seq_lazy_global_14.smt2 : 1253 ms.
--------------------------------------------------
unsat
QF_NRA/hycomp/ball_count_1d_plain.01.seq_lazy_global_15.smt2 : 32 ms.
--------------------------------------------------
unsat
QF_NRA/hycomp/ball_count_1d_plain.01.seq_lazy_global_1.smt2 : 19 ms.
--------------------------------------------------
sat
QF_NRA/hycomp/ball_count_1d_plain.01.seq_lazy_global_2.smt2 : 23 ms.
--------------------------------------------------
unsat
QF_NRA/hycomp/ball_count_1d_plain.01.seq_lazy_global_3.smt2 : 19 ms.
--------------------------------------------------
sat
QF_NRA/hycomp/ball_count_1d_plain.01.seq_lazy_global_4.smt2 : 26 ms.
--------------------------------------------------
unsat
QF_NRA/hycomp/ball_count_1d_plain.01.seq_lazy_global_5.smt2 : 22 ms.
--------------------------------------------------
sat
QF_NRA/hycomp/ball_count_1d_plain.01.seq_lazy_global_6.smt2 : 31 ms.
--------------------------------------------------
unsat
QF_NRA/hycomp/ball_count_1d_plain.01.seq_lazy_global_7.smt2 : 23 ms.
--------------------------------------------------
sat
QF_NRA/hycomp/ball_count_1d_plain.01.seq_lazy_global_8.smt2 : 42 ms.
--------------------------------------------------
unsat
QF_NRA/hycomp/ball_count_1d_plain.01.seq_lazy_global_9.smt2 : 23 ms.
--------------------------------------------------
unsat
QF_NRA/hycomp/ball_count_1d_plain.01.seq_lazy_lemmas_global_0.smt2 : 18 ms.
--------------------------------------------------
sat
QF_NRA/hycomp/ball_count_1d_plain.01.seq_lazy_lemmas_global_10.smt2 : 721 ms.
--------------------------------------------------
unsat
QF_NRA/hycomp/ball_count_1d_plain.01.seq_lazy_lemmas_global_11.smt2 : 30 ms.
--------------------------------------------------
sat
QF_NRA/hycomp/ball_count_1d_plain.01.seq_lazy_lemmas_global_12.smt2 : 6765 ms.
--------------------------------------------------
unsat
QF_NRA/hycomp/ball_count_1d_plain.01.seq_lazy_lemmas_global_13.smt2 : 30 ms.
--------------------------------------------------
sat
QF_NRA/hycomp/ball_count_1d_plain.01.seq_lazy_lemmas_global_14.smt2 : 15717 ms.
--------------------------------------------------
unsat
QF_NRA/hycomp/ball_count_1d_plain.01.seq_lazy_lemmas_global_15.smt2 : 34 ms.
--------------------------------------------------
unsat
QF_NRA/hycomp/ball_count_1d_plain.01.seq_lazy_lemmas_global_1.smt2 : 23 ms.
--------------------------------------------------
sat
QF_NRA/hycomp/ball_count_1d_plain.01.seq_lazy_lemmas_global_2.smt2 : 31 ms.
--------------------------------------------------
unsat
QF_NRA/hycomp/ball_count_1d_plain.01.seq_lazy_lemmas_global_3.smt2 : 22 ms.
--------------------------------------------------
sat
QF_NRA/hycomp/ball_count_1d_plain.01.seq_lazy_lemmas_global_4.smt2 : 38 ms.
--------------------------------------------------
unsat
QF_NRA/hycomp/ball_count_1d_plain.01.seq_lazy_lemmas_global_5.smt2 : 30 ms.
--------------------------------------------------
sat
QF_NRA/hycomp/ball_count_1d_plain.01.seq_lazy_lemmas_global_6.smt2 : 57 ms.
--------------------------------------------------
unsat
QF_NRA/hycomp/ball_count_1d_plain.01.seq_lazy_lemmas_global_7.smt2 : 32 ms.
--------------------------------------------------
sat
QF_NRA/hycomp/ball_count_1d_plain.01.seq_lazy_lemmas_global_8.smt2 : 380 ms.
--------------------------------------------------
unsat
QF_NRA/hycomp/ball_count_1d_plain.01.seq_lazy_lemmas_global_9.smt2 : 24 ms.
--------------------------------------------------
unsat
QF_NRA/hycomp/ball_count_1d_plain.01.seq_lazy_linear_enc_global_0.smt2 : 22 ms.
--------------------------------------------------
sat
QF_NRA/hycomp/ball_count_1d_plain.01.seq_lazy_linear_enc_global_10.smt2 : 214 ms.
--------------------------------------------------
unsat
QF_NRA/hycomp/ball_count_1d_plain.01.seq_lazy_linear_enc_global_11.smt2 : 26 ms.
--------------------------------------------------
sat
QF_NRA/hycomp/ball_count_1d_plain.01.seq_lazy_linear_enc_global_12.smt2 : 545 ms.
--------------------------------------------------
unsat
QF_NRA/hycomp/ball_count_1d_plain.01.seq_lazy_linear_enc_global_13.smt2 : 28 ms.
--------------------------------------------------
sat
QF_NRA/hycomp/ball_count_1d_plain.01.seq_lazy_linear_enc_global_14.smt2 : 1498 ms.
--------------------------------------------------
unsat
QF_NRA/hycomp/ball_count_1d_plain.01.seq_lazy_linear_enc_global_15.smt2 : 28 ms.
--------------------------------------------------
unsat
QF_NRA/hycomp/ball_count_1d_plain.01.seq_lazy_linear_enc_global_1.smt2 : 23 ms.
--------------------------------------------------
sat
QF_NRA/hycomp/ball_count_1d_plain.01.seq_lazy_linear_enc_global_2.smt2 : 30 ms.
--------------------------------------------------
unsat
QF_NRA/hycomp/ball_count_1d_plain.01.seq_lazy_linear_enc_global_3.smt2 : 26 ms.
--------------------------------------------------
sat
QF_NRA/hycomp/ball_count_1d_plain.01.seq_lazy_linear_enc_global_4.smt2 : 33 ms.
--------------------------------------------------
unsat
QF_NRA/hycomp/ball_count_1d_plain.01.seq_lazy_linear_enc_global_5.smt2 : 28 ms.
--------------------------------------------------
sat
QF_NRA/hycomp/ball_count_1d_plain.01.seq_lazy_linear_enc_global_6.smt2 : 45 ms.
--------------------------------------------------
unsat
QF_NRA/hycomp/ball_count_1d_plain.01.seq_lazy_linear_enc_global_7.smt2 : 28 ms.
--------------------------------------------------
sat
QF_NRA/hycomp/ball_count_1d_plain.01.seq_lazy_linear_enc_global_8.smt2 : 43 ms.
--------------------------------------------------
unsat
QF_NRA/hycomp/ball_count_1d_plain.01.seq_lazy_linear_enc_global_9.smt2 : 25 ms.
--------------------------------------------------
unsat
QF_NRA/hycomp/ball_count_1d_plain.01.seq_lazy_linear_enc_lemmas_global_0.smt2 : 19 ms.
--------------------------------------------------
sat
QF_NRA/hycomp/ball_count_1d_plain.01.seq_lazy_linear_enc_lemmas_global_10.smt2 : 208 ms.
--------------------------------------------------
unsat
QF_NRA/hycomp/ball_count_1d_plain.01.seq_lazy_linear_enc_lemmas_global_11.smt2 : 34 ms.
--------------------------------------------------
sat
QF_NRA/hycomp/ball_count_1d_plain.01.seq_lazy_linear_enc_lemmas_global_12.smt2 : 16317 ms.
--------------------------------------------------
unsat
QF_NRA/hycomp/ball_count_1d_plain.01.seq_lazy_linear_enc_lemmas_global_13.smt2 : 28 ms.
--------------------------------------------------
sat
QF_NRA/hycomp/ball_count_1d_plain.01.seq_lazy_linear_enc_lemmas_global_14.smt2 : 15696 ms.
--------------------------------------------------
unsat
QF_NRA/hycomp/ball_count_1d_plain.01.seq_lazy_linear_enc_lemmas_global_15.smt2 : 41 ms.
--------------------------------------------------
unsat
QF_NRA/hycomp/ball_count_1d_plain.01.seq_lazy_linear_enc_lemmas_global_1.smt2 : 26 ms.
--------------------------------------------------
sat
QF_NRA/hycomp/ball_count_1d_plain.01.seq_lazy_linear_enc_lemmas_global_2.smt2 : 33 ms.
--------------------------------------------------
unsat
QF_NRA/hycomp/ball_count_1d_plain.01.seq_lazy_linear_enc_lemmas_global_3.smt2 : 27 ms.
--------------------------------------------------
sat
QF_NRA/hycomp/ball_count_1d_plain.01.seq_lazy_linear_enc_lemmas_global_4.smt2 : 41 ms.
--------------------------------------------------
unsat
QF_NRA/hycomp/ball_count_1d_plain.01.seq_lazy_linear_enc_lemmas_global_5.smt2 : 30 ms.
--------------------------------------------------
sat
QF_NRA/hycomp/ball_count_1d_plain.01.seq_lazy_linear_enc_lemmas_global_6.smt2 : 62 ms.
--------------------------------------------------
unsat
QF_NRA/hycomp/ball_count_1d_plain.01.seq_lazy_linear_enc_lemmas_global_7.smt2 : 33 ms.
--------------------------------------------------
sat
QF_NRA/hycomp/ball_count_1d_plain.01.seq_lazy_linear_enc_lemmas_global_8.smt2 : 46 ms.
--------------------------------------------------
unsat
QF_NRA/hycomp/ball_count_1d_plain.01.seq_lazy_linear_enc_lemmas_global_9.smt2 : 26 ms.
--------------------------------------------------
unsat
QF_NRA/hycomp/ball_count_1d_plain.02.qfree_global_0.smt2 : 18 ms.
--------------------------------------------------
sat
QF_NRA/hycomp/ball_count_1d_plain.02.qfree_global_10.smt2 : 50 ms.
--------------------------------------------------
unsat
QF_NRA/hycomp/ball_count_1d_plain.02.qfree_global_11.smt2 : 49 ms.
--------------------------------------------------
sat
QF_NRA/hycomp/ball_count_1d_plain.02.qfree_global_12.smt2 : 111 ms.
--------------------------------------------------
unsat
QF_NRA/hycomp/ball_count_1d_plain.02.qfree_global_13.smt2 : 30 ms.
--------------------------------------------------
sat
QF_NRA/hycomp/ball_count_1d_plain.02.qfree_global_14.smt2 : 79 ms.
--------------------------------------------------
unsat
QF_NRA/hycomp/ball_count_1d_plain.02.qfree_global_15.smt2 : 33 ms.
--------------------------------------------------
unsat
QF_NRA/hycomp/ball_count_1d_plain.02.qfree_global_1.smt2 : 20 ms.
--------------------------------------------------
unsat
QF_NRA/hycomp/ball_count_1d_plain.02.qfree_global_2.smt2 : 23 ms.
--------------------------------------------------
unsat
QF_NRA/hycomp/ball_count_1d_plain.02.qfree_global_3.smt2 : 22 ms.
--------------------------------------------------
sat
QF_NRA/hycomp/ball_count_1d_plain.02.qfree_global_4.smt2 : 28 ms.
--------------------------------------------------
unsat
QF_NRA/hycomp/ball_count_1d_plain.02.qfree_global_5.smt2 : 23 ms.
--------------------------------------------------
sat
QF_NRA/hycomp/ball_count_1d_plain.02.qfree_global_6.smt2 : 31 ms.
--------------------------------------------------
unsat
QF_NRA/hycomp/ball_count_1d_plain.02.qfree_global_7.smt2 : 26 ms.
--------------------------------------------------
sat
QF_NRA/hycomp/ball_count_1d_plain.02.qfree_global_8.smt2 : 39 ms.
--------------------------------------------------
unsat
QF_NRA/hycomp/ball_count_1d_plain.02.qfree_global_9.smt2 : 26 ms.
--------------------------------------------------
unsat
QF_NRA/hycomp/ball_count_1d_plain.02.redlog_global_0.smt2 : 19 ms.
--------------------------------------------------
sat
QF_NRA/hycomp/ball_count_1d_plain.02.redlog_global_10.smt2 : 15106 ms.
--------------------------------------------------
unsat
QF_NRA/hycomp/ball_count_1d_plain.02.redlog_global_11.smt2 : 34 ms.
--------------------------------------------------
timeout
QF_NRA/hycomp/ball_count_1d_plain.02.redlog_global_12.smt2 : 1800017 ms.
--------------------------------------------------
unsat
QF_NRA/hycomp/ball_count_1d_plain.02.redlog_global_13.smt2 : 40 ms.
--------------------------------------------------
sat
QF_NRA/hycomp/ball_count_1d_plain.02.redlog_global_14.smt2 : 16195 ms.
--------------------------------------------------
unsat
QF_NRA/hycomp/ball_count_1d_plain.02.redlog_global_15.smt2 : 36 ms.
--------------------------------------------------
unsat
QF_NRA/hycomp/ball_count_1d_plain.02.redlog_global_1.smt2 : 19 ms.
--------------------------------------------------
unsat
QF_NRA/hycomp/ball_count_1d_plain.02.redlog_global_2.smt2 : 24 ms.
--------------------------------------------------
unsat
QF_NRA/hycomp/ball_count_1d_plain.02.redlog_global_3.smt2 : 23 ms.
--------------------------------------------------
sat
QF_NRA/hycomp/ball_count_1d_plain.02.redlog_global_4.smt2 : 46 ms.
--------------------------------------------------
unsat
QF_NRA/hycomp/ball_count_1d_plain.02.redlog_global_5.smt2 : 25 ms.
--------------------------------------------------
sat
QF_NRA/hycomp/ball_count_1d_plain.02.redlog_global_6.smt2 : 45 ms.
--------------------------------------------------
unsat
QF_NRA/hycomp/ball_count_1d_plain.02.redlog_global_7.smt2 : 27 ms.
--------------------------------------------------
sat
QF_NRA/hycomp/ball_count_1d_plain.02.redlog_global_8.smt2 : 1674 ms.
--------------------------------------------------
unsat
QF_NRA/hycomp/ball_count_1d_plain.02.redlog_global_9.smt2 : 29 ms.
--------------------------------------------------
unsat
QF_NRA/hycomp/ball_count_1d_plain.02.seq_lazy_global_0.smt2 : 24 ms.
--------------------------------------------------
sat
QF_NRA/hycomp/ball_count_1d_plain.02.seq_lazy_global_10.smt2 : 144 ms.
--------------------------------------------------
unsat
QF_NRA/hycomp/ball_count_1d_plain.02.seq_lazy_global_11.smt2 : 32 ms.
--------------------------------------------------
sat
QF_NRA/hycomp/ball_count_1d_plain.02.seq_lazy_global_12.smt2 : 1331 ms.
--------------------------------------------------
unsat
QF_NRA/hycomp/ball_count_1d_plain.02.seq_lazy_global_13.smt2 : 28 ms.
--------------------------------------------------
sat
QF_NRA/hycomp/ball_count_1d_plain.02.seq_lazy_global_14.smt2 : 282 ms.
--------------------------------------------------
unsat
QF_NRA/hycomp/ball_count_1d_plain.02.seq_lazy_global_15.smt2 : 39 ms.
--------------------------------------------------
unsat
QF_NRA/hycomp/ball_count_1d_plain.02.seq_lazy_global_1.smt2 : 24 ms.
--------------------------------------------------
unsat
QF_NRA/hycomp/ball_count_1d_plain.02.seq_lazy_global_2.smt2 : 31 ms.
--------------------------------------------------
unsat
QF_NRA/hycomp/ball_count_1d_plain.02.seq_lazy_global_3.smt2 : 20 ms.
--------------------------------------------------
unsat
QF_NRA/hycomp/ball_count_1d_plain.02.seq_lazy_global_4.smt2 : 31 ms.
--------------------------------------------------
unsat
QF_NRA/hycomp/ball_count_1d_plain.02.seq_lazy_global_5.smt2 : 26 ms.
--------------------------------------------------
sat
QF_NRA/hycomp/ball_count_1d_plain.02.seq_lazy_global_6.smt2 : 55 ms.
--------------------------------------------------
unsat
QF_NRA/hycomp/ball_count_1d_plain.02.seq_lazy_global_7.smt2 : 24 ms.
--------------------------------------------------
sat
QF_NRA/hycomp/ball_count_1d_plain.02.seq_lazy_global_8.smt2 : 105 ms.
--------------------------------------------------
unsat
QF_NRA/hycomp/ball_count_1d_plain.02.seq_lazy_global_9.smt2 : 24 ms.
--------------------------------------------------
unsat
QF_NRA/hycomp/ball_count_1d_plain.02.seq_lazy_lemmas_global_0.smt2 : 19 ms.
--------------------------------------------------
sat
QF_NRA/hycomp/ball_count_1d_plain.02.seq_lazy_lemmas_global_10.smt2 : 98 ms.
--------------------------------------------------
unsat
QF_NRA/hycomp/ball_count_1d_plain.02.seq_lazy_lemmas_global_11.smt2 : 40 ms.
--------------------------------------------------
sat
QF_NRA/hycomp/ball_count_1d_plain.02.seq_lazy_lemmas_global_12.smt2 : 15732 ms.
--------------------------------------------------
unsat
QF_NRA/hycomp/ball_count_1d_plain.02.seq_lazy_lemmas_global_13.smt2 : 41 ms.
--------------------------------------------------
sat
QF_NRA/hycomp/ball_count_1d_plain.02.seq_lazy_lemmas_global_14.smt2 : 2661 ms.
--------------------------------------------------
unsat
QF_NRA/hycomp/ball_count_1d_plain.02.seq_lazy_lemmas_global_15.smt2 : 30 ms.
--------------------------------------------------
unsat
QF_NRA/hycomp/ball_count_1d_plain.02.seq_lazy_lemmas_global_1.smt2 : 20 ms.
--------------------------------------------------
unsat
QF_NRA/hycomp/ball_count_1d_plain.02.seq_lazy_lemmas_global_2.smt2 : 26 ms.
--------------------------------------------------
unsat
QF_NRA/hycomp/ball_count_1d_plain.02.seq_lazy_lemmas_global_3.smt2 : 22 ms.
--------------------------------------------------
unsat
QF_NRA/hycomp/ball_count_1d_plain.02.seq_lazy_lemmas_global_4.smt2 : 200 ms.
--------------------------------------------------
unsat
QF_NRA/hycomp/ball_count_1d_plain.02.seq_lazy_lemmas_global_5.smt2 : 31 ms.
--------------------------------------------------
sat
QF_NRA/hycomp/ball_count_1d_plain.02.seq_lazy_lemmas_global_6.smt2 : 65 ms.
--------------------------------------------------
unsat
QF_NRA/hycomp/ball_count_1d_plain.02.seq_lazy_lemmas_global_7.smt2 : 34 ms.
--------------------------------------------------
sat
QF_NRA/hycomp/ball_count_1d_plain.02.seq_lazy_lemmas_global_8.smt2 : 2114 ms.
--------------------------------------------------
unsat
QF_NRA/hycomp/ball_count_1d_plain.02.seq_lazy_lemmas_global_9.smt2 : 25 ms.
--------------------------------------------------
unsat
QF_NRA/hycomp/ball_count_1d_plain.02.seq_lazy_linear_enc_global_0.smt2 : 24 ms.
--------------------------------------------------
sat
QF_NRA/hycomp/ball_count_1d_plain.02.seq_lazy_linear_enc_global_10.smt2 : 112 ms.
--------------------------------------------------
unsat
QF_NRA/hycomp/ball_count_1d_plain.02.seq_lazy_linear_enc_global_11.smt2 : 26 ms.
--------------------------------------------------
sat
QF_NRA/hycomp/ball_count_1d_plain.02.seq_lazy_linear_enc_global_12.smt2 : 1305 ms.
--------------------------------------------------
unsat
QF_NRA/hycomp/ball_count_1d_plain.02.seq_lazy_linear_enc_global_13.smt2 : 38 ms.
--------------------------------------------------
sat
QF_NRA/hycomp/ball_count_1d_plain.02.seq_lazy_linear_enc_global_14.smt2 : 328 ms.
--------------------------------------------------
unsat
QF_NRA/hycomp/ball_count_1d_plain.02.seq_lazy_linear_enc_global_15.smt2 : 29 ms.
--------------------------------------------------
unsat
QF_NRA/hycomp/ball_count_1d_plain.02.seq_lazy_linear_enc_global_1.smt2 : 25 ms.
--------------------------------------------------
unsat
QF_NRA/hycomp/ball_count_1d_plain.02.seq_lazy_linear_enc_global_2.smt2 : 30 ms.
--------------------------------------------------
unsat
QF_NRA/hycomp/ball_count_1d_plain.02.seq_lazy_linear_enc_global_3.smt2 : 26 ms.
--------------------------------------------------
unsat
QF_NRA/hycomp/ball_count_1d_plain.02.seq_lazy_linear_enc_global_4.smt2 : 44 ms.
--------------------------------------------------
unsat
QF_NRA/hycomp/ball_count_1d_plain.02.seq_lazy_linear_enc_global_5.smt2 : 29 ms.
--------------------------------------------------
sat
QF_NRA/hycomp/ball_count_1d_plain.02.seq_lazy_linear_enc_global_6.smt2 : 62 ms.
--------------------------------------------------
unsat
QF_NRA/hycomp/ball_count_1d_plain.02.seq_lazy_linear_enc_global_7.smt2 : 32 ms.
--------------------------------------------------
sat
QF_NRA/hycomp/ball_count_1d_plain.02.seq_lazy_linear_enc_global_8.smt2 : 88 ms.
--------------------------------------------------
unsat
QF_NRA/hycomp/ball_count_1d_plain.02.seq_lazy_linear_enc_global_9.smt2 : 25 ms.
--------------------------------------------------
unsat
QF_NRA/hycomp/ball_count_1d_plain.02.seq_lazy_linear_enc_lemmas_global_0.smt2 : 19 ms.
--------------------------------------------------
sat
QF_NRA/hycomp/ball_count_1d_plain.02.seq_lazy_linear_enc_lemmas_global_10.smt2 : 621 ms.
--------------------------------------------------
unsat
QF_NRA/hycomp/ball_count_1d_plain.02.seq_lazy_linear_enc_lemmas_global_11.smt2 : 27 ms.
--------------------------------------------------
sat
QF_NRA/hycomp/ball_count_1d_plain.02.seq_lazy_linear_enc_lemmas_global_12.smt2 : 4577 ms.
--------------------------------------------------
unsat
QF_NRA/hycomp/ball_count_1d_plain.02.seq_lazy_linear_enc_lemmas_global_13.smt2 : 41 ms.
--------------------------------------------------
sat
QF_NRA/hycomp/ball_count_1d_plain.02.seq_lazy_linear_enc_lemmas_global_14.smt2 : 6631 ms.
--------------------------------------------------
unsat
QF_NRA/hycomp/ball_count_1d_plain.02.seq_lazy_linear_enc_lemmas_global_15.smt2 : 44 ms.
--------------------------------------------------
unsat
QF_NRA/hycomp/ball_count_1d_plain.02.seq_lazy_linear_enc_lemmas_global_1.smt2 : 27 ms.
--------------------------------------------------
unsat
QF_NRA/hycomp/ball_count_1d_plain.02.seq_lazy_linear_enc_lemmas_global_2.smt2 : 34 ms.
--------------------------------------------------
unsat
QF_NRA/hycomp/ball_count_1d_plain.02.seq_lazy_linear_enc_lemmas_global_3.smt2 : 27 ms.
--------------------------------------------------
unsat
QF_NRA/hycomp/ball_count_1d_plain.02.seq_lazy_linear_enc_lemmas_global_4.smt2 : 76 ms.
--------------------------------------------------
unsat
QF_NRA/hycomp/ball_count_1d_plain.02.seq_lazy_linear_enc_lemmas_global_5.smt2 : 31 ms.
--------------------------------------------------
sat
QF_NRA/hycomp/ball_count_1d_plain.02.seq_lazy_linear_enc_lemmas_global_6.smt2 : 363 ms.
--------------------------------------------------
unsat
QF_NRA/hycomp/ball_count_1d_plain.02.seq_lazy_linear_enc_lemmas_global_7.smt2 : 25 ms.
--------------------------------------------------
sat
QF_NRA/hycomp/ball_count_1d_plain.02.seq_lazy_linear_enc_lemmas_global_8.smt2 : 5741 ms.
--------------------------------------------------
unsat
QF_NRA/hycomp/ball_count_1d_plain.02.seq_lazy_linear_enc_lemmas_global_9.smt2 : 27 ms.
--------------------------------------------------
unsat
QF_NRA/hycomp/ball_count_1d_plain.03.qfree_global_0.smt2 : 19 ms.
--------------------------------------------------
sat
QF_NRA/hycomp/ball_count_1d_plain.03.qfree_global_10.smt2 : 78 ms.
--------------------------------------------------
unsat
QF_NRA/hycomp/ball_count_1d_plain.03.qfree_global_11.smt2 : 59 ms.
--------------------------------------------------
sat
QF_NRA/hycomp/ball_count_1d_plain.03.qfree_global_12.smt2 : 105 ms.
--------------------------------------------------
unsat
QF_NRA/hycomp/ball_count_1d_plain.03.qfree_global_13.smt2 : 47 ms.
--------------------------------------------------
sat
QF_NRA/hycomp/ball_count_1d_plain.03.qfree_global_14.smt2 : 153 ms.
--------------------------------------------------
unsat
QF_NRA/hycomp/ball_count_1d_plain.03.qfree_global_15.smt2 : 81 ms.
--------------------------------------------------
unsat
QF_NRA/hycomp/ball_count_1d_plain.03.qfree_global_1.smt2 : 24 ms.
