--------------------------------------------------
unsat
QF_NRA/hycomp/ball_count_2d_plain.02.seq_lazy_linear_enc_global_2.smt2 : 30 ms.
--------------------------------------------------
unsat
QF_NRA/hycomp/ball_count_2d_plain.02.seq_lazy_linear_enc_global_3.smt2 : 26 ms.
--------------------------------------------------
unsat
QF_NRA/hycomp/ball_count_2d_plain.02.seq_lazy_linear_enc_global_4.smt2 : 40 ms.
--------------------------------------------------
unsat
QF_NRA/hycomp/ball_count_2d_plain.02.seq_lazy_linear_enc_global_5.smt2 : 24 ms.
--------------------------------------------------
sat
QF_NRA/hycomp/ball_count_2d_plain.02.seq_lazy_linear_enc_global_6.smt2 : 77 ms.
--------------------------------------------------
unsat
QF_NRA/hycomp/ball_count_2d_plain.02.seq_lazy_linear_enc_global_7.smt2 : 36 ms.
--------------------------------------------------
sat
QF_NRA/hycomp/ball_count_2d_plain.02.seq_lazy_linear_enc_global_8.smt2 : 401 ms.
--------------------------------------------------
unsat
QF_NRA/hycomp/ball_count_2d_plain.02.seq_lazy_linear_enc_global_9.smt2 : 27 ms.
--------------------------------------------------
unsat
QF_NRA/hycomp/ball_count_2d_plain.02.seq_lazy_linear_enc_lemmas_global_0.smt2 : 20 ms.
--------------------------------------------------
sat
QF_NRA/hycomp/ball_count_2d_plain.02.seq_lazy_linear_enc_lemmas_global_10.smt2 : 181 ms.
--------------------------------------------------
unsat
QF_NRA/hycomp/ball_count_2d_plain.02.seq_lazy_linear_enc_lemmas_global_11.smt2 : 34 ms.
--------------------------------------------------
sat
QF_NRA/hycomp/ball_count_2d_plain.02.seq_lazy_linear_enc_lemmas_global_12.smt2 : 321 ms.
--------------------------------------------------
unsat
QF_NRA/hycomp/ball_count_2d_plain.02.seq_lazy_linear_enc_lemmas_global_13.smt2 : 31 ms.
--------------------------------------------------
sat
QF_NRA/hycomp/ball_count_2d_plain.02.seq_lazy_linear_enc_lemmas_global_14.smt2 : 490 ms.
--------------------------------------------------
unsat
QF_NRA/hycomp/ball_count_2d_plain.02.seq_lazy_linear_enc_lemmas_global_15.smt2 : 32 ms.
--------------------------------------------------
unsat
QF_NRA/hycomp/ball_count_2d_plain.02.seq_lazy_linear_enc_lemmas_global_1.smt2 : 22 ms.
--------------------------------------------------
unsat
QF_NRA/hycomp/ball_count_2d_plain.02.seq_lazy_linear_enc_lemmas_global_2.smt2 : 33 ms.
--------------------------------------------------
unsat
QF_NRA/hycomp/ball_count_2d_plain.02.seq_lazy_linear_enc_lemmas_global_3.smt2 : 23 ms.
--------------------------------------------------
unsat
QF_NRA/hycomp/ball_count_2d_plain.02.seq_lazy_linear_enc_lemmas_global_4.smt2 : 91 ms.
--------------------------------------------------
unsat
QF_NRA/hycomp/ball_count_2d_plain.02.seq_lazy_linear_enc_lemmas_global_5.smt2 : 25 ms.
--------------------------------------------------
sat
QF_NRA/hycomp/ball_count_2d_plain.02.seq_lazy_linear_enc_lemmas_global_6.smt2 : 450 ms.
--------------------------------------------------
unsat
QF_NRA/hycomp/ball_count_2d_plain.02.seq_lazy_linear_enc_lemmas_global_7.smt2 : 26 ms.
--------------------------------------------------
sat
QF_NRA/hycomp/ball_count_2d_plain.02.seq_lazy_linear_enc_lemmas_global_8.smt2 : 56 ms.
--------------------------------------------------
unsat
QF_NRA/hycomp/ball_count_2d_plain.02.seq_lazy_linear_enc_lemmas_global_9.smt2 : 27 ms.
--------------------------------------------------
unsat
QF_NRA/hycomp/ball_count_2d_plain.03.qfree_global_0.smt2 : 20 ms.
--------------------------------------------------
sat
QF_NRA/hycomp/ball_count_2d_plain.03.qfree_global_10.smt2 : 2019 ms.
--------------------------------------------------
unsat
QF_NRA/hycomp/ball_count_2d_plain.03.qfree_global_11.smt2 : 49 ms.
--------------------------------------------------
timeout
QF_NRA/hycomp/ball_count_2d_plain.03.qfree_global_12.smt2 : 1800011 ms.
--------------------------------------------------
unsat
QF_NRA/hycomp/ball_count_2d_plain.03.qfree_global_13.smt2 : 58 ms.
--------------------------------------------------
sat
QF_NRA/hycomp/ball_count_2d_plain.03.qfree_global_14.smt2 : 77510 ms.
--------------------------------------------------
unsat
QF_NRA/hycomp/ball_count_2d_plain.03.qfree_global_15.smt2 : 72 ms.
--------------------------------------------------
unsat
QF_NRA/hycomp/ball_count_2d_plain.03.qfree_global_1.smt2 : 24 ms.
--------------------------------------------------
unsat
QF_NRA/hycomp/ball_count_2d_plain.03.qfree_global_2.smt2 : 26 ms.
--------------------------------------------------
unsat
QF_NRA/hycomp/ball_count_2d_plain.03.qfree_global_3.smt2 : 30 ms.
--------------------------------------------------
unsat
QF_NRA/hycomp/ball_count_2d_plain.03.qfree_global_4.smt2 : 55 ms.
--------------------------------------------------
unsat
QF_NRA/hycomp/ball_count_2d_plain.03.qfree_global_5.smt2 : 42 ms.
--------------------------------------------------
unsat
QF_NRA/hycomp/ball_count_2d_plain.03.qfree_global_6.smt2 : 190 ms.
--------------------------------------------------
unsat
QF_NRA/hycomp/ball_count_2d_plain.03.qfree_global_7.smt2 : 42 ms.
--------------------------------------------------
unsat
QF_NRA/hycomp/ball_count_2d_plain.03.qfree_global_8.smt2 : 792 ms.
--------------------------------------------------
unsat
QF_NRA/hycomp/ball_count_2d_plain.03.qfree_global_9.smt2 : 56 ms.
--------------------------------------------------
unsat
QF_NRA/hycomp/ball_count_2d_plain.03.redlog_global_0.smt2 : 22 ms.
--------------------------------------------------
timeout
QF_NRA/hycomp/ball_count_2d_plain.03.redlog_global_10.smt2 : 1800016 ms.
--------------------------------------------------
unsat
QF_NRA/hycomp/ball_count_2d_plain.03.redlog_global_11.smt2 : 84 ms.
--------------------------------------------------
timeout
QF_NRA/hycomp/ball_count_2d_plain.03.redlog_global_12.smt2 : 1800014 ms.
--------------------------------------------------
unsat
QF_NRA/hycomp/ball_count_2d_plain.03.redlog_global_13.smt2 : 97 ms.
--------------------------------------------------
timeout
QF_NRA/hycomp/ball_count_2d_plain.03.redlog_global_14.smt2 : 1800014 ms.
--------------------------------------------------
unsat
QF_NRA/hycomp/ball_count_2d_plain.03.redlog_global_15.smt2 : 259 ms.
--------------------------------------------------
unsat
QF_NRA/hycomp/ball_count_2d_plain.03.redlog_global_1.smt2 : 21 ms.
--------------------------------------------------
unsat
QF_NRA/hycomp/ball_count_2d_plain.03.redlog_global_2.smt2 : 28 ms.
--------------------------------------------------
unsat
QF_NRA/hycomp/ball_count_2d_plain.03.redlog_global_3.smt2 : 35 ms.
--------------------------------------------------
unsat
QF_NRA/hycomp/ball_count_2d_plain.03.redlog_global_4.smt2 : 56 ms.
--------------------------------------------------
unsat
QF_NRA/hycomp/ball_count_2d_plain.03.redlog_global_5.smt2 : 42 ms.
--------------------------------------------------
unsat
QF_NRA/hycomp/ball_count_2d_plain.03.redlog_global_6.smt2 : 292 ms.
--------------------------------------------------
unsat
QF_NRA/hycomp/ball_count_2d_plain.03.redlog_global_7.smt2 : 53 ms.
--------------------------------------------------
unsat
QF_NRA/hycomp/ball_count_2d_plain.03.redlog_global_8.smt2 : 15088 ms.
--------------------------------------------------
unsat
QF_NRA/hycomp/ball_count_2d_plain.03.redlog_global_9.smt2 : 66 ms.
--------------------------------------------------
unsat
QF_NRA/hycomp/ball_count_2d_plain.03.seq_lazy_global_0.smt2 : 19 ms.
--------------------------------------------------
timeout
QF_NRA/hycomp/ball_count_2d_plain.03.seq_lazy_global_10.smt2 : 1800022 ms.
--------------------------------------------------
unsat
QF_NRA/hycomp/ball_count_2d_plain.03.seq_lazy_global_11.smt2 : 46 ms.
--------------------------------------------------
timeout
QF_NRA/hycomp/ball_count_2d_plain.03.seq_lazy_global_12.smt2 : 1800020 ms.
--------------------------------------------------
unsat
QF_NRA/hycomp/ball_count_2d_plain.03.seq_lazy_global_13.smt2 : 50 ms.
--------------------------------------------------
timeout
QF_NRA/hycomp/ball_count_2d_plain.03.seq_lazy_global_14.smt2 : 1800032 ms.
--------------------------------------------------
unsat
QF_NRA/hycomp/ball_count_2d_plain.03.seq_lazy_global_15.smt2 : 53 ms.
--------------------------------------------------
unsat
QF_NRA/hycomp/ball_count_2d_plain.03.seq_lazy_global_1.smt2 : 19 ms.
--------------------------------------------------
unsat
QF_NRA/hycomp/ball_count_2d_plain.03.seq_lazy_global_2.smt2 : 25 ms.
--------------------------------------------------
unsat
QF_NRA/hycomp/ball_count_2d_plain.03.seq_lazy_global_3.smt2 : 26 ms.
--------------------------------------------------
unsat
QF_NRA/hycomp/ball_count_2d_plain.03.seq_lazy_global_4.smt2 : 37 ms.
--------------------------------------------------
unsat
QF_NRA/hycomp/ball_count_2d_plain.03.seq_lazy_global_5.smt2 : 29 ms.
--------------------------------------------------
unsat
QF_NRA/hycomp/ball_count_2d_plain.03.seq_lazy_global_6.smt2 : 121 ms.
--------------------------------------------------
unsat
QF_NRA/hycomp/ball_count_2d_plain.03.seq_lazy_global_7.smt2 : 33 ms.
--------------------------------------------------
unsat
QF_NRA/hycomp/ball_count_2d_plain.03.seq_lazy_global_8.smt2 : 15439 ms.
--------------------------------------------------
unsat
QF_NRA/hycomp/ball_count_2d_plain.03.seq_lazy_global_9.smt2 : 42 ms.
--------------------------------------------------
unsat
QF_NRA/hycomp/ball_count_2d_plain.03.seq_lazy_lemmas_global_0.smt2 : 19 ms.
--------------------------------------------------
timeout
QF_NRA/hycomp/ball_count_2d_plain.03.seq_lazy_lemmas_global_10.smt2 : 1800015 ms.
--------------------------------------------------
unsat
QF_NRA/hycomp/ball_count_2d_plain.03.seq_lazy_lemmas_global_11.smt2 : 57 ms.
--------------------------------------------------
timeout
QF_NRA/hycomp/ball_count_2d_plain.03.seq_lazy_lemmas_global_12.smt2 : 1800026 ms.
--------------------------------------------------
unsat
QF_NRA/hycomp/ball_count_2d_plain.03.seq_lazy_lemmas_global_13.smt2 : 61 ms.
--------------------------------------------------
timeout
QF_NRA/hycomp/ball_count_2d_plain.03.seq_lazy_lemmas_global_14.smt2 : 1800028 ms.
--------------------------------------------------
unsat
QF_NRA/hycomp/ball_count_2d_plain.03.seq_lazy_lemmas_global_15.smt2 : 71 ms.
--------------------------------------------------
unsat
QF_NRA/hycomp/ball_count_2d_plain.03.seq_lazy_lemmas_global_1.smt2 : 24 ms.
--------------------------------------------------
unsat
QF_NRA/hycomp/ball_count_2d_plain.03.seq_lazy_lemmas_global_2.smt2 : 32 ms.
--------------------------------------------------
unsat
QF_NRA/hycomp/ball_count_2d_plain.03.seq_lazy_lemmas_global_3.smt2 : 29 ms.
--------------------------------------------------
unsat
QF_NRA/hycomp/ball_count_2d_plain.03.seq_lazy_lemmas_global_4.smt2 : 240 ms.
--------------------------------------------------
unsat
QF_NRA/hycomp/ball_count_2d_plain.03.seq_lazy_lemmas_global_5.smt2 : 40 ms.
--------------------------------------------------
unsat
QF_NRA/hycomp/ball_count_2d_plain.03.seq_lazy_lemmas_global_6.smt2 : 15100 ms.
--------------------------------------------------
unsat
QF_NRA/hycomp/ball_count_2d_plain.03.seq_lazy_lemmas_global_7.smt2 : 41 ms.
--------------------------------------------------
unsat
QF_NRA/hycomp/ball_count_2d_plain.03.seq_lazy_lemmas_global_8.smt2 : 15075 ms.
--------------------------------------------------
unsat
QF_NRA/hycomp/ball_count_2d_plain.03.seq_lazy_lemmas_global_9.smt2 : 49 ms.
--------------------------------------------------
unsat
QF_NRA/hycomp/ball_count_2d_plain.03.seq_lazy_linear_enc_global_0.smt2 : 20 ms.
--------------------------------------------------
sat
QF_NRA/hycomp/ball_count_2d_plain.03.seq_lazy_linear_enc_global_10.smt2 : 17516 ms.
--------------------------------------------------
unsat
QF_NRA/hycomp/ball_count_2d_plain.03.seq_lazy_linear_enc_global_11.smt2 : 47 ms.
--------------------------------------------------
timeout
QF_NRA/hycomp/ball_count_2d_plain.03.seq_lazy_linear_enc_global_12.smt2 : 1800032 ms.
--------------------------------------------------
unsat
QF_NRA/hycomp/ball_count_2d_plain.03.seq_lazy_linear_enc_global_13.smt2 : 50 ms.
--------------------------------------------------
timeout
QF_NRA/hycomp/ball_count_2d_plain.03.seq_lazy_linear_enc_global_14.smt2 : 1800045 ms.
--------------------------------------------------
unsat
QF_NRA/hycomp/ball_count_2d_plain.03.seq_lazy_linear_enc_global_15.smt2 : 54 ms.
--------------------------------------------------
unsat
QF_NRA/hycomp/ball_count_2d_plain.03.seq_lazy_linear_enc_global_1.smt2 : 20 ms.
--------------------------------------------------
unsat
QF_NRA/hycomp/ball_count_2d_plain.03.seq_lazy_linear_enc_global_2.smt2 : 25 ms.
--------------------------------------------------
unsat
QF_NRA/hycomp/ball_count_2d_plain.03.seq_lazy_linear_enc_global_3.smt2 : 25 ms.
--------------------------------------------------
unsat
QF_NRA/hycomp/ball_count_2d_plain.03.seq_lazy_linear_enc_global_4.smt2 : 36 ms.
--------------------------------------------------
unsat
QF_NRA/hycomp/ball_count_2d_plain.03.seq_lazy_linear_enc_global_5.smt2 : 29 ms.
--------------------------------------------------
unsat
QF_NRA/hycomp/ball_count_2d_plain.03.seq_lazy_linear_enc_global_6.smt2 : 121 ms.
--------------------------------------------------
unsat
QF_NRA/hycomp/ball_count_2d_plain.03.seq_lazy_linear_enc_global_7.smt2 : 34 ms.
--------------------------------------------------
unsat
QF_NRA/hycomp/ball_count_2d_plain.03.seq_lazy_linear_enc_global_8.smt2 : 16983 ms.
--------------------------------------------------
unsat
QF_NRA/hycomp/ball_count_2d_plain.03.seq_lazy_linear_enc_global_9.smt2 : 41 ms.
--------------------------------------------------
unsat
QF_NRA/hycomp/ball_count_2d_plain.03.seq_lazy_linear_enc_lemmas_global_0.smt2 : 18 ms.
--------------------------------------------------
sat
QF_NRA/hycomp/ball_count_2d_plain.03.seq_lazy_linear_enc_lemmas_global_10.smt2 : 15369 ms.
--------------------------------------------------
unsat
QF_NRA/hycomp/ball_count_2d_plain.03.seq_lazy_linear_enc_lemmas_global_11.smt2 : 49 ms.
--------------------------------------------------
timeout
QF_NRA/hycomp/ball_count_2d_plain.03.seq_lazy_linear_enc_lemmas_global_12.smt2 : 1800022 ms.
--------------------------------------------------
unsat
QF_NRA/hycomp/ball_count_2d_plain.03.seq_lazy_linear_enc_lemmas_global_13.smt2 : 55 ms.
--------------------------------------------------
timeout
QF_NRA/hycomp/ball_count_2d_plain.03.seq_lazy_linear_enc_lemmas_global_14.smt2 : 1800067 ms.
--------------------------------------------------
unsat
QF_NRA/hycomp/ball_count_2d_plain.03.seq_lazy_linear_enc_lemmas_global_15.smt2 : 63 ms.
--------------------------------------------------
unsat
QF_NRA/hycomp/ball_count_2d_plain.03.seq_lazy_linear_enc_lemmas_global_1.smt2 : 20 ms.
--------------------------------------------------
unsat
QF_NRA/hycomp/ball_count_2d_plain.03.seq_lazy_linear_enc_lemmas_global_2.smt2 : 31 ms.
--------------------------------------------------
unsat
QF_NRA/hycomp/ball_count_2d_plain.03.seq_lazy_linear_enc_lemmas_global_3.smt2 : 27 ms.
--------------------------------------------------
unsat
QF_NRA/hycomp/ball_count_2d_plain.03.seq_lazy_linear_enc_lemmas_global_4.smt2 : 125 ms.
--------------------------------------------------
unsat
QF_NRA/hycomp/ball_count_2d_plain.03.seq_lazy_linear_enc_lemmas_global_5.smt2 : 43 ms.
--------------------------------------------------
unsat
QF_NRA/hycomp/ball_count_2d_plain.03.seq_lazy_linear_enc_lemmas_global_6.smt2 : 15073 ms.
--------------------------------------------------
unsat
QF_NRA/hycomp/ball_count_2d_plain.03.seq_lazy_linear_enc_lemmas_global_7.smt2 : 41 ms.
--------------------------------------------------
unsat
QF_NRA/hycomp/ball_count_2d_plain.03.seq_lazy_linear_enc_lemmas_global_8.smt2 : 15080 ms.
--------------------------------------------------
unsat
QF_NRA/hycomp/ball_count_2d_plain.03.seq_lazy_linear_enc_lemmas_global_9.smt2 : 45 ms.
--------------------------------------------------
unsat
QF_NRA/hycomp/ball_count_2d_plain.04.qfree_global_0.smt2 : 19 ms.
--------------------------------------------------
unsat
QF_NRA/hycomp/ball_count_2d_plain.04.qfree_global_10.smt2 : 4076 ms.
--------------------------------------------------
unsat
QF_NRA/hycomp/ball_count_2d_plain.04.qfree_global_11.smt2 : 50 ms.
--------------------------------------------------
unsat
QF_NRA/hycomp/ball_count_2d_plain.04.qfree_global_12.smt2 : 15087 ms.
--------------------------------------------------
unsat
QF_NRA/hycomp/ball_count_2d_plain.04.qfree_global_13.smt2 : 51 ms.
--------------------------------------------------
timeout
QF_NRA/hycomp/ball_count_2d_plain.04.qfree_global_14.smt2 : 1800033 ms.
--------------------------------------------------
unsat
QF_NRA/hycomp/ball_count_2d_plain.04.qfree_global_15.smt2 : 58 ms.
--------------------------------------------------
unsat
QF_NRA/hycomp/ball_count_2d_plain.04.qfree_global_1.smt2 : 18 ms.
--------------------------------------------------
unsat
QF_NRA/hycomp/ball_count_2d_plain.04.qfree_global_2.smt2 : 25 ms.
--------------------------------------------------
unsat
QF_NRA/hycomp/ball_count_2d_plain.04.qfree_global_3.smt2 : 26 ms.
--------------------------------------------------
unsat
QF_NRA/hycomp/ball_count_2d_plain.04.qfree_global_4.smt2 : 35 ms.
--------------------------------------------------
unsat
QF_NRA/hycomp/ball_count_2d_plain.04.qfree_global_5.smt2 : 31 ms.
--------------------------------------------------
unsat
QF_NRA/hycomp/ball_count_2d_plain.04.qfree_global_6.smt2 : 117 ms.
--------------------------------------------------
unsat
QF_NRA/hycomp/ball_count_2d_plain.04.qfree_global_7.smt2 : 36 ms.
--------------------------------------------------
unsat
QF_NRA/hycomp/ball_count_2d_plain.04.qfree_global_8.smt2 : 646 ms.
--------------------------------------------------
unsat
QF_NRA/hycomp/ball_count_2d_plain.04.qfree_global_9.smt2 : 45 ms.
--------------------------------------------------
unsat
QF_NRA/hycomp/ball_count_2d_plain.04.redlog_global_0.smt2 : 20 ms.
--------------------------------------------------
unsat
QF_NRA/hycomp/ball_count_2d_plain.04.redlog_global_10.smt2 : 15118 ms.
--------------------------------------------------
unsat
QF_NRA/hycomp/ball_count_2d_plain.04.redlog_global_11.smt2 : 76 ms.
--------------------------------------------------
unsat
QF_NRA/hycomp/ball_count_2d_plain.04.redlog_global_12.smt2 : 15146 ms.
--------------------------------------------------
unsat
QF_NRA/hycomp/ball_count_2d_plain.04.redlog_global_13.smt2 : 91 ms.
--------------------------------------------------
timeout
QF_NRA/hycomp/ball_count_2d_plain.04.redlog_global_14.smt2 : 1800012 ms.
--------------------------------------------------
unsat
QF_NRA/hycomp/ball_count_2d_plain.04.redlog_global_15.smt2 : 106 ms.
--------------------------------------------------
unsat
QF_NRA/hycomp/ball_count_2d_plain.04.redlog_global_1.smt2 : 21 ms.
--------------------------------------------------
unsat
QF_NRA/hycomp/ball_count_2d_plain.04.redlog_global_2.smt2 : 32 ms.
--------------------------------------------------
unsat
QF_NRA/hycomp/ball_count_2d_plain.04.redlog_global_3.smt2 : 32 ms.
--------------------------------------------------
unsat
QF_NRA/hycomp/ball_count_2d_plain.04.redlog_global_4.smt2 : 49 ms.
--------------------------------------------------
unsat
QF_NRA/hycomp/ball_count_2d_plain.04.redlog_global_5.smt2 : 40 ms.
--------------------------------------------------
unsat
QF_NRA/hycomp/ball_count_2d_plain.04.redlog_global_6.smt2 : 378 ms.
--------------------------------------------------
unsat
QF_NRA/hycomp/ball_count_2d_plain.04.redlog_global_7.smt2 : 54 ms.
--------------------------------------------------
unsat
QF_NRA/hycomp/ball_count_2d_plain.04.redlog_global_8.smt2 : 15074 ms.
--------------------------------------------------
unsat
QF_NRA/hycomp/ball_count_2d_plain.04.redlog_global_9.smt2 : 65 ms.
--------------------------------------------------
unsat
QF_NRA/hycomp/ball_count_2d_plain.04.seq_lazy_global_0.smt2 : 18 ms.
--------------------------------------------------
unsat
QF_NRA/hycomp/ball_count_2d_plain.04.seq_lazy_global_10.smt2 : 15169 ms.
--------------------------------------------------
unsat
QF_NRA/hycomp/ball_count_2d_plain.04.seq_lazy_global_11.smt2 : 46 ms.
--------------------------------------------------
unsat
QF_NRA/hycomp/ball_count_2d_plain.04.seq_lazy_global_12.smt2 : 15172 ms.
--------------------------------------------------
unsat
QF_NRA/hycomp/ball_count_2d_plain.04.seq_lazy_global_13.smt2 : 48 ms.
--------------------------------------------------
timeout
QF_NRA/hycomp/ball_count_2d_plain.04.seq_lazy_global_14.smt2 : 1800027 ms.
--------------------------------------------------
unsat
QF_NRA/hycomp/ball_count_2d_plain.04.seq_lazy_global_15.smt2 : 52 ms.
--------------------------------------------------
unsat
QF_NRA/hycomp/ball_count_2d_plain.04.seq_lazy_global_1.smt2 : 19 ms.
--------------------------------------------------
unsat
QF_NRA/hycomp/ball_count_2d_plain.04.seq_lazy_global_2.smt2 : 25 ms.
--------------------------------------------------
unsat
QF_NRA/hycomp/ball_count_2d_plain.04.seq_lazy_global_3.smt2 : 26 ms.
--------------------------------------------------
unsat
QF_NRA/hycomp/ball_count_2d_plain.04.seq_lazy_global_4.smt2 : 40 ms.
--------------------------------------------------
unsat
QF_NRA/hycomp/ball_count_2d_plain.04.seq_lazy_global_5.smt2 : 30 ms.
--------------------------------------------------
unsat
QF_NRA/hycomp/ball_count_2d_plain.04.seq_lazy_global_6.smt2 : 101 ms.
--------------------------------------------------
unsat
QF_NRA/hycomp/ball_count_2d_plain.04.seq_lazy_global_7.smt2 : 38 ms.
--------------------------------------------------
unsat
QF_NRA/hycomp/ball_count_2d_plain.04.seq_lazy_global_8.smt2 : 16066 ms.
--------------------------------------------------
unsat
QF_NRA/hycomp/ball_count_2d_plain.04.seq_lazy_global_9.smt2 : 41 ms.
--------------------------------------------------
unsat
QF_NRA/hycomp/ball_count_2d_plain.04.seq_lazy_lemmas_global_0.smt2 : 19 ms.
--------------------------------------------------
unsat
QF_NRA/hycomp/ball_count_2d_plain.04.seq_lazy_lemmas_global_10.smt2 : 15077 ms.
--------------------------------------------------
unsat
QF_NRA/hycomp/ball_count_2d_plain.04.seq_lazy_lemmas_global_11.smt2 : 54 ms.
--------------------------------------------------
unsat
QF_NRA/hycomp/ball_count_2d_plain.04.seq_lazy_lemmas_global_12.smt2 : 15339 ms.
--------------------------------------------------
unsat
QF_NRA/hycomp/ball_count_2d_plain.04.seq_lazy_lemmas_global_13.smt2 : 59 ms.
--------------------------------------------------
sat
QF_NRA/hycomp/ball_count_2d_plain.04.seq_lazy_lemmas_global_14.smt2 : 15745 ms.
--------------------------------------------------
unsat
QF_NRA/hycomp/ball_count_2d_plain.04.seq_lazy_lemmas_global_15.smt2 : 64 ms.
--------------------------------------------------
unsat
QF_NRA/hycomp/ball_count_2d_plain.04.seq_lazy_lemmas_global_1.smt2 : 20 ms.
--------------------------------------------------
unsat
QF_NRA/hycomp/ball_count_2d_plain.04.seq_lazy_lemmas_global_2.smt2 : 30 ms.
--------------------------------------------------
unsat
QF_NRA/hycomp/ball_count_2d_plain.04.seq_lazy_lemmas_global_3.smt2 : 28 ms.
--------------------------------------------------
unsat
QF_NRA/hycomp/ball_count_2d_plain.04.seq_lazy_lemmas_global_4.smt2 : 270 ms.
--------------------------------------------------
unsat
QF_NRA/hycomp/ball_count_2d_plain.04.seq_lazy_lemmas_global_5.smt2 : 38 ms.
--------------------------------------------------
unsat
QF_NRA/hycomp/ball_count_2d_plain.04.seq_lazy_lemmas_global_6.smt2 : 15072 ms.
--------------------------------------------------
unsat
QF_NRA/hycomp/ball_count_2d_plain.04.seq_lazy_lemmas_global_7.smt2 : 44 ms.
--------------------------------------------------
unsat
QF_NRA/hycomp/ball_count_2d_plain.04.seq_lazy_lemmas_global_8.smt2 : 15085 ms.
--------------------------------------------------
unsat
QF_NRA/hycomp/ball_count_2d_plain.04.seq_lazy_lemmas_global_9.smt2 : 48 ms.
--------------------------------------------------
unsat
QF_NRA/hycomp/ball_count_2d_plain.04.seq_lazy_linear_enc_global_0.smt2 : 19 ms.
--------------------------------------------------
unsat
QF_NRA/hycomp/ball_count_2d_plain.04.seq_lazy_linear_enc_global_10.smt2 : 15081 ms.
--------------------------------------------------
unsat
QF_NRA/hycomp/ball_count_2d_plain.04.seq_lazy_linear_enc_global_11.smt2 : 47 ms.
--------------------------------------------------
timeout
QF_NRA/hycomp/ball_count_2d_plain.04.seq_lazy_linear_enc_global_12.smt2 : 1800050 ms.
--------------------------------------------------
unsat
QF_NRA/hycomp/ball_count_2d_plain.04.seq_lazy_linear_enc_global_13.smt2 : 49 ms.
--------------------------------------------------
timeout
QF_NRA/hycomp/ball_count_2d_plain.04.seq_lazy_linear_enc_global_14.smt2 : 1800021 ms.
--------------------------------------------------
unsat
QF_NRA/hycomp/ball_count_2d_plain.04.seq_lazy_linear_enc_global_15.smt2 : 54 ms.
--------------------------------------------------
unsat
QF_NRA/hycomp/ball_count_2d_plain.04.seq_lazy_linear_enc_global_1.smt2 : 20 ms.
--------------------------------------------------
unsat
QF_NRA/hycomp/ball_count_2d_plain.04.seq_lazy_linear_enc_global_2.smt2 : 24 ms.
--------------------------------------------------
unsat
QF_NRA/hycomp/ball_count_2d_plain.04.seq_lazy_linear_enc_global_3.smt2 : 25 ms.
--------------------------------------------------
unsat
QF_NRA/hycomp/ball_count_2d_plain.04.seq_lazy_linear_enc_global_4.smt2 : 34 ms.
--------------------------------------------------
unsat
QF_NRA/hycomp/ball_count_2d_plain.04.seq_lazy_linear_enc_global_5.smt2 : 29 ms.
--------------------------------------------------
unsat
QF_NRA/hycomp/ball_count_2d_plain.04.seq_lazy_linear_enc_global_6.smt2 : 93 ms.
--------------------------------------------------
unsat
QF_NRA/hycomp/ball_count_2d_plain.04.seq_lazy_linear_enc_global_7.smt2 : 37 ms.
--------------------------------------------------
unsat
QF_NRA/hycomp/ball_count_2d_plain.04.seq_lazy_linear_enc_global_8.smt2 : 15100 ms.
--------------------------------------------------
unsat
QF_NRA/hycomp/ball_count_2d_plain.04.seq_lazy_linear_enc_global_9.smt2 : 41 ms.
