--------------------------------------------------
unsat
QF_NRA/hycomp_5/ball_count_2d_hill.03.seq_lazy_linear_enc_lemmas_global_0.smt2 : 25 ms.
--------------------------------------------------
timeout
QF_NRA/hycomp_5/ball_count_2d_hill.03.seq_lazy_linear_enc_lemmas_global_10.smt2 : 1800015 ms.
--------------------------------------------------
unsat
QF_NRA/hycomp_5/ball_count_2d_hill.03.seq_lazy_linear_enc_lemmas_global_11.smt2 : 87 ms.
--------------------------------------------------
timeout
QF_NRA/hycomp_5/ball_count_2d_hill.03.seq_lazy_linear_enc_lemmas_global_12.smt2 : 1800016 ms.
--------------------------------------------------
unsat
QF_NRA/hycomp_5/ball_count_2d_hill.03.seq_lazy_linear_enc_lemmas_global_13.smt2 : 104 ms.
--------------------------------------------------
timeout
QF_NRA/hycomp_5/ball_count_2d_hill.03.seq_lazy_linear_enc_lemmas_global_14.smt2 : 1800029 ms.
--------------------------------------------------
unsat
QF_NRA/hycomp_5/ball_count_2d_hill.03.seq_lazy_linear_enc_lemmas_global_15.smt2 : 127 ms.
--------------------------------------------------
unsat
QF_NRA/hycomp_5/ball_count_2d_hill.03.seq_lazy_linear_enc_lemmas_global_1.smt2 : 21 ms.
--------------------------------------------------
unsat
QF_NRA/hycomp_5/ball_count_2d_hill.03.seq_lazy_linear_enc_lemmas_global_2.smt2 : 27 ms.
--------------------------------------------------
unsat
QF_NRA/hycomp_5/ball_count_2d_hill.03.seq_lazy_linear_enc_lemmas_global_3.smt2 : 33 ms.
--------------------------------------------------
unsat
QF_NRA/hycomp_5/ball_count_2d_hill.03.seq_lazy_linear_enc_lemmas_global_4.smt2 : 37 ms.
--------------------------------------------------
unsat
QF_NRA/hycomp_5/ball_count_2d_hill.03.seq_lazy_linear_enc_lemmas_global_5.smt2 : 40 ms.
--------------------------------------------------
unsat
QF_NRA/hycomp_5/ball_count_2d_hill.03.seq_lazy_linear_enc_lemmas_global_6.smt2 : 49 ms.
--------------------------------------------------
unsat
QF_NRA/hycomp_5/ball_count_2d_hill.03.seq_lazy_linear_enc_lemmas_global_7.smt2 : 50 ms.
--------------------------------------------------
timeout
QF_NRA/hycomp_5/ball_count_2d_hill.03.seq_lazy_linear_enc_lemmas_global_8.smt2 : 1800023 ms.
--------------------------------------------------
unsat
QF_NRA/hycomp_5/ball_count_2d_hill.03.seq_lazy_linear_enc_lemmas_global_9.smt2 : 67 ms.
--------------------------------------------------
unsat
QF_NRA/hycomp_5/ball_count_2d_hill.04.redlog_global_0.smt2 : 20 ms.
--------------------------------------------------
timeout
QF_NRA/hycomp_5/ball_count_2d_hill.04.redlog_global_10.smt2 : 1800026 ms.
--------------------------------------------------
unsat
QF_NRA/hycomp_5/ball_count_2d_hill.04.redlog_global_11.smt2 : 15162 ms.
--------------------------------------------------
timeout
QF_NRA/hycomp_5/ball_count_2d_hill.04.redlog_global_12.smt2 : 1800024 ms.
--------------------------------------------------
unsat
QF_NRA/hycomp_5/ball_count_2d_hill.04.redlog_global_13.smt2 : 87525 ms.
--------------------------------------------------
timeout
QF_NRA/hycomp_5/ball_count_2d_hill.04.redlog_global_14.smt2 : 1800226 ms.
--------------------------------------------------
unsat
QF_NRA/hycomp_5/ball_count_2d_hill.04.redlog_global_15.smt2 : 16513 ms.
--------------------------------------------------
unsat
QF_NRA/hycomp_5/ball_count_2d_hill.04.redlog_global_1.smt2 : 28 ms.
--------------------------------------------------
unsat
QF_NRA/hycomp_5/ball_count_2d_hill.04.redlog_global_2.smt2 : 35 ms.
--------------------------------------------------
unsat
QF_NRA/hycomp_5/ball_count_2d_hill.04.redlog_global_3.smt2 : 51 ms.
--------------------------------------------------
unsat
QF_NRA/hycomp_5/ball_count_2d_hill.04.redlog_global_4.smt2 : 58 ms.
--------------------------------------------------
unsat
QF_NRA/hycomp_5/ball_count_2d_hill.04.redlog_global_5.smt2 : 91 ms.
--------------------------------------------------
unsat
QF_NRA/hycomp_5/ball_count_2d_hill.04.redlog_global_6.smt2 : 140 ms.
--------------------------------------------------
unsat
QF_NRA/hycomp_5/ball_count_2d_hill.04.redlog_global_7.smt2 : 419 ms.
--------------------------------------------------
timeout
QF_NRA/hycomp_5/ball_count_2d_hill.04.redlog_global_8.smt2 : 1800393 ms.
--------------------------------------------------
unsat
QF_NRA/hycomp_5/ball_count_2d_hill.04.redlog_global_9.smt2 : 2796 ms.
--------------------------------------------------
unsat
QF_NRA/hycomp_5/ball_count_2d_hill.04.seq_lazy_global_0.smt2 : 19 ms.
--------------------------------------------------
timeout
QF_NRA/hycomp_5/ball_count_2d_hill.04.seq_lazy_global_10.smt2 : 1800036 ms.
--------------------------------------------------
unsat
QF_NRA/hycomp_5/ball_count_2d_hill.04.seq_lazy_global_11.smt2 : 56 ms.
--------------------------------------------------
timeout
QF_NRA/hycomp_5/ball_count_2d_hill.04.seq_lazy_global_12.smt2 : 1800040 ms.
--------------------------------------------------
unsat
QF_NRA/hycomp_5/ball_count_2d_hill.04.seq_lazy_global_13.smt2 : 72 ms.
--------------------------------------------------
timeout
QF_NRA/hycomp_5/ball_count_2d_hill.04.seq_lazy_global_14.smt2 : 1800025 ms.
--------------------------------------------------
unsat
QF_NRA/hycomp_5/ball_count_2d_hill.04.seq_lazy_global_15.smt2 : 79 ms.
--------------------------------------------------
unsat
QF_NRA/hycomp_5/ball_count_2d_hill.04.seq_lazy_global_1.smt2 : 21 ms.
--------------------------------------------------
unsat
QF_NRA/hycomp_5/ball_count_2d_hill.04.seq_lazy_global_2.smt2 : 26 ms.
--------------------------------------------------
unsat
QF_NRA/hycomp_5/ball_count_2d_hill.04.seq_lazy_global_3.smt2 : 28 ms.
--------------------------------------------------
unsat
QF_NRA/hycomp_5/ball_count_2d_hill.04.seq_lazy_global_4.smt2 : 33 ms.
--------------------------------------------------
unsat
QF_NRA/hycomp_5/ball_count_2d_hill.04.seq_lazy_global_5.smt2 : 35 ms.
--------------------------------------------------
unsat
QF_NRA/hycomp_5/ball_count_2d_hill.04.seq_lazy_global_6.smt2 : 39 ms.
--------------------------------------------------
unsat
QF_NRA/hycomp_5/ball_count_2d_hill.04.seq_lazy_global_7.smt2 : 41 ms.
--------------------------------------------------
unsat
QF_NRA/hycomp_5/ball_count_2d_hill.04.seq_lazy_global_8.smt2 : 48 ms.
--------------------------------------------------
unsat
QF_NRA/hycomp_5/ball_count_2d_hill.04.seq_lazy_global_9.smt2 : 50 ms.
--------------------------------------------------
unsat
QF_NRA/hycomp_5/ball_count_2d_hill.04.seq_lazy_lemmas_global_0.smt2 : 19 ms.
--------------------------------------------------
timeout
QF_NRA/hycomp_5/ball_count_2d_hill.04.seq_lazy_lemmas_global_10.smt2 : 1800037 ms.
--------------------------------------------------
unsat
QF_NRA/hycomp_5/ball_count_2d_hill.04.seq_lazy_lemmas_global_11.smt2 : 89 ms.
--------------------------------------------------
timeout
QF_NRA/hycomp_5/ball_count_2d_hill.04.seq_lazy_lemmas_global_12.smt2 : 1800149 ms.
--------------------------------------------------
unsat
QF_NRA/hycomp_5/ball_count_2d_hill.04.seq_lazy_lemmas_global_13.smt2 : 106 ms.
--------------------------------------------------
timeout
QF_NRA/hycomp_5/ball_count_2d_hill.04.seq_lazy_lemmas_global_14.smt2 : 1800030 ms.
--------------------------------------------------
unsat
QF_NRA/hycomp_5/ball_count_2d_hill.04.seq_lazy_lemmas_global_15.smt2 : 130 ms.
--------------------------------------------------
unsat
QF_NRA/hycomp_5/ball_count_2d_hill.04.seq_lazy_lemmas_global_1.smt2 : 21 ms.
--------------------------------------------------
unsat
QF_NRA/hycomp_5/ball_count_2d_hill.04.seq_lazy_lemmas_global_2.smt2 : 28 ms.
--------------------------------------------------
unsat
QF_NRA/hycomp_5/ball_count_2d_hill.04.seq_lazy_lemmas_global_3.smt2 : 32 ms.
--------------------------------------------------
unsat
QF_NRA/hycomp_5/ball_count_2d_hill.04.seq_lazy_lemmas_global_4.smt2 : 37 ms.
--------------------------------------------------
unsat
QF_NRA/hycomp_5/ball_count_2d_hill.04.seq_lazy_lemmas_global_5.smt2 : 42 ms.
--------------------------------------------------
unsat
QF_NRA/hycomp_5/ball_count_2d_hill.04.seq_lazy_lemmas_global_6.smt2 : 46 ms.
--------------------------------------------------
unsat
QF_NRA/hycomp_5/ball_count_2d_hill.04.seq_lazy_lemmas_global_7.smt2 : 50 ms.
--------------------------------------------------
unsat
QF_NRA/hycomp_5/ball_count_2d_hill.04.seq_lazy_lemmas_global_8.smt2 : 59 ms.
--------------------------------------------------
unsat
QF_NRA/hycomp_5/ball_count_2d_hill.04.seq_lazy_lemmas_global_9.smt2 : 61 ms.
--------------------------------------------------
unsat
QF_NRA/hycomp_5/ball_count_2d_hill.04.seq_lazy_linear_enc_global_0.smt2 : 19 ms.
--------------------------------------------------
timeout
QF_NRA/hycomp_5/ball_count_2d_hill.04.seq_lazy_linear_enc_global_10.smt2 : 1800047 ms.
--------------------------------------------------
unsat
QF_NRA/hycomp_5/ball_count_2d_hill.04.seq_lazy_linear_enc_global_11.smt2 : 60 ms.
--------------------------------------------------
timeout
QF_NRA/hycomp_5/ball_count_2d_hill.04.seq_lazy_linear_enc_global_12.smt2 : 1800038 ms.
--------------------------------------------------
unsat
QF_NRA/hycomp_5/ball_count_2d_hill.04.seq_lazy_linear_enc_global_13.smt2 : 72 ms.
--------------------------------------------------
timeout
QF_NRA/hycomp_5/ball_count_2d_hill.04.seq_lazy_linear_enc_global_14.smt2 : 1800021 ms.
--------------------------------------------------
unsat
QF_NRA/hycomp_5/ball_count_2d_hill.04.seq_lazy_linear_enc_global_15.smt2 : 75 ms.
--------------------------------------------------
unsat
QF_NRA/hycomp_5/ball_count_2d_hill.04.seq_lazy_linear_enc_global_1.smt2 : 21 ms.
--------------------------------------------------
unsat
QF_NRA/hycomp_5/ball_count_2d_hill.04.seq_lazy_linear_enc_global_2.smt2 : 26 ms.
--------------------------------------------------
unsat
QF_NRA/hycomp_5/ball_count_2d_hill.04.seq_lazy_linear_enc_global_3.smt2 : 28 ms.
--------------------------------------------------
unsat
QF_NRA/hycomp_5/ball_count_2d_hill.04.seq_lazy_linear_enc_global_4.smt2 : 32 ms.
--------------------------------------------------
unsat
QF_NRA/hycomp_5/ball_count_2d_hill.04.seq_lazy_linear_enc_global_5.smt2 : 35 ms.
--------------------------------------------------
unsat
QF_NRA/hycomp_5/ball_count_2d_hill.04.seq_lazy_linear_enc_global_6.smt2 : 38 ms.
--------------------------------------------------
unsat
QF_NRA/hycomp_5/ball_count_2d_hill.04.seq_lazy_linear_enc_global_7.smt2 : 40 ms.
--------------------------------------------------
unsat
QF_NRA/hycomp_5/ball_count_2d_hill.04.seq_lazy_linear_enc_global_8.smt2 : 47 ms.
--------------------------------------------------
unsat
QF_NRA/hycomp_5/ball_count_2d_hill.04.seq_lazy_linear_enc_global_9.smt2 : 48 ms.
--------------------------------------------------
unsat
QF_NRA/hycomp_5/ball_count_2d_hill.04.seq_lazy_linear_enc_lemmas_global_0.smt2 : 20 ms.
--------------------------------------------------
timeout
QF_NRA/hycomp_5/ball_count_2d_hill.04.seq_lazy_linear_enc_lemmas_global_10.smt2 : 1800021 ms.
--------------------------------------------------
unsat
QF_NRA/hycomp_5/ball_count_2d_hill.04.seq_lazy_linear_enc_lemmas_global_11.smt2 : 82 ms.
--------------------------------------------------
timeout
QF_NRA/hycomp_5/ball_count_2d_hill.04.seq_lazy_linear_enc_lemmas_global_12.smt2 : 1800024 ms.
--------------------------------------------------
unsat
QF_NRA/hycomp_5/ball_count_2d_hill.04.seq_lazy_linear_enc_lemmas_global_13.smt2 : 80 ms.
--------------------------------------------------
timeout
QF_NRA/hycomp_5/ball_count_2d_hill.04.seq_lazy_linear_enc_lemmas_global_14.smt2 : 1800012 ms.
--------------------------------------------------
unsat
QF_NRA/hycomp_5/ball_count_2d_hill.04.seq_lazy_linear_enc_lemmas_global_15.smt2 : 120 ms.
--------------------------------------------------
unsat
QF_NRA/hycomp_5/ball_count_2d_hill.04.seq_lazy_linear_enc_lemmas_global_1.smt2 : 19 ms.
--------------------------------------------------
unsat
QF_NRA/hycomp_5/ball_count_2d_hill.04.seq_lazy_linear_enc_lemmas_global_2.smt2 : 26 ms.
--------------------------------------------------
unsat
QF_NRA/hycomp_5/ball_count_2d_hill.04.seq_lazy_linear_enc_lemmas_global_3.smt2 : 29 ms.
--------------------------------------------------
unsat
QF_NRA/hycomp_5/ball_count_2d_hill.04.seq_lazy_linear_enc_lemmas_global_4.smt2 : 34 ms.
--------------------------------------------------
unsat
QF_NRA/hycomp_5/ball_count_2d_hill.04.seq_lazy_linear_enc_lemmas_global_5.smt2 : 39 ms.
--------------------------------------------------
unsat
QF_NRA/hycomp_5/ball_count_2d_hill.04.seq_lazy_linear_enc_lemmas_global_6.smt2 : 42 ms.
--------------------------------------------------
unsat
QF_NRA/hycomp_5/ball_count_2d_hill.04.seq_lazy_linear_enc_lemmas_global_7.smt2 : 49 ms.
--------------------------------------------------
unsat
QF_NRA/hycomp_5/ball_count_2d_hill.04.seq_lazy_linear_enc_lemmas_global_8.smt2 : 62 ms.
--------------------------------------------------
unsat
QF_NRA/hycomp_5/ball_count_2d_hill.04.seq_lazy_linear_enc_lemmas_global_9.smt2 : 62 ms.
--------------------------------------------------
unsat
QF_NRA/hycomp_5/ball_count_2d_hill.05.redlog_global_0.smt2 : 19 ms.
--------------------------------------------------
timeout
QF_NRA/hycomp_5/ball_count_2d_hill.05.redlog_global_10.smt2 : 1800043 ms.
--------------------------------------------------
unsat
QF_NRA/hycomp_5/ball_count_2d_hill.05.redlog_global_11.smt2 : 9975 ms.
--------------------------------------------------
timeout
QF_NRA/hycomp_5/ball_count_2d_hill.05.redlog_global_12.smt2 : 1800013 ms.
--------------------------------------------------
unsat
QF_NRA/hycomp_5/ball_count_2d_hill.05.redlog_global_13.smt2 : 164802 ms.
--------------------------------------------------
timeout
QF_NRA/hycomp_5/ball_count_2d_hill.05.redlog_global_14.smt2 : 1800027 ms.
--------------------------------------------------
unsat
QF_NRA/hycomp_5/ball_count_2d_hill.05.redlog_global_15.smt2 : 15178 ms.
--------------------------------------------------
unsat
QF_NRA/hycomp_5/ball_count_2d_hill.05.redlog_global_1.smt2 : 27 ms.
--------------------------------------------------
unsat
QF_NRA/hycomp_5/ball_count_2d_hill.05.redlog_global_2.smt2 : 34 ms.
--------------------------------------------------
unsat
QF_NRA/hycomp_5/ball_count_2d_hill.05.redlog_global_3.smt2 : 58 ms.
--------------------------------------------------
unsat
QF_NRA/hycomp_5/ball_count_2d_hill.05.redlog_global_4.smt2 : 62 ms.
--------------------------------------------------
unsat
QF_NRA/hycomp_5/ball_count_2d_hill.05.redlog_global_5.smt2 : 85 ms.
--------------------------------------------------
unsat
QF_NRA/hycomp_5/ball_count_2d_hill.05.redlog_global_6.smt2 : 146 ms.
--------------------------------------------------
unsat
QF_NRA/hycomp_5/ball_count_2d_hill.05.redlog_global_7.smt2 : 385 ms.
--------------------------------------------------
unsat
QF_NRA/hycomp_5/ball_count_2d_hill.05.redlog_global_8.smt2 : 901 ms.
--------------------------------------------------
unsat
QF_NRA/hycomp_5/ball_count_2d_hill.05.redlog_global_9.smt2 : 6779 ms.
--------------------------------------------------
unsat
QF_NRA/hycomp_5/ball_count_2d_hill.05.seq_lazy_global_0.smt2 : 24 ms.
--------------------------------------------------
unsat
QF_NRA/hycomp_5/ball_count_2d_hill.05.seq_lazy_global_10.smt2 : 53 ms.
--------------------------------------------------
unsat
QF_NRA/hycomp_5/ball_count_2d_hill.05.seq_lazy_global_11.smt2 : 58 ms.
--------------------------------------------------
timeout
QF_NRA/hycomp_5/ball_count_2d_hill.05.seq_lazy_global_12.smt2 : 1800023 ms.
--------------------------------------------------
unsat
QF_NRA/hycomp_5/ball_count_2d_hill.05.seq_lazy_global_13.smt2 : 73 ms.
--------------------------------------------------
timeout
QF_NRA/hycomp_5/ball_count_2d_hill.05.seq_lazy_global_14.smt2 : 1800033 ms.
--------------------------------------------------
unsat
QF_NRA/hycomp_5/ball_count_2d_hill.05.seq_lazy_global_15.smt2 : 85 ms.
--------------------------------------------------
unsat
QF_NRA/hycomp_5/ball_count_2d_hill.05.seq_lazy_global_1.smt2 : 20 ms.
--------------------------------------------------
unsat
QF_NRA/hycomp_5/ball_count_2d_hill.05.seq_lazy_global_2.smt2 : 26 ms.
--------------------------------------------------
unsat
QF_NRA/hycomp_5/ball_count_2d_hill.05.seq_lazy_global_3.smt2 : 27 ms.
--------------------------------------------------
unsat
QF_NRA/hycomp_5/ball_count_2d_hill.05.seq_lazy_global_4.smt2 : 31 ms.
--------------------------------------------------
unsat
QF_NRA/hycomp_5/ball_count_2d_hill.05.seq_lazy_global_5.smt2 : 41 ms.
--------------------------------------------------
unsat
QF_NRA/hycomp_5/ball_count_2d_hill.05.seq_lazy_global_6.smt2 : 43 ms.
--------------------------------------------------
unsat
QF_NRA/hycomp_5/ball_count_2d_hill.05.seq_lazy_global_7.smt2 : 42 ms.
--------------------------------------------------
unsat
QF_NRA/hycomp_5/ball_count_2d_hill.05.seq_lazy_global_8.smt2 : 45 ms.
--------------------------------------------------
unsat
QF_NRA/hycomp_5/ball_count_2d_hill.05.seq_lazy_global_9.smt2 : 50 ms.
--------------------------------------------------
unsat
QF_NRA/hycomp_5/ball_count_2d_hill.05.seq_lazy_lemmas_global_0.smt2 : 18 ms.
--------------------------------------------------
unsat
QF_NRA/hycomp_5/ball_count_2d_hill.05.seq_lazy_lemmas_global_10.smt2 : 74 ms.
--------------------------------------------------
unsat
QF_NRA/hycomp_5/ball_count_2d_hill.05.seq_lazy_lemmas_global_11.smt2 : 87 ms.
--------------------------------------------------
timeout
QF_NRA/hycomp_5/ball_count_2d_hill.05.seq_lazy_lemmas_global_12.smt2 : 1800021 ms.
--------------------------------------------------
unsat
QF_NRA/hycomp_5/ball_count_2d_hill.05.seq_lazy_lemmas_global_13.smt2 : 107 ms.
--------------------------------------------------
timeout
QF_NRA/hycomp_5/ball_count_2d_hill.05.seq_lazy_lemmas_global_14.smt2 : 1800027 ms.
--------------------------------------------------
unsat
QF_NRA/hycomp_5/ball_count_2d_hill.05.seq_lazy_lemmas_global_15.smt2 : 115 ms.
--------------------------------------------------
unsat
QF_NRA/hycomp_5/ball_count_2d_hill.05.seq_lazy_lemmas_global_1.smt2 : 25 ms.
--------------------------------------------------
unsat
QF_NRA/hycomp_5/ball_count_2d_hill.05.seq_lazy_lemmas_global_2.smt2 : 27 ms.
--------------------------------------------------
unsat
QF_NRA/hycomp_5/ball_count_2d_hill.05.seq_lazy_lemmas_global_3.smt2 : 32 ms.
--------------------------------------------------
unsat
QF_NRA/hycomp_5/ball_count_2d_hill.05.seq_lazy_lemmas_global_4.smt2 : 36 ms.
--------------------------------------------------
unsat
QF_NRA/hycomp_5/ball_count_2d_hill.05.seq_lazy_lemmas_global_5.smt2 : 41 ms.
--------------------------------------------------
unsat
QF_NRA/hycomp_5/ball_count_2d_hill.05.seq_lazy_lemmas_global_6.smt2 : 46 ms.
--------------------------------------------------
unsat
QF_NRA/hycomp_5/ball_count_2d_hill.05.seq_lazy_lemmas_global_7.smt2 : 54 ms.
--------------------------------------------------
unsat
QF_NRA/hycomp_5/ball_count_2d_hill.05.seq_lazy_lemmas_global_8.smt2 : 63 ms.
--------------------------------------------------
unsat
QF_NRA/hycomp_5/ball_count_2d_hill.05.seq_lazy_lemmas_global_9.smt2 : 67 ms.
--------------------------------------------------
unsat
QF_NRA/hycomp_5/ball_count_2d_hill.05.seq_lazy_linear_enc_global_0.smt2 : 19 ms.
--------------------------------------------------
unsat
QF_NRA/hycomp_5/ball_count_2d_hill.05.seq_lazy_linear_enc_global_10.smt2 : 53 ms.
--------------------------------------------------
unsat
QF_NRA/hycomp_5/ball_count_2d_hill.05.seq_lazy_linear_enc_global_11.smt2 : 59 ms.
--------------------------------------------------
timeout
QF_NRA/hycomp_5/ball_count_2d_hill.05.seq_lazy_linear_enc_global_12.smt2 : 1800029 ms.
--------------------------------------------------
unsat
QF_NRA/hycomp_5/ball_count_2d_hill.05.seq_lazy_linear_enc_global_13.smt2 : 72 ms.
--------------------------------------------------
timeout
QF_NRA/hycomp_5/ball_count_2d_hill.05.seq_lazy_linear_enc_global_14.smt2 : 1800035 ms.
--------------------------------------------------
unsat
QF_NRA/hycomp_5/ball_count_2d_hill.05.seq_lazy_linear_enc_global_15.smt2 : 85 ms.
--------------------------------------------------
unsat
QF_NRA/hycomp_5/ball_count_2d_hill.05.seq_lazy_linear_enc_global_1.smt2 : 20 ms.
--------------------------------------------------
unsat
QF_NRA/hycomp_5/ball_count_2d_hill.05.seq_lazy_linear_enc_global_2.smt2 : 26 ms.
--------------------------------------------------
unsat
QF_NRA/hycomp_5/ball_count_2d_hill.05.seq_lazy_linear_enc_global_3.smt2 : 28 ms.
--------------------------------------------------
unsat
QF_NRA/hycomp_5/ball_count_2d_hill.05.seq_lazy_linear_enc_global_4.smt2 : 33 ms.
--------------------------------------------------
unsat
QF_NRA/hycomp_5/ball_count_2d_hill.05.seq_lazy_linear_enc_global_5.smt2 : 35 ms.
--------------------------------------------------
unsat
QF_NRA/hycomp_5/ball_count_2d_hill.05.seq_lazy_linear_enc_global_6.smt2 : 38 ms.
--------------------------------------------------
unsat
QF_NRA/hycomp_5/ball_count_2d_hill.05.seq_lazy_linear_enc_global_7.smt2 : 42 ms.
--------------------------------------------------
unsat
QF_NRA/hycomp_5/ball_count_2d_hill.05.seq_lazy_linear_enc_global_8.smt2 : 45 ms.
--------------------------------------------------
unsat
QF_NRA/hycomp_5/ball_count_2d_hill.05.seq_lazy_linear_enc_global_9.smt2 : 51 ms.
--------------------------------------------------
unsat
QF_NRA/hycomp_5/ball_count_2d_hill.05.seq_lazy_linear_enc_lemmas_global_0.smt2 : 19 ms.
--------------------------------------------------
unsat
QF_NRA/hycomp_5/ball_count_2d_hill.05.seq_lazy_linear_enc_lemmas_global_10.smt2 : 104 ms.
--------------------------------------------------
unsat
QF_NRA/hycomp_5/ball_count_2d_hill.05.seq_lazy_linear_enc_lemmas_global_11.smt2 : 70 ms.
--------------------------------------------------
timeout
QF_NRA/hycomp_5/ball_count_2d_hill.05.seq_lazy_linear_enc_lemmas_global_12.smt2 : 1800021 ms.
--------------------------------------------------
unsat
QF_NRA/hycomp_5/ball_count_2d_hill.05.seq_lazy_linear_enc_lemmas_global_13.smt2 : 85 ms.
--------------------------------------------------
timeout
QF_NRA/hycomp_5/ball_count_2d_hill.05.seq_lazy_linear_enc_lemmas_global_14.smt2 : 1800041 ms.
--------------------------------------------------
unsat
QF_NRA/hycomp_5/ball_count_2d_hill.05.seq_lazy_linear_enc_lemmas_global_15.smt2 : 100 ms.
--------------------------------------------------
unsat
QF_NRA/hycomp_5/ball_count_2d_hill.05.seq_lazy_linear_enc_lemmas_global_1.smt2 : 19 ms.
--------------------------------------------------
unsat
QF_NRA/hycomp_5/ball_count_2d_hill.05.seq_lazy_linear_enc_lemmas_global_2.smt2 : 24 ms.
--------------------------------------------------
unsat
QF_NRA/hycomp_5/ball_count_2d_hill.05.seq_lazy_linear_enc_lemmas_global_3.smt2 : 28 ms.
--------------------------------------------------
unsat
QF_NRA/hycomp_5/ball_count_2d_hill.05.seq_lazy_linear_enc_lemmas_global_4.smt2 : 34 ms.
--------------------------------------------------
unsat
QF_NRA/hycomp_5/ball_count_2d_hill.05.seq_lazy_linear_enc_lemmas_global_5.smt2 : 38 ms.
--------------------------------------------------
unsat
QF_NRA/hycomp_5/ball_count_2d_hill.05.seq_lazy_linear_enc_lemmas_global_6.smt2 : 41 ms.
--------------------------------------------------
unsat
QF_NRA/hycomp_5/ball_count_2d_hill.05.seq_lazy_linear_enc_lemmas_global_7.smt2 : 53 ms.
--------------------------------------------------
unsat
QF_NRA/hycomp_5/ball_count_2d_hill.05.seq_lazy_linear_enc_lemmas_global_8.smt2 : 56 ms.
--------------------------------------------------
unsat
QF_NRA/hycomp_5/ball_count_2d_hill.05.seq_lazy_linear_enc_lemmas_global_9.smt2 : 57 ms.
--------------------------------------------------
unsat
QF_NRA/hycomp_5/ball_count_2d_hill.10.redlog_global_0.smt2 : 19 ms.
--------------------------------------------------
unsat
QF_NRA/hycomp_5/ball_count_2d_hill.10.redlog_global_10.smt2 : 8275 ms.
--------------------------------------------------
unsat
QF_NRA/hycomp_5/ball_count_2d_hill.10.redlog_global_11.smt2 : 59 ms.
--------------------------------------------------
unsat
QF_NRA/hycomp_5/ball_count_2d_hill.10.redlog_global_12.smt2 : 12111 ms.
--------------------------------------------------
unsat
QF_NRA/hycomp_5/ball_count_2d_hill.10.redlog_global_13.smt2 : 66 ms.
--------------------------------------------------
unsat
QF_NRA/hycomp_5/ball_count_2d_hill.10.redlog_global_14.smt2 : 15302 ms.
--------------------------------------------------
unsat
QF_NRA/hycomp_5/ball_count_2d_hill.10.redlog_global_15.smt2 : 72 ms.
--------------------------------------------------
unsat
QF_NRA/hycomp_5/ball_count_2d_hill.10.redlog_global_1.smt2 : 22 ms.
--------------------------------------------------
unsat
QF_NRA/hycomp_5/ball_count_2d_hill.10.redlog_global_2.smt2 : 25 ms.
--------------------------------------------------
unsat
QF_NRA/hycomp_5/ball_count_2d_hill.10.redlog_global_3.smt2 : 28 ms.
--------------------------------------------------
unsat
QF_NRA/hycomp_5/ball_count_2d_hill.10.redlog_global_4.smt2 : 62 ms.
--------------------------------------------------
unsat
QF_NRA/hycomp_5/ball_count_2d_hill.10.redlog_global_5.smt2 : 40 ms.
--------------------------------------------------
unsat
QF_NRA/hycomp_5/ball_count_2d_hill.10.redlog_global_6.smt2 : 129 ms.
--------------------------------------------------
unsat
QF_NRA/hycomp_5/ball_count_2d_hill.10.redlog_global_7.smt2 : 42 ms.
--------------------------------------------------
unsat
QF_NRA/hycomp_5/ball_count_2d_hill.10.redlog_global_8.smt2 : 472 ms.
--------------------------------------------------
unsat
QF_NRA/hycomp_5/ball_count_2d_hill.10.redlog_global_9.smt2 : 57 ms.
--------------------------------------------------
unsat
QF_NRA/hycomp_5/ball_count_2d_hill.10.seq_lazy_global_0.smt2 : 24 ms.
--------------------------------------------------
unsat
QF_NRA/hycomp_5/ball_count_2d_hill.10.seq_lazy_global_10.smt2 : 50 ms.
--------------------------------------------------
unsat
QF_NRA/hycomp_5/ball_count_2d_hill.10.seq_lazy_global_11.smt2 : 30 ms.
--------------------------------------------------
unsat
QF_NRA/hycomp_5/ball_count_2d_hill.10.seq_lazy_global_12.smt2 : 57 ms.
--------------------------------------------------
unsat
QF_NRA/hycomp_5/ball_count_2d_hill.10.seq_lazy_global_13.smt2 : 31 ms.
--------------------------------------------------
unsat
QF_NRA/hycomp_5/ball_count_2d_hill.10.seq_lazy_global_14.smt2 : 65 ms.
--------------------------------------------------
unsat
QF_NRA/hycomp_5/ball_count_2d_hill.10.seq_lazy_global_15.smt2 : 34 ms.
--------------------------------------------------
unsat
QF_NRA/hycomp_5/ball_count_2d_hill.10.seq_lazy_global_1.smt2 : 20 ms.
