--------------------------------------------------
unsat
QF_NRA/hycomp/ball_count_1d_plain.01.qfree_global_0.smt2 : 29 ms.
--------------------------------------------------
sat
QF_NRA/hycomp/ball_count_1d_plain.01.qfree_global_10.smt2 : 68 ms.
--------------------------------------------------
unsat
QF_NRA/hycomp/ball_count_1d_plain.01.qfree_global_11.smt2 : 36 ms.
--------------------------------------------------
sat
QF_NRA/hycomp/ball_count_1d_plain.01.qfree_global_12.smt2 : 75 ms.
--------------------------------------------------
unsat
QF_NRA/hycomp/ball_count_1d_plain.01.qfree_global_13.smt2 : 40 ms.
--------------------------------------------------
sat
QF_NRA/hycomp/ball_count_1d_plain.01.qfree_global_14.smt2 : 96 ms.
--------------------------------------------------
unsat
QF_NRA/hycomp/ball_count_1d_plain.01.qfree_global_15.smt2 : 44 ms.
--------------------------------------------------
unsat
QF_NRA/hycomp/ball_count_1d_plain.01.qfree_global_1.smt2 : 38 ms.
--------------------------------------------------
sat
QF_NRA/hycomp/ball_count_1d_plain.01.qfree_global_2.smt2 : 84 ms.
--------------------------------------------------
unsat
QF_NRA/hycomp/ball_count_1d_plain.01.qfree_global_3.smt2 : 37 ms.
--------------------------------------------------
sat
QF_NRA/hycomp/ball_count_1d_plain.01.qfree_global_4.smt2 : 97 ms.
--------------------------------------------------
unsat
QF_NRA/hycomp/ball_count_1d_plain.01.qfree_global_5.smt2 : 38 ms.
--------------------------------------------------
sat
QF_NRA/hycomp/ball_count_1d_plain.01.qfree_global_6.smt2 : 134 ms.
--------------------------------------------------
unsat
QF_NRA/hycomp/ball_count_1d_plain.01.qfree_global_7.smt2 : 46 ms.
--------------------------------------------------
sat
QF_NRA/hycomp/ball_count_1d_plain.01.qfree_global_8.smt2 : 191 ms.
--------------------------------------------------
unsat
QF_NRA/hycomp/ball_count_1d_plain.01.qfree_global_9.smt2 : 45 ms.
--------------------------------------------------
unsat
QF_NRA/hycomp/ball_count_1d_plain.01.redlog_global_0.smt2 : 39 ms.
--------------------------------------------------
sat
QF_NRA/hycomp/ball_count_1d_plain.01.redlog_global_10.smt2 : 195 ms.
--------------------------------------------------
unsat
QF_NRA/hycomp/ball_count_1d_plain.01.redlog_global_11.smt2 : 51 ms.
--------------------------------------------------
sat
QF_NRA/hycomp/ball_count_1d_plain.01.redlog_global_12.smt2 : 279 ms.
--------------------------------------------------
unsat
QF_NRA/hycomp/ball_count_1d_plain.01.redlog_global_13.smt2 : 47 ms.
--------------------------------------------------
sat
QF_NRA/hycomp/ball_count_1d_plain.01.redlog_global_14.smt2 : 265 ms.
--------------------------------------------------
unsat
QF_NRA/hycomp/ball_count_1d_plain.01.redlog_global_15.smt2 : 55 ms.
--------------------------------------------------
unsat
QF_NRA/hycomp/ball_count_1d_plain.01.redlog_global_1.smt2 : 40 ms.
--------------------------------------------------
sat
QF_NRA/hycomp/ball_count_1d_plain.01.redlog_global_2.smt2 : 227 ms.
--------------------------------------------------
unsat
QF_NRA/hycomp/ball_count_1d_plain.01.redlog_global_3.smt2 : 41 ms.
--------------------------------------------------
sat
QF_NRA/hycomp/ball_count_1d_plain.01.redlog_global_4.smt2 : 247 ms.
--------------------------------------------------
unsat
QF_NRA/hycomp/ball_count_1d_plain.01.redlog_global_5.smt2 : 47 ms.
--------------------------------------------------
sat
QF_NRA/hycomp/ball_count_1d_plain.01.redlog_global_6.smt2 : 264 ms.
--------------------------------------------------
unsat
QF_NRA/hycomp/ball_count_1d_plain.01.redlog_global_7.smt2 : 44 ms.
--------------------------------------------------
sat
QF_NRA/hycomp/ball_count_1d_plain.01.redlog_global_8.smt2 : 296 ms.
--------------------------------------------------
unsat
QF_NRA/hycomp/ball_count_1d_plain.01.redlog_global_9.smt2 : 47 ms.
--------------------------------------------------
unsat
QF_NRA/hycomp/ball_count_1d_plain.01.seq_lazy_global_0.smt2 : 46 ms.
--------------------------------------------------
sat
QF_NRA/hycomp/ball_count_1d_plain.01.seq_lazy_global_10.smt2 : 379 ms.
--------------------------------------------------
unsat
QF_NRA/hycomp/ball_count_1d_plain.01.seq_lazy_global_11.smt2 : 56 ms.
--------------------------------------------------
sat
QF_NRA/hycomp/ball_count_1d_plain.01.seq_lazy_global_12.smt2 : 575 ms.
--------------------------------------------------
unsat
QF_NRA/hycomp/ball_count_1d_plain.01.seq_lazy_global_13.smt2 : 51 ms.
--------------------------------------------------
sat
QF_NRA/hycomp/ball_count_1d_plain.01.seq_lazy_global_14.smt2 : 1858 ms.
--------------------------------------------------
unsat
QF_NRA/hycomp/ball_count_1d_plain.01.seq_lazy_global_15.smt2 : 60 ms.
--------------------------------------------------
unsat
QF_NRA/hycomp/ball_count_1d_plain.01.seq_lazy_global_1.smt2 : 51 ms.
--------------------------------------------------
sat
QF_NRA/hycomp/ball_count_1d_plain.01.seq_lazy_global_2.smt2 : 228 ms.
--------------------------------------------------
unsat
QF_NRA/hycomp/ball_count_1d_plain.01.seq_lazy_global_3.smt2 : 46 ms.
--------------------------------------------------
sat
QF_NRA/hycomp/ball_count_1d_plain.01.seq_lazy_global_4.smt2 : 253 ms.
--------------------------------------------------
unsat
QF_NRA/hycomp/ball_count_1d_plain.01.seq_lazy_global_5.smt2 : 53 ms.
--------------------------------------------------
sat
QF_NRA/hycomp/ball_count_1d_plain.01.seq_lazy_global_6.smt2 : 224 ms.
--------------------------------------------------
unsat
QF_NRA/hycomp/ball_count_1d_plain.01.seq_lazy_global_7.smt2 : 47 ms.
--------------------------------------------------
sat
QF_NRA/hycomp/ball_count_1d_plain.01.seq_lazy_global_8.smt2 : 226 ms.
--------------------------------------------------
unsat
QF_NRA/hycomp/ball_count_1d_plain.01.seq_lazy_global_9.smt2 : 48 ms.
--------------------------------------------------
unsat
QF_NRA/hycomp/ball_count_1d_plain.01.seq_lazy_lemmas_global_0.smt2 : 44 ms.
--------------------------------------------------
sat
QF_NRA/hycomp/ball_count_1d_plain.01.seq_lazy_lemmas_global_10.smt2 : 475 ms.
--------------------------------------------------
unsat
QF_NRA/hycomp/ball_count_1d_plain.01.seq_lazy_lemmas_global_11.smt2 : 57 ms.
--------------------------------------------------
sat
QF_NRA/hycomp/ball_count_1d_plain.01.seq_lazy_lemmas_global_12.smt2 : 15308 ms.
--------------------------------------------------
unsat
QF_NRA/hycomp/ball_count_1d_plain.01.seq_lazy_lemmas_global_13.smt2 : 42 ms.
--------------------------------------------------
sat
QF_NRA/hycomp/ball_count_1d_plain.01.seq_lazy_lemmas_global_14.smt2 : 15494 ms.
--------------------------------------------------
unsat
QF_NRA/hycomp/ball_count_1d_plain.01.seq_lazy_lemmas_global_15.smt2 : 46 ms.
--------------------------------------------------
unsat
QF_NRA/hycomp/ball_count_1d_plain.01.seq_lazy_lemmas_global_1.smt2 : 251 ms.
--------------------------------------------------
sat
QF_NRA/hycomp/ball_count_1d_plain.01.seq_lazy_lemmas_global_2.smt2 : 53 ms.
--------------------------------------------------
unsat
QF_NRA/hycomp/ball_count_1d_plain.01.seq_lazy_lemmas_global_3.smt2 : 35 ms.
--------------------------------------------------
sat
QF_NRA/hycomp/ball_count_1d_plain.01.seq_lazy_lemmas_global_4.smt2 : 176 ms.
--------------------------------------------------
unsat
QF_NRA/hycomp/ball_count_1d_plain.01.seq_lazy_lemmas_global_5.smt2 : 39 ms.
--------------------------------------------------
sat
QF_NRA/hycomp/ball_count_1d_plain.01.seq_lazy_lemmas_global_6.smt2 : 66 ms.
--------------------------------------------------
unsat
QF_NRA/hycomp/ball_count_1d_plain.01.seq_lazy_lemmas_global_7.smt2 : 41 ms.
--------------------------------------------------
sat
QF_NRA/hycomp/ball_count_1d_plain.01.seq_lazy_lemmas_global_8.smt2 : 299 ms.
--------------------------------------------------
unsat
QF_NRA/hycomp/ball_count_1d_plain.01.seq_lazy_lemmas_global_9.smt2 : 42 ms.
--------------------------------------------------
unsat
QF_NRA/hycomp/ball_count_1d_plain.01.seq_lazy_linear_enc_global_0.smt2 : 36 ms.
--------------------------------------------------
sat
QF_NRA/hycomp/ball_count_1d_plain.01.seq_lazy_linear_enc_global_10.smt2 : 205 ms.
--------------------------------------------------
unsat
QF_NRA/hycomp/ball_count_1d_plain.01.seq_lazy_linear_enc_global_11.smt2 : 60 ms.
--------------------------------------------------
sat
QF_NRA/hycomp/ball_count_1d_plain.01.seq_lazy_linear_enc_global_12.smt2 : 662 ms.
--------------------------------------------------
unsat
QF_NRA/hycomp/ball_count_1d_plain.01.seq_lazy_linear_enc_global_13.smt2 : 46 ms.
--------------------------------------------------
sat
QF_NRA/hycomp/ball_count_1d_plain.01.seq_lazy_linear_enc_global_14.smt2 : 1623 ms.
--------------------------------------------------
unsat
QF_NRA/hycomp/ball_count_1d_plain.01.seq_lazy_linear_enc_global_15.smt2 : 45 ms.
--------------------------------------------------
unsat
QF_NRA/hycomp/ball_count_1d_plain.01.seq_lazy_linear_enc_global_1.smt2 : 36 ms.
--------------------------------------------------
sat
QF_NRA/hycomp/ball_count_1d_plain.01.seq_lazy_linear_enc_global_2.smt2 : 43 ms.
--------------------------------------------------
unsat
QF_NRA/hycomp/ball_count_1d_plain.01.seq_lazy_linear_enc_global_3.smt2 : 33 ms.
--------------------------------------------------
sat
QF_NRA/hycomp/ball_count_1d_plain.01.seq_lazy_linear_enc_global_4.smt2 : 54 ms.
--------------------------------------------------
unsat
QF_NRA/hycomp/ball_count_1d_plain.01.seq_lazy_linear_enc_global_5.smt2 : 38 ms.
--------------------------------------------------
sat
QF_NRA/hycomp/ball_count_1d_plain.01.seq_lazy_linear_enc_global_6.smt2 : 50 ms.
--------------------------------------------------
unsat
QF_NRA/hycomp/ball_count_1d_plain.01.seq_lazy_linear_enc_global_7.smt2 : 291 ms.
--------------------------------------------------
sat
QF_NRA/hycomp/ball_count_1d_plain.01.seq_lazy_linear_enc_global_8.smt2 : 66 ms.
--------------------------------------------------
unsat
QF_NRA/hycomp/ball_count_1d_plain.01.seq_lazy_linear_enc_global_9.smt2 : 41 ms.
--------------------------------------------------
unsat
QF_NRA/hycomp/ball_count_1d_plain.01.seq_lazy_linear_enc_lemmas_global_0.smt2 : 37 ms.
--------------------------------------------------
sat
QF_NRA/hycomp/ball_count_1d_plain.01.seq_lazy_linear_enc_lemmas_global_10.smt2 : 1949 ms.
--------------------------------------------------
unsat
QF_NRA/hycomp/ball_count_1d_plain.01.seq_lazy_linear_enc_lemmas_global_11.smt2 : 44 ms.
--------------------------------------------------
sat
QF_NRA/hycomp/ball_count_1d_plain.01.seq_lazy_linear_enc_lemmas_global_12.smt2 : 15611 ms.
--------------------------------------------------
unsat
QF_NRA/hycomp/ball_count_1d_plain.01.seq_lazy_linear_enc_lemmas_global_13.smt2 : 42 ms.
--------------------------------------------------
sat
QF_NRA/hycomp/ball_count_1d_plain.01.seq_lazy_linear_enc_lemmas_global_14.smt2 : 15492 ms.
--------------------------------------------------
unsat
QF_NRA/hycomp/ball_count_1d_plain.01.seq_lazy_linear_enc_lemmas_global_15.smt2 : 35 ms.
--------------------------------------------------
unsat
QF_NRA/hycomp/ball_count_1d_plain.01.seq_lazy_linear_enc_lemmas_global_1.smt2 : 29 ms.
--------------------------------------------------
sat
QF_NRA/hycomp/ball_count_1d_plain.01.seq_lazy_linear_enc_lemmas_global_2.smt2 : 37 ms.
--------------------------------------------------
unsat
QF_NRA/hycomp/ball_count_1d_plain.01.seq_lazy_linear_enc_lemmas_global_3.smt2 : 27 ms.
--------------------------------------------------
sat
QF_NRA/hycomp/ball_count_1d_plain.01.seq_lazy_linear_enc_lemmas_global_4.smt2 : 41 ms.
--------------------------------------------------
unsat
QF_NRA/hycomp/ball_count_1d_plain.01.seq_lazy_linear_enc_lemmas_global_5.smt2 : 28 ms.
--------------------------------------------------
sat
QF_NRA/hycomp/ball_count_1d_plain.01.seq_lazy_linear_enc_lemmas_global_6.smt2 : 48 ms.
--------------------------------------------------
unsat
QF_NRA/hycomp/ball_count_1d_plain.01.seq_lazy_linear_enc_lemmas_global_7.smt2 : 33 ms.
--------------------------------------------------
sat
QF_NRA/hycomp/ball_count_1d_plain.01.seq_lazy_linear_enc_lemmas_global_8.smt2 : 167 ms.
--------------------------------------------------
unsat
QF_NRA/hycomp/ball_count_1d_plain.01.seq_lazy_linear_enc_lemmas_global_9.smt2 : 32 ms.
--------------------------------------------------
unsat
QF_NRA/hycomp/ball_count_1d_plain.02.qfree_global_0.smt2 : 27 ms.
--------------------------------------------------
sat
QF_NRA/hycomp/ball_count_1d_plain.02.qfree_global_10.smt2 : 54 ms.
--------------------------------------------------
unsat
QF_NRA/hycomp/ball_count_1d_plain.02.qfree_global_11.smt2 : 32 ms.
--------------------------------------------------
sat
QF_NRA/hycomp/ball_count_1d_plain.02.qfree_global_12.smt2 : 71 ms.
--------------------------------------------------
unsat
QF_NRA/hycomp/ball_count_1d_plain.02.qfree_global_13.smt2 : 32 ms.
--------------------------------------------------
sat
QF_NRA/hycomp/ball_count_1d_plain.02.qfree_global_14.smt2 : 88 ms.
--------------------------------------------------
unsat
QF_NRA/hycomp/ball_count_1d_plain.02.qfree_global_15.smt2 : 35 ms.
--------------------------------------------------
unsat
QF_NRA/hycomp/ball_count_1d_plain.02.qfree_global_1.smt2 : 26 ms.
--------------------------------------------------
unsat
QF_NRA/hycomp/ball_count_1d_plain.02.qfree_global_2.smt2 : 39 ms.
--------------------------------------------------
unsat
QF_NRA/hycomp/ball_count_1d_plain.02.qfree_global_3.smt2 : 32 ms.
--------------------------------------------------
sat
QF_NRA/hycomp/ball_count_1d_plain.02.qfree_global_4.smt2 : 39 ms.
--------------------------------------------------
unsat
QF_NRA/hycomp/ball_count_1d_plain.02.qfree_global_5.smt2 : 29 ms.
--------------------------------------------------
sat
QF_NRA/hycomp/ball_count_1d_plain.02.qfree_global_6.smt2 : 46 ms.
--------------------------------------------------
unsat
QF_NRA/hycomp/ball_count_1d_plain.02.qfree_global_7.smt2 : 30 ms.
--------------------------------------------------
sat
QF_NRA/hycomp/ball_count_1d_plain.02.qfree_global_8.smt2 : 55 ms.
--------------------------------------------------
unsat
QF_NRA/hycomp/ball_count_1d_plain.02.qfree_global_9.smt2 : 31 ms.
--------------------------------------------------
unsat
QF_NRA/hycomp/ball_count_1d_plain.02.redlog_global_0.smt2 : 27 ms.
--------------------------------------------------
sat
QF_NRA/hycomp/ball_count_1d_plain.02.redlog_global_10.smt2 : 160 ms.
--------------------------------------------------
unsat
QF_NRA/hycomp/ball_count_1d_plain.02.redlog_global_11.smt2 : 32 ms.
--------------------------------------------------
sat
QF_NRA/hycomp/ball_count_1d_plain.02.redlog_global_12.smt2 : 285 ms.
--------------------------------------------------
unsat
QF_NRA/hycomp/ball_count_1d_plain.02.redlog_global_13.smt2 : 36 ms.
--------------------------------------------------
sat
QF_NRA/hycomp/ball_count_1d_plain.02.redlog_global_14.smt2 : 726 ms.
--------------------------------------------------
unsat
QF_NRA/hycomp/ball_count_1d_plain.02.redlog_global_15.smt2 : 37 ms.
--------------------------------------------------
unsat
QF_NRA/hycomp/ball_count_1d_plain.02.redlog_global_1.smt2 : 27 ms.
--------------------------------------------------
unsat
QF_NRA/hycomp/ball_count_1d_plain.02.redlog_global_2.smt2 : 35 ms.
--------------------------------------------------
unsat
QF_NRA/hycomp/ball_count_1d_plain.02.redlog_global_3.smt2 : 31 ms.
--------------------------------------------------
sat
QF_NRA/hycomp/ball_count_1d_plain.02.redlog_global_4.smt2 : 59 ms.
--------------------------------------------------
unsat
QF_NRA/hycomp/ball_count_1d_plain.02.redlog_global_5.smt2 : 30 ms.
--------------------------------------------------
sat
QF_NRA/hycomp/ball_count_1d_plain.02.redlog_global_6.smt2 : 569 ms.
--------------------------------------------------
unsat
QF_NRA/hycomp/ball_count_1d_plain.02.redlog_global_7.smt2 : 31 ms.
--------------------------------------------------
sat
QF_NRA/hycomp/ball_count_1d_plain.02.redlog_global_8.smt2 : 141 ms.
--------------------------------------------------
unsat
QF_NRA/hycomp/ball_count_1d_plain.02.redlog_global_9.smt2 : 35 ms.
--------------------------------------------------
unsat
QF_NRA/hycomp/ball_count_1d_plain.02.seq_lazy_global_0.smt2 : 26 ms.
--------------------------------------------------
sat
QF_NRA/hycomp/ball_count_1d_plain.02.seq_lazy_global_10.smt2 : 105 ms.
--------------------------------------------------
unsat
QF_NRA/hycomp/ball_count_1d_plain.02.seq_lazy_global_11.smt2 : 32 ms.
--------------------------------------------------
sat
QF_NRA/hycomp/ball_count_1d_plain.02.seq_lazy_global_12.smt2 : 131 ms.
--------------------------------------------------
unsat
QF_NRA/hycomp/ball_count_1d_plain.02.seq_lazy_global_13.smt2 : 34 ms.
--------------------------------------------------
sat
QF_NRA/hycomp/ball_count_1d_plain.02.seq_lazy_global_14.smt2 : 1866 ms.
--------------------------------------------------
unsat
QF_NRA/hycomp/ball_count_1d_plain.02.seq_lazy_global_15.smt2 : 693 ms.
--------------------------------------------------
unsat
QF_NRA/hycomp/ball_count_1d_plain.02.seq_lazy_global_1.smt2 : 34 ms.
--------------------------------------------------
unsat
QF_NRA/hycomp/ball_count_1d_plain.02.seq_lazy_global_2.smt2 : 40 ms.
--------------------------------------------------
unsat
QF_NRA/hycomp/ball_count_1d_plain.02.seq_lazy_global_3.smt2 : 31 ms.
--------------------------------------------------
unsat
QF_NRA/hycomp/ball_count_1d_plain.02.seq_lazy_global_4.smt2 : 50 ms.
--------------------------------------------------
unsat
QF_NRA/hycomp/ball_count_1d_plain.02.seq_lazy_global_5.smt2 : 31 ms.
--------------------------------------------------
sat
QF_NRA/hycomp/ball_count_1d_plain.02.seq_lazy_global_6.smt2 : 61 ms.
--------------------------------------------------
unsat
QF_NRA/hycomp/ball_count_1d_plain.02.seq_lazy_global_7.smt2 : 37 ms.
--------------------------------------------------
sat
QF_NRA/hycomp/ball_count_1d_plain.02.seq_lazy_global_8.smt2 : 103 ms.
--------------------------------------------------
unsat
QF_NRA/hycomp/ball_count_1d_plain.02.seq_lazy_global_9.smt2 : 35 ms.
--------------------------------------------------
unsat
QF_NRA/hycomp/ball_count_1d_plain.02.seq_lazy_lemmas_global_0.smt2 : 28 ms.
--------------------------------------------------
sat
QF_NRA/hycomp/ball_count_1d_plain.02.seq_lazy_lemmas_global_10.smt2 : 1573 ms.
--------------------------------------------------
unsat
QF_NRA/hycomp/ball_count_1d_plain.02.seq_lazy_lemmas_global_11.smt2 : 237 ms.
--------------------------------------------------
sat
QF_NRA/hycomp/ball_count_1d_plain.02.seq_lazy_lemmas_global_12.smt2 : 15535 ms.
--------------------------------------------------
unsat
QF_NRA/hycomp/ball_count_1d_plain.02.seq_lazy_lemmas_global_13.smt2 : 38 ms.
--------------------------------------------------
timeout
QF_NRA/hycomp/ball_count_1d_plain.02.seq_lazy_lemmas_global_14.smt2 : 1800025 ms.
--------------------------------------------------
unsat
QF_NRA/hycomp/ball_count_1d_plain.02.seq_lazy_lemmas_global_15.smt2 : 46 ms.
--------------------------------------------------
unsat
QF_NRA/hycomp/ball_count_1d_plain.02.seq_lazy_lemmas_global_1.smt2 : 30 ms.
--------------------------------------------------
unsat
QF_NRA/hycomp/ball_count_1d_plain.02.seq_lazy_lemmas_global_2.smt2 : 43 ms.
--------------------------------------------------
unsat
QF_NRA/hycomp/ball_count_1d_plain.02.seq_lazy_lemmas_global_3.smt2 : 32 ms.
--------------------------------------------------
unsat
QF_NRA/hycomp/ball_count_1d_plain.02.seq_lazy_lemmas_global_4.smt2 : 88 ms.
--------------------------------------------------
unsat
QF_NRA/hycomp/ball_count_1d_plain.02.seq_lazy_lemmas_global_5.smt2 : 32 ms.
--------------------------------------------------
sat
QF_NRA/hycomp/ball_count_1d_plain.02.seq_lazy_lemmas_global_6.smt2 : 403 ms.
--------------------------------------------------
unsat
QF_NRA/hycomp/ball_count_1d_plain.02.seq_lazy_lemmas_global_7.smt2 : 36 ms.
--------------------------------------------------
sat
QF_NRA/hycomp/ball_count_1d_plain.02.seq_lazy_lemmas_global_8.smt2 : 127 ms.
--------------------------------------------------
unsat
QF_NRA/hycomp/ball_count_1d_plain.02.seq_lazy_lemmas_global_9.smt2 : 34 ms.
--------------------------------------------------
unsat
QF_NRA/hycomp/ball_count_1d_plain.02.seq_lazy_linear_enc_global_0.smt2 : 26 ms.
--------------------------------------------------
sat
QF_NRA/hycomp/ball_count_1d_plain.02.seq_lazy_linear_enc_global_10.smt2 : 104 ms.
--------------------------------------------------
unsat
QF_NRA/hycomp/ball_count_1d_plain.02.seq_lazy_linear_enc_global_11.smt2 : 32 ms.
--------------------------------------------------
sat
QF_NRA/hycomp/ball_count_1d_plain.02.seq_lazy_linear_enc_global_12.smt2 : 134 ms.
--------------------------------------------------
unsat
QF_NRA/hycomp/ball_count_1d_plain.02.seq_lazy_linear_enc_global_13.smt2 : 31 ms.
--------------------------------------------------
sat
QF_NRA/hycomp/ball_count_1d_plain.02.seq_lazy_linear_enc_global_14.smt2 : 1888 ms.
--------------------------------------------------
unsat
QF_NRA/hycomp/ball_count_1d_plain.02.seq_lazy_linear_enc_global_15.smt2 : 42 ms.
--------------------------------------------------
unsat
QF_NRA/hycomp/ball_count_1d_plain.02.seq_lazy_linear_enc_global_1.smt2 : 27 ms.
--------------------------------------------------
unsat
QF_NRA/hycomp/ball_count_1d_plain.02.seq_lazy_linear_enc_global_2.smt2 : 40 ms.
--------------------------------------------------
unsat
QF_NRA/hycomp/ball_count_1d_plain.02.seq_lazy_linear_enc_global_3.smt2 : 29 ms.
--------------------------------------------------
unsat
QF_NRA/hycomp/ball_count_1d_plain.02.seq_lazy_linear_enc_global_4.smt2 : 53 ms.
--------------------------------------------------
unsat
QF_NRA/hycomp/ball_count_1d_plain.02.seq_lazy_linear_enc_global_5.smt2 : 35 ms.
--------------------------------------------------
sat
QF_NRA/hycomp/ball_count_1d_plain.02.seq_lazy_linear_enc_global_6.smt2 : 64 ms.
--------------------------------------------------
unsat
QF_NRA/hycomp/ball_count_1d_plain.02.seq_lazy_linear_enc_global_7.smt2 : 32 ms.
--------------------------------------------------
sat
QF_NRA/hycomp/ball_count_1d_plain.02.seq_lazy_linear_enc_global_8.smt2 : 106 ms.
--------------------------------------------------
unsat
QF_NRA/hycomp/ball_count_1d_plain.02.seq_lazy_linear_enc_global_9.smt2 : 34 ms.
--------------------------------------------------
unsat
QF_NRA/hycomp/ball_count_1d_plain.02.seq_lazy_linear_enc_lemmas_global_0.smt2 : 27 ms.
--------------------------------------------------
sat
QF_NRA/hycomp/ball_count_1d_plain.02.seq_lazy_linear_enc_lemmas_global_10.smt2 : 343 ms.
--------------------------------------------------
unsat
QF_NRA/hycomp/ball_count_1d_plain.02.seq_lazy_linear_enc_lemmas_global_11.smt2 : 61 ms.
--------------------------------------------------
sat
QF_NRA/hycomp/ball_count_1d_plain.02.seq_lazy_linear_enc_lemmas_global_12.smt2 : 16855 ms.
--------------------------------------------------
unsat
QF_NRA/hycomp/ball_count_1d_plain.02.seq_lazy_linear_enc_lemmas_global_13.smt2 : 42 ms.
--------------------------------------------------
sat
QF_NRA/hycomp/ball_count_1d_plain.02.seq_lazy_linear_enc_lemmas_global_14.smt2 : 2834 ms.
--------------------------------------------------
unsat
QF_NRA/hycomp/ball_count_1d_plain.02.seq_lazy_linear_enc_lemmas_global_15.smt2 : 41 ms.
--------------------------------------------------
unsat
QF_NRA/hycomp/ball_count_1d_plain.02.seq_lazy_linear_enc_lemmas_global_1.smt2 : 29 ms.
--------------------------------------------------
unsat
QF_NRA/hycomp/ball_count_1d_plain.02.seq_lazy_linear_enc_lemmas_global_2.smt2 : 43 ms.
--------------------------------------------------
unsat
QF_NRA/hycomp/ball_count_1d_plain.02.seq_lazy_linear_enc_lemmas_global_3.smt2 : 37 ms.
--------------------------------------------------
unsat
QF_NRA/hycomp/ball_count_1d_plain.02.seq_lazy_linear_enc_lemmas_global_4.smt2 : 64 ms.
--------------------------------------------------
unsat
QF_NRA/hycomp/ball_count_1d_plain.02.seq_lazy_linear_enc_lemmas_global_5.smt2 : 32 ms.
--------------------------------------------------
sat
QF_NRA/hycomp/ball_count_1d_plain.02.seq_lazy_linear_enc_lemmas_global_6.smt2 : 308 ms.
--------------------------------------------------
unsat
QF_NRA/hycomp/ball_count_1d_plain.02.seq_lazy_linear_enc_lemmas_global_7.smt2 : 87 ms.
--------------------------------------------------
sat
QF_NRA/hycomp/ball_count_1d_plain.02.seq_lazy_linear_enc_lemmas_global_8.smt2 : 207 ms.
--------------------------------------------------
unsat
QF_NRA/hycomp/ball_count_1d_plain.02.seq_lazy_linear_enc_lemmas_global_9.smt2 : 74 ms.
--------------------------------------------------
unsat
QF_NRA/hycomp/ball_count_1d_plain.03.qfree_global_0.smt2 : 73 ms.
--------------------------------------------------
sat
QF_NRA/hycomp/ball_count_1d_plain.03.qfree_global_10.smt2 : 87 ms.
--------------------------------------------------
unsat
QF_NRA/hycomp/ball_count_1d_plain.03.qfree_global_11.smt2 : 54 ms.
--------------------------------------------------
sat
QF_NRA/hycomp/ball_count_1d_plain.03.qfree_global_12.smt2 : 114 ms.
--------------------------------------------------
unsat
QF_NRA/hycomp/ball_count_1d_plain.03.qfree_global_13.smt2 : 63 ms.
--------------------------------------------------
sat
QF_NRA/hycomp/ball_count_1d_plain.03.qfree_global_14.smt2 : 198 ms.
--------------------------------------------------
unsat
QF_NRA/hycomp/ball_count_1d_plain.03.qfree_global_15.smt2 : 69 ms.
--------------------------------------------------
unsat
QF_NRA/hycomp/ball_count_1d_plain.03.qfree_global_1.smt2 : 31 ms.
