--------------------------------------------------
unsat
QF_NRA/hycomp/ball_count_1d_plain.05.redlog_global_0.smt2 : 30 ms.
--------------------------------------------------
timeout
QF_NRA/hycomp/ball_count_1d_plain.05.redlog_global_10.smt2 : 1800036 ms.
--------------------------------------------------
unsat
QF_NRA/hycomp/ball_count_1d_plain.05.redlog_global_11.smt2 : 72 ms.
--------------------------------------------------
timeout
QF_NRA/hycomp/ball_count_1d_plain.05.redlog_global_12.smt2 : 1800031 ms.
--------------------------------------------------
unsat
QF_NRA/hycomp/ball_count_1d_plain.05.redlog_global_13.smt2 : 147 ms.
--------------------------------------------------
timeout
QF_NRA/hycomp/ball_count_1d_plain.05.redlog_global_14.smt2 : 1800023 ms.
--------------------------------------------------
unsat
QF_NRA/hycomp/ball_count_1d_plain.05.redlog_global_15.smt2 : 84 ms.
--------------------------------------------------
unsat
QF_NRA/hycomp/ball_count_1d_plain.05.redlog_global_1.smt2 : 31 ms.
--------------------------------------------------
unsat
QF_NRA/hycomp/ball_count_1d_plain.05.redlog_global_2.smt2 : 44 ms.
--------------------------------------------------
unsat
QF_NRA/hycomp/ball_count_1d_plain.05.redlog_global_3.smt2 : 52 ms.
--------------------------------------------------
unsat
QF_NRA/hycomp/ball_count_1d_plain.05.redlog_global_4.smt2 : 58 ms.
--------------------------------------------------
unsat
QF_NRA/hycomp/ball_count_1d_plain.05.redlog_global_5.smt2 : 45 ms.
--------------------------------------------------
unsat
QF_NRA/hycomp/ball_count_1d_plain.05.redlog_global_6.smt2 : 145 ms.
--------------------------------------------------
unsat
QF_NRA/hycomp/ball_count_1d_plain.05.redlog_global_7.smt2 : 53 ms.
--------------------------------------------------
unsat
QF_NRA/hycomp/ball_count_1d_plain.05.redlog_global_8.smt2 : 5168 ms.
--------------------------------------------------
unsat
QF_NRA/hycomp/ball_count_1d_plain.05.redlog_global_9.smt2 : 60 ms.
--------------------------------------------------
unsat
QF_NRA/hycomp/ball_count_1d_plain.05.seq_lazy_global_0.smt2 : 30 ms.
--------------------------------------------------
unsat
QF_NRA/hycomp/ball_count_1d_plain.05.seq_lazy_global_10.smt2 : 15065 ms.
--------------------------------------------------
unsat
QF_NRA/hycomp/ball_count_1d_plain.05.seq_lazy_global_11.smt2 : 62 ms.
--------------------------------------------------
unsat
QF_NRA/hycomp/ball_count_1d_plain.05.seq_lazy_global_12.smt2 : 15095 ms.
--------------------------------------------------
unsat
QF_NRA/hycomp/ball_count_1d_plain.05.seq_lazy_global_13.smt2 : 66 ms.
--------------------------------------------------
unsat
QF_NRA/hycomp/ball_count_1d_plain.05.seq_lazy_global_14.smt2 : 15122 ms.
--------------------------------------------------
unsat
QF_NRA/hycomp/ball_count_1d_plain.05.seq_lazy_global_15.smt2 : 76 ms.
--------------------------------------------------
unsat
QF_NRA/hycomp/ball_count_1d_plain.05.seq_lazy_global_1.smt2 : 30 ms.
--------------------------------------------------
unsat
QF_NRA/hycomp/ball_count_1d_plain.05.seq_lazy_global_2.smt2 : 43 ms.
--------------------------------------------------
unsat
QF_NRA/hycomp/ball_count_1d_plain.05.seq_lazy_global_3.smt2 : 46 ms.
--------------------------------------------------
unsat
QF_NRA/hycomp/ball_count_1d_plain.05.seq_lazy_global_4.smt2 : 46 ms.
--------------------------------------------------
unsat
QF_NRA/hycomp/ball_count_1d_plain.05.seq_lazy_global_5.smt2 : 45 ms.
--------------------------------------------------
unsat
QF_NRA/hycomp/ball_count_1d_plain.05.seq_lazy_global_6.smt2 : 75 ms.
--------------------------------------------------
unsat
QF_NRA/hycomp/ball_count_1d_plain.05.seq_lazy_global_7.smt2 : 53 ms.
--------------------------------------------------
unsat
QF_NRA/hycomp/ball_count_1d_plain.05.seq_lazy_global_8.smt2 : 444 ms.
--------------------------------------------------
unsat
QF_NRA/hycomp/ball_count_1d_plain.05.seq_lazy_global_9.smt2 : 61 ms.
--------------------------------------------------
unsat
QF_NRA/hycomp/ball_count_1d_plain.05.seq_lazy_lemmas_global_0.smt2 : 24 ms.
--------------------------------------------------
unsat
QF_NRA/hycomp/ball_count_1d_plain.05.seq_lazy_lemmas_global_10.smt2 : 15126 ms.
--------------------------------------------------
unsat
QF_NRA/hycomp/ball_count_1d_plain.05.seq_lazy_lemmas_global_11.smt2 : 122 ms.
--------------------------------------------------
unsat
QF_NRA/hycomp/ball_count_1d_plain.05.seq_lazy_lemmas_global_12.smt2 : 15291 ms.
--------------------------------------------------
unsat
QF_NRA/hycomp/ball_count_1d_plain.05.seq_lazy_lemmas_global_13.smt2 : 84 ms.
--------------------------------------------------
unsat
QF_NRA/hycomp/ball_count_1d_plain.05.seq_lazy_lemmas_global_14.smt2 : 15228 ms.
--------------------------------------------------
unsat
QF_NRA/hycomp/ball_count_1d_plain.05.seq_lazy_lemmas_global_15.smt2 : 93 ms.
--------------------------------------------------
unsat
QF_NRA/hycomp/ball_count_1d_plain.05.seq_lazy_lemmas_global_1.smt2 : 37 ms.
--------------------------------------------------
unsat
QF_NRA/hycomp/ball_count_1d_plain.05.seq_lazy_lemmas_global_2.smt2 : 152 ms.
--------------------------------------------------
unsat
QF_NRA/hycomp/ball_count_1d_plain.05.seq_lazy_lemmas_global_3.smt2 : 179 ms.
--------------------------------------------------
unsat
QF_NRA/hycomp/ball_count_1d_plain.05.seq_lazy_lemmas_global_4.smt2 : 188 ms.
--------------------------------------------------
unsat
QF_NRA/hycomp/ball_count_1d_plain.05.seq_lazy_lemmas_global_5.smt2 : 67 ms.
--------------------------------------------------
unsat
QF_NRA/hycomp/ball_count_1d_plain.05.seq_lazy_lemmas_global_6.smt2 : 1688 ms.
--------------------------------------------------
unsat
QF_NRA/hycomp/ball_count_1d_plain.05.seq_lazy_lemmas_global_7.smt2 : 61 ms.
--------------------------------------------------
unsat
QF_NRA/hycomp/ball_count_1d_plain.05.seq_lazy_lemmas_global_8.smt2 : 15438 ms.
--------------------------------------------------
unsat
QF_NRA/hycomp/ball_count_1d_plain.05.seq_lazy_lemmas_global_9.smt2 : 59 ms.
--------------------------------------------------
unsat
QF_NRA/hycomp/ball_count_1d_plain.05.seq_lazy_linear_enc_global_0.smt2 : 28 ms.
--------------------------------------------------
unsat
QF_NRA/hycomp/ball_count_1d_plain.05.seq_lazy_linear_enc_global_10.smt2 : 15082 ms.
--------------------------------------------------
unsat
QF_NRA/hycomp/ball_count_1d_plain.05.seq_lazy_linear_enc_global_11.smt2 : 73 ms.
--------------------------------------------------
unsat
QF_NRA/hycomp/ball_count_1d_plain.05.seq_lazy_linear_enc_global_12.smt2 : 15111 ms.
--------------------------------------------------
unsat
QF_NRA/hycomp/ball_count_1d_plain.05.seq_lazy_linear_enc_global_13.smt2 : 69 ms.
--------------------------------------------------
unsat
QF_NRA/hycomp/ball_count_1d_plain.05.seq_lazy_linear_enc_global_14.smt2 : 15136 ms.
--------------------------------------------------
unsat
QF_NRA/hycomp/ball_count_1d_plain.05.seq_lazy_linear_enc_global_15.smt2 : 73 ms.
--------------------------------------------------
unsat
QF_NRA/hycomp/ball_count_1d_plain.05.seq_lazy_linear_enc_global_1.smt2 : 49 ms.
--------------------------------------------------
unsat
QF_NRA/hycomp/ball_count_1d_plain.05.seq_lazy_linear_enc_global_2.smt2 : 43 ms.
--------------------------------------------------
unsat
QF_NRA/hycomp/ball_count_1d_plain.05.seq_lazy_linear_enc_global_3.smt2 : 62 ms.
--------------------------------------------------
unsat
QF_NRA/hycomp/ball_count_1d_plain.05.seq_lazy_linear_enc_global_4.smt2 : 54 ms.
--------------------------------------------------
unsat
QF_NRA/hycomp/ball_count_1d_plain.05.seq_lazy_linear_enc_global_5.smt2 : 53 ms.
--------------------------------------------------
unsat
QF_NRA/hycomp/ball_count_1d_plain.05.seq_lazy_linear_enc_global_6.smt2 : 77 ms.
--------------------------------------------------
unsat
QF_NRA/hycomp/ball_count_1d_plain.05.seq_lazy_linear_enc_global_7.smt2 : 57 ms.
--------------------------------------------------
unsat
QF_NRA/hycomp/ball_count_1d_plain.05.seq_lazy_linear_enc_global_8.smt2 : 429 ms.
--------------------------------------------------
unsat
QF_NRA/hycomp/ball_count_1d_plain.05.seq_lazy_linear_enc_global_9.smt2 : 55 ms.
--------------------------------------------------
unsat
QF_NRA/hycomp/ball_count_1d_plain.05.seq_lazy_linear_enc_lemmas_global_0.smt2 : 28 ms.
--------------------------------------------------
unsat
QF_NRA/hycomp/ball_count_1d_plain.05.seq_lazy_linear_enc_lemmas_global_10.smt2 : 15105 ms.
--------------------------------------------------
unsat
QF_NRA/hycomp/ball_count_1d_plain.05.seq_lazy_linear_enc_lemmas_global_11.smt2 : 196 ms.
--------------------------------------------------
unsat
QF_NRA/hycomp/ball_count_1d_plain.05.seq_lazy_linear_enc_lemmas_global_12.smt2 : 15313 ms.
--------------------------------------------------
unsat
QF_NRA/hycomp/ball_count_1d_plain.05.seq_lazy_linear_enc_lemmas_global_13.smt2 : 85 ms.
--------------------------------------------------
unsat
QF_NRA/hycomp/ball_count_1d_plain.05.seq_lazy_linear_enc_lemmas_global_14.smt2 : 15153 ms.
--------------------------------------------------
unsat
QF_NRA/hycomp/ball_count_1d_plain.05.seq_lazy_linear_enc_lemmas_global_15.smt2 : 85 ms.
--------------------------------------------------
unsat
QF_NRA/hycomp/ball_count_1d_plain.05.seq_lazy_linear_enc_lemmas_global_1.smt2 : 30 ms.
--------------------------------------------------
unsat
QF_NRA/hycomp/ball_count_1d_plain.05.seq_lazy_linear_enc_lemmas_global_2.smt2 : 42 ms.
--------------------------------------------------
unsat
QF_NRA/hycomp/ball_count_1d_plain.05.seq_lazy_linear_enc_lemmas_global_3.smt2 : 50 ms.
--------------------------------------------------
unsat
QF_NRA/hycomp/ball_count_1d_plain.05.seq_lazy_linear_enc_lemmas_global_4.smt2 : 106 ms.
--------------------------------------------------
unsat
QF_NRA/hycomp/ball_count_1d_plain.05.seq_lazy_linear_enc_lemmas_global_5.smt2 : 51 ms.
--------------------------------------------------
unsat
QF_NRA/hycomp/ball_count_1d_plain.05.seq_lazy_linear_enc_lemmas_global_6.smt2 : 276 ms.
--------------------------------------------------
unsat
QF_NRA/hycomp/ball_count_1d_plain.05.seq_lazy_linear_enc_lemmas_global_7.smt2 : 55 ms.
--------------------------------------------------
unsat
QF_NRA/hycomp/ball_count_1d_plain.05.seq_lazy_linear_enc_lemmas_global_8.smt2 : 15094 ms.
--------------------------------------------------
unsat
QF_NRA/hycomp/ball_count_1d_plain.05.seq_lazy_linear_enc_lemmas_global_9.smt2 : 71 ms.
--------------------------------------------------
unsat
QF_NRA/hycomp/ball_count_1d_plain.10.qfree_global_0.smt2 : 28 ms.
--------------------------------------------------
unsat
QF_NRA/hycomp/ball_count_1d_plain.10.qfree_global_10.smt2 : 287 ms.
--------------------------------------------------
unsat
QF_NRA/hycomp/ball_count_1d_plain.10.qfree_global_11.smt2 : 32 ms.
--------------------------------------------------
unsat
QF_NRA/hycomp/ball_count_1d_plain.10.qfree_global_12.smt2 : 15075 ms.
--------------------------------------------------
unsat
QF_NRA/hycomp/ball_count_1d_plain.10.qfree_global_13.smt2 : 38 ms.
--------------------------------------------------
unsat
QF_NRA/hycomp/ball_count_1d_plain.10.qfree_global_14.smt2 : 15089 ms.
--------------------------------------------------
unsat
QF_NRA/hycomp/ball_count_1d_plain.10.qfree_global_15.smt2 : 49 ms.
--------------------------------------------------
unsat
QF_NRA/hycomp/ball_count_1d_plain.10.qfree_global_1.smt2 : 29 ms.
--------------------------------------------------
unsat
QF_NRA/hycomp/ball_count_1d_plain.10.qfree_global_2.smt2 : 30 ms.
--------------------------------------------------
unsat
QF_NRA/hycomp/ball_count_1d_plain.10.qfree_global_3.smt2 : 29 ms.
--------------------------------------------------
unsat
QF_NRA/hycomp/ball_count_1d_plain.10.qfree_global_4.smt2 : 45 ms.
--------------------------------------------------
unsat
QF_NRA/hycomp/ball_count_1d_plain.10.qfree_global_5.smt2 : 33 ms.
--------------------------------------------------
unsat
QF_NRA/hycomp/ball_count_1d_plain.10.qfree_global_6.smt2 : 60 ms.
--------------------------------------------------
unsat
QF_NRA/hycomp/ball_count_1d_plain.10.qfree_global_7.smt2 : 31 ms.
--------------------------------------------------
unsat
QF_NRA/hycomp/ball_count_1d_plain.10.qfree_global_8.smt2 : 91 ms.
--------------------------------------------------
unsat
QF_NRA/hycomp/ball_count_1d_plain.10.qfree_global_9.smt2 : 32 ms.
--------------------------------------------------
unsat
QF_NRA/hycomp/ball_count_1d_plain.10.redlog_global_0.smt2 : 28 ms.
--------------------------------------------------
unsat
QF_NRA/hycomp/ball_count_1d_plain.10.redlog_global_10.smt2 : 15067 ms.
--------------------------------------------------
unsat
QF_NRA/hycomp/ball_count_1d_plain.10.redlog_global_11.smt2 : 40 ms.
--------------------------------------------------
unsat
QF_NRA/hycomp/ball_count_1d_plain.10.redlog_global_12.smt2 : 15105 ms.
--------------------------------------------------
unsat
QF_NRA/hycomp/ball_count_1d_plain.10.redlog_global_13.smt2 : 42 ms.
--------------------------------------------------
unsat
QF_NRA/hycomp/ball_count_1d_plain.10.redlog_global_14.smt2 : 15094 ms.
--------------------------------------------------
unsat
QF_NRA/hycomp/ball_count_1d_plain.10.redlog_global_15.smt2 : 46 ms.
--------------------------------------------------
unsat
QF_NRA/hycomp/ball_count_1d_plain.10.redlog_global_1.smt2 : 35 ms.
--------------------------------------------------
unsat
QF_NRA/hycomp/ball_count_1d_plain.10.redlog_global_2.smt2 : 35 ms.
--------------------------------------------------
unsat
QF_NRA/hycomp/ball_count_1d_plain.10.redlog_global_3.smt2 : 34 ms.
--------------------------------------------------
unsat
QF_NRA/hycomp/ball_count_1d_plain.10.redlog_global_4.smt2 : 61 ms.
--------------------------------------------------
unsat
QF_NRA/hycomp/ball_count_1d_plain.10.redlog_global_5.smt2 : 35 ms.
--------------------------------------------------
unsat
QF_NRA/hycomp/ball_count_1d_plain.10.redlog_global_6.smt2 : 122 ms.
--------------------------------------------------
unsat
QF_NRA/hycomp/ball_count_1d_plain.10.redlog_global_7.smt2 : 31 ms.
--------------------------------------------------
unsat
QF_NRA/hycomp/ball_count_1d_plain.10.redlog_global_8.smt2 : 15072 ms.
--------------------------------------------------
unsat
QF_NRA/hycomp/ball_count_1d_plain.10.redlog_global_9.smt2 : 47 ms.
--------------------------------------------------
unsat
QF_NRA/hycomp/ball_count_1d_plain.10.seq_lazy_global_0.smt2 : 35 ms.
--------------------------------------------------
unsat
QF_NRA/hycomp/ball_count_1d_plain.10.seq_lazy_global_10.smt2 : 15071 ms.
--------------------------------------------------
unsat
QF_NRA/hycomp/ball_count_1d_plain.10.seq_lazy_global_11.smt2 : 39 ms.
--------------------------------------------------
unsat
QF_NRA/hycomp/ball_count_1d_plain.10.seq_lazy_global_12.smt2 : 15098 ms.
--------------------------------------------------
unsat
QF_NRA/hycomp/ball_count_1d_plain.10.seq_lazy_global_13.smt2 : 42 ms.
--------------------------------------------------
unsat
QF_NRA/hycomp/ball_count_1d_plain.10.seq_lazy_global_14.smt2 : 15133 ms.
--------------------------------------------------
unsat
QF_NRA/hycomp/ball_count_1d_plain.10.seq_lazy_global_15.smt2 : 81 ms.
--------------------------------------------------
unsat
QF_NRA/hycomp/ball_count_1d_plain.10.seq_lazy_global_1.smt2 : 74 ms.
--------------------------------------------------
unsat
QF_NRA/hycomp/ball_count_1d_plain.10.seq_lazy_global_2.smt2 : 75 ms.
--------------------------------------------------
unsat
QF_NRA/hycomp/ball_count_1d_plain.10.seq_lazy_global_3.smt2 : 79 ms.
--------------------------------------------------
unsat
QF_NRA/hycomp/ball_count_1d_plain.10.seq_lazy_global_4.smt2 : 185 ms.
--------------------------------------------------
unsat
QF_NRA/hycomp/ball_count_1d_plain.10.seq_lazy_global_5.smt2 : 65 ms.
--------------------------------------------------
unsat
QF_NRA/hycomp/ball_count_1d_plain.10.seq_lazy_global_6.smt2 : 65 ms.
--------------------------------------------------
unsat
QF_NRA/hycomp/ball_count_1d_plain.10.seq_lazy_global_7.smt2 : 29 ms.
--------------------------------------------------
unsat
QF_NRA/hycomp/ball_count_1d_plain.10.seq_lazy_global_8.smt2 : 160 ms.
--------------------------------------------------
unsat
QF_NRA/hycomp/ball_count_1d_plain.10.seq_lazy_global_9.smt2 : 31 ms.
--------------------------------------------------
unsat
QF_NRA/hycomp/ball_count_1d_plain.10.seq_lazy_lemmas_global_0.smt2 : 25 ms.
--------------------------------------------------
unsat
QF_NRA/hycomp/ball_count_1d_plain.10.seq_lazy_lemmas_global_10.smt2 : 15075 ms.
--------------------------------------------------
unsat
QF_NRA/hycomp/ball_count_1d_plain.10.seq_lazy_lemmas_global_11.smt2 : 53 ms.
--------------------------------------------------
unsat
QF_NRA/hycomp/ball_count_1d_plain.10.seq_lazy_lemmas_global_12.smt2 : 15190 ms.
--------------------------------------------------
unsat
QF_NRA/hycomp/ball_count_1d_plain.10.seq_lazy_lemmas_global_13.smt2 : 43 ms.
--------------------------------------------------
unsat
QF_NRA/hycomp/ball_count_1d_plain.10.seq_lazy_lemmas_global_14.smt2 : 15086 ms.
--------------------------------------------------
unsat
QF_NRA/hycomp/ball_count_1d_plain.10.seq_lazy_lemmas_global_15.smt2 : 45 ms.
--------------------------------------------------
unsat
QF_NRA/hycomp/ball_count_1d_plain.10.seq_lazy_lemmas_global_1.smt2 : 33 ms.
--------------------------------------------------
unsat
QF_NRA/hycomp/ball_count_1d_plain.10.seq_lazy_lemmas_global_2.smt2 : 37 ms.
--------------------------------------------------
unsat
QF_NRA/hycomp/ball_count_1d_plain.10.seq_lazy_lemmas_global_3.smt2 : 35 ms.
--------------------------------------------------
unsat
QF_NRA/hycomp/ball_count_1d_plain.10.seq_lazy_lemmas_global_4.smt2 : 136 ms.
--------------------------------------------------
unsat
QF_NRA/hycomp/ball_count_1d_plain.10.seq_lazy_lemmas_global_5.smt2 : 35 ms.
--------------------------------------------------
unsat
QF_NRA/hycomp/ball_count_1d_plain.10.seq_lazy_lemmas_global_6.smt2 : 589 ms.
--------------------------------------------------
unsat
QF_NRA/hycomp/ball_count_1d_plain.10.seq_lazy_lemmas_global_7.smt2 : 37 ms.
--------------------------------------------------
unsat
QF_NRA/hycomp/ball_count_1d_plain.10.seq_lazy_lemmas_global_8.smt2 : 15077 ms.
--------------------------------------------------
unsat
QF_NRA/hycomp/ball_count_1d_plain.10.seq_lazy_lemmas_global_9.smt2 : 40 ms.
--------------------------------------------------
unsat
QF_NRA/hycomp/ball_count_1d_plain.10.seq_lazy_linear_enc_global_0.smt2 : 29 ms.
--------------------------------------------------
unsat
QF_NRA/hycomp/ball_count_1d_plain.10.seq_lazy_linear_enc_global_10.smt2 : 15103 ms.
--------------------------------------------------
unsat
QF_NRA/hycomp/ball_count_1d_plain.10.seq_lazy_linear_enc_global_11.smt2 : 46 ms.
--------------------------------------------------
unsat
QF_NRA/hycomp/ball_count_1d_plain.10.seq_lazy_linear_enc_global_12.smt2 : 15072 ms.
--------------------------------------------------
unsat
QF_NRA/hycomp/ball_count_1d_plain.10.seq_lazy_linear_enc_global_13.smt2 : 44 ms.
--------------------------------------------------
unsat
QF_NRA/hycomp/ball_count_1d_plain.10.seq_lazy_linear_enc_global_14.smt2 : 15096 ms.
--------------------------------------------------
unsat
QF_NRA/hycomp/ball_count_1d_plain.10.seq_lazy_linear_enc_global_15.smt2 : 38 ms.
--------------------------------------------------
unsat
QF_NRA/hycomp/ball_count_1d_plain.10.seq_lazy_linear_enc_global_1.smt2 : 26 ms.
--------------------------------------------------
unsat
QF_NRA/hycomp/ball_count_1d_plain.10.seq_lazy_linear_enc_global_2.smt2 : 27 ms.
--------------------------------------------------
unsat
QF_NRA/hycomp/ball_count_1d_plain.10.seq_lazy_linear_enc_global_3.smt2 : 28 ms.
--------------------------------------------------
unsat
QF_NRA/hycomp/ball_count_1d_plain.10.seq_lazy_linear_enc_global_4.smt2 : 46 ms.
--------------------------------------------------
unsat
QF_NRA/hycomp/ball_count_1d_plain.10.seq_lazy_linear_enc_global_5.smt2 : 30 ms.
--------------------------------------------------
unsat
QF_NRA/hycomp/ball_count_1d_plain.10.seq_lazy_linear_enc_global_6.smt2 : 66 ms.
--------------------------------------------------
unsat
QF_NRA/hycomp/ball_count_1d_plain.10.seq_lazy_linear_enc_global_7.smt2 : 30 ms.
--------------------------------------------------
unsat
QF_NRA/hycomp/ball_count_1d_plain.10.seq_lazy_linear_enc_global_8.smt2 : 170 ms.
--------------------------------------------------
unsat
QF_NRA/hycomp/ball_count_1d_plain.10.seq_lazy_linear_enc_global_9.smt2 : 32 ms.
--------------------------------------------------
unsat
QF_NRA/hycomp/ball_count_1d_plain.10.seq_lazy_linear_enc_lemmas_global_0.smt2 : 25 ms.
--------------------------------------------------
unsat
QF_NRA/hycomp/ball_count_1d_plain.10.seq_lazy_linear_enc_lemmas_global_10.smt2 : 15141 ms.
--------------------------------------------------
unsat
QF_NRA/hycomp/ball_count_1d_plain.10.seq_lazy_linear_enc_lemmas_global_11.smt2 : 41 ms.
--------------------------------------------------
unsat
QF_NRA/hycomp/ball_count_1d_plain.10.seq_lazy_linear_enc_lemmas_global_12.smt2 : 15085 ms.
--------------------------------------------------
unsat
QF_NRA/hycomp/ball_count_1d_plain.10.seq_lazy_linear_enc_lemmas_global_13.smt2 : 46 ms.
--------------------------------------------------
unsat
QF_NRA/hycomp/ball_count_1d_plain.10.seq_lazy_linear_enc_lemmas_global_14.smt2 : 15077 ms.
--------------------------------------------------
unsat
QF_NRA/hycomp/ball_count_1d_plain.10.seq_lazy_linear_enc_lemmas_global_15.smt2 : 42 ms.
--------------------------------------------------
unsat
QF_NRA/hycomp/ball_count_1d_plain.10.seq_lazy_linear_enc_lemmas_global_1.smt2 : 27 ms.
--------------------------------------------------
unsat
QF_NRA/hycomp/ball_count_1d_plain.10.seq_lazy_linear_enc_lemmas_global_2.smt2 : 29 ms.
--------------------------------------------------
unsat
QF_NRA/hycomp/ball_count_1d_plain.10.seq_lazy_linear_enc_lemmas_global_3.smt2 : 28 ms.
--------------------------------------------------
unsat
QF_NRA/hycomp/ball_count_1d_plain.10.seq_lazy_linear_enc_lemmas_global_4.smt2 : 88 ms.
--------------------------------------------------
unsat
QF_NRA/hycomp/ball_count_1d_plain.10.seq_lazy_linear_enc_lemmas_global_5.smt2 : 35 ms.
--------------------------------------------------
unsat
QF_NRA/hycomp/ball_count_1d_plain.10.seq_lazy_linear_enc_lemmas_global_6.smt2 : 216 ms.
--------------------------------------------------
unsat
QF_NRA/hycomp/ball_count_1d_plain.10.seq_lazy_linear_enc_lemmas_global_7.smt2 : 39 ms.
--------------------------------------------------
unsat
QF_NRA/hycomp/ball_count_1d_plain.10.seq_lazy_linear_enc_lemmas_global_8.smt2 : 15560 ms.
--------------------------------------------------
unsat
QF_NRA/hycomp/ball_count_1d_plain.10.seq_lazy_linear_enc_lemmas_global_9.smt2 : 38 ms.
--------------------------------------------------
unsat
QF_NRA/hycomp/ball_count_2d_hill.01.redlog_global_0.smt2 : 25 ms.
--------------------------------------------------
sat
QF_NRA/hycomp/ball_count_2d_hill.01.redlog_global_10.smt2 : 484 ms.
--------------------------------------------------
unsat
QF_NRA/hycomp/ball_count_2d_hill.01.redlog_global_11.smt2 : 89 ms.
--------------------------------------------------
sat
QF_NRA/hycomp/ball_count_2d_hill.01.redlog_global_12.smt2 : 842 ms.
--------------------------------------------------
unsat
QF_NRA/hycomp/ball_count_2d_hill.01.redlog_global_13.smt2 : 58 ms.
--------------------------------------------------
sat
QF_NRA/hycomp/ball_count_2d_hill.01.redlog_global_14.smt2 : 1148 ms.
--------------------------------------------------
unsat
QF_NRA/hycomp/ball_count_2d_hill.01.redlog_global_15.smt2 : 68 ms.
--------------------------------------------------
unsat
QF_NRA/hycomp/ball_count_2d_hill.01.redlog_global_1.smt2 : 36 ms.
--------------------------------------------------
sat
QF_NRA/hycomp/ball_count_2d_hill.01.redlog_global_2.smt2 : 119 ms.
--------------------------------------------------
unsat
QF_NRA/hycomp/ball_count_2d_hill.01.redlog_global_3.smt2 : 39 ms.
--------------------------------------------------
sat
QF_NRA/hycomp/ball_count_2d_hill.01.redlog_global_4.smt2 : 188 ms.
--------------------------------------------------
unsat
QF_NRA/hycomp/ball_count_2d_hill.01.redlog_global_5.smt2 : 36 ms.
--------------------------------------------------
sat
QF_NRA/hycomp/ball_count_2d_hill.01.redlog_global_6.smt2 : 198 ms.
--------------------------------------------------
unsat
QF_NRA/hycomp/ball_count_2d_hill.01.redlog_global_7.smt2 : 42 ms.
--------------------------------------------------
sat
QF_NRA/hycomp/ball_count_2d_hill.01.redlog_global_8.smt2 : 372 ms.
--------------------------------------------------
unsat
QF_NRA/hycomp/ball_count_2d_hill.01.redlog_global_9.smt2 : 49 ms.
--------------------------------------------------
unsat
QF_NRA/hycomp/ball_count_2d_hill.01.seq_lazy_global_0.smt2 : 27 ms.
--------------------------------------------------
sat
QF_NRA/hycomp/ball_count_2d_hill.01.seq_lazy_global_10.smt2 : 128 ms.
--------------------------------------------------
unsat
QF_NRA/hycomp/ball_count_2d_hill.01.seq_lazy_global_11.smt2 : 47 ms.
--------------------------------------------------
sat
QF_NRA/hycomp/ball_count_2d_hill.01.seq_lazy_global_12.smt2 : 144 ms.
--------------------------------------------------
unsat
QF_NRA/hycomp/ball_count_2d_hill.01.seq_lazy_global_13.smt2 : 43 ms.
--------------------------------------------------
sat
QF_NRA/hycomp/ball_count_2d_hill.01.seq_lazy_global_14.smt2 : 172 ms.
--------------------------------------------------
unsat
QF_NRA/hycomp/ball_count_2d_hill.01.seq_lazy_global_15.smt2 : 49 ms.
--------------------------------------------------
unsat
QF_NRA/hycomp/ball_count_2d_hill.01.seq_lazy_global_1.smt2 : 31 ms.
