--------------------------------------------------
unsat
QF_SLIA/20230327-stringfuzz-lu/generated/variants/fb118270.smt2 : 94 ms.
--------------------------------------------------
unsat
QF_SLIA/20230327-stringfuzz-lu/generated/variants/fb869327.smt2 : 90 ms.
--------------------------------------------------
sat
QF_SLIA/20230327-stringfuzz-lu/generated/variants/358a5c68.smt2 : 212541 ms.
--------------------------------------------------
sat
QF_SLIA/20230327-stringfuzz-lu/generated/variants/35f46503.smt2 : 427409 ms.
--------------------------------------------------
sat
QF_SLIA/20230327-stringfuzz-lu/generated/variants/373a90cc.smt2 : 290979 ms.
--------------------------------------------------
timeout
QF_SLIA/20230327-stringfuzz-lu/generated/variants/3799dc4a.smt2 : 1200073 ms.
--------------------------------------------------
timeout
QF_SLIA/20230327-stringfuzz-lu/generated/variants/37a35a7e.smt2 : 1212551 ms.
--------------------------------------------------
unsat
QF_SLIA/20230327-stringfuzz-lu/generated/variants/382e5cbb.smt2 : 112 ms.
--------------------------------------------------
timeout
QF_SLIA/20230327-stringfuzz-lu/generated/variants/38742592.smt2 : 1200071 ms.
--------------------------------------------------
sat
QF_SLIA/20230327-stringfuzz-lu/generated/variants/3bc3abcc.smt2 : 343942 ms.
--------------------------------------------------
sat
QF_SLIA/20230327-stringfuzz-lu/generated/variants/3cb9b229.smt2 : 404776 ms.
