--------------------------------------------------
sat
(objectives
 (a1317 0)
)
OMT_LIA/20220307-SMPT/Diffusion2D-PT-D40N010/RF-04.smt2 : 486 ms.
--------------------------------------------------
sat
(objectives
 (cAMP__15_10_ 8)
)
OMT_LIA/20220307-SMPT/Diffusion2D-PT-D40N010/RF-07.smt2 : 1550 ms.
--------------------------------------------------
sat
(objectives
 (cAMP__4_27_ 8)
)
OMT_LIA/20220307-SMPT/Diffusion2D-PT-D40N010/RF-02.smt2 : 1458 ms.
--------------------------------------------------
sat
(objectives
 (cAMP__26_4_ 0)
)
OMT_LIA/20220307-SMPT/Diffusion2D-PT-D40N010/RF-00.smt2 : 1214 ms.
--------------------------------------------------
sat
(objectives
 (cAMP__22_23_ 9)
)
OMT_LIA/20220307-SMPT/Diffusion2D-PT-D40N010/RF-11.smt2 : 1416 ms.
