--------------------------------------------------
sat
(objectives
 (a9977 1)
)
OMT_LIA/20220307-SMPT/RwMutex-PT-r2000w0010/RF-15.smt2 : 3016 ms.
--------------------------------------------------
sat
(objectives
 (a10024 1)
)
OMT_LIA/20220307-SMPT/RwMutex-PT-r2000w0010/RC-15.smt2 : 2780 ms.
--------------------------------------------------
sat
(objectives
 (a4830 1)
)
OMT_LIA/20220307-SMPT/RwMutex-PT-r2000w0010/RF-13.smt2 : 2499 ms.
--------------------------------------------------
sat
(objectives
 (p2429 1)
)
OMT_LIA/20220307-SMPT/RwMutex-PT-r2000w0010/RC-03.smt2 : 1861 ms.
--------------------------------------------------
sat
(objectives
 (a23681 1)
)
OMT_LIA/20220307-SMPT/RwMutex-PT-r2000w0010/RF-04.smt2 : 1686 ms.
