--------------------------------------------------
sat
(objectives
 (TrainState_5_1_15 0)
)
OMT_LIA/20220307-SMPT/BART-PT-020/RF-13.smt2 : 932 ms.
--------------------------------------------------
sat
(objectives
 (a2569 1)
)
OMT_LIA/20220307-SMPT/BART-PT-020/RF-04.smt2 : 1043 ms.
--------------------------------------------------
sat
(objectives
 (a1819 1)
)
OMT_LIA/20220307-SMPT/BART-PT-020/RF-07.smt2 : 1243 ms.
--------------------------------------------------
sat
(objectives
 (a2609 1)
)
OMT_LIA/20220307-SMPT/BART-PT-020/RF-02.smt2 : 923 ms.
--------------------------------------------------
sat
(objectives
 (TrainState_13_2_30 1)
)
OMT_LIA/20220307-SMPT/BART-PT-020/RF-00.smt2 : 1060 ms.
