--------------------------------------------------
sat
(objectives
 (a1422 0)
)
OMT_LIA/20220307-SMPT/RwMutex-PT-r0010w0500/RC-00.smt2 : 1741 ms.
--------------------------------------------------
sat
(objectives
 (a3198 0)
)
OMT_LIA/20220307-SMPT/RwMutex-PT-r0010w0500/RF-06.smt2 : 1681 ms.
--------------------------------------------------
sat
(objectives
 (a5253 1)
)
OMT_LIA/20220307-SMPT/RwMutex-PT-r0010w0500/RF-01.smt2 : 2160 ms.
--------------------------------------------------
sat
(objectives
 (a2277 0)
)
OMT_LIA/20220307-SMPT/RwMutex-PT-r0010w0500/RC-05.smt2 : 2304 ms.
--------------------------------------------------
sat
(objectives
 (p223 1)
)
OMT_LIA/20220307-SMPT/RwMutex-PT-r0010w0500/RC-04.smt2 : 1727 ms.
