--------------------------------------------------
sat
(objectives
 (a3908 1)
)
OMT_LIA/20220307-SMPT/BART-PT-050/RF-12.smt2 : 2539 ms.
--------------------------------------------------
sat
(objectives
 (a2445 0)
)
OMT_LIA/20220307-SMPT/BART-PT-050/RF-05.smt2 : 2079 ms.
--------------------------------------------------
sat
(objectives
 (TrainState_44_1_16 1)
)
OMT_LIA/20220307-SMPT/BART-PT-050/RC-14.smt2 : 2050 ms.
--------------------------------------------------
sat
(objectives
 (a1882 1)
)
OMT_LIA/20220307-SMPT/BART-PT-050/RC-02.smt2 : 1736 ms.
--------------------------------------------------
sat
(objectives
 (TrainState_47_2_26 0)
)
OMT_LIA/20220307-SMPT/BART-PT-050/RC-06.smt2 : 1510 ms.
