--------------------------------------------------
sat
(objectives
 (a302 1)
)
OMT_LIA/20220307-SMPT/RwMutex-PT-r0100w0010/RF-07.smt2 : 840 ms.
--------------------------------------------------
sat
(objectives
 (p142 0)
)
OMT_LIA/20220307-SMPT/RwMutex-PT-r0100w0010/RF-00.smt2 : 746 ms.
--------------------------------------------------
sat
(objectives
 (p200 1)
)
OMT_LIA/20220307-SMPT/RwMutex-PT-r0100w0010/RF-11.smt2 : 1026 ms.
--------------------------------------------------
sat
(objectives
 (a185 1)
)
OMT_LIA/20220307-SMPT/RwMutex-PT-r0100w0010/RC-13.smt2 : 499 ms.
--------------------------------------------------
sat
(objectives
 (a18246 1)
)
OMT_LIA/20220307-SMPT/RwMutex-PT-r2000w0010/RF-03.smt2 : 2221 ms.
