--------------------------------------------------
sat
(objectives
 (TrainState_3_2_29 1)
)
OMT_LIA/20220307-SMPT/BART-PT-005/RC-06.smt2 : 817 ms.
--------------------------------------------------
sat
(objectives
 (a62 1)
)
OMT_LIA/20220307-SMPT/BART-PT-005/RF-08.smt2 : 691 ms.
--------------------------------------------------
sat
(objectives
 (DistStation_18 1)
)
OMT_LIA/20220307-SMPT/BART-PT-005/RF-13.smt2 : 1147 ms.
--------------------------------------------------
sat
(objectives
 (a573 1)
)
OMT_LIA/20220307-SMPT/BART-PT-005/RF-07.smt2 : 1380 ms.
--------------------------------------------------
sat
(objectives
 (a347 1)
)
OMT_LIA/20220307-SMPT/BART-PT-005/RF-00.smt2 : 1683 ms.
