--------------------------------------------------
sat
(objectives
 (cAMP__32_26_ 99)
)
OMT_LIA/20220307-SMPT/Diffusion2D-PT-D50N100/RF-00.smt2 : 858 ms.
--------------------------------------------------
sat
(objectives
 (cAMP__41_49_ 98)
)
OMT_LIA/20220307-SMPT/Diffusion2D-PT-D50N100/RF-11.smt2 : 1641 ms.
--------------------------------------------------
sat
(objectives
 (a1348 98)
)
OMT_LIA/20220307-SMPT/Diffusion2D-PT-D50N100/RC-11.smt2 : 1480 ms.
--------------------------------------------------
sat
(objectives
 (cAMP__20_32_ 97)
)
OMT_LIA/20220307-SMPT/Diffusion2D-PT-D50N100/RC-07.smt2 : 1303 ms.
--------------------------------------------------
sat
(objectives
 (cAMP__34_2_ 97)
)
OMT_LIA/20220307-SMPT/Diffusion2D-PT-D50N100/RC-13.smt2 : 2176 ms.
