--------------------------------------------------
unsat
QF_NRA/hycomp/ball_count_1d_plain.03.qfree_global_2.smt2 : 185 ms.
--------------------------------------------------
unsat
QF_NRA/hycomp/ball_count_1d_plain.03.qfree_global_3.smt2 : 328 ms.
--------------------------------------------------
unsat
QF_NRA/hycomp/ball_count_1d_plain.03.qfree_global_4.smt2 : 325 ms.
--------------------------------------------------
unsat
QF_NRA/hycomp/ball_count_1d_plain.03.qfree_global_5.smt2 : 326 ms.
--------------------------------------------------
sat
QF_NRA/hycomp/ball_count_1d_plain.03.qfree_global_6.smt2 : 470 ms.
--------------------------------------------------
unsat
QF_NRA/hycomp/ball_count_1d_plain.03.qfree_global_7.smt2 : 301 ms.
--------------------------------------------------
unknown
unknown
QF_NRA/hycomp/ball_count_1d_plain.03.qfree_global_8.smt2 : 1800005 ms.
--------------------------------------------------
unsat
QF_NRA/hycomp/ball_count_1d_plain.03.qfree_global_9.smt2 : 83 ms.
--------------------------------------------------
unsat
QF_NRA/hycomp/ball_count_1d_plain.03.redlog_global_0.smt2 : 17 ms.
--------------------------------------------------
unknown
unknown
QF_NRA/hycomp/ball_count_1d_plain.03.redlog_global_10.smt2 : 1800004 ms.
--------------------------------------------------
unsat
QF_NRA/hycomp/ball_count_1d_plain.03.redlog_global_11.smt2 : 95 ms.
--------------------------------------------------
unknown
unknown
QF_NRA/hycomp/ball_count_1d_plain.03.redlog_global_12.smt2 : 1800006 ms.
--------------------------------------------------
unsat
QF_NRA/hycomp/ball_count_1d_plain.03.redlog_global_13.smt2 : 108 ms.
--------------------------------------------------
unknown
unknown
QF_NRA/hycomp/ball_count_1d_plain.03.redlog_global_14.smt2 : 1800005 ms.
--------------------------------------------------
unsat
QF_NRA/hycomp/ball_count_1d_plain.03.redlog_global_15.smt2 : 115 ms.
--------------------------------------------------
unsat
QF_NRA/hycomp/ball_count_1d_plain.03.redlog_global_1.smt2 : 27 ms.
--------------------------------------------------
unsat
QF_NRA/hycomp/ball_count_1d_plain.03.redlog_global_2.smt2 : 34 ms.
--------------------------------------------------
unsat
QF_NRA/hycomp/ball_count_1d_plain.03.redlog_global_3.smt2 : 39 ms.
--------------------------------------------------
unsat
QF_NRA/hycomp/ball_count_1d_plain.03.redlog_global_4.smt2 : 45 ms.
--------------------------------------------------
unsat
QF_NRA/hycomp/ball_count_1d_plain.03.redlog_global_5.smt2 : 53 ms.
--------------------------------------------------
sat
QF_NRA/hycomp/ball_count_1d_plain.03.redlog_global_6.smt2 : 38299 ms.
--------------------------------------------------
unsat
QF_NRA/hycomp/ball_count_1d_plain.03.redlog_global_7.smt2 : 64 ms.
--------------------------------------------------
unknown
unknown
QF_NRA/hycomp/ball_count_1d_plain.03.redlog_global_8.smt2 : 1800009 ms.
--------------------------------------------------
unsat
QF_NRA/hycomp/ball_count_1d_plain.03.redlog_global_9.smt2 : 85 ms.
--------------------------------------------------
unsat
QF_NRA/hycomp/ball_count_1d_plain.03.seq_lazy_global_0.smt2 : 26 ms.
--------------------------------------------------
unknown
unknown
QF_NRA/hycomp/ball_count_1d_plain.03.seq_lazy_global_10.smt2 : 1800007 ms.
--------------------------------------------------
unsat
QF_NRA/hycomp/ball_count_1d_plain.03.seq_lazy_global_11.smt2 : 83 ms.
--------------------------------------------------
sat
QF_NRA/hycomp/ball_count_1d_plain.03.seq_lazy_global_12.smt2 : 3794 ms.
--------------------------------------------------
unsat
QF_NRA/hycomp/ball_count_1d_plain.03.seq_lazy_global_13.smt2 : 96 ms.
--------------------------------------------------
sat
QF_NRA/hycomp/ball_count_1d_plain.03.seq_lazy_global_14.smt2 : 31896 ms.
--------------------------------------------------
unsat
QF_NRA/hycomp/ball_count_1d_plain.03.seq_lazy_global_15.smt2 : 104 ms.
--------------------------------------------------
unsat
QF_NRA/hycomp/ball_count_1d_plain.03.seq_lazy_global_1.smt2 : 25 ms.
--------------------------------------------------
unsat
QF_NRA/hycomp/ball_count_1d_plain.03.seq_lazy_global_2.smt2 : 32 ms.
--------------------------------------------------
unsat
QF_NRA/hycomp/ball_count_1d_plain.03.seq_lazy_global_3.smt2 : 37 ms.
--------------------------------------------------
unsat
QF_NRA/hycomp/ball_count_1d_plain.03.seq_lazy_global_4.smt2 : 42 ms.
--------------------------------------------------
unsat
QF_NRA/hycomp/ball_count_1d_plain.03.seq_lazy_global_5.smt2 : 47 ms.
--------------------------------------------------
unsat
QF_NRA/hycomp/ball_count_1d_plain.03.seq_lazy_global_6.smt2 : 121 ms.
--------------------------------------------------
unsat
QF_NRA/hycomp/ball_count_1d_plain.03.seq_lazy_global_7.smt2 : 57 ms.
--------------------------------------------------
unsat
QF_NRA/hycomp/ball_count_1d_plain.03.seq_lazy_global_8.smt2 : 491 ms.
--------------------------------------------------
unsat
QF_NRA/hycomp/ball_count_1d_plain.03.seq_lazy_global_9.smt2 : 75 ms.
--------------------------------------------------
unsat
QF_NRA/hycomp/ball_count_1d_plain.03.seq_lazy_lemmas_global_0.smt2 : 24 ms.
--------------------------------------------------
unknown
unknown
QF_NRA/hycomp/ball_count_1d_plain.03.seq_lazy_lemmas_global_10.smt2 : 1800007 ms.
--------------------------------------------------
unsat
QF_NRA/hycomp/ball_count_1d_plain.03.seq_lazy_lemmas_global_11.smt2 : 96 ms.
--------------------------------------------------
unknown
unknown
QF_NRA/hycomp/ball_count_1d_plain.03.seq_lazy_lemmas_global_12.smt2 : 1800017 ms.
--------------------------------------------------
unsat
QF_NRA/hycomp/ball_count_1d_plain.03.seq_lazy_lemmas_global_13.smt2 : 114 ms.
--------------------------------------------------
unknown
unknown
QF_NRA/hycomp/ball_count_1d_plain.03.seq_lazy_lemmas_global_14.smt2 : 1800014 ms.
--------------------------------------------------
unsat
QF_NRA/hycomp/ball_count_1d_plain.03.seq_lazy_lemmas_global_15.smt2 : 124 ms.
--------------------------------------------------
unsat
QF_NRA/hycomp/ball_count_1d_plain.03.seq_lazy_lemmas_global_1.smt2 : 30 ms.
--------------------------------------------------
unsat
QF_NRA/hycomp/ball_count_1d_plain.03.seq_lazy_lemmas_global_2.smt2 : 36 ms.
--------------------------------------------------
unsat
QF_NRA/hycomp/ball_count_1d_plain.03.seq_lazy_lemmas_global_3.smt2 : 43 ms.
--------------------------------------------------
unsat
QF_NRA/hycomp/ball_count_1d_plain.03.seq_lazy_lemmas_global_4.smt2 : 48 ms.
--------------------------------------------------
unsat
QF_NRA/hycomp/ball_count_1d_plain.03.seq_lazy_lemmas_global_5.smt2 : 53 ms.
--------------------------------------------------
unsat
QF_NRA/hycomp/ball_count_1d_plain.03.seq_lazy_lemmas_global_6.smt2 : 80 ms.
--------------------------------------------------
unsat
QF_NRA/hycomp/ball_count_1d_plain.03.seq_lazy_lemmas_global_7.smt2 : 64 ms.
--------------------------------------------------
unsat
QF_NRA/hycomp/ball_count_1d_plain.03.seq_lazy_lemmas_global_8.smt2 : 156 ms.
--------------------------------------------------
unsat
QF_NRA/hycomp/ball_count_1d_plain.03.seq_lazy_lemmas_global_9.smt2 : 75 ms.
--------------------------------------------------
unsat
QF_NRA/hycomp/ball_count_1d_plain.03.seq_lazy_linear_enc_global_0.smt2 : 23 ms.
--------------------------------------------------
QF_NRA/hycomp/ball_count_1d_plain.03.seq_lazy_linear_enc_global_10.smt2 : 1800005 ms.
--------------------------------------------------
unsat
QF_NRA/hycomp/ball_count_1d_plain.03.seq_lazy_linear_enc_global_11.smt2 : 92 ms.
--------------------------------------------------
unknown
unknown
QF_NRA/hycomp/ball_count_1d_plain.03.seq_lazy_linear_enc_global_12.smt2 : 1800016 ms.
--------------------------------------------------
unsat
QF_NRA/hycomp/ball_count_1d_plain.03.seq_lazy_linear_enc_global_13.smt2 : 101 ms.
--------------------------------------------------
unknown
unknown
QF_NRA/hycomp/ball_count_1d_plain.03.seq_lazy_linear_enc_global_14.smt2 : 1800010 ms.
--------------------------------------------------
unsat
QF_NRA/hycomp/ball_count_1d_plain.03.seq_lazy_linear_enc_global_15.smt2 : 105 ms.
--------------------------------------------------
unsat
QF_NRA/hycomp/ball_count_1d_plain.03.seq_lazy_linear_enc_global_1.smt2 : 32 ms.
--------------------------------------------------
unsat
QF_NRA/hycomp/ball_count_1d_plain.03.seq_lazy_linear_enc_global_2.smt2 : 35 ms.
--------------------------------------------------
unsat
QF_NRA/hycomp/ball_count_1d_plain.03.seq_lazy_linear_enc_global_3.smt2 : 42 ms.
--------------------------------------------------
unsat
QF_NRA/hycomp/ball_count_1d_plain.03.seq_lazy_linear_enc_global_4.smt2 : 46 ms.
--------------------------------------------------
unsat
QF_NRA/hycomp/ball_count_1d_plain.03.seq_lazy_linear_enc_global_5.smt2 : 50 ms.
--------------------------------------------------
unsat
QF_NRA/hycomp/ball_count_1d_plain.03.seq_lazy_linear_enc_global_6.smt2 : 97 ms.
--------------------------------------------------
unsat
QF_NRA/hycomp/ball_count_1d_plain.03.seq_lazy_linear_enc_global_7.smt2 : 60 ms.
--------------------------------------------------
unsat
QF_NRA/hycomp/ball_count_1d_plain.03.seq_lazy_linear_enc_global_8.smt2 : 244 ms.
--------------------------------------------------
unsat
QF_NRA/hycomp/ball_count_1d_plain.03.seq_lazy_linear_enc_global_9.smt2 : 72 ms.
--------------------------------------------------
unsat
QF_NRA/hycomp/ball_count_1d_plain.03.seq_lazy_linear_enc_lemmas_global_0.smt2 : 25 ms.
--------------------------------------------------
unknown
unknown
sat
QF_NRA/hycomp/ball_count_1d_plain.03.seq_lazy_linear_enc_lemmas_global_10.smt2 : 972906 ms.
--------------------------------------------------
unsat
QF_NRA/hycomp/ball_count_1d_plain.03.seq_lazy_linear_enc_lemmas_global_11.smt2 : 96 ms.
--------------------------------------------------
unknown
unknown
QF_NRA/hycomp/ball_count_1d_plain.03.seq_lazy_linear_enc_lemmas_global_12.smt2 : 1800014 ms.
--------------------------------------------------
unsat
QF_NRA/hycomp/ball_count_1d_plain.03.seq_lazy_linear_enc_lemmas_global_13.smt2 : 109 ms.
--------------------------------------------------
unknown
unknown
sat
QF_NRA/hycomp/ball_count_1d_plain.03.seq_lazy_linear_enc_lemmas_global_14.smt2 : 1050476 ms.
--------------------------------------------------
unsat
QF_NRA/hycomp/ball_count_1d_plain.03.seq_lazy_linear_enc_lemmas_global_15.smt2 : 118 ms.
--------------------------------------------------
unsat
QF_NRA/hycomp/ball_count_1d_plain.03.seq_lazy_linear_enc_lemmas_global_1.smt2 : 37 ms.
--------------------------------------------------
unsat
QF_NRA/hycomp/ball_count_1d_plain.03.seq_lazy_linear_enc_lemmas_global_2.smt2 : 40 ms.
--------------------------------------------------
unsat
QF_NRA/hycomp/ball_count_1d_plain.03.seq_lazy_linear_enc_lemmas_global_3.smt2 : 48 ms.
--------------------------------------------------
unsat
QF_NRA/hycomp/ball_count_1d_plain.03.seq_lazy_linear_enc_lemmas_global_4.smt2 : 53 ms.
--------------------------------------------------
unsat
QF_NRA/hycomp/ball_count_1d_plain.03.seq_lazy_linear_enc_lemmas_global_5.smt2 : 56 ms.
--------------------------------------------------
unsat
QF_NRA/hycomp/ball_count_1d_plain.03.seq_lazy_linear_enc_lemmas_global_6.smt2 : 90 ms.
--------------------------------------------------
unsat
QF_NRA/hycomp/ball_count_1d_plain.03.seq_lazy_linear_enc_lemmas_global_7.smt2 : 69 ms.
--------------------------------------------------
unsat
QF_NRA/hycomp/ball_count_1d_plain.03.seq_lazy_linear_enc_lemmas_global_8.smt2 : 1041 ms.
--------------------------------------------------
unsat
QF_NRA/hycomp/ball_count_1d_plain.03.seq_lazy_linear_enc_lemmas_global_9.smt2 : 85 ms.
--------------------------------------------------
unsat
QF_NRA/hycomp/ball_count_1d_plain.04.qfree_global_0.smt2 : 25 ms.
--------------------------------------------------
sat
QF_NRA/hycomp/ball_count_1d_plain.04.qfree_global_10.smt2 : 506 ms.
--------------------------------------------------
unsat
QF_NRA/hycomp/ball_count_1d_plain.04.qfree_global_11.smt2 : 76 ms.
--------------------------------------------------
unknown
unknown
QF_NRA/hycomp/ball_count_1d_plain.04.qfree_global_12.smt2 : 1800008 ms.
--------------------------------------------------
unsat
QF_NRA/hycomp/ball_count_1d_plain.04.qfree_global_13.smt2 : 90 ms.
--------------------------------------------------
unknown
unknown
QF_NRA/hycomp/ball_count_1d_plain.04.qfree_global_14.smt2 : 1800007 ms.
--------------------------------------------------
unsat
QF_NRA/hycomp/ball_count_1d_plain.04.qfree_global_15.smt2 : 102 ms.
--------------------------------------------------
unsat
QF_NRA/hycomp/ball_count_1d_plain.04.qfree_global_1.smt2 : 34 ms.
--------------------------------------------------
unsat
QF_NRA/hycomp/ball_count_1d_plain.04.qfree_global_2.smt2 : 35 ms.
--------------------------------------------------
unsat
QF_NRA/hycomp/ball_count_1d_plain.04.qfree_global_3.smt2 : 42 ms.
--------------------------------------------------
unsat
QF_NRA/hycomp/ball_count_1d_plain.04.qfree_global_4.smt2 : 47 ms.
--------------------------------------------------
unsat
QF_NRA/hycomp/ball_count_1d_plain.04.qfree_global_5.smt2 : 48 ms.
--------------------------------------------------
unsat
QF_NRA/hycomp/ball_count_1d_plain.04.qfree_global_6.smt2 : 55 ms.
--------------------------------------------------
unsat
QF_NRA/hycomp/ball_count_1d_plain.04.qfree_global_7.smt2 : 58 ms.
--------------------------------------------------
sat
QF_NRA/hycomp/ball_count_1d_plain.04.qfree_global_8.smt2 : 441 ms.
--------------------------------------------------
unsat
QF_NRA/hycomp/ball_count_1d_plain.04.qfree_global_9.smt2 : 67 ms.
--------------------------------------------------
unsat
QF_NRA/hycomp/ball_count_1d_plain.04.redlog_global_0.smt2 : 25 ms.
--------------------------------------------------
unknown
unknown
QF_NRA/hycomp/ball_count_1d_plain.04.redlog_global_10.smt2 : 1800014 ms.
--------------------------------------------------
unsat
QF_NRA/hycomp/ball_count_1d_plain.04.redlog_global_11.smt2 : 101 ms.
--------------------------------------------------
unknown
unknown
QF_NRA/hycomp/ball_count_1d_plain.04.redlog_global_12.smt2 : 1800009 ms.
--------------------------------------------------
unsat
QF_NRA/hycomp/ball_count_1d_plain.04.redlog_global_13.smt2 : 105 ms.
--------------------------------------------------
unknown
unknown
QF_NRA/hycomp/ball_count_1d_plain.04.redlog_global_14.smt2 : 1800007 ms.
--------------------------------------------------
unsat
QF_NRA/hycomp/ball_count_1d_plain.04.redlog_global_15.smt2 : 150 ms.
--------------------------------------------------
unsat
QF_NRA/hycomp/ball_count_1d_plain.04.redlog_global_1.smt2 : 24 ms.
--------------------------------------------------
unsat
QF_NRA/hycomp/ball_count_1d_plain.04.redlog_global_2.smt2 : 35 ms.
--------------------------------------------------
unsat
QF_NRA/hycomp/ball_count_1d_plain.04.redlog_global_3.smt2 : 43 ms.
--------------------------------------------------
unsat
QF_NRA/hycomp/ball_count_1d_plain.04.redlog_global_4.smt2 : 48 ms.
--------------------------------------------------
unsat
QF_NRA/hycomp/ball_count_1d_plain.04.redlog_global_5.smt2 : 73 ms.
--------------------------------------------------
unsat
QF_NRA/hycomp/ball_count_1d_plain.04.redlog_global_6.smt2 : 72 ms.
--------------------------------------------------
unsat
QF_NRA/hycomp/ball_count_1d_plain.04.redlog_global_7.smt2 : 72 ms.
--------------------------------------------------
sat
QF_NRA/hycomp/ball_count_1d_plain.04.redlog_global_8.smt2 : 3093 ms.
--------------------------------------------------
unsat
QF_NRA/hycomp/ball_count_1d_plain.04.redlog_global_9.smt2 : 82 ms.
--------------------------------------------------
unsat
QF_NRA/hycomp/ball_count_1d_plain.04.seq_lazy_global_0.smt2 : 19 ms.
--------------------------------------------------
unsat
QF_NRA/hycomp/ball_count_1d_plain.04.seq_lazy_global_10.smt2 : 241 ms.
--------------------------------------------------
unsat
QF_NRA/hycomp/ball_count_1d_plain.04.seq_lazy_global_11.smt2 : 78 ms.
--------------------------------------------------
unknown
unsat
QF_NRA/hycomp/ball_count_1d_plain.04.seq_lazy_global_12.smt2 : 600585 ms.
--------------------------------------------------
unsat
QF_NRA/hycomp/ball_count_1d_plain.04.seq_lazy_global_13.smt2 : 94 ms.
--------------------------------------------------
unknown
unknown
QF_NRA/hycomp/ball_count_1d_plain.04.seq_lazy_global_14.smt2 : 1800005 ms.
--------------------------------------------------
unsat
QF_NRA/hycomp/ball_count_1d_plain.04.seq_lazy_global_15.smt2 : 104 ms.
--------------------------------------------------
unsat
QF_NRA/hycomp/ball_count_1d_plain.04.seq_lazy_global_1.smt2 : 29 ms.
--------------------------------------------------
unsat
QF_NRA/hycomp/ball_count_1d_plain.04.seq_lazy_global_2.smt2 : 32 ms.
--------------------------------------------------
unsat
QF_NRA/hycomp/ball_count_1d_plain.04.seq_lazy_global_3.smt2 : 35 ms.
--------------------------------------------------
unsat
QF_NRA/hycomp/ball_count_1d_plain.04.seq_lazy_global_4.smt2 : 42 ms.
--------------------------------------------------
unsat
QF_NRA/hycomp/ball_count_1d_plain.04.seq_lazy_global_5.smt2 : 51 ms.
--------------------------------------------------
unsat
QF_NRA/hycomp/ball_count_1d_plain.04.seq_lazy_global_6.smt2 : 55 ms.
--------------------------------------------------
unsat
QF_NRA/hycomp/ball_count_1d_plain.04.seq_lazy_global_7.smt2 : 60 ms.
--------------------------------------------------
unsat
QF_NRA/hycomp/ball_count_1d_plain.04.seq_lazy_global_8.smt2 : 97 ms.
--------------------------------------------------
unsat
QF_NRA/hycomp/ball_count_1d_plain.04.seq_lazy_global_9.smt2 : 72 ms.
--------------------------------------------------
unsat
QF_NRA/hycomp/ball_count_1d_plain.04.seq_lazy_lemmas_global_0.smt2 : 21 ms.
--------------------------------------------------
unsat
QF_NRA/hycomp/ball_count_1d_plain.04.seq_lazy_lemmas_global_10.smt2 : 231 ms.
--------------------------------------------------
unsat
QF_NRA/hycomp/ball_count_1d_plain.04.seq_lazy_lemmas_global_11.smt2 : 95 ms.
--------------------------------------------------
unsat
QF_NRA/hycomp/ball_count_1d_plain.04.seq_lazy_lemmas_global_12.smt2 : 1710 ms.
--------------------------------------------------
unsat
QF_NRA/hycomp/ball_count_1d_plain.04.seq_lazy_lemmas_global_13.smt2 : 108 ms.
--------------------------------------------------
unknown
unknown
QF_NRA/hycomp/ball_count_1d_plain.04.seq_lazy_lemmas_global_14.smt2 : 1800016 ms.
--------------------------------------------------
unsat
QF_NRA/hycomp/ball_count_1d_plain.04.seq_lazy_lemmas_global_15.smt2 : 124 ms.
--------------------------------------------------
unsat
QF_NRA/hycomp/ball_count_1d_plain.04.seq_lazy_lemmas_global_1.smt2 : 31 ms.
--------------------------------------------------
unsat
QF_NRA/hycomp/ball_count_1d_plain.04.seq_lazy_lemmas_global_2.smt2 : 35 ms.
--------------------------------------------------
unsat
QF_NRA/hycomp/ball_count_1d_plain.04.seq_lazy_lemmas_global_3.smt2 : 41 ms.
--------------------------------------------------
unsat
QF_NRA/hycomp/ball_count_1d_plain.04.seq_lazy_lemmas_global_4.smt2 : 47 ms.
--------------------------------------------------
unsat
QF_NRA/hycomp/ball_count_1d_plain.04.seq_lazy_lemmas_global_5.smt2 : 53 ms.
--------------------------------------------------
unsat
QF_NRA/hycomp/ball_count_1d_plain.04.seq_lazy_lemmas_global_6.smt2 : 59 ms.
--------------------------------------------------
unsat
QF_NRA/hycomp/ball_count_1d_plain.04.seq_lazy_lemmas_global_7.smt2 : 67 ms.
--------------------------------------------------
unsat
QF_NRA/hycomp/ball_count_1d_plain.04.seq_lazy_lemmas_global_8.smt2 : 140 ms.
--------------------------------------------------
unsat
QF_NRA/hycomp/ball_count_1d_plain.04.seq_lazy_lemmas_global_9.smt2 : 78 ms.
--------------------------------------------------
unsat
QF_NRA/hycomp/ball_count_1d_plain.04.seq_lazy_linear_enc_global_0.smt2 : 20 ms.
--------------------------------------------------
unsat
QF_NRA/hycomp/ball_count_1d_plain.04.seq_lazy_linear_enc_global_10.smt2 : 1143 ms.
--------------------------------------------------
unsat
QF_NRA/hycomp/ball_count_1d_plain.04.seq_lazy_linear_enc_global_11.smt2 : 79 ms.
--------------------------------------------------
unsat
QF_NRA/hycomp/ball_count_1d_plain.04.seq_lazy_linear_enc_global_12.smt2 : 3487 ms.
--------------------------------------------------
unsat
QF_NRA/hycomp/ball_count_1d_plain.04.seq_lazy_linear_enc_global_13.smt2 : 94 ms.
--------------------------------------------------
sat
QF_NRA/hycomp/ball_count_1d_plain.04.seq_lazy_linear_enc_global_14.smt2 : 7596 ms.
--------------------------------------------------
unsat
QF_NRA/hycomp/ball_count_1d_plain.04.seq_lazy_linear_enc_global_15.smt2 : 107 ms.
--------------------------------------------------
unsat
QF_NRA/hycomp/ball_count_1d_plain.04.seq_lazy_linear_enc_global_1.smt2 : 33 ms.
--------------------------------------------------
unsat
QF_NRA/hycomp/ball_count_1d_plain.04.seq_lazy_linear_enc_global_2.smt2 : 39 ms.
--------------------------------------------------
unsat
QF_NRA/hycomp/ball_count_1d_plain.04.seq_lazy_linear_enc_global_3.smt2 : 45 ms.
--------------------------------------------------
unsat
QF_NRA/hycomp/ball_count_1d_plain.04.seq_lazy_linear_enc_global_4.smt2 : 49 ms.
--------------------------------------------------
unsat
QF_NRA/hycomp/ball_count_1d_plain.04.seq_lazy_linear_enc_global_5.smt2 : 56 ms.
--------------------------------------------------
unsat
QF_NRA/hycomp/ball_count_1d_plain.04.seq_lazy_linear_enc_global_6.smt2 : 59 ms.
--------------------------------------------------
unsat
QF_NRA/hycomp/ball_count_1d_plain.04.seq_lazy_linear_enc_global_7.smt2 : 65 ms.
--------------------------------------------------
unsat
QF_NRA/hycomp/ball_count_1d_plain.04.seq_lazy_linear_enc_global_8.smt2 : 173 ms.
--------------------------------------------------
unsat
QF_NRA/hycomp/ball_count_1d_plain.04.seq_lazy_linear_enc_global_9.smt2 : 77 ms.
--------------------------------------------------
unsat
QF_NRA/hycomp/ball_count_1d_plain.04.seq_lazy_linear_enc_lemmas_global_0.smt2 : 28 ms.
--------------------------------------------------
unsat
QF_NRA/hycomp/ball_count_1d_plain.04.seq_lazy_linear_enc_lemmas_global_10.smt2 : 1395 ms.
--------------------------------------------------
unsat
QF_NRA/hycomp/ball_count_1d_plain.04.seq_lazy_linear_enc_lemmas_global_11.smt2 : 93 ms.
--------------------------------------------------
unsat
QF_NRA/hycomp/ball_count_1d_plain.04.seq_lazy_linear_enc_lemmas_global_12.smt2 : 5246 ms.
--------------------------------------------------
unsat
QF_NRA/hycomp/ball_count_1d_plain.04.seq_lazy_linear_enc_lemmas_global_13.smt2 : 103 ms.
--------------------------------------------------
unknown
unknown
QF_NRA/hycomp/ball_count_1d_plain.04.seq_lazy_linear_enc_lemmas_global_14.smt2 : 1800007 ms.
--------------------------------------------------
unsat
QF_NRA/hycomp/ball_count_1d_plain.04.seq_lazy_linear_enc_lemmas_global_15.smt2 : 121 ms.
--------------------------------------------------
unsat
QF_NRA/hycomp/ball_count_1d_plain.04.seq_lazy_linear_enc_lemmas_global_1.smt2 : 27 ms.
--------------------------------------------------
unsat
QF_NRA/hycomp/ball_count_1d_plain.04.seq_lazy_linear_enc_lemmas_global_2.smt2 : 34 ms.
--------------------------------------------------
unsat
QF_NRA/hycomp/ball_count_1d_plain.04.seq_lazy_linear_enc_lemmas_global_3.smt2 : 41 ms.
--------------------------------------------------
unsat
QF_NRA/hycomp/ball_count_1d_plain.04.seq_lazy_linear_enc_lemmas_global_4.smt2 : 47 ms.
--------------------------------------------------
unsat
QF_NRA/hycomp/ball_count_1d_plain.04.seq_lazy_linear_enc_lemmas_global_5.smt2 : 54 ms.
--------------------------------------------------
unsat
QF_NRA/hycomp/ball_count_1d_plain.04.seq_lazy_linear_enc_lemmas_global_6.smt2 : 60 ms.
--------------------------------------------------
unsat
QF_NRA/hycomp/ball_count_1d_plain.04.seq_lazy_linear_enc_lemmas_global_7.smt2 : 65 ms.
--------------------------------------------------
unsat
QF_NRA/hycomp/ball_count_1d_plain.04.seq_lazy_linear_enc_lemmas_global_8.smt2 : 231 ms.
--------------------------------------------------
unsat
QF_NRA/hycomp/ball_count_1d_plain.04.seq_lazy_linear_enc_lemmas_global_9.smt2 : 84 ms.
--------------------------------------------------
unsat
QF_NRA/hycomp/ball_count_1d_plain.05.qfree_global_0.smt2 : 22 ms.
--------------------------------------------------
unknown
unknown
QF_NRA/hycomp/ball_count_1d_plain.05.qfree_global_10.smt2 : 1800006 ms.
--------------------------------------------------
unsat
QF_NRA/hycomp/ball_count_1d_plain.05.qfree_global_11.smt2 : 85 ms.
--------------------------------------------------
unknown
unknown
QF_NRA/hycomp/ball_count_1d_plain.05.qfree_global_12.smt2 : 1800012 ms.
--------------------------------------------------
unsat
QF_NRA/hycomp/ball_count_1d_plain.05.qfree_global_13.smt2 : 96 ms.
--------------------------------------------------
unknown
unknown
QF_NRA/hycomp/ball_count_1d_plain.05.qfree_global_14.smt2 : 1800007 ms.
--------------------------------------------------
unsat
QF_NRA/hycomp/ball_count_1d_plain.05.qfree_global_15.smt2 : 115 ms.
--------------------------------------------------
unsat
QF_NRA/hycomp/ball_count_1d_plain.05.qfree_global_1.smt2 : 28 ms.
--------------------------------------------------
unsat
QF_NRA/hycomp/ball_count_1d_plain.05.qfree_global_2.smt2 : 28 ms.
--------------------------------------------------
unsat
QF_NRA/hycomp/ball_count_1d_plain.05.qfree_global_3.smt2 : 40 ms.
--------------------------------------------------
unsat
QF_NRA/hycomp/ball_count_1d_plain.05.qfree_global_4.smt2 : 57 ms.
--------------------------------------------------
unsat
QF_NRA/hycomp/ball_count_1d_plain.05.qfree_global_5.smt2 : 62 ms.
--------------------------------------------------
unsat
QF_NRA/hycomp/ball_count_1d_plain.05.qfree_global_6.smt2 : 71 ms.
--------------------------------------------------
unsat
QF_NRA/hycomp/ball_count_1d_plain.05.qfree_global_7.smt2 : 53 ms.
--------------------------------------------------
unsat
QF_NRA/hycomp/ball_count_1d_plain.05.qfree_global_8.smt2 : 63 ms.
--------------------------------------------------
unsat
QF_NRA/hycomp/ball_count_1d_plain.05.qfree_global_9.smt2 : 95 ms.
