--------------------------------------------------
unsat
QF_NRA/meti-tarski/sin/problem/7/weak2/sin-problem-7-weak2-chunk-0015.smt2 : 305 ms.
--------------------------------------------------
unsat
QF_NRA/meti-tarski/sin/problem/7/weak2/sin-problem-7-weak2-chunk-0019.smt2 : 284 ms.
--------------------------------------------------
sat
QF_NRA/meti-tarski/sin/problem/7/weak2/sin-problem-7-weak2-chunk-0023.smt2 : 260 ms.
--------------------------------------------------
unsat
QF_NRA/meti-tarski/sin/problem/7/weak2/sin-problem-7-weak2-chunk-0024.smt2 : 260 ms.
--------------------------------------------------
unsat
QF_NRA/meti-tarski/sin/problem/7/weak2/sin-problem-7-weak2-chunk-0029.smt2 : 242 ms.
--------------------------------------------------
unsat
QF_NRA/meti-tarski/sin/problem/7/weak2/sin-problem-7-weak2-chunk-0044.smt2 : 222 ms.
--------------------------------------------------
sat
QF_NRA/meti-tarski/sin/problem/7/weak2/sin-problem-7-weak2-chunk-0045.smt2 : 234 ms.
--------------------------------------------------
sat
QF_NRA/meti-tarski/sin/problem/7/weak2/sin-problem-7-weak2-chunk-0046.smt2 : 216 ms.
--------------------------------------------------
sat
QF_NRA/meti-tarski/sin/problem/7/weak2/sin-problem-7-weak2-chunk-0049.smt2 : 236 ms.
--------------------------------------------------
sat
QF_NRA/meti-tarski/sin/problem/7/weak2/sin-problem-7-weak2-chunk-0050.smt2 : 217 ms.
--------------------------------------------------
sat
QF_NRA/meti-tarski/sin/problem/7/weak2/sin-problem-7-weak2-chunk-0051.smt2 : 355 ms.
--------------------------------------------------
sat
QF_NRA/meti-tarski/sin/problem/7/weak2/sin-problem-7-weak2-chunk-0052.smt2 : 119 ms.
--------------------------------------------------
unsat
QF_NRA/meti-tarski/sin/problem/7/weak2/sin-problem-7-weak2-chunk-0054.smt2 : 266 ms.
--------------------------------------------------
sat
QF_NRA/meti-tarski/sin/problem/7/weak2/sin-problem-7-weak2-chunk-0055.smt2 : 256 ms.
--------------------------------------------------
sat
QF_NRA/meti-tarski/sin/problem/7/weak2/sin-problem-7-weak2-chunk-0056.smt2 : 192 ms.
--------------------------------------------------
sat
QF_NRA/meti-tarski/sin/problem/7/weak2/sin-problem-7-weak2-chunk-0057.smt2 : 194 ms.
--------------------------------------------------
unsat
QF_NRA/meti-tarski/sin/problem/7/weak2/sin-problem-7-weak2-chunk-0058.smt2 : 184 ms.
--------------------------------------------------
sat
QF_NRA/meti-tarski/sin/problem/7/weak2/sin-problem-7-weak2-chunk-0059.smt2 : 175 ms.
--------------------------------------------------
unsat
QF_NRA/meti-tarski/sin/problem/7/weak2/sin-problem-7-weak2-chunk-0060.smt2 : 175 ms.
--------------------------------------------------
sat
QF_NRA/meti-tarski/sin/problem/7/weak2/sin-problem-7-weak2-chunk-0062.smt2 : 181 ms.
--------------------------------------------------
unsat
QF_NRA/meti-tarski/sin/problem/7/weak2/sin-problem-7-weak2-chunk-0065.smt2 : 178 ms.
--------------------------------------------------
sat
QF_NRA/meti-tarski/sin/problem/7/weak2/sin-problem-7-weak2-chunk-0066.smt2 : 184 ms.
--------------------------------------------------
sat
QF_NRA/meti-tarski/sin/problem/7/weak2/sin-problem-7-weak2-chunk-0068.smt2 : 184 ms.
--------------------------------------------------
sat
QF_NRA/meti-tarski/sin/problem/7/weak2/sin-problem-7-weak2-chunk-0070.smt2 : 193 ms.
--------------------------------------------------
sat
QF_NRA/meti-tarski/sin/problem/7/weak2/sin-problem-7-weak2-chunk-0073.smt2 : 179 ms.
--------------------------------------------------
sat
QF_NRA/meti-tarski/sin/problem/7/weak2/sin-problem-7-weak2-chunk-0075.smt2 : 171 ms.
--------------------------------------------------
sat
QF_NRA/meti-tarski/sin/problem/7/weak2/sin-problem-7-weak2-chunk-0078.smt2 : 150 ms.
--------------------------------------------------
sat
QF_NRA/meti-tarski/sin/problem/7/weak2/sin-problem-7-weak2-chunk-0079.smt2 : 135 ms.
--------------------------------------------------
sat
QF_NRA/meti-tarski/sin/problem/7/weak2/sin-problem-7-weak2-chunk-0081.smt2 : 163 ms.
--------------------------------------------------
unsat
QF_NRA/meti-tarski/sin/problem/7/weak2/sin-problem-7-weak2-chunk-0082.smt2 : 150 ms.
--------------------------------------------------
sat
QF_NRA/meti-tarski/sin/problem/7/weak2/sin-problem-7-weak2-chunk-0083.smt2 : 152 ms.
--------------------------------------------------
unsat
QF_NRA/meti-tarski/sin/problem/7/weak2/sin-problem-7-weak2-chunk-0084.smt2 : 154 ms.
--------------------------------------------------
sat
QF_NRA/meti-tarski/sin/problem/7/weak2/sin-problem-7-weak2-chunk-0085.smt2 : 159 ms.
--------------------------------------------------
sat
QF_NRA/meti-tarski/sin/problem/7/weak2/sin-problem-7-weak2-chunk-0086.smt2 : 172 ms.
--------------------------------------------------
sat
QF_NRA/meti-tarski/sin/problem/7/weak2/sin-problem-7-weak2-chunk-0087.smt2 : 174 ms.
--------------------------------------------------
unsat
QF_NRA/meti-tarski/sin/problem/7/weak2/sin-problem-7-weak2-chunk-0088.smt2 : 154 ms.
--------------------------------------------------
unsat
QF_NRA/meti-tarski/sin/problem/7/weak2/sin-problem-7-weak2-chunk-0091.smt2 : 166 ms.
--------------------------------------------------
sat
QF_NRA/meti-tarski/sin/problem/7/weak2/sin-problem-7-weak2-chunk-0092.smt2 : 1611 ms.
--------------------------------------------------
sat
QF_NRA/meti-tarski/sin/problem/7/weak2/sin-problem-7-weak2-chunk-0093.smt2 : 141 ms.
--------------------------------------------------
sat
QF_NRA/meti-tarski/sin/problem/7/weak2/sin-problem-7-weak2-chunk-0094.smt2 : 150 ms.
--------------------------------------------------
sat
QF_NRA/meti-tarski/sin/problem/7/weak2/sin-problem-7-weak2-chunk-0095.smt2 : 153 ms.
--------------------------------------------------
unsat
QF_NRA/meti-tarski/sin/problem/7/weak2/sin-problem-7-weak2-chunk-0096.smt2 : 156 ms.
--------------------------------------------------
sat
QF_NRA/meti-tarski/sin/problem/7/weak2/sin-problem-7-weak2-chunk-0097.smt2 : 124 ms.
--------------------------------------------------
unsat
QF_NRA/meti-tarski/sin/problem/7/weak2/sin-problem-7-weak2-chunk-0098.smt2 : 129 ms.
--------------------------------------------------
sat
QF_NRA/meti-tarski/sin/problem/7/weak2/sin-problem-7-weak2-chunk-0099.smt2 : 865 ms.
--------------------------------------------------
unsat
QF_NRA/meti-tarski/sin/problem/7/weak2/sin-problem-7-weak2-chunk-0100.smt2 : 99 ms.
--------------------------------------------------
sat
QF_NRA/meti-tarski/sin/problem/7/weak2/sin-problem-7-weak2-chunk-0101.smt2 : 1721 ms.
--------------------------------------------------
sat
QF_NRA/meti-tarski/sin/problem/7/weak2/sin-problem-7-weak2-chunk-0102.smt2 : 77 ms.
--------------------------------------------------
unsat
QF_NRA/meti-tarski/sin/problem/7/weak2/sin-problem-7-weak2-chunk-0105.smt2 : 91 ms.
--------------------------------------------------
sat
QF_NRA/meti-tarski/sin/problem/7/weak2/sin-problem-7-weak2-chunk-0106.smt2 : 81 ms.
--------------------------------------------------
sat
QF_NRA/meti-tarski/sin/problem/7/weak2/sin-problem-7-weak2-chunk-0107.smt2 : 82 ms.
--------------------------------------------------
unknown
unsat
QF_NRA/meti-tarski/sin/problem/7/weak2/sin-problem-7-weak2-chunk-0108.smt2 : 602368 ms.
--------------------------------------------------
sat
QF_NRA/meti-tarski/sin/problem/7/weak2/sin-problem-7-weak2-chunk-0109.smt2 : 25 ms.
--------------------------------------------------
sat
QF_NRA/meti-tarski/sin/problem/7/weak2/sin-problem-7-weak2-chunk-0110.smt2 : 25 ms.
--------------------------------------------------
unsat
QF_NRA/meti-tarski/sin/problem/7/weak2/sin-problem-7-weak2-chunk-0111.smt2 : 23 ms.
--------------------------------------------------
unsat
QF_NRA/meti-tarski/sin/problem/7/weak2/sin-problem-7-weak2-chunk-0113.smt2 : 1244 ms.
--------------------------------------------------
sat
QF_NRA/meti-tarski/sin/problem/7/weak2/sin-problem-7-weak2-chunk-0114.smt2 : 44 ms.
--------------------------------------------------
sat
QF_NRA/meti-tarski/sin/problem/7/weak2/sin-problem-7-weak2-chunk-0115.smt2 : 35 ms.
--------------------------------------------------
unknown
unsat
QF_NRA/meti-tarski/sin/problem/7/weak2/sin-problem-7-weak2-chunk-0116.smt2 : 603076 ms.
--------------------------------------------------
unknown
unsat
QF_NRA/meti-tarski/sin/problem/7/weak2/sin-problem-7-weak2-chunk-0117.smt2 : 603350 ms.
--------------------------------------------------
unknown
unknown
QF_NRA/meti-tarski/sin/problem/7/weak2/sin-problem-7-weak2-chunk-0118.smt2 : 1800007 ms.
--------------------------------------------------
unknown
unknown
QF_NRA/meti-tarski/sin/problem/7/weak2/sin-problem-7-weak2-chunk-0119.smt2 : 1800006 ms.
--------------------------------------------------
unsat
QF_NRA/meti-tarski/sin/problem/7/weak2/sin-problem-7-weak2-chunk-0120.smt2 : 19 ms.
--------------------------------------------------
unknown
unknown
QF_NRA/meti-tarski/sin/problem/7/weak2/sin-problem-7-weak2-chunk-0121.smt2 : 1800005 ms.
--------------------------------------------------
unknown
unknown
QF_NRA/meti-tarski/sin/problem/7/weak2/sin-problem-7-weak2-chunk-0122.smt2 : 1800009 ms.
--------------------------------------------------
sat
QF_NRA/meti-tarski/sin/problem/7/weak2/sin-problem-7-weak2-chunk-0123.smt2 : 39 ms.
--------------------------------------------------
unknown
unknown
QF_NRA/meti-tarski/sin/problem/7/weak2/sin-problem-7-weak2-chunk-0124.smt2 : 1800010 ms.
--------------------------------------------------
unknown
QF_NRA/meti-tarski/sin/problem/7/weak2/sin-problem-7-weak2-chunk-0125.smt2 : 1800014 ms.
--------------------------------------------------
unknown
unknown
QF_NRA/meti-tarski/sin/problem/7/weak2/sin-problem-7-weak2-chunk-0127.smt2 : 1800011 ms.
--------------------------------------------------
unsat
QF_NRA/meti-tarski/sin/problem/7/weak2/sin-problem-7-weak2-chunk-0128.smt2 : 41 ms.
--------------------------------------------------
unknown
unsat
QF_NRA/meti-tarski/sin/problem/7/weak2/sin-problem-7-weak2-chunk-0129.smt2 : 600277 ms.
--------------------------------------------------
unknown
unknown
QF_NRA/meti-tarski/sin/problem/7/weak2/sin-problem-7-weak2-chunk-0130.smt2 : 1800011 ms.
--------------------------------------------------
unknown
unknown
QF_NRA/meti-tarski/sin/problem/7/weak2/sin-problem-7-weak2-chunk-0131.smt2 : 1800013 ms.
