--------------------------------------------------
unsat
QF_NRA/hycomp/ball_count_1d_plain.05.redlog_global_0.smt2 : 290 ms.
--------------------------------------------------
unknown
unknown
QF_NRA/hycomp/ball_count_1d_plain.05.redlog_global_10.smt2 : 1800010 ms.
--------------------------------------------------
unsat
QF_NRA/hycomp/ball_count_1d_plain.05.redlog_global_11.smt2 : 105 ms.
--------------------------------------------------
unknown
unknown
QF_NRA/hycomp/ball_count_1d_plain.05.redlog_global_12.smt2 : 1800010 ms.
--------------------------------------------------
unsat
QF_NRA/hycomp/ball_count_1d_plain.05.redlog_global_13.smt2 : 106 ms.
--------------------------------------------------
unknown
unknown
QF_NRA/hycomp/ball_count_1d_plain.05.redlog_global_14.smt2 : 1800010 ms.
--------------------------------------------------
unsat
QF_NRA/hycomp/ball_count_1d_plain.05.redlog_global_15.smt2 : 127 ms.
--------------------------------------------------
unsat
QF_NRA/hycomp/ball_count_1d_plain.05.redlog_global_1.smt2 : 30 ms.
--------------------------------------------------
unsat
QF_NRA/hycomp/ball_count_1d_plain.05.redlog_global_2.smt2 : 36 ms.
--------------------------------------------------
unsat
QF_NRA/hycomp/ball_count_1d_plain.05.redlog_global_3.smt2 : 44 ms.
--------------------------------------------------
unsat
QF_NRA/hycomp/ball_count_1d_plain.05.redlog_global_4.smt2 : 51 ms.
--------------------------------------------------
unsat
QF_NRA/hycomp/ball_count_1d_plain.05.redlog_global_5.smt2 : 58 ms.
--------------------------------------------------
unsat
QF_NRA/hycomp/ball_count_1d_plain.05.redlog_global_6.smt2 : 61 ms.
--------------------------------------------------
unsat
QF_NRA/hycomp/ball_count_1d_plain.05.redlog_global_7.smt2 : 66 ms.
--------------------------------------------------
unsat
QF_NRA/hycomp/ball_count_1d_plain.05.redlog_global_8.smt2 : 72 ms.
--------------------------------------------------
unsat
QF_NRA/hycomp/ball_count_1d_plain.05.redlog_global_9.smt2 : 78 ms.
--------------------------------------------------
unsat
QF_NRA/hycomp/ball_count_1d_plain.05.seq_lazy_global_0.smt2 : 21 ms.
--------------------------------------------------
unsat
QF_NRA/hycomp/ball_count_1d_plain.05.seq_lazy_global_10.smt2 : 243 ms.
--------------------------------------------------
unsat
QF_NRA/hycomp/ball_count_1d_plain.05.seq_lazy_global_11.smt2 : 78 ms.
--------------------------------------------------
unsat
QF_NRA/hycomp/ball_count_1d_plain.05.seq_lazy_global_12.smt2 : 768 ms.
--------------------------------------------------
unsat
QF_NRA/hycomp/ball_count_1d_plain.05.seq_lazy_global_13.smt2 : 91 ms.
--------------------------------------------------
unsat
QF_NRA/hycomp/ball_count_1d_plain.05.seq_lazy_global_14.smt2 : 2763 ms.
--------------------------------------------------
unsat
QF_NRA/hycomp/ball_count_1d_plain.05.seq_lazy_global_15.smt2 : 106 ms.
--------------------------------------------------
unsat
QF_NRA/hycomp/ball_count_1d_plain.05.seq_lazy_global_1.smt2 : 27 ms.
--------------------------------------------------
unsat
QF_NRA/hycomp/ball_count_1d_plain.05.seq_lazy_global_2.smt2 : 33 ms.
--------------------------------------------------
unsat
QF_NRA/hycomp/ball_count_1d_plain.05.seq_lazy_global_3.smt2 : 37 ms.
--------------------------------------------------
unsat
QF_NRA/hycomp/ball_count_1d_plain.05.seq_lazy_global_4.smt2 : 43 ms.
--------------------------------------------------
unsat
QF_NRA/hycomp/ball_count_1d_plain.05.seq_lazy_global_5.smt2 : 51 ms.
--------------------------------------------------
unsat
QF_NRA/hycomp/ball_count_1d_plain.05.seq_lazy_global_6.smt2 : 55 ms.
--------------------------------------------------
unsat
QF_NRA/hycomp/ball_count_1d_plain.05.seq_lazy_global_7.smt2 : 60 ms.
--------------------------------------------------
unsat
QF_NRA/hycomp/ball_count_1d_plain.05.seq_lazy_global_8.smt2 : 66 ms.
--------------------------------------------------
unsat
QF_NRA/hycomp/ball_count_1d_plain.05.seq_lazy_global_9.smt2 : 72 ms.
--------------------------------------------------
unsat
QF_NRA/hycomp/ball_count_1d_plain.05.seq_lazy_lemmas_global_0.smt2 : 21 ms.
--------------------------------------------------
unsat
QF_NRA/hycomp/ball_count_1d_plain.05.seq_lazy_lemmas_global_10.smt2 : 213 ms.
--------------------------------------------------
unsat
QF_NRA/hycomp/ball_count_1d_plain.05.seq_lazy_lemmas_global_11.smt2 : 96 ms.
--------------------------------------------------
unsat
QF_NRA/hycomp/ball_count_1d_plain.05.seq_lazy_lemmas_global_12.smt2 : 1874 ms.
--------------------------------------------------
unsat
QF_NRA/hycomp/ball_count_1d_plain.05.seq_lazy_lemmas_global_13.smt2 : 104 ms.
--------------------------------------------------
unsat
QF_NRA/hycomp/ball_count_1d_plain.05.seq_lazy_lemmas_global_14.smt2 : 2517 ms.
--------------------------------------------------
unsat
QF_NRA/hycomp/ball_count_1d_plain.05.seq_lazy_lemmas_global_15.smt2 : 124 ms.
--------------------------------------------------
unsat
QF_NRA/hycomp/ball_count_1d_plain.05.seq_lazy_lemmas_global_1.smt2 : 30 ms.
--------------------------------------------------
unsat
QF_NRA/hycomp/ball_count_1d_plain.05.seq_lazy_lemmas_global_2.smt2 : 36 ms.
--------------------------------------------------
unsat
QF_NRA/hycomp/ball_count_1d_plain.05.seq_lazy_lemmas_global_3.smt2 : 40 ms.
--------------------------------------------------
unsat
QF_NRA/hycomp/ball_count_1d_plain.05.seq_lazy_lemmas_global_4.smt2 : 51 ms.
--------------------------------------------------
unsat
QF_NRA/hycomp/ball_count_1d_plain.05.seq_lazy_lemmas_global_5.smt2 : 56 ms.
--------------------------------------------------
unsat
QF_NRA/hycomp/ball_count_1d_plain.05.seq_lazy_lemmas_global_6.smt2 : 63 ms.
--------------------------------------------------
unsat
QF_NRA/hycomp/ball_count_1d_plain.05.seq_lazy_lemmas_global_7.smt2 : 72 ms.
--------------------------------------------------
unsat
QF_NRA/hycomp/ball_count_1d_plain.05.seq_lazy_lemmas_global_8.smt2 : 80 ms.
--------------------------------------------------
unsat
QF_NRA/hycomp/ball_count_1d_plain.05.seq_lazy_lemmas_global_9.smt2 : 88 ms.
--------------------------------------------------
unsat
QF_NRA/hycomp/ball_count_1d_plain.05.seq_lazy_linear_enc_global_0.smt2 : 23 ms.
--------------------------------------------------
unsat
QF_NRA/hycomp/ball_count_1d_plain.05.seq_lazy_linear_enc_global_10.smt2 : 153 ms.
--------------------------------------------------
unsat
QF_NRA/hycomp/ball_count_1d_plain.05.seq_lazy_linear_enc_global_11.smt2 : 85 ms.
--------------------------------------------------
unsat
QF_NRA/hycomp/ball_count_1d_plain.05.seq_lazy_linear_enc_global_12.smt2 : 406 ms.
--------------------------------------------------
unsat
QF_NRA/hycomp/ball_count_1d_plain.05.seq_lazy_linear_enc_global_13.smt2 : 97 ms.
--------------------------------------------------
unsat
QF_NRA/hycomp/ball_count_1d_plain.05.seq_lazy_linear_enc_global_14.smt2 : 3163 ms.
--------------------------------------------------
unsat
QF_NRA/hycomp/ball_count_1d_plain.05.seq_lazy_linear_enc_global_15.smt2 : 107 ms.
--------------------------------------------------
unsat
QF_NRA/hycomp/ball_count_1d_plain.05.seq_lazy_linear_enc_global_1.smt2 : 28 ms.
--------------------------------------------------
unsat
QF_NRA/hycomp/ball_count_1d_plain.05.seq_lazy_linear_enc_global_2.smt2 : 30 ms.
--------------------------------------------------
unsat
QF_NRA/hycomp/ball_count_1d_plain.05.seq_lazy_linear_enc_global_3.smt2 : 36 ms.
--------------------------------------------------
unsat
QF_NRA/hycomp/ball_count_1d_plain.05.seq_lazy_linear_enc_global_4.smt2 : 44 ms.
--------------------------------------------------
unsat
QF_NRA/hycomp/ball_count_1d_plain.05.seq_lazy_linear_enc_global_5.smt2 : 51 ms.
--------------------------------------------------
unsat
QF_NRA/hycomp/ball_count_1d_plain.05.seq_lazy_linear_enc_global_6.smt2 : 57 ms.
--------------------------------------------------
unsat
QF_NRA/hycomp/ball_count_1d_plain.05.seq_lazy_linear_enc_global_7.smt2 : 62 ms.
--------------------------------------------------
unsat
QF_NRA/hycomp/ball_count_1d_plain.05.seq_lazy_linear_enc_global_8.smt2 : 66 ms.
--------------------------------------------------
unsat
QF_NRA/hycomp/ball_count_1d_plain.05.seq_lazy_linear_enc_global_9.smt2 : 73 ms.
--------------------------------------------------
unsat
QF_NRA/hycomp/ball_count_1d_plain.05.seq_lazy_linear_enc_lemmas_global_0.smt2 : 25 ms.
--------------------------------------------------
unsat
QF_NRA/hycomp/ball_count_1d_plain.05.seq_lazy_linear_enc_lemmas_global_10.smt2 : 212 ms.
--------------------------------------------------
unsat
QF_NRA/hycomp/ball_count_1d_plain.05.seq_lazy_linear_enc_lemmas_global_11.smt2 : 99 ms.
--------------------------------------------------
unsat
QF_NRA/hycomp/ball_count_1d_plain.05.seq_lazy_linear_enc_lemmas_global_12.smt2 : 1681 ms.
--------------------------------------------------
unsat
QF_NRA/hycomp/ball_count_1d_plain.05.seq_lazy_linear_enc_lemmas_global_13.smt2 : 115 ms.
--------------------------------------------------
unsat
QF_NRA/hycomp/ball_count_1d_plain.05.seq_lazy_linear_enc_lemmas_global_14.smt2 : 4537 ms.
--------------------------------------------------
unsat
QF_NRA/hycomp/ball_count_1d_plain.05.seq_lazy_linear_enc_lemmas_global_15.smt2 : 122 ms.
--------------------------------------------------
unsat
QF_NRA/hycomp/ball_count_1d_plain.05.seq_lazy_linear_enc_lemmas_global_1.smt2 : 31 ms.
--------------------------------------------------
unsat
QF_NRA/hycomp/ball_count_1d_plain.05.seq_lazy_linear_enc_lemmas_global_2.smt2 : 37 ms.
--------------------------------------------------
unsat
QF_NRA/hycomp/ball_count_1d_plain.05.seq_lazy_linear_enc_lemmas_global_3.smt2 : 44 ms.
--------------------------------------------------
unsat
QF_NRA/hycomp/ball_count_1d_plain.05.seq_lazy_linear_enc_lemmas_global_4.smt2 : 51 ms.
--------------------------------------------------
unsat
QF_NRA/hycomp/ball_count_1d_plain.05.seq_lazy_linear_enc_lemmas_global_5.smt2 : 58 ms.
--------------------------------------------------
unsat
QF_NRA/hycomp/ball_count_1d_plain.05.seq_lazy_linear_enc_lemmas_global_6.smt2 : 70 ms.
--------------------------------------------------
unsat
QF_NRA/hycomp/ball_count_1d_plain.05.seq_lazy_linear_enc_lemmas_global_7.smt2 : 71 ms.
--------------------------------------------------
unsat
QF_NRA/hycomp/ball_count_1d_plain.05.seq_lazy_linear_enc_lemmas_global_8.smt2 : 79 ms.
--------------------------------------------------
unsat
QF_NRA/hycomp/ball_count_1d_plain.05.seq_lazy_linear_enc_lemmas_global_9.smt2 : 84 ms.
--------------------------------------------------
unsat
QF_NRA/hycomp/ball_count_1d_plain.10.qfree_global_0.smt2 : 22 ms.
--------------------------------------------------
unsat
QF_NRA/hycomp/ball_count_1d_plain.10.qfree_global_10.smt2 : 71 ms.
--------------------------------------------------
unsat
QF_NRA/hycomp/ball_count_1d_plain.10.qfree_global_11.smt2 : 72 ms.
--------------------------------------------------
unsat
QF_NRA/hycomp/ball_count_1d_plain.10.qfree_global_12.smt2 : 79 ms.
--------------------------------------------------
unsat
QF_NRA/hycomp/ball_count_1d_plain.10.qfree_global_13.smt2 : 80 ms.
--------------------------------------------------
unsat
QF_NRA/hycomp/ball_count_1d_plain.10.qfree_global_14.smt2 : 94 ms.
--------------------------------------------------
unsat
QF_NRA/hycomp/ball_count_1d_plain.10.qfree_global_15.smt2 : 91 ms.
--------------------------------------------------
unsat
QF_NRA/hycomp/ball_count_1d_plain.10.qfree_global_1.smt2 : 23 ms.
--------------------------------------------------
unsat
QF_NRA/hycomp/ball_count_1d_plain.10.qfree_global_2.smt2 : 28 ms.
--------------------------------------------------
unsat
QF_NRA/hycomp/ball_count_1d_plain.10.qfree_global_3.smt2 : 34 ms.
--------------------------------------------------
unsat
QF_NRA/hycomp/ball_count_1d_plain.10.qfree_global_4.smt2 : 38 ms.
--------------------------------------------------
unsat
QF_NRA/hycomp/ball_count_1d_plain.10.qfree_global_5.smt2 : 42 ms.
--------------------------------------------------
unsat
QF_NRA/hycomp/ball_count_1d_plain.10.qfree_global_6.smt2 : 48 ms.
--------------------------------------------------
unsat
QF_NRA/hycomp/ball_count_1d_plain.10.qfree_global_7.smt2 : 51 ms.
--------------------------------------------------
unsat
QF_NRA/hycomp/ball_count_1d_plain.10.qfree_global_8.smt2 : 59 ms.
--------------------------------------------------
unsat
QF_NRA/hycomp/ball_count_1d_plain.10.qfree_global_9.smt2 : 61 ms.
--------------------------------------------------
unsat
QF_NRA/hycomp/ball_count_1d_plain.10.redlog_global_0.smt2 : 20 ms.
--------------------------------------------------
unsat
QF_NRA/hycomp/ball_count_1d_plain.10.redlog_global_10.smt2 : 82 ms.
--------------------------------------------------
unsat
QF_NRA/hycomp/ball_count_1d_plain.10.redlog_global_11.smt2 : 82 ms.
--------------------------------------------------
unsat
QF_NRA/hycomp/ball_count_1d_plain.10.redlog_global_12.smt2 : 95 ms.
--------------------------------------------------
unsat
QF_NRA/hycomp/ball_count_1d_plain.10.redlog_global_13.smt2 : 92 ms.
--------------------------------------------------
unsat
QF_NRA/hycomp/ball_count_1d_plain.10.redlog_global_14.smt2 : 112 ms.
--------------------------------------------------
unsat
QF_NRA/hycomp/ball_count_1d_plain.10.redlog_global_15.smt2 : 108 ms.
--------------------------------------------------
unsat
QF_NRA/hycomp/ball_count_1d_plain.10.redlog_global_1.smt2 : 25 ms.
--------------------------------------------------
unsat
QF_NRA/hycomp/ball_count_1d_plain.10.redlog_global_2.smt2 : 34 ms.
--------------------------------------------------
unsat
QF_NRA/hycomp/ball_count_1d_plain.10.redlog_global_3.smt2 : 41 ms.
--------------------------------------------------
unsat
QF_NRA/hycomp/ball_count_1d_plain.10.redlog_global_4.smt2 : 44 ms.
--------------------------------------------------
unsat
QF_NRA/hycomp/ball_count_1d_plain.10.redlog_global_5.smt2 : 48 ms.
--------------------------------------------------
unsat
QF_NRA/hycomp/ball_count_1d_plain.10.redlog_global_6.smt2 : 57 ms.
--------------------------------------------------
unsat
QF_NRA/hycomp/ball_count_1d_plain.10.redlog_global_7.smt2 : 59 ms.
--------------------------------------------------
unsat
QF_NRA/hycomp/ball_count_1d_plain.10.redlog_global_8.smt2 : 70 ms.
--------------------------------------------------
unsat
QF_NRA/hycomp/ball_count_1d_plain.10.redlog_global_9.smt2 : 70 ms.
--------------------------------------------------
unsat
QF_NRA/hycomp/ball_count_1d_plain.10.seq_lazy_global_0.smt2 : 19 ms.
--------------------------------------------------
unsat
QF_NRA/hycomp/ball_count_1d_plain.10.seq_lazy_global_10.smt2 : 71 ms.
--------------------------------------------------
unsat
QF_NRA/hycomp/ball_count_1d_plain.10.seq_lazy_global_11.smt2 : 71 ms.
--------------------------------------------------
unsat
QF_NRA/hycomp/ball_count_1d_plain.10.seq_lazy_global_12.smt2 : 83 ms.
--------------------------------------------------
unsat
QF_NRA/hycomp/ball_count_1d_plain.10.seq_lazy_global_13.smt2 : 81 ms.
--------------------------------------------------
unsat
QF_NRA/hycomp/ball_count_1d_plain.10.seq_lazy_global_14.smt2 : 94 ms.
--------------------------------------------------
unsat
QF_NRA/hycomp/ball_count_1d_plain.10.seq_lazy_global_15.smt2 : 90 ms.
--------------------------------------------------
unsat
QF_NRA/hycomp/ball_count_1d_plain.10.seq_lazy_global_1.smt2 : 24 ms.
--------------------------------------------------
unsat
QF_NRA/hycomp/ball_count_1d_plain.10.seq_lazy_global_2.smt2 : 29 ms.
--------------------------------------------------
unsat
QF_NRA/hycomp/ball_count_1d_plain.10.seq_lazy_global_3.smt2 : 33 ms.
--------------------------------------------------
unsat
QF_NRA/hycomp/ball_count_1d_plain.10.seq_lazy_global_4.smt2 : 40 ms.
--------------------------------------------------
unsat
QF_NRA/hycomp/ball_count_1d_plain.10.seq_lazy_global_5.smt2 : 43 ms.
--------------------------------------------------
unsat
QF_NRA/hycomp/ball_count_1d_plain.10.seq_lazy_global_6.smt2 : 52 ms.
--------------------------------------------------
unsat
QF_NRA/hycomp/ball_count_1d_plain.10.seq_lazy_global_7.smt2 : 53 ms.
--------------------------------------------------
unsat
QF_NRA/hycomp/ball_count_1d_plain.10.seq_lazy_global_8.smt2 : 60 ms.
--------------------------------------------------
unsat
QF_NRA/hycomp/ball_count_1d_plain.10.seq_lazy_global_9.smt2 : 63 ms.
--------------------------------------------------
unsat
QF_NRA/hycomp/ball_count_1d_plain.10.seq_lazy_lemmas_global_0.smt2 : 20 ms.
--------------------------------------------------
unsat
QF_NRA/hycomp/ball_count_1d_plain.10.seq_lazy_lemmas_global_10.smt2 : 83 ms.
--------------------------------------------------
unsat
QF_NRA/hycomp/ball_count_1d_plain.10.seq_lazy_lemmas_global_11.smt2 : 81 ms.
--------------------------------------------------
unsat
QF_NRA/hycomp/ball_count_1d_plain.10.seq_lazy_lemmas_global_12.smt2 : 98 ms.
--------------------------------------------------
unsat
QF_NRA/hycomp/ball_count_1d_plain.10.seq_lazy_lemmas_global_13.smt2 : 91 ms.
--------------------------------------------------
unsat
QF_NRA/hycomp/ball_count_1d_plain.10.seq_lazy_lemmas_global_14.smt2 : 109 ms.
--------------------------------------------------
unsat
QF_NRA/hycomp/ball_count_1d_plain.10.seq_lazy_lemmas_global_15.smt2 : 102 ms.
--------------------------------------------------
unsat
QF_NRA/hycomp/ball_count_1d_plain.10.seq_lazy_lemmas_global_1.smt2 : 23 ms.
--------------------------------------------------
unsat
QF_NRA/hycomp/ball_count_1d_plain.10.seq_lazy_lemmas_global_2.smt2 : 31 ms.
--------------------------------------------------
unsat
QF_NRA/hycomp/ball_count_1d_plain.10.seq_lazy_lemmas_global_3.smt2 : 35 ms.
--------------------------------------------------
unsat
QF_NRA/hycomp/ball_count_1d_plain.10.seq_lazy_lemmas_global_4.smt2 : 43 ms.
--------------------------------------------------
unsat
QF_NRA/hycomp/ball_count_1d_plain.10.seq_lazy_lemmas_global_5.smt2 : 46 ms.
--------------------------------------------------
unsat
QF_NRA/hycomp/ball_count_1d_plain.10.seq_lazy_lemmas_global_6.smt2 : 55 ms.
--------------------------------------------------
unsat
QF_NRA/hycomp/ball_count_1d_plain.10.seq_lazy_lemmas_global_7.smt2 : 56 ms.
--------------------------------------------------
unsat
QF_NRA/hycomp/ball_count_1d_plain.10.seq_lazy_lemmas_global_8.smt2 : 69 ms.
--------------------------------------------------
unsat
QF_NRA/hycomp/ball_count_1d_plain.10.seq_lazy_lemmas_global_9.smt2 : 67 ms.
--------------------------------------------------
unsat
QF_NRA/hycomp/ball_count_1d_plain.10.seq_lazy_linear_enc_global_0.smt2 : 25 ms.
--------------------------------------------------
unsat
QF_NRA/hycomp/ball_count_1d_plain.10.seq_lazy_linear_enc_global_10.smt2 : 78 ms.
--------------------------------------------------
unsat
QF_NRA/hycomp/ball_count_1d_plain.10.seq_lazy_linear_enc_global_11.smt2 : 76 ms.
--------------------------------------------------
unsat
QF_NRA/hycomp/ball_count_1d_plain.10.seq_lazy_linear_enc_global_12.smt2 : 90 ms.
--------------------------------------------------
unsat
QF_NRA/hycomp/ball_count_1d_plain.10.seq_lazy_linear_enc_global_13.smt2 : 87 ms.
--------------------------------------------------
unsat
QF_NRA/hycomp/ball_count_1d_plain.10.seq_lazy_linear_enc_global_14.smt2 : 101 ms.
--------------------------------------------------
unsat
QF_NRA/hycomp/ball_count_1d_plain.10.seq_lazy_linear_enc_global_15.smt2 : 97 ms.
--------------------------------------------------
unsat
QF_NRA/hycomp/ball_count_1d_plain.10.seq_lazy_linear_enc_global_1.smt2 : 26 ms.
--------------------------------------------------
unsat
QF_NRA/hycomp/ball_count_1d_plain.10.seq_lazy_linear_enc_global_2.smt2 : 33 ms.
--------------------------------------------------
unsat
QF_NRA/hycomp/ball_count_1d_plain.10.seq_lazy_linear_enc_global_3.smt2 : 36 ms.
--------------------------------------------------
unsat
QF_NRA/hycomp/ball_count_1d_plain.10.seq_lazy_linear_enc_global_4.smt2 : 44 ms.
--------------------------------------------------
unsat
QF_NRA/hycomp/ball_count_1d_plain.10.seq_lazy_linear_enc_global_5.smt2 : 48 ms.
--------------------------------------------------
unsat
QF_NRA/hycomp/ball_count_1d_plain.10.seq_lazy_linear_enc_global_6.smt2 : 55 ms.
--------------------------------------------------
unsat
QF_NRA/hycomp/ball_count_1d_plain.10.seq_lazy_linear_enc_global_7.smt2 : 56 ms.
--------------------------------------------------
unsat
QF_NRA/hycomp/ball_count_1d_plain.10.seq_lazy_linear_enc_global_8.smt2 : 65 ms.
--------------------------------------------------
unsat
QF_NRA/hycomp/ball_count_1d_plain.10.seq_lazy_linear_enc_global_9.smt2 : 68 ms.
--------------------------------------------------
unsat
QF_NRA/hycomp/ball_count_1d_plain.10.seq_lazy_linear_enc_lemmas_global_0.smt2 : 23 ms.
--------------------------------------------------
unsat
QF_NRA/hycomp/ball_count_1d_plain.10.seq_lazy_linear_enc_lemmas_global_10.smt2 : 85 ms.
--------------------------------------------------
unsat
QF_NRA/hycomp/ball_count_1d_plain.10.seq_lazy_linear_enc_lemmas_global_11.smt2 : 87 ms.
--------------------------------------------------
unsat
QF_NRA/hycomp/ball_count_1d_plain.10.seq_lazy_linear_enc_lemmas_global_12.smt2 : 103 ms.
--------------------------------------------------
unsat
QF_NRA/hycomp/ball_count_1d_plain.10.seq_lazy_linear_enc_lemmas_global_13.smt2 : 98 ms.
--------------------------------------------------
unsat
QF_NRA/hycomp/ball_count_1d_plain.10.seq_lazy_linear_enc_lemmas_global_14.smt2 : 118 ms.
--------------------------------------------------
unsat
QF_NRA/hycomp/ball_count_1d_plain.10.seq_lazy_linear_enc_lemmas_global_15.smt2 : 109 ms.
--------------------------------------------------
unsat
QF_NRA/hycomp/ball_count_1d_plain.10.seq_lazy_linear_enc_lemmas_global_1.smt2 : 26 ms.
--------------------------------------------------
unsat
QF_NRA/hycomp/ball_count_1d_plain.10.seq_lazy_linear_enc_lemmas_global_2.smt2 : 34 ms.
--------------------------------------------------
unsat
QF_NRA/hycomp/ball_count_1d_plain.10.seq_lazy_linear_enc_lemmas_global_3.smt2 : 41 ms.
--------------------------------------------------
unsat
QF_NRA/hycomp/ball_count_1d_plain.10.seq_lazy_linear_enc_lemmas_global_4.smt2 : 49 ms.
--------------------------------------------------
unsat
QF_NRA/hycomp/ball_count_1d_plain.10.seq_lazy_linear_enc_lemmas_global_5.smt2 : 51 ms.
--------------------------------------------------
unsat
QF_NRA/hycomp/ball_count_1d_plain.10.seq_lazy_linear_enc_lemmas_global_6.smt2 : 62 ms.
--------------------------------------------------
unsat
QF_NRA/hycomp/ball_count_1d_plain.10.seq_lazy_linear_enc_lemmas_global_7.smt2 : 64 ms.
--------------------------------------------------
unsat
QF_NRA/hycomp/ball_count_1d_plain.10.seq_lazy_linear_enc_lemmas_global_8.smt2 : 76 ms.
--------------------------------------------------
unsat
QF_NRA/hycomp/ball_count_1d_plain.10.seq_lazy_linear_enc_lemmas_global_9.smt2 : 74 ms.
--------------------------------------------------
unsat
QF_NRA/hycomp/ball_count_2d_hill.01.redlog_global_0.smt2 : 31 ms.
--------------------------------------------------
unknown
unknown
QF_NRA/hycomp/ball_count_2d_hill.01.redlog_global_10.smt2 : 1800012 ms.
--------------------------------------------------
unsat
QF_NRA/hycomp/ball_count_2d_hill.01.redlog_global_11.smt2 : 228 ms.
--------------------------------------------------
QF_NRA/hycomp/ball_count_2d_hill.01.redlog_global_12.smt2 : 1800015 ms.
--------------------------------------------------
unsat
QF_NRA/hycomp/ball_count_2d_hill.01.redlog_global_13.smt2 : 358 ms.
--------------------------------------------------
unknown
unknown
QF_NRA/hycomp/ball_count_2d_hill.01.redlog_global_14.smt2 : 1800016 ms.
--------------------------------------------------
unsat
QF_NRA/hycomp/ball_count_2d_hill.01.redlog_global_15.smt2 : 407 ms.
--------------------------------------------------
unsat
QF_NRA/hycomp/ball_count_2d_hill.01.redlog_global_1.smt2 : 55 ms.
--------------------------------------------------
unknown
unknown
QF_NRA/hycomp/ball_count_2d_hill.01.redlog_global_2.smt2 : 1800007 ms.
--------------------------------------------------
unsat
QF_NRA/hycomp/ball_count_2d_hill.01.redlog_global_3.smt2 : 84 ms.
--------------------------------------------------
QF_NRA/hycomp/ball_count_2d_hill.01.redlog_global_4.smt2 : 1800007 ms.
--------------------------------------------------
unsat
QF_NRA/hycomp/ball_count_2d_hill.01.redlog_global_5.smt2 : 123 ms.
--------------------------------------------------
unknown
unknown
QF_NRA/hycomp/ball_count_2d_hill.01.redlog_global_6.smt2 : 1800007 ms.
--------------------------------------------------
unsat
QF_NRA/hycomp/ball_count_2d_hill.01.redlog_global_7.smt2 : 163 ms.
--------------------------------------------------
unknown
unknown
QF_NRA/hycomp/ball_count_2d_hill.01.redlog_global_8.smt2 : 1800008 ms.
--------------------------------------------------
unsat
QF_NRA/hycomp/ball_count_2d_hill.01.redlog_global_9.smt2 : 202 ms.
--------------------------------------------------
unsat
QF_NRA/hycomp/ball_count_2d_hill.01.seq_lazy_global_0.smt2 : 22 ms.
--------------------------------------------------
sat
QF_NRA/hycomp/ball_count_2d_hill.01.seq_lazy_global_10.smt2 : 575 ms.
--------------------------------------------------
unsat
QF_NRA/hycomp/ball_count_2d_hill.01.seq_lazy_global_11.smt2 : 128 ms.
--------------------------------------------------
sat
QF_NRA/hycomp/ball_count_2d_hill.01.seq_lazy_global_12.smt2 : 1007 ms.
--------------------------------------------------
unsat
QF_NRA/hycomp/ball_count_2d_hill.01.seq_lazy_global_13.smt2 : 194 ms.
--------------------------------------------------
unknown
unknown
QF_NRA/hycomp/ball_count_2d_hill.01.seq_lazy_global_14.smt2 : 1800014 ms.
--------------------------------------------------
unsat
QF_NRA/hycomp/ball_count_2d_hill.01.seq_lazy_global_15.smt2 : 154 ms.
--------------------------------------------------
unsat
QF_NRA/hycomp/ball_count_2d_hill.01.seq_lazy_global_1.smt2 : 40 ms.
