--------------------------------------------------
unsupported
; ignoring unsupported logic QF_SLIA line: 2 position: 0
(error "line 17 column 57: unknown function/constant str.to_re")
sat
QF_SLIA/20230327-stringfuzz-lu/generated/variants/d546f378.smt2 : 69 ms.
--------------------------------------------------
unsupported
; ignoring unsupported logic QF_SLIA line: 2 position: 0
(error "line 17 column 66: unknown function/constant str.to_re")
sat
QF_SLIA/20230327-stringfuzz-lu/generated/variants/d751aae4.smt2 : 62 ms.
--------------------------------------------------
unsupported
; ignoring unsupported logic QF_SLIA line: 2 position: 0
(error "line 17 column 59: unknown function/constant str.to_re")
sat
QF_SLIA/20230327-stringfuzz-lu/generated/variants/d968536e.smt2 : 63 ms.
--------------------------------------------------
unsupported
; ignoring unsupported logic QF_SLIA line: 2 position: 0
(error "line 17 column 63: unknown function/constant str.to_re")
(error "line 18 column 61: unknown function/constant str.to_re")
(error "line 19 column 58: unknown function/constant str.to_re")
(error "line 20 column 57: unknown function/constant str.to_re")
sat
QF_SLIA/20230327-stringfuzz-lu/generated/variants/da187010.smt2 : 17 ms.
--------------------------------------------------
unsupported
; ignoring unsupported logic QF_SLIA line: 2 position: 0
(error "line 17 column 57: unknown function/constant str.to_re")
sat
QF_SLIA/20230327-stringfuzz-lu/generated/variants/dea854ae.smt2 : 86 ms.
--------------------------------------------------
unsupported
; ignoring unsupported logic QF_SLIA line: 2 position: 0
(error "line 17 column 57: unknown function/constant str.to_re")
sat
QF_SLIA/20230327-stringfuzz-lu/generated/variants/e02fbda8.smt2 : 43 ms.
--------------------------------------------------
unsupported
; ignoring unsupported logic QF_SLIA line: 2 position: 0
(error "line 140 column 54: unknown function/constant str.to_re")
(error "line 164 column 63: unknown function/constant str.replace_all")
(error "line 165 column 63: unknown function/constant str.replace_all")
(error "line 166 column 66: unknown function/constant str.replace_all")
sat
QF_SLIA/20230403-webapp/str-rep-all/str_replace_all143.smt2 : 48 ms.
--------------------------------------------------
unsupported
; ignoring unsupported logic QF_SLIA line: 2 position: 0
(error "line 153 column 145: unknown function/constant str.in_re")
(error "line 154 column 145: unknown function/constant str.in_re")
(error "line 180 column 50: unknown function/constant str.to_re")
(error "line 186 column 78: unknown function/constant str.replace_all")
sat
QF_SLIA/20230403-webapp/str-rep-all/str_replace_all167.smt2 : 47 ms.
--------------------------------------------------
unsupported
; ignoring unsupported logic QF_SLIA line: 2 position: 0
(error "line 153 column 145: unknown function/constant str.in_re")
(error "line 154 column 145: unknown function/constant str.in_re")
(error "line 180 column 50: unknown function/constant str.to_re")
(error "line 186 column 78: unknown function/constant str.replace_all")
sat
QF_SLIA/20230403-webapp/str-rep-all/str_replace_all172.smt2 : 53 ms.
--------------------------------------------------
unsupported
; ignoring unsupported logic QF_SLIA line: 2 position: 0
(error "line 153 column 145: unknown function/constant str.in_re")
(error "line 154 column 145: unknown function/constant str.in_re")
(error "line 180 column 50: unknown function/constant str.to_re")
(error "line 186 column 78: unknown function/constant str.replace_all")
sat
QF_SLIA/20230403-webapp/str-rep-all/str_replace_all176.smt2 : 34 ms.
--------------------------------------------------
unsupported
; ignoring unsupported logic QF_SLIA line: 2 position: 0
(error "line 189 column 145: unknown function/constant str.in_re")
(error "line 190 column 145: unknown function/constant str.in_re")
(error "line 222 column 50: unknown function/constant str.to_re")
(error "line 230 column 78: unknown function/constant str.replace_all")
sat
QF_SLIA/20230403-webapp/str-rep-all/str_replace_all183.smt2 : 38 ms.
