--------------------------------------------------
sat
QF_NRA/2019-ezsmt/reverseFolding/01-reverse_folding-0-0.smt2 : 103 ms.
--------------------------------------------------
sat
QF_NRA/2019-ezsmt/reverseFolding/02-reverse_folding-0-0.smt2 : 1524 ms.
--------------------------------------------------
timeout
QF_NRA/2019-ezsmt/reverseFolding/03-reverse_folding-0-0.smt2 : 1800036 ms.
--------------------------------------------------
unknown
QF_NRA/2019-ezsmt/reverseFolding/04-reverse_folding-0-0.smt2 : 1130493 ms.
--------------------------------------------------
sat
QF_NRA/2019-ezsmt/reverseFolding/05-reverse_folding-0-0.smt2 : 28 ms.
--------------------------------------------------
unsat
QF_NRA/2019-ezsmt/reverseFolding/06-reverse_folding-0-0.smt2 : 90 ms.
--------------------------------------------------
unsat
QF_NRA/2019-ezsmt/reverseFolding/07-reverse_folding-0-0.smt2 : 292 ms.
--------------------------------------------------
sat
QF_NRA/2019-ezsmt/reverseFolding/08-reverse_folding-0-0.smt2 : 797 ms.
--------------------------------------------------
sat
QF_NRA/2019-ezsmt/reverseFolding/09-reverse_folding-0-0.smt2 : 1402 ms.
--------------------------------------------------
sat
QF_NRA/2019-ezsmt/reverseFolding/10-reverse_folding-0-0.smt2 : 3104 ms.
--------------------------------------------------
sat
QF_NRA/2019-ezsmt/reverseFolding/11-reverse_folding-0-0.smt2 : 286 ms.
--------------------------------------------------
sat
QF_NRA/2019-ezsmt/reverseFolding/12-reverse_folding-0-0.smt2 : 290 ms.
--------------------------------------------------
sat
QF_NRA/2019-ezsmt/reverseFolding/13-reverse_folding-0-0.smt2 : 414 ms.
--------------------------------------------------
sat
QF_NRA/2019-ezsmt/reverseFolding/14-reverse_folding-0-0.smt2 : 353 ms.
--------------------------------------------------
sat
QF_NRA/2019-ezsmt/reverseFolding/15-reverse_folding-0-0.smt2 : 451 ms.
--------------------------------------------------
sat
QF_NRA/2019-ezsmt/reverseFolding/16-reverse_folding-0-0.smt2 : 829 ms.
--------------------------------------------------
sat
QF_NRA/2019-ezsmt/reverseFolding/17-reverse_folding-0-0.smt2 : 1140 ms.
--------------------------------------------------
sat
QF_NRA/2019-ezsmt/reverseFolding/18-reverse_folding-0-0.smt2 : 496 ms.
--------------------------------------------------
sat
QF_NRA/2019-ezsmt/reverseFolding/19-reverse_folding-0-0.smt2 : 478 ms.
--------------------------------------------------
sat
QF_NRA/2019-ezsmt/reverseFolding/20-reverse_folding-0-0.smt2 : 1682 ms.
--------------------------------------------------
sat
QF_NRA/2019-ezsmt/reverseFolding/21-reverse_folding-0-0.smt2 : 2143 ms.
--------------------------------------------------
sat
QF_NRA/2019-ezsmt/reverseFolding/22-reverse_folding-0-0.smt2 : 2491 ms.
--------------------------------------------------
sat
QF_NRA/2019-ezsmt/reverseFolding/23-reverse_folding-0-0.smt2 : 1638 ms.
--------------------------------------------------
sat
QF_NRA/2019-ezsmt/reverseFolding/24-reverse_folding-0-0.smt2 : 3911 ms.
--------------------------------------------------
sat
QF_NRA/2019-ezsmt/reverseFolding/25-reverse_folding-0-0.smt2 : 5157 ms.
--------------------------------------------------
sat
QF_NRA/2019-ezsmt/reverseFolding/26-reverse_folding-0-0.smt2 : 2204 ms.
--------------------------------------------------
sat
QF_NRA/2019-ezsmt/reverseFolding/27-reverse_folding-0-0.smt2 : 3616 ms.
--------------------------------------------------
sat
QF_NRA/2019-ezsmt/reverseFolding/28-reverse_folding-0-0.smt2 : 2581 ms.
--------------------------------------------------
sat
QF_NRA/2019-ezsmt/reverseFolding/29-reverse_folding-0-0.smt2 : 3175 ms.
--------------------------------------------------
sat
QF_NRA/2019-ezsmt/reverseFolding/30-reverse_folding-0-0.smt2 : 3906 ms.
--------------------------------------------------
sat
QF_NRA/2019-ezsmt/reverseFolding/31-reverse_folding-0-0.smt2 : 12678 ms.
--------------------------------------------------
sat
QF_NRA/2019-ezsmt/reverseFolding/32-reverse_folding-0-0.smt2 : 3276 ms.
--------------------------------------------------
sat
QF_NRA/2019-ezsmt/reverseFolding/33-reverse_folding-0-0.smt2 : 4213 ms.
--------------------------------------------------
sat
QF_NRA/2019-ezsmt/reverseFolding/34-reverse_folding-0-0.smt2 : 6617 ms.
--------------------------------------------------
sat
QF_NRA/2019-ezsmt/reverseFolding/35-reverse_folding-0-0.smt2 : 7419 ms.
--------------------------------------------------
sat
QF_NRA/2019-ezsmt/reverseFolding/36-reverse_folding-0-0.smt2 : 14043 ms.
--------------------------------------------------
sat
QF_NRA/2019-ezsmt/reverseFolding/37-reverse_folding-0-0.smt2 : 7957 ms.
--------------------------------------------------
sat
QF_NRA/2019-ezsmt/reverseFolding/38-reverse_folding-0-0.smt2 : 15312 ms.
--------------------------------------------------
sat
QF_NRA/2019-ezsmt/reverseFolding/39-reverse_folding-0-0.smt2 : 6598 ms.
--------------------------------------------------
sat
QF_NRA/2019-ezsmt/reverseFolding/40-reverse_folding-0-0.smt2 : 19352 ms.
--------------------------------------------------
sat
QF_NRA/2019-ezsmt/reverseFolding/41-reverse_folding-0-0.smt2 : 56159 ms.
--------------------------------------------------
sat
QF_NRA/2019-ezsmt/reverseFolding/42-reverse_folding-0-0.smt2 : 16368 ms.
--------------------------------------------------
sat
QF_NRA/2019-ezsmt/reverseFolding/43-reverse_folding-0-0.smt2 : 17336 ms.
--------------------------------------------------
sat
QF_NRA/2019-ezsmt/reverseFolding/44-reverse_folding-0-0.smt2 : 16765 ms.
--------------------------------------------------
sat
QF_NRA/2019-ezsmt/reverseFolding/45-reverse_folding-0-0.smt2 : 19556 ms.
--------------------------------------------------
sat
QF_NRA/2019-ezsmt/reverseFolding/46-reverse_folding-0-0.smt2 : 23181 ms.
--------------------------------------------------
sat
QF_NRA/2019-ezsmt/reverseFolding/47-reverse_folding-0-0.smt2 : 2024 ms.
--------------------------------------------------
sat
QF_NRA/2019-ezsmt/reverseFolding/48-reverse_folding-0-0.smt2 : 2118 ms.
--------------------------------------------------
sat
QF_NRA/2019-ezsmt/reverseFolding/49-reverse_folding-0-0.smt2 : 1956 ms.
--------------------------------------------------
sat
QF_NRA/2019-ezsmt/reverseFolding/50-reverse_folding-0-0.smt2 : 693 ms.
