--------------------------------------------------
unsat
QF_NRA/hycomp_5/ball_count_2d_hill.03.seq_lazy_linear_enc_lemmas_global_0.smt2 : 22 ms.
--------------------------------------------------
timeout
QF_NRA/hycomp_5/ball_count_2d_hill.03.seq_lazy_linear_enc_lemmas_global_10.smt2 : 1800019 ms.
--------------------------------------------------
unsat
QF_NRA/hycomp_5/ball_count_2d_hill.03.seq_lazy_linear_enc_lemmas_global_11.smt2 : 93 ms.
--------------------------------------------------
timeout
QF_NRA/hycomp_5/ball_count_2d_hill.03.seq_lazy_linear_enc_lemmas_global_12.smt2 : 1800022 ms.
--------------------------------------------------
unsat
QF_NRA/hycomp_5/ball_count_2d_hill.03.seq_lazy_linear_enc_lemmas_global_13.smt2 : 112 ms.
--------------------------------------------------
timeout
QF_NRA/hycomp_5/ball_count_2d_hill.03.seq_lazy_linear_enc_lemmas_global_14.smt2 : 1800021 ms.
--------------------------------------------------
unsat
QF_NRA/hycomp_5/ball_count_2d_hill.03.seq_lazy_linear_enc_lemmas_global_15.smt2 : 126 ms.
--------------------------------------------------
unsat
QF_NRA/hycomp_5/ball_count_2d_hill.03.seq_lazy_linear_enc_lemmas_global_1.smt2 : 21 ms.
--------------------------------------------------
unsat
QF_NRA/hycomp_5/ball_count_2d_hill.03.seq_lazy_linear_enc_lemmas_global_2.smt2 : 28 ms.
--------------------------------------------------
unsat
QF_NRA/hycomp_5/ball_count_2d_hill.03.seq_lazy_linear_enc_lemmas_global_3.smt2 : 32 ms.
--------------------------------------------------
unsat
QF_NRA/hycomp_5/ball_count_2d_hill.03.seq_lazy_linear_enc_lemmas_global_4.smt2 : 36 ms.
--------------------------------------------------
unsat
QF_NRA/hycomp_5/ball_count_2d_hill.03.seq_lazy_linear_enc_lemmas_global_5.smt2 : 42 ms.
--------------------------------------------------
unsat
QF_NRA/hycomp_5/ball_count_2d_hill.03.seq_lazy_linear_enc_lemmas_global_6.smt2 : 46 ms.
--------------------------------------------------
unsat
QF_NRA/hycomp_5/ball_count_2d_hill.03.seq_lazy_linear_enc_lemmas_global_7.smt2 : 51 ms.
--------------------------------------------------
timeout
QF_NRA/hycomp_5/ball_count_2d_hill.03.seq_lazy_linear_enc_lemmas_global_8.smt2 : 1800009 ms.
--------------------------------------------------
unsat
QF_NRA/hycomp_5/ball_count_2d_hill.03.seq_lazy_linear_enc_lemmas_global_9.smt2 : 65 ms.
--------------------------------------------------
unsat
QF_NRA/hycomp_5/ball_count_2d_hill.04.redlog_global_0.smt2 : 20 ms.
--------------------------------------------------
timeout
QF_NRA/hycomp_5/ball_count_2d_hill.04.redlog_global_10.smt2 : 1800016 ms.
--------------------------------------------------
unsat
QF_NRA/hycomp_5/ball_count_2d_hill.04.redlog_global_11.smt2 : 5126 ms.
--------------------------------------------------
timeout
QF_NRA/hycomp_5/ball_count_2d_hill.04.redlog_global_12.smt2 : 1800018 ms.
--------------------------------------------------
unsat
QF_NRA/hycomp_5/ball_count_2d_hill.04.redlog_global_13.smt2 : 5168 ms.
--------------------------------------------------
timeout
QF_NRA/hycomp_5/ball_count_2d_hill.04.redlog_global_14.smt2 : 1800020 ms.
--------------------------------------------------
unsat
QF_NRA/hycomp_5/ball_count_2d_hill.04.redlog_global_15.smt2 : 5738 ms.
--------------------------------------------------
unsat
QF_NRA/hycomp_5/ball_count_2d_hill.04.redlog_global_1.smt2 : 34 ms.
--------------------------------------------------
unsat
QF_NRA/hycomp_5/ball_count_2d_hill.04.redlog_global_2.smt2 : 39 ms.
--------------------------------------------------
unsat
QF_NRA/hycomp_5/ball_count_2d_hill.04.redlog_global_3.smt2 : 55 ms.
--------------------------------------------------
unsat
QF_NRA/hycomp_5/ball_count_2d_hill.04.redlog_global_4.smt2 : 61 ms.
--------------------------------------------------
unsat
QF_NRA/hycomp_5/ball_count_2d_hill.04.redlog_global_5.smt2 : 113 ms.
--------------------------------------------------
unsat
QF_NRA/hycomp_5/ball_count_2d_hill.04.redlog_global_6.smt2 : 155 ms.
--------------------------------------------------
unsat
QF_NRA/hycomp_5/ball_count_2d_hill.04.redlog_global_7.smt2 : 419 ms.
--------------------------------------------------
timeout
QF_NRA/hycomp_5/ball_count_2d_hill.04.redlog_global_8.smt2 : 1800017 ms.
--------------------------------------------------
unsat
QF_NRA/hycomp_5/ball_count_2d_hill.04.redlog_global_9.smt2 : 2955 ms.
--------------------------------------------------
unsat
QF_NRA/hycomp_5/ball_count_2d_hill.04.seq_lazy_global_0.smt2 : 24 ms.
--------------------------------------------------
unsat
QF_NRA/hycomp_5/ball_count_2d_hill.04.seq_lazy_global_10.smt2 : 3097 ms.
--------------------------------------------------
unsat
QF_NRA/hycomp_5/ball_count_2d_hill.04.seq_lazy_global_11.smt2 : 63 ms.
--------------------------------------------------
timeout
QF_NRA/hycomp_5/ball_count_2d_hill.04.seq_lazy_global_12.smt2 : 1800037 ms.
--------------------------------------------------
unsat
QF_NRA/hycomp_5/ball_count_2d_hill.04.seq_lazy_global_13.smt2 : 70 ms.
--------------------------------------------------
timeout
QF_NRA/hycomp_5/ball_count_2d_hill.04.seq_lazy_global_14.smt2 : 1800026 ms.
--------------------------------------------------
unsat
QF_NRA/hycomp_5/ball_count_2d_hill.04.seq_lazy_global_15.smt2 : 96 ms.
--------------------------------------------------
unsat
QF_NRA/hycomp_5/ball_count_2d_hill.04.seq_lazy_global_1.smt2 : 25 ms.
--------------------------------------------------
unsat
QF_NRA/hycomp_5/ball_count_2d_hill.04.seq_lazy_global_2.smt2 : 34 ms.
--------------------------------------------------
unsat
QF_NRA/hycomp_5/ball_count_2d_hill.04.seq_lazy_global_3.smt2 : 36 ms.
--------------------------------------------------
unsat
QF_NRA/hycomp_5/ball_count_2d_hill.04.seq_lazy_global_4.smt2 : 42 ms.
--------------------------------------------------
unsat
QF_NRA/hycomp_5/ball_count_2d_hill.04.seq_lazy_global_5.smt2 : 37 ms.
--------------------------------------------------
unsat
QF_NRA/hycomp_5/ball_count_2d_hill.04.seq_lazy_global_6.smt2 : 39 ms.
--------------------------------------------------
unsat
QF_NRA/hycomp_5/ball_count_2d_hill.04.seq_lazy_global_7.smt2 : 43 ms.
--------------------------------------------------
unsat
QF_NRA/hycomp_5/ball_count_2d_hill.04.seq_lazy_global_8.smt2 : 48 ms.
--------------------------------------------------
unsat
QF_NRA/hycomp_5/ball_count_2d_hill.04.seq_lazy_global_9.smt2 : 55 ms.
--------------------------------------------------
unsat
QF_NRA/hycomp_5/ball_count_2d_hill.04.seq_lazy_lemmas_global_0.smt2 : 20 ms.
--------------------------------------------------
timeout
QF_NRA/hycomp_5/ball_count_2d_hill.04.seq_lazy_lemmas_global_10.smt2 : 1800008 ms.
--------------------------------------------------
unsat
QF_NRA/hycomp_5/ball_count_2d_hill.04.seq_lazy_lemmas_global_11.smt2 : 85 ms.
--------------------------------------------------
timeout
QF_NRA/hycomp_5/ball_count_2d_hill.04.seq_lazy_lemmas_global_12.smt2 : 1800012 ms.
--------------------------------------------------
unsat
QF_NRA/hycomp_5/ball_count_2d_hill.04.seq_lazy_lemmas_global_13.smt2 : 104 ms.
--------------------------------------------------
timeout
QF_NRA/hycomp_5/ball_count_2d_hill.04.seq_lazy_lemmas_global_14.smt2 : 1800017 ms.
--------------------------------------------------
unsat
QF_NRA/hycomp_5/ball_count_2d_hill.04.seq_lazy_lemmas_global_15.smt2 : 143 ms.
--------------------------------------------------
unsat
QF_NRA/hycomp_5/ball_count_2d_hill.04.seq_lazy_lemmas_global_1.smt2 : 23 ms.
--------------------------------------------------
unsat
QF_NRA/hycomp_5/ball_count_2d_hill.04.seq_lazy_lemmas_global_2.smt2 : 28 ms.
--------------------------------------------------
unsat
QF_NRA/hycomp_5/ball_count_2d_hill.04.seq_lazy_lemmas_global_3.smt2 : 34 ms.
--------------------------------------------------
unsat
QF_NRA/hycomp_5/ball_count_2d_hill.04.seq_lazy_lemmas_global_4.smt2 : 38 ms.
--------------------------------------------------
unsat
QF_NRA/hycomp_5/ball_count_2d_hill.04.seq_lazy_lemmas_global_5.smt2 : 54 ms.
--------------------------------------------------
unsat
QF_NRA/hycomp_5/ball_count_2d_hill.04.seq_lazy_lemmas_global_6.smt2 : 66 ms.
--------------------------------------------------
unsat
QF_NRA/hycomp_5/ball_count_2d_hill.04.seq_lazy_lemmas_global_7.smt2 : 77 ms.
--------------------------------------------------
unsat
QF_NRA/hycomp_5/ball_count_2d_hill.04.seq_lazy_lemmas_global_8.smt2 : 71 ms.
--------------------------------------------------
unsat
QF_NRA/hycomp_5/ball_count_2d_hill.04.seq_lazy_lemmas_global_9.smt2 : 73 ms.
--------------------------------------------------
unsat
QF_NRA/hycomp_5/ball_count_2d_hill.04.seq_lazy_linear_enc_global_0.smt2 : 21 ms.
--------------------------------------------------
unsat
QF_NRA/hycomp_5/ball_count_2d_hill.04.seq_lazy_linear_enc_global_10.smt2 : 3308 ms.
--------------------------------------------------
unsat
QF_NRA/hycomp_5/ball_count_2d_hill.04.seq_lazy_linear_enc_global_11.smt2 : 60 ms.
--------------------------------------------------
timeout
QF_NRA/hycomp_5/ball_count_2d_hill.04.seq_lazy_linear_enc_global_12.smt2 : 1800030 ms.
--------------------------------------------------
unsat
QF_NRA/hycomp_5/ball_count_2d_hill.04.seq_lazy_linear_enc_global_13.smt2 : 74 ms.
--------------------------------------------------
timeout
QF_NRA/hycomp_5/ball_count_2d_hill.04.seq_lazy_linear_enc_global_14.smt2 : 1800030 ms.
--------------------------------------------------
unsat
QF_NRA/hycomp_5/ball_count_2d_hill.04.seq_lazy_linear_enc_global_15.smt2 : 84 ms.
--------------------------------------------------
unsat
QF_NRA/hycomp_5/ball_count_2d_hill.04.seq_lazy_linear_enc_global_1.smt2 : 21 ms.
--------------------------------------------------
unsat
QF_NRA/hycomp_5/ball_count_2d_hill.04.seq_lazy_linear_enc_global_2.smt2 : 27 ms.
--------------------------------------------------
unsat
QF_NRA/hycomp_5/ball_count_2d_hill.04.seq_lazy_linear_enc_global_3.smt2 : 29 ms.
--------------------------------------------------
unsat
QF_NRA/hycomp_5/ball_count_2d_hill.04.seq_lazy_linear_enc_global_4.smt2 : 33 ms.
--------------------------------------------------
unsat
QF_NRA/hycomp_5/ball_count_2d_hill.04.seq_lazy_linear_enc_global_5.smt2 : 36 ms.
--------------------------------------------------
unsat
QF_NRA/hycomp_5/ball_count_2d_hill.04.seq_lazy_linear_enc_global_6.smt2 : 39 ms.
--------------------------------------------------
unsat
QF_NRA/hycomp_5/ball_count_2d_hill.04.seq_lazy_linear_enc_global_7.smt2 : 42 ms.
--------------------------------------------------
unsat
QF_NRA/hycomp_5/ball_count_2d_hill.04.seq_lazy_linear_enc_global_8.smt2 : 47 ms.
--------------------------------------------------
unsat
QF_NRA/hycomp_5/ball_count_2d_hill.04.seq_lazy_linear_enc_global_9.smt2 : 51 ms.
--------------------------------------------------
unsat
QF_NRA/hycomp_5/ball_count_2d_hill.04.seq_lazy_linear_enc_lemmas_global_0.smt2 : 20 ms.
--------------------------------------------------
timeout
QF_NRA/hycomp_5/ball_count_2d_hill.04.seq_lazy_linear_enc_lemmas_global_10.smt2 : 1800011 ms.
--------------------------------------------------
unsat
QF_NRA/hycomp_5/ball_count_2d_hill.04.seq_lazy_linear_enc_lemmas_global_11.smt2 : 83 ms.
--------------------------------------------------
timeout
QF_NRA/hycomp_5/ball_count_2d_hill.04.seq_lazy_linear_enc_lemmas_global_12.smt2 : 1800020 ms.
--------------------------------------------------
unsat
QF_NRA/hycomp_5/ball_count_2d_hill.04.seq_lazy_linear_enc_lemmas_global_13.smt2 : 103 ms.
--------------------------------------------------
timeout
QF_NRA/hycomp_5/ball_count_2d_hill.04.seq_lazy_linear_enc_lemmas_global_14.smt2 : 1800012 ms.
--------------------------------------------------
unsat
QF_NRA/hycomp_5/ball_count_2d_hill.04.seq_lazy_linear_enc_lemmas_global_15.smt2 : 122 ms.
--------------------------------------------------
unsat
QF_NRA/hycomp_5/ball_count_2d_hill.04.seq_lazy_linear_enc_lemmas_global_1.smt2 : 22 ms.
--------------------------------------------------
unsat
QF_NRA/hycomp_5/ball_count_2d_hill.04.seq_lazy_linear_enc_lemmas_global_2.smt2 : 28 ms.
--------------------------------------------------
unsat
QF_NRA/hycomp_5/ball_count_2d_hill.04.seq_lazy_linear_enc_lemmas_global_3.smt2 : 32 ms.
--------------------------------------------------
unsat
QF_NRA/hycomp_5/ball_count_2d_hill.04.seq_lazy_linear_enc_lemmas_global_4.smt2 : 37 ms.
--------------------------------------------------
unsat
QF_NRA/hycomp_5/ball_count_2d_hill.04.seq_lazy_linear_enc_lemmas_global_5.smt2 : 41 ms.
--------------------------------------------------
unsat
QF_NRA/hycomp_5/ball_count_2d_hill.04.seq_lazy_linear_enc_lemmas_global_6.smt2 : 51 ms.
--------------------------------------------------
unsat
QF_NRA/hycomp_5/ball_count_2d_hill.04.seq_lazy_linear_enc_lemmas_global_7.smt2 : 57 ms.
--------------------------------------------------
unsat
QF_NRA/hycomp_5/ball_count_2d_hill.04.seq_lazy_linear_enc_lemmas_global_8.smt2 : 57 ms.
--------------------------------------------------
unsat
QF_NRA/hycomp_5/ball_count_2d_hill.04.seq_lazy_linear_enc_lemmas_global_9.smt2 : 64 ms.
--------------------------------------------------
unsat
QF_NRA/hycomp_5/ball_count_2d_hill.05.redlog_global_0.smt2 : 21 ms.
--------------------------------------------------
timeout
QF_NRA/hycomp_5/ball_count_2d_hill.05.redlog_global_10.smt2 : 1800020 ms.
--------------------------------------------------
unsat
QF_NRA/hycomp_5/ball_count_2d_hill.05.redlog_global_11.smt2 : 5136 ms.
--------------------------------------------------
timeout
QF_NRA/hycomp_5/ball_count_2d_hill.05.redlog_global_12.smt2 : 1800024 ms.
--------------------------------------------------
unsat
QF_NRA/hycomp_5/ball_count_2d_hill.05.redlog_global_13.smt2 : 5186 ms.
--------------------------------------------------
timeout
QF_NRA/hycomp_5/ball_count_2d_hill.05.redlog_global_14.smt2 : 1800022 ms.
--------------------------------------------------
unsat
QF_NRA/hycomp_5/ball_count_2d_hill.05.redlog_global_15.smt2 : 5755 ms.
--------------------------------------------------
unsat
QF_NRA/hycomp_5/ball_count_2d_hill.05.redlog_global_1.smt2 : 28 ms.
--------------------------------------------------
unsat
QF_NRA/hycomp_5/ball_count_2d_hill.05.redlog_global_2.smt2 : 35 ms.
--------------------------------------------------
unsat
QF_NRA/hycomp_5/ball_count_2d_hill.05.redlog_global_3.smt2 : 54 ms.
--------------------------------------------------
unsat
QF_NRA/hycomp_5/ball_count_2d_hill.05.redlog_global_4.smt2 : 65 ms.
--------------------------------------------------
unsat
QF_NRA/hycomp_5/ball_count_2d_hill.05.redlog_global_5.smt2 : 117 ms.
--------------------------------------------------
unsat
QF_NRA/hycomp_5/ball_count_2d_hill.05.redlog_global_6.smt2 : 163 ms.
--------------------------------------------------
unsat
QF_NRA/hycomp_5/ball_count_2d_hill.05.redlog_global_7.smt2 : 431 ms.
--------------------------------------------------
unsat
QF_NRA/hycomp_5/ball_count_2d_hill.05.redlog_global_8.smt2 : 900 ms.
--------------------------------------------------
unsat
QF_NRA/hycomp_5/ball_count_2d_hill.05.redlog_global_9.smt2 : 3314 ms.
--------------------------------------------------
unsat
QF_NRA/hycomp_5/ball_count_2d_hill.05.seq_lazy_global_0.smt2 : 21 ms.
--------------------------------------------------
unsat
QF_NRA/hycomp_5/ball_count_2d_hill.05.seq_lazy_global_10.smt2 : 56 ms.
--------------------------------------------------
unsat
QF_NRA/hycomp_5/ball_count_2d_hill.05.seq_lazy_global_11.smt2 : 61 ms.
--------------------------------------------------
timeout
QF_NRA/hycomp_5/ball_count_2d_hill.05.seq_lazy_global_12.smt2 : 1800023 ms.
--------------------------------------------------
unsat
QF_NRA/hycomp_5/ball_count_2d_hill.05.seq_lazy_global_13.smt2 : 75 ms.
--------------------------------------------------
timeout
QF_NRA/hycomp_5/ball_count_2d_hill.05.seq_lazy_global_14.smt2 : 1800036 ms.
--------------------------------------------------
unsat
QF_NRA/hycomp_5/ball_count_2d_hill.05.seq_lazy_global_15.smt2 : 82 ms.
--------------------------------------------------
unsat
QF_NRA/hycomp_5/ball_count_2d_hill.05.seq_lazy_global_1.smt2 : 22 ms.
--------------------------------------------------
unsat
QF_NRA/hycomp_5/ball_count_2d_hill.05.seq_lazy_global_2.smt2 : 27 ms.
--------------------------------------------------
unsat
QF_NRA/hycomp_5/ball_count_2d_hill.05.seq_lazy_global_3.smt2 : 30 ms.
--------------------------------------------------
unsat
QF_NRA/hycomp_5/ball_count_2d_hill.05.seq_lazy_global_4.smt2 : 33 ms.
--------------------------------------------------
unsat
QF_NRA/hycomp_5/ball_count_2d_hill.05.seq_lazy_global_5.smt2 : 36 ms.
--------------------------------------------------
unsat
QF_NRA/hycomp_5/ball_count_2d_hill.05.seq_lazy_global_6.smt2 : 41 ms.
--------------------------------------------------
unsat
QF_NRA/hycomp_5/ball_count_2d_hill.05.seq_lazy_global_7.smt2 : 44 ms.
--------------------------------------------------
unsat
QF_NRA/hycomp_5/ball_count_2d_hill.05.seq_lazy_global_8.smt2 : 47 ms.
--------------------------------------------------
unsat
QF_NRA/hycomp_5/ball_count_2d_hill.05.seq_lazy_global_9.smt2 : 51 ms.
--------------------------------------------------
unsat
QF_NRA/hycomp_5/ball_count_2d_hill.05.seq_lazy_lemmas_global_0.smt2 : 21 ms.
--------------------------------------------------
unsat
QF_NRA/hycomp_5/ball_count_2d_hill.05.seq_lazy_lemmas_global_10.smt2 : 73 ms.
--------------------------------------------------
unsat
QF_NRA/hycomp_5/ball_count_2d_hill.05.seq_lazy_lemmas_global_11.smt2 : 83 ms.
--------------------------------------------------
timeout
QF_NRA/hycomp_5/ball_count_2d_hill.05.seq_lazy_lemmas_global_12.smt2 : 1800010 ms.
--------------------------------------------------
unsat
QF_NRA/hycomp_5/ball_count_2d_hill.05.seq_lazy_lemmas_global_13.smt2 : 104 ms.
--------------------------------------------------
timeout
QF_NRA/hycomp_5/ball_count_2d_hill.05.seq_lazy_lemmas_global_14.smt2 : 1800027 ms.
--------------------------------------------------
unsat
QF_NRA/hycomp_5/ball_count_2d_hill.05.seq_lazy_lemmas_global_15.smt2 : 125 ms.
--------------------------------------------------
unsat
QF_NRA/hycomp_5/ball_count_2d_hill.05.seq_lazy_lemmas_global_1.smt2 : 22 ms.
--------------------------------------------------
unsat
QF_NRA/hycomp_5/ball_count_2d_hill.05.seq_lazy_lemmas_global_2.smt2 : 28 ms.
--------------------------------------------------
unsat
QF_NRA/hycomp_5/ball_count_2d_hill.05.seq_lazy_lemmas_global_3.smt2 : 34 ms.
--------------------------------------------------
unsat
QF_NRA/hycomp_5/ball_count_2d_hill.05.seq_lazy_lemmas_global_4.smt2 : 37 ms.
--------------------------------------------------
unsat
QF_NRA/hycomp_5/ball_count_2d_hill.05.seq_lazy_lemmas_global_5.smt2 : 41 ms.
--------------------------------------------------
unsat
QF_NRA/hycomp_5/ball_count_2d_hill.05.seq_lazy_lemmas_global_6.smt2 : 47 ms.
--------------------------------------------------
unsat
QF_NRA/hycomp_5/ball_count_2d_hill.05.seq_lazy_lemmas_global_7.smt2 : 55 ms.
--------------------------------------------------
unsat
QF_NRA/hycomp_5/ball_count_2d_hill.05.seq_lazy_lemmas_global_8.smt2 : 60 ms.
--------------------------------------------------
unsat
QF_NRA/hycomp_5/ball_count_2d_hill.05.seq_lazy_lemmas_global_9.smt2 : 67 ms.
--------------------------------------------------
unsat
QF_NRA/hycomp_5/ball_count_2d_hill.05.seq_lazy_linear_enc_global_0.smt2 : 19 ms.
--------------------------------------------------
unsat
QF_NRA/hycomp_5/ball_count_2d_hill.05.seq_lazy_linear_enc_global_10.smt2 : 62 ms.
--------------------------------------------------
unsat
QF_NRA/hycomp_5/ball_count_2d_hill.05.seq_lazy_linear_enc_global_11.smt2 : 63 ms.
--------------------------------------------------
timeout
QF_NRA/hycomp_5/ball_count_2d_hill.05.seq_lazy_linear_enc_global_12.smt2 : 1800016 ms.
--------------------------------------------------
unsat
QF_NRA/hycomp_5/ball_count_2d_hill.05.seq_lazy_linear_enc_global_13.smt2 : 79 ms.
--------------------------------------------------
timeout
QF_NRA/hycomp_5/ball_count_2d_hill.05.seq_lazy_linear_enc_global_14.smt2 : 1800030 ms.
--------------------------------------------------
unsat
QF_NRA/hycomp_5/ball_count_2d_hill.05.seq_lazy_linear_enc_global_15.smt2 : 82 ms.
--------------------------------------------------
unsat
QF_NRA/hycomp_5/ball_count_2d_hill.05.seq_lazy_linear_enc_global_1.smt2 : 21 ms.
--------------------------------------------------
unsat
QF_NRA/hycomp_5/ball_count_2d_hill.05.seq_lazy_linear_enc_global_2.smt2 : 26 ms.
--------------------------------------------------
unsat
QF_NRA/hycomp_5/ball_count_2d_hill.05.seq_lazy_linear_enc_global_3.smt2 : 29 ms.
--------------------------------------------------
unsat
QF_NRA/hycomp_5/ball_count_2d_hill.05.seq_lazy_linear_enc_global_4.smt2 : 32 ms.
--------------------------------------------------
unsat
QF_NRA/hycomp_5/ball_count_2d_hill.05.seq_lazy_linear_enc_global_5.smt2 : 35 ms.
--------------------------------------------------
unsat
QF_NRA/hycomp_5/ball_count_2d_hill.05.seq_lazy_linear_enc_global_6.smt2 : 39 ms.
--------------------------------------------------
unsat
QF_NRA/hycomp_5/ball_count_2d_hill.05.seq_lazy_linear_enc_global_7.smt2 : 42 ms.
--------------------------------------------------
unsat
QF_NRA/hycomp_5/ball_count_2d_hill.05.seq_lazy_linear_enc_global_8.smt2 : 46 ms.
--------------------------------------------------
unsat
QF_NRA/hycomp_5/ball_count_2d_hill.05.seq_lazy_linear_enc_global_9.smt2 : 51 ms.
--------------------------------------------------
unsat
QF_NRA/hycomp_5/ball_count_2d_hill.05.seq_lazy_linear_enc_lemmas_global_0.smt2 : 24 ms.
--------------------------------------------------
unsat
QF_NRA/hycomp_5/ball_count_2d_hill.05.seq_lazy_linear_enc_lemmas_global_10.smt2 : 72 ms.
--------------------------------------------------
unsat
QF_NRA/hycomp_5/ball_count_2d_hill.05.seq_lazy_linear_enc_lemmas_global_11.smt2 : 80 ms.
--------------------------------------------------
timeout
QF_NRA/hycomp_5/ball_count_2d_hill.05.seq_lazy_linear_enc_lemmas_global_12.smt2 : 1800014 ms.
--------------------------------------------------
unsat
QF_NRA/hycomp_5/ball_count_2d_hill.05.seq_lazy_linear_enc_lemmas_global_13.smt2 : 97 ms.
--------------------------------------------------
timeout
QF_NRA/hycomp_5/ball_count_2d_hill.05.seq_lazy_linear_enc_lemmas_global_14.smt2 : 1800015 ms.
--------------------------------------------------
unsat
QF_NRA/hycomp_5/ball_count_2d_hill.05.seq_lazy_linear_enc_lemmas_global_15.smt2 : 118 ms.
--------------------------------------------------
unsat
QF_NRA/hycomp_5/ball_count_2d_hill.05.seq_lazy_linear_enc_lemmas_global_1.smt2 : 21 ms.
--------------------------------------------------
unsat
QF_NRA/hycomp_5/ball_count_2d_hill.05.seq_lazy_linear_enc_lemmas_global_2.smt2 : 27 ms.
--------------------------------------------------
unsat
QF_NRA/hycomp_5/ball_count_2d_hill.05.seq_lazy_linear_enc_lemmas_global_3.smt2 : 32 ms.
--------------------------------------------------
unsat
QF_NRA/hycomp_5/ball_count_2d_hill.05.seq_lazy_linear_enc_lemmas_global_4.smt2 : 36 ms.
--------------------------------------------------
unsat
QF_NRA/hycomp_5/ball_count_2d_hill.05.seq_lazy_linear_enc_lemmas_global_5.smt2 : 41 ms.
--------------------------------------------------
unsat
QF_NRA/hycomp_5/ball_count_2d_hill.05.seq_lazy_linear_enc_lemmas_global_6.smt2 : 45 ms.
--------------------------------------------------
unsat
QF_NRA/hycomp_5/ball_count_2d_hill.05.seq_lazy_linear_enc_lemmas_global_7.smt2 : 52 ms.
--------------------------------------------------
unsat
QF_NRA/hycomp_5/ball_count_2d_hill.05.seq_lazy_linear_enc_lemmas_global_8.smt2 : 56 ms.
--------------------------------------------------
unsat
QF_NRA/hycomp_5/ball_count_2d_hill.05.seq_lazy_linear_enc_lemmas_global_9.smt2 : 63 ms.
--------------------------------------------------
unsat
QF_NRA/hycomp_5/ball_count_2d_hill.10.redlog_global_0.smt2 : 20 ms.
--------------------------------------------------
unsat
QF_NRA/hycomp_5/ball_count_2d_hill.10.redlog_global_10.smt2 : 3648 ms.
--------------------------------------------------
unsat
QF_NRA/hycomp_5/ball_count_2d_hill.10.redlog_global_11.smt2 : 57 ms.
--------------------------------------------------
unsat
QF_NRA/hycomp_5/ball_count_2d_hill.10.redlog_global_12.smt2 : 5128 ms.
--------------------------------------------------
unsat
QF_NRA/hycomp_5/ball_count_2d_hill.10.redlog_global_13.smt2 : 51 ms.
--------------------------------------------------
unsat
QF_NRA/hycomp_5/ball_count_2d_hill.10.redlog_global_14.smt2 : 5166 ms.
--------------------------------------------------
unsat
QF_NRA/hycomp_5/ball_count_2d_hill.10.redlog_global_15.smt2 : 57 ms.
--------------------------------------------------
unsat
QF_NRA/hycomp_5/ball_count_2d_hill.10.redlog_global_1.smt2 : 23 ms.
--------------------------------------------------
unsat
QF_NRA/hycomp_5/ball_count_2d_hill.10.redlog_global_2.smt2 : 25 ms.
--------------------------------------------------
unsat
QF_NRA/hycomp_5/ball_count_2d_hill.10.redlog_global_3.smt2 : 27 ms.
--------------------------------------------------
unsat
QF_NRA/hycomp_5/ball_count_2d_hill.10.redlog_global_4.smt2 : 56 ms.
--------------------------------------------------
unsat
QF_NRA/hycomp_5/ball_count_2d_hill.10.redlog_global_5.smt2 : 31 ms.
--------------------------------------------------
unsat
QF_NRA/hycomp_5/ball_count_2d_hill.10.redlog_global_6.smt2 : 141 ms.
--------------------------------------------------
unsat
QF_NRA/hycomp_5/ball_count_2d_hill.10.redlog_global_7.smt2 : 36 ms.
--------------------------------------------------
unsat
QF_NRA/hycomp_5/ball_count_2d_hill.10.redlog_global_8.smt2 : 765 ms.
--------------------------------------------------
unsat
QF_NRA/hycomp_5/ball_count_2d_hill.10.redlog_global_9.smt2 : 44 ms.
--------------------------------------------------
unsat
QF_NRA/hycomp_5/ball_count_2d_hill.10.seq_lazy_global_0.smt2 : 19 ms.
--------------------------------------------------
unsat
QF_NRA/hycomp_5/ball_count_2d_hill.10.seq_lazy_global_10.smt2 : 52 ms.
--------------------------------------------------
unsat
QF_NRA/hycomp_5/ball_count_2d_hill.10.seq_lazy_global_11.smt2 : 31 ms.
--------------------------------------------------
unsat
QF_NRA/hycomp_5/ball_count_2d_hill.10.seq_lazy_global_12.smt2 : 60 ms.
--------------------------------------------------
unsat
QF_NRA/hycomp_5/ball_count_2d_hill.10.seq_lazy_global_13.smt2 : 32 ms.
--------------------------------------------------
unsat
QF_NRA/hycomp_5/ball_count_2d_hill.10.seq_lazy_global_14.smt2 : 71 ms.
--------------------------------------------------
unsat
QF_NRA/hycomp_5/ball_count_2d_hill.10.seq_lazy_global_15.smt2 : 35 ms.
--------------------------------------------------
unsat
QF_NRA/hycomp_5/ball_count_2d_hill.10.seq_lazy_global_1.smt2 : 21 ms.
