--------------------------------------------------
unsat
QF_NRA/hycomp/ball_count_2d_hill.01.seq_lazy_global_2.smt2 : 31 ms.
--------------------------------------------------
unsat
QF_NRA/hycomp/ball_count_2d_hill.01.seq_lazy_global_3.smt2 : 27 ms.
--------------------------------------------------
./solvers/mathsat/run.sh: line 3: 56966 Killed                  ./mathsat ../$1
QF_NRA/hycomp/ball_count_2d_hill.01.seq_lazy_global_4.smt2 : 1800124 ms.
--------------------------------------------------
unsat
QF_NRA/hycomp/ball_count_2d_hill.01.seq_lazy_global_5.smt2 : 40 ms.
--------------------------------------------------
./solvers/mathsat/run.sh: line 3: 70498 Killed                  ./mathsat ../$1
QF_NRA/hycomp/ball_count_2d_hill.01.seq_lazy_global_6.smt2 : 1800129 ms.
--------------------------------------------------
unsat
QF_NRA/hycomp/ball_count_2d_hill.01.seq_lazy_global_7.smt2 : 48 ms.
--------------------------------------------------
./solvers/mathsat/run.sh: line 3: 74109 Killed                  ./mathsat ../$1
QF_NRA/hycomp/ball_count_2d_hill.01.seq_lazy_global_8.smt2 : 1800145 ms.
--------------------------------------------------
unsat
QF_NRA/hycomp/ball_count_2d_hill.01.seq_lazy_global_9.smt2 : 41 ms.
--------------------------------------------------
unsat
QF_NRA/hycomp/ball_count_2d_hill.01.seq_lazy_lemmas_global_0.smt2 : 27 ms.
--------------------------------------------------
./solvers/mathsat/run.sh: line 3: 76679 Killed                  ./mathsat ../$1
QF_NRA/hycomp/ball_count_2d_hill.01.seq_lazy_lemmas_global_10.smt2 : 1800131 ms.
--------------------------------------------------
unsat
QF_NRA/hycomp/ball_count_2d_hill.01.seq_lazy_lemmas_global_11.smt2 : 59 ms.
--------------------------------------------------
./solvers/mathsat/run.sh: line 3: 79052 Killed                  ./mathsat ../$1
QF_NRA/hycomp/ball_count_2d_hill.01.seq_lazy_lemmas_global_12.smt2 : 1800095 ms.
--------------------------------------------------
unsat
QF_NRA/hycomp/ball_count_2d_hill.01.seq_lazy_lemmas_global_13.smt2 : 50 ms.
--------------------------------------------------
./solvers/mathsat/run.sh: line 3: 80400 Killed                  ./mathsat ../$1
QF_NRA/hycomp/ball_count_2d_hill.01.seq_lazy_lemmas_global_14.smt2 : 1800069 ms.
--------------------------------------------------
unsat
QF_NRA/hycomp/ball_count_2d_hill.01.seq_lazy_lemmas_global_15.smt2 : 52 ms.
--------------------------------------------------
unsat
QF_NRA/hycomp/ball_count_2d_hill.01.seq_lazy_lemmas_global_1.smt2 : 34 ms.
--------------------------------------------------
unsat
QF_NRA/hycomp/ball_count_2d_hill.01.seq_lazy_lemmas_global_2.smt2 : 32 ms.
--------------------------------------------------
unsat
QF_NRA/hycomp/ball_count_2d_hill.01.seq_lazy_lemmas_global_3.smt2 : 31 ms.
--------------------------------------------------
./solvers/mathsat/run.sh: line 3: 81481 Killed                  ./mathsat ../$1
QF_NRA/hycomp/ball_count_2d_hill.01.seq_lazy_lemmas_global_4.smt2 : 1800079 ms.
--------------------------------------------------
unsat
QF_NRA/hycomp/ball_count_2d_hill.01.seq_lazy_lemmas_global_5.smt2 : 38 ms.
--------------------------------------------------
./solvers/mathsat/run.sh: line 3: 82950 Killed                  ./mathsat ../$1
QF_NRA/hycomp/ball_count_2d_hill.01.seq_lazy_lemmas_global_6.smt2 : 1800122 ms.
--------------------------------------------------
unsat
QF_NRA/hycomp/ball_count_2d_hill.01.seq_lazy_lemmas_global_7.smt2 : 43 ms.
--------------------------------------------------
./solvers/mathsat/run.sh: line 3: 84973 Killed                  ./mathsat ../$1
QF_NRA/hycomp/ball_count_2d_hill.01.seq_lazy_lemmas_global_8.smt2 : 1800053 ms.
--------------------------------------------------
unsat
QF_NRA/hycomp/ball_count_2d_hill.01.seq_lazy_lemmas_global_9.smt2 : 45 ms.
--------------------------------------------------
unsat
QF_NRA/hycomp/ball_count_2d_hill.01.seq_lazy_linear_enc_global_0.smt2 : 28 ms.
--------------------------------------------------
./solvers/mathsat/run.sh: line 3: 86105 Killed                  ./mathsat ../$1
QF_NRA/hycomp/ball_count_2d_hill.01.seq_lazy_linear_enc_global_10.smt2 : 1800054 ms.
--------------------------------------------------
unsat
QF_NRA/hycomp/ball_count_2d_hill.01.seq_lazy_linear_enc_global_11.smt2 : 47 ms.
--------------------------------------------------
./solvers/mathsat/run.sh: line 3: 87388 Killed                  ./mathsat ../$1
QF_NRA/hycomp/ball_count_2d_hill.01.seq_lazy_linear_enc_global_12.smt2 : 1800042 ms.
--------------------------------------------------
unsat
QF_NRA/hycomp/ball_count_2d_hill.01.seq_lazy_linear_enc_global_13.smt2 : 48 ms.
--------------------------------------------------
./solvers/mathsat/run.sh: line 3: 88333 Killed                  ./mathsat ../$1
QF_NRA/hycomp/ball_count_2d_hill.01.seq_lazy_linear_enc_global_14.smt2 : 1800104 ms.
--------------------------------------------------
unsat
QF_NRA/hycomp/ball_count_2d_hill.01.seq_lazy_linear_enc_global_15.smt2 : 46 ms.
--------------------------------------------------
unsat
QF_NRA/hycomp/ball_count_2d_hill.01.seq_lazy_linear_enc_global_1.smt2 : 33 ms.
--------------------------------------------------
unsat
QF_NRA/hycomp/ball_count_2d_hill.01.seq_lazy_linear_enc_global_2.smt2 : 29 ms.
--------------------------------------------------
unsat
QF_NRA/hycomp/ball_count_2d_hill.01.seq_lazy_linear_enc_global_3.smt2 : 26 ms.
--------------------------------------------------
./solvers/mathsat/run.sh: line 3: 89263 Killed                  ./mathsat ../$1
QF_NRA/hycomp/ball_count_2d_hill.01.seq_lazy_linear_enc_global_4.smt2 : 1800174 ms.
--------------------------------------------------
unsat
QF_NRA/hycomp/ball_count_2d_hill.01.seq_lazy_linear_enc_global_5.smt2 : 97 ms.
--------------------------------------------------
./solvers/mathsat/run.sh: line 3: 90158 Killed                  ./mathsat ../$1
QF_NRA/hycomp/ball_count_2d_hill.01.seq_lazy_linear_enc_global_6.smt2 : 1800068 ms.
--------------------------------------------------
unsat
QF_NRA/hycomp/ball_count_2d_hill.01.seq_lazy_linear_enc_global_7.smt2 : 38 ms.
--------------------------------------------------
./solvers/mathsat/run.sh: line 3: 91426 Killed                  ./mathsat ../$1
QF_NRA/hycomp/ball_count_2d_hill.01.seq_lazy_linear_enc_global_8.smt2 : 1800076 ms.
--------------------------------------------------
unsat
QF_NRA/hycomp/ball_count_2d_hill.01.seq_lazy_linear_enc_global_9.smt2 : 38 ms.
--------------------------------------------------
unsat
QF_NRA/hycomp/ball_count_2d_hill.01.seq_lazy_linear_enc_lemmas_global_0.smt2 : 29 ms.
--------------------------------------------------
./solvers/mathsat/run.sh: line 3: 92121 Killed                  ./mathsat ../$1
QF_NRA/hycomp/ball_count_2d_hill.01.seq_lazy_linear_enc_lemmas_global_10.smt2 : 1800089 ms.
--------------------------------------------------
unsat
QF_NRA/hycomp/ball_count_2d_hill.01.seq_lazy_linear_enc_lemmas_global_11.smt2 : 69 ms.
--------------------------------------------------
./solvers/mathsat/run.sh: line 3: 92880 Killed                  ./mathsat ../$1
QF_NRA/hycomp/ball_count_2d_hill.01.seq_lazy_linear_enc_lemmas_global_12.smt2 : 1800092 ms.
--------------------------------------------------
unsat
QF_NRA/hycomp/ball_count_2d_hill.01.seq_lazy_linear_enc_lemmas_global_13.smt2 : 49 ms.
--------------------------------------------------
./solvers/mathsat/run.sh: line 3: 93603 Killed                  ./mathsat ../$1
QF_NRA/hycomp/ball_count_2d_hill.01.seq_lazy_linear_enc_lemmas_global_14.smt2 : 1800062 ms.
--------------------------------------------------
unsat
QF_NRA/hycomp/ball_count_2d_hill.01.seq_lazy_linear_enc_lemmas_global_15.smt2 : 51 ms.
--------------------------------------------------
unsat
QF_NRA/hycomp/ball_count_2d_hill.01.seq_lazy_linear_enc_lemmas_global_1.smt2 : 100 ms.
--------------------------------------------------
unsat
QF_NRA/hycomp/ball_count_2d_hill.01.seq_lazy_linear_enc_lemmas_global_2.smt2 : 37 ms.
--------------------------------------------------
unsat
QF_NRA/hycomp/ball_count_2d_hill.01.seq_lazy_linear_enc_lemmas_global_3.smt2 : 35 ms.
--------------------------------------------------
./solvers/mathsat/run.sh: line 3: 94365 Killed                  ./mathsat ../$1
QF_NRA/hycomp/ball_count_2d_hill.01.seq_lazy_linear_enc_lemmas_global_4.smt2 : 1800051 ms.
--------------------------------------------------
unsat
QF_NRA/hycomp/ball_count_2d_hill.01.seq_lazy_linear_enc_lemmas_global_5.smt2 : 38 ms.
--------------------------------------------------
./solvers/mathsat/run.sh: line 3: 95028 Killed                  ./mathsat ../$1
QF_NRA/hycomp/ball_count_2d_hill.01.seq_lazy_linear_enc_lemmas_global_6.smt2 : 1800063 ms.
--------------------------------------------------
unsat
QF_NRA/hycomp/ball_count_2d_hill.01.seq_lazy_linear_enc_lemmas_global_7.smt2 : 42 ms.
--------------------------------------------------
./solvers/mathsat/run.sh: line 3: 95741 Killed                  ./mathsat ../$1
QF_NRA/hycomp/ball_count_2d_hill.01.seq_lazy_linear_enc_lemmas_global_8.smt2 : 1800082 ms.
--------------------------------------------------
unsat
QF_NRA/hycomp/ball_count_2d_hill.01.seq_lazy_linear_enc_lemmas_global_9.smt2 : 44 ms.
--------------------------------------------------
unsat
QF_NRA/hycomp/ball_count_2d_hill.02.redlog_global_0.smt2 : 28 ms.
--------------------------------------------------
./solvers/mathsat/run.sh: line 3: 96707 Killed                  ./mathsat ../$1
QF_NRA/hycomp/ball_count_2d_hill.02.redlog_global_10.smt2 : 1800123 ms.
--------------------------------------------------
unsat
QF_NRA/hycomp/ball_count_2d_hill.02.redlog_global_11.smt2 : 50 ms.
--------------------------------------------------
./solvers/mathsat/run.sh: line 3: 97258 Killed                  ./mathsat ../$1
QF_NRA/hycomp/ball_count_2d_hill.02.redlog_global_12.smt2 : 1800124 ms.
--------------------------------------------------
unsat
QF_NRA/hycomp/ball_count_2d_hill.02.redlog_global_13.smt2 : 60 ms.
--------------------------------------------------
./solvers/mathsat/run.sh: line 3: 98037 Killed                  ./mathsat ../$1
QF_NRA/hycomp/ball_count_2d_hill.02.redlog_global_14.smt2 : 1800382 ms.
--------------------------------------------------
unsat
QF_NRA/hycomp/ball_count_2d_hill.02.redlog_global_15.smt2 : 418 ms.
--------------------------------------------------
unsat
QF_NRA/hycomp/ball_count_2d_hill.02.redlog_global_1.smt2 : 172 ms.
--------------------------------------------------
unsat
QF_NRA/hycomp/ball_count_2d_hill.02.redlog_global_2.smt2 : 51 ms.
--------------------------------------------------
unsat
QF_NRA/hycomp/ball_count_2d_hill.02.redlog_global_3.smt2 : 131 ms.
--------------------------------------------------
./solvers/mathsat/run.sh: line 3: 98693 Killed                  ./mathsat ../$1
QF_NRA/hycomp/ball_count_2d_hill.02.redlog_global_4.smt2 : 1800130 ms.
--------------------------------------------------
unsat
QF_NRA/hycomp/ball_count_2d_hill.02.redlog_global_5.smt2 : 39 ms.
--------------------------------------------------
./solvers/mathsat/run.sh: line 3: 99095 Killed                  ./mathsat ../$1
QF_NRA/hycomp/ball_count_2d_hill.02.redlog_global_6.smt2 : 1800086 ms.
--------------------------------------------------
unsat
QF_NRA/hycomp/ball_count_2d_hill.02.redlog_global_7.smt2 : 69 ms.
--------------------------------------------------
./solvers/mathsat/run.sh: line 3: 99780 Killed                  ./mathsat ../$1
QF_NRA/hycomp/ball_count_2d_hill.02.redlog_global_8.smt2 : 1800155 ms.
--------------------------------------------------
unsat
QF_NRA/hycomp/ball_count_2d_hill.02.redlog_global_9.smt2 : 51 ms.
--------------------------------------------------
unsat
QF_NRA/hycomp/ball_count_2d_hill.02.seq_lazy_global_0.smt2 : 26 ms.
--------------------------------------------------
./solvers/mathsat/run.sh: line 3: 100375 Killed                  ./mathsat ../$1
QF_NRA/hycomp/ball_count_2d_hill.02.seq_lazy_global_10.smt2 : 1800055 ms.
--------------------------------------------------
unsat
QF_NRA/hycomp/ball_count_2d_hill.02.seq_lazy_global_11.smt2 : 40 ms.
--------------------------------------------------
./solvers/mathsat/run.sh: line 3: 100984 Killed                  ./mathsat ../$1
QF_NRA/hycomp/ball_count_2d_hill.02.seq_lazy_global_12.smt2 : 1800199 ms.
--------------------------------------------------
unsat
QF_NRA/hycomp/ball_count_2d_hill.02.seq_lazy_global_13.smt2 : 41 ms.
--------------------------------------------------
./solvers/mathsat/run.sh: line 3: 101644 Killed                  ./mathsat ../$1
QF_NRA/hycomp/ball_count_2d_hill.02.seq_lazy_global_14.smt2 : 1800052 ms.
--------------------------------------------------
unsat
QF_NRA/hycomp/ball_count_2d_hill.02.seq_lazy_global_15.smt2 : 48 ms.
--------------------------------------------------
unsat
QF_NRA/hycomp/ball_count_2d_hill.02.seq_lazy_global_1.smt2 : 26 ms.
--------------------------------------------------
unsat
QF_NRA/hycomp/ball_count_2d_hill.02.seq_lazy_global_2.smt2 : 30 ms.
--------------------------------------------------
unsat
QF_NRA/hycomp/ball_count_2d_hill.02.seq_lazy_global_3.smt2 : 30 ms.
--------------------------------------------------
unsat
QF_NRA/hycomp/ball_count_2d_hill.02.seq_lazy_global_4.smt2 : 35 ms.
--------------------------------------------------
unsat
QF_NRA/hycomp/ball_count_2d_hill.02.seq_lazy_global_5.smt2 : 30 ms.
--------------------------------------------------
unsat
QF_NRA/hycomp/ball_count_2d_hill.02.seq_lazy_global_6.smt2 : 312 ms.
--------------------------------------------------
unsat
QF_NRA/hycomp/ball_count_2d_hill.02.seq_lazy_global_7.smt2 : 33 ms.
--------------------------------------------------
./solvers/mathsat/run.sh: line 3: 102298 Killed                  ./mathsat ../$1
QF_NRA/hycomp/ball_count_2d_hill.02.seq_lazy_global_8.smt2 : 1800041 ms.
--------------------------------------------------
unsat
QF_NRA/hycomp/ball_count_2d_hill.02.seq_lazy_global_9.smt2 : 46 ms.
--------------------------------------------------
unsat
QF_NRA/hycomp/ball_count_2d_hill.02.seq_lazy_lemmas_global_0.smt2 : 27 ms.
--------------------------------------------------
./solvers/mathsat/run.sh: line 3: 103028 Killed                  ./mathsat ../$1
QF_NRA/hycomp/ball_count_2d_hill.02.seq_lazy_lemmas_global_10.smt2 : 1800051 ms.
--------------------------------------------------
unsat
QF_NRA/hycomp/ball_count_2d_hill.02.seq_lazy_lemmas_global_11.smt2 : 47 ms.
--------------------------------------------------
./solvers/mathsat/run.sh: line 3: 103599 Killed                  ./mathsat ../$1
QF_NRA/hycomp/ball_count_2d_hill.02.seq_lazy_lemmas_global_12.smt2 : 1800060 ms.
--------------------------------------------------
unsat
QF_NRA/hycomp/ball_count_2d_hill.02.seq_lazy_lemmas_global_13.smt2 : 48 ms.
--------------------------------------------------
./solvers/mathsat/run.sh: line 3: 103981 Killed                  ./mathsat ../$1
QF_NRA/hycomp/ball_count_2d_hill.02.seq_lazy_lemmas_global_14.smt2 : 1800067 ms.
--------------------------------------------------
unsat
QF_NRA/hycomp/ball_count_2d_hill.02.seq_lazy_lemmas_global_15.smt2 : 52 ms.
--------------------------------------------------
unsat
QF_NRA/hycomp/ball_count_2d_hill.02.seq_lazy_lemmas_global_1.smt2 : 31 ms.
--------------------------------------------------
unsat
QF_NRA/hycomp/ball_count_2d_hill.02.seq_lazy_lemmas_global_2.smt2 : 32 ms.
--------------------------------------------------
unsat
QF_NRA/hycomp/ball_count_2d_hill.02.seq_lazy_lemmas_global_3.smt2 : 68 ms.
--------------------------------------------------
unsat
QF_NRA/hycomp/ball_count_2d_hill.02.seq_lazy_lemmas_global_4.smt2 : 71 ms.
--------------------------------------------------
unsat
QF_NRA/hycomp/ball_count_2d_hill.02.seq_lazy_lemmas_global_5.smt2 : 31 ms.
--------------------------------------------------
unsat
QF_NRA/hycomp/ball_count_2d_hill.02.seq_lazy_lemmas_global_6.smt2 : 472 ms.
--------------------------------------------------
unsat
QF_NRA/hycomp/ball_count_2d_hill.02.seq_lazy_lemmas_global_7.smt2 : 40 ms.
--------------------------------------------------
./solvers/mathsat/run.sh: line 3: 104402 Killed                  ./mathsat ../$1
QF_NRA/hycomp/ball_count_2d_hill.02.seq_lazy_lemmas_global_8.smt2 : 1800045 ms.
--------------------------------------------------
unsat
QF_NRA/hycomp/ball_count_2d_hill.02.seq_lazy_lemmas_global_9.smt2 : 44 ms.
--------------------------------------------------
unsat
QF_NRA/hycomp/ball_count_2d_hill.02.seq_lazy_linear_enc_global_0.smt2 : 29 ms.
--------------------------------------------------
./solvers/mathsat/run.sh: line 3: 104832 Killed                  ./mathsat ../$1
QF_NRA/hycomp/ball_count_2d_hill.02.seq_lazy_linear_enc_global_10.smt2 : 1800056 ms.
--------------------------------------------------
unsat
QF_NRA/hycomp/ball_count_2d_hill.02.seq_lazy_linear_enc_global_11.smt2 : 45 ms.
--------------------------------------------------
./solvers/mathsat/run.sh: line 3: 105253 Killed                  ./mathsat ../$1
QF_NRA/hycomp/ball_count_2d_hill.02.seq_lazy_linear_enc_global_12.smt2 : 1800108 ms.
--------------------------------------------------
unsat
QF_NRA/hycomp/ball_count_2d_hill.02.seq_lazy_linear_enc_global_13.smt2 : 45 ms.
--------------------------------------------------
./solvers/mathsat/run.sh: line 3: 105602 Killed                  ./mathsat ../$1
QF_NRA/hycomp/ball_count_2d_hill.02.seq_lazy_linear_enc_global_14.smt2 : 1800044 ms.
--------------------------------------------------
unsat
QF_NRA/hycomp/ball_count_2d_hill.02.seq_lazy_linear_enc_global_15.smt2 : 53 ms.
--------------------------------------------------
unsat
QF_NRA/hycomp/ball_count_2d_hill.02.seq_lazy_linear_enc_global_1.smt2 : 33 ms.
--------------------------------------------------
unsat
QF_NRA/hycomp/ball_count_2d_hill.02.seq_lazy_linear_enc_global_2.smt2 : 44 ms.
--------------------------------------------------
unsat
QF_NRA/hycomp/ball_count_2d_hill.02.seq_lazy_linear_enc_global_3.smt2 : 35 ms.
--------------------------------------------------
unsat
QF_NRA/hycomp/ball_count_2d_hill.02.seq_lazy_linear_enc_global_4.smt2 : 33 ms.
--------------------------------------------------
unsat
QF_NRA/hycomp/ball_count_2d_hill.02.seq_lazy_linear_enc_global_5.smt2 : 39 ms.
--------------------------------------------------
unsat
QF_NRA/hycomp/ball_count_2d_hill.02.seq_lazy_linear_enc_global_6.smt2 : 437 ms.
--------------------------------------------------
unsat
QF_NRA/hycomp/ball_count_2d_hill.02.seq_lazy_linear_enc_global_7.smt2 : 45 ms.
--------------------------------------------------
./solvers/mathsat/run.sh: line 3: 105985 Killed                  ./mathsat ../$1
QF_NRA/hycomp/ball_count_2d_hill.02.seq_lazy_linear_enc_global_8.smt2 : 1800035 ms.
--------------------------------------------------
unsat
QF_NRA/hycomp/ball_count_2d_hill.02.seq_lazy_linear_enc_global_9.smt2 : 51 ms.
--------------------------------------------------
unsat
QF_NRA/hycomp/ball_count_2d_hill.02.seq_lazy_linear_enc_lemmas_global_0.smt2 : 30 ms.
--------------------------------------------------
./solvers/mathsat/run.sh: line 3: 106361 Killed                  ./mathsat ../$1
QF_NRA/hycomp/ball_count_2d_hill.02.seq_lazy_linear_enc_lemmas_global_10.smt2 : 1800067 ms.
--------------------------------------------------
unsat
QF_NRA/hycomp/ball_count_2d_hill.02.seq_lazy_linear_enc_lemmas_global_11.smt2 : 36 ms.
--------------------------------------------------
./solvers/mathsat/run.sh: line 3: 106683 Killed                  ./mathsat ../$1
QF_NRA/hycomp/ball_count_2d_hill.02.seq_lazy_linear_enc_lemmas_global_12.smt2 : 1800044 ms.
--------------------------------------------------
unsat
QF_NRA/hycomp/ball_count_2d_hill.02.seq_lazy_linear_enc_lemmas_global_13.smt2 : 42 ms.
--------------------------------------------------
./solvers/mathsat/run.sh: line 3: 107059 Killed                  ./mathsat ../$1
QF_NRA/hycomp/ball_count_2d_hill.02.seq_lazy_linear_enc_lemmas_global_14.smt2 : 1800047 ms.
--------------------------------------------------
unsat
QF_NRA/hycomp/ball_count_2d_hill.02.seq_lazy_linear_enc_lemmas_global_15.smt2 : 49 ms.
--------------------------------------------------
unsat
QF_NRA/hycomp/ball_count_2d_hill.02.seq_lazy_linear_enc_lemmas_global_1.smt2 : 30 ms.
--------------------------------------------------
unsat
QF_NRA/hycomp/ball_count_2d_hill.02.seq_lazy_linear_enc_lemmas_global_2.smt2 : 31 ms.
--------------------------------------------------
unsat
QF_NRA/hycomp/ball_count_2d_hill.02.seq_lazy_linear_enc_lemmas_global_3.smt2 : 33 ms.
--------------------------------------------------
unsat
QF_NRA/hycomp/ball_count_2d_hill.02.seq_lazy_linear_enc_lemmas_global_4.smt2 : 35 ms.
--------------------------------------------------
unsat
QF_NRA/hycomp/ball_count_2d_hill.02.seq_lazy_linear_enc_lemmas_global_5.smt2 : 33 ms.
--------------------------------------------------
unsat
QF_NRA/hycomp/ball_count_2d_hill.02.seq_lazy_linear_enc_lemmas_global_6.smt2 : 297 ms.
--------------------------------------------------
unsat
QF_NRA/hycomp/ball_count_2d_hill.02.seq_lazy_linear_enc_lemmas_global_7.smt2 : 37 ms.
--------------------------------------------------
./solvers/mathsat/run.sh: line 3: 107555 Killed                  ./mathsat ../$1
QF_NRA/hycomp/ball_count_2d_hill.02.seq_lazy_linear_enc_lemmas_global_8.smt2 : 1800052 ms.
--------------------------------------------------
unsat
QF_NRA/hycomp/ball_count_2d_hill.02.seq_lazy_linear_enc_lemmas_global_9.smt2 : 38 ms.
--------------------------------------------------
unsat
QF_NRA/hycomp/ball_count_2d_hill.03.redlog_global_0.smt2 : 23 ms.
--------------------------------------------------
./solvers/mathsat/run.sh: line 3: 107870 Killed                  ./mathsat ../$1
QF_NRA/hycomp/ball_count_2d_hill.03.redlog_global_10.smt2 : 1800046 ms.
--------------------------------------------------
unsat
QF_NRA/hycomp/ball_count_2d_hill.03.redlog_global_11.smt2 : 71 ms.
--------------------------------------------------
./solvers/mathsat/run.sh: line 3: 108194 Killed                  ./mathsat ../$1
QF_NRA/hycomp/ball_count_2d_hill.03.redlog_global_12.smt2 : 1800051 ms.
--------------------------------------------------
unsat
QF_NRA/hycomp/ball_count_2d_hill.03.redlog_global_13.smt2 : 75 ms.
--------------------------------------------------
./solvers/mathsat/run.sh: line 3: 108492 Killed                  ./mathsat ../$1
QF_NRA/hycomp/ball_count_2d_hill.03.redlog_global_14.smt2 : 1800078 ms.
--------------------------------------------------
unsat
QF_NRA/hycomp/ball_count_2d_hill.03.redlog_global_15.smt2 : 89 ms.
--------------------------------------------------
unsat
QF_NRA/hycomp/ball_count_2d_hill.03.redlog_global_1.smt2 : 35 ms.
--------------------------------------------------
unsat
QF_NRA/hycomp/ball_count_2d_hill.03.redlog_global_2.smt2 : 37 ms.
--------------------------------------------------
unsat
QF_NRA/hycomp/ball_count_2d_hill.03.redlog_global_3.smt2 : 44 ms.
--------------------------------------------------
unsat
QF_NRA/hycomp/ball_count_2d_hill.03.redlog_global_4.smt2 : 44 ms.
--------------------------------------------------
unsat
QF_NRA/hycomp/ball_count_2d_hill.03.redlog_global_5.smt2 : 46 ms.
--------------------------------------------------
./solvers/mathsat/run.sh: line 3: 108841 Killed                  ./mathsat ../$1
QF_NRA/hycomp/ball_count_2d_hill.03.redlog_global_6.smt2 : 1800064 ms.
--------------------------------------------------
unsat
QF_NRA/hycomp/ball_count_2d_hill.03.redlog_global_7.smt2 : 64 ms.
--------------------------------------------------
./solvers/mathsat/run.sh: line 3: 109268 Killed                  ./mathsat ../$1
QF_NRA/hycomp/ball_count_2d_hill.03.redlog_global_8.smt2 : 1800070 ms.
--------------------------------------------------
unsat
QF_NRA/hycomp/ball_count_2d_hill.03.redlog_global_9.smt2 : 63 ms.
--------------------------------------------------
unsat
QF_NRA/hycomp/ball_count_2d_hill.03.seq_lazy_global_0.smt2 : 30 ms.
--------------------------------------------------
./solvers/mathsat/run.sh: line 3: 109601 Killed                  ./mathsat ../$1
QF_NRA/hycomp/ball_count_2d_hill.03.seq_lazy_global_10.smt2 : 1800101 ms.
--------------------------------------------------
unsat
QF_NRA/hycomp/ball_count_2d_hill.03.seq_lazy_global_11.smt2 : 110 ms.
--------------------------------------------------
./solvers/mathsat/run.sh: line 3: 109901 Killed                  ./mathsat ../$1
QF_NRA/hycomp/ball_count_2d_hill.03.seq_lazy_global_12.smt2 : 1800059 ms.
--------------------------------------------------
unsat
QF_NRA/hycomp/ball_count_2d_hill.03.seq_lazy_global_13.smt2 : 56 ms.
--------------------------------------------------
./solvers/mathsat/run.sh: line 3: 110232 Killed                  ./mathsat ../$1
QF_NRA/hycomp/ball_count_2d_hill.03.seq_lazy_global_14.smt2 : 1800041 ms.
--------------------------------------------------
unsat
QF_NRA/hycomp/ball_count_2d_hill.03.seq_lazy_global_15.smt2 : 57 ms.
--------------------------------------------------
unsat
QF_NRA/hycomp/ball_count_2d_hill.03.seq_lazy_global_1.smt2 : 32 ms.
--------------------------------------------------
unsat
QF_NRA/hycomp/ball_count_2d_hill.03.seq_lazy_global_2.smt2 : 34 ms.
--------------------------------------------------
unsat
QF_NRA/hycomp/ball_count_2d_hill.03.seq_lazy_global_3.smt2 : 30 ms.
--------------------------------------------------
unsat
QF_NRA/hycomp/ball_count_2d_hill.03.seq_lazy_global_4.smt2 : 32 ms.
--------------------------------------------------
unsat
QF_NRA/hycomp/ball_count_2d_hill.03.seq_lazy_global_5.smt2 : 33 ms.
--------------------------------------------------
unsat
QF_NRA/hycomp/ball_count_2d_hill.03.seq_lazy_global_6.smt2 : 35 ms.
--------------------------------------------------
unsat
QF_NRA/hycomp/ball_count_2d_hill.03.seq_lazy_global_7.smt2 : 38 ms.
--------------------------------------------------
unsat
QF_NRA/hycomp/ball_count_2d_hill.03.seq_lazy_global_8.smt2 : 1292 ms.
--------------------------------------------------
unsat
QF_NRA/hycomp/ball_count_2d_hill.03.seq_lazy_global_9.smt2 : 45 ms.
--------------------------------------------------
unsat
QF_NRA/hycomp/ball_count_2d_hill.03.seq_lazy_lemmas_global_0.smt2 : 24 ms.
--------------------------------------------------
./solvers/mathsat/run.sh: line 3: 110549 Killed                  ./mathsat ../$1
QF_NRA/hycomp/ball_count_2d_hill.03.seq_lazy_lemmas_global_10.smt2 : 1800033 ms.
--------------------------------------------------
unsat
QF_NRA/hycomp/ball_count_2d_hill.03.seq_lazy_lemmas_global_11.smt2 : 68 ms.
--------------------------------------------------
./solvers/mathsat/run.sh: line 3: 110850 Killed                  ./mathsat ../$1
QF_NRA/hycomp/ball_count_2d_hill.03.seq_lazy_lemmas_global_12.smt2 : 1800040 ms.
--------------------------------------------------
unsat
QF_NRA/hycomp/ball_count_2d_hill.03.seq_lazy_lemmas_global_13.smt2 : 61 ms.
--------------------------------------------------
./solvers/mathsat/run.sh: line 3: 111171 Killed                  ./mathsat ../$1
QF_NRA/hycomp/ball_count_2d_hill.03.seq_lazy_lemmas_global_14.smt2 : 1800055 ms.
--------------------------------------------------
unsat
QF_NRA/hycomp/ball_count_2d_hill.03.seq_lazy_lemmas_global_15.smt2 : 67 ms.
--------------------------------------------------
unsat
QF_NRA/hycomp/ball_count_2d_hill.03.seq_lazy_lemmas_global_1.smt2 : 26 ms.
--------------------------------------------------
unsat
QF_NRA/hycomp/ball_count_2d_hill.03.seq_lazy_lemmas_global_2.smt2 : 29 ms.
--------------------------------------------------
unsat
QF_NRA/hycomp/ball_count_2d_hill.03.seq_lazy_lemmas_global_3.smt2 : 31 ms.
--------------------------------------------------
unsat
QF_NRA/hycomp/ball_count_2d_hill.03.seq_lazy_lemmas_global_4.smt2 : 36 ms.
--------------------------------------------------
unsat
QF_NRA/hycomp/ball_count_2d_hill.03.seq_lazy_lemmas_global_5.smt2 : 35 ms.
--------------------------------------------------
unsat
QF_NRA/hycomp/ball_count_2d_hill.03.seq_lazy_lemmas_global_6.smt2 : 39 ms.
--------------------------------------------------
unsat
QF_NRA/hycomp/ball_count_2d_hill.03.seq_lazy_lemmas_global_7.smt2 : 42 ms.
--------------------------------------------------
unsat
QF_NRA/hycomp/ball_count_2d_hill.03.seq_lazy_lemmas_global_8.smt2 : 455 ms.
--------------------------------------------------
unsat
QF_NRA/hycomp/ball_count_2d_hill.03.seq_lazy_lemmas_global_9.smt2 : 47 ms.
--------------------------------------------------
unsat
QF_NRA/hycomp/ball_count_2d_hill.03.seq_lazy_linear_enc_global_0.smt2 : 26 ms.
--------------------------------------------------
./solvers/mathsat/run.sh: line 3: 111468 Killed                  ./mathsat ../$1
QF_NRA/hycomp/ball_count_2d_hill.03.seq_lazy_linear_enc_global_10.smt2 : 1800049 ms.
--------------------------------------------------
unsat
QF_NRA/hycomp/ball_count_2d_hill.03.seq_lazy_linear_enc_global_11.smt2 : 48 ms.
--------------------------------------------------
./solvers/mathsat/run.sh: line 3: 111710 Killed                  ./mathsat ../$1
QF_NRA/hycomp/ball_count_2d_hill.03.seq_lazy_linear_enc_global_12.smt2 : 1800045 ms.
--------------------------------------------------
unsat
QF_NRA/hycomp/ball_count_2d_hill.03.seq_lazy_linear_enc_global_13.smt2 : 59 ms.
--------------------------------------------------
./solvers/mathsat/run.sh: line 3: 111997 Killed                  ./mathsat ../$1
QF_NRA/hycomp/ball_count_2d_hill.03.seq_lazy_linear_enc_global_14.smt2 : 1800081 ms.
--------------------------------------------------
unsat
QF_NRA/hycomp/ball_count_2d_hill.03.seq_lazy_linear_enc_global_15.smt2 : 60 ms.
--------------------------------------------------
unsat
QF_NRA/hycomp/ball_count_2d_hill.03.seq_lazy_linear_enc_global_1.smt2 : 48 ms.
--------------------------------------------------
unsat
QF_NRA/hycomp/ball_count_2d_hill.03.seq_lazy_linear_enc_global_2.smt2 : 45 ms.
--------------------------------------------------
unsat
QF_NRA/hycomp/ball_count_2d_hill.03.seq_lazy_linear_enc_global_3.smt2 : 28 ms.
--------------------------------------------------
unsat
QF_NRA/hycomp/ball_count_2d_hill.03.seq_lazy_linear_enc_global_4.smt2 : 31 ms.
--------------------------------------------------
unsat
QF_NRA/hycomp/ball_count_2d_hill.03.seq_lazy_linear_enc_global_5.smt2 : 30 ms.
--------------------------------------------------
unsat
QF_NRA/hycomp/ball_count_2d_hill.03.seq_lazy_linear_enc_global_6.smt2 : 33 ms.
--------------------------------------------------
unsat
QF_NRA/hycomp/ball_count_2d_hill.03.seq_lazy_linear_enc_global_7.smt2 : 33 ms.
--------------------------------------------------
unsat
QF_NRA/hycomp/ball_count_2d_hill.03.seq_lazy_linear_enc_global_8.smt2 : 1098 ms.
--------------------------------------------------
unsat
QF_NRA/hycomp/ball_count_2d_hill.03.seq_lazy_linear_enc_global_9.smt2 : 42 ms.
