--------------------------------------------------
unsat
QF_NRA/hycomp/ball_count_1d_plain.03.qfree_global_2.smt2 : 36 ms.
--------------------------------------------------
unsat
QF_NRA/hycomp/ball_count_1d_plain.03.qfree_global_3.smt2 : 27 ms.
--------------------------------------------------
unsat
QF_NRA/hycomp/ball_count_1d_plain.03.qfree_global_4.smt2 : 31 ms.
--------------------------------------------------
unsat
QF_NRA/hycomp/ball_count_1d_plain.03.qfree_global_5.smt2 : 30 ms.
--------------------------------------------------
./solvers/mathsat/run.sh: line 3: 57075 Killed                  ./mathsat ../$1
QF_NRA/hycomp/ball_count_1d_plain.03.qfree_global_6.smt2 : 1800106 ms.
--------------------------------------------------
unsat
QF_NRA/hycomp/ball_count_1d_plain.03.qfree_global_7.smt2 : 40 ms.
--------------------------------------------------
./solvers/mathsat/run.sh: line 3: 70535 Killed                  ./mathsat ../$1
QF_NRA/hycomp/ball_count_1d_plain.03.qfree_global_8.smt2 : 1800088 ms.
--------------------------------------------------
unsat
QF_NRA/hycomp/ball_count_1d_plain.03.qfree_global_9.smt2 : 49 ms.
--------------------------------------------------
unsat
QF_NRA/hycomp/ball_count_1d_plain.03.redlog_global_0.smt2 : 36 ms.
--------------------------------------------------
./solvers/mathsat/run.sh: line 3: 74124 Killed                  ./mathsat ../$1
QF_NRA/hycomp/ball_count_1d_plain.03.redlog_global_10.smt2 : 1800121 ms.
--------------------------------------------------
unsat
QF_NRA/hycomp/ball_count_1d_plain.03.redlog_global_11.smt2 : 47 ms.
--------------------------------------------------
./solvers/mathsat/run.sh: line 3: 76677 Killed                  ./mathsat ../$1
QF_NRA/hycomp/ball_count_1d_plain.03.redlog_global_12.smt2 : 1800114 ms.
--------------------------------------------------
unsat
QF_NRA/hycomp/ball_count_1d_plain.03.redlog_global_13.smt2 : 56 ms.
--------------------------------------------------
./solvers/mathsat/run.sh: line 3: 79043 Killed                  ./mathsat ../$1
QF_NRA/hycomp/ball_count_1d_plain.03.redlog_global_14.smt2 : 1800069 ms.
--------------------------------------------------
unsat
QF_NRA/hycomp/ball_count_1d_plain.03.redlog_global_15.smt2 : 53 ms.
--------------------------------------------------
unsat
QF_NRA/hycomp/ball_count_1d_plain.03.redlog_global_1.smt2 : 30 ms.
--------------------------------------------------
unsat
QF_NRA/hycomp/ball_count_1d_plain.03.redlog_global_2.smt2 : 31 ms.
--------------------------------------------------
unsat
QF_NRA/hycomp/ball_count_1d_plain.03.redlog_global_3.smt2 : 31 ms.
--------------------------------------------------
unsat
QF_NRA/hycomp/ball_count_1d_plain.03.redlog_global_4.smt2 : 33 ms.
--------------------------------------------------
unsat
QF_NRA/hycomp/ball_count_1d_plain.03.redlog_global_5.smt2 : 34 ms.
--------------------------------------------------
./solvers/mathsat/run.sh: line 3: 80426 Killed                  ./mathsat ../$1
QF_NRA/hycomp/ball_count_1d_plain.03.redlog_global_6.smt2 : 1800140 ms.
--------------------------------------------------
unsat
QF_NRA/hycomp/ball_count_1d_plain.03.redlog_global_7.smt2 : 44 ms.
--------------------------------------------------
./solvers/mathsat/run.sh: line 3: 81493 Killed                  ./mathsat ../$1
QF_NRA/hycomp/ball_count_1d_plain.03.redlog_global_8.smt2 : 1800053 ms.
--------------------------------------------------
unsat
QF_NRA/hycomp/ball_count_1d_plain.03.redlog_global_9.smt2 : 49 ms.
--------------------------------------------------
unsat
QF_NRA/hycomp/ball_count_1d_plain.03.seq_lazy_global_0.smt2 : 33 ms.
--------------------------------------------------
./solvers/mathsat/run.sh: line 3: 82973 Killed                  ./mathsat ../$1
QF_NRA/hycomp/ball_count_1d_plain.03.seq_lazy_global_10.smt2 : 1800078 ms.
--------------------------------------------------
unsat
QF_NRA/hycomp/ball_count_1d_plain.03.seq_lazy_global_11.smt2 : 43 ms.
--------------------------------------------------
./solvers/mathsat/run.sh: line 3: 84990 Killed                  ./mathsat ../$1
QF_NRA/hycomp/ball_count_1d_plain.03.seq_lazy_global_12.smt2 : 1800131 ms.
--------------------------------------------------
unsat
QF_NRA/hycomp/ball_count_1d_plain.03.seq_lazy_global_13.smt2 : 55 ms.
--------------------------------------------------
./solvers/mathsat/run.sh: line 3: 86119 Killed                  ./mathsat ../$1
QF_NRA/hycomp/ball_count_1d_plain.03.seq_lazy_global_14.smt2 : 1800076 ms.
--------------------------------------------------
unsat
QF_NRA/hycomp/ball_count_1d_plain.03.seq_lazy_global_15.smt2 : 50 ms.
--------------------------------------------------
unsat
QF_NRA/hycomp/ball_count_1d_plain.03.seq_lazy_global_1.smt2 : 42 ms.
--------------------------------------------------
unsat
QF_NRA/hycomp/ball_count_1d_plain.03.seq_lazy_global_2.smt2 : 32 ms.
--------------------------------------------------
unsat
QF_NRA/hycomp/ball_count_1d_plain.03.seq_lazy_global_3.smt2 : 35 ms.
--------------------------------------------------
unsat
QF_NRA/hycomp/ball_count_1d_plain.03.seq_lazy_global_4.smt2 : 50 ms.
--------------------------------------------------
unsat
QF_NRA/hycomp/ball_count_1d_plain.03.seq_lazy_global_5.smt2 : 87 ms.
--------------------------------------------------
unsat
QF_NRA/hycomp/ball_count_1d_plain.03.seq_lazy_global_6.smt2 : 79 ms.
--------------------------------------------------
unsat
QF_NRA/hycomp/ball_count_1d_plain.03.seq_lazy_global_7.smt2 : 80 ms.
--------------------------------------------------
unsat
QF_NRA/hycomp/ball_count_1d_plain.03.seq_lazy_global_8.smt2 : 96 ms.
--------------------------------------------------
unsat
QF_NRA/hycomp/ball_count_1d_plain.03.seq_lazy_global_9.smt2 : 84 ms.
--------------------------------------------------
unsat
QF_NRA/hycomp/ball_count_1d_plain.03.seq_lazy_lemmas_global_0.smt2 : 92 ms.
--------------------------------------------------
./solvers/mathsat/run.sh: line 3: 87512 Killed                  ./mathsat ../$1
QF_NRA/hycomp/ball_count_1d_plain.03.seq_lazy_lemmas_global_10.smt2 : 1800094 ms.
--------------------------------------------------
unsat
QF_NRA/hycomp/ball_count_1d_plain.03.seq_lazy_lemmas_global_11.smt2 : 44 ms.
--------------------------------------------------
./solvers/mathsat/run.sh: line 3: 88410 Killed                  ./mathsat ../$1
QF_NRA/hycomp/ball_count_1d_plain.03.seq_lazy_lemmas_global_12.smt2 : 1800088 ms.
--------------------------------------------------
unsat
QF_NRA/hycomp/ball_count_1d_plain.03.seq_lazy_lemmas_global_13.smt2 : 46 ms.
--------------------------------------------------
./solvers/mathsat/run.sh: line 3: 89340 Killed                  ./mathsat ../$1
QF_NRA/hycomp/ball_count_1d_plain.03.seq_lazy_lemmas_global_14.smt2 : 1800121 ms.
--------------------------------------------------
unsat
QF_NRA/hycomp/ball_count_1d_plain.03.seq_lazy_lemmas_global_15.smt2 : 56 ms.
--------------------------------------------------
unsat
QF_NRA/hycomp/ball_count_1d_plain.03.seq_lazy_lemmas_global_1.smt2 : 31 ms.
--------------------------------------------------
unsat
QF_NRA/hycomp/ball_count_1d_plain.03.seq_lazy_lemmas_global_2.smt2 : 31 ms.
--------------------------------------------------
unsat
QF_NRA/hycomp/ball_count_1d_plain.03.seq_lazy_lemmas_global_3.smt2 : 77 ms.
--------------------------------------------------
unsat
QF_NRA/hycomp/ball_count_1d_plain.03.seq_lazy_lemmas_global_4.smt2 : 63 ms.
--------------------------------------------------
unsat
QF_NRA/hycomp/ball_count_1d_plain.03.seq_lazy_lemmas_global_5.smt2 : 48 ms.
--------------------------------------------------
unsat
QF_NRA/hycomp/ball_count_1d_plain.03.seq_lazy_lemmas_global_6.smt2 : 52 ms.
--------------------------------------------------
unsat
QF_NRA/hycomp/ball_count_1d_plain.03.seq_lazy_lemmas_global_7.smt2 : 34 ms.
--------------------------------------------------
unsat
QF_NRA/hycomp/ball_count_1d_plain.03.seq_lazy_lemmas_global_8.smt2 : 55 ms.
--------------------------------------------------
unsat
QF_NRA/hycomp/ball_count_1d_plain.03.seq_lazy_lemmas_global_9.smt2 : 37 ms.
--------------------------------------------------
unsat
QF_NRA/hycomp/ball_count_1d_plain.03.seq_lazy_linear_enc_global_0.smt2 : 34 ms.
--------------------------------------------------
./solvers/mathsat/run.sh: line 3: 90308 Killed                  ./mathsat ../$1
QF_NRA/hycomp/ball_count_1d_plain.03.seq_lazy_linear_enc_global_10.smt2 : 1800073 ms.
--------------------------------------------------
unsat
QF_NRA/hycomp/ball_count_1d_plain.03.seq_lazy_linear_enc_global_11.smt2 : 42 ms.
--------------------------------------------------
./solvers/mathsat/run.sh: line 3: 91521 Killed                  ./mathsat ../$1
QF_NRA/hycomp/ball_count_1d_plain.03.seq_lazy_linear_enc_global_12.smt2 : 1800107 ms.
--------------------------------------------------
unsat
QF_NRA/hycomp/ball_count_1d_plain.03.seq_lazy_linear_enc_global_13.smt2 : 44 ms.
--------------------------------------------------
./solvers/mathsat/run.sh: line 3: 92173 Killed                  ./mathsat ../$1
QF_NRA/hycomp/ball_count_1d_plain.03.seq_lazy_linear_enc_global_14.smt2 : 1800086 ms.
--------------------------------------------------
unsat
QF_NRA/hycomp/ball_count_1d_plain.03.seq_lazy_linear_enc_global_15.smt2 : 47 ms.
--------------------------------------------------
unsat
QF_NRA/hycomp/ball_count_1d_plain.03.seq_lazy_linear_enc_global_1.smt2 : 25 ms.
--------------------------------------------------
unsat
QF_NRA/hycomp/ball_count_1d_plain.03.seq_lazy_linear_enc_global_2.smt2 : 26 ms.
--------------------------------------------------
unsat
QF_NRA/hycomp/ball_count_1d_plain.03.seq_lazy_linear_enc_global_3.smt2 : 26 ms.
--------------------------------------------------
unsat
QF_NRA/hycomp/ball_count_1d_plain.03.seq_lazy_linear_enc_global_4.smt2 : 49 ms.
--------------------------------------------------
unsat
QF_NRA/hycomp/ball_count_1d_plain.03.seq_lazy_linear_enc_global_5.smt2 : 30 ms.
--------------------------------------------------
unsat
QF_NRA/hycomp/ball_count_1d_plain.03.seq_lazy_linear_enc_global_6.smt2 : 48 ms.
--------------------------------------------------
unsat
QF_NRA/hycomp/ball_count_1d_plain.03.seq_lazy_linear_enc_global_7.smt2 : 35 ms.
--------------------------------------------------
unsat
QF_NRA/hycomp/ball_count_1d_plain.03.seq_lazy_linear_enc_global_8.smt2 : 50 ms.
--------------------------------------------------
unsat
QF_NRA/hycomp/ball_count_1d_plain.03.seq_lazy_linear_enc_global_9.smt2 : 34 ms.
--------------------------------------------------
unsat
QF_NRA/hycomp/ball_count_1d_plain.03.seq_lazy_linear_enc_lemmas_global_0.smt2 : 26 ms.
--------------------------------------------------
./solvers/mathsat/run.sh: line 3: 93015 Killed                  ./mathsat ../$1
QF_NRA/hycomp/ball_count_1d_plain.03.seq_lazy_linear_enc_lemmas_global_10.smt2 : 1800093 ms.
--------------------------------------------------
unsat
QF_NRA/hycomp/ball_count_1d_plain.03.seq_lazy_linear_enc_lemmas_global_11.smt2 : 39 ms.
--------------------------------------------------
./solvers/mathsat/run.sh: line 3: 93688 Killed                  ./mathsat ../$1
QF_NRA/hycomp/ball_count_1d_plain.03.seq_lazy_linear_enc_lemmas_global_12.smt2 : 1800085 ms.
--------------------------------------------------
unsat
QF_NRA/hycomp/ball_count_1d_plain.03.seq_lazy_linear_enc_lemmas_global_13.smt2 : 46 ms.
--------------------------------------------------
./solvers/mathsat/run.sh: line 3: 94423 Killed                  ./mathsat ../$1
QF_NRA/hycomp/ball_count_1d_plain.03.seq_lazy_linear_enc_lemmas_global_14.smt2 : 1800062 ms.
--------------------------------------------------
unsat
QF_NRA/hycomp/ball_count_1d_plain.03.seq_lazy_linear_enc_lemmas_global_15.smt2 : 52 ms.
--------------------------------------------------
unsat
QF_NRA/hycomp/ball_count_1d_plain.03.seq_lazy_linear_enc_lemmas_global_1.smt2 : 28 ms.
--------------------------------------------------
unsat
QF_NRA/hycomp/ball_count_1d_plain.03.seq_lazy_linear_enc_lemmas_global_2.smt2 : 32 ms.
--------------------------------------------------
unsat
QF_NRA/hycomp/ball_count_1d_plain.03.seq_lazy_linear_enc_lemmas_global_3.smt2 : 31 ms.
--------------------------------------------------
unsat
QF_NRA/hycomp/ball_count_1d_plain.03.seq_lazy_linear_enc_lemmas_global_4.smt2 : 32 ms.
--------------------------------------------------
unsat
QF_NRA/hycomp/ball_count_1d_plain.03.seq_lazy_linear_enc_lemmas_global_5.smt2 : 33 ms.
--------------------------------------------------
unsat
QF_NRA/hycomp/ball_count_1d_plain.03.seq_lazy_linear_enc_lemmas_global_6.smt2 : 54 ms.
--------------------------------------------------
unsat
QF_NRA/hycomp/ball_count_1d_plain.03.seq_lazy_linear_enc_lemmas_global_7.smt2 : 42 ms.
--------------------------------------------------
unsat
QF_NRA/hycomp/ball_count_1d_plain.03.seq_lazy_linear_enc_lemmas_global_8.smt2 : 73 ms.
--------------------------------------------------
unsat
QF_NRA/hycomp/ball_count_1d_plain.03.seq_lazy_linear_enc_lemmas_global_9.smt2 : 44 ms.
--------------------------------------------------
unsat
QF_NRA/hycomp/ball_count_1d_plain.04.qfree_global_0.smt2 : 31 ms.
--------------------------------------------------
./solvers/mathsat/run.sh: line 3: 95140 Killed                  ./mathsat ../$1
QF_NRA/hycomp/ball_count_1d_plain.04.qfree_global_10.smt2 : 1800072 ms.
--------------------------------------------------
unsat
QF_NRA/hycomp/ball_count_1d_plain.04.qfree_global_11.smt2 : 37 ms.
--------------------------------------------------
./solvers/mathsat/run.sh: line 3: 95825 Killed                  ./mathsat ../$1
QF_NRA/hycomp/ball_count_1d_plain.04.qfree_global_12.smt2 : 1800064 ms.
--------------------------------------------------
unsat
QF_NRA/hycomp/ball_count_1d_plain.04.qfree_global_13.smt2 : 44 ms.
--------------------------------------------------
./solvers/mathsat/run.sh: line 3: 96767 Killed                  ./mathsat ../$1
QF_NRA/hycomp/ball_count_1d_plain.04.qfree_global_14.smt2 : 1800052 ms.
--------------------------------------------------
unsat
QF_NRA/hycomp/ball_count_1d_plain.04.qfree_global_15.smt2 : 45 ms.
--------------------------------------------------
unsat
QF_NRA/hycomp/ball_count_1d_plain.04.qfree_global_1.smt2 : 26 ms.
--------------------------------------------------
unsat
QF_NRA/hycomp/ball_count_1d_plain.04.qfree_global_2.smt2 : 28 ms.
--------------------------------------------------
unsat
QF_NRA/hycomp/ball_count_1d_plain.04.qfree_global_3.smt2 : 27 ms.
--------------------------------------------------
unsat
QF_NRA/hycomp/ball_count_1d_plain.04.qfree_global_4.smt2 : 29 ms.
--------------------------------------------------
unsat
QF_NRA/hycomp/ball_count_1d_plain.04.qfree_global_5.smt2 : 29 ms.
--------------------------------------------------
unsat
QF_NRA/hycomp/ball_count_1d_plain.04.qfree_global_6.smt2 : 32 ms.
--------------------------------------------------
unsat
QF_NRA/hycomp/ball_count_1d_plain.04.qfree_global_7.smt2 : 30 ms.
--------------------------------------------------
./solvers/mathsat/run.sh: line 3: 97351 Killed                  ./mathsat ../$1
QF_NRA/hycomp/ball_count_1d_plain.04.qfree_global_8.smt2 : 1800143 ms.
--------------------------------------------------
unsat
QF_NRA/hycomp/ball_count_1d_plain.04.qfree_global_9.smt2 : 42 ms.
--------------------------------------------------
unsat
QF_NRA/hycomp/ball_count_1d_plain.04.redlog_global_0.smt2 : 29 ms.
--------------------------------------------------
./solvers/mathsat/run.sh: line 3: 98153 Killed                  ./mathsat ../$1
QF_NRA/hycomp/ball_count_1d_plain.04.redlog_global_10.smt2 : 1800222 ms.
--------------------------------------------------
unsat
QF_NRA/hycomp/ball_count_1d_plain.04.redlog_global_11.smt2 : 43 ms.
--------------------------------------------------
./solvers/mathsat/run.sh: line 3: 98714 Killed                  ./mathsat ../$1
QF_NRA/hycomp/ball_count_1d_plain.04.redlog_global_12.smt2 : 1800073 ms.
--------------------------------------------------
unsat
QF_NRA/hycomp/ball_count_1d_plain.04.redlog_global_13.smt2 : 46 ms.
--------------------------------------------------
./solvers/mathsat/run.sh: line 3: 99108 Killed                  ./mathsat ../$1
QF_NRA/hycomp/ball_count_1d_plain.04.redlog_global_14.smt2 : 1800066 ms.
--------------------------------------------------
unsat
QF_NRA/hycomp/ball_count_1d_plain.04.redlog_global_15.smt2 : 48 ms.
--------------------------------------------------
unsat
QF_NRA/hycomp/ball_count_1d_plain.04.redlog_global_1.smt2 : 27 ms.
--------------------------------------------------
unsat
QF_NRA/hycomp/ball_count_1d_plain.04.redlog_global_2.smt2 : 30 ms.
--------------------------------------------------
unsat
QF_NRA/hycomp/ball_count_1d_plain.04.redlog_global_3.smt2 : 29 ms.
--------------------------------------------------
unsat
QF_NRA/hycomp/ball_count_1d_plain.04.redlog_global_4.smt2 : 29 ms.
--------------------------------------------------
unsat
QF_NRA/hycomp/ball_count_1d_plain.04.redlog_global_5.smt2 : 31 ms.
--------------------------------------------------
unsat
QF_NRA/hycomp/ball_count_1d_plain.04.redlog_global_6.smt2 : 32 ms.
--------------------------------------------------
unsat
QF_NRA/hycomp/ball_count_1d_plain.04.redlog_global_7.smt2 : 33 ms.
--------------------------------------------------
./solvers/mathsat/run.sh: line 3: 99828 Killed                  ./mathsat ../$1
QF_NRA/hycomp/ball_count_1d_plain.04.redlog_global_8.smt2 : 1800052 ms.
--------------------------------------------------
unsat
QF_NRA/hycomp/ball_count_1d_plain.04.redlog_global_9.smt2 : 42 ms.
--------------------------------------------------
unsat
QF_NRA/hycomp/ball_count_1d_plain.04.seq_lazy_global_0.smt2 : 27 ms.
--------------------------------------------------
unsat
QF_NRA/hycomp/ball_count_1d_plain.04.seq_lazy_global_10.smt2 : 57 ms.
--------------------------------------------------
unsat
QF_NRA/hycomp/ball_count_1d_plain.04.seq_lazy_global_11.smt2 : 37 ms.
--------------------------------------------------
unsat
QF_NRA/hycomp/ball_count_1d_plain.04.seq_lazy_global_12.smt2 : 68 ms.
--------------------------------------------------
unsat
QF_NRA/hycomp/ball_count_1d_plain.04.seq_lazy_global_13.smt2 : 39 ms.
--------------------------------------------------
./solvers/mathsat/run.sh: line 3: 100427 Killed                  ./mathsat ../$1
QF_NRA/hycomp/ball_count_1d_plain.04.seq_lazy_global_14.smt2 : 1800151 ms.
--------------------------------------------------
unsat
QF_NRA/hycomp/ball_count_1d_plain.04.seq_lazy_global_15.smt2 : 223 ms.
--------------------------------------------------
unsat
QF_NRA/hycomp/ball_count_1d_plain.04.seq_lazy_global_1.smt2 : 153 ms.
--------------------------------------------------
unsat
QF_NRA/hycomp/ball_count_1d_plain.04.seq_lazy_global_2.smt2 : 146 ms.
--------------------------------------------------
unsat
QF_NRA/hycomp/ball_count_1d_plain.04.seq_lazy_global_3.smt2 : 150 ms.
--------------------------------------------------
unsat
QF_NRA/hycomp/ball_count_1d_plain.04.seq_lazy_global_4.smt2 : 144 ms.
--------------------------------------------------
unsat
QF_NRA/hycomp/ball_count_1d_plain.04.seq_lazy_global_5.smt2 : 158 ms.
--------------------------------------------------
unsat
QF_NRA/hycomp/ball_count_1d_plain.04.seq_lazy_global_6.smt2 : 163 ms.
--------------------------------------------------
unsat
QF_NRA/hycomp/ball_count_1d_plain.04.seq_lazy_global_7.smt2 : 157 ms.
--------------------------------------------------
unsat
QF_NRA/hycomp/ball_count_1d_plain.04.seq_lazy_global_8.smt2 : 174 ms.
--------------------------------------------------
unsat
QF_NRA/hycomp/ball_count_1d_plain.04.seq_lazy_global_9.smt2 : 175 ms.
--------------------------------------------------
unsat
QF_NRA/hycomp/ball_count_1d_plain.04.seq_lazy_lemmas_global_0.smt2 : 158 ms.
--------------------------------------------------
unsat
QF_NRA/hycomp/ball_count_1d_plain.04.seq_lazy_lemmas_global_10.smt2 : 202 ms.
--------------------------------------------------
unsat
QF_NRA/hycomp/ball_count_1d_plain.04.seq_lazy_lemmas_global_11.smt2 : 143 ms.
--------------------------------------------------
unsat
QF_NRA/hycomp/ball_count_1d_plain.04.seq_lazy_lemmas_global_12.smt2 : 75 ms.
--------------------------------------------------
unsat
QF_NRA/hycomp/ball_count_1d_plain.04.seq_lazy_lemmas_global_13.smt2 : 38 ms.
--------------------------------------------------
sat
QF_NRA/hycomp/ball_count_1d_plain.04.seq_lazy_lemmas_global_14.smt2 : 254971 ms.
--------------------------------------------------
unsat
QF_NRA/hycomp/ball_count_1d_plain.04.seq_lazy_lemmas_global_15.smt2 : 52 ms.
--------------------------------------------------
unsat
QF_NRA/hycomp/ball_count_1d_plain.04.seq_lazy_lemmas_global_1.smt2 : 25 ms.
--------------------------------------------------
unsat
QF_NRA/hycomp/ball_count_1d_plain.04.seq_lazy_lemmas_global_2.smt2 : 27 ms.
--------------------------------------------------
unsat
QF_NRA/hycomp/ball_count_1d_plain.04.seq_lazy_lemmas_global_3.smt2 : 30 ms.
--------------------------------------------------
unsat
QF_NRA/hycomp/ball_count_1d_plain.04.seq_lazy_lemmas_global_4.smt2 : 32 ms.
--------------------------------------------------
unsat
QF_NRA/hycomp/ball_count_1d_plain.04.seq_lazy_lemmas_global_5.smt2 : 34 ms.
--------------------------------------------------
unsat
QF_NRA/hycomp/ball_count_1d_plain.04.seq_lazy_lemmas_global_6.smt2 : 35 ms.
--------------------------------------------------
unsat
QF_NRA/hycomp/ball_count_1d_plain.04.seq_lazy_lemmas_global_7.smt2 : 40 ms.
--------------------------------------------------
unsat
QF_NRA/hycomp/ball_count_1d_plain.04.seq_lazy_lemmas_global_8.smt2 : 55 ms.
--------------------------------------------------
unsat
QF_NRA/hycomp/ball_count_1d_plain.04.seq_lazy_lemmas_global_9.smt2 : 39 ms.
--------------------------------------------------
unsat
QF_NRA/hycomp/ball_count_1d_plain.04.seq_lazy_linear_enc_global_0.smt2 : 31 ms.
--------------------------------------------------
unsat
QF_NRA/hycomp/ball_count_1d_plain.04.seq_lazy_linear_enc_global_10.smt2 : 56 ms.
--------------------------------------------------
unsat
QF_NRA/hycomp/ball_count_1d_plain.04.seq_lazy_linear_enc_global_11.smt2 : 38 ms.
--------------------------------------------------
unsat
QF_NRA/hycomp/ball_count_1d_plain.04.seq_lazy_linear_enc_global_12.smt2 : 67 ms.
--------------------------------------------------
unsat
QF_NRA/hycomp/ball_count_1d_plain.04.seq_lazy_linear_enc_global_13.smt2 : 37 ms.
--------------------------------------------------
./solvers/mathsat/run.sh: line 3: 101399 Killed                  ./mathsat ../$1
QF_NRA/hycomp/ball_count_1d_plain.04.seq_lazy_linear_enc_global_14.smt2 : 1800097 ms.
--------------------------------------------------
unsat
QF_NRA/hycomp/ball_count_1d_plain.04.seq_lazy_linear_enc_global_15.smt2 : 52 ms.
--------------------------------------------------
unsat
QF_NRA/hycomp/ball_count_1d_plain.04.seq_lazy_linear_enc_global_1.smt2 : 31 ms.
--------------------------------------------------
unsat
QF_NRA/hycomp/ball_count_1d_plain.04.seq_lazy_linear_enc_global_2.smt2 : 27 ms.
--------------------------------------------------
unsat
QF_NRA/hycomp/ball_count_1d_plain.04.seq_lazy_linear_enc_global_3.smt2 : 27 ms.
--------------------------------------------------
unsat
QF_NRA/hycomp/ball_count_1d_plain.04.seq_lazy_linear_enc_global_4.smt2 : 31 ms.
--------------------------------------------------
unsat
QF_NRA/hycomp/ball_count_1d_plain.04.seq_lazy_linear_enc_global_5.smt2 : 37 ms.
--------------------------------------------------
unsat
QF_NRA/hycomp/ball_count_1d_plain.04.seq_lazy_linear_enc_global_6.smt2 : 37 ms.
--------------------------------------------------
unsat
QF_NRA/hycomp/ball_count_1d_plain.04.seq_lazy_linear_enc_global_7.smt2 : 31 ms.
--------------------------------------------------
unsat
QF_NRA/hycomp/ball_count_1d_plain.04.seq_lazy_linear_enc_global_8.smt2 : 46 ms.
--------------------------------------------------
unsat
QF_NRA/hycomp/ball_count_1d_plain.04.seq_lazy_linear_enc_global_9.smt2 : 38 ms.
--------------------------------------------------
unsat
QF_NRA/hycomp/ball_count_1d_plain.04.seq_lazy_linear_enc_lemmas_global_0.smt2 : 25 ms.
--------------------------------------------------
unsat
QF_NRA/hycomp/ball_count_1d_plain.04.seq_lazy_linear_enc_lemmas_global_10.smt2 : 63 ms.
--------------------------------------------------
unsat
QF_NRA/hycomp/ball_count_1d_plain.04.seq_lazy_linear_enc_lemmas_global_11.smt2 : 37 ms.
--------------------------------------------------
unsat
QF_NRA/hycomp/ball_count_1d_plain.04.seq_lazy_linear_enc_lemmas_global_12.smt2 : 82 ms.
--------------------------------------------------
unsat
QF_NRA/hycomp/ball_count_1d_plain.04.seq_lazy_linear_enc_lemmas_global_13.smt2 : 45 ms.
--------------------------------------------------
./solvers/mathsat/run.sh: line 3: 101917 Killed                  ./mathsat ../$1
QF_NRA/hycomp/ball_count_1d_plain.04.seq_lazy_linear_enc_lemmas_global_14.smt2 : 1800108 ms.
--------------------------------------------------
unsat
QF_NRA/hycomp/ball_count_1d_plain.04.seq_lazy_linear_enc_lemmas_global_15.smt2 : 50 ms.
--------------------------------------------------
unsat
QF_NRA/hycomp/ball_count_1d_plain.04.seq_lazy_linear_enc_lemmas_global_1.smt2 : 28 ms.
--------------------------------------------------
unsat
QF_NRA/hycomp/ball_count_1d_plain.04.seq_lazy_linear_enc_lemmas_global_2.smt2 : 28 ms.
--------------------------------------------------
unsat
QF_NRA/hycomp/ball_count_1d_plain.04.seq_lazy_linear_enc_lemmas_global_3.smt2 : 30 ms.
--------------------------------------------------
unsat
QF_NRA/hycomp/ball_count_1d_plain.04.seq_lazy_linear_enc_lemmas_global_4.smt2 : 32 ms.
--------------------------------------------------
unsat
QF_NRA/hycomp/ball_count_1d_plain.04.seq_lazy_linear_enc_lemmas_global_5.smt2 : 34 ms.
--------------------------------------------------
unsat
QF_NRA/hycomp/ball_count_1d_plain.04.seq_lazy_linear_enc_lemmas_global_6.smt2 : 35 ms.
--------------------------------------------------
unsat
QF_NRA/hycomp/ball_count_1d_plain.04.seq_lazy_linear_enc_lemmas_global_7.smt2 : 34 ms.
--------------------------------------------------
unsat
QF_NRA/hycomp/ball_count_1d_plain.04.seq_lazy_linear_enc_lemmas_global_8.smt2 : 59 ms.
--------------------------------------------------
unsat
QF_NRA/hycomp/ball_count_1d_plain.04.seq_lazy_linear_enc_lemmas_global_9.smt2 : 35 ms.
--------------------------------------------------
unsat
QF_NRA/hycomp/ball_count_1d_plain.05.qfree_global_0.smt2 : 25 ms.
--------------------------------------------------
./solvers/mathsat/run.sh: line 3: 102686 Killed                  ./mathsat ../$1
QF_NRA/hycomp/ball_count_1d_plain.05.qfree_global_10.smt2 : 1800395 ms.
--------------------------------------------------
unsat
QF_NRA/hycomp/ball_count_1d_plain.05.qfree_global_11.smt2 : 192 ms.
--------------------------------------------------
./solvers/mathsat/run.sh: line 3: 103319 Killed                  ./mathsat ../$1
QF_NRA/hycomp/ball_count_1d_plain.05.qfree_global_12.smt2 : 1800140 ms.
--------------------------------------------------
unsat
QF_NRA/hycomp/ball_count_1d_plain.05.qfree_global_13.smt2 : 44 ms.
--------------------------------------------------
./solvers/mathsat/run.sh: line 3: 103759 Killed                  ./mathsat ../$1
QF_NRA/hycomp/ball_count_1d_plain.05.qfree_global_14.smt2 : 1800086 ms.
--------------------------------------------------
unsat
QF_NRA/hycomp/ball_count_1d_plain.05.qfree_global_15.smt2 : 47 ms.
--------------------------------------------------
unsat
QF_NRA/hycomp/ball_count_1d_plain.05.qfree_global_1.smt2 : 26 ms.
--------------------------------------------------
unsat
QF_NRA/hycomp/ball_count_1d_plain.05.qfree_global_2.smt2 : 27 ms.
--------------------------------------------------
unsat
QF_NRA/hycomp/ball_count_1d_plain.05.qfree_global_3.smt2 : 27 ms.
--------------------------------------------------
unsat
QF_NRA/hycomp/ball_count_1d_plain.05.qfree_global_4.smt2 : 33 ms.
--------------------------------------------------
unsat
QF_NRA/hycomp/ball_count_1d_plain.05.qfree_global_5.smt2 : 34 ms.
--------------------------------------------------
unsat
QF_NRA/hycomp/ball_count_1d_plain.05.qfree_global_6.smt2 : 31 ms.
--------------------------------------------------
unsat
QF_NRA/hycomp/ball_count_1d_plain.05.qfree_global_7.smt2 : 29 ms.
--------------------------------------------------
unsat
QF_NRA/hycomp/ball_count_1d_plain.05.qfree_global_8.smt2 : 31 ms.
--------------------------------------------------
unsat
QF_NRA/hycomp/ball_count_1d_plain.05.qfree_global_9.smt2 : 31 ms.
