--------------------------------------------------
sat
QF_NRA/meti-tarski/sqrt/problem/13/sqrt1/sqrt-problem-13-sqrt1-chunk-0009.smt2 : 35 ms.
--------------------------------------------------
sat
QF_NRA/meti-tarski/sqrt/problem/13/sqrt1/sqrt-problem-13-sqrt1-chunk-0011.smt2 : 33 ms.
--------------------------------------------------
./solvers/mathsat/run.sh: line 3: 59559 Killed                  ./mathsat ../$1
QF_NRA/meti-tarski/sqrt/problem/13/sqrt1/sqrt-problem-13-sqrt1-chunk-0012.smt2 : 1800100 ms.
--------------------------------------------------
sat
QF_NRA/meti-tarski/sqrt/problem/13/sqrt1/sqrt-problem-13-sqrt1-chunk-0014.smt2 : 37 ms.
--------------------------------------------------
unsat
QF_NRA/meti-tarski/sqrt/problem/13/sqrt1/sqrt-problem-13-sqrt1-chunk-0015.smt2 : 33 ms.
--------------------------------------------------
./solvers/mathsat/run.sh: line 3: 71165 Killed                  ./mathsat ../$1
QF_NRA/meti-tarski/sqrt/problem/13/sqrt1/sqrt-problem-13-sqrt1-chunk-0016.smt2 : 1800102 ms.
--------------------------------------------------
unsat
QF_NRA/meti-tarski/sqrt/problem/13/sqrt1/sqrt-problem-13-sqrt1-chunk-0018.smt2 : 33 ms.
--------------------------------------------------
./solvers/mathsat/run.sh: line 3: 74350 Killed                  ./mathsat ../$1
QF_NRA/meti-tarski/sqrt/problem/13/sqrt1/sqrt-problem-13-sqrt1-chunk-0019.smt2 : 1800100 ms.
--------------------------------------------------
./solvers/mathsat/run.sh: line 3: 76896 Killed                  ./mathsat ../$1
QF_NRA/meti-tarski/sqrt/problem/13/sqrt1/sqrt-problem-13-sqrt1-chunk-0021.smt2 : 1800100 ms.
--------------------------------------------------
unsat
QF_NRA/meti-tarski/sqrt/problem/13/sqrt1/sqrt-problem-13-sqrt1-chunk-0023.smt2 : 34 ms.
--------------------------------------------------
unsat
QF_NRA/meti-tarski/sqrt/problem/13/sqrt1/sqrt-problem-13-sqrt1-chunk-0024.smt2 : 43 ms.
--------------------------------------------------
./solvers/mathsat/run.sh: line 3: 79176 Killed                  ./mathsat ../$1
QF_NRA/meti-tarski/sqrt/problem/13/sqrt1/sqrt-problem-13-sqrt1-chunk-0027.smt2 : 1800217 ms.
--------------------------------------------------
unsat
QF_NRA/meti-tarski/sqrt/problem/13/sqrt1/sqrt-problem-13-sqrt1-chunk-0030.smt2 : 32 ms.
--------------------------------------------------
./solvers/mathsat/run.sh: line 3: 80578 Killed                  ./mathsat ../$1
QF_NRA/meti-tarski/sqrt/problem/13/sqrt1/sqrt-problem-13-sqrt1-chunk-0032.smt2 : 1800093 ms.
--------------------------------------------------
unsat
QF_NRA/meti-tarski/sqrt/problem/13/sqrt1/sqrt-problem-13-sqrt1-chunk-0034.smt2 : 39 ms.
--------------------------------------------------
unsat
QF_NRA/meti-tarski/sqrt/problem/13/sqrt1/sqrt-problem-13-sqrt1-chunk-0035.smt2 : 29 ms.
--------------------------------------------------
./solvers/mathsat/run.sh: line 3: 81634 Killed                  ./mathsat ../$1
QF_NRA/meti-tarski/sqrt/problem/13/sqrt1/sqrt-problem-13-sqrt1-chunk-0037.smt2 : 1800075 ms.
--------------------------------------------------
./solvers/mathsat/run.sh: line 3: 83080 Killed                  ./mathsat ../$1
QF_NRA/meti-tarski/sqrt/problem/13/sqrt1/sqrt-problem-13-sqrt1-chunk-0039.smt2 : 1800123 ms.
--------------------------------------------------
./solvers/mathsat/run.sh: line 3: 85078 Killed                  ./mathsat ../$1
QF_NRA/meti-tarski/sqrt/problem/13/sqrt1/sqrt-problem-13-sqrt1-chunk-0041.smt2 : 1800145 ms.
--------------------------------------------------
unsat
QF_NRA/meti-tarski/sqrt/problem/13/sqrt1/sqrt-problem-13-sqrt1-chunk-0042.smt2 : 124 ms.
--------------------------------------------------
unsat
QF_NRA/meti-tarski/sqrt/problem/13/sqrt1/sqrt-problem-13-sqrt1-chunk-0043.smt2 : 76 ms.
--------------------------------------------------
./solvers/mathsat/run.sh: line 3: 86190 Killed                  ./mathsat ../$1
QF_NRA/meti-tarski/sqrt/problem/13/sqrt1/sqrt-problem-13-sqrt1-chunk-0044.smt2 : 1800119 ms.
--------------------------------------------------
unsat
QF_NRA/meti-tarski/sqrt/problem/13/sqrt1/sqrt-problem-13-sqrt1-chunk-0045.smt2 : 149 ms.
--------------------------------------------------
./solvers/mathsat/run.sh: line 3: 87511 Killed                  ./mathsat ../$1
QF_NRA/meti-tarski/sqrt/problem/13/sqrt1/sqrt-problem-13-sqrt1-chunk-0047.smt2 : 1800116 ms.
--------------------------------------------------
unsat
QF_NRA/meti-tarski/sqrt/problem/13/sqrt1/sqrt-problem-13-sqrt1-chunk-0049.smt2 : 36 ms.
--------------------------------------------------
./solvers/mathsat/run.sh: line 3: 88414 Killed                  ./mathsat ../$1
QF_NRA/meti-tarski/sqrt/problem/13/sqrt1/sqrt-problem-13-sqrt1-chunk-0051.smt2 : 1800093 ms.
--------------------------------------------------
./solvers/mathsat/run.sh: line 3: 89336 Killed                  ./mathsat ../$1
QF_NRA/meti-tarski/sqrt/problem/13/sqrt1/sqrt-problem-13-sqrt1-chunk-0052.smt2 : 1800120 ms.
--------------------------------------------------
sat
QF_NRA/meti-tarski/sqrt/problem/13/sqrt1/sqrt-problem-13-sqrt1-chunk-0053.smt2 : 69 ms.
--------------------------------------------------
unsat
QF_NRA/meti-tarski/sqrt/problem/13/sqrt1/sqrt-problem-13-sqrt1-chunk-0054.smt2 : 31 ms.
--------------------------------------------------
unsat
QF_NRA/meti-tarski/sqrt/problem/13/sqrt1/sqrt-problem-13-sqrt1-chunk-0055.smt2 : 36 ms.
--------------------------------------------------
unsat
QF_NRA/meti-tarski/sqrt/problem/13/sqrt1/sqrt-problem-13-sqrt1-chunk-0057.smt2 : 41 ms.
--------------------------------------------------
./solvers/mathsat/run.sh: line 3: 90276 Killed                  ./mathsat ../$1
QF_NRA/meti-tarski/sqrt/problem/13/sqrt1/sqrt-problem-13-sqrt1-chunk-0058.smt2 : 1800073 ms.
--------------------------------------------------
./solvers/mathsat/run.sh: line 3: 91509 Killed                  ./mathsat ../$1
QF_NRA/meti-tarski/sqrt/problem/13/sqrt1/sqrt-problem-13-sqrt1-chunk-0059.smt2 : 1800064 ms.
--------------------------------------------------
./solvers/mathsat/run.sh: line 3: 92161 Killed                  ./mathsat ../$1
QF_NRA/meti-tarski/sqrt/problem/13/sqrt1/sqrt-problem-13-sqrt1-chunk-0061.smt2 : 1800100 ms.
--------------------------------------------------
./solvers/mathsat/run.sh: line 3: 92939 Killed                  ./mathsat ../$1
QF_NRA/meti-tarski/sqrt/problem/13/sqrt1/sqrt-problem-13-sqrt1-chunk-0062.smt2 : 1800052 ms.
--------------------------------------------------
./solvers/mathsat/run.sh: line 3: 93648 Killed                  ./mathsat ../$1
QF_NRA/meti-tarski/sqrt/problem/13/sqrt1/sqrt-problem-13-sqrt1-chunk-0065.smt2 : 1800097 ms.
--------------------------------------------------
./solvers/mathsat/run.sh: line 3: 94383 Killed                  ./mathsat ../$1
QF_NRA/meti-tarski/sqrt/problem/13/sqrt1/sqrt-problem-13-sqrt1-chunk-0067.smt2 : 1800108 ms.
--------------------------------------------------
unsat
QF_NRA/meti-tarski/sqrt/problem/13/sqrt1/sqrt-problem-13-sqrt1-chunk-0068.smt2 : 45 ms.
--------------------------------------------------
./solvers/mathsat/run.sh: line 3: 95068 Killed                  ./mathsat ../$1
QF_NRA/meti-tarski/sqrt/problem/13/sqrt1/sqrt-problem-13-sqrt1-chunk-0072.smt2 : 1800146 ms.
--------------------------------------------------
unsat
QF_NRA/meti-tarski/sqrt/problem/13/sqrt1/sqrt-problem-13-sqrt1-chunk-0073.smt2 : 42 ms.
--------------------------------------------------
./solvers/mathsat/run.sh: line 3: 95789 Killed                  ./mathsat ../$1
QF_NRA/meti-tarski/sqrt/problem/13/sqrt1/sqrt-problem-13-sqrt1-chunk-0075.smt2 : 1800094 ms.
--------------------------------------------------
unsat
QF_NRA/meti-tarski/sqrt/problem/13/sqrt1/sqrt-problem-13-sqrt1-chunk-0077.smt2 : 42 ms.
--------------------------------------------------
./solvers/mathsat/run.sh: line 3: 96731 Killed                  ./mathsat ../$1
QF_NRA/meti-tarski/sqrt/problem/13/sqrt1/sqrt-problem-13-sqrt1-chunk-0078.smt2 : 1800131 ms.
--------------------------------------------------
unsat
QF_NRA/meti-tarski/sqrt/problem/13/sqrt1/sqrt-problem-13-sqrt1-chunk-0079.smt2 : 50 ms.
--------------------------------------------------
unsat
QF_NRA/meti-tarski/sqrt/problem/13/sqrt1/sqrt-problem-13-sqrt1-chunk-0080.smt2 : 34 ms.
--------------------------------------------------
./solvers/mathsat/run.sh: line 3: 97286 Killed                  ./mathsat ../$1
QF_NRA/meti-tarski/sqrt/problem/13/sqrt1/sqrt-problem-13-sqrt1-chunk-0081.smt2 : 1800122 ms.
--------------------------------------------------
./solvers/mathsat/run.sh: line 3: 98077 Killed                  ./mathsat ../$1
QF_NRA/meti-tarski/sqrt/problem/13/sqrt1/sqrt-problem-13-sqrt1-chunk-0082.smt2 : 1800308 ms.
