--------------------------------------------------
./solvers/mathsat/run.sh: line 3: 57179 Killed                  ./mathsat ../$1
QF_NRA/meti-tarski/atan/problem/2/weakT/atan-problem-2-weakT-chunk-0008.smt2 : 1800071 ms.
--------------------------------------------------
sat
QF_NRA/meti-tarski/atan/problem/2/weakT/atan-problem-2-weakT-chunk-0009.smt2 : 37 ms.
--------------------------------------------------
./solvers/mathsat/run.sh: line 3: 70548 Killed                  ./mathsat ../$1
QF_NRA/meti-tarski/atan/problem/2/weakT/atan-problem-2-weakT-chunk-0010.smt2 : 1800088 ms.
--------------------------------------------------
./solvers/mathsat/run.sh: line 3: 74091 Killed                  ./mathsat ../$1
QF_NRA/meti-tarski/atan/problem/2/weakT/atan-problem-2-weakT-chunk-0012.smt2 : 1800080 ms.
--------------------------------------------------
./solvers/mathsat/run.sh: line 3: 76591 Killed                  ./mathsat ../$1
QF_NRA/meti-tarski/atan/problem/2/weakT/atan-problem-2-weakT-chunk-0015.smt2 : 1800153 ms.
--------------------------------------------------
unsat
QF_NRA/meti-tarski/atan/problem/2/weakT/atan-problem-2-weakT-chunk-0017.smt2 : 59 ms.
--------------------------------------------------
./solvers/mathsat/run.sh: line 3: 79008 Killed                  ./mathsat ../$1
QF_NRA/meti-tarski/atan/problem/2/weakT/atan-problem-2-weakT-chunk-0018.smt2 : 1800105 ms.
--------------------------------------------------
./solvers/mathsat/run.sh: line 3: 80354 Killed                  ./mathsat ../$1
QF_NRA/meti-tarski/atan/problem/2/weakT/atan-problem-2-weakT-chunk-0019.smt2 : 1800080 ms.
--------------------------------------------------
unsat
QF_NRA/meti-tarski/atan/problem/2/weakT/atan-problem-2-weakT-chunk-0020.smt2 : 36 ms.
--------------------------------------------------
./solvers/mathsat/run.sh: line 3: 81424 Killed                  ./mathsat ../$1
QF_NRA/meti-tarski/atan/problem/2/weakT/atan-problem-2-weakT-chunk-0021.smt2 : 1800067 ms.
--------------------------------------------------
./solvers/mathsat/run.sh: line 3: 82905 Killed                  ./mathsat ../$1
QF_NRA/meti-tarski/atan/problem/2/weakT/atan-problem-2-weakT-chunk-0023.smt2 : 1800115 ms.
--------------------------------------------------
unsat
QF_NRA/meti-tarski/atan/problem/2/weakT/atan-problem-2-weakT-chunk-0024.smt2 : 35 ms.
--------------------------------------------------
./solvers/mathsat/run.sh: line 3: 84937 Killed                  ./mathsat ../$1
QF_NRA/meti-tarski/atan/problem/2/weakT/atan-problem-2-weakT-chunk-0025.smt2 : 1800105 ms.
--------------------------------------------------
./solvers/mathsat/run.sh: line 3: 86068 Killed                  ./mathsat ../$1
QF_NRA/meti-tarski/atan/problem/2/weakT/atan-problem-2-weakT-chunk-0026.smt2 : 1800122 ms.
--------------------------------------------------
unsat
QF_NRA/meti-tarski/atan/problem/2/weakT/atan-problem-2-weakT-chunk-0027.smt2 : 77 ms.
--------------------------------------------------
unsat
QF_NRA/meti-tarski/atan/problem/2/weakT/atan-problem-2-weakT-chunk-0028.smt2 : 114 ms.
--------------------------------------------------
sat
QF_NRA/meti-tarski/atan/problem/2/weakT/atan-problem-2-weakT-chunk-0029.smt2 : 47 ms.
--------------------------------------------------
unsat
QF_NRA/meti-tarski/atan/problem/2/weakT/atan-problem-2-weakT-chunk-0030.smt2 : 32 ms.
--------------------------------------------------
unsat
QF_NRA/meti-tarski/atan/problem/2/weakT/atan-problem-2-weakT-chunk-0031.smt2 : 31 ms.
--------------------------------------------------
sat
QF_NRA/meti-tarski/atan/problem/2/weakT/atan-problem-2-weakT-chunk-0032.smt2 : 31 ms.
--------------------------------------------------
./solvers/mathsat/run.sh: line 3: 87392 Killed                  ./mathsat ../$1
QF_NRA/meti-tarski/atan/problem/2/weakT/atan-problem-2-weakT-chunk-0033.smt2 : 1800075 ms.
--------------------------------------------------
unsat
QF_NRA/meti-tarski/atan/problem/2/weakT/atan-problem-2-weakT-chunk-0034.smt2 : 38 ms.
--------------------------------------------------
sat
QF_NRA/meti-tarski/atan/problem/2/weakT/atan-problem-2-weakT-chunk-0035.smt2 : 33 ms.
--------------------------------------------------
./solvers/mathsat/run.sh: line 3: 88349 Killed                  ./mathsat ../$1
QF_NRA/meti-tarski/atan/problem/2/weakT/atan-problem-2-weakT-chunk-0036.smt2 : 1800064 ms.
--------------------------------------------------
unsat
QF_NRA/meti-tarski/atan/problem/2/weakT/atan-problem-2-weakT-chunk-0037.smt2 : 33 ms.
--------------------------------------------------
unsat
QF_NRA/meti-tarski/atan/problem/2/weakT/atan-problem-2-weakT-chunk-0039.smt2 : 31 ms.
--------------------------------------------------
sat
QF_NRA/meti-tarski/atan/problem/2/weakT/atan-problem-2-weakT-chunk-0040.smt2 : 29 ms.
--------------------------------------------------
./solvers/mathsat/run.sh: line 3: 89267 Killed                  ./mathsat ../$1
QF_NRA/meti-tarski/atan/problem/2/weakT/atan-problem-2-weakT-chunk-0041.smt2 : 1800103 ms.
--------------------------------------------------
unsat
QF_NRA/meti-tarski/atan/problem/2/weakT/atan-problem-2-weakT-chunk-0042.smt2 : 101 ms.
--------------------------------------------------
./solvers/mathsat/run.sh: line 3: 90154 Killed                  ./mathsat ../$1
QF_NRA/meti-tarski/atan/problem/2/weakT/atan-problem-2-weakT-chunk-0043.smt2 : 1800109 ms.
--------------------------------------------------
./solvers/mathsat/run.sh: line 3: 91418 Killed                  ./mathsat ../$1
QF_NRA/meti-tarski/atan/problem/2/weakT/atan-problem-2-weakT-chunk-0044.smt2 : 1800093 ms.
--------------------------------------------------
./solvers/mathsat/run.sh: line 3: 92101 Killed                  ./mathsat ../$1
QF_NRA/meti-tarski/atan/problem/2/weakT/atan-problem-2-weakT-chunk-0045.smt2 : 1800095 ms.
--------------------------------------------------
./solvers/mathsat/run.sh: line 3: 92847 Killed                  ./mathsat ../$1
QF_NRA/meti-tarski/atan/problem/2/weakT/atan-problem-2-weakT-chunk-0046.smt2 : 1800110 ms.
--------------------------------------------------
./solvers/mathsat/run.sh: line 3: 93569 Killed                  ./mathsat ../$1
QF_NRA/meti-tarski/atan/problem/2/weakT/atan-problem-2-weakT-chunk-0047.smt2 : 1800087 ms.
--------------------------------------------------
./solvers/mathsat/run.sh: line 3: 94302 Killed                  ./mathsat ../$1
QF_NRA/meti-tarski/atan/problem/2/weakT/atan-problem-2-weakT-chunk-0048.smt2 : 1800106 ms.
--------------------------------------------------
./solvers/mathsat/run.sh: line 3: 94998 Killed                  ./mathsat ../$1
QF_NRA/meti-tarski/atan/problem/2/weakT/atan-problem-2-weakT-chunk-0049.smt2 : 1800103 ms.
--------------------------------------------------
./solvers/mathsat/run.sh: line 3: 95713 Killed                  ./mathsat ../$1
QF_NRA/meti-tarski/atan/problem/2/weakT/atan-problem-2-weakT-chunk-0051.smt2 : 1800054 ms.
--------------------------------------------------
./solvers/mathsat/run.sh: line 3: 96655 Killed                  ./mathsat ../$1
QF_NRA/meti-tarski/atan/problem/2/weakT/atan-problem-2-weakT-chunk-0054.smt2 : 1800085 ms.
--------------------------------------------------
unsat
QF_NRA/meti-tarski/atan/problem/2/weakT/atan-problem-2-weakT-chunk-0055.smt2 : 41 ms.
--------------------------------------------------
unsat
QF_NRA/meti-tarski/atan/problem/2/weakT/atan-problem-2-weakT-chunk-0056.smt2 : 25 ms.
--------------------------------------------------
./solvers/mathsat/run.sh: line 3: 97204 Killed                  ./mathsat ../$1
QF_NRA/meti-tarski/atan/problem/2/weakT/atan-problem-2-weakT-chunk-0057.smt2 : 1800106 ms.
--------------------------------------------------
./solvers/mathsat/run.sh: line 3: 97969 Killed                  ./mathsat ../$1
QF_NRA/meti-tarski/atan/problem/2/weakT/atan-problem-2-weakT-chunk-0058.smt2 : 1800860 ms.
--------------------------------------------------
unsat
QF_NRA/meti-tarski/atan/problem/2/weakT/atan-problem-2-weakT-chunk-0059.smt2 : 921 ms.
--------------------------------------------------
sat
QF_NRA/meti-tarski/atan/problem/2/weakT/atan-problem-2-weakT-chunk-0060.smt2 : 48 ms.
