--------------------------------------------------
./solvers/mathsat/run.sh: line 3: 59332 Killed                  ./mathsat ../$1
QF_NRA/zankl/gen-03.smt2 : 1800110 ms.
--------------------------------------------------
./solvers/mathsat/run.sh: line 3: 70994 Killed                  ./mathsat ../$1
QF_NRA/zankl/gen-04.smt2 : 1800139 ms.
--------------------------------------------------
./solvers/mathsat/run.sh: line 3: 74266 Killed                  ./mathsat ../$1
QF_NRA/zankl/gen-05.smt2 : 1800132 ms.
--------------------------------------------------
./solvers/mathsat/run.sh: line 3: 76854 Killed                  ./mathsat ../$1
QF_NRA/zankl/gen-06.smt2 : 1800187 ms.
--------------------------------------------------
./solvers/mathsat/run.sh: line 3: 79150 Killed                  ./mathsat ../$1
QF_NRA/zankl/gen-07.smt2 : 1800121 ms.
--------------------------------------------------
./solvers/mathsat/run.sh: line 3: 80518 Killed                  ./mathsat ../$1
QF_NRA/zankl/gen-08.smt2 : 1800130 ms.
--------------------------------------------------
./solvers/mathsat/run.sh: line 3: 81554 Killed                  ./mathsat ../$1
QF_NRA/zankl/gen-09.smt2 : 1800112 ms.
--------------------------------------------------
./solvers/mathsat/run.sh: line 3: 83028 Killed                  ./mathsat ../$1
QF_NRA/zankl/gen-10.smt2 : 1800136 ms.
--------------------------------------------------
unsat
QF_NRA/zankl/gen-13.smt2 : 37 ms.
--------------------------------------------------
unsat
QF_NRA/zankl/gen-14.smt2 : 35 ms.
--------------------------------------------------
unsat
QF_NRA/zankl/gen-15.smt2 : 31 ms.
--------------------------------------------------
./solvers/mathsat/run.sh: line 3: 85058 Killed                  ./mathsat ../$1
QF_NRA/zankl/gen-16.smt2 : 1800123 ms.
--------------------------------------------------
unsat
QF_NRA/zankl/gen-17.smt2 : 45 ms.
--------------------------------------------------
./solvers/mathsat/run.sh: line 3: 86165 Killed                  ./mathsat ../$1
QF_NRA/zankl/gen-18.smt2 : 1800096 ms.
--------------------------------------------------
./solvers/mathsat/run.sh: line 3: 87470 Killed                  ./mathsat ../$1
QF_NRA/zankl/gen-19.smt2 : 1800151 ms.
--------------------------------------------------
./solvers/mathsat/run.sh: line 3: 88386 Killed                  ./mathsat ../$1
QF_NRA/zankl/matrix-1-all-01.smt2 : 1800186 ms.
--------------------------------------------------
./solvers/mathsat/run.sh: line 3: 89324 Killed                  ./mathsat ../$1
QF_NRA/zankl/matrix-1-all-10.smt2 : 1800061 ms.
--------------------------------------------------
sat
QF_NRA/zankl/matrix-1-all-11.smt2 : 87 ms.
--------------------------------------------------
./solvers/mathsat/run.sh: line 3: 90220 Killed                  ./mathsat ../$1
QF_NRA/zankl/matrix-1-all-12.smt2 : 1800083 ms.
--------------------------------------------------
sat
QF_NRA/zankl/matrix-1-all-13.smt2 : 188 ms.
--------------------------------------------------
./solvers/mathsat/run.sh: line 3: 91491 Killed                  ./mathsat ../$1
QF_NRA/zankl/matrix-1-all-14.smt2 : 1800077 ms.
--------------------------------------------------
./solvers/mathsat/run.sh: line 3: 92145 Killed                  ./mathsat ../$1
QF_NRA/zankl/matrix-1-all-15.smt2 : 1800102 ms.
--------------------------------------------------
sat
QF_NRA/zankl/matrix-1-all-16.smt2 : 1094 ms.
--------------------------------------------------
./solvers/mathsat/run.sh: line 3: 92983 Killed                  ./mathsat ../$1
QF_NRA/zankl/matrix-1-all-17.smt2 : 1800234 ms.
--------------------------------------------------
./solvers/mathsat/run.sh: line 3: 93672 Killed                  ./mathsat ../$1
QF_NRA/zankl/matrix-1-all-18.smt2 : 1800081 ms.
--------------------------------------------------
sat
QF_NRA/zankl/matrix-1-all-19.smt2 : 127 ms.
--------------------------------------------------
./solvers/mathsat/run.sh: line 3: 94409 Killed                  ./mathsat ../$1
QF_NRA/zankl/matrix-1-all-20.smt2 : 1800089 ms.
--------------------------------------------------
./solvers/mathsat/run.sh: line 3: 95084 Killed                  ./mathsat ../$1
QF_NRA/zankl/matrix-1-all-21.smt2 : 1800110 ms.
--------------------------------------------------
./solvers/mathsat/run.sh: line 3: 95805 Killed                  ./mathsat ../$1
QF_NRA/zankl/matrix-1-all-22.smt2 : 1800103 ms.
--------------------------------------------------
sat
QF_NRA/zankl/matrix-1-all-23.smt2 : 87 ms.
--------------------------------------------------
./solvers/mathsat/run.sh: line 3: 96751 Killed                  ./mathsat ../$1
QF_NRA/zankl/matrix-1-all-24.smt2 : 1800115 ms.
--------------------------------------------------
sat
QF_NRA/zankl/matrix-1-all-25.smt2 : 445 ms.
--------------------------------------------------
./solvers/mathsat/run.sh: line 3: 97310 Killed                  ./mathsat ../$1
QF_NRA/zankl/matrix-1-all-26.smt2 : 1800164 ms.
--------------------------------------------------
./solvers/mathsat/run.sh: line 3: 98117 Killed                  ./mathsat ../$1
QF_NRA/zankl/matrix-1-all-27.smt2 : 1800518 ms.
--------------------------------------------------
sat
QF_NRA/zankl/matrix-1-all-28.smt2 : 97 ms.
--------------------------------------------------
./solvers/mathsat/run.sh: line 3: 98718 Killed                  ./mathsat ../$1
QF_NRA/zankl/matrix-1-all-29.smt2 : 1800063 ms.
--------------------------------------------------
sat
QF_NRA/zankl/matrix-1-all-2.smt2 : 98 ms.
--------------------------------------------------
sat
QF_NRA/zankl/matrix-1-all-30.smt2 : 65767 ms.
--------------------------------------------------
sat
QF_NRA/zankl/matrix-1-all-31.smt2 : 466 ms.
--------------------------------------------------
sat
QF_NRA/zankl/matrix-1-all-32.smt2 : 208 ms.
--------------------------------------------------
sat
QF_NRA/zankl/matrix-1-all-33.smt2 : 96 ms.
--------------------------------------------------
sat
QF_NRA/zankl/matrix-1-all-34.smt2 : 173 ms.
--------------------------------------------------
sat
QF_NRA/zankl/matrix-1-all-35.smt2 : 12477 ms.
--------------------------------------------------
sat
QF_NRA/zankl/matrix-1-all-36.smt2 : 136 ms.
--------------------------------------------------
./solvers/mathsat/run.sh: line 3: 99335 Killed                  ./mathsat ../$1
QF_NRA/zankl/matrix-1-all-37.smt2 : 1800079 ms.
--------------------------------------------------
./solvers/mathsat/run.sh: line 3: 100017 Killed                  ./mathsat ../$1
QF_NRA/zankl/matrix-1-all-38.smt2 : 1800109 ms.
--------------------------------------------------
./solvers/mathsat/run.sh: line 3: 100668 Killed                  ./mathsat ../$1
QF_NRA/zankl/matrix-1-all-39.smt2 : 1800131 ms.
--------------------------------------------------
sat
QF_NRA/zankl/matrix-1-all-3.smt2 : 52 ms.
--------------------------------------------------
./solvers/mathsat/run.sh: line 3: 101273 Killed                  ./mathsat ../$1
QF_NRA/zankl/matrix-1-all-40.smt2 : 1800088 ms.
--------------------------------------------------
./solvers/mathsat/run.sh: line 3: 101816 Killed                  ./mathsat ../$1
QF_NRA/zankl/matrix-1-all-41.smt2 : 1800114 ms.
--------------------------------------------------
unsat
QF_NRA/zankl/matrix-1-all-42.smt2 : 243 ms.
--------------------------------------------------
unsat
QF_NRA/zankl/matrix-1-all-43.smt2 : 37 ms.
--------------------------------------------------
unsat
QF_NRA/zankl/matrix-1-all-44.smt2 : 60 ms.
--------------------------------------------------
unsat
QF_NRA/zankl/matrix-1-all-45.smt2 : 76 ms.
--------------------------------------------------
unsat
QF_NRA/zankl/matrix-1-all-46.smt2 : 2274 ms.
--------------------------------------------------
unsat
QF_NRA/zankl/matrix-1-all-47.smt2 : 91 ms.
--------------------------------------------------
unsat
QF_NRA/zankl/matrix-1-all-48.smt2 : 66 ms.
--------------------------------------------------
unsat
QF_NRA/zankl/matrix-1-all-49.smt2 : 61 ms.
--------------------------------------------------
./solvers/mathsat/run.sh: line 3: 102529 Killed                  ./mathsat ../$1
QF_NRA/zankl/matrix-1-all-4.smt2 : 1800135 ms.
--------------------------------------------------
unsat
QF_NRA/zankl/matrix-1-all-50.smt2 : 324 ms.
--------------------------------------------------
unsat
QF_NRA/zankl/matrix-1-all-52.smt2 : 39 ms.
--------------------------------------------------
unsat
QF_NRA/zankl/matrix-1-all-54.smt2 : 40 ms.
--------------------------------------------------
unsat
QF_NRA/zankl/matrix-1-all-56.smt2 : 40 ms.
--------------------------------------------------
sat
QF_NRA/zankl/matrix-1-all-5.smt2 : 128 ms.
--------------------------------------------------
sat
QF_NRA/zankl/matrix-1-all-6.smt2 : 115 ms.
--------------------------------------------------
sat
QF_NRA/zankl/matrix-1-all-7.smt2 : 69 ms.
--------------------------------------------------
./solvers/mathsat/run.sh: line 3: 103258 Killed                  ./mathsat ../$1
QF_NRA/zankl/matrix-1-all-8.smt2 : 1800476 ms.
--------------------------------------------------
./solvers/mathsat/run.sh: line 3: 103707 Killed                  ./mathsat ../$1
QF_NRA/zankl/matrix-1-all-9.smt2 : 1800480 ms.
--------------------------------------------------
sat
QF_NRA/zankl/matrix-2-all-01.smt2 : 317 ms.
--------------------------------------------------
./solvers/mathsat/run.sh: line 3: 104065 Killed                  ./mathsat ../$1
QF_NRA/zankl/matrix-2-all-10.smt2 : 1800182 ms.
--------------------------------------------------
./solvers/mathsat/run.sh: line 3: 104540 Killed                  ./mathsat ../$1
QF_NRA/zankl/matrix-2-all-11.smt2 : 1800188 ms.
--------------------------------------------------
sat
QF_NRA/zankl/matrix-2-all-12.smt2 : 203653 ms.
--------------------------------------------------
./solvers/mathsat/run.sh: line 3: 105046 Killed                  ./mathsat ../$1
QF_NRA/zankl/matrix-2-all-13.smt2 : 1800419 ms.
--------------------------------------------------
unsat
QF_NRA/zankl/matrix-2-all-14.smt2 : 94 ms.
--------------------------------------------------
./solvers/mathsat/run.sh: line 3: 105398 Killed                  ./mathsat ../$1
QF_NRA/zankl/matrix-2-all-15.smt2 : 1800175 ms.
--------------------------------------------------
./solvers/mathsat/run.sh: line 3: 105761 Killed                  ./mathsat ../$1
QF_NRA/zankl/matrix-2-all-16.smt2 : 1800150 ms.
--------------------------------------------------
./solvers/mathsat/run.sh: line 3: 106130 Killed                  ./mathsat ../$1
QF_NRA/zankl/matrix-2-all-17.smt2 : 1800312 ms.
--------------------------------------------------
./solvers/mathsat/run.sh: line 3: 106478 Killed                  ./mathsat ../$1
QF_NRA/zankl/matrix-2-all-18.smt2 : 1800112 ms.
--------------------------------------------------
./solvers/mathsat/run.sh: line 3: 106876 Killed                  ./mathsat ../$1
QF_NRA/zankl/matrix-2-all-19.smt2 : 1800144 ms.
--------------------------------------------------
unsat
QF_NRA/zankl/matrix-2-all-20.smt2 : 1248 ms.
--------------------------------------------------
./solvers/mathsat/run.sh: line 3: 107288 Killed                  ./mathsat ../$1
QF_NRA/zankl/matrix-2-all-21.smt2 : 1800253 ms.
--------------------------------------------------
unsat
QF_NRA/zankl/matrix-2-all-23.smt2 : 81 ms.
--------------------------------------------------
unsat
QF_NRA/zankl/matrix-2-all-25.smt2 : 72 ms.
--------------------------------------------------
unsat
QF_NRA/zankl/matrix-2-all-27.smt2 : 433 ms.
--------------------------------------------------
./solvers/mathsat/run.sh: line 3: 107668 Killed                  ./mathsat ../$1
QF_NRA/zankl/matrix-2-all-2.smt2 : 1800164 ms.
--------------------------------------------------
sat
QF_NRA/zankl/matrix-2-all-3.smt2 : 1393 ms.
--------------------------------------------------
./solvers/mathsat/run.sh: line 3: 107982 Killed                  ./mathsat ../$1
QF_NRA/zankl/matrix-2-all-4.smt2 : 1800171 ms.
--------------------------------------------------
./solvers/mathsat/run.sh: line 3: 108311 Killed                  ./mathsat ../$1
QF_NRA/zankl/matrix-2-all-5.smt2 : 1800168 ms.
--------------------------------------------------
./solvers/mathsat/run.sh: line 3: 108618 Killed                  ./mathsat ../$1
QF_NRA/zankl/matrix-2-all-6.smt2 : 1800073 ms.
--------------------------------------------------
./solvers/mathsat/run.sh: line 3: 109090 Killed                  ./mathsat ../$1
QF_NRA/zankl/matrix-2-all-7.smt2 : 1800137 ms.
--------------------------------------------------
./solvers/mathsat/run.sh: line 3: 109396 Killed                  ./mathsat ../$1
QF_NRA/zankl/matrix-2-all-8.smt2 : 1800249 ms.
--------------------------------------------------
./solvers/mathsat/run.sh: line 3: 109722 Killed                  ./mathsat ../$1
QF_NRA/zankl/matrix-2-all-9.smt2 : 1800118 ms.
--------------------------------------------------
sat
QF_NRA/zankl/matrix-3-all-01.smt2 : 6741 ms.
--------------------------------------------------
unsat
QF_NRA/zankl/matrix-3-all-10.smt2 : 507 ms.
--------------------------------------------------
tcmalloc: large alloc 1073741824 bytes == 0xdb54c000 @  0x1641680 0x1641680 0x1641680 0x1641680 0x1641680 0x1641680 0x1641680 0x1641680 0x1641680 0x1641680 0x1641680 0x1641680 0x1641680 0x1641680 0x1641680 0x1641680 0x1641680 0x1641680 0x1641680 0x1641680 0x1641680 0x1641680 0x1641680 0x1641680 0x1641680 0x1641680 0x1641680 0x1641680 0x1641680 0x1641680 0x1641680
tcmalloc: large alloc 2147483648 bytes == 0x11bd4e000 @  0x1641680 0x1641680 0x1641680 0x1641680 0x1641680 0x1641680 0x1641680 0x1641680 0x1641680 0x1641680 0x1641680 0x1641680 0x1641680 0x1641680 0x1641680 0x1641680 0x1641680 0x1641680 0x1641680 0x1641680 0x1641680 0x1641680 0x1641680 0x1641680 0x1641680 0x1641680 0x1641680 0x1641680 0x1641680 0x1641680 0x1641680
./solvers/mathsat/run.sh: line 3: 110035 Killed                  ./mathsat ../$1
QF_NRA/zankl/matrix-3-all-11.smt2 : 1800311 ms.
--------------------------------------------------
tcmalloc: large alloc 1073741824 bytes == 0x59b48000 @  0x1641680 0x1641680 0x1641680 0x1641680 0x1641680 0x1641680 0x1641680 0x1641680 0x1641680 0x1641680 0x1641680 0x1641680 0x1641680 0x1641680 0x1641680 0x1641680 0x1641680 0x1641680 0x1641680 0x1641680 0x1641680 0x1641680 0x1641680 0x1641680 0x1641680 0x1641680 0x1641680 0x1641680 0x1641680 0x1641680 0x1641680
tcmalloc: large alloc 2147483648 bytes == 0x99b48000 @  0x1641680 0x1641680 0x1641680 0x1641680 0x1641680 0x1641680 0x1641680 0x1641680 0x1641680 0x1641680 0x1641680 0x1641680 0x1641680 0x1641680 0x1641680 0x1641680 0x1641680 0x1641680 0x1641680 0x1641680 0x1641680 0x1641680 0x1641680 0x1641680 0x1641680 0x1641680 0x1641680 0x1641680 0x1641680 0x1641680 0x1641680
./solvers/mathsat/run.sh: line 3: 110350 Killed                  ./mathsat ../$1
QF_NRA/zankl/matrix-3-all-12.smt2 : 1800262 ms.
--------------------------------------------------
./solvers/mathsat/run.sh: line 3: 110664 Killed                  ./mathsat ../$1
QF_NRA/zankl/matrix-3-all-13.smt2 : 1801144 ms.
--------------------------------------------------
./solvers/mathsat/run.sh: line 3: 110962 Killed                  ./mathsat ../$1
QF_NRA/zankl/matrix-3-all-14.smt2 : 1800220 ms.
--------------------------------------------------
./solvers/mathsat/run.sh: line 3: 111255 Killed                  ./mathsat ../$1
QF_NRA/zankl/matrix-3-all-15.smt2 : 1800140 ms.
--------------------------------------------------
unsat
QF_NRA/zankl/matrix-3-all-16.smt2 : 151219 ms.
--------------------------------------------------
./solvers/mathsat/run.sh: line 3: 111543 Killed                  ./mathsat ../$1
QF_NRA/zankl/matrix-3-all-17.smt2 : 1800711 ms.
--------------------------------------------------
unsat
QF_NRA/zankl/matrix-3-all-19.smt2 : 154 ms.
--------------------------------------------------
unsat
QF_NRA/zankl/matrix-3-all-21.smt2 : 274 ms.
--------------------------------------------------
unsat
QF_NRA/zankl/matrix-3-all-23.smt2 : 20148 ms.
--------------------------------------------------
./solvers/mathsat/run.sh: line 3: 111849 Killed                  ./mathsat ../$1
QF_NRA/zankl/matrix-3-all-2.smt2 : 1800874 ms.
--------------------------------------------------
./solvers/mathsat/run.sh: line 3: 112114 Killed                  ./mathsat ../$1
QF_NRA/zankl/matrix-3-all-3.smt2 : 1800229 ms.
--------------------------------------------------
./solvers/mathsat/run.sh: line 3: 112360 Killed                  ./mathsat ../$1
QF_NRA/zankl/matrix-3-all-4.smt2 : 1800191 ms.
--------------------------------------------------
./solvers/mathsat/run.sh: line 3: 112581 Killed                  ./mathsat ../$1
QF_NRA/zankl/matrix-3-all-5.smt2 : 1800248 ms.
--------------------------------------------------
sat
QF_NRA/zankl/matrix-3-all-6.smt2 : 403 ms.
--------------------------------------------------
sat
QF_NRA/zankl/matrix-3-all-7.smt2 : 233 ms.
--------------------------------------------------
tcmalloc: large alloc 1073741824 bytes == 0x4d49be000 @  0x1641680 0x1641680 0x1641680 0x1641680 0x1641680 0x1641680 0x1641680 0x1641680 0x1641680 0x1641680 0x1641680 0x1641680 0x1641680 0x1641680 0x1641680 0x1641680 0x1641680 0x1641680 0x1641680 0x1641680 0x1641680 0x1641680 0x1641680 0x1641680 0x1641680 0x1641680 0x1641680 0x1641680 0x1641680 0x1641680 0x1641680
./solvers/mathsat/run.sh: line 3: 112794 Killed                  ./mathsat ../$1
QF_NRA/zankl/matrix-3-all-8.smt2 : 1801768 ms.
--------------------------------------------------
./solvers/mathsat/run.sh: line 3: 113038 Killed                  ./mathsat ../$1
QF_NRA/zankl/matrix-3-all-9.smt2 : 1801385 ms.
--------------------------------------------------
./solvers/mathsat/run.sh: line 3: 113262 Killed                  ./mathsat ../$1
QF_NRA/zankl/matrix-4-all-01.smt2 : 1800368 ms.
--------------------------------------------------
tcmalloc: large alloc 1073741824 bytes == 0x122ef6000 @  0x1641680 0x1641680 0x1641680 0x1641680 0x1641680 0x1641680 0x1641680 0x1641680 0x1641680 0x1641680 0x1641680 0x1641680 0x1641680 0x1641680 0x1641680 0x1641680 0x1641680 0x1641680 0x1641680 0x1641680 0x1641680 0x1641680 0x1641680 0x1641680 0x1641680 0x1641680 0x1641680 0x1641680 0x1641680 0x1641680 0x1641680
tcmalloc: large alloc 2147483648 bytes == 0x162ef6000 @  0x1641680 0x1641680 0x1641680 0x1641680 0x1641680 0x1641680 0x1641680 0x1641680 0x1641680 0x1641680 0x1641680 0x1641680 0x1641680 0x1641680 0x1641680 0x1641680 0x1641680 0x1641680 0x1641680 0x1641680 0x1641680 0x1641680 0x1641680 0x1641680 0x1641680 0x1641680 0x1641680 0x1641680 0x1641680 0x1641680 0x1641680
./solvers/mathsat/run.sh: line 3: 113467 Killed                  ./mathsat ../$1
QF_NRA/zankl/matrix-4-all-10.smt2 : 1800673 ms.
--------------------------------------------------
tcmalloc: large alloc 1073741824 bytes == 0x2bd76e000 @  0x1641680 0x1641680 0x1641680 0x1641680 0x1641680 0x1641680 0x1641680 0x1641680 0x1641680 0x1641680 0x1641680 0x1641680 0x1641680 0x1641680 0x1641680 0x1641680 0x1641680 0x1641680 0x1641680 0x1641680 0x1641680 0x1641680 0x1641680 0x1641680 0x1641680 0x1641680 0x1641680 0x1641680 0x1641680 0x1641680 0x1641680
./solvers/mathsat/run.sh: line 3: 113662 Killed                  ./mathsat ../$1
QF_NRA/zankl/matrix-4-all-11.smt2 : 1800942 ms.
--------------------------------------------------
tcmalloc: large alloc 1073741824 bytes == 0x83a06000 @  0x1641680 0x1641680 0x1641680 0x1641680 0x1641680 0x1641680 0x1641680 0x1641680 0x1641680 0x1641680 0x1641680 0x1641680 0x1641680 0x1641680 0x1641680 0x1641680 0x1641680 0x1641680 0x1641680 0x1641680 0x1641680 0x1641680 0x1641680 0x1641680 0x1641680 0x1641680 0x1641680 0x1641680 0x1641680 0x1641680 0x1641680
./solvers/mathsat/run.sh: line 3: 113869 Killed                  ./mathsat ../$1
QF_NRA/zankl/matrix-4-all-12.smt2 : 1800331 ms.
--------------------------------------------------
sat
QF_NRA/zankl/matrix-4-all-13.smt2 : 39314 ms.
--------------------------------------------------
./solvers/mathsat/run.sh: line 3: 114112 Killed                  ./mathsat ../$1
QF_NRA/zankl/matrix-4-all-14.smt2 : 1800364 ms.
--------------------------------------------------
tcmalloc: large alloc 1073741824 bytes == 0x843ec000 @  0x1641680 0x1641680 0x1641680 0x1641680 0x1641680 0x1641680 0x1641680 0x1641680 0x1641680 0x1641680 0x1641680 0x1641680 0x1641680 0x1641680 0x1641680 0x1641680 0x1641680 0x1641680 0x1641680 0x1641680 0x1641680 0x1641680 0x1641680 0x1641680 0x1641680 0x1641680 0x1641680 0x1641680 0x1641680 0x1641680 0x1641680
./solvers/mathsat/run.sh: line 3: 114308 Killed                  ./mathsat ../$1
QF_NRA/zankl/matrix-4-all-15.smt2 : 1800169 ms.
--------------------------------------------------
./solvers/mathsat/run.sh: line 3: 114540 Killed                  ./mathsat ../$1
QF_NRA/zankl/matrix-4-all-16.smt2 : 1800196 ms.
--------------------------------------------------
./solvers/mathsat/run.sh: line 3: 114718 Killed                  ./mathsat ../$1
QF_NRA/zankl/matrix-4-all-17.smt2 : 1800342 ms.
--------------------------------------------------
./solvers/mathsat/run.sh: line 3: 114884 Killed                  ./mathsat ../$1
QF_NRA/zankl/matrix-4-all-18.smt2 : 1801425 ms.
--------------------------------------------------
./solvers/mathsat/run.sh: line 3: 115082 Killed                  ./mathsat ../$1
QF_NRA/zankl/matrix-4-all-19.smt2 : 1800644 ms.
--------------------------------------------------
unsat
QF_NRA/zankl/matrix-4-all-20.smt2 : 4870 ms.
--------------------------------------------------
tcmalloc: large alloc 1073741824 bytes == 0x74fae000 @  0x1641680 0x1641680 0x1641680 0x1641680 0x1641680 0x1641680 0x1641680 0x1641680 0x1641680 0x1641680 0x1641680 0x1641680 0x1641680 0x1641680 0x1641680 0x1641680 0x1641680 0x1641680 0x1641680 0x1641680 0x1641680 0x1641680 0x1641680 0x1641680 0x1641680 0x1641680 0x1641680 0x1641680 0x1641680 0x1641680 0x1641680
tcmalloc: large alloc 2147483648 bytes == 0xb4fae000 @  0x1641680 0x1641680 0x1641680 0x1641680 0x1641680 0x1641680 0x1641680 0x1641680 0x1641680 0x1641680 0x1641680 0x1641680 0x1641680 0x1641680 0x1641680 0x1641680 0x1641680 0x1641680 0x1641680 0x1641680 0x1641680 0x1641680 0x1641680 0x1641680 0x1641680 0x1641680 0x1641680 0x1641680 0x1641680 0x1641680 0x1641680
tcmalloc: large alloc 4294967296 bytes == 0x1357b0000 @  0x1641680 0x1641680 0x1641680 0x1641680 0x1641680 0x1641680 0x1641680 0x1641680 0x1641680 0x1641680 0x1641680 0x1641680 0x1641680 0x1641680 0x1641680 0x1641680 0x1641680 0x1641680 0x1641680 0x1641680 0x1641680 0x1641680 0x1641680 0x1641680 0x1641680 0x1641680 0x1641680 0x1641680 0x1641680 0x1641680 0x1641680
./solvers/mathsat/run.sh: line 3: 115268 Killed                  ./mathsat ../$1
QF_NRA/zankl/matrix-4-all-21.smt2 : 1800571 ms.
--------------------------------------------------
./solvers/mathsat/run.sh: line 3: 115453 Killed                  ./mathsat ../$1
QF_NRA/zankl/matrix-4-all-22.smt2 : 1800405 ms.
--------------------------------------------------
./solvers/mathsat/run.sh: line 3: 115634 Killed                  ./mathsat ../$1
QF_NRA/zankl/matrix-4-all-23.smt2 : 1800527 ms.
--------------------------------------------------
./solvers/mathsat/run.sh: line 3: 115796 Killed                  ./mathsat ../$1
QF_NRA/zankl/matrix-4-all-24.smt2 : 1800611 ms.
--------------------------------------------------
./solvers/mathsat/run.sh: line 3: 115955 Killed                  ./mathsat ../$1
QF_NRA/zankl/matrix-4-all-25.smt2 : 1800175 ms.
--------------------------------------------------
./solvers/mathsat/run.sh: line 3: 116134 Killed                  ./mathsat ../$1
QF_NRA/zankl/matrix-4-all-26.smt2 : 1800235 ms.
--------------------------------------------------
./solvers/mathsat/run.sh: line 3: 116299 Killed                  ./mathsat ../$1
QF_NRA/zankl/matrix-4-all-27.smt2 : 1802357 ms.
--------------------------------------------------
unsat
QF_NRA/zankl/matrix-4-all-29.smt2 : 3396 ms.
--------------------------------------------------
tcmalloc: large alloc 1073741824 bytes == 0xcaaac000 @  0x1641680 0x1641680 0x1641680 0x1641680 0x1641680 0x1641680 0x1641680 0x1641680 0x1641680 0x1641680 0x1641680 0x1641680 0x1641680 0x1641680 0x1641680 0x1641680 0x1641680 0x1641680 0x1641680 0x1641680 0x1641680 0x1641680 0x1641680 0x1641680 0x1641680 0x1641680 0x1641680 0x1641680 0x1641680 0x1641680 0x1641680
tcmalloc: large alloc 2147483648 bytes == 0x10aaac000 @  0x1641680 0x1641680 0x1641680 0x1641680 0x1641680 0x1641680 0x1641680 0x1641680 0x1641680 0x1641680 0x1641680 0x1641680 0x1641680 0x1641680 0x1641680 0x1641680 0x1641680 0x1641680 0x1641680 0x1641680 0x1641680 0x1641680 0x1641680 0x1641680 0x1641680 0x1641680 0x1641680 0x1641680 0x1641680 0x1641680 0x1641680
./solvers/mathsat/run.sh: line 3: 116471 Killed                  ./mathsat ../$1
QF_NRA/zankl/matrix-4-all-2.smt2 : 1800266 ms.
--------------------------------------------------
unsat
QF_NRA/zankl/matrix-4-all-31.smt2 : 613 ms.
--------------------------------------------------
unsat
QF_NRA/zankl/matrix-4-all-33.smt2 : 10426 ms.
--------------------------------------------------
./solvers/mathsat/run.sh: line 3: 116637 Killed                  ./mathsat ../$1
QF_NRA/zankl/matrix-4-all-3.smt2 : 1800177 ms.
--------------------------------------------------
./solvers/mathsat/run.sh: line 3: 116818 Killed                  ./mathsat ../$1
QF_NRA/zankl/matrix-4-all-4.smt2 : 1800262 ms.
--------------------------------------------------
sat
QF_NRA/zankl/matrix-4-all-5.smt2 : 997967 ms.
--------------------------------------------------
./solvers/mathsat/run.sh: line 3: 117064 Killed                  ./mathsat ../$1
QF_NRA/zankl/matrix-4-all-6.smt2 : 1800759 ms.
--------------------------------------------------
./solvers/mathsat/run.sh: line 3: 117230 Killed                  ./mathsat ../$1
QF_NRA/zankl/matrix-4-all-7.smt2 : 1800749 ms.
--------------------------------------------------
./solvers/mathsat/run.sh: line 3: 117438 Killed                  ./mathsat ../$1
QF_NRA/zankl/matrix-4-all-8.smt2 : 1800586 ms.
--------------------------------------------------
sat
QF_NRA/zankl/matrix-4-all-9.smt2 : 140 ms.
--------------------------------------------------
./solvers/mathsat/run.sh: line 3: 117593 Killed                  ./mathsat ../$1
QF_NRA/zankl/matrix-5-all-01.smt2 : 1800767 ms.
--------------------------------------------------
./solvers/mathsat/run.sh: line 3: 117762 Killed                  ./mathsat ../$1
QF_NRA/zankl/matrix-5-all-10.smt2 : 1800840 ms.
--------------------------------------------------
./solvers/mathsat/run.sh: line 3: 117919 Killed                  ./mathsat ../$1
QF_NRA/zankl/matrix-5-all-11.smt2 : 1801101 ms.
--------------------------------------------------
./solvers/mathsat/run.sh: line 3: 118081 Killed                  ./mathsat ../$1
QF_NRA/zankl/matrix-5-all-12.smt2 : 1801050 ms.
--------------------------------------------------
./solvers/mathsat/run.sh: line 3: 118233 Killed                  ./mathsat ../$1
QF_NRA/zankl/matrix-5-all-13.smt2 : 1801423 ms.
--------------------------------------------------
unsat
QF_NRA/zankl/matrix-5-all-14.smt2 : 94526 ms.
--------------------------------------------------
./solvers/mathsat/run.sh: line 3: 118404 Killed                  ./mathsat ../$1
QF_NRA/zankl/matrix-5-all-15.smt2 : 1802170 ms.
--------------------------------------------------
tcmalloc: large alloc 1073741824 bytes == 0xe0a58000 @  0x1641680 0x1641680 0x1641680 0x1641680 0x1641680 0x1641680 0x1641680 0x1641680 0x1641680 0x1641680 0x1641680 0x1641680 0x1641680 0x1641680 0x1641680 0x1641680 0x1641680 0x1641680 0x1641680 0x1641680 0x1641680 0x1641680 0x1641680 0x1641680 0x1641680 0x1641680 0x1641680 0x1641680 0x1641680 0x1641680 0x1641680
tcmalloc: large alloc 2147483648 bytes == 0x120a58000 @  0x1641680 0x1641680 0x1641680 0x1641680 0x1641680 0x1641680 0x1641680 0x1641680 0x1641680 0x1641680 0x1641680 0x1641680 0x1641680 0x1641680 0x1641680 0x1641680 0x1641680 0x1641680 0x1641680 0x1641680 0x1641680 0x1641680 0x1641680 0x1641680 0x1641680 0x1641680 0x1641680 0x1641680 0x1641680 0x1641680 0x1641680
./solvers/mathsat/run.sh: line 3: 118553 Killed                  ./mathsat ../$1
QF_NRA/zankl/matrix-5-all-16.smt2 : 1801358 ms.
--------------------------------------------------
./solvers/mathsat/run.sh: line 3: 118719 Killed                  ./mathsat ../$1
QF_NRA/zankl/matrix-5-all-17.smt2 : 1801362 ms.
--------------------------------------------------
./solvers/mathsat/run.sh: line 3: 118871 Killed                  ./mathsat ../$1
QF_NRA/zankl/matrix-5-all-18.smt2 : 1802454 ms.
--------------------------------------------------
tcmalloc: large alloc 1073741824 bytes == 0x192e6a000 @  0x1641680 0x1641680 0x1641680 0x1641680 0x1641680 0x1641680 0x1641680 0x1641680 0x1641680 0x1641680 0x1641680 0x1641680 0x1641680 0x1641680 0x1641680 0x1641680 0x1641680 0x1641680 0x1641680 0x1641680 0x1641680 0x1641680 0x1641680 0x1641680 0x1641680 0x1641680 0x1641680 0x1641680 0x1641680 0x1641680 0x1641680
./solvers/mathsat/run.sh: line 3: 119038 Killed                  ./mathsat ../$1
QF_NRA/zankl/matrix-5-all-19.smt2 : 1801041 ms.
--------------------------------------------------
./solvers/mathsat/run.sh: line 3: 119187 Killed                  ./mathsat ../$1
QF_NRA/zankl/matrix-5-all-20.smt2 : 1800951 ms.
--------------------------------------------------
./solvers/mathsat/run.sh: line 3: 119360 Killed                  ./mathsat ../$1
QF_NRA/zankl/matrix-5-all-21.smt2 : 1801949 ms.
--------------------------------------------------
unsat
QF_NRA/zankl/matrix-5-all-23.smt2 : 88 ms.
--------------------------------------------------
unsat
QF_NRA/zankl/matrix-5-all-25.smt2 : 2847 ms.
--------------------------------------------------
unsat
QF_NRA/zankl/matrix-5-all-27.smt2 : 142028 ms.
--------------------------------------------------
./solvers/mathsat/run.sh: line 3: 119529 Killed                  ./mathsat ../$1
QF_NRA/zankl/matrix-5-all-2.smt2 : 1800894 ms.
--------------------------------------------------
./solvers/mathsat/run.sh: line 3: 119694 Killed                  ./mathsat ../$1
QF_NRA/zankl/matrix-5-all-3.smt2 : 1801378 ms.
--------------------------------------------------
./solvers/mathsat/run.sh: line 3: 119838 Killed                  ./mathsat ../$1
QF_NRA/zankl/matrix-5-all-4.smt2 : 1801964 ms.
--------------------------------------------------
tcmalloc: large alloc 1073741824 bytes == 0xd28ba000 @  0x1641680 0x1641680 0x1641680 0x1641680 0x1641680 0x1641680 0x1641680 0x1641680 0x1641680 0x1641680 0x1641680 0x1641680 0x1641680 0x1641680 0x1641680 0x1641680 0x1641680 0x1641680 0x1641680 0x1641680 0x1641680 0x1641680 0x1641680 0x1641680 0x1641680 0x1641680 0x1641680 0x1641680 0x1641680 0x1641680 0x1641680
./solvers/mathsat/run.sh: line 3: 120000 Killed                  ./mathsat ../$1
QF_NRA/zankl/matrix-5-all-5.smt2 : 1800974 ms.
--------------------------------------------------
./solvers/mathsat/run.sh: line 3: 120150 Killed                  ./mathsat ../$1
QF_NRA/zankl/matrix-5-all-6.smt2 : 1800158 ms.
--------------------------------------------------
./solvers/mathsat/run.sh: line 3: 120307 Killed                  ./mathsat ../$1
QF_NRA/zankl/matrix-5-all-7.smt2 : 1800474 ms.
--------------------------------------------------
./solvers/mathsat/run.sh: line 3: 120450 Killed                  ./mathsat ../$1
QF_NRA/zankl/matrix-5-all-8.smt2 : 1800912 ms.
--------------------------------------------------
./solvers/mathsat/run.sh: line 3: 120611 Killed                  ./mathsat ../$1
QF_NRA/zankl/matrix-5-all-9.smt2 : 1801255 ms.
