--------------------------------------------------
./solvers/mathsat/run.sh: line 3: 56701 Killed                  ./mathsat ../$1
QF_NRA/20170501-Heizmann-UltimateInvariantSynthesis/afnp2014.c.i_3_5_3.bpl_5.smt2 : 1800254 ms.
--------------------------------------------------
./solvers/mathsat/run.sh: line 3: 70461 Killed                  ./mathsat ../$1
QF_NRA/20170501-Heizmann-UltimateInvariantSynthesis/array1.i_3_2_2.bpl_9.smt2 : 1800149 ms.
--------------------------------------------------
./solvers/mathsat/run.sh: line 3: 74060 Killed                  ./mathsat ../$1
QF_NRA/20170501-Heizmann-UltimateInvariantSynthesis/array_monotonic.i_3_2_2.bpl_9.smt2 : 1800181 ms.
--------------------------------------------------
./solvers/mathsat/run.sh: line 3: 76602 Killed                  ./mathsat ../$1
QF_NRA/20170501-Heizmann-UltimateInvariantSynthesis/array_ptr_single_elem_init.i_4_2_2.bpl_5.smt2 : 1800175 ms.
--------------------------------------------------
./solvers/mathsat/run.sh: line 3: 79003 Killed                  ./mathsat ../$1
QF_NRA/20170501-Heizmann-UltimateInvariantSynthesis/array_single_elem_init.i_4_2_2.bpl_5.smt2 : 1800170 ms.
--------------------------------------------------
./solvers/mathsat/run.sh: line 3: 80361 Killed                  ./mathsat ../$1
QF_NRA/20170501-Heizmann-UltimateInvariantSynthesis/avg60.i_5_5_4.bpl_3.smt2 : 1800209 ms.
--------------------------------------------------
./solvers/mathsat/run.sh: line 3: 81436 Killed                  ./mathsat ../$1
QF_NRA/20170501-Heizmann-UltimateInvariantSynthesis/cggmp2005_variant.c.i_3_3_2.bpl_5.smt2 : 1800121 ms.
--------------------------------------------------
./solvers/mathsat/run.sh: line 3: 82912 Killed                  ./mathsat ../$1
QF_NRA/20170501-Heizmann-UltimateInvariantSynthesis/check_removal_from_set_after_insertion.i_8_6_6.bpl_3.smt2 : 1800245 ms.
--------------------------------------------------
./solvers/mathsat/run.sh: line 3: 84953 Killed                  ./mathsat ../$1
QF_NRA/20170501-Heizmann-UltimateInvariantSynthesis/const1.i_3_6_2.bpl_5.smt2 : 1800173 ms.
--------------------------------------------------
./solvers/mathsat/run.sh: line 3: 86089 Killed                  ./mathsat ../$1
QF_NRA/20170501-Heizmann-UltimateInvariantSynthesis/count_by_2.i_3_2_2.bpl_11.smt2 : 1800100 ms.
--------------------------------------------------
./solvers/mathsat/run.sh: line 3: 87364 Killed                  ./mathsat ../$1
QF_NRA/20170501-Heizmann-UltimateInvariantSynthesis/count_by_k.i_3_3_2.bpl_5.smt2 : 1800098 ms.
--------------------------------------------------
./solvers/mathsat/run.sh: line 3: 88321 Killed                  ./mathsat ../$1
QF_NRA/20170501-Heizmann-UltimateInvariantSynthesis/count_up_down.i_3_11_2.bpl_9.smt2 : 1800095 ms.
--------------------------------------------------
./solvers/mathsat/run.sh: line 3: 89202 Killed                  ./mathsat ../$1
QF_NRA/20170501-Heizmann-UltimateInvariantSynthesis/ddlm2013.i_3_4_2.bpl_3.smt2 : 1800132 ms.
--------------------------------------------------
sat
QF_NRA/20170501-Heizmann-UltimateInvariantSynthesis/ddlm2013.i_3_6_2.bpl_3.smt2 : 982 ms.
--------------------------------------------------
./solvers/mathsat/run.sh: line 3: 90232 Killed                  ./mathsat ../$1
QF_NRA/20170501-Heizmann-UltimateInvariantSynthesis/down.i_4_5_5.bpl_3.smt2 : 1800130 ms.
--------------------------------------------------
./solvers/mathsat/run.sh: line 3: 91501 Killed                  ./mathsat ../$1
QF_NRA/20170501-Heizmann-UltimateInvariantSynthesis/fragtest_simple.i_4_5_4.bpl_3.smt2 : 1800108 ms.
--------------------------------------------------
./solvers/mathsat/run.sh: line 3: 92153 Killed                  ./mathsat ../$1
QF_NRA/20170501-Heizmann-UltimateInvariantSynthesis/functions1.i_3_5_2.bpl_9.smt2 : 1800098 ms.
--------------------------------------------------
./solvers/mathsat/run.sh: line 3: 92931 Killed                  ./mathsat ../$1
QF_NRA/20170501-Heizmann-UltimateInvariantSynthesis/gj2007.c.i_4_3_3.bpl_5.smt2 : 1800126 ms.
--------------------------------------------------
./solvers/mathsat/run.sh: line 3: 93644 Killed                  ./mathsat ../$1
QF_NRA/20170501-Heizmann-UltimateInvariantSynthesis/gr2006.c.i_4_4_3.bpl_5.smt2 : 1800072 ms.
--------------------------------------------------
./solvers/mathsat/run.sh: line 3: 94379 Killed                  ./mathsat ../$1
QF_NRA/20170501-Heizmann-UltimateInvariantSynthesis/half_2.i_3_6_2.bpl_3.smt2 : 1800069 ms.
--------------------------------------------------
./solvers/mathsat/run.sh: line 3: 95048 Killed                  ./mathsat ../$1
QF_NRA/20170501-Heizmann-UltimateInvariantSynthesis/hhk2008.c.i_3_3_2.bpl_5.smt2 : 1800126 ms.
--------------------------------------------------
unsat
QF_NRA/20170501-Heizmann-UltimateInvariantSynthesis/jain_4.i_2_3_3.bpl_3.smt2 : 38499 ms.
--------------------------------------------------
./solvers/mathsat/run.sh: line 3: 96053 Killed                  ./mathsat ../$1
QF_NRA/20170501-Heizmann-UltimateInvariantSynthesis/jain_5.i_2_4_3.bpl_3.smt2 : 1800070 ms.
--------------------------------------------------
./solvers/mathsat/run.sh: line 3: 96917 Killed                  ./mathsat ../$1
QF_NRA/20170501-Heizmann-UltimateInvariantSynthesis/linear_search.i_6_21_3.bpl_3.smt2 : 1800134 ms.
--------------------------------------------------
sat
QF_NRA/20170501-Heizmann-UltimateInvariantSynthesis/linear_search.i_6_24_3.bpl_3.smt2 : 1770 ms.
--------------------------------------------------
./solvers/mathsat/run.sh: line 3: 97619 Killed                  ./mathsat ../$1
QF_NRA/20170501-Heizmann-UltimateInvariantSynthesis/linear_search.i_7_19_3.bpl_3.smt2 : 1800121 ms.
--------------------------------------------------
sat
QF_NRA/20170501-Heizmann-UltimateInvariantSynthesis/linear_search.i_7_23_3.bpl_3.smt2 : 5623 ms.
--------------------------------------------------
./solvers/mathsat/run.sh: line 3: 98296 Killed                  ./mathsat ../$1
QF_NRA/20170501-Heizmann-UltimateInvariantSynthesis/MADWiFi-encode_ie_ok.i_3_4_3.bpl_3.smt2 : 1800101 ms.
--------------------------------------------------
./solvers/mathsat/run.sh: line 3: 98809 Killed                  ./mathsat ../$1
QF_NRA/20170501-Heizmann-UltimateInvariantSynthesis/nested9.i_5_6_6.bpl_3.smt2 : 1800044 ms.
--------------------------------------------------
sat
QF_NRA/20170501-Heizmann-UltimateInvariantSynthesis/nested.c_4_2_2.bpl_3.smt2 : 975 ms.
--------------------------------------------------
sat
QF_NRA/20170501-Heizmann-UltimateInvariantSynthesis/nested.i_4_5_3.bpl_3.smt2 : 498 ms.
--------------------------------------------------
./solvers/mathsat/run.sh: line 3: 99298 Killed                  ./mathsat ../$1
QF_NRA/20170501-Heizmann-UltimateInvariantSynthesis/overflow1.i_3_8_2.bpl_9.smt2 : 1800061 ms.
--------------------------------------------------
./solvers/mathsat/run.sh: line 3: 100008 Killed                  ./mathsat ../$1
QF_NRA/20170501-Heizmann-UltimateInvariantSynthesis/relax.i_11_7_4.bpl_3.smt2 : 1800089 ms.
--------------------------------------------------
./solvers/mathsat/run.sh: line 3: 100662 Killed                  ./mathsat ../$1
QF_NRA/20170501-Heizmann-UltimateInvariantSynthesis/sanfoundry_10_ground.i_6_3_3.bpl_5.smt2 : 1800076 ms.
--------------------------------------------------
./solvers/mathsat/run.sh: line 3: 101263 Killed                  ./mathsat ../$1
QF_NRA/20170501-Heizmann-UltimateInvariantSynthesis/seq.i_4_5_4.bpl_3.smt2 : 1800112 ms.
--------------------------------------------------
./solvers/mathsat/run.sh: line 3: 101811 Killed                  ./mathsat ../$1
QF_NRA/20170501-Heizmann-UltimateInvariantSynthesis/seq.i_5_5_5.bpl_3.smt2 : 1800108 ms.
--------------------------------------------------
./solvers/mathsat/run.sh: line 3: 102492 Killed                  ./mathsat ../$1
QF_NRA/20170501-Heizmann-UltimateInvariantSynthesis/simple1.i_3_6_2.bpl_9.smt2 : 1800079 ms.
--------------------------------------------------
./solvers/mathsat/run.sh: line 3: 103221 Killed                  ./mathsat ../$1
QF_NRA/20170501-Heizmann-UltimateInvariantSynthesis/simple4.i_3_4_2.bpl_9.smt2 : 1800031 ms.
--------------------------------------------------
./solvers/mathsat/run.sh: line 3: 103702 Killed                  ./mathsat ../$1
QF_NRA/20170501-Heizmann-UltimateInvariantSynthesis/sorting_bubblesort_ground.i_4_3_3.bpl_5.smt2 : 1800080 ms.
--------------------------------------------------
./solvers/mathsat/run.sh: line 3: 104052 Killed                  ./mathsat ../$1
QF_NRA/20170501-Heizmann-UltimateInvariantSynthesis/standard_allDiff2_ground.i_4_4_3.bpl_3.smt2 : 1800069 ms.
--------------------------------------------------
./solvers/mathsat/run.sh: line 3: 104513 Killed                  ./mathsat ../$1
QF_NRA/20170501-Heizmann-UltimateInvariantSynthesis/standard_compareModified_ground.i_4_2_2.bpl_5.smt2 : 1800049 ms.
--------------------------------------------------
./solvers/mathsat/run.sh: line 3: 104980 Killed                  ./mathsat ../$1
QF_NRA/20170501-Heizmann-UltimateInvariantSynthesis/standard_copy1_ground.i_3_2_2.bpl_9.smt2 : 1800135 ms.
--------------------------------------------------
./solvers/mathsat/run.sh: line 3: 105349 Killed                  ./mathsat ../$1
QF_NRA/20170501-Heizmann-UltimateInvariantSynthesis/standard_copy3_ground.i_3_2_2.bpl_5.smt2 : 1800195 ms.
--------------------------------------------------
./solvers/mathsat/run.sh: line 3: 105708 Killed                  ./mathsat ../$1
QF_NRA/20170501-Heizmann-UltimateInvariantSynthesis/standard_copy4_ground.i_3_2_2.bpl_3.smt2 : 1800092 ms.
--------------------------------------------------
./solvers/mathsat/run.sh: line 3: 106072 Killed                  ./mathsat ../$1
QF_NRA/20170501-Heizmann-UltimateInvariantSynthesis/standard_copy4_ground.i_3_2_2.bpl_5.smt2 : 1800060 ms.
--------------------------------------------------
./solvers/mathsat/run.sh: line 3: 106428 Killed                  ./mathsat ../$1
QF_NRA/20170501-Heizmann-UltimateInvariantSynthesis/standard_copy5_ground.i_3_2_2.bpl_3.smt2 : 1800172 ms.
--------------------------------------------------
./solvers/mathsat/run.sh: line 3: 106840 Killed                  ./mathsat ../$1
QF_NRA/20170501-Heizmann-UltimateInvariantSynthesis/standard_copy7_ground.i_3_2_2.bpl_3.smt2 : 1800057 ms.
--------------------------------------------------
./solvers/mathsat/run.sh: line 3: 107223 Killed                  ./mathsat ../$1
QF_NRA/20170501-Heizmann-UltimateInvariantSynthesis/standard_copyInit_ground.i_3_2_2.bpl_9.smt2 : 1800135 ms.
--------------------------------------------------
./solvers/mathsat/run.sh: line 3: 107622 Killed                  ./mathsat ../$1
QF_NRA/20170501-Heizmann-UltimateInvariantSynthesis/standard_copyInitSum2_ground.i_3_2_2.bpl_5.smt2 : 1800076 ms.
--------------------------------------------------
./solvers/mathsat/run.sh: line 3: 107944 Killed                  ./mathsat ../$1
QF_NRA/20170501-Heizmann-UltimateInvariantSynthesis/standard_copyInitSum3_ground.i_3_2_2.bpl_3.smt2 : 1800119 ms.
--------------------------------------------------
./solvers/mathsat/run.sh: line 3: 108276 Killed                  ./mathsat ../$1
QF_NRA/20170501-Heizmann-UltimateInvariantSynthesis/standard_copyInitSum3_ground.i_3_2_2.bpl_5.smt2 : 1800081 ms.
--------------------------------------------------
./solvers/mathsat/run.sh: line 3: 108583 Killed                  ./mathsat ../$1
QF_NRA/20170501-Heizmann-UltimateInvariantSynthesis/standard_init1_ground.i_3_2_2.bpl_9.smt2 : 1800050 ms.
--------------------------------------------------
./solvers/mathsat/run.sh: line 3: 109032 Killed                  ./mathsat ../$1
QF_NRA/20170501-Heizmann-UltimateInvariantSynthesis/standard_init5_ground.i_3_2_2.bpl_3.smt2 : 1800078 ms.
--------------------------------------------------
./solvers/mathsat/run.sh: line 3: 109359 Killed                  ./mathsat ../$1
QF_NRA/20170501-Heizmann-UltimateInvariantSynthesis/standard_init6_ground.i_3_2_2.bpl_3.smt2 : 1800075 ms.
--------------------------------------------------
./solvers/mathsat/run.sh: line 3: 109683 Killed                  ./mathsat ../$1
QF_NRA/20170501-Heizmann-UltimateInvariantSynthesis/standard_init7_ground.i_3_2_2.bpl_3.smt2 : 1800078 ms.
--------------------------------------------------
./solvers/mathsat/run.sh: line 3: 109981 Killed                  ./mathsat ../$1
QF_NRA/20170501-Heizmann-UltimateInvariantSynthesis/standard_init9_ground.i_3_2_2.bpl_1.smt2 : 1800138 ms.
--------------------------------------------------
./solvers/mathsat/run.sh: line 3: 110312 Killed                  ./mathsat ../$1
QF_NRA/20170501-Heizmann-UltimateInvariantSynthesis/standard_init9_ground.i_3_2_2.bpl_3.smt2 : 1800252 ms.
--------------------------------------------------
./solvers/mathsat/run.sh: line 3: 110608 Killed                  ./mathsat ../$1
QF_NRA/20170501-Heizmann-UltimateInvariantSynthesis/standard_maxInArray_ground.i_3_2_2.bpl_5.smt2 : 1800073 ms.
--------------------------------------------------
./solvers/mathsat/run.sh: line 3: 110924 Killed                  ./mathsat ../$1
QF_NRA/20170501-Heizmann-UltimateInvariantSynthesis/standard_partial_init_ground.i_3_2_2.bpl_5.smt2 : 1800105 ms.
--------------------------------------------------
./solvers/mathsat/run.sh: line 3: 111207 Killed                  ./mathsat ../$1
QF_NRA/20170501-Heizmann-UltimateInvariantSynthesis/standard_password_ground.i_4_2_2.bpl_5.smt2 : 1800222 ms.
--------------------------------------------------
./solvers/mathsat/run.sh: line 3: 111492 Killed                  ./mathsat ../$1
QF_NRA/20170501-Heizmann-UltimateInvariantSynthesis/standard_running.i_4_2_2.bpl_5.smt2 : 1800117 ms.
--------------------------------------------------
./solvers/mathsat/run.sh: line 3: 111732 Killed                  ./mathsat ../$1
QF_NRA/20170501-Heizmann-UltimateInvariantSynthesis/standard_strcmp_ground.i_4_2_2.bpl_5.smt2 : 1800039 ms.
--------------------------------------------------
./solvers/mathsat/run.sh: line 3: 112035 Killed                  ./mathsat ../$1
QF_NRA/20170501-Heizmann-UltimateInvariantSynthesis/standard_strcpy_original.i_3_3_2.bpl_9.smt2 : 1800064 ms.
--------------------------------------------------
./solvers/mathsat/run.sh: line 3: 112300 Killed                  ./mathsat ../$1
QF_NRA/20170501-Heizmann-UltimateInvariantSynthesis/standard_two_index_01.i_3_2_2.bpl_5.smt2 : 1800066 ms.
--------------------------------------------------
./solvers/mathsat/run.sh: line 3: 112530 Killed                  ./mathsat ../$1
QF_NRA/20170501-Heizmann-UltimateInvariantSynthesis/standard_two_index_04.i_3_2_2.bpl_5.smt2 : 1800140 ms.
--------------------------------------------------
./solvers/mathsat/run.sh: line 3: 112736 Killed                  ./mathsat ../$1
QF_NRA/20170501-Heizmann-UltimateInvariantSynthesis/standard_two_index_05.i_3_2_2.bpl_5.smt2 : 1800044 ms.
--------------------------------------------------
./solvers/mathsat/run.sh: line 3: 112978 Killed                  ./mathsat ../$1
QF_NRA/20170501-Heizmann-UltimateInvariantSynthesis/standard_two_index_06.i_3_2_2.bpl_5.smt2 : 1800434 ms.
--------------------------------------------------
./solvers/mathsat/run.sh: line 3: 113175 Killed                  ./mathsat ../$1
QF_NRA/20170501-Heizmann-UltimateInvariantSynthesis/sum60.i_5_6_5.bpl_3.smt2 : 1800221 ms.
--------------------------------------------------
./solvers/mathsat/run.sh: line 3: 113412 Killed                  ./mathsat ../$1
QF_NRA/20170501-Heizmann-UltimateInvariantSynthesis/up.i_4_4_5.bpl_3.smt2 : 1800300 ms.
