--------------------------------------------------
sat
QF_NRA/LassoRanker/CooperatingT2/a.10.c.t2.c_Iteration2_Loop_4-pieceTemplate.smt2 : 534 ms.
--------------------------------------------------
sat
QF_NRA/LassoRanker/CooperatingT2/a.10.c.t2.c_Iteration5_Loop_4-pieceTemplate.smt2 : 689 ms.
--------------------------------------------------
sat
QF_NRA/LassoRanker/CooperatingT2/a.10.c.t2.c_Iteration6_Loop_4-pieceTemplate.smt2 : 622 ms.
--------------------------------------------------
sat
QF_NRA/LassoRanker/CooperatingT2/a.10.c.t2.c_Iteration9_Loop_4-pieceTemplate.smt2 : 674 ms.
--------------------------------------------------
unsat
QF_NRA/LassoRanker/CooperatingT2/afagp-fail.t2.c_Iteration1_Lasso_3-pieceTemplate.smt2 : 32865 ms.
--------------------------------------------------
unsat
QF_NRA/LassoRanker/CooperatingT2/afagp-fail.t2.c_Iteration1_Lasso_4-pieceTemplate.smt2 : 198449 ms.
--------------------------------------------------
unsat
QF_NRA/LassoRanker/CooperatingT2/afagp-fail.t2.c_Iteration1_Lasso_5-phaseTemplate.smt2 : 983 ms.
--------------------------------------------------
unsat
QF_NRA/LassoRanker/CooperatingT2/afagp-fail.t2.c_Iteration1_Lasso_6-phaseTemplate.smt2 : 2273 ms.
--------------------------------------------------
unsat
QF_NRA/LassoRanker/CooperatingT2/afagp-fail.t2.c_Iteration1_Lasso_7-phaseTemplate.smt2 : 3685 ms.
--------------------------------------------------
unsat
QF_NRA/LassoRanker/CooperatingT2/agafp.t2.c_Iteration1_Lasso_3-pieceTemplate.smt2 : 2528 ms.
--------------------------------------------------
unsat
QF_NRA/LassoRanker/CooperatingT2/agafp.t2.c_Iteration1_Lasso_4-pieceTemplate.smt2 : 13735 ms.
--------------------------------------------------
unsat
QF_NRA/LassoRanker/CooperatingT2/agafp.t2.c_Iteration1_Lasso_5-phaseTemplate.smt2 : 197 ms.
--------------------------------------------------
unsat
QF_NRA/LassoRanker/CooperatingT2/agafp.t2.c_Iteration1_Lasso_6-phaseTemplate.smt2 : 288 ms.
--------------------------------------------------
unsat
QF_NRA/LassoRanker/CooperatingT2/agafp.t2.c_Iteration1_Lasso_7-phaseTemplate.smt2 : 357 ms.
--------------------------------------------------
sat
QF_NRA/LassoRanker/CooperatingT2/bf10.t2.c_Iteration1_Loop_4-pieceTemplate.smt2 : 2961 ms.
--------------------------------------------------
sat
QF_NRA/LassoRanker/CooperatingT2/bf12.t2.c_Iteration1_Loop_4-pieceTemplate.smt2 : 2618 ms.
--------------------------------------------------
sat
QF_NRA/LassoRanker/CooperatingT2/bf13.t2.c_Iteration1_Loop_4-pieceTemplate.smt2 : 2797 ms.
--------------------------------------------------
sat
QF_NRA/LassoRanker/CooperatingT2/bf20.t2.c_Iteration1_Loop_4-pieceTemplate.smt2 : 3165 ms.
--------------------------------------------------
sat
QF_NRA/LassoRanker/CooperatingT2/bf5.t2.c_Iteration1_Loop_4-pieceTemplate.smt2 : 2933 ms.
--------------------------------------------------
sat
QF_NRA/LassoRanker/CooperatingT2/bf6.t2.c_Iteration1_Loop_4-pieceTemplate.smt2 : 2938 ms.
--------------------------------------------------
sat
QF_NRA/LassoRanker/CooperatingT2/bitcount16.t2.c_Iteration1_Loop_4-pieceTemplate.smt2 : 3421 ms.
--------------------------------------------------
sat
QF_NRA/LassoRanker/CooperatingT2/broydn.c.i.broydn.pl.t2.fixed.t2.c_Iteration1_Loop_4-pieceTemplate.smt2 : 1894 ms.
--------------------------------------------------
sat
QF_NRA/LassoRanker/CooperatingT2/broydn.t2.c_Iteration1_Loop_4-pieceTemplate.smt2 : 2774 ms.
--------------------------------------------------
sat
QF_NRA/LassoRanker/CooperatingT2/brp_withassume.t2.c_Iteration1_Loop_3-pieceTemplate.smt2 : 494725 ms.
--------------------------------------------------
./solvers/mathsat/run.sh: line 3: 70298 Killed                  ./mathsat ../$1
QF_NRA/LassoRanker/CooperatingT2/brp_withassume.t2.c_Iteration1_Loop_4-pieceTemplate.smt2 : 1801061 ms.
--------------------------------------------------
sat
QF_NRA/LassoRanker/CooperatingT2/brp_withassume.t2.c_Iteration8_Loop_2-pieceTemplate.smt2 : 116169 ms.
--------------------------------------------------
sat
QF_NRA/LassoRanker/CooperatingT2/brp_withassume.t2.c_Iteration8_Loop_3-pieceTemplate.smt2 : 785960 ms.
--------------------------------------------------
./solvers/mathsat/run.sh: line 3: 74023 Killed                  ./mathsat ../$1
QF_NRA/LassoRanker/CooperatingT2/brp_withassume.t2.c_Iteration8_Loop_4-pieceTemplate.smt2 : 1801181 ms.
--------------------------------------------------
sat
QF_NRA/LassoRanker/CooperatingT2/bsort100.t2.c_Iteration12_Loop_4-pieceTemplate.smt2 : 2894 ms.
--------------------------------------------------
sat
QF_NRA/LassoRanker/CooperatingT2/bsort100.t2.c_Iteration13_Loop_4-pieceTemplate.smt2 : 4998 ms.
--------------------------------------------------
sat
QF_NRA/LassoRanker/CooperatingT2/bubblesort_inner_loop.t2.c_Iteration1_Loop_3-pieceTemplate.smt2 : 407 ms.
--------------------------------------------------
sat
QF_NRA/LassoRanker/CooperatingT2/bubblesort_inner_loop.t2.c_Iteration1_Loop_4-pieceTemplate.smt2 : 1423 ms.
--------------------------------------------------
sat
QF_NRA/LassoRanker/CooperatingT2/bubbleSort.t2.c_Iteration5_Loop_4-pieceTemplate.smt2 : 2613 ms.
--------------------------------------------------
sat
QF_NRA/LassoRanker/CooperatingT2/bubbleSort.t2.c_Iteration6_Loop_4-pieceTemplate.smt2 : 2996 ms.
--------------------------------------------------
unsat
QF_NRA/LassoRanker/CooperatingT2/byron-1.t2.c_Iteration1_Loop_3-pieceTemplate.smt2 : 525 ms.
--------------------------------------------------
unsat
QF_NRA/LassoRanker/CooperatingT2/byron-1.t2.c_Iteration1_Loop_4-pieceTemplate.smt2 : 4670 ms.
--------------------------------------------------
sat
QF_NRA/LassoRanker/CooperatingT2/byron-2.t2.c_Iteration2_Loop_3-pieceTemplate.smt2 : 3588 ms.
--------------------------------------------------
sat
QF_NRA/LassoRanker/CooperatingT2/byron-2.t2.c_Iteration2_Loop_4-pieceTemplate.smt2 : 10570 ms.
--------------------------------------------------
sat
QF_NRA/LassoRanker/CooperatingT2/byron-2.t2.c_Iteration3_Loop_4-pieceTemplate.smt2 : 2596 ms.
--------------------------------------------------
unsat
QF_NRA/LassoRanker/CooperatingT2/byron-3.t2.c_Iteration1_Loop_4-pieceTemplate.smt2 : 5379 ms.
--------------------------------------------------
unsat
QF_NRA/LassoRanker/CooperatingT2/collatz.t2.c_Iteration1_Loop_3-pieceTemplate.smt2 : 3619 ms.
--------------------------------------------------
unsat
QF_NRA/LassoRanker/CooperatingT2/collatz.t2.c_Iteration1_Loop_4-pieceTemplate.smt2 : 26147 ms.
--------------------------------------------------
unsat
QF_NRA/LassoRanker/CooperatingT2/collatz.t2.c_Iteration3_Lasso_3-pieceTemplate.smt2 : 8220 ms.
--------------------------------------------------
unsat
QF_NRA/LassoRanker/CooperatingT2/collatz.t2.c_Iteration3_Lasso_4-pieceTemplate.smt2 : 44447 ms.
--------------------------------------------------
unsat
QF_NRA/LassoRanker/CooperatingT2/collatz.t2.c_Iteration3_Lasso_6-phaseTemplate.smt2 : 2381 ms.
--------------------------------------------------
unsat
QF_NRA/LassoRanker/CooperatingT2/collatz.t2.c_Iteration3_Lasso_7-phaseTemplate.smt2 : 16076 ms.
--------------------------------------------------
unsat
QF_NRA/LassoRanker/CooperatingT2/collatz.t2.c_Iteration3_Loop_3-pieceTemplate.smt2 : 3708 ms.
--------------------------------------------------
unsat
QF_NRA/LassoRanker/CooperatingT2/collatz.t2.c_Iteration3_Loop_4-pieceTemplate.smt2 : 23854 ms.
--------------------------------------------------
unsat
QF_NRA/LassoRanker/CooperatingT2/collatz.t2.c_Iteration3_Loop_6-phaseTemplate.smt2 : 2405 ms.
--------------------------------------------------
unsat
QF_NRA/LassoRanker/CooperatingT2/collatz.t2.c_Iteration3_Loop_7-phaseTemplate.smt2 : 21656 ms.
--------------------------------------------------
sat
QF_NRA/LassoRanker/CooperatingT2/consts1.t2.c_Iteration1_Lasso_4-pieceTemplate.smt2 : 9203 ms.
--------------------------------------------------
unsat
QF_NRA/LassoRanker/CooperatingT2/curious4.t2.c_Iteration1_Lasso_3-pieceTemplate.smt2 : 14058 ms.
--------------------------------------------------
unsat
QF_NRA/LassoRanker/CooperatingT2/curious4.t2.c_Iteration1_Lasso_4-pieceTemplate.smt2 : 54890 ms.
--------------------------------------------------
sat
QF_NRA/LassoRanker/CooperatingT2/db2.t2.c_Iteration3_Loop_4-pieceTemplate.smt2 : 2770 ms.
--------------------------------------------------
sat
QF_NRA/LassoRanker/CooperatingT2/db3.t2.c_Iteration2_Loop_4-pieceTemplate.smt2 : 2597 ms.
--------------------------------------------------
sat
QF_NRA/LassoRanker/CooperatingT2/disj_nightmare.t2.c_Iteration1_Lasso_2-pieceTemplate.smt2 : 23194 ms.
--------------------------------------------------
sat
QF_NRA/LassoRanker/CooperatingT2/disj_nightmare.t2.c_Iteration1_Lasso_3-pieceTemplate.smt2 : 323851 ms.
--------------------------------------------------
./solvers/mathsat/run.sh: line 3: 78706 Killed                  ./mathsat ../$1
QF_NRA/LassoRanker/CooperatingT2/disj_nightmare.t2.c_Iteration1_Lasso_4-pieceTemplate.smt2 : 1800528 ms.
--------------------------------------------------
sat
QF_NRA/LassoRanker/CooperatingT2/disj_nightmare.t2.c_Iteration1_Loop_2-pieceTemplate.smt2 : 18013 ms.
--------------------------------------------------
sat
QF_NRA/LassoRanker/CooperatingT2/disj_nightmare.t2.c_Iteration1_Loop_3-pieceTemplate.smt2 : 233179 ms.
--------------------------------------------------
./solvers/mathsat/run.sh: line 3: 80202 Killed                  ./mathsat ../$1
QF_NRA/LassoRanker/CooperatingT2/disj_nightmare.t2.c_Iteration1_Loop_4-pieceTemplate.smt2 : 1800463 ms.
--------------------------------------------------
sat
QF_NRA/LassoRanker/CooperatingT2/dropbuf.t2.c_Iteration2_Loop_3-pieceTemplate.smt2 : 1830 ms.
--------------------------------------------------
sat
QF_NRA/LassoRanker/CooperatingT2/dropbuf.t2.c_Iteration2_Loop_4-pieceTemplate.smt2 : 2490 ms.
--------------------------------------------------
sat
QF_NRA/LassoRanker/CooperatingT2/dropbuf.t2.c_Iteration3_Loop_4-pieceTemplate.smt2 : 40559 ms.
--------------------------------------------------
unsat
QF_NRA/LassoRanker/CooperatingT2/efegp.t2.c_Iteration1_Lasso_3-pieceTemplate.smt2 : 26416 ms.
--------------------------------------------------
unsat
QF_NRA/LassoRanker/CooperatingT2/efegp.t2.c_Iteration1_Lasso_4-lexTemplate.smt2 : 457 ms.
--------------------------------------------------
unsat
QF_NRA/LassoRanker/CooperatingT2/efegp.t2.c_Iteration1_Lasso_4-pieceTemplate.smt2 : 641237 ms.
--------------------------------------------------
sat
QF_NRA/LassoRanker/CooperatingT2/elmhes.c.i.elmhes.pl.t2.fixed.t2.c_Iteration2_Loop_4-pieceTemplate.smt2 : 6997 ms.
--------------------------------------------------
sat
QF_NRA/LassoRanker/CooperatingT2/elmhes.c.i.elmhes.pl.t2.fixed.t2.c_Iteration6_Loop_4-pieceTemplate.smt2 : 1339 ms.
--------------------------------------------------
sat
QF_NRA/LassoRanker/CooperatingT2/elmhes.t2.c_Iteration2_Loop_4-pieceTemplate.smt2 : 4365 ms.
--------------------------------------------------
sat
QF_NRA/LassoRanker/CooperatingT2/elmhes.t2.c_Iteration6_Loop_4-pieceTemplate.smt2 : 1285 ms.
--------------------------------------------------
sat
QF_NRA/LassoRanker/CooperatingT2/eric2.t2.c_Iteration11_Loop_4-pieceTemplate.smt2 : 888 ms.
--------------------------------------------------
unsat
QF_NRA/LassoRanker/CooperatingT2/eric2.t2.c_Iteration1_Loop_4-pieceTemplate.smt2 : 10739 ms.
--------------------------------------------------
unsat
QF_NRA/LassoRanker/CooperatingT2/eric2.t2.c_Iteration2_Loop_3-pieceTemplate.smt2 : 3331 ms.
--------------------------------------------------
unsat
QF_NRA/LassoRanker/CooperatingT2/eric2.t2.c_Iteration2_Loop_4-pieceTemplate.smt2 : 9595 ms.
--------------------------------------------------
unsat
QF_NRA/LassoRanker/CooperatingT2/eric2.t2.c_Iteration3_Loop_4-pieceTemplate.smt2 : 20353 ms.
--------------------------------------------------
sat
QF_NRA/LassoRanker/CooperatingT2/eric2.t2.c_Iteration3_Loop_7-phaseTemplate.smt2 : 476 ms.
--------------------------------------------------
unsat
QF_NRA/LassoRanker/CooperatingT2/eric2.t2.c_Iteration4_Loop_3-pieceTemplate.smt2 : 3509 ms.
--------------------------------------------------
unsat
QF_NRA/LassoRanker/CooperatingT2/eric2.t2.c_Iteration4_Loop_4-pieceTemplate.smt2 : 9580 ms.
--------------------------------------------------
unsat
QF_NRA/LassoRanker/CooperatingT2/eric2.t2.c_Iteration5_Loop_4-pieceTemplate.smt2 : 10039 ms.
--------------------------------------------------
sat
QF_NRA/LassoRanker/CooperatingT2/eric2.t2.c_Iteration6_Loop_4-pieceTemplate.smt2 : 2008 ms.
--------------------------------------------------
unsat
QF_NRA/LassoRanker/CooperatingT2/eric2.t2.c_Iteration7_Loop_3-pieceTemplate.smt2 : 20186 ms.
--------------------------------------------------
unsat
QF_NRA/LassoRanker/CooperatingT2/eric2.t2.c_Iteration7_Loop_4-pieceTemplate.smt2 : 163828 ms.
--------------------------------------------------
unsat
QF_NRA/LassoRanker/CooperatingT2/eric2.t2.c_Iteration8_Loop_3-pieceTemplate.smt2 : 2743 ms.
--------------------------------------------------
unsat
QF_NRA/LassoRanker/CooperatingT2/eric2.t2.c_Iteration8_Loop_4-pieceTemplate.smt2 : 10296 ms.
--------------------------------------------------
unsat
QF_NRA/LassoRanker/CooperatingT2/eric2.t2.c_Iteration9_Loop_3-pieceTemplate.smt2 : 30818 ms.
--------------------------------------------------
unsat
QF_NRA/LassoRanker/CooperatingT2/eric2.t2.c_Iteration9_Loop_4-pieceTemplate.smt2 : 136666 ms.
--------------------------------------------------
sat
QF_NRA/LassoRanker/CooperatingT2/eric.t2.c_Iteration1_Lasso_2-pieceTemplate.smt2 : 928860 ms.
--------------------------------------------------
./solvers/mathsat/run.sh: line 3: 82788 Killed                  ./mathsat ../$1
QF_NRA/LassoRanker/CooperatingT2/eric.t2.c_Iteration1_Lasso_3-pieceTemplate.smt2 : 1800534 ms.
--------------------------------------------------
./solvers/mathsat/run.sh: line 3: 84852 Killed                  ./mathsat ../$1
QF_NRA/LassoRanker/CooperatingT2/eric.t2.c_Iteration1_Lasso_4-pieceTemplate.smt2 : 1800476 ms.
--------------------------------------------------
unsat
QF_NRA/LassoRanker/CooperatingT2/eric.t2.c_Iteration1_Lasso_5-phaseTemplate.smt2 : 815 ms.
--------------------------------------------------
unsat
QF_NRA/LassoRanker/CooperatingT2/eric.t2.c_Iteration1_Lasso_6-phaseTemplate.smt2 : 1014 ms.
--------------------------------------------------
unsat
QF_NRA/LassoRanker/CooperatingT2/eric.t2.c_Iteration1_Lasso_7-phaseTemplate.smt2 : 1449 ms.
--------------------------------------------------
unsat
QF_NRA/LassoRanker/CooperatingT2/eric.t2.c_Iteration1_Loop_2-pieceTemplate.smt2 : 2428 ms.
--------------------------------------------------
unsat
QF_NRA/LassoRanker/CooperatingT2/eric.t2.c_Iteration1_Loop_3-pieceTemplate.smt2 : 21967 ms.
--------------------------------------------------
./solvers/mathsat/run.sh: line 3: 85972 Killed                  ./mathsat ../$1
QF_NRA/LassoRanker/CooperatingT2/eric.t2.c_Iteration1_Loop_4-pieceTemplate.smt2 : 1800226 ms.
--------------------------------------------------
unsat
QF_NRA/LassoRanker/CooperatingT2/eric.t2.c_Iteration1_Loop_5-phaseTemplate.smt2 : 412 ms.
--------------------------------------------------
unsat
QF_NRA/LassoRanker/CooperatingT2/eric.t2.c_Iteration1_Loop_6-phaseTemplate.smt2 : 251 ms.
--------------------------------------------------
unsat
QF_NRA/LassoRanker/CooperatingT2/eric.t2.c_Iteration1_Loop_7-phaseTemplate.smt2 : 294 ms.
--------------------------------------------------
./solvers/mathsat/run.sh: line 3: 87153 Killed                  ./mathsat ../$1
QF_NRA/LassoRanker/CooperatingT2/ex11.t2.c_Iteration1_Lasso_2-pieceTemplate.smt2 : 1800349 ms.
--------------------------------------------------
tcmalloc: large alloc 1073741824 bytes == 0x747b6000 @  0x1641680 0x1641680 0x1641680 0x1641680 0x1641680 0x1641680 0x1641680 0x1641680 0x1641680 0x1641680 0x1641680 0x1641680 0x1641680 0x1641680 0x1641680 0x1641680 0x1641680 0x1641680 0x1641680 0x1641680 0x1641680 0x1641680 0x1641680 0x1641680 0x1641680 0x1641680 0x1641680 0x1641680 0x1641680 0x1641680 0x1641680
./solvers/mathsat/run.sh: line 3: 88239 Killed                  ./mathsat ../$1
QF_NRA/LassoRanker/CooperatingT2/ex11.t2.c_Iteration1_Lasso_3-pieceTemplate.smt2 : 1800497 ms.
--------------------------------------------------
unsat
QF_NRA/LassoRanker/CooperatingT2/ex11.t2.c_Iteration1_Lasso_4-lexTemplate.smt2 : 7150 ms.
--------------------------------------------------
unsat
QF_NRA/LassoRanker/CooperatingT2/ex11.t2.c_Iteration1_Lasso_4-phaseTemplate.smt2 : 2022 ms.
--------------------------------------------------
./solvers/mathsat/run.sh: line 3: 89120 Killed                  ./mathsat ../$1
QF_NRA/LassoRanker/CooperatingT2/ex11.t2.c_Iteration1_Lasso_4-pieceTemplate.smt2 : 1800442 ms.
--------------------------------------------------
unsat
QF_NRA/LassoRanker/CooperatingT2/ex11.t2.c_Iteration1_Lasso_5-phaseTemplate.smt2 : 3380 ms.
--------------------------------------------------
unsat
QF_NRA/LassoRanker/CooperatingT2/ex11.t2.c_Iteration1_Lasso_6-phaseTemplate.smt2 : 4554 ms.
--------------------------------------------------
unsat
QF_NRA/LassoRanker/CooperatingT2/ex11.t2.c_Iteration1_Lasso_7-phaseTemplate.smt2 : 7737 ms.
--------------------------------------------------
sat
QF_NRA/LassoRanker/CooperatingT2/ex12.t2.c_Iteration1_Loop_4-pieceTemplate.smt2 : 375 ms.
--------------------------------------------------
sat
QF_NRA/LassoRanker/CooperatingT2/ex14.t2.c_Iteration1_Loop_4-pieceTemplate.smt2 : 396 ms.
--------------------------------------------------
sat
QF_NRA/LassoRanker/CooperatingT2/ex18.t2.c_Iteration2_Loop_4-pieceTemplate.smt2 : 1947 ms.
--------------------------------------------------
sat
QF_NRA/LassoRanker/CooperatingT2/ex21.t2.c_Iteration1_Loop_3-pieceTemplate.smt2 : 254 ms.
--------------------------------------------------
sat
QF_NRA/LassoRanker/CooperatingT2/ex21.t2.c_Iteration1_Loop_4-pieceTemplate.smt2 : 475 ms.
--------------------------------------------------
sat
QF_NRA/LassoRanker/CooperatingT2/ex21.t2.c_Iteration2_Loop_4-pieceTemplate.smt2 : 654 ms.
--------------------------------------------------
sat
QF_NRA/LassoRanker/CooperatingT2/ex4.t2.c_Iteration1_Loop_4-pieceTemplate.smt2 : 1718 ms.
--------------------------------------------------
sat
QF_NRA/LassoRanker/CooperatingT2/ex4.t2.c_Iteration2_Loop_3-pieceTemplate.smt2 : 975 ms.
--------------------------------------------------
sat
QF_NRA/LassoRanker/CooperatingT2/ex4.t2.c_Iteration2_Loop_4-pieceTemplate.smt2 : 3007 ms.
--------------------------------------------------
sat
QF_NRA/LassoRanker/CooperatingT2/example.t2.c_Iteration1_Loop_4-pieceTemplate.smt2 : 1829 ms.
--------------------------------------------------
sat
QF_NRA/LassoRanker/CooperatingT2/fibcall.t2.c_Iteration1_Loop_4-pieceTemplate.smt2 : 411 ms.
--------------------------------------------------
./solvers/mathsat/run.sh: line 3: 90046 Killed                  ./mathsat ../$1
QF_NRA/LassoRanker/CooperatingT2/firewire.t2.c_Iteration1_Lasso_3-pieceTemplate.smt2 : 1800865 ms.
--------------------------------------------------
sat
QF_NRA/LassoRanker/CooperatingT2/firewire.t2.c_Iteration1_Lasso_4-lexTemplate.smt2 : 169794 ms.
--------------------------------------------------
./solvers/mathsat/run.sh: line 3: 91316 Killed                  ./mathsat ../$1
QF_NRA/LassoRanker/CooperatingT2/firewire.t2.c_Iteration1_Lasso_4-pieceTemplate.smt2 : 1801273 ms.
--------------------------------------------------
sat
QF_NRA/LassoRanker/CooperatingT2/firewire.t2.c_Iteration1_Lasso_5-phaseTemplate.smt2 : 281400 ms.
--------------------------------------------------
sat
QF_NRA/LassoRanker/CooperatingT2/firewire.t2.c_Iteration1_Lasso_6-nestedTemplate.smt2 : 325017 ms.
--------------------------------------------------
sat
QF_NRA/LassoRanker/CooperatingT2/firewire.t2.c_Iteration1_Lasso_6-phaseTemplate.smt2 : 481189 ms.
--------------------------------------------------
sat
QF_NRA/LassoRanker/CooperatingT2/firewire.t2.c_Iteration1_Lasso_7-nestedTemplate.smt2 : 310602 ms.
--------------------------------------------------
sat
QF_NRA/LassoRanker/CooperatingT2/firewire.t2.c_Iteration1_Lasso_7-phaseTemplate.smt2 : 1308627 ms.
--------------------------------------------------
sat
QF_NRA/LassoRanker/CooperatingT2/firewire.t2.c_Iteration3_Loop_3-pieceTemplate.smt2 : 3961 ms.
--------------------------------------------------
sat
QF_NRA/LassoRanker/CooperatingT2/firewire.t2.c_Iteration3_Loop_4-pieceTemplate.smt2 : 9165 ms.
--------------------------------------------------
unsat
QF_NRA/LassoRanker/CooperatingT2/flipflop.t2.c_Iteration1_Lasso_2-pieceTemplate.smt2 : 111 ms.
--------------------------------------------------
unsat
QF_NRA/LassoRanker/CooperatingT2/flipflop.t2.c_Iteration1_Lasso_3-pieceTemplate.smt2 : 423 ms.
--------------------------------------------------
unsat
QF_NRA/LassoRanker/CooperatingT2/flipflop.t2.c_Iteration1_Lasso_4-pieceTemplate.smt2 : 2675 ms.
--------------------------------------------------
unsat
QF_NRA/LassoRanker/CooperatingT2/flipflop.t2.c_Iteration1_Loop_2-pieceTemplate.smt2 : 96 ms.
--------------------------------------------------
unsat
QF_NRA/LassoRanker/CooperatingT2/flipflop.t2.c_Iteration1_Loop_3-pieceTemplate.smt2 : 317 ms.
--------------------------------------------------
unsat
QF_NRA/LassoRanker/CooperatingT2/flipflop.t2.c_Iteration1_Loop_4-pieceTemplate.smt2 : 1912 ms.
--------------------------------------------------
sat
QF_NRA/LassoRanker/CooperatingT2/fuhs-inflasso.t2.c_Iteration2_Loop_4-pieceTemplate.smt2 : 703 ms.
--------------------------------------------------
sat
QF_NRA/LassoRanker/CooperatingT2/fun4.t2.c_Iteration1_Lasso_2-pieceTemplate.smt2 : 48645 ms.
--------------------------------------------------
./solvers/mathsat/run.sh: line 3: 93408 Killed                  ./mathsat ../$1
QF_NRA/LassoRanker/CooperatingT2/fun4.t2.c_Iteration1_Lasso_3-pieceTemplate.smt2 : 1800186 ms.
--------------------------------------------------
./solvers/mathsat/run.sh: line 3: 94030 Killed                  ./mathsat ../$1
QF_NRA/LassoRanker/CooperatingT2/fun4.t2.c_Iteration1_Lasso_4-pieceTemplate.smt2 : 1800170 ms.
--------------------------------------------------
unsat
QF_NRA/LassoRanker/CooperatingT2/fun4.t2.c_Iteration1_Lasso_6-phaseTemplate.smt2 : 332 ms.
--------------------------------------------------
unsat
QF_NRA/LassoRanker/CooperatingT2/fun4.t2.c_Iteration1_Lasso_7-phaseTemplate.smt2 : 216 ms.
--------------------------------------------------
unsat
QF_NRA/LassoRanker/CooperatingT2/fun4.t2.c_Iteration1_Loop_3-pieceTemplate.smt2 : 25212 ms.
--------------------------------------------------
unsat
QF_NRA/LassoRanker/CooperatingT2/fun4.t2.c_Iteration1_Loop_4-pieceTemplate.smt2 : 53422 ms.
--------------------------------------------------
sat
QF_NRA/LassoRanker/CooperatingT2/fun8.t2.c_Iteration2_Loop_3-pieceTemplate.smt2 : 1520 ms.
--------------------------------------------------
sat
QF_NRA/LassoRanker/CooperatingT2/fun8.t2.c_Iteration2_Loop_4-pieceTemplate.smt2 : 1469 ms.
--------------------------------------------------
sat
QF_NRA/LassoRanker/CooperatingT2/fun9.t2.c_Iteration1_Loop_4-pieceTemplate.smt2 : 756 ms.
--------------------------------------------------
sat
QF_NRA/LassoRanker/CooperatingT2/fun9.t2.c_Iteration2_Loop_4-pieceTemplate.smt2 : 493 ms.
--------------------------------------------------
sat
QF_NRA/LassoRanker/CooperatingT2/fun9.t2.c_Iteration3_Loop_4-pieceTemplate.smt2 : 432 ms.
--------------------------------------------------
sat
QF_NRA/LassoRanker/CooperatingT2/fun9.t2.c_Iteration4_Loop_3-pieceTemplate.smt2 : 768 ms.
--------------------------------------------------
sat
QF_NRA/LassoRanker/CooperatingT2/fun9.t2.c_Iteration4_Loop_4-pieceTemplate.smt2 : 2489 ms.
--------------------------------------------------
sat
QF_NRA/LassoRanker/CooperatingT2/graycode.t2.c_Iteration15_Loop_3-pieceTemplate.smt2 : 2790 ms.
--------------------------------------------------
sat
QF_NRA/LassoRanker/CooperatingT2/graycode.t2.c_Iteration15_Loop_4-pieceTemplate.smt2 : 7808 ms.
--------------------------------------------------
sat
QF_NRA/LassoRanker/CooperatingT2/graycode.t2.c_Iteration22_Loop_4-pieceTemplate.smt2 : 6578 ms.
--------------------------------------------------
sat
QF_NRA/LassoRanker/CooperatingT2/graycode.t2.c_Iteration3_Loop_4-pieceTemplate.smt2 : 5591 ms.
--------------------------------------------------
unsat
QF_NRA/LassoRanker/CooperatingT2/heidy7-simple.t2.c_Iteration2_Lasso_3-pieceTemplate.smt2 : 651 ms.
--------------------------------------------------
unsat
QF_NRA/LassoRanker/CooperatingT2/heidy7-simple.t2.c_Iteration2_Lasso_4-pieceTemplate.smt2 : 1785 ms.
--------------------------------------------------
sat
QF_NRA/LassoRanker/CooperatingT2/heidy7.t2.c_Iteration1_Loop_3-pieceTemplate.smt2 : 578 ms.
--------------------------------------------------
sat
QF_NRA/LassoRanker/CooperatingT2/heidy7.t2.c_Iteration1_Loop_4-pieceTemplate.smt2 : 1725 ms.
--------------------------------------------------
unsat
QF_NRA/LassoRanker/CooperatingT2/heidy7.t2.c_Iteration2_Lasso_2-pieceTemplate.smt2 : 1045 ms.
--------------------------------------------------
unsat
QF_NRA/LassoRanker/CooperatingT2/heidy7.t2.c_Iteration2_Lasso_3-pieceTemplate.smt2 : 21552 ms.
--------------------------------------------------
unsat
QF_NRA/LassoRanker/CooperatingT2/heidy7.t2.c_Iteration2_Lasso_4-pieceTemplate.smt2 : 113002 ms.
--------------------------------------------------
sat
QF_NRA/LassoRanker/CooperatingT2/heidy8.t2.c_Iteration1_Loop_3-pieceTemplate.smt2 : 528 ms.
--------------------------------------------------
sat
QF_NRA/LassoRanker/CooperatingT2/heidy8.t2.c_Iteration1_Loop_4-pieceTemplate.smt2 : 1898 ms.
--------------------------------------------------
sat
QF_NRA/LassoRanker/CooperatingT2/hongyi1.t2.c_Iteration1_Loop_3-pieceTemplate.smt2 : 1116764 ms.
--------------------------------------------------
./solvers/mathsat/run.sh: line 3: 95337 Killed                  ./mathsat ../$1
QF_NRA/LassoRanker/CooperatingT2/hongyi1.t2.c_Iteration1_Loop_4-pieceTemplate.smt2 : 1800719 ms.
--------------------------------------------------
unsat
QF_NRA/LassoRanker/CooperatingT2/iecs.t2.c_Iteration1_Loop_4-pieceTemplate.smt2 : 4931 ms.
--------------------------------------------------
sat
QF_NRA/LassoRanker/CooperatingT2/insertsort.t2.c_Iteration1_Loop_4-pieceTemplate.smt2 : 534 ms.
--------------------------------------------------
sat
QF_NRA/LassoRanker/CooperatingT2/jacobi.c.i.jacobi.pl.t2.fixed.t2.c_Iteration4_Loop_4-pieceTemplate.smt2 : 1066 ms.
--------------------------------------------------
sat
QF_NRA/LassoRanker/CooperatingT2/jacobi.c.i.jacobi.pl.t2.fixed.t2.c_Iteration5_Loop_4-pieceTemplate.smt2 : 3150 ms.
--------------------------------------------------
sat
QF_NRA/LassoRanker/CooperatingT2/jacobi.c.i.jacobi.pl.t2.nor.t2.rlgfixed.t2.c_Iteration5_Loop_4-pieceTemplate.smt2 : 3414 ms.
--------------------------------------------------
sat
QF_NRA/LassoRanker/CooperatingT2/jacobi.t2.c_Iteration4_Loop_4-pieceTemplate.smt2 : 1638 ms.
--------------------------------------------------
sat
QF_NRA/LassoRanker/CooperatingT2/jacobi.t2.c_Iteration5_Loop_4-pieceTemplate.smt2 : 3050 ms.
--------------------------------------------------
sat
QF_NRA/LassoRanker/CooperatingT2/loop3.t2.c_Iteration29_Lasso_4-pieceTemplate.smt2 : 22465 ms.
--------------------------------------------------
sat
QF_NRA/LassoRanker/CooperatingT2/loop3.t2.c_Iteration32_Lasso_4-pieceTemplate.smt2 : 12602 ms.
--------------------------------------------------
sat
QF_NRA/LassoRanker/CooperatingT2/loop3.t2.c_Iteration4_Loop_4-pieceTemplate.smt2 : 363 ms.
--------------------------------------------------
sat
QF_NRA/LassoRanker/CooperatingT2/loop_on_input.t2.c_Iteration1_Loop_4-pieceTemplate.smt2 : 739 ms.
--------------------------------------------------
sat
QF_NRA/LassoRanker/CooperatingT2/magic.t2.c_Iteration2_Loop_4-pieceTemplate.smt2 : 1373 ms.
--------------------------------------------------
sat
QF_NRA/LassoRanker/CooperatingT2/magic.t2.c_Iteration4_Loop_4-pieceTemplate.smt2 : 401 ms.
--------------------------------------------------
sat
QF_NRA/LassoRanker/CooperatingT2/matrixsqrt.t2.c_Iteration12_Loop_3-pieceTemplate.smt2 : 1232 ms.
--------------------------------------------------
sat
QF_NRA/LassoRanker/CooperatingT2/matrixsqrt.t2.c_Iteration12_Loop_4-pieceTemplate.smt2 : 6690 ms.
--------------------------------------------------
sat
QF_NRA/LassoRanker/CooperatingT2/matrixsqrt.t2.c_Iteration2_Loop_4-pieceTemplate.smt2 : 1305 ms.
--------------------------------------------------
sat
QF_NRA/LassoRanker/CooperatingT2/matrixsqrt.t2.c_Iteration4_Loop_4-pieceTemplate.smt2 : 2837 ms.
--------------------------------------------------
sat
QF_NRA/LassoRanker/CooperatingT2/matrixsqrt.t2.c_Iteration6_Loop_4-pieceTemplate.smt2 : 3090 ms.
--------------------------------------------------
sat
QF_NRA/LassoRanker/CooperatingT2/mc91test.t2.c_Iteration2_Loop_4-pieceTemplate.smt2 : 752 ms.
--------------------------------------------------
sat
QF_NRA/LassoRanker/CooperatingT2/mc91test.t2.c_Iteration3_Loop_4-pieceTemplate.smt2 : 1009 ms.
--------------------------------------------------
sat
QF_NRA/LassoRanker/CooperatingT2/mc91test.t2.c_Iteration5_Loop_3-pieceTemplate.smt2 : 4420 ms.
--------------------------------------------------
sat
QF_NRA/LassoRanker/CooperatingT2/mc91test.t2.c_Iteration5_Loop_4-pieceTemplate.smt2 : 3256 ms.
--------------------------------------------------
sat
QF_NRA/LassoRanker/CooperatingT2/mc91test.t2.c_Iteration6_Loop_7-phaseTemplate.smt2 : 786 ms.
--------------------------------------------------
sat
QF_NRA/LassoRanker/CooperatingT2/n-15a.t2.c_Iteration1_Loop_4-pieceTemplate.smt2 : 1428 ms.
--------------------------------------------------
sat
QF_NRA/LassoRanker/CooperatingT2/ndes.t2.c_Iteration2_Loop_4-pieceTemplate.smt2 : 98886 ms.
--------------------------------------------------
sat
QF_NRA/LassoRanker/CooperatingT2/ndes.t2.c_Iteration3_Loop_2-pieceTemplate.smt2 : 5048 ms.
--------------------------------------------------
sat
QF_NRA/LassoRanker/CooperatingT2/ndes.t2.c_Iteration3_Loop_4-pieceTemplate.smt2 : 51416 ms.
--------------------------------------------------
sat
QF_NRA/LassoRanker/CooperatingT2/neg-1394complete-fail.t2.c_Iteration5_Loop_4-pieceTemplate.smt2 : 494 ms.
--------------------------------------------------
sat
QF_NRA/LassoRanker/CooperatingT2/neg-smagilla-fail.t2.c_Iteration1_Loop_4-pieceTemplate.smt2 : 4001 ms.
--------------------------------------------------
sat
QF_NRA/LassoRanker/CooperatingT2/nested.t2.c_Iteration2_Loop_4-pieceTemplate.smt2 : 545 ms.
--------------------------------------------------
sat
QF_NRA/LassoRanker/CooperatingT2/nested.t2.c_Iteration3_Loop_3-pieceTemplate.smt2 : 263 ms.
--------------------------------------------------
sat
QF_NRA/LassoRanker/CooperatingT2/nested.t2.c_Iteration4_Loop_3-pieceTemplate.smt2 : 300 ms.
--------------------------------------------------
sat
QF_NRA/LassoRanker/CooperatingT2/nested.t2.c_Iteration4_Loop_4-pieceTemplate.smt2 : 598 ms.
--------------------------------------------------
sat
QF_NRA/LassoRanker/CooperatingT2/n_firewire_instrumented-PP.t2.c_Iteration11_Loop_3-pieceTemplate.smt2 : 2151 ms.
--------------------------------------------------
sat
QF_NRA/LassoRanker/CooperatingT2/n_firewire_instrumented-PP.t2.c_Iteration11_Loop_4-pieceTemplate.smt2 : 5167 ms.
--------------------------------------------------
sat
QF_NRA/LassoRanker/CooperatingT2/n_firewire_instrumented-PP.t2.c_Iteration12_Loop_4-pieceTemplate.smt2 : 400 ms.
