--------------------------------------------------
./solvers/mathsat/run.sh: line 3: 56730 Killed                  ./mathsat ../$1
QF_NRA/20211101-Geogebra/EulerInequality_IsoTriangle-CircumRadius_InRadius.smt2 : 1800168 ms.
--------------------------------------------------
./solvers/mathsat/run.sh: line 3: 70445 Killed                  ./mathsat ../$1
QF_NRA/20211101-Geogebra/IsoRightTriangle-Bottema11_20b.smt2 : 1800141 ms.
--------------------------------------------------
./solvers/mathsat/run.sh: line 3: 74046 Killed                  ./mathsat ../$1
QF_NRA/20211101-Geogebra/IsoRightTriangle-Bottema1_12a.smt2 : 1800165 ms.
--------------------------------------------------
./solvers/mathsat/run.sh: line 3: 76578 Killed                  ./mathsat ../$1
QF_NRA/20211101-Geogebra/IsoRightTriangle-Bottema1_12b.smt2 : 1800215 ms.
--------------------------------------------------
./solvers/mathsat/run.sh: line 3: 78994 Killed                  ./mathsat ../$1
QF_NRA/20211101-Geogebra/IsoRightTriangle-Bottema1_14a.smt2 : 1800106 ms.
--------------------------------------------------
./solvers/mathsat/run.sh: line 3: 80349 Killed                  ./mathsat ../$1
QF_NRA/20211101-Geogebra/IsoRightTriangle-Bottema1_14b.smt2 : 1800091 ms.
--------------------------------------------------
./solvers/mathsat/run.sh: line 3: 81416 Killed                  ./mathsat ../$1
QF_NRA/20211101-Geogebra/IsoRightTriangle-Bottema1_15a.smt2 : 1800110 ms.
--------------------------------------------------
./solvers/mathsat/run.sh: line 3: 82901 Killed                  ./mathsat ../$1
QF_NRA/20211101-Geogebra/IsoRightTriangle-Bottema1_15b.smt2 : 1800068 ms.
--------------------------------------------------
./solvers/mathsat/run.sh: line 3: 84929 Killed                  ./mathsat ../$1
QF_NRA/20211101-Geogebra/IsoRightTriangle-Bottema1_17a.smt2 : 1800241 ms.
--------------------------------------------------
./solvers/mathsat/run.sh: line 3: 86066 Killed                  ./mathsat ../$1
QF_NRA/20211101-Geogebra/IsoRightTriangle-Bottema1_17b.smt2 : 1800114 ms.
--------------------------------------------------
./solvers/mathsat/run.sh: line 3: 87341 Killed                  ./mathsat ../$1
QF_NRA/20211101-Geogebra/IsoRightTriangle-Bottema1_19a.smt2 : 1800103 ms.
--------------------------------------------------
./solvers/mathsat/run.sh: line 3: 88309 Killed                  ./mathsat ../$1
QF_NRA/20211101-Geogebra/IsoRightTriangle-Bottema1_19b.smt2 : 1800123 ms.
--------------------------------------------------
./solvers/mathsat/run.sh: line 3: 89179 Killed                  ./mathsat ../$1
QF_NRA/20211101-Geogebra/IsoRightTriangle-Bottema1_1a.smt2 : 1800227 ms.
--------------------------------------------------
./solvers/mathsat/run.sh: line 3: 90119 Killed                  ./mathsat ../$1
QF_NRA/20211101-Geogebra/IsoRightTriangle-Bottema1_1b.smt2 : 1800221 ms.
--------------------------------------------------
./solvers/mathsat/run.sh: line 3: 91384 Killed                  ./mathsat ../$1
QF_NRA/20211101-Geogebra/IsoRightTriangle-Bottema1_23a.smt2 : 1800169 ms.
--------------------------------------------------
./solvers/mathsat/run.sh: line 3: 92079 Killed                  ./mathsat ../$1
QF_NRA/20211101-Geogebra/IsoRightTriangle-Bottema1_23b.smt2 : 1800122 ms.
--------------------------------------------------
./solvers/mathsat/run.sh: line 3: 92826 Killed                  ./mathsat ../$1
QF_NRA/20211101-Geogebra/IsoRightTriangle-Bottema1_2a.smt2 : 1800442 ms.
--------------------------------------------------
./solvers/mathsat/run.sh: line 3: 93561 Killed                  ./mathsat ../$1
QF_NRA/20211101-Geogebra/IsoRightTriangle-Bottema1_2b.smt2 : 1800089 ms.
--------------------------------------------------
./solvers/mathsat/run.sh: line 3: 94295 Killed                  ./mathsat ../$1
QF_NRA/20211101-Geogebra/IsoRightTriangle-Bottema1_3a.smt2 : 1800117 ms.
--------------------------------------------------
./solvers/mathsat/run.sh: line 3: 94991 Killed                  ./mathsat ../$1
QF_NRA/20211101-Geogebra/IsoRightTriangle-Bottema1_3b.smt2 : 1800085 ms.
--------------------------------------------------
./solvers/mathsat/run.sh: line 3: 95705 Killed                  ./mathsat ../$1
QF_NRA/20211101-Geogebra/IsoRightTriangle-Bottema1_4a.smt2 : 1800487 ms.
--------------------------------------------------
./solvers/mathsat/run.sh: line 3: 96683 Killed                  ./mathsat ../$1
QF_NRA/20211101-Geogebra/IsoRightTriangle-Bottema1_4b.smt2 : 1800178 ms.
--------------------------------------------------
./solvers/mathsat/run.sh: line 3: 97226 Killed                  ./mathsat ../$1
QF_NRA/20211101-Geogebra/IsoRightTriangle-Bottema1_5a.smt2 : 1800572 ms.
--------------------------------------------------
./solvers/mathsat/run.sh: line 3: 98053 Killed                  ./mathsat ../$1
QF_NRA/20211101-Geogebra/IsoRightTriangle-Bottema1_5b.smt2 : 1800300 ms.
--------------------------------------------------
./solvers/mathsat/run.sh: line 3: 98629 Killed                  ./mathsat ../$1
QF_NRA/20211101-Geogebra/IsoRightTriangle-Bottema1_6a.smt2 : 1800372 ms.
--------------------------------------------------
./solvers/mathsat/run.sh: line 3: 99050 Killed                  ./mathsat ../$1
QF_NRA/20211101-Geogebra/IsoRightTriangle-Bottema1_6b.smt2 : 1800148 ms.
--------------------------------------------------
./solvers/mathsat/run.sh: line 3: 99720 Killed                  ./mathsat ../$1
QF_NRA/20211101-Geogebra/IsoRightTriangle-Bottema1_7a.smt2 : 1800140 ms.
--------------------------------------------------
./solvers/mathsat/run.sh: line 3: 100307 Killed                  ./mathsat ../$1
QF_NRA/20211101-Geogebra/IsoRightTriangle-Bottema1_7b.smt2 : 1800130 ms.
--------------------------------------------------
./solvers/mathsat/run.sh: line 3: 100932 Killed                  ./mathsat ../$1
QF_NRA/20211101-Geogebra/IsoRightTriangle-Bottema1_8a.smt2 : 1800105 ms.
--------------------------------------------------
./solvers/mathsat/run.sh: line 3: 101604 Killed                  ./mathsat ../$1
QF_NRA/20211101-Geogebra/IsoRightTriangle-Bottema1_8b.smt2 : 1800118 ms.
--------------------------------------------------
./solvers/mathsat/run.sh: line 3: 102202 Killed                  ./mathsat ../$1
QF_NRA/20211101-Geogebra/IsoRightTriangle-Bottema1_9a.smt2 : 1800071 ms.
--------------------------------------------------
./solvers/mathsat/run.sh: line 3: 102972 Killed                  ./mathsat ../$1
QF_NRA/20211101-Geogebra/IsoRightTriangle-Bottema1_9b.smt2 : 1800210 ms.
--------------------------------------------------
./solvers/mathsat/run.sh: line 3: 103543 Killed                  ./mathsat ../$1
QF_NRA/20211101-Geogebra/IsoRightTriangle-Bottema4_2b.smt2 : 1800210 ms.
--------------------------------------------------
./solvers/mathsat/run.sh: line 3: 103925 Killed                  ./mathsat ../$1
QF_NRA/20211101-Geogebra/IsoRightTriangle-Bottema5_3b.smt2 : 1800122 ms.
--------------------------------------------------
./solvers/mathsat/run.sh: line 3: 104330 Killed                  ./mathsat ../$1
QF_NRA/20211101-Geogebra/IsoRightTriangle-Bottema6_1b.smt2 : 1800132 ms.
--------------------------------------------------
./solvers/mathsat/run.sh: line 3: 104748 Killed                  ./mathsat ../$1
QF_NRA/20211101-Geogebra/IsoRightTriangle-Bottema8_1b.smt2 : 1800119 ms.
--------------------------------------------------
./solvers/mathsat/run.sh: line 3: 105197 Killed                  ./mathsat ../$1
QF_NRA/20211101-Geogebra/IsoTriangle-Area_Perimeter_a.smt2 : 1800192 ms.
--------------------------------------------------
./solvers/mathsat/run.sh: line 3: 105541 Killed                  ./mathsat ../$1
QF_NRA/20211101-Geogebra/IsoTriangle-Bottema11_20a.smt2 : 1800293 ms.
--------------------------------------------------
./solvers/mathsat/run.sh: line 3: 105913 Killed                  ./mathsat ../$1
QF_NRA/20211101-Geogebra/IsoTriangle-Bottema11_20b.smt2 : 1800178 ms.
--------------------------------------------------
./solvers/mathsat/run.sh: line 3: 106293 Killed                  ./mathsat ../$1
QF_NRA/20211101-Geogebra/IsoTriangle-Bottema1_19a.smt2 : 1800200 ms.
--------------------------------------------------
./solvers/mathsat/run.sh: line 3: 106639 Killed                  ./mathsat ../$1
QF_NRA/20211101-Geogebra/IsoTriangle-Bottema1_19b.smt2 : 1800178 ms.
--------------------------------------------------
./solvers/mathsat/run.sh: line 3: 107017 Killed                  ./mathsat ../$1
QF_NRA/20211101-Geogebra/IsoTriangle-Bottema1_1a.smt2 : 1800163 ms.
--------------------------------------------------
./solvers/mathsat/run.sh: line 3: 107483 Killed                  ./mathsat ../$1
QF_NRA/20211101-Geogebra/IsoTriangle-Bottema1_1b.smt2 : 1800246 ms.
--------------------------------------------------
./solvers/mathsat/run.sh: line 3: 107810 Killed                  ./mathsat ../$1
QF_NRA/20211101-Geogebra/IsoTriangle-Bottema4_2a.smt2 : 1800189 ms.
--------------------------------------------------
./solvers/mathsat/run.sh: line 3: 108138 Killed                  ./mathsat ../$1
QF_NRA/20211101-Geogebra/IsoTriangle-Bottema4_2b.smt2 : 1800144 ms.
--------------------------------------------------
./solvers/mathsat/run.sh: line 3: 108448 Killed                  ./mathsat ../$1
QF_NRA/20211101-Geogebra/IsoTriangle-Bottema5_3a.smt2 : 1800309 ms.
--------------------------------------------------
./solvers/mathsat/run.sh: line 3: 108785 Killed                  ./mathsat ../$1
QF_NRA/20211101-Geogebra/IsoTriangle-Bottema5_3b.smt2 : 1800131 ms.
--------------------------------------------------
./solvers/mathsat/run.sh: line 3: 109223 Killed                  ./mathsat ../$1
QF_NRA/20211101-Geogebra/IsoTriangle-Bottema6_1a.smt2 : 1800228 ms.
--------------------------------------------------
./solvers/mathsat/run.sh: line 3: 109569 Killed                  ./mathsat ../$1
QF_NRA/20211101-Geogebra/IsoTriangle-Bottema6_1b.smt2 : 1800221 ms.
--------------------------------------------------
./solvers/mathsat/run.sh: line 3: 109873 Killed                  ./mathsat ../$1
QF_NRA/20211101-Geogebra/IsoTriangle-Bottema8_1a.smt2 : 1800153 ms.
--------------------------------------------------
./solvers/mathsat/run.sh: line 3: 110187 Killed                  ./mathsat ../$1
QF_NRA/20211101-Geogebra/IsoTriangle-Bottema8_1b.smt2 : 1800172 ms.
--------------------------------------------------
./solvers/mathsat/run.sh: line 3: 110492 Killed                  ./mathsat ../$1
QF_NRA/20211101-Geogebra/IsoTriangle-Median_Perimeter_a1.smt2 : 1800144 ms.
--------------------------------------------------
./solvers/mathsat/run.sh: line 3: 110821 Killed                  ./mathsat ../$1
QF_NRA/20211101-Geogebra/IsoTriangle-Median_Perimeter_a2.smt2 : 1800153 ms.
--------------------------------------------------
./solvers/mathsat/run.sh: line 3: 111151 Killed                  ./mathsat ../$1
QF_NRA/20211101-Geogebra/IsoTriangle-Perimeter_CircumRadius_a.smt2 : 1800498 ms.
--------------------------------------------------
./solvers/mathsat/run.sh: line 3: 111408 Killed                  ./mathsat ../$1
QF_NRA/20211101-Geogebra/IsoTriangle-Perimeter_CircumRadius_b.smt2 : 1800415 ms.
--------------------------------------------------
./solvers/mathsat/run.sh: line 3: 111670 Killed                  ./mathsat ../$1
QF_NRA/20211101-Geogebra/IsoTriangle-Perimeter_CircumRadius_c.smt2 : 1800275 ms.
--------------------------------------------------
./solvers/mathsat/run.sh: line 3: 111977 Killed                  ./mathsat ../$1
QF_NRA/20211101-Geogebra/IsoTriangle-Perimeter_InRadius.smt2 : 1800479 ms.
--------------------------------------------------
./solvers/mathsat/run.sh: line 3: 112228 Killed                  ./mathsat ../$1
QF_NRA/20211101-Geogebra/KochanskiPiApproximation-RegDodecagon.smt2 : 1800921 ms.
--------------------------------------------------
./solvers/mathsat/run.sh: line 3: 112491 Killed                  ./mathsat ../$1
QF_NRA/20211101-Geogebra/KochanskiPiApproximation.smt2 : 1800370 ms.
--------------------------------------------------
./solvers/mathsat/run.sh: line 3: 112701 Killed                  ./mathsat ../$1
QF_NRA/20211101-Geogebra/Odom-GoldenRatio-RegTriangle.smt2 : 1800124 ms.
--------------------------------------------------
./solvers/mathsat/run.sh: line 3: 112942 Killed                  ./mathsat ../$1
QF_NRA/20211101-Geogebra/OposicionsSecundariaCatalunya2018-2_4a.smt2 : 1800111 ms.
--------------------------------------------------
./solvers/mathsat/run.sh: line 3: 113151 Killed                  ./mathsat ../$1
QF_NRA/20211101-Geogebra/OposicionsSecundariaCatalunya2018-2_4b.smt2 : 1800176 ms.
--------------------------------------------------
./solvers/mathsat/run.sh: line 3: 113385 Killed                  ./mathsat ../$1
QF_NRA/20211101-Geogebra/PythagoreanGeneralization_Triangle-aa+bb_cc.smt2 : 1800195 ms.
--------------------------------------------------
./solvers/mathsat/run.sh: line 3: 113590 Killed                  ./mathsat ../$1
QF_NRA/20211101-Geogebra/RegDecagon-Diagonal_Side.smt2 : 1800090 ms.
--------------------------------------------------
./solvers/mathsat/run.sh: line 3: 113800 Killed                  ./mathsat ../$1
QF_NRA/20211101-Geogebra/RegHendecagon-Diagonal_Side.smt2 : 1800241 ms.
--------------------------------------------------
./solvers/mathsat/run.sh: line 3: 114021 Killed                  ./mathsat ../$1
QF_NRA/20211101-Geogebra/RegHeptagon-Diagonal_Side.smt2 : 1800138 ms.
--------------------------------------------------
./solvers/mathsat/run.sh: line 3: 114235 Killed                  ./mathsat ../$1
QF_NRA/20211101-Geogebra/RegHexagon-Diagonal_Side.smt2 : 1800260 ms.
--------------------------------------------------
./solvers/mathsat/run.sh: line 3: 114465 Killed                  ./mathsat ../$1
QF_NRA/20211101-Geogebra/RegHexagon-ProductDiagonals_CircumRadius.smt2 : 1800123 ms.
--------------------------------------------------
./solvers/mathsat/run.sh: line 3: 114651 Killed                  ./mathsat ../$1
QF_NRA/20211101-Geogebra/RegNonagon-Diagonal_Side.smt2 : 1800071 ms.
--------------------------------------------------
./solvers/mathsat/run.sh: line 3: 114817 Killed                  ./mathsat ../$1
QF_NRA/20211101-Geogebra/RegOctagon-Diagonal_Side.smt2 : 1800512 ms.
--------------------------------------------------
./solvers/mathsat/run.sh: line 3: 114997 Killed                  ./mathsat ../$1
QF_NRA/20211101-Geogebra/RegOctagon-ProductDiagonals_CircumRadius.smt2 : 1800331 ms.
--------------------------------------------------
./solvers/mathsat/run.sh: line 3: 115182 Killed                  ./mathsat ../$1
QF_NRA/20211101-Geogebra/RegPentagon-Diagonal_Side.smt2 : 1800168 ms.
--------------------------------------------------
./solvers/mathsat/run.sh: line 3: 115379 Killed                  ./mathsat ../$1
QF_NRA/20211101-Geogebra/RightTriangle-Bottema11_20a.smt2 : 1800137 ms.
--------------------------------------------------
./solvers/mathsat/run.sh: line 3: 115554 Killed                  ./mathsat ../$1
QF_NRA/20211101-Geogebra/RightTriangle-Bottema11_20b.smt2 : 1800554 ms.
--------------------------------------------------
./solvers/mathsat/run.sh: line 3: 115743 Killed                  ./mathsat ../$1
QF_NRA/20211101-Geogebra/RightTriangle-Bottema11_20.smt2 : 1800540 ms.
--------------------------------------------------
./solvers/mathsat/run.sh: line 3: 115892 Killed                  ./mathsat ../$1
QF_NRA/20211101-Geogebra/RightTriangle-Bottema1_19a.smt2 : 1800181 ms.
--------------------------------------------------
./solvers/mathsat/run.sh: line 3: 116067 Killed                  ./mathsat ../$1
QF_NRA/20211101-Geogebra/RightTriangle-Bottema1_19b.smt2 : 1800127 ms.
--------------------------------------------------
./solvers/mathsat/run.sh: line 3: 116232 Killed                  ./mathsat ../$1
QF_NRA/20211101-Geogebra/RightTriangle-Bottema1_1a.smt2 : 1800128 ms.
--------------------------------------------------
./solvers/mathsat/run.sh: line 3: 116410 Killed                  ./mathsat ../$1
QF_NRA/20211101-Geogebra/RightTriangle-Bottema1_1b.smt2 : 1800128 ms.
--------------------------------------------------
./solvers/mathsat/run.sh: line 3: 116568 Killed                  ./mathsat ../$1
QF_NRA/20211101-Geogebra/RightTriangle-Bottema4_2a.smt2 : 1800138 ms.
--------------------------------------------------
./solvers/mathsat/run.sh: line 3: 116750 Killed                  ./mathsat ../$1
QF_NRA/20211101-Geogebra/RightTriangle-Bottema4_2b.smt2 : 1800292 ms.
--------------------------------------------------
./solvers/mathsat/run.sh: line 3: 116914 Killed                  ./mathsat ../$1
QF_NRA/20211101-Geogebra/RightTriangle-Bottema5_3a.smt2 : 1800457 ms.
--------------------------------------------------
./solvers/mathsat/run.sh: line 3: 117090 Killed                  ./mathsat ../$1
QF_NRA/20211101-Geogebra/RightTriangle-Bottema5_3b.smt2 : 1800059 ms.
--------------------------------------------------
./solvers/mathsat/run.sh: line 3: 117255 Killed                  ./mathsat ../$1
QF_NRA/20211101-Geogebra/RightTriangle-Bottema6_1a.smt2 : 1800087 ms.
--------------------------------------------------
./solvers/mathsat/run.sh: line 3: 117461 Killed                  ./mathsat ../$1
QF_NRA/20211101-Geogebra/RightTriangle-Bottema6_1b.smt2 : 1800089 ms.
--------------------------------------------------
./solvers/mathsat/run.sh: line 3: 117616 Killed                  ./mathsat ../$1
QF_NRA/20211101-Geogebra/RightTriangle-Bottema8_1a.smt2 : 1800084 ms.
--------------------------------------------------
./solvers/mathsat/run.sh: line 3: 117785 Killed                  ./mathsat ../$1
QF_NRA/20211101-Geogebra/RightTriangle-Bottema8_1b.smt2 : 1800050 ms.
--------------------------------------------------
./solvers/mathsat/run.sh: line 3: 117944 Killed                  ./mathsat ../$1
QF_NRA/20211101-Geogebra/Square-Diagonal_Side.smt2 : 1800080 ms.
--------------------------------------------------
./solvers/mathsat/run.sh: line 3: 118104 Killed                  ./mathsat ../$1
QF_NRA/20211101-Geogebra/Triangle-2Sides_Medians_a.smt2 : 1800068 ms.
--------------------------------------------------
./solvers/mathsat/run.sh: line 3: 118260 Killed                  ./mathsat ../$1
QF_NRA/20211101-Geogebra/Triangle-Area_Perimeter_a.smt2 : 1800087 ms.
--------------------------------------------------
./solvers/mathsat/run.sh: line 3: 118421 Killed                  ./mathsat ../$1
QF_NRA/20211101-Geogebra/Triangle-Bottema1_12.smt2 : 1800115 ms.
--------------------------------------------------
./solvers/mathsat/run.sh: line 3: 118572 Killed                  ./mathsat ../$1
QF_NRA/20211101-Geogebra/Triangle-Bottema1_14.smt2 : 1800060 ms.
--------------------------------------------------
./solvers/mathsat/run.sh: line 3: 118736 Killed                  ./mathsat ../$1
QF_NRA/20211101-Geogebra/Triangle-Bottema1_15.smt2 : 1800064 ms.
--------------------------------------------------
./solvers/mathsat/run.sh: line 3: 118889 Killed                  ./mathsat ../$1
QF_NRA/20211101-Geogebra/Triangle-Bottema1_17.smt2 : 1800111 ms.
--------------------------------------------------
./solvers/mathsat/run.sh: line 3: 119055 Killed                  ./mathsat ../$1
QF_NRA/20211101-Geogebra/Triangle-Bottema1_19.smt2 : 1800098 ms.
--------------------------------------------------
./solvers/mathsat/run.sh: line 3: 119206 Killed                  ./mathsat ../$1
QF_NRA/20211101-Geogebra/Triangle-Bottema1_1.smt2 : 1800053 ms.
--------------------------------------------------
./solvers/mathsat/run.sh: line 3: 119378 Killed                  ./mathsat ../$1
QF_NRA/20211101-Geogebra/Triangle-Bottema1_23.smt2 : 1800070 ms.
--------------------------------------------------
./solvers/mathsat/run.sh: line 3: 119537 Killed                  ./mathsat ../$1
QF_NRA/20211101-Geogebra/Triangle-Bottema1_2.smt2 : 1800042 ms.
--------------------------------------------------
./solvers/mathsat/run.sh: line 3: 119702 Killed                  ./mathsat ../$1
QF_NRA/20211101-Geogebra/Triangle-Bottema1_3.smt2 : 1800093 ms.
--------------------------------------------------
./solvers/mathsat/run.sh: line 3: 119847 Killed                  ./mathsat ../$1
QF_NRA/20211101-Geogebra/Triangle-Bottema1_4.smt2 : 1800076 ms.
--------------------------------------------------
./solvers/mathsat/run.sh: line 3: 120004 Killed                  ./mathsat ../$1
QF_NRA/20211101-Geogebra/Triangle-Bottema1_5.smt2 : 1800046 ms.
--------------------------------------------------
./solvers/mathsat/run.sh: line 3: 120146 Killed                  ./mathsat ../$1
QF_NRA/20211101-Geogebra/Triangle-Bottema1_6.smt2 : 1800113 ms.
--------------------------------------------------
./solvers/mathsat/run.sh: line 3: 120303 Killed                  ./mathsat ../$1
QF_NRA/20211101-Geogebra/Triangle-Bottema1_7.smt2 : 1800099 ms.
--------------------------------------------------
./solvers/mathsat/run.sh: line 3: 120446 Killed                  ./mathsat ../$1
QF_NRA/20211101-Geogebra/Triangle-Bottema1_8.smt2 : 1800119 ms.
--------------------------------------------------
./solvers/mathsat/run.sh: line 3: 120607 Killed                  ./mathsat ../$1
QF_NRA/20211101-Geogebra/Triangle-Bottema1_9.smt2 : 1800160 ms.
--------------------------------------------------
./solvers/mathsat/run.sh: line 3: 120747 Killed                  ./mathsat ../$1
QF_NRA/20211101-Geogebra/Triangle-Bottema5_3.smt2 : 1800090 ms.
--------------------------------------------------
./solvers/mathsat/run.sh: line 3: 120894 Killed                  ./mathsat ../$1
QF_NRA/20211101-Geogebra/TriangleInequality_Triangle-a+b_c.smt2 : 1800574 ms.
--------------------------------------------------
./solvers/mathsat/run.sh: line 3: 121030 Killed                  ./mathsat ../$1
QF_NRA/20211101-Geogebra/Triangle-Perimeter_2Medians_a.smt2 : 1800237 ms.
--------------------------------------------------
./solvers/mathsat/run.sh: line 3: 134721 Killed                  ./mathsat ../$1
QF_NRA/20211101-Geogebra/Triangle-SymmHomPoly_3-2-1.smt2 : 1800069 ms.
--------------------------------------------------
./solvers/mathsat/run.sh: line 3: 138250 Killed                  ./mathsat ../$1
QF_NRA/20211101-Geogebra/Triangle-SymmHomPoly_3-2-2.smt2 : 1800044 ms.
--------------------------------------------------
./solvers/mathsat/run.sh: line 3: 140602 Killed                  ./mathsat ../$1
QF_NRA/20211101-Geogebra/Triangle-SymmHomPoly_3-2-3.smt2 : 1800058 ms.
--------------------------------------------------
./solvers/mathsat/run.sh: line 3: 143173 Killed                  ./mathsat ../$1
QF_NRA/20211101-Geogebra/Triangle-SymmHomPoly_3-3-1.smt2 : 1800080 ms.
