--------------------------------------------------
unsat
QF_NRA/hycomp_2/ball_count_1d_plain.03.qfree_global_2.smt2 : 464 ms.
--------------------------------------------------
unsat
QF_NRA/hycomp_2/ball_count_1d_plain.03.qfree_global_3.smt2 : 36 ms.
--------------------------------------------------
unsat
QF_NRA/hycomp_2/ball_count_1d_plain.03.qfree_global_4.smt2 : 47 ms.
--------------------------------------------------
unsat
QF_NRA/hycomp_2/ball_count_1d_plain.03.qfree_global_5.smt2 : 36 ms.
--------------------------------------------------
sat
QF_NRA/hycomp_2/ball_count_1d_plain.03.qfree_global_6.smt2 : 71 ms.
--------------------------------------------------
unsat
QF_NRA/hycomp_2/ball_count_1d_plain.03.qfree_global_7.smt2 : 43 ms.
--------------------------------------------------
sat
QF_NRA/hycomp_2/ball_count_1d_plain.03.qfree_global_8.smt2 : 99 ms.
--------------------------------------------------
unsat
QF_NRA/hycomp_2/ball_count_1d_plain.03.qfree_global_9.smt2 : 39 ms.
--------------------------------------------------
unsat
QF_NRA/hycomp_2/ball_count_1d_plain.03.redlog_global_0.smt2 : 26 ms.
--------------------------------------------------
sat
QF_NRA/hycomp_2/ball_count_1d_plain.03.redlog_global_10.smt2 : 15198 ms.
--------------------------------------------------
unsat
QF_NRA/hycomp_2/ball_count_1d_plain.03.redlog_global_11.smt2 : 50 ms.
--------------------------------------------------
sat
QF_NRA/hycomp_2/ball_count_1d_plain.03.redlog_global_12.smt2 : 15141 ms.
--------------------------------------------------
unsat
QF_NRA/hycomp_2/ball_count_1d_plain.03.redlog_global_13.smt2 : 59 ms.
--------------------------------------------------
timeout
QF_NRA/hycomp_2/ball_count_1d_plain.03.redlog_global_14.smt2 : 1800019 ms.
--------------------------------------------------
unsat
QF_NRA/hycomp_2/ball_count_1d_plain.03.redlog_global_15.smt2 : 61 ms.
--------------------------------------------------
unsat
QF_NRA/hycomp_2/ball_count_1d_plain.03.redlog_global_1.smt2 : 20 ms.
--------------------------------------------------
unsat
QF_NRA/hycomp_2/ball_count_1d_plain.03.redlog_global_2.smt2 : 24 ms.
--------------------------------------------------
unsat
QF_NRA/hycomp_2/ball_count_1d_plain.03.redlog_global_3.smt2 : 26 ms.
--------------------------------------------------
unsat
QF_NRA/hycomp_2/ball_count_1d_plain.03.redlog_global_4.smt2 : 58 ms.
--------------------------------------------------
unsat
QF_NRA/hycomp_2/ball_count_1d_plain.03.redlog_global_5.smt2 : 30 ms.
--------------------------------------------------
sat
QF_NRA/hycomp_2/ball_count_1d_plain.03.redlog_global_6.smt2 : 246 ms.
--------------------------------------------------
unsat
QF_NRA/hycomp_2/ball_count_1d_plain.03.redlog_global_7.smt2 : 38 ms.
--------------------------------------------------
sat
QF_NRA/hycomp_2/ball_count_1d_plain.03.redlog_global_8.smt2 : 5093 ms.
--------------------------------------------------
unsat
QF_NRA/hycomp_2/ball_count_1d_plain.03.redlog_global_9.smt2 : 41 ms.
--------------------------------------------------
unsat
QF_NRA/hycomp_2/ball_count_1d_plain.03.seq_lazy_global_0.smt2 : 20 ms.
--------------------------------------------------
sat
QF_NRA/hycomp_2/ball_count_1d_plain.03.seq_lazy_global_10.smt2 : 811 ms.
--------------------------------------------------
unsat
QF_NRA/hycomp_2/ball_count_1d_plain.03.seq_lazy_global_11.smt2 : 44 ms.
--------------------------------------------------
sat
QF_NRA/hycomp_2/ball_count_1d_plain.03.seq_lazy_global_12.smt2 : 2928 ms.
--------------------------------------------------
unsat
QF_NRA/hycomp_2/ball_count_1d_plain.03.seq_lazy_global_13.smt2 : 61 ms.
--------------------------------------------------
sat
QF_NRA/hycomp_2/ball_count_1d_plain.03.seq_lazy_global_14.smt2 : 15560 ms.
--------------------------------------------------
unsat
QF_NRA/hycomp_2/ball_count_1d_plain.03.seq_lazy_global_15.smt2 : 83 ms.
--------------------------------------------------
unsat
QF_NRA/hycomp_2/ball_count_1d_plain.03.seq_lazy_global_1.smt2 : 20 ms.
--------------------------------------------------
unsat
QF_NRA/hycomp_2/ball_count_1d_plain.03.seq_lazy_global_2.smt2 : 24 ms.
--------------------------------------------------
unsat
QF_NRA/hycomp_2/ball_count_1d_plain.03.seq_lazy_global_3.smt2 : 25 ms.
--------------------------------------------------
unsat
QF_NRA/hycomp_2/ball_count_1d_plain.03.seq_lazy_global_4.smt2 : 34 ms.
--------------------------------------------------
unsat
QF_NRA/hycomp_2/ball_count_1d_plain.03.seq_lazy_global_5.smt2 : 41 ms.
--------------------------------------------------
unsat
QF_NRA/hycomp_2/ball_count_1d_plain.03.seq_lazy_global_6.smt2 : 102 ms.
--------------------------------------------------
unsat
QF_NRA/hycomp_2/ball_count_1d_plain.03.seq_lazy_global_7.smt2 : 39 ms.
--------------------------------------------------
unsat
QF_NRA/hycomp_2/ball_count_1d_plain.03.seq_lazy_global_8.smt2 : 801 ms.
--------------------------------------------------
unsat
QF_NRA/hycomp_2/ball_count_1d_plain.03.seq_lazy_global_9.smt2 : 40 ms.
--------------------------------------------------
unsat
QF_NRA/hycomp_2/ball_count_1d_plain.03.seq_lazy_lemmas_global_0.smt2 : 25 ms.
--------------------------------------------------
sat
QF_NRA/hycomp_2/ball_count_1d_plain.03.seq_lazy_lemmas_global_10.smt2 : 15635 ms.
--------------------------------------------------
unsat
QF_NRA/hycomp_2/ball_count_1d_plain.03.seq_lazy_lemmas_global_11.smt2 : 58 ms.
--------------------------------------------------
sat
QF_NRA/hycomp_2/ball_count_1d_plain.03.seq_lazy_lemmas_global_12.smt2 : 15238 ms.
--------------------------------------------------
unsat
QF_NRA/hycomp_2/ball_count_1d_plain.03.seq_lazy_lemmas_global_13.smt2 : 63 ms.
--------------------------------------------------
sat
QF_NRA/hycomp_2/ball_count_1d_plain.03.seq_lazy_lemmas_global_14.smt2 : 15324 ms.
--------------------------------------------------
unsat
QF_NRA/hycomp_2/ball_count_1d_plain.03.seq_lazy_lemmas_global_15.smt2 : 70 ms.
--------------------------------------------------
unsat
QF_NRA/hycomp_2/ball_count_1d_plain.03.seq_lazy_lemmas_global_1.smt2 : 19 ms.
--------------------------------------------------
unsat
QF_NRA/hycomp_2/ball_count_1d_plain.03.seq_lazy_lemmas_global_2.smt2 : 25 ms.
--------------------------------------------------
unsat
QF_NRA/hycomp_2/ball_count_1d_plain.03.seq_lazy_lemmas_global_3.smt2 : 27 ms.
--------------------------------------------------
unsat
QF_NRA/hycomp_2/ball_count_1d_plain.03.seq_lazy_lemmas_global_4.smt2 : 144 ms.
--------------------------------------------------
unsat
QF_NRA/hycomp_2/ball_count_1d_plain.03.seq_lazy_lemmas_global_5.smt2 : 33 ms.
--------------------------------------------------
unsat
QF_NRA/hycomp_2/ball_count_1d_plain.03.seq_lazy_lemmas_global_6.smt2 : 4315 ms.
--------------------------------------------------
unsat
QF_NRA/hycomp_2/ball_count_1d_plain.03.seq_lazy_lemmas_global_7.smt2 : 39 ms.
--------------------------------------------------
unsat
QF_NRA/hycomp_2/ball_count_1d_plain.03.seq_lazy_lemmas_global_8.smt2 : 15232 ms.
--------------------------------------------------
unsat
QF_NRA/hycomp_2/ball_count_1d_plain.03.seq_lazy_lemmas_global_9.smt2 : 52 ms.
--------------------------------------------------
unsat
QF_NRA/hycomp_2/ball_count_1d_plain.03.seq_lazy_linear_enc_global_0.smt2 : 24 ms.
--------------------------------------------------
sat
QF_NRA/hycomp_2/ball_count_1d_plain.03.seq_lazy_linear_enc_global_10.smt2 : 843 ms.
--------------------------------------------------
unsat
QF_NRA/hycomp_2/ball_count_1d_plain.03.seq_lazy_linear_enc_global_11.smt2 : 46 ms.
--------------------------------------------------
sat
QF_NRA/hycomp_2/ball_count_1d_plain.03.seq_lazy_linear_enc_global_12.smt2 : 2787 ms.
--------------------------------------------------
unsat
QF_NRA/hycomp_2/ball_count_1d_plain.03.seq_lazy_linear_enc_global_13.smt2 : 51 ms.
--------------------------------------------------
sat
QF_NRA/hycomp_2/ball_count_1d_plain.03.seq_lazy_linear_enc_global_14.smt2 : 15454 ms.
--------------------------------------------------
unsat
QF_NRA/hycomp_2/ball_count_1d_plain.03.seq_lazy_linear_enc_global_15.smt2 : 59 ms.
--------------------------------------------------
unsat
QF_NRA/hycomp_2/ball_count_1d_plain.03.seq_lazy_linear_enc_global_1.smt2 : 20 ms.
--------------------------------------------------
unsat
QF_NRA/hycomp_2/ball_count_1d_plain.03.seq_lazy_linear_enc_global_2.smt2 : 24 ms.
--------------------------------------------------
unsat
QF_NRA/hycomp_2/ball_count_1d_plain.03.seq_lazy_linear_enc_global_3.smt2 : 30 ms.
--------------------------------------------------
unsat
QF_NRA/hycomp_2/ball_count_1d_plain.03.seq_lazy_linear_enc_global_4.smt2 : 34 ms.
--------------------------------------------------
unsat
QF_NRA/hycomp_2/ball_count_1d_plain.03.seq_lazy_linear_enc_global_5.smt2 : 31 ms.
--------------------------------------------------
unsat
QF_NRA/hycomp_2/ball_count_1d_plain.03.seq_lazy_linear_enc_global_6.smt2 : 82 ms.
--------------------------------------------------
unsat
QF_NRA/hycomp_2/ball_count_1d_plain.03.seq_lazy_linear_enc_global_7.smt2 : 36 ms.
--------------------------------------------------
unsat
QF_NRA/hycomp_2/ball_count_1d_plain.03.seq_lazy_linear_enc_global_8.smt2 : 991 ms.
--------------------------------------------------
unsat
QF_NRA/hycomp_2/ball_count_1d_plain.03.seq_lazy_linear_enc_global_9.smt2 : 38 ms.
--------------------------------------------------
unsat
QF_NRA/hycomp_2/ball_count_1d_plain.03.seq_lazy_linear_enc_lemmas_global_0.smt2 : 18 ms.
--------------------------------------------------
sat
QF_NRA/hycomp_2/ball_count_1d_plain.03.seq_lazy_linear_enc_lemmas_global_10.smt2 : 15146 ms.
--------------------------------------------------
unsat
QF_NRA/hycomp_2/ball_count_1d_plain.03.seq_lazy_linear_enc_lemmas_global_11.smt2 : 50 ms.
--------------------------------------------------
timeout
QF_NRA/hycomp_2/ball_count_1d_plain.03.seq_lazy_linear_enc_lemmas_global_12.smt2 : 1800010 ms.
--------------------------------------------------
unsat
QF_NRA/hycomp_2/ball_count_1d_plain.03.seq_lazy_linear_enc_lemmas_global_13.smt2 : 63 ms.
--------------------------------------------------
sat
QF_NRA/hycomp_2/ball_count_1d_plain.03.seq_lazy_linear_enc_lemmas_global_14.smt2 : 15764 ms.
--------------------------------------------------
unsat
QF_NRA/hycomp_2/ball_count_1d_plain.03.seq_lazy_linear_enc_lemmas_global_15.smt2 : 69 ms.
--------------------------------------------------
unsat
QF_NRA/hycomp_2/ball_count_1d_plain.03.seq_lazy_linear_enc_lemmas_global_1.smt2 : 21 ms.
--------------------------------------------------
unsat
QF_NRA/hycomp_2/ball_count_1d_plain.03.seq_lazy_linear_enc_lemmas_global_2.smt2 : 26 ms.
--------------------------------------------------
unsat
QF_NRA/hycomp_2/ball_count_1d_plain.03.seq_lazy_linear_enc_lemmas_global_3.smt2 : 28 ms.
--------------------------------------------------
unsat
QF_NRA/hycomp_2/ball_count_1d_plain.03.seq_lazy_linear_enc_lemmas_global_4.smt2 : 104 ms.
--------------------------------------------------
unsat
QF_NRA/hycomp_2/ball_count_1d_plain.03.seq_lazy_linear_enc_lemmas_global_5.smt2 : 32 ms.
--------------------------------------------------
unsat
QF_NRA/hycomp_2/ball_count_1d_plain.03.seq_lazy_linear_enc_lemmas_global_6.smt2 : 353 ms.
--------------------------------------------------
unsat
QF_NRA/hycomp_2/ball_count_1d_plain.03.seq_lazy_linear_enc_lemmas_global_7.smt2 : 38 ms.
--------------------------------------------------
unsat
QF_NRA/hycomp_2/ball_count_1d_plain.03.seq_lazy_linear_enc_lemmas_global_8.smt2 : 15088 ms.
--------------------------------------------------
unsat
QF_NRA/hycomp_2/ball_count_1d_plain.03.seq_lazy_linear_enc_lemmas_global_9.smt2 : 44 ms.
--------------------------------------------------
unsat
QF_NRA/hycomp_2/ball_count_1d_plain.04.qfree_global_0.smt2 : 20 ms.
--------------------------------------------------
sat
QF_NRA/hycomp_2/ball_count_1d_plain.04.qfree_global_10.smt2 : 18073 ms.
--------------------------------------------------
unsat
QF_NRA/hycomp_2/ball_count_1d_plain.04.qfree_global_11.smt2 : 40 ms.
--------------------------------------------------
timeout
QF_NRA/hycomp_2/ball_count_1d_plain.04.qfree_global_12.smt2 : 1800020 ms.
--------------------------------------------------
unsat
QF_NRA/hycomp_2/ball_count_1d_plain.04.qfree_global_13.smt2 : 52 ms.
--------------------------------------------------
timeout
QF_NRA/hycomp_2/ball_count_1d_plain.04.qfree_global_14.smt2 : 1800012 ms.
--------------------------------------------------
unsat
QF_NRA/hycomp_2/ball_count_1d_plain.04.qfree_global_15.smt2 : 60 ms.
--------------------------------------------------
unsat
QF_NRA/hycomp_2/ball_count_1d_plain.04.qfree_global_1.smt2 : 20 ms.
--------------------------------------------------
unsat
QF_NRA/hycomp_2/ball_count_1d_plain.04.qfree_global_2.smt2 : 23 ms.
--------------------------------------------------
unsat
QF_NRA/hycomp_2/ball_count_1d_plain.04.qfree_global_3.smt2 : 25 ms.
--------------------------------------------------
unsat
QF_NRA/hycomp_2/ball_count_1d_plain.04.qfree_global_4.smt2 : 29 ms.
--------------------------------------------------
unsat
QF_NRA/hycomp_2/ball_count_1d_plain.04.qfree_global_5.smt2 : 28 ms.
--------------------------------------------------
unsat
QF_NRA/hycomp_2/ball_count_1d_plain.04.qfree_global_6.smt2 : 41 ms.
--------------------------------------------------
unsat
QF_NRA/hycomp_2/ball_count_1d_plain.04.qfree_global_7.smt2 : 31 ms.
--------------------------------------------------
sat
QF_NRA/hycomp_2/ball_count_1d_plain.04.qfree_global_8.smt2 : 18870 ms.
--------------------------------------------------
unsat
QF_NRA/hycomp_2/ball_count_1d_plain.04.qfree_global_9.smt2 : 40 ms.
--------------------------------------------------
unsat
QF_NRA/hycomp_2/ball_count_1d_plain.04.redlog_global_0.smt2 : 19 ms.
--------------------------------------------------
sat
QF_NRA/hycomp_2/ball_count_1d_plain.04.redlog_global_10.smt2 : 16953 ms.
--------------------------------------------------
unsat
QF_NRA/hycomp_2/ball_count_1d_plain.04.redlog_global_11.smt2 : 46 ms.
--------------------------------------------------
sat
QF_NRA/hycomp_2/ball_count_1d_plain.04.redlog_global_12.smt2 : 15245 ms.
--------------------------------------------------
unsat
QF_NRA/hycomp_2/ball_count_1d_plain.04.redlog_global_13.smt2 : 52 ms.
--------------------------------------------------
sat
QF_NRA/hycomp_2/ball_count_1d_plain.04.redlog_global_14.smt2 : 16026 ms.
--------------------------------------------------
unsat
QF_NRA/hycomp_2/ball_count_1d_plain.04.redlog_global_15.smt2 : 61 ms.
--------------------------------------------------
unsat
QF_NRA/hycomp_2/ball_count_1d_plain.04.redlog_global_1.smt2 : 21 ms.
--------------------------------------------------
unsat
QF_NRA/hycomp_2/ball_count_1d_plain.04.redlog_global_2.smt2 : 25 ms.
--------------------------------------------------
unsat
QF_NRA/hycomp_2/ball_count_1d_plain.04.redlog_global_3.smt2 : 26 ms.
--------------------------------------------------
unsat
QF_NRA/hycomp_2/ball_count_1d_plain.04.redlog_global_4.smt2 : 40 ms.
--------------------------------------------------
unsat
QF_NRA/hycomp_2/ball_count_1d_plain.04.redlog_global_5.smt2 : 32 ms.
--------------------------------------------------
unsat
QF_NRA/hycomp_2/ball_count_1d_plain.04.redlog_global_6.smt2 : 90 ms.
--------------------------------------------------
unsat
QF_NRA/hycomp_2/ball_count_1d_plain.04.redlog_global_7.smt2 : 37 ms.
--------------------------------------------------
sat
QF_NRA/hycomp_2/ball_count_1d_plain.04.redlog_global_8.smt2 : 15229 ms.
--------------------------------------------------
unsat
QF_NRA/hycomp_2/ball_count_1d_plain.04.redlog_global_9.smt2 : 47 ms.
--------------------------------------------------
unsat
QF_NRA/hycomp_2/ball_count_1d_plain.04.seq_lazy_global_0.smt2 : 22 ms.
--------------------------------------------------
unsat
QF_NRA/hycomp_2/ball_count_1d_plain.04.seq_lazy_global_10.smt2 : 15071 ms.
--------------------------------------------------
unsat
QF_NRA/hycomp_2/ball_count_1d_plain.04.seq_lazy_global_11.smt2 : 50 ms.
--------------------------------------------------
unsat
QF_NRA/hycomp_2/ball_count_1d_plain.04.seq_lazy_global_12.smt2 : 15149 ms.
--------------------------------------------------
unsat
QF_NRA/hycomp_2/ball_count_1d_plain.04.seq_lazy_global_13.smt2 : 49 ms.
--------------------------------------------------
sat
QF_NRA/hycomp_2/ball_count_1d_plain.04.seq_lazy_global_14.smt2 : 15271 ms.
--------------------------------------------------
unsat
QF_NRA/hycomp_2/ball_count_1d_plain.04.seq_lazy_global_15.smt2 : 63 ms.
--------------------------------------------------
unsat
QF_NRA/hycomp_2/ball_count_1d_plain.04.seq_lazy_global_1.smt2 : 20 ms.
--------------------------------------------------
unsat
QF_NRA/hycomp_2/ball_count_1d_plain.04.seq_lazy_global_2.smt2 : 25 ms.
--------------------------------------------------
unsat
QF_NRA/hycomp_2/ball_count_1d_plain.04.seq_lazy_global_3.smt2 : 32 ms.
--------------------------------------------------
unsat
QF_NRA/hycomp_2/ball_count_1d_plain.04.seq_lazy_global_4.smt2 : 33 ms.
--------------------------------------------------
unsat
QF_NRA/hycomp_2/ball_count_1d_plain.04.seq_lazy_global_5.smt2 : 32 ms.
--------------------------------------------------
unsat
QF_NRA/hycomp_2/ball_count_1d_plain.04.seq_lazy_global_6.smt2 : 62 ms.
--------------------------------------------------
unsat
QF_NRA/hycomp_2/ball_count_1d_plain.04.seq_lazy_global_7.smt2 : 35 ms.
--------------------------------------------------
unsat
QF_NRA/hycomp_2/ball_count_1d_plain.04.seq_lazy_global_8.smt2 : 734 ms.
--------------------------------------------------
unsat
QF_NRA/hycomp_2/ball_count_1d_plain.04.seq_lazy_global_9.smt2 : 44 ms.
--------------------------------------------------
unsat
QF_NRA/hycomp_2/ball_count_1d_plain.04.seq_lazy_lemmas_global_0.smt2 : 19 ms.
--------------------------------------------------
unsat
QF_NRA/hycomp_2/ball_count_1d_plain.04.seq_lazy_lemmas_global_10.smt2 : 15136 ms.
--------------------------------------------------
unsat
QF_NRA/hycomp_2/ball_count_1d_plain.04.seq_lazy_lemmas_global_11.smt2 : 56 ms.
--------------------------------------------------
unsat
QF_NRA/hycomp_2/ball_count_1d_plain.04.seq_lazy_lemmas_global_12.smt2 : 15376 ms.
--------------------------------------------------
unsat
QF_NRA/hycomp_2/ball_count_1d_plain.04.seq_lazy_lemmas_global_13.smt2 : 60 ms.
--------------------------------------------------
sat
QF_NRA/hycomp_2/ball_count_1d_plain.04.seq_lazy_lemmas_global_14.smt2 : 15440 ms.
--------------------------------------------------
unsat
QF_NRA/hycomp_2/ball_count_1d_plain.04.seq_lazy_lemmas_global_15.smt2 : 76 ms.
--------------------------------------------------
unsat
QF_NRA/hycomp_2/ball_count_1d_plain.04.seq_lazy_lemmas_global_1.smt2 : 25 ms.
--------------------------------------------------
unsat
QF_NRA/hycomp_2/ball_count_1d_plain.04.seq_lazy_lemmas_global_2.smt2 : 26 ms.
--------------------------------------------------
unsat
QF_NRA/hycomp_2/ball_count_1d_plain.04.seq_lazy_lemmas_global_3.smt2 : 28 ms.
--------------------------------------------------
unsat
QF_NRA/hycomp_2/ball_count_1d_plain.04.seq_lazy_lemmas_global_4.smt2 : 129 ms.
--------------------------------------------------
unsat
QF_NRA/hycomp_2/ball_count_1d_plain.04.seq_lazy_lemmas_global_5.smt2 : 33 ms.
--------------------------------------------------
unsat
QF_NRA/hycomp_2/ball_count_1d_plain.04.seq_lazy_lemmas_global_6.smt2 : 2379 ms.
--------------------------------------------------
unsat
QF_NRA/hycomp_2/ball_count_1d_plain.04.seq_lazy_lemmas_global_7.smt2 : 38 ms.
--------------------------------------------------
unsat
QF_NRA/hycomp_2/ball_count_1d_plain.04.seq_lazy_lemmas_global_8.smt2 : 15084 ms.
--------------------------------------------------
unsat
QF_NRA/hycomp_2/ball_count_1d_plain.04.seq_lazy_lemmas_global_9.smt2 : 46 ms.
--------------------------------------------------
unsat
QF_NRA/hycomp_2/ball_count_1d_plain.04.seq_lazy_linear_enc_global_0.smt2 : 20 ms.
--------------------------------------------------
unsat
QF_NRA/hycomp_2/ball_count_1d_plain.04.seq_lazy_linear_enc_global_10.smt2 : 15071 ms.
--------------------------------------------------
unsat
QF_NRA/hycomp_2/ball_count_1d_plain.04.seq_lazy_linear_enc_global_11.smt2 : 44 ms.
--------------------------------------------------
unsat
QF_NRA/hycomp_2/ball_count_1d_plain.04.seq_lazy_linear_enc_global_12.smt2 : 15100 ms.
--------------------------------------------------
unsat
QF_NRA/hycomp_2/ball_count_1d_plain.04.seq_lazy_linear_enc_global_13.smt2 : 50 ms.
--------------------------------------------------
sat
QF_NRA/hycomp_2/ball_count_1d_plain.04.seq_lazy_linear_enc_global_14.smt2 : 15204 ms.
--------------------------------------------------
unsat
QF_NRA/hycomp_2/ball_count_1d_plain.04.seq_lazy_linear_enc_global_15.smt2 : 58 ms.
--------------------------------------------------
unsat
QF_NRA/hycomp_2/ball_count_1d_plain.04.seq_lazy_linear_enc_global_1.smt2 : 20 ms.
--------------------------------------------------
unsat
QF_NRA/hycomp_2/ball_count_1d_plain.04.seq_lazy_linear_enc_global_2.smt2 : 25 ms.
--------------------------------------------------
unsat
QF_NRA/hycomp_2/ball_count_1d_plain.04.seq_lazy_linear_enc_global_3.smt2 : 25 ms.
--------------------------------------------------
unsat
QF_NRA/hycomp_2/ball_count_1d_plain.04.seq_lazy_linear_enc_global_4.smt2 : 33 ms.
--------------------------------------------------
unsat
QF_NRA/hycomp_2/ball_count_1d_plain.04.seq_lazy_linear_enc_global_5.smt2 : 31 ms.
--------------------------------------------------
unsat
QF_NRA/hycomp_2/ball_count_1d_plain.04.seq_lazy_linear_enc_global_6.smt2 : 60 ms.
--------------------------------------------------
unsat
QF_NRA/hycomp_2/ball_count_1d_plain.04.seq_lazy_linear_enc_global_7.smt2 : 34 ms.
--------------------------------------------------
unsat
QF_NRA/hycomp_2/ball_count_1d_plain.04.seq_lazy_linear_enc_global_8.smt2 : 676 ms.
--------------------------------------------------
unsat
QF_NRA/hycomp_2/ball_count_1d_plain.04.seq_lazy_linear_enc_global_9.smt2 : 38 ms.
--------------------------------------------------
unsat
QF_NRA/hycomp_2/ball_count_1d_plain.04.seq_lazy_linear_enc_lemmas_global_0.smt2 : 20 ms.
--------------------------------------------------
unsat
QF_NRA/hycomp_2/ball_count_1d_plain.04.seq_lazy_linear_enc_lemmas_global_10.smt2 : 15113 ms.
--------------------------------------------------
unsat
QF_NRA/hycomp_2/ball_count_1d_plain.04.seq_lazy_linear_enc_lemmas_global_11.smt2 : 54 ms.
--------------------------------------------------
unsat
QF_NRA/hycomp_2/ball_count_1d_plain.04.seq_lazy_linear_enc_lemmas_global_12.smt2 : 15133 ms.
--------------------------------------------------
unsat
QF_NRA/hycomp_2/ball_count_1d_plain.04.seq_lazy_linear_enc_lemmas_global_13.smt2 : 59 ms.
--------------------------------------------------
sat
QF_NRA/hycomp_2/ball_count_1d_plain.04.seq_lazy_linear_enc_lemmas_global_14.smt2 : 16985 ms.
--------------------------------------------------
unsat
QF_NRA/hycomp_2/ball_count_1d_plain.04.seq_lazy_linear_enc_lemmas_global_15.smt2 : 69 ms.
--------------------------------------------------
unsat
QF_NRA/hycomp_2/ball_count_1d_plain.04.seq_lazy_linear_enc_lemmas_global_1.smt2 : 21 ms.
--------------------------------------------------
unsat
QF_NRA/hycomp_2/ball_count_1d_plain.04.seq_lazy_linear_enc_lemmas_global_2.smt2 : 26 ms.
--------------------------------------------------
unsat
QF_NRA/hycomp_2/ball_count_1d_plain.04.seq_lazy_linear_enc_lemmas_global_3.smt2 : 28 ms.
--------------------------------------------------
unsat
QF_NRA/hycomp_2/ball_count_1d_plain.04.seq_lazy_linear_enc_lemmas_global_4.smt2 : 95 ms.
--------------------------------------------------
unsat
QF_NRA/hycomp_2/ball_count_1d_plain.04.seq_lazy_linear_enc_lemmas_global_5.smt2 : 33 ms.
--------------------------------------------------
unsat
QF_NRA/hycomp_2/ball_count_1d_plain.04.seq_lazy_linear_enc_lemmas_global_6.smt2 : 278 ms.
--------------------------------------------------
unsat
QF_NRA/hycomp_2/ball_count_1d_plain.04.seq_lazy_linear_enc_lemmas_global_7.smt2 : 38 ms.
--------------------------------------------------
unsat
QF_NRA/hycomp_2/ball_count_1d_plain.04.seq_lazy_linear_enc_lemmas_global_8.smt2 : 3158 ms.
--------------------------------------------------
unsat
QF_NRA/hycomp_2/ball_count_1d_plain.04.seq_lazy_linear_enc_lemmas_global_9.smt2 : 50 ms.
--------------------------------------------------
unsat
QF_NRA/hycomp_2/ball_count_1d_plain.05.qfree_global_0.smt2 : 19 ms.
--------------------------------------------------
sat
QF_NRA/hycomp_2/ball_count_1d_plain.05.qfree_global_10.smt2 : 15537 ms.
--------------------------------------------------
unsat
QF_NRA/hycomp_2/ball_count_1d_plain.05.qfree_global_11.smt2 : 45 ms.
--------------------------------------------------
sat
QF_NRA/hycomp_2/ball_count_1d_plain.05.qfree_global_12.smt2 : 15233 ms.
--------------------------------------------------
unsat
QF_NRA/hycomp_2/ball_count_1d_plain.05.qfree_global_13.smt2 : 46 ms.
--------------------------------------------------
timeout
QF_NRA/hycomp_2/ball_count_1d_plain.05.qfree_global_14.smt2 : 1800011 ms.
--------------------------------------------------
unsat
QF_NRA/hycomp_2/ball_count_1d_plain.05.qfree_global_15.smt2 : 51 ms.
--------------------------------------------------
unsat
QF_NRA/hycomp_2/ball_count_1d_plain.05.qfree_global_1.smt2 : 20 ms.
--------------------------------------------------
unsat
QF_NRA/hycomp_2/ball_count_1d_plain.05.qfree_global_2.smt2 : 24 ms.
--------------------------------------------------
unsat
QF_NRA/hycomp_2/ball_count_1d_plain.05.qfree_global_3.smt2 : 26 ms.
--------------------------------------------------
unsat
QF_NRA/hycomp_2/ball_count_1d_plain.05.qfree_global_4.smt2 : 31 ms.
--------------------------------------------------
unsat
QF_NRA/hycomp_2/ball_count_1d_plain.05.qfree_global_5.smt2 : 28 ms.
--------------------------------------------------
unsat
QF_NRA/hycomp_2/ball_count_1d_plain.05.qfree_global_6.smt2 : 50 ms.
--------------------------------------------------
unsat
QF_NRA/hycomp_2/ball_count_1d_plain.05.qfree_global_7.smt2 : 36 ms.
--------------------------------------------------
unsat
QF_NRA/hycomp_2/ball_count_1d_plain.05.qfree_global_8.smt2 : 112 ms.
--------------------------------------------------
unsat
QF_NRA/hycomp_2/ball_count_1d_plain.05.qfree_global_9.smt2 : 36 ms.
