--------------------------------------------------
unsat
QF_NRA/hycomp/ball_count_2d_hill_simple.02.seq_lazy_lemmas_global_0.smt2 : 447 ms.
--------------------------------------------------
sat
QF_NRA/hycomp/ball_count_2d_hill_simple.02.seq_lazy_lemmas_global_10.smt2 : 16682 ms.
--------------------------------------------------
unsat
QF_NRA/hycomp/ball_count_2d_hill_simple.02.seq_lazy_lemmas_global_11.smt2 : 32 ms.
--------------------------------------------------
sat
QF_NRA/hycomp/ball_count_2d_hill_simple.02.seq_lazy_lemmas_global_12.smt2 : 37120 ms.
--------------------------------------------------
unsat
QF_NRA/hycomp/ball_count_2d_hill_simple.02.seq_lazy_lemmas_global_13.smt2 : 34 ms.
--------------------------------------------------
timeout
QF_NRA/hycomp/ball_count_2d_hill_simple.02.seq_lazy_lemmas_global_14.smt2 : 1800105 ms.
--------------------------------------------------
unsat
QF_NRA/hycomp/ball_count_2d_hill_simple.02.seq_lazy_lemmas_global_15.smt2 : 41 ms.
--------------------------------------------------
unsat
QF_NRA/hycomp/ball_count_2d_hill_simple.02.seq_lazy_lemmas_global_1.smt2 : 19 ms.
--------------------------------------------------
unsat
QF_NRA/hycomp/ball_count_2d_hill_simple.02.seq_lazy_lemmas_global_2.smt2 : 26 ms.
--------------------------------------------------
unsat
QF_NRA/hycomp/ball_count_2d_hill_simple.02.seq_lazy_lemmas_global_3.smt2 : 22 ms.
--------------------------------------------------
unsat
QF_NRA/hycomp/ball_count_2d_hill_simple.02.seq_lazy_lemmas_global_4.smt2 : 93 ms.
--------------------------------------------------
unsat
QF_NRA/hycomp/ball_count_2d_hill_simple.02.seq_lazy_lemmas_global_5.smt2 : 28 ms.
--------------------------------------------------
sat
QF_NRA/hycomp/ball_count_2d_hill_simple.02.seq_lazy_lemmas_global_6.smt2 : 724 ms.
--------------------------------------------------
unsat
QF_NRA/hycomp/ball_count_2d_hill_simple.02.seq_lazy_lemmas_global_7.smt2 : 26 ms.
--------------------------------------------------
sat
QF_NRA/hycomp/ball_count_2d_hill_simple.02.seq_lazy_lemmas_global_8.smt2 : 6627 ms.
--------------------------------------------------
unsat
QF_NRA/hycomp/ball_count_2d_hill_simple.02.seq_lazy_lemmas_global_9.smt2 : 27 ms.
--------------------------------------------------
unsat
QF_NRA/hycomp/ball_count_2d_hill_simple.02.seq_lazy_linear_enc_global_0.smt2 : 18 ms.
--------------------------------------------------
sat
QF_NRA/hycomp/ball_count_2d_hill_simple.02.seq_lazy_linear_enc_global_10.smt2 : 170 ms.
--------------------------------------------------
unsat
QF_NRA/hycomp/ball_count_2d_hill_simple.02.seq_lazy_linear_enc_global_11.smt2 : 27 ms.
--------------------------------------------------
sat
QF_NRA/hycomp/ball_count_2d_hill_simple.02.seq_lazy_linear_enc_global_12.smt2 : 4765 ms.
--------------------------------------------------
unsat
QF_NRA/hycomp/ball_count_2d_hill_simple.02.seq_lazy_linear_enc_global_13.smt2 : 32 ms.
--------------------------------------------------
sat
QF_NRA/hycomp/ball_count_2d_hill_simple.02.seq_lazy_linear_enc_global_14.smt2 : 463 ms.
--------------------------------------------------
unsat
QF_NRA/hycomp/ball_count_2d_hill_simple.02.seq_lazy_linear_enc_global_15.smt2 : 29 ms.
--------------------------------------------------
unsat
QF_NRA/hycomp/ball_count_2d_hill_simple.02.seq_lazy_linear_enc_global_1.smt2 : 19 ms.
--------------------------------------------------
unsat
QF_NRA/hycomp/ball_count_2d_hill_simple.02.seq_lazy_linear_enc_global_2.smt2 : 28 ms.
--------------------------------------------------
unsat
QF_NRA/hycomp/ball_count_2d_hill_simple.02.seq_lazy_linear_enc_global_3.smt2 : 27 ms.
--------------------------------------------------
unsat
QF_NRA/hycomp/ball_count_2d_hill_simple.02.seq_lazy_linear_enc_global_4.smt2 : 40 ms.
--------------------------------------------------
unsat
QF_NRA/hycomp/ball_count_2d_hill_simple.02.seq_lazy_linear_enc_global_5.smt2 : 26 ms.
--------------------------------------------------
sat
QF_NRA/hycomp/ball_count_2d_hill_simple.02.seq_lazy_linear_enc_global_6.smt2 : 68 ms.
--------------------------------------------------
unsat
QF_NRA/hycomp/ball_count_2d_hill_simple.02.seq_lazy_linear_enc_global_7.smt2 : 30 ms.
--------------------------------------------------
sat
QF_NRA/hycomp/ball_count_2d_hill_simple.02.seq_lazy_linear_enc_global_8.smt2 : 68 ms.
--------------------------------------------------
unsat
QF_NRA/hycomp/ball_count_2d_hill_simple.02.seq_lazy_linear_enc_global_9.smt2 : 25 ms.
--------------------------------------------------
unsat
QF_NRA/hycomp/ball_count_2d_hill_simple.02.seq_lazy_linear_enc_lemmas_global_0.smt2 : 19 ms.
--------------------------------------------------
sat
QF_NRA/hycomp/ball_count_2d_hill_simple.02.seq_lazy_linear_enc_lemmas_global_10.smt2 : 623 ms.
--------------------------------------------------
unsat
QF_NRA/hycomp/ball_count_2d_hill_simple.02.seq_lazy_linear_enc_lemmas_global_11.smt2 : 31 ms.
--------------------------------------------------
sat
QF_NRA/hycomp/ball_count_2d_hill_simple.02.seq_lazy_linear_enc_lemmas_global_12.smt2 : 1704 ms.
--------------------------------------------------
unsat
QF_NRA/hycomp/ball_count_2d_hill_simple.02.seq_lazy_linear_enc_lemmas_global_13.smt2 : 32 ms.
--------------------------------------------------
timeout
QF_NRA/hycomp/ball_count_2d_hill_simple.02.seq_lazy_linear_enc_lemmas_global_14.smt2 : 1800045 ms.
--------------------------------------------------
unsat
QF_NRA/hycomp/ball_count_2d_hill_simple.02.seq_lazy_linear_enc_lemmas_global_15.smt2 : 36 ms.
--------------------------------------------------
unsat
QF_NRA/hycomp/ball_count_2d_hill_simple.02.seq_lazy_linear_enc_lemmas_global_1.smt2 : 21 ms.
--------------------------------------------------
unsat
QF_NRA/hycomp/ball_count_2d_hill_simple.02.seq_lazy_linear_enc_lemmas_global_2.smt2 : 25 ms.
--------------------------------------------------
unsat
QF_NRA/hycomp/ball_count_2d_hill_simple.02.seq_lazy_linear_enc_lemmas_global_3.smt2 : 23 ms.
--------------------------------------------------
unsat
QF_NRA/hycomp/ball_count_2d_hill_simple.02.seq_lazy_linear_enc_lemmas_global_4.smt2 : 45 ms.
--------------------------------------------------
unsat
QF_NRA/hycomp/ball_count_2d_hill_simple.02.seq_lazy_linear_enc_lemmas_global_5.smt2 : 25 ms.
--------------------------------------------------
sat
QF_NRA/hycomp/ball_count_2d_hill_simple.02.seq_lazy_linear_enc_lemmas_global_6.smt2 : 81 ms.
--------------------------------------------------
unsat
QF_NRA/hycomp/ball_count_2d_hill_simple.02.seq_lazy_linear_enc_lemmas_global_7.smt2 : 26 ms.
--------------------------------------------------
sat
QF_NRA/hycomp/ball_count_2d_hill_simple.02.seq_lazy_linear_enc_lemmas_global_8.smt2 : 105 ms.
--------------------------------------------------
unsat
QF_NRA/hycomp/ball_count_2d_hill_simple.02.seq_lazy_linear_enc_lemmas_global_9.smt2 : 28 ms.
--------------------------------------------------
unsat
QF_NRA/hycomp/ball_count_2d_hill_simple.03.qfree_global_0.smt2 : 20 ms.
--------------------------------------------------
sat
QF_NRA/hycomp/ball_count_2d_hill_simple.03.qfree_global_10.smt2 : 55 ms.
--------------------------------------------------
unsat
QF_NRA/hycomp/ball_count_2d_hill_simple.03.qfree_global_11.smt2 : 38 ms.
--------------------------------------------------
sat
QF_NRA/hycomp/ball_count_2d_hill_simple.03.qfree_global_12.smt2 : 64 ms.
--------------------------------------------------
unsat
QF_NRA/hycomp/ball_count_2d_hill_simple.03.qfree_global_13.smt2 : 41 ms.
--------------------------------------------------
sat
QF_NRA/hycomp/ball_count_2d_hill_simple.03.qfree_global_14.smt2 : 281 ms.
--------------------------------------------------
unsat
QF_NRA/hycomp/ball_count_2d_hill_simple.03.qfree_global_15.smt2 : 44 ms.
--------------------------------------------------
unsat
QF_NRA/hycomp/ball_count_2d_hill_simple.03.qfree_global_1.smt2 : 21 ms.
--------------------------------------------------
unsat
QF_NRA/hycomp/ball_count_2d_hill_simple.03.qfree_global_2.smt2 : 23 ms.
--------------------------------------------------
unsat
QF_NRA/hycomp/ball_count_2d_hill_simple.03.qfree_global_3.smt2 : 25 ms.
--------------------------------------------------
unsat
QF_NRA/hycomp/ball_count_2d_hill_simple.03.qfree_global_4.smt2 : 27 ms.
--------------------------------------------------
unsat
QF_NRA/hycomp/ball_count_2d_hill_simple.03.qfree_global_5.smt2 : 28 ms.
--------------------------------------------------
sat
QF_NRA/hycomp/ball_count_2d_hill_simple.03.qfree_global_6.smt2 : 33 ms.
--------------------------------------------------
unsat
QF_NRA/hycomp/ball_count_2d_hill_simple.03.qfree_global_7.smt2 : 31 ms.
--------------------------------------------------
sat
QF_NRA/hycomp/ball_count_2d_hill_simple.03.qfree_global_8.smt2 : 38 ms.
--------------------------------------------------
unsat
QF_NRA/hycomp/ball_count_2d_hill_simple.03.qfree_global_9.smt2 : 35 ms.
--------------------------------------------------
unsat
QF_NRA/hycomp/ball_count_2d_hill_simple.03.redlog_global_0.smt2 : 20 ms.
--------------------------------------------------
timeout
QF_NRA/hycomp/ball_count_2d_hill_simple.03.redlog_global_10.smt2 : 1800027 ms.
--------------------------------------------------
unsat
QF_NRA/hycomp/ball_count_2d_hill_simple.03.redlog_global_11.smt2 : 45 ms.
--------------------------------------------------
timeout
QF_NRA/hycomp/ball_count_2d_hill_simple.03.redlog_global_12.smt2 : 1800028 ms.
--------------------------------------------------
unsat
QF_NRA/hycomp/ball_count_2d_hill_simple.03.redlog_global_13.smt2 : 48 ms.
--------------------------------------------------
timeout
QF_NRA/hycomp/ball_count_2d_hill_simple.03.redlog_global_14.smt2 : 1800030 ms.
--------------------------------------------------
unsat
QF_NRA/hycomp/ball_count_2d_hill_simple.03.redlog_global_15.smt2 : 52 ms.
--------------------------------------------------
unsat
QF_NRA/hycomp/ball_count_2d_hill_simple.03.redlog_global_1.smt2 : 20 ms.
--------------------------------------------------
unsat
QF_NRA/hycomp/ball_count_2d_hill_simple.03.redlog_global_2.smt2 : 24 ms.
--------------------------------------------------
unsat
QF_NRA/hycomp/ball_count_2d_hill_simple.03.redlog_global_3.smt2 : 28 ms.
--------------------------------------------------
unsat
QF_NRA/hycomp/ball_count_2d_hill_simple.03.redlog_global_4.smt2 : 29 ms.
--------------------------------------------------
unsat
QF_NRA/hycomp/ball_count_2d_hill_simple.03.redlog_global_5.smt2 : 31 ms.
--------------------------------------------------
sat
QF_NRA/hycomp/ball_count_2d_hill_simple.03.redlog_global_6.smt2 : 1131 ms.
--------------------------------------------------
unsat
QF_NRA/hycomp/ball_count_2d_hill_simple.03.redlog_global_7.smt2 : 36 ms.
--------------------------------------------------
sat
QF_NRA/hycomp/ball_count_2d_hill_simple.03.redlog_global_8.smt2 : 5086 ms.
--------------------------------------------------
unsat
QF_NRA/hycomp/ball_count_2d_hill_simple.03.redlog_global_9.smt2 : 39 ms.
--------------------------------------------------
unsat
QF_NRA/hycomp/ball_count_2d_hill_simple.03.seq_lazy_global_0.smt2 : 20 ms.
--------------------------------------------------
sat
QF_NRA/hycomp/ball_count_2d_hill_simple.03.seq_lazy_global_10.smt2 : 6357 ms.
--------------------------------------------------
unsat
QF_NRA/hycomp/ball_count_2d_hill_simple.03.seq_lazy_global_11.smt2 : 41 ms.
--------------------------------------------------
sat
QF_NRA/hycomp/ball_count_2d_hill_simple.03.seq_lazy_global_12.smt2 : 6396 ms.
--------------------------------------------------
unsat
QF_NRA/hycomp/ball_count_2d_hill_simple.03.seq_lazy_global_13.smt2 : 48 ms.
--------------------------------------------------
sat
QF_NRA/hycomp/ball_count_2d_hill_simple.03.seq_lazy_global_14.smt2 : 5104 ms.
--------------------------------------------------
unsat
QF_NRA/hycomp/ball_count_2d_hill_simple.03.seq_lazy_global_15.smt2 : 48 ms.
--------------------------------------------------
unsat
QF_NRA/hycomp/ball_count_2d_hill_simple.03.seq_lazy_global_1.smt2 : 20 ms.
--------------------------------------------------
unsat
QF_NRA/hycomp/ball_count_2d_hill_simple.03.seq_lazy_global_2.smt2 : 24 ms.
--------------------------------------------------
unsat
QF_NRA/hycomp/ball_count_2d_hill_simple.03.seq_lazy_global_3.smt2 : 26 ms.
--------------------------------------------------
unsat
QF_NRA/hycomp/ball_count_2d_hill_simple.03.seq_lazy_global_4.smt2 : 28 ms.
--------------------------------------------------
unsat
QF_NRA/hycomp/ball_count_2d_hill_simple.03.seq_lazy_global_5.smt2 : 29 ms.
--------------------------------------------------
unsat
QF_NRA/hycomp/ball_count_2d_hill_simple.03.seq_lazy_global_6.smt2 : 35 ms.
--------------------------------------------------
unsat
QF_NRA/hycomp/ball_count_2d_hill_simple.03.seq_lazy_global_7.smt2 : 32 ms.
--------------------------------------------------
unsat
QF_NRA/hycomp/ball_count_2d_hill_simple.03.seq_lazy_global_8.smt2 : 1951 ms.
--------------------------------------------------
unsat
QF_NRA/hycomp/ball_count_2d_hill_simple.03.seq_lazy_global_9.smt2 : 40 ms.
--------------------------------------------------
unsat
QF_NRA/hycomp/ball_count_2d_hill_simple.03.seq_lazy_lemmas_global_0.smt2 : 19 ms.
--------------------------------------------------
timeout
QF_NRA/hycomp/ball_count_2d_hill_simple.03.seq_lazy_lemmas_global_10.smt2 : 1800053 ms.
--------------------------------------------------
unsat
QF_NRA/hycomp/ball_count_2d_hill_simple.03.seq_lazy_lemmas_global_11.smt2 : 54 ms.
--------------------------------------------------
timeout
QF_NRA/hycomp/ball_count_2d_hill_simple.03.seq_lazy_lemmas_global_12.smt2 : 1800028 ms.
--------------------------------------------------
unsat
QF_NRA/hycomp/ball_count_2d_hill_simple.03.seq_lazy_lemmas_global_13.smt2 : 61 ms.
--------------------------------------------------
timeout
QF_NRA/hycomp/ball_count_2d_hill_simple.03.seq_lazy_lemmas_global_14.smt2 : 1800034 ms.
--------------------------------------------------
unsat
QF_NRA/hycomp/ball_count_2d_hill_simple.03.seq_lazy_lemmas_global_15.smt2 : 66 ms.
--------------------------------------------------
unsat
QF_NRA/hycomp/ball_count_2d_hill_simple.03.seq_lazy_lemmas_global_1.smt2 : 19 ms.
--------------------------------------------------
unsat
QF_NRA/hycomp/ball_count_2d_hill_simple.03.seq_lazy_lemmas_global_2.smt2 : 27 ms.
--------------------------------------------------
unsat
QF_NRA/hycomp/ball_count_2d_hill_simple.03.seq_lazy_lemmas_global_3.smt2 : 29 ms.
--------------------------------------------------
unsat
QF_NRA/hycomp/ball_count_2d_hill_simple.03.seq_lazy_lemmas_global_4.smt2 : 32 ms.
--------------------------------------------------
unsat
QF_NRA/hycomp/ball_count_2d_hill_simple.03.seq_lazy_lemmas_global_5.smt2 : 34 ms.
--------------------------------------------------
unsat
QF_NRA/hycomp/ball_count_2d_hill_simple.03.seq_lazy_lemmas_global_6.smt2 : 81 ms.
--------------------------------------------------
unsat
QF_NRA/hycomp/ball_count_2d_hill_simple.03.seq_lazy_lemmas_global_7.smt2 : 38 ms.
--------------------------------------------------
unsat
QF_NRA/hycomp/ball_count_2d_hill_simple.03.seq_lazy_lemmas_global_8.smt2 : 5266 ms.
--------------------------------------------------
unsat
QF_NRA/hycomp/ball_count_2d_hill_simple.03.seq_lazy_lemmas_global_9.smt2 : 45 ms.
--------------------------------------------------
unsat
QF_NRA/hycomp/ball_count_2d_hill_simple.03.seq_lazy_linear_enc_global_0.smt2 : 19 ms.
--------------------------------------------------
sat
QF_NRA/hycomp/ball_count_2d_hill_simple.03.seq_lazy_linear_enc_global_10.smt2 : 6313 ms.
--------------------------------------------------
unsat
QF_NRA/hycomp/ball_count_2d_hill_simple.03.seq_lazy_linear_enc_global_11.smt2 : 40 ms.
--------------------------------------------------
sat
QF_NRA/hycomp/ball_count_2d_hill_simple.03.seq_lazy_linear_enc_global_12.smt2 : 6401 ms.
--------------------------------------------------
unsat
QF_NRA/hycomp/ball_count_2d_hill_simple.03.seq_lazy_linear_enc_global_13.smt2 : 48 ms.
--------------------------------------------------
sat
QF_NRA/hycomp/ball_count_2d_hill_simple.03.seq_lazy_linear_enc_global_14.smt2 : 5114 ms.
--------------------------------------------------
unsat
QF_NRA/hycomp/ball_count_2d_hill_simple.03.seq_lazy_linear_enc_global_15.smt2 : 52 ms.
--------------------------------------------------
unsat
QF_NRA/hycomp/ball_count_2d_hill_simple.03.seq_lazy_linear_enc_global_1.smt2 : 21 ms.
--------------------------------------------------
unsat
QF_NRA/hycomp/ball_count_2d_hill_simple.03.seq_lazy_linear_enc_global_2.smt2 : 24 ms.
--------------------------------------------------
unsat
QF_NRA/hycomp/ball_count_2d_hill_simple.03.seq_lazy_linear_enc_global_3.smt2 : 24 ms.
--------------------------------------------------
unsat
QF_NRA/hycomp/ball_count_2d_hill_simple.03.seq_lazy_linear_enc_global_4.smt2 : 29 ms.
--------------------------------------------------
unsat
QF_NRA/hycomp/ball_count_2d_hill_simple.03.seq_lazy_linear_enc_global_5.smt2 : 29 ms.
--------------------------------------------------
unsat
QF_NRA/hycomp/ball_count_2d_hill_simple.03.seq_lazy_linear_enc_global_6.smt2 : 35 ms.
--------------------------------------------------
unsat
QF_NRA/hycomp/ball_count_2d_hill_simple.03.seq_lazy_linear_enc_global_7.smt2 : 33 ms.
--------------------------------------------------
unsat
QF_NRA/hycomp/ball_count_2d_hill_simple.03.seq_lazy_linear_enc_global_8.smt2 : 2019 ms.
--------------------------------------------------
unsat
QF_NRA/hycomp/ball_count_2d_hill_simple.03.seq_lazy_linear_enc_global_9.smt2 : 41 ms.
--------------------------------------------------
unsat
QF_NRA/hycomp/ball_count_2d_hill_simple.03.seq_lazy_linear_enc_lemmas_global_0.smt2 : 19 ms.
--------------------------------------------------
sat
QF_NRA/hycomp/ball_count_2d_hill_simple.03.seq_lazy_linear_enc_lemmas_global_10.smt2 : 15431 ms.
--------------------------------------------------
unsat
QF_NRA/hycomp/ball_count_2d_hill_simple.03.seq_lazy_linear_enc_lemmas_global_11.smt2 : 51 ms.
--------------------------------------------------
timeout
QF_NRA/hycomp/ball_count_2d_hill_simple.03.seq_lazy_linear_enc_lemmas_global_12.smt2 : 1800026 ms.
--------------------------------------------------
unsat
QF_NRA/hycomp/ball_count_2d_hill_simple.03.seq_lazy_linear_enc_lemmas_global_13.smt2 : 57 ms.
--------------------------------------------------
timeout
QF_NRA/hycomp/ball_count_2d_hill_simple.03.seq_lazy_linear_enc_lemmas_global_14.smt2 : 1800008 ms.
--------------------------------------------------
unsat
QF_NRA/hycomp/ball_count_2d_hill_simple.03.seq_lazy_linear_enc_lemmas_global_15.smt2 : 81 ms.
--------------------------------------------------
unsat
QF_NRA/hycomp/ball_count_2d_hill_simple.03.seq_lazy_linear_enc_lemmas_global_1.smt2 : 26 ms.
--------------------------------------------------
unsat
QF_NRA/hycomp/ball_count_2d_hill_simple.03.seq_lazy_linear_enc_lemmas_global_2.smt2 : 32 ms.
--------------------------------------------------
unsat
QF_NRA/hycomp/ball_count_2d_hill_simple.03.seq_lazy_linear_enc_lemmas_global_3.smt2 : 36 ms.
--------------------------------------------------
unsat
QF_NRA/hycomp/ball_count_2d_hill_simple.03.seq_lazy_linear_enc_lemmas_global_4.smt2 : 40 ms.
--------------------------------------------------
unsat
QF_NRA/hycomp/ball_count_2d_hill_simple.03.seq_lazy_linear_enc_lemmas_global_5.smt2 : 42 ms.
--------------------------------------------------
unsat
QF_NRA/hycomp/ball_count_2d_hill_simple.03.seq_lazy_linear_enc_lemmas_global_6.smt2 : 73 ms.
--------------------------------------------------
unsat
QF_NRA/hycomp/ball_count_2d_hill_simple.03.seq_lazy_linear_enc_lemmas_global_7.smt2 : 51 ms.
--------------------------------------------------
unsat
QF_NRA/hycomp/ball_count_2d_hill_simple.03.seq_lazy_linear_enc_lemmas_global_8.smt2 : 5197 ms.
--------------------------------------------------
unsat
QF_NRA/hycomp/ball_count_2d_hill_simple.03.seq_lazy_linear_enc_lemmas_global_9.smt2 : 58 ms.
--------------------------------------------------
unsat
QF_NRA/hycomp/ball_count_2d_hill_simple.04.qfree_global_0.smt2 : 22 ms.
--------------------------------------------------
sat
QF_NRA/hycomp/ball_count_2d_hill_simple.04.qfree_global_10.smt2 : 53 ms.
--------------------------------------------------
unsat
QF_NRA/hycomp/ball_count_2d_hill_simple.04.qfree_global_11.smt2 : 49 ms.
--------------------------------------------------
sat
QF_NRA/hycomp/ball_count_2d_hill_simple.04.qfree_global_12.smt2 : 85 ms.
--------------------------------------------------
unsat
QF_NRA/hycomp/ball_count_2d_hill_simple.04.qfree_global_13.smt2 : 40 ms.
--------------------------------------------------
sat
QF_NRA/hycomp/ball_count_2d_hill_simple.04.qfree_global_14.smt2 : 95 ms.
--------------------------------------------------
unsat
QF_NRA/hycomp/ball_count_2d_hill_simple.04.qfree_global_15.smt2 : 50 ms.
--------------------------------------------------
unsat
QF_NRA/hycomp/ball_count_2d_hill_simple.04.qfree_global_1.smt2 : 18 ms.
--------------------------------------------------
unsat
QF_NRA/hycomp/ball_count_2d_hill_simple.04.qfree_global_2.smt2 : 22 ms.
--------------------------------------------------
unsat
QF_NRA/hycomp/ball_count_2d_hill_simple.04.qfree_global_3.smt2 : 25 ms.
--------------------------------------------------
unsat
QF_NRA/hycomp/ball_count_2d_hill_simple.04.qfree_global_4.smt2 : 33 ms.
--------------------------------------------------
unsat
QF_NRA/hycomp/ball_count_2d_hill_simple.04.qfree_global_5.smt2 : 32 ms.
--------------------------------------------------
unsat
QF_NRA/hycomp/ball_count_2d_hill_simple.04.qfree_global_6.smt2 : 35 ms.
--------------------------------------------------
unsat
QF_NRA/hycomp/ball_count_2d_hill_simple.04.qfree_global_7.smt2 : 41 ms.
--------------------------------------------------
sat
QF_NRA/hycomp/ball_count_2d_hill_simple.04.qfree_global_8.smt2 : 45 ms.
--------------------------------------------------
unsat
QF_NRA/hycomp/ball_count_2d_hill_simple.04.qfree_global_9.smt2 : 36 ms.
--------------------------------------------------
unsat
QF_NRA/hycomp/ball_count_2d_hill_simple.04.redlog_global_0.smt2 : 18 ms.
--------------------------------------------------
sat
QF_NRA/hycomp/ball_count_2d_hill_simple.04.redlog_global_10.smt2 : 5124 ms.
--------------------------------------------------
unsat
QF_NRA/hycomp/ball_count_2d_hill_simple.04.redlog_global_11.smt2 : 61 ms.
--------------------------------------------------
timeout
QF_NRA/hycomp/ball_count_2d_hill_simple.04.redlog_global_12.smt2 : 1800024 ms.
--------------------------------------------------
unsat
QF_NRA/hycomp/ball_count_2d_hill_simple.04.redlog_global_13.smt2 : 48 ms.
--------------------------------------------------
timeout
QF_NRA/hycomp/ball_count_2d_hill_simple.04.redlog_global_14.smt2 : 1800034 ms.
--------------------------------------------------
unsat
QF_NRA/hycomp/ball_count_2d_hill_simple.04.redlog_global_15.smt2 : 54 ms.
--------------------------------------------------
unsat
QF_NRA/hycomp/ball_count_2d_hill_simple.04.redlog_global_1.smt2 : 21 ms.
--------------------------------------------------
unsat
QF_NRA/hycomp/ball_count_2d_hill_simple.04.redlog_global_2.smt2 : 25 ms.
--------------------------------------------------
unsat
QF_NRA/hycomp/ball_count_2d_hill_simple.04.redlog_global_3.smt2 : 28 ms.
--------------------------------------------------
unsat
QF_NRA/hycomp/ball_count_2d_hill_simple.04.redlog_global_4.smt2 : 30 ms.
--------------------------------------------------
unsat
QF_NRA/hycomp/ball_count_2d_hill_simple.04.redlog_global_5.smt2 : 32 ms.
--------------------------------------------------
unsat
QF_NRA/hycomp/ball_count_2d_hill_simple.04.redlog_global_6.smt2 : 34 ms.
--------------------------------------------------
unsat
QF_NRA/hycomp/ball_count_2d_hill_simple.04.redlog_global_7.smt2 : 36 ms.
--------------------------------------------------
sat
QF_NRA/hycomp/ball_count_2d_hill_simple.04.redlog_global_8.smt2 : 8286 ms.
--------------------------------------------------
unsat
QF_NRA/hycomp/ball_count_2d_hill_simple.04.redlog_global_9.smt2 : 40 ms.
--------------------------------------------------
unsat
QF_NRA/hycomp/ball_count_2d_hill_simple.04.seq_lazy_global_0.smt2 : 19 ms.
--------------------------------------------------
unsat
QF_NRA/hycomp/ball_count_2d_hill_simple.04.seq_lazy_global_10.smt2 : 5055 ms.
--------------------------------------------------
unsat
QF_NRA/hycomp/ball_count_2d_hill_simple.04.seq_lazy_global_11.smt2 : 45 ms.
--------------------------------------------------
unsat
QF_NRA/hycomp/ball_count_2d_hill_simple.04.seq_lazy_global_12.smt2 : 6458 ms.
--------------------------------------------------
unsat
QF_NRA/hycomp/ball_count_2d_hill_simple.04.seq_lazy_global_13.smt2 : 47 ms.
--------------------------------------------------
sat
QF_NRA/hycomp/ball_count_2d_hill_simple.04.seq_lazy_global_14.smt2 : 6665 ms.
--------------------------------------------------
unsat
QF_NRA/hycomp/ball_count_2d_hill_simple.04.seq_lazy_global_15.smt2 : 66 ms.
--------------------------------------------------
unsat
QF_NRA/hycomp/ball_count_2d_hill_simple.04.seq_lazy_global_1.smt2 : 26 ms.
--------------------------------------------------
unsat
QF_NRA/hycomp/ball_count_2d_hill_simple.04.seq_lazy_global_2.smt2 : 30 ms.
--------------------------------------------------
unsat
QF_NRA/hycomp/ball_count_2d_hill_simple.04.seq_lazy_global_3.smt2 : 27 ms.
--------------------------------------------------
unsat
QF_NRA/hycomp/ball_count_2d_hill_simple.04.seq_lazy_global_4.smt2 : 28 ms.
--------------------------------------------------
unsat
QF_NRA/hycomp/ball_count_2d_hill_simple.04.seq_lazy_global_5.smt2 : 30 ms.
--------------------------------------------------
unsat
QF_NRA/hycomp/ball_count_2d_hill_simple.04.seq_lazy_global_6.smt2 : 33 ms.
--------------------------------------------------
unsat
QF_NRA/hycomp/ball_count_2d_hill_simple.04.seq_lazy_global_7.smt2 : 33 ms.
--------------------------------------------------
unsat
QF_NRA/hycomp/ball_count_2d_hill_simple.04.seq_lazy_global_8.smt2 : 39 ms.
--------------------------------------------------
unsat
QF_NRA/hycomp/ball_count_2d_hill_simple.04.seq_lazy_global_9.smt2 : 37 ms.
--------------------------------------------------
unsat
QF_NRA/hycomp/ball_count_2d_hill_simple.04.seq_lazy_lemmas_global_0.smt2 : 29 ms.
--------------------------------------------------
unsat
QF_NRA/hycomp/ball_count_2d_hill_simple.04.seq_lazy_lemmas_global_10.smt2 : 5128 ms.
--------------------------------------------------
unsat
QF_NRA/hycomp/ball_count_2d_hill_simple.04.seq_lazy_lemmas_global_11.smt2 : 53 ms.
--------------------------------------------------
unsat
QF_NRA/hycomp/ball_count_2d_hill_simple.04.seq_lazy_lemmas_global_12.smt2 : 15066 ms.
--------------------------------------------------
unsat
QF_NRA/hycomp/ball_count_2d_hill_simple.04.seq_lazy_lemmas_global_13.smt2 : 73 ms.
--------------------------------------------------
timeout
QF_NRA/hycomp/ball_count_2d_hill_simple.04.seq_lazy_lemmas_global_14.smt2 : 1800042 ms.
--------------------------------------------------
unsat
QF_NRA/hycomp/ball_count_2d_hill_simple.04.seq_lazy_lemmas_global_15.smt2 : 64 ms.
--------------------------------------------------
unsat
QF_NRA/hycomp/ball_count_2d_hill_simple.04.seq_lazy_lemmas_global_1.smt2 : 21 ms.
