--------------------------------------------------
unsat
QF_NRA/hycomp/ball_count_2d_hill.01.seq_lazy_global_2.smt2 : 28 ms.
--------------------------------------------------
unsat
QF_NRA/hycomp/ball_count_2d_hill.01.seq_lazy_global_3.smt2 : 26 ms.
--------------------------------------------------
QF_NRA/hycomp/ball_count_2d_hill.01.seq_lazy_global_4.smt2 : 1800087 ms.
--------------------------------------------------
unsat
QF_NRA/hycomp/ball_count_2d_hill.01.seq_lazy_global_5.smt2 : 31 ms.
--------------------------------------------------
QF_NRA/hycomp/ball_count_2d_hill.01.seq_lazy_global_6.smt2 : 1800107 ms.
--------------------------------------------------
unsat
QF_NRA/hycomp/ball_count_2d_hill.01.seq_lazy_global_7.smt2 : 33 ms.
--------------------------------------------------
QF_NRA/hycomp/ball_count_2d_hill.01.seq_lazy_global_8.smt2 : 1800181 ms.
--------------------------------------------------
unsat
QF_NRA/hycomp/ball_count_2d_hill.01.seq_lazy_global_9.smt2 : 29 ms.
--------------------------------------------------
unsat
QF_NRA/hycomp/ball_count_2d_hill.01.seq_lazy_lemmas_global_0.smt2 : 25 ms.
--------------------------------------------------
QF_NRA/hycomp/ball_count_2d_hill.01.seq_lazy_lemmas_global_10.smt2 : 1800050 ms.
--------------------------------------------------
unsat
QF_NRA/hycomp/ball_count_2d_hill.01.seq_lazy_lemmas_global_11.smt2 : 37 ms.
--------------------------------------------------
QF_NRA/hycomp/ball_count_2d_hill.01.seq_lazy_lemmas_global_12.smt2 : 1800188 ms.
--------------------------------------------------
unsat
QF_NRA/hycomp/ball_count_2d_hill.01.seq_lazy_lemmas_global_13.smt2 : 40 ms.
--------------------------------------------------
QF_NRA/hycomp/ball_count_2d_hill.01.seq_lazy_lemmas_global_14.smt2 : 1800079 ms.
--------------------------------------------------
unsat
QF_NRA/hycomp/ball_count_2d_hill.01.seq_lazy_lemmas_global_15.smt2 : 40 ms.
--------------------------------------------------
unsat
QF_NRA/hycomp/ball_count_2d_hill.01.seq_lazy_lemmas_global_1.smt2 : 27 ms.
--------------------------------------------------
unsat
QF_NRA/hycomp/ball_count_2d_hill.01.seq_lazy_lemmas_global_2.smt2 : 27 ms.
--------------------------------------------------
unsat
QF_NRA/hycomp/ball_count_2d_hill.01.seq_lazy_lemmas_global_3.smt2 : 28 ms.
--------------------------------------------------
QF_NRA/hycomp/ball_count_2d_hill.01.seq_lazy_lemmas_global_4.smt2 : 1800133 ms.
--------------------------------------------------
unsat
QF_NRA/hycomp/ball_count_2d_hill.01.seq_lazy_lemmas_global_5.smt2 : 34 ms.
--------------------------------------------------
QF_NRA/hycomp/ball_count_2d_hill.01.seq_lazy_lemmas_global_6.smt2 : 1800035 ms.
--------------------------------------------------
unsat
QF_NRA/hycomp/ball_count_2d_hill.01.seq_lazy_lemmas_global_7.smt2 : 34 ms.
--------------------------------------------------
QF_NRA/hycomp/ball_count_2d_hill.01.seq_lazy_lemmas_global_8.smt2 : 1800185 ms.
--------------------------------------------------
unsat
QF_NRA/hycomp/ball_count_2d_hill.01.seq_lazy_lemmas_global_9.smt2 : 33 ms.
--------------------------------------------------
unsat
QF_NRA/hycomp/ball_count_2d_hill.01.seq_lazy_linear_enc_global_0.smt2 : 20 ms.
--------------------------------------------------
QF_NRA/hycomp/ball_count_2d_hill.01.seq_lazy_linear_enc_global_10.smt2 : 1800273 ms.
--------------------------------------------------
unsat
QF_NRA/hycomp/ball_count_2d_hill.01.seq_lazy_linear_enc_global_11.smt2 : 36 ms.
--------------------------------------------------
QF_NRA/hycomp/ball_count_2d_hill.01.seq_lazy_linear_enc_global_12.smt2 : 1800030 ms.
--------------------------------------------------
unsat
QF_NRA/hycomp/ball_count_2d_hill.01.seq_lazy_linear_enc_global_13.smt2 : 32 ms.
--------------------------------------------------
QF_NRA/hycomp/ball_count_2d_hill.01.seq_lazy_linear_enc_global_14.smt2 : 1800111 ms.
--------------------------------------------------
unsat
QF_NRA/hycomp/ball_count_2d_hill.01.seq_lazy_linear_enc_global_15.smt2 : 35 ms.
--------------------------------------------------
unsat
QF_NRA/hycomp/ball_count_2d_hill.01.seq_lazy_linear_enc_global_1.smt2 : 25 ms.
--------------------------------------------------
unsat
QF_NRA/hycomp/ball_count_2d_hill.01.seq_lazy_linear_enc_global_2.smt2 : 31 ms.
--------------------------------------------------
unsat
QF_NRA/hycomp/ball_count_2d_hill.01.seq_lazy_linear_enc_global_3.smt2 : 28 ms.
--------------------------------------------------
QF_NRA/hycomp/ball_count_2d_hill.01.seq_lazy_linear_enc_global_4.smt2 : 1800083 ms.
--------------------------------------------------
unsat
QF_NRA/hycomp/ball_count_2d_hill.01.seq_lazy_linear_enc_global_5.smt2 : 28 ms.
--------------------------------------------------
QF_NRA/hycomp/ball_count_2d_hill.01.seq_lazy_linear_enc_global_6.smt2 : 1800109 ms.
--------------------------------------------------
unsat
QF_NRA/hycomp/ball_count_2d_hill.01.seq_lazy_linear_enc_global_7.smt2 : 34 ms.
--------------------------------------------------
QF_NRA/hycomp/ball_count_2d_hill.01.seq_lazy_linear_enc_global_8.smt2 : 1800114 ms.
--------------------------------------------------
unsat
QF_NRA/hycomp/ball_count_2d_hill.01.seq_lazy_linear_enc_global_9.smt2 : 32 ms.
--------------------------------------------------
unsat
QF_NRA/hycomp/ball_count_2d_hill.01.seq_lazy_linear_enc_lemmas_global_0.smt2 : 20 ms.
--------------------------------------------------
QF_NRA/hycomp/ball_count_2d_hill.01.seq_lazy_linear_enc_lemmas_global_10.smt2 : 1800022 ms.
--------------------------------------------------
unsat
QF_NRA/hycomp/ball_count_2d_hill.01.seq_lazy_linear_enc_lemmas_global_11.smt2 : 37 ms.
--------------------------------------------------
QF_NRA/hycomp/ball_count_2d_hill.01.seq_lazy_linear_enc_lemmas_global_12.smt2 : 1800218 ms.
--------------------------------------------------
unsat
QF_NRA/hycomp/ball_count_2d_hill.01.seq_lazy_linear_enc_lemmas_global_13.smt2 : 36 ms.
--------------------------------------------------
QF_NRA/hycomp/ball_count_2d_hill.01.seq_lazy_linear_enc_lemmas_global_14.smt2 : 1800140 ms.
--------------------------------------------------
unsat
QF_NRA/hycomp/ball_count_2d_hill.01.seq_lazy_linear_enc_lemmas_global_15.smt2 : 41 ms.
--------------------------------------------------
unsat
QF_NRA/hycomp/ball_count_2d_hill.01.seq_lazy_linear_enc_lemmas_global_1.smt2 : 29 ms.
--------------------------------------------------
unsat
QF_NRA/hycomp/ball_count_2d_hill.01.seq_lazy_linear_enc_lemmas_global_2.smt2 : 32 ms.
--------------------------------------------------
unsat
QF_NRA/hycomp/ball_count_2d_hill.01.seq_lazy_linear_enc_lemmas_global_3.smt2 : 31 ms.
--------------------------------------------------
sat
QF_NRA/hycomp/ball_count_2d_hill.01.seq_lazy_linear_enc_lemmas_global_4.smt2 : 188316 ms.
--------------------------------------------------
unsat
QF_NRA/hycomp/ball_count_2d_hill.01.seq_lazy_linear_enc_lemmas_global_5.smt2 : 30 ms.
--------------------------------------------------
QF_NRA/hycomp/ball_count_2d_hill.01.seq_lazy_linear_enc_lemmas_global_6.smt2 : 1800180 ms.
--------------------------------------------------
unsat
QF_NRA/hycomp/ball_count_2d_hill.01.seq_lazy_linear_enc_lemmas_global_7.smt2 : 34 ms.
--------------------------------------------------
QF_NRA/hycomp/ball_count_2d_hill.01.seq_lazy_linear_enc_lemmas_global_8.smt2 : 1800164 ms.
--------------------------------------------------
unsat
QF_NRA/hycomp/ball_count_2d_hill.01.seq_lazy_linear_enc_lemmas_global_9.smt2 : 37 ms.
--------------------------------------------------
unsat
QF_NRA/hycomp/ball_count_2d_hill.02.redlog_global_0.smt2 : 22 ms.
--------------------------------------------------
QF_NRA/hycomp/ball_count_2d_hill.02.redlog_global_10.smt2 : 1800046 ms.
--------------------------------------------------
unsat
QF_NRA/hycomp/ball_count_2d_hill.02.redlog_global_11.smt2 : 40 ms.
--------------------------------------------------
QF_NRA/hycomp/ball_count_2d_hill.02.redlog_global_12.smt2 : 1800110 ms.
--------------------------------------------------
unsat
QF_NRA/hycomp/ball_count_2d_hill.02.redlog_global_13.smt2 : 44 ms.
--------------------------------------------------
QF_NRA/hycomp/ball_count_2d_hill.02.redlog_global_14.smt2 : 1800028 ms.
--------------------------------------------------
unsat
QF_NRA/hycomp/ball_count_2d_hill.02.redlog_global_15.smt2 : 45 ms.
--------------------------------------------------
unsat
QF_NRA/hycomp/ball_count_2d_hill.02.redlog_global_1.smt2 : 19 ms.
--------------------------------------------------
unsat
QF_NRA/hycomp/ball_count_2d_hill.02.redlog_global_2.smt2 : 24 ms.
--------------------------------------------------
unsat
QF_NRA/hycomp/ball_count_2d_hill.02.redlog_global_3.smt2 : 24 ms.
--------------------------------------------------
QF_NRA/hycomp/ball_count_2d_hill.02.redlog_global_4.smt2 : 1800089 ms.
--------------------------------------------------
unsat
QF_NRA/hycomp/ball_count_2d_hill.02.redlog_global_5.smt2 : 36 ms.
--------------------------------------------------
QF_NRA/hycomp/ball_count_2d_hill.02.redlog_global_6.smt2 : 1800041 ms.
--------------------------------------------------
unsat
QF_NRA/hycomp/ball_count_2d_hill.02.redlog_global_7.smt2 : 36 ms.
--------------------------------------------------
QF_NRA/hycomp/ball_count_2d_hill.02.redlog_global_8.smt2 : 1800206 ms.
--------------------------------------------------
unsat
QF_NRA/hycomp/ball_count_2d_hill.02.redlog_global_9.smt2 : 42 ms.
--------------------------------------------------
unsat
QF_NRA/hycomp/ball_count_2d_hill.02.seq_lazy_global_0.smt2 : 26 ms.
--------------------------------------------------
QF_NRA/hycomp/ball_count_2d_hill.02.seq_lazy_global_10.smt2 : 1800296 ms.
--------------------------------------------------
unsat
QF_NRA/hycomp/ball_count_2d_hill.02.seq_lazy_global_11.smt2 : 35 ms.
--------------------------------------------------
QF_NRA/hycomp/ball_count_2d_hill.02.seq_lazy_global_12.smt2 : 1800024 ms.
--------------------------------------------------
unsat
QF_NRA/hycomp/ball_count_2d_hill.02.seq_lazy_global_13.smt2 : 42 ms.
--------------------------------------------------
QF_NRA/hycomp/ball_count_2d_hill.02.seq_lazy_global_14.smt2 : 1800114 ms.
--------------------------------------------------
unsat
QF_NRA/hycomp/ball_count_2d_hill.02.seq_lazy_global_15.smt2 : 250 ms.
--------------------------------------------------
unsat
QF_NRA/hycomp/ball_count_2d_hill.02.seq_lazy_global_1.smt2 : 23 ms.
--------------------------------------------------
unsat
QF_NRA/hycomp/ball_count_2d_hill.02.seq_lazy_global_2.smt2 : 27 ms.
--------------------------------------------------
unsat
QF_NRA/hycomp/ball_count_2d_hill.02.seq_lazy_global_3.smt2 : 24 ms.
--------------------------------------------------
unsat
QF_NRA/hycomp/ball_count_2d_hill.02.seq_lazy_global_4.smt2 : 76 ms.
--------------------------------------------------
unsat
QF_NRA/hycomp/ball_count_2d_hill.02.seq_lazy_global_5.smt2 : 30 ms.
--------------------------------------------------
QF_NRA/hycomp/ball_count_2d_hill.02.seq_lazy_global_6.smt2 : 1800091 ms.
--------------------------------------------------
unsat
QF_NRA/hycomp/ball_count_2d_hill.02.seq_lazy_global_7.smt2 : 32 ms.
--------------------------------------------------
QF_NRA/hycomp/ball_count_2d_hill.02.seq_lazy_global_8.smt2 : 1800345 ms.
--------------------------------------------------
unsat
QF_NRA/hycomp/ball_count_2d_hill.02.seq_lazy_global_9.smt2 : 35 ms.
--------------------------------------------------
unsat
QF_NRA/hycomp/ball_count_2d_hill.02.seq_lazy_lemmas_global_0.smt2 : 23 ms.
--------------------------------------------------
QF_NRA/hycomp/ball_count_2d_hill.02.seq_lazy_lemmas_global_10.smt2 : 1800074 ms.
--------------------------------------------------
unsat
QF_NRA/hycomp/ball_count_2d_hill.02.seq_lazy_lemmas_global_11.smt2 : 36 ms.
--------------------------------------------------
QF_NRA/hycomp/ball_count_2d_hill.02.seq_lazy_lemmas_global_12.smt2 : 1800138 ms.
--------------------------------------------------
unsat
QF_NRA/hycomp/ball_count_2d_hill.02.seq_lazy_lemmas_global_13.smt2 : 39 ms.
--------------------------------------------------
QF_NRA/hycomp/ball_count_2d_hill.02.seq_lazy_lemmas_global_14.smt2 : 1800114 ms.
--------------------------------------------------
unsat
QF_NRA/hycomp/ball_count_2d_hill.02.seq_lazy_lemmas_global_15.smt2 : 56 ms.
--------------------------------------------------
unsat
QF_NRA/hycomp/ball_count_2d_hill.02.seq_lazy_lemmas_global_1.smt2 : 42 ms.
--------------------------------------------------
unsat
QF_NRA/hycomp/ball_count_2d_hill.02.seq_lazy_lemmas_global_2.smt2 : 47 ms.
--------------------------------------------------
unsat
QF_NRA/hycomp/ball_count_2d_hill.02.seq_lazy_lemmas_global_3.smt2 : 47 ms.
--------------------------------------------------
unsat
QF_NRA/hycomp/ball_count_2d_hill.02.seq_lazy_lemmas_global_4.smt2 : 51 ms.
--------------------------------------------------
unsat
QF_NRA/hycomp/ball_count_2d_hill.02.seq_lazy_lemmas_global_5.smt2 : 31 ms.
--------------------------------------------------
unsat
QF_NRA/hycomp/ball_count_2d_hill.02.seq_lazy_lemmas_global_6.smt2 : 208 ms.
--------------------------------------------------
unsat
QF_NRA/hycomp/ball_count_2d_hill.02.seq_lazy_lemmas_global_7.smt2 : 39 ms.
--------------------------------------------------
QF_NRA/hycomp/ball_count_2d_hill.02.seq_lazy_lemmas_global_8.smt2 : 1800015 ms.
--------------------------------------------------
unsat
QF_NRA/hycomp/ball_count_2d_hill.02.seq_lazy_lemmas_global_9.smt2 : 35 ms.
--------------------------------------------------
unsat
QF_NRA/hycomp/ball_count_2d_hill.02.seq_lazy_linear_enc_global_0.smt2 : 21 ms.
--------------------------------------------------
QF_NRA/hycomp/ball_count_2d_hill.02.seq_lazy_linear_enc_global_10.smt2 : 1800015 ms.
--------------------------------------------------
unsat
QF_NRA/hycomp/ball_count_2d_hill.02.seq_lazy_linear_enc_global_11.smt2 : 35 ms.
--------------------------------------------------
QF_NRA/hycomp/ball_count_2d_hill.02.seq_lazy_linear_enc_global_12.smt2 : 1800068 ms.
--------------------------------------------------
unsat
QF_NRA/hycomp/ball_count_2d_hill.02.seq_lazy_linear_enc_global_13.smt2 : 38 ms.
--------------------------------------------------
QF_NRA/hycomp/ball_count_2d_hill.02.seq_lazy_linear_enc_global_14.smt2 : 1800070 ms.
--------------------------------------------------
unsat
QF_NRA/hycomp/ball_count_2d_hill.02.seq_lazy_linear_enc_global_15.smt2 : 32 ms.
--------------------------------------------------
unsat
QF_NRA/hycomp/ball_count_2d_hill.02.seq_lazy_linear_enc_global_1.smt2 : 21 ms.
--------------------------------------------------
unsat
QF_NRA/hycomp/ball_count_2d_hill.02.seq_lazy_linear_enc_global_2.smt2 : 24 ms.
--------------------------------------------------
unsat
QF_NRA/hycomp/ball_count_2d_hill.02.seq_lazy_linear_enc_global_3.smt2 : 20 ms.
--------------------------------------------------
unsat
QF_NRA/hycomp/ball_count_2d_hill.02.seq_lazy_linear_enc_global_4.smt2 : 70 ms.
--------------------------------------------------
unsat
QF_NRA/hycomp/ball_count_2d_hill.02.seq_lazy_linear_enc_global_5.smt2 : 30 ms.
--------------------------------------------------
QF_NRA/hycomp/ball_count_2d_hill.02.seq_lazy_linear_enc_global_6.smt2 : 1800080 ms.
--------------------------------------------------
unsat
QF_NRA/hycomp/ball_count_2d_hill.02.seq_lazy_linear_enc_global_7.smt2 : 29 ms.
--------------------------------------------------
QF_NRA/hycomp/ball_count_2d_hill.02.seq_lazy_linear_enc_global_8.smt2 : 1800210 ms.
--------------------------------------------------
unsat
QF_NRA/hycomp/ball_count_2d_hill.02.seq_lazy_linear_enc_global_9.smt2 : 34 ms.
--------------------------------------------------
unsat
QF_NRA/hycomp/ball_count_2d_hill.02.seq_lazy_linear_enc_lemmas_global_0.smt2 : 21 ms.
--------------------------------------------------
QF_NRA/hycomp/ball_count_2d_hill.02.seq_lazy_linear_enc_lemmas_global_10.smt2 : 1800095 ms.
--------------------------------------------------
unsat
QF_NRA/hycomp/ball_count_2d_hill.02.seq_lazy_linear_enc_lemmas_global_11.smt2 : 36 ms.
--------------------------------------------------
QF_NRA/hycomp/ball_count_2d_hill.02.seq_lazy_linear_enc_lemmas_global_12.smt2 : 1800066 ms.
--------------------------------------------------
unsat
QF_NRA/hycomp/ball_count_2d_hill.02.seq_lazy_linear_enc_lemmas_global_13.smt2 : 38 ms.
--------------------------------------------------
QF_NRA/hycomp/ball_count_2d_hill.02.seq_lazy_linear_enc_lemmas_global_14.smt2 : 1800029 ms.
--------------------------------------------------
unsat
QF_NRA/hycomp/ball_count_2d_hill.02.seq_lazy_linear_enc_lemmas_global_15.smt2 : 32 ms.
--------------------------------------------------
unsat
QF_NRA/hycomp/ball_count_2d_hill.02.seq_lazy_linear_enc_lemmas_global_1.smt2 : 20 ms.
--------------------------------------------------
unsat
QF_NRA/hycomp/ball_count_2d_hill.02.seq_lazy_linear_enc_lemmas_global_2.smt2 : 22 ms.
--------------------------------------------------
unsat
QF_NRA/hycomp/ball_count_2d_hill.02.seq_lazy_linear_enc_lemmas_global_3.smt2 : 22 ms.
--------------------------------------------------
unsat
QF_NRA/hycomp/ball_count_2d_hill.02.seq_lazy_linear_enc_lemmas_global_4.smt2 : 25 ms.
--------------------------------------------------
unsat
QF_NRA/hycomp/ball_count_2d_hill.02.seq_lazy_linear_enc_lemmas_global_5.smt2 : 23 ms.
--------------------------------------------------
unsat
QF_NRA/hycomp/ball_count_2d_hill.02.seq_lazy_linear_enc_lemmas_global_6.smt2 : 579 ms.
--------------------------------------------------
unsat
QF_NRA/hycomp/ball_count_2d_hill.02.seq_lazy_linear_enc_lemmas_global_7.smt2 : 26 ms.
--------------------------------------------------
QF_NRA/hycomp/ball_count_2d_hill.02.seq_lazy_linear_enc_lemmas_global_8.smt2 : 1800050 ms.
--------------------------------------------------
unsat
QF_NRA/hycomp/ball_count_2d_hill.02.seq_lazy_linear_enc_lemmas_global_9.smt2 : 34 ms.
--------------------------------------------------
unsat
QF_NRA/hycomp/ball_count_2d_hill.03.redlog_global_0.smt2 : 25 ms.
--------------------------------------------------
QF_NRA/hycomp/ball_count_2d_hill.03.redlog_global_10.smt2 : 1800046 ms.
--------------------------------------------------
unsat
QF_NRA/hycomp/ball_count_2d_hill.03.redlog_global_11.smt2 : 53 ms.
--------------------------------------------------
QF_NRA/hycomp/ball_count_2d_hill.03.redlog_global_12.smt2 : 1800173 ms.
--------------------------------------------------
unsat
QF_NRA/hycomp/ball_count_2d_hill.03.redlog_global_13.smt2 : 70 ms.
--------------------------------------------------
QF_NRA/hycomp/ball_count_2d_hill.03.redlog_global_14.smt2 : 1800079 ms.
--------------------------------------------------
unsat
QF_NRA/hycomp/ball_count_2d_hill.03.redlog_global_15.smt2 : 63 ms.
--------------------------------------------------
unsat
QF_NRA/hycomp/ball_count_2d_hill.03.redlog_global_1.smt2 : 28 ms.
--------------------------------------------------
unsat
QF_NRA/hycomp/ball_count_2d_hill.03.redlog_global_2.smt2 : 30 ms.
--------------------------------------------------
unsat
QF_NRA/hycomp/ball_count_2d_hill.03.redlog_global_3.smt2 : 28 ms.
--------------------------------------------------
unsat
QF_NRA/hycomp/ball_count_2d_hill.03.redlog_global_4.smt2 : 28 ms.
--------------------------------------------------
unsat
QF_NRA/hycomp/ball_count_2d_hill.03.redlog_global_5.smt2 : 27 ms.
--------------------------------------------------
QF_NRA/hycomp/ball_count_2d_hill.03.redlog_global_6.smt2 : 1800066 ms.
--------------------------------------------------
unsat
QF_NRA/hycomp/ball_count_2d_hill.03.redlog_global_7.smt2 : 1919 ms.
--------------------------------------------------
QF_NRA/hycomp/ball_count_2d_hill.03.redlog_global_8.smt2 : 1800052 ms.
--------------------------------------------------
unsat
QF_NRA/hycomp/ball_count_2d_hill.03.redlog_global_9.smt2 : 45 ms.
--------------------------------------------------
unsat
QF_NRA/hycomp/ball_count_2d_hill.03.seq_lazy_global_0.smt2 : 17 ms.
--------------------------------------------------
QF_NRA/hycomp/ball_count_2d_hill.03.seq_lazy_global_10.smt2 : 1800017 ms.
--------------------------------------------------
unsat
QF_NRA/hycomp/ball_count_2d_hill.03.seq_lazy_global_11.smt2 : 38 ms.
--------------------------------------------------
QF_NRA/hycomp/ball_count_2d_hill.03.seq_lazy_global_12.smt2 : 1800085 ms.
--------------------------------------------------
unsat
QF_NRA/hycomp/ball_count_2d_hill.03.seq_lazy_global_13.smt2 : 56 ms.
--------------------------------------------------
QF_NRA/hycomp/ball_count_2d_hill.03.seq_lazy_global_14.smt2 : 1800020 ms.
--------------------------------------------------
unsat
QF_NRA/hycomp/ball_count_2d_hill.03.seq_lazy_global_15.smt2 : 62 ms.
--------------------------------------------------
unsat
QF_NRA/hycomp/ball_count_2d_hill.03.seq_lazy_global_1.smt2 : 20 ms.
--------------------------------------------------
unsat
QF_NRA/hycomp/ball_count_2d_hill.03.seq_lazy_global_2.smt2 : 19 ms.
--------------------------------------------------
unsat
QF_NRA/hycomp/ball_count_2d_hill.03.seq_lazy_global_3.smt2 : 19 ms.
--------------------------------------------------
unsat
QF_NRA/hycomp/ball_count_2d_hill.03.seq_lazy_global_4.smt2 : 25 ms.
--------------------------------------------------
unsat
QF_NRA/hycomp/ball_count_2d_hill.03.seq_lazy_global_5.smt2 : 37 ms.
--------------------------------------------------
unsat
QF_NRA/hycomp/ball_count_2d_hill.03.seq_lazy_global_6.smt2 : 175 ms.
--------------------------------------------------
unsat
QF_NRA/hycomp/ball_count_2d_hill.03.seq_lazy_global_7.smt2 : 40 ms.
--------------------------------------------------
QF_NRA/hycomp/ball_count_2d_hill.03.seq_lazy_global_8.smt2 : 1800334 ms.
--------------------------------------------------
unsat
QF_NRA/hycomp/ball_count_2d_hill.03.seq_lazy_global_9.smt2 : 74 ms.
--------------------------------------------------
unsat
QF_NRA/hycomp/ball_count_2d_hill.03.seq_lazy_lemmas_global_0.smt2 : 24 ms.
--------------------------------------------------
QF_NRA/hycomp/ball_count_2d_hill.03.seq_lazy_lemmas_global_10.smt2 : 1800102 ms.
--------------------------------------------------
unsat
QF_NRA/hycomp/ball_count_2d_hill.03.seq_lazy_lemmas_global_11.smt2 : 65 ms.
--------------------------------------------------
QF_NRA/hycomp/ball_count_2d_hill.03.seq_lazy_lemmas_global_12.smt2 : 1800092 ms.
--------------------------------------------------
QF_NRA/hycomp/ball_count_2d_hill.03.seq_lazy_lemmas_global_13.smt2 : 1800098 ms.
--------------------------------------------------
QF_NRA/hycomp/ball_count_2d_hill.03.seq_lazy_lemmas_global_14.smt2 : 1800096 ms.
--------------------------------------------------
unsat
QF_NRA/hycomp/ball_count_2d_hill.03.seq_lazy_lemmas_global_15.smt2 : 73 ms.
--------------------------------------------------
unsat
QF_NRA/hycomp/ball_count_2d_hill.03.seq_lazy_lemmas_global_1.smt2 : 24 ms.
--------------------------------------------------
unsat
QF_NRA/hycomp/ball_count_2d_hill.03.seq_lazy_lemmas_global_2.smt2 : 27 ms.
--------------------------------------------------
unsat
QF_NRA/hycomp/ball_count_2d_hill.03.seq_lazy_lemmas_global_3.smt2 : 28 ms.
--------------------------------------------------
unsat
QF_NRA/hycomp/ball_count_2d_hill.03.seq_lazy_lemmas_global_4.smt2 : 29 ms.
--------------------------------------------------
unsat
QF_NRA/hycomp/ball_count_2d_hill.03.seq_lazy_lemmas_global_5.smt2 : 32 ms.
--------------------------------------------------
unsat
QF_NRA/hycomp/ball_count_2d_hill.03.seq_lazy_lemmas_global_6.smt2 : 138 ms.
--------------------------------------------------
unsat
QF_NRA/hycomp/ball_count_2d_hill.03.seq_lazy_lemmas_global_7.smt2 : 38 ms.
--------------------------------------------------
QF_NRA/hycomp/ball_count_2d_hill.03.seq_lazy_lemmas_global_8.smt2 : 1800105 ms.
--------------------------------------------------
unsat
QF_NRA/hycomp/ball_count_2d_hill.03.seq_lazy_lemmas_global_9.smt2 : 148 ms.
--------------------------------------------------
unsat
QF_NRA/hycomp/ball_count_2d_hill.03.seq_lazy_linear_enc_global_0.smt2 : 22 ms.
--------------------------------------------------
QF_NRA/hycomp/ball_count_2d_hill.03.seq_lazy_linear_enc_global_10.smt2 : 1800112 ms.
--------------------------------------------------
unsat
QF_NRA/hycomp/ball_count_2d_hill.03.seq_lazy_linear_enc_global_11.smt2 : 41 ms.
--------------------------------------------------
QF_NRA/hycomp/ball_count_2d_hill.03.seq_lazy_linear_enc_global_12.smt2 : 1800276 ms.
--------------------------------------------------
unsat
QF_NRA/hycomp/ball_count_2d_hill.03.seq_lazy_linear_enc_global_13.smt2 : 53 ms.
--------------------------------------------------
QF_NRA/hycomp/ball_count_2d_hill.03.seq_lazy_linear_enc_global_14.smt2 : 1800026 ms.
--------------------------------------------------
unsat
QF_NRA/hycomp/ball_count_2d_hill.03.seq_lazy_linear_enc_global_15.smt2 : 61 ms.
--------------------------------------------------
unsat
QF_NRA/hycomp/ball_count_2d_hill.03.seq_lazy_linear_enc_global_1.smt2 : 19 ms.
--------------------------------------------------
unsat
QF_NRA/hycomp/ball_count_2d_hill.03.seq_lazy_linear_enc_global_2.smt2 : 18 ms.
--------------------------------------------------
unsat
QF_NRA/hycomp/ball_count_2d_hill.03.seq_lazy_linear_enc_global_3.smt2 : 18 ms.
--------------------------------------------------
unsat
QF_NRA/hycomp/ball_count_2d_hill.03.seq_lazy_linear_enc_global_4.smt2 : 28 ms.
--------------------------------------------------
unsat
QF_NRA/hycomp/ball_count_2d_hill.03.seq_lazy_linear_enc_global_5.smt2 : 41 ms.
--------------------------------------------------
unsat
QF_NRA/hycomp/ball_count_2d_hill.03.seq_lazy_linear_enc_global_6.smt2 : 143 ms.
--------------------------------------------------
unsat
QF_NRA/hycomp/ball_count_2d_hill.03.seq_lazy_linear_enc_global_7.smt2 : 34 ms.
--------------------------------------------------
QF_NRA/hycomp/ball_count_2d_hill.03.seq_lazy_linear_enc_global_8.smt2 : 1800179 ms.
--------------------------------------------------
unsat
QF_NRA/hycomp/ball_count_2d_hill.03.seq_lazy_linear_enc_global_9.smt2 : 52 ms.
