--------------------------------------------------
unsat
QF_NRA/hycomp/ball_count_2d_plain.02.seq_lazy_linear_enc_global_2.smt2 : 25 ms.
--------------------------------------------------
unsat
QF_NRA/hycomp/ball_count_2d_plain.02.seq_lazy_linear_enc_global_3.smt2 : 27 ms.
--------------------------------------------------
unsat
QF_NRA/hycomp/ball_count_2d_plain.02.seq_lazy_linear_enc_global_4.smt2 : 33 ms.
--------------------------------------------------
unsat
QF_NRA/hycomp/ball_count_2d_plain.02.seq_lazy_linear_enc_global_5.smt2 : 28 ms.
--------------------------------------------------
sat
QF_NRA/hycomp/ball_count_2d_plain.02.seq_lazy_linear_enc_global_6.smt2 : 67 ms.
--------------------------------------------------
unsat
QF_NRA/hycomp/ball_count_2d_plain.02.seq_lazy_linear_enc_global_7.smt2 : 29 ms.
--------------------------------------------------
sat
QF_NRA/hycomp/ball_count_2d_plain.02.seq_lazy_linear_enc_global_8.smt2 : 138 ms.
--------------------------------------------------
unsat
QF_NRA/hycomp/ball_count_2d_plain.02.seq_lazy_linear_enc_global_9.smt2 : 30 ms.
--------------------------------------------------
unsat
QF_NRA/hycomp/ball_count_2d_plain.02.seq_lazy_linear_enc_lemmas_global_0.smt2 : 22 ms.
--------------------------------------------------
sat
QF_NRA/hycomp/ball_count_2d_plain.02.seq_lazy_linear_enc_lemmas_global_10.smt2 : 118 ms.
--------------------------------------------------
unsat
QF_NRA/hycomp/ball_count_2d_plain.02.seq_lazy_linear_enc_lemmas_global_11.smt2 : 34 ms.
--------------------------------------------------
sat
QF_NRA/hycomp/ball_count_2d_plain.02.seq_lazy_linear_enc_lemmas_global_12.smt2 : 300 ms.
--------------------------------------------------
unsat
QF_NRA/hycomp/ball_count_2d_plain.02.seq_lazy_linear_enc_lemmas_global_13.smt2 : 38 ms.
--------------------------------------------------
sat
QF_NRA/hycomp/ball_count_2d_plain.02.seq_lazy_linear_enc_lemmas_global_14.smt2 : 38313 ms.
--------------------------------------------------
unsat
QF_NRA/hycomp/ball_count_2d_plain.02.seq_lazy_linear_enc_lemmas_global_15.smt2 : 34 ms.
--------------------------------------------------
unsat
QF_NRA/hycomp/ball_count_2d_plain.02.seq_lazy_linear_enc_lemmas_global_1.smt2 : 21 ms.
--------------------------------------------------
unsat
QF_NRA/hycomp/ball_count_2d_plain.02.seq_lazy_linear_enc_lemmas_global_2.smt2 : 28 ms.
--------------------------------------------------
unsat
QF_NRA/hycomp/ball_count_2d_plain.02.seq_lazy_linear_enc_lemmas_global_3.smt2 : 26 ms.
--------------------------------------------------
unsat
QF_NRA/hycomp/ball_count_2d_plain.02.seq_lazy_linear_enc_lemmas_global_4.smt2 : 186 ms.
--------------------------------------------------
unsat
QF_NRA/hycomp/ball_count_2d_plain.02.seq_lazy_linear_enc_lemmas_global_5.smt2 : 23 ms.
--------------------------------------------------
sat
QF_NRA/hycomp/ball_count_2d_plain.02.seq_lazy_linear_enc_lemmas_global_6.smt2 : 132 ms.
--------------------------------------------------
unsat
QF_NRA/hycomp/ball_count_2d_plain.02.seq_lazy_linear_enc_lemmas_global_7.smt2 : 25 ms.
--------------------------------------------------
sat
QF_NRA/hycomp/ball_count_2d_plain.02.seq_lazy_linear_enc_lemmas_global_8.smt2 : 256 ms.
--------------------------------------------------
unsat
QF_NRA/hycomp/ball_count_2d_plain.02.seq_lazy_linear_enc_lemmas_global_9.smt2 : 25 ms.
--------------------------------------------------
unsat
QF_NRA/hycomp/ball_count_2d_plain.03.qfree_global_0.smt2 : 19 ms.
--------------------------------------------------
sat
QF_NRA/hycomp/ball_count_2d_plain.03.qfree_global_10.smt2 : 133541 ms.
--------------------------------------------------
unsat
QF_NRA/hycomp/ball_count_2d_plain.03.qfree_global_11.smt2 : 36 ms.
--------------------------------------------------
sat
QF_NRA/hycomp/ball_count_2d_plain.03.qfree_global_12.smt2 : 3098 ms.
--------------------------------------------------
unsat
QF_NRA/hycomp/ball_count_2d_plain.03.qfree_global_13.smt2 : 49 ms.
--------------------------------------------------
QF_NRA/hycomp/ball_count_2d_plain.03.qfree_global_14.smt2 : 1800277 ms.
--------------------------------------------------
unsat
QF_NRA/hycomp/ball_count_2d_plain.03.qfree_global_15.smt2 : 52 ms.
--------------------------------------------------
unsat
QF_NRA/hycomp/ball_count_2d_plain.03.qfree_global_1.smt2 : 25 ms.
--------------------------------------------------
unsat
QF_NRA/hycomp/ball_count_2d_plain.03.qfree_global_2.smt2 : 28 ms.
--------------------------------------------------
unsat
QF_NRA/hycomp/ball_count_2d_plain.03.qfree_global_3.smt2 : 26 ms.
--------------------------------------------------
unsat
QF_NRA/hycomp/ball_count_2d_plain.03.qfree_global_4.smt2 : 29 ms.
--------------------------------------------------
unsat
QF_NRA/hycomp/ball_count_2d_plain.03.qfree_global_5.smt2 : 29 ms.
--------------------------------------------------
unsat
QF_NRA/hycomp/ball_count_2d_plain.03.qfree_global_6.smt2 : 63 ms.
--------------------------------------------------
unsat
QF_NRA/hycomp/ball_count_2d_plain.03.qfree_global_7.smt2 : 33 ms.
--------------------------------------------------
unsat
QF_NRA/hycomp/ball_count_2d_plain.03.qfree_global_8.smt2 : 124 ms.
--------------------------------------------------
unsat
QF_NRA/hycomp/ball_count_2d_plain.03.qfree_global_9.smt2 : 33 ms.
--------------------------------------------------
unsat
QF_NRA/hycomp/ball_count_2d_plain.03.redlog_global_0.smt2 : 23 ms.
--------------------------------------------------
sat
QF_NRA/hycomp/ball_count_2d_plain.03.redlog_global_10.smt2 : 457 ms.
--------------------------------------------------
unsat
QF_NRA/hycomp/ball_count_2d_plain.03.redlog_global_11.smt2 : 42 ms.
--------------------------------------------------
sat
QF_NRA/hycomp/ball_count_2d_plain.03.redlog_global_12.smt2 : 4868 ms.
--------------------------------------------------
unsat
QF_NRA/hycomp/ball_count_2d_plain.03.redlog_global_13.smt2 : 45 ms.
--------------------------------------------------
QF_NRA/hycomp/ball_count_2d_plain.03.redlog_global_14.smt2 : 1800038 ms.
--------------------------------------------------
unsat
QF_NRA/hycomp/ball_count_2d_plain.03.redlog_global_15.smt2 : 45 ms.
--------------------------------------------------
unsat
QF_NRA/hycomp/ball_count_2d_plain.03.redlog_global_1.smt2 : 19 ms.
--------------------------------------------------
unsat
QF_NRA/hycomp/ball_count_2d_plain.03.redlog_global_2.smt2 : 21 ms.
--------------------------------------------------
unsat
QF_NRA/hycomp/ball_count_2d_plain.03.redlog_global_3.smt2 : 26 ms.
--------------------------------------------------
unsat
QF_NRA/hycomp/ball_count_2d_plain.03.redlog_global_4.smt2 : 25 ms.
--------------------------------------------------
unsat
QF_NRA/hycomp/ball_count_2d_plain.03.redlog_global_5.smt2 : 27 ms.
--------------------------------------------------
unsat
QF_NRA/hycomp/ball_count_2d_plain.03.redlog_global_6.smt2 : 41 ms.
--------------------------------------------------
unsat
QF_NRA/hycomp/ball_count_2d_plain.03.redlog_global_7.smt2 : 36 ms.
--------------------------------------------------
unsat
QF_NRA/hycomp/ball_count_2d_plain.03.redlog_global_8.smt2 : 110 ms.
--------------------------------------------------
unsat
QF_NRA/hycomp/ball_count_2d_plain.03.redlog_global_9.smt2 : 32 ms.
--------------------------------------------------
unsat
QF_NRA/hycomp/ball_count_2d_plain.03.seq_lazy_global_0.smt2 : 19 ms.
--------------------------------------------------
sat
QF_NRA/hycomp/ball_count_2d_plain.03.seq_lazy_global_10.smt2 : 323141 ms.
--------------------------------------------------
unsat
QF_NRA/hycomp/ball_count_2d_plain.03.seq_lazy_global_11.smt2 : 35 ms.
--------------------------------------------------
sat
QF_NRA/hycomp/ball_count_2d_plain.03.seq_lazy_global_12.smt2 : 373176 ms.
--------------------------------------------------
unsat
QF_NRA/hycomp/ball_count_2d_plain.03.seq_lazy_global_13.smt2 : 41 ms.
--------------------------------------------------
QF_NRA/hycomp/ball_count_2d_plain.03.seq_lazy_global_14.smt2 : 1800029 ms.
--------------------------------------------------
unsat
QF_NRA/hycomp/ball_count_2d_plain.03.seq_lazy_global_15.smt2 : 53 ms.
--------------------------------------------------
unsat
QF_NRA/hycomp/ball_count_2d_plain.03.seq_lazy_global_1.smt2 : 30 ms.
--------------------------------------------------
unsat
QF_NRA/hycomp/ball_count_2d_plain.03.seq_lazy_global_2.smt2 : 27 ms.
--------------------------------------------------
unsat
QF_NRA/hycomp/ball_count_2d_plain.03.seq_lazy_global_3.smt2 : 22 ms.
--------------------------------------------------
unsat
QF_NRA/hycomp/ball_count_2d_plain.03.seq_lazy_global_4.smt2 : 25 ms.
--------------------------------------------------
unsat
QF_NRA/hycomp/ball_count_2d_plain.03.seq_lazy_global_5.smt2 : 25 ms.
--------------------------------------------------
unsat
QF_NRA/hycomp/ball_count_2d_plain.03.seq_lazy_global_6.smt2 : 29 ms.
--------------------------------------------------
unsat
QF_NRA/hycomp/ball_count_2d_plain.03.seq_lazy_global_7.smt2 : 26 ms.
--------------------------------------------------
unsat
QF_NRA/hycomp/ball_count_2d_plain.03.seq_lazy_global_8.smt2 : 41 ms.
--------------------------------------------------
unsat
QF_NRA/hycomp/ball_count_2d_plain.03.seq_lazy_global_9.smt2 : 29 ms.
--------------------------------------------------
unsat
QF_NRA/hycomp/ball_count_2d_plain.03.seq_lazy_lemmas_global_0.smt2 : 20 ms.
--------------------------------------------------
sat
QF_NRA/hycomp/ball_count_2d_plain.03.seq_lazy_lemmas_global_10.smt2 : 13919 ms.
--------------------------------------------------
unsat
QF_NRA/hycomp/ball_count_2d_plain.03.seq_lazy_lemmas_global_11.smt2 : 49 ms.
--------------------------------------------------
QF_NRA/hycomp/ball_count_2d_plain.03.seq_lazy_lemmas_global_12.smt2 : 1800067 ms.
--------------------------------------------------
unsat
QF_NRA/hycomp/ball_count_2d_plain.03.seq_lazy_lemmas_global_13.smt2 : 45 ms.
--------------------------------------------------
QF_NRA/hycomp/ball_count_2d_plain.03.seq_lazy_lemmas_global_14.smt2 : 1800022 ms.
--------------------------------------------------
unsat
QF_NRA/hycomp/ball_count_2d_plain.03.seq_lazy_lemmas_global_15.smt2 : 51 ms.
--------------------------------------------------
unsat
QF_NRA/hycomp/ball_count_2d_plain.03.seq_lazy_lemmas_global_1.smt2 : 23 ms.
--------------------------------------------------
unsat
QF_NRA/hycomp/ball_count_2d_plain.03.seq_lazy_lemmas_global_2.smt2 : 27 ms.
--------------------------------------------------
unsat
QF_NRA/hycomp/ball_count_2d_plain.03.seq_lazy_lemmas_global_3.smt2 : 26 ms.
--------------------------------------------------
unsat
QF_NRA/hycomp/ball_count_2d_plain.03.seq_lazy_lemmas_global_4.smt2 : 29 ms.
--------------------------------------------------
unsat
QF_NRA/hycomp/ball_count_2d_plain.03.seq_lazy_lemmas_global_5.smt2 : 28 ms.
--------------------------------------------------
unsat
QF_NRA/hycomp/ball_count_2d_plain.03.seq_lazy_lemmas_global_6.smt2 : 51 ms.
--------------------------------------------------
unsat
QF_NRA/hycomp/ball_count_2d_plain.03.seq_lazy_lemmas_global_7.smt2 : 34 ms.
--------------------------------------------------
unsat
QF_NRA/hycomp/ball_count_2d_plain.03.seq_lazy_lemmas_global_8.smt2 : 80 ms.
--------------------------------------------------
unsat
QF_NRA/hycomp/ball_count_2d_plain.03.seq_lazy_lemmas_global_9.smt2 : 51 ms.
--------------------------------------------------
unsat
QF_NRA/hycomp/ball_count_2d_plain.03.seq_lazy_linear_enc_global_0.smt2 : 24 ms.
--------------------------------------------------
sat
QF_NRA/hycomp/ball_count_2d_plain.03.seq_lazy_linear_enc_global_10.smt2 : 372837 ms.
--------------------------------------------------
unsat
QF_NRA/hycomp/ball_count_2d_plain.03.seq_lazy_linear_enc_global_11.smt2 : 47 ms.
--------------------------------------------------
QF_NRA/hycomp/ball_count_2d_plain.03.seq_lazy_linear_enc_global_12.smt2 : 1800042 ms.
--------------------------------------------------
unsat
QF_NRA/hycomp/ball_count_2d_plain.03.seq_lazy_linear_enc_global_13.smt2 : 41 ms.
--------------------------------------------------
QF_NRA/hycomp/ball_count_2d_plain.03.seq_lazy_linear_enc_global_14.smt2 : 1800027 ms.
--------------------------------------------------
unsat
QF_NRA/hycomp/ball_count_2d_plain.03.seq_lazy_linear_enc_global_15.smt2 : 47 ms.
--------------------------------------------------
unsat
QF_NRA/hycomp/ball_count_2d_plain.03.seq_lazy_linear_enc_global_1.smt2 : 22 ms.
--------------------------------------------------
unsat
QF_NRA/hycomp/ball_count_2d_plain.03.seq_lazy_linear_enc_global_2.smt2 : 23 ms.
--------------------------------------------------
unsat
QF_NRA/hycomp/ball_count_2d_plain.03.seq_lazy_linear_enc_global_3.smt2 : 25 ms.
--------------------------------------------------
unsat
QF_NRA/hycomp/ball_count_2d_plain.03.seq_lazy_linear_enc_global_4.smt2 : 27 ms.
--------------------------------------------------
unsat
QF_NRA/hycomp/ball_count_2d_plain.03.seq_lazy_linear_enc_global_5.smt2 : 27 ms.
--------------------------------------------------
unsat
QF_NRA/hycomp/ball_count_2d_plain.03.seq_lazy_linear_enc_global_6.smt2 : 32 ms.
--------------------------------------------------
unsat
QF_NRA/hycomp/ball_count_2d_plain.03.seq_lazy_linear_enc_global_7.smt2 : 32 ms.
--------------------------------------------------
unsat
QF_NRA/hycomp/ball_count_2d_plain.03.seq_lazy_linear_enc_global_8.smt2 : 43 ms.
--------------------------------------------------
unsat
QF_NRA/hycomp/ball_count_2d_plain.03.seq_lazy_linear_enc_global_9.smt2 : 31 ms.
--------------------------------------------------
unsat
QF_NRA/hycomp/ball_count_2d_plain.03.seq_lazy_linear_enc_lemmas_global_0.smt2 : 24 ms.
--------------------------------------------------
QF_NRA/hycomp/ball_count_2d_plain.03.seq_lazy_linear_enc_lemmas_global_10.smt2 : 1800046 ms.
--------------------------------------------------
unsat
QF_NRA/hycomp/ball_count_2d_plain.03.seq_lazy_linear_enc_lemmas_global_11.smt2 : 45 ms.
--------------------------------------------------
sat
QF_NRA/hycomp/ball_count_2d_plain.03.seq_lazy_linear_enc_lemmas_global_12.smt2 : 381 ms.
--------------------------------------------------
unsat
QF_NRA/hycomp/ball_count_2d_plain.03.seq_lazy_linear_enc_lemmas_global_13.smt2 : 41 ms.
--------------------------------------------------
QF_NRA/hycomp/ball_count_2d_plain.03.seq_lazy_linear_enc_lemmas_global_14.smt2 : 1800019 ms.
--------------------------------------------------
unsat
QF_NRA/hycomp/ball_count_2d_plain.03.seq_lazy_linear_enc_lemmas_global_15.smt2 : 49 ms.
--------------------------------------------------
unsat
QF_NRA/hycomp/ball_count_2d_plain.03.seq_lazy_linear_enc_lemmas_global_1.smt2 : 22 ms.
--------------------------------------------------
unsat
QF_NRA/hycomp/ball_count_2d_plain.03.seq_lazy_linear_enc_lemmas_global_2.smt2 : 24 ms.
--------------------------------------------------
unsat
QF_NRA/hycomp/ball_count_2d_plain.03.seq_lazy_linear_enc_lemmas_global_3.smt2 : 26 ms.
--------------------------------------------------
unsat
QF_NRA/hycomp/ball_count_2d_plain.03.seq_lazy_linear_enc_lemmas_global_4.smt2 : 29 ms.
--------------------------------------------------
unsat
QF_NRA/hycomp/ball_count_2d_plain.03.seq_lazy_linear_enc_lemmas_global_5.smt2 : 28 ms.
--------------------------------------------------
unsat
QF_NRA/hycomp/ball_count_2d_plain.03.seq_lazy_linear_enc_lemmas_global_6.smt2 : 51 ms.
--------------------------------------------------
unsat
QF_NRA/hycomp/ball_count_2d_plain.03.seq_lazy_linear_enc_lemmas_global_7.smt2 : 31 ms.
--------------------------------------------------
unsat
QF_NRA/hycomp/ball_count_2d_plain.03.seq_lazy_linear_enc_lemmas_global_8.smt2 : 65 ms.
--------------------------------------------------
unsat
QF_NRA/hycomp/ball_count_2d_plain.03.seq_lazy_linear_enc_lemmas_global_9.smt2 : 34 ms.
--------------------------------------------------
unsat
QF_NRA/hycomp/ball_count_2d_plain.04.qfree_global_0.smt2 : 21 ms.
--------------------------------------------------
unsat
QF_NRA/hycomp/ball_count_2d_plain.04.qfree_global_10.smt2 : 113 ms.
--------------------------------------------------
unsat
QF_NRA/hycomp/ball_count_2d_plain.04.qfree_global_11.smt2 : 36 ms.
--------------------------------------------------
QF_NRA/hycomp/ball_count_2d_plain.04.qfree_global_12.smt2 : 1800042 ms.
--------------------------------------------------
unsat
QF_NRA/hycomp/ball_count_2d_plain.04.qfree_global_13.smt2 : 46 ms.
--------------------------------------------------
QF_NRA/hycomp/ball_count_2d_plain.04.qfree_global_14.smt2 : 1800024 ms.
--------------------------------------------------
unsat
QF_NRA/hycomp/ball_count_2d_plain.04.qfree_global_15.smt2 : 47 ms.
--------------------------------------------------
unsat
QF_NRA/hycomp/ball_count_2d_plain.04.qfree_global_1.smt2 : 20 ms.
--------------------------------------------------
unsat
QF_NRA/hycomp/ball_count_2d_plain.04.qfree_global_2.smt2 : 20 ms.
--------------------------------------------------
unsat
QF_NRA/hycomp/ball_count_2d_plain.04.qfree_global_3.smt2 : 21 ms.
--------------------------------------------------
unsat
QF_NRA/hycomp/ball_count_2d_plain.04.qfree_global_4.smt2 : 24 ms.
--------------------------------------------------
unsat
QF_NRA/hycomp/ball_count_2d_plain.04.qfree_global_5.smt2 : 25 ms.
--------------------------------------------------
unsat
QF_NRA/hycomp/ball_count_2d_plain.04.qfree_global_6.smt2 : 32 ms.
--------------------------------------------------
unsat
QF_NRA/hycomp/ball_count_2d_plain.04.qfree_global_7.smt2 : 25 ms.
--------------------------------------------------
unsat
QF_NRA/hycomp/ball_count_2d_plain.04.qfree_global_8.smt2 : 62 ms.
--------------------------------------------------
unsat
QF_NRA/hycomp/ball_count_2d_plain.04.qfree_global_9.smt2 : 29 ms.
--------------------------------------------------
unsat
QF_NRA/hycomp/ball_count_2d_plain.04.redlog_global_0.smt2 : 17 ms.
--------------------------------------------------
unsat
QF_NRA/hycomp/ball_count_2d_plain.04.redlog_global_10.smt2 : 71 ms.
--------------------------------------------------
unsat
QF_NRA/hycomp/ball_count_2d_plain.04.redlog_global_11.smt2 : 36 ms.
--------------------------------------------------
unsat
QF_NRA/hycomp/ball_count_2d_plain.04.redlog_global_12.smt2 : 1400 ms.
--------------------------------------------------
unsat
QF_NRA/hycomp/ball_count_2d_plain.04.redlog_global_13.smt2 : 45 ms.
--------------------------------------------------
QF_NRA/hycomp/ball_count_2d_plain.04.redlog_global_14.smt2 : 1800045 ms.
--------------------------------------------------
unsat
QF_NRA/hycomp/ball_count_2d_plain.04.redlog_global_15.smt2 : 47 ms.
--------------------------------------------------
unsat
QF_NRA/hycomp/ball_count_2d_plain.04.redlog_global_1.smt2 : 19 ms.
--------------------------------------------------
unsat
QF_NRA/hycomp/ball_count_2d_plain.04.redlog_global_2.smt2 : 22 ms.
--------------------------------------------------
unsat
QF_NRA/hycomp/ball_count_2d_plain.04.redlog_global_3.smt2 : 23 ms.
--------------------------------------------------
unsat
QF_NRA/hycomp/ball_count_2d_plain.04.redlog_global_4.smt2 : 25 ms.
--------------------------------------------------
unsat
QF_NRA/hycomp/ball_count_2d_plain.04.redlog_global_5.smt2 : 26 ms.
--------------------------------------------------
unsat
QF_NRA/hycomp/ball_count_2d_plain.04.redlog_global_6.smt2 : 35 ms.
--------------------------------------------------
unsat
QF_NRA/hycomp/ball_count_2d_plain.04.redlog_global_7.smt2 : 30 ms.
--------------------------------------------------
unsat
QF_NRA/hycomp/ball_count_2d_plain.04.redlog_global_8.smt2 : 39 ms.
--------------------------------------------------
unsat
QF_NRA/hycomp/ball_count_2d_plain.04.redlog_global_9.smt2 : 31 ms.
--------------------------------------------------
unsat
QF_NRA/hycomp/ball_count_2d_plain.04.seq_lazy_global_0.smt2 : 16 ms.
--------------------------------------------------
unsat
QF_NRA/hycomp/ball_count_2d_plain.04.seq_lazy_global_10.smt2 : 36 ms.
--------------------------------------------------
unsat
QF_NRA/hycomp/ball_count_2d_plain.04.seq_lazy_global_11.smt2 : 31 ms.
--------------------------------------------------
unsat
QF_NRA/hycomp/ball_count_2d_plain.04.seq_lazy_global_12.smt2 : 52 ms.
--------------------------------------------------
unsat
QF_NRA/hycomp/ball_count_2d_plain.04.seq_lazy_global_13.smt2 : 36 ms.
--------------------------------------------------
QF_NRA/hycomp/ball_count_2d_plain.04.seq_lazy_global_14.smt2 : 1800080 ms.
--------------------------------------------------
unsat
QF_NRA/hycomp/ball_count_2d_plain.04.seq_lazy_global_15.smt2 : 42 ms.
--------------------------------------------------
unsat
QF_NRA/hycomp/ball_count_2d_plain.04.seq_lazy_global_1.smt2 : 21 ms.
--------------------------------------------------
unsat
QF_NRA/hycomp/ball_count_2d_plain.04.seq_lazy_global_2.smt2 : 24 ms.
--------------------------------------------------
unsat
QF_NRA/hycomp/ball_count_2d_plain.04.seq_lazy_global_3.smt2 : 26 ms.
--------------------------------------------------
unsat
QF_NRA/hycomp/ball_count_2d_plain.04.seq_lazy_global_4.smt2 : 26 ms.
--------------------------------------------------
unsat
QF_NRA/hycomp/ball_count_2d_plain.04.seq_lazy_global_5.smt2 : 26 ms.
--------------------------------------------------
unsat
QF_NRA/hycomp/ball_count_2d_plain.04.seq_lazy_global_6.smt2 : 30 ms.
--------------------------------------------------
unsat
QF_NRA/hycomp/ball_count_2d_plain.04.seq_lazy_global_7.smt2 : 29 ms.
--------------------------------------------------
unsat
QF_NRA/hycomp/ball_count_2d_plain.04.seq_lazy_global_8.smt2 : 36 ms.
--------------------------------------------------
unsat
QF_NRA/hycomp/ball_count_2d_plain.04.seq_lazy_global_9.smt2 : 33 ms.
--------------------------------------------------
unsat
QF_NRA/hycomp/ball_count_2d_plain.04.seq_lazy_lemmas_global_0.smt2 : 22 ms.
--------------------------------------------------
unsat
QF_NRA/hycomp/ball_count_2d_plain.04.seq_lazy_lemmas_global_10.smt2 : 50 ms.
--------------------------------------------------
unsat
QF_NRA/hycomp/ball_count_2d_plain.04.seq_lazy_lemmas_global_11.smt2 : 44 ms.
--------------------------------------------------
unsat
QF_NRA/hycomp/ball_count_2d_plain.04.seq_lazy_lemmas_global_12.smt2 : 71 ms.
--------------------------------------------------
unsat
QF_NRA/hycomp/ball_count_2d_plain.04.seq_lazy_lemmas_global_13.smt2 : 39 ms.
--------------------------------------------------
QF_NRA/hycomp/ball_count_2d_plain.04.seq_lazy_lemmas_global_14.smt2 : 1800103 ms.
--------------------------------------------------
unsat
QF_NRA/hycomp/ball_count_2d_plain.04.seq_lazy_lemmas_global_15.smt2 : 48 ms.
--------------------------------------------------
unsat
QF_NRA/hycomp/ball_count_2d_plain.04.seq_lazy_lemmas_global_1.smt2 : 22 ms.
--------------------------------------------------
unsat
QF_NRA/hycomp/ball_count_2d_plain.04.seq_lazy_lemmas_global_2.smt2 : 24 ms.
--------------------------------------------------
unsat
QF_NRA/hycomp/ball_count_2d_plain.04.seq_lazy_lemmas_global_3.smt2 : 25 ms.
--------------------------------------------------
unsat
QF_NRA/hycomp/ball_count_2d_plain.04.seq_lazy_lemmas_global_4.smt2 : 28 ms.
--------------------------------------------------
unsat
QF_NRA/hycomp/ball_count_2d_plain.04.seq_lazy_lemmas_global_5.smt2 : 29 ms.
--------------------------------------------------
unsat
QF_NRA/hycomp/ball_count_2d_plain.04.seq_lazy_lemmas_global_6.smt2 : 64 ms.
--------------------------------------------------
unsat
QF_NRA/hycomp/ball_count_2d_plain.04.seq_lazy_lemmas_global_7.smt2 : 30 ms.
--------------------------------------------------
unsat
QF_NRA/hycomp/ball_count_2d_plain.04.seq_lazy_lemmas_global_8.smt2 : 45 ms.
--------------------------------------------------
unsat
QF_NRA/hycomp/ball_count_2d_plain.04.seq_lazy_lemmas_global_9.smt2 : 30 ms.
--------------------------------------------------
unsat
QF_NRA/hycomp/ball_count_2d_plain.04.seq_lazy_linear_enc_global_0.smt2 : 17 ms.
--------------------------------------------------
unsat
QF_NRA/hycomp/ball_count_2d_plain.04.seq_lazy_linear_enc_global_10.smt2 : 32 ms.
--------------------------------------------------
unsat
QF_NRA/hycomp/ball_count_2d_plain.04.seq_lazy_linear_enc_global_11.smt2 : 28 ms.
--------------------------------------------------
unsat
QF_NRA/hycomp/ball_count_2d_plain.04.seq_lazy_linear_enc_global_12.smt2 : 52 ms.
--------------------------------------------------
unsat
QF_NRA/hycomp/ball_count_2d_plain.04.seq_lazy_linear_enc_global_13.smt2 : 35 ms.
--------------------------------------------------
QF_NRA/hycomp/ball_count_2d_plain.04.seq_lazy_linear_enc_global_14.smt2 : 1800101 ms.
--------------------------------------------------
unsat
QF_NRA/hycomp/ball_count_2d_plain.04.seq_lazy_linear_enc_global_15.smt2 : 39 ms.
--------------------------------------------------
unsat
QF_NRA/hycomp/ball_count_2d_plain.04.seq_lazy_linear_enc_global_1.smt2 : 17 ms.
--------------------------------------------------
unsat
QF_NRA/hycomp/ball_count_2d_plain.04.seq_lazy_linear_enc_global_2.smt2 : 18 ms.
--------------------------------------------------
unsat
QF_NRA/hycomp/ball_count_2d_plain.04.seq_lazy_linear_enc_global_3.smt2 : 19 ms.
--------------------------------------------------
unsat
QF_NRA/hycomp/ball_count_2d_plain.04.seq_lazy_linear_enc_global_4.smt2 : 21 ms.
--------------------------------------------------
unsat
QF_NRA/hycomp/ball_count_2d_plain.04.seq_lazy_linear_enc_global_5.smt2 : 20 ms.
--------------------------------------------------
unsat
QF_NRA/hycomp/ball_count_2d_plain.04.seq_lazy_linear_enc_global_6.smt2 : 26 ms.
--------------------------------------------------
unsat
QF_NRA/hycomp/ball_count_2d_plain.04.seq_lazy_linear_enc_global_7.smt2 : 25 ms.
--------------------------------------------------
unsat
QF_NRA/hycomp/ball_count_2d_plain.04.seq_lazy_linear_enc_global_8.smt2 : 29 ms.
--------------------------------------------------
unsat
QF_NRA/hycomp/ball_count_2d_plain.04.seq_lazy_linear_enc_global_9.smt2 : 26 ms.
