--------------------------------------------------
sat
QF_NRA/zankl/gen-03.smt2 : 184 ms.
--------------------------------------------------
sat
QF_NRA/zankl/gen-04.smt2 : 218 ms.
--------------------------------------------------
sat
QF_NRA/zankl/gen-05.smt2 : 214 ms.
--------------------------------------------------
sat
QF_NRA/zankl/gen-06.smt2 : 177 ms.
--------------------------------------------------
sat
QF_NRA/zankl/gen-07.smt2 : 249 ms.
--------------------------------------------------
sat
QF_NRA/zankl/gen-08.smt2 : 209 ms.
--------------------------------------------------
sat
QF_NRA/zankl/gen-09.smt2 : 216 ms.
--------------------------------------------------
sat
QF_NRA/zankl/gen-10.smt2 : 200 ms.
--------------------------------------------------
unsat
QF_NRA/zankl/gen-13.smt2 : 213 ms.
--------------------------------------------------
unsat
QF_NRA/zankl/gen-14.smt2 : 185 ms.
--------------------------------------------------
unsat
QF_NRA/zankl/gen-15.smt2 : 215 ms.
--------------------------------------------------
sat
QF_NRA/zankl/gen-16.smt2 : 234 ms.
--------------------------------------------------
unsat
QF_NRA/zankl/gen-17.smt2 : 165 ms.
--------------------------------------------------
sat
QF_NRA/zankl/gen-18.smt2 : 197 ms.
--------------------------------------------------
sat
QF_NRA/zankl/gen-19.smt2 : 196 ms.
--------------------------------------------------
sat
QF_NRA/zankl/matrix-1-all-01.smt2 : 215 ms.
--------------------------------------------------
sat
QF_NRA/zankl/matrix-1-all-10.smt2 : 268 ms.
--------------------------------------------------
sat
QF_NRA/zankl/matrix-1-all-11.smt2 : 722 ms.
--------------------------------------------------
sat
QF_NRA/zankl/matrix-1-all-12.smt2 : 288 ms.
--------------------------------------------------
sat
QF_NRA/zankl/matrix-1-all-13.smt2 : 192 ms.
--------------------------------------------------
sat
QF_NRA/zankl/matrix-1-all-14.smt2 : 194 ms.
--------------------------------------------------
sat
QF_NRA/zankl/matrix-1-all-15.smt2 : 145 ms.
--------------------------------------------------
sat
QF_NRA/zankl/matrix-1-all-16.smt2 : 158 ms.
--------------------------------------------------
sat
QF_NRA/zankl/matrix-1-all-17.smt2 : 201 ms.
--------------------------------------------------
sat
QF_NRA/zankl/matrix-1-all-18.smt2 : 173 ms.
--------------------------------------------------
sat
QF_NRA/zankl/matrix-1-all-19.smt2 : 129 ms.
--------------------------------------------------
sat
QF_NRA/zankl/matrix-1-all-20.smt2 : 214 ms.
--------------------------------------------------
sat
QF_NRA/zankl/matrix-1-all-21.smt2 : 158 ms.
--------------------------------------------------
sat
QF_NRA/zankl/matrix-1-all-22.smt2 : 159 ms.
--------------------------------------------------
sat
QF_NRA/zankl/matrix-1-all-23.smt2 : 200 ms.
--------------------------------------------------
sat
QF_NRA/zankl/matrix-1-all-24.smt2 : 110 ms.
--------------------------------------------------
sat
QF_NRA/zankl/matrix-1-all-25.smt2 : 216 ms.
--------------------------------------------------
sat
QF_NRA/zankl/matrix-1-all-26.smt2 : 187 ms.
--------------------------------------------------
sat
QF_NRA/zankl/matrix-1-all-27.smt2 : 171 ms.
--------------------------------------------------
sat
QF_NRA/zankl/matrix-1-all-28.smt2 : 128 ms.
--------------------------------------------------
sat
QF_NRA/zankl/matrix-1-all-29.smt2 : 161 ms.
--------------------------------------------------
sat
QF_NRA/zankl/matrix-1-all-2.smt2 : 123 ms.
--------------------------------------------------
sat
QF_NRA/zankl/matrix-1-all-30.smt2 : 106 ms.
--------------------------------------------------
sat
QF_NRA/zankl/matrix-1-all-31.smt2 : 97 ms.
--------------------------------------------------
sat
QF_NRA/zankl/matrix-1-all-32.smt2 : 107 ms.
--------------------------------------------------
sat
QF_NRA/zankl/matrix-1-all-33.smt2 : 106 ms.
--------------------------------------------------
sat
QF_NRA/zankl/matrix-1-all-34.smt2 : 118 ms.
--------------------------------------------------
sat
QF_NRA/zankl/matrix-1-all-35.smt2 : 143 ms.
--------------------------------------------------
sat
QF_NRA/zankl/matrix-1-all-36.smt2 : 131 ms.
--------------------------------------------------
sat
QF_NRA/zankl/matrix-1-all-37.smt2 : 117 ms.
--------------------------------------------------
sat
QF_NRA/zankl/matrix-1-all-38.smt2 : 44009 ms.
--------------------------------------------------
sat
QF_NRA/zankl/matrix-1-all-39.smt2 : 43 ms.
--------------------------------------------------
sat
QF_NRA/zankl/matrix-1-all-3.smt2 : 36 ms.
--------------------------------------------------
sat
QF_NRA/zankl/matrix-1-all-40.smt2 : 54 ms.
--------------------------------------------------
sat
QF_NRA/zankl/matrix-1-all-41.smt2 : 46 ms.
--------------------------------------------------
unsat
QF_NRA/zankl/matrix-1-all-42.smt2 : 45 ms.
--------------------------------------------------
unsat
QF_NRA/zankl/matrix-1-all-43.smt2 : 37 ms.
--------------------------------------------------
unsat
QF_NRA/zankl/matrix-1-all-44.smt2 : 45 ms.
--------------------------------------------------
unsat
QF_NRA/zankl/matrix-1-all-45.smt2 : 48 ms.
--------------------------------------------------
unsat
QF_NRA/zankl/matrix-1-all-46.smt2 : 103 ms.
--------------------------------------------------
unsat
QF_NRA/zankl/matrix-1-all-47.smt2 : 44 ms.
--------------------------------------------------
unsat
QF_NRA/zankl/matrix-1-all-48.smt2 : 43 ms.
--------------------------------------------------
unsat
QF_NRA/zankl/matrix-1-all-49.smt2 : 44 ms.
--------------------------------------------------
sat
QF_NRA/zankl/matrix-1-all-4.smt2 : 40 ms.
--------------------------------------------------
unsat
QF_NRA/zankl/matrix-1-all-50.smt2 : 42 ms.
--------------------------------------------------
unsat
QF_NRA/zankl/matrix-1-all-52.smt2 : 42 ms.
--------------------------------------------------
unsat
QF_NRA/zankl/matrix-1-all-54.smt2 : 38 ms.
--------------------------------------------------
unsat
QF_NRA/zankl/matrix-1-all-56.smt2 : 43 ms.
--------------------------------------------------
sat
QF_NRA/zankl/matrix-1-all-5.smt2 : 46 ms.
--------------------------------------------------
sat
QF_NRA/zankl/matrix-1-all-6.smt2 : 45 ms.
--------------------------------------------------
sat
QF_NRA/zankl/matrix-1-all-7.smt2 : 35 ms.
--------------------------------------------------
sat
QF_NRA/zankl/matrix-1-all-8.smt2 : 74 ms.
--------------------------------------------------
sat
QF_NRA/zankl/matrix-1-all-9.smt2 : 42 ms.
--------------------------------------------------
timeout
QF_NRA/zankl/matrix-2-all-01.smt2 : 1800028 ms.
--------------------------------------------------
sat
QF_NRA/zankl/matrix-2-all-10.smt2 : 46449 ms.
--------------------------------------------------
sat
QF_NRA/zankl/matrix-2-all-11.smt2 : 410378 ms.
--------------------------------------------------
sat
QF_NRA/zankl/matrix-2-all-12.smt2 : 760454 ms.
--------------------------------------------------
timeout
QF_NRA/zankl/matrix-2-all-13.smt2 : 1800039 ms.
--------------------------------------------------
unsat
QF_NRA/zankl/matrix-2-all-14.smt2 : 301 ms.
--------------------------------------------------
timeout
QF_NRA/zankl/matrix-2-all-15.smt2 : 1800036 ms.
--------------------------------------------------
timeout
QF_NRA/zankl/matrix-2-all-16.smt2 : 1800046 ms.
--------------------------------------------------
timeout
QF_NRA/zankl/matrix-2-all-17.smt2 : 1800062 ms.
--------------------------------------------------
timeout
QF_NRA/zankl/matrix-2-all-18.smt2 : 1800051 ms.
--------------------------------------------------
timeout
QF_NRA/zankl/matrix-2-all-19.smt2 : 1800031 ms.
--------------------------------------------------
unsat
QF_NRA/zankl/matrix-2-all-20.smt2 : 151 ms.
--------------------------------------------------
timeout
QF_NRA/zankl/matrix-2-all-21.smt2 : 1800034 ms.
--------------------------------------------------
unsat
QF_NRA/zankl/matrix-2-all-23.smt2 : 44 ms.
--------------------------------------------------
unsat
QF_NRA/zankl/matrix-2-all-25.smt2 : 30 ms.
--------------------------------------------------
unsat
QF_NRA/zankl/matrix-2-all-27.smt2 : 35 ms.
--------------------------------------------------
sat
QF_NRA/zankl/matrix-2-all-2.smt2 : 1827 ms.
--------------------------------------------------
sat
QF_NRA/zankl/matrix-2-all-3.smt2 : 170805 ms.
--------------------------------------------------
sat
QF_NRA/zankl/matrix-2-all-4.smt2 : 66683 ms.
--------------------------------------------------
sat
QF_NRA/zankl/matrix-2-all-5.smt2 : 537834 ms.
--------------------------------------------------
sat
QF_NRA/zankl/matrix-2-all-6.smt2 : 52 ms.
--------------------------------------------------
timeout
QF_NRA/zankl/matrix-2-all-7.smt2 : 1800026 ms.
--------------------------------------------------
sat
QF_NRA/zankl/matrix-2-all-8.smt2 : 382199 ms.
--------------------------------------------------
sat
QF_NRA/zankl/matrix-2-all-9.smt2 : 100370 ms.
--------------------------------------------------
timeout
QF_NRA/zankl/matrix-3-all-01.smt2 : 1800055 ms.
--------------------------------------------------
unsat
QF_NRA/zankl/matrix-3-all-10.smt2 : 497076 ms.
--------------------------------------------------
timeout
QF_NRA/zankl/matrix-3-all-11.smt2 : 1800053 ms.
--------------------------------------------------
timeout
QF_NRA/zankl/matrix-3-all-12.smt2 : 1800077 ms.
--------------------------------------------------
timeout
QF_NRA/zankl/matrix-3-all-13.smt2 : 1800112 ms.
--------------------------------------------------
timeout
QF_NRA/zankl/matrix-3-all-14.smt2 : 1800062 ms.
--------------------------------------------------
timeout
QF_NRA/zankl/matrix-3-all-15.smt2 : 1800056 ms.
--------------------------------------------------
timeout
QF_NRA/zankl/matrix-3-all-16.smt2 : 1800049 ms.
--------------------------------------------------
timeout
QF_NRA/zankl/matrix-3-all-17.smt2 : 1800051 ms.
--------------------------------------------------
unsat
QF_NRA/zankl/matrix-3-all-19.smt2 : 51 ms.
--------------------------------------------------
unsat
QF_NRA/zankl/matrix-3-all-21.smt2 : 42 ms.
--------------------------------------------------
timeout
QF_NRA/zankl/matrix-3-all-23.smt2 : 1800034 ms.
--------------------------------------------------
sat
QF_NRA/zankl/matrix-3-all-2.smt2 : 719557 ms.
--------------------------------------------------
sat
QF_NRA/zankl/matrix-3-all-3.smt2 : 306863 ms.
--------------------------------------------------
timeout
QF_NRA/zankl/matrix-3-all-4.smt2 : 1800063 ms.
--------------------------------------------------
sat
QF_NRA/zankl/matrix-3-all-5.smt2 : 540782 ms.
--------------------------------------------------
timeout
QF_NRA/zankl/matrix-3-all-6.smt2 : 1800054 ms.
--------------------------------------------------
sat
QF_NRA/zankl/matrix-3-all-7.smt2 : 94 ms.
--------------------------------------------------
timeout
QF_NRA/zankl/matrix-3-all-8.smt2 : 1800054 ms.
--------------------------------------------------
timeout
QF_NRA/zankl/matrix-3-all-9.smt2 : 1800087 ms.
--------------------------------------------------
timeout
QF_NRA/zankl/matrix-4-all-01.smt2 : 1800062 ms.
--------------------------------------------------
timeout
QF_NRA/zankl/matrix-4-all-10.smt2 : 1800065 ms.
--------------------------------------------------
timeout
QF_NRA/zankl/matrix-4-all-11.smt2 : 1800080 ms.
--------------------------------------------------
sat
QF_NRA/zankl/matrix-4-all-12.smt2 : 213 ms.
--------------------------------------------------
timeout
QF_NRA/zankl/matrix-4-all-13.smt2 : 1800044 ms.
--------------------------------------------------
timeout
QF_NRA/zankl/matrix-4-all-14.smt2 : 1800064 ms.
--------------------------------------------------
timeout
QF_NRA/zankl/matrix-4-all-15.smt2 : 1800078 ms.
--------------------------------------------------
timeout
QF_NRA/zankl/matrix-4-all-16.smt2 : 1800072 ms.
--------------------------------------------------
timeout
QF_NRA/zankl/matrix-4-all-17.smt2 : 1800105 ms.
--------------------------------------------------
timeout
QF_NRA/zankl/matrix-4-all-18.smt2 : 1800211 ms.
--------------------------------------------------
timeout
QF_NRA/zankl/matrix-4-all-19.smt2 : 1800217 ms.
--------------------------------------------------
timeout
QF_NRA/zankl/matrix-4-all-20.smt2 : 1800050 ms.
--------------------------------------------------
timeout
QF_NRA/zankl/matrix-4-all-21.smt2 : 1800077 ms.
--------------------------------------------------
timeout
QF_NRA/zankl/matrix-4-all-22.smt2 : 1800097 ms.
--------------------------------------------------
timeout
QF_NRA/zankl/matrix-4-all-23.smt2 : 1800246 ms.
--------------------------------------------------
timeout
QF_NRA/zankl/matrix-4-all-24.smt2 : 1800138 ms.
--------------------------------------------------
timeout
QF_NRA/zankl/matrix-4-all-25.smt2 : 1800097 ms.
--------------------------------------------------
timeout
QF_NRA/zankl/matrix-4-all-26.smt2 : 1800072 ms.
--------------------------------------------------
timeout
QF_NRA/zankl/matrix-4-all-27.smt2 : 1800187 ms.
--------------------------------------------------
unsat
QF_NRA/zankl/matrix-4-all-29.smt2 : 63 ms.
--------------------------------------------------
sat
QF_NRA/zankl/matrix-4-all-2.smt2 : 93 ms.
--------------------------------------------------
unsat
QF_NRA/zankl/matrix-4-all-31.smt2 : 50 ms.
--------------------------------------------------
timeout
QF_NRA/zankl/matrix-4-all-33.smt2 : 1800060 ms.
--------------------------------------------------
timeout
QF_NRA/zankl/matrix-4-all-3.smt2 : 1800094 ms.
--------------------------------------------------
timeout
QF_NRA/zankl/matrix-4-all-4.smt2 : 1800035 ms.
--------------------------------------------------
timeout
QF_NRA/zankl/matrix-4-all-5.smt2 : 1800288 ms.
--------------------------------------------------
timeout
QF_NRA/zankl/matrix-4-all-6.smt2 : 1800068 ms.
--------------------------------------------------
timeout
QF_NRA/zankl/matrix-4-all-7.smt2 : 1800080 ms.
--------------------------------------------------
timeout
QF_NRA/zankl/matrix-4-all-8.smt2 : 1800068 ms.
--------------------------------------------------
timeout
QF_NRA/zankl/matrix-4-all-9.smt2 : 1800076 ms.
--------------------------------------------------
timeout
QF_NRA/zankl/matrix-5-all-01.smt2 : 1800161 ms.
--------------------------------------------------
timeout
QF_NRA/zankl/matrix-5-all-10.smt2 : 1800082 ms.
--------------------------------------------------
timeout
QF_NRA/zankl/matrix-5-all-11.smt2 : 1800077 ms.
--------------------------------------------------
timeout
QF_NRA/zankl/matrix-5-all-12.smt2 : 1800127 ms.
--------------------------------------------------
timeout
QF_NRA/zankl/matrix-5-all-13.smt2 : 1800197 ms.
--------------------------------------------------
timeout
QF_NRA/zankl/matrix-5-all-14.smt2 : 1800037 ms.
--------------------------------------------------
timeout
QF_NRA/zankl/matrix-5-all-15.smt2 : 1800045 ms.
--------------------------------------------------
timeout
QF_NRA/zankl/matrix-5-all-16.smt2 : 1800065 ms.
--------------------------------------------------
timeout
QF_NRA/zankl/matrix-5-all-17.smt2 : 1800204 ms.
--------------------------------------------------
timeout
QF_NRA/zankl/matrix-5-all-18.smt2 : 1803777 ms.
--------------------------------------------------
timeout
QF_NRA/zankl/matrix-5-all-19.smt2 : 1801879 ms.
--------------------------------------------------
timeout
QF_NRA/zankl/matrix-5-all-20.smt2 : 1800081 ms.
--------------------------------------------------
timeout
QF_NRA/zankl/matrix-5-all-21.smt2 : 1800271 ms.
--------------------------------------------------
unsat
QF_NRA/zankl/matrix-5-all-23.smt2 : 64 ms.
--------------------------------------------------
unsat
QF_NRA/zankl/matrix-5-all-25.smt2 : 50 ms.
--------------------------------------------------
timeout
QF_NRA/zankl/matrix-5-all-27.smt2 : 1800033 ms.
--------------------------------------------------
sat
QF_NRA/zankl/matrix-5-all-2.smt2 : 239 ms.
--------------------------------------------------
timeout
QF_NRA/zankl/matrix-5-all-3.smt2 : 1800076 ms.
--------------------------------------------------
timeout
QF_NRA/zankl/matrix-5-all-4.smt2 : 1800183 ms.
--------------------------------------------------
timeout
QF_NRA/zankl/matrix-5-all-5.smt2 : 1800092 ms.
--------------------------------------------------
sat
QF_NRA/zankl/matrix-5-all-6.smt2 : 638 ms.
--------------------------------------------------
timeout
QF_NRA/zankl/matrix-5-all-7.smt2 : 1800139 ms.
--------------------------------------------------
timeout
QF_NRA/zankl/matrix-5-all-8.smt2 : 1800047 ms.
--------------------------------------------------
timeout
QF_NRA/zankl/matrix-5-all-9.smt2 : 1800086 ms.
