--------------------------------------------------
unsat
QF_NRA/hycomp/ball_count_2d_plain.04.seq_lazy_linear_enc_lemmas_global_0.smt2 : 35 ms.
--------------------------------------------------
unsat
QF_NRA/hycomp/ball_count_2d_plain.04.seq_lazy_linear_enc_lemmas_global_10.smt2 : 15108 ms.
--------------------------------------------------
unsat
QF_NRA/hycomp/ball_count_2d_plain.04.seq_lazy_linear_enc_lemmas_global_11.smt2 : 85 ms.
--------------------------------------------------
timeout
QF_NRA/hycomp/ball_count_2d_plain.04.seq_lazy_linear_enc_lemmas_global_12.smt2 : 1800033 ms.
--------------------------------------------------
unsat
QF_NRA/hycomp/ball_count_2d_plain.04.seq_lazy_linear_enc_lemmas_global_13.smt2 : 73 ms.
--------------------------------------------------
timeout
QF_NRA/hycomp/ball_count_2d_plain.04.seq_lazy_linear_enc_lemmas_global_14.smt2 : 1800034 ms.
--------------------------------------------------
unsat
QF_NRA/hycomp/ball_count_2d_plain.04.seq_lazy_linear_enc_lemmas_global_15.smt2 : 74 ms.
--------------------------------------------------
unsat
QF_NRA/hycomp/ball_count_2d_plain.04.seq_lazy_linear_enc_lemmas_global_1.smt2 : 35 ms.
--------------------------------------------------
unsat
QF_NRA/hycomp/ball_count_2d_plain.04.seq_lazy_linear_enc_lemmas_global_2.smt2 : 41 ms.
--------------------------------------------------
unsat
QF_NRA/hycomp/ball_count_2d_plain.04.seq_lazy_linear_enc_lemmas_global_3.smt2 : 43 ms.
--------------------------------------------------
unsat
QF_NRA/hycomp/ball_count_2d_plain.04.seq_lazy_linear_enc_lemmas_global_4.smt2 : 111 ms.
--------------------------------------------------
unsat
QF_NRA/hycomp/ball_count_2d_plain.04.seq_lazy_linear_enc_lemmas_global_5.smt2 : 48 ms.
--------------------------------------------------
unsat
QF_NRA/hycomp/ball_count_2d_plain.04.seq_lazy_linear_enc_lemmas_global_6.smt2 : 15065 ms.
--------------------------------------------------
unsat
QF_NRA/hycomp/ball_count_2d_plain.04.seq_lazy_linear_enc_lemmas_global_7.smt2 : 49 ms.
--------------------------------------------------
unsat
QF_NRA/hycomp/ball_count_2d_plain.04.seq_lazy_linear_enc_lemmas_global_8.smt2 : 15062 ms.
--------------------------------------------------
unsat
QF_NRA/hycomp/ball_count_2d_plain.04.seq_lazy_linear_enc_lemmas_global_9.smt2 : 60 ms.
--------------------------------------------------
unsat
QF_NRA/hycomp/ball_count_2d_plain.05.qfree_global_0.smt2 : 30 ms.
--------------------------------------------------
unsat
QF_NRA/hycomp/ball_count_2d_plain.05.qfree_global_10.smt2 : 1482 ms.
--------------------------------------------------
unsat
QF_NRA/hycomp/ball_count_2d_plain.05.qfree_global_11.smt2 : 60 ms.
--------------------------------------------------
unsat
QF_NRA/hycomp/ball_count_2d_plain.05.qfree_global_12.smt2 : 15086 ms.
--------------------------------------------------
unsat
QF_NRA/hycomp/ball_count_2d_plain.05.qfree_global_13.smt2 : 72 ms.
--------------------------------------------------
unsat
QF_NRA/hycomp/ball_count_2d_plain.05.qfree_global_14.smt2 : 15092 ms.
--------------------------------------------------
unsat
QF_NRA/hycomp/ball_count_2d_plain.05.qfree_global_15.smt2 : 67 ms.
--------------------------------------------------
unsat
QF_NRA/hycomp/ball_count_2d_plain.05.qfree_global_1.smt2 : 28 ms.
--------------------------------------------------
unsat
QF_NRA/hycomp/ball_count_2d_plain.05.qfree_global_2.smt2 : 43 ms.
--------------------------------------------------
unsat
QF_NRA/hycomp/ball_count_2d_plain.05.qfree_global_3.smt2 : 42 ms.
--------------------------------------------------
unsat
QF_NRA/hycomp/ball_count_2d_plain.05.qfree_global_4.smt2 : 55 ms.
--------------------------------------------------
unsat
QF_NRA/hycomp/ball_count_2d_plain.05.qfree_global_5.smt2 : 48 ms.
--------------------------------------------------
unsat
QF_NRA/hycomp/ball_count_2d_plain.05.qfree_global_6.smt2 : 115 ms.
--------------------------------------------------
unsat
QF_NRA/hycomp/ball_count_2d_plain.05.qfree_global_7.smt2 : 53 ms.
--------------------------------------------------
unsat
QF_NRA/hycomp/ball_count_2d_plain.05.qfree_global_8.smt2 : 353 ms.
--------------------------------------------------
unsat
QF_NRA/hycomp/ball_count_2d_plain.05.qfree_global_9.smt2 : 55 ms.
--------------------------------------------------
unsat
QF_NRA/hycomp/ball_count_2d_plain.05.redlog_global_0.smt2 : 29 ms.
--------------------------------------------------
unsat
QF_NRA/hycomp/ball_count_2d_plain.05.redlog_global_10.smt2 : 4918 ms.
--------------------------------------------------
unsat
QF_NRA/hycomp/ball_count_2d_plain.05.redlog_global_11.smt2 : 94 ms.
--------------------------------------------------
unsat
QF_NRA/hycomp/ball_count_2d_plain.05.redlog_global_12.smt2 : 15107 ms.
--------------------------------------------------
unsat
QF_NRA/hycomp/ball_count_2d_plain.05.redlog_global_13.smt2 : 95 ms.
--------------------------------------------------
unsat
QF_NRA/hycomp/ball_count_2d_plain.05.redlog_global_14.smt2 : 15121 ms.
--------------------------------------------------
unsat
QF_NRA/hycomp/ball_count_2d_plain.05.redlog_global_15.smt2 : 228 ms.
--------------------------------------------------
unsat
QF_NRA/hycomp/ball_count_2d_plain.05.redlog_global_1.smt2 : 32 ms.
--------------------------------------------------
unsat
QF_NRA/hycomp/ball_count_2d_plain.05.redlog_global_2.smt2 : 40 ms.
--------------------------------------------------
unsat
QF_NRA/hycomp/ball_count_2d_plain.05.redlog_global_3.smt2 : 50 ms.
--------------------------------------------------
unsat
QF_NRA/hycomp/ball_count_2d_plain.05.redlog_global_4.smt2 : 64 ms.
--------------------------------------------------
unsat
QF_NRA/hycomp/ball_count_2d_plain.05.redlog_global_5.smt2 : 56 ms.
--------------------------------------------------
unsat
QF_NRA/hycomp/ball_count_2d_plain.05.redlog_global_6.smt2 : 239 ms.
--------------------------------------------------
unsat
QF_NRA/hycomp/ball_count_2d_plain.05.redlog_global_7.smt2 : 69 ms.
--------------------------------------------------
unsat
QF_NRA/hycomp/ball_count_2d_plain.05.redlog_global_8.smt2 : 1062 ms.
--------------------------------------------------
unsat
QF_NRA/hycomp/ball_count_2d_plain.05.redlog_global_9.smt2 : 72 ms.
--------------------------------------------------
unsat
QF_NRA/hycomp/ball_count_2d_plain.05.seq_lazy_global_0.smt2 : 31 ms.
--------------------------------------------------
unsat
QF_NRA/hycomp/ball_count_2d_plain.05.seq_lazy_global_10.smt2 : 15095 ms.
--------------------------------------------------
unsat
QF_NRA/hycomp/ball_count_2d_plain.05.seq_lazy_global_11.smt2 : 67 ms.
--------------------------------------------------
unsat
QF_NRA/hycomp/ball_count_2d_plain.05.seq_lazy_global_12.smt2 : 15092 ms.
--------------------------------------------------
unsat
QF_NRA/hycomp/ball_count_2d_plain.05.seq_lazy_global_13.smt2 : 68 ms.
--------------------------------------------------
unsat
QF_NRA/hycomp/ball_count_2d_plain.05.seq_lazy_global_14.smt2 : 15297 ms.
--------------------------------------------------
unsat
QF_NRA/hycomp/ball_count_2d_plain.05.seq_lazy_global_15.smt2 : 69 ms.
--------------------------------------------------
unsat
QF_NRA/hycomp/ball_count_2d_plain.05.seq_lazy_global_1.smt2 : 33 ms.
--------------------------------------------------
unsat
QF_NRA/hycomp/ball_count_2d_plain.05.seq_lazy_global_2.smt2 : 40 ms.
--------------------------------------------------
unsat
QF_NRA/hycomp/ball_count_2d_plain.05.seq_lazy_global_3.smt2 : 45 ms.
--------------------------------------------------
unsat
QF_NRA/hycomp/ball_count_2d_plain.05.seq_lazy_global_4.smt2 : 57 ms.
--------------------------------------------------
unsat
QF_NRA/hycomp/ball_count_2d_plain.05.seq_lazy_global_5.smt2 : 44 ms.
--------------------------------------------------
unsat
QF_NRA/hycomp/ball_count_2d_plain.05.seq_lazy_global_6.smt2 : 143 ms.
--------------------------------------------------
unsat
QF_NRA/hycomp/ball_count_2d_plain.05.seq_lazy_global_7.smt2 : 53 ms.
--------------------------------------------------
unsat
QF_NRA/hycomp/ball_count_2d_plain.05.seq_lazy_global_8.smt2 : 15178 ms.
--------------------------------------------------
unsat
QF_NRA/hycomp/ball_count_2d_plain.05.seq_lazy_global_9.smt2 : 57 ms.
--------------------------------------------------
unsat
QF_NRA/hycomp/ball_count_2d_plain.05.seq_lazy_lemmas_global_0.smt2 : 33 ms.
--------------------------------------------------
unsat
QF_NRA/hycomp/ball_count_2d_plain.05.seq_lazy_lemmas_global_10.smt2 : 15100 ms.
--------------------------------------------------
unsat
QF_NRA/hycomp/ball_count_2d_plain.05.seq_lazy_lemmas_global_11.smt2 : 77 ms.
--------------------------------------------------
unsat
QF_NRA/hycomp/ball_count_2d_plain.05.seq_lazy_lemmas_global_12.smt2 : 15114 ms.
--------------------------------------------------
unsat
QF_NRA/hycomp/ball_count_2d_plain.05.seq_lazy_lemmas_global_13.smt2 : 80 ms.
--------------------------------------------------
unsat
QF_NRA/hycomp/ball_count_2d_plain.05.seq_lazy_lemmas_global_14.smt2 : 15961 ms.
--------------------------------------------------
unsat
QF_NRA/hycomp/ball_count_2d_plain.05.seq_lazy_lemmas_global_15.smt2 : 83 ms.
--------------------------------------------------
unsat
QF_NRA/hycomp/ball_count_2d_plain.05.seq_lazy_lemmas_global_1.smt2 : 33 ms.
--------------------------------------------------
unsat
QF_NRA/hycomp/ball_count_2d_plain.05.seq_lazy_lemmas_global_2.smt2 : 47 ms.
--------------------------------------------------
unsat
QF_NRA/hycomp/ball_count_2d_plain.05.seq_lazy_lemmas_global_3.smt2 : 42 ms.
--------------------------------------------------
unsat
QF_NRA/hycomp/ball_count_2d_plain.05.seq_lazy_lemmas_global_4.smt2 : 275 ms.
--------------------------------------------------
unsat
QF_NRA/hycomp/ball_count_2d_plain.05.seq_lazy_lemmas_global_5.smt2 : 56 ms.
--------------------------------------------------
unsat
QF_NRA/hycomp/ball_count_2d_plain.05.seq_lazy_lemmas_global_6.smt2 : 15074 ms.
--------------------------------------------------
unsat
QF_NRA/hycomp/ball_count_2d_plain.05.seq_lazy_lemmas_global_7.smt2 : 55 ms.
--------------------------------------------------
unsat
QF_NRA/hycomp/ball_count_2d_plain.05.seq_lazy_lemmas_global_8.smt2 : 15076 ms.
--------------------------------------------------
unsat
QF_NRA/hycomp/ball_count_2d_plain.05.seq_lazy_lemmas_global_9.smt2 : 72 ms.
--------------------------------------------------
unsat
QF_NRA/hycomp/ball_count_2d_plain.05.seq_lazy_linear_enc_global_0.smt2 : 31 ms.
--------------------------------------------------
unsat
QF_NRA/hycomp/ball_count_2d_plain.05.seq_lazy_linear_enc_global_10.smt2 : 15068 ms.
--------------------------------------------------
unsat
QF_NRA/hycomp/ball_count_2d_plain.05.seq_lazy_linear_enc_global_11.smt2 : 61 ms.
--------------------------------------------------
unsat
QF_NRA/hycomp/ball_count_2d_plain.05.seq_lazy_linear_enc_global_12.smt2 : 15119 ms.
--------------------------------------------------
unsat
QF_NRA/hycomp/ball_count_2d_plain.05.seq_lazy_linear_enc_global_13.smt2 : 68 ms.
--------------------------------------------------
unsat
QF_NRA/hycomp/ball_count_2d_plain.05.seq_lazy_linear_enc_global_14.smt2 : 15407 ms.
--------------------------------------------------
unsat
QF_NRA/hycomp/ball_count_2d_plain.05.seq_lazy_linear_enc_global_15.smt2 : 66 ms.
--------------------------------------------------
unsat
QF_NRA/hycomp/ball_count_2d_plain.05.seq_lazy_linear_enc_global_1.smt2 : 29 ms.
--------------------------------------------------
unsat
QF_NRA/hycomp/ball_count_2d_plain.05.seq_lazy_linear_enc_global_2.smt2 : 36 ms.
--------------------------------------------------
unsat
QF_NRA/hycomp/ball_count_2d_plain.05.seq_lazy_linear_enc_global_3.smt2 : 36 ms.
--------------------------------------------------
unsat
QF_NRA/hycomp/ball_count_2d_plain.05.seq_lazy_linear_enc_global_4.smt2 : 51 ms.
--------------------------------------------------
unsat
QF_NRA/hycomp/ball_count_2d_plain.05.seq_lazy_linear_enc_global_5.smt2 : 47 ms.
--------------------------------------------------
unsat
QF_NRA/hycomp/ball_count_2d_plain.05.seq_lazy_linear_enc_global_6.smt2 : 137 ms.
--------------------------------------------------
unsat
QF_NRA/hycomp/ball_count_2d_plain.05.seq_lazy_linear_enc_global_7.smt2 : 50 ms.
--------------------------------------------------
unsat
QF_NRA/hycomp/ball_count_2d_plain.05.seq_lazy_linear_enc_global_8.smt2 : 15079 ms.
--------------------------------------------------
unsat
QF_NRA/hycomp/ball_count_2d_plain.05.seq_lazy_linear_enc_global_9.smt2 : 60 ms.
--------------------------------------------------
unsat
QF_NRA/hycomp/ball_count_2d_plain.05.seq_lazy_linear_enc_lemmas_global_0.smt2 : 30 ms.
--------------------------------------------------
unsat
QF_NRA/hycomp/ball_count_2d_plain.05.seq_lazy_linear_enc_lemmas_global_10.smt2 : 15094 ms.
--------------------------------------------------
unsat
QF_NRA/hycomp/ball_count_2d_plain.05.seq_lazy_linear_enc_lemmas_global_11.smt2 : 69 ms.
--------------------------------------------------
unsat
QF_NRA/hycomp/ball_count_2d_plain.05.seq_lazy_linear_enc_lemmas_global_12.smt2 : 15095 ms.
--------------------------------------------------
unsat
QF_NRA/hycomp/ball_count_2d_plain.05.seq_lazy_linear_enc_lemmas_global_13.smt2 : 72 ms.
--------------------------------------------------
unsat
QF_NRA/hycomp/ball_count_2d_plain.05.seq_lazy_linear_enc_lemmas_global_14.smt2 : 15281 ms.
--------------------------------------------------
unsat
QF_NRA/hycomp/ball_count_2d_plain.05.seq_lazy_linear_enc_lemmas_global_15.smt2 : 74 ms.
--------------------------------------------------
unsat
QF_NRA/hycomp/ball_count_2d_plain.05.seq_lazy_linear_enc_lemmas_global_1.smt2 : 27 ms.
--------------------------------------------------
unsat
QF_NRA/hycomp/ball_count_2d_plain.05.seq_lazy_linear_enc_lemmas_global_2.smt2 : 42 ms.
--------------------------------------------------
unsat
QF_NRA/hycomp/ball_count_2d_plain.05.seq_lazy_linear_enc_lemmas_global_3.smt2 : 47 ms.
--------------------------------------------------
unsat
QF_NRA/hycomp/ball_count_2d_plain.05.seq_lazy_linear_enc_lemmas_global_4.smt2 : 127 ms.
--------------------------------------------------
unsat
QF_NRA/hycomp/ball_count_2d_plain.05.seq_lazy_linear_enc_lemmas_global_5.smt2 : 51 ms.
--------------------------------------------------
unsat
QF_NRA/hycomp/ball_count_2d_plain.05.seq_lazy_linear_enc_lemmas_global_6.smt2 : 15219 ms.
--------------------------------------------------
unsat
QF_NRA/hycomp/ball_count_2d_plain.05.seq_lazy_linear_enc_lemmas_global_7.smt2 : 64 ms.
--------------------------------------------------
unsat
QF_NRA/hycomp/ball_count_2d_plain.05.seq_lazy_linear_enc_lemmas_global_8.smt2 : 15082 ms.
--------------------------------------------------
unsat
QF_NRA/hycomp/ball_count_2d_plain.05.seq_lazy_linear_enc_lemmas_global_9.smt2 : 63 ms.
--------------------------------------------------
unsat
QF_NRA/hycomp/ball_count_2d_plain.10.qfree_global_0.smt2 : 30 ms.
--------------------------------------------------
unsat
QF_NRA/hycomp/ball_count_2d_plain.10.qfree_global_10.smt2 : 1321 ms.
--------------------------------------------------
unsat
QF_NRA/hycomp/ball_count_2d_plain.10.qfree_global_11.smt2 : 38 ms.
--------------------------------------------------
unsat
QF_NRA/hycomp/ball_count_2d_plain.10.qfree_global_12.smt2 : 15574 ms.
--------------------------------------------------
unsat
QF_NRA/hycomp/ball_count_2d_plain.10.qfree_global_13.smt2 : 38 ms.
--------------------------------------------------
unsat
QF_NRA/hycomp/ball_count_2d_plain.10.qfree_global_14.smt2 : 15581 ms.
--------------------------------------------------
unsat
QF_NRA/hycomp/ball_count_2d_plain.10.qfree_global_15.smt2 : 40 ms.
--------------------------------------------------
unsat
QF_NRA/hycomp/ball_count_2d_plain.10.qfree_global_1.smt2 : 32 ms.
--------------------------------------------------
unsat
QF_NRA/hycomp/ball_count_2d_plain.10.qfree_global_2.smt2 : 32 ms.
--------------------------------------------------
unsat
QF_NRA/hycomp/ball_count_2d_plain.10.qfree_global_3.smt2 : 24 ms.
--------------------------------------------------
unsat
QF_NRA/hycomp/ball_count_2d_plain.10.qfree_global_4.smt2 : 57 ms.
--------------------------------------------------
unsat
QF_NRA/hycomp/ball_count_2d_plain.10.qfree_global_5.smt2 : 31 ms.
--------------------------------------------------
unsat
QF_NRA/hycomp/ball_count_2d_plain.10.qfree_global_6.smt2 : 99 ms.
--------------------------------------------------
unsat
QF_NRA/hycomp/ball_count_2d_plain.10.qfree_global_7.smt2 : 34 ms.
--------------------------------------------------
unsat
QF_NRA/hycomp/ball_count_2d_plain.10.qfree_global_8.smt2 : 339 ms.
--------------------------------------------------
unsat
QF_NRA/hycomp/ball_count_2d_plain.10.qfree_global_9.smt2 : 39 ms.
--------------------------------------------------
unsat
QF_NRA/hycomp/ball_count_2d_plain.10.redlog_global_0.smt2 : 27 ms.
--------------------------------------------------
unsat
QF_NRA/hycomp/ball_count_2d_plain.10.redlog_global_10.smt2 : 15089 ms.
--------------------------------------------------
unsat
QF_NRA/hycomp/ball_count_2d_plain.10.redlog_global_11.smt2 : 47 ms.
--------------------------------------------------
unsat
QF_NRA/hycomp/ball_count_2d_plain.10.redlog_global_12.smt2 : 15090 ms.
--------------------------------------------------
unsat
QF_NRA/hycomp/ball_count_2d_plain.10.redlog_global_13.smt2 : 44 ms.
--------------------------------------------------
unsat
QF_NRA/hycomp/ball_count_2d_plain.10.redlog_global_14.smt2 : 15112 ms.
--------------------------------------------------
unsat
QF_NRA/hycomp/ball_count_2d_plain.10.redlog_global_15.smt2 : 47 ms.
--------------------------------------------------
unsat
QF_NRA/hycomp/ball_count_2d_plain.10.redlog_global_1.smt2 : 32 ms.
--------------------------------------------------
unsat
QF_NRA/hycomp/ball_count_2d_plain.10.redlog_global_2.smt2 : 32 ms.
--------------------------------------------------
unsat
QF_NRA/hycomp/ball_count_2d_plain.10.redlog_global_3.smt2 : 35 ms.
--------------------------------------------------
unsat
QF_NRA/hycomp/ball_count_2d_plain.10.redlog_global_4.smt2 : 56 ms.
--------------------------------------------------
unsat
QF_NRA/hycomp/ball_count_2d_plain.10.redlog_global_5.smt2 : 37 ms.
--------------------------------------------------
unsat
QF_NRA/hycomp/ball_count_2d_plain.10.redlog_global_6.smt2 : 161 ms.
--------------------------------------------------
unsat
QF_NRA/hycomp/ball_count_2d_plain.10.redlog_global_7.smt2 : 37 ms.
--------------------------------------------------
unsat
QF_NRA/hycomp/ball_count_2d_plain.10.redlog_global_8.smt2 : 694 ms.
--------------------------------------------------
unsat
QF_NRA/hycomp/ball_count_2d_plain.10.redlog_global_9.smt2 : 42 ms.
--------------------------------------------------
unsat
QF_NRA/hycomp/ball_count_2d_plain.10.seq_lazy_global_0.smt2 : 28 ms.
--------------------------------------------------
unsat
QF_NRA/hycomp/ball_count_2d_plain.10.seq_lazy_global_10.smt2 : 15078 ms.
--------------------------------------------------
unsat
QF_NRA/hycomp/ball_count_2d_plain.10.seq_lazy_global_11.smt2 : 38 ms.
--------------------------------------------------
unsat
QF_NRA/hycomp/ball_count_2d_plain.10.seq_lazy_global_12.smt2 : 15091 ms.
--------------------------------------------------
unsat
QF_NRA/hycomp/ball_count_2d_plain.10.seq_lazy_global_13.smt2 : 44 ms.
--------------------------------------------------
unsat
QF_NRA/hycomp/ball_count_2d_plain.10.seq_lazy_global_14.smt2 : 15084 ms.
--------------------------------------------------
unsat
QF_NRA/hycomp/ball_count_2d_plain.10.seq_lazy_global_15.smt2 : 42 ms.
--------------------------------------------------
unsat
QF_NRA/hycomp/ball_count_2d_plain.10.seq_lazy_global_1.smt2 : 28 ms.
--------------------------------------------------
unsat
QF_NRA/hycomp/ball_count_2d_plain.10.seq_lazy_global_2.smt2 : 29 ms.
--------------------------------------------------
unsat
QF_NRA/hycomp/ball_count_2d_plain.10.seq_lazy_global_3.smt2 : 28 ms.
--------------------------------------------------
unsat
QF_NRA/hycomp/ball_count_2d_plain.10.seq_lazy_global_4.smt2 : 44 ms.
--------------------------------------------------
unsat
QF_NRA/hycomp/ball_count_2d_plain.10.seq_lazy_global_5.smt2 : 32 ms.
--------------------------------------------------
unsat
QF_NRA/hycomp/ball_count_2d_plain.10.seq_lazy_global_6.smt2 : 103 ms.
--------------------------------------------------
unsat
QF_NRA/hycomp/ball_count_2d_plain.10.seq_lazy_global_7.smt2 : 30 ms.
--------------------------------------------------
unsat
QF_NRA/hycomp/ball_count_2d_plain.10.seq_lazy_global_8.smt2 : 15070 ms.
--------------------------------------------------
unsat
QF_NRA/hycomp/ball_count_2d_plain.10.seq_lazy_global_9.smt2 : 36 ms.
--------------------------------------------------
unsat
QF_NRA/hycomp/ball_count_2d_plain.10.seq_lazy_lemmas_global_0.smt2 : 32 ms.
--------------------------------------------------
unsat
QF_NRA/hycomp/ball_count_2d_plain.10.seq_lazy_lemmas_global_10.smt2 : 15085 ms.
--------------------------------------------------
unsat
QF_NRA/hycomp/ball_count_2d_plain.10.seq_lazy_lemmas_global_11.smt2 : 40 ms.
--------------------------------------------------
unsat
QF_NRA/hycomp/ball_count_2d_plain.10.seq_lazy_lemmas_global_12.smt2 : 15676 ms.
--------------------------------------------------
unsat
QF_NRA/hycomp/ball_count_2d_plain.10.seq_lazy_lemmas_global_13.smt2 : 46 ms.
--------------------------------------------------
unsat
QF_NRA/hycomp/ball_count_2d_plain.10.seq_lazy_lemmas_global_14.smt2 : 15125 ms.
--------------------------------------------------
unsat
QF_NRA/hycomp/ball_count_2d_plain.10.seq_lazy_lemmas_global_15.smt2 : 45 ms.
--------------------------------------------------
unsat
QF_NRA/hycomp/ball_count_2d_plain.10.seq_lazy_lemmas_global_1.smt2 : 32 ms.
--------------------------------------------------
unsat
QF_NRA/hycomp/ball_count_2d_plain.10.seq_lazy_lemmas_global_2.smt2 : 36 ms.
--------------------------------------------------
unsat
QF_NRA/hycomp/ball_count_2d_plain.10.seq_lazy_lemmas_global_3.smt2 : 31 ms.
--------------------------------------------------
unsat
QF_NRA/hycomp/ball_count_2d_plain.10.seq_lazy_lemmas_global_4.smt2 : 239 ms.
--------------------------------------------------
unsat
QF_NRA/hycomp/ball_count_2d_plain.10.seq_lazy_lemmas_global_5.smt2 : 36 ms.
--------------------------------------------------
unsat
QF_NRA/hycomp/ball_count_2d_plain.10.seq_lazy_lemmas_global_6.smt2 : 15078 ms.
--------------------------------------------------
unsat
QF_NRA/hycomp/ball_count_2d_plain.10.seq_lazy_lemmas_global_7.smt2 : 37 ms.
--------------------------------------------------
unsat
QF_NRA/hycomp/ball_count_2d_plain.10.seq_lazy_lemmas_global_8.smt2 : 15085 ms.
--------------------------------------------------
unsat
QF_NRA/hycomp/ball_count_2d_plain.10.seq_lazy_lemmas_global_9.smt2 : 38 ms.
--------------------------------------------------
unsat
QF_NRA/hycomp/ball_count_2d_plain.10.seq_lazy_linear_enc_global_0.smt2 : 32 ms.
--------------------------------------------------
unsat
QF_NRA/hycomp/ball_count_2d_plain.10.seq_lazy_linear_enc_global_10.smt2 : 15090 ms.
--------------------------------------------------
unsat
QF_NRA/hycomp/ball_count_2d_plain.10.seq_lazy_linear_enc_global_11.smt2 : 44 ms.
--------------------------------------------------
unsat
QF_NRA/hycomp/ball_count_2d_plain.10.seq_lazy_linear_enc_global_12.smt2 : 15114 ms.
--------------------------------------------------
unsat
QF_NRA/hycomp/ball_count_2d_plain.10.seq_lazy_linear_enc_global_13.smt2 : 43 ms.
--------------------------------------------------
unsat
QF_NRA/hycomp/ball_count_2d_plain.10.seq_lazy_linear_enc_global_14.smt2 : 15102 ms.
--------------------------------------------------
unsat
QF_NRA/hycomp/ball_count_2d_plain.10.seq_lazy_linear_enc_global_15.smt2 : 36 ms.
--------------------------------------------------
unsat
QF_NRA/hycomp/ball_count_2d_plain.10.seq_lazy_linear_enc_global_1.smt2 : 29 ms.
--------------------------------------------------
unsat
QF_NRA/hycomp/ball_count_2d_plain.10.seq_lazy_linear_enc_global_2.smt2 : 29 ms.
--------------------------------------------------
unsat
QF_NRA/hycomp/ball_count_2d_plain.10.seq_lazy_linear_enc_global_3.smt2 : 33 ms.
--------------------------------------------------
unsat
QF_NRA/hycomp/ball_count_2d_plain.10.seq_lazy_linear_enc_global_4.smt2 : 46 ms.
--------------------------------------------------
unsat
QF_NRA/hycomp/ball_count_2d_plain.10.seq_lazy_linear_enc_global_5.smt2 : 36 ms.
--------------------------------------------------
unsat
QF_NRA/hycomp/ball_count_2d_plain.10.seq_lazy_linear_enc_global_6.smt2 : 112 ms.
--------------------------------------------------
unsat
QF_NRA/hycomp/ball_count_2d_plain.10.seq_lazy_linear_enc_global_7.smt2 : 35 ms.
--------------------------------------------------
unsat
QF_NRA/hycomp/ball_count_2d_plain.10.seq_lazy_linear_enc_global_8.smt2 : 15252 ms.
--------------------------------------------------
unsat
QF_NRA/hycomp/ball_count_2d_plain.10.seq_lazy_linear_enc_global_9.smt2 : 38 ms.
--------------------------------------------------
unsat
QF_NRA/hycomp/ball_count_2d_plain.10.seq_lazy_linear_enc_lemmas_global_0.smt2 : 32 ms.
--------------------------------------------------
unsat
QF_NRA/hycomp/ball_count_2d_plain.10.seq_lazy_linear_enc_lemmas_global_10.smt2 : 15093 ms.
--------------------------------------------------
unsat
QF_NRA/hycomp/ball_count_2d_plain.10.seq_lazy_linear_enc_lemmas_global_11.smt2 : 46 ms.
--------------------------------------------------
unsat
QF_NRA/hycomp/ball_count_2d_plain.10.seq_lazy_linear_enc_lemmas_global_12.smt2 : 15077 ms.
--------------------------------------------------
unsat
QF_NRA/hycomp/ball_count_2d_plain.10.seq_lazy_linear_enc_lemmas_global_13.smt2 : 41 ms.
--------------------------------------------------
unsat
QF_NRA/hycomp/ball_count_2d_plain.10.seq_lazy_linear_enc_lemmas_global_14.smt2 : 15115 ms.
--------------------------------------------------
unsat
QF_NRA/hycomp/ball_count_2d_plain.10.seq_lazy_linear_enc_lemmas_global_15.smt2 : 44 ms.
--------------------------------------------------
unsat
QF_NRA/hycomp/ball_count_2d_plain.10.seq_lazy_linear_enc_lemmas_global_1.smt2 : 30 ms.
