--------------------------------------------------
unsat
QF_NRA/20161105-Sturm-MBO/mbo_E23E27.smt2 : 25 ms.
--------------------------------------------------
unsat
QF_NRA/20161105-Sturm-MBO/mbo_E23E28.smt2 : 28 ms.
--------------------------------------------------
unsat
QF_NRA/20161105-Sturm-MBO/mbo_E23.smt2 : 16 ms.
--------------------------------------------------
unsat
QF_NRA/20161105-Sturm-MBO/mbo_E24E25.smt2 : 1411 ms.
--------------------------------------------------
unsat
QF_NRA/20161105-Sturm-MBO/mbo_E24E26.smt2 : 256 ms.
--------------------------------------------------
unsat
QF_NRA/20161105-Sturm-MBO/mbo_E24E27.smt2 : 58 ms.
--------------------------------------------------
unsat
QF_NRA/20161105-Sturm-MBO/mbo_E24E28.smt2 : 379 ms.
--------------------------------------------------
unsat
QF_NRA/20161105-Sturm-MBO/mbo_E24.smt2 : 34 ms.
--------------------------------------------------
unsat
QF_NRA/20161105-Sturm-MBO/mbo_E25E26.smt2 : 28 ms.
--------------------------------------------------
unsat
QF_NRA/20161105-Sturm-MBO/mbo_E25E27.smt2 : 59 ms.
--------------------------------------------------
unsat
QF_NRA/20161105-Sturm-MBO/mbo_E25E28.smt2 : 249 ms.
--------------------------------------------------
unsat
QF_NRA/20161105-Sturm-MBO/mbo_E25.smt2 : 16 ms.
--------------------------------------------------
unsat
QF_NRA/20161105-Sturm-MBO/mbo_E26E27.smt2 : 14 ms.
--------------------------------------------------
unsat
QF_NRA/20161105-Sturm-MBO/mbo_E26E28.smt2 : 19 ms.
--------------------------------------------------
unsat
QF_NRA/20161105-Sturm-MBO/mbo_E26.smt2 : 13 ms.
--------------------------------------------------
unsat
QF_NRA/20161105-Sturm-MBO/mbo_E27E28.smt2 : 18 ms.
--------------------------------------------------
unsat
QF_NRA/20161105-Sturm-MBO/mbo_E27.smt2 : 12 ms.
--------------------------------------------------
unsat
QF_NRA/20161105-Sturm-MBO/mbo_E28.smt2 : 15 ms.
--------------------------------------------------
./solvers/smtrat/run.sh: line 3: 140745 Killed                  LD_PRELOAD=libmimalloc.so ./smtrat ../$1 2> /dev/null
QF_NRA/20161105-Sturm-MBO/mbo_E2E10.smt2 : 1800734 ms.
--------------------------------------------------
unsat
QF_NRA/20161105-Sturm-MBO/mbo_E2E11.smt2 : 23330 ms.
--------------------------------------------------
unsat
QF_NRA/20161105-Sturm-MBO/mbo_E2E12.smt2 : 1459792 ms.
--------------------------------------------------
./solvers/smtrat/run.sh: line 3: 176320 Killed                  LD_PRELOAD=libmimalloc.so ./smtrat ../$1 2> /dev/null
QF_NRA/20161105-Sturm-MBO/mbo_E2E13.smt2 : 1800396 ms.
--------------------------------------------------
./solvers/smtrat/run.sh: line 3: 179925 Killed                  LD_PRELOAD=libmimalloc.so ./smtrat ../$1 2> /dev/null
QF_NRA/20161105-Sturm-MBO/mbo_E2E14.smt2 : 1800094 ms.
--------------------------------------------------
unsat
QF_NRA/20161105-Sturm-MBO/mbo_E2E15.smt2 : 168539 ms.
--------------------------------------------------
./solvers/smtrat/run.sh: line 3: 182861 Killed                  LD_PRELOAD=libmimalloc.so ./smtrat ../$1 2> /dev/null
QF_NRA/20161105-Sturm-MBO/mbo_E2E16.smt2 : 1803450 ms.
--------------------------------------------------
./solvers/smtrat/run.sh: line 3: 184828 Killed                  LD_PRELOAD=libmimalloc.so ./smtrat ../$1 2> /dev/null
QF_NRA/20161105-Sturm-MBO/mbo_E2E17.smt2 : 1802905 ms.
--------------------------------------------------
unsat
QF_NRA/20161105-Sturm-MBO/mbo_E2E18.smt2 : 187310 ms.
--------------------------------------------------
unsat
QF_NRA/20161105-Sturm-MBO/mbo_E2E19.smt2 : 794515 ms.
--------------------------------------------------
./solvers/smtrat/run.sh: line 3: 187894 Killed                  LD_PRELOAD=libmimalloc.so ./smtrat ../$1 2> /dev/null
QF_NRA/20161105-Sturm-MBO/mbo_E2E20.smt2 : 1802262 ms.
--------------------------------------------------
./solvers/smtrat/run.sh: line 3: 189778 Killed                  LD_PRELOAD=libmimalloc.so ./smtrat ../$1 2> /dev/null
QF_NRA/20161105-Sturm-MBO/mbo_E2E21.smt2 : 1800882 ms.
--------------------------------------------------
unsat
QF_NRA/20161105-Sturm-MBO/mbo_E2E22.smt2 : 557671 ms.
--------------------------------------------------
unsat
QF_NRA/20161105-Sturm-MBO/mbo_E2E23.smt2 : 103982 ms.
--------------------------------------------------
unsat
QF_NRA/20161105-Sturm-MBO/mbo_E2E24.smt2 : 163484 ms.
--------------------------------------------------
unsat
QF_NRA/20161105-Sturm-MBO/mbo_E2E25.smt2 : 632428 ms.
--------------------------------------------------
unsat
QF_NRA/20161105-Sturm-MBO/mbo_E2E26.smt2 : 77675 ms.
--------------------------------------------------
unsat
QF_NRA/20161105-Sturm-MBO/mbo_E2E27.smt2 : 5873 ms.
--------------------------------------------------
unsat
QF_NRA/20161105-Sturm-MBO/mbo_E2E28.smt2 : 115199 ms.
--------------------------------------------------
unsat
QF_NRA/20161105-Sturm-MBO/mbo_E2E3.smt2 : 769652 ms.
--------------------------------------------------
unsat
QF_NRA/20161105-Sturm-MBO/mbo_E2E4.smt2 : 575051 ms.
--------------------------------------------------
unsat
QF_NRA/20161105-Sturm-MBO/mbo_E2E5.smt2 : 198540 ms.
--------------------------------------------------
unsat
QF_NRA/20161105-Sturm-MBO/mbo_E2E6.smt2 : 875295 ms.
--------------------------------------------------
unsat
QF_NRA/20161105-Sturm-MBO/mbo_E2E7.smt2 : 93662 ms.
--------------------------------------------------
unsat
QF_NRA/20161105-Sturm-MBO/mbo_E2E8.smt2 : 205260 ms.
--------------------------------------------------
./solvers/smtrat/run.sh: line 3: 194796 Killed                  LD_PRELOAD=libmimalloc.so ./smtrat ../$1 2> /dev/null
QF_NRA/20161105-Sturm-MBO/mbo_E2E9.smt2 : 1801464 ms.
--------------------------------------------------
unsat
QF_NRA/20161105-Sturm-MBO/mbo_E2.smt2 : 1656 ms.
--------------------------------------------------
./solvers/smtrat/run.sh: line 3: 196401 Killed                  LD_PRELOAD=libmimalloc.so ./smtrat ../$1 2> /dev/null
QF_NRA/20161105-Sturm-MBO/mbo_E3E10.smt2 : 1801288 ms.
--------------------------------------------------
unsat
QF_NRA/20161105-Sturm-MBO/mbo_E3E11.smt2 : 160864 ms.
--------------------------------------------------
unsat
QF_NRA/20161105-Sturm-MBO/mbo_E3E12.smt2 : 391740 ms.
--------------------------------------------------
unsat
QF_NRA/20161105-Sturm-MBO/mbo_E3E13.smt2 : 178023 ms.
--------------------------------------------------
./solvers/smtrat/run.sh: line 3: 198650 Killed                  LD_PRELOAD=libmimalloc.so ./smtrat ../$1 2> /dev/null
QF_NRA/20161105-Sturm-MBO/mbo_E3E14.smt2 : 1801883 ms.
--------------------------------------------------
unsat
QF_NRA/20161105-Sturm-MBO/mbo_E3E15.smt2 : 151024 ms.
--------------------------------------------------
./solvers/smtrat/run.sh: line 3: 200137 Killed                  LD_PRELOAD=libmimalloc.so ./smtrat ../$1 2> /dev/null
QF_NRA/20161105-Sturm-MBO/mbo_E3E16.smt2 : 1802102 ms.
--------------------------------------------------
./solvers/smtrat/run.sh: line 3: 201773 Killed                  LD_PRELOAD=libmimalloc.so ./smtrat ../$1 2> /dev/null
QF_NRA/20161105-Sturm-MBO/mbo_E3E17.smt2 : 1801607 ms.
--------------------------------------------------
unsat
QF_NRA/20161105-Sturm-MBO/mbo_E3E18.smt2 : 1483716 ms.
--------------------------------------------------
unsat
QF_NRA/20161105-Sturm-MBO/mbo_E3E19.smt2 : 135883 ms.
--------------------------------------------------
unsat
QF_NRA/20161105-Sturm-MBO/mbo_E3E20.smt2 : 71646 ms.
--------------------------------------------------
unsat
QF_NRA/20161105-Sturm-MBO/mbo_E3E21.smt2 : 54599 ms.
--------------------------------------------------
unsat
QF_NRA/20161105-Sturm-MBO/mbo_E3E22.smt2 : 177256 ms.
--------------------------------------------------
unsat
QF_NRA/20161105-Sturm-MBO/mbo_E3E23.smt2 : 208569 ms.
--------------------------------------------------
unsat
QF_NRA/20161105-Sturm-MBO/mbo_E3E24.smt2 : 110624 ms.
--------------------------------------------------
unsat
QF_NRA/20161105-Sturm-MBO/mbo_E3E25.smt2 : 98368 ms.
--------------------------------------------------
unsat
QF_NRA/20161105-Sturm-MBO/mbo_E3E26.smt2 : 76567 ms.
--------------------------------------------------
unsat
QF_NRA/20161105-Sturm-MBO/mbo_E3E27.smt2 : 5594 ms.
--------------------------------------------------
unsat
QF_NRA/20161105-Sturm-MBO/mbo_E3E28.smt2 : 124526 ms.
--------------------------------------------------
unsat
QF_NRA/20161105-Sturm-MBO/mbo_E3E4.smt2 : 537660 ms.
--------------------------------------------------
unsat
QF_NRA/20161105-Sturm-MBO/mbo_E3E5.smt2 : 214861 ms.
--------------------------------------------------
unsat
QF_NRA/20161105-Sturm-MBO/mbo_E3E6.smt2 : 507988 ms.
--------------------------------------------------
unsat
QF_NRA/20161105-Sturm-MBO/mbo_E3E7.smt2 : 196680 ms.
--------------------------------------------------
./solvers/smtrat/run.sh: line 3: 205811 Killed                  LD_PRELOAD=libmimalloc.so ./smtrat ../$1 2> /dev/null
QF_NRA/20161105-Sturm-MBO/mbo_E3E8.smt2 : 1800121 ms.
--------------------------------------------------
./solvers/smtrat/run.sh: line 3: 207049 Killed                  LD_PRELOAD=libmimalloc.so ./smtrat ../$1 2> /dev/null
QF_NRA/20161105-Sturm-MBO/mbo_E3E9.smt2 : 1801289 ms.
--------------------------------------------------
unsat
QF_NRA/20161105-Sturm-MBO/mbo_E3.smt2 : 1033 ms.
--------------------------------------------------
./solvers/smtrat/run.sh: line 3: 207991 Killed                  LD_PRELOAD=libmimalloc.so ./smtrat ../$1 2> /dev/null
QF_NRA/20161105-Sturm-MBO/mbo_E4E10.smt2 : 1800532 ms.
--------------------------------------------------
./solvers/smtrat/run.sh: line 3: 208935 Killed                  LD_PRELOAD=libmimalloc.so ./smtrat ../$1 2> /dev/null
QF_NRA/20161105-Sturm-MBO/mbo_E4E11.smt2 : 1800286 ms.
--------------------------------------------------
./solvers/smtrat/run.sh: line 3: 210000 Killed                  LD_PRELOAD=libmimalloc.so ./smtrat ../$1 2> /dev/null
QF_NRA/20161105-Sturm-MBO/mbo_E4E12.smt2 : 1801317 ms.
--------------------------------------------------
./solvers/smtrat/run.sh: line 3: 210660 Killed                  LD_PRELOAD=libmimalloc.so ./smtrat ../$1 2> /dev/null
QF_NRA/20161105-Sturm-MBO/mbo_E4E13.smt2 : 1801575 ms.
--------------------------------------------------
./solvers/smtrat/run.sh: line 3: 211489 Killed                  LD_PRELOAD=libmimalloc.so ./smtrat ../$1 2> /dev/null
QF_NRA/20161105-Sturm-MBO/mbo_E4E14.smt2 : 1800832 ms.
--------------------------------------------------
./solvers/smtrat/run.sh: line 3: 212247 Killed                  LD_PRELOAD=libmimalloc.so ./smtrat ../$1 2> /dev/null
QF_NRA/20161105-Sturm-MBO/mbo_E4E15.smt2 : 1801041 ms.
--------------------------------------------------
./solvers/smtrat/run.sh: line 3: 213092 Killed                  LD_PRELOAD=libmimalloc.so ./smtrat ../$1 2> /dev/null
QF_NRA/20161105-Sturm-MBO/mbo_E4E16.smt2 : 1801077 ms.
--------------------------------------------------
./solvers/smtrat/run.sh: line 3: 213882 Killed                  LD_PRELOAD=libmimalloc.so ./smtrat ../$1 2> /dev/null
QF_NRA/20161105-Sturm-MBO/mbo_E4E17.smt2 : 1800864 ms.
--------------------------------------------------
./solvers/smtrat/run.sh: line 3: 214604 Killed                  LD_PRELOAD=libmimalloc.so ./smtrat ../$1 2> /dev/null
QF_NRA/20161105-Sturm-MBO/mbo_E4E18.smt2 : 1800665 ms.
--------------------------------------------------
./solvers/smtrat/run.sh: line 3: 215191 Killed                  LD_PRELOAD=libmimalloc.so ./smtrat ../$1 2> /dev/null
QF_NRA/20161105-Sturm-MBO/mbo_E4E19.smt2 : 1800805 ms.
--------------------------------------------------
./solvers/smtrat/run.sh: line 3: 216089 Killed                  LD_PRELOAD=libmimalloc.so ./smtrat ../$1 2> /dev/null
QF_NRA/20161105-Sturm-MBO/mbo_E4E20.smt2 : 1801137 ms.
--------------------------------------------------
./solvers/smtrat/run.sh: line 3: 216643 Killed                  LD_PRELOAD=libmimalloc.so ./smtrat ../$1 2> /dev/null
QF_NRA/20161105-Sturm-MBO/mbo_E4E21.smt2 : 1801164 ms.
--------------------------------------------------
./solvers/smtrat/run.sh: line 3: 217334 Killed                  LD_PRELOAD=libmimalloc.so ./smtrat ../$1 2> /dev/null
QF_NRA/20161105-Sturm-MBO/mbo_E4E22.smt2 : 1800818 ms.
--------------------------------------------------
unsat
QF_NRA/20161105-Sturm-MBO/mbo_E4E23.smt2 : 58677 ms.
--------------------------------------------------
unsat
QF_NRA/20161105-Sturm-MBO/mbo_E4E24.smt2 : 148958 ms.
--------------------------------------------------
./solvers/smtrat/run.sh: line 3: 218257 Killed                  LD_PRELOAD=libmimalloc.so ./smtrat ../$1 2> /dev/null
QF_NRA/20161105-Sturm-MBO/mbo_E4E25.smt2 : 1801210 ms.
--------------------------------------------------
unsat
QF_NRA/20161105-Sturm-MBO/mbo_E4E26.smt2 : 69893 ms.
--------------------------------------------------
unsat
QF_NRA/20161105-Sturm-MBO/mbo_E4E27.smt2 : 3063 ms.
--------------------------------------------------
unsat
QF_NRA/20161105-Sturm-MBO/mbo_E4E28.smt2 : 92202 ms.
--------------------------------------------------
unsat
QF_NRA/20161105-Sturm-MBO/mbo_E4E5.smt2 : 187596 ms.
--------------------------------------------------
unsat
QF_NRA/20161105-Sturm-MBO/mbo_E4E6.smt2 : 238233 ms.
--------------------------------------------------
unsat
QF_NRA/20161105-Sturm-MBO/mbo_E4E7.smt2 : 93600 ms.
--------------------------------------------------
./solvers/smtrat/run.sh: line 3: 219024 Killed                  LD_PRELOAD=libmimalloc.so ./smtrat ../$1 2> /dev/null
QF_NRA/20161105-Sturm-MBO/mbo_E4E8.smt2 : 1800215 ms.
--------------------------------------------------
./solvers/smtrat/run.sh: line 3: 219632 Killed                  LD_PRELOAD=libmimalloc.so ./smtrat ../$1 2> /dev/null
QF_NRA/20161105-Sturm-MBO/mbo_E4E9.smt2 : 1801156 ms.
--------------------------------------------------
unsat
QF_NRA/20161105-Sturm-MBO/mbo_E4.smt2 : 877 ms.
--------------------------------------------------
./solvers/smtrat/run.sh: line 3: 220253 Killed                  LD_PRELOAD=libmimalloc.so ./smtrat ../$1 2> /dev/null
QF_NRA/20161105-Sturm-MBO/mbo_E5E10.smt2 : 1801419 ms.
--------------------------------------------------
unsat
QF_NRA/20161105-Sturm-MBO/mbo_E5E11.smt2 : 160 ms.
--------------------------------------------------
./solvers/smtrat/run.sh: line 3: 278456 Killed                  LD_PRELOAD=libmimalloc.so ./smtrat ../$1 2> /dev/null
QF_NRA/20161105-Sturm-MBO/mbo_E5E12.smt2 : 1800066 ms.
--------------------------------------------------
./solvers/smtrat/run.sh: line 3: 282369 Killed                  LD_PRELOAD=libmimalloc.so ./smtrat ../$1 2> /dev/null
QF_NRA/20161105-Sturm-MBO/mbo_E5E13.smt2 : 1800105 ms.
--------------------------------------------------
./solvers/smtrat/run.sh: line 3: 283450 Killed                  LD_PRELOAD=libmimalloc.so ./smtrat ../$1 2> /dev/null
QF_NRA/20161105-Sturm-MBO/mbo_E5E15.smt2 : 1800071 ms.
--------------------------------------------------
unsat
QF_NRA/20161105-Sturm-MBO/mbo_E5E16.smt2 : 463 ms.
--------------------------------------------------
unsat
QF_NRA/20161105-Sturm-MBO/mbo_E5E17.smt2 : 1272 ms.
--------------------------------------------------
./solvers/smtrat/run.sh: line 3: 284301 Killed                  LD_PRELOAD=libmimalloc.so ./smtrat ../$1 2> /dev/null
QF_NRA/20161105-Sturm-MBO/mbo_E5E18.smt2 : 1800080 ms.
--------------------------------------------------
./solvers/smtrat/run.sh: line 3: 284891 Killed                  LD_PRELOAD=libmimalloc.so ./smtrat ../$1 2> /dev/null
QF_NRA/20161105-Sturm-MBO/mbo_E5E19.smt2 : 1800060 ms.
--------------------------------------------------
unsat
QF_NRA/20161105-Sturm-MBO/mbo_E5E20.smt2 : 443531 ms.
--------------------------------------------------
unsat
QF_NRA/20161105-Sturm-MBO/mbo_E5E21.smt2 : 294 ms.
--------------------------------------------------
unsat
QF_NRA/20161105-Sturm-MBO/mbo_E5E22.smt2 : 754894 ms.
--------------------------------------------------
unsat
QF_NRA/20161105-Sturm-MBO/mbo_E5E23.smt2 : 459 ms.
--------------------------------------------------
unsat
QF_NRA/20161105-Sturm-MBO/mbo_E5E24.smt2 : 633511 ms.
--------------------------------------------------
unsat
QF_NRA/20161105-Sturm-MBO/mbo_E5E25.smt2 : 994250 ms.
--------------------------------------------------
unsat
QF_NRA/20161105-Sturm-MBO/mbo_E5E26.smt2 : 205 ms.
--------------------------------------------------
unsat
QF_NRA/20161105-Sturm-MBO/mbo_E5E27.smt2 : 146 ms.
--------------------------------------------------
unsat
QF_NRA/20161105-Sturm-MBO/mbo_E5E28.smt2 : 457 ms.
--------------------------------------------------
unsat
QF_NRA/20161105-Sturm-MBO/mbo_E5E6.smt2 : 508 ms.
--------------------------------------------------
unsat
QF_NRA/20161105-Sturm-MBO/mbo_E5E7.smt2 : 327 ms.
--------------------------------------------------
./solvers/smtrat/run.sh: line 3: 286431 Killed                  LD_PRELOAD=libmimalloc.so ./smtrat ../$1 2> /dev/null
QF_NRA/20161105-Sturm-MBO/mbo_E5E8.smt2 : 1800156 ms.
--------------------------------------------------
unsat
QF_NRA/20161105-Sturm-MBO/mbo_E5E9.smt2 : 454 ms.
--------------------------------------------------
unsat
QF_NRA/20161105-Sturm-MBO/mbo_E5.smt2 : 40 ms.
--------------------------------------------------
./solvers/smtrat/run.sh: line 3: 287687 Killed                  LD_PRELOAD=libmimalloc.so ./smtrat ../$1 2> /dev/null
QF_NRA/20161105-Sturm-MBO/mbo_E6E10.smt2 : 1801556 ms.
--------------------------------------------------
unsat
QF_NRA/20161105-Sturm-MBO/mbo_E6E11.smt2 : 144 ms.
--------------------------------------------------
unsat
QF_NRA/20161105-Sturm-MBO/mbo_E6E12.smt2 : 252123 ms.
--------------------------------------------------
unsat
QF_NRA/20161105-Sturm-MBO/mbo_E6E13.smt2 : 251531 ms.
--------------------------------------------------
./solvers/smtrat/run.sh: line 3: 288684 Killed                  LD_PRELOAD=libmimalloc.so ./smtrat ../$1 2> /dev/null
QF_NRA/20161105-Sturm-MBO/mbo_E6E14.smt2 : 1802352 ms.
--------------------------------------------------
unsat
QF_NRA/20161105-Sturm-MBO/mbo_E6E15.smt2 : 209229 ms.
--------------------------------------------------
unsat
QF_NRA/20161105-Sturm-MBO/mbo_E6E16.smt2 : 1575 ms.
--------------------------------------------------
unsat
QF_NRA/20161105-Sturm-MBO/mbo_E6E17.smt2 : 497 ms.
--------------------------------------------------
./solvers/smtrat/run.sh: line 3: 289337 Killed                  LD_PRELOAD=libmimalloc.so ./smtrat ../$1 2> /dev/null
QF_NRA/20161105-Sturm-MBO/mbo_E6E18.smt2 : 1802347 ms.
--------------------------------------------------
./solvers/smtrat/run.sh: line 3: 289788 Killed                  LD_PRELOAD=libmimalloc.so ./smtrat ../$1 2> /dev/null
QF_NRA/20161105-Sturm-MBO/mbo_E6E19.smt2 : 1802048 ms.
--------------------------------------------------
./solvers/smtrat/run.sh: line 3: 319571 Killed                  LD_PRELOAD=libmimalloc.so ./smtrat ../$1 2> /dev/null
QF_NRA/20161105-Sturm-MBO/mbo_E6E20.smt2 : 1801828 ms.
--------------------------------------------------
./solvers/smtrat/run.sh: line 3: 322151 Killed                  LD_PRELOAD=libmimalloc.so ./smtrat ../$1 2> /dev/null
QF_NRA/20161105-Sturm-MBO/mbo_E6E21.smt2 : 1800586 ms.
--------------------------------------------------
./solvers/smtrat/run.sh: line 3: 323849 Killed                  LD_PRELOAD=libmimalloc.so ./smtrat ../$1 2> /dev/null
QF_NRA/20161105-Sturm-MBO/mbo_E6E22.smt2 : 1802056 ms.
--------------------------------------------------
unsat
QF_NRA/20161105-Sturm-MBO/mbo_E6E23.smt2 : 601 ms.
--------------------------------------------------
unsat
QF_NRA/20161105-Sturm-MBO/mbo_E6E24.smt2 : 325794 ms.
--------------------------------------------------
./solvers/smtrat/run.sh: line 3: 324610 Killed                  LD_PRELOAD=libmimalloc.so ./smtrat ../$1 2> /dev/null
QF_NRA/20161105-Sturm-MBO/mbo_E6E25.smt2 : 1801654 ms.
--------------------------------------------------
unsat
QF_NRA/20161105-Sturm-MBO/mbo_E6E26.smt2 : 261 ms.
--------------------------------------------------
unsat
QF_NRA/20161105-Sturm-MBO/mbo_E6E27.smt2 : 63 ms.
--------------------------------------------------
unsat
QF_NRA/20161105-Sturm-MBO/mbo_E6E28.smt2 : 457 ms.
--------------------------------------------------
unsat
QF_NRA/20161105-Sturm-MBO/mbo_E6E7.smt2 : 421 ms.
--------------------------------------------------
unsat
QF_NRA/20161105-Sturm-MBO/mbo_E6E8.smt2 : 349227 ms.
--------------------------------------------------
unsat
QF_NRA/20161105-Sturm-MBO/mbo_E6E9.smt2 : 1109 ms.
--------------------------------------------------
unsat
QF_NRA/20161105-Sturm-MBO/mbo_E6.smt2 : 30 ms.
--------------------------------------------------
./solvers/smtrat/run.sh: line 3: 325221 Killed                  LD_PRELOAD=libmimalloc.so ./smtrat ../$1 2> /dev/null
QF_NRA/20161105-Sturm-MBO/mbo_E7E10.smt2 : 1800694 ms.
--------------------------------------------------
unsat
QF_NRA/20161105-Sturm-MBO/mbo_E7E11.smt2 : 10 ms.
--------------------------------------------------
unsat
QF_NRA/20161105-Sturm-MBO/mbo_E7E12.smt2 : 429254 ms.
--------------------------------------------------
unsat
QF_NRA/20161105-Sturm-MBO/mbo_E7E13.smt2 : 92483 ms.
--------------------------------------------------
./solvers/smtrat/run.sh: line 3: 325917 Killed                  LD_PRELOAD=libmimalloc.so ./smtrat ../$1 2> /dev/null
QF_NRA/20161105-Sturm-MBO/mbo_E7E14.smt2 : 1801254 ms.
--------------------------------------------------
unsat
QF_NRA/20161105-Sturm-MBO/mbo_E7E15.smt2 : 80260 ms.
--------------------------------------------------
unsat
QF_NRA/20161105-Sturm-MBO/mbo_E7E16.smt2 : 1367 ms.
--------------------------------------------------
unsat
QF_NRA/20161105-Sturm-MBO/mbo_E7E17.smt2 : 1560 ms.
--------------------------------------------------
./solvers/smtrat/run.sh: line 3: 326336 Killed                  LD_PRELOAD=libmimalloc.so ./smtrat ../$1 2> /dev/null
QF_NRA/20161105-Sturm-MBO/mbo_E7E18.smt2 : 1800528 ms.
--------------------------------------------------
unsat
QF_NRA/20161105-Sturm-MBO/mbo_E7E19.smt2 : 70378 ms.
--------------------------------------------------
unsat
QF_NRA/20161105-Sturm-MBO/mbo_E7E20.smt2 : 23375 ms.
--------------------------------------------------
unsat
QF_NRA/20161105-Sturm-MBO/mbo_E7E21.smt2 : 217 ms.
--------------------------------------------------
unsat
QF_NRA/20161105-Sturm-MBO/mbo_E7E22.smt2 : 126626 ms.
--------------------------------------------------
unsat
QF_NRA/20161105-Sturm-MBO/mbo_E7E23.smt2 : 441 ms.
--------------------------------------------------
unsat
QF_NRA/20161105-Sturm-MBO/mbo_E7E24.smt2 : 133881 ms.
--------------------------------------------------
unsat
QF_NRA/20161105-Sturm-MBO/mbo_E7E25.smt2 : 38566 ms.
--------------------------------------------------
unsat
QF_NRA/20161105-Sturm-MBO/mbo_E7E26.smt2 : 745 ms.
--------------------------------------------------
unsat
QF_NRA/20161105-Sturm-MBO/mbo_E7E27.smt2 : 17 ms.
--------------------------------------------------
unsat
QF_NRA/20161105-Sturm-MBO/mbo_E7E28.smt2 : 208 ms.
--------------------------------------------------
unsat
QF_NRA/20161105-Sturm-MBO/mbo_E7E8.smt2 : 90355 ms.
--------------------------------------------------
unsat
QF_NRA/20161105-Sturm-MBO/mbo_E7E9.smt2 : 762 ms.
--------------------------------------------------
unsat
QF_NRA/20161105-Sturm-MBO/mbo_E7.smt2 : 9 ms.
--------------------------------------------------
./solvers/smtrat/run.sh: line 3: 327024 Killed                  LD_PRELOAD=libmimalloc.so ./smtrat ../$1 2> /dev/null
QF_NRA/20161105-Sturm-MBO/mbo_E8E10.smt2 : 1800877 ms.
--------------------------------------------------
unsat
QF_NRA/20161105-Sturm-MBO/mbo_E8E11.smt2 : 28004 ms.
--------------------------------------------------
unsat
QF_NRA/20161105-Sturm-MBO/mbo_E8E12.smt2 : 241732 ms.
--------------------------------------------------
./solvers/smtrat/run.sh: line 3: 327746 Killed                  LD_PRELOAD=libmimalloc.so ./smtrat ../$1 2> /dev/null
QF_NRA/20161105-Sturm-MBO/mbo_E8E13.smt2 : 1800141 ms.
--------------------------------------------------
./solvers/smtrat/run.sh: line 3: 328242 Killed                  LD_PRELOAD=libmimalloc.so ./smtrat ../$1 2> /dev/null
QF_NRA/20161105-Sturm-MBO/mbo_E8E14.smt2 : 1800141 ms.
--------------------------------------------------
unsat
QF_NRA/20161105-Sturm-MBO/mbo_E8E15.smt2 : 185552 ms.
--------------------------------------------------
./solvers/smtrat/run.sh: line 3: 328660 Killed                  LD_PRELOAD=libmimalloc.so ./smtrat ../$1 2> /dev/null
QF_NRA/20161105-Sturm-MBO/mbo_E8E16.smt2 : 1807162 ms.
--------------------------------------------------
./solvers/smtrat/run.sh: line 3: 329368 Killed                  LD_PRELOAD=libmimalloc.so ./smtrat ../$1 2> /dev/null
QF_NRA/20161105-Sturm-MBO/mbo_E8E17.smt2 : 1803370 ms.
--------------------------------------------------
unsat
QF_NRA/20161105-Sturm-MBO/mbo_E8E18.smt2 : 221840 ms.
--------------------------------------------------
unsat
QF_NRA/20161105-Sturm-MBO/mbo_E8E19.smt2 : 169276 ms.
--------------------------------------------------
./solvers/smtrat/run.sh: line 3: 329967 Killed                  LD_PRELOAD=libmimalloc.so ./smtrat ../$1 2> /dev/null
QF_NRA/20161105-Sturm-MBO/mbo_E8E20.smt2 : 1801224 ms.
--------------------------------------------------
./solvers/smtrat/run.sh: line 3: 331089 Killed                  LD_PRELOAD=libmimalloc.so ./smtrat ../$1 2> /dev/null
QF_NRA/20161105-Sturm-MBO/mbo_E8E21.smt2 : 1800738 ms.
--------------------------------------------------
unsat
QF_NRA/20161105-Sturm-MBO/mbo_E8E22.smt2 : 140868 ms.
--------------------------------------------------
unsat
QF_NRA/20161105-Sturm-MBO/mbo_E8E23.smt2 : 75899 ms.
--------------------------------------------------
unsat
QF_NRA/20161105-Sturm-MBO/mbo_E8E24.smt2 : 669421 ms.
--------------------------------------------------
unsat
QF_NRA/20161105-Sturm-MBO/mbo_E8E25.smt2 : 829661 ms.
--------------------------------------------------
unsat
QF_NRA/20161105-Sturm-MBO/mbo_E8E26.smt2 : 110119 ms.
--------------------------------------------------
unsat
QF_NRA/20161105-Sturm-MBO/mbo_E8E27.smt2 : 7178 ms.
--------------------------------------------------
unsat
QF_NRA/20161105-Sturm-MBO/mbo_E8E28.smt2 : 108686 ms.
--------------------------------------------------
./solvers/smtrat/run.sh: line 3: 332113 Killed                  LD_PRELOAD=libmimalloc.so ./smtrat ../$1 2> /dev/null
QF_NRA/20161105-Sturm-MBO/mbo_E8E9.smt2 : 1804812 ms.
--------------------------------------------------
unsat
QF_NRA/20161105-Sturm-MBO/mbo_E8.smt2 : 1919 ms.
--------------------------------------------------
unsat
QF_NRA/20161105-Sturm-MBO/mbo_E9E10.smt2 : 20282 ms.
--------------------------------------------------
unsat
QF_NRA/20161105-Sturm-MBO/mbo_E9E11.smt2 : 29 ms.
--------------------------------------------------
unsat
QF_NRA/20161105-Sturm-MBO/mbo_E9E12.smt2 : 963196 ms.
--------------------------------------------------
unsat
QF_NRA/20161105-Sturm-MBO/mbo_E9E13.smt2 : 1622685 ms.
--------------------------------------------------
./solvers/smtrat/run.sh: line 3: 333165 Killed                  LD_PRELOAD=libmimalloc.so ./smtrat ../$1 2> /dev/null
QF_NRA/20161105-Sturm-MBO/mbo_E9E14.smt2 : 1800150 ms.
--------------------------------------------------
unsat
QF_NRA/20161105-Sturm-MBO/mbo_E9E15.smt2 : 975845 ms.
--------------------------------------------------
unsat
QF_NRA/20161105-Sturm-MBO/mbo_E9E16.smt2 : 1395 ms.
--------------------------------------------------
unsat
QF_NRA/20161105-Sturm-MBO/mbo_E9E17.smt2 : 895 ms.
--------------------------------------------------
./solvers/smtrat/run.sh: line 3: 333614 Killed                  LD_PRELOAD=libmimalloc.so ./smtrat ../$1 2> /dev/null
QF_NRA/20161105-Sturm-MBO/mbo_E9E18.smt2 : 1800148 ms.
--------------------------------------------------
./solvers/smtrat/run.sh: line 3: 333918 Killed                  LD_PRELOAD=libmimalloc.so ./smtrat ../$1 2> /dev/null
QF_NRA/20161105-Sturm-MBO/mbo_E9E19.smt2 : 1802557 ms.
--------------------------------------------------
unsat
QF_NRA/20161105-Sturm-MBO/mbo_E9E20.smt2 : 1722 ms.
--------------------------------------------------
unsat
QF_NRA/20161105-Sturm-MBO/mbo_E9E21.smt2 : 24 ms.
--------------------------------------------------
./solvers/smtrat/run.sh: line 3: 334260 Killed                  LD_PRELOAD=libmimalloc.so ./smtrat ../$1 2> /dev/null
QF_NRA/20161105-Sturm-MBO/mbo_E9E22.smt2 : 1801528 ms.
--------------------------------------------------
unsat
QF_NRA/20161105-Sturm-MBO/mbo_E9E23.smt2 : 248 ms.
--------------------------------------------------
./solvers/smtrat/run.sh: line 3: 334559 Killed                  LD_PRELOAD=libmimalloc.so ./smtrat ../$1 2> /dev/null
QF_NRA/20161105-Sturm-MBO/mbo_E9E24.smt2 : 1801340 ms.
