--------------------------------------------------
unsat
QF_NRA/hycomp/ball_count_2d_hill.01.seq_lazy_global_2.smt2 : 178 ms.
--------------------------------------------------
unsat
QF_NRA/hycomp/ball_count_2d_hill.01.seq_lazy_global_3.smt2 : 242 ms.
--------------------------------------------------
./solvers/smtrat/run.sh: line 3: 128082 Killed                  LD_PRELOAD=libmimalloc.so ./smtrat ../$1 2> /dev/null
QF_NRA/hycomp/ball_count_2d_hill.01.seq_lazy_global_4.smt2 : 1800124 ms.
--------------------------------------------------
unsat
QF_NRA/hycomp/ball_count_2d_hill.01.seq_lazy_global_5.smt2 : 556 ms.
--------------------------------------------------
./solvers/smtrat/run.sh: line 3: 171083 Killed                  LD_PRELOAD=libmimalloc.so ./smtrat ../$1 2> /dev/null
QF_NRA/hycomp/ball_count_2d_hill.01.seq_lazy_global_6.smt2 : 1800547 ms.
--------------------------------------------------
unsat
QF_NRA/hycomp/ball_count_2d_hill.01.seq_lazy_global_7.smt2 : 948 ms.
--------------------------------------------------
./solvers/smtrat/run.sh: line 3: 176611 Killed                  LD_PRELOAD=libmimalloc.so ./smtrat ../$1 2> /dev/null
QF_NRA/hycomp/ball_count_2d_hill.01.seq_lazy_global_8.smt2 : 1800128 ms.
--------------------------------------------------
unsat
QF_NRA/hycomp/ball_count_2d_hill.01.seq_lazy_global_9.smt2 : 1433 ms.
--------------------------------------------------
unsat
QF_NRA/hycomp/ball_count_2d_hill.01.seq_lazy_lemmas_global_0.smt2 : 25 ms.
--------------------------------------------------
./solvers/smtrat/run.sh: line 3: 180336 Killed                  LD_PRELOAD=libmimalloc.so ./smtrat ../$1 2> /dev/null
QF_NRA/hycomp/ball_count_2d_hill.01.seq_lazy_lemmas_global_10.smt2 : 1800299 ms.
--------------------------------------------------
unsat
QF_NRA/hycomp/ball_count_2d_hill.01.seq_lazy_lemmas_global_11.smt2 : 3427 ms.
--------------------------------------------------
./solvers/smtrat/run.sh: line 3: 183272 Killed                  LD_PRELOAD=libmimalloc.so ./smtrat ../$1 2> /dev/null
QF_NRA/hycomp/ball_count_2d_hill.01.seq_lazy_lemmas_global_12.smt2 : 1800653 ms.
--------------------------------------------------
unsat
QF_NRA/hycomp/ball_count_2d_hill.01.seq_lazy_lemmas_global_13.smt2 : 5194 ms.
--------------------------------------------------
./solvers/smtrat/run.sh: line 3: 185111 Killed                  LD_PRELOAD=libmimalloc.so ./smtrat ../$1 2> /dev/null
QF_NRA/hycomp/ball_count_2d_hill.01.seq_lazy_lemmas_global_14.smt2 : 1800875 ms.
--------------------------------------------------
unsat
QF_NRA/hycomp/ball_count_2d_hill.01.seq_lazy_lemmas_global_15.smt2 : 10623 ms.
--------------------------------------------------
unsat
QF_NRA/hycomp/ball_count_2d_hill.01.seq_lazy_lemmas_global_1.smt2 : 90 ms.
--------------------------------------------------
unsat
QF_NRA/hycomp/ball_count_2d_hill.01.seq_lazy_lemmas_global_2.smt2 : 200 ms.
--------------------------------------------------
unsat
QF_NRA/hycomp/ball_count_2d_hill.01.seq_lazy_lemmas_global_3.smt2 : 330 ms.
--------------------------------------------------
./solvers/smtrat/run.sh: line 3: 187124 Killed                  LD_PRELOAD=libmimalloc.so ./smtrat ../$1 2> /dev/null
QF_NRA/hycomp/ball_count_2d_hill.01.seq_lazy_lemmas_global_4.smt2 : 1800167 ms.
--------------------------------------------------
unsat
QF_NRA/hycomp/ball_count_2d_hill.01.seq_lazy_lemmas_global_5.smt2 : 1355 ms.
--------------------------------------------------
./solvers/smtrat/run.sh: line 3: 188949 Killed                  LD_PRELOAD=libmimalloc.so ./smtrat ../$1 2> /dev/null
QF_NRA/hycomp/ball_count_2d_hill.01.seq_lazy_lemmas_global_6.smt2 : 1800465 ms.
--------------------------------------------------
unsat
QF_NRA/hycomp/ball_count_2d_hill.01.seq_lazy_lemmas_global_7.smt2 : 1844 ms.
--------------------------------------------------
./solvers/smtrat/run.sh: line 3: 190717 Killed                  LD_PRELOAD=libmimalloc.so ./smtrat ../$1 2> /dev/null
QF_NRA/hycomp/ball_count_2d_hill.01.seq_lazy_lemmas_global_8.smt2 : 1800309 ms.
--------------------------------------------------
unsat
QF_NRA/hycomp/ball_count_2d_hill.01.seq_lazy_lemmas_global_9.smt2 : 2061 ms.
--------------------------------------------------
unsat
QF_NRA/hycomp/ball_count_2d_hill.01.seq_lazy_linear_enc_global_0.smt2 : 24 ms.
--------------------------------------------------
./solvers/smtrat/run.sh: line 3: 192305 Killed                  LD_PRELOAD=libmimalloc.so ./smtrat ../$1 2> /dev/null
QF_NRA/hycomp/ball_count_2d_hill.01.seq_lazy_linear_enc_global_10.smt2 : 1803127 ms.
--------------------------------------------------
unsat
QF_NRA/hycomp/ball_count_2d_hill.01.seq_lazy_linear_enc_global_11.smt2 : 2007 ms.
--------------------------------------------------
./solvers/smtrat/run.sh: line 3: 193667 Killed                  LD_PRELOAD=libmimalloc.so ./smtrat ../$1 2> /dev/null
QF_NRA/hycomp/ball_count_2d_hill.01.seq_lazy_linear_enc_global_12.smt2 : 1800706 ms.
--------------------------------------------------
unsat
QF_NRA/hycomp/ball_count_2d_hill.01.seq_lazy_linear_enc_global_13.smt2 : 2509 ms.
--------------------------------------------------
./solvers/smtrat/run.sh: line 3: 195222 Killed                  LD_PRELOAD=libmimalloc.so ./smtrat ../$1 2> /dev/null
QF_NRA/hycomp/ball_count_2d_hill.01.seq_lazy_linear_enc_global_14.smt2 : 1804183 ms.
--------------------------------------------------
unsat
QF_NRA/hycomp/ball_count_2d_hill.01.seq_lazy_linear_enc_global_15.smt2 : 3619 ms.
--------------------------------------------------
unsat
QF_NRA/hycomp/ball_count_2d_hill.01.seq_lazy_linear_enc_global_1.smt2 : 57 ms.
--------------------------------------------------
unsat
QF_NRA/hycomp/ball_count_2d_hill.01.seq_lazy_linear_enc_global_2.smt2 : 131 ms.
--------------------------------------------------
unsat
QF_NRA/hycomp/ball_count_2d_hill.01.seq_lazy_linear_enc_global_3.smt2 : 213 ms.
--------------------------------------------------
./solvers/smtrat/run.sh: line 3: 196703 Killed                  LD_PRELOAD=libmimalloc.so ./smtrat ../$1 2> /dev/null
QF_NRA/hycomp/ball_count_2d_hill.01.seq_lazy_linear_enc_global_4.smt2 : 1800129 ms.
--------------------------------------------------
unsat
QF_NRA/hycomp/ball_count_2d_hill.01.seq_lazy_linear_enc_global_5.smt2 : 457 ms.
--------------------------------------------------
./solvers/smtrat/run.sh: line 3: 198229 Killed                  LD_PRELOAD=libmimalloc.so ./smtrat ../$1 2> /dev/null
QF_NRA/hycomp/ball_count_2d_hill.01.seq_lazy_linear_enc_global_6.smt2 : 1800274 ms.
--------------------------------------------------
unsat
QF_NRA/hycomp/ball_count_2d_hill.01.seq_lazy_linear_enc_global_7.smt2 : 829 ms.
--------------------------------------------------
./solvers/smtrat/run.sh: line 3: 199438 Killed                  LD_PRELOAD=libmimalloc.so ./smtrat ../$1 2> /dev/null
QF_NRA/hycomp/ball_count_2d_hill.01.seq_lazy_linear_enc_global_8.smt2 : 1810612 ms.
--------------------------------------------------
unsat
QF_NRA/hycomp/ball_count_2d_hill.01.seq_lazy_linear_enc_global_9.smt2 : 1931 ms.
--------------------------------------------------
unsat
QF_NRA/hycomp/ball_count_2d_hill.01.seq_lazy_linear_enc_lemmas_global_0.smt2 : 31 ms.
--------------------------------------------------
./solvers/smtrat/run.sh: line 3: 201224 Killed                  LD_PRELOAD=libmimalloc.so ./smtrat ../$1 2> /dev/null
QF_NRA/hycomp/ball_count_2d_hill.01.seq_lazy_linear_enc_lemmas_global_10.smt2 : 1800484 ms.
--------------------------------------------------
unsat
QF_NRA/hycomp/ball_count_2d_hill.01.seq_lazy_linear_enc_lemmas_global_11.smt2 : 3009 ms.
--------------------------------------------------
./solvers/smtrat/run.sh: line 3: 202470 Killed                  LD_PRELOAD=libmimalloc.so ./smtrat ../$1 2> /dev/null
QF_NRA/hycomp/ball_count_2d_hill.01.seq_lazy_linear_enc_lemmas_global_12.smt2 : 1969569 ms.
--------------------------------------------------
unsat
QF_NRA/hycomp/ball_count_2d_hill.01.seq_lazy_linear_enc_lemmas_global_13.smt2 : 3895 ms.
--------------------------------------------------
./solvers/smtrat/run.sh: line 3: 203594 Killed                  LD_PRELOAD=libmimalloc.so ./smtrat ../$1 2> /dev/null
QF_NRA/hycomp/ball_count_2d_hill.01.seq_lazy_linear_enc_lemmas_global_14.smt2 : 1951977 ms.
--------------------------------------------------
unsat
QF_NRA/hycomp/ball_count_2d_hill.01.seq_lazy_linear_enc_lemmas_global_15.smt2 : 8148 ms.
--------------------------------------------------
unsat
QF_NRA/hycomp/ball_count_2d_hill.01.seq_lazy_linear_enc_lemmas_global_1.smt2 : 79 ms.
--------------------------------------------------
unsat
QF_NRA/hycomp/ball_count_2d_hill.01.seq_lazy_linear_enc_lemmas_global_2.smt2 : 167 ms.
--------------------------------------------------
unsat
QF_NRA/hycomp/ball_count_2d_hill.01.seq_lazy_linear_enc_lemmas_global_3.smt2 : 282 ms.
--------------------------------------------------
./solvers/smtrat/run.sh: line 3: 204765 Killed                  LD_PRELOAD=libmimalloc.so ./smtrat ../$1 2> /dev/null
QF_NRA/hycomp/ball_count_2d_hill.01.seq_lazy_linear_enc_lemmas_global_4.smt2 : 1800503 ms.
--------------------------------------------------
unsat
QF_NRA/hycomp/ball_count_2d_hill.01.seq_lazy_linear_enc_lemmas_global_5.smt2 : 598 ms.
--------------------------------------------------
./solvers/smtrat/run.sh: line 3: 206645 Killed                  LD_PRELOAD=libmimalloc.so ./smtrat ../$1 2> /dev/null
QF_NRA/hycomp/ball_count_2d_hill.01.seq_lazy_linear_enc_lemmas_global_6.smt2 : 1800695 ms.
--------------------------------------------------
unsat
QF_NRA/hycomp/ball_count_2d_hill.01.seq_lazy_linear_enc_lemmas_global_7.smt2 : 1235 ms.
--------------------------------------------------
./solvers/smtrat/run.sh: line 3: 207772 Killed                  LD_PRELOAD=libmimalloc.so ./smtrat ../$1 2> /dev/null
QF_NRA/hycomp/ball_count_2d_hill.01.seq_lazy_linear_enc_lemmas_global_8.smt2 : 1800217 ms.
--------------------------------------------------
unsat
QF_NRA/hycomp/ball_count_2d_hill.01.seq_lazy_linear_enc_lemmas_global_9.smt2 : 1656 ms.
--------------------------------------------------
unsat
QF_NRA/hycomp/ball_count_2d_hill.02.redlog_global_0.smt2 : 64 ms.
--------------------------------------------------
./solvers/smtrat/run.sh: line 3: 208563 Killed                  LD_PRELOAD=libmimalloc.so ./smtrat ../$1 2> /dev/null
QF_NRA/hycomp/ball_count_2d_hill.02.redlog_global_10.smt2 : 1800441 ms.
--------------------------------------------------
unsat
QF_NRA/hycomp/ball_count_2d_hill.02.redlog_global_11.smt2 : 16316 ms.
--------------------------------------------------
./solvers/smtrat/run.sh: line 3: 209684 Killed                  LD_PRELOAD=libmimalloc.so ./smtrat ../$1 2> /dev/null
QF_NRA/hycomp/ball_count_2d_hill.02.redlog_global_12.smt2 : 1800829 ms.
--------------------------------------------------
unsat
QF_NRA/hycomp/ball_count_2d_hill.02.redlog_global_13.smt2 : 40027 ms.
--------------------------------------------------
./solvers/smtrat/run.sh: line 3: 210435 Killed                  LD_PRELOAD=libmimalloc.so ./smtrat ../$1 2> /dev/null
QF_NRA/hycomp/ball_count_2d_hill.02.redlog_global_14.smt2 : 1800995 ms.
--------------------------------------------------
unsat
QF_NRA/hycomp/ball_count_2d_hill.02.redlog_global_15.smt2 : 59774 ms.
--------------------------------------------------
unsat
QF_NRA/hycomp/ball_count_2d_hill.02.redlog_global_1.smt2 : 325 ms.
--------------------------------------------------
unsat
QF_NRA/hycomp/ball_count_2d_hill.02.redlog_global_2.smt2 : 600 ms.
--------------------------------------------------
unsat
QF_NRA/hycomp/ball_count_2d_hill.02.redlog_global_3.smt2 : 1020 ms.
--------------------------------------------------
./solvers/smtrat/run.sh: line 3: 211318 Killed                  LD_PRELOAD=libmimalloc.so ./smtrat ../$1 2> /dev/null
QF_NRA/hycomp/ball_count_2d_hill.02.redlog_global_4.smt2 : 1800142 ms.
--------------------------------------------------
unsat
QF_NRA/hycomp/ball_count_2d_hill.02.redlog_global_5.smt2 : 2340 ms.
--------------------------------------------------
./solvers/smtrat/run.sh: line 3: 211986 Killed                  LD_PRELOAD=libmimalloc.so ./smtrat ../$1 2> /dev/null
QF_NRA/hycomp/ball_count_2d_hill.02.redlog_global_6.smt2 : 1800222 ms.
--------------------------------------------------
unsat
QF_NRA/hycomp/ball_count_2d_hill.02.redlog_global_7.smt2 : 7988 ms.
--------------------------------------------------
./solvers/smtrat/run.sh: line 3: 212713 Killed                  LD_PRELOAD=libmimalloc.so ./smtrat ../$1 2> /dev/null
QF_NRA/hycomp/ball_count_2d_hill.02.redlog_global_8.smt2 : 1800930 ms.
--------------------------------------------------
unsat
QF_NRA/hycomp/ball_count_2d_hill.02.redlog_global_9.smt2 : 8813 ms.
--------------------------------------------------
unsat
QF_NRA/hycomp/ball_count_2d_hill.02.seq_lazy_global_0.smt2 : 22 ms.
--------------------------------------------------
./solvers/smtrat/run.sh: line 3: 213553 Killed                  LD_PRELOAD=libmimalloc.so ./smtrat ../$1 2> /dev/null
QF_NRA/hycomp/ball_count_2d_hill.02.seq_lazy_global_10.smt2 : 1800181 ms.
--------------------------------------------------
unsat
QF_NRA/hycomp/ball_count_2d_hill.02.seq_lazy_global_11.smt2 : 4447 ms.
--------------------------------------------------
./solvers/smtrat/run.sh: line 3: 214411 Killed                  LD_PRELOAD=libmimalloc.so ./smtrat ../$1 2> /dev/null
QF_NRA/hycomp/ball_count_2d_hill.02.seq_lazy_global_12.smt2 : 1800100 ms.
--------------------------------------------------
unsat
QF_NRA/hycomp/ball_count_2d_hill.02.seq_lazy_global_13.smt2 : 9266 ms.
--------------------------------------------------
./solvers/smtrat/run.sh: line 3: 215050 Killed                  LD_PRELOAD=libmimalloc.so ./smtrat ../$1 2> /dev/null
QF_NRA/hycomp/ball_count_2d_hill.02.seq_lazy_global_14.smt2 : 1800426 ms.
--------------------------------------------------
unsat
QF_NRA/hycomp/ball_count_2d_hill.02.seq_lazy_global_15.smt2 : 11991 ms.
--------------------------------------------------
unsat
QF_NRA/hycomp/ball_count_2d_hill.02.seq_lazy_global_1.smt2 : 61 ms.
--------------------------------------------------
unsat
QF_NRA/hycomp/ball_count_2d_hill.02.seq_lazy_global_2.smt2 : 130 ms.
--------------------------------------------------
unsat
QF_NRA/hycomp/ball_count_2d_hill.02.seq_lazy_global_3.smt2 : 222 ms.
--------------------------------------------------
unsat
QF_NRA/hycomp/ball_count_2d_hill.02.seq_lazy_global_4.smt2 : 418 ms.
--------------------------------------------------
unsat
QF_NRA/hycomp/ball_count_2d_hill.02.seq_lazy_global_5.smt2 : 551 ms.
--------------------------------------------------
./solvers/smtrat/run.sh: line 3: 215907 Killed                  LD_PRELOAD=libmimalloc.so ./smtrat ../$1 2> /dev/null
QF_NRA/hycomp/ball_count_2d_hill.02.seq_lazy_global_6.smt2 : 1800436 ms.
--------------------------------------------------
unsat
QF_NRA/hycomp/ball_count_2d_hill.02.seq_lazy_global_7.smt2 : 1345 ms.
--------------------------------------------------
./solvers/smtrat/run.sh: line 3: 216534 Killed                  LD_PRELOAD=libmimalloc.so ./smtrat ../$1 2> /dev/null
QF_NRA/hycomp/ball_count_2d_hill.02.seq_lazy_global_8.smt2 : 1800247 ms.
--------------------------------------------------
unsat
QF_NRA/hycomp/ball_count_2d_hill.02.seq_lazy_global_9.smt2 : 2364 ms.
--------------------------------------------------
unsat
QF_NRA/hycomp/ball_count_2d_hill.02.seq_lazy_lemmas_global_0.smt2 : 32 ms.
--------------------------------------------------
./solvers/smtrat/run.sh: line 3: 217217 Killed                  LD_PRELOAD=libmimalloc.so ./smtrat ../$1 2> /dev/null
QF_NRA/hycomp/ball_count_2d_hill.02.seq_lazy_lemmas_global_10.smt2 : 1800245 ms.
--------------------------------------------------
unsat
QF_NRA/hycomp/ball_count_2d_hill.02.seq_lazy_lemmas_global_11.smt2 : 7082 ms.
--------------------------------------------------
./solvers/smtrat/run.sh: line 3: 217865 Killed                  LD_PRELOAD=libmimalloc.so ./smtrat ../$1 2> /dev/null
QF_NRA/hycomp/ball_count_2d_hill.02.seq_lazy_lemmas_global_12.smt2 : 1800224 ms.
--------------------------------------------------
unsat
QF_NRA/hycomp/ball_count_2d_hill.02.seq_lazy_lemmas_global_13.smt2 : 7986 ms.
--------------------------------------------------
./solvers/smtrat/run.sh: line 3: 218569 Killed                  LD_PRELOAD=libmimalloc.so ./smtrat ../$1 2> /dev/null
QF_NRA/hycomp/ball_count_2d_hill.02.seq_lazy_lemmas_global_14.smt2 : 2574798 ms.
--------------------------------------------------
unsat
QF_NRA/hycomp/ball_count_2d_hill.02.seq_lazy_lemmas_global_15.smt2 : 13890 ms.
--------------------------------------------------
unsat
QF_NRA/hycomp/ball_count_2d_hill.02.seq_lazy_lemmas_global_1.smt2 : 81 ms.
--------------------------------------------------
unsat
QF_NRA/hycomp/ball_count_2d_hill.02.seq_lazy_lemmas_global_2.smt2 : 224 ms.
--------------------------------------------------
unsat
QF_NRA/hycomp/ball_count_2d_hill.02.seq_lazy_lemmas_global_3.smt2 : 414 ms.
--------------------------------------------------
unsat
QF_NRA/hycomp/ball_count_2d_hill.02.seq_lazy_lemmas_global_4.smt2 : 569 ms.
--------------------------------------------------
unsat
QF_NRA/hycomp/ball_count_2d_hill.02.seq_lazy_lemmas_global_5.smt2 : 758 ms.
--------------------------------------------------
./solvers/smtrat/run.sh: line 3: 219511 Killed                  LD_PRELOAD=libmimalloc.so ./smtrat ../$1 2> /dev/null
QF_NRA/hycomp/ball_count_2d_hill.02.seq_lazy_lemmas_global_6.smt2 : 1800046 ms.
--------------------------------------------------
unsat
QF_NRA/hycomp/ball_count_2d_hill.02.seq_lazy_lemmas_global_7.smt2 : 1508 ms.
--------------------------------------------------
./solvers/smtrat/run.sh: line 3: 220131 Killed                  LD_PRELOAD=libmimalloc.so ./smtrat ../$1 2> /dev/null
QF_NRA/hycomp/ball_count_2d_hill.02.seq_lazy_lemmas_global_8.smt2 : 1801218 ms.
--------------------------------------------------
unsat
QF_NRA/hycomp/ball_count_2d_hill.02.seq_lazy_lemmas_global_9.smt2 : 4028 ms.
--------------------------------------------------
unsat
QF_NRA/hycomp/ball_count_2d_hill.02.seq_lazy_linear_enc_global_0.smt2 : 18 ms.
--------------------------------------------------
./solvers/smtrat/run.sh: line 3: 276179 Killed                  LD_PRELOAD=libmimalloc.so ./smtrat ../$1 2> /dev/null
QF_NRA/hycomp/ball_count_2d_hill.02.seq_lazy_linear_enc_global_10.smt2 : 1800139 ms.
--------------------------------------------------
unsat
QF_NRA/hycomp/ball_count_2d_hill.02.seq_lazy_linear_enc_global_11.smt2 : 5274 ms.
--------------------------------------------------
./solvers/smtrat/run.sh: line 3: 281101 Killed                  LD_PRELOAD=libmimalloc.so ./smtrat ../$1 2> /dev/null
QF_NRA/hycomp/ball_count_2d_hill.02.seq_lazy_linear_enc_global_12.smt2 : 1800122 ms.
--------------------------------------------------
unsat
QF_NRA/hycomp/ball_count_2d_hill.02.seq_lazy_linear_enc_global_13.smt2 : 8712 ms.
--------------------------------------------------
./solvers/smtrat/run.sh: line 3: 282970 Killed                  LD_PRELOAD=libmimalloc.so ./smtrat ../$1 2> /dev/null
QF_NRA/hycomp/ball_count_2d_hill.02.seq_lazy_linear_enc_global_14.smt2 : 1800176 ms.
--------------------------------------------------
unsat
QF_NRA/hycomp/ball_count_2d_hill.02.seq_lazy_linear_enc_global_15.smt2 : 15152 ms.
--------------------------------------------------
unsat
QF_NRA/hycomp/ball_count_2d_hill.02.seq_lazy_linear_enc_global_1.smt2 : 77 ms.
--------------------------------------------------
unsat
QF_NRA/hycomp/ball_count_2d_hill.02.seq_lazy_linear_enc_global_2.smt2 : 135 ms.
--------------------------------------------------
unsat
QF_NRA/hycomp/ball_count_2d_hill.02.seq_lazy_linear_enc_global_3.smt2 : 249 ms.
--------------------------------------------------
unsat
QF_NRA/hycomp/ball_count_2d_hill.02.seq_lazy_linear_enc_global_4.smt2 : 431 ms.
--------------------------------------------------
unsat
QF_NRA/hycomp/ball_count_2d_hill.02.seq_lazy_linear_enc_global_5.smt2 : 541 ms.
--------------------------------------------------
unsat
QF_NRA/hycomp/ball_count_2d_hill.02.seq_lazy_linear_enc_global_6.smt2 : 625298 ms.
--------------------------------------------------
unsat
QF_NRA/hycomp/ball_count_2d_hill.02.seq_lazy_linear_enc_global_7.smt2 : 1632 ms.
--------------------------------------------------
./solvers/smtrat/run.sh: line 3: 284358 Killed                  LD_PRELOAD=libmimalloc.so ./smtrat ../$1 2> /dev/null
QF_NRA/hycomp/ball_count_2d_hill.02.seq_lazy_linear_enc_global_8.smt2 : 1800072 ms.
--------------------------------------------------
unsat
QF_NRA/hycomp/ball_count_2d_hill.02.seq_lazy_linear_enc_global_9.smt2 : 2580 ms.
--------------------------------------------------
unsat
QF_NRA/hycomp/ball_count_2d_hill.02.seq_lazy_linear_enc_lemmas_global_0.smt2 : 23 ms.
--------------------------------------------------
./solvers/smtrat/run.sh: line 3: 284948 Killed                  LD_PRELOAD=libmimalloc.so ./smtrat ../$1 2> /dev/null
QF_NRA/hycomp/ball_count_2d_hill.02.seq_lazy_linear_enc_lemmas_global_10.smt2 : 1800124 ms.
--------------------------------------------------
unsat
QF_NRA/hycomp/ball_count_2d_hill.02.seq_lazy_linear_enc_lemmas_global_11.smt2 : 4244 ms.
--------------------------------------------------
./solvers/smtrat/run.sh: line 3: 285460 Killed                  LD_PRELOAD=libmimalloc.so ./smtrat ../$1 2> /dev/null
QF_NRA/hycomp/ball_count_2d_hill.02.seq_lazy_linear_enc_lemmas_global_12.smt2 : 1800803 ms.
--------------------------------------------------
unsat
QF_NRA/hycomp/ball_count_2d_hill.02.seq_lazy_linear_enc_lemmas_global_13.smt2 : 7642 ms.
--------------------------------------------------
./solvers/smtrat/run.sh: line 3: 286262 Killed                  LD_PRELOAD=libmimalloc.so ./smtrat ../$1 2> /dev/null
QF_NRA/hycomp/ball_count_2d_hill.02.seq_lazy_linear_enc_lemmas_global_14.smt2 : 1800401 ms.
--------------------------------------------------
unsat
QF_NRA/hycomp/ball_count_2d_hill.02.seq_lazy_linear_enc_lemmas_global_15.smt2 : 18497 ms.
--------------------------------------------------
unsat
QF_NRA/hycomp/ball_count_2d_hill.02.seq_lazy_linear_enc_lemmas_global_1.smt2 : 102 ms.
--------------------------------------------------
unsat
QF_NRA/hycomp/ball_count_2d_hill.02.seq_lazy_linear_enc_lemmas_global_2.smt2 : 184 ms.
--------------------------------------------------
unsat
QF_NRA/hycomp/ball_count_2d_hill.02.seq_lazy_linear_enc_lemmas_global_3.smt2 : 290 ms.
--------------------------------------------------
unsat
QF_NRA/hycomp/ball_count_2d_hill.02.seq_lazy_linear_enc_lemmas_global_4.smt2 : 704 ms.
--------------------------------------------------
unsat
QF_NRA/hycomp/ball_count_2d_hill.02.seq_lazy_linear_enc_lemmas_global_5.smt2 : 887 ms.
--------------------------------------------------
./solvers/smtrat/run.sh: line 3: 287138 Killed                  LD_PRELOAD=libmimalloc.so ./smtrat ../$1 2> /dev/null
QF_NRA/hycomp/ball_count_2d_hill.02.seq_lazy_linear_enc_lemmas_global_6.smt2 : 1800187 ms.
--------------------------------------------------
unsat
QF_NRA/hycomp/ball_count_2d_hill.02.seq_lazy_linear_enc_lemmas_global_7.smt2 : 1349 ms.
--------------------------------------------------
./solvers/smtrat/run.sh: line 3: 288126 Killed                  LD_PRELOAD=libmimalloc.so ./smtrat ../$1 2> /dev/null
QF_NRA/hycomp/ball_count_2d_hill.02.seq_lazy_linear_enc_lemmas_global_8.smt2 : 1800131 ms.
--------------------------------------------------
unsat
QF_NRA/hycomp/ball_count_2d_hill.02.seq_lazy_linear_enc_lemmas_global_9.smt2 : 2794 ms.
--------------------------------------------------
unsat
QF_NRA/hycomp/ball_count_2d_hill.03.redlog_global_0.smt2 : 119 ms.
--------------------------------------------------
./solvers/smtrat/run.sh: line 3: 288792 Killed                  LD_PRELOAD=libmimalloc.so ./smtrat ../$1 2> /dev/null
QF_NRA/hycomp/ball_count_2d_hill.03.redlog_global_10.smt2 : 1800627 ms.
--------------------------------------------------
unsat
QF_NRA/hycomp/ball_count_2d_hill.03.redlog_global_11.smt2 : 99260 ms.
--------------------------------------------------
./solvers/smtrat/run.sh: line 3: 289449 Killed                  LD_PRELOAD=libmimalloc.so ./smtrat ../$1 2> /dev/null
QF_NRA/hycomp/ball_count_2d_hill.03.redlog_global_12.smt2 : 1800902 ms.
--------------------------------------------------
unsat
QF_NRA/hycomp/ball_count_2d_hill.03.redlog_global_13.smt2 : 1524259 ms.
--------------------------------------------------
./solvers/smtrat/run.sh: line 3: 319553 Killed                  LD_PRELOAD=libmimalloc.so ./smtrat ../$1 2> /dev/null
QF_NRA/hycomp/ball_count_2d_hill.03.redlog_global_14.smt2 : 1802275 ms.
--------------------------------------------------
./solvers/smtrat/run.sh: line 3: 322142 Killed                  LD_PRELOAD=libmimalloc.so ./smtrat ../$1 2> /dev/null
QF_NRA/hycomp/ball_count_2d_hill.03.redlog_global_15.smt2 : 1805053 ms.
--------------------------------------------------
unsat
QF_NRA/hycomp/ball_count_2d_hill.03.redlog_global_1.smt2 : 282 ms.
--------------------------------------------------
unsat
QF_NRA/hycomp/ball_count_2d_hill.03.redlog_global_2.smt2 : 852 ms.
--------------------------------------------------
unsat
QF_NRA/hycomp/ball_count_2d_hill.03.redlog_global_3.smt2 : 1800 ms.
--------------------------------------------------
unsat
QF_NRA/hycomp/ball_count_2d_hill.03.redlog_global_4.smt2 : 2426 ms.
--------------------------------------------------
unsat
QF_NRA/hycomp/ball_count_2d_hill.03.redlog_global_5.smt2 : 7798 ms.
--------------------------------------------------
./solvers/smtrat/run.sh: line 3: 323843 Killed                  LD_PRELOAD=libmimalloc.so ./smtrat ../$1 2> /dev/null
QF_NRA/hycomp/ball_count_2d_hill.03.redlog_global_6.smt2 : 1800242 ms.
--------------------------------------------------
./solvers/smtrat/run.sh: line 3: 324492 Killed                  LD_PRELOAD=libmimalloc.so ./smtrat ../$1 2> /dev/null
QF_NRA/hycomp/ball_count_2d_hill.03.redlog_global_7.smt2 : 1800273 ms.
--------------------------------------------------
./solvers/smtrat/run.sh: line 3: 324981 Killed                  LD_PRELOAD=libmimalloc.so ./smtrat ../$1 2> /dev/null
QF_NRA/hycomp/ball_count_2d_hill.03.redlog_global_8.smt2 : 1800341 ms.
--------------------------------------------------
unsat
QF_NRA/hycomp/ball_count_2d_hill.03.redlog_global_9.smt2 : 35298 ms.
--------------------------------------------------
unsat
QF_NRA/hycomp/ball_count_2d_hill.03.seq_lazy_global_0.smt2 : 23 ms.
--------------------------------------------------
./solvers/smtrat/run.sh: line 3: 325497 Killed                  LD_PRELOAD=libmimalloc.so ./smtrat ../$1 2> /dev/null
QF_NRA/hycomp/ball_count_2d_hill.03.seq_lazy_global_10.smt2 : 1800122 ms.
--------------------------------------------------
unsat
QF_NRA/hycomp/ball_count_2d_hill.03.seq_lazy_global_11.smt2 : 22494 ms.
--------------------------------------------------
./solvers/smtrat/run.sh: line 3: 325980 Killed                  LD_PRELOAD=libmimalloc.so ./smtrat ../$1 2> /dev/null
QF_NRA/hycomp/ball_count_2d_hill.03.seq_lazy_global_12.smt2 : 1827702 ms.
--------------------------------------------------
unsat
QF_NRA/hycomp/ball_count_2d_hill.03.seq_lazy_global_13.smt2 : 27900 ms.
--------------------------------------------------
./solvers/smtrat/run.sh: line 3: 326604 Killed                  LD_PRELOAD=libmimalloc.so ./smtrat ../$1 2> /dev/null
QF_NRA/hycomp/ball_count_2d_hill.03.seq_lazy_global_14.smt2 : 1800246 ms.
--------------------------------------------------
unsat
QF_NRA/hycomp/ball_count_2d_hill.03.seq_lazy_global_15.smt2 : 69527 ms.
--------------------------------------------------
unsat
QF_NRA/hycomp/ball_count_2d_hill.03.seq_lazy_global_1.smt2 : 96 ms.
--------------------------------------------------
unsat
QF_NRA/hycomp/ball_count_2d_hill.03.seq_lazy_global_2.smt2 : 219 ms.
--------------------------------------------------
unsat
QF_NRA/hycomp/ball_count_2d_hill.03.seq_lazy_global_3.smt2 : 389 ms.
--------------------------------------------------
unsat
QF_NRA/hycomp/ball_count_2d_hill.03.seq_lazy_global_4.smt2 : 701 ms.
--------------------------------------------------
unsat
QF_NRA/hycomp/ball_count_2d_hill.03.seq_lazy_global_5.smt2 : 933 ms.
--------------------------------------------------
unsat
QF_NRA/hycomp/ball_count_2d_hill.03.seq_lazy_global_6.smt2 : 3051 ms.
--------------------------------------------------
unsat
QF_NRA/hycomp/ball_count_2d_hill.03.seq_lazy_global_7.smt2 : 2163 ms.
--------------------------------------------------
unsat
QF_NRA/hycomp/ball_count_2d_hill.03.seq_lazy_global_8.smt2 : 130479 ms.
--------------------------------------------------
./solvers/smtrat/run.sh: line 3: 327180 Killed                  LD_PRELOAD=libmimalloc.so ./smtrat ../$1 2> /dev/null
QF_NRA/hycomp/ball_count_2d_hill.03.seq_lazy_global_9.smt2 : 1800106 ms.
--------------------------------------------------
unsat
QF_NRA/hycomp/ball_count_2d_hill.03.seq_lazy_lemmas_global_0.smt2 : 28 ms.
--------------------------------------------------
./solvers/smtrat/run.sh: line 3: 327759 Killed                  LD_PRELOAD=libmimalloc.so ./smtrat ../$1 2> /dev/null
QF_NRA/hycomp/ball_count_2d_hill.03.seq_lazy_lemmas_global_10.smt2 : 1800635 ms.
--------------------------------------------------
unsat
QF_NRA/hycomp/ball_count_2d_hill.03.seq_lazy_lemmas_global_11.smt2 : 16237 ms.
--------------------------------------------------
./solvers/smtrat/run.sh: line 3: 328251 Killed                  LD_PRELOAD=libmimalloc.so ./smtrat ../$1 2> /dev/null
QF_NRA/hycomp/ball_count_2d_hill.03.seq_lazy_lemmas_global_12.smt2 : 1813804 ms.
--------------------------------------------------
unsat
QF_NRA/hycomp/ball_count_2d_hill.03.seq_lazy_lemmas_global_13.smt2 : 61019 ms.
--------------------------------------------------
./solvers/smtrat/run.sh: line 3: 328647 Killed                  LD_PRELOAD=libmimalloc.so ./smtrat ../$1 2> /dev/null
QF_NRA/hycomp/ball_count_2d_hill.03.seq_lazy_lemmas_global_14.smt2 : 1806912 ms.
--------------------------------------------------
unsat
QF_NRA/hycomp/ball_count_2d_hill.03.seq_lazy_lemmas_global_15.smt2 : 140504 ms.
--------------------------------------------------
unsat
QF_NRA/hycomp/ball_count_2d_hill.03.seq_lazy_lemmas_global_1.smt2 : 141 ms.
--------------------------------------------------
unsat
QF_NRA/hycomp/ball_count_2d_hill.03.seq_lazy_lemmas_global_2.smt2 : 235 ms.
--------------------------------------------------
unsat
QF_NRA/hycomp/ball_count_2d_hill.03.seq_lazy_lemmas_global_3.smt2 : 566 ms.
--------------------------------------------------
unsat
QF_NRA/hycomp/ball_count_2d_hill.03.seq_lazy_lemmas_global_4.smt2 : 1140 ms.
--------------------------------------------------
unsat
QF_NRA/hycomp/ball_count_2d_hill.03.seq_lazy_lemmas_global_5.smt2 : 1590 ms.
--------------------------------------------------
unsat
QF_NRA/hycomp/ball_count_2d_hill.03.seq_lazy_lemmas_global_6.smt2 : 2711 ms.
--------------------------------------------------
unsat
QF_NRA/hycomp/ball_count_2d_hill.03.seq_lazy_lemmas_global_7.smt2 : 123340 ms.
--------------------------------------------------
./solvers/smtrat/run.sh: line 3: 329452 Killed                  LD_PRELOAD=libmimalloc.so ./smtrat ../$1 2> /dev/null
QF_NRA/hycomp/ball_count_2d_hill.03.seq_lazy_lemmas_global_8.smt2 : 1800184 ms.
--------------------------------------------------
unsat
QF_NRA/hycomp/ball_count_2d_hill.03.seq_lazy_lemmas_global_9.smt2 : 7170 ms.
--------------------------------------------------
unsat
QF_NRA/hycomp/ball_count_2d_hill.03.seq_lazy_linear_enc_global_0.smt2 : 88 ms.
--------------------------------------------------
./solvers/smtrat/run.sh: line 3: 329901 Killed                  LD_PRELOAD=libmimalloc.so ./smtrat ../$1 2> /dev/null
QF_NRA/hycomp/ball_count_2d_hill.03.seq_lazy_linear_enc_global_10.smt2 : 1800981 ms.
--------------------------------------------------
unsat
QF_NRA/hycomp/ball_count_2d_hill.03.seq_lazy_linear_enc_global_11.smt2 : 6891 ms.
--------------------------------------------------
./solvers/smtrat/run.sh: line 3: 331039 Killed                  LD_PRELOAD=libmimalloc.so ./smtrat ../$1 2> /dev/null
QF_NRA/hycomp/ball_count_2d_hill.03.seq_lazy_linear_enc_global_12.smt2 : 1800274 ms.
--------------------------------------------------
unsat
QF_NRA/hycomp/ball_count_2d_hill.03.seq_lazy_linear_enc_global_13.smt2 : 36647 ms.
--------------------------------------------------
./solvers/smtrat/run.sh: line 3: 331622 Killed                  LD_PRELOAD=libmimalloc.so ./smtrat ../$1 2> /dev/null
QF_NRA/hycomp/ball_count_2d_hill.03.seq_lazy_linear_enc_global_14.smt2 : 1800276 ms.
--------------------------------------------------
unsat
QF_NRA/hycomp/ball_count_2d_hill.03.seq_lazy_linear_enc_global_15.smt2 : 32626 ms.
--------------------------------------------------
unsat
QF_NRA/hycomp/ball_count_2d_hill.03.seq_lazy_linear_enc_global_1.smt2 : 71 ms.
--------------------------------------------------
unsat
QF_NRA/hycomp/ball_count_2d_hill.03.seq_lazy_linear_enc_global_2.smt2 : 194 ms.
--------------------------------------------------
unsat
QF_NRA/hycomp/ball_count_2d_hill.03.seq_lazy_linear_enc_global_3.smt2 : 396 ms.
--------------------------------------------------
unsat
QF_NRA/hycomp/ball_count_2d_hill.03.seq_lazy_linear_enc_global_4.smt2 : 934 ms.
--------------------------------------------------
unsat
QF_NRA/hycomp/ball_count_2d_hill.03.seq_lazy_linear_enc_global_5.smt2 : 1167 ms.
--------------------------------------------------
unsat
QF_NRA/hycomp/ball_count_2d_hill.03.seq_lazy_linear_enc_global_6.smt2 : 2500 ms.
--------------------------------------------------
unsat
QF_NRA/hycomp/ball_count_2d_hill.03.seq_lazy_linear_enc_global_7.smt2 : 1848 ms.
--------------------------------------------------
./solvers/smtrat/run.sh: line 3: 332027 Killed                  LD_PRELOAD=libmimalloc.so ./smtrat ../$1 2> /dev/null
QF_NRA/hycomp/ball_count_2d_hill.03.seq_lazy_linear_enc_global_8.smt2 : 1800438 ms.
--------------------------------------------------
unsat
QF_NRA/hycomp/ball_count_2d_hill.03.seq_lazy_linear_enc_global_9.smt2 : 7721 ms.
