--------------------------------------------------
unsat
QF_NRA/hycomp/ball_count_2d_hill_simple.02.seq_lazy_lemmas_global_0.smt2 : 119 ms.
--------------------------------------------------
unknown
unknown
sat
QF_NRA/hycomp/ball_count_2d_hill_simple.02.seq_lazy_lemmas_global_10.smt2 : 904056 ms.
--------------------------------------------------
unsat
QF_NRA/hycomp/ball_count_2d_hill_simple.02.seq_lazy_lemmas_global_11.smt2 : 99 ms.
--------------------------------------------------
unknown
unknown
sat
QF_NRA/hycomp/ball_count_2d_hill_simple.02.seq_lazy_lemmas_global_12.smt2 : 933646 ms.
--------------------------------------------------
unsat
QF_NRA/hycomp/ball_count_2d_hill_simple.02.seq_lazy_lemmas_global_13.smt2 : 118 ms.
--------------------------------------------------
sat
QF_NRA/hycomp/ball_count_2d_hill_simple.02.seq_lazy_lemmas_global_14.smt2 : 129536 ms.
--------------------------------------------------
unsat
QF_NRA/hycomp/ball_count_2d_hill_simple.02.seq_lazy_lemmas_global_15.smt2 : 131 ms.
--------------------------------------------------
unsat
QF_NRA/hycomp/ball_count_2d_hill_simple.02.seq_lazy_lemmas_global_1.smt2 : 24 ms.
--------------------------------------------------
unsat
QF_NRA/hycomp/ball_count_2d_hill_simple.02.seq_lazy_lemmas_global_2.smt2 : 33 ms.
--------------------------------------------------
unsat
QF_NRA/hycomp/ball_count_2d_hill_simple.02.seq_lazy_lemmas_global_3.smt2 : 37 ms.
--------------------------------------------------
unsat
QF_NRA/hycomp/ball_count_2d_hill_simple.02.seq_lazy_lemmas_global_4.smt2 : 57 ms.
--------------------------------------------------
unsat
QF_NRA/hycomp/ball_count_2d_hill_simple.02.seq_lazy_lemmas_global_5.smt2 : 58 ms.
--------------------------------------------------
sat
QF_NRA/hycomp/ball_count_2d_hill_simple.02.seq_lazy_lemmas_global_6.smt2 : 651 ms.
--------------------------------------------------
unsat
QF_NRA/hycomp/ball_count_2d_hill_simple.02.seq_lazy_lemmas_global_7.smt2 : 84 ms.
--------------------------------------------------
sat
QF_NRA/hycomp/ball_count_2d_hill_simple.02.seq_lazy_lemmas_global_8.smt2 : 2136 ms.
--------------------------------------------------
unsat
QF_NRA/hycomp/ball_count_2d_hill_simple.02.seq_lazy_lemmas_global_9.smt2 : 79 ms.
--------------------------------------------------
unsat
QF_NRA/hycomp/ball_count_2d_hill_simple.02.seq_lazy_linear_enc_global_0.smt2 : 16 ms.
--------------------------------------------------
sat
QF_NRA/hycomp/ball_count_2d_hill_simple.02.seq_lazy_linear_enc_global_10.smt2 : 2852 ms.
--------------------------------------------------
unsat
QF_NRA/hycomp/ball_count_2d_hill_simple.02.seq_lazy_linear_enc_global_11.smt2 : 74 ms.
--------------------------------------------------
unknown
unknown
sat
QF_NRA/hycomp/ball_count_2d_hill_simple.02.seq_lazy_linear_enc_global_12.smt2 : 902133 ms.
--------------------------------------------------
unsat
QF_NRA/hycomp/ball_count_2d_hill_simple.02.seq_lazy_linear_enc_global_13.smt2 : 86 ms.
--------------------------------------------------
unknown
unknown
QF_NRA/hycomp/ball_count_2d_hill_simple.02.seq_lazy_linear_enc_global_14.smt2 : 1800011 ms.
--------------------------------------------------
unsat
QF_NRA/hycomp/ball_count_2d_hill_simple.02.seq_lazy_linear_enc_global_15.smt2 : 105 ms.
--------------------------------------------------
unsat
QF_NRA/hycomp/ball_count_2d_hill_simple.02.seq_lazy_linear_enc_global_1.smt2 : 26 ms.
--------------------------------------------------
unsat
QF_NRA/hycomp/ball_count_2d_hill_simple.02.seq_lazy_linear_enc_global_2.smt2 : 29 ms.
--------------------------------------------------
unsat
QF_NRA/hycomp/ball_count_2d_hill_simple.02.seq_lazy_linear_enc_global_3.smt2 : 33 ms.
--------------------------------------------------
unsat
QF_NRA/hycomp/ball_count_2d_hill_simple.02.seq_lazy_linear_enc_global_4.smt2 : 45 ms.
--------------------------------------------------
unsat
QF_NRA/hycomp/ball_count_2d_hill_simple.02.seq_lazy_linear_enc_global_5.smt2 : 44 ms.
--------------------------------------------------
sat
QF_NRA/hycomp/ball_count_2d_hill_simple.02.seq_lazy_linear_enc_global_6.smt2 : 342 ms.
--------------------------------------------------
unsat
QF_NRA/hycomp/ball_count_2d_hill_simple.02.seq_lazy_linear_enc_global_7.smt2 : 58 ms.
--------------------------------------------------
unknown
unknown
sat
QF_NRA/hycomp/ball_count_2d_hill_simple.02.seq_lazy_linear_enc_global_8.smt2 : 1047991 ms.
--------------------------------------------------
unsat
QF_NRA/hycomp/ball_count_2d_hill_simple.02.seq_lazy_linear_enc_global_9.smt2 : 65 ms.
--------------------------------------------------
unsat
QF_NRA/hycomp/ball_count_2d_hill_simple.02.seq_lazy_linear_enc_lemmas_global_0.smt2 : 17 ms.
--------------------------------------------------
unknown
unknown
sat
QF_NRA/hycomp/ball_count_2d_hill_simple.02.seq_lazy_linear_enc_lemmas_global_10.smt2 : 901436 ms.
--------------------------------------------------
unsat
QF_NRA/hycomp/ball_count_2d_hill_simple.02.seq_lazy_linear_enc_lemmas_global_11.smt2 : 97 ms.
--------------------------------------------------
QF_NRA/hycomp/ball_count_2d_hill_simple.02.seq_lazy_linear_enc_lemmas_global_12.smt2 : 1800014 ms.
--------------------------------------------------
unsat
QF_NRA/hycomp/ball_count_2d_hill_simple.02.seq_lazy_linear_enc_lemmas_global_13.smt2 : 107 ms.
--------------------------------------------------
sat
QF_NRA/hycomp/ball_count_2d_hill_simple.02.seq_lazy_linear_enc_lemmas_global_14.smt2 : 3094 ms.
--------------------------------------------------
unsat
QF_NRA/hycomp/ball_count_2d_hill_simple.02.seq_lazy_linear_enc_lemmas_global_15.smt2 : 116 ms.
--------------------------------------------------
unsat
QF_NRA/hycomp/ball_count_2d_hill_simple.02.seq_lazy_linear_enc_lemmas_global_1.smt2 : 27 ms.
--------------------------------------------------
unsat
QF_NRA/hycomp/ball_count_2d_hill_simple.02.seq_lazy_linear_enc_lemmas_global_2.smt2 : 35 ms.
--------------------------------------------------
unsat
QF_NRA/hycomp/ball_count_2d_hill_simple.02.seq_lazy_linear_enc_lemmas_global_3.smt2 : 38 ms.
--------------------------------------------------
unsat
QF_NRA/hycomp/ball_count_2d_hill_simple.02.seq_lazy_linear_enc_lemmas_global_4.smt2 : 49 ms.
--------------------------------------------------
unsat
QF_NRA/hycomp/ball_count_2d_hill_simple.02.seq_lazy_linear_enc_lemmas_global_5.smt2 : 51 ms.
--------------------------------------------------
sat
QF_NRA/hycomp/ball_count_2d_hill_simple.02.seq_lazy_linear_enc_lemmas_global_6.smt2 : 117 ms.
--------------------------------------------------
unsat
QF_NRA/hycomp/ball_count_2d_hill_simple.02.seq_lazy_linear_enc_lemmas_global_7.smt2 : 63 ms.
--------------------------------------------------
sat
QF_NRA/hycomp/ball_count_2d_hill_simple.02.seq_lazy_linear_enc_lemmas_global_8.smt2 : 1357 ms.
--------------------------------------------------
unsat
QF_NRA/hycomp/ball_count_2d_hill_simple.02.seq_lazy_linear_enc_lemmas_global_9.smt2 : 74 ms.
--------------------------------------------------
unsat
QF_NRA/hycomp/ball_count_2d_hill_simple.03.qfree_global_0.smt2 : 19 ms.
--------------------------------------------------
unknown
QF_NRA/hycomp/ball_count_2d_hill_simple.03.qfree_global_10.smt2 : 1800008 ms.
--------------------------------------------------
unsat
QF_NRA/hycomp/ball_count_2d_hill_simple.03.qfree_global_11.smt2 : 92 ms.
--------------------------------------------------
unknown
unknown
sat
QF_NRA/hycomp/ball_count_2d_hill_simple.03.qfree_global_12.smt2 : 901510 ms.
--------------------------------------------------
unsat
QF_NRA/hycomp/ball_count_2d_hill_simple.03.qfree_global_13.smt2 : 93 ms.
--------------------------------------------------
sat
QF_NRA/hycomp/ball_count_2d_hill_simple.03.qfree_global_14.smt2 : 2086 ms.
--------------------------------------------------
unsat
QF_NRA/hycomp/ball_count_2d_hill_simple.03.qfree_global_15.smt2 : 104 ms.
--------------------------------------------------
unsat
QF_NRA/hycomp/ball_count_2d_hill_simple.03.qfree_global_1.smt2 : 26 ms.
--------------------------------------------------
unsat
QF_NRA/hycomp/ball_count_2d_hill_simple.03.qfree_global_2.smt2 : 31 ms.
--------------------------------------------------
unsat
QF_NRA/hycomp/ball_count_2d_hill_simple.03.qfree_global_3.smt2 : 36 ms.
--------------------------------------------------
unsat
QF_NRA/hycomp/ball_count_2d_hill_simple.03.qfree_global_4.smt2 : 41 ms.
--------------------------------------------------
unsat
QF_NRA/hycomp/ball_count_2d_hill_simple.03.qfree_global_5.smt2 : 47 ms.
--------------------------------------------------
unknown
unknown
sat
QF_NRA/hycomp/ball_count_2d_hill_simple.03.qfree_global_6.smt2 : 900361 ms.
--------------------------------------------------
unsat
QF_NRA/hycomp/ball_count_2d_hill_simple.03.qfree_global_7.smt2 : 67 ms.
--------------------------------------------------
unknown
unknown
sat
QF_NRA/hycomp/ball_count_2d_hill_simple.03.qfree_global_8.smt2 : 900534 ms.
--------------------------------------------------
unsat
QF_NRA/hycomp/ball_count_2d_hill_simple.03.qfree_global_9.smt2 : 73 ms.
--------------------------------------------------
unsat
QF_NRA/hycomp/ball_count_2d_hill_simple.03.redlog_global_0.smt2 : 21 ms.
--------------------------------------------------
unknown
unknown
QF_NRA/hycomp/ball_count_2d_hill_simple.03.redlog_global_10.smt2 : 1800011 ms.
--------------------------------------------------
unsat
QF_NRA/hycomp/ball_count_2d_hill_simple.03.redlog_global_11.smt2 : 109 ms.
--------------------------------------------------
QF_NRA/hycomp/ball_count_2d_hill_simple.03.redlog_global_12.smt2 : 1800019 ms.
--------------------------------------------------
unsat
QF_NRA/hycomp/ball_count_2d_hill_simple.03.redlog_global_13.smt2 : 119 ms.
--------------------------------------------------
unknown
unknown
QF_NRA/hycomp/ball_count_2d_hill_simple.03.redlog_global_14.smt2 : 1800010 ms.
--------------------------------------------------
unsat
QF_NRA/hycomp/ball_count_2d_hill_simple.03.redlog_global_15.smt2 : 135 ms.
--------------------------------------------------
unsat
QF_NRA/hycomp/ball_count_2d_hill_simple.03.redlog_global_1.smt2 : 29 ms.
--------------------------------------------------
unsat
QF_NRA/hycomp/ball_count_2d_hill_simple.03.redlog_global_2.smt2 : 36 ms.
--------------------------------------------------
unsat
QF_NRA/hycomp/ball_count_2d_hill_simple.03.redlog_global_3.smt2 : 45 ms.
--------------------------------------------------
unsat
QF_NRA/hycomp/ball_count_2d_hill_simple.03.redlog_global_4.smt2 : 52 ms.
--------------------------------------------------
unsat
QF_NRA/hycomp/ball_count_2d_hill_simple.03.redlog_global_5.smt2 : 66 ms.
--------------------------------------------------
sat
QF_NRA/hycomp/ball_count_2d_hill_simple.03.redlog_global_6.smt2 : 532 ms.
--------------------------------------------------
unsat
QF_NRA/hycomp/ball_count_2d_hill_simple.03.redlog_global_7.smt2 : 81 ms.
--------------------------------------------------
unknown
unknown
QF_NRA/hycomp/ball_count_2d_hill_simple.03.redlog_global_8.smt2 : 1800015 ms.
--------------------------------------------------
unsat
QF_NRA/hycomp/ball_count_2d_hill_simple.03.redlog_global_9.smt2 : 92 ms.
--------------------------------------------------
unsat
QF_NRA/hycomp/ball_count_2d_hill_simple.03.seq_lazy_global_0.smt2 : 24 ms.
--------------------------------------------------
unknown
unknown
QF_NRA/hycomp/ball_count_2d_hill_simple.03.seq_lazy_global_10.smt2 : 1800015 ms.
--------------------------------------------------
unsat
QF_NRA/hycomp/ball_count_2d_hill_simple.03.seq_lazy_global_11.smt2 : 91 ms.
--------------------------------------------------
QF_NRA/hycomp/ball_count_2d_hill_simple.03.seq_lazy_global_12.smt2 : 1800014 ms.
--------------------------------------------------
unsat
QF_NRA/hycomp/ball_count_2d_hill_simple.03.seq_lazy_global_13.smt2 : 101 ms.
--------------------------------------------------
unknown
unknown
QF_NRA/hycomp/ball_count_2d_hill_simple.03.seq_lazy_global_14.smt2 : 1800013 ms.
--------------------------------------------------
unsat
QF_NRA/hycomp/ball_count_2d_hill_simple.03.seq_lazy_global_15.smt2 : 112 ms.
--------------------------------------------------
unsat
QF_NRA/hycomp/ball_count_2d_hill_simple.03.seq_lazy_global_1.smt2 : 33 ms.
--------------------------------------------------
unsat
QF_NRA/hycomp/ball_count_2d_hill_simple.03.seq_lazy_global_2.smt2 : 38 ms.
--------------------------------------------------
unsat
QF_NRA/hycomp/ball_count_2d_hill_simple.03.seq_lazy_global_3.smt2 : 42 ms.
--------------------------------------------------
unsat
QF_NRA/hycomp/ball_count_2d_hill_simple.03.seq_lazy_global_4.smt2 : 50 ms.
--------------------------------------------------
unsat
QF_NRA/hycomp/ball_count_2d_hill_simple.03.seq_lazy_global_5.smt2 : 54 ms.
--------------------------------------------------
unsat
QF_NRA/hycomp/ball_count_2d_hill_simple.03.seq_lazy_global_6.smt2 : 60 ms.
--------------------------------------------------
unsat
QF_NRA/hycomp/ball_count_2d_hill_simple.03.seq_lazy_global_7.smt2 : 65 ms.
--------------------------------------------------
unsat
QF_NRA/hycomp/ball_count_2d_hill_simple.03.seq_lazy_global_8.smt2 : 72 ms.
--------------------------------------------------
unsat
QF_NRA/hycomp/ball_count_2d_hill_simple.03.seq_lazy_global_9.smt2 : 76 ms.
--------------------------------------------------
unsat
QF_NRA/hycomp/ball_count_2d_hill_simple.03.seq_lazy_lemmas_global_0.smt2 : 29 ms.
--------------------------------------------------
unknown
unknown
sat
QF_NRA/hycomp/ball_count_2d_hill_simple.03.seq_lazy_lemmas_global_10.smt2 : 902685 ms.
--------------------------------------------------
unsat
QF_NRA/hycomp/ball_count_2d_hill_simple.03.seq_lazy_lemmas_global_11.smt2 : 108 ms.
--------------------------------------------------
unknown
unknown
sat
QF_NRA/hycomp/ball_count_2d_hill_simple.03.seq_lazy_lemmas_global_12.smt2 : 902844 ms.
--------------------------------------------------
unsat
QF_NRA/hycomp/ball_count_2d_hill_simple.03.seq_lazy_lemmas_global_13.smt2 : 123 ms.
--------------------------------------------------
unknown
unknown
QF_NRA/hycomp/ball_count_2d_hill_simple.03.seq_lazy_lemmas_global_14.smt2 : 1800012 ms.
--------------------------------------------------
unsat
QF_NRA/hycomp/ball_count_2d_hill_simple.03.seq_lazy_lemmas_global_15.smt2 : 136 ms.
--------------------------------------------------
unsat
QF_NRA/hycomp/ball_count_2d_hill_simple.03.seq_lazy_lemmas_global_1.smt2 : 38 ms.
--------------------------------------------------
unsat
QF_NRA/hycomp/ball_count_2d_hill_simple.03.seq_lazy_lemmas_global_2.smt2 : 43 ms.
--------------------------------------------------
unsat
QF_NRA/hycomp/ball_count_2d_hill_simple.03.seq_lazy_lemmas_global_3.smt2 : 46 ms.
--------------------------------------------------
unsat
QF_NRA/hycomp/ball_count_2d_hill_simple.03.seq_lazy_lemmas_global_4.smt2 : 55 ms.
--------------------------------------------------
unsat
QF_NRA/hycomp/ball_count_2d_hill_simple.03.seq_lazy_lemmas_global_5.smt2 : 62 ms.
--------------------------------------------------
unsat
QF_NRA/hycomp/ball_count_2d_hill_simple.03.seq_lazy_lemmas_global_6.smt2 : 66 ms.
--------------------------------------------------
unsat
QF_NRA/hycomp/ball_count_2d_hill_simple.03.seq_lazy_lemmas_global_7.smt2 : 75 ms.
--------------------------------------------------
unsat
QF_NRA/hycomp/ball_count_2d_hill_simple.03.seq_lazy_lemmas_global_8.smt2 : 83 ms.
--------------------------------------------------
unsat
QF_NRA/hycomp/ball_count_2d_hill_simple.03.seq_lazy_lemmas_global_9.smt2 : 86 ms.
--------------------------------------------------
unsat
QF_NRA/hycomp/ball_count_2d_hill_simple.03.seq_lazy_linear_enc_global_0.smt2 : 26 ms.
--------------------------------------------------
sat
QF_NRA/hycomp/ball_count_2d_hill_simple.03.seq_lazy_linear_enc_global_10.smt2 : 2608 ms.
--------------------------------------------------
unsat
QF_NRA/hycomp/ball_count_2d_hill_simple.03.seq_lazy_linear_enc_global_11.smt2 : 84 ms.
--------------------------------------------------
sat
QF_NRA/hycomp/ball_count_2d_hill_simple.03.seq_lazy_linear_enc_global_12.smt2 : 766 ms.
--------------------------------------------------
unsat
QF_NRA/hycomp/ball_count_2d_hill_simple.03.seq_lazy_linear_enc_global_13.smt2 : 95 ms.
--------------------------------------------------
sat
QF_NRA/hycomp/ball_count_2d_hill_simple.03.seq_lazy_linear_enc_global_14.smt2 : 394 ms.
--------------------------------------------------
unsat
QF_NRA/hycomp/ball_count_2d_hill_simple.03.seq_lazy_linear_enc_global_15.smt2 : 106 ms.
--------------------------------------------------
unsat
QF_NRA/hycomp/ball_count_2d_hill_simple.03.seq_lazy_linear_enc_global_1.smt2 : 33 ms.
--------------------------------------------------
unsat
QF_NRA/hycomp/ball_count_2d_hill_simple.03.seq_lazy_linear_enc_global_2.smt2 : 34 ms.
--------------------------------------------------
unsat
QF_NRA/hycomp/ball_count_2d_hill_simple.03.seq_lazy_linear_enc_global_3.smt2 : 43 ms.
--------------------------------------------------
unsat
QF_NRA/hycomp/ball_count_2d_hill_simple.03.seq_lazy_linear_enc_global_4.smt2 : 48 ms.
--------------------------------------------------
unsat
QF_NRA/hycomp/ball_count_2d_hill_simple.03.seq_lazy_linear_enc_global_5.smt2 : 55 ms.
--------------------------------------------------
unsat
QF_NRA/hycomp/ball_count_2d_hill_simple.03.seq_lazy_linear_enc_global_6.smt2 : 56 ms.
--------------------------------------------------
unsat
QF_NRA/hycomp/ball_count_2d_hill_simple.03.seq_lazy_linear_enc_global_7.smt2 : 63 ms.
--------------------------------------------------
unsat
QF_NRA/hycomp/ball_count_2d_hill_simple.03.seq_lazy_linear_enc_global_8.smt2 : 69 ms.
--------------------------------------------------
unsat
QF_NRA/hycomp/ball_count_2d_hill_simple.03.seq_lazy_linear_enc_global_9.smt2 : 74 ms.
--------------------------------------------------
unsat
QF_NRA/hycomp/ball_count_2d_hill_simple.03.seq_lazy_linear_enc_lemmas_global_0.smt2 : 25 ms.
--------------------------------------------------
unknown
unknown
QF_NRA/hycomp/ball_count_2d_hill_simple.03.seq_lazy_linear_enc_lemmas_global_10.smt2 : 1800007 ms.
--------------------------------------------------
unsat
QF_NRA/hycomp/ball_count_2d_hill_simple.03.seq_lazy_linear_enc_lemmas_global_11.smt2 : 140 ms.
--------------------------------------------------
unknown
unknown
QF_NRA/hycomp/ball_count_2d_hill_simple.03.seq_lazy_linear_enc_lemmas_global_12.smt2 : 1800007 ms.
--------------------------------------------------
unsat
QF_NRA/hycomp/ball_count_2d_hill_simple.03.seq_lazy_linear_enc_lemmas_global_13.smt2 : 120 ms.
--------------------------------------------------
unknown
unknown
QF_NRA/hycomp/ball_count_2d_hill_simple.03.seq_lazy_linear_enc_lemmas_global_14.smt2 : 1800015 ms.
--------------------------------------------------
unsat
QF_NRA/hycomp/ball_count_2d_hill_simple.03.seq_lazy_linear_enc_lemmas_global_15.smt2 : 132 ms.
--------------------------------------------------
unsat
QF_NRA/hycomp/ball_count_2d_hill_simple.03.seq_lazy_linear_enc_lemmas_global_1.smt2 : 35 ms.
--------------------------------------------------
unsat
QF_NRA/hycomp/ball_count_2d_hill_simple.03.seq_lazy_linear_enc_lemmas_global_2.smt2 : 39 ms.
--------------------------------------------------
unsat
QF_NRA/hycomp/ball_count_2d_hill_simple.03.seq_lazy_linear_enc_lemmas_global_3.smt2 : 45 ms.
--------------------------------------------------
unsat
QF_NRA/hycomp/ball_count_2d_hill_simple.03.seq_lazy_linear_enc_lemmas_global_4.smt2 : 53 ms.
--------------------------------------------------
unsat
QF_NRA/hycomp/ball_count_2d_hill_simple.03.seq_lazy_linear_enc_lemmas_global_5.smt2 : 60 ms.
--------------------------------------------------
unsat
QF_NRA/hycomp/ball_count_2d_hill_simple.03.seq_lazy_linear_enc_lemmas_global_6.smt2 : 65 ms.
--------------------------------------------------
unsat
QF_NRA/hycomp/ball_count_2d_hill_simple.03.seq_lazy_linear_enc_lemmas_global_7.smt2 : 73 ms.
--------------------------------------------------
unsat
QF_NRA/hycomp/ball_count_2d_hill_simple.03.seq_lazy_linear_enc_lemmas_global_8.smt2 : 82 ms.
--------------------------------------------------
unsat
QF_NRA/hycomp/ball_count_2d_hill_simple.03.seq_lazy_linear_enc_lemmas_global_9.smt2 : 88 ms.
--------------------------------------------------
unsat
QF_NRA/hycomp/ball_count_2d_hill_simple.04.qfree_global_0.smt2 : 22 ms.
--------------------------------------------------
unknown
unknown
QF_NRA/hycomp/ball_count_2d_hill_simple.04.qfree_global_10.smt2 : 1800005 ms.
--------------------------------------------------
unsat
QF_NRA/hycomp/ball_count_2d_hill_simple.04.qfree_global_11.smt2 : 92 ms.
--------------------------------------------------
unknown
unknown
QF_NRA/hycomp/ball_count_2d_hill_simple.04.qfree_global_12.smt2 : 1800007 ms.
--------------------------------------------------
unsat
QF_NRA/hycomp/ball_count_2d_hill_simple.04.qfree_global_13.smt2 : 97 ms.
--------------------------------------------------
unknown
unknown
sat
QF_NRA/hycomp/ball_count_2d_hill_simple.04.qfree_global_14.smt2 : 905568 ms.
--------------------------------------------------
unsat
QF_NRA/hycomp/ball_count_2d_hill_simple.04.qfree_global_15.smt2 : 115 ms.
--------------------------------------------------
unsat
QF_NRA/hycomp/ball_count_2d_hill_simple.04.qfree_global_1.smt2 : 34 ms.
--------------------------------------------------
unsat
QF_NRA/hycomp/ball_count_2d_hill_simple.04.qfree_global_2.smt2 : 36 ms.
--------------------------------------------------
unsat
QF_NRA/hycomp/ball_count_2d_hill_simple.04.qfree_global_3.smt2 : 41 ms.
--------------------------------------------------
unsat
QF_NRA/hycomp/ball_count_2d_hill_simple.04.qfree_global_4.smt2 : 50 ms.
--------------------------------------------------
unsat
QF_NRA/hycomp/ball_count_2d_hill_simple.04.qfree_global_5.smt2 : 54 ms.
--------------------------------------------------
unsat
QF_NRA/hycomp/ball_count_2d_hill_simple.04.qfree_global_6.smt2 : 58 ms.
--------------------------------------------------
unsat
QF_NRA/hycomp/ball_count_2d_hill_simple.04.qfree_global_7.smt2 : 63 ms.
--------------------------------------------------
unknown
unknown
QF_NRA/hycomp/ball_count_2d_hill_simple.04.qfree_global_8.smt2 : 1800014 ms.
--------------------------------------------------
unsat
QF_NRA/hycomp/ball_count_2d_hill_simple.04.qfree_global_9.smt2 : 75 ms.
--------------------------------------------------
unsat
QF_NRA/hycomp/ball_count_2d_hill_simple.04.redlog_global_0.smt2 : 21 ms.
--------------------------------------------------
unknown
unknown
QF_NRA/hycomp/ball_count_2d_hill_simple.04.redlog_global_10.smt2 : 1800014 ms.
--------------------------------------------------
unsat
QF_NRA/hycomp/ball_count_2d_hill_simple.04.redlog_global_11.smt2 : 109 ms.
--------------------------------------------------
unknown
unknown
QF_NRA/hycomp/ball_count_2d_hill_simple.04.redlog_global_12.smt2 : 1800014 ms.
--------------------------------------------------
unsat
QF_NRA/hycomp/ball_count_2d_hill_simple.04.redlog_global_13.smt2 : 121 ms.
--------------------------------------------------
unknown
unknown
QF_NRA/hycomp/ball_count_2d_hill_simple.04.redlog_global_14.smt2 : 1800012 ms.
--------------------------------------------------
unsat
QF_NRA/hycomp/ball_count_2d_hill_simple.04.redlog_global_15.smt2 : 161 ms.
--------------------------------------------------
unsat
QF_NRA/hycomp/ball_count_2d_hill_simple.04.redlog_global_1.smt2 : 38 ms.
--------------------------------------------------
unsat
QF_NRA/hycomp/ball_count_2d_hill_simple.04.redlog_global_2.smt2 : 41 ms.
--------------------------------------------------
unsat
QF_NRA/hycomp/ball_count_2d_hill_simple.04.redlog_global_3.smt2 : 47 ms.
--------------------------------------------------
unsat
QF_NRA/hycomp/ball_count_2d_hill_simple.04.redlog_global_4.smt2 : 53 ms.
--------------------------------------------------
unsat
QF_NRA/hycomp/ball_count_2d_hill_simple.04.redlog_global_5.smt2 : 63 ms.
--------------------------------------------------
unsat
QF_NRA/hycomp/ball_count_2d_hill_simple.04.redlog_global_6.smt2 : 68 ms.
--------------------------------------------------
unsat
QF_NRA/hycomp/ball_count_2d_hill_simple.04.redlog_global_7.smt2 : 74 ms.
--------------------------------------------------
unknown
unknown
QF_NRA/hycomp/ball_count_2d_hill_simple.04.redlog_global_8.smt2 : 1800013 ms.
--------------------------------------------------
unsat
QF_NRA/hycomp/ball_count_2d_hill_simple.04.redlog_global_9.smt2 : 93 ms.
--------------------------------------------------
unsat
QF_NRA/hycomp/ball_count_2d_hill_simple.04.seq_lazy_global_0.smt2 : 22 ms.
--------------------------------------------------
unsat
QF_NRA/hycomp/ball_count_2d_hill_simple.04.seq_lazy_global_10.smt2 : 80 ms.
--------------------------------------------------
unsat
QF_NRA/hycomp/ball_count_2d_hill_simple.04.seq_lazy_global_11.smt2 : 86 ms.
--------------------------------------------------
unsat
QF_NRA/hycomp/ball_count_2d_hill_simple.04.seq_lazy_global_12.smt2 : 93 ms.
--------------------------------------------------
unsat
QF_NRA/hycomp/ball_count_2d_hill_simple.04.seq_lazy_global_13.smt2 : 94 ms.
--------------------------------------------------
unknown
unknown
sat
QF_NRA/hycomp/ball_count_2d_hill_simple.04.seq_lazy_global_14.smt2 : 903829 ms.
--------------------------------------------------
unsat
QF_NRA/hycomp/ball_count_2d_hill_simple.04.seq_lazy_global_15.smt2 : 112 ms.
--------------------------------------------------
unsat
QF_NRA/hycomp/ball_count_2d_hill_simple.04.seq_lazy_global_1.smt2 : 29 ms.
--------------------------------------------------
unsat
QF_NRA/hycomp/ball_count_2d_hill_simple.04.seq_lazy_global_2.smt2 : 35 ms.
--------------------------------------------------
unsat
QF_NRA/hycomp/ball_count_2d_hill_simple.04.seq_lazy_global_3.smt2 : 42 ms.
--------------------------------------------------
unsat
QF_NRA/hycomp/ball_count_2d_hill_simple.04.seq_lazy_global_4.smt2 : 45 ms.
--------------------------------------------------
unsat
QF_NRA/hycomp/ball_count_2d_hill_simple.04.seq_lazy_global_5.smt2 : 51 ms.
--------------------------------------------------
unsat
QF_NRA/hycomp/ball_count_2d_hill_simple.04.seq_lazy_global_6.smt2 : 57 ms.
--------------------------------------------------
unsat
QF_NRA/hycomp/ball_count_2d_hill_simple.04.seq_lazy_global_7.smt2 : 64 ms.
--------------------------------------------------
unsat
QF_NRA/hycomp/ball_count_2d_hill_simple.04.seq_lazy_global_8.smt2 : 71 ms.
--------------------------------------------------
unsat
QF_NRA/hycomp/ball_count_2d_hill_simple.04.seq_lazy_global_9.smt2 : 78 ms.
--------------------------------------------------
unsat
QF_NRA/hycomp/ball_count_2d_hill_simple.04.seq_lazy_lemmas_global_0.smt2 : 24 ms.
--------------------------------------------------
unsat
QF_NRA/hycomp/ball_count_2d_hill_simple.04.seq_lazy_lemmas_global_10.smt2 : 96 ms.
--------------------------------------------------
unsat
QF_NRA/hycomp/ball_count_2d_hill_simple.04.seq_lazy_lemmas_global_11.smt2 : 108 ms.
--------------------------------------------------
unsat
QF_NRA/hycomp/ball_count_2d_hill_simple.04.seq_lazy_lemmas_global_12.smt2 : 118 ms.
--------------------------------------------------
unsat
QF_NRA/hycomp/ball_count_2d_hill_simple.04.seq_lazy_lemmas_global_13.smt2 : 139 ms.
--------------------------------------------------
unknown
unknown
sat
QF_NRA/hycomp/ball_count_2d_hill_simple.04.seq_lazy_lemmas_global_14.smt2 : 903962 ms.
--------------------------------------------------
unsat
QF_NRA/hycomp/ball_count_2d_hill_simple.04.seq_lazy_lemmas_global_15.smt2 : 136 ms.
--------------------------------------------------
unsat
QF_NRA/hycomp/ball_count_2d_hill_simple.04.seq_lazy_lemmas_global_1.smt2 : 33 ms.
