--------------------------------------------------
sat
QF_SLIA/2019-Jiang/slent/slent_stranger_str_rep_6345_sink.smt2 : 74700 ms.
--------------------------------------------------
sat
QF_SLIA/2019-Jiang/slent/slent_stranger_str_rep_8275_sink.smt2 : 284785 ms.
--------------------------------------------------
sat
QF_SLIA/20180523-Reynolds/pyex/peterc-pyex-doc-cav17-z3/pymongo/pymongo-mongoclient/60f8feff7db8a2d4dd8ae0a146185c7be57e3c577dab35ea319a1dd2.smt2 : 238 ms.
--------------------------------------------------
sat
QF_SLIA/20180523-Reynolds/pyex/peterc-pyex-doc-cav17-z3/pymongo/pymongo-mongoclient/61dace179d6bb3d043c939d263526788e8348346df9db249dcb233b0.smt2 : 203 ms.
--------------------------------------------------
sat
QF_SLIA/20180523-Reynolds/pyex/peterc-pyex-doc-cav17-z3/pymongo/pymongo-mongoclient/633bfabbee325d374a667b02e838ddfffd264a17cf5cc1d39e04eaf8.smt2 : 215 ms.
--------------------------------------------------
sat
QF_SLIA/20180523-Reynolds/pyex/peterc-pyex-doc-cav17-z3/pymongo/pymongo-mongoclient/65e6f731f35aaff9a6f3210edcda55b9c7b62ae934aa979684d98639.smt2 : 229 ms.
--------------------------------------------------
sat
QF_SLIA/20180523-Reynolds/pyex/peterc-pyex-doc-cav17-z3/pymongo/pymongo-mongoclient/6a167f47dae5d6581937260fd307552d36e09f2956fa544d11ef776d.smt2 : 286 ms.
--------------------------------------------------
sat
QF_SLIA/20180523-Reynolds/pyex/peterc-pyex-doc-cav17-z3/pymongo/pymongo-mongoclient/6b0f99d6a9857597f969f187f37bc1c5478ab290bee1f68ab6397bfc.smt2 : 209 ms.
--------------------------------------------------
sat
QF_SLIA/20180523-Reynolds/pyex/peterc-pyex-doc-cav17-z3/pymongo/pymongo-mongoclient/6ce0268019a6e1b298ba4ab904f96e6cbf9efa09f5dda0152e0596c7.smt2 : 627 ms.
--------------------------------------------------
sat
QF_SLIA/20180523-Reynolds/pyex/peterc-pyex-doc-cav17-z3/pymongo/pymongo-mongoclient/6d395474ee8eb92a56f8e23a9ce429532540170e86477aed71da29b4.smt2 : 3499 ms.
--------------------------------------------------
sat
QF_SLIA/20180523-Reynolds/pyex/peterc-pyex-doc-cav17-z3/pymongo/pymongo-mongoclient/6dd6451a39cb013fbd66f7ac59dc12c22caad2ea469771e0085990b1.smt2 : 191 ms.
--------------------------------------------------
sat
QF_SLIA/20180523-Reynolds/pyex/peterc-pyex-doc-cav17-z3/pymongo/pymongo-mongoclient/6fb9ce2769d8345249dbe0820bc300e8e28a74d587355cdcd0d24230.smt2 : 445 ms.
--------------------------------------------------
sat
QF_SLIA/20180523-Reynolds/pyex/peterc-pyex-doc-cav17-z3/pymongo/pymongo-mongoclient/72464c7b81bc6eab9cf1bb4dd112183bfe6d2ce63fc27fe13bb61272.smt2 : 579 ms.
--------------------------------------------------
sat
QF_SLIA/20180523-Reynolds/pyex/peterc-pyex-doc-cav17-z3/pymongo/pymongo-mongoclient/736db519a501b5da1b1fad989bb6bab55784626c38261506ea16e5ad.smt2 : 256 ms.
--------------------------------------------------
sat
QF_SLIA/20180523-Reynolds/pyex/peterc-pyex-doc-cav17-z3/pymongo/pymongo-mongoclient/73a3fd69f2c3f4104cca23e894816344fd5f35f23161111f92fdb5bb.smt2 : 278 ms.
--------------------------------------------------
sat
QF_SLIA/20180523-Reynolds/pyex/peterc-pyex-doc-cav17-z3/pymongo/pymongo-mongoclient/73b83e48bfd84bfefe35ec3c40c23cc2194c41309c98651100d3ddff.smt2 : 307 ms.
--------------------------------------------------
sat
QF_SLIA/20180523-Reynolds/pyex/peterc-pyex-doc-cav17-z3/pymongo/pymongo-mongoclient/740c43177a96ea2c5b28ff6bbe340ba69b01dd1fc778bb703292ffef.smt2 : 225134 ms.
--------------------------------------------------
sat
QF_SLIA/20180523-Reynolds/pyex/peterc-pyex-doc-cav17-z3/pymongo/pymongo-mongoclient/74c855aeea0a1aee370cc3043156e755b8fd16aa7b18bdd761419685.smt2 : 280 ms.
--------------------------------------------------
unsat
QF_SLIA/20180523-Reynolds/pyex/peterc-pyex-doc-cav17-z3/pymongo/pymongo-mongoclient/74cc04a07cba73b002e88f32cafa9e3cb4ece7eff00f9564ffc76c92.smt2 : 2604 ms.
--------------------------------------------------
sat
QF_SLIA/20180523-Reynolds/pyex/peterc-pyex-doc-cav17-z3/pymongo/pymongo-mongoclient/7678995e71c7d56c22f77429dd534ef32d65ed21d4d7d3352d1cbcca.smt2 : 217 ms.
--------------------------------------------------
sat
QF_SLIA/20180523-Reynolds/pyex/peterc-pyex-doc-cav17-z3/pymongo/pymongo-mongoclient/78cdf8960e63a71d7bc702c5af7b4d6e2ce0751ab34e834d356908c4.smt2 : 230 ms.
--------------------------------------------------
sat
QF_SLIA/20180523-Reynolds/pyex/peterc-pyex-doc-cav17-z3/pymongo/pymongo-mongoclient/7b9c1abe5d793538cdcd27d519f82ecbbb3ed76e1126a0bc4313e678.smt2 : 157 ms.
--------------------------------------------------
sat
QF_SLIA/20180523-Reynolds/pyex/peterc-pyex-doc-cav17-z3/pymongo/pymongo-mongoclient/7c4c8a6b34b0e6abaeb5afb73eb2b71df30a6e59733baed58a8ac49b.smt2 : 3469 ms.
--------------------------------------------------
sat
QF_SLIA/20180523-Reynolds/pyex/peterc-pyex-doc-cav17-z3/pymongo/pymongo-mongoclient/80039f7f30b7a05df94f9c8ffcbeedb26b710c6e023cf86ce8fe600d.smt2 : 221 ms.
--------------------------------------------------
sat
QF_SLIA/20180523-Reynolds/pyex/peterc-pyex-doc-cav17-z3/pymongo/pymongo-mongoclient/832c9f07c15763ed667af167c79fd37f3c72ca5f215ca0c3962841bc.smt2 : 486 ms.
--------------------------------------------------
sat
QF_SLIA/20180523-Reynolds/pyex/peterc-pyex-doc-cav17-z3/pymongo/pymongo-mongoclient/868adc2ef22ffd99ba95c74fe4f8ad4d2feea729be6a5b63ff535307.smt2 : 201 ms.
--------------------------------------------------
sat
QF_SLIA/20180523-Reynolds/pyex/peterc-pyex-doc-cav17-z3/pymongo/pymongo-mongoclient/88798722a79eb9be0db36885d9e31c44191ece744a260a4f625fee1c.smt2 : 219 ms.
--------------------------------------------------
sat
QF_SLIA/20180523-Reynolds/pyex/peterc-pyex-doc-cav17-z3/pymongo/pymongo-mongoclient/89bcde982f51d49878f3d0d6cefc2f5876cd1f95f8265528ccfa7c67.smt2 : 239 ms.
