--------------------------------------------------
sat
(objectives
 (cAMP__27_26_ 0)
)
OMT_LIA/20220307-SMPT/Diffusion2D-PT-D50N100/RF-05.smt2 : 486 ms.
--------------------------------------------------
sat
(objectives
 (cAMP__10_23_ 99)
)
OMT_LIA/20220307-SMPT/Diffusion2D-PT-D50N100/RC-14.smt2 : 529 ms.
--------------------------------------------------
sat
(objectives
 (cAMP__27_27_ 0)
)
OMT_LIA/20220307-SMPT/Diffusion2D-PT-D50N100/RC-02.smt2 : 484 ms.
--------------------------------------------------
sat
(objectives
 (a981 0)
)
OMT_LIA/20220307-SMPT/Diffusion2D-PT-D50N100/RC-06.smt2 : 487 ms.
--------------------------------------------------
sat
(objectives
 (a2215 0)
)
OMT_LIA/20220307-SMPT/Diffusion2D-PT-D50N100/RC-12.smt2 : 536 ms.
--------------------------------------------------
sat
(objectives
 (cAMP__38_42_ 0)
)
OMT_LIA/20220307-SMPT/Diffusion2D-PT-D50N100/RF-08.smt2 : 429 ms.
--------------------------------------------------
sat
(objectives
 (cAMP__8_11_ 97)
)
OMT_LIA/20220307-SMPT/Diffusion2D-PT-D50N100/RF-15.smt2 : 429 ms.
--------------------------------------------------
sat
(objectives
 (cAMP__11_38_ 99)
)
OMT_LIA/20220307-SMPT/Diffusion2D-PT-D50N100/RC-15.smt2 : 441 ms.
--------------------------------------------------
sat
(objectives
 (a1951 0)
)
OMT_LIA/20220307-SMPT/Diffusion2D-PT-D50N100/RC-01.smt2 : 408 ms.
