--------------------------------------------------
sat
(objectives
 (a622 1)
)
OMT_LIA/20220307-SMPT/RwMutex-PT-r0010w0100/RF-09.smt2 : 2424 ms.
--------------------------------------------------
sat
(objectives
 (p186 0)
)
OMT_LIA/20220307-SMPT/RwMutex-PT-r0010w0100/RC-00.smt2 : 5001 ms.
--------------------------------------------------
sat
(objectives
 (a896 1)
)
OMT_LIA/20220307-SMPT/RwMutex-PT-r0010w0100/RC-10.smt2 : 8906 ms.
--------------------------------------------------
sat
(objectives
 (p113 0)
)
OMT_LIA/20220307-SMPT/RwMutex-PT-r0010w0100/RF-06.smt2 : 12045 ms.
--------------------------------------------------
sat
(objectives
 (a532 0)
)
OMT_LIA/20220307-SMPT/RwMutex-PT-r0010w0100/RF-01.smt2 : 2308 ms.
--------------------------------------------------
sat
(objectives
 (p57 1)
)
OMT_LIA/20220307-SMPT/RwMutex-PT-r0010w0100/RC-05.smt2 : 835 ms.
