--------------------------------------------------
sat
(objectives
 (cAMP__22_7_ 46)
)
OMT_LIA/20220307-SMPT/Diffusion2D-PT-D30N050/RC-10.smt2 : 148 ms.
--------------------------------------------------
sat
(objectives
 (a138 0)
)
OMT_LIA/20220307-SMPT/Diffusion2D-PT-D30N050/RF-06.smt2 : 146 ms.
--------------------------------------------------
sat
(objectives
 (cAMP__22_28_ 48)
)
OMT_LIA/20220307-SMPT/Diffusion2D-PT-D30N050/RF-01.smt2 : 203 ms.
--------------------------------------------------
sat
(objectives
 (cAMP__25_26_ 46)
)
OMT_LIA/20220307-SMPT/Diffusion2D-PT-D30N050/RC-05.smt2 : 184 ms.
--------------------------------------------------
sat
(objectives
 (a816 0)
)
OMT_LIA/20220307-SMPT/Diffusion2D-PT-D30N050/RC-04.smt2 : 146 ms.
--------------------------------------------------
sat
(objectives
 (cAMP__1_7_ 0)
)
OMT_LIA/20220307-SMPT/Diffusion2D-PT-D30N050/RF-14.smt2 : 147 ms.
--------------------------------------------------
sat
(objectives
 (cAMP__3_15_ 44)
)
OMT_LIA/20220307-SMPT/Diffusion2D-PT-D30N050/RF-10.smt2 : 120 ms.
--------------------------------------------------
sat
(objectives
 (a453 0)
)
OMT_LIA/20220307-SMPT/Diffusion2D-PT-D30N050/RC-09.smt2 : 192 ms.
--------------------------------------------------
sat
(objectives
 (a180 0)
)
OMT_LIA/20220307-SMPT/Diffusion2D-PT-D30N050/RF-12.smt2 : 161 ms.
