--------------------------------------------------
sat
(objectives
 (cAMP__30_11_ 0)
)
OMT_LIA/20220307-SMPT/Diffusion2D-PT-D40N150/RF-08.smt2 : 248 ms.
--------------------------------------------------
sat
(objectives
 (a348 0)
)
OMT_LIA/20220307-SMPT/Diffusion2D-PT-D40N150/RF-15.smt2 : 276 ms.
--------------------------------------------------
sat
(objectives
 (a1257 0)
)
OMT_LIA/20220307-SMPT/Diffusion2D-PT-D40N150/RC-15.smt2 : 277 ms.
--------------------------------------------------
sat
(objectives
 (a418 149)
)
OMT_LIA/20220307-SMPT/Diffusion2D-PT-D40N150/RC-01.smt2 : 253 ms.
--------------------------------------------------
sat
(objectives
 (a1091 149)
)
OMT_LIA/20220307-SMPT/Diffusion2D-PT-D40N150/RF-13.smt2 : 251 ms.
--------------------------------------------------
sat
(objectives
 (a1549 149)
)
OMT_LIA/20220307-SMPT/Diffusion2D-PT-D40N150/RC-03.smt2 : 268 ms.
--------------------------------------------------
sat
(objectives
 (cAMP__7_4_ 0)
)
OMT_LIA/20220307-SMPT/Diffusion2D-PT-D40N150/RF-04.smt2 : 248 ms.
--------------------------------------------------
sat
(objectives
 (a697 149)
)
OMT_LIA/20220307-SMPT/Diffusion2D-PT-D40N150/RF-07.smt2 : 265 ms.
--------------------------------------------------
sat
(objectives
 (a1199 149)
)
OMT_LIA/20220307-SMPT/Diffusion2D-PT-D40N150/RF-02.smt2 : 255 ms.
