--------------------------------------------------
sat
(objectives
 (TrainState_58_2_14 1)
)
OMT_LIA/20220307-SMPT/BART-PT-060/RC-02.smt2 : 1896 ms.
--------------------------------------------------
sat
(objectives
 (TrainState_60_2_15 0)
)
OMT_LIA/20220307-SMPT/BART-PT-060/RC-06.smt2 : 2061 ms.
--------------------------------------------------
sat
(objectives
 (a4671 1)
)
OMT_LIA/20220307-SMPT/BART-PT-060/RF-08.smt2 : 1886 ms.
--------------------------------------------------
sat
(objectives
 (a1492 0)
)
OMT_LIA/20220307-SMPT/BART-PT-060/RF-15.smt2 : 2198 ms.
--------------------------------------------------
sat
(objectives
 (TrainState_57_4_20 0)
)
OMT_LIA/20220307-SMPT/BART-PT-060/RC-15.smt2 : 1829 ms.
--------------------------------------------------
sat
(objectives
 (a425 1)
)
OMT_LIA/20220307-SMPT/BART-PT-060/RF-13.smt2 : 1906 ms.
--------------------------------------------------
sat
(objectives
 (a2279 0)
)
OMT_LIA/20220307-SMPT/BART-PT-060/RC-03.smt2 : 1888 ms.
--------------------------------------------------
sat
(objectives
 (a3910 1)
)
OMT_LIA/20220307-SMPT/BART-PT-060/RF-04.smt2 : 1879 ms.
--------------------------------------------------
sat
(objectives
 (TrainState_54_4_22 1)
)
OMT_LIA/20220307-SMPT/BART-PT-060/RF-02.smt2 : 1920 ms.
