--------------------------------------------------
sat
(objectives
 (x941 1)
)
OMT_LIA/pb2010/normalized-j3024_4-sat.smt2 : 1313 ms.
--------------------------------------------------
sat
(objectives
 (x6114 0)
)
OMT_LIA/pb2010/normalized-j6048_4-sat.smt2 : 5338 ms.
--------------------------------------------------
sat
(objectives
 (x1278 0)
)
OMT_LIA/pb2010/normalized-j3020_1-sat.smt2 : 1375 ms.
--------------------------------------------------
sat
(objectives
 (x4585 0)
)
OMT_LIA/pb2010/normalized-j9035_5-sat.smt2 : 15440 ms.
--------------------------------------------------
sat
(objectives
 (x7574 0)
)
OMT_LIA/pb2010/normalized-j6018_3-sat.smt2 : 6813 ms.
--------------------------------------------------
sat
(objectives
 (x9468 0)
)
OMT_LIA/pb2010/normalized-j9027_5-sat.smt2 : 26025 ms.
--------------------------------------------------
sat
(objectives
 (x10021 0)
)
OMT_LIA/pb2010/normalized-j6040_1-sat.smt2 : 5633 ms.
--------------------------------------------------
sat
(objectives
 (x1864 0)
)
OMT_LIA/pb2010/normalized-j3031_7-sat.smt2 : 5098 ms.
--------------------------------------------------
sat
(objectives
 (x6444 1)
)
OMT_LIA/pb2010/normalized-j6035_10-sat.smt2 : 5438 ms.
