--------------------------------------------------
sat
(objectives
 (a220 0)
)
OMT_LIA/20220307-SMPT/Diffusion2D-PT-D50N050/RC-04.smt2 : 497 ms.
--------------------------------------------------
sat
(objectives
 (cAMP__23_29_ 0)
)
OMT_LIA/20220307-SMPT/Diffusion2D-PT-D50N050/RF-14.smt2 : 395 ms.
--------------------------------------------------
sat
(objectives
 (cAMP__6_15_ 49)
)
OMT_LIA/20220307-SMPT/Diffusion2D-PT-D50N050/RF-10.smt2 : 415 ms.
--------------------------------------------------
sat
(objectives
 (cAMP__39_5_ 48)
)
OMT_LIA/20220307-SMPT/Diffusion2D-PT-D50N050/RC-09.smt2 : 535 ms.
--------------------------------------------------
sat
(objectives
 (a1606 0)
)
OMT_LIA/20220307-SMPT/Diffusion2D-PT-D50N050/RF-12.smt2 : 540 ms.
--------------------------------------------------
sat
(objectives
 (cAMP__35_6_ 0)
)
OMT_LIA/20220307-SMPT/Diffusion2D-PT-D50N050/RF-05.smt2 : 431 ms.
--------------------------------------------------
sat
(objectives
 (cAMP__46_10_ 0)
)
OMT_LIA/20220307-SMPT/Diffusion2D-PT-D50N050/RC-14.smt2 : 400 ms.
--------------------------------------------------
sat
(objectives
 (cAMP__16_7_ 0)
)
OMT_LIA/20220307-SMPT/Diffusion2D-PT-D50N050/RC-02.smt2 : 432 ms.
--------------------------------------------------
sat
(objectives
 (cAMP__50_35_ 49)
)
OMT_LIA/20220307-SMPT/Diffusion2D-PT-D50N050/RC-06.smt2 : 405 ms.
