--------------------------------------------------
sat
(objectives
 (a430 0)
)
OMT_LIA/20220307-SMPT/Diffusion2D-PT-D30N100/RF-13.smt2 : 175 ms.
--------------------------------------------------
sat
(objectives
 (cAMP__29_11_ 0)
)
OMT_LIA/20220307-SMPT/Diffusion2D-PT-D30N100/RC-03.smt2 : 143 ms.
--------------------------------------------------
sat
(objectives
 (a762 0)
)
OMT_LIA/20220307-SMPT/Diffusion2D-PT-D30N100/RF-04.smt2 : 149 ms.
--------------------------------------------------
sat
(objectives
 (cAMP__6_24_ 99)
)
OMT_LIA/20220307-SMPT/Diffusion2D-PT-D30N100/RF-07.smt2 : 144 ms.
--------------------------------------------------
sat
(objectives
 (cAMP__12_13_ 97)
)
OMT_LIA/20220307-SMPT/Diffusion2D-PT-D30N100/RF-02.smt2 : 194 ms.
--------------------------------------------------
sat
(objectives
 (cAMP__8_14_ 0)
)
OMT_LIA/20220307-SMPT/Diffusion2D-PT-D30N100/RC-08.smt2 : 148 ms.
--------------------------------------------------
sat
(objectives
 (a427 99)
)
OMT_LIA/20220307-SMPT/Diffusion2D-PT-D30N100/RF-00.smt2 : 150 ms.
--------------------------------------------------
sat
(objectives
 (a600 0)
)
OMT_LIA/20220307-SMPT/Diffusion2D-PT-D30N100/RF-11.smt2 : 157 ms.
--------------------------------------------------
sat
(objectives
 (a870 99)
)
OMT_LIA/20220307-SMPT/Diffusion2D-PT-D30N100/RC-11.smt2 : 161 ms.
