--------------------------------------------------
sat
(objectives
 (TrainState_5_4_30 0)
)
OMT_LIA/20220307-SMPT/BART-PT-010/RC-07.smt2 : 342 ms.
--------------------------------------------------
sat
(objectives
 (TrainState_10_2_21 0)
)
OMT_LIA/20220307-SMPT/BART-PT-010/RC-13.smt2 : 407 ms.
--------------------------------------------------
sat
(objectives
 (voted_yes_952 1)
)
OMT_LIA/20220307-SMPT/Referendum-PT-1000/RF-03.smt2 : 327 ms.
--------------------------------------------------
sat
(objectives
 (voted_yes_684 1)
)
OMT_LIA/20220307-SMPT/Referendum-PT-1000/RF-09.smt2 : 290 ms.
--------------------------------------------------
sat
(objectives
 (voting_436 0)
)
OMT_LIA/20220307-SMPT/Referendum-PT-1000/RF-14.smt2 : 316 ms.
--------------------------------------------------
sat
(objectives
 (voted_no_849 1)
)
OMT_LIA/20220307-SMPT/Referendum-PT-1000/RF-10.smt2 : 278 ms.
--------------------------------------------------
sat
(objectives
 (a183 0)
)
OMT_LIA/20220307-SMPT/Referendum-PT-1000/RC-09.smt2 : 304 ms.
--------------------------------------------------
sat
(objectives
 (a1785 1)
)
OMT_LIA/20220307-SMPT/Referendum-PT-1000/RF-12.smt2 : 169 ms.
--------------------------------------------------
sat
(objectives
 (voted_yes_469 0)
)
OMT_LIA/20220307-SMPT/Referendum-PT-1000/RC-02.smt2 : 3329 ms.
