--------------------------------------------------
sat
(objectives
 (p1046 1)
)
OMT_LIA/20220307-SMPT/RwMutex-PT-r0500w0010/RC-05.smt2 : 5014 ms.
--------------------------------------------------
sat
(objectives
 (a4964 0)
)
OMT_LIA/20220307-SMPT/RwMutex-PT-r0500w0010/RC-04.smt2 : 9785 ms.
--------------------------------------------------
sat
(objectives
 (a2773 0)
)
OMT_LIA/20220307-SMPT/RwMutex-PT-r0500w0010/RF-14.smt2 : 3752 ms.
--------------------------------------------------
sat
(objectives
 (a3188 1)
)
OMT_LIA/20220307-SMPT/RwMutex-PT-r0500w0010/RF-10.smt2 : 3605 ms.
--------------------------------------------------
sat
(objectives
 (a972 0)
)
OMT_LIA/20220307-SMPT/RwMutex-PT-r0500w0010/RF-12.smt2 : 3388 ms.
--------------------------------------------------
sat
(objectives
 (a5218 1)
)
OMT_LIA/20220307-SMPT/RwMutex-PT-r0500w0010/RF-05.smt2 : 4061 ms.
