--------------------------------------------------
sat
(objectives
 (a455 96)
)
OMT_LIA/20220307-SMPT/Diffusion2D-PT-D40N100/RF-15.smt2 : 252 ms.
--------------------------------------------------
sat
(objectives
 (cAMP__33_3_ 0)
)
OMT_LIA/20220307-SMPT/Diffusion2D-PT-D40N100/RC-15.smt2 : 267 ms.
--------------------------------------------------
sat
(objectives
 (a954 0)
)
OMT_LIA/20220307-SMPT/Diffusion2D-PT-D40N100/RC-01.smt2 : 247 ms.
--------------------------------------------------
sat
(objectives
 (cAMP__4_35_ 99)
)
OMT_LIA/20220307-SMPT/Diffusion2D-PT-D40N100/RF-13.smt2 : 257 ms.
--------------------------------------------------
sat
(objectives
 (a1031 0)
)
OMT_LIA/20220307-SMPT/Diffusion2D-PT-D40N100/RC-03.smt2 : 293 ms.
--------------------------------------------------
sat
(objectives
 (cAMP__27_5_ 0)
)
OMT_LIA/20220307-SMPT/Diffusion2D-PT-D40N100/RF-04.smt2 : 249 ms.
--------------------------------------------------
sat
(objectives
 (cAMP__38_32_ 99)
)
OMT_LIA/20220307-SMPT/Diffusion2D-PT-D40N100/RF-07.smt2 : 266 ms.
--------------------------------------------------
sat
(objectives
 (cAMP__5_21_ 0)
)
OMT_LIA/20220307-SMPT/Diffusion2D-PT-D40N100/RF-02.smt2 : 271 ms.
--------------------------------------------------
sat
(objectives
 (a1524 99)
)
OMT_LIA/20220307-SMPT/Diffusion2D-PT-D40N100/RC-08.smt2 : 219 ms.
