--------------------------------------------------
sat
(objectives
 (voted_no_33 1)
)
OMT_LIA/20220307-SMPT/Referendum-PT-0200/RC-12.smt2 : 79 ms.
--------------------------------------------------
sat
(objectives
 (cAMP__1_1_ 0)
)
OMT_LIA/20220307-SMPT/Diffusion2D-PT-D50N010/RF-14.smt2 : 405 ms.
--------------------------------------------------
sat
(objectives
 (a35 8)
)
OMT_LIA/20220307-SMPT/Diffusion2D-PT-D50N010/RF-09.smt2 : 515 ms.
--------------------------------------------------
sat
(objectives
 (a2495 10)
)
OMT_LIA/20220307-SMPT/Diffusion2D-PT-D50N010/RC-14.smt2 : 415 ms.
--------------------------------------------------
sat
(objectives
 (cAMP__14_35_ 0)
)
OMT_LIA/20220307-SMPT/Diffusion2D-PT-D50N010/RC-15.smt2 : 643 ms.
--------------------------------------------------
sat
(objectives
 (a756 9)
)
OMT_LIA/20220307-SMPT/Diffusion2D-PT-D50N010/RF-05.smt2 : 433 ms.
--------------------------------------------------
sat
(objectives
 (a909 9)
)
OMT_LIA/20220307-SMPT/Diffusion2D-PT-D50N010/RF-00.smt2 : 787 ms.
--------------------------------------------------
sat
(objectives
 (cAMP__35_43_ 0)
)
OMT_LIA/20220307-SMPT/Diffusion2D-PT-D50N010/RC-13.smt2 : 445 ms.
--------------------------------------------------
sat
(objectives
 (cAMP__21_11_ 0)
)
OMT_LIA/20220307-SMPT/Diffusion2D-PT-D50N010/RC-00.smt2 : 943 ms.
--------------------------------------------------
sat
(objectives
 (a534 0)
)
OMT_LIA/20220307-SMPT/Diffusion2D-PT-D50N010/RF-10.smt2 : 641 ms.
--------------------------------------------------
sat
(objectives
 (cAMP__37_7_ 9)
)
OMT_LIA/20220307-SMPT/Diffusion2D-PT-D50N010/RC-01.smt2 : 500 ms.
--------------------------------------------------
sat
(objectives
 (a1960 8)
)
OMT_LIA/20220307-SMPT/Diffusion2D-PT-D50N010/RC-06.smt2 : 435 ms.
--------------------------------------------------
sat
(objectives
 (a1719 7)
)
OMT_LIA/20220307-SMPT/Diffusion2D-PT-D50N010/RF-03.smt2 : 381 ms.
--------------------------------------------------
sat
(objectives
 (cAMP__6_30_ 9)
)
OMT_LIA/20220307-SMPT/Diffusion2D-PT-D50N010/RC-04.smt2 : 307 ms.
--------------------------------------------------
sat
(objectives
 (a1382 9)
)
OMT_LIA/20220307-SMPT/Diffusion2D-PT-D50N010/RC-11.smt2 : 421 ms.
--------------------------------------------------
sat
(objectives
 (cAMP__15_11_ 8)
)
OMT_LIA/20220307-SMPT/Diffusion2D-PT-D50N010/RC-05.smt2 : 484 ms.
--------------------------------------------------
sat
(objectives
 (a2115 9)
)
OMT_LIA/20220307-SMPT/Diffusion2D-PT-D50N010/RF-12.smt2 : 481 ms.
--------------------------------------------------
sat
(objectives
 (cAMP__46_27_ 9)
)
OMT_LIA/20220307-SMPT/Diffusion2D-PT-D50N010/RC-08.smt2 : 309 ms.
--------------------------------------------------
sat
(objectives
 (a1246 0)
)
OMT_LIA/20220307-SMPT/Diffusion2D-PT-D50N010/RC-02.smt2 : 422 ms.
--------------------------------------------------
sat
(objectives
 (a70 0)
)
OMT_LIA/20220307-SMPT/Diffusion2D-PT-D50N010/RC-07.smt2 : 293 ms.
--------------------------------------------------
sat
(objectives
 (a818 9)
)
OMT_LIA/20220307-SMPT/Diffusion2D-PT-D50N010/RC-10.smt2 : 364 ms.
--------------------------------------------------
sat
(objectives
 (cAMP__8_20_ 8)
)
OMT_LIA/20220307-SMPT/Diffusion2D-PT-D50N010/RF-04.smt2 : 312 ms.
--------------------------------------------------
sat
(objectives
 (a234 0)
)
OMT_LIA/20220307-SMPT/Diffusion2D-PT-D50N010/RF-11.smt2 : 484 ms.
--------------------------------------------------
sat
(objectives
 (a1129 0)
)
OMT_LIA/20220307-SMPT/Diffusion2D-PT-D50N010/RC-09.smt2 : 528 ms.
--------------------------------------------------
sat
(objectives
 (cAMP__44_22_ 9)
)
OMT_LIA/20220307-SMPT/Diffusion2D-PT-D50N010/RF-06.smt2 : 342 ms.
--------------------------------------------------
sat
(objectives
 (a198 8)
)
OMT_LIA/20220307-SMPT/Diffusion2D-PT-D50N010/RF-08.smt2 : 294 ms.
--------------------------------------------------
sat
(objectives
 (cAMP__23_41_ 9)
)
OMT_LIA/20220307-SMPT/Diffusion2D-PT-D50N010/RF-01.smt2 : 297 ms.
--------------------------------------------------
sat
(objectives
 (a2111 0)
)
OMT_LIA/20220307-SMPT/Diffusion2D-PT-D50N010/RC-03.smt2 : 297 ms.
--------------------------------------------------
sat
(objectives
 (a1468 0)
)
OMT_LIA/20220307-SMPT/Diffusion2D-PT-D50N010/RF-15.smt2 : 350 ms.
