--------------------------------------------------
sat
(objectives
 (a4465 1)
)
OMT_LIA/20220307-SMPT/RwMutex-PT-r0010w0500/RC-07.smt2 : 1120 ms.
--------------------------------------------------
sat
(objectives
 (a5176 0)
)
OMT_LIA/20220307-SMPT/BART-PT-050/RF-03.smt2 : 1344 ms.
--------------------------------------------------
sat
(objectives
 (a5759 1)
)
OMT_LIA/20220307-SMPT/BART-PT-050/RF-09.smt2 : 1574 ms.
--------------------------------------------------
sat
(objectives
 (a2916 0)
)
OMT_LIA/20220307-SMPT/BART-PT-050/RC-00.smt2 : 1549 ms.
--------------------------------------------------
sat
(objectives
 (TrainState_7_1_5 1)
)
OMT_LIA/20220307-SMPT/BART-PT-050/RC-10.smt2 : 985 ms.
--------------------------------------------------
sat
(objectives
 (TrainState_15_3_14 1)
)
OMT_LIA/20220307-SMPT/BART-PT-050/RF-06.smt2 : 1540 ms.
--------------------------------------------------
sat
(objectives
 (TrainState_20_2_9 1)
)
OMT_LIA/20220307-SMPT/BART-PT-050/RF-01.smt2 : 1554 ms.
--------------------------------------------------
sat
(objectives
 (TrainState_31_2_30 1)
)
OMT_LIA/20220307-SMPT/BART-PT-050/RC-04.smt2 : 1529 ms.
--------------------------------------------------
sat
(objectives
 (TrainState_16_1_4 0)
)
OMT_LIA/20220307-SMPT/BART-PT-050/RF-14.smt2 : 1882 ms.
