--------------------------------------------------
sat
QF_NRA/UltimateAutomizer/InVarSynth_2001TACAS-BallPodelskiRajamani.c_Iteration2_0.smt2 : 3479 ms.
--------------------------------------------------
sat
QF_NRA/UltimateAutomizer/InVarSynth_agroce_minmax.c_Iteration1_0.smt2 : 56 ms.
--------------------------------------------------
sat
QF_NRA/UltimateAutomizer/InVarSynth_agroce_minmax.c_Iteration2_0.smt2 : 14167 ms.
--------------------------------------------------
sat
QF_NRA/UltimateAutomizer/InVarSynth_agroce_minmax.c_Iteration2_1.smt2 : 1667 ms.
--------------------------------------------------
sat
QF_NRA/UltimateAutomizer/InVarSynth_BeyerHenzingerMajumdarRybalchenko-PLDI2007-Figure4.bpl_Iteration2_0.smt2 : 14746 ms.
--------------------------------------------------
sat
QF_NRA/UltimateAutomizer/InVarSynth_BoolVsInt.c_Iteration3_0.smt2 : 1405 ms.
--------------------------------------------------
unsat
QF_NRA/UltimateAutomizer/InVarSynth_BugFreshConstantInSSA.bpl_Iteration2_0.smt2 : 764 ms.
--------------------------------------------------
sat
QF_NRA/UltimateAutomizer/InVarSynth_BugHoareAnnotationWithMinimiation.bpl_Iteration1_0.smt2 : 990 ms.
--------------------------------------------------
unsat
QF_NRA/UltimateAutomizer/InVarSynth_BugIntegerDivision01.c_Iteration2_0.smt2 : 1100 ms.
--------------------------------------------------
sat
QF_NRA/UltimateAutomizer/InVarSynth_BugIsInductiveReturnGlobalVarRenaming.bpl_Iteration1_0.smt2 : 1206 ms.
--------------------------------------------------
sat
QF_NRA/UltimateAutomizer/InVarSynth_BugSubstitution.bpl_Iteration3_0.smt2 : 24 ms.
--------------------------------------------------
timeout
QF_NRA/UltimateAutomizer/InVarSynth_bugtest1.bpl_Iteration2_0.smt2 : 1800013 ms.
--------------------------------------------------
unsat
QF_NRA/UltimateAutomizer/InVarSynth_bugtest1.bpl_Iteration2_1.smt2 : 69 ms.
--------------------------------------------------
sat
QF_NRA/UltimateAutomizer/InVarSynth_ConditionalExpression-SideEffects-Safe.c_Iteration1_0.smt2 : 2788 ms.
--------------------------------------------------
unsat
QF_NRA/UltimateAutomizer/InVarSynth_ConditionalExpression-SideEffects-Safe.c_Iteration1_1.smt2 : 1630 ms.
--------------------------------------------------
unsat
QF_NRA/UltimateAutomizer/InVarSynth_ConditionalExpression-SideEffects-Safe.c_Iteration1_2.smt2 : 562 ms.
--------------------------------------------------
unsat
QF_NRA/UltimateAutomizer/InVarSynth_DivisibilityInterpolantRequired02-ForwardSuccess.bpl_Iteration1_0.smt2 : 10771 ms.
--------------------------------------------------
unsat
QF_NRA/UltimateAutomizer/InVarSynth_doubleLoopUniformIterations.bpl_Iteration2_0.smt2 : 47 ms.
--------------------------------------------------
sat
QF_NRA/UltimateAutomizer/InVarSynth_Elevator.bpl_Iteration1_0.smt2 : 746 ms.
--------------------------------------------------
sat
QF_NRA/UltimateAutomizer/InVarSynth_EuclideanIntegerDivision.bpl_Iteration4_0.smt2 : 2080 ms.
--------------------------------------------------
sat
QF_NRA/UltimateAutomizer/InVarSynth_GateControllerIncorrect1.bpl_Iteration1_0.smt2 : 25 ms.
--------------------------------------------------
sat
QF_NRA/UltimateAutomizer/InVarSynth_GoannaDoubleFreeWithoutPointers.bpl_Iteration1_0.smt2 : 1145 ms.
--------------------------------------------------
sat
QF_NRA/UltimateAutomizer/InVarSynth_GoannaDoubleFreeWithoutPointers.bpl_Iteration1_1.smt2 : 4946 ms.
--------------------------------------------------
unsat
QF_NRA/UltimateAutomizer/InVarSynth_GoannaDoubleFreeWithoutPointers.c_Iteration2_0.smt2 : 12119 ms.
--------------------------------------------------
sat
QF_NRA/UltimateAutomizer/InVarSynth_GopanReps-CAV2006-Fig1.c_Iteration2_0.smt2 : 663 ms.
--------------------------------------------------
sat
QF_NRA/UltimateAutomizer/InVarSynth_ImpulseTest.bpl_Iteration2_0.smt2 : 1196 ms.
--------------------------------------------------
timeout
QF_NRA/UltimateAutomizer/InVarSynth_InvariantSynthesis_Disjunctive02.bpl_Iteration1_0.smt2 : 1800025 ms.
--------------------------------------------------
sat
QF_NRA/UltimateAutomizer/InVarSynth_LabelEncodingWithUnrolling.bpl_Iteration2_0.smt2 : 1030 ms.
--------------------------------------------------
sat
QF_NRA/UltimateAutomizer/InVarSynth_LexIndexValue-Pointer-Reduced.bpl_Iteration1_0.smt2 : 16592 ms.
--------------------------------------------------
sat
QF_NRA/UltimateAutomizer/InVarSynth_ManyFactsAboutX.bpl_Iteration1_0.smt2 : 36 ms.
--------------------------------------------------
sat
QF_NRA/UltimateAutomizer/InVarSynth_ManyFactsAboutX.bpl_Iteration1_1.smt2 : 28 ms.
--------------------------------------------------
sat
QF_NRA/UltimateAutomizer/InVarSynth_MonadicInvariant01.bpl_Iteration1_0.smt2 : 13516 ms.
--------------------------------------------------
unsat
QF_NRA/UltimateAutomizer/InVarSynth_NutzTransformation05.c_Iteration1_0.smt2 : 2465 ms.
--------------------------------------------------
sat
QF_NRA/UltimateAutomizer/InVarSynth_OrderDependentEquality.c_Iteration2_0.smt2 : 35 ms.
--------------------------------------------------
sat
QF_NRA/UltimateAutomizer/InVarSynth_pcatest0.bpl_Iteration1_0.smt2 : 37 ms.
--------------------------------------------------
sat
QF_NRA/UltimateAutomizer/InVarSynth_pcatest1.bpl_Iteration1_0.smt2 : 115 ms.
--------------------------------------------------
sat
QF_NRA/UltimateAutomizer/InVarSynth_pcatest1.bpl_Iteration1_1.smt2 : 112 ms.
--------------------------------------------------
unsat
QF_NRA/UltimateAutomizer/InVarSynth_PostfixIncrementDecrement.c_Iteration3_0.smt2 : 31 ms.
--------------------------------------------------
sat
QF_NRA/UltimateAutomizer/InVarSynth_PrefixIncrementDecrement.c_Iteration3_0.smt2 : 2014 ms.
--------------------------------------------------
unsat
QF_NRA/UltimateAutomizer/InVarSynth_PrefixIncrementDecrement.c_Iteration3_1.smt2 : 31 ms.
--------------------------------------------------
sat
QF_NRA/UltimateAutomizer/InVarSynth_s3_srvr_1b_true-unreach-call_false-termination.cil.c_Iteration1_0.smt2 : 1294 ms.
--------------------------------------------------
sat
QF_NRA/UltimateAutomizer/InVarSynth_SAS09.c_Iteration2_0.smt2 : 4908 ms.
--------------------------------------------------
sat
QF_NRA/UltimateAutomizer/InVarSynth_SAS09.c_Iteration3_0.smt2 : 11964 ms.
--------------------------------------------------
sat
QF_NRA/UltimateAutomizer/InVarSynth_SAS09doubleLoop-incorrect.bpl_Iteration3_0.smt2 : 1407 ms.
--------------------------------------------------
sat
QF_NRA/UltimateAutomizer/InVarSynth_SAS09doubleLoop-incorrect.bpl_Iteration3_1.smt2 : 1834 ms.
--------------------------------------------------
sat
QF_NRA/UltimateAutomizer/InVarSynth_ShortCircuit-SideEffect-DoStatement-Safe.c_Iteration2_0.smt2 : 11714 ms.
--------------------------------------------------
sat
QF_NRA/UltimateAutomizer/InVarSynth_ShortCircuit-SideEffect-FunctionCallExpression-Safe.c_Iteration1_0.smt2 : 1432 ms.
--------------------------------------------------
sat
QF_NRA/UltimateAutomizer/InVarSynth_ShortCircuit-SideEffect-SwitchStatement-Safe.c_Iteration1_0.smt2 : 1656 ms.
--------------------------------------------------
sat
QF_NRA/UltimateAutomizer/InVarSynth_ShortCircuit-SideEffect-SwitchStatement-Safe.c_Iteration1_1.smt2 : 39 ms.
--------------------------------------------------
sat
QF_NRA/UltimateAutomizer/InVarSynth_ShortCircuit-SideEffect-SwitchStatement-Unsafe.c_Iteration1_0.smt2 : 2937 ms.
--------------------------------------------------
sat
QF_NRA/UltimateAutomizer/InVarSynth_ShortCircuit-SideEffect-SwitchStatement-Unsafe.c_Iteration1_1.smt2 : 53 ms.
--------------------------------------------------
sat
QF_NRA/UltimateAutomizer/InVarSynth_ShortCircuit-SideEffect-SwitchStatement-Unsafe.c_Iteration1_2.smt2 : 38 ms.
--------------------------------------------------
sat
QF_NRA/UltimateAutomizer/InVarSynth_StructPositiveSum-Safe.c_Iteration2_0.smt2 : 1539 ms.
--------------------------------------------------
unsat
QF_NRA/UltimateAutomizer/InVarSynth_TestIntegerDivision01.c_Iteration3_0.smt2 : 66 ms.
--------------------------------------------------
sat
QF_NRA/UltimateAutomizer/InVarSynth_TestIntegerDivision01.c_Iteration4_0.smt2 : 590 ms.
--------------------------------------------------
unsat
QF_NRA/UltimateAutomizer/InVarSynth_TestSequentialComposition.bpl_Iteration3_0.smt2 : 28 ms.
--------------------------------------------------
sat
QF_NRA/UltimateAutomizer/InVarSynth_TestSimultaneousAssignment.bpl_Iteration1_0.smt2 : 954 ms.
--------------------------------------------------
sat
QF_NRA/UltimateAutomizer/InVarSynth_threadpooling_out2.mover.bpl_Iteration2_0.smt2 : 1072 ms.
--------------------------------------------------
sat
QF_NRA/UltimateAutomizer/InVarSynth_threadpooling_out2.mover.bpl_Iteration2_1.smt2 : 1361 ms.
--------------------------------------------------
sat
QF_NRA/UltimateAutomizer/InVarSynth_threadpooling_out_Reals.bpl_Iteration1_0.smt2 : 1530 ms.
--------------------------------------------------
sat
QF_NRA/UltimateAutomizer/InVarSynth_WaterTank2-NumberVariables.bpl_Iteration2_0.smt2 : 790 ms.
