--------------------------------------------------
unsat
QF_NRA/hycomp_10/ball_count_2d_plain.02.seq_lazy_linear_enc_global_2.smt2 : 33 ms.
--------------------------------------------------
unsat
QF_NRA/hycomp_10/ball_count_2d_plain.02.seq_lazy_linear_enc_global_3.smt2 : 31 ms.
--------------------------------------------------
unsat
QF_NRA/hycomp_10/ball_count_2d_plain.02.seq_lazy_linear_enc_global_4.smt2 : 47 ms.
--------------------------------------------------
unsat
QF_NRA/hycomp_10/ball_count_2d_plain.02.seq_lazy_linear_enc_global_5.smt2 : 32 ms.
--------------------------------------------------
sat
QF_NRA/hycomp_10/ball_count_2d_plain.02.seq_lazy_linear_enc_global_6.smt2 : 104 ms.
--------------------------------------------------
unsat
QF_NRA/hycomp_10/ball_count_2d_plain.02.seq_lazy_linear_enc_global_7.smt2 : 57 ms.
--------------------------------------------------
sat
QF_NRA/hycomp_10/ball_count_2d_plain.02.seq_lazy_linear_enc_global_8.smt2 : 468 ms.
--------------------------------------------------
unsat
QF_NRA/hycomp_10/ball_count_2d_plain.02.seq_lazy_linear_enc_global_9.smt2 : 36 ms.
--------------------------------------------------
unsat
QF_NRA/hycomp_10/ball_count_2d_plain.02.seq_lazy_linear_enc_lemmas_global_0.smt2 : 28 ms.
--------------------------------------------------
sat
QF_NRA/hycomp_10/ball_count_2d_plain.02.seq_lazy_linear_enc_lemmas_global_10.smt2 : 253 ms.
--------------------------------------------------
unsat
QF_NRA/hycomp_10/ball_count_2d_plain.02.seq_lazy_linear_enc_lemmas_global_11.smt2 : 41 ms.
--------------------------------------------------
sat
QF_NRA/hycomp_10/ball_count_2d_plain.02.seq_lazy_linear_enc_lemmas_global_12.smt2 : 485 ms.
--------------------------------------------------
unsat
QF_NRA/hycomp_10/ball_count_2d_plain.02.seq_lazy_linear_enc_lemmas_global_13.smt2 : 43 ms.
--------------------------------------------------
sat
QF_NRA/hycomp_10/ball_count_2d_plain.02.seq_lazy_linear_enc_lemmas_global_14.smt2 : 827 ms.
--------------------------------------------------
unsat
QF_NRA/hycomp_10/ball_count_2d_plain.02.seq_lazy_linear_enc_lemmas_global_15.smt2 : 44 ms.
--------------------------------------------------
unsat
QF_NRA/hycomp_10/ball_count_2d_plain.02.seq_lazy_linear_enc_lemmas_global_1.smt2 : 27 ms.
--------------------------------------------------
unsat
QF_NRA/hycomp_10/ball_count_2d_plain.02.seq_lazy_linear_enc_lemmas_global_2.smt2 : 43 ms.
--------------------------------------------------
unsat
QF_NRA/hycomp_10/ball_count_2d_plain.02.seq_lazy_linear_enc_lemmas_global_3.smt2 : 30 ms.
--------------------------------------------------
unsat
QF_NRA/hycomp_10/ball_count_2d_plain.02.seq_lazy_linear_enc_lemmas_global_4.smt2 : 142 ms.
--------------------------------------------------
unsat
QF_NRA/hycomp_10/ball_count_2d_plain.02.seq_lazy_linear_enc_lemmas_global_5.smt2 : 33 ms.
--------------------------------------------------
sat
QF_NRA/hycomp_10/ball_count_2d_plain.02.seq_lazy_linear_enc_lemmas_global_6.smt2 : 698 ms.
--------------------------------------------------
unsat
QF_NRA/hycomp_10/ball_count_2d_plain.02.seq_lazy_linear_enc_lemmas_global_7.smt2 : 36 ms.
--------------------------------------------------
sat
QF_NRA/hycomp_10/ball_count_2d_plain.02.seq_lazy_linear_enc_lemmas_global_8.smt2 : 80 ms.
--------------------------------------------------
unsat
QF_NRA/hycomp_10/ball_count_2d_plain.02.seq_lazy_linear_enc_lemmas_global_9.smt2 : 37 ms.
--------------------------------------------------
unsat
QF_NRA/hycomp_10/ball_count_2d_plain.03.qfree_global_0.smt2 : 25 ms.
--------------------------------------------------
sat
QF_NRA/hycomp_10/ball_count_2d_plain.03.qfree_global_10.smt2 : 2956 ms.
--------------------------------------------------
unsat
QF_NRA/hycomp_10/ball_count_2d_plain.03.qfree_global_11.smt2 : 55 ms.
--------------------------------------------------
timeout
QF_NRA/hycomp_10/ball_count_2d_plain.03.qfree_global_12.smt2 : 1800009 ms.
--------------------------------------------------
unsat
QF_NRA/hycomp_10/ball_count_2d_plain.03.qfree_global_13.smt2 : 68 ms.
--------------------------------------------------
sat
QF_NRA/hycomp_10/ball_count_2d_plain.03.qfree_global_14.smt2 : 73226 ms.
--------------------------------------------------
unsat
QF_NRA/hycomp_10/ball_count_2d_plain.03.qfree_global_15.smt2 : 80 ms.
--------------------------------------------------
unsat
QF_NRA/hycomp_10/ball_count_2d_plain.03.qfree_global_1.smt2 : 26 ms.
--------------------------------------------------
unsat
QF_NRA/hycomp_10/ball_count_2d_plain.03.qfree_global_2.smt2 : 29 ms.
--------------------------------------------------
unsat
QF_NRA/hycomp_10/ball_count_2d_plain.03.qfree_global_3.smt2 : 33 ms.
--------------------------------------------------
unsat
QF_NRA/hycomp_10/ball_count_2d_plain.03.qfree_global_4.smt2 : 40 ms.
--------------------------------------------------
unsat
QF_NRA/hycomp_10/ball_count_2d_plain.03.qfree_global_5.smt2 : 32 ms.
--------------------------------------------------
unsat
QF_NRA/hycomp_10/ball_count_2d_plain.03.qfree_global_6.smt2 : 140 ms.
--------------------------------------------------
unsat
QF_NRA/hycomp_10/ball_count_2d_plain.03.qfree_global_7.smt2 : 35 ms.
--------------------------------------------------
unsat
QF_NRA/hycomp_10/ball_count_2d_plain.03.qfree_global_8.smt2 : 727 ms.
--------------------------------------------------
unsat
QF_NRA/hycomp_10/ball_count_2d_plain.03.qfree_global_9.smt2 : 41 ms.
--------------------------------------------------
unsat
QF_NRA/hycomp_10/ball_count_2d_plain.03.redlog_global_0.smt2 : 19 ms.
--------------------------------------------------
timeout
QF_NRA/hycomp_10/ball_count_2d_plain.03.redlog_global_10.smt2 : 1800018 ms.
--------------------------------------------------
unsat
QF_NRA/hycomp_10/ball_count_2d_plain.03.redlog_global_11.smt2 : 119 ms.
--------------------------------------------------
timeout
QF_NRA/hycomp_10/ball_count_2d_plain.03.redlog_global_12.smt2 : 1800011 ms.
--------------------------------------------------
unsat
QF_NRA/hycomp_10/ball_count_2d_plain.03.redlog_global_13.smt2 : 92 ms.
--------------------------------------------------
timeout
QF_NRA/hycomp_10/ball_count_2d_plain.03.redlog_global_14.smt2 : 1800013 ms.
--------------------------------------------------
unsat
QF_NRA/hycomp_10/ball_count_2d_plain.03.redlog_global_15.smt2 : 260 ms.
--------------------------------------------------
unsat
QF_NRA/hycomp_10/ball_count_2d_plain.03.redlog_global_1.smt2 : 21 ms.
--------------------------------------------------
unsat
QF_NRA/hycomp_10/ball_count_2d_plain.03.redlog_global_2.smt2 : 29 ms.
--------------------------------------------------
unsat
QF_NRA/hycomp_10/ball_count_2d_plain.03.redlog_global_3.smt2 : 34 ms.
--------------------------------------------------
unsat
QF_NRA/hycomp_10/ball_count_2d_plain.03.redlog_global_4.smt2 : 55 ms.
--------------------------------------------------
unsat
QF_NRA/hycomp_10/ball_count_2d_plain.03.redlog_global_5.smt2 : 42 ms.
--------------------------------------------------
unsat
QF_NRA/hycomp_10/ball_count_2d_plain.03.redlog_global_6.smt2 : 293 ms.
--------------------------------------------------
unsat
QF_NRA/hycomp_10/ball_count_2d_plain.03.redlog_global_7.smt2 : 53 ms.
--------------------------------------------------
unsat
QF_NRA/hycomp_10/ball_count_2d_plain.03.redlog_global_8.smt2 : 15081 ms.
--------------------------------------------------
unsat
QF_NRA/hycomp_10/ball_count_2d_plain.03.redlog_global_9.smt2 : 70 ms.
--------------------------------------------------
unsat
QF_NRA/hycomp_10/ball_count_2d_plain.03.seq_lazy_global_0.smt2 : 20 ms.
--------------------------------------------------
timeout
QF_NRA/hycomp_10/ball_count_2d_plain.03.seq_lazy_global_10.smt2 : 1800016 ms.
--------------------------------------------------
unsat
QF_NRA/hycomp_10/ball_count_2d_plain.03.seq_lazy_global_11.smt2 : 41 ms.
--------------------------------------------------
timeout
QF_NRA/hycomp_10/ball_count_2d_plain.03.seq_lazy_global_12.smt2 : 1800016 ms.
--------------------------------------------------
unsat
QF_NRA/hycomp_10/ball_count_2d_plain.03.seq_lazy_global_13.smt2 : 52 ms.
--------------------------------------------------
timeout
QF_NRA/hycomp_10/ball_count_2d_plain.03.seq_lazy_global_14.smt2 : 1800046 ms.
--------------------------------------------------
unsat
QF_NRA/hycomp_10/ball_count_2d_plain.03.seq_lazy_global_15.smt2 : 56 ms.
--------------------------------------------------
unsat
QF_NRA/hycomp_10/ball_count_2d_plain.03.seq_lazy_global_1.smt2 : 22 ms.
--------------------------------------------------
unsat
QF_NRA/hycomp_10/ball_count_2d_plain.03.seq_lazy_global_2.smt2 : 32 ms.
--------------------------------------------------
unsat
QF_NRA/hycomp_10/ball_count_2d_plain.03.seq_lazy_global_3.smt2 : 29 ms.
--------------------------------------------------
unsat
QF_NRA/hycomp_10/ball_count_2d_plain.03.seq_lazy_global_4.smt2 : 43 ms.
--------------------------------------------------
unsat
QF_NRA/hycomp_10/ball_count_2d_plain.03.seq_lazy_global_5.smt2 : 36 ms.
--------------------------------------------------
unsat
QF_NRA/hycomp_10/ball_count_2d_plain.03.seq_lazy_global_6.smt2 : 131 ms.
--------------------------------------------------
unsat
QF_NRA/hycomp_10/ball_count_2d_plain.03.seq_lazy_global_7.smt2 : 34 ms.
--------------------------------------------------
unsat
QF_NRA/hycomp_10/ball_count_2d_plain.03.seq_lazy_global_8.smt2 : 16119 ms.
--------------------------------------------------
unsat
QF_NRA/hycomp_10/ball_count_2d_plain.03.seq_lazy_global_9.smt2 : 38 ms.
--------------------------------------------------
unsat
QF_NRA/hycomp_10/ball_count_2d_plain.03.seq_lazy_lemmas_global_0.smt2 : 19 ms.
--------------------------------------------------
timeout
QF_NRA/hycomp_10/ball_count_2d_plain.03.seq_lazy_lemmas_global_10.smt2 : 1800023 ms.
--------------------------------------------------
unsat
QF_NRA/hycomp_10/ball_count_2d_plain.03.seq_lazy_lemmas_global_11.smt2 : 52 ms.
--------------------------------------------------
timeout
QF_NRA/hycomp_10/ball_count_2d_plain.03.seq_lazy_lemmas_global_12.smt2 : 1800035 ms.
--------------------------------------------------
unsat
QF_NRA/hycomp_10/ball_count_2d_plain.03.seq_lazy_lemmas_global_13.smt2 : 59 ms.
--------------------------------------------------
timeout
QF_NRA/hycomp_10/ball_count_2d_plain.03.seq_lazy_lemmas_global_14.smt2 : 1800039 ms.
--------------------------------------------------
unsat
QF_NRA/hycomp_10/ball_count_2d_plain.03.seq_lazy_lemmas_global_15.smt2 : 69 ms.
--------------------------------------------------
unsat
QF_NRA/hycomp_10/ball_count_2d_plain.03.seq_lazy_lemmas_global_1.smt2 : 21 ms.
--------------------------------------------------
unsat
QF_NRA/hycomp_10/ball_count_2d_plain.03.seq_lazy_lemmas_global_2.smt2 : 33 ms.
--------------------------------------------------
unsat
QF_NRA/hycomp_10/ball_count_2d_plain.03.seq_lazy_lemmas_global_3.smt2 : 30 ms.
--------------------------------------------------
unsat
QF_NRA/hycomp_10/ball_count_2d_plain.03.seq_lazy_lemmas_global_4.smt2 : 254 ms.
--------------------------------------------------
unsat
QF_NRA/hycomp_10/ball_count_2d_plain.03.seq_lazy_lemmas_global_5.smt2 : 39 ms.
--------------------------------------------------
unsat
QF_NRA/hycomp_10/ball_count_2d_plain.03.seq_lazy_lemmas_global_6.smt2 : 15078 ms.
--------------------------------------------------
unsat
QF_NRA/hycomp_10/ball_count_2d_plain.03.seq_lazy_lemmas_global_7.smt2 : 44 ms.
--------------------------------------------------
unsat
QF_NRA/hycomp_10/ball_count_2d_plain.03.seq_lazy_lemmas_global_8.smt2 : 15085 ms.
--------------------------------------------------
unsat
QF_NRA/hycomp_10/ball_count_2d_plain.03.seq_lazy_lemmas_global_9.smt2 : 48 ms.
--------------------------------------------------
unsat
QF_NRA/hycomp_10/ball_count_2d_plain.03.seq_lazy_linear_enc_global_0.smt2 : 20 ms.
--------------------------------------------------
sat
QF_NRA/hycomp_10/ball_count_2d_plain.03.seq_lazy_linear_enc_global_10.smt2 : 17640 ms.
--------------------------------------------------
unsat
QF_NRA/hycomp_10/ball_count_2d_plain.03.seq_lazy_linear_enc_global_11.smt2 : 43 ms.
--------------------------------------------------
timeout
QF_NRA/hycomp_10/ball_count_2d_plain.03.seq_lazy_linear_enc_global_12.smt2 : 1800023 ms.
--------------------------------------------------
unsat
QF_NRA/hycomp_10/ball_count_2d_plain.03.seq_lazy_linear_enc_global_13.smt2 : 50 ms.
--------------------------------------------------
timeout
QF_NRA/hycomp_10/ball_count_2d_plain.03.seq_lazy_linear_enc_global_14.smt2 : 1800046 ms.
--------------------------------------------------
unsat
QF_NRA/hycomp_10/ball_count_2d_plain.03.seq_lazy_linear_enc_global_15.smt2 : 51 ms.
--------------------------------------------------
unsat
QF_NRA/hycomp_10/ball_count_2d_plain.03.seq_lazy_linear_enc_global_1.smt2 : 20 ms.
--------------------------------------------------
unsat
QF_NRA/hycomp_10/ball_count_2d_plain.03.seq_lazy_linear_enc_global_2.smt2 : 25 ms.
--------------------------------------------------
unsat
QF_NRA/hycomp_10/ball_count_2d_plain.03.seq_lazy_linear_enc_global_3.smt2 : 26 ms.
--------------------------------------------------
unsat
QF_NRA/hycomp_10/ball_count_2d_plain.03.seq_lazy_linear_enc_global_4.smt2 : 37 ms.
--------------------------------------------------
unsat
QF_NRA/hycomp_10/ball_count_2d_plain.03.seq_lazy_linear_enc_global_5.smt2 : 29 ms.
--------------------------------------------------
unsat
QF_NRA/hycomp_10/ball_count_2d_plain.03.seq_lazy_linear_enc_global_6.smt2 : 130 ms.
--------------------------------------------------
unsat
QF_NRA/hycomp_10/ball_count_2d_plain.03.seq_lazy_linear_enc_global_7.smt2 : 33 ms.
--------------------------------------------------
unsat
QF_NRA/hycomp_10/ball_count_2d_plain.03.seq_lazy_linear_enc_global_8.smt2 : 17541 ms.
--------------------------------------------------
unsat
QF_NRA/hycomp_10/ball_count_2d_plain.03.seq_lazy_linear_enc_global_9.smt2 : 41 ms.
--------------------------------------------------
unsat
QF_NRA/hycomp_10/ball_count_2d_plain.03.seq_lazy_linear_enc_lemmas_global_0.smt2 : 19 ms.
--------------------------------------------------
sat
QF_NRA/hycomp_10/ball_count_2d_plain.03.seq_lazy_linear_enc_lemmas_global_10.smt2 : 16181 ms.
--------------------------------------------------
unsat
QF_NRA/hycomp_10/ball_count_2d_plain.03.seq_lazy_linear_enc_lemmas_global_11.smt2 : 53 ms.
--------------------------------------------------
timeout
QF_NRA/hycomp_10/ball_count_2d_plain.03.seq_lazy_linear_enc_lemmas_global_12.smt2 : 1800024 ms.
--------------------------------------------------
unsat
QF_NRA/hycomp_10/ball_count_2d_plain.03.seq_lazy_linear_enc_lemmas_global_13.smt2 : 58 ms.
--------------------------------------------------
timeout
QF_NRA/hycomp_10/ball_count_2d_plain.03.seq_lazy_linear_enc_lemmas_global_14.smt2 : 1800056 ms.
--------------------------------------------------
unsat
QF_NRA/hycomp_10/ball_count_2d_plain.03.seq_lazy_linear_enc_lemmas_global_15.smt2 : 62 ms.
--------------------------------------------------
unsat
QF_NRA/hycomp_10/ball_count_2d_plain.03.seq_lazy_linear_enc_lemmas_global_1.smt2 : 21 ms.
--------------------------------------------------
unsat
QF_NRA/hycomp_10/ball_count_2d_plain.03.seq_lazy_linear_enc_lemmas_global_2.smt2 : 33 ms.
--------------------------------------------------
unsat
QF_NRA/hycomp_10/ball_count_2d_plain.03.seq_lazy_linear_enc_lemmas_global_3.smt2 : 29 ms.
--------------------------------------------------
unsat
QF_NRA/hycomp_10/ball_count_2d_plain.03.seq_lazy_linear_enc_lemmas_global_4.smt2 : 119 ms.
--------------------------------------------------
unsat
QF_NRA/hycomp_10/ball_count_2d_plain.03.seq_lazy_linear_enc_lemmas_global_5.smt2 : 34 ms.
--------------------------------------------------
unsat
QF_NRA/hycomp_10/ball_count_2d_plain.03.seq_lazy_linear_enc_lemmas_global_6.smt2 : 15066 ms.
--------------------------------------------------
unsat
QF_NRA/hycomp_10/ball_count_2d_plain.03.seq_lazy_linear_enc_lemmas_global_7.smt2 : 43 ms.
--------------------------------------------------
unsat
QF_NRA/hycomp_10/ball_count_2d_plain.03.seq_lazy_linear_enc_lemmas_global_8.smt2 : 15072 ms.
--------------------------------------------------
unsat
QF_NRA/hycomp_10/ball_count_2d_plain.03.seq_lazy_linear_enc_lemmas_global_9.smt2 : 48 ms.
--------------------------------------------------
unsat
QF_NRA/hycomp_10/ball_count_2d_plain.04.qfree_global_0.smt2 : 19 ms.
--------------------------------------------------
unsat
QF_NRA/hycomp_10/ball_count_2d_plain.04.qfree_global_10.smt2 : 4132 ms.
--------------------------------------------------
unsat
QF_NRA/hycomp_10/ball_count_2d_plain.04.qfree_global_11.smt2 : 54 ms.
--------------------------------------------------
unsat
QF_NRA/hycomp_10/ball_count_2d_plain.04.qfree_global_12.smt2 : 15088 ms.
--------------------------------------------------
unsat
QF_NRA/hycomp_10/ball_count_2d_plain.04.qfree_global_13.smt2 : 55 ms.
--------------------------------------------------
timeout
QF_NRA/hycomp_10/ball_count_2d_plain.04.qfree_global_14.smt2 : 1800031 ms.
--------------------------------------------------
unsat
QF_NRA/hycomp_10/ball_count_2d_plain.04.qfree_global_15.smt2 : 62 ms.
--------------------------------------------------
unsat
QF_NRA/hycomp_10/ball_count_2d_plain.04.qfree_global_1.smt2 : 20 ms.
--------------------------------------------------
unsat
QF_NRA/hycomp_10/ball_count_2d_plain.04.qfree_global_2.smt2 : 26 ms.
--------------------------------------------------
unsat
QF_NRA/hycomp_10/ball_count_2d_plain.04.qfree_global_3.smt2 : 27 ms.
--------------------------------------------------
unsat
QF_NRA/hycomp_10/ball_count_2d_plain.04.qfree_global_4.smt2 : 38 ms.
--------------------------------------------------
unsat
QF_NRA/hycomp_10/ball_count_2d_plain.04.qfree_global_5.smt2 : 32 ms.
--------------------------------------------------
unsat
QF_NRA/hycomp_10/ball_count_2d_plain.04.qfree_global_6.smt2 : 119 ms.
--------------------------------------------------
unsat
QF_NRA/hycomp_10/ball_count_2d_plain.04.qfree_global_7.smt2 : 38 ms.
--------------------------------------------------
unsat
QF_NRA/hycomp_10/ball_count_2d_plain.04.qfree_global_8.smt2 : 639 ms.
--------------------------------------------------
unsat
QF_NRA/hycomp_10/ball_count_2d_plain.04.qfree_global_9.smt2 : 42 ms.
--------------------------------------------------
unsat
QF_NRA/hycomp_10/ball_count_2d_plain.04.redlog_global_0.smt2 : 20 ms.
--------------------------------------------------
unsat
QF_NRA/hycomp_10/ball_count_2d_plain.04.redlog_global_10.smt2 : 15092 ms.
--------------------------------------------------
unsat
QF_NRA/hycomp_10/ball_count_2d_plain.04.redlog_global_11.smt2 : 80 ms.
--------------------------------------------------
unsat
QF_NRA/hycomp_10/ball_count_2d_plain.04.redlog_global_12.smt2 : 15139 ms.
--------------------------------------------------
unsat
QF_NRA/hycomp_10/ball_count_2d_plain.04.redlog_global_13.smt2 : 94 ms.
--------------------------------------------------
timeout
QF_NRA/hycomp_10/ball_count_2d_plain.04.redlog_global_14.smt2 : 1800015 ms.
--------------------------------------------------
unsat
QF_NRA/hycomp_10/ball_count_2d_plain.04.redlog_global_15.smt2 : 106 ms.
--------------------------------------------------
unsat
QF_NRA/hycomp_10/ball_count_2d_plain.04.redlog_global_1.smt2 : 22 ms.
--------------------------------------------------
unsat
QF_NRA/hycomp_10/ball_count_2d_plain.04.redlog_global_2.smt2 : 29 ms.
--------------------------------------------------
unsat
QF_NRA/hycomp_10/ball_count_2d_plain.04.redlog_global_3.smt2 : 33 ms.
--------------------------------------------------
unsat
QF_NRA/hycomp_10/ball_count_2d_plain.04.redlog_global_4.smt2 : 51 ms.
--------------------------------------------------
unsat
QF_NRA/hycomp_10/ball_count_2d_plain.04.redlog_global_5.smt2 : 41 ms.
--------------------------------------------------
unsat
QF_NRA/hycomp_10/ball_count_2d_plain.04.redlog_global_6.smt2 : 391 ms.
--------------------------------------------------
unsat
QF_NRA/hycomp_10/ball_count_2d_plain.04.redlog_global_7.smt2 : 59 ms.
--------------------------------------------------
unsat
QF_NRA/hycomp_10/ball_count_2d_plain.04.redlog_global_8.smt2 : 15087 ms.
--------------------------------------------------
unsat
QF_NRA/hycomp_10/ball_count_2d_plain.04.redlog_global_9.smt2 : 68 ms.
--------------------------------------------------
unsat
QF_NRA/hycomp_10/ball_count_2d_plain.04.seq_lazy_global_0.smt2 : 19 ms.
--------------------------------------------------
unsat
QF_NRA/hycomp_10/ball_count_2d_plain.04.seq_lazy_global_10.smt2 : 15167 ms.
--------------------------------------------------
unsat
QF_NRA/hycomp_10/ball_count_2d_plain.04.seq_lazy_global_11.smt2 : 49 ms.
--------------------------------------------------
unsat
QF_NRA/hycomp_10/ball_count_2d_plain.04.seq_lazy_global_12.smt2 : 15198 ms.
--------------------------------------------------
unsat
QF_NRA/hycomp_10/ball_count_2d_plain.04.seq_lazy_global_13.smt2 : 49 ms.
--------------------------------------------------
timeout
QF_NRA/hycomp_10/ball_count_2d_plain.04.seq_lazy_global_14.smt2 : 1800028 ms.
--------------------------------------------------
unsat
QF_NRA/hycomp_10/ball_count_2d_plain.04.seq_lazy_global_15.smt2 : 54 ms.
--------------------------------------------------
unsat
QF_NRA/hycomp_10/ball_count_2d_plain.04.seq_lazy_global_1.smt2 : 22 ms.
--------------------------------------------------
unsat
QF_NRA/hycomp_10/ball_count_2d_plain.04.seq_lazy_global_2.smt2 : 26 ms.
--------------------------------------------------
unsat
QF_NRA/hycomp_10/ball_count_2d_plain.04.seq_lazy_global_3.smt2 : 26 ms.
--------------------------------------------------
unsat
QF_NRA/hycomp_10/ball_count_2d_plain.04.seq_lazy_global_4.smt2 : 35 ms.
--------------------------------------------------
unsat
QF_NRA/hycomp_10/ball_count_2d_plain.04.seq_lazy_global_5.smt2 : 29 ms.
--------------------------------------------------
unsat
QF_NRA/hycomp_10/ball_count_2d_plain.04.seq_lazy_global_6.smt2 : 94 ms.
--------------------------------------------------
unsat
QF_NRA/hycomp_10/ball_count_2d_plain.04.seq_lazy_global_7.smt2 : 34 ms.
--------------------------------------------------
unsat
QF_NRA/hycomp_10/ball_count_2d_plain.04.seq_lazy_global_8.smt2 : 16029 ms.
--------------------------------------------------
unsat
QF_NRA/hycomp_10/ball_count_2d_plain.04.seq_lazy_global_9.smt2 : 38 ms.
--------------------------------------------------
unsat
QF_NRA/hycomp_10/ball_count_2d_plain.04.seq_lazy_lemmas_global_0.smt2 : 20 ms.
--------------------------------------------------
unsat
QF_NRA/hycomp_10/ball_count_2d_plain.04.seq_lazy_lemmas_global_10.smt2 : 15105 ms.
--------------------------------------------------
unsat
QF_NRA/hycomp_10/ball_count_2d_plain.04.seq_lazy_lemmas_global_11.smt2 : 52 ms.
--------------------------------------------------
unsat
QF_NRA/hycomp_10/ball_count_2d_plain.04.seq_lazy_lemmas_global_12.smt2 : 15357 ms.
--------------------------------------------------
unsat
QF_NRA/hycomp_10/ball_count_2d_plain.04.seq_lazy_lemmas_global_13.smt2 : 57 ms.
--------------------------------------------------
sat
QF_NRA/hycomp_10/ball_count_2d_plain.04.seq_lazy_lemmas_global_14.smt2 : 15775 ms.
--------------------------------------------------
unsat
QF_NRA/hycomp_10/ball_count_2d_plain.04.seq_lazy_lemmas_global_15.smt2 : 68 ms.
--------------------------------------------------
unsat
QF_NRA/hycomp_10/ball_count_2d_plain.04.seq_lazy_lemmas_global_1.smt2 : 20 ms.
--------------------------------------------------
unsat
QF_NRA/hycomp_10/ball_count_2d_plain.04.seq_lazy_lemmas_global_2.smt2 : 31 ms.
--------------------------------------------------
unsat
QF_NRA/hycomp_10/ball_count_2d_plain.04.seq_lazy_lemmas_global_3.smt2 : 28 ms.
--------------------------------------------------
unsat
QF_NRA/hycomp_10/ball_count_2d_plain.04.seq_lazy_lemmas_global_4.smt2 : 253 ms.
--------------------------------------------------
unsat
QF_NRA/hycomp_10/ball_count_2d_plain.04.seq_lazy_lemmas_global_5.smt2 : 35 ms.
--------------------------------------------------
unsat
QF_NRA/hycomp_10/ball_count_2d_plain.04.seq_lazy_lemmas_global_6.smt2 : 15103 ms.
--------------------------------------------------
unsat
QF_NRA/hycomp_10/ball_count_2d_plain.04.seq_lazy_lemmas_global_7.smt2 : 44 ms.
--------------------------------------------------
unsat
QF_NRA/hycomp_10/ball_count_2d_plain.04.seq_lazy_lemmas_global_8.smt2 : 15093 ms.
--------------------------------------------------
unsat
QF_NRA/hycomp_10/ball_count_2d_plain.04.seq_lazy_lemmas_global_9.smt2 : 51 ms.
--------------------------------------------------
unsat
QF_NRA/hycomp_10/ball_count_2d_plain.04.seq_lazy_linear_enc_global_0.smt2 : 19 ms.
--------------------------------------------------
unsat
QF_NRA/hycomp_10/ball_count_2d_plain.04.seq_lazy_linear_enc_global_10.smt2 : 15086 ms.
--------------------------------------------------
unsat
QF_NRA/hycomp_10/ball_count_2d_plain.04.seq_lazy_linear_enc_global_11.smt2 : 48 ms.
--------------------------------------------------
timeout
QF_NRA/hycomp_10/ball_count_2d_plain.04.seq_lazy_linear_enc_global_12.smt2 : 1800060 ms.
--------------------------------------------------
unsat
QF_NRA/hycomp_10/ball_count_2d_plain.04.seq_lazy_linear_enc_global_13.smt2 : 48 ms.
--------------------------------------------------
timeout
QF_NRA/hycomp_10/ball_count_2d_plain.04.seq_lazy_linear_enc_global_14.smt2 : 1800032 ms.
--------------------------------------------------
unsat
QF_NRA/hycomp_10/ball_count_2d_plain.04.seq_lazy_linear_enc_global_15.smt2 : 53 ms.
--------------------------------------------------
unsat
QF_NRA/hycomp_10/ball_count_2d_plain.04.seq_lazy_linear_enc_global_1.smt2 : 20 ms.
--------------------------------------------------
unsat
QF_NRA/hycomp_10/ball_count_2d_plain.04.seq_lazy_linear_enc_global_2.smt2 : 24 ms.
--------------------------------------------------
unsat
QF_NRA/hycomp_10/ball_count_2d_plain.04.seq_lazy_linear_enc_global_3.smt2 : 25 ms.
--------------------------------------------------
unsat
QF_NRA/hycomp_10/ball_count_2d_plain.04.seq_lazy_linear_enc_global_4.smt2 : 35 ms.
--------------------------------------------------
unsat
QF_NRA/hycomp_10/ball_count_2d_plain.04.seq_lazy_linear_enc_global_5.smt2 : 29 ms.
--------------------------------------------------
unsat
QF_NRA/hycomp_10/ball_count_2d_plain.04.seq_lazy_linear_enc_global_6.smt2 : 91 ms.
--------------------------------------------------
unsat
QF_NRA/hycomp_10/ball_count_2d_plain.04.seq_lazy_linear_enc_global_7.smt2 : 33 ms.
--------------------------------------------------
unsat
QF_NRA/hycomp_10/ball_count_2d_plain.04.seq_lazy_linear_enc_global_8.smt2 : 15083 ms.
--------------------------------------------------
unsat
QF_NRA/hycomp_10/ball_count_2d_plain.04.seq_lazy_linear_enc_global_9.smt2 : 41 ms.
