--------------------------------------------------
unsat
QF_NRA/20161105-Sturm-MBO_1/mbo_E10E11.smt2 : 27249 ms.
--------------------------------------------------
unknown
QF_NRA/20161105-Sturm-MBO_1/mbo_E10E12.smt2 : 177778 ms.
--------------------------------------------------
unknown
QF_NRA/20161105-Sturm-MBO_1/mbo_E10E13.smt2 : 298649 ms.
--------------------------------------------------
run.sh: line 19: 454943 Segmentation fault      (core dumped) z3 $file -T:$time_t
QF_NRA/20161105-Sturm-MBO_1/mbo_E10E14.smt2 : 1146857 ms.
--------------------------------------------------
unknown
QF_NRA/20161105-Sturm-MBO_1/mbo_E10E15.smt2 : 182743 ms.
--------------------------------------------------
run.sh: line 19: 458121 Segmentation fault      (core dumped) z3 $file -T:$time_t
QF_NRA/20161105-Sturm-MBO_1/mbo_E10E16.smt2 : 1207249 ms.
--------------------------------------------------
run.sh: line 19:  8576 Segmentation fault      (core dumped) z3 $file -T:$time_t
QF_NRA/20161105-Sturm-MBO_1/mbo_E10E17.smt2 : 1054189 ms.
--------------------------------------------------
run.sh: line 19: 13257 Segmentation fault      (core dumped) z3 $file -T:$time_t
QF_NRA/20161105-Sturm-MBO_1/mbo_E10E18.smt2 : 936496 ms.
--------------------------------------------------
run.sh: line 19: 15204 Segmentation fault      (core dumped) z3 $file -T:$time_t
QF_NRA/20161105-Sturm-MBO_1/mbo_E10E19.smt2 : 958973 ms.
--------------------------------------------------
unknown
QF_NRA/20161105-Sturm-MBO_1/mbo_E10E20.smt2 : 150829 ms.
--------------------------------------------------
timeout
QF_NRA/20161105-Sturm-MBO_1/mbo_E10E21.smt2 : 1800190 ms.
--------------------------------------------------
run.sh: line 19: 22714 Segmentation fault      (core dumped) z3 $file -T:$time_t
QF_NRA/20161105-Sturm-MBO_1/mbo_E10E22.smt2 : 789268 ms.
--------------------------------------------------
run.sh: line 19: 23511 Segmentation fault      (core dumped) z3 $file -T:$time_t
QF_NRA/20161105-Sturm-MBO_1/mbo_E10E23.smt2 : 686873 ms.
--------------------------------------------------
run.sh: line 19: 25195 Segmentation fault      (core dumped) z3 $file -T:$time_t
QF_NRA/20161105-Sturm-MBO_1/mbo_E10E24.smt2 : 838573 ms.
--------------------------------------------------
run.sh: line 19: 26562 Segmentation fault      (core dumped) z3 $file -T:$time_t
QF_NRA/20161105-Sturm-MBO_1/mbo_E10E25.smt2 : 814708 ms.
--------------------------------------------------
run.sh: line 19: 27497 Segmentation fault      (core dumped) z3 $file -T:$time_t
QF_NRA/20161105-Sturm-MBO_1/mbo_E10E26.smt2 : 812325 ms.
--------------------------------------------------
unknown
QF_NRA/20161105-Sturm-MBO_1/mbo_E10E27.smt2 : 257527 ms.
--------------------------------------------------
run.sh: line 19: 28333 Segmentation fault      (core dumped) z3 $file -T:$time_t
QF_NRA/20161105-Sturm-MBO_1/mbo_E10E28.smt2 : 903836 ms.
--------------------------------------------------
unsat
QF_NRA/20161105-Sturm-MBO_1/mbo_E10.smt2 : 17670 ms.
--------------------------------------------------
timeout
QF_NRA/20161105-Sturm-MBO_1/mbo_E11E12.smt2 : 1800492 ms.
--------------------------------------------------
timeout
QF_NRA/20161105-Sturm-MBO_1/mbo_E11E13.smt2 : 1800592 ms.
--------------------------------------------------
timeout
QF_NRA/20161105-Sturm-MBO_1/mbo_E11E14.smt2 : 1800453 ms.
--------------------------------------------------
timeout
QF_NRA/20161105-Sturm-MBO_1/mbo_E11E15.smt2 : 1800565 ms.
--------------------------------------------------
unsat
QF_NRA/20161105-Sturm-MBO_1/mbo_E11E16.smt2 : 16919 ms.
--------------------------------------------------
unsat
QF_NRA/20161105-Sturm-MBO_1/mbo_E11E17.smt2 : 19316 ms.
--------------------------------------------------
timeout
QF_NRA/20161105-Sturm-MBO_1/mbo_E11E18.smt2 : 1801493 ms.
--------------------------------------------------
timeout
QF_NRA/20161105-Sturm-MBO_1/mbo_E11E19.smt2 : 1801473 ms.
--------------------------------------------------
unsat
QF_NRA/20161105-Sturm-MBO_1/mbo_E11E20.smt2 : 27145 ms.
--------------------------------------------------
unsat
QF_NRA/20161105-Sturm-MBO_1/mbo_E11E21.smt2 : 18404 ms.
--------------------------------------------------
timeout
QF_NRA/20161105-Sturm-MBO_1/mbo_E11E22.smt2 : 1800098 ms.
--------------------------------------------------
unsat
QF_NRA/20161105-Sturm-MBO_1/mbo_E11E23.smt2 : 28 ms.
--------------------------------------------------
timeout
QF_NRA/20161105-Sturm-MBO_1/mbo_E11E24.smt2 : 1800654 ms.
--------------------------------------------------
timeout
QF_NRA/20161105-Sturm-MBO_1/mbo_E11E25.smt2 : 1800106 ms.
--------------------------------------------------
unsat
QF_NRA/20161105-Sturm-MBO_1/mbo_E11E26.smt2 : 1156 ms.
--------------------------------------------------
unsat
QF_NRA/20161105-Sturm-MBO_1/mbo_E11E27.smt2 : 24 ms.
--------------------------------------------------
unsat
QF_NRA/20161105-Sturm-MBO_1/mbo_E11E28.smt2 : 123 ms.
--------------------------------------------------
unsat
QF_NRA/20161105-Sturm-MBO_1/mbo_E11.smt2 : 19 ms.
--------------------------------------------------
run.sh: line 19: 46360 Segmentation fault      (core dumped) z3 $file -T:$time_t
QF_NRA/20161105-Sturm-MBO_1/mbo_E12E13.smt2 : 927884 ms.
--------------------------------------------------
run.sh: line 19: 47113 Segmentation fault      (core dumped) z3 $file -T:$time_t
QF_NRA/20161105-Sturm-MBO_1/mbo_E12E14.smt2 : 934949 ms.
--------------------------------------------------
unknown
QF_NRA/20161105-Sturm-MBO_1/mbo_E12E15.smt2 : 174954 ms.
--------------------------------------------------
run.sh: line 19: 48601 Segmentation fault      (core dumped) z3 $file -T:$time_t
QF_NRA/20161105-Sturm-MBO_1/mbo_E12E16.smt2 : 1066458 ms.
--------------------------------------------------
run.sh: line 19: 49508 Segmentation fault      (core dumped) z3 $file -T:$time_t
QF_NRA/20161105-Sturm-MBO_1/mbo_E12E17.smt2 : 1033014 ms.
--------------------------------------------------
run.sh: line 19: 50185 Segmentation fault      (core dumped) z3 $file -T:$time_t
QF_NRA/20161105-Sturm-MBO_1/mbo_E12E18.smt2 : 912799 ms.
--------------------------------------------------
run.sh: line 19: 51019 Segmentation fault      (core dumped) z3 $file -T:$time_t
QF_NRA/20161105-Sturm-MBO_1/mbo_E12E19.smt2 : 866407 ms.
--------------------------------------------------
run.sh: line 19: 51646 Segmentation fault      (core dumped) z3 $file -T:$time_t
QF_NRA/20161105-Sturm-MBO_1/mbo_E12E20.smt2 : 849198 ms.
--------------------------------------------------
run.sh: line 19: 52707 Segmentation fault      (core dumped) z3 $file -T:$time_t
QF_NRA/20161105-Sturm-MBO_1/mbo_E12E21.smt2 : 692681 ms.
--------------------------------------------------
unknown
QF_NRA/20161105-Sturm-MBO_1/mbo_E12E22.smt2 : 151409 ms.
--------------------------------------------------
unknown
QF_NRA/20161105-Sturm-MBO_1/mbo_E12E23.smt2 : 82619 ms.
--------------------------------------------------
run.sh: line 19: 53361 Segmentation fault      (core dumped) z3 $file -T:$time_t
QF_NRA/20161105-Sturm-MBO_1/mbo_E12E24.smt2 : 800117 ms.
--------------------------------------------------
run.sh: line 19: 53982 Segmentation fault      (core dumped) z3 $file -T:$time_t
QF_NRA/20161105-Sturm-MBO_1/mbo_E12E25.smt2 : 797069 ms.
--------------------------------------------------
run.sh: line 19: 54493 Segmentation fault      (core dumped) z3 $file -T:$time_t
QF_NRA/20161105-Sturm-MBO_1/mbo_E12E26.smt2 : 840193 ms.
--------------------------------------------------
unknown
QF_NRA/20161105-Sturm-MBO_1/mbo_E12E27.smt2 : 427094 ms.
--------------------------------------------------
run.sh: line 19: 55381 Segmentation fault      (core dumped) z3 $file -T:$time_t
QF_NRA/20161105-Sturm-MBO_1/mbo_E12E28.smt2 : 837193 ms.
--------------------------------------------------
unsat
QF_NRA/20161105-Sturm-MBO_1/mbo_E12.smt2 : 17244 ms.
--------------------------------------------------
unknown
QF_NRA/20161105-Sturm-MBO_1/mbo_E13E14.smt2 : 246163 ms.
--------------------------------------------------
unknown
QF_NRA/20161105-Sturm-MBO_1/mbo_E13E15.smt2 : 219781 ms.
--------------------------------------------------
unknown
QF_NRA/20161105-Sturm-MBO_1/mbo_E13E16.smt2 : 197105 ms.
--------------------------------------------------
run.sh: line 19: 56342 Segmentation fault      (core dumped) z3 $file -T:$time_t
QF_NRA/20161105-Sturm-MBO_1/mbo_E13E17.smt2 : 1159137 ms.
--------------------------------------------------
run.sh: line 19: 57134 Segmentation fault      (core dumped) z3 $file -T:$time_t
QF_NRA/20161105-Sturm-MBO_1/mbo_E13E18.smt2 : 978154 ms.
--------------------------------------------------
run.sh: line 19: 57885 Segmentation fault      (core dumped) z3 $file -T:$time_t
QF_NRA/20161105-Sturm-MBO_1/mbo_E13E19.smt2 : 943361 ms.
--------------------------------------------------
unknown
QF_NRA/20161105-Sturm-MBO_1/mbo_E13E20.smt2 : 140165 ms.
--------------------------------------------------
run.sh: line 19: 58689 Segmentation fault      (core dumped) z3 $file -T:$time_t
QF_NRA/20161105-Sturm-MBO_1/mbo_E13E21.smt2 : 705973 ms.
--------------------------------------------------
run.sh: line 19: 59135 Segmentation fault      (core dumped) z3 $file -T:$time_t
QF_NRA/20161105-Sturm-MBO_1/mbo_E13E22.smt2 : 780052 ms.
--------------------------------------------------
run.sh: line 19: 59670 Segmentation fault      (core dumped) z3 $file -T:$time_t
QF_NRA/20161105-Sturm-MBO_1/mbo_E13E23.smt2 : 778205 ms.
--------------------------------------------------
run.sh: line 19: 60246 Segmentation fault      (core dumped) z3 $file -T:$time_t
QF_NRA/20161105-Sturm-MBO_1/mbo_E13E24.smt2 : 845385 ms.
--------------------------------------------------
unknown
QF_NRA/20161105-Sturm-MBO_1/mbo_E13E25.smt2 : 182172 ms.
--------------------------------------------------
unknown
QF_NRA/20161105-Sturm-MBO_1/mbo_E13E26.smt2 : 111252 ms.
--------------------------------------------------
unknown
QF_NRA/20161105-Sturm-MBO_1/mbo_E13E27.smt2 : 311601 ms.
--------------------------------------------------
run.sh: line 19: 61219 Segmentation fault      (core dumped) z3 $file -T:$time_t
QF_NRA/20161105-Sturm-MBO_1/mbo_E13E28.smt2 : 838577 ms.
--------------------------------------------------
unsat
QF_NRA/20161105-Sturm-MBO_1/mbo_E13.smt2 : 21732 ms.
--------------------------------------------------
unknown
QF_NRA/20161105-Sturm-MBO_1/mbo_E14E15.smt2 : 202225 ms.
--------------------------------------------------
unknown
QF_NRA/20161105-Sturm-MBO_1/mbo_E14E16.smt2 : 282489 ms.
--------------------------------------------------
run.sh: line 19: 62887 Segmentation fault      (core dumped) z3 $file -T:$time_t
QF_NRA/20161105-Sturm-MBO_1/mbo_E14E17.smt2 : 1083441 ms.
--------------------------------------------------
run.sh: line 19: 107282 Segmentation fault      (core dumped) z3 $file -T:$time_t
QF_NRA/20161105-Sturm-MBO_1/mbo_E14E18.smt2 : 983424 ms.
--------------------------------------------------
run.sh: line 19: 112077 Segmentation fault      (core dumped) z3 $file -T:$time_t
QF_NRA/20161105-Sturm-MBO_1/mbo_E14E19.smt2 : 1033144 ms.
--------------------------------------------------
run.sh: line 19: 115008 Segmentation fault      (core dumped) z3 $file -T:$time_t
QF_NRA/20161105-Sturm-MBO_1/mbo_E14E20.smt2 : 887933 ms.
--------------------------------------------------
run.sh: line 19: 117342 Segmentation fault      (core dumped) z3 $file -T:$time_t
QF_NRA/20161105-Sturm-MBO_1/mbo_E14E21.smt2 : 829622 ms.
--------------------------------------------------
run.sh: line 19: 118309 Segmentation fault      (core dumped) z3 $file -T:$time_t
QF_NRA/20161105-Sturm-MBO_1/mbo_E14E22.smt2 : 894858 ms.
--------------------------------------------------
run.sh: line 19: 121755 Segmentation fault      (core dumped) z3 $file -T:$time_t
QF_NRA/20161105-Sturm-MBO_1/mbo_E14E23.smt2 : 865007 ms.
--------------------------------------------------
run.sh: line 19: 123319 Segmentation fault      (core dumped) z3 $file -T:$time_t
QF_NRA/20161105-Sturm-MBO_1/mbo_E14E24.smt2 : 859044 ms.
--------------------------------------------------
unknown
QF_NRA/20161105-Sturm-MBO_1/mbo_E14E25.smt2 : 137974 ms.
--------------------------------------------------
unknown
QF_NRA/20161105-Sturm-MBO_1/mbo_E14E26.smt2 : 101747 ms.
--------------------------------------------------
unknown
QF_NRA/20161105-Sturm-MBO_1/mbo_E14E27.smt2 : 335738 ms.
--------------------------------------------------
run.sh: line 19: 125081 Segmentation fault      (core dumped) z3 $file -T:$time_t
QF_NRA/20161105-Sturm-MBO_1/mbo_E14E28.smt2 : 862961 ms.
--------------------------------------------------
timeout
QF_NRA/20161105-Sturm-MBO_1/mbo_E14.smt2 : 1800028 ms.
--------------------------------------------------
unknown
QF_NRA/20161105-Sturm-MBO_1/mbo_E15E16.smt2 : 185296 ms.
--------------------------------------------------
run.sh: line 19: 128898 Segmentation fault      (core dumped) z3 $file -T:$time_t
QF_NRA/20161105-Sturm-MBO_1/mbo_E15E17.smt2 : 1011587 ms.
--------------------------------------------------
run.sh: line 19: 130238 Segmentation fault      (core dumped) z3 $file -T:$time_t
QF_NRA/20161105-Sturm-MBO_1/mbo_E15E18.smt2 : 861858 ms.
--------------------------------------------------
run.sh: line 19: 131403 Segmentation fault      (core dumped) z3 $file -T:$time_t
QF_NRA/20161105-Sturm-MBO_1/mbo_E15E19.smt2 : 885998 ms.
--------------------------------------------------
unknown
QF_NRA/20161105-Sturm-MBO_1/mbo_E15E20.smt2 : 145807 ms.
--------------------------------------------------
run.sh: line 19: 132294 Segmentation fault      (core dumped) z3 $file -T:$time_t
QF_NRA/20161105-Sturm-MBO_1/mbo_E15E21.smt2 : 655134 ms.
--------------------------------------------------
run.sh: line 19: 133182 Segmentation fault      (core dumped) z3 $file -T:$time_t
QF_NRA/20161105-Sturm-MBO_1/mbo_E15E22.smt2 : 787030 ms.
--------------------------------------------------
run.sh: line 19: 134332 Segmentation fault      (core dumped) z3 $file -T:$time_t
QF_NRA/20161105-Sturm-MBO_1/mbo_E15E23.smt2 : 824717 ms.
--------------------------------------------------
run.sh: line 19: 135071 Segmentation fault      (core dumped) z3 $file -T:$time_t
QF_NRA/20161105-Sturm-MBO_1/mbo_E15E24.smt2 : 806826 ms.
--------------------------------------------------
unknown
QF_NRA/20161105-Sturm-MBO_1/mbo_E15E25.smt2 : 177012 ms.
--------------------------------------------------
unknown
QF_NRA/20161105-Sturm-MBO_1/mbo_E15E26.smt2 : 104787 ms.
--------------------------------------------------
unknown
QF_NRA/20161105-Sturm-MBO_1/mbo_E15E27.smt2 : 314847 ms.
--------------------------------------------------
run.sh: line 19: 136488 Segmentation fault      (core dumped) z3 $file -T:$time_t
QF_NRA/20161105-Sturm-MBO_1/mbo_E15E28.smt2 : 831669 ms.
--------------------------------------------------
unsat
QF_NRA/20161105-Sturm-MBO_1/mbo_E15.smt2 : 17533 ms.
--------------------------------------------------
unsat
QF_NRA/20161105-Sturm-MBO_1/mbo_E16E17.smt2 : 22257 ms.
--------------------------------------------------
run.sh: line 19: 137741 Segmentation fault      (core dumped) z3 $file -T:$time_t
QF_NRA/20161105-Sturm-MBO_1/mbo_E16E18.smt2 : 1052602 ms.
--------------------------------------------------
run.sh: line 19: 139058 Segmentation fault      (core dumped) z3 $file -T:$time_t
QF_NRA/20161105-Sturm-MBO_1/mbo_E16E19.smt2 : 1106821 ms.
--------------------------------------------------
run.sh: line 19: 140222 Segmentation fault      (core dumped) z3 $file -T:$time_t
QF_NRA/20161105-Sturm-MBO_1/mbo_E16E20.smt2 : 895097 ms.
--------------------------------------------------
unsat
QF_NRA/20161105-Sturm-MBO_1/mbo_E16E21.smt2 : 21356 ms.
--------------------------------------------------
run.sh: line 19: 141262 Segmentation fault      (core dumped) z3 $file -T:$time_t
QF_NRA/20161105-Sturm-MBO_1/mbo_E16E22.smt2 : 895881 ms.
--------------------------------------------------
unsat
QF_NRA/20161105-Sturm-MBO_1/mbo_E16E23.smt2 : 20410 ms.
--------------------------------------------------
run.sh: line 19: 142330 Segmentation fault      (core dumped) z3 $file -T:$time_t
QF_NRA/20161105-Sturm-MBO_1/mbo_E16E24.smt2 : 910229 ms.
--------------------------------------------------
unknown
QF_NRA/20161105-Sturm-MBO_1/mbo_E16E25.smt2 : 255310 ms.
--------------------------------------------------
unsat
QF_NRA/20161105-Sturm-MBO_1/mbo_E16E26.smt2 : 15879 ms.
--------------------------------------------------
unsat
QF_NRA/20161105-Sturm-MBO_1/mbo_E16E27.smt2 : 16555 ms.
--------------------------------------------------
unsat
QF_NRA/20161105-Sturm-MBO_1/mbo_E16E28.smt2 : 22326 ms.
--------------------------------------------------
unsat
QF_NRA/20161105-Sturm-MBO_1/mbo_E16.smt2 : 15413 ms.
--------------------------------------------------
unknown
QF_NRA/20161105-Sturm-MBO_1/mbo_E17E18.smt2 : 225919 ms.
--------------------------------------------------
run.sh: line 19: 143895 Segmentation fault      (core dumped) z3 $file -T:$time_t
QF_NRA/20161105-Sturm-MBO_1/mbo_E17E19.smt2 : 985346 ms.
--------------------------------------------------
run.sh: line 19: 144851 Segmentation fault      (core dumped) z3 $file -T:$time_t
QF_NRA/20161105-Sturm-MBO_1/mbo_E17E20.smt2 : 851581 ms.
--------------------------------------------------
timeout
QF_NRA/20161105-Sturm-MBO_1/mbo_E17E21.smt2 : 1800055 ms.
--------------------------------------------------
unknown
QF_NRA/20161105-Sturm-MBO_1/mbo_E17E22.smt2 : 173339 ms.
--------------------------------------------------
unsat
QF_NRA/20161105-Sturm-MBO_1/mbo_E17E23.smt2 : 27 ms.
--------------------------------------------------
run.sh: line 19: 147576 Segmentation fault      (core dumped) z3 $file -T:$time_t
QF_NRA/20161105-Sturm-MBO_1/mbo_E17E24.smt2 : 954056 ms.
--------------------------------------------------
run.sh: line 19: 148354 Segmentation fault      (core dumped) z3 $file -T:$time_t
QF_NRA/20161105-Sturm-MBO_1/mbo_E17E25.smt2 : 846593 ms.
--------------------------------------------------
unsat
QF_NRA/20161105-Sturm-MBO_1/mbo_E17E26.smt2 : 21460 ms.
--------------------------------------------------
unsat
QF_NRA/20161105-Sturm-MBO_1/mbo_E17E27.smt2 : 78 ms.
--------------------------------------------------
unsat
QF_NRA/20161105-Sturm-MBO_1/mbo_E17E28.smt2 : 22339 ms.
--------------------------------------------------
unsat
QF_NRA/20161105-Sturm-MBO_1/mbo_E17.smt2 : 25 ms.
--------------------------------------------------
run.sh: line 19: 149081 Segmentation fault      (core dumped) z3 $file -T:$time_t
QF_NRA/20161105-Sturm-MBO_1/mbo_E18E19.smt2 : 909922 ms.
--------------------------------------------------
run.sh: line 19: 149827 Segmentation fault      (core dumped) z3 $file -T:$time_t
QF_NRA/20161105-Sturm-MBO_1/mbo_E18E20.smt2 : 834803 ms.
--------------------------------------------------
run.sh: line 19: 150610 Segmentation fault      (core dumped) z3 $file -T:$time_t
QF_NRA/20161105-Sturm-MBO_1/mbo_E18E21.smt2 : 818547 ms.
--------------------------------------------------
unknown
QF_NRA/20161105-Sturm-MBO_1/mbo_E18E22.smt2 : 183314 ms.
--------------------------------------------------
unknown
QF_NRA/20161105-Sturm-MBO_1/mbo_E18E23.smt2 : 105277 ms.
--------------------------------------------------
run.sh: line 19: 151405 Segmentation fault      (core dumped) z3 $file -T:$time_t
QF_NRA/20161105-Sturm-MBO_1/mbo_E18E24.smt2 : 822529 ms.
--------------------------------------------------
run.sh: line 19: 152653 Segmentation fault      (core dumped) z3 $file -T:$time_t
QF_NRA/20161105-Sturm-MBO_1/mbo_E18E25.smt2 : 844515 ms.
--------------------------------------------------
run.sh: line 19: 153243 Segmentation fault      (core dumped) z3 $file -T:$time_t
QF_NRA/20161105-Sturm-MBO_1/mbo_E18E26.smt2 : 988783 ms.
--------------------------------------------------
unknown
QF_NRA/20161105-Sturm-MBO_1/mbo_E18E27.smt2 : 343040 ms.
--------------------------------------------------
run.sh: line 19: 154283 Segmentation fault      (core dumped) z3 $file -T:$time_t
QF_NRA/20161105-Sturm-MBO_1/mbo_E18E28.smt2 : 838636 ms.
--------------------------------------------------
unsat
QF_NRA/20161105-Sturm-MBO_1/mbo_E18.smt2 : 17788 ms.
--------------------------------------------------
unknown
QF_NRA/20161105-Sturm-MBO_1/mbo_E19E20.smt2 : 240458 ms.
--------------------------------------------------
timeout
QF_NRA/20161105-Sturm-MBO_1/mbo_E19E21.smt2 : 1800414 ms.
--------------------------------------------------
run.sh: line 19: 156372 Segmentation fault      (core dumped) z3 $file -T:$time_t
QF_NRA/20161105-Sturm-MBO_1/mbo_E19E22.smt2 : 811692 ms.
--------------------------------------------------
run.sh: line 19: 156885 Segmentation fault      (core dumped) z3 $file -T:$time_t
QF_NRA/20161105-Sturm-MBO_1/mbo_E19E23.smt2 : 687614 ms.
--------------------------------------------------
run.sh: line 19: 157490 Segmentation fault      (core dumped) z3 $file -T:$time_t
QF_NRA/20161105-Sturm-MBO_1/mbo_E19E24.smt2 : 812409 ms.
--------------------------------------------------
run.sh: line 19: 158409 Segmentation fault      (core dumped) z3 $file -T:$time_t
QF_NRA/20161105-Sturm-MBO_1/mbo_E19E25.smt2 : 740937 ms.
--------------------------------------------------
run.sh: line 19: 158917 Segmentation fault      (core dumped) z3 $file -T:$time_t
QF_NRA/20161105-Sturm-MBO_1/mbo_E19E26.smt2 : 780146 ms.
--------------------------------------------------
unknown
QF_NRA/20161105-Sturm-MBO_1/mbo_E19E27.smt2 : 348495 ms.
--------------------------------------------------
run.sh: line 19: 159680 Segmentation fault      (core dumped) z3 $file -T:$time_t
QF_NRA/20161105-Sturm-MBO_1/mbo_E19E28.smt2 : 857513 ms.
--------------------------------------------------
unsat
QF_NRA/20161105-Sturm-MBO_1/mbo_E19.smt2 : 17595 ms.
--------------------------------------------------
run.sh: line 19: 242143 Segmentation fault      (core dumped) z3 $file -T:$time_t
QF_NRA/20161105-Sturm-MBO_1/mbo_E1E10.smt2 : 1148466 ms.
--------------------------------------------------
unknown
QF_NRA/20161105-Sturm-MBO_1/mbo_E1E11.smt2 : 1690871 ms.
--------------------------------------------------
run.sh: line 19: 263707 Segmentation fault      (core dumped) z3 $file -T:$time_t
QF_NRA/20161105-Sturm-MBO_1/mbo_E1E12.smt2 : 1024059 ms.
--------------------------------------------------
run.sh: line 19: 267642 Segmentation fault      (core dumped) z3 $file -T:$time_t
QF_NRA/20161105-Sturm-MBO_1/mbo_E1E13.smt2 : 1082575 ms.
--------------------------------------------------
run.sh: line 19: 270235 Segmentation fault      (core dumped) z3 $file -T:$time_t
QF_NRA/20161105-Sturm-MBO_1/mbo_E1E14.smt2 : 1080081 ms.
--------------------------------------------------
run.sh: line 19: 275518 Segmentation fault      (core dumped) z3 $file -T:$time_t
QF_NRA/20161105-Sturm-MBO_1/mbo_E1E15.smt2 : 1026650 ms.
--------------------------------------------------
run.sh: line 19: 277263 Segmentation fault      (core dumped) z3 $file -T:$time_t
QF_NRA/20161105-Sturm-MBO_1/mbo_E1E16.smt2 : 1314259 ms.
--------------------------------------------------
run.sh: line 19: 280144 Segmentation fault      (core dumped) z3 $file -T:$time_t
QF_NRA/20161105-Sturm-MBO_1/mbo_E1E17.smt2 : 1197319 ms.
--------------------------------------------------
run.sh: line 19: 282736 Segmentation fault      (core dumped) z3 $file -T:$time_t
QF_NRA/20161105-Sturm-MBO_1/mbo_E1E18.smt2 : 1039354 ms.
--------------------------------------------------
run.sh: line 19: 284722 Segmentation fault      (core dumped) z3 $file -T:$time_t
QF_NRA/20161105-Sturm-MBO_1/mbo_E1E19.smt2 : 991958 ms.
--------------------------------------------------
run.sh: line 19: 287282 Segmentation fault      (core dumped) z3 $file -T:$time_t
QF_NRA/20161105-Sturm-MBO_1/mbo_E1E20.smt2 : 870753 ms.
--------------------------------------------------
run.sh: line 19: 288260 Segmentation fault      (core dumped) z3 $file -T:$time_t
QF_NRA/20161105-Sturm-MBO_1/mbo_E1E21.smt2 : 864977 ms.
--------------------------------------------------
run.sh: line 19: 289620 Segmentation fault      (core dumped) z3 $file -T:$time_t
QF_NRA/20161105-Sturm-MBO_1/mbo_E1E22.smt2 : 864239 ms.
--------------------------------------------------
run.sh: line 19: 290820 Segmentation fault      (core dumped) z3 $file -T:$time_t
QF_NRA/20161105-Sturm-MBO_1/mbo_E1E23.smt2 : 821805 ms.
--------------------------------------------------
run.sh: line 19: 292569 Segmentation fault      (core dumped) z3 $file -T:$time_t
QF_NRA/20161105-Sturm-MBO_1/mbo_E1E24.smt2 : 889959 ms.
--------------------------------------------------
run.sh: line 19: 293828 Segmentation fault      (core dumped) z3 $file -T:$time_t
QF_NRA/20161105-Sturm-MBO_1/mbo_E1E25.smt2 : 861480 ms.
--------------------------------------------------
run.sh: line 19: 295018 Segmentation fault      (core dumped) z3 $file -T:$time_t
QF_NRA/20161105-Sturm-MBO_1/mbo_E1E26.smt2 : 841729 ms.
--------------------------------------------------
unknown
QF_NRA/20161105-Sturm-MBO_1/mbo_E1E27.smt2 : 392915 ms.
--------------------------------------------------
run.sh: line 19: 297409 Segmentation fault      (core dumped) z3 $file -T:$time_t
QF_NRA/20161105-Sturm-MBO_1/mbo_E1E28.smt2 : 881672 ms.
--------------------------------------------------
run.sh: line 19: 298769 Segmentation fault      z3 $file -T:$time_t
QF_NRA/20161105-Sturm-MBO_1/mbo_E1E2.smt2 : 997608 ms.
--------------------------------------------------
run.sh: line 19: 300605 Segmentation fault      (core dumped) z3 $file -T:$time_t
QF_NRA/20161105-Sturm-MBO_1/mbo_E1E3.smt2 : 1016882 ms.
--------------------------------------------------
run.sh: line 19: 302155 Segmentation fault      (core dumped) z3 $file -T:$time_t
QF_NRA/20161105-Sturm-MBO_1/mbo_E1E4.smt2 : 1001104 ms.
--------------------------------------------------
run.sh: line 19: 303606 Segmentation fault      (core dumped) z3 $file -T:$time_t
QF_NRA/20161105-Sturm-MBO_1/mbo_E1E5.smt2 : 1231382 ms.
--------------------------------------------------
run.sh: line 19: 305620 Segmentation fault      (core dumped) z3 $file -T:$time_t
QF_NRA/20161105-Sturm-MBO_1/mbo_E1E6.smt2 : 1213888 ms.
--------------------------------------------------
run.sh: line 19: 307412 Segmentation fault      (core dumped) z3 $file -T:$time_t
QF_NRA/20161105-Sturm-MBO_1/mbo_E1E7.smt2 : 627980 ms.
--------------------------------------------------
run.sh: line 19: 308212 Segmentation fault      (core dumped) z3 $file -T:$time_t
QF_NRA/20161105-Sturm-MBO_1/mbo_E1E8.smt2 : 1020658 ms.
--------------------------------------------------
run.sh: line 19: 310049 Segmentation fault      (core dumped) z3 $file -T:$time_t
QF_NRA/20161105-Sturm-MBO_1/mbo_E1E9.smt2 : 1106148 ms.
--------------------------------------------------
timeout
QF_NRA/20161105-Sturm-MBO_1/mbo_E1.smt2 : 1800098 ms.
--------------------------------------------------
unsat
QF_NRA/20161105-Sturm-MBO_1/mbo_E20E21.smt2 : 17101 ms.
--------------------------------------------------
unsat
QF_NRA/20161105-Sturm-MBO_1/mbo_E20E22.smt2 : 22136 ms.
--------------------------------------------------
unsat
QF_NRA/20161105-Sturm-MBO_1/mbo_E20E23.smt2 : 19853 ms.
--------------------------------------------------
unsat
QF_NRA/20161105-Sturm-MBO_1/mbo_E20E24.smt2 : 22984 ms.
--------------------------------------------------
unsat
QF_NRA/20161105-Sturm-MBO_1/mbo_E20E25.smt2 : 23235 ms.
--------------------------------------------------
unsat
QF_NRA/20161105-Sturm-MBO_1/mbo_E20E26.smt2 : 22132 ms.
--------------------------------------------------
unsat
QF_NRA/20161105-Sturm-MBO_1/mbo_E20E27.smt2 : 16580 ms.
--------------------------------------------------
unsat
QF_NRA/20161105-Sturm-MBO_1/mbo_E20E28.smt2 : 21513 ms.
--------------------------------------------------
unsat
QF_NRA/20161105-Sturm-MBO_1/mbo_E20.smt2 : 29 ms.
--------------------------------------------------
timeout
QF_NRA/20161105-Sturm-MBO_1/mbo_E21E22.smt2 : 1800052 ms.
--------------------------------------------------
unsat
QF_NRA/20161105-Sturm-MBO_1/mbo_E21E23.smt2 : 56 ms.
--------------------------------------------------
unsat
QF_NRA/20161105-Sturm-MBO_1/mbo_E21E24.smt2 : 28059 ms.
--------------------------------------------------
timeout
QF_NRA/20161105-Sturm-MBO_1/mbo_E21E25.smt2 : 1800041 ms.
--------------------------------------------------
unsat
QF_NRA/20161105-Sturm-MBO_1/mbo_E21E26.smt2 : 86 ms.
--------------------------------------------------
unsat
QF_NRA/20161105-Sturm-MBO_1/mbo_E21E27.smt2 : 22 ms.
--------------------------------------------------
unsat
QF_NRA/20161105-Sturm-MBO_1/mbo_E21E28.smt2 : 32 ms.
--------------------------------------------------
unsat
QF_NRA/20161105-Sturm-MBO_1/mbo_E21.smt2 : 20 ms.
--------------------------------------------------
unsat
QF_NRA/20161105-Sturm-MBO_1/mbo_E22E23.smt2 : 24 ms.
--------------------------------------------------
unsat
QF_NRA/20161105-Sturm-MBO_1/mbo_E22E24.smt2 : 25524 ms.
--------------------------------------------------
unsat
QF_NRA/20161105-Sturm-MBO_1/mbo_E22E25.smt2 : 26301 ms.
--------------------------------------------------
unsat
QF_NRA/20161105-Sturm-MBO_1/mbo_E22E26.smt2 : 22313 ms.
--------------------------------------------------
unsat
QF_NRA/20161105-Sturm-MBO_1/mbo_E22E27.smt2 : 17027 ms.
--------------------------------------------------
unsat
QF_NRA/20161105-Sturm-MBO_1/mbo_E22E28.smt2 : 23348 ms.
--------------------------------------------------
unsat
QF_NRA/20161105-Sturm-MBO_1/mbo_E22.smt2 : 21 ms.
--------------------------------------------------
unsat
QF_NRA/20161105-Sturm-MBO_1/mbo_E23E24.smt2 : 24435 ms.
--------------------------------------------------
unsat
QF_NRA/20161105-Sturm-MBO_1/mbo_E23E25.smt2 : 24358 ms.
--------------------------------------------------
unsat
QF_NRA/20161105-Sturm-MBO_1/mbo_E23E26.smt2 : 74 ms.
