--------------------------------------------------
unsat
QF_NRA/hycomp_2/ball_count_1d_plain.03.qfree_global_2.smt2 : 31 ms.
--------------------------------------------------
unsat
QF_NRA/hycomp_2/ball_count_1d_plain.03.qfree_global_3.smt2 : 32 ms.
--------------------------------------------------
unsat
QF_NRA/hycomp_2/ball_count_1d_plain.03.qfree_global_4.smt2 : 40 ms.
--------------------------------------------------
unsat
QF_NRA/hycomp_2/ball_count_1d_plain.03.qfree_global_5.smt2 : 39 ms.
--------------------------------------------------
sat
QF_NRA/hycomp_2/ball_count_1d_plain.03.qfree_global_6.smt2 : 73 ms.
--------------------------------------------------
unsat
QF_NRA/hycomp_2/ball_count_1d_plain.03.qfree_global_7.smt2 : 48 ms.
--------------------------------------------------
sat
QF_NRA/hycomp_2/ball_count_1d_plain.03.qfree_global_8.smt2 : 80 ms.
--------------------------------------------------
unsat
QF_NRA/hycomp_2/ball_count_1d_plain.03.qfree_global_9.smt2 : 61 ms.
--------------------------------------------------
unsat
QF_NRA/hycomp_2/ball_count_1d_plain.03.redlog_global_0.smt2 : 26 ms.
--------------------------------------------------
sat
QF_NRA/hycomp_2/ball_count_1d_plain.03.redlog_global_10.smt2 : 2486 ms.
--------------------------------------------------
unsat
QF_NRA/hycomp_2/ball_count_1d_plain.03.redlog_global_11.smt2 : 71 ms.
--------------------------------------------------
sat
QF_NRA/hycomp_2/ball_count_1d_plain.03.redlog_global_12.smt2 : 2993 ms.
--------------------------------------------------
unsat
QF_NRA/hycomp_2/ball_count_1d_plain.03.redlog_global_13.smt2 : 85 ms.
--------------------------------------------------
sat
QF_NRA/hycomp_2/ball_count_1d_plain.03.redlog_global_14.smt2 : 15624 ms.
--------------------------------------------------
unsat
QF_NRA/hycomp_2/ball_count_1d_plain.03.redlog_global_15.smt2 : 93 ms.
--------------------------------------------------
unsat
QF_NRA/hycomp_2/ball_count_1d_plain.03.redlog_global_1.smt2 : 24 ms.
--------------------------------------------------
unsat
QF_NRA/hycomp_2/ball_count_1d_plain.03.redlog_global_2.smt2 : 31 ms.
--------------------------------------------------
unsat
QF_NRA/hycomp_2/ball_count_1d_plain.03.redlog_global_3.smt2 : 27 ms.
--------------------------------------------------
unsat
QF_NRA/hycomp_2/ball_count_1d_plain.03.redlog_global_4.smt2 : 70 ms.
--------------------------------------------------
unsat
QF_NRA/hycomp_2/ball_count_1d_plain.03.redlog_global_5.smt2 : 41 ms.
--------------------------------------------------
sat
QF_NRA/hycomp_2/ball_count_1d_plain.03.redlog_global_6.smt2 : 15086 ms.
--------------------------------------------------
unsat
QF_NRA/hycomp_2/ball_count_1d_plain.03.redlog_global_7.smt2 : 41 ms.
--------------------------------------------------
sat
QF_NRA/hycomp_2/ball_count_1d_plain.03.redlog_global_8.smt2 : 397 ms.
--------------------------------------------------
unsat
QF_NRA/hycomp_2/ball_count_1d_plain.03.redlog_global_9.smt2 : 43 ms.
--------------------------------------------------
unsat
QF_NRA/hycomp_2/ball_count_1d_plain.03.seq_lazy_global_0.smt2 : 18 ms.
--------------------------------------------------
sat
QF_NRA/hycomp_2/ball_count_1d_plain.03.seq_lazy_global_10.smt2 : 681 ms.
--------------------------------------------------
unsat
QF_NRA/hycomp_2/ball_count_1d_plain.03.seq_lazy_global_11.smt2 : 48 ms.
--------------------------------------------------
sat
QF_NRA/hycomp_2/ball_count_1d_plain.03.seq_lazy_global_12.smt2 : 2691 ms.
--------------------------------------------------
unsat
QF_NRA/hycomp_2/ball_count_1d_plain.03.seq_lazy_global_13.smt2 : 72 ms.
--------------------------------------------------
sat
QF_NRA/hycomp_2/ball_count_1d_plain.03.seq_lazy_global_14.smt2 : 16757 ms.
--------------------------------------------------
unsat
QF_NRA/hycomp_2/ball_count_1d_plain.03.seq_lazy_global_15.smt2 : 59 ms.
--------------------------------------------------
unsat
QF_NRA/hycomp_2/ball_count_1d_plain.03.seq_lazy_global_1.smt2 : 19 ms.
--------------------------------------------------
unsat
QF_NRA/hycomp_2/ball_count_1d_plain.03.seq_lazy_global_2.smt2 : 24 ms.
--------------------------------------------------
unsat
QF_NRA/hycomp_2/ball_count_1d_plain.03.seq_lazy_global_3.smt2 : 26 ms.
--------------------------------------------------
unsat
QF_NRA/hycomp_2/ball_count_1d_plain.03.seq_lazy_global_4.smt2 : 33 ms.
--------------------------------------------------
unsat
QF_NRA/hycomp_2/ball_count_1d_plain.03.seq_lazy_global_5.smt2 : 33 ms.
--------------------------------------------------
unsat
QF_NRA/hycomp_2/ball_count_1d_plain.03.seq_lazy_global_6.smt2 : 83 ms.
--------------------------------------------------
unsat
QF_NRA/hycomp_2/ball_count_1d_plain.03.seq_lazy_global_7.smt2 : 38 ms.
--------------------------------------------------
unsat
QF_NRA/hycomp_2/ball_count_1d_plain.03.seq_lazy_global_8.smt2 : 4478 ms.
--------------------------------------------------
unsat
QF_NRA/hycomp_2/ball_count_1d_plain.03.seq_lazy_global_9.smt2 : 42 ms.
--------------------------------------------------
unsat
QF_NRA/hycomp_2/ball_count_1d_plain.03.seq_lazy_lemmas_global_0.smt2 : 24 ms.
--------------------------------------------------
sat
QF_NRA/hycomp_2/ball_count_1d_plain.03.seq_lazy_lemmas_global_10.smt2 : 15408 ms.
--------------------------------------------------
unsat
QF_NRA/hycomp_2/ball_count_1d_plain.03.seq_lazy_lemmas_global_11.smt2 : 72 ms.
--------------------------------------------------
sat
QF_NRA/hycomp_2/ball_count_1d_plain.03.seq_lazy_lemmas_global_12.smt2 : 15289 ms.
--------------------------------------------------
unsat
QF_NRA/hycomp_2/ball_count_1d_plain.03.seq_lazy_lemmas_global_13.smt2 : 72 ms.
--------------------------------------------------
timeout
QF_NRA/hycomp_2/ball_count_1d_plain.03.seq_lazy_lemmas_global_14.smt2 : 1800058 ms.
--------------------------------------------------
unsat
QF_NRA/hycomp_2/ball_count_1d_plain.03.seq_lazy_lemmas_global_15.smt2 : 76 ms.
--------------------------------------------------
unsat
QF_NRA/hycomp_2/ball_count_1d_plain.03.seq_lazy_lemmas_global_1.smt2 : 25 ms.
--------------------------------------------------
unsat
QF_NRA/hycomp_2/ball_count_1d_plain.03.seq_lazy_lemmas_global_2.smt2 : 30 ms.
--------------------------------------------------
unsat
QF_NRA/hycomp_2/ball_count_1d_plain.03.seq_lazy_lemmas_global_3.smt2 : 33 ms.
--------------------------------------------------
unsat
QF_NRA/hycomp_2/ball_count_1d_plain.03.seq_lazy_lemmas_global_4.smt2 : 141 ms.
--------------------------------------------------
unsat
QF_NRA/hycomp_2/ball_count_1d_plain.03.seq_lazy_lemmas_global_5.smt2 : 37 ms.
--------------------------------------------------
unsat
QF_NRA/hycomp_2/ball_count_1d_plain.03.seq_lazy_lemmas_global_6.smt2 : 6793 ms.
--------------------------------------------------
unsat
QF_NRA/hycomp_2/ball_count_1d_plain.03.seq_lazy_lemmas_global_7.smt2 : 49 ms.
--------------------------------------------------
unsat
QF_NRA/hycomp_2/ball_count_1d_plain.03.seq_lazy_lemmas_global_8.smt2 : 15067 ms.
--------------------------------------------------
unsat
QF_NRA/hycomp_2/ball_count_1d_plain.03.seq_lazy_lemmas_global_9.smt2 : 68 ms.
--------------------------------------------------
unsat
QF_NRA/hycomp_2/ball_count_1d_plain.03.seq_lazy_linear_enc_global_0.smt2 : 25 ms.
--------------------------------------------------
sat
QF_NRA/hycomp_2/ball_count_1d_plain.03.seq_lazy_linear_enc_global_10.smt2 : 709 ms.
--------------------------------------------------
unsat
QF_NRA/hycomp_2/ball_count_1d_plain.03.seq_lazy_linear_enc_global_11.smt2 : 45 ms.
--------------------------------------------------
sat
QF_NRA/hycomp_2/ball_count_1d_plain.03.seq_lazy_linear_enc_global_12.smt2 : 3382 ms.
--------------------------------------------------
unsat
QF_NRA/hycomp_2/ball_count_1d_plain.03.seq_lazy_linear_enc_global_13.smt2 : 64 ms.
--------------------------------------------------
sat
QF_NRA/hycomp_2/ball_count_1d_plain.03.seq_lazy_linear_enc_global_14.smt2 : 15250 ms.
--------------------------------------------------
unsat
QF_NRA/hycomp_2/ball_count_1d_plain.03.seq_lazy_linear_enc_global_15.smt2 : 57 ms.
--------------------------------------------------
unsat
QF_NRA/hycomp_2/ball_count_1d_plain.03.seq_lazy_linear_enc_global_1.smt2 : 19 ms.
--------------------------------------------------
unsat
QF_NRA/hycomp_2/ball_count_1d_plain.03.seq_lazy_linear_enc_global_2.smt2 : 31 ms.
--------------------------------------------------
unsat
QF_NRA/hycomp_2/ball_count_1d_plain.03.seq_lazy_linear_enc_global_3.smt2 : 33 ms.
--------------------------------------------------
unsat
QF_NRA/hycomp_2/ball_count_1d_plain.03.seq_lazy_linear_enc_global_4.smt2 : 51 ms.
--------------------------------------------------
unsat
QF_NRA/hycomp_2/ball_count_1d_plain.03.seq_lazy_linear_enc_global_5.smt2 : 41 ms.
--------------------------------------------------
unsat
QF_NRA/hycomp_2/ball_count_1d_plain.03.seq_lazy_linear_enc_global_6.smt2 : 94 ms.
--------------------------------------------------
unsat
QF_NRA/hycomp_2/ball_count_1d_plain.03.seq_lazy_linear_enc_global_7.smt2 : 49 ms.
--------------------------------------------------
unsat
QF_NRA/hycomp_2/ball_count_1d_plain.03.seq_lazy_linear_enc_global_8.smt2 : 3894 ms.
--------------------------------------------------
unsat
QF_NRA/hycomp_2/ball_count_1d_plain.03.seq_lazy_linear_enc_global_9.smt2 : 38 ms.
--------------------------------------------------
unsat
QF_NRA/hycomp_2/ball_count_1d_plain.03.seq_lazy_linear_enc_lemmas_global_0.smt2 : 19 ms.
--------------------------------------------------
sat
QF_NRA/hycomp_2/ball_count_1d_plain.03.seq_lazy_linear_enc_lemmas_global_10.smt2 : 15378 ms.
--------------------------------------------------
unsat
QF_NRA/hycomp_2/ball_count_1d_plain.03.seq_lazy_linear_enc_lemmas_global_11.smt2 : 79 ms.
--------------------------------------------------
sat
QF_NRA/hycomp_2/ball_count_1d_plain.03.seq_lazy_linear_enc_lemmas_global_12.smt2 : 15264 ms.
--------------------------------------------------
unsat
QF_NRA/hycomp_2/ball_count_1d_plain.03.seq_lazy_linear_enc_lemmas_global_13.smt2 : 74 ms.
--------------------------------------------------
sat
QF_NRA/hycomp_2/ball_count_1d_plain.03.seq_lazy_linear_enc_lemmas_global_14.smt2 : 15449 ms.
--------------------------------------------------
unsat
QF_NRA/hycomp_2/ball_count_1d_plain.03.seq_lazy_linear_enc_lemmas_global_15.smt2 : 70 ms.
--------------------------------------------------
unsat
QF_NRA/hycomp_2/ball_count_1d_plain.03.seq_lazy_linear_enc_lemmas_global_1.smt2 : 20 ms.
--------------------------------------------------
unsat
QF_NRA/hycomp_2/ball_count_1d_plain.03.seq_lazy_linear_enc_lemmas_global_2.smt2 : 27 ms.
--------------------------------------------------
unsat
QF_NRA/hycomp_2/ball_count_1d_plain.03.seq_lazy_linear_enc_lemmas_global_3.smt2 : 27 ms.
--------------------------------------------------
unsat
QF_NRA/hycomp_2/ball_count_1d_plain.03.seq_lazy_linear_enc_lemmas_global_4.smt2 : 122 ms.
--------------------------------------------------
unsat
QF_NRA/hycomp_2/ball_count_1d_plain.03.seq_lazy_linear_enc_lemmas_global_5.smt2 : 43 ms.
--------------------------------------------------
unsat
QF_NRA/hycomp_2/ball_count_1d_plain.03.seq_lazy_linear_enc_lemmas_global_6.smt2 : 483 ms.
--------------------------------------------------
unsat
QF_NRA/hycomp_2/ball_count_1d_plain.03.seq_lazy_linear_enc_lemmas_global_7.smt2 : 51 ms.
--------------------------------------------------
unsat
QF_NRA/hycomp_2/ball_count_1d_plain.03.seq_lazy_linear_enc_lemmas_global_8.smt2 : 15097 ms.
--------------------------------------------------
unsat
QF_NRA/hycomp_2/ball_count_1d_plain.03.seq_lazy_linear_enc_lemmas_global_9.smt2 : 63 ms.
--------------------------------------------------
unsat
QF_NRA/hycomp_2/ball_count_1d_plain.04.qfree_global_0.smt2 : 22 ms.
--------------------------------------------------
sat
QF_NRA/hycomp_2/ball_count_1d_plain.04.qfree_global_10.smt2 : 9461 ms.
--------------------------------------------------
unsat
QF_NRA/hycomp_2/ball_count_1d_plain.04.qfree_global_11.smt2 : 41 ms.
--------------------------------------------------
sat
QF_NRA/hycomp_2/ball_count_1d_plain.04.qfree_global_12.smt2 : 16772 ms.
--------------------------------------------------
unsat
QF_NRA/hycomp_2/ball_count_1d_plain.04.qfree_global_13.smt2 : 47 ms.
--------------------------------------------------
sat
QF_NRA/hycomp_2/ball_count_1d_plain.04.qfree_global_14.smt2 : 15392 ms.
--------------------------------------------------
unsat
QF_NRA/hycomp_2/ball_count_1d_plain.04.qfree_global_15.smt2 : 55 ms.
--------------------------------------------------
unsat
QF_NRA/hycomp_2/ball_count_1d_plain.04.qfree_global_1.smt2 : 20 ms.
--------------------------------------------------
unsat
QF_NRA/hycomp_2/ball_count_1d_plain.04.qfree_global_2.smt2 : 23 ms.
--------------------------------------------------
unsat
QF_NRA/hycomp_2/ball_count_1d_plain.04.qfree_global_3.smt2 : 26 ms.
--------------------------------------------------
unsat
QF_NRA/hycomp_2/ball_count_1d_plain.04.qfree_global_4.smt2 : 28 ms.
--------------------------------------------------
unsat
QF_NRA/hycomp_2/ball_count_1d_plain.04.qfree_global_5.smt2 : 29 ms.
--------------------------------------------------
unsat
QF_NRA/hycomp_2/ball_count_1d_plain.04.qfree_global_6.smt2 : 42 ms.
--------------------------------------------------
unsat
QF_NRA/hycomp_2/ball_count_1d_plain.04.qfree_global_7.smt2 : 37 ms.
--------------------------------------------------
sat
QF_NRA/hycomp_2/ball_count_1d_plain.04.qfree_global_8.smt2 : 20327 ms.
--------------------------------------------------
unsat
QF_NRA/hycomp_2/ball_count_1d_plain.04.qfree_global_9.smt2 : 37 ms.
--------------------------------------------------
unsat
QF_NRA/hycomp_2/ball_count_1d_plain.04.redlog_global_0.smt2 : 20 ms.
--------------------------------------------------
sat
QF_NRA/hycomp_2/ball_count_1d_plain.04.redlog_global_10.smt2 : 15336 ms.
--------------------------------------------------
unsat
QF_NRA/hycomp_2/ball_count_1d_plain.04.redlog_global_11.smt2 : 50 ms.
--------------------------------------------------
sat
QF_NRA/hycomp_2/ball_count_1d_plain.04.redlog_global_12.smt2 : 15317 ms.
--------------------------------------------------
unsat
QF_NRA/hycomp_2/ball_count_1d_plain.04.redlog_global_13.smt2 : 86 ms.
--------------------------------------------------
sat
QF_NRA/hycomp_2/ball_count_1d_plain.04.redlog_global_14.smt2 : 15401 ms.
--------------------------------------------------
unsat
QF_NRA/hycomp_2/ball_count_1d_plain.04.redlog_global_15.smt2 : 71 ms.
--------------------------------------------------
unsat
QF_NRA/hycomp_2/ball_count_1d_plain.04.redlog_global_1.smt2 : 20 ms.
--------------------------------------------------
unsat
QF_NRA/hycomp_2/ball_count_1d_plain.04.redlog_global_2.smt2 : 24 ms.
--------------------------------------------------
unsat
QF_NRA/hycomp_2/ball_count_1d_plain.04.redlog_global_3.smt2 : 27 ms.
--------------------------------------------------
unsat
QF_NRA/hycomp_2/ball_count_1d_plain.04.redlog_global_4.smt2 : 60 ms.
--------------------------------------------------
unsat
QF_NRA/hycomp_2/ball_count_1d_plain.04.redlog_global_5.smt2 : 31 ms.
--------------------------------------------------
unsat
QF_NRA/hycomp_2/ball_count_1d_plain.04.redlog_global_6.smt2 : 5592 ms.
--------------------------------------------------
unsat
QF_NRA/hycomp_2/ball_count_1d_plain.04.redlog_global_7.smt2 : 36 ms.
--------------------------------------------------
sat
QF_NRA/hycomp_2/ball_count_1d_plain.04.redlog_global_8.smt2 : 15131 ms.
--------------------------------------------------
unsat
QF_NRA/hycomp_2/ball_count_1d_plain.04.redlog_global_9.smt2 : 65 ms.
--------------------------------------------------
unsat
QF_NRA/hycomp_2/ball_count_1d_plain.04.seq_lazy_global_0.smt2 : 23 ms.
--------------------------------------------------
unsat
QF_NRA/hycomp_2/ball_count_1d_plain.04.seq_lazy_global_10.smt2 : 15128 ms.
--------------------------------------------------
unsat
QF_NRA/hycomp_2/ball_count_1d_plain.04.seq_lazy_global_11.smt2 : 47 ms.
--------------------------------------------------
unsat
QF_NRA/hycomp_2/ball_count_1d_plain.04.seq_lazy_global_12.smt2 : 15380 ms.
--------------------------------------------------
unsat
QF_NRA/hycomp_2/ball_count_1d_plain.04.seq_lazy_global_13.smt2 : 54 ms.
--------------------------------------------------
sat
QF_NRA/hycomp_2/ball_count_1d_plain.04.seq_lazy_global_14.smt2 : 15562 ms.
--------------------------------------------------
unsat
QF_NRA/hycomp_2/ball_count_1d_plain.04.seq_lazy_global_15.smt2 : 73 ms.
--------------------------------------------------
unsat
QF_NRA/hycomp_2/ball_count_1d_plain.04.seq_lazy_global_1.smt2 : 19 ms.
--------------------------------------------------
unsat
QF_NRA/hycomp_2/ball_count_1d_plain.04.seq_lazy_global_2.smt2 : 23 ms.
--------------------------------------------------
unsat
QF_NRA/hycomp_2/ball_count_1d_plain.04.seq_lazy_global_3.smt2 : 25 ms.
--------------------------------------------------
unsat
QF_NRA/hycomp_2/ball_count_1d_plain.04.seq_lazy_global_4.smt2 : 32 ms.
--------------------------------------------------
unsat
QF_NRA/hycomp_2/ball_count_1d_plain.04.seq_lazy_global_5.smt2 : 29 ms.
--------------------------------------------------
unsat
QF_NRA/hycomp_2/ball_count_1d_plain.04.seq_lazy_global_6.smt2 : 62 ms.
--------------------------------------------------
unsat
QF_NRA/hycomp_2/ball_count_1d_plain.04.seq_lazy_global_7.smt2 : 34 ms.
--------------------------------------------------
unsat
QF_NRA/hycomp_2/ball_count_1d_plain.04.seq_lazy_global_8.smt2 : 2914 ms.
--------------------------------------------------
unsat
QF_NRA/hycomp_2/ball_count_1d_plain.04.seq_lazy_global_9.smt2 : 39 ms.
--------------------------------------------------
unsat
QF_NRA/hycomp_2/ball_count_1d_plain.04.seq_lazy_lemmas_global_0.smt2 : 25 ms.
--------------------------------------------------
unsat
QF_NRA/hycomp_2/ball_count_1d_plain.04.seq_lazy_lemmas_global_10.smt2 : 15088 ms.
--------------------------------------------------
unsat
QF_NRA/hycomp_2/ball_count_1d_plain.04.seq_lazy_lemmas_global_11.smt2 : 55 ms.
--------------------------------------------------
unsat
QF_NRA/hycomp_2/ball_count_1d_plain.04.seq_lazy_lemmas_global_12.smt2 : 15202 ms.
--------------------------------------------------
unsat
QF_NRA/hycomp_2/ball_count_1d_plain.04.seq_lazy_lemmas_global_13.smt2 : 65 ms.
--------------------------------------------------
sat
QF_NRA/hycomp_2/ball_count_1d_plain.04.seq_lazy_lemmas_global_14.smt2 : 15313 ms.
--------------------------------------------------
unsat
QF_NRA/hycomp_2/ball_count_1d_plain.04.seq_lazy_lemmas_global_15.smt2 : 88 ms.
--------------------------------------------------
unsat
QF_NRA/hycomp_2/ball_count_1d_plain.04.seq_lazy_lemmas_global_1.smt2 : 22 ms.
--------------------------------------------------
unsat
QF_NRA/hycomp_2/ball_count_1d_plain.04.seq_lazy_lemmas_global_2.smt2 : 32 ms.
--------------------------------------------------
unsat
QF_NRA/hycomp_2/ball_count_1d_plain.04.seq_lazy_lemmas_global_3.smt2 : 32 ms.
--------------------------------------------------
unsat
QF_NRA/hycomp_2/ball_count_1d_plain.04.seq_lazy_lemmas_global_4.smt2 : 193 ms.
--------------------------------------------------
unsat
QF_NRA/hycomp_2/ball_count_1d_plain.04.seq_lazy_lemmas_global_5.smt2 : 42 ms.
--------------------------------------------------
unsat
QF_NRA/hycomp_2/ball_count_1d_plain.04.seq_lazy_lemmas_global_6.smt2 : 3044 ms.
--------------------------------------------------
unsat
QF_NRA/hycomp_2/ball_count_1d_plain.04.seq_lazy_lemmas_global_7.smt2 : 38 ms.
--------------------------------------------------
unsat
QF_NRA/hycomp_2/ball_count_1d_plain.04.seq_lazy_lemmas_global_8.smt2 : 15052 ms.
--------------------------------------------------
unsat
QF_NRA/hycomp_2/ball_count_1d_plain.04.seq_lazy_lemmas_global_9.smt2 : 44 ms.
--------------------------------------------------
unsat
QF_NRA/hycomp_2/ball_count_1d_plain.04.seq_lazy_linear_enc_global_0.smt2 : 18 ms.
--------------------------------------------------
unsat
QF_NRA/hycomp_2/ball_count_1d_plain.04.seq_lazy_linear_enc_global_10.smt2 : 15119 ms.
--------------------------------------------------
unsat
QF_NRA/hycomp_2/ball_count_1d_plain.04.seq_lazy_linear_enc_global_11.smt2 : 44 ms.
--------------------------------------------------
unsat
QF_NRA/hycomp_2/ball_count_1d_plain.04.seq_lazy_linear_enc_global_12.smt2 : 15123 ms.
--------------------------------------------------
unsat
QF_NRA/hycomp_2/ball_count_1d_plain.04.seq_lazy_linear_enc_global_13.smt2 : 55 ms.
--------------------------------------------------
sat
QF_NRA/hycomp_2/ball_count_1d_plain.04.seq_lazy_linear_enc_global_14.smt2 : 15768 ms.
--------------------------------------------------
unsat
QF_NRA/hycomp_2/ball_count_1d_plain.04.seq_lazy_linear_enc_global_15.smt2 : 59 ms.
--------------------------------------------------
unsat
QF_NRA/hycomp_2/ball_count_1d_plain.04.seq_lazy_linear_enc_global_1.smt2 : 18 ms.
--------------------------------------------------
unsat
QF_NRA/hycomp_2/ball_count_1d_plain.04.seq_lazy_linear_enc_global_2.smt2 : 23 ms.
--------------------------------------------------
unsat
QF_NRA/hycomp_2/ball_count_1d_plain.04.seq_lazy_linear_enc_global_3.smt2 : 25 ms.
--------------------------------------------------
unsat
QF_NRA/hycomp_2/ball_count_1d_plain.04.seq_lazy_linear_enc_global_4.smt2 : 32 ms.
--------------------------------------------------
unsat
QF_NRA/hycomp_2/ball_count_1d_plain.04.seq_lazy_linear_enc_global_5.smt2 : 30 ms.
--------------------------------------------------
unsat
QF_NRA/hycomp_2/ball_count_1d_plain.04.seq_lazy_linear_enc_global_6.smt2 : 61 ms.
--------------------------------------------------
unsat
QF_NRA/hycomp_2/ball_count_1d_plain.04.seq_lazy_linear_enc_global_7.smt2 : 34 ms.
--------------------------------------------------
unsat
QF_NRA/hycomp_2/ball_count_1d_plain.04.seq_lazy_linear_enc_global_8.smt2 : 2794 ms.
--------------------------------------------------
unsat
QF_NRA/hycomp_2/ball_count_1d_plain.04.seq_lazy_linear_enc_global_9.smt2 : 53 ms.
--------------------------------------------------
unsat
QF_NRA/hycomp_2/ball_count_1d_plain.04.seq_lazy_linear_enc_lemmas_global_0.smt2 : 24 ms.
--------------------------------------------------
unsat
QF_NRA/hycomp_2/ball_count_1d_plain.04.seq_lazy_linear_enc_lemmas_global_10.smt2 : 15088 ms.
--------------------------------------------------
unsat
QF_NRA/hycomp_2/ball_count_1d_plain.04.seq_lazy_linear_enc_lemmas_global_11.smt2 : 50 ms.
--------------------------------------------------
unsat
QF_NRA/hycomp_2/ball_count_1d_plain.04.seq_lazy_linear_enc_lemmas_global_12.smt2 : 15697 ms.
--------------------------------------------------
unsat
QF_NRA/hycomp_2/ball_count_1d_plain.04.seq_lazy_linear_enc_lemmas_global_13.smt2 : 85 ms.
--------------------------------------------------
sat
QF_NRA/hycomp_2/ball_count_1d_plain.04.seq_lazy_linear_enc_lemmas_global_14.smt2 : 15883 ms.
--------------------------------------------------
unsat
QF_NRA/hycomp_2/ball_count_1d_plain.04.seq_lazy_linear_enc_lemmas_global_15.smt2 : 77 ms.
--------------------------------------------------
unsat
QF_NRA/hycomp_2/ball_count_1d_plain.04.seq_lazy_linear_enc_lemmas_global_1.smt2 : 23 ms.
--------------------------------------------------
unsat
QF_NRA/hycomp_2/ball_count_1d_plain.04.seq_lazy_linear_enc_lemmas_global_2.smt2 : 32 ms.
--------------------------------------------------
unsat
QF_NRA/hycomp_2/ball_count_1d_plain.04.seq_lazy_linear_enc_lemmas_global_3.smt2 : 27 ms.
--------------------------------------------------
unsat
QF_NRA/hycomp_2/ball_count_1d_plain.04.seq_lazy_linear_enc_lemmas_global_4.smt2 : 113 ms.
--------------------------------------------------
unsat
QF_NRA/hycomp_2/ball_count_1d_plain.04.seq_lazy_linear_enc_lemmas_global_5.smt2 : 44 ms.
--------------------------------------------------
unsat
QF_NRA/hycomp_2/ball_count_1d_plain.04.seq_lazy_linear_enc_lemmas_global_6.smt2 : 323 ms.
--------------------------------------------------
unsat
QF_NRA/hycomp_2/ball_count_1d_plain.04.seq_lazy_linear_enc_lemmas_global_7.smt2 : 48 ms.
--------------------------------------------------
unsat
QF_NRA/hycomp_2/ball_count_1d_plain.04.seq_lazy_linear_enc_lemmas_global_8.smt2 : 15070 ms.
--------------------------------------------------
unsat
QF_NRA/hycomp_2/ball_count_1d_plain.04.seq_lazy_linear_enc_lemmas_global_9.smt2 : 48 ms.
--------------------------------------------------
unsat
QF_NRA/hycomp_2/ball_count_1d_plain.05.qfree_global_0.smt2 : 22 ms.
--------------------------------------------------
sat
QF_NRA/hycomp_2/ball_count_1d_plain.05.qfree_global_10.smt2 : 15641 ms.
--------------------------------------------------
unsat
QF_NRA/hycomp_2/ball_count_1d_plain.05.qfree_global_11.smt2 : 47 ms.
--------------------------------------------------
sat
QF_NRA/hycomp_2/ball_count_1d_plain.05.qfree_global_12.smt2 : 11475 ms.
--------------------------------------------------
unsat
QF_NRA/hycomp_2/ball_count_1d_plain.05.qfree_global_13.smt2 : 45 ms.
--------------------------------------------------
sat
QF_NRA/hycomp_2/ball_count_1d_plain.05.qfree_global_14.smt2 : 16312 ms.
--------------------------------------------------
unsat
QF_NRA/hycomp_2/ball_count_1d_plain.05.qfree_global_15.smt2 : 55 ms.
--------------------------------------------------
unsat
QF_NRA/hycomp_2/ball_count_1d_plain.05.qfree_global_1.smt2 : 19 ms.
--------------------------------------------------
unsat
QF_NRA/hycomp_2/ball_count_1d_plain.05.qfree_global_2.smt2 : 32 ms.
--------------------------------------------------
unsat
QF_NRA/hycomp_2/ball_count_1d_plain.05.qfree_global_3.smt2 : 28 ms.
--------------------------------------------------
unsat
QF_NRA/hycomp_2/ball_count_1d_plain.05.qfree_global_4.smt2 : 28 ms.
--------------------------------------------------
unsat
QF_NRA/hycomp_2/ball_count_1d_plain.05.qfree_global_5.smt2 : 28 ms.
--------------------------------------------------
unsat
QF_NRA/hycomp_2/ball_count_1d_plain.05.qfree_global_6.smt2 : 43 ms.
--------------------------------------------------
unsat
QF_NRA/hycomp_2/ball_count_1d_plain.05.qfree_global_7.smt2 : 32 ms.
--------------------------------------------------
unsat
QF_NRA/hycomp_2/ball_count_1d_plain.05.qfree_global_8.smt2 : 104 ms.
--------------------------------------------------
unsat
QF_NRA/hycomp_2/ball_count_1d_plain.05.qfree_global_9.smt2 : 38 ms.
