--------------------------------------------------
unsat
QF_NRA/meti-tarski/sin/problem/7/weak/sin-problem-7-weak-chunk-0015.smt2 : 50 ms.
--------------------------------------------------
unsat
QF_NRA/meti-tarski/sin/problem/7/weak/sin-problem-7-weak-chunk-0019.smt2 : 35 ms.
--------------------------------------------------
sat
QF_NRA/meti-tarski/sin/problem/7/weak/sin-problem-7-weak-chunk-0027.smt2 : 33 ms.
--------------------------------------------------
unsat
QF_NRA/meti-tarski/sin/problem/7/weak/sin-problem-7-weak-chunk-0028.smt2 : 34 ms.
--------------------------------------------------
unsat
QF_NRA/meti-tarski/sin/problem/7/weak/sin-problem-7-weak-chunk-0042.smt2 : 34 ms.
--------------------------------------------------
sat
QF_NRA/meti-tarski/sin/problem/7/weak/sin-problem-7-weak-chunk-0060.smt2 : 35 ms.
--------------------------------------------------
unsat
QF_NRA/meti-tarski/sin/problem/7/weak/sin-problem-7-weak-chunk-0061.smt2 : 30 ms.
--------------------------------------------------
sat
QF_NRA/meti-tarski/sin/problem/7/weak/sin-problem-7-weak-chunk-0071.smt2 : 28 ms.
--------------------------------------------------
sat
QF_NRA/meti-tarski/sin/problem/7/weak/sin-problem-7-weak-chunk-0072.smt2 : 63 ms.
--------------------------------------------------
sat
QF_NRA/meti-tarski/sin/problem/7/weak/sin-problem-7-weak-chunk-0073.smt2 : 55 ms.
--------------------------------------------------
sat
QF_NRA/meti-tarski/sin/problem/7/weak/sin-problem-7-weak-chunk-0075.smt2 : 38 ms.
--------------------------------------------------
sat
QF_NRA/meti-tarski/sin/problem/7/weak/sin-problem-7-weak-chunk-0076.smt2 : 27 ms.
--------------------------------------------------
sat
QF_NRA/meti-tarski/sin/problem/7/weak/sin-problem-7-weak-chunk-0077.smt2 : 42 ms.
--------------------------------------------------
unsat
QF_NRA/meti-tarski/sin/problem/7/weak/sin-problem-7-weak-chunk-0078.smt2 : 32 ms.
--------------------------------------------------
unsat
QF_NRA/meti-tarski/sin/problem/7/weak/sin-problem-7-weak-chunk-0079.smt2 : 56 ms.
--------------------------------------------------
sat
QF_NRA/meti-tarski/sin/problem/7/weak/sin-problem-7-weak-chunk-0080.smt2 : 37 ms.
--------------------------------------------------
sat
QF_NRA/meti-tarski/sin/problem/7/weak/sin-problem-7-weak-chunk-0081.smt2 : 37 ms.
--------------------------------------------------
unsat
QF_NRA/meti-tarski/sin/problem/7/weak/sin-problem-7-weak-chunk-0083.smt2 : 45 ms.
--------------------------------------------------
unsat
QF_NRA/meti-tarski/sin/problem/7/weak/sin-problem-7-weak-chunk-0084.smt2 : 27 ms.
--------------------------------------------------
sat
QF_NRA/meti-tarski/sin/problem/7/weak/sin-problem-7-weak-chunk-0085.smt2 : 42 ms.
--------------------------------------------------
unsat
QF_NRA/meti-tarski/sin/problem/7/weak/sin-problem-7-weak-chunk-0087.smt2 : 36 ms.
--------------------------------------------------
sat
QF_NRA/meti-tarski/sin/problem/7/weak/sin-problem-7-weak-chunk-0088.smt2 : 29 ms.
--------------------------------------------------
sat
QF_NRA/meti-tarski/sin/problem/7/weak/sin-problem-7-weak-chunk-0090.smt2 : 33 ms.
--------------------------------------------------
sat
QF_NRA/meti-tarski/sin/problem/7/weak/sin-problem-7-weak-chunk-0091.smt2 : 32 ms.
--------------------------------------------------
sat
QF_NRA/meti-tarski/sin/problem/7/weak/sin-problem-7-weak-chunk-0093.smt2 : 28 ms.
--------------------------------------------------
sat
QF_NRA/meti-tarski/sin/problem/7/weak/sin-problem-7-weak-chunk-0096.smt2 : 30 ms.
--------------------------------------------------
unsat
QF_NRA/meti-tarski/sin/problem/7/weak/sin-problem-7-weak-chunk-0097.smt2 : 25 ms.
--------------------------------------------------
sat
QF_NRA/meti-tarski/sin/problem/7/weak/sin-problem-7-weak-chunk-0098.smt2 : 29 ms.
--------------------------------------------------
sat
QF_NRA/meti-tarski/sin/problem/7/weak/sin-problem-7-weak-chunk-0100.smt2 : 37 ms.
--------------------------------------------------
sat
QF_NRA/meti-tarski/sin/problem/7/weak/sin-problem-7-weak-chunk-0101.smt2 : 27 ms.
--------------------------------------------------
unsat
QF_NRA/meti-tarski/sin/problem/7/weak/sin-problem-7-weak-chunk-0102.smt2 : 25 ms.
--------------------------------------------------
sat
QF_NRA/meti-tarski/sin/problem/7/weak/sin-problem-7-weak-chunk-0103.smt2 : 36 ms.
--------------------------------------------------
sat
QF_NRA/meti-tarski/sin/problem/7/weak/sin-problem-7-weak-chunk-0104.smt2 : 36 ms.
--------------------------------------------------
unsat
QF_NRA/meti-tarski/sin/problem/7/weak/sin-problem-7-weak-chunk-0105.smt2 : 29 ms.
--------------------------------------------------
unsat
QF_NRA/meti-tarski/sin/problem/7/weak/sin-problem-7-weak-chunk-0108.smt2 : 26 ms.
--------------------------------------------------
sat
QF_NRA/meti-tarski/sin/problem/7/weak/sin-problem-7-weak-chunk-0109.smt2 : 41 ms.
--------------------------------------------------
sat
QF_NRA/meti-tarski/sin/problem/7/weak/sin-problem-7-weak-chunk-0110.smt2 : 27 ms.
--------------------------------------------------
unsat
QF_NRA/meti-tarski/sin/problem/7/weak/sin-problem-7-weak-chunk-0111.smt2 : 31 ms.
--------------------------------------------------
sat
QF_NRA/meti-tarski/sin/problem/7/weak/sin-problem-7-weak-chunk-0114.smt2 : 30 ms.
--------------------------------------------------
sat
QF_NRA/meti-tarski/sin/problem/7/weak/sin-problem-7-weak-chunk-0115.smt2 : 46 ms.
--------------------------------------------------
unsat
QF_NRA/meti-tarski/sin/problem/7/weak/sin-problem-7-weak-chunk-0116.smt2 : 25 ms.
--------------------------------------------------
sat
QF_NRA/meti-tarski/sin/problem/7/weak/sin-problem-7-weak-chunk-0118.smt2 : 36 ms.
--------------------------------------------------
unsat
QF_NRA/meti-tarski/sin/problem/7/weak/sin-problem-7-weak-chunk-0119.smt2 : 29 ms.
--------------------------------------------------
sat
QF_NRA/meti-tarski/sin/problem/7/weak/sin-problem-7-weak-chunk-0120.smt2 : 44 ms.
--------------------------------------------------
unsat
QF_NRA/meti-tarski/sin/problem/7/weak/sin-problem-7-weak-chunk-0121.smt2 : 26 ms.
--------------------------------------------------
sat
QF_NRA/meti-tarski/sin/problem/7/weak/sin-problem-7-weak-chunk-0122.smt2 : 34 ms.
--------------------------------------------------
sat
QF_NRA/meti-tarski/sin/problem/7/weak/sin-problem-7-weak-chunk-0123.smt2 : 35 ms.
--------------------------------------------------
unsat
QF_NRA/meti-tarski/sin/problem/7/weak/sin-problem-7-weak-chunk-0124.smt2 : 26 ms.
--------------------------------------------------
sat
QF_NRA/meti-tarski/sin/problem/7/weak/sin-problem-7-weak-chunk-0125.smt2 : 38 ms.
--------------------------------------------------
sat
QF_NRA/meti-tarski/sin/problem/7/weak/sin-problem-7-weak-chunk-0126.smt2 : 35 ms.
--------------------------------------------------
sat
QF_NRA/meti-tarski/sin/problem/7/weak/sin-problem-7-weak-chunk-0127.smt2 : 40 ms.
--------------------------------------------------
sat
QF_NRA/meti-tarski/sin/problem/7/weak/sin-problem-7-weak-chunk-0128.smt2 : 32 ms.
--------------------------------------------------
sat
QF_NRA/meti-tarski/sin/problem/7/weak/sin-problem-7-weak-chunk-0129.smt2 : 32 ms.
--------------------------------------------------
unsat
QF_NRA/meti-tarski/sin/problem/7/weak/sin-problem-7-weak-chunk-0130.smt2 : 28 ms.
--------------------------------------------------
sat
QF_NRA/meti-tarski/sin/problem/7/weak/sin-problem-7-weak-chunk-0131.smt2 : 29 ms.
--------------------------------------------------
sat
QF_NRA/meti-tarski/sin/problem/7/weak/sin-problem-7-weak-chunk-0132.smt2 : 34 ms.
--------------------------------------------------
sat
QF_NRA/meti-tarski/sin/problem/7/weak/sin-problem-7-weak-chunk-0133.smt2 : 27 ms.
--------------------------------------------------
sat
QF_NRA/meti-tarski/sin/problem/7/weak/sin-problem-7-weak-chunk-0134.smt2 : 27 ms.
--------------------------------------------------
sat
QF_NRA/meti-tarski/sin/problem/7/weak/sin-problem-7-weak-chunk-0137.smt2 : 34 ms.
--------------------------------------------------
sat
QF_NRA/meti-tarski/sin/problem/7/weak/sin-problem-7-weak-chunk-0138.smt2 : 32 ms.
--------------------------------------------------
sat
QF_NRA/meti-tarski/sin/problem/7/weak/sin-problem-7-weak-chunk-0140.smt2 : 31 ms.
--------------------------------------------------
unsat
QF_NRA/meti-tarski/sin/problem/7/weak/sin-problem-7-weak-chunk-0141.smt2 : 10019 ms.
--------------------------------------------------
unsat
QF_NRA/meti-tarski/sin/problem/7/weak/sin-problem-7-weak-chunk-0142.smt2 : 25 ms.
--------------------------------------------------
sat
QF_NRA/meti-tarski/sin/problem/7/weak/sin-problem-7-weak-chunk-0143.smt2 : 26 ms.
--------------------------------------------------
unsat
QF_NRA/meti-tarski/sin/problem/7/weak/sin-problem-7-weak-chunk-0144.smt2 : 25 ms.
--------------------------------------------------
sat
QF_NRA/meti-tarski/sin/problem/7/weak/sin-problem-7-weak-chunk-0145.smt2 : 26 ms.
--------------------------------------------------
unsat
QF_NRA/meti-tarski/sin/problem/7/weak/sin-problem-7-weak-chunk-0146.smt2 : 20 ms.
--------------------------------------------------
sat
QF_NRA/meti-tarski/sin/problem/7/weak/sin-problem-7-weak-chunk-0147.smt2 : 21 ms.
--------------------------------------------------
unsat
QF_NRA/meti-tarski/sin/problem/7/weak/sin-problem-7-weak-chunk-0148.smt2 : 20 ms.
--------------------------------------------------
unsat
QF_NRA/meti-tarski/sin/problem/7/weak/sin-problem-7-weak-chunk-0149.smt2 : 21 ms.
--------------------------------------------------
sat
QF_NRA/meti-tarski/sin/problem/7/weak/sin-problem-7-weak-chunk-0150.smt2 : 49 ms.
--------------------------------------------------
sat
QF_NRA/meti-tarski/sin/problem/7/weak/sin-problem-7-weak-chunk-0151.smt2 : 50 ms.
--------------------------------------------------
sat
QF_NRA/meti-tarski/sin/problem/7/weak/sin-problem-7-weak-chunk-0152.smt2 : 21 ms.
--------------------------------------------------
sat
QF_NRA/meti-tarski/sin/problem/7/weak/sin-problem-7-weak-chunk-0153.smt2 : 19 ms.
--------------------------------------------------
unsat
QF_NRA/meti-tarski/sin/problem/7/weak/sin-problem-7-weak-chunk-0154.smt2 : 17 ms.
--------------------------------------------------
sat
QF_NRA/meti-tarski/sin/problem/7/weak/sin-problem-7-weak-chunk-0155.smt2 : 20 ms.
--------------------------------------------------
sat
QF_NRA/meti-tarski/sin/problem/7/weak/sin-problem-7-weak-chunk-0156.smt2 : 20 ms.
--------------------------------------------------
unsat
QF_NRA/meti-tarski/sin/problem/7/weak/sin-problem-7-weak-chunk-0157.smt2 : 56 ms.
--------------------------------------------------
sat
QF_NRA/meti-tarski/sin/problem/7/weak/sin-problem-7-weak-chunk-0159.smt2 : 51 ms.
--------------------------------------------------
sat
QF_NRA/meti-tarski/sin/problem/7/weak/sin-problem-7-weak-chunk-0160.smt2 : 23 ms.
--------------------------------------------------
sat
QF_NRA/meti-tarski/sin/problem/7/weak/sin-problem-7-weak-chunk-0161.smt2 : 53 ms.
--------------------------------------------------
sat
QF_NRA/meti-tarski/sin/problem/7/weak/sin-problem-7-weak-chunk-0162.smt2 : 50 ms.
--------------------------------------------------
sat
QF_NRA/meti-tarski/sin/problem/7/weak/sin-problem-7-weak-chunk-0163.smt2 : 51 ms.
--------------------------------------------------
sat
QF_NRA/meti-tarski/sin/problem/7/weak/sin-problem-7-weak-chunk-0164.smt2 : 50 ms.
--------------------------------------------------
unsat
QF_NRA/meti-tarski/sin/problem/7/weak/sin-problem-7-weak-chunk-0165.smt2 : 289 ms.
--------------------------------------------------
sat
QF_NRA/meti-tarski/sin/problem/7/weak/sin-problem-7-weak-chunk-0166.smt2 : 51 ms.
--------------------------------------------------
sat
QF_NRA/meti-tarski/sin/problem/7/weak/sin-problem-7-weak-chunk-0167.smt2 : 52 ms.
--------------------------------------------------
unsat
QF_NRA/meti-tarski/sin/problem/7/weak/sin-problem-7-weak-chunk-0168.smt2 : 21 ms.
--------------------------------------------------
sat
QF_NRA/meti-tarski/sin/problem/7/weak/sin-problem-7-weak-chunk-0170.smt2 : 49 ms.
--------------------------------------------------
sat
QF_NRA/meti-tarski/sin/problem/7/weak/sin-problem-7-weak-chunk-0171.smt2 : 51 ms.
--------------------------------------------------
unsat
QF_NRA/meti-tarski/sin/problem/7/weak/sin-problem-7-weak-chunk-0172.smt2 : 66 ms.
--------------------------------------------------
unsat
QF_NRA/meti-tarski/sin/problem/7/weak/sin-problem-7-weak-chunk-0173.smt2 : 357 ms.
--------------------------------------------------
sat
QF_NRA/meti-tarski/sin/problem/7/weak/sin-problem-7-weak-chunk-0174.smt2 : 77 ms.
--------------------------------------------------
sat
QF_NRA/meti-tarski/sin/problem/7/weak/sin-problem-7-weak-chunk-0175.smt2 : 77 ms.
--------------------------------------------------
unsat
QF_NRA/meti-tarski/sin/problem/7/weak/sin-problem-7-weak-chunk-0176.smt2 : 24 ms.
--------------------------------------------------
sat
QF_NRA/meti-tarski/sin/problem/7/weak/sin-problem-7-weak-chunk-0177.smt2 : 80 ms.
--------------------------------------------------
sat
QF_NRA/meti-tarski/sin/problem/7/weak/sin-problem-7-weak-chunk-0178.smt2 : 55 ms.
--------------------------------------------------
timeout
QF_NRA/meti-tarski/sin/problem/7/weak/sin-problem-7-weak-chunk-0179.smt2 : 1800012 ms.
--------------------------------------------------
sat
QF_NRA/meti-tarski/sin/problem/7/weak/sin-problem-7-weak-chunk-0180.smt2 : 49 ms.
--------------------------------------------------
sat
QF_NRA/meti-tarski/sin/problem/7/weak/sin-problem-7-weak-chunk-0181.smt2 : 2557 ms.
--------------------------------------------------
sat
QF_NRA/meti-tarski/sin/problem/7/weak/sin-problem-7-weak-chunk-0183.smt2 : 2322 ms.
--------------------------------------------------
unsat
QF_NRA/meti-tarski/sin/problem/7/weak/sin-problem-7-weak-chunk-0184.smt2 : 22 ms.
--------------------------------------------------
unsat
QF_NRA/meti-tarski/sin/problem/7/weak/sin-problem-7-weak-chunk-0185.smt2 : 220 ms.
--------------------------------------------------
sat
QF_NRA/meti-tarski/sin/problem/7/weak/sin-problem-7-weak-chunk-0186.smt2 : 58 ms.
