--------------------------------------------------
unsat
QF_NRA/hycomp/ball_count_1d_plain.05.redlog_global_0.smt2 : 25 ms.
--------------------------------------------------
QF_NRA/hycomp/ball_count_1d_plain.05.redlog_global_10.smt2 : 1802022 ms.
--------------------------------------------------
unsat
QF_NRA/hycomp/ball_count_1d_plain.05.redlog_global_11.smt2 : 5430 ms.
--------------------------------------------------
QF_NRA/hycomp/ball_count_1d_plain.05.redlog_global_12.smt2 : 1802880 ms.
--------------------------------------------------
unsat
QF_NRA/hycomp/ball_count_1d_plain.05.redlog_global_13.smt2 : 43 ms.
--------------------------------------------------
QF_NRA/hycomp/ball_count_1d_plain.05.redlog_global_14.smt2 : 1800023 ms.
--------------------------------------------------
unsat
QF_NRA/hycomp/ball_count_1d_plain.05.redlog_global_15.smt2 : 42 ms.
--------------------------------------------------
unsat
QF_NRA/hycomp/ball_count_1d_plain.05.redlog_global_1.smt2 : 26 ms.
--------------------------------------------------
unsat
QF_NRA/hycomp/ball_count_1d_plain.05.redlog_global_2.smt2 : 28 ms.
--------------------------------------------------
unsat
QF_NRA/hycomp/ball_count_1d_plain.05.redlog_global_3.smt2 : 28 ms.
--------------------------------------------------
unsat
QF_NRA/hycomp/ball_count_1d_plain.05.redlog_global_4.smt2 : 29 ms.
--------------------------------------------------
unsat
QF_NRA/hycomp/ball_count_1d_plain.05.redlog_global_5.smt2 : 34 ms.
--------------------------------------------------
unsat
QF_NRA/hycomp/ball_count_1d_plain.05.redlog_global_6.smt2 : 31 ms.
--------------------------------------------------
unsat
QF_NRA/hycomp/ball_count_1d_plain.05.redlog_global_7.smt2 : 36 ms.
--------------------------------------------------
unsat
QF_NRA/hycomp/ball_count_1d_plain.05.redlog_global_8.smt2 : 39 ms.
--------------------------------------------------
unsat
QF_NRA/hycomp/ball_count_1d_plain.05.redlog_global_9.smt2 : 37 ms.
--------------------------------------------------
unsat
QF_NRA/hycomp/ball_count_1d_plain.05.seq_lazy_global_0.smt2 : 28 ms.
--------------------------------------------------
unsat
QF_NRA/hycomp/ball_count_1d_plain.05.seq_lazy_global_10.smt2 : 39 ms.
--------------------------------------------------
unsat
QF_NRA/hycomp/ball_count_1d_plain.05.seq_lazy_global_11.smt2 : 35 ms.
--------------------------------------------------
unsat
QF_NRA/hycomp/ball_count_1d_plain.05.seq_lazy_global_12.smt2 : 43 ms.
--------------------------------------------------
unsat
QF_NRA/hycomp/ball_count_1d_plain.05.seq_lazy_global_13.smt2 : 40 ms.
--------------------------------------------------
unsat
QF_NRA/hycomp/ball_count_1d_plain.05.seq_lazy_global_14.smt2 : 45 ms.
--------------------------------------------------
unsat
QF_NRA/hycomp/ball_count_1d_plain.05.seq_lazy_global_15.smt2 : 37 ms.
--------------------------------------------------
unsat
QF_NRA/hycomp/ball_count_1d_plain.05.seq_lazy_global_1.smt2 : 22 ms.
--------------------------------------------------
unsat
QF_NRA/hycomp/ball_count_1d_plain.05.seq_lazy_global_2.smt2 : 24 ms.
--------------------------------------------------
unsat
QF_NRA/hycomp/ball_count_1d_plain.05.seq_lazy_global_3.smt2 : 30 ms.
--------------------------------------------------
unsat
QF_NRA/hycomp/ball_count_1d_plain.05.seq_lazy_global_4.smt2 : 30 ms.
--------------------------------------------------
unsat
QF_NRA/hycomp/ball_count_1d_plain.05.seq_lazy_global_5.smt2 : 26 ms.
--------------------------------------------------
unsat
QF_NRA/hycomp/ball_count_1d_plain.05.seq_lazy_global_6.smt2 : 29 ms.
--------------------------------------------------
unsat
QF_NRA/hycomp/ball_count_1d_plain.05.seq_lazy_global_7.smt2 : 31 ms.
--------------------------------------------------
unsat
QF_NRA/hycomp/ball_count_1d_plain.05.seq_lazy_global_8.smt2 : 33 ms.
--------------------------------------------------
unsat
QF_NRA/hycomp/ball_count_1d_plain.05.seq_lazy_global_9.smt2 : 32 ms.
--------------------------------------------------
unsat
QF_NRA/hycomp/ball_count_1d_plain.05.seq_lazy_lemmas_global_0.smt2 : 26 ms.
--------------------------------------------------
unsat
QF_NRA/hycomp/ball_count_1d_plain.05.seq_lazy_lemmas_global_10.smt2 : 46 ms.
--------------------------------------------------
unsat
QF_NRA/hycomp/ball_count_1d_plain.05.seq_lazy_lemmas_global_11.smt2 : 42 ms.
--------------------------------------------------
unsat
QF_NRA/hycomp/ball_count_1d_plain.05.seq_lazy_lemmas_global_12.smt2 : 39 ms.
--------------------------------------------------
unsat
QF_NRA/hycomp/ball_count_1d_plain.05.seq_lazy_lemmas_global_13.smt2 : 41 ms.
--------------------------------------------------
unsat
QF_NRA/hycomp/ball_count_1d_plain.05.seq_lazy_lemmas_global_14.smt2 : 123 ms.
--------------------------------------------------
unsat
QF_NRA/hycomp/ball_count_1d_plain.05.seq_lazy_lemmas_global_15.smt2 : 46 ms.
--------------------------------------------------
unsat
QF_NRA/hycomp/ball_count_1d_plain.05.seq_lazy_lemmas_global_1.smt2 : 23 ms.
--------------------------------------------------
unsat
QF_NRA/hycomp/ball_count_1d_plain.05.seq_lazy_lemmas_global_2.smt2 : 25 ms.
--------------------------------------------------
unsat
QF_NRA/hycomp/ball_count_1d_plain.05.seq_lazy_lemmas_global_3.smt2 : 26 ms.
--------------------------------------------------
unsat
QF_NRA/hycomp/ball_count_1d_plain.05.seq_lazy_lemmas_global_4.smt2 : 665 ms.
--------------------------------------------------
unsat
QF_NRA/hycomp/ball_count_1d_plain.05.seq_lazy_lemmas_global_5.smt2 : 34 ms.
--------------------------------------------------
unsat
QF_NRA/hycomp/ball_count_1d_plain.05.seq_lazy_lemmas_global_6.smt2 : 42 ms.
--------------------------------------------------
unsat
QF_NRA/hycomp/ball_count_1d_plain.05.seq_lazy_lemmas_global_7.smt2 : 37 ms.
--------------------------------------------------
unsat
QF_NRA/hycomp/ball_count_1d_plain.05.seq_lazy_lemmas_global_8.smt2 : 40 ms.
--------------------------------------------------
unsat
QF_NRA/hycomp/ball_count_1d_plain.05.seq_lazy_lemmas_global_9.smt2 : 33 ms.
--------------------------------------------------
unsat
QF_NRA/hycomp/ball_count_1d_plain.05.seq_lazy_linear_enc_global_0.smt2 : 20 ms.
--------------------------------------------------
unsat
QF_NRA/hycomp/ball_count_1d_plain.05.seq_lazy_linear_enc_global_10.smt2 : 33 ms.
--------------------------------------------------
unsat
QF_NRA/hycomp/ball_count_1d_plain.05.seq_lazy_linear_enc_global_11.smt2 : 31 ms.
--------------------------------------------------
unsat
QF_NRA/hycomp/ball_count_1d_plain.05.seq_lazy_linear_enc_global_12.smt2 : 36 ms.
--------------------------------------------------
unsat
QF_NRA/hycomp/ball_count_1d_plain.05.seq_lazy_linear_enc_global_13.smt2 : 31 ms.
--------------------------------------------------
unsat
QF_NRA/hycomp/ball_count_1d_plain.05.seq_lazy_linear_enc_global_14.smt2 : 42 ms.
--------------------------------------------------
unsat
QF_NRA/hycomp/ball_count_1d_plain.05.seq_lazy_linear_enc_global_15.smt2 : 33 ms.
--------------------------------------------------
unsat
QF_NRA/hycomp/ball_count_1d_plain.05.seq_lazy_linear_enc_global_1.smt2 : 21 ms.
--------------------------------------------------
unsat
QF_NRA/hycomp/ball_count_1d_plain.05.seq_lazy_linear_enc_global_2.smt2 : 68 ms.
--------------------------------------------------
unsat
QF_NRA/hycomp/ball_count_1d_plain.05.seq_lazy_linear_enc_global_3.smt2 : 30 ms.
--------------------------------------------------
unsat
QF_NRA/hycomp/ball_count_1d_plain.05.seq_lazy_linear_enc_global_4.smt2 : 25 ms.
--------------------------------------------------
unsat
QF_NRA/hycomp/ball_count_1d_plain.05.seq_lazy_linear_enc_global_5.smt2 : 29 ms.
--------------------------------------------------
unsat
QF_NRA/hycomp/ball_count_1d_plain.05.seq_lazy_linear_enc_global_6.smt2 : 28 ms.
--------------------------------------------------
unsat
QF_NRA/hycomp/ball_count_1d_plain.05.seq_lazy_linear_enc_global_7.smt2 : 27 ms.
--------------------------------------------------
unsat
QF_NRA/hycomp/ball_count_1d_plain.05.seq_lazy_linear_enc_global_8.smt2 : 30 ms.
--------------------------------------------------
unsat
QF_NRA/hycomp/ball_count_1d_plain.05.seq_lazy_linear_enc_global_9.smt2 : 55 ms.
--------------------------------------------------
unsat
QF_NRA/hycomp/ball_count_1d_plain.05.seq_lazy_linear_enc_lemmas_global_0.smt2 : 24 ms.
--------------------------------------------------
unsat
QF_NRA/hycomp/ball_count_1d_plain.05.seq_lazy_linear_enc_lemmas_global_10.smt2 : 36 ms.
--------------------------------------------------
unsat
QF_NRA/hycomp/ball_count_1d_plain.05.seq_lazy_linear_enc_lemmas_global_11.smt2 : 33 ms.
--------------------------------------------------
unsat
QF_NRA/hycomp/ball_count_1d_plain.05.seq_lazy_linear_enc_lemmas_global_12.smt2 : 53 ms.
--------------------------------------------------
unsat
QF_NRA/hycomp/ball_count_1d_plain.05.seq_lazy_linear_enc_lemmas_global_13.smt2 : 35 ms.
--------------------------------------------------
unsat
QF_NRA/hycomp/ball_count_1d_plain.05.seq_lazy_linear_enc_lemmas_global_14.smt2 : 240 ms.
--------------------------------------------------
unsat
QF_NRA/hycomp/ball_count_1d_plain.05.seq_lazy_linear_enc_lemmas_global_15.smt2 : 317 ms.
--------------------------------------------------
unsat
QF_NRA/hycomp/ball_count_1d_plain.05.seq_lazy_linear_enc_lemmas_global_1.smt2 : 26 ms.
--------------------------------------------------
unsat
QF_NRA/hycomp/ball_count_1d_plain.05.seq_lazy_linear_enc_lemmas_global_2.smt2 : 23 ms.
--------------------------------------------------
unsat
QF_NRA/hycomp/ball_count_1d_plain.05.seq_lazy_linear_enc_lemmas_global_3.smt2 : 23 ms.
--------------------------------------------------
unsat
QF_NRA/hycomp/ball_count_1d_plain.05.seq_lazy_linear_enc_lemmas_global_4.smt2 : 26 ms.
--------------------------------------------------
unsat
QF_NRA/hycomp/ball_count_1d_plain.05.seq_lazy_linear_enc_lemmas_global_5.smt2 : 28 ms.
--------------------------------------------------
unsat
QF_NRA/hycomp/ball_count_1d_plain.05.seq_lazy_linear_enc_lemmas_global_6.smt2 : 43 ms.
--------------------------------------------------
unsat
QF_NRA/hycomp/ball_count_1d_plain.05.seq_lazy_linear_enc_lemmas_global_7.smt2 : 32 ms.
--------------------------------------------------
unsat
QF_NRA/hycomp/ball_count_1d_plain.05.seq_lazy_linear_enc_lemmas_global_8.smt2 : 38 ms.
--------------------------------------------------
unsat
QF_NRA/hycomp/ball_count_1d_plain.05.seq_lazy_linear_enc_lemmas_global_9.smt2 : 33 ms.
--------------------------------------------------
unsat
QF_NRA/hycomp/ball_count_1d_plain.10.qfree_global_0.smt2 : 20 ms.
--------------------------------------------------
unsat
QF_NRA/hycomp/ball_count_1d_plain.10.qfree_global_10.smt2 : 29 ms.
--------------------------------------------------
unsat
QF_NRA/hycomp/ball_count_1d_plain.10.qfree_global_11.smt2 : 27 ms.
--------------------------------------------------
unsat
QF_NRA/hycomp/ball_count_1d_plain.10.qfree_global_12.smt2 : 35 ms.
--------------------------------------------------
unsat
QF_NRA/hycomp/ball_count_1d_plain.10.qfree_global_13.smt2 : 29 ms.
--------------------------------------------------
unsat
QF_NRA/hycomp/ball_count_1d_plain.10.qfree_global_14.smt2 : 44 ms.
--------------------------------------------------
unsat
QF_NRA/hycomp/ball_count_1d_plain.10.qfree_global_15.smt2 : 28 ms.
--------------------------------------------------
unsat
QF_NRA/hycomp/ball_count_1d_plain.10.qfree_global_1.smt2 : 20 ms.
--------------------------------------------------
unsat
QF_NRA/hycomp/ball_count_1d_plain.10.qfree_global_2.smt2 : 23 ms.
--------------------------------------------------
unsat
QF_NRA/hycomp/ball_count_1d_plain.10.qfree_global_3.smt2 : 23 ms.
--------------------------------------------------
unsat
QF_NRA/hycomp/ball_count_1d_plain.10.qfree_global_4.smt2 : 21 ms.
--------------------------------------------------
unsat
QF_NRA/hycomp/ball_count_1d_plain.10.qfree_global_5.smt2 : 22 ms.
--------------------------------------------------
unsat
QF_NRA/hycomp/ball_count_1d_plain.10.qfree_global_6.smt2 : 23 ms.
--------------------------------------------------
unsat
QF_NRA/hycomp/ball_count_1d_plain.10.qfree_global_7.smt2 : 22 ms.
--------------------------------------------------
unsat
QF_NRA/hycomp/ball_count_1d_plain.10.qfree_global_8.smt2 : 26 ms.
--------------------------------------------------
unsat
QF_NRA/hycomp/ball_count_1d_plain.10.qfree_global_9.smt2 : 25 ms.
--------------------------------------------------
unsat
QF_NRA/hycomp/ball_count_1d_plain.10.redlog_global_0.smt2 : 20 ms.
--------------------------------------------------
unsat
QF_NRA/hycomp/ball_count_1d_plain.10.redlog_global_10.smt2 : 30 ms.
--------------------------------------------------
unsat
QF_NRA/hycomp/ball_count_1d_plain.10.redlog_global_11.smt2 : 26 ms.
--------------------------------------------------
unsat
QF_NRA/hycomp/ball_count_1d_plain.10.redlog_global_12.smt2 : 33 ms.
--------------------------------------------------
unsat
QF_NRA/hycomp/ball_count_1d_plain.10.redlog_global_13.smt2 : 29 ms.
--------------------------------------------------
unsat
QF_NRA/hycomp/ball_count_1d_plain.10.redlog_global_14.smt2 : 39 ms.
--------------------------------------------------
unsat
QF_NRA/hycomp/ball_count_1d_plain.10.redlog_global_15.smt2 : 30 ms.
--------------------------------------------------
unsat
QF_NRA/hycomp/ball_count_1d_plain.10.redlog_global_1.smt2 : 20 ms.
--------------------------------------------------
unsat
QF_NRA/hycomp/ball_count_1d_plain.10.redlog_global_2.smt2 : 21 ms.
--------------------------------------------------
unsat
QF_NRA/hycomp/ball_count_1d_plain.10.redlog_global_3.smt2 : 22 ms.
--------------------------------------------------
unsat
QF_NRA/hycomp/ball_count_1d_plain.10.redlog_global_4.smt2 : 24 ms.
--------------------------------------------------
unsat
QF_NRA/hycomp/ball_count_1d_plain.10.redlog_global_5.smt2 : 23 ms.
--------------------------------------------------
unsat
QF_NRA/hycomp/ball_count_1d_plain.10.redlog_global_6.smt2 : 26 ms.
--------------------------------------------------
unsat
QF_NRA/hycomp/ball_count_1d_plain.10.redlog_global_7.smt2 : 25 ms.
--------------------------------------------------
unsat
QF_NRA/hycomp/ball_count_1d_plain.10.redlog_global_8.smt2 : 28 ms.
--------------------------------------------------
unsat
QF_NRA/hycomp/ball_count_1d_plain.10.redlog_global_9.smt2 : 25 ms.
--------------------------------------------------
unsat
QF_NRA/hycomp/ball_count_1d_plain.10.seq_lazy_global_0.smt2 : 20 ms.
--------------------------------------------------
unsat
QF_NRA/hycomp/ball_count_1d_plain.10.seq_lazy_global_10.smt2 : 30 ms.
--------------------------------------------------
unsat
QF_NRA/hycomp/ball_count_1d_plain.10.seq_lazy_global_11.smt2 : 27 ms.
--------------------------------------------------
unsat
QF_NRA/hycomp/ball_count_1d_plain.10.seq_lazy_global_12.smt2 : 31 ms.
--------------------------------------------------
unsat
QF_NRA/hycomp/ball_count_1d_plain.10.seq_lazy_global_13.smt2 : 28 ms.
--------------------------------------------------
unsat
QF_NRA/hycomp/ball_count_1d_plain.10.seq_lazy_global_14.smt2 : 35 ms.
--------------------------------------------------
unsat
QF_NRA/hycomp/ball_count_1d_plain.10.seq_lazy_global_15.smt2 : 30 ms.
--------------------------------------------------
unsat
QF_NRA/hycomp/ball_count_1d_plain.10.seq_lazy_global_1.smt2 : 21 ms.
--------------------------------------------------
unsat
QF_NRA/hycomp/ball_count_1d_plain.10.seq_lazy_global_2.smt2 : 21 ms.
--------------------------------------------------
unsat
QF_NRA/hycomp/ball_count_1d_plain.10.seq_lazy_global_3.smt2 : 20 ms.
--------------------------------------------------
unsat
QF_NRA/hycomp/ball_count_1d_plain.10.seq_lazy_global_4.smt2 : 22 ms.
--------------------------------------------------
unsat
QF_NRA/hycomp/ball_count_1d_plain.10.seq_lazy_global_5.smt2 : 22 ms.
--------------------------------------------------
unsat
QF_NRA/hycomp/ball_count_1d_plain.10.seq_lazy_global_6.smt2 : 23 ms.
--------------------------------------------------
unsat
QF_NRA/hycomp/ball_count_1d_plain.10.seq_lazy_global_7.smt2 : 24 ms.
--------------------------------------------------
unsat
QF_NRA/hycomp/ball_count_1d_plain.10.seq_lazy_global_8.smt2 : 27 ms.
--------------------------------------------------
unsat
QF_NRA/hycomp/ball_count_1d_plain.10.seq_lazy_global_9.smt2 : 32 ms.
--------------------------------------------------
unsat
QF_NRA/hycomp/ball_count_1d_plain.10.seq_lazy_lemmas_global_0.smt2 : 24 ms.
--------------------------------------------------
unsat
QF_NRA/hycomp/ball_count_1d_plain.10.seq_lazy_lemmas_global_10.smt2 : 34 ms.
--------------------------------------------------
unsat
QF_NRA/hycomp/ball_count_1d_plain.10.seq_lazy_lemmas_global_11.smt2 : 25 ms.
--------------------------------------------------
unsat
QF_NRA/hycomp/ball_count_1d_plain.10.seq_lazy_lemmas_global_12.smt2 : 39 ms.
--------------------------------------------------
unsat
QF_NRA/hycomp/ball_count_1d_plain.10.seq_lazy_lemmas_global_13.smt2 : 28 ms.
--------------------------------------------------
unsat
QF_NRA/hycomp/ball_count_1d_plain.10.seq_lazy_lemmas_global_14.smt2 : 48 ms.
--------------------------------------------------
unsat
QF_NRA/hycomp/ball_count_1d_plain.10.seq_lazy_lemmas_global_15.smt2 : 29 ms.
--------------------------------------------------
unsat
QF_NRA/hycomp/ball_count_1d_plain.10.seq_lazy_lemmas_global_1.smt2 : 20 ms.
--------------------------------------------------
unsat
QF_NRA/hycomp/ball_count_1d_plain.10.seq_lazy_lemmas_global_2.smt2 : 21 ms.
--------------------------------------------------
unsat
QF_NRA/hycomp/ball_count_1d_plain.10.seq_lazy_lemmas_global_3.smt2 : 22 ms.
--------------------------------------------------
unsat
QF_NRA/hycomp/ball_count_1d_plain.10.seq_lazy_lemmas_global_4.smt2 : 24 ms.
--------------------------------------------------
unsat
QF_NRA/hycomp/ball_count_1d_plain.10.seq_lazy_lemmas_global_5.smt2 : 24 ms.
--------------------------------------------------
unsat
QF_NRA/hycomp/ball_count_1d_plain.10.seq_lazy_lemmas_global_6.smt2 : 27 ms.
--------------------------------------------------
unsat
QF_NRA/hycomp/ball_count_1d_plain.10.seq_lazy_lemmas_global_7.smt2 : 25 ms.
--------------------------------------------------
unsat
QF_NRA/hycomp/ball_count_1d_plain.10.seq_lazy_lemmas_global_8.smt2 : 32 ms.
--------------------------------------------------
unsat
QF_NRA/hycomp/ball_count_1d_plain.10.seq_lazy_lemmas_global_9.smt2 : 25 ms.
--------------------------------------------------
unsat
QF_NRA/hycomp/ball_count_1d_plain.10.seq_lazy_linear_enc_global_0.smt2 : 19 ms.
--------------------------------------------------
unsat
QF_NRA/hycomp/ball_count_1d_plain.10.seq_lazy_linear_enc_global_10.smt2 : 29 ms.
--------------------------------------------------
unsat
QF_NRA/hycomp/ball_count_1d_plain.10.seq_lazy_linear_enc_global_11.smt2 : 27 ms.
--------------------------------------------------
unsat
QF_NRA/hycomp/ball_count_1d_plain.10.seq_lazy_linear_enc_global_12.smt2 : 32 ms.
--------------------------------------------------
unsat
QF_NRA/hycomp/ball_count_1d_plain.10.seq_lazy_linear_enc_global_13.smt2 : 27 ms.
--------------------------------------------------
unsat
QF_NRA/hycomp/ball_count_1d_plain.10.seq_lazy_linear_enc_global_14.smt2 : 36 ms.
--------------------------------------------------
unsat
QF_NRA/hycomp/ball_count_1d_plain.10.seq_lazy_linear_enc_global_15.smt2 : 29 ms.
--------------------------------------------------
unsat
QF_NRA/hycomp/ball_count_1d_plain.10.seq_lazy_linear_enc_global_1.smt2 : 19 ms.
--------------------------------------------------
unsat
QF_NRA/hycomp/ball_count_1d_plain.10.seq_lazy_linear_enc_global_2.smt2 : 19 ms.
--------------------------------------------------
unsat
QF_NRA/hycomp/ball_count_1d_plain.10.seq_lazy_linear_enc_global_3.smt2 : 21 ms.
--------------------------------------------------
unsat
QF_NRA/hycomp/ball_count_1d_plain.10.seq_lazy_linear_enc_global_4.smt2 : 23 ms.
--------------------------------------------------
unsat
QF_NRA/hycomp/ball_count_1d_plain.10.seq_lazy_linear_enc_global_5.smt2 : 22 ms.
--------------------------------------------------
unsat
QF_NRA/hycomp/ball_count_1d_plain.10.seq_lazy_linear_enc_global_6.smt2 : 25 ms.
--------------------------------------------------
unsat
QF_NRA/hycomp/ball_count_1d_plain.10.seq_lazy_linear_enc_global_7.smt2 : 26 ms.
--------------------------------------------------
unsat
QF_NRA/hycomp/ball_count_1d_plain.10.seq_lazy_linear_enc_global_8.smt2 : 677 ms.
--------------------------------------------------
unsat
QF_NRA/hycomp/ball_count_1d_plain.10.seq_lazy_linear_enc_global_9.smt2 : 31 ms.
--------------------------------------------------
unsat
QF_NRA/hycomp/ball_count_1d_plain.10.seq_lazy_linear_enc_lemmas_global_0.smt2 : 19 ms.
--------------------------------------------------
unsat
QF_NRA/hycomp/ball_count_1d_plain.10.seq_lazy_linear_enc_lemmas_global_10.smt2 : 34 ms.
--------------------------------------------------
unsat
QF_NRA/hycomp/ball_count_1d_plain.10.seq_lazy_linear_enc_lemmas_global_11.smt2 : 26 ms.
--------------------------------------------------
unsat
QF_NRA/hycomp/ball_count_1d_plain.10.seq_lazy_linear_enc_lemmas_global_12.smt2 : 49 ms.
--------------------------------------------------
unsat
QF_NRA/hycomp/ball_count_1d_plain.10.seq_lazy_linear_enc_lemmas_global_13.smt2 : 28 ms.
--------------------------------------------------
unsat
QF_NRA/hycomp/ball_count_1d_plain.10.seq_lazy_linear_enc_lemmas_global_14.smt2 : 41 ms.
--------------------------------------------------
unsat
QF_NRA/hycomp/ball_count_1d_plain.10.seq_lazy_linear_enc_lemmas_global_15.smt2 : 28 ms.
--------------------------------------------------
unsat
QF_NRA/hycomp/ball_count_1d_plain.10.seq_lazy_linear_enc_lemmas_global_1.smt2 : 22 ms.
--------------------------------------------------
unsat
QF_NRA/hycomp/ball_count_1d_plain.10.seq_lazy_linear_enc_lemmas_global_2.smt2 : 22 ms.
--------------------------------------------------
unsat
QF_NRA/hycomp/ball_count_1d_plain.10.seq_lazy_linear_enc_lemmas_global_3.smt2 : 24 ms.
--------------------------------------------------
unsat
QF_NRA/hycomp/ball_count_1d_plain.10.seq_lazy_linear_enc_lemmas_global_4.smt2 : 24 ms.
--------------------------------------------------
unsat
QF_NRA/hycomp/ball_count_1d_plain.10.seq_lazy_linear_enc_lemmas_global_5.smt2 : 25 ms.
--------------------------------------------------
unsat
QF_NRA/hycomp/ball_count_1d_plain.10.seq_lazy_linear_enc_lemmas_global_6.smt2 : 63 ms.
--------------------------------------------------
unsat
QF_NRA/hycomp/ball_count_1d_plain.10.seq_lazy_linear_enc_lemmas_global_7.smt2 : 30 ms.
--------------------------------------------------
unsat
QF_NRA/hycomp/ball_count_1d_plain.10.seq_lazy_linear_enc_lemmas_global_8.smt2 : 32 ms.
--------------------------------------------------
unsat
QF_NRA/hycomp/ball_count_1d_plain.10.seq_lazy_linear_enc_lemmas_global_9.smt2 : 27 ms.
--------------------------------------------------
unsat
QF_NRA/hycomp/ball_count_2d_hill.01.redlog_global_0.smt2 : 23 ms.
--------------------------------------------------
QF_NRA/hycomp/ball_count_2d_hill.01.redlog_global_10.smt2 : 1800090 ms.
--------------------------------------------------
unsat
QF_NRA/hycomp/ball_count_2d_hill.01.redlog_global_11.smt2 : 44 ms.
--------------------------------------------------
QF_NRA/hycomp/ball_count_2d_hill.01.redlog_global_12.smt2 : 1800186 ms.
--------------------------------------------------
unsat
QF_NRA/hycomp/ball_count_2d_hill.01.redlog_global_13.smt2 : 49 ms.
--------------------------------------------------
QF_NRA/hycomp/ball_count_2d_hill.01.redlog_global_14.smt2 : 1800014 ms.
--------------------------------------------------
unsat
QF_NRA/hycomp/ball_count_2d_hill.01.redlog_global_15.smt2 : 52 ms.
--------------------------------------------------
unsat
QF_NRA/hycomp/ball_count_2d_hill.01.redlog_global_1.smt2 : 24 ms.
--------------------------------------------------
QF_NRA/hycomp/ball_count_2d_hill.01.redlog_global_2.smt2 : 1800076 ms.
--------------------------------------------------
unsat
QF_NRA/hycomp/ball_count_2d_hill.01.redlog_global_3.smt2 : 33 ms.
--------------------------------------------------
QF_NRA/hycomp/ball_count_2d_hill.01.redlog_global_4.smt2 : 1800054 ms.
--------------------------------------------------
unsat
QF_NRA/hycomp/ball_count_2d_hill.01.redlog_global_5.smt2 : 36 ms.
--------------------------------------------------
QF_NRA/hycomp/ball_count_2d_hill.01.redlog_global_6.smt2 : 1800129 ms.
--------------------------------------------------
unsat
QF_NRA/hycomp/ball_count_2d_hill.01.redlog_global_7.smt2 : 50 ms.
--------------------------------------------------
QF_NRA/hycomp/ball_count_2d_hill.01.redlog_global_8.smt2 : 1800144 ms.
--------------------------------------------------
unsat
QF_NRA/hycomp/ball_count_2d_hill.01.redlog_global_9.smt2 : 77 ms.
--------------------------------------------------
unsat
QF_NRA/hycomp/ball_count_2d_hill.01.seq_lazy_global_0.smt2 : 63 ms.
--------------------------------------------------
QF_NRA/hycomp/ball_count_2d_hill.01.seq_lazy_global_10.smt2 : 1800045 ms.
--------------------------------------------------
unsat
QF_NRA/hycomp/ball_count_2d_hill.01.seq_lazy_global_11.smt2 : 37 ms.
--------------------------------------------------
QF_NRA/hycomp/ball_count_2d_hill.01.seq_lazy_global_12.smt2 : 1800037 ms.
--------------------------------------------------
unsat
QF_NRA/hycomp/ball_count_2d_hill.01.seq_lazy_global_13.smt2 : 34 ms.
--------------------------------------------------
QF_NRA/hycomp/ball_count_2d_hill.01.seq_lazy_global_14.smt2 : 1800369 ms.
--------------------------------------------------
unsat
QF_NRA/hycomp/ball_count_2d_hill.01.seq_lazy_global_15.smt2 : 40 ms.
--------------------------------------------------
unsat
QF_NRA/hycomp/ball_count_2d_hill.01.seq_lazy_global_1.smt2 : 24 ms.
