--------------------------------------------------
sat
QF_NRA/LassoRanker/CooperatingT2/a.10.c.t2.c_Iteration2_Loop_4-pieceTemplate.smt2 : 37483 ms.
--------------------------------------------------
sat
QF_NRA/LassoRanker/CooperatingT2/a.10.c.t2.c_Iteration5_Loop_4-pieceTemplate.smt2 : 33931 ms.
--------------------------------------------------
sat
QF_NRA/LassoRanker/CooperatingT2/a.10.c.t2.c_Iteration6_Loop_4-pieceTemplate.smt2 : 33275 ms.
--------------------------------------------------
sat
QF_NRA/LassoRanker/CooperatingT2/a.10.c.t2.c_Iteration9_Loop_4-pieceTemplate.smt2 : 98717 ms.
--------------------------------------------------
QF_NRA/LassoRanker/CooperatingT2/afagp-fail.t2.c_Iteration1_Lasso_3-pieceTemplate.smt2 : 1800045 ms.
--------------------------------------------------
QF_NRA/LassoRanker/CooperatingT2/afagp-fail.t2.c_Iteration1_Lasso_4-pieceTemplate.smt2 : 1800019 ms.
--------------------------------------------------
unsat
QF_NRA/LassoRanker/CooperatingT2/afagp-fail.t2.c_Iteration1_Lasso_5-phaseTemplate.smt2 : 10933 ms.
--------------------------------------------------
unsat
QF_NRA/LassoRanker/CooperatingT2/afagp-fail.t2.c_Iteration1_Lasso_6-phaseTemplate.smt2 : 12874 ms.
--------------------------------------------------
unsat
QF_NRA/LassoRanker/CooperatingT2/afagp-fail.t2.c_Iteration1_Lasso_7-phaseTemplate.smt2 : 50060 ms.
--------------------------------------------------
unsat
QF_NRA/LassoRanker/CooperatingT2/agafp.t2.c_Iteration1_Lasso_3-pieceTemplate.smt2 : 400234 ms.
--------------------------------------------------
unsat
QF_NRA/LassoRanker/CooperatingT2/agafp.t2.c_Iteration1_Lasso_4-pieceTemplate.smt2 : 59994 ms.
--------------------------------------------------
unsat
QF_NRA/LassoRanker/CooperatingT2/agafp.t2.c_Iteration1_Lasso_5-phaseTemplate.smt2 : 1697 ms.
--------------------------------------------------
unsat
QF_NRA/LassoRanker/CooperatingT2/agafp.t2.c_Iteration1_Lasso_6-phaseTemplate.smt2 : 23661 ms.
--------------------------------------------------
unsat
QF_NRA/LassoRanker/CooperatingT2/agafp.t2.c_Iteration1_Lasso_7-phaseTemplate.smt2 : 29822 ms.
--------------------------------------------------
QF_NRA/LassoRanker/CooperatingT2/bf10.t2.c_Iteration1_Loop_4-pieceTemplate.smt2 : 1800069 ms.
--------------------------------------------------
QF_NRA/LassoRanker/CooperatingT2/bf12.t2.c_Iteration1_Loop_4-pieceTemplate.smt2 : 1800217 ms.
--------------------------------------------------
QF_NRA/LassoRanker/CooperatingT2/bf13.t2.c_Iteration1_Loop_4-pieceTemplate.smt2 : 1800160 ms.
--------------------------------------------------
QF_NRA/LassoRanker/CooperatingT2/bf20.t2.c_Iteration1_Loop_4-pieceTemplate.smt2 : 1800080 ms.
--------------------------------------------------
QF_NRA/LassoRanker/CooperatingT2/bf5.t2.c_Iteration1_Loop_4-pieceTemplate.smt2 : 1800157 ms.
--------------------------------------------------
QF_NRA/LassoRanker/CooperatingT2/bf6.t2.c_Iteration1_Loop_4-pieceTemplate.smt2 : 1800172 ms.
--------------------------------------------------
QF_NRA/LassoRanker/CooperatingT2/bitcount16.t2.c_Iteration1_Loop_4-pieceTemplate.smt2 : 1800116 ms.
--------------------------------------------------
QF_NRA/LassoRanker/CooperatingT2/broydn.c.i.broydn.pl.t2.fixed.t2.c_Iteration1_Loop_4-pieceTemplate.smt2 : 1800215 ms.
--------------------------------------------------
sat
QF_NRA/LassoRanker/CooperatingT2/broydn.t2.c_Iteration1_Loop_4-pieceTemplate.smt2 : 12232 ms.
--------------------------------------------------
QF_NRA/LassoRanker/CooperatingT2/brp_withassume.t2.c_Iteration1_Loop_3-pieceTemplate.smt2 : 1800189 ms.
--------------------------------------------------
QF_NRA/LassoRanker/CooperatingT2/brp_withassume.t2.c_Iteration1_Loop_4-pieceTemplate.smt2 : 1800036 ms.
--------------------------------------------------
sat
QF_NRA/LassoRanker/CooperatingT2/brp_withassume.t2.c_Iteration8_Loop_2-pieceTemplate.smt2 : 1159817 ms.
--------------------------------------------------
QF_NRA/LassoRanker/CooperatingT2/brp_withassume.t2.c_Iteration8_Loop_3-pieceTemplate.smt2 : 1800040 ms.
--------------------------------------------------
QF_NRA/LassoRanker/CooperatingT2/brp_withassume.t2.c_Iteration8_Loop_4-pieceTemplate.smt2 : 1800082 ms.
--------------------------------------------------
QF_NRA/LassoRanker/CooperatingT2/bsort100.t2.c_Iteration12_Loop_4-pieceTemplate.smt2 : 1800126 ms.
--------------------------------------------------
QF_NRA/LassoRanker/CooperatingT2/bsort100.t2.c_Iteration13_Loop_4-pieceTemplate.smt2 : 1800095 ms.
--------------------------------------------------
sat
QF_NRA/LassoRanker/CooperatingT2/bubblesort_inner_loop.t2.c_Iteration1_Loop_3-pieceTemplate.smt2 : 13596 ms.
--------------------------------------------------
QF_NRA/LassoRanker/CooperatingT2/bubblesort_inner_loop.t2.c_Iteration1_Loop_4-pieceTemplate.smt2 : 1800057 ms.
--------------------------------------------------
QF_NRA/LassoRanker/CooperatingT2/bubbleSort.t2.c_Iteration5_Loop_4-pieceTemplate.smt2 : 1800100 ms.
--------------------------------------------------
QF_NRA/LassoRanker/CooperatingT2/bubbleSort.t2.c_Iteration6_Loop_4-pieceTemplate.smt2 : 1800026 ms.
--------------------------------------------------
QF_NRA/LassoRanker/CooperatingT2/byron-1.t2.c_Iteration1_Loop_3-pieceTemplate.smt2 : 1800062 ms.
--------------------------------------------------
QF_NRA/LassoRanker/CooperatingT2/byron-1.t2.c_Iteration1_Loop_4-pieceTemplate.smt2 : 1800086 ms.
--------------------------------------------------
sat
QF_NRA/LassoRanker/CooperatingT2/byron-2.t2.c_Iteration2_Loop_3-pieceTemplate.smt2 : 770 ms.
--------------------------------------------------
QF_NRA/LassoRanker/CooperatingT2/byron-2.t2.c_Iteration2_Loop_4-pieceTemplate.smt2 : 1800048 ms.
--------------------------------------------------
sat
QF_NRA/LassoRanker/CooperatingT2/byron-2.t2.c_Iteration3_Loop_4-pieceTemplate.smt2 : 492 ms.
--------------------------------------------------
QF_NRA/LassoRanker/CooperatingT2/byron-3.t2.c_Iteration1_Loop_4-pieceTemplate.smt2 : 1800036 ms.
--------------------------------------------------
unsat
QF_NRA/LassoRanker/CooperatingT2/collatz.t2.c_Iteration1_Loop_3-pieceTemplate.smt2 : 42771 ms.
--------------------------------------------------
unsat
QF_NRA/LassoRanker/CooperatingT2/collatz.t2.c_Iteration1_Loop_4-pieceTemplate.smt2 : 53886 ms.
--------------------------------------------------
QF_NRA/LassoRanker/CooperatingT2/collatz.t2.c_Iteration3_Lasso_3-pieceTemplate.smt2 : 1800051 ms.
--------------------------------------------------
QF_NRA/LassoRanker/CooperatingT2/collatz.t2.c_Iteration3_Lasso_4-pieceTemplate.smt2 : 1800094 ms.
--------------------------------------------------
unsat
QF_NRA/LassoRanker/CooperatingT2/collatz.t2.c_Iteration3_Lasso_6-phaseTemplate.smt2 : 1673 ms.
--------------------------------------------------
unsat
QF_NRA/LassoRanker/CooperatingT2/collatz.t2.c_Iteration3_Lasso_7-phaseTemplate.smt2 : 4466 ms.
--------------------------------------------------
unsat
QF_NRA/LassoRanker/CooperatingT2/collatz.t2.c_Iteration3_Loop_3-pieceTemplate.smt2 : 1118692 ms.
--------------------------------------------------
unsat
QF_NRA/LassoRanker/CooperatingT2/collatz.t2.c_Iteration3_Loop_4-pieceTemplate.smt2 : 1396033 ms.
--------------------------------------------------
unsat
QF_NRA/LassoRanker/CooperatingT2/collatz.t2.c_Iteration3_Loop_6-phaseTemplate.smt2 : 1097 ms.
--------------------------------------------------
unsat
QF_NRA/LassoRanker/CooperatingT2/collatz.t2.c_Iteration3_Loop_7-phaseTemplate.smt2 : 1200 ms.
--------------------------------------------------
QF_NRA/LassoRanker/CooperatingT2/consts1.t2.c_Iteration1_Lasso_4-pieceTemplate.smt2 : 1800013 ms.
--------------------------------------------------
QF_NRA/LassoRanker/CooperatingT2/curious4.t2.c_Iteration1_Lasso_3-pieceTemplate.smt2 : 1800149 ms.
--------------------------------------------------
QF_NRA/LassoRanker/CooperatingT2/curious4.t2.c_Iteration1_Lasso_4-pieceTemplate.smt2 : 1800222 ms.
--------------------------------------------------
sat
QF_NRA/LassoRanker/CooperatingT2/db2.t2.c_Iteration3_Loop_4-pieceTemplate.smt2 : 874002 ms.
--------------------------------------------------
QF_NRA/LassoRanker/CooperatingT2/db3.t2.c_Iteration2_Loop_4-pieceTemplate.smt2 : 1800559 ms.
--------------------------------------------------
QF_NRA/LassoRanker/CooperatingT2/disj_nightmare.t2.c_Iteration1_Lasso_2-pieceTemplate.smt2 : 1800669 ms.
--------------------------------------------------
QF_NRA/LassoRanker/CooperatingT2/disj_nightmare.t2.c_Iteration1_Lasso_3-pieceTemplate.smt2 : 1800773 ms.
--------------------------------------------------
QF_NRA/LassoRanker/CooperatingT2/disj_nightmare.t2.c_Iteration1_Lasso_4-pieceTemplate.smt2 : 1800125 ms.
--------------------------------------------------
QF_NRA/LassoRanker/CooperatingT2/disj_nightmare.t2.c_Iteration1_Loop_2-pieceTemplate.smt2 : 1800045 ms.
--------------------------------------------------
QF_NRA/LassoRanker/CooperatingT2/disj_nightmare.t2.c_Iteration1_Loop_3-pieceTemplate.smt2 : 1800034 ms.
--------------------------------------------------
QF_NRA/LassoRanker/CooperatingT2/disj_nightmare.t2.c_Iteration1_Loop_4-pieceTemplate.smt2 : 1800042 ms.
--------------------------------------------------
sat
QF_NRA/LassoRanker/CooperatingT2/dropbuf.t2.c_Iteration2_Loop_3-pieceTemplate.smt2 : 22792 ms.
--------------------------------------------------
QF_NRA/LassoRanker/CooperatingT2/dropbuf.t2.c_Iteration2_Loop_4-pieceTemplate.smt2 : 1800024 ms.
--------------------------------------------------
QF_NRA/LassoRanker/CooperatingT2/dropbuf.t2.c_Iteration3_Loop_4-pieceTemplate.smt2 : 1800039 ms.
--------------------------------------------------
QF_NRA/LassoRanker/CooperatingT2/efegp.t2.c_Iteration1_Lasso_3-pieceTemplate.smt2 : 1800145 ms.
--------------------------------------------------
unsat
QF_NRA/LassoRanker/CooperatingT2/efegp.t2.c_Iteration1_Lasso_4-lexTemplate.smt2 : 2563 ms.
--------------------------------------------------
QF_NRA/LassoRanker/CooperatingT2/efegp.t2.c_Iteration1_Lasso_4-pieceTemplate.smt2 : 1800134 ms.
--------------------------------------------------
QF_NRA/LassoRanker/CooperatingT2/elmhes.c.i.elmhes.pl.t2.fixed.t2.c_Iteration2_Loop_4-pieceTemplate.smt2 : 1800025 ms.
--------------------------------------------------
QF_NRA/LassoRanker/CooperatingT2/elmhes.c.i.elmhes.pl.t2.fixed.t2.c_Iteration6_Loop_4-pieceTemplate.smt2 : 1800052 ms.
--------------------------------------------------
QF_NRA/LassoRanker/CooperatingT2/elmhes.t2.c_Iteration2_Loop_4-pieceTemplate.smt2 : 1800013 ms.
--------------------------------------------------
QF_NRA/LassoRanker/CooperatingT2/elmhes.t2.c_Iteration6_Loop_4-pieceTemplate.smt2 : 1800105 ms.
--------------------------------------------------
sat
QF_NRA/LassoRanker/CooperatingT2/eric2.t2.c_Iteration11_Loop_4-pieceTemplate.smt2 : 134421 ms.
--------------------------------------------------
QF_NRA/LassoRanker/CooperatingT2/eric2.t2.c_Iteration1_Loop_4-pieceTemplate.smt2 : 1800048 ms.
--------------------------------------------------
unsat
QF_NRA/LassoRanker/CooperatingT2/eric2.t2.c_Iteration2_Loop_3-pieceTemplate.smt2 : 28557 ms.
--------------------------------------------------
unsat
QF_NRA/LassoRanker/CooperatingT2/eric2.t2.c_Iteration2_Loop_4-pieceTemplate.smt2 : 129496 ms.
--------------------------------------------------
unsat
QF_NRA/LassoRanker/CooperatingT2/eric2.t2.c_Iteration3_Loop_4-pieceTemplate.smt2 : 228115 ms.
--------------------------------------------------
sat
QF_NRA/LassoRanker/CooperatingT2/eric2.t2.c_Iteration3_Loop_7-phaseTemplate.smt2 : 138 ms.
--------------------------------------------------
unsat
QF_NRA/LassoRanker/CooperatingT2/eric2.t2.c_Iteration4_Loop_3-pieceTemplate.smt2 : 51482 ms.
--------------------------------------------------
QF_NRA/LassoRanker/CooperatingT2/eric2.t2.c_Iteration4_Loop_4-pieceTemplate.smt2 : 1800088 ms.
--------------------------------------------------
unsat
QF_NRA/LassoRanker/CooperatingT2/eric2.t2.c_Iteration5_Loop_4-pieceTemplate.smt2 : 139788 ms.
--------------------------------------------------
QF_NRA/LassoRanker/CooperatingT2/eric2.t2.c_Iteration6_Loop_4-pieceTemplate.smt2 : 1800294 ms.
--------------------------------------------------
QF_NRA/LassoRanker/CooperatingT2/eric2.t2.c_Iteration7_Loop_3-pieceTemplate.smt2 : 1800046 ms.
--------------------------------------------------
QF_NRA/LassoRanker/CooperatingT2/eric2.t2.c_Iteration7_Loop_4-pieceTemplate.smt2 : 1800284 ms.
--------------------------------------------------
unsat
QF_NRA/LassoRanker/CooperatingT2/eric2.t2.c_Iteration8_Loop_3-pieceTemplate.smt2 : 100445 ms.
--------------------------------------------------
QF_NRA/LassoRanker/CooperatingT2/eric2.t2.c_Iteration8_Loop_4-pieceTemplate.smt2 : 1800035 ms.
--------------------------------------------------
unsat
QF_NRA/LassoRanker/CooperatingT2/eric2.t2.c_Iteration9_Loop_3-pieceTemplate.smt2 : 549942 ms.
--------------------------------------------------
QF_NRA/LassoRanker/CooperatingT2/eric2.t2.c_Iteration9_Loop_4-pieceTemplate.smt2 : 1800107 ms.
--------------------------------------------------
QF_NRA/LassoRanker/CooperatingT2/eric.t2.c_Iteration1_Lasso_2-pieceTemplate.smt2 : 1800150 ms.
--------------------------------------------------
QF_NRA/LassoRanker/CooperatingT2/eric.t2.c_Iteration1_Lasso_3-pieceTemplate.smt2 : 1800555 ms.
--------------------------------------------------
QF_NRA/LassoRanker/CooperatingT2/eric.t2.c_Iteration1_Lasso_4-pieceTemplate.smt2 : 1800027 ms.
--------------------------------------------------
unsat
QF_NRA/LassoRanker/CooperatingT2/eric.t2.c_Iteration1_Lasso_5-phaseTemplate.smt2 : 7842 ms.
--------------------------------------------------
unsat
QF_NRA/LassoRanker/CooperatingT2/eric.t2.c_Iteration1_Lasso_6-phaseTemplate.smt2 : 34865 ms.
--------------------------------------------------
unsat
QF_NRA/LassoRanker/CooperatingT2/eric.t2.c_Iteration1_Lasso_7-phaseTemplate.smt2 : 20509 ms.
--------------------------------------------------
unsat
QF_NRA/LassoRanker/CooperatingT2/eric.t2.c_Iteration1_Loop_2-pieceTemplate.smt2 : 2903 ms.
--------------------------------------------------
unsat
QF_NRA/LassoRanker/CooperatingT2/eric.t2.c_Iteration1_Loop_3-pieceTemplate.smt2 : 5843 ms.
--------------------------------------------------
QF_NRA/LassoRanker/CooperatingT2/eric.t2.c_Iteration1_Loop_4-pieceTemplate.smt2 : 1800088 ms.
--------------------------------------------------
unsat
QF_NRA/LassoRanker/CooperatingT2/eric.t2.c_Iteration1_Loop_5-phaseTemplate.smt2 : 232 ms.
--------------------------------------------------
unsat
QF_NRA/LassoRanker/CooperatingT2/eric.t2.c_Iteration1_Loop_6-phaseTemplate.smt2 : 290 ms.
--------------------------------------------------
unsat
QF_NRA/LassoRanker/CooperatingT2/eric.t2.c_Iteration1_Loop_7-phaseTemplate.smt2 : 488 ms.
--------------------------------------------------
QF_NRA/LassoRanker/CooperatingT2/ex11.t2.c_Iteration1_Lasso_2-pieceTemplate.smt2 : 1800215 ms.
--------------------------------------------------
QF_NRA/LassoRanker/CooperatingT2/ex11.t2.c_Iteration1_Lasso_3-pieceTemplate.smt2 : 1800252 ms.
--------------------------------------------------
unsat
QF_NRA/LassoRanker/CooperatingT2/ex11.t2.c_Iteration1_Lasso_4-lexTemplate.smt2 : 5559 ms.
--------------------------------------------------
unsat
QF_NRA/LassoRanker/CooperatingT2/ex11.t2.c_Iteration1_Lasso_4-phaseTemplate.smt2 : 4204 ms.
--------------------------------------------------
QF_NRA/LassoRanker/CooperatingT2/ex11.t2.c_Iteration1_Lasso_4-pieceTemplate.smt2 : 1800034 ms.
--------------------------------------------------
unsat
QF_NRA/LassoRanker/CooperatingT2/ex11.t2.c_Iteration1_Lasso_5-phaseTemplate.smt2 : 5173 ms.
--------------------------------------------------
unsat
QF_NRA/LassoRanker/CooperatingT2/ex11.t2.c_Iteration1_Lasso_6-phaseTemplate.smt2 : 4150 ms.
--------------------------------------------------
unsat
QF_NRA/LassoRanker/CooperatingT2/ex11.t2.c_Iteration1_Lasso_7-phaseTemplate.smt2 : 5056 ms.
--------------------------------------------------
QF_NRA/LassoRanker/CooperatingT2/ex12.t2.c_Iteration1_Loop_4-pieceTemplate.smt2 : 1800636 ms.
--------------------------------------------------
sat
QF_NRA/LassoRanker/CooperatingT2/ex14.t2.c_Iteration1_Loop_4-pieceTemplate.smt2 : 7954 ms.
--------------------------------------------------
QF_NRA/LassoRanker/CooperatingT2/ex18.t2.c_Iteration2_Loop_4-pieceTemplate.smt2 : 1800017 ms.
--------------------------------------------------
sat
QF_NRA/LassoRanker/CooperatingT2/ex21.t2.c_Iteration1_Loop_3-pieceTemplate.smt2 : 3648 ms.
--------------------------------------------------
QF_NRA/LassoRanker/CooperatingT2/ex21.t2.c_Iteration1_Loop_4-pieceTemplate.smt2 : 1800233 ms.
--------------------------------------------------
sat
QF_NRA/LassoRanker/CooperatingT2/ex21.t2.c_Iteration2_Loop_4-pieceTemplate.smt2 : 39769 ms.
--------------------------------------------------
QF_NRA/LassoRanker/CooperatingT2/ex4.t2.c_Iteration1_Loop_4-pieceTemplate.smt2 : 1800214 ms.
--------------------------------------------------
sat
QF_NRA/LassoRanker/CooperatingT2/ex4.t2.c_Iteration2_Loop_3-pieceTemplate.smt2 : 50695 ms.
--------------------------------------------------
QF_NRA/LassoRanker/CooperatingT2/ex4.t2.c_Iteration2_Loop_4-pieceTemplate.smt2 : 1800157 ms.
--------------------------------------------------
sat
QF_NRA/LassoRanker/CooperatingT2/example.t2.c_Iteration1_Loop_4-pieceTemplate.smt2 : 54227 ms.
--------------------------------------------------
QF_NRA/LassoRanker/CooperatingT2/fibcall.t2.c_Iteration1_Loop_4-pieceTemplate.smt2 : 1800034 ms.
--------------------------------------------------
QF_NRA/LassoRanker/CooperatingT2/firewire.t2.c_Iteration1_Lasso_3-pieceTemplate.smt2 : 1800104 ms.
--------------------------------------------------
QF_NRA/LassoRanker/CooperatingT2/firewire.t2.c_Iteration1_Lasso_4-lexTemplate.smt2 : 1800068 ms.
--------------------------------------------------
QF_NRA/LassoRanker/CooperatingT2/firewire.t2.c_Iteration1_Lasso_4-pieceTemplate.smt2 : 1800026 ms.
--------------------------------------------------
QF_NRA/LassoRanker/CooperatingT2/firewire.t2.c_Iteration1_Lasso_5-phaseTemplate.smt2 : 1800021 ms.
--------------------------------------------------
QF_NRA/LassoRanker/CooperatingT2/firewire.t2.c_Iteration1_Lasso_6-nestedTemplate.smt2 : 1800139 ms.
--------------------------------------------------
QF_NRA/LassoRanker/CooperatingT2/firewire.t2.c_Iteration1_Lasso_6-phaseTemplate.smt2 : 1800056 ms.
--------------------------------------------------
QF_NRA/LassoRanker/CooperatingT2/firewire.t2.c_Iteration1_Lasso_7-nestedTemplate.smt2 : 1800019 ms.
--------------------------------------------------
QF_NRA/LassoRanker/CooperatingT2/firewire.t2.c_Iteration1_Lasso_7-phaseTemplate.smt2 : 1800035 ms.
--------------------------------------------------
sat
QF_NRA/LassoRanker/CooperatingT2/firewire.t2.c_Iteration3_Loop_3-pieceTemplate.smt2 : 20522 ms.
--------------------------------------------------
QF_NRA/LassoRanker/CooperatingT2/firewire.t2.c_Iteration3_Loop_4-pieceTemplate.smt2 : 1800057 ms.
--------------------------------------------------
unsat
QF_NRA/LassoRanker/CooperatingT2/flipflop.t2.c_Iteration1_Lasso_2-pieceTemplate.smt2 : 168 ms.
--------------------------------------------------
unsat
QF_NRA/LassoRanker/CooperatingT2/flipflop.t2.c_Iteration1_Lasso_3-pieceTemplate.smt2 : 1140 ms.
--------------------------------------------------
QF_NRA/LassoRanker/CooperatingT2/flipflop.t2.c_Iteration1_Lasso_4-pieceTemplate.smt2 : 1800016 ms.
--------------------------------------------------
unsat
QF_NRA/LassoRanker/CooperatingT2/flipflop.t2.c_Iteration1_Loop_2-pieceTemplate.smt2 : 478 ms.
--------------------------------------------------
unsat
QF_NRA/LassoRanker/CooperatingT2/flipflop.t2.c_Iteration1_Loop_3-pieceTemplate.smt2 : 7168 ms.
--------------------------------------------------
QF_NRA/LassoRanker/CooperatingT2/flipflop.t2.c_Iteration1_Loop_4-pieceTemplate.smt2 : 1800098 ms.
--------------------------------------------------
QF_NRA/LassoRanker/CooperatingT2/fuhs-inflasso.t2.c_Iteration2_Loop_4-pieceTemplate.smt2 : 1800296 ms.
--------------------------------------------------
QF_NRA/LassoRanker/CooperatingT2/fun4.t2.c_Iteration1_Lasso_2-pieceTemplate.smt2 : 1800026 ms.
--------------------------------------------------
QF_NRA/LassoRanker/CooperatingT2/fun4.t2.c_Iteration1_Lasso_3-pieceTemplate.smt2 : 1800028 ms.
--------------------------------------------------
QF_NRA/LassoRanker/CooperatingT2/fun4.t2.c_Iteration1_Lasso_4-pieceTemplate.smt2 : 1800031 ms.
--------------------------------------------------
unsat
QF_NRA/LassoRanker/CooperatingT2/fun4.t2.c_Iteration1_Lasso_6-phaseTemplate.smt2 : 6207 ms.
--------------------------------------------------
QF_NRA/LassoRanker/CooperatingT2/fun4.t2.c_Iteration1_Lasso_7-phaseTemplate.smt2 : 1800646 ms.
--------------------------------------------------
unsat
QF_NRA/LassoRanker/CooperatingT2/fun4.t2.c_Iteration1_Loop_3-pieceTemplate.smt2 : 28294 ms.
--------------------------------------------------
QF_NRA/LassoRanker/CooperatingT2/fun4.t2.c_Iteration1_Loop_4-pieceTemplate.smt2 : 1800036 ms.
--------------------------------------------------
QF_NRA/LassoRanker/CooperatingT2/fun8.t2.c_Iteration2_Loop_3-pieceTemplate.smt2 : 1800102 ms.
--------------------------------------------------
sat
QF_NRA/LassoRanker/CooperatingT2/fun8.t2.c_Iteration2_Loop_4-pieceTemplate.smt2 : 114246 ms.
--------------------------------------------------
sat
QF_NRA/LassoRanker/CooperatingT2/fun9.t2.c_Iteration1_Loop_4-pieceTemplate.smt2 : 48240 ms.
--------------------------------------------------
sat
QF_NRA/LassoRanker/CooperatingT2/fun9.t2.c_Iteration2_Loop_4-pieceTemplate.smt2 : 653 ms.
--------------------------------------------------
sat
QF_NRA/LassoRanker/CooperatingT2/fun9.t2.c_Iteration3_Loop_4-pieceTemplate.smt2 : 710 ms.
--------------------------------------------------
sat
QF_NRA/LassoRanker/CooperatingT2/fun9.t2.c_Iteration4_Loop_3-pieceTemplate.smt2 : 1480 ms.
--------------------------------------------------
QF_NRA/LassoRanker/CooperatingT2/fun9.t2.c_Iteration4_Loop_4-pieceTemplate.smt2 : 1800086 ms.
--------------------------------------------------
QF_NRA/LassoRanker/CooperatingT2/graycode.t2.c_Iteration15_Loop_3-pieceTemplate.smt2 : 1800057 ms.
--------------------------------------------------
QF_NRA/LassoRanker/CooperatingT2/graycode.t2.c_Iteration15_Loop_4-pieceTemplate.smt2 : 1800137 ms.
--------------------------------------------------
QF_NRA/LassoRanker/CooperatingT2/graycode.t2.c_Iteration22_Loop_4-pieceTemplate.smt2 : 1800264 ms.
--------------------------------------------------
QF_NRA/LassoRanker/CooperatingT2/graycode.t2.c_Iteration3_Loop_4-pieceTemplate.smt2 : 1800124 ms.
--------------------------------------------------
unsat
QF_NRA/LassoRanker/CooperatingT2/heidy7-simple.t2.c_Iteration2_Lasso_3-pieceTemplate.smt2 : 1127 ms.
--------------------------------------------------
unsat
QF_NRA/LassoRanker/CooperatingT2/heidy7-simple.t2.c_Iteration2_Lasso_4-pieceTemplate.smt2 : 4661 ms.
--------------------------------------------------
sat
QF_NRA/LassoRanker/CooperatingT2/heidy7.t2.c_Iteration1_Loop_3-pieceTemplate.smt2 : 1691 ms.
--------------------------------------------------
sat
QF_NRA/LassoRanker/CooperatingT2/heidy7.t2.c_Iteration1_Loop_4-pieceTemplate.smt2 : 5274 ms.
--------------------------------------------------
unsat
QF_NRA/LassoRanker/CooperatingT2/heidy7.t2.c_Iteration2_Lasso_2-pieceTemplate.smt2 : 1423 ms.
--------------------------------------------------
unsat
QF_NRA/LassoRanker/CooperatingT2/heidy7.t2.c_Iteration2_Lasso_3-pieceTemplate.smt2 : 5085 ms.
--------------------------------------------------
unsat
QF_NRA/LassoRanker/CooperatingT2/heidy7.t2.c_Iteration2_Lasso_4-pieceTemplate.smt2 : 15101 ms.
--------------------------------------------------
sat
QF_NRA/LassoRanker/CooperatingT2/heidy8.t2.c_Iteration1_Loop_3-pieceTemplate.smt2 : 1775 ms.
--------------------------------------------------
sat
QF_NRA/LassoRanker/CooperatingT2/heidy8.t2.c_Iteration1_Loop_4-pieceTemplate.smt2 : 3214 ms.
--------------------------------------------------
QF_NRA/LassoRanker/CooperatingT2/hongyi1.t2.c_Iteration1_Loop_3-pieceTemplate.smt2 : 1800015 ms.
--------------------------------------------------
QF_NRA/LassoRanker/CooperatingT2/hongyi1.t2.c_Iteration1_Loop_4-pieceTemplate.smt2 : 1800019 ms.
--------------------------------------------------
QF_NRA/LassoRanker/CooperatingT2/iecs.t2.c_Iteration1_Loop_4-pieceTemplate.smt2 : 1800076 ms.
--------------------------------------------------
QF_NRA/LassoRanker/CooperatingT2/insertsort.t2.c_Iteration1_Loop_4-pieceTemplate.smt2 : 1800015 ms.
--------------------------------------------------
QF_NRA/LassoRanker/CooperatingT2/jacobi.c.i.jacobi.pl.t2.fixed.t2.c_Iteration4_Loop_4-pieceTemplate.smt2 : 1800124 ms.
--------------------------------------------------
QF_NRA/LassoRanker/CooperatingT2/jacobi.c.i.jacobi.pl.t2.fixed.t2.c_Iteration5_Loop_4-pieceTemplate.smt2 : 1800061 ms.
--------------------------------------------------
QF_NRA/LassoRanker/CooperatingT2/jacobi.c.i.jacobi.pl.t2.nor.t2.rlgfixed.t2.c_Iteration5_Loop_4-pieceTemplate.smt2 : 1800103 ms.
--------------------------------------------------
QF_NRA/LassoRanker/CooperatingT2/jacobi.t2.c_Iteration4_Loop_4-pieceTemplate.smt2 : 1800175 ms.
--------------------------------------------------
QF_NRA/LassoRanker/CooperatingT2/jacobi.t2.c_Iteration5_Loop_4-pieceTemplate.smt2 : 1800106 ms.
--------------------------------------------------
QF_NRA/LassoRanker/CooperatingT2/loop3.t2.c_Iteration29_Lasso_4-pieceTemplate.smt2 : 1800011 ms.
--------------------------------------------------
QF_NRA/LassoRanker/CooperatingT2/loop3.t2.c_Iteration32_Lasso_4-pieceTemplate.smt2 : 1800021 ms.
--------------------------------------------------
QF_NRA/LassoRanker/CooperatingT2/loop3.t2.c_Iteration4_Loop_4-pieceTemplate.smt2 : 1800043 ms.
--------------------------------------------------
sat
QF_NRA/LassoRanker/CooperatingT2/loop_on_input.t2.c_Iteration1_Loop_4-pieceTemplate.smt2 : 2703 ms.
--------------------------------------------------
QF_NRA/LassoRanker/CooperatingT2/magic.t2.c_Iteration2_Loop_4-pieceTemplate.smt2 : 1800061 ms.
--------------------------------------------------
sat
QF_NRA/LassoRanker/CooperatingT2/magic.t2.c_Iteration4_Loop_4-pieceTemplate.smt2 : 40233 ms.
--------------------------------------------------
sat
QF_NRA/LassoRanker/CooperatingT2/matrixsqrt.t2.c_Iteration12_Loop_3-pieceTemplate.smt2 : 14541 ms.
--------------------------------------------------
sat
QF_NRA/LassoRanker/CooperatingT2/matrixsqrt.t2.c_Iteration12_Loop_4-pieceTemplate.smt2 : 1726702 ms.
--------------------------------------------------
QF_NRA/LassoRanker/CooperatingT2/matrixsqrt.t2.c_Iteration2_Loop_4-pieceTemplate.smt2 : 1800155 ms.
--------------------------------------------------
QF_NRA/LassoRanker/CooperatingT2/matrixsqrt.t2.c_Iteration4_Loop_4-pieceTemplate.smt2 : 1800214 ms.
--------------------------------------------------
sat
QF_NRA/LassoRanker/CooperatingT2/matrixsqrt.t2.c_Iteration6_Loop_4-pieceTemplate.smt2 : 334055 ms.
--------------------------------------------------
sat
QF_NRA/LassoRanker/CooperatingT2/mc91test.t2.c_Iteration2_Loop_4-pieceTemplate.smt2 : 30635 ms.
--------------------------------------------------
sat
QF_NRA/LassoRanker/CooperatingT2/mc91test.t2.c_Iteration3_Loop_4-pieceTemplate.smt2 : 11703 ms.
--------------------------------------------------
sat
QF_NRA/LassoRanker/CooperatingT2/mc91test.t2.c_Iteration5_Loop_3-pieceTemplate.smt2 : 129206 ms.
--------------------------------------------------
QF_NRA/LassoRanker/CooperatingT2/mc91test.t2.c_Iteration5_Loop_4-pieceTemplate.smt2 : 1800110 ms.
--------------------------------------------------
sat
QF_NRA/LassoRanker/CooperatingT2/mc91test.t2.c_Iteration6_Loop_7-phaseTemplate.smt2 : 695 ms.
--------------------------------------------------
sat
QF_NRA/LassoRanker/CooperatingT2/n-15a.t2.c_Iteration1_Loop_4-pieceTemplate.smt2 : 4315 ms.
--------------------------------------------------
QF_NRA/LassoRanker/CooperatingT2/ndes.t2.c_Iteration2_Loop_4-pieceTemplate.smt2 : 1800221 ms.
--------------------------------------------------
sat
QF_NRA/LassoRanker/CooperatingT2/ndes.t2.c_Iteration3_Loop_2-pieceTemplate.smt2 : 14047 ms.
--------------------------------------------------
QF_NRA/LassoRanker/CooperatingT2/ndes.t2.c_Iteration3_Loop_4-pieceTemplate.smt2 : 1800048 ms.
--------------------------------------------------
sat
QF_NRA/LassoRanker/CooperatingT2/neg-1394complete-fail.t2.c_Iteration5_Loop_4-pieceTemplate.smt2 : 726 ms.
--------------------------------------------------
QF_NRA/LassoRanker/CooperatingT2/neg-smagilla-fail.t2.c_Iteration1_Loop_4-pieceTemplate.smt2 : 1800017 ms.
--------------------------------------------------
sat
QF_NRA/LassoRanker/CooperatingT2/nested.t2.c_Iteration2_Loop_4-pieceTemplate.smt2 : 1094 ms.
--------------------------------------------------
sat
QF_NRA/LassoRanker/CooperatingT2/nested.t2.c_Iteration3_Loop_3-pieceTemplate.smt2 : 548 ms.
--------------------------------------------------
sat
QF_NRA/LassoRanker/CooperatingT2/nested.t2.c_Iteration4_Loop_3-pieceTemplate.smt2 : 440 ms.
--------------------------------------------------
sat
QF_NRA/LassoRanker/CooperatingT2/nested.t2.c_Iteration4_Loop_4-pieceTemplate.smt2 : 8148 ms.
--------------------------------------------------
sat
QF_NRA/LassoRanker/CooperatingT2/n_firewire_instrumented-PP.t2.c_Iteration11_Loop_3-pieceTemplate.smt2 : 10258 ms.
--------------------------------------------------
QF_NRA/LassoRanker/CooperatingT2/n_firewire_instrumented-PP.t2.c_Iteration11_Loop_4-pieceTemplate.smt2 : 1800015 ms.
--------------------------------------------------
sat
QF_NRA/LassoRanker/CooperatingT2/n_firewire_instrumented-PP.t2.c_Iteration12_Loop_4-pieceTemplate.smt2 : 1039 ms.
