--------------------------------------------------
unsat
QF_NRA/LassoRanker/SV-COMP/TelAviv-Amir-Minimum_true-termination.c_Iteration1_Lasso_3-lexTemplate.smt2 : 174708 ms.
--------------------------------------------------
QF_NRA/LassoRanker/SV-COMP/TelAviv-Amir-Minimum_true-termination.c_Iteration1_Lasso_3-pieceTemplate.smt2 : 1800050 ms.
--------------------------------------------------
unsat
QF_NRA/LassoRanker/SV-COMP/TelAviv-Amir-Minimum_true-termination.c_Iteration1_Lasso_4-lexTemplate.smt2 : 245102 ms.
--------------------------------------------------
QF_NRA/LassoRanker/SV-COMP/TelAviv-Amir-Minimum_true-termination.c_Iteration1_Lasso_4-pieceTemplate.smt2 : 1800047 ms.
--------------------------------------------------
unsat
QF_NRA/LassoRanker/SV-COMP/TelAviv-Amir-Minimum_true-termination.c_Iteration1_Lasso_7-phaseTemplate.smt2 : 238873 ms.
--------------------------------------------------
QF_NRA/LassoRanker/SV-COMP/TelAviv-Amir-Minimum_true-termination.c_Iteration1_Loop_2-pieceTemplate.smt2 : 1800048 ms.
--------------------------------------------------
unsat
QF_NRA/LassoRanker/SV-COMP/TelAviv-Amir-Minimum_true-termination.c_Iteration1_Loop_3-lexTemplate.smt2 : 137412 ms.
--------------------------------------------------
QF_NRA/LassoRanker/SV-COMP/TelAviv-Amir-Minimum_true-termination.c_Iteration1_Loop_3-pieceTemplate.smt2 : 1800060 ms.
--------------------------------------------------
unsat
QF_NRA/LassoRanker/SV-COMP/TelAviv-Amir-Minimum_true-termination.c_Iteration1_Loop_4-lexTemplate.smt2 : 211165 ms.
--------------------------------------------------
QF_NRA/LassoRanker/SV-COMP/TelAviv-Amir-Minimum_true-termination.c_Iteration1_Loop_4-pieceTemplate.smt2 : 1800050 ms.
--------------------------------------------------
unsat
QF_NRA/LassoRanker/SV-COMP/TelAviv-Amir-Minimum_true-termination.c_Iteration1_Loop_7-phaseTemplate.smt2 : 206623 ms.
--------------------------------------------------
unsat
QF_NRA/LassoRanker/SV-COMP/Toulouse-BranchesToLoop_true-termination.c_Iteration1_Lasso_2-pieceTemplate.smt2 : 218 ms.
--------------------------------------------------
unsat
QF_NRA/LassoRanker/SV-COMP/Toulouse-BranchesToLoop_true-termination.c_Iteration1_Lasso_3-pieceTemplate.smt2 : 1850 ms.
--------------------------------------------------
unsat
QF_NRA/LassoRanker/SV-COMP/Toulouse-BranchesToLoop_true-termination.c_Iteration1_Lasso_4-pieceTemplate.smt2 : 3047 ms.
--------------------------------------------------
QF_NRA/LassoRanker/SV-COMP/Urban_true-termination.c_Iteration1_Loop_affineTemplate.smt2 : 1800105 ms.
