--------------------------------------------------
sat
OMT_LIA/bofill-scheduling/SMT_random_LIA/ex16000_2600_100.smt2 : 1523 ms.
--------------------------------------------------
sat
OMT_LIA/bofill-scheduling/SMT_random_LIA/ex17900_2600_100.smt2 : 1111 ms.
--------------------------------------------------
sat
OMT_LIA/bofill-scheduling/SMT_random_LIA/ex22400_2600_100.smt2 : 790 ms.
--------------------------------------------------
sat
OMT_LIA/bofill-scheduling/SMT_random_LIA/ex26900_2600_100.smt2 : 1056 ms.
--------------------------------------------------
sat
OMT_LIA/bofill-scheduling/SMT_random_LIA/ex29700_2600_100.smt2 : 820 ms.
--------------------------------------------------
sat
OMT_LIA/bofill-scheduling/SMT_random_LIA/ex26800_2600_100.smt2 : 957 ms.
--------------------------------------------------
sat
OMT_LIA/bofill-scheduling/SMT_random_LIA/ex21500_2600_100.smt2 : 783 ms.
--------------------------------------------------
sat
OMT_LIA/bofill-scheduling/SMT_random_LIA/ex14500_2600_100.smt2 : 2478 ms.
--------------------------------------------------
sat
OMT_LIA/bofill-scheduling/SMT_random_LIA/ex26000_2600_100.smt2 : 656 ms.
--------------------------------------------------
sat
OMT_LIA/bofill-scheduling/SMT_random_LIA/ex23100_2600_100.smt2 : 1042 ms.
--------------------------------------------------
sat
OMT_LIA/bofill-scheduling/SMT_random_LIA/ex28400_2600_100.smt2 : 675 ms.
--------------------------------------------------
sat
OMT_LIA/bofill-scheduling/SMT_random_LIA/ex22800_2600_100.smt2 : 1148 ms.
--------------------------------------------------
sat
OMT_LIA/bofill-scheduling/SMT_random_LIA/ex27300_2600_100.smt2 : 686 ms.
--------------------------------------------------
sat
OMT_LIA/bofill-scheduling/SMT_random_LIA/ex19900_2600_100.smt2 : 910 ms.
--------------------------------------------------
sat
OMT_LIA/bofill-scheduling/SMT_random_LIA/ex25100_2600_100.smt2 : 612 ms.
--------------------------------------------------
sat
OMT_LIA/bofill-scheduling/SMT_random_LIA/ex15900_2600_100.smt2 : 540 ms.
--------------------------------------------------
sat
OMT_LIA/bofill-scheduling/SMT_random_LIA/ex22100_2600_100.smt2 : 1344 ms.
--------------------------------------------------
sat
OMT_LIA/bofill-scheduling/SMT_random_LIA/ex27100_2600_100.smt2 : 684 ms.
--------------------------------------------------
sat
OMT_LIA/bofill-scheduling/SMT_random_LIA/ex20100_2600_100.smt2 : 1027 ms.
--------------------------------------------------
sat
OMT_LIA/bofill-scheduling/SMT_random_LIA/ex16800_2600_100.smt2 : 582 ms.
--------------------------------------------------
sat
OMT_LIA/bofill-scheduling/SMT_random_LIA/ex25800_2600_100.smt2 : 609 ms.
--------------------------------------------------
sat
OMT_LIA/bofill-scheduling/SMT_random_LIA/ex16400_2600_100.smt2 : 716 ms.
--------------------------------------------------
sat
OMT_LIA/bofill-scheduling/SMT_random_LIA/ex21200_2600_100.smt2 : 773 ms.
--------------------------------------------------
sat
OMT_LIA/bofill-scheduling/SMT_random_LIA/ex24000_2600_100.smt2 : 409 ms.
--------------------------------------------------
sat
OMT_LIA/bofill-scheduling/SMT_random_LIA/ex17100_2600_100.smt2 : 1757 ms.
--------------------------------------------------
sat
OMT_LIA/bofill-scheduling/SMT_random_LIA/ex19500_2600_100.smt2 : 821 ms.
--------------------------------------------------
sat
OMT_LIA/bofill-scheduling/SMT_random_LIA/ex22600_2600_100.smt2 : 816 ms.
--------------------------------------------------
sat
OMT_LIA/bofill-scheduling/SMT_random_LIA/ex23000_2600_100.smt2 : 573 ms.
--------------------------------------------------
sat
OMT_LIA/bofill-scheduling/SMT_random_LIA/ex28100_2600_100.smt2 : 657 ms.
--------------------------------------------------
sat
OMT_LIA/bofill-scheduling/SMT_random_LIA/ex19000_2600_100.smt2 : 467 ms.
--------------------------------------------------
sat
OMT_LIA/bofill-scheduling/SMT_random_LIA/ex19300_2600_100.smt2 : 434 ms.
--------------------------------------------------
sat
OMT_LIA/bofill-scheduling/SMT_random_LIA/ex15600_2600_100.smt2 : 1393 ms.
--------------------------------------------------
sat
OMT_LIA/bofill-scheduling/SMT_random_LIA/ex17000_2600_100.smt2 : 619 ms.
--------------------------------------------------
sat
OMT_LIA/bofill-scheduling/SMT_random_LIA/ex25500_2600_100.smt2 : 565 ms.
--------------------------------------------------
sat
OMT_LIA/bofill-scheduling/SMT_random_LIA/ex29100_2600_100.smt2 : 493 ms.
--------------------------------------------------
sat
OMT_LIA/bofill-scheduling/SMT_random_LIA/ex23500_2600_100.smt2 : 772 ms.
--------------------------------------------------
sat
OMT_LIA/bofill-scheduling/SMT_random_LIA/ex18100_2600_100.smt2 : 1356 ms.
--------------------------------------------------
sat
OMT_LIA/bofill-scheduling/SMT_random_LIA/ex22900_2600_100.smt2 : 675 ms.
--------------------------------------------------
sat
OMT_LIA/bofill-scheduling/SMT_random_LIA/ex26100_2600_100.smt2 : 1063 ms.
--------------------------------------------------
sat
OMT_LIA/bofill-scheduling/SMT_random_LIA/ex28000_2600_100.smt2 : 675 ms.
--------------------------------------------------
sat
OMT_LIA/bofill-scheduling/SMT_random_LIA/ex27700_2600_100.smt2 : 767 ms.
--------------------------------------------------
sat
OMT_LIA/bofill-scheduling/SMT_random_LIA/ex29800_2600_100.smt2 : 675 ms.
--------------------------------------------------
sat
OMT_LIA/bofill-scheduling/SMT_random_LIA/ex17500_2600_100.smt2 : 830 ms.
--------------------------------------------------
sat
OMT_LIA/bofill-scheduling/SMT_random_LIA/ex16600_2600_100.smt2 : 878 ms.
--------------------------------------------------
sat
OMT_LIA/bofill-scheduling/SMT_random_LIA/ex29200_2600_100.smt2 : 481 ms.
--------------------------------------------------
sat
OMT_LIA/bofill-scheduling/SMT_random_LIA/ex18800_2600_100.smt2 : 644 ms.
--------------------------------------------------
sat
OMT_LIA/bofill-scheduling/SMT_random_LIA/ex14900_2600_100.smt2 : 1183 ms.
--------------------------------------------------
sat
OMT_LIA/bofill-scheduling/SMT_random_LIA/ex16700_2600_100.smt2 : 694 ms.
--------------------------------------------------
sat
OMT_LIA/bofill-scheduling/SMT_random_LIA/ex22500_2600_100.smt2 : 652 ms.
--------------------------------------------------
sat
OMT_LIA/bofill-scheduling/SMT_random_LIA/ex17800_2600_100.smt2 : 453 ms.
--------------------------------------------------
sat
OMT_LIA/bofill-scheduling/SMT_random_LIA/ex24600_2600_100.smt2 : 599 ms.
--------------------------------------------------
sat
OMT_LIA/bofill-scheduling/SMT_random_LIA/ex27600_2600_100.smt2 : 769 ms.
--------------------------------------------------
sat
OMT_LIA/bofill-scheduling/SMT_random_LIA/ex21400_2600_100.smt2 : 1461 ms.
--------------------------------------------------
sat
OMT_LIA/bofill-scheduling/SMT_random_LIA/ex18200_2600_100.smt2 : 858 ms.
--------------------------------------------------
sat
OMT_LIA/bofill-scheduling/SMT_random_LIA/ex23700_2600_100.smt2 : 487 ms.
--------------------------------------------------
sat
OMT_LIA/bofill-scheduling/SMT_random_LIA/ex17300_2600_100.smt2 : 570 ms.
--------------------------------------------------
sat
OMT_LIA/bofill-scheduling/SMT_random_LIA/ex28500_2600_100.smt2 : 658 ms.
--------------------------------------------------
sat
OMT_LIA/bofill-scheduling/SMT_random_LIA/ex28900_2600_100.smt2 : 561 ms.
--------------------------------------------------
sat
OMT_LIA/bofill-scheduling/SMT_random_LIA/ex23600_2600_100.smt2 : 602 ms.
--------------------------------------------------
sat
OMT_LIA/bofill-scheduling/SMT_random_LIA/ex29600_2600_100.smt2 : 837 ms.
--------------------------------------------------
sat
OMT_LIA/bofill-scheduling/SMT_random_LIA/ex15200_2600_100.smt2 : 984 ms.
--------------------------------------------------
sat
OMT_LIA/bofill-scheduling/SMT_random_LIA/ex23900_2600_100.smt2 : 528 ms.
--------------------------------------------------
sat
OMT_LIA/bofill-scheduling/SMT_random_LIA/ex19400_2600_100.smt2 : 19665 ms.
--------------------------------------------------
sat
OMT_LIA/bofill-scheduling/SMT_random_LIA/ex19800_2600_100.smt2 : 27627 ms.
--------------------------------------------------
sat
OMT_LIA/bofill-scheduling/SMT_random_LIA/ex16100_2600_100.smt2 : 709 ms.
--------------------------------------------------
sat
OMT_LIA/bofill-scheduling/SMT_random_LIA/ex27900_2600_100.smt2 : 536 ms.
--------------------------------------------------
sat
OMT_LIA/bofill-scheduling/SMT_random_LIA/ex24100_2600_100.smt2 : 684 ms.
--------------------------------------------------
sat
OMT_LIA/bofill-scheduling/SMT_random_LIA/ex20500_2600_100.smt2 : 575 ms.
--------------------------------------------------
sat
OMT_LIA/bofill-scheduling/SMT_random_LIA/ex19200_2600_100.smt2 : 508 ms.
--------------------------------------------------
sat
OMT_LIA/bofill-scheduling/SMT_random_LIA/ex27400_2600_100.smt2 : 645 ms.
--------------------------------------------------
sat
OMT_LIA/bofill-scheduling/SMT_random_LIA/ex21300_2600_100.smt2 : 588 ms.
--------------------------------------------------
sat
OMT_LIA/bofill-scheduling/SMT_random_LIA/ex17600_2600_100.smt2 : 9377 ms.
--------------------------------------------------
sat
OMT_LIA/bofill-scheduling/SMT_random_LIA/ex24200_2600_100.smt2 : 538 ms.
--------------------------------------------------
sat
OMT_LIA/bofill-scheduling/SMT_random_LIA/ex16200_2600_100.smt2 : 1652 ms.
--------------------------------------------------
sat
OMT_LIA/bofill-scheduling/SMT_random_LIA/ex16900_2600_100.smt2 : 746 ms.
--------------------------------------------------
sat
OMT_LIA/bofill-scheduling/SMT_random_LIA/ex18900_2600_100.smt2 : 817 ms.
--------------------------------------------------
sat
OMT_LIA/bofill-scheduling/SMT_random_LIA/ex29300_2600_100.smt2 : 553 ms.
--------------------------------------------------
sat
OMT_LIA/bofill-scheduling/SMT_random_LIA/ex24300_2600_100.smt2 : 547 ms.
--------------------------------------------------
sat
OMT_LIA/bofill-scheduling/SMT_random_LIA/ex28200_2600_100.smt2 : 573 ms.
--------------------------------------------------
sat
OMT_LIA/bofill-scheduling/SMT_random_LIA/ex15500_2600_100.smt2 : 812 ms.
--------------------------------------------------
sat
OMT_LIA/bofill-scheduling/SMT_random_LIA/ex24800_2600_100.smt2 : 525 ms.
--------------------------------------------------
sat
OMT_LIA/bofill-scheduling/SMT_random_LIA/ex20900_2600_100.smt2 : 487 ms.
--------------------------------------------------
sat
OMT_LIA/bofill-scheduling/SMT_random_LIA/ex24700_2600_100.smt2 : 636 ms.
--------------------------------------------------
sat
OMT_LIA/bofill-scheduling/SMT_random_LIA/ex21900_2600_100.smt2 : 621 ms.
--------------------------------------------------
sat
OMT_LIA/bofill-scheduling/SMT_random_LIA/ex25900_2600_100.smt2 : 365 ms.
--------------------------------------------------
sat
OMT_LIA/bofill-scheduling/SMT_random_LIA/ex21800_2600_100.smt2 : 771 ms.
--------------------------------------------------
sat
OMT_LIA/bofill-scheduling/SMT_random_LIA/ex18000_2600_100.smt2 : 654 ms.
--------------------------------------------------
sat
OMT_LIA/bofill-scheduling/SMT_random_LIA/ex26400_2600_100.smt2 : 486 ms.
--------------------------------------------------
sat
OMT_LIA/bofill-scheduling/SMT_random_LIA/ex16500_2600_100.smt2 : 629 ms.
--------------------------------------------------
sat
OMT_LIA/bofill-scheduling/SMT_random_LIA/ex27200_2600_100.smt2 : 1007 ms.
--------------------------------------------------
sat
OMT_LIA/bofill-scheduling/SMT_random_LIA/ex23400_2600_100.smt2 : 458 ms.
--------------------------------------------------
sat
OMT_LIA/bofill-scheduling/SMT_random_LIA/ex21000_2600_100.smt2 : 466 ms.
--------------------------------------------------
sat
OMT_LIA/bofill-scheduling/SMT_random_LIA/ex27500_2600_100.smt2 : 689 ms.
--------------------------------------------------
sat
OMT_LIA/bofill-scheduling/SMT_random_LIA/ex26300_2600_100.smt2 : 563 ms.
--------------------------------------------------
sat
OMT_LIA/bofill-scheduling/SMT_random_LIA/ex20600_2600_100.smt2 : 641 ms.
--------------------------------------------------
sat
OMT_LIA/bofill-scheduling/SMT_random_LIA/ex25200_2600_100.smt2 : 411 ms.
--------------------------------------------------
sat
OMT_LIA/bofill-scheduling/SMT_random_LIA/ex24500_2600_100.smt2 : 468 ms.
--------------------------------------------------
sat
OMT_LIA/bofill-scheduling/SMT_random_LIA/ex28300_2600_100.smt2 : 667 ms.
--------------------------------------------------
sat
OMT_LIA/bofill-scheduling/SMT_random_LIA/ex18300_2600_100.smt2 : 486 ms.
--------------------------------------------------
sat
OMT_LIA/bofill-scheduling/SMT_random_LIA/ex18500_2600_100.smt2 : 595 ms.
--------------------------------------------------
sat
OMT_LIA/bofill-scheduling/SMT_random_LIA/ex20200_2600_100.smt2 : 667 ms.
--------------------------------------------------
sat
OMT_LIA/bofill-scheduling/SMT_random_LIA/ex17700_2600_100.smt2 : 732 ms.
--------------------------------------------------
sat
OMT_LIA/bofill-scheduling/SMT_random_LIA/ex18600_2600_100.smt2 : 727 ms.
--------------------------------------------------
sat
OMT_LIA/bofill-scheduling/SMT_random_LIA/ex20700_2600_100.smt2 : 638 ms.
--------------------------------------------------
sat
OMT_LIA/bofill-scheduling/SMT_random_LIA/ex21600_2600_100.smt2 : 666 ms.
--------------------------------------------------
sat
OMT_LIA/bofill-scheduling/SMT_random_LIA/ex14800_2600_100.smt2 : 1067 ms.
--------------------------------------------------
sat
OMT_LIA/bofill-scheduling/SMT_random_LIA/ex14700_2600_100.smt2 : 2256 ms.
--------------------------------------------------
sat
OMT_LIA/bofill-scheduling/SMT_real_LIA/ex5720_2400_100.smt2 : 1110 ms.
--------------------------------------------------
sat
OMT_LIA/bofill-scheduling/SMT_real_LIA/ex5820_2400_100.smt2 : 1680 ms.
--------------------------------------------------
sat
OMT_LIA/bofill-scheduling/SMT_real_LIA/ex7640_2400_100.smt2 : 737 ms.
--------------------------------------------------
sat
OMT_LIA/bofill-scheduling/SMT_real_LIA/ex6740_2400_100.smt2 : 713 ms.
--------------------------------------------------
sat
OMT_LIA/bofill-scheduling/SMT_real_LIA/ex6160_2400_100.smt2 : 574 ms.
--------------------------------------------------
sat
OMT_LIA/bofill-scheduling/SMT_real_LIA/ex6200_2400_100.smt2 : 583 ms.
--------------------------------------------------
sat
OMT_LIA/bofill-scheduling/SMT_real_LIA/ex8020_2400_100.smt2 : 517 ms.
--------------------------------------------------
sat
OMT_LIA/bofill-scheduling/SMT_real_LIA/ex9720_2400_100.smt2 : 704 ms.
--------------------------------------------------
sat
OMT_LIA/bofill-scheduling/SMT_real_LIA/ex9960_2400_100.smt2 : 609 ms.
--------------------------------------------------
sat
OMT_LIA/bofill-scheduling/SMT_real_LIA/ex6540_2400_100.smt2 : 695 ms.
--------------------------------------------------
sat
OMT_LIA/bofill-scheduling/SMT_real_LIA/ex9060_2400_100.smt2 : 680 ms.
--------------------------------------------------
sat
OMT_LIA/bofill-scheduling/SMT_real_LIA/ex9740_2400_100.smt2 : 626 ms.
--------------------------------------------------
sat
OMT_LIA/bofill-scheduling/SMT_real_LIA/ex5800_2400_100.smt2 : 966 ms.
--------------------------------------------------
sat
OMT_LIA/bofill-scheduling/SMT_real_LIA/ex6440_2400_100.smt2 : 728 ms.
--------------------------------------------------
sat
OMT_LIA/bofill-scheduling/SMT_real_LIA/ex6060_2400_100.smt2 : 1273 ms.
--------------------------------------------------
sat
OMT_LIA/bofill-scheduling/SMT_real_LIA/ex8080_2400_100.smt2 : 688 ms.
--------------------------------------------------
sat
OMT_LIA/bofill-scheduling/SMT_real_LIA/ex8000_2400_100.smt2 : 595 ms.
--------------------------------------------------
sat
OMT_LIA/bofill-scheduling/SMT_real_LIA/ex8760_2400_100.smt2 : 598 ms.
--------------------------------------------------
sat
OMT_LIA/bofill-scheduling/SMT_real_LIA/ex6040_2400_100.smt2 : 721 ms.
--------------------------------------------------
sat
OMT_LIA/bofill-scheduling/SMT_real_LIA/ex9160_2400_100.smt2 : 575 ms.
--------------------------------------------------
sat
OMT_LIA/bofill-scheduling/SMT_real_LIA/ex6600_2400_100.smt2 : 860 ms.
--------------------------------------------------
sat
OMT_LIA/bofill-scheduling/SMT_real_LIA/ex7300_2400_100.smt2 : 529 ms.
--------------------------------------------------
sat
OMT_LIA/bofill-scheduling/SMT_real_LIA/ex8800_2400_100.smt2 : 603 ms.
--------------------------------------------------
sat
OMT_LIA/bofill-scheduling/SMT_real_LIA/ex7780_2400_100.smt2 : 523 ms.
--------------------------------------------------
sat
OMT_LIA/bofill-scheduling/SMT_real_LIA/ex5400_2400_100.smt2 : 1815 ms.
--------------------------------------------------
sat
OMT_LIA/bofill-scheduling/SMT_real_LIA/ex7980_2400_100.smt2 : 585 ms.
--------------------------------------------------
sat
OMT_LIA/bofill-scheduling/SMT_real_LIA/ex8060_2400_100.smt2 : 388 ms.
--------------------------------------------------
sat
OMT_LIA/bofill-scheduling/SMT_real_LIA/ex7520_2400_100.smt2 : 685 ms.
--------------------------------------------------
sat
OMT_LIA/bofill-scheduling/SMT_real_LIA/ex7580_2400_100.smt2 : 459 ms.
--------------------------------------------------
sat
OMT_LIA/bofill-scheduling/SMT_real_LIA/ex5920_2400_100.smt2 : 903 ms.
--------------------------------------------------
sat
OMT_LIA/bofill-scheduling/SMT_real_LIA/ex5060_2400_100.smt2 : 208200 ms.
--------------------------------------------------
sat
OMT_LIA/bofill-scheduling/SMT_real_LIA/ex8680_2400_100.smt2 : 463 ms.
--------------------------------------------------
sat
OMT_LIA/bofill-scheduling/SMT_real_LIA/ex8780_2400_100.smt2 : 537 ms.
--------------------------------------------------
sat
OMT_LIA/bofill-scheduling/SMT_real_LIA/ex8620_2400_100.smt2 : 489 ms.
--------------------------------------------------
sat
OMT_LIA/bofill-scheduling/SMT_real_LIA/ex8240_2400_100.smt2 : 528 ms.
--------------------------------------------------
sat
OMT_LIA/bofill-scheduling/SMT_real_LIA/ex8360_2400_100.smt2 : 597 ms.
--------------------------------------------------
sat
OMT_LIA/bofill-scheduling/SMT_real_LIA/ex9500_2400_100.smt2 : 442 ms.
--------------------------------------------------
sat
OMT_LIA/bofill-scheduling/SMT_real_LIA/ex6120_2400_100.smt2 : 954 ms.
--------------------------------------------------
sat
OMT_LIA/bofill-scheduling/SMT_real_LIA/ex6900_2400_100.smt2 : 461 ms.
--------------------------------------------------
sat
OMT_LIA/bofill-scheduling/SMT_real_LIA/ex9520_2400_100.smt2 : 499 ms.
--------------------------------------------------
sat
OMT_LIA/bofill-scheduling/SMT_real_LIA/ex5100_2400_100.smt2 : 49163 ms.
--------------------------------------------------
sat
OMT_LIA/bofill-scheduling/SMT_real_LIA/ex8400_2400_100.smt2 : 609 ms.
--------------------------------------------------
sat
OMT_LIA/bofill-scheduling/SMT_real_LIA/ex9800_2400_100.smt2 : 579 ms.
--------------------------------------------------
sat
OMT_LIA/bofill-scheduling/SMT_real_LIA/ex9220_2400_100.smt2 : 639 ms.
--------------------------------------------------
sat
OMT_LIA/bofill-scheduling/SMT_real_LIA/ex6000_2400_100.smt2 : 789 ms.
--------------------------------------------------
sat
OMT_LIA/bofill-scheduling/SMT_real_LIA/ex8960_2400_100.smt2 : 589 ms.
--------------------------------------------------
sat
OMT_LIA/bofill-scheduling/SMT_real_LIA/ex5540_2400_100.smt2 : 2934 ms.
--------------------------------------------------
sat
OMT_LIA/bofill-scheduling/SMT_real_LIA/ex7420_2400_100.smt2 : 642 ms.
--------------------------------------------------
sat
OMT_LIA/bofill-scheduling/SMT_real_LIA/ex9420_2400_100.smt2 : 619 ms.
--------------------------------------------------
sat
OMT_LIA/bofill-scheduling/SMT_real_LIA/ex7880_2400_100.smt2 : 633 ms.
--------------------------------------------------
sat
OMT_LIA/bofill-scheduling/SMT_real_LIA/ex7940_2400_100.smt2 : 627 ms.
--------------------------------------------------
sat
OMT_LIA/bofill-scheduling/SMT_real_LIA/ex7480_2400_100.smt2 : 687 ms.
--------------------------------------------------
sat
OMT_LIA/bofill-scheduling/SMT_real_LIA/ex7900_2400_100.smt2 : 500 ms.
--------------------------------------------------
sat
OMT_LIA/bofill-scheduling/SMT_real_LIA/ex8040_2400_100.smt2 : 514 ms.
--------------------------------------------------
sat
OMT_LIA/bofill-scheduling/SMT_real_LIA/ex9860_2400_100.smt2 : 549 ms.
--------------------------------------------------
sat
OMT_LIA/bofill-scheduling/SMT_real_LIA/ex9320_2400_100.smt2 : 689 ms.
--------------------------------------------------
sat
OMT_LIA/bofill-scheduling/SMT_real_LIA/ex8980_2400_100.smt2 : 539 ms.
--------------------------------------------------
sat
OMT_LIA/bofill-scheduling/SMT_real_LIA/ex6280_2400_100.smt2 : 762 ms.
--------------------------------------------------
sat
OMT_LIA/bofill-scheduling/SMT_real_LIA/ex8560_2400_100.smt2 : 552 ms.
--------------------------------------------------
sat
OMT_LIA/bofill-scheduling/SMT_real_LIA/ex9580_2400_100.smt2 : 683 ms.
--------------------------------------------------
sat
OMT_LIA/bofill-scheduling/SMT_real_LIA/ex5680_2400_100.smt2 : 1267 ms.
--------------------------------------------------
sat
OMT_LIA/bofill-scheduling/SMT_real_LIA/ex7200_2400_100.smt2 : 636 ms.
--------------------------------------------------
sat
OMT_LIA/bofill-scheduling/SMT_real_LIA/ex10000_2400_100.smt2 : 527 ms.
--------------------------------------------------
sat
OMT_LIA/bofill-scheduling/SMT_real_LIA/ex7960_2400_100.smt2 : 855 ms.
--------------------------------------------------
sat
OMT_LIA/bofill-scheduling/SMT_real_LIA/ex7240_2400_100.smt2 : 563 ms.
--------------------------------------------------
sat
OMT_LIA/bofill-scheduling/SMT_real_LIA/ex8520_2400_100.smt2 : 404 ms.
--------------------------------------------------
sat
OMT_LIA/bofill-scheduling/SMT_real_LIA/ex9940_2400_100.smt2 : 480 ms.
--------------------------------------------------
sat
OMT_LIA/bofill-scheduling/SMT_real_LIA/ex7060_2400_100.smt2 : 725 ms.
--------------------------------------------------
sat
OMT_LIA/bofill-scheduling/SMT_real_LIA/ex5500_2400_100.smt2 : 10871 ms.
--------------------------------------------------
sat
OMT_LIA/bofill-scheduling/SMT_real_LIA/ex6940_2400_100.smt2 : 904 ms.
--------------------------------------------------
timeout
OMT_LIA/bofill-scheduling/SMT_real_LIA/ex5020_2400_100.smt2 : 1200019 ms.
--------------------------------------------------
sat
OMT_LIA/bofill-scheduling/SMT_real_LIA/ex6520_2400_100.smt2 : 896 ms.
--------------------------------------------------
sat
OMT_LIA/bofill-scheduling/SMT_real_LIA/ex6320_2400_100.smt2 : 1770 ms.
--------------------------------------------------
sat
OMT_LIA/bofill-scheduling/SMT_real_LIA/ex5420_2400_100.smt2 : 2699 ms.
--------------------------------------------------
sat
OMT_LIA/bofill-scheduling/SMT_real_LIA/ex7320_2400_100.smt2 : 512 ms.
--------------------------------------------------
sat
OMT_LIA/bofill-scheduling/SMT_real_LIA/ex7400_2400_100.smt2 : 646 ms.
--------------------------------------------------
sat
OMT_LIA/bofill-scheduling/SMT_real_LIA/ex6800_2400_100.smt2 : 511 ms.
--------------------------------------------------
sat
OMT_LIA/bofill-scheduling/SMT_real_LIA/ex6860_2400_100.smt2 : 1404 ms.
--------------------------------------------------
sat
OMT_LIA/bofill-scheduling/SMT_real_LIA/ex8180_2400_100.smt2 : 517 ms.
--------------------------------------------------
sat
OMT_LIA/bofill-scheduling/SMT_real_LIA/ex8660_2400_100.smt2 : 465 ms.
--------------------------------------------------
sat
OMT_LIA/bofill-scheduling/SMT_real_LIA/ex8440_2400_100.smt2 : 509 ms.
--------------------------------------------------
sat
OMT_LIA/bofill-scheduling/SMT_real_LIA/ex5640_2400_100.smt2 : 2826 ms.
--------------------------------------------------
sat
OMT_LIA/bofill-scheduling/SMT_real_LIA/ex7440_2400_100.smt2 : 422 ms.
--------------------------------------------------
sat
OMT_LIA/bofill-scheduling/SMT_real_LIA/ex6500_2400_100.smt2 : 1831 ms.
--------------------------------------------------
sat
OMT_LIA/bofill-scheduling/SMT_real_LIA/ex9600_2400_100.smt2 : 1028 ms.
--------------------------------------------------
sat
OMT_LIA/bofill-scheduling/SMT_real_LIA/ex8160_2400_100.smt2 : 530 ms.
--------------------------------------------------
sat
OMT_LIA/bofill-scheduling/SMT_real_LIA/ex6620_2400_100.smt2 : 857 ms.
--------------------------------------------------
sat
OMT_LIA/bofill-scheduling/SMT_real_LIA/ex5300_2400_100.smt2 : 3932 ms.
--------------------------------------------------
sat
OMT_LIA/bofill-scheduling/SMT_real_LIA/ex7020_2400_100.smt2 : 598 ms.
--------------------------------------------------
sat
OMT_LIA/bofill-scheduling/SMT_real_LIA/ex7920_2400_100.smt2 : 508 ms.
--------------------------------------------------
sat
OMT_LIA/bofill-scheduling/SMT_real_LIA/ex9120_2400_100.smt2 : 501 ms.
--------------------------------------------------
sat
OMT_LIA/bofill-scheduling/SMT_real_LIA/ex5960_2400_100.smt2 : 840 ms.
--------------------------------------------------
sat
OMT_LIA/bofill-scheduling/SMT_real_LIA/ex7620_2400_100.smt2 : 657 ms.
--------------------------------------------------
sat
OMT_LIA/bofill-scheduling/SMT_real_LIA/ex7740_2400_100.smt2 : 545 ms.
