--------------------------------------------------
sat
OMT_LIA/convert/convert-jpg2gif-query-1151.smt2 : 580 ms.
--------------------------------------------------
timeout
OMT_LIA/convert/convert-jpg2gif-query-1207.smt2 : 1200009 ms.
--------------------------------------------------
timeout
OMT_LIA/convert/convert-jpg2gif-query-1415.smt2 : 1200011 ms.
--------------------------------------------------
sat
OMT_LIA/convert/convert-jpg2gif-query-1405.smt2 : 1399 ms.
--------------------------------------------------
sat
OMT_LIA/convert/convert-jpg2gif-query-1452.smt2 : 1068 ms.
--------------------------------------------------
timeout
OMT_LIA/convert/convert-jpg2gif-query-1541.smt2 : 1200014 ms.
--------------------------------------------------
timeout
OMT_LIA/convert/convert-jpg2gif-query-1469.smt2 : 1200022 ms.
--------------------------------------------------
timeout
OMT_LIA/convert/convert-jpg2gif-query-1586.smt2 : 1200013 ms.
--------------------------------------------------
sat
OMT_LIA/convert/convert-jpg2gif-query-1174.smt2 : 222 ms.
--------------------------------------------------
timeout
OMT_LIA/convert/convert-jpg2gif-query-1474.smt2 : 1200011 ms.
--------------------------------------------------
timeout
OMT_LIA/convert/convert-jpg2gif-query-1372.smt2 : 1200011 ms.
--------------------------------------------------
sat
OMT_LIA/convert/convert-jpg2gif-query-1465.smt2 : 39970 ms.
--------------------------------------------------
timeout
OMT_LIA/convert/convert-jpg2gif-query-1203.smt2 : 1200010 ms.
--------------------------------------------------
sat
OMT_LIA/convert/convert-jpg2gif-query-1164.smt2 : 198 ms.
--------------------------------------------------
sat
OMT_LIA/convert/convert-jpg2gif-query-1430.smt2 : 3332 ms.
--------------------------------------------------
timeout
OMT_LIA/convert/convert-jpg2gif-query-1581.smt2 : 1200010 ms.
--------------------------------------------------
sat
OMT_LIA/convert/convert-jpg2gif-query-1456.smt2 : 2075 ms.
--------------------------------------------------
sat
OMT_LIA/convert/convert-jpg2gif-query-1436.smt2 : 1073 ms.
--------------------------------------------------
sat
OMT_LIA/convert/convert-jpg2gif-query-1412.smt2 : 1317 ms.
--------------------------------------------------
sat
OMT_LIA/convert/convert-jpg2gif-query-1407.smt2 : 973 ms.
--------------------------------------------------
sat
OMT_LIA/convert/convert-jpg2gif-query-1438.smt2 : 1532 ms.
--------------------------------------------------
sat
OMT_LIA/convert/convert-jpg2gif-query-1160.smt2 : 188 ms.
--------------------------------------------------
timeout
OMT_LIA/convert/convert-jpg2gif-query-1553.smt2 : 1200021 ms.
--------------------------------------------------
timeout
OMT_LIA/convert/convert-jpg2gif-query-1476.smt2 : 1200021 ms.
--------------------------------------------------
sat
OMT_LIA/convert/convert-jpg2gif-query-1433.smt2 : 904379 ms.
--------------------------------------------------
timeout
OMT_LIA/convert/convert-jpg2gif-query-1421.smt2 : 1200018 ms.
--------------------------------------------------
sat
OMT_LIA/convert/convert-jpg2gif-query-1445.smt2 : 816326 ms.
--------------------------------------------------
timeout
OMT_LIA/convert/convert-jpg2gif-query-1483.smt2 : 1200017 ms.
--------------------------------------------------
timeout
OMT_LIA/convert/convert-jpg2gif-query-1200.smt2 : 1200012 ms.
--------------------------------------------------
timeout
OMT_LIA/convert/convert-jpg2gif-query-1617.smt2 : 1200012 ms.
--------------------------------------------------
timeout
OMT_LIA/convert/convert-jpg2gif-query-1432.smt2 : 1200013 ms.
--------------------------------------------------
sat
OMT_LIA/convert/convert-jpg2gif-query-1147.smt2 : 205 ms.
--------------------------------------------------
sat
OMT_LIA/convert/convert-jpg2gif-query-1370.smt2 : 734 ms.
--------------------------------------------------
sat
OMT_LIA/convert/convert-jpg2gif-query-1552.smt2 : 147508 ms.
--------------------------------------------------
sat
OMT_LIA/convert/convert-jpg2gif-query-1373.smt2 : 736 ms.
--------------------------------------------------
sat
OMT_LIA/convert/convert-jpg2gif-query-1560.smt2 : 37901 ms.
--------------------------------------------------
timeout
OMT_LIA/convert/convert-jpg2gif-query-1610.smt2 : 1200016 ms.
--------------------------------------------------
sat
OMT_LIA/convert/convert-jpg2gif-query-1534.smt2 : 69339 ms.
--------------------------------------------------
timeout
OMT_LIA/convert/convert-jpg2gif-query-1602.smt2 : 1200022 ms.
--------------------------------------------------
sat
OMT_LIA/convert/convert-jpg2gif-query-1439.smt2 : 1068 ms.
--------------------------------------------------
sat
OMT_LIA/convert/convert-jpg2gif-query-1582.smt2 : 23693 ms.
--------------------------------------------------
timeout
OMT_LIA/convert/convert-jpg2gif-query-1464.smt2 : 1200010 ms.
--------------------------------------------------
sat
OMT_LIA/convert/convert-jpg2gif-query-1466.smt2 : 866624 ms.
--------------------------------------------------
sat
OMT_LIA/convert/convert-jpg2gif-query-1139.smt2 : 218 ms.
--------------------------------------------------
sat
OMT_LIA/convert/convert-jpg2gif-query-1540.smt2 : 88858 ms.
--------------------------------------------------
sat
OMT_LIA/convert/convert-jpg2gif-query-1470.smt2 : 7788 ms.
--------------------------------------------------
sat
OMT_LIA/convert/convert-jpg2gif-query-1157.smt2 : 217 ms.
--------------------------------------------------
sat
OMT_LIA/convert/convert-jpg2gif-query-1165.smt2 : 254 ms.
--------------------------------------------------
timeout
OMT_LIA/convert/convert-jpg2gif-query-1532.smt2 : 1200018 ms.
--------------------------------------------------
timeout
OMT_LIA/convert/convert-jpg2gif-query-1183.smt2 : 1200012 ms.
--------------------------------------------------
timeout
OMT_LIA/convert/convert-jpg2gif-query-1486.smt2 : 1200012 ms.
--------------------------------------------------
sat
OMT_LIA/convert/convert-jpg2gif-query-1193.smt2 : 981 ms.
--------------------------------------------------
timeout
OMT_LIA/convert/convert-jpg2gif-query-1580.smt2 : 1200011 ms.
--------------------------------------------------
sat
OMT_LIA/convert/convert-jpg2gif-query-1453.smt2 : 9626 ms.
--------------------------------------------------
sat
OMT_LIA/convert/convert-jpg2gif-query-1188.smt2 : 804 ms.
--------------------------------------------------
timeout
OMT_LIA/convert/convert-jpg2gif-query-1593.smt2 : 1200025 ms.
--------------------------------------------------
sat
OMT_LIA/convert/convert-jpg2gif-query-1149.smt2 : 220 ms.
--------------------------------------------------
timeout
OMT_LIA/convert/convert-jpg2gif-query-1567.smt2 : 1200015 ms.
--------------------------------------------------
sat
OMT_LIA/convert/convert-jpg2gif-query-1434.smt2 : 1583 ms.
--------------------------------------------------
sat
OMT_LIA/convert/convert-jpg2gif-query-1337.smt2 : 103401 ms.
--------------------------------------------------
timeout
OMT_LIA/convert/convert-jpg2gif-query-1442.smt2 : 1200019 ms.
--------------------------------------------------
sat
OMT_LIA/convert/convert-jpg2gif-query-1609.smt2 : 20594 ms.
--------------------------------------------------
sat
OMT_LIA/convert/convert-jpg2gif-query-1424.smt2 : 1027 ms.
--------------------------------------------------
sat
OMT_LIA/convert/convert-jpg2gif-query-1172.smt2 : 228 ms.
--------------------------------------------------
timeout
OMT_LIA/convert/convert-jpg2gif-query-1485.smt2 : 1200017 ms.
--------------------------------------------------
sat
OMT_LIA/convert/convert-jpg2gif-query-1428.smt2 : 2067 ms.
--------------------------------------------------
sat
OMT_LIA/convert/convert-jpg2gif-query-1154.smt2 : 193 ms.
--------------------------------------------------
timeout
OMT_LIA/convert/convert-jpg2gif-query-1518.smt2 : 1200014 ms.
--------------------------------------------------
sat
OMT_LIA/convert/convert-jpg2gif-query-1201.smt2 : 726 ms.
--------------------------------------------------
timeout
OMT_LIA/convert/convert-jpg2gif-query-1585.smt2 : 1200018 ms.
--------------------------------------------------
sat
OMT_LIA/convert/convert-jpg2gif-query-1179.smt2 : 7113 ms.
--------------------------------------------------
sat
OMT_LIA/convert/convert-jpg2gif-query-1408.smt2 : 3403 ms.
--------------------------------------------------
timeout
OMT_LIA/convert/convert-jpg2gif-query-1380.smt2 : 1200038 ms.
--------------------------------------------------
timeout
OMT_LIA/convert/convert-jpg2gif-query-1437.smt2 : 1200012 ms.
--------------------------------------------------
timeout
OMT_LIA/convert/convert-jpg2gif-query-1573.smt2 : 1200014 ms.
--------------------------------------------------
timeout
OMT_LIA/convert/convert-jpg2gif-query-1353.smt2 : 1200011 ms.
--------------------------------------------------
sat
OMT_LIA/convert/convert-jpg2gif-query-1418.smt2 : 9815 ms.
--------------------------------------------------
sat
OMT_LIA/convert/convert-jpg2gif-query-1386.smt2 : 25675 ms.
--------------------------------------------------
sat
OMT_LIA/convert/convert-jpg2gif-query-1396.smt2 : 1294 ms.
--------------------------------------------------
timeout
OMT_LIA/convert/convert-jpg2gif-query-1598.smt2 : 1200012 ms.
--------------------------------------------------
timeout
OMT_LIA/convert/convert-jpg2gif-query-1594.smt2 : 1200013 ms.
--------------------------------------------------
sat
OMT_LIA/convert/convert-jpg2gif-query-1502.smt2 : 15865 ms.
--------------------------------------------------
sat
OMT_LIA/convert/convert-jpg2gif-query-1409.smt2 : 23012 ms.
--------------------------------------------------
sat
OMT_LIA/convert/convert-jpg2gif-query-1196.smt2 : 455 ms.
--------------------------------------------------
timeout
OMT_LIA/convert/convert-jpg2gif-query-1523.smt2 : 1200016 ms.
--------------------------------------------------
sat
OMT_LIA/convert/convert-jpg2gif-query-1448.smt2 : 2846 ms.
--------------------------------------------------
sat
OMT_LIA/convert/convert-jpg2gif-query-1168.smt2 : 212 ms.
--------------------------------------------------
sat
OMT_LIA/convert/convert-jpg2gif-query-1392.smt2 : 2769 ms.
--------------------------------------------------
timeout
OMT_LIA/convert/convert-jpg2gif-query-1184.smt2 : 1200011 ms.
--------------------------------------------------
timeout
OMT_LIA/convert/convert-jpg2gif-query-1600.smt2 : 1200012 ms.
--------------------------------------------------
timeout
OMT_LIA/convert/convert-jpg2gif-query-1475.smt2 : 1200013 ms.
--------------------------------------------------
sat
OMT_LIA/convert/convert-jpg2gif-query-1457.smt2 : 1270 ms.
--------------------------------------------------
sat
OMT_LIA/convert/convert-jpg2gif-query-1461.smt2 : 1110 ms.
--------------------------------------------------
sat
OMT_LIA/convert/convert-jpg2gif-query-1414.smt2 : 969 ms.
--------------------------------------------------
sat
OMT_LIA/convert/convert-jpg2gif-query-1198.smt2 : 313975 ms.
--------------------------------------------------
sat
OMT_LIA/convert/convert-jpg2gif-query-1597.smt2 : 20099 ms.
--------------------------------------------------
timeout
OMT_LIA/convert/convert-jpg2gif-query-1591.smt2 : 1200012 ms.
--------------------------------------------------
timeout
OMT_LIA/convert/convert-jpg2gif-query-1596.smt2 : 1200011 ms.
--------------------------------------------------
sat
OMT_LIA/convert/convert-jpg2gif-query-1146.smt2 : 204 ms.
--------------------------------------------------
timeout
OMT_LIA/convert/convert-jpg2gif-query-1477.smt2 : 1200012 ms.
--------------------------------------------------
timeout
OMT_LIA/convert/convert-jpg2gif-query-1419.smt2 : 1200021 ms.
--------------------------------------------------
sat
OMT_LIA/convert/convert-jpg2gif-query-1431.smt2 : 28789 ms.
--------------------------------------------------
timeout
OMT_LIA/convert/convert-jpg2gif-query-1496.smt2 : 1200022 ms.
--------------------------------------------------
timeout
OMT_LIA/convert/convert-jpg2gif-query-1546.smt2 : 1200012 ms.
--------------------------------------------------
sat
OMT_LIA/convert/convert-jpg2gif-query-1411.smt2 : 1157 ms.
--------------------------------------------------
timeout
OMT_LIA/convert/convert-jpg2gif-query-1484.smt2 : 1200014 ms.
--------------------------------------------------
timeout
OMT_LIA/convert/convert-jpg2gif-query-1338.smt2 : 1200011 ms.
--------------------------------------------------
sat
OMT_LIA/convert/convert-jpg2gif-query-1150.smt2 : 212 ms.
--------------------------------------------------
timeout
OMT_LIA/convert/convert-jpg2gif-query-1538.smt2 : 1200069 ms.
--------------------------------------------------
sat
OMT_LIA/convert/convert-jpg2gif-query-1391.smt2 : 1088 ms.
--------------------------------------------------
timeout
OMT_LIA/convert/convert-jpg2gif-query-1504.smt2 : 1200016 ms.
--------------------------------------------------
timeout
OMT_LIA/convert/convert-jpg2gif-query-1455.smt2 : 1200012 ms.
--------------------------------------------------
sat
OMT_LIA/convert/convert-jpg2gif-query-1185.smt2 : 14894 ms.
--------------------------------------------------
sat
OMT_LIA/convert/convert-jpg2gif-query-1162.smt2 : 254 ms.
--------------------------------------------------
timeout
OMT_LIA/convert/convert-jpg2gif-query-1599.smt2 : 1200048 ms.
--------------------------------------------------
sat
OMT_LIA/convert/convert-jpg2gif-query-1556.smt2 : 20304 ms.
--------------------------------------------------
sat
OMT_LIA/convert/convert-jpg2gif-query-1387.smt2 : 910 ms.
--------------------------------------------------
sat
OMT_LIA/convert/convert-jpg2gif-query-1458.smt2 : 18595 ms.
--------------------------------------------------
timeout
OMT_LIA/convert/convert-jpg2gif-query-1554.smt2 : 1200012 ms.
--------------------------------------------------
sat
OMT_LIA/convert/convert-jpg2gif-query-1467.smt2 : 1512 ms.
--------------------------------------------------
timeout
OMT_LIA/convert/convert-jpg2gif-query-1549.smt2 : 1200012 ms.
--------------------------------------------------
timeout
OMT_LIA/convert/convert-jpg2gif-query-1606.smt2 : 1200021 ms.
--------------------------------------------------
sat
OMT_LIA/convert/convert-jpg2gif-query-1440.smt2 : 18342 ms.
--------------------------------------------------
sat
OMT_LIA/convert/convert-jpg2gif-query-1159.smt2 : 227 ms.
--------------------------------------------------
sat
OMT_LIA/convert/convert-jpg2gif-query-1148.smt2 : 203 ms.
--------------------------------------------------
timeout
OMT_LIA/convert/convert-jpg2gif-query-1589.smt2 : 1200014 ms.
--------------------------------------------------
sat
OMT_LIA/convert/convert-jpg2gif-query-1166.smt2 : 236 ms.
--------------------------------------------------
sat
OMT_LIA/convert/convert-jpg2gif-query-1158.smt2 : 254 ms.
--------------------------------------------------
timeout
OMT_LIA/convert/convert-jpg2gif-query-1182.smt2 : 1200010 ms.
--------------------------------------------------
timeout
OMT_LIA/convert/convert-jpg2gif-query-1551.smt2 : 1200018 ms.
--------------------------------------------------
timeout
OMT_LIA/convert/convert-jpg2gif-query-1522.smt2 : 1200013 ms.
--------------------------------------------------
sat
OMT_LIA/convert/convert-jpg2gif-query-1449.smt2 : 1292 ms.
--------------------------------------------------
timeout
OMT_LIA/convert/convert-jpg2gif-query-1559.smt2 : 1200021 ms.
--------------------------------------------------
timeout
OMT_LIA/convert/convert-jpg2gif-query-1371.smt2 : 1200019 ms.
--------------------------------------------------
timeout
OMT_LIA/convert/convert-jpg2gif-query-1543.smt2 : 1200015 ms.
--------------------------------------------------
sat
OMT_LIA/convert/convert-jpg2gif-query-1417.smt2 : 11565 ms.
--------------------------------------------------
sat
OMT_LIA/convert/convert-jpg2gif-query-1395.smt2 : 951 ms.
--------------------------------------------------
sat
OMT_LIA/convert/convert-jpg2gif-query-1167.smt2 : 241 ms.
--------------------------------------------------
timeout
OMT_LIA/convert/convert-jpg2gif-query-1497.smt2 : 1200014 ms.
--------------------------------------------------
sat
OMT_LIA/convert/convert-jpg2gif-query-1416.smt2 : 965 ms.
--------------------------------------------------
timeout
OMT_LIA/convert/convert-jpg2gif-query-1612.smt2 : 1200013 ms.
--------------------------------------------------
timeout
OMT_LIA/convert/convert-jpg2gif-query-1505.smt2 : 1200014 ms.
--------------------------------------------------
sat
OMT_LIA/convert/convert-jpg2gif-query-1191.smt2 : 169157 ms.
--------------------------------------------------
timeout
OMT_LIA/convert/convert-jpg2gif-query-1565.smt2 : 1200018 ms.
--------------------------------------------------
sat
OMT_LIA/convert/convert-jpg2gif-query-1422.smt2 : 1069 ms.
--------------------------------------------------
timeout
OMT_LIA/convert/convert-jpg2gif-query-1525.smt2 : 1200012 ms.
--------------------------------------------------
sat
OMT_LIA/convert/convert-jpg2gif-query-1450.smt2 : 36153 ms.
--------------------------------------------------
sat
OMT_LIA/convert/convert-jpg2gif-query-1451.smt2 : 2349 ms.
--------------------------------------------------
timeout
OMT_LIA/convert/convert-jpg2gif-query-1473.smt2 : 1200014 ms.
--------------------------------------------------
timeout
OMT_LIA/convert/convert-jpg2gif-query-1564.smt2 : 1200013 ms.
--------------------------------------------------
sat
OMT_LIA/convert/convert-jpg2gif-query-1180.smt2 : 40900 ms.
--------------------------------------------------
sat
OMT_LIA/convert/convert-jpg2gif-query-1163.smt2 : 285 ms.
--------------------------------------------------
sat
OMT_LIA/convert/convert-jpg2gif-query-1195.smt2 : 942 ms.
--------------------------------------------------
sat
OMT_LIA/convert/convert-jpg2gif-query-1194.smt2 : 551 ms.
--------------------------------------------------
timeout
OMT_LIA/convert/convert-jpg2gif-query-1595.smt2 : 1200010 ms.
--------------------------------------------------
timeout
OMT_LIA/convert/convert-jpg2gif-query-1555.smt2 : 1200024 ms.
--------------------------------------------------
sat
OMT_LIA/convert/convert-jpg2gif-query-1446.smt2 : 1172 ms.
--------------------------------------------------
timeout
OMT_LIA/convert/convert-jpg2gif-query-1590.smt2 : 1200048 ms.
--------------------------------------------------
sat
OMT_LIA/convert/convert-jpg2gif-query-1427.smt2 : 147768 ms.
--------------------------------------------------
sat
OMT_LIA/convert/convert-jpg2gif-query-1169.smt2 : 184 ms.
--------------------------------------------------
sat
OMT_LIA/convert/convert-jpg2gif-query-1145.smt2 : 226 ms.
--------------------------------------------------
timeout
OMT_LIA/convert/convert-jpg2gif-query-1566.smt2 : 1200012 ms.
--------------------------------------------------
timeout
OMT_LIA/convert/convert-jpg2gif-query-1608.smt2 : 1200012 ms.
--------------------------------------------------
sat
OMT_LIA/convert/convert-jpg2gif-query-1394.smt2 : 1160 ms.
--------------------------------------------------
sat
OMT_LIA/convert/convert-jpg2gif-query-1363.smt2 : 677 ms.
--------------------------------------------------
sat
OMT_LIA/convert/convert-jpg2gif-query-1413.smt2 : 1076 ms.
--------------------------------------------------
sat
OMT_LIA/convert/convert-jpg2gif-query-1161.smt2 : 633 ms.
--------------------------------------------------
timeout
OMT_LIA/convert/convert-jpg2gif-query-1535.smt2 : 1200015 ms.
--------------------------------------------------
sat
OMT_LIA/convert/convert-jpg2gif-query-1206.smt2 : 391 ms.
--------------------------------------------------
timeout
OMT_LIA/convert/convert-jpg2gif-query-1569.smt2 : 1200015 ms.
--------------------------------------------------
timeout
OMT_LIA/convert/convert-jpg2gif-query-1548.smt2 : 1200014 ms.
--------------------------------------------------
sat
OMT_LIA/RTCL/b04_tf_20/ckt_PROP0_tf_20.smt2 : 62 ms.
--------------------------------------------------
sat
OMT_LIA/RTCL/b04_tf_15/ckt_PROP0_tf_15.smt2 : 43 ms.
--------------------------------------------------
timeout
OMT_LIA/CAV_2009_benchmarks/coef-size/smt/size-70/problem__003.smt2 : 1200017 ms.
--------------------------------------------------
sat
OMT_LIA/CAV_2009_benchmarks/coef-size/smt/size-70/problem__004.smt2 : 16548 ms.
--------------------------------------------------
timeout
OMT_LIA/CAV_2009_benchmarks/coef-size/smt/size-70/problem__006.smt2 : 1200017 ms.
--------------------------------------------------
timeout
OMT_LIA/CAV_2009_benchmarks/coef-size/smt/size-70/problem__002.smt2 : 1200017 ms.
--------------------------------------------------
timeout
OMT_LIA/CAV_2009_benchmarks/coef-size/smt/size-70/problem__005.smt2 : 1200014 ms.
--------------------------------------------------
timeout
OMT_LIA/CAV_2009_benchmarks/coef-size/smt/size-30/problem__003.smt2 : 1200024 ms.
--------------------------------------------------
timeout
OMT_LIA/CAV_2009_benchmarks/coef-size/smt/size-30/problem__004.smt2 : 1200023 ms.
--------------------------------------------------
timeout
OMT_LIA/CAV_2009_benchmarks/coef-size/smt/size-30/problem__002.smt2 : 1200023 ms.
--------------------------------------------------
timeout
OMT_LIA/CAV_2009_benchmarks/coef-size/smt/size-30/problem__005.smt2 : 1200024 ms.
--------------------------------------------------
timeout
OMT_LIA/CAV_2009_benchmarks/coef-size/smt/size-90/problem__004.smt2 : 1200017 ms.
--------------------------------------------------
sat
OMT_LIA/CAV_2009_benchmarks/coef-size/smt/size-90/problem__006.smt2 : 21216 ms.
--------------------------------------------------
timeout
OMT_LIA/CAV_2009_benchmarks/coef-size/smt/size-90/problem__002.smt2 : 1200024 ms.
--------------------------------------------------
timeout
OMT_LIA/CAV_2009_benchmarks/coef-size/smt/size-80/problem__003.smt2 : 1200024 ms.
--------------------------------------------------
sat
OMT_LIA/CAV_2009_benchmarks/coef-size/smt/size-80/problem__004.smt2 : 66180 ms.
--------------------------------------------------
sat
OMT_LIA/CAV_2009_benchmarks/coef-size/smt/size-80/problem__006.smt2 : 30556 ms.
--------------------------------------------------
timeout
OMT_LIA/CAV_2009_benchmarks/coef-size/smt/size-80/problem__002.smt2 : 1200016 ms.
--------------------------------------------------
sat
OMT_LIA/CAV_2009_benchmarks/coef-size/smt/size-80/problem__005.smt2 : 64833 ms.
--------------------------------------------------
sat
OMT_LIA/CAV_2009_benchmarks/coef-size/smt/size-50/problem__003.smt2 : 234 ms.
--------------------------------------------------
timeout
OMT_LIA/CAV_2009_benchmarks/coef-size/smt/size-50/problem__004.smt2 : 1200014 ms.
--------------------------------------------------
timeout
OMT_LIA/CAV_2009_benchmarks/coef-size/smt/size-50/problem__005.smt2 : 1200031 ms.
--------------------------------------------------
timeout
OMT_LIA/CAV_2009_benchmarks/coef-size/smt/size-60/problem__003.smt2 : 1200013 ms.
--------------------------------------------------
sat
OMT_LIA/CAV_2009_benchmarks/coef-size/smt/size-60/problem__006.smt2 : 1029727 ms.
--------------------------------------------------
sat
OMT_LIA/CAV_2009_benchmarks/coef-size/smt/size-60/problem__002.smt2 : 12004 ms.
--------------------------------------------------
sat
OMT_LIA/CAV_2009_benchmarks/coef-size/smt/size-60/problem__005.smt2 : 9670 ms.
--------------------------------------------------
sat
OMT_LIA/CAV_2009_benchmarks/coef-size/smt/size-20/problem__003.smt2 : 14751 ms.
--------------------------------------------------
sat
OMT_LIA/CAV_2009_benchmarks/coef-size/smt/size-20/problem__006.smt2 : 54510 ms.
--------------------------------------------------
sat
OMT_LIA/CAV_2009_benchmarks/coef-size/smt/size-20/problem__002.smt2 : 12550 ms.
--------------------------------------------------
sat
OMT_LIA/CAV_2009_benchmarks/coef-size/smt/size-20/problem__005.smt2 : 103 ms.
