--------------------------------------------------
sat
OMT_LIA/20220307-SMPT/SwimmingPool-PT-06/RC-08.smt2 : 102 ms.
--------------------------------------------------
sat
OMT_LIA/20220307-SMPT/SwimmingPool-PT-06/RC-02.smt2 : 31 ms.
--------------------------------------------------
sat
OMT_LIA/20220307-SMPT/SwimmingPool-PT-06/RC-07.smt2 : 29 ms.
--------------------------------------------------
sat
OMT_LIA/20220307-SMPT/SwimmingPool-PT-06/RF-11.smt2 : 26 ms.
--------------------------------------------------
sat
OMT_LIA/20220307-SMPT/SwimmingPool-PT-06/RC-09.smt2 : 26 ms.
--------------------------------------------------
sat
OMT_LIA/20220307-SMPT/SwimmingPool-PT-06/RF-08.smt2 : 29 ms.
--------------------------------------------------
sat
OMT_LIA/20220307-SMPT/SwimmingPool-PT-06/RC-03.smt2 : 26 ms.
--------------------------------------------------
sat
OMT_LIA/20220307-SMPT/SwimmingPool-PT-06/RF-02.smt2 : 24 ms.
--------------------------------------------------
sat
OMT_LIA/20220307-SMPT/SwimmingPool-PT-06/RC-12.smt2 : 22 ms.
--------------------------------------------------
sat
OMT_LIA/20220307-SMPT/BART-PT-020/RF-14.smt2 : 686 ms.
--------------------------------------------------
sat
OMT_LIA/20220307-SMPT/BART-PT-020/RF-09.smt2 : 700 ms.
--------------------------------------------------
sat
OMT_LIA/20220307-SMPT/BART-PT-020/RC-14.smt2 : 713 ms.
--------------------------------------------------
sat
OMT_LIA/20220307-SMPT/BART-PT-020/RC-15.smt2 : 467 ms.
--------------------------------------------------
sat
OMT_LIA/20220307-SMPT/BART-PT-020/RF-05.smt2 : 674 ms.
--------------------------------------------------
sat
OMT_LIA/20220307-SMPT/BART-PT-020/RF-00.smt2 : 616 ms.
--------------------------------------------------
sat
OMT_LIA/20220307-SMPT/BART-PT-020/RC-13.smt2 : 505 ms.
--------------------------------------------------
sat
OMT_LIA/20220307-SMPT/BART-PT-020/RF-10.smt2 : 538 ms.
--------------------------------------------------
sat
OMT_LIA/20220307-SMPT/BART-PT-020/RC-01.smt2 : 573 ms.
--------------------------------------------------
sat
OMT_LIA/20220307-SMPT/BART-PT-020/RC-06.smt2 : 683 ms.
--------------------------------------------------
sat
OMT_LIA/20220307-SMPT/BART-PT-020/RF-03.smt2 : 690 ms.
--------------------------------------------------
sat
OMT_LIA/20220307-SMPT/BART-PT-020/RC-04.smt2 : 728 ms.
--------------------------------------------------
sat
OMT_LIA/20220307-SMPT/BART-PT-020/RC-11.smt2 : 498 ms.
--------------------------------------------------
sat
OMT_LIA/20220307-SMPT/BART-PT-020/RF-12.smt2 : 486 ms.
--------------------------------------------------
sat
OMT_LIA/20220307-SMPT/BART-PT-020/RC-07.smt2 : 489 ms.
--------------------------------------------------
sat
OMT_LIA/20220307-SMPT/BART-PT-020/RF-04.smt2 : 702 ms.
--------------------------------------------------
sat
OMT_LIA/20220307-SMPT/BART-PT-020/RF-11.smt2 : 512 ms.
--------------------------------------------------
sat
OMT_LIA/20220307-SMPT/BART-PT-020/RC-09.smt2 : 545 ms.
--------------------------------------------------
sat
OMT_LIA/20220307-SMPT/BART-PT-020/RF-06.smt2 : 552 ms.
--------------------------------------------------
sat
OMT_LIA/20220307-SMPT/BART-PT-020/RF-08.smt2 : 698 ms.
--------------------------------------------------
sat
OMT_LIA/20220307-SMPT/BART-PT-020/RF-01.smt2 : 534 ms.
--------------------------------------------------
sat
OMT_LIA/20220307-SMPT/BART-PT-020/RF-15.smt2 : 528 ms.
--------------------------------------------------
sat
OMT_LIA/20220307-SMPT/BART-PT-020/RF-02.smt2 : 626 ms.
--------------------------------------------------
sat
OMT_LIA/20220307-SMPT/BART-PT-020/RF-07.smt2 : 692 ms.
--------------------------------------------------
sat
OMT_LIA/20220307-SMPT/BART-PT-020/RF-13.smt2 : 424 ms.
--------------------------------------------------
sat
OMT_LIA/20220307-SMPT/RobotManipulation-PT-10000/RF-14.smt2 : 29 ms.
--------------------------------------------------
sat
OMT_LIA/20220307-SMPT/RobotManipulation-PT-10000/RF-09.smt2 : 28 ms.
--------------------------------------------------
sat
OMT_LIA/20220307-SMPT/RobotManipulation-PT-10000/RC-15.smt2 : 278 ms.
--------------------------------------------------
sat
OMT_LIA/20220307-SMPT/RobotManipulation-PT-10000/RF-00.smt2 : 29 ms.
--------------------------------------------------
sat
OMT_LIA/20220307-SMPT/RobotManipulation-PT-10000/RF-10.smt2 : 25 ms.
--------------------------------------------------
sat
OMT_LIA/20220307-SMPT/RobotManipulation-PT-10000/RC-01.smt2 : 27 ms.
--------------------------------------------------
sat
OMT_LIA/20220307-SMPT/RobotManipulation-PT-10000/RF-03.smt2 : 27 ms.
--------------------------------------------------
sat
OMT_LIA/20220307-SMPT/RobotManipulation-PT-10000/RC-04.smt2 : 27 ms.
--------------------------------------------------
sat
OMT_LIA/20220307-SMPT/RobotManipulation-PT-10000/RC-11.smt2 : 26 ms.
--------------------------------------------------
sat
OMT_LIA/20220307-SMPT/RobotManipulation-PT-10000/RC-02.smt2 : 27 ms.
--------------------------------------------------
sat
OMT_LIA/20220307-SMPT/RobotManipulation-PT-10000/RC-07.smt2 : 27 ms.
--------------------------------------------------
sat
OMT_LIA/20220307-SMPT/RobotManipulation-PT-10000/RF-04.smt2 : 27 ms.
--------------------------------------------------
sat
OMT_LIA/20220307-SMPT/RobotManipulation-PT-10000/RC-09.smt2 : 26 ms.
--------------------------------------------------
sat
OMT_LIA/20220307-SMPT/RobotManipulation-PT-10000/RF-06.smt2 : 28 ms.
--------------------------------------------------
sat
OMT_LIA/20220307-SMPT/RobotManipulation-PT-10000/RF-08.smt2 : 26 ms.
--------------------------------------------------
sat
OMT_LIA/20220307-SMPT/RobotManipulation-PT-10000/RF-01.smt2 : 26 ms.
--------------------------------------------------
sat
OMT_LIA/20220307-SMPT/RobotManipulation-PT-10000/RC-03.smt2 : 26 ms.
--------------------------------------------------
sat
OMT_LIA/20220307-SMPT/RobotManipulation-PT-10000/RF-15.smt2 : 26 ms.
--------------------------------------------------
sat
OMT_LIA/20220307-SMPT/RobotManipulation-PT-10000/RF-07.smt2 : 27 ms.
--------------------------------------------------
sat
OMT_LIA/20220307-SMPT/RobotManipulation-PT-10000/RC-12.smt2 : 28 ms.
--------------------------------------------------
sat
OMT_LIA/20220307-SMPT/RwMutex-PT-r0010w0100/RF-14.smt2 : 128 ms.
--------------------------------------------------
sat
OMT_LIA/20220307-SMPT/RwMutex-PT-r0010w0100/RF-09.smt2 : 125 ms.
--------------------------------------------------
sat
OMT_LIA/20220307-SMPT/RwMutex-PT-r0010w0100/RC-14.smt2 : 122 ms.
--------------------------------------------------
sat
OMT_LIA/20220307-SMPT/RwMutex-PT-r0010w0100/RC-15.smt2 : 119 ms.
--------------------------------------------------
sat
OMT_LIA/20220307-SMPT/RwMutex-PT-r0010w0100/RF-05.smt2 : 130 ms.
--------------------------------------------------
sat
OMT_LIA/20220307-SMPT/RwMutex-PT-r0010w0100/RC-13.smt2 : 127 ms.
--------------------------------------------------
sat
OMT_LIA/20220307-SMPT/RwMutex-PT-r0010w0100/RC-00.smt2 : 80 ms.
--------------------------------------------------
sat
OMT_LIA/20220307-SMPT/RwMutex-PT-r0010w0100/RF-10.smt2 : 117 ms.
--------------------------------------------------
sat
OMT_LIA/20220307-SMPT/RwMutex-PT-r0010w0100/RC-06.smt2 : 123 ms.
--------------------------------------------------
sat
OMT_LIA/20220307-SMPT/RwMutex-PT-r0010w0100/RF-03.smt2 : 111 ms.
--------------------------------------------------
sat
OMT_LIA/20220307-SMPT/RwMutex-PT-r0010w0100/RC-04.smt2 : 78 ms.
--------------------------------------------------
sat
OMT_LIA/20220307-SMPT/RwMutex-PT-r0010w0100/RC-11.smt2 : 147 ms.
--------------------------------------------------
sat
OMT_LIA/20220307-SMPT/RwMutex-PT-r0010w0100/RC-05.smt2 : 123 ms.
--------------------------------------------------
sat
OMT_LIA/20220307-SMPT/RwMutex-PT-r0010w0100/RF-12.smt2 : 79 ms.
--------------------------------------------------
sat
OMT_LIA/20220307-SMPT/RwMutex-PT-r0010w0100/RC-08.smt2 : 75 ms.
--------------------------------------------------
sat
OMT_LIA/20220307-SMPT/RwMutex-PT-r0010w0100/RC-07.smt2 : 122 ms.
--------------------------------------------------
sat
OMT_LIA/20220307-SMPT/RwMutex-PT-r0010w0100/RC-10.smt2 : 116 ms.
--------------------------------------------------
sat
OMT_LIA/20220307-SMPT/RwMutex-PT-r0010w0100/RF-04.smt2 : 116 ms.
--------------------------------------------------
sat
OMT_LIA/20220307-SMPT/RwMutex-PT-r0010w0100/RF-11.smt2 : 124 ms.
--------------------------------------------------
sat
OMT_LIA/20220307-SMPT/RwMutex-PT-r0010w0100/RC-09.smt2 : 136 ms.
--------------------------------------------------
sat
OMT_LIA/20220307-SMPT/RwMutex-PT-r0010w0100/RF-06.smt2 : 111 ms.
--------------------------------------------------
sat
OMT_LIA/20220307-SMPT/RwMutex-PT-r0010w0100/RF-08.smt2 : 140 ms.
--------------------------------------------------
sat
OMT_LIA/20220307-SMPT/RwMutex-PT-r0010w0100/RF-01.smt2 : 127 ms.
--------------------------------------------------
sat
OMT_LIA/20220307-SMPT/RwMutex-PT-r0010w0100/RC-03.smt2 : 125 ms.
--------------------------------------------------
sat
OMT_LIA/20220307-SMPT/RwMutex-PT-r0010w0100/RF-15.smt2 : 138 ms.
--------------------------------------------------
sat
OMT_LIA/20220307-SMPT/RwMutex-PT-r0010w0100/RF-02.smt2 : 112 ms.
--------------------------------------------------
sat
OMT_LIA/20220307-SMPT/RwMutex-PT-r0010w0100/RF-07.smt2 : 129 ms.
--------------------------------------------------
sat
OMT_LIA/20220307-SMPT/RwMutex-PT-r0010w0100/RF-13.smt2 : 127 ms.
--------------------------------------------------
sat
OMT_LIA/20220307-SMPT/RwMutex-PT-r0010w0100/RC-12.smt2 : 81 ms.
--------------------------------------------------
sat
OMT_LIA/20220307-SMPT/Diffusion2D-PT-D10N200/RF-14.smt2 : 38 ms.
--------------------------------------------------
sat
OMT_LIA/20220307-SMPT/Diffusion2D-PT-D10N200/RF-09.smt2 : 41 ms.
--------------------------------------------------
sat
OMT_LIA/20220307-SMPT/Diffusion2D-PT-D10N200/RC-14.smt2 : 30 ms.
--------------------------------------------------
sat
OMT_LIA/20220307-SMPT/Diffusion2D-PT-D10N200/RC-15.smt2 : 38 ms.
--------------------------------------------------
sat
OMT_LIA/20220307-SMPT/Diffusion2D-PT-D10N200/RF-05.smt2 : 46 ms.
--------------------------------------------------
sat
OMT_LIA/20220307-SMPT/Diffusion2D-PT-D10N200/RF-00.smt2 : 39 ms.
--------------------------------------------------
sat
OMT_LIA/20220307-SMPT/Diffusion2D-PT-D10N200/RC-13.smt2 : 37 ms.
--------------------------------------------------
sat
OMT_LIA/20220307-SMPT/Diffusion2D-PT-D10N200/RC-00.smt2 : 29 ms.
--------------------------------------------------
sat
OMT_LIA/20220307-SMPT/Diffusion2D-PT-D10N200/RF-10.smt2 : 48 ms.
--------------------------------------------------
sat
OMT_LIA/20220307-SMPT/Diffusion2D-PT-D10N200/RC-01.smt2 : 40 ms.
--------------------------------------------------
sat
OMT_LIA/20220307-SMPT/Diffusion2D-PT-D10N200/RC-06.smt2 : 39 ms.
--------------------------------------------------
sat
OMT_LIA/20220307-SMPT/Diffusion2D-PT-D10N200/RF-03.smt2 : 42 ms.
--------------------------------------------------
sat
OMT_LIA/20220307-SMPT/Diffusion2D-PT-D10N200/RC-04.smt2 : 38 ms.
--------------------------------------------------
sat
OMT_LIA/20220307-SMPT/Diffusion2D-PT-D10N200/RC-11.smt2 : 38 ms.
--------------------------------------------------
sat
OMT_LIA/20220307-SMPT/Diffusion2D-PT-D10N200/RC-05.smt2 : 35 ms.
--------------------------------------------------
sat
OMT_LIA/20220307-SMPT/Diffusion2D-PT-D10N200/RF-12.smt2 : 38 ms.
--------------------------------------------------
sat
OMT_LIA/20220307-SMPT/Diffusion2D-PT-D10N200/RC-08.smt2 : 29 ms.
--------------------------------------------------
sat
OMT_LIA/20220307-SMPT/Diffusion2D-PT-D10N200/RC-02.smt2 : 38 ms.
--------------------------------------------------
sat
OMT_LIA/20220307-SMPT/Diffusion2D-PT-D10N200/RC-07.smt2 : 33 ms.
--------------------------------------------------
sat
OMT_LIA/20220307-SMPT/Diffusion2D-PT-D10N200/RC-10.smt2 : 45 ms.
--------------------------------------------------
sat
OMT_LIA/20220307-SMPT/Diffusion2D-PT-D10N200/RF-04.smt2 : 38 ms.
--------------------------------------------------
sat
OMT_LIA/20220307-SMPT/Diffusion2D-PT-D10N200/RF-11.smt2 : 41 ms.
--------------------------------------------------
sat
OMT_LIA/20220307-SMPT/Diffusion2D-PT-D10N200/RC-09.smt2 : 40 ms.
--------------------------------------------------
sat
OMT_LIA/20220307-SMPT/Diffusion2D-PT-D10N200/RF-06.smt2 : 40 ms.
--------------------------------------------------
sat
OMT_LIA/20220307-SMPT/Diffusion2D-PT-D10N200/RF-08.smt2 : 38 ms.
--------------------------------------------------
sat
OMT_LIA/20220307-SMPT/Diffusion2D-PT-D10N200/RF-01.smt2 : 39 ms.
--------------------------------------------------
sat
OMT_LIA/20220307-SMPT/Diffusion2D-PT-D10N200/RC-03.smt2 : 31 ms.
--------------------------------------------------
sat
OMT_LIA/20220307-SMPT/Diffusion2D-PT-D10N200/RF-15.smt2 : 41 ms.
--------------------------------------------------
sat
OMT_LIA/20220307-SMPT/Diffusion2D-PT-D10N200/RF-02.smt2 : 40 ms.
--------------------------------------------------
sat
OMT_LIA/20220307-SMPT/Diffusion2D-PT-D10N200/RF-07.smt2 : 45 ms.
--------------------------------------------------
sat
OMT_LIA/20220307-SMPT/Diffusion2D-PT-D10N200/RF-13.smt2 : 37 ms.
--------------------------------------------------
sat
OMT_LIA/20220307-SMPT/Diffusion2D-PT-D10N200/RC-12.smt2 : 30 ms.
--------------------------------------------------
sat
OMT_LIA/20220307-SMPT/FMS-PT-20000/RF-14.smt2 : 22 ms.
--------------------------------------------------
sat
OMT_LIA/20220307-SMPT/FMS-PT-20000/RF-09.smt2 : 28 ms.
--------------------------------------------------
sat
OMT_LIA/20220307-SMPT/FMS-PT-20000/RC-14.smt2 : 22 ms.
--------------------------------------------------
sat
OMT_LIA/20220307-SMPT/FMS-PT-20000/RC-15.smt2 : 27 ms.
--------------------------------------------------
sat
OMT_LIA/20220307-SMPT/FMS-PT-20000/RF-00.smt2 : 27 ms.
--------------------------------------------------
sat
OMT_LIA/20220307-SMPT/FMS-PT-20000/RC-00.smt2 : 28 ms.
--------------------------------------------------
sat
OMT_LIA/20220307-SMPT/FMS-PT-20000/RF-10.smt2 : 26 ms.
--------------------------------------------------
sat
OMT_LIA/20220307-SMPT/FMS-PT-20000/RC-01.smt2 : 26 ms.
--------------------------------------------------
sat
OMT_LIA/20220307-SMPT/FMS-PT-20000/RC-04.smt2 : 24 ms.
--------------------------------------------------
sat
OMT_LIA/20220307-SMPT/FMS-PT-20000/RC-11.smt2 : 25 ms.
--------------------------------------------------
sat
OMT_LIA/20220307-SMPT/FMS-PT-20000/RF-12.smt2 : 25 ms.
--------------------------------------------------
sat
OMT_LIA/20220307-SMPT/FMS-PT-20000/RC-02.smt2 : 27 ms.
--------------------------------------------------
sat
OMT_LIA/20220307-SMPT/FMS-PT-20000/RC-07.smt2 : 26 ms.
--------------------------------------------------
sat
OMT_LIA/20220307-SMPT/FMS-PT-20000/RC-10.smt2 : 24 ms.
--------------------------------------------------
sat
OMT_LIA/20220307-SMPT/FMS-PT-20000/RF-04.smt2 : 27 ms.
--------------------------------------------------
sat
OMT_LIA/20220307-SMPT/FMS-PT-20000/RF-06.smt2 : 23 ms.
--------------------------------------------------
sat
OMT_LIA/20220307-SMPT/FMS-PT-20000/RF-08.smt2 : 29 ms.
--------------------------------------------------
sat
OMT_LIA/20220307-SMPT/FMS-PT-20000/RF-01.smt2 : 26 ms.
--------------------------------------------------
sat
OMT_LIA/20220307-SMPT/FMS-PT-20000/RC-03.smt2 : 22 ms.
--------------------------------------------------
sat
OMT_LIA/20220307-SMPT/FMS-PT-20000/RF-15.smt2 : 26 ms.
--------------------------------------------------
sat
OMT_LIA/20220307-SMPT/FMS-PT-20000/RF-02.smt2 : 26 ms.
--------------------------------------------------
sat
OMT_LIA/20220307-SMPT/FMS-PT-20000/RF-07.smt2 : 27 ms.
--------------------------------------------------
sat
OMT_LIA/20220307-SMPT/FMS-PT-20000/RF-13.smt2 : 28 ms.
--------------------------------------------------
sat
OMT_LIA/20220307-SMPT/FMS-PT-20000/RC-12.smt2 : 27 ms.
--------------------------------------------------
sat
OMT_LIA/20220307-SMPT/Diffusion2D-PT-D05N100/RF-14.smt2 : 30 ms.
--------------------------------------------------
sat
OMT_LIA/20220307-SMPT/Diffusion2D-PT-D05N100/RF-09.smt2 : 32 ms.
--------------------------------------------------
sat
OMT_LIA/20220307-SMPT/Diffusion2D-PT-D05N100/RC-14.smt2 : 29 ms.
--------------------------------------------------
sat
OMT_LIA/20220307-SMPT/Diffusion2D-PT-D05N100/RC-15.smt2 : 30 ms.
--------------------------------------------------
sat
OMT_LIA/20220307-SMPT/Diffusion2D-PT-D05N100/RF-05.smt2 : 29 ms.
--------------------------------------------------
sat
OMT_LIA/20220307-SMPT/Diffusion2D-PT-D05N100/RF-00.smt2 : 24 ms.
--------------------------------------------------
sat
OMT_LIA/20220307-SMPT/Diffusion2D-PT-D05N100/RC-13.smt2 : 22 ms.
--------------------------------------------------
sat
OMT_LIA/20220307-SMPT/Diffusion2D-PT-D05N100/RC-00.smt2 : 29 ms.
--------------------------------------------------
sat
OMT_LIA/20220307-SMPT/Diffusion2D-PT-D05N100/RC-01.smt2 : 29 ms.
--------------------------------------------------
sat
OMT_LIA/20220307-SMPT/Diffusion2D-PT-D05N100/RC-06.smt2 : 29 ms.
--------------------------------------------------
sat
OMT_LIA/20220307-SMPT/Diffusion2D-PT-D05N100/RF-03.smt2 : 30 ms.
--------------------------------------------------
sat
OMT_LIA/20220307-SMPT/Diffusion2D-PT-D05N100/RC-04.smt2 : 30 ms.
--------------------------------------------------
sat
OMT_LIA/20220307-SMPT/Diffusion2D-PT-D05N100/RC-11.smt2 : 29 ms.
--------------------------------------------------
sat
OMT_LIA/20220307-SMPT/Diffusion2D-PT-D05N100/RC-05.smt2 : 29 ms.
--------------------------------------------------
sat
OMT_LIA/20220307-SMPT/Diffusion2D-PT-D05N100/RF-12.smt2 : 30 ms.
--------------------------------------------------
sat
OMT_LIA/20220307-SMPT/Diffusion2D-PT-D05N100/RC-08.smt2 : 28 ms.
--------------------------------------------------
sat
OMT_LIA/20220307-SMPT/Diffusion2D-PT-D05N100/RC-02.smt2 : 31 ms.
--------------------------------------------------
sat
OMT_LIA/20220307-SMPT/Diffusion2D-PT-D05N100/RC-07.smt2 : 31 ms.
--------------------------------------------------
sat
OMT_LIA/20220307-SMPT/Diffusion2D-PT-D05N100/RC-10.smt2 : 29 ms.
--------------------------------------------------
sat
OMT_LIA/20220307-SMPT/Diffusion2D-PT-D05N100/RF-04.smt2 : 29 ms.
--------------------------------------------------
sat
OMT_LIA/20220307-SMPT/Diffusion2D-PT-D05N100/RF-11.smt2 : 28 ms.
--------------------------------------------------
sat
OMT_LIA/20220307-SMPT/Diffusion2D-PT-D05N100/RC-09.smt2 : 28 ms.
--------------------------------------------------
sat
OMT_LIA/20220307-SMPT/Diffusion2D-PT-D05N100/RF-06.smt2 : 28 ms.
--------------------------------------------------
sat
OMT_LIA/20220307-SMPT/Diffusion2D-PT-D05N100/RF-08.smt2 : 29 ms.
--------------------------------------------------
sat
OMT_LIA/20220307-SMPT/Diffusion2D-PT-D05N100/RF-01.smt2 : 29 ms.
--------------------------------------------------
sat
OMT_LIA/20220307-SMPT/Diffusion2D-PT-D05N100/RC-03.smt2 : 30 ms.
--------------------------------------------------
sat
OMT_LIA/20220307-SMPT/Diffusion2D-PT-D05N100/RF-02.smt2 : 26 ms.
--------------------------------------------------
sat
OMT_LIA/20220307-SMPT/Diffusion2D-PT-D05N100/RF-13.smt2 : 25 ms.
--------------------------------------------------
sat
OMT_LIA/20220307-SMPT/Diffusion2D-PT-D05N100/RC-12.smt2 : 23 ms.
--------------------------------------------------
sat
OMT_LIA/20220307-SMPT/HouseConstruction-PT-00010/RF-14.smt2 : 27 ms.
--------------------------------------------------
sat
OMT_LIA/20220307-SMPT/HouseConstruction-PT-00010/RC-14.smt2 : 29 ms.
--------------------------------------------------
sat
OMT_LIA/20220307-SMPT/HouseConstruction-PT-00010/RC-15.smt2 : 29 ms.
--------------------------------------------------
sat
OMT_LIA/20220307-SMPT/HouseConstruction-PT-00010/RF-05.smt2 : 29 ms.
--------------------------------------------------
sat
OMT_LIA/20220307-SMPT/HouseConstruction-PT-00010/RF-00.smt2 : 31 ms.
--------------------------------------------------
sat
OMT_LIA/20220307-SMPT/HouseConstruction-PT-00010/RC-13.smt2 : 34 ms.
--------------------------------------------------
sat
OMT_LIA/20220307-SMPT/HouseConstruction-PT-00010/RC-00.smt2 : 29 ms.
--------------------------------------------------
sat
OMT_LIA/20220307-SMPT/HouseConstruction-PT-00010/RF-10.smt2 : 29 ms.
--------------------------------------------------
sat
OMT_LIA/20220307-SMPT/HouseConstruction-PT-00010/RC-01.smt2 : 24 ms.
--------------------------------------------------
sat
OMT_LIA/20220307-SMPT/HouseConstruction-PT-00010/RC-06.smt2 : 28 ms.
--------------------------------------------------
sat
OMT_LIA/20220307-SMPT/HouseConstruction-PT-00010/RF-03.smt2 : 28 ms.
--------------------------------------------------
sat
OMT_LIA/20220307-SMPT/HouseConstruction-PT-00010/RC-04.smt2 : 25 ms.
--------------------------------------------------
sat
OMT_LIA/20220307-SMPT/HouseConstruction-PT-00010/RC-11.smt2 : 28 ms.
--------------------------------------------------
sat
OMT_LIA/20220307-SMPT/HouseConstruction-PT-00010/RF-12.smt2 : 28 ms.
--------------------------------------------------
sat
OMT_LIA/20220307-SMPT/HouseConstruction-PT-00010/RC-08.smt2 : 33 ms.
--------------------------------------------------
sat
OMT_LIA/20220307-SMPT/HouseConstruction-PT-00010/RC-02.smt2 : 27 ms.
--------------------------------------------------
sat
OMT_LIA/20220307-SMPT/HouseConstruction-PT-00010/RC-07.smt2 : 31 ms.
--------------------------------------------------
sat
OMT_LIA/20220307-SMPT/HouseConstruction-PT-00010/RC-10.smt2 : 29 ms.
--------------------------------------------------
sat
OMT_LIA/20220307-SMPT/HouseConstruction-PT-00010/RF-04.smt2 : 24 ms.
--------------------------------------------------
sat
OMT_LIA/20220307-SMPT/HouseConstruction-PT-00010/RF-11.smt2 : 27 ms.
--------------------------------------------------
sat
OMT_LIA/20220307-SMPT/HouseConstruction-PT-00010/RC-09.smt2 : 27 ms.
--------------------------------------------------
sat
OMT_LIA/20220307-SMPT/HouseConstruction-PT-00010/RF-06.smt2 : 26 ms.
--------------------------------------------------
sat
OMT_LIA/20220307-SMPT/HouseConstruction-PT-00010/RF-08.smt2 : 22 ms.
--------------------------------------------------
sat
OMT_LIA/20220307-SMPT/HouseConstruction-PT-00010/RF-01.smt2 : 23 ms.
--------------------------------------------------
sat
OMT_LIA/20220307-SMPT/HouseConstruction-PT-00010/RC-03.smt2 : 28 ms.
--------------------------------------------------
sat
OMT_LIA/20220307-SMPT/HouseConstruction-PT-00010/RF-15.smt2 : 29 ms.
--------------------------------------------------
sat
OMT_LIA/20220307-SMPT/HouseConstruction-PT-00010/RC-12.smt2 : 30 ms.
--------------------------------------------------
sat
OMT_LIA/20220307-SMPT/Diffusion2D-PT-D05N200/RC-14.smt2 : 29 ms.
--------------------------------------------------
sat
OMT_LIA/20220307-SMPT/Diffusion2D-PT-D05N200/RC-15.smt2 : 29 ms.
--------------------------------------------------
sat
OMT_LIA/20220307-SMPT/Diffusion2D-PT-D05N200/RF-00.smt2 : 29 ms.
--------------------------------------------------
sat
OMT_LIA/20220307-SMPT/Diffusion2D-PT-D05N200/RC-13.smt2 : 29 ms.
--------------------------------------------------
sat
OMT_LIA/20220307-SMPT/Diffusion2D-PT-D05N200/RC-00.smt2 : 29 ms.
--------------------------------------------------
sat
OMT_LIA/20220307-SMPT/Diffusion2D-PT-D05N200/RF-10.smt2 : 29 ms.
