--------------------------------------------------
sat
OMT_LIA/CAV_2009_benchmarks/smt/35-vars/problem_2__027.smt2 : 438779 ms.
--------------------------------------------------
sat
OMT_LIA/CAV_2009_benchmarks/smt/35-vars/problem_2__020.smt2 : 9466 ms.
--------------------------------------------------
sat
OMT_LIA/CAV_2009_benchmarks/smt/35-vars/problem_2__032.smt2 : 5819 ms.
--------------------------------------------------
sat
OMT_LIA/CAV_2009_benchmarks/smt/35-vars/problem__024.smt2 : 43442 ms.
--------------------------------------------------
sat
OMT_LIA/CAV_2009_benchmarks/smt/35-vars/problem_2__001.smt2 : 28 ms.
--------------------------------------------------
sat
OMT_LIA/CAV_2009_benchmarks/smt/35-vars/problem__031.smt2 : 73853 ms.
--------------------------------------------------
sat
OMT_LIA/CAV_2009_benchmarks/smt/35-vars/problem__017.smt2 : 2983 ms.
--------------------------------------------------
sat
OMT_LIA/CAV_2009_benchmarks/smt/35-vars/problem_2__035.smt2 : 344439 ms.
--------------------------------------------------
sat
OMT_LIA/CAV_2009_benchmarks/smt/35-vars/problem_2__003.smt2 : 28 ms.
--------------------------------------------------
sat
OMT_LIA/CAV_2009_benchmarks/smt/35-vars/problem__025.smt2 : 10577 ms.
--------------------------------------------------
sat
OMT_LIA/CAV_2009_benchmarks/smt/35-vars/problem__023.smt2 : 6725 ms.
--------------------------------------------------
sat
OMT_LIA/CAV_2009_benchmarks/smt/35-vars/problem_2__031.smt2 : 269988 ms.
--------------------------------------------------
sat
OMT_LIA/CAV_2009_benchmarks/smt/35-vars/problem_2__017.smt2 : 17624 ms.
--------------------------------------------------
sat
OMT_LIA/CAV_2009_benchmarks/smt/35-vars/problem__026.smt2 : 315609 ms.
--------------------------------------------------
sat
OMT_LIA/CAV_2009_benchmarks/smt/35-vars/problem__021.smt2 : 172530 ms.
--------------------------------------------------
sat
OMT_LIA/CAV_2009_benchmarks/smt/35-vars/problem__007.smt2 : 72 ms.
--------------------------------------------------
sat
OMT_LIA/CAV_2009_benchmarks/smt/35-vars/problem_2__026.smt2 : 118093 ms.
--------------------------------------------------
sat
OMT_LIA/CAV_2009_benchmarks/smt/35-vars/problem__018.smt2 : 4200 ms.
--------------------------------------------------
sat
OMT_LIA/CAV_2009_benchmarks/smt/35-vars/problem__035.smt2 : 78752 ms.
--------------------------------------------------
sat
OMT_LIA/CAV_2009_benchmarks/smt/35-vars/problem__008.smt2 : 83 ms.
--------------------------------------------------
sat
OMT_LIA/CAV_2009_benchmarks/smt/35-vars/problem__029.smt2 : 30826 ms.
--------------------------------------------------
sat
OMT_LIA/CAV_2009_benchmarks/smt/35-vars/problem_2__024.smt2 : 49689 ms.
--------------------------------------------------
sat
OMT_LIA/CAV_2009_benchmarks/smt/35-vars/problem_2__030.smt2 : 17431 ms.
--------------------------------------------------
sat
OMT_LIA/CAV_2009_benchmarks/smt/35-vars/problem__011.smt2 : 310 ms.
--------------------------------------------------
sat
OMT_LIA/CAV_2009_benchmarks/smt/35-vars/problem_2__015.smt2 : 2060 ms.
--------------------------------------------------
sat
OMT_LIA/CAV_2009_benchmarks/smt/35-vars/problem_2__005.smt2 : 51 ms.
--------------------------------------------------
sat
OMT_LIA/CAV_2009_benchmarks/smt/35-vars/problem__019.smt2 : 2175 ms.
--------------------------------------------------
sat
OMT_LIA/CAV_2009_benchmarks/smt/35-vars/problem_2__034.smt2 : 184602 ms.
--------------------------------------------------
sat
OMT_LIA/CAV_2009_benchmarks/smt/35-vars/problem_2__021.smt2 : 139740 ms.
--------------------------------------------------
sat
OMT_LIA/CAV_2009_benchmarks/smt/35-vars/problem__003.smt2 : 30 ms.
--------------------------------------------------
sat
OMT_LIA/CAV_2009_benchmarks/smt/35-vars/problem_2__011.smt2 : 1788 ms.
--------------------------------------------------
sat
OMT_LIA/CAV_2009_benchmarks/smt/35-vars/problem__010.smt2 : 178 ms.
--------------------------------------------------
sat
OMT_LIA/CAV_2009_benchmarks/smt/35-vars/problem__004.smt2 : 38 ms.
--------------------------------------------------
sat
OMT_LIA/CAV_2009_benchmarks/smt/35-vars/problem__022.smt2 : 89712 ms.
--------------------------------------------------
sat
OMT_LIA/CAV_2009_benchmarks/smt/35-vars/problem__030.smt2 : 11434 ms.
--------------------------------------------------
sat
OMT_LIA/CAV_2009_benchmarks/smt/35-vars/problem__015.smt2 : 1297 ms.
--------------------------------------------------
sat
OMT_LIA/CAV_2009_benchmarks/smt/35-vars/problem__006.smt2 : 245 ms.
--------------------------------------------------
sat
OMT_LIA/CAV_2009_benchmarks/smt/35-vars/problem__020.smt2 : 3294 ms.
--------------------------------------------------
sat
OMT_LIA/CAV_2009_benchmarks/smt/35-vars/problem__001.smt2 : 30 ms.
--------------------------------------------------
sat
OMT_LIA/CAV_2009_benchmarks/smt/35-vars/problem_2__009.smt2 : 34 ms.
--------------------------------------------------
sat
OMT_LIA/CAV_2009_benchmarks/smt/35-vars/problem_2__008.smt2 : 105 ms.
--------------------------------------------------
sat
OMT_LIA/CAV_2009_benchmarks/smt/35-vars/problem_2__007.smt2 : 494 ms.
--------------------------------------------------
sat
OMT_LIA/CAV_2009_benchmarks/smt/35-vars/problem__013.smt2 : 37 ms.
--------------------------------------------------
sat
OMT_LIA/CAV_2009_benchmarks/smt/35-vars/problem_2__022.smt2 : 4663 ms.
--------------------------------------------------
sat
OMT_LIA/CAV_2009_benchmarks/smt/35-vars/problem_2__013.smt2 : 1885 ms.
--------------------------------------------------
sat
OMT_LIA/CAV_2009_benchmarks/smt/35-vars/problem__009.smt2 : 288 ms.
--------------------------------------------------
sat
OMT_LIA/CAV_2009_benchmarks/smt/35-vars/problem__016.smt2 : 6973 ms.
--------------------------------------------------
sat
OMT_LIA/CAV_2009_benchmarks/smt/35-vars/problem__032.smt2 : 269431 ms.
--------------------------------------------------
sat
OMT_LIA/CAV_2009_benchmarks/smt/35-vars/problem__027.smt2 : 34473 ms.
--------------------------------------------------
sat
OMT_LIA/CAV_2009_benchmarks/smt/35-vars/problem__002.smt2 : 182 ms.
--------------------------------------------------
sat
OMT_LIA/CAV_2009_benchmarks/smt/35-vars/problem__028.smt2 : 45170 ms.
--------------------------------------------------
sat
OMT_LIA/CAV_2009_benchmarks/smt/35-vars/problem_2__023.smt2 : 51187 ms.
--------------------------------------------------
sat
OMT_LIA/CAV_2009_benchmarks/smt/35-vars/problem__005.smt2 : 30 ms.
--------------------------------------------------
sat
OMT_LIA/CAV_2009_benchmarks/smt/35-vars/problem__014.smt2 : 273 ms.
--------------------------------------------------
sat
OMT_LIA/CAV_2009_benchmarks/smt/35-vars/problem_2__025.smt2 : 91487 ms.
--------------------------------------------------
timeout
OMT_LIA/CAV_2009_benchmarks/smt/35-vars/problem_2__010.smt2 : 1200027 ms.
--------------------------------------------------
sat
OMT_LIA/CAV_2009_benchmarks/smt/35-vars/problem_2__014.smt2 : 1662 ms.
--------------------------------------------------
sat
OMT_LIA/CAV_2009_benchmarks/smt/35-vars/problem__034.smt2 : 514589 ms.
--------------------------------------------------
sat
OMT_LIA/CAV_2009_benchmarks/smt/35-vars/problem_2__029.smt2 : 889372 ms.
--------------------------------------------------
sat
OMT_LIA/CAV_2009_benchmarks/smt/35-vars/problem_2__016.smt2 : 11132 ms.
--------------------------------------------------
sat
OMT_LIA/CAV_2009_benchmarks/smt/35-vars/problem__012.smt2 : 511 ms.
--------------------------------------------------
sat
OMT_LIA/CAV_2009_benchmarks/smt/35-vars/problem__033.smt2 : 233939 ms.
--------------------------------------------------
sat
OMT_LIA/CAV_2009_benchmarks/smt/35-vars/problem_2__002.smt2 : 40 ms.
--------------------------------------------------
sat
OMT_LIA/CAV_2009_benchmarks/smt/35-vars/problem_2__006.smt2 : 55 ms.
--------------------------------------------------
sat
OMT_LIA/CAV_2009_benchmarks/smt/35-vars/problem_2__019.smt2 : 7424 ms.
--------------------------------------------------
sat
OMT_LIA/CAV_2009_benchmarks/smt/35-vars/problem_2__004.smt2 : 78 ms.
--------------------------------------------------
sat
OMT_LIA/CAV_2009_benchmarks/smt/35-vars/problem_2__018.smt2 : 1820 ms.
--------------------------------------------------
sat
OMT_LIA/CAV_2009_benchmarks/smt/35-vars/problem_2__028.smt2 : 72982 ms.
--------------------------------------------------
sat
OMT_LIA/CAV_2009_benchmarks/smt/35-vars/problem_2__033.smt2 : 557636 ms.
--------------------------------------------------
sat
OMT_LIA/CAV_2009_benchmarks/smt/15-vars/problem_2__012.smt2 : 48 ms.
--------------------------------------------------
sat
OMT_LIA/CAV_2009_benchmarks/smt/15-vars/problem_2__001.smt2 : 26 ms.
--------------------------------------------------
sat
OMT_LIA/CAV_2009_benchmarks/smt/15-vars/problem__017.smt2 : 56 ms.
--------------------------------------------------
sat
OMT_LIA/CAV_2009_benchmarks/smt/15-vars/problem_2__003.smt2 : 27 ms.
--------------------------------------------------
sat
OMT_LIA/CAV_2009_benchmarks/smt/15-vars/problem_2__017.smt2 : 518 ms.
--------------------------------------------------
sat
OMT_LIA/CAV_2009_benchmarks/smt/15-vars/problem__021.smt2 : 33 ms.
--------------------------------------------------
sat
OMT_LIA/CAV_2009_benchmarks/smt/15-vars/problem__007.smt2 : 27 ms.
--------------------------------------------------
sat
OMT_LIA/CAV_2009_benchmarks/smt/15-vars/problem__018.smt2 : 31 ms.
--------------------------------------------------
sat
OMT_LIA/CAV_2009_benchmarks/smt/15-vars/problem__008.smt2 : 28 ms.
--------------------------------------------------
sat
OMT_LIA/CAV_2009_benchmarks/smt/15-vars/problem__011.smt2 : 47 ms.
--------------------------------------------------
sat
OMT_LIA/CAV_2009_benchmarks/smt/15-vars/problem_2__015.smt2 : 42 ms.
--------------------------------------------------
sat
OMT_LIA/CAV_2009_benchmarks/smt/15-vars/problem_2__005.smt2 : 27 ms.
--------------------------------------------------
sat
OMT_LIA/CAV_2009_benchmarks/smt/15-vars/problem__019.smt2 : 53 ms.
--------------------------------------------------
sat
OMT_LIA/CAV_2009_benchmarks/smt/15-vars/problem__003.smt2 : 27 ms.
--------------------------------------------------
sat
OMT_LIA/CAV_2009_benchmarks/smt/15-vars/problem__010.smt2 : 31 ms.
--------------------------------------------------
sat
OMT_LIA/CAV_2009_benchmarks/smt/15-vars/problem__004.smt2 : 24 ms.
--------------------------------------------------
sat
OMT_LIA/CAV_2009_benchmarks/smt/15-vars/problem__015.smt2 : 40 ms.
--------------------------------------------------
sat
OMT_LIA/CAV_2009_benchmarks/smt/15-vars/problem__006.smt2 : 28 ms.
--------------------------------------------------
sat
OMT_LIA/CAV_2009_benchmarks/smt/15-vars/problem__020.smt2 : 32 ms.
--------------------------------------------------
sat
OMT_LIA/CAV_2009_benchmarks/smt/15-vars/problem__001.smt2 : 26 ms.
--------------------------------------------------
sat
OMT_LIA/CAV_2009_benchmarks/smt/15-vars/problem_2__009.smt2 : 26 ms.
--------------------------------------------------
sat
OMT_LIA/CAV_2009_benchmarks/smt/15-vars/problem_2__008.smt2 : 26 ms.
--------------------------------------------------
sat
OMT_LIA/CAV_2009_benchmarks/smt/15-vars/problem_2__007.smt2 : 31 ms.
--------------------------------------------------
sat
OMT_LIA/CAV_2009_benchmarks/smt/15-vars/problem__013.smt2 : 28 ms.
--------------------------------------------------
sat
OMT_LIA/CAV_2009_benchmarks/smt/15-vars/problem_2__013.smt2 : 30 ms.
--------------------------------------------------
sat
OMT_LIA/CAV_2009_benchmarks/smt/15-vars/problem__009.smt2 : 37 ms.
--------------------------------------------------
sat
OMT_LIA/CAV_2009_benchmarks/smt/15-vars/problem__002.smt2 : 26 ms.
--------------------------------------------------
sat
OMT_LIA/CAV_2009_benchmarks/smt/15-vars/problem_2__023.smt2 : 192 ms.
--------------------------------------------------
sat
OMT_LIA/CAV_2009_benchmarks/smt/15-vars/problem__005.smt2 : 29 ms.
--------------------------------------------------
sat
OMT_LIA/CAV_2009_benchmarks/smt/15-vars/problem__014.smt2 : 26 ms.
--------------------------------------------------
sat
OMT_LIA/CAV_2009_benchmarks/smt/15-vars/problem_2__010.smt2 : 33 ms.
--------------------------------------------------
sat
OMT_LIA/CAV_2009_benchmarks/smt/15-vars/problem_2__014.smt2 : 115 ms.
--------------------------------------------------
sat
OMT_LIA/CAV_2009_benchmarks/smt/15-vars/problem_2__016.smt2 : 46 ms.
--------------------------------------------------
sat
OMT_LIA/CAV_2009_benchmarks/smt/15-vars/problem__012.smt2 : 40 ms.
--------------------------------------------------
sat
OMT_LIA/CAV_2009_benchmarks/smt/15-vars/problem_2__002.smt2 : 23 ms.
--------------------------------------------------
sat
OMT_LIA/CAV_2009_benchmarks/smt/15-vars/problem_2__006.smt2 : 34 ms.
--------------------------------------------------
sat
OMT_LIA/CAV_2009_benchmarks/smt/15-vars/problem_2__004.smt2 : 24 ms.
--------------------------------------------------
sat
OMT_LIA/CAV_2009_benchmarks/smt/15-vars/problem_2__018.smt2 : 494 ms.
--------------------------------------------------
sat
OMT_LIA/CAV_2009_benchmarks/smt/10-vars/problem_2__020.smt2 : 28 ms.
--------------------------------------------------
sat
OMT_LIA/CAV_2009_benchmarks/smt/10-vars/problem_2__001.smt2 : 22 ms.
--------------------------------------------------
sat
OMT_LIA/CAV_2009_benchmarks/smt/10-vars/problem_2__003.smt2 : 24 ms.
--------------------------------------------------
sat
OMT_LIA/CAV_2009_benchmarks/smt/10-vars/problem__023.smt2 : 35 ms.
--------------------------------------------------
sat
OMT_LIA/CAV_2009_benchmarks/smt/10-vars/problem_2__017.smt2 : 31 ms.
--------------------------------------------------
sat
OMT_LIA/CAV_2009_benchmarks/smt/10-vars/problem__007.smt2 : 27 ms.
--------------------------------------------------
sat
OMT_LIA/CAV_2009_benchmarks/smt/10-vars/problem__018.smt2 : 32 ms.
--------------------------------------------------
sat
OMT_LIA/CAV_2009_benchmarks/smt/10-vars/problem__008.smt2 : 26 ms.
--------------------------------------------------
sat
OMT_LIA/CAV_2009_benchmarks/smt/10-vars/problem_2__015.smt2 : 25 ms.
--------------------------------------------------
sat
OMT_LIA/CAV_2009_benchmarks/smt/10-vars/problem_2__005.smt2 : 26 ms.
--------------------------------------------------
sat
OMT_LIA/CAV_2009_benchmarks/smt/10-vars/problem__019.smt2 : 53 ms.
--------------------------------------------------
sat
OMT_LIA/CAV_2009_benchmarks/smt/10-vars/problem__003.smt2 : 27 ms.
--------------------------------------------------
sat
OMT_LIA/CAV_2009_benchmarks/smt/10-vars/problem_2__011.smt2 : 23 ms.
--------------------------------------------------
sat
OMT_LIA/CAV_2009_benchmarks/smt/10-vars/problem__010.smt2 : 27 ms.
--------------------------------------------------
sat
OMT_LIA/CAV_2009_benchmarks/smt/10-vars/problem__015.smt2 : 29 ms.
--------------------------------------------------
sat
OMT_LIA/CAV_2009_benchmarks/smt/10-vars/problem__006.smt2 : 28 ms.
--------------------------------------------------
sat
OMT_LIA/CAV_2009_benchmarks/smt/10-vars/problem__001.smt2 : 23 ms.
--------------------------------------------------
sat
OMT_LIA/CAV_2009_benchmarks/smt/10-vars/problem_2__009.smt2 : 27 ms.
--------------------------------------------------
sat
OMT_LIA/CAV_2009_benchmarks/smt/10-vars/problem_2__008.smt2 : 29 ms.
--------------------------------------------------
sat
OMT_LIA/CAV_2009_benchmarks/smt/10-vars/problem_2__007.smt2 : 26 ms.
--------------------------------------------------
sat
OMT_LIA/CAV_2009_benchmarks/smt/10-vars/problem__013.smt2 : 26 ms.
--------------------------------------------------
sat
OMT_LIA/CAV_2009_benchmarks/smt/10-vars/problem_2__022.smt2 : 28 ms.
--------------------------------------------------
sat
OMT_LIA/CAV_2009_benchmarks/smt/10-vars/problem_2__013.smt2 : 28 ms.
--------------------------------------------------
sat
OMT_LIA/CAV_2009_benchmarks/smt/10-vars/problem__009.smt2 : 25 ms.
--------------------------------------------------
sat
OMT_LIA/CAV_2009_benchmarks/smt/10-vars/problem__002.smt2 : 27 ms.
--------------------------------------------------
sat
OMT_LIA/CAV_2009_benchmarks/smt/10-vars/problem_2__023.smt2 : 37 ms.
--------------------------------------------------
sat
OMT_LIA/CAV_2009_benchmarks/smt/10-vars/problem__005.smt2 : 25 ms.
--------------------------------------------------
sat
OMT_LIA/CAV_2009_benchmarks/smt/10-vars/problem__014.smt2 : 27 ms.
--------------------------------------------------
sat
OMT_LIA/CAV_2009_benchmarks/smt/10-vars/problem_2__010.smt2 : 24 ms.
--------------------------------------------------
sat
OMT_LIA/CAV_2009_benchmarks/smt/10-vars/problem_2__014.smt2 : 23 ms.
--------------------------------------------------
timeout
OMT_LIA/CAV_2009_benchmarks/smt/10-vars/problem__012.smt2 : 1200023 ms.
--------------------------------------------------
sat
OMT_LIA/CAV_2009_benchmarks/smt/10-vars/problem_2__002.smt2 : 27 ms.
--------------------------------------------------
sat
OMT_LIA/CAV_2009_benchmarks/smt/10-vars/problem_2__006.smt2 : 27 ms.
--------------------------------------------------
sat
OMT_LIA/CAV_2009_benchmarks/smt/10-vars/problem_2__004.smt2 : 24 ms.
--------------------------------------------------
sat
OMT_LIA/CAV_2009_benchmarks/smt/10-vars/problem_2__018.smt2 : 29 ms.
--------------------------------------------------
sat
OMT_LIA/CAV_2009_benchmarks/smt/30-vars/problem_2__012.smt2 : 77 ms.
--------------------------------------------------
sat
OMT_LIA/CAV_2009_benchmarks/smt/30-vars/problem_2__027.smt2 : 524131 ms.
--------------------------------------------------
sat
OMT_LIA/CAV_2009_benchmarks/smt/30-vars/problem_2__020.smt2 : 4355 ms.
--------------------------------------------------
sat
OMT_LIA/CAV_2009_benchmarks/smt/30-vars/problem_2__032.smt2 : 56913 ms.
--------------------------------------------------
sat
OMT_LIA/CAV_2009_benchmarks/smt/30-vars/problem__024.smt2 : 1657 ms.
--------------------------------------------------
sat
OMT_LIA/CAV_2009_benchmarks/smt/30-vars/problem_2__001.smt2 : 55 ms.
--------------------------------------------------
sat
OMT_LIA/CAV_2009_benchmarks/smt/30-vars/problem__031.smt2 : 46265 ms.
--------------------------------------------------
sat
OMT_LIA/CAV_2009_benchmarks/smt/30-vars/problem__017.smt2 : 5252 ms.
--------------------------------------------------
timeout
OMT_LIA/CAV_2009_benchmarks/smt/30-vars/problem_2__035.smt2 : 1200018 ms.
--------------------------------------------------
sat
OMT_LIA/CAV_2009_benchmarks/smt/30-vars/problem_2__003.smt2 : 24 ms.
--------------------------------------------------
sat
OMT_LIA/CAV_2009_benchmarks/smt/30-vars/problem__025.smt2 : 1410 ms.
--------------------------------------------------
sat
OMT_LIA/CAV_2009_benchmarks/smt/30-vars/problem__023.smt2 : 10595 ms.
--------------------------------------------------
sat
OMT_LIA/CAV_2009_benchmarks/smt/30-vars/problem_2__031.smt2 : 58055 ms.
--------------------------------------------------
sat
OMT_LIA/CAV_2009_benchmarks/smt/30-vars/problem_2__017.smt2 : 263 ms.
--------------------------------------------------
sat
OMT_LIA/CAV_2009_benchmarks/smt/30-vars/problem__026.smt2 : 11625 ms.
--------------------------------------------------
sat
OMT_LIA/CAV_2009_benchmarks/smt/30-vars/problem__021.smt2 : 55265 ms.
--------------------------------------------------
sat
OMT_LIA/CAV_2009_benchmarks/smt/30-vars/problem__007.smt2 : 35 ms.
--------------------------------------------------
sat
OMT_LIA/CAV_2009_benchmarks/smt/30-vars/problem_2__026.smt2 : 226531 ms.
--------------------------------------------------
sat
OMT_LIA/CAV_2009_benchmarks/smt/30-vars/problem__018.smt2 : 104 ms.
--------------------------------------------------
timeout
OMT_LIA/CAV_2009_benchmarks/smt/30-vars/problem__035.smt2 : 1200014 ms.
--------------------------------------------------
sat
OMT_LIA/CAV_2009_benchmarks/smt/30-vars/problem__008.smt2 : 119 ms.
--------------------------------------------------
sat
OMT_LIA/CAV_2009_benchmarks/smt/30-vars/problem__029.smt2 : 8968 ms.
--------------------------------------------------
sat
OMT_LIA/CAV_2009_benchmarks/smt/30-vars/problem_2__024.smt2 : 996 ms.
--------------------------------------------------
sat
OMT_LIA/CAV_2009_benchmarks/smt/30-vars/problem_2__030.smt2 : 20984 ms.
--------------------------------------------------
sat
OMT_LIA/CAV_2009_benchmarks/smt/30-vars/problem__011.smt2 : 1541 ms.
--------------------------------------------------
sat
OMT_LIA/CAV_2009_benchmarks/smt/30-vars/problem_2__015.smt2 : 964 ms.
--------------------------------------------------
sat
OMT_LIA/CAV_2009_benchmarks/smt/30-vars/problem_2__005.smt2 : 29 ms.
--------------------------------------------------
sat
OMT_LIA/CAV_2009_benchmarks/smt/30-vars/problem__019.smt2 : 544 ms.
--------------------------------------------------
sat
OMT_LIA/CAV_2009_benchmarks/smt/30-vars/problem_2__034.smt2 : 438096 ms.
--------------------------------------------------
sat
OMT_LIA/CAV_2009_benchmarks/smt/30-vars/problem_2__021.smt2 : 546 ms.
--------------------------------------------------
sat
OMT_LIA/CAV_2009_benchmarks/smt/30-vars/problem__003.smt2 : 86 ms.
--------------------------------------------------
sat
OMT_LIA/CAV_2009_benchmarks/smt/30-vars/problem_2__011.smt2 : 31 ms.
--------------------------------------------------
sat
OMT_LIA/CAV_2009_benchmarks/smt/30-vars/problem__010.smt2 : 280 ms.
--------------------------------------------------
sat
OMT_LIA/CAV_2009_benchmarks/smt/30-vars/problem__004.smt2 : 49 ms.
--------------------------------------------------
sat
OMT_LIA/CAV_2009_benchmarks/smt/30-vars/problem__022.smt2 : 3700 ms.
--------------------------------------------------
sat
OMT_LIA/CAV_2009_benchmarks/smt/30-vars/problem__030.smt2 : 32063 ms.
--------------------------------------------------
sat
OMT_LIA/CAV_2009_benchmarks/smt/30-vars/problem__015.smt2 : 621 ms.
--------------------------------------------------
sat
OMT_LIA/CAV_2009_benchmarks/smt/30-vars/problem__006.smt2 : 54 ms.
--------------------------------------------------
sat
OMT_LIA/CAV_2009_benchmarks/smt/30-vars/problem__020.smt2 : 1473 ms.
--------------------------------------------------
sat
OMT_LIA/CAV_2009_benchmarks/smt/30-vars/problem__001.smt2 : 32 ms.
--------------------------------------------------
sat
OMT_LIA/CAV_2009_benchmarks/smt/30-vars/problem_2__009.smt2 : 72 ms.
--------------------------------------------------
sat
OMT_LIA/CAV_2009_benchmarks/smt/30-vars/problem_2__008.smt2 : 118 ms.
--------------------------------------------------
sat
OMT_LIA/CAV_2009_benchmarks/smt/30-vars/problem_2__007.smt2 : 506 ms.
--------------------------------------------------
sat
OMT_LIA/CAV_2009_benchmarks/smt/30-vars/problem__013.smt2 : 1229 ms.
--------------------------------------------------
sat
OMT_LIA/CAV_2009_benchmarks/smt/30-vars/problem_2__022.smt2 : 1626 ms.
--------------------------------------------------
sat
OMT_LIA/CAV_2009_benchmarks/smt/30-vars/problem_2__013.smt2 : 670 ms.
--------------------------------------------------
sat
OMT_LIA/CAV_2009_benchmarks/smt/30-vars/problem__009.smt2 : 36 ms.
--------------------------------------------------
sat
OMT_LIA/CAV_2009_benchmarks/smt/30-vars/problem__016.smt2 : 3072 ms.
--------------------------------------------------
sat
OMT_LIA/CAV_2009_benchmarks/smt/30-vars/problem__027.smt2 : 42062 ms.
--------------------------------------------------
sat
OMT_LIA/CAV_2009_benchmarks/smt/30-vars/problem__002.smt2 : 46 ms.
--------------------------------------------------
timeout
OMT_LIA/CAV_2009_benchmarks/smt/30-vars/problem__028.smt2 : 1200014 ms.
--------------------------------------------------
sat
OMT_LIA/CAV_2009_benchmarks/smt/30-vars/problem_2__023.smt2 : 7505 ms.
--------------------------------------------------
sat
OMT_LIA/CAV_2009_benchmarks/smt/30-vars/problem__005.smt2 : 34 ms.
--------------------------------------------------
sat
OMT_LIA/CAV_2009_benchmarks/smt/30-vars/problem__014.smt2 : 1295 ms.
--------------------------------------------------
sat
OMT_LIA/CAV_2009_benchmarks/smt/30-vars/problem_2__025.smt2 : 14249 ms.
--------------------------------------------------
sat
OMT_LIA/CAV_2009_benchmarks/smt/30-vars/problem_2__010.smt2 : 357 ms.
--------------------------------------------------
sat
OMT_LIA/CAV_2009_benchmarks/smt/30-vars/problem_2__014.smt2 : 641 ms.
--------------------------------------------------
sat
OMT_LIA/CAV_2009_benchmarks/smt/30-vars/problem__034.smt2 : 138684 ms.
--------------------------------------------------
sat
OMT_LIA/CAV_2009_benchmarks/smt/30-vars/problem_2__029.smt2 : 876577 ms.
