--------------------------------------------------
sat
OMT_LIA/20220307-SMPT/MAPK-PT-00040/RF-05.smt2 : 86 ms.
--------------------------------------------------
sat
OMT_LIA/20220307-SMPT/MAPK-PT-00040/RF-00.smt2 : 24 ms.
--------------------------------------------------
sat
OMT_LIA/20220307-SMPT/MAPK-PT-00040/RC-13.smt2 : 28 ms.
--------------------------------------------------
sat
OMT_LIA/20220307-SMPT/MAPK-PT-00040/RC-00.smt2 : 25 ms.
--------------------------------------------------
sat
OMT_LIA/20220307-SMPT/MAPK-PT-00040/RF-10.smt2 : 27 ms.
--------------------------------------------------
sat
OMT_LIA/20220307-SMPT/MAPK-PT-00040/RC-01.smt2 : 29 ms.
--------------------------------------------------
sat
OMT_LIA/20220307-SMPT/MAPK-PT-00040/RC-06.smt2 : 28 ms.
--------------------------------------------------
sat
OMT_LIA/20220307-SMPT/MAPK-PT-00040/RF-03.smt2 : 29 ms.
--------------------------------------------------
sat
OMT_LIA/20220307-SMPT/MAPK-PT-00040/RC-04.smt2 : 31 ms.
--------------------------------------------------
sat
OMT_LIA/20220307-SMPT/MAPK-PT-00040/RC-11.smt2 : 30 ms.
--------------------------------------------------
sat
OMT_LIA/20220307-SMPT/MAPK-PT-00040/RC-05.smt2 : 27 ms.
--------------------------------------------------
sat
OMT_LIA/20220307-SMPT/MAPK-PT-00040/RC-08.smt2 : 31 ms.
--------------------------------------------------
sat
OMT_LIA/20220307-SMPT/MAPK-PT-00040/RC-02.smt2 : 23 ms.
--------------------------------------------------
sat
OMT_LIA/20220307-SMPT/MAPK-PT-00040/RC-07.smt2 : 34 ms.
--------------------------------------------------
sat
OMT_LIA/20220307-SMPT/MAPK-PT-00040/RC-10.smt2 : 23 ms.
--------------------------------------------------
sat
OMT_LIA/20220307-SMPT/MAPK-PT-00040/RF-11.smt2 : 29 ms.
--------------------------------------------------
sat
OMT_LIA/20220307-SMPT/MAPK-PT-00040/RC-09.smt2 : 26 ms.
--------------------------------------------------
sat
OMT_LIA/20220307-SMPT/MAPK-PT-00040/RF-06.smt2 : 22 ms.
--------------------------------------------------
sat
OMT_LIA/20220307-SMPT/MAPK-PT-00040/RF-01.smt2 : 31 ms.
--------------------------------------------------
sat
OMT_LIA/20220307-SMPT/MAPK-PT-00040/RC-03.smt2 : 29 ms.
--------------------------------------------------
sat
OMT_LIA/20220307-SMPT/MAPK-PT-00040/RF-02.smt2 : 31 ms.
--------------------------------------------------
sat
OMT_LIA/20220307-SMPT/MAPK-PT-00040/RF-07.smt2 : 28 ms.
--------------------------------------------------
sat
OMT_LIA/20220307-SMPT/MAPK-PT-00040/RF-13.smt2 : 31 ms.
--------------------------------------------------
sat
OMT_LIA/20220307-SMPT/MAPK-PT-00040/RC-12.smt2 : 28 ms.
--------------------------------------------------
sat
OMT_LIA/20220307-SMPT/FMS-PT-00010/RC-15.smt2 : 26 ms.
--------------------------------------------------
sat
OMT_LIA/20220307-SMPT/FMS-PT-00010/RF-05.smt2 : 22 ms.
--------------------------------------------------
sat
OMT_LIA/20220307-SMPT/FMS-PT-00010/RF-00.smt2 : 26 ms.
--------------------------------------------------
sat
OMT_LIA/20220307-SMPT/FMS-PT-00010/RF-10.smt2 : 27 ms.
--------------------------------------------------
sat
OMT_LIA/20220307-SMPT/FMS-PT-00010/RF-03.smt2 : 30 ms.
--------------------------------------------------
sat
OMT_LIA/20220307-SMPT/FMS-PT-00010/RC-04.smt2 : 27 ms.
--------------------------------------------------
sat
OMT_LIA/20220307-SMPT/FMS-PT-00010/RC-05.smt2 : 28 ms.
--------------------------------------------------
sat
OMT_LIA/20220307-SMPT/FMS-PT-00010/RF-12.smt2 : 28 ms.
--------------------------------------------------
sat
OMT_LIA/20220307-SMPT/FMS-PT-00010/RC-08.smt2 : 24 ms.
--------------------------------------------------
sat
OMT_LIA/20220307-SMPT/FMS-PT-00010/RC-02.smt2 : 27 ms.
--------------------------------------------------
sat
OMT_LIA/20220307-SMPT/FMS-PT-00010/RC-07.smt2 : 29 ms.
--------------------------------------------------
sat
OMT_LIA/20220307-SMPT/FMS-PT-00010/RC-10.smt2 : 25 ms.
--------------------------------------------------
sat
OMT_LIA/20220307-SMPT/FMS-PT-00010/RF-04.smt2 : 27 ms.
--------------------------------------------------
sat
OMT_LIA/20220307-SMPT/FMS-PT-00010/RC-09.smt2 : 27 ms.
--------------------------------------------------
sat
OMT_LIA/20220307-SMPT/FMS-PT-00010/RF-06.smt2 : 28 ms.
--------------------------------------------------
sat
OMT_LIA/20220307-SMPT/FMS-PT-00010/RF-08.smt2 : 28 ms.
--------------------------------------------------
sat
OMT_LIA/20220307-SMPT/FMS-PT-00010/RF-01.smt2 : 31 ms.
--------------------------------------------------
sat
OMT_LIA/20220307-SMPT/FMS-PT-00010/RC-03.smt2 : 27 ms.
--------------------------------------------------
sat
OMT_LIA/20220307-SMPT/FMS-PT-00010/RF-02.smt2 : 28 ms.
--------------------------------------------------
sat
OMT_LIA/20220307-SMPT/FMS-PT-00010/RF-07.smt2 : 23 ms.
--------------------------------------------------
sat
OMT_LIA/20220307-SMPT/FMS-PT-00010/RF-13.smt2 : 26 ms.
--------------------------------------------------
sat
OMT_LIA/20220307-SMPT/FMS-PT-00010/RC-12.smt2 : 27 ms.
--------------------------------------------------
sat
OMT_LIA/20220307-SMPT/FMS-PT-50000/RF-14.smt2 : 30 ms.
--------------------------------------------------
sat
OMT_LIA/20220307-SMPT/FMS-PT-50000/RF-09.smt2 : 29 ms.
--------------------------------------------------
sat
OMT_LIA/20220307-SMPT/FMS-PT-50000/RC-14.smt2 : 28 ms.
--------------------------------------------------
sat
OMT_LIA/20220307-SMPT/FMS-PT-50000/RC-15.smt2 : 27 ms.
--------------------------------------------------
sat
OMT_LIA/20220307-SMPT/FMS-PT-50000/RF-05.smt2 : 28 ms.
--------------------------------------------------
sat
OMT_LIA/20220307-SMPT/FMS-PT-50000/RF-00.smt2 : 21 ms.
--------------------------------------------------
sat
OMT_LIA/20220307-SMPT/FMS-PT-50000/RC-00.smt2 : 28 ms.
--------------------------------------------------
sat
OMT_LIA/20220307-SMPT/FMS-PT-50000/RF-10.smt2 : 25 ms.
--------------------------------------------------
sat
OMT_LIA/20220307-SMPT/FMS-PT-50000/RC-01.smt2 : 23 ms.
--------------------------------------------------
sat
OMT_LIA/20220307-SMPT/FMS-PT-50000/RC-06.smt2 : 28 ms.
--------------------------------------------------
sat
OMT_LIA/20220307-SMPT/FMS-PT-50000/RF-03.smt2 : 25 ms.
--------------------------------------------------
sat
OMT_LIA/20220307-SMPT/FMS-PT-50000/RC-04.smt2 : 24 ms.
--------------------------------------------------
sat
OMT_LIA/20220307-SMPT/FMS-PT-50000/RC-11.smt2 : 24 ms.
--------------------------------------------------
sat
OMT_LIA/20220307-SMPT/FMS-PT-50000/RC-05.smt2 : 23 ms.
--------------------------------------------------
sat
OMT_LIA/20220307-SMPT/FMS-PT-50000/RF-12.smt2 : 27 ms.
--------------------------------------------------
sat
OMT_LIA/20220307-SMPT/FMS-PT-50000/RC-08.smt2 : 23 ms.
--------------------------------------------------
sat
OMT_LIA/20220307-SMPT/FMS-PT-50000/RC-02.smt2 : 25 ms.
--------------------------------------------------
sat
OMT_LIA/20220307-SMPT/FMS-PT-50000/RC-07.smt2 : 29 ms.
--------------------------------------------------
sat
OMT_LIA/20220307-SMPT/FMS-PT-50000/RF-04.smt2 : 28 ms.
--------------------------------------------------
sat
OMT_LIA/20220307-SMPT/FMS-PT-50000/RC-09.smt2 : 28 ms.
--------------------------------------------------
sat
OMT_LIA/20220307-SMPT/FMS-PT-50000/RF-06.smt2 : 27 ms.
--------------------------------------------------
sat
OMT_LIA/20220307-SMPT/FMS-PT-50000/RF-08.smt2 : 24 ms.
--------------------------------------------------
sat
OMT_LIA/20220307-SMPT/FMS-PT-50000/RF-01.smt2 : 30 ms.
--------------------------------------------------
sat
OMT_LIA/20220307-SMPT/FMS-PT-50000/RC-03.smt2 : 27 ms.
--------------------------------------------------
sat
OMT_LIA/20220307-SMPT/FMS-PT-50000/RF-15.smt2 : 27 ms.
--------------------------------------------------
sat
OMT_LIA/20220307-SMPT/FMS-PT-50000/RF-02.smt2 : 25 ms.
--------------------------------------------------
sat
OMT_LIA/20220307-SMPT/FMS-PT-50000/RF-07.smt2 : 29 ms.
--------------------------------------------------
sat
OMT_LIA/20220307-SMPT/FMS-PT-50000/RF-13.smt2 : 25 ms.
--------------------------------------------------
sat
OMT_LIA/20220307-SMPT/FMS-PT-50000/RC-12.smt2 : 28 ms.
--------------------------------------------------
sat
OMT_LIA/20220307-SMPT/Diffusion2D-PT-D40N010/RF-14.smt2 : 196 ms.
--------------------------------------------------
sat
OMT_LIA/20220307-SMPT/Diffusion2D-PT-D40N010/RF-09.smt2 : 258 ms.
--------------------------------------------------
sat
OMT_LIA/20220307-SMPT/Diffusion2D-PT-D40N010/RC-14.smt2 : 247 ms.
--------------------------------------------------
sat
OMT_LIA/20220307-SMPT/Diffusion2D-PT-D40N010/RC-15.smt2 : 308 ms.
--------------------------------------------------
sat
OMT_LIA/20220307-SMPT/Diffusion2D-PT-D40N010/RF-05.smt2 : 268 ms.
--------------------------------------------------
sat
OMT_LIA/20220307-SMPT/Diffusion2D-PT-D40N010/RF-00.smt2 : 212 ms.
--------------------------------------------------
sat
OMT_LIA/20220307-SMPT/Diffusion2D-PT-D40N010/RC-13.smt2 : 437 ms.
--------------------------------------------------
sat
OMT_LIA/20220307-SMPT/Diffusion2D-PT-D40N010/RC-00.smt2 : 229 ms.
--------------------------------------------------
sat
OMT_LIA/20220307-SMPT/Diffusion2D-PT-D40N010/RF-10.smt2 : 296 ms.
--------------------------------------------------
sat
OMT_LIA/20220307-SMPT/Diffusion2D-PT-D40N010/RC-01.smt2 : 284 ms.
--------------------------------------------------
sat
OMT_LIA/20220307-SMPT/Diffusion2D-PT-D40N010/RC-06.smt2 : 296 ms.
--------------------------------------------------
sat
OMT_LIA/20220307-SMPT/Diffusion2D-PT-D40N010/RF-03.smt2 : 440 ms.
--------------------------------------------------
sat
OMT_LIA/20220307-SMPT/Diffusion2D-PT-D40N010/RC-04.smt2 : 234 ms.
--------------------------------------------------
sat
OMT_LIA/20220307-SMPT/Diffusion2D-PT-D40N010/RC-11.smt2 : 297 ms.
--------------------------------------------------
sat
OMT_LIA/20220307-SMPT/Diffusion2D-PT-D40N010/RC-05.smt2 : 289 ms.
--------------------------------------------------
sat
OMT_LIA/20220307-SMPT/Diffusion2D-PT-D40N010/RF-12.smt2 : 299 ms.
--------------------------------------------------
sat
OMT_LIA/20220307-SMPT/Diffusion2D-PT-D40N010/RC-02.smt2 : 280 ms.
--------------------------------------------------
sat
OMT_LIA/20220307-SMPT/Diffusion2D-PT-D40N010/RC-07.smt2 : 310 ms.
--------------------------------------------------
sat
OMT_LIA/20220307-SMPT/Diffusion2D-PT-D40N010/RC-10.smt2 : 301 ms.
--------------------------------------------------
sat
OMT_LIA/20220307-SMPT/Diffusion2D-PT-D40N010/RF-04.smt2 : 310 ms.
--------------------------------------------------
sat
OMT_LIA/20220307-SMPT/Diffusion2D-PT-D40N010/RF-11.smt2 : 313 ms.
--------------------------------------------------
sat
OMT_LIA/20220307-SMPT/Diffusion2D-PT-D40N010/RC-09.smt2 : 368 ms.
--------------------------------------------------
sat
OMT_LIA/20220307-SMPT/Diffusion2D-PT-D40N010/RF-06.smt2 : 313 ms.
--------------------------------------------------
sat
OMT_LIA/20220307-SMPT/Diffusion2D-PT-D40N010/RF-08.smt2 : 298 ms.
--------------------------------------------------
sat
OMT_LIA/20220307-SMPT/Diffusion2D-PT-D40N010/RF-01.smt2 : 305 ms.
--------------------------------------------------
sat
OMT_LIA/20220307-SMPT/Diffusion2D-PT-D40N010/RC-03.smt2 : 305 ms.
--------------------------------------------------
sat
OMT_LIA/20220307-SMPT/Diffusion2D-PT-D40N010/RF-15.smt2 : 285 ms.
--------------------------------------------------
sat
OMT_LIA/20220307-SMPT/Diffusion2D-PT-D40N010/RF-02.smt2 : 311 ms.
--------------------------------------------------
sat
OMT_LIA/20220307-SMPT/Diffusion2D-PT-D40N010/RF-07.smt2 : 309 ms.
--------------------------------------------------
sat
OMT_LIA/20220307-SMPT/Diffusion2D-PT-D40N010/RF-13.smt2 : 277 ms.
--------------------------------------------------
sat
OMT_LIA/20220307-SMPT/Diffusion2D-PT-D40N010/RC-12.smt2 : 178 ms.
--------------------------------------------------
sat
OMT_LIA/20220307-SMPT/HouseConstruction-PT-00050/RC-14.smt2 : 30 ms.
--------------------------------------------------
sat
OMT_LIA/20220307-SMPT/HouseConstruction-PT-00050/RF-00.smt2 : 29 ms.
--------------------------------------------------
sat
OMT_LIA/20220307-SMPT/HouseConstruction-PT-00050/RC-13.smt2 : 28 ms.
--------------------------------------------------
sat
OMT_LIA/20220307-SMPT/HouseConstruction-PT-00050/RC-00.smt2 : 28 ms.
--------------------------------------------------
sat
OMT_LIA/20220307-SMPT/HouseConstruction-PT-00050/RF-10.smt2 : 28 ms.
--------------------------------------------------
sat
OMT_LIA/20220307-SMPT/HouseConstruction-PT-00050/RC-01.smt2 : 29 ms.
--------------------------------------------------
sat
OMT_LIA/20220307-SMPT/HouseConstruction-PT-00050/RF-03.smt2 : 30 ms.
--------------------------------------------------
sat
OMT_LIA/20220307-SMPT/HouseConstruction-PT-00050/RC-04.smt2 : 28 ms.
--------------------------------------------------
sat
OMT_LIA/20220307-SMPT/HouseConstruction-PT-00050/RC-11.smt2 : 28 ms.
--------------------------------------------------
sat
OMT_LIA/20220307-SMPT/HouseConstruction-PT-00050/RC-05.smt2 : 31 ms.
--------------------------------------------------
sat
OMT_LIA/20220307-SMPT/HouseConstruction-PT-00050/RC-08.smt2 : 32 ms.
--------------------------------------------------
sat
OMT_LIA/20220307-SMPT/HouseConstruction-PT-00050/RC-02.smt2 : 28 ms.
--------------------------------------------------
sat
OMT_LIA/20220307-SMPT/HouseConstruction-PT-00050/RC-07.smt2 : 28 ms.
--------------------------------------------------
sat
OMT_LIA/20220307-SMPT/HouseConstruction-PT-00050/RC-10.smt2 : 31 ms.
--------------------------------------------------
sat
OMT_LIA/20220307-SMPT/HouseConstruction-PT-00050/RF-04.smt2 : 29 ms.
--------------------------------------------------
sat
OMT_LIA/20220307-SMPT/HouseConstruction-PT-00050/RF-11.smt2 : 28 ms.
--------------------------------------------------
sat
OMT_LIA/20220307-SMPT/HouseConstruction-PT-00050/RC-09.smt2 : 30 ms.
--------------------------------------------------
sat
OMT_LIA/20220307-SMPT/HouseConstruction-PT-00050/RF-06.smt2 : 29 ms.
--------------------------------------------------
sat
OMT_LIA/20220307-SMPT/HouseConstruction-PT-00050/RF-01.smt2 : 29 ms.
--------------------------------------------------
sat
OMT_LIA/20220307-SMPT/HouseConstruction-PT-00050/RC-03.smt2 : 28 ms.
--------------------------------------------------
sat
OMT_LIA/20220307-SMPT/HouseConstruction-PT-00050/RF-15.smt2 : 30 ms.
--------------------------------------------------
sat
OMT_LIA/20220307-SMPT/HouseConstruction-PT-00050/RF-07.smt2 : 30 ms.
--------------------------------------------------
sat
OMT_LIA/20220307-SMPT/SmallOperatingSystem-PT-MT0064DC0016/RC-15.smt2 : 27 ms.
--------------------------------------------------
sat
OMT_LIA/20220307-SMPT/SmallOperatingSystem-PT-MT0064DC0016/RC-13.smt2 : 29 ms.
--------------------------------------------------
sat
OMT_LIA/20220307-SMPT/SmallOperatingSystem-PT-MT0064DC0016/RC-01.smt2 : 26 ms.
--------------------------------------------------
sat
OMT_LIA/20220307-SMPT/SmallOperatingSystem-PT-MT0064DC0016/RC-11.smt2 : 26 ms.
--------------------------------------------------
sat
OMT_LIA/20220307-SMPT/SmallOperatingSystem-PT-MT0064DC0016/RC-05.smt2 : 27 ms.
--------------------------------------------------
sat
OMT_LIA/20220307-SMPT/SmallOperatingSystem-PT-MT0064DC0016/RF-12.smt2 : 29 ms.
--------------------------------------------------
sat
OMT_LIA/20220307-SMPT/SmallOperatingSystem-PT-MT0064DC0016/RC-02.smt2 : 26 ms.
--------------------------------------------------
sat
OMT_LIA/20220307-SMPT/SmallOperatingSystem-PT-MT0064DC0016/RC-07.smt2 : 27 ms.
--------------------------------------------------
sat
OMT_LIA/20220307-SMPT/SmallOperatingSystem-PT-MT0064DC0016/RC-10.smt2 : 27 ms.
--------------------------------------------------
sat
OMT_LIA/20220307-SMPT/SmallOperatingSystem-PT-MT0064DC0016/RF-01.smt2 : 26 ms.
--------------------------------------------------
sat
OMT_LIA/20220307-SMPT/SmallOperatingSystem-PT-MT0064DC0016/RC-03.smt2 : 26 ms.
--------------------------------------------------
sat
OMT_LIA/20220307-SMPT/SmallOperatingSystem-PT-MT0064DC0016/RF-07.smt2 : 29 ms.
--------------------------------------------------
sat
OMT_LIA/20220307-SMPT/SmallOperatingSystem-PT-MT0064DC0016/RF-13.smt2 : 27 ms.
--------------------------------------------------
sat
OMT_LIA/20220307-SMPT/SmallOperatingSystem-PT-MT1024DC0256/RC-14.smt2 : 28 ms.
--------------------------------------------------
sat
OMT_LIA/20220307-SMPT/SmallOperatingSystem-PT-MT1024DC0256/RC-15.smt2 : 27 ms.
--------------------------------------------------
sat
OMT_LIA/20220307-SMPT/SmallOperatingSystem-PT-MT1024DC0256/RF-00.smt2 : 28 ms.
--------------------------------------------------
sat
OMT_LIA/20220307-SMPT/SmallOperatingSystem-PT-MT1024DC0256/RC-00.smt2 : 22 ms.
--------------------------------------------------
sat
OMT_LIA/20220307-SMPT/SmallOperatingSystem-PT-MT1024DC0256/RF-10.smt2 : 27 ms.
--------------------------------------------------
sat
OMT_LIA/20220307-SMPT/SmallOperatingSystem-PT-MT1024DC0256/RC-01.smt2 : 27 ms.
--------------------------------------------------
sat
OMT_LIA/20220307-SMPT/SmallOperatingSystem-PT-MT1024DC0256/RF-03.smt2 : 28 ms.
--------------------------------------------------
sat
OMT_LIA/20220307-SMPT/SmallOperatingSystem-PT-MT1024DC0256/RC-04.smt2 : 28 ms.
--------------------------------------------------
sat
OMT_LIA/20220307-SMPT/SmallOperatingSystem-PT-MT1024DC0256/RC-11.smt2 : 26 ms.
--------------------------------------------------
sat
OMT_LIA/20220307-SMPT/SmallOperatingSystem-PT-MT1024DC0256/RF-12.smt2 : 27 ms.
--------------------------------------------------
sat
OMT_LIA/20220307-SMPT/SmallOperatingSystem-PT-MT1024DC0256/RC-08.smt2 : 28 ms.
--------------------------------------------------
sat
OMT_LIA/20220307-SMPT/SmallOperatingSystem-PT-MT1024DC0256/RC-02.smt2 : 25 ms.
--------------------------------------------------
sat
OMT_LIA/20220307-SMPT/SmallOperatingSystem-PT-MT1024DC0256/RC-10.smt2 : 27 ms.
--------------------------------------------------
sat
OMT_LIA/20220307-SMPT/SmallOperatingSystem-PT-MT1024DC0256/RF-11.smt2 : 29 ms.
--------------------------------------------------
sat
OMT_LIA/20220307-SMPT/SmallOperatingSystem-PT-MT1024DC0256/RC-09.smt2 : 26 ms.
--------------------------------------------------
sat
OMT_LIA/20220307-SMPT/SmallOperatingSystem-PT-MT1024DC0256/RF-15.smt2 : 24 ms.
--------------------------------------------------
sat
OMT_LIA/20220307-SMPT/SmallOperatingSystem-PT-MT1024DC0256/RF-02.smt2 : 26 ms.
--------------------------------------------------
sat
OMT_LIA/20220307-SMPT/SmallOperatingSystem-PT-MT1024DC0256/RF-13.smt2 : 25 ms.
--------------------------------------------------
sat
OMT_LIA/20220307-SMPT/RwMutex-PT-r0100w0010/RF-14.smt2 : 90 ms.
--------------------------------------------------
sat
OMT_LIA/20220307-SMPT/RwMutex-PT-r0100w0010/RF-05.smt2 : 94 ms.
--------------------------------------------------
sat
OMT_LIA/20220307-SMPT/RwMutex-PT-r0100w0010/RF-00.smt2 : 94 ms.
--------------------------------------------------
sat
OMT_LIA/20220307-SMPT/RwMutex-PT-r0100w0010/RC-13.smt2 : 86 ms.
--------------------------------------------------
sat
OMT_LIA/20220307-SMPT/RwMutex-PT-r0100w0010/RC-00.smt2 : 93 ms.
--------------------------------------------------
sat
OMT_LIA/20220307-SMPT/RwMutex-PT-r0100w0010/RC-01.smt2 : 91 ms.
--------------------------------------------------
sat
OMT_LIA/20220307-SMPT/RwMutex-PT-r0100w0010/RF-03.smt2 : 94 ms.
--------------------------------------------------
sat
OMT_LIA/20220307-SMPT/RwMutex-PT-r0100w0010/RC-04.smt2 : 68 ms.
--------------------------------------------------
sat
OMT_LIA/20220307-SMPT/RwMutex-PT-r0100w0010/RF-12.smt2 : 99 ms.
--------------------------------------------------
sat
OMT_LIA/20220307-SMPT/RwMutex-PT-r0100w0010/RC-02.smt2 : 67 ms.
--------------------------------------------------
sat
OMT_LIA/20220307-SMPT/RwMutex-PT-r0100w0010/RC-07.smt2 : 89 ms.
--------------------------------------------------
sat
OMT_LIA/20220307-SMPT/RwMutex-PT-r0100w0010/RF-04.smt2 : 105 ms.
--------------------------------------------------
sat
OMT_LIA/20220307-SMPT/RwMutex-PT-r0100w0010/RF-11.smt2 : 70 ms.
--------------------------------------------------
sat
OMT_LIA/20220307-SMPT/RwMutex-PT-r0100w0010/RC-09.smt2 : 91 ms.
--------------------------------------------------
sat
OMT_LIA/20220307-SMPT/RwMutex-PT-r0100w0010/RF-06.smt2 : 65 ms.
--------------------------------------------------
sat
OMT_LIA/20220307-SMPT/RwMutex-PT-r0100w0010/RF-01.smt2 : 61 ms.
--------------------------------------------------
sat
OMT_LIA/20220307-SMPT/RwMutex-PT-r0100w0010/RF-15.smt2 : 61 ms.
--------------------------------------------------
sat
OMT_LIA/20220307-SMPT/RwMutex-PT-r0100w0010/RF-07.smt2 : 55 ms.
--------------------------------------------------
sat
OMT_LIA/20220307-SMPT/RwMutex-PT-r0100w0010/RF-13.smt2 : 93 ms.
--------------------------------------------------
sat
OMT_LIA/20220307-SMPT/FMS-PT-10000/RF-14.smt2 : 27 ms.
--------------------------------------------------
sat
OMT_LIA/20220307-SMPT/FMS-PT-10000/RF-09.smt2 : 28 ms.
--------------------------------------------------
sat
OMT_LIA/20220307-SMPT/FMS-PT-10000/RC-15.smt2 : 27 ms.
--------------------------------------------------
sat
OMT_LIA/20220307-SMPT/FMS-PT-10000/RF-05.smt2 : 28 ms.
--------------------------------------------------
sat
OMT_LIA/20220307-SMPT/FMS-PT-10000/RF-00.smt2 : 28 ms.
--------------------------------------------------
sat
OMT_LIA/20220307-SMPT/FMS-PT-10000/RC-13.smt2 : 27 ms.
--------------------------------------------------
sat
OMT_LIA/20220307-SMPT/FMS-PT-10000/RC-00.smt2 : 24 ms.
--------------------------------------------------
sat
OMT_LIA/20220307-SMPT/FMS-PT-10000/RF-10.smt2 : 26 ms.
--------------------------------------------------
sat
OMT_LIA/20220307-SMPT/FMS-PT-10000/RC-06.smt2 : 30 ms.
--------------------------------------------------
sat
OMT_LIA/20220307-SMPT/FMS-PT-10000/RF-03.smt2 : 31 ms.
--------------------------------------------------
sat
OMT_LIA/20220307-SMPT/FMS-PT-10000/RC-04.smt2 : 27 ms.
--------------------------------------------------
sat
OMT_LIA/20220307-SMPT/FMS-PT-10000/RC-11.smt2 : 27 ms.
--------------------------------------------------
sat
OMT_LIA/20220307-SMPT/FMS-PT-10000/RC-05.smt2 : 27 ms.
--------------------------------------------------
sat
OMT_LIA/20220307-SMPT/FMS-PT-10000/RF-12.smt2 : 27 ms.
--------------------------------------------------
sat
OMT_LIA/20220307-SMPT/FMS-PT-10000/RC-08.smt2 : 29 ms.
--------------------------------------------------
sat
OMT_LIA/20220307-SMPT/FMS-PT-10000/RC-02.smt2 : 29 ms.
--------------------------------------------------
sat
OMT_LIA/20220307-SMPT/FMS-PT-10000/RC-07.smt2 : 28 ms.
--------------------------------------------------
sat
OMT_LIA/20220307-SMPT/FMS-PT-10000/RF-04.smt2 : 28 ms.
--------------------------------------------------
sat
OMT_LIA/20220307-SMPT/FMS-PT-10000/RF-11.smt2 : 28 ms.
--------------------------------------------------
sat
OMT_LIA/20220307-SMPT/FMS-PT-10000/RC-09.smt2 : 27 ms.
--------------------------------------------------
sat
OMT_LIA/20220307-SMPT/FMS-PT-10000/RF-06.smt2 : 31 ms.
--------------------------------------------------
sat
OMT_LIA/20220307-SMPT/FMS-PT-10000/RF-08.smt2 : 27 ms.
--------------------------------------------------
sat
OMT_LIA/20220307-SMPT/FMS-PT-10000/RF-01.smt2 : 22 ms.
