--------------------------------------------------
unsat
QF_NRA/hycomp/ball_count_1d_plain.03.qfree_global_2.smt2 : 42 ms.
--------------------------------------------------
unsat
QF_NRA/hycomp/ball_count_1d_plain.03.qfree_global_3.smt2 : 38 ms.
--------------------------------------------------
unsat
QF_NRA/hycomp/ball_count_1d_plain.03.qfree_global_4.smt2 : 35 ms.
--------------------------------------------------
unsat
QF_NRA/hycomp/ball_count_1d_plain.03.qfree_global_5.smt2 : 52 ms.
--------------------------------------------------
./solvers/mathsat/run.sh: line 3: 382272 Killed                  ./mathsat ../$1
QF_NRA/hycomp/ball_count_1d_plain.03.qfree_global_6.smt2 : 1800128 ms.
--------------------------------------------------
unsat
QF_NRA/hycomp/ball_count_1d_plain.03.qfree_global_7.smt2 : 31 ms.
--------------------------------------------------
./solvers/mathsat/run.sh: line 3: 396087 Killed                  ./mathsat ../$1
QF_NRA/hycomp/ball_count_1d_plain.03.qfree_global_8.smt2 : 1800177 ms.
--------------------------------------------------
unsat
QF_NRA/hycomp/ball_count_1d_plain.03.qfree_global_9.smt2 : 214 ms.
--------------------------------------------------
unsat
QF_NRA/hycomp/ball_count_1d_plain.03.redlog_global_0.smt2 : 311 ms.
--------------------------------------------------
./solvers/mathsat/run.sh: line 3: 400220 Killed                  ./mathsat ../$1
QF_NRA/hycomp/ball_count_1d_plain.03.redlog_global_10.smt2 : 1800108 ms.
--------------------------------------------------
unsat
QF_NRA/hycomp/ball_count_1d_plain.03.redlog_global_11.smt2 : 43 ms.
--------------------------------------------------
./solvers/mathsat/run.sh: line 3: 403252 Killed                  ./mathsat ../$1
QF_NRA/hycomp/ball_count_1d_plain.03.redlog_global_12.smt2 : 1800082 ms.
--------------------------------------------------
unsat
QF_NRA/hycomp/ball_count_1d_plain.03.redlog_global_13.smt2 : 48 ms.
--------------------------------------------------
./solvers/mathsat/run.sh: line 3: 406113 Killed                  ./mathsat ../$1
QF_NRA/hycomp/ball_count_1d_plain.03.redlog_global_14.smt2 : 1800056 ms.
--------------------------------------------------
unsat
QF_NRA/hycomp/ball_count_1d_plain.03.redlog_global_15.smt2 : 50 ms.
--------------------------------------------------
unsat
QF_NRA/hycomp/ball_count_1d_plain.03.redlog_global_1.smt2 : 29 ms.
--------------------------------------------------
unsat
QF_NRA/hycomp/ball_count_1d_plain.03.redlog_global_2.smt2 : 29 ms.
--------------------------------------------------
unsat
QF_NRA/hycomp/ball_count_1d_plain.03.redlog_global_3.smt2 : 32 ms.
--------------------------------------------------
unsat
QF_NRA/hycomp/ball_count_1d_plain.03.redlog_global_4.smt2 : 36 ms.
--------------------------------------------------
unsat
QF_NRA/hycomp/ball_count_1d_plain.03.redlog_global_5.smt2 : 35 ms.
--------------------------------------------------
./solvers/mathsat/run.sh: line 3: 407917 Killed                  ./mathsat ../$1
QF_NRA/hycomp/ball_count_1d_plain.03.redlog_global_6.smt2 : 1800129 ms.
--------------------------------------------------
unsat
QF_NRA/hycomp/ball_count_1d_plain.03.redlog_global_7.smt2 : 39 ms.
--------------------------------------------------
./solvers/mathsat/run.sh: line 3: 409641 Killed                  ./mathsat ../$1
QF_NRA/hycomp/ball_count_1d_plain.03.redlog_global_8.smt2 : 1800089 ms.
--------------------------------------------------
unsat
QF_NRA/hycomp/ball_count_1d_plain.03.redlog_global_9.smt2 : 45 ms.
--------------------------------------------------
unsat
QF_NRA/hycomp/ball_count_1d_plain.03.seq_lazy_global_0.smt2 : 33 ms.
--------------------------------------------------
./solvers/mathsat/run.sh: line 3: 411449 Killed                  ./mathsat ../$1
QF_NRA/hycomp/ball_count_1d_plain.03.seq_lazy_global_10.smt2 : 1800104 ms.
--------------------------------------------------
unsat
QF_NRA/hycomp/ball_count_1d_plain.03.seq_lazy_global_11.smt2 : 41 ms.
--------------------------------------------------
./solvers/mathsat/run.sh: line 3: 413697 Killed                  ./mathsat ../$1
QF_NRA/hycomp/ball_count_1d_plain.03.seq_lazy_global_12.smt2 : 1800200 ms.
--------------------------------------------------
unsat
QF_NRA/hycomp/ball_count_1d_plain.03.seq_lazy_global_13.smt2 : 46 ms.
--------------------------------------------------
./solvers/mathsat/run.sh: line 3: 415060 Killed                  ./mathsat ../$1
QF_NRA/hycomp/ball_count_1d_plain.03.seq_lazy_global_14.smt2 : 1800071 ms.
--------------------------------------------------
unsat
QF_NRA/hycomp/ball_count_1d_plain.03.seq_lazy_global_15.smt2 : 49 ms.
--------------------------------------------------
unsat
QF_NRA/hycomp/ball_count_1d_plain.03.seq_lazy_global_1.smt2 : 32 ms.
--------------------------------------------------
unsat
QF_NRA/hycomp/ball_count_1d_plain.03.seq_lazy_global_2.smt2 : 28 ms.
--------------------------------------------------
unsat
QF_NRA/hycomp/ball_count_1d_plain.03.seq_lazy_global_3.smt2 : 37 ms.
--------------------------------------------------
unsat
QF_NRA/hycomp/ball_count_1d_plain.03.seq_lazy_global_4.smt2 : 38 ms.
--------------------------------------------------
unsat
QF_NRA/hycomp/ball_count_1d_plain.03.seq_lazy_global_5.smt2 : 33 ms.
--------------------------------------------------
unsat
QF_NRA/hycomp/ball_count_1d_plain.03.seq_lazy_global_6.smt2 : 49 ms.
--------------------------------------------------
unsat
QF_NRA/hycomp/ball_count_1d_plain.03.seq_lazy_global_7.smt2 : 37 ms.
--------------------------------------------------
unsat
QF_NRA/hycomp/ball_count_1d_plain.03.seq_lazy_global_8.smt2 : 61 ms.
--------------------------------------------------
unsat
QF_NRA/hycomp/ball_count_1d_plain.03.seq_lazy_global_9.smt2 : 42 ms.
--------------------------------------------------
unsat
QF_NRA/hycomp/ball_count_1d_plain.03.seq_lazy_lemmas_global_0.smt2 : 27 ms.
--------------------------------------------------
./solvers/mathsat/run.sh: line 3: 416578 Killed                  ./mathsat ../$1
QF_NRA/hycomp/ball_count_1d_plain.03.seq_lazy_lemmas_global_10.smt2 : 1800106 ms.
--------------------------------------------------
unsat
QF_NRA/hycomp/ball_count_1d_plain.03.seq_lazy_lemmas_global_11.smt2 : 43 ms.
--------------------------------------------------
./solvers/mathsat/run.sh: line 3: 417843 Killed                  ./mathsat ../$1
QF_NRA/hycomp/ball_count_1d_plain.03.seq_lazy_lemmas_global_12.smt2 : 1800092 ms.
--------------------------------------------------
unsat
QF_NRA/hycomp/ball_count_1d_plain.03.seq_lazy_lemmas_global_13.smt2 : 50 ms.
--------------------------------------------------
./solvers/mathsat/run.sh: line 3: 418958 Killed                  ./mathsat ../$1
QF_NRA/hycomp/ball_count_1d_plain.03.seq_lazy_lemmas_global_14.smt2 : 1800096 ms.
--------------------------------------------------
unsat
QF_NRA/hycomp/ball_count_1d_plain.03.seq_lazy_lemmas_global_15.smt2 : 51 ms.
--------------------------------------------------
unsat
QF_NRA/hycomp/ball_count_1d_plain.03.seq_lazy_lemmas_global_1.smt2 : 28 ms.
--------------------------------------------------
unsat
QF_NRA/hycomp/ball_count_1d_plain.03.seq_lazy_lemmas_global_2.smt2 : 30 ms.
--------------------------------------------------
unsat
QF_NRA/hycomp/ball_count_1d_plain.03.seq_lazy_lemmas_global_3.smt2 : 29 ms.
--------------------------------------------------
unsat
QF_NRA/hycomp/ball_count_1d_plain.03.seq_lazy_lemmas_global_4.smt2 : 33 ms.
--------------------------------------------------
unsat
QF_NRA/hycomp/ball_count_1d_plain.03.seq_lazy_lemmas_global_5.smt2 : 32 ms.
--------------------------------------------------
unsat
QF_NRA/hycomp/ball_count_1d_plain.03.seq_lazy_lemmas_global_6.smt2 : 47 ms.
--------------------------------------------------
unsat
QF_NRA/hycomp/ball_count_1d_plain.03.seq_lazy_lemmas_global_7.smt2 : 41 ms.
--------------------------------------------------
unsat
QF_NRA/hycomp/ball_count_1d_plain.03.seq_lazy_lemmas_global_8.smt2 : 56 ms.
--------------------------------------------------
unsat
QF_NRA/hycomp/ball_count_1d_plain.03.seq_lazy_lemmas_global_9.smt2 : 44 ms.
--------------------------------------------------
unsat
QF_NRA/hycomp/ball_count_1d_plain.03.seq_lazy_linear_enc_global_0.smt2 : 26 ms.
--------------------------------------------------
./solvers/mathsat/run.sh: line 3: 420174 Killed                  ./mathsat ../$1
QF_NRA/hycomp/ball_count_1d_plain.03.seq_lazy_linear_enc_global_10.smt2 : 1800084 ms.
--------------------------------------------------
unsat
QF_NRA/hycomp/ball_count_1d_plain.03.seq_lazy_linear_enc_global_11.smt2 : 46 ms.
--------------------------------------------------
./solvers/mathsat/run.sh: line 3: 421578 Killed                  ./mathsat ../$1
QF_NRA/hycomp/ball_count_1d_plain.03.seq_lazy_linear_enc_global_12.smt2 : 1800119 ms.
--------------------------------------------------
unsat
QF_NRA/hycomp/ball_count_1d_plain.03.seq_lazy_linear_enc_global_13.smt2 : 60 ms.
--------------------------------------------------
./solvers/mathsat/run.sh: line 3: 422425 Killed                  ./mathsat ../$1
QF_NRA/hycomp/ball_count_1d_plain.03.seq_lazy_linear_enc_global_14.smt2 : 1800076 ms.
--------------------------------------------------
unsat
QF_NRA/hycomp/ball_count_1d_plain.03.seq_lazy_linear_enc_global_15.smt2 : 48 ms.
--------------------------------------------------
unsat
QF_NRA/hycomp/ball_count_1d_plain.03.seq_lazy_linear_enc_global_1.smt2 : 26 ms.
--------------------------------------------------
unsat
QF_NRA/hycomp/ball_count_1d_plain.03.seq_lazy_linear_enc_global_2.smt2 : 27 ms.
--------------------------------------------------
unsat
QF_NRA/hycomp/ball_count_1d_plain.03.seq_lazy_linear_enc_global_3.smt2 : 29 ms.
--------------------------------------------------
unsat
QF_NRA/hycomp/ball_count_1d_plain.03.seq_lazy_linear_enc_global_4.smt2 : 30 ms.
--------------------------------------------------
unsat
QF_NRA/hycomp/ball_count_1d_plain.03.seq_lazy_linear_enc_global_5.smt2 : 29 ms.
--------------------------------------------------
unsat
QF_NRA/hycomp/ball_count_1d_plain.03.seq_lazy_linear_enc_global_6.smt2 : 46 ms.
--------------------------------------------------
unsat
QF_NRA/hycomp/ball_count_1d_plain.03.seq_lazy_linear_enc_global_7.smt2 : 32 ms.
--------------------------------------------------
unsat
QF_NRA/hycomp/ball_count_1d_plain.03.seq_lazy_linear_enc_global_8.smt2 : 53 ms.
--------------------------------------------------
unsat
QF_NRA/hycomp/ball_count_1d_plain.03.seq_lazy_linear_enc_global_9.smt2 : 34 ms.
--------------------------------------------------
unsat
QF_NRA/hycomp/ball_count_1d_plain.03.seq_lazy_linear_enc_lemmas_global_0.smt2 : 25 ms.
--------------------------------------------------
./solvers/mathsat/run.sh: line 3: 423436 Killed                  ./mathsat ../$1
QF_NRA/hycomp/ball_count_1d_plain.03.seq_lazy_linear_enc_lemmas_global_10.smt2 : 1800085 ms.
--------------------------------------------------
unsat
QF_NRA/hycomp/ball_count_1d_plain.03.seq_lazy_linear_enc_lemmas_global_11.smt2 : 45 ms.
--------------------------------------------------
./solvers/mathsat/run.sh: line 3: 424447 Killed                  ./mathsat ../$1
QF_NRA/hycomp/ball_count_1d_plain.03.seq_lazy_linear_enc_lemmas_global_12.smt2 : 1800082 ms.
--------------------------------------------------
unsat
QF_NRA/hycomp/ball_count_1d_plain.03.seq_lazy_linear_enc_lemmas_global_13.smt2 : 51 ms.
--------------------------------------------------
./solvers/mathsat/run.sh: line 3: 425357 Killed                  ./mathsat ../$1
QF_NRA/hycomp/ball_count_1d_plain.03.seq_lazy_linear_enc_lemmas_global_14.smt2 : 1800063 ms.
--------------------------------------------------
unsat
QF_NRA/hycomp/ball_count_1d_plain.03.seq_lazy_linear_enc_lemmas_global_15.smt2 : 52 ms.
--------------------------------------------------
unsat
QF_NRA/hycomp/ball_count_1d_plain.03.seq_lazy_linear_enc_lemmas_global_1.smt2 : 27 ms.
--------------------------------------------------
unsat
QF_NRA/hycomp/ball_count_1d_plain.03.seq_lazy_linear_enc_lemmas_global_2.smt2 : 30 ms.
--------------------------------------------------
unsat
QF_NRA/hycomp/ball_count_1d_plain.03.seq_lazy_linear_enc_lemmas_global_3.smt2 : 33 ms.
--------------------------------------------------
unsat
QF_NRA/hycomp/ball_count_1d_plain.03.seq_lazy_linear_enc_lemmas_global_4.smt2 : 33 ms.
--------------------------------------------------
unsat
QF_NRA/hycomp/ball_count_1d_plain.03.seq_lazy_linear_enc_lemmas_global_5.smt2 : 33 ms.
--------------------------------------------------
unsat
QF_NRA/hycomp/ball_count_1d_plain.03.seq_lazy_linear_enc_lemmas_global_6.smt2 : 48 ms.
--------------------------------------------------
unsat
QF_NRA/hycomp/ball_count_1d_plain.03.seq_lazy_linear_enc_lemmas_global_7.smt2 : 34 ms.
--------------------------------------------------
unsat
QF_NRA/hycomp/ball_count_1d_plain.03.seq_lazy_linear_enc_lemmas_global_8.smt2 : 56 ms.
--------------------------------------------------
unsat
QF_NRA/hycomp/ball_count_1d_plain.03.seq_lazy_linear_enc_lemmas_global_9.smt2 : 37 ms.
--------------------------------------------------
unsat
QF_NRA/hycomp/ball_count_1d_plain.04.qfree_global_0.smt2 : 25 ms.
--------------------------------------------------
./solvers/mathsat/run.sh: line 3: 426242 Killed                  ./mathsat ../$1
QF_NRA/hycomp/ball_count_1d_plain.04.qfree_global_10.smt2 : 1800069 ms.
--------------------------------------------------
unsat
QF_NRA/hycomp/ball_count_1d_plain.04.qfree_global_11.smt2 : 42 ms.
--------------------------------------------------
./solvers/mathsat/run.sh: line 3: 427119 Killed                  ./mathsat ../$1
QF_NRA/hycomp/ball_count_1d_plain.04.qfree_global_12.smt2 : 1800069 ms.
--------------------------------------------------
unsat
QF_NRA/hycomp/ball_count_1d_plain.04.qfree_global_13.smt2 : 42 ms.
--------------------------------------------------
./solvers/mathsat/run.sh: line 3: 428217 Killed                  ./mathsat ../$1
QF_NRA/hycomp/ball_count_1d_plain.04.qfree_global_14.smt2 : 1800046 ms.
--------------------------------------------------
unsat
QF_NRA/hycomp/ball_count_1d_plain.04.qfree_global_15.smt2 : 44 ms.
--------------------------------------------------
unsat
QF_NRA/hycomp/ball_count_1d_plain.04.qfree_global_1.smt2 : 24 ms.
--------------------------------------------------
unsat
QF_NRA/hycomp/ball_count_1d_plain.04.qfree_global_2.smt2 : 27 ms.
--------------------------------------------------
unsat
QF_NRA/hycomp/ball_count_1d_plain.04.qfree_global_3.smt2 : 27 ms.
--------------------------------------------------
unsat
QF_NRA/hycomp/ball_count_1d_plain.04.qfree_global_4.smt2 : 29 ms.
--------------------------------------------------
unsat
QF_NRA/hycomp/ball_count_1d_plain.04.qfree_global_5.smt2 : 28 ms.
--------------------------------------------------
unsat
QF_NRA/hycomp/ball_count_1d_plain.04.qfree_global_6.smt2 : 30 ms.
--------------------------------------------------
unsat
QF_NRA/hycomp/ball_count_1d_plain.04.qfree_global_7.smt2 : 31 ms.
--------------------------------------------------
./solvers/mathsat/run.sh: line 3: 429068 Killed                  ./mathsat ../$1
QF_NRA/hycomp/ball_count_1d_plain.04.qfree_global_8.smt2 : 1800082 ms.
--------------------------------------------------
unsat
QF_NRA/hycomp/ball_count_1d_plain.04.qfree_global_9.smt2 : 43 ms.
--------------------------------------------------
unsat
QF_NRA/hycomp/ball_count_1d_plain.04.redlog_global_0.smt2 : 27 ms.
--------------------------------------------------
./solvers/mathsat/run.sh: line 3: 430064 Killed                  ./mathsat ../$1
QF_NRA/hycomp/ball_count_1d_plain.04.redlog_global_10.smt2 : 1800069 ms.
--------------------------------------------------
unsat
QF_NRA/hycomp/ball_count_1d_plain.04.redlog_global_11.smt2 : 44 ms.
--------------------------------------------------
./solvers/mathsat/run.sh: line 3: 430772 Killed                  ./mathsat ../$1
QF_NRA/hycomp/ball_count_1d_plain.04.redlog_global_12.smt2 : 1800086 ms.
--------------------------------------------------
unsat
QF_NRA/hycomp/ball_count_1d_plain.04.redlog_global_13.smt2 : 46 ms.
--------------------------------------------------
./solvers/mathsat/run.sh: line 3: 431347 Killed                  ./mathsat ../$1
QF_NRA/hycomp/ball_count_1d_plain.04.redlog_global_14.smt2 : 1800099 ms.
--------------------------------------------------
unsat
QF_NRA/hycomp/ball_count_1d_plain.04.redlog_global_15.smt2 : 51 ms.
--------------------------------------------------
unsat
QF_NRA/hycomp/ball_count_1d_plain.04.redlog_global_1.smt2 : 33 ms.
--------------------------------------------------
unsat
QF_NRA/hycomp/ball_count_1d_plain.04.redlog_global_2.smt2 : 31 ms.
--------------------------------------------------
unsat
QF_NRA/hycomp/ball_count_1d_plain.04.redlog_global_3.smt2 : 31 ms.
--------------------------------------------------
unsat
QF_NRA/hycomp/ball_count_1d_plain.04.redlog_global_4.smt2 : 34 ms.
--------------------------------------------------
unsat
QF_NRA/hycomp/ball_count_1d_plain.04.redlog_global_5.smt2 : 35 ms.
--------------------------------------------------
unsat
QF_NRA/hycomp/ball_count_1d_plain.04.redlog_global_6.smt2 : 38 ms.
--------------------------------------------------
unsat
QF_NRA/hycomp/ball_count_1d_plain.04.redlog_global_7.smt2 : 41 ms.
--------------------------------------------------
./solvers/mathsat/run.sh: line 3: 432209 Killed                  ./mathsat ../$1
QF_NRA/hycomp/ball_count_1d_plain.04.redlog_global_8.smt2 : 1800138 ms.
--------------------------------------------------
unsat
QF_NRA/hycomp/ball_count_1d_plain.04.redlog_global_9.smt2 : 136 ms.
--------------------------------------------------
unsat
QF_NRA/hycomp/ball_count_1d_plain.04.seq_lazy_global_0.smt2 : 103 ms.
--------------------------------------------------
unsat
QF_NRA/hycomp/ball_count_1d_plain.04.seq_lazy_global_10.smt2 : 138 ms.
--------------------------------------------------
unsat
QF_NRA/hycomp/ball_count_1d_plain.04.seq_lazy_global_11.smt2 : 149 ms.
--------------------------------------------------
unsat
QF_NRA/hycomp/ball_count_1d_plain.04.seq_lazy_global_12.smt2 : 156 ms.
--------------------------------------------------
unsat
QF_NRA/hycomp/ball_count_1d_plain.04.seq_lazy_global_13.smt2 : 132 ms.
--------------------------------------------------
./solvers/mathsat/run.sh: line 3: 433002 Killed                  ./mathsat ../$1
QF_NRA/hycomp/ball_count_1d_plain.04.seq_lazy_global_14.smt2 : 1800079 ms.
--------------------------------------------------
unsat
QF_NRA/hycomp/ball_count_1d_plain.04.seq_lazy_global_15.smt2 : 43 ms.
--------------------------------------------------
unsat
QF_NRA/hycomp/ball_count_1d_plain.04.seq_lazy_global_1.smt2 : 24 ms.
--------------------------------------------------
unsat
QF_NRA/hycomp/ball_count_1d_plain.04.seq_lazy_global_2.smt2 : 28 ms.
--------------------------------------------------
unsat
QF_NRA/hycomp/ball_count_1d_plain.04.seq_lazy_global_3.smt2 : 27 ms.
--------------------------------------------------
unsat
QF_NRA/hycomp/ball_count_1d_plain.04.seq_lazy_global_4.smt2 : 30 ms.
--------------------------------------------------
unsat
QF_NRA/hycomp/ball_count_1d_plain.04.seq_lazy_global_5.smt2 : 30 ms.
--------------------------------------------------
unsat
QF_NRA/hycomp/ball_count_1d_plain.04.seq_lazy_global_6.smt2 : 31 ms.
--------------------------------------------------
unsat
QF_NRA/hycomp/ball_count_1d_plain.04.seq_lazy_global_7.smt2 : 31 ms.
--------------------------------------------------
unsat
QF_NRA/hycomp/ball_count_1d_plain.04.seq_lazy_global_8.smt2 : 50 ms.
--------------------------------------------------
unsat
QF_NRA/hycomp/ball_count_1d_plain.04.seq_lazy_global_9.smt2 : 43 ms.
--------------------------------------------------
unsat
QF_NRA/hycomp/ball_count_1d_plain.04.seq_lazy_lemmas_global_0.smt2 : 32 ms.
--------------------------------------------------
unsat
QF_NRA/hycomp/ball_count_1d_plain.04.seq_lazy_lemmas_global_10.smt2 : 71 ms.
--------------------------------------------------
unsat
QF_NRA/hycomp/ball_count_1d_plain.04.seq_lazy_lemmas_global_11.smt2 : 43 ms.
--------------------------------------------------
unsat
QF_NRA/hycomp/ball_count_1d_plain.04.seq_lazy_lemmas_global_12.smt2 : 71 ms.
--------------------------------------------------
unsat
QF_NRA/hycomp/ball_count_1d_plain.04.seq_lazy_lemmas_global_13.smt2 : 44 ms.
--------------------------------------------------
sat
QF_NRA/hycomp/ball_count_1d_plain.04.seq_lazy_lemmas_global_14.smt2 : 262935 ms.
--------------------------------------------------
unsat
QF_NRA/hycomp/ball_count_1d_plain.04.seq_lazy_lemmas_global_15.smt2 : 51 ms.
--------------------------------------------------
unsat
QF_NRA/hycomp/ball_count_1d_plain.04.seq_lazy_lemmas_global_1.smt2 : 25 ms.
--------------------------------------------------
unsat
QF_NRA/hycomp/ball_count_1d_plain.04.seq_lazy_lemmas_global_2.smt2 : 28 ms.
--------------------------------------------------
unsat
QF_NRA/hycomp/ball_count_1d_plain.04.seq_lazy_lemmas_global_3.smt2 : 28 ms.
--------------------------------------------------
unsat
QF_NRA/hycomp/ball_count_1d_plain.04.seq_lazy_lemmas_global_4.smt2 : 32 ms.
--------------------------------------------------
unsat
QF_NRA/hycomp/ball_count_1d_plain.04.seq_lazy_lemmas_global_5.smt2 : 36 ms.
--------------------------------------------------
unsat
QF_NRA/hycomp/ball_count_1d_plain.04.seq_lazy_lemmas_global_6.smt2 : 32 ms.
--------------------------------------------------
unsat
QF_NRA/hycomp/ball_count_1d_plain.04.seq_lazy_lemmas_global_7.smt2 : 30 ms.
--------------------------------------------------
unsat
QF_NRA/hycomp/ball_count_1d_plain.04.seq_lazy_lemmas_global_8.smt2 : 50 ms.
--------------------------------------------------
unsat
QF_NRA/hycomp/ball_count_1d_plain.04.seq_lazy_lemmas_global_9.smt2 : 34 ms.
--------------------------------------------------
unsat
QF_NRA/hycomp/ball_count_1d_plain.04.seq_lazy_linear_enc_global_0.smt2 : 24 ms.
--------------------------------------------------
unsat
QF_NRA/hycomp/ball_count_1d_plain.04.seq_lazy_linear_enc_global_10.smt2 : 54 ms.
--------------------------------------------------
unsat
QF_NRA/hycomp/ball_count_1d_plain.04.seq_lazy_linear_enc_global_11.smt2 : 33 ms.
--------------------------------------------------
unsat
QF_NRA/hycomp/ball_count_1d_plain.04.seq_lazy_linear_enc_global_12.smt2 : 79 ms.
--------------------------------------------------
unsat
QF_NRA/hycomp/ball_count_1d_plain.04.seq_lazy_linear_enc_global_13.smt2 : 42 ms.
--------------------------------------------------
./solvers/mathsat/run.sh: line 3: 434168 Killed                  ./mathsat ../$1
QF_NRA/hycomp/ball_count_1d_plain.04.seq_lazy_linear_enc_global_14.smt2 : 1800070 ms.
--------------------------------------------------
unsat
QF_NRA/hycomp/ball_count_1d_plain.04.seq_lazy_linear_enc_global_15.smt2 : 47 ms.
--------------------------------------------------
unsat
QF_NRA/hycomp/ball_count_1d_plain.04.seq_lazy_linear_enc_global_1.smt2 : 28 ms.
--------------------------------------------------
unsat
QF_NRA/hycomp/ball_count_1d_plain.04.seq_lazy_linear_enc_global_2.smt2 : 28 ms.
--------------------------------------------------
unsat
QF_NRA/hycomp/ball_count_1d_plain.04.seq_lazy_linear_enc_global_3.smt2 : 27 ms.
--------------------------------------------------
unsat
QF_NRA/hycomp/ball_count_1d_plain.04.seq_lazy_linear_enc_global_4.smt2 : 29 ms.
--------------------------------------------------
unsat
QF_NRA/hycomp/ball_count_1d_plain.04.seq_lazy_linear_enc_global_5.smt2 : 29 ms.
--------------------------------------------------
unsat
QF_NRA/hycomp/ball_count_1d_plain.04.seq_lazy_linear_enc_global_6.smt2 : 31 ms.
--------------------------------------------------
unsat
QF_NRA/hycomp/ball_count_1d_plain.04.seq_lazy_linear_enc_global_7.smt2 : 31 ms.
--------------------------------------------------
unsat
QF_NRA/hycomp/ball_count_1d_plain.04.seq_lazy_linear_enc_global_8.smt2 : 46 ms.
--------------------------------------------------
unsat
QF_NRA/hycomp/ball_count_1d_plain.04.seq_lazy_linear_enc_global_9.smt2 : 44 ms.
--------------------------------------------------
unsat
QF_NRA/hycomp/ball_count_1d_plain.04.seq_lazy_linear_enc_lemmas_global_0.smt2 : 29 ms.
--------------------------------------------------
unsat
QF_NRA/hycomp/ball_count_1d_plain.04.seq_lazy_linear_enc_lemmas_global_10.smt2 : 60 ms.
--------------------------------------------------
unsat
QF_NRA/hycomp/ball_count_1d_plain.04.seq_lazy_linear_enc_lemmas_global_11.smt2 : 37 ms.
--------------------------------------------------
unsat
QF_NRA/hycomp/ball_count_1d_plain.04.seq_lazy_linear_enc_lemmas_global_12.smt2 : 73 ms.
--------------------------------------------------
unsat
QF_NRA/hycomp/ball_count_1d_plain.04.seq_lazy_linear_enc_lemmas_global_13.smt2 : 39 ms.
--------------------------------------------------
./solvers/mathsat/run.sh: line 3: 434793 Killed                  ./mathsat ../$1
QF_NRA/hycomp/ball_count_1d_plain.04.seq_lazy_linear_enc_lemmas_global_14.smt2 : 1800079 ms.
--------------------------------------------------
unsat
QF_NRA/hycomp/ball_count_1d_plain.04.seq_lazy_linear_enc_lemmas_global_15.smt2 : 44 ms.
--------------------------------------------------
unsat
QF_NRA/hycomp/ball_count_1d_plain.04.seq_lazy_linear_enc_lemmas_global_1.smt2 : 26 ms.
--------------------------------------------------
unsat
QF_NRA/hycomp/ball_count_1d_plain.04.seq_lazy_linear_enc_lemmas_global_2.smt2 : 27 ms.
--------------------------------------------------
unsat
QF_NRA/hycomp/ball_count_1d_plain.04.seq_lazy_linear_enc_lemmas_global_3.smt2 : 30 ms.
--------------------------------------------------
unsat
QF_NRA/hycomp/ball_count_1d_plain.04.seq_lazy_linear_enc_lemmas_global_4.smt2 : 32 ms.
--------------------------------------------------
unsat
QF_NRA/hycomp/ball_count_1d_plain.04.seq_lazy_linear_enc_lemmas_global_5.smt2 : 32 ms.
--------------------------------------------------
unsat
QF_NRA/hycomp/ball_count_1d_plain.04.seq_lazy_linear_enc_lemmas_global_6.smt2 : 34 ms.
--------------------------------------------------
unsat
QF_NRA/hycomp/ball_count_1d_plain.04.seq_lazy_linear_enc_lemmas_global_7.smt2 : 35 ms.
--------------------------------------------------
unsat
QF_NRA/hycomp/ball_count_1d_plain.04.seq_lazy_linear_enc_lemmas_global_8.smt2 : 55 ms.
--------------------------------------------------
unsat
QF_NRA/hycomp/ball_count_1d_plain.04.seq_lazy_linear_enc_lemmas_global_9.smt2 : 38 ms.
--------------------------------------------------
unsat
QF_NRA/hycomp/ball_count_1d_plain.05.qfree_global_0.smt2 : 26 ms.
--------------------------------------------------
./solvers/mathsat/run.sh: line 3: 435724 Killed                  ./mathsat ../$1
QF_NRA/hycomp/ball_count_1d_plain.05.qfree_global_10.smt2 : 1800065 ms.
--------------------------------------------------
unsat
QF_NRA/hycomp/ball_count_1d_plain.05.qfree_global_11.smt2 : 43 ms.
--------------------------------------------------
./solvers/mathsat/run.sh: line 3: 436437 Killed                  ./mathsat ../$1
QF_NRA/hycomp/ball_count_1d_plain.05.qfree_global_12.smt2 : 1800087 ms.
--------------------------------------------------
unsat
QF_NRA/hycomp/ball_count_1d_plain.05.qfree_global_13.smt2 : 44 ms.
--------------------------------------------------
./solvers/mathsat/run.sh: line 3: 436976 Killed                  ./mathsat ../$1
QF_NRA/hycomp/ball_count_1d_plain.05.qfree_global_14.smt2 : 1800091 ms.
--------------------------------------------------
unsat
QF_NRA/hycomp/ball_count_1d_plain.05.qfree_global_15.smt2 : 45 ms.
--------------------------------------------------
unsat
QF_NRA/hycomp/ball_count_1d_plain.05.qfree_global_1.smt2 : 25 ms.
--------------------------------------------------
unsat
QF_NRA/hycomp/ball_count_1d_plain.05.qfree_global_2.smt2 : 32 ms.
--------------------------------------------------
unsat
QF_NRA/hycomp/ball_count_1d_plain.05.qfree_global_3.smt2 : 32 ms.
--------------------------------------------------
unsat
QF_NRA/hycomp/ball_count_1d_plain.05.qfree_global_4.smt2 : 28 ms.
--------------------------------------------------
unsat
QF_NRA/hycomp/ball_count_1d_plain.05.qfree_global_5.smt2 : 29 ms.
--------------------------------------------------
unsat
QF_NRA/hycomp/ball_count_1d_plain.05.qfree_global_6.smt2 : 31 ms.
--------------------------------------------------
unsat
QF_NRA/hycomp/ball_count_1d_plain.05.qfree_global_7.smt2 : 29 ms.
--------------------------------------------------
unsat
QF_NRA/hycomp/ball_count_1d_plain.05.qfree_global_8.smt2 : 33 ms.
--------------------------------------------------
unsat
QF_NRA/hycomp/ball_count_1d_plain.05.qfree_global_9.smt2 : 31 ms.
