--------------------------------------------------
sat
QF_NRA/20180501-Economics-Mulligan/MulliganEconomicsModel0001a.smt2 : 51 ms.
--------------------------------------------------
sat
QF_NRA/20180501-Economics-Mulligan/MulliganEconomicsModel0001c.smt2 : 40 ms.
--------------------------------------------------
sat
QF_NRA/20180501-Economics-Mulligan/MulliganEconomicsModel0001e.smt2 : 35 ms.
--------------------------------------------------
sat
QF_NRA/20180501-Economics-Mulligan/MulliganEconomicsModel0004a.smt2 : 33 ms.
--------------------------------------------------
unsat
QF_NRA/20180501-Economics-Mulligan/MulliganEconomicsModel0004c.smt2 : 48 ms.
--------------------------------------------------
sat
QF_NRA/20180501-Economics-Mulligan/MulliganEconomicsModel0004e.smt2 : 25 ms.
--------------------------------------------------
sat
QF_NRA/20180501-Economics-Mulligan/MulliganEconomicsModel0006a.smt2 : 25 ms.
--------------------------------------------------
unsat
QF_NRA/20180501-Economics-Mulligan/MulliganEconomicsModel0006c.smt2 : 32 ms.
--------------------------------------------------
sat
QF_NRA/20180501-Economics-Mulligan/MulliganEconomicsModel0006e.smt2 : 38 ms.
--------------------------------------------------
sat
QF_NRA/20180501-Economics-Mulligan/MulliganEconomicsModel0009a.smt2 : 35 ms.
--------------------------------------------------
unsat
QF_NRA/20180501-Economics-Mulligan/MulliganEconomicsModel0009c.smt2 : 39 ms.
--------------------------------------------------
sat
QF_NRA/20180501-Economics-Mulligan/MulliganEconomicsModel0009e.smt2 : 35 ms.
--------------------------------------------------
sat
QF_NRA/20180501-Economics-Mulligan/MulliganEconomicsModel0012a.smt2 : 43 ms.
--------------------------------------------------
unsat
QF_NRA/20180501-Economics-Mulligan/MulliganEconomicsModel0012c.smt2 : 53 ms.
--------------------------------------------------
sat
QF_NRA/20180501-Economics-Mulligan/MulliganEconomicsModel0012e.smt2 : 37 ms.
--------------------------------------------------
sat
QF_NRA/20180501-Economics-Mulligan/MulliganEconomicsModel0013a.smt2 : 47 ms.
--------------------------------------------------
sat
QF_NRA/20180501-Economics-Mulligan/MulliganEconomicsModel0013c.smt2 : 40 ms.
--------------------------------------------------
sat
QF_NRA/20180501-Economics-Mulligan/MulliganEconomicsModel0013e.smt2 : 93 ms.
--------------------------------------------------
sat
QF_NRA/20180501-Economics-Mulligan/MulliganEconomicsModel0015a.smt2 : 41 ms.
--------------------------------------------------
./solvers/mathsat/run.sh: line 3: 383478 Killed                  ./mathsat ../$1
QF_NRA/20180501-Economics-Mulligan/MulliganEconomicsModel0015c.smt2 : 1800065 ms.
--------------------------------------------------
sat
QF_NRA/20180501-Economics-Mulligan/MulliganEconomicsModel0015e.smt2 : 29 ms.
--------------------------------------------------
sat
QF_NRA/20180501-Economics-Mulligan/MulliganEconomicsModel0016a.smt2 : 29 ms.
--------------------------------------------------
unsat
QF_NRA/20180501-Economics-Mulligan/MulliganEconomicsModel0016c.smt2 : 40 ms.
--------------------------------------------------
sat
QF_NRA/20180501-Economics-Mulligan/MulliganEconomicsModel0016e.smt2 : 31 ms.
--------------------------------------------------
sat
QF_NRA/20180501-Economics-Mulligan/MulliganEconomicsModel0018a.smt2 : 29 ms.
--------------------------------------------------
unsat
QF_NRA/20180501-Economics-Mulligan/MulliganEconomicsModel0018c.smt2 : 45 ms.
--------------------------------------------------
sat
QF_NRA/20180501-Economics-Mulligan/MulliganEconomicsModel0018e.smt2 : 31 ms.
--------------------------------------------------
sat
QF_NRA/20180501-Economics-Mulligan/MulliganEconomicsModel0021a.smt2 : 49 ms.
--------------------------------------------------
./solvers/mathsat/run.sh: line 3: 396666 Killed                  ./mathsat ../$1
QF_NRA/20180501-Economics-Mulligan/MulliganEconomicsModel0021c.smt2 : 1800073 ms.
--------------------------------------------------
sat
QF_NRA/20180501-Economics-Mulligan/MulliganEconomicsModel0021e.smt2 : 55 ms.
--------------------------------------------------
sat
QF_NRA/20180501-Economics-Mulligan/MulliganEconomicsModel0022a.smt2 : 101 ms.
--------------------------------------------------
./solvers/mathsat/run.sh: line 3: 400407 Killed                  ./mathsat ../$1
QF_NRA/20180501-Economics-Mulligan/MulliganEconomicsModel0022c.smt2 : 1800104 ms.
--------------------------------------------------
sat
QF_NRA/20180501-Economics-Mulligan/MulliganEconomicsModel0022e.smt2 : 74 ms.
--------------------------------------------------
sat
QF_NRA/20180501-Economics-Mulligan/MulliganEconomicsModel0023a.smt2 : 100 ms.
--------------------------------------------------
./solvers/mathsat/run.sh: line 3: 403483 Killed                  ./mathsat ../$1
QF_NRA/20180501-Economics-Mulligan/MulliganEconomicsModel0023c.smt2 : 1800159 ms.
--------------------------------------------------
sat
QF_NRA/20180501-Economics-Mulligan/MulliganEconomicsModel0023e.smt2 : 97 ms.
--------------------------------------------------
sat
QF_NRA/20180501-Economics-Mulligan/MulliganEconomicsModel0024a.smt2 : 62 ms.
--------------------------------------------------
./solvers/mathsat/run.sh: line 3: 406237 Killed                  ./mathsat ../$1
QF_NRA/20180501-Economics-Mulligan/MulliganEconomicsModel0024c.smt2 : 1800088 ms.
--------------------------------------------------
sat
QF_NRA/20180501-Economics-Mulligan/MulliganEconomicsModel0024e.smt2 : 47 ms.
--------------------------------------------------
sat
QF_NRA/20180501-Economics-Mulligan/MulliganEconomicsModel0025a.smt2 : 60 ms.
--------------------------------------------------
./solvers/mathsat/run.sh: line 3: 408042 Killed                  ./mathsat ../$1
QF_NRA/20180501-Economics-Mulligan/MulliganEconomicsModel0025c.smt2 : 1800199 ms.
--------------------------------------------------
sat
QF_NRA/20180501-Economics-Mulligan/MulliganEconomicsModel0025e.smt2 : 73 ms.
--------------------------------------------------
sat
QF_NRA/20180501-Economics-Mulligan/MulliganEconomicsModel0026a.smt2 : 164 ms.
--------------------------------------------------
./solvers/mathsat/run.sh: line 3: 409805 Killed                  ./mathsat ../$1
QF_NRA/20180501-Economics-Mulligan/MulliganEconomicsModel0026c.smt2 : 1800146 ms.
--------------------------------------------------
sat
QF_NRA/20180501-Economics-Mulligan/MulliganEconomicsModel0026e.smt2 : 127 ms.
--------------------------------------------------
sat
QF_NRA/20180501-Economics-Mulligan/MulliganEconomicsModel0027a.smt2 : 64 ms.
--------------------------------------------------
./solvers/mathsat/run.sh: line 3: 411616 Killed                  ./mathsat ../$1
QF_NRA/20180501-Economics-Mulligan/MulliganEconomicsModel0027c.smt2 : 1800156 ms.
--------------------------------------------------
sat
QF_NRA/20180501-Economics-Mulligan/MulliganEconomicsModel0027e.smt2 : 81 ms.
--------------------------------------------------
sat
QF_NRA/20180501-Economics-Mulligan/MulliganEconomicsModel0028a.smt2 : 91 ms.
--------------------------------------------------
./solvers/mathsat/run.sh: line 3: 413779 Killed                  ./mathsat ../$1
QF_NRA/20180501-Economics-Mulligan/MulliganEconomicsModel0028c.smt2 : 1800128 ms.
--------------------------------------------------
sat
QF_NRA/20180501-Economics-Mulligan/MulliganEconomicsModel0028e.smt2 : 117 ms.
--------------------------------------------------
sat
QF_NRA/20180501-Economics-Mulligan/MulliganEconomicsModel0029a.smt2 : 48 ms.
--------------------------------------------------
./solvers/mathsat/run.sh: line 3: 415108 Killed                  ./mathsat ../$1
QF_NRA/20180501-Economics-Mulligan/MulliganEconomicsModel0029c.smt2 : 1800129 ms.
--------------------------------------------------
sat
QF_NRA/20180501-Economics-Mulligan/MulliganEconomicsModel0029e.smt2 : 55 ms.
--------------------------------------------------
sat
QF_NRA/20180501-Economics-Mulligan/MulliganEconomicsModel0030a.smt2 : 67 ms.
--------------------------------------------------
./solvers/mathsat/run.sh: line 3: 416638 Killed                  ./mathsat ../$1
QF_NRA/20180501-Economics-Mulligan/MulliganEconomicsModel0030c.smt2 : 1800116 ms.
--------------------------------------------------
./solvers/mathsat/run.sh: line 3: 417859 Killed                  ./mathsat ../$1
QF_NRA/20180501-Economics-Mulligan/MulliganEconomicsModel0030e.smt2 : 1800183 ms.
--------------------------------------------------
sat
QF_NRA/20180501-Economics-Mulligan/MulliganEconomicsModel0051a.smt2 : 100 ms.
--------------------------------------------------
./solvers/mathsat/run.sh: line 3: 418975 Killed                  ./mathsat ../$1
QF_NRA/20180501-Economics-Mulligan/MulliganEconomicsModel0051c.smt2 : 1800057 ms.
--------------------------------------------------
sat
QF_NRA/20180501-Economics-Mulligan/MulliganEconomicsModel0051e.smt2 : 75 ms.
--------------------------------------------------
sat
QF_NRA/20180501-Economics-Mulligan/MulliganEconomicsModel0052a.smt2 : 137 ms.
--------------------------------------------------
./solvers/mathsat/run.sh: line 3: 420224 Killed                  ./mathsat ../$1
QF_NRA/20180501-Economics-Mulligan/MulliganEconomicsModel0052c.smt2 : 1800065 ms.
--------------------------------------------------
sat
QF_NRA/20180501-Economics-Mulligan/MulliganEconomicsModel0052e.smt2 : 142 ms.
--------------------------------------------------
sat
QF_NRA/20180501-Economics-Mulligan/MulliganEconomicsModel0053a.smt2 : 87 ms.
--------------------------------------------------
./solvers/mathsat/run.sh: line 3: 421598 Killed                  ./mathsat ../$1
QF_NRA/20180501-Economics-Mulligan/MulliganEconomicsModel0053c.smt2 : 1800065 ms.
--------------------------------------------------
sat
QF_NRA/20180501-Economics-Mulligan/MulliganEconomicsModel0053e.smt2 : 82 ms.
--------------------------------------------------
sat
QF_NRA/20180501-Economics-Mulligan/MulliganEconomicsModel0054a.smt2 : 107 ms.
--------------------------------------------------
./solvers/mathsat/run.sh: line 3: 422445 Killed                  ./mathsat ../$1
QF_NRA/20180501-Economics-Mulligan/MulliganEconomicsModel0054c.smt2 : 1800069 ms.
--------------------------------------------------
sat
QF_NRA/20180501-Economics-Mulligan/MulliganEconomicsModel0054e.smt2 : 123 ms.
--------------------------------------------------
./solvers/mathsat/run.sh: line 3: 423484 Killed                  ./mathsat ../$1
QF_NRA/20180501-Economics-Mulligan/MulliganEconomicsModel0055a.smt2 : 1800294 ms.
--------------------------------------------------
./solvers/mathsat/run.sh: line 3: 424455 Killed                  ./mathsat ../$1
QF_NRA/20180501-Economics-Mulligan/MulliganEconomicsModel0055c.smt2 : 1800307 ms.
--------------------------------------------------
./solvers/mathsat/run.sh: line 3: 425369 Killed                  ./mathsat ../$1
QF_NRA/20180501-Economics-Mulligan/MulliganEconomicsModel0055e.smt2 : 1800184 ms.
--------------------------------------------------
sat
QF_NRA/20180501-Economics-Mulligan/MulliganEconomicsModel0056a.smt2 : 55 ms.
--------------------------------------------------
./solvers/mathsat/run.sh: line 3: 426262 Killed                  ./mathsat ../$1
QF_NRA/20180501-Economics-Mulligan/MulliganEconomicsModel0056c.smt2 : 1800089 ms.
--------------------------------------------------
sat
QF_NRA/20180501-Economics-Mulligan/MulliganEconomicsModel0056e.smt2 : 74 ms.
--------------------------------------------------
./solvers/mathsat/run.sh: line 3: 427140 Killed                  ./mathsat ../$1
QF_NRA/20180501-Economics-Mulligan/MulliganEconomicsModel0057a.smt2 : 1800302 ms.
--------------------------------------------------
./solvers/mathsat/run.sh: line 3: 428238 Killed                  ./mathsat ../$1
QF_NRA/20180501-Economics-Mulligan/MulliganEconomicsModel0057c.smt2 : 1800129 ms.
--------------------------------------------------
./solvers/mathsat/run.sh: line 3: 429084 Killed                  ./mathsat ../$1
QF_NRA/20180501-Economics-Mulligan/MulliganEconomicsModel0057e.smt2 : 1800117 ms.
--------------------------------------------------
sat
QF_NRA/20180501-Economics-Mulligan/MulliganEconomicsModel0061a.smt2 : 49 ms.
--------------------------------------------------
./solvers/mathsat/run.sh: line 3: 430084 Killed                  ./mathsat ../$1
QF_NRA/20180501-Economics-Mulligan/MulliganEconomicsModel0061c.smt2 : 1800059 ms.
--------------------------------------------------
sat
QF_NRA/20180501-Economics-Mulligan/MulliganEconomicsModel0061e.smt2 : 43 ms.
--------------------------------------------------
sat
QF_NRA/20180501-Economics-Mulligan/MulliganEconomicsModel0062a.smt2 : 35 ms.
--------------------------------------------------
./solvers/mathsat/run.sh: line 3: 430792 Killed                  ./mathsat ../$1
QF_NRA/20180501-Economics-Mulligan/MulliganEconomicsModel0062c.smt2 : 1800126 ms.
--------------------------------------------------
sat
QF_NRA/20180501-Economics-Mulligan/MulliganEconomicsModel0062e.smt2 : 51 ms.
--------------------------------------------------
sat
QF_NRA/20180501-Economics-Mulligan/MulliganEconomicsModel0063a.smt2 : 36 ms.
--------------------------------------------------
unsat
QF_NRA/20180501-Economics-Mulligan/MulliganEconomicsModel0063c.smt2 : 98 ms.
--------------------------------------------------
sat
QF_NRA/20180501-Economics-Mulligan/MulliganEconomicsModel0063e.smt2 : 41 ms.
--------------------------------------------------
./solvers/mathsat/run.sh: line 3: 431379 Killed                  ./mathsat ../$1
QF_NRA/20180501-Economics-Mulligan/MulliganEconomicsModel0064a.smt2 : 1800101 ms.
--------------------------------------------------
./solvers/mathsat/run.sh: line 3: 432213 Killed                  ./mathsat ../$1
QF_NRA/20180501-Economics-Mulligan/MulliganEconomicsModel0064c.smt2 : 1800124 ms.
--------------------------------------------------
./solvers/mathsat/run.sh: line 3: 432991 Killed                  ./mathsat ../$1
QF_NRA/20180501-Economics-Mulligan/MulliganEconomicsModel0064e.smt2 : 1800157 ms.
--------------------------------------------------
./solvers/mathsat/run.sh: line 3: 433785 Killed                  ./mathsat ../$1
QF_NRA/20180501-Economics-Mulligan/MulliganEconomicsModel0065a.smt2 : 1800095 ms.
--------------------------------------------------
./solvers/mathsat/run.sh: line 3: 434524 Killed                  ./mathsat ../$1
QF_NRA/20180501-Economics-Mulligan/MulliganEconomicsModel0065c.smt2 : 1800087 ms.
--------------------------------------------------
sat
QF_NRA/20180501-Economics-Mulligan/MulliganEconomicsModel0065e.smt2 : 483 ms.
--------------------------------------------------
sat
QF_NRA/20180501-Economics-Mulligan/MulliganEconomicsModel0066a.smt2 : 39 ms.
--------------------------------------------------
./solvers/mathsat/run.sh: line 3: 435279 Killed                  ./mathsat ../$1
QF_NRA/20180501-Economics-Mulligan/MulliganEconomicsModel0066c.smt2 : 1800048 ms.
--------------------------------------------------
sat
QF_NRA/20180501-Economics-Mulligan/MulliganEconomicsModel0066e.smt2 : 38 ms.
--------------------------------------------------
sat
QF_NRA/20180501-Economics-Mulligan/MulliganEconomicsModel0067a.smt2 : 70 ms.
--------------------------------------------------
./solvers/mathsat/run.sh: line 3: 436211 Killed                  ./mathsat ../$1
QF_NRA/20180501-Economics-Mulligan/MulliganEconomicsModel0067c.smt2 : 1800073 ms.
--------------------------------------------------
sat
QF_NRA/20180501-Economics-Mulligan/MulliganEconomicsModel0067e.smt2 : 85 ms.
--------------------------------------------------
sat
QF_NRA/20180501-Economics-Mulligan/MulliganEconomicsModel0074a.smt2 : 45 ms.
--------------------------------------------------
./solvers/mathsat/run.sh: line 3: 436831 Killed                  ./mathsat ../$1
QF_NRA/20180501-Economics-Mulligan/MulliganEconomicsModel0074c.smt2 : 1800144 ms.
--------------------------------------------------
sat
QF_NRA/20180501-Economics-Mulligan/MulliganEconomicsModel0074e.smt2 : 192 ms.
--------------------------------------------------
sat
QF_NRA/20180501-Economics-Mulligan/MulliganEconomicsModel0076a.smt2 : 155 ms.
--------------------------------------------------
./solvers/mathsat/run.sh: line 3: 437329 Killed                  ./mathsat ../$1
QF_NRA/20180501-Economics-Mulligan/MulliganEconomicsModel0076c.smt2 : 1800130 ms.
--------------------------------------------------
sat
QF_NRA/20180501-Economics-Mulligan/MulliganEconomicsModel0076e.smt2 : 32 ms.
--------------------------------------------------
sat
QF_NRA/20180501-Economics-Mulligan/MulliganEconomicsModel0077a.smt2 : 33 ms.
--------------------------------------------------
./solvers/mathsat/run.sh: line 3: 437832 Killed                  ./mathsat ../$1
QF_NRA/20180501-Economics-Mulligan/MulliganEconomicsModel0077c.smt2 : 1800048 ms.
--------------------------------------------------
sat
QF_NRA/20180501-Economics-Mulligan/MulliganEconomicsModel0077e.smt2 : 32 ms.
--------------------------------------------------
sat
QF_NRA/20180501-Economics-Mulligan/MulliganEconomicsModel0078a.smt2 : 33 ms.
--------------------------------------------------
unsat
QF_NRA/20180501-Economics-Mulligan/MulliganEconomicsModel0078c.smt2 : 29 ms.
--------------------------------------------------
sat
QF_NRA/20180501-Economics-Mulligan/MulliganEconomicsModel0078e.smt2 : 31 ms.
--------------------------------------------------
sat
QF_NRA/20180501-Economics-Mulligan/MulliganEconomicsModel0079a.smt2 : 31 ms.
--------------------------------------------------
sat
QF_NRA/20180501-Economics-Mulligan/MulliganEconomicsModel0079c.smt2 : 33 ms.
--------------------------------------------------
sat
QF_NRA/20180501-Economics-Mulligan/MulliganEconomicsModel0079e.smt2 : 34 ms.
--------------------------------------------------
sat
QF_NRA/20180501-Economics-Mulligan/MulliganEconomicsModel0080a.smt2 : 31 ms.
--------------------------------------------------
unsat
QF_NRA/20180501-Economics-Mulligan/MulliganEconomicsModel0080c.smt2 : 52 ms.
--------------------------------------------------
sat
QF_NRA/20180501-Economics-Mulligan/MulliganEconomicsModel0080e.smt2 : 30 ms.
--------------------------------------------------
sat
QF_NRA/20180501-Economics-Mulligan/MulliganEconomicsModel0082a.smt2 : 36 ms.
--------------------------------------------------
./solvers/mathsat/run.sh: line 3: 438318 Killed                  ./mathsat ../$1
QF_NRA/20180501-Economics-Mulligan/MulliganEconomicsModel0082c.smt2 : 1800097 ms.
--------------------------------------------------
sat
QF_NRA/20180501-Economics-Mulligan/MulliganEconomicsModel0082e.smt2 : 37 ms.
--------------------------------------------------
sat
QF_NRA/20180501-Economics-Mulligan/MulliganEconomicsModel0083a.smt2 : 37 ms.
--------------------------------------------------
unsat
QF_NRA/20180501-Economics-Mulligan/MulliganEconomicsModel0083c.smt2 : 160 ms.
--------------------------------------------------
sat
QF_NRA/20180501-Economics-Mulligan/MulliganEconomicsModel0083e.smt2 : 36 ms.
--------------------------------------------------
sat
QF_NRA/20180501-Economics-Mulligan/MulliganEconomicsModel0084a.smt2 : 41 ms.
--------------------------------------------------
./solvers/mathsat/run.sh: line 3: 438795 Killed                  ./mathsat ../$1
QF_NRA/20180501-Economics-Mulligan/MulliganEconomicsModel0084c.smt2 : 1800084 ms.
--------------------------------------------------
sat
QF_NRA/20180501-Economics-Mulligan/MulliganEconomicsModel0084e.smt2 : 46 ms.
--------------------------------------------------
./solvers/mathsat/run.sh: line 3: 439277 Killed                  ./mathsat ../$1
QF_NRA/20180501-Economics-Mulligan/MulliganEconomicsModel0085a.smt2 : 1800181 ms.
--------------------------------------------------
unsat
QF_NRA/20180501-Economics-Mulligan/MulliganEconomicsModel0085c.smt2 : 42 ms.
--------------------------------------------------
sat
QF_NRA/20180501-Economics-Mulligan/MulliganEconomicsModel0085e.smt2 : 51 ms.
--------------------------------------------------
sat
QF_NRA/20180501-Economics-Mulligan/MulliganEconomicsModel0086a.smt2 : 199 ms.
--------------------------------------------------
./solvers/mathsat/run.sh: line 3: 439676 Killed                  ./mathsat ../$1
QF_NRA/20180501-Economics-Mulligan/MulliganEconomicsModel0086c.smt2 : 1800195 ms.
--------------------------------------------------
sat
QF_NRA/20180501-Economics-Mulligan/MulliganEconomicsModel0086e.smt2 : 228 ms.
--------------------------------------------------
sat
QF_NRA/20180501-Economics-Mulligan/MulliganEconomicsModel1001a.smt2 : 3700 ms.
--------------------------------------------------
./solvers/mathsat/run.sh: line 3: 440135 Killed                  ./mathsat ../$1
QF_NRA/20180501-Economics-Mulligan/MulliganEconomicsModel1001c.smt2 : 1800094 ms.
--------------------------------------------------
sat
QF_NRA/20180501-Economics-Mulligan/MulliganEconomicsModel1001e.smt2 : 198 ms.
