--------------------------------------------------
sat
QF_NRA/LassoRanker/CooperatingT2/n_firewire_instrumented-PP.t2.c_Iteration1_Loop_4-pieceTemplate.smt2 : 413 ms.
--------------------------------------------------
sat
QF_NRA/LassoRanker/CooperatingT2/n_firewire_instrumented-PP.t2.c_Iteration4_Loop_4-pieceTemplate.smt2 : 846 ms.
--------------------------------------------------
sat
QF_NRA/LassoRanker/CooperatingT2/p-12.t2.c_Iteration1_Loop_4-pieceTemplate.smt2 : 280 ms.
--------------------------------------------------
sat
QF_NRA/LassoRanker/CooperatingT2/p-1d.t2.c_Iteration2_Loop_4-pieceTemplate.smt2 : 1839 ms.
--------------------------------------------------
sat
QF_NRA/LassoRanker/CooperatingT2/p-42.t2.c_Iteration2_Loop_4-pieceTemplate.smt2 : 4563 ms.
--------------------------------------------------
sat
QF_NRA/LassoRanker/CooperatingT2/p-43.t2.c_Iteration2_Loop_3-pieceTemplate.smt2 : 2543 ms.
--------------------------------------------------
sat
QF_NRA/LassoRanker/CooperatingT2/p-43.t2.c_Iteration2_Loop_4-pieceTemplate.smt2 : 8815 ms.
--------------------------------------------------
sat
QF_NRA/LassoRanker/CooperatingT2/p-43.t2.c_Iteration4_Loop_3-pieceTemplate.smt2 : 3389 ms.
--------------------------------------------------
sat
QF_NRA/LassoRanker/CooperatingT2/p-43.t2.c_Iteration4_Loop_4-pieceTemplate.smt2 : 18785 ms.
--------------------------------------------------
sat
QF_NRA/LassoRanker/CooperatingT2/p-43.t2.c_Iteration5_Loop_3-pieceTemplate.smt2 : 6020 ms.
--------------------------------------------------
sat
QF_NRA/LassoRanker/CooperatingT2/p-43.t2.c_Iteration5_Loop_4-pieceTemplate.smt2 : 25691 ms.
--------------------------------------------------
sat
QF_NRA/LassoRanker/CooperatingT2/p-46.t2.c_Iteration1_Loop_4-pieceTemplate.smt2 : 423 ms.
--------------------------------------------------
unsat
QF_NRA/LassoRanker/CooperatingT2/p-46.t2.c_Iteration2_Lasso_3-pieceTemplate.smt2 : 394976 ms.
--------------------------------------------------
./solvers/mathsat/run.sh: line 3: 395372 Killed                  ./mathsat ../$1
QF_NRA/LassoRanker/CooperatingT2/p-46.t2.c_Iteration2_Lasso_4-pieceTemplate.smt2 : 1800524 ms.
--------------------------------------------------
unsat
QF_NRA/LassoRanker/CooperatingT2/p-46.t2.c_Iteration2_Lasso_7-phaseTemplate.smt2 : 918620 ms.
--------------------------------------------------
unsat
QF_NRA/LassoRanker/CooperatingT2/p-46.t2.c_Iteration2_Loop_2-pieceTemplate.smt2 : 14427 ms.
--------------------------------------------------
unsat
QF_NRA/LassoRanker/CooperatingT2/p-46.t2.c_Iteration2_Loop_3-pieceTemplate.smt2 : 206704 ms.
--------------------------------------------------
unsat
QF_NRA/LassoRanker/CooperatingT2/p-46.t2.c_Iteration2_Loop_4-pieceTemplate.smt2 : 1069150 ms.
--------------------------------------------------
unsat
QF_NRA/LassoRanker/CooperatingT2/p-46.t2.c_Iteration2_Loop_6-phaseTemplate.smt2 : 20001 ms.
--------------------------------------------------
unsat
QF_NRA/LassoRanker/CooperatingT2/p-46.t2.c_Iteration2_Loop_7-phaseTemplate.smt2 : 589122 ms.
--------------------------------------------------
sat
QF_NRA/LassoRanker/CooperatingT2/p-49.t2.c_Iteration1_Loop_4-pieceTemplate.smt2 : 271 ms.
--------------------------------------------------
sat
QF_NRA/LassoRanker/CooperatingT2/p-55.t2.c_Iteration2_Loop_3-pieceTemplate.smt2 : 4461 ms.
--------------------------------------------------
sat
QF_NRA/LassoRanker/CooperatingT2/p-55.t2.c_Iteration2_Loop_4-pieceTemplate.smt2 : 13094 ms.
--------------------------------------------------
sat
QF_NRA/LassoRanker/CooperatingT2/p-55.t2.c_Iteration3_Loop_3-pieceTemplate.smt2 : 4348 ms.
--------------------------------------------------
sat
QF_NRA/LassoRanker/CooperatingT2/p-55.t2.c_Iteration3_Loop_4-pieceTemplate.smt2 : 21295 ms.
--------------------------------------------------
sat
QF_NRA/LassoRanker/CooperatingT2/p-56.t2.c_Iteration1_Loop_4-pieceTemplate.smt2 : 2068 ms.
--------------------------------------------------
sat
QF_NRA/LassoRanker/CooperatingT2/pentagon.t2.c_Iteration10_Loop_4-pieceTemplate.smt2 : 596 ms.
--------------------------------------------------
sat
QF_NRA/LassoRanker/CooperatingT2/pentagon.t2.c_Iteration11_Loop_3-pieceTemplate.smt2 : 658 ms.
--------------------------------------------------
sat
QF_NRA/LassoRanker/CooperatingT2/pentagon.t2.c_Iteration11_Loop_4-pieceTemplate.smt2 : 2780 ms.
--------------------------------------------------
sat
QF_NRA/LassoRanker/CooperatingT2/pentagon.t2.c_Iteration12_Loop_3-pieceTemplate.smt2 : 371 ms.
--------------------------------------------------
sat
QF_NRA/LassoRanker/CooperatingT2/pentagon.t2.c_Iteration12_Loop_4-pieceTemplate.smt2 : 1231 ms.
--------------------------------------------------
sat
QF_NRA/LassoRanker/CooperatingT2/pentagon.t2.c_Iteration14_Loop_3-pieceTemplate.smt2 : 393 ms.
--------------------------------------------------
sat
QF_NRA/LassoRanker/CooperatingT2/pentagon.t2.c_Iteration14_Loop_4-pieceTemplate.smt2 : 804 ms.
--------------------------------------------------
sat
QF_NRA/LassoRanker/CooperatingT2/pentagon.t2.c_Iteration8_Loop_4-pieceTemplate.smt2 : 521 ms.
--------------------------------------------------
sat
QF_NRA/LassoRanker/CooperatingT2/pentagon.t2.c_Iteration9_Loop_3-pieceTemplate.smt2 : 347 ms.
--------------------------------------------------
sat
QF_NRA/LassoRanker/CooperatingT2/pentagon.t2.c_Iteration9_Loop_4-pieceTemplate.smt2 : 707 ms.
--------------------------------------------------
unsat
QF_NRA/LassoRanker/CooperatingT2/polyrank1.t2.c_Iteration1_Loop_3-pieceTemplate.smt2 : 590 ms.
--------------------------------------------------
unsat
QF_NRA/LassoRanker/CooperatingT2/polyrank1.t2.c_Iteration1_Loop_4-pieceTemplate.smt2 : 3681 ms.
--------------------------------------------------
unsat
QF_NRA/LassoRanker/CooperatingT2/polyrank2.t2.c_Iteration1_Loop_3-pieceTemplate.smt2 : 1611 ms.
--------------------------------------------------
unsat
QF_NRA/LassoRanker/CooperatingT2/polyrank2.t2.c_Iteration1_Loop_4-pieceTemplate.smt2 : 27321 ms.
--------------------------------------------------
unsat
QF_NRA/LassoRanker/CooperatingT2/polyrank3.t2.c_Iteration10_Loop_3-pieceTemplate.smt2 : 1475 ms.
--------------------------------------------------
unsat
QF_NRA/LassoRanker/CooperatingT2/polyrank3.t2.c_Iteration10_Loop_4-pieceTemplate.smt2 : 6602 ms.
--------------------------------------------------
unsat
QF_NRA/LassoRanker/CooperatingT2/polyrank3.t2.c_Iteration1_Loop_3-pieceTemplate.smt2 : 608 ms.
--------------------------------------------------
unsat
QF_NRA/LassoRanker/CooperatingT2/polyrank3.t2.c_Iteration1_Loop_4-pieceTemplate.smt2 : 4941 ms.
--------------------------------------------------
unsat
QF_NRA/LassoRanker/CooperatingT2/polyrank3.t2.c_Iteration2_Loop_3-pieceTemplate.smt2 : 1052 ms.
--------------------------------------------------
unsat
QF_NRA/LassoRanker/CooperatingT2/polyrank3.t2.c_Iteration2_Loop_4-pieceTemplate.smt2 : 4395 ms.
--------------------------------------------------
unsat
QF_NRA/LassoRanker/CooperatingT2/polyrank3.t2.c_Iteration3_Loop_4-pieceTemplate.smt2 : 4951 ms.
--------------------------------------------------
unsat
QF_NRA/LassoRanker/CooperatingT2/polyrank3.t2.c_Iteration4_Loop_4-pieceTemplate.smt2 : 6448 ms.
--------------------------------------------------
unsat
QF_NRA/LassoRanker/CooperatingT2/polyrank3.t2.c_Iteration5_Loop_4-pieceTemplate.smt2 : 13151 ms.
--------------------------------------------------
unsat
QF_NRA/LassoRanker/CooperatingT2/polyrank3.t2.c_Iteration6_Loop_3-pieceTemplate.smt2 : 2073 ms.
--------------------------------------------------
unsat
QF_NRA/LassoRanker/CooperatingT2/polyrank3.t2.c_Iteration6_Loop_4-pieceTemplate.smt2 : 19718 ms.
--------------------------------------------------
unsat
QF_NRA/LassoRanker/CooperatingT2/polyrank3.t2.c_Iteration7_Loop_3-pieceTemplate.smt2 : 1715 ms.
--------------------------------------------------
unsat
QF_NRA/LassoRanker/CooperatingT2/polyrank3.t2.c_Iteration7_Loop_4-pieceTemplate.smt2 : 37529 ms.
--------------------------------------------------
unsat
QF_NRA/LassoRanker/CooperatingT2/polyrank3.t2.c_Iteration8_Loop_3-pieceTemplate.smt2 : 2595 ms.
--------------------------------------------------
unsat
QF_NRA/LassoRanker/CooperatingT2/polyrank3.t2.c_Iteration8_Loop_4-pieceTemplate.smt2 : 16911 ms.
--------------------------------------------------
unsat
QF_NRA/LassoRanker/CooperatingT2/polyrank3.t2.c_Iteration9_Loop_3-pieceTemplate.smt2 : 2236 ms.
--------------------------------------------------
unsat
QF_NRA/LassoRanker/CooperatingT2/polyrank3.t2.c_Iteration9_Loop_4-pieceTemplate.smt2 : 14273 ms.
--------------------------------------------------
unsat
QF_NRA/LassoRanker/CooperatingT2/polyrank4.t2.c_Iteration10_Loop_2-pieceTemplate.smt2 : 1029 ms.
--------------------------------------------------
unsat
QF_NRA/LassoRanker/CooperatingT2/polyrank4.t2.c_Iteration10_Loop_3-pieceTemplate.smt2 : 10187 ms.
--------------------------------------------------
unsat
QF_NRA/LassoRanker/CooperatingT2/polyrank4.t2.c_Iteration10_Loop_4-pieceTemplate.smt2 : 116919 ms.
--------------------------------------------------
unsat
QF_NRA/LassoRanker/CooperatingT2/polyrank4.t2.c_Iteration1_Loop_3-pieceTemplate.smt2 : 2779 ms.
--------------------------------------------------
unsat
QF_NRA/LassoRanker/CooperatingT2/polyrank4.t2.c_Iteration1_Loop_4-pieceTemplate.smt2 : 20772 ms.
--------------------------------------------------
unsat
QF_NRA/LassoRanker/CooperatingT2/polyrank4.t2.c_Iteration2_Loop_3-pieceTemplate.smt2 : 2695 ms.
--------------------------------------------------
unsat
QF_NRA/LassoRanker/CooperatingT2/polyrank4.t2.c_Iteration2_Loop_4-pieceTemplate.smt2 : 21348 ms.
--------------------------------------------------
unsat
QF_NRA/LassoRanker/CooperatingT2/polyrank4.t2.c_Iteration3_Loop_3-pieceTemplate.smt2 : 2288 ms.
--------------------------------------------------
unsat
QF_NRA/LassoRanker/CooperatingT2/polyrank4.t2.c_Iteration3_Loop_4-pieceTemplate.smt2 : 8693 ms.
--------------------------------------------------
unsat
QF_NRA/LassoRanker/CooperatingT2/polyrank4.t2.c_Iteration4_Loop_3-pieceTemplate.smt2 : 1558 ms.
--------------------------------------------------
unsat
QF_NRA/LassoRanker/CooperatingT2/polyrank4.t2.c_Iteration4_Loop_4-pieceTemplate.smt2 : 13641 ms.
--------------------------------------------------
unsat
QF_NRA/LassoRanker/CooperatingT2/polyrank4.t2.c_Iteration5_Loop_3-pieceTemplate.smt2 : 1567 ms.
--------------------------------------------------
unsat
QF_NRA/LassoRanker/CooperatingT2/polyrank4.t2.c_Iteration5_Loop_4-pieceTemplate.smt2 : 72330 ms.
--------------------------------------------------
unsat
QF_NRA/LassoRanker/CooperatingT2/polyrank4.t2.c_Iteration6_Loop_3-pieceTemplate.smt2 : 7971 ms.
--------------------------------------------------
unsat
QF_NRA/LassoRanker/CooperatingT2/polyrank4.t2.c_Iteration6_Loop_4-pieceTemplate.smt2 : 38757 ms.
--------------------------------------------------
unsat
QF_NRA/LassoRanker/CooperatingT2/polyrank4.t2.c_Iteration7_Loop_3-pieceTemplate.smt2 : 2646 ms.
--------------------------------------------------
unsat
QF_NRA/LassoRanker/CooperatingT2/polyrank4.t2.c_Iteration7_Loop_4-pieceTemplate.smt2 : 138470 ms.
--------------------------------------------------
unsat
QF_NRA/LassoRanker/CooperatingT2/polyrank4.t2.c_Iteration8_Loop_2-pieceTemplate.smt2 : 346 ms.
--------------------------------------------------
unsat
QF_NRA/LassoRanker/CooperatingT2/polyrank4.t2.c_Iteration8_Loop_3-pieceTemplate.smt2 : 2596 ms.
--------------------------------------------------
unsat
QF_NRA/LassoRanker/CooperatingT2/polyrank4.t2.c_Iteration8_Loop_4-pieceTemplate.smt2 : 158668 ms.
--------------------------------------------------
unsat
QF_NRA/LassoRanker/CooperatingT2/polyrank4.t2.c_Iteration9_Loop_2-pieceTemplate.smt2 : 1629 ms.
--------------------------------------------------
unsat
QF_NRA/LassoRanker/CooperatingT2/polyrank4.t2.c_Iteration9_Loop_3-pieceTemplate.smt2 : 42924 ms.
--------------------------------------------------
unsat
QF_NRA/LassoRanker/CooperatingT2/polyrank4.t2.c_Iteration9_Loop_4-pieceTemplate.smt2 : 367555 ms.
--------------------------------------------------
unsat
QF_NRA/LassoRanker/CooperatingT2/polyrank5.t2.c_Iteration1_Loop_3-pieceTemplate.smt2 : 4658 ms.
--------------------------------------------------
unsat
QF_NRA/LassoRanker/CooperatingT2/polyrank5.t2.c_Iteration1_Loop_4-pieceTemplate.smt2 : 43897 ms.
--------------------------------------------------
sat
QF_NRA/LassoRanker/CooperatingT2/polyrank5.t2.c_Iteration1_Loop_5-phaseTemplate.smt2 : 190 ms.
--------------------------------------------------
sat
QF_NRA/LassoRanker/CooperatingT2/polyrank5.t2.c_Iteration1_Loop_6-phaseTemplate.smt2 : 215 ms.
--------------------------------------------------
sat
QF_NRA/LassoRanker/CooperatingT2/polyrank5.t2.c_Iteration1_Loop_7-phaseTemplate.smt2 : 413 ms.
--------------------------------------------------
sat
QF_NRA/LassoRanker/CooperatingT2/polyrank5.t2.c_Iteration3_Loop_4-pieceTemplate.smt2 : 1040 ms.
--------------------------------------------------
unsat
QF_NRA/LassoRanker/CooperatingT2/polyrank6.t2.c_Iteration1_Loop_3-pieceTemplate.smt2 : 4848 ms.
--------------------------------------------------
unsat
QF_NRA/LassoRanker/CooperatingT2/polyrank6.t2.c_Iteration1_Loop_4-pieceTemplate.smt2 : 46102 ms.
--------------------------------------------------
unsat
QF_NRA/LassoRanker/CooperatingT2/polyrank7.t2.c_Iteration1_Lasso_6-phaseTemplate.smt2 : 336 ms.
--------------------------------------------------
unsat
QF_NRA/LassoRanker/CooperatingT2/polyrank7.t2.c_Iteration1_Lasso_7-phaseTemplate.smt2 : 616 ms.
--------------------------------------------------
unsat
QF_NRA/LassoRanker/CooperatingT2/polyrank7.t2.c_Iteration1_Loop_6-phaseTemplate.smt2 : 393 ms.
--------------------------------------------------
unsat
QF_NRA/LassoRanker/CooperatingT2/polyrank7.t2.c_Iteration1_Loop_7-phaseTemplate.smt2 : 806 ms.
--------------------------------------------------
sat
QF_NRA/LassoRanker/CooperatingT2/qrdcmp.c.i.qrdcmp.pl.t2.fixed.t2.c_Iteration6_Loop_3-pieceTemplate.smt2 : 759 ms.
--------------------------------------------------
sat
QF_NRA/LassoRanker/CooperatingT2/qrdcmp.c.i.qrdcmp.pl.t2.fixed.t2.c_Iteration6_Loop_4-pieceTemplate.smt2 : 3172 ms.
--------------------------------------------------
sat
QF_NRA/LassoRanker/CooperatingT2/qrdcmp.t2.c_Iteration6_Loop_3-pieceTemplate.smt2 : 791 ms.
--------------------------------------------------
sat
QF_NRA/LassoRanker/CooperatingT2/qrdcmp.t2.c_Iteration6_Loop_4-pieceTemplate.smt2 : 2872 ms.
--------------------------------------------------
sat
QF_NRA/LassoRanker/CooperatingT2/queens.t2.c_Iteration5_Loop_4-pieceTemplate.smt2 : 4940 ms.
--------------------------------------------------
sat
QF_NRA/LassoRanker/CooperatingT2/queue_1000.t2.c_Iteration1_Loop_4-pieceTemplate.smt2 : 567 ms.
--------------------------------------------------
sat
QF_NRA/LassoRanker/CooperatingT2/queue_100.t2.c_Iteration1_Loop_4-pieceTemplate.smt2 : 509 ms.
--------------------------------------------------
sat
QF_NRA/LassoRanker/CooperatingT2/queue_10.t2.c_Iteration1_Loop_4-pieceTemplate.smt2 : 1038 ms.
--------------------------------------------------
sat
QF_NRA/LassoRanker/CooperatingT2/queue_1.t2.c_Iteration1_Loop_4-pieceTemplate.smt2 : 1529 ms.
--------------------------------------------------
sat
QF_NRA/LassoRanker/CooperatingT2/rlft3.c.i.rlft3.pl.t2.fixed.t2.c_Iteration2_Loop_4-pieceTemplate.smt2 : 6922 ms.
--------------------------------------------------
sat
QF_NRA/LassoRanker/CooperatingT2/rlft3.t2.c_Iteration2_Loop_4-pieceTemplate.smt2 : 5224 ms.
--------------------------------------------------
sat
QF_NRA/LassoRanker/CooperatingT2/sas2.t2.c_Iteration1_Lasso_3-pieceTemplate.smt2 : 194773 ms.
--------------------------------------------------
sat
QF_NRA/LassoRanker/CooperatingT2/sas2.t2.c_Iteration1_Lasso_4-pieceTemplate.smt2 : 866981 ms.
--------------------------------------------------
sat
QF_NRA/LassoRanker/CooperatingT2/sas2.t2.c_Iteration1_Lasso_7-phaseTemplate.smt2 : 18195 ms.
--------------------------------------------------
sat
QF_NRA/LassoRanker/CooperatingT2/sas2.t2.c_Iteration2_Lasso_3-pieceTemplate.smt2 : 275041 ms.
--------------------------------------------------
sat
QF_NRA/LassoRanker/CooperatingT2/sas2.t2.c_Iteration2_Lasso_4-pieceTemplate.smt2 : 847783 ms.
--------------------------------------------------
sat
QF_NRA/LassoRanker/CooperatingT2/sas2.t2.c_Iteration6_Lasso_2-pieceTemplate.smt2 : 148869 ms.
--------------------------------------------------
tcmalloc: large alloc 1073741824 bytes == 0x7c924000 @  0x1641680 0x1641680 0x1641680 0x1641680 0x1641680 0x1641680 0x1641680 0x1641680 0x1641680 0x1641680 0x1641680 0x1641680 0x1641680 0x1641680 0x1641680 0x1641680 0x1641680 0x1641680 0x1641680 0x1641680 0x1641680 0x1641680 0x1641680 0x1641680 0x1641680 0x1641680 0x1641680 0x1641680 0x1641680 0x1641680 0x1641680
./solvers/mathsat/run.sh: line 3: 407718 Killed                  ./mathsat ../$1
QF_NRA/LassoRanker/CooperatingT2/sas2.t2.c_Iteration6_Lasso_3-pieceTemplate.smt2 : 1800364 ms.
--------------------------------------------------
sat
QF_NRA/LassoRanker/CooperatingT2/sas2.t2.c_Iteration6_Lasso_4-lexTemplate.smt2 : 30751 ms.
--------------------------------------------------
./solvers/mathsat/run.sh: line 3: 409425 Killed                  ./mathsat ../$1
QF_NRA/LassoRanker/CooperatingT2/sas2.t2.c_Iteration6_Lasso_4-pieceTemplate.smt2 : 1801377 ms.
--------------------------------------------------
sat
QF_NRA/LassoRanker/CooperatingT2/sas2.t2.c_Iteration6_Lasso_6-nestedTemplate.smt2 : 28343 ms.
--------------------------------------------------
sat
QF_NRA/LassoRanker/CooperatingT2/sas2.t2.c_Iteration6_Lasso_6-phaseTemplate.smt2 : 94232 ms.
--------------------------------------------------
sat
QF_NRA/LassoRanker/CooperatingT2/sas2.t2.c_Iteration6_Lasso_7-nestedTemplate.smt2 : 36665 ms.
--------------------------------------------------
sat
QF_NRA/LassoRanker/CooperatingT2/sas2.t2.c_Iteration6_Lasso_7-phaseTemplate.smt2 : 215669 ms.
--------------------------------------------------
unsat
QF_NRA/LassoRanker/CooperatingT2/sas2.t2.c_Iteration6_Loop_3-pieceTemplate.smt2 : 127696 ms.
--------------------------------------------------
unsat
QF_NRA/LassoRanker/CooperatingT2/sas2.t2.c_Iteration6_Loop_4-pieceTemplate.smt2 : 797152 ms.
--------------------------------------------------
unsat
QF_NRA/LassoRanker/CooperatingT2/sas2.t2.c_Iteration6_Loop_7-phaseTemplate.smt2 : 41824 ms.
--------------------------------------------------
./solvers/mathsat/run.sh: line 3: 413465 Killed                  ./mathsat ../$1
QF_NRA/LassoRanker/CooperatingT2/sas2.t2.c_Iteration7_Lasso_3-pieceTemplate.smt2 : 1800552 ms.
--------------------------------------------------
./solvers/mathsat/run.sh: line 3: 414826 Killed                  ./mathsat ../$1
QF_NRA/LassoRanker/CooperatingT2/sas2.t2.c_Iteration7_Lasso_4-pieceTemplate.smt2 : 1800652 ms.
--------------------------------------------------
unsat
QF_NRA/LassoRanker/CooperatingT2/sas2.t2.c_Iteration7_Loop_3-pieceTemplate.smt2 : 61769 ms.
--------------------------------------------------
unsat
QF_NRA/LassoRanker/CooperatingT2/sas2.t2.c_Iteration7_Loop_4-pieceTemplate.smt2 : 1087563 ms.
--------------------------------------------------
unsat
QF_NRA/LassoRanker/CooperatingT2/sas2.t2.c_Iteration7_Loop_7-phaseTemplate.smt2 : 51756 ms.
--------------------------------------------------
sat
QF_NRA/LassoRanker/CooperatingT2/selectSort.t2.c_Iteration3_Loop_4-pieceTemplate.smt2 : 5013 ms.
--------------------------------------------------
sat
QF_NRA/LassoRanker/CooperatingT2/selectSort.t2.c_Iteration5_Loop_4-pieceTemplate.smt2 : 3950 ms.
--------------------------------------------------
sat
QF_NRA/LassoRanker/CooperatingT2/seq2.t2.c_Iteration1_Loop_4-pieceTemplate.smt2 : 364 ms.
--------------------------------------------------
sat
QF_NRA/LassoRanker/CooperatingT2/slayer-2-filtered.t2.c_Iteration1_Loop_4-pieceTemplate.smt2 : 723 ms.
--------------------------------------------------
sat
QF_NRA/LassoRanker/CooperatingT2/smagillb-succeed.t2.c_Iteration1_Loop_4-pieceTemplate.smt2 : 2686 ms.
--------------------------------------------------
sat
QF_NRA/LassoRanker/CooperatingT2/smagillc-fail.t2.c_Iteration1_Loop_4-pieceTemplate.smt2 : 2328 ms.
--------------------------------------------------
sat
QF_NRA/LassoRanker/CooperatingT2/sort.t2.c_Iteration15_Loop_3-pieceTemplate.smt2 : 7650 ms.
--------------------------------------------------
sat
QF_NRA/LassoRanker/CooperatingT2/sort.t2.c_Iteration15_Loop_4-pieceTemplate.smt2 : 59664 ms.
--------------------------------------------------
sat
QF_NRA/LassoRanker/CooperatingT2/sort.t2.c_Iteration18_Loop_4-pieceTemplate.smt2 : 1916 ms.
--------------------------------------------------
sat
QF_NRA/LassoRanker/CooperatingT2/sort.t2.c_Iteration19_Loop_4-pieceTemplate.smt2 : 677 ms.
--------------------------------------------------
sat
QF_NRA/LassoRanker/CooperatingT2/sort.t2.c_Iteration5_Loop_3-pieceTemplate.smt2 : 2979 ms.
--------------------------------------------------
sat
QF_NRA/LassoRanker/CooperatingT2/sort.t2.c_Iteration5_Loop_4-pieceTemplate.smt2 : 4802 ms.
--------------------------------------------------
sat
QF_NRA/LassoRanker/CooperatingT2/spiral.t2.c_Iteration1_Loop_4-pieceTemplate.smt2 : 5382 ms.
--------------------------------------------------
sat
QF_NRA/LassoRanker/CooperatingT2/spiral.t2.c_Iteration22_Loop_4-pieceTemplate.smt2 : 3184 ms.
--------------------------------------------------
sat
QF_NRA/LassoRanker/CooperatingT2/spiral.t2.c_Iteration2_Loop_4-pieceTemplate.smt2 : 2192 ms.
--------------------------------------------------
sat
QF_NRA/LassoRanker/CooperatingT2/spiral.t2.c_Iteration3_Loop_4-pieceTemplate.smt2 : 4217 ms.
--------------------------------------------------
sat
QF_NRA/LassoRanker/CooperatingT2/spiral.t2.c_Iteration4_Loop_4-pieceTemplate.smt2 : 2144 ms.
--------------------------------------------------
sat
QF_NRA/LassoRanker/CooperatingT2/spiral.t2.c_Iteration5_Loop_4-pieceTemplate.smt2 : 1449 ms.
--------------------------------------------------
sat
QF_NRA/LassoRanker/CooperatingT2/spiral.t2.c_Iteration6_Loop_4-pieceTemplate.smt2 : 1413 ms.
--------------------------------------------------
sat
QF_NRA/LassoRanker/CooperatingT2/spiral.t2.c_Iteration7_Loop_4-pieceTemplate.smt2 : 1980 ms.
--------------------------------------------------
sat
QF_NRA/LassoRanker/CooperatingT2/spiral.t2.c_Iteration8_Loop_4-pieceTemplate.smt2 : 2445 ms.
--------------------------------------------------
sat
QF_NRA/LassoRanker/CooperatingT2/spiral.t2.c_Iteration9_Loop_4-pieceTemplate.smt2 : 1888 ms.
--------------------------------------------------
sat
QF_NRA/LassoRanker/CooperatingT2/sudoku.t2.c_Iteration24_Loop_4-pieceTemplate.smt2 : 12142 ms.
--------------------------------------------------
sat
QF_NRA/LassoRanker/CooperatingT2/sudoku.t2.c_Iteration2_Loop_4-pieceTemplate.smt2 : 851 ms.
--------------------------------------------------
sat
QF_NRA/LassoRanker/CooperatingT2/sudoku.t2.c_Iteration4_Loop_4-pieceTemplate.smt2 : 1244 ms.
--------------------------------------------------
sat
QF_NRA/LassoRanker/CooperatingT2/sumit.t2.c_Iteration1_Lasso_3-pieceTemplate.smt2 : 66514 ms.
--------------------------------------------------
sat
QF_NRA/LassoRanker/CooperatingT2/sumit.t2.c_Iteration1_Lasso_4-pieceTemplate.smt2 : 387749 ms.
--------------------------------------------------
sat
QF_NRA/LassoRanker/CooperatingT2/sumit.t2.c_Iteration2_Loop_3-pieceTemplate.smt2 : 40760 ms.
--------------------------------------------------
sat
QF_NRA/LassoRanker/CooperatingT2/sumit.t2.c_Iteration2_Loop_4-lexTemplate.smt2 : 10465 ms.
--------------------------------------------------
sat
QF_NRA/LassoRanker/CooperatingT2/sumit.t2.c_Iteration2_Loop_4-pieceTemplate.smt2 : 466297 ms.
--------------------------------------------------
sat
QF_NRA/LassoRanker/CooperatingT2/toeplz.c.i.toeplz.pl.t2.fixed.t2.c_Iteration10_Loop_3-pieceTemplate.smt2 : 551 ms.
--------------------------------------------------
sat
QF_NRA/LassoRanker/CooperatingT2/toeplz.c.i.toeplz.pl.t2.fixed.t2.c_Iteration10_Loop_4-pieceTemplate.smt2 : 1250 ms.
--------------------------------------------------
sat
QF_NRA/LassoRanker/CooperatingT2/toeplz.c.i.toeplz.pl.t2.fixed.t2.c_Iteration2_Loop_4-pieceTemplate.smt2 : 4918 ms.
--------------------------------------------------
sat
QF_NRA/LassoRanker/CooperatingT2/toeplz.c.i.toeplz.pl.t2.fixed.t2.c_Iteration3_Loop_4-pieceTemplate.smt2 : 5431 ms.
--------------------------------------------------
sat
QF_NRA/LassoRanker/CooperatingT2/toeplz.c.i.toeplz.pl.t2.fixed.t2.c_Iteration7_Loop_4-pieceTemplate.smt2 : 2068 ms.
--------------------------------------------------
sat
QF_NRA/LassoRanker/CooperatingT2/toeplz.c.i.toeplz.pl.t2.nor.t2.rlgfixed.t2.c_Iteration3_Loop_4-pieceTemplate.smt2 : 5584 ms.
--------------------------------------------------
sat
QF_NRA/LassoRanker/CooperatingT2/toeplz.t2.c_Iteration10_Loop_3-pieceTemplate.smt2 : 1243 ms.
--------------------------------------------------
sat
QF_NRA/LassoRanker/CooperatingT2/toeplz.t2.c_Iteration10_Loop_4-pieceTemplate.smt2 : 1657 ms.
--------------------------------------------------
sat
QF_NRA/LassoRanker/CooperatingT2/toeplz.t2.c_Iteration2_Loop_4-pieceTemplate.smt2 : 1249 ms.
--------------------------------------------------
sat
QF_NRA/LassoRanker/CooperatingT2/toeplz.t2.c_Iteration3_Loop_4-pieceTemplate.smt2 : 1134 ms.
--------------------------------------------------
sat
QF_NRA/LassoRanker/CooperatingT2/toeplz.t2.c_Iteration7_Loop_4-pieceTemplate.smt2 : 1687 ms.
--------------------------------------------------
unsat
QF_NRA/LassoRanker/CooperatingT2/w1.t2.c_Iteration1_Lasso_3-pieceTemplate.smt2 : 259 ms.
--------------------------------------------------
unsat
QF_NRA/LassoRanker/CooperatingT2/w1.t2.c_Iteration1_Lasso_4-pieceTemplate.smt2 : 894 ms.
--------------------------------------------------
sat
QF_NRA/LassoRanker/CooperatingT2/wrong_loop.t2.c_Iteration1_Loop_4-pieceTemplate.smt2 : 8021 ms.
--------------------------------------------------
sat
QF_NRA/LassoRanker/CooperatingT2/wrong_loop.t2.c_Iteration2_Loop_4-pieceTemplate.smt2 : 2920 ms.
--------------------------------------------------
sat
QF_NRA/LassoRanker/CooperatingT2/wrong_loop.t2.c_Iteration3_Loop_4-pieceTemplate.smt2 : 3048 ms.
