--------------------------------------------------
./solvers/mathsat/run.sh: line 3: 382751 Killed                  ./mathsat ../$1
QF_NRA/meti-tarski/Chua/2/VC1/L/Chua-2-VC1-L-chunk-0021.smt2 : 1800069 ms.
--------------------------------------------------
sat
QF_NRA/meti-tarski/Chua/2/VC1/L/Chua-2-VC1-L-chunk-0023.smt2 : 31 ms.
--------------------------------------------------
./solvers/mathsat/run.sh: line 3: 396167 Killed                  ./mathsat ../$1
QF_NRA/meti-tarski/Chua/2/VC1/L/Chua-2-VC1-L-chunk-0025.smt2 : 1800172 ms.
--------------------------------------------------
./solvers/mathsat/run.sh: line 3: 400140 Killed                  ./mathsat ../$1
QF_NRA/meti-tarski/Chua/2/VC1/L/Chua-2-VC1-L-chunk-0027.smt2 : 1800248 ms.
--------------------------------------------------
./solvers/mathsat/run.sh: line 3: 403121 Killed                  ./mathsat ../$1
QF_NRA/meti-tarski/Chua/2/VC1/L/Chua-2-VC1-L-chunk-0028.smt2 : 1800110 ms.
--------------------------------------------------
./solvers/mathsat/run.sh: line 3: 406021 Killed                  ./mathsat ../$1
QF_NRA/meti-tarski/Chua/2/VC1/L/Chua-2-VC1-L-chunk-0029.smt2 : 1800085 ms.
--------------------------------------------------
./solvers/mathsat/run.sh: line 3: 407771 Killed                  ./mathsat ../$1
QF_NRA/meti-tarski/Chua/2/VC1/L/Chua-2-VC1-L-chunk-0031.smt2 : 1800056 ms.
--------------------------------------------------
./solvers/mathsat/run.sh: line 3: 409467 Killed                  ./mathsat ../$1
QF_NRA/meti-tarski/Chua/2/VC1/L/Chua-2-VC1-L-chunk-0032.smt2 : 1800133 ms.
--------------------------------------------------
./solvers/mathsat/run.sh: line 3: 411301 Killed                  ./mathsat ../$1
QF_NRA/meti-tarski/Chua/2/VC1/L/Chua-2-VC1-L-chunk-0034.smt2 : 1800071 ms.
--------------------------------------------------
./solvers/mathsat/run.sh: line 3: 413561 Killed                  ./mathsat ../$1
QF_NRA/meti-tarski/Chua/2/VC1/L/Chua-2-VC1-L-chunk-0036.smt2 : 1800101 ms.
--------------------------------------------------
./solvers/mathsat/run.sh: line 3: 414944 Killed                  ./mathsat ../$1
QF_NRA/meti-tarski/Chua/2/VC1/L/Chua-2-VC1-L-chunk-0037.smt2 : 1800060 ms.
--------------------------------------------------
./solvers/mathsat/run.sh: line 3: 416366 Killed                  ./mathsat ../$1
QF_NRA/meti-tarski/Chua/2/VC1/L/Chua-2-VC1-L-chunk-0038.smt2 : 1800077 ms.
--------------------------------------------------
./solvers/mathsat/run.sh: line 3: 417726 Killed                  ./mathsat ../$1
QF_NRA/meti-tarski/Chua/2/VC1/L/Chua-2-VC1-L-chunk-0039.smt2 : 1800073 ms.
--------------------------------------------------
./solvers/mathsat/run.sh: line 3: 418785 Killed                  ./mathsat ../$1
QF_NRA/meti-tarski/Chua/2/VC1/L/Chua-2-VC1-L-chunk-0042.smt2 : 1800185 ms.
--------------------------------------------------
unsat
QF_NRA/meti-tarski/Chua/2/VC1/L/Chua-2-VC1-L-chunk-0045.smt2 : 37 ms.
--------------------------------------------------
unsat
QF_NRA/meti-tarski/Chua/2/VC1/L/Chua-2-VC1-L-chunk-0047.smt2 : 28 ms.
--------------------------------------------------
./solvers/mathsat/run.sh: line 3: 419956 Killed                  ./mathsat ../$1
QF_NRA/meti-tarski/Chua/2/VC1/L/Chua-2-VC1-L-chunk-0048.smt2 : 1800068 ms.
--------------------------------------------------
unsat
QF_NRA/meti-tarski/Chua/2/VC1/L/Chua-2-VC1-L-chunk-0049.smt2 : 37 ms.
--------------------------------------------------
sat
QF_NRA/meti-tarski/Chua/2/VC1/L/Chua-2-VC1-L-chunk-0050.smt2 : 32 ms.
--------------------------------------------------
./solvers/mathsat/run.sh: line 3: 421449 Killed                  ./mathsat ../$1
QF_NRA/meti-tarski/Chua/2/VC1/L/Chua-2-VC1-L-chunk-0052.smt2 : 1800053 ms.
--------------------------------------------------
./solvers/mathsat/run.sh: line 3: 422329 Killed                  ./mathsat ../$1
QF_NRA/meti-tarski/Chua/2/VC1/L/Chua-2-VC1-L-chunk-0053.smt2 : 1800191 ms.
--------------------------------------------------
unsat
QF_NRA/meti-tarski/Chua/2/VC1/L/Chua-2-VC1-L-chunk-0054.smt2 : 31 ms.
--------------------------------------------------
unsat
QF_NRA/meti-tarski/Chua/2/VC1/L/Chua-2-VC1-L-chunk-0055.smt2 : 22 ms.
--------------------------------------------------
./solvers/mathsat/run.sh: line 3: 423267 Killed                  ./mathsat ../$1
QF_NRA/meti-tarski/Chua/2/VC1/L/Chua-2-VC1-L-chunk-0056.smt2 : 1800108 ms.
--------------------------------------------------
unsat
QF_NRA/meti-tarski/Chua/2/VC1/L/Chua-2-VC1-L-chunk-0057.smt2 : 52 ms.
--------------------------------------------------
unsat
QF_NRA/meti-tarski/Chua/2/VC1/L/Chua-2-VC1-L-chunk-0058.smt2 : 34 ms.
--------------------------------------------------
sat
QF_NRA/meti-tarski/Chua/2/VC1/L/Chua-2-VC1-L-chunk-0059.smt2 : 32 ms.
--------------------------------------------------
unsat
QF_NRA/meti-tarski/Chua/2/VC1/L/Chua-2-VC1-L-chunk-0060.smt2 : 27 ms.
--------------------------------------------------
sat
QF_NRA/meti-tarski/Chua/2/VC1/L/Chua-2-VC1-L-chunk-0061.smt2 : 32 ms.
--------------------------------------------------
./solvers/mathsat/run.sh: line 3: 424346 Killed                  ./mathsat ../$1
QF_NRA/meti-tarski/Chua/2/VC1/L/Chua-2-VC1-L-chunk-0062.smt2 : 1800092 ms.
--------------------------------------------------
unsat
QF_NRA/meti-tarski/Chua/2/VC1/L/Chua-2-VC1-L-chunk-0063.smt2 : 39 ms.
--------------------------------------------------
./solvers/mathsat/run.sh: line 3: 425241 Killed                  ./mathsat ../$1
QF_NRA/meti-tarski/Chua/2/VC1/L/Chua-2-VC1-L-chunk-0064.smt2 : 1800096 ms.
--------------------------------------------------
./solvers/mathsat/run.sh: line 3: 426102 Killed                  ./mathsat ../$1
QF_NRA/meti-tarski/Chua/2/VC1/L/Chua-2-VC1-L-chunk-0066.smt2 : 1800102 ms.
--------------------------------------------------
./solvers/mathsat/run.sh: line 3: 427019 Killed                  ./mathsat ../$1
QF_NRA/meti-tarski/Chua/2/VC1/L/Chua-2-VC1-L-chunk-0067.smt2 : 1800111 ms.
--------------------------------------------------
sat
QF_NRA/meti-tarski/Chua/2/VC1/L/Chua-2-VC1-L-chunk-0068.smt2 : 14795 ms.
--------------------------------------------------
unsat
QF_NRA/meti-tarski/Chua/2/VC1/L/Chua-2-VC1-L-chunk-0069.smt2 : 38 ms.
--------------------------------------------------
./solvers/mathsat/run.sh: line 3: 428298 Killed                  ./mathsat ../$1
QF_NRA/meti-tarski/Chua/2/VC1/L/Chua-2-VC1-L-chunk-0070.smt2 : 1800120 ms.
--------------------------------------------------
sat
QF_NRA/meti-tarski/Chua/2/VC1/L/Chua-2-VC1-L-chunk-0071.smt2 : 36 ms.
--------------------------------------------------
./solvers/mathsat/run.sh: line 3: 429194 Killed                  ./mathsat ../$1
QF_NRA/meti-tarski/Chua/2/VC1/L/Chua-2-VC1-L-chunk-0072.smt2 : 1800113 ms.
--------------------------------------------------
unsat
QF_NRA/meti-tarski/Chua/2/VC1/L/Chua-2-VC1-L-chunk-0073.smt2 : 32 ms.
--------------------------------------------------
./solvers/mathsat/run.sh: line 3: 430175 Killed                  ./mathsat ../$1
QF_NRA/meti-tarski/Chua/2/VC1/L/Chua-2-VC1-L-chunk-0074.smt2 : 1800110 ms.
--------------------------------------------------
./solvers/mathsat/run.sh: line 3: 430857 Killed                  ./mathsat ../$1
QF_NRA/meti-tarski/Chua/2/VC1/L/Chua-2-VC1-L-chunk-0075.smt2 : 1800128 ms.
--------------------------------------------------
./solvers/mathsat/run.sh: line 3: 431511 Killed                  ./mathsat ../$1
QF_NRA/meti-tarski/Chua/2/VC1/L/Chua-2-VC1-L-chunk-0076.smt2 : 1800127 ms.
--------------------------------------------------
unsat
QF_NRA/meti-tarski/Chua/2/VC1/L/Chua-2-VC1-L-chunk-0077.smt2 : 41 ms.
--------------------------------------------------
sat
QF_NRA/meti-tarski/Chua/2/VC1/L/Chua-2-VC1-L-chunk-0078.smt2 : 36 ms.
--------------------------------------------------
./solvers/mathsat/run.sh: line 3: 432373 Killed                  ./mathsat ../$1
QF_NRA/meti-tarski/Chua/2/VC1/L/Chua-2-VC1-L-chunk-0079.smt2 : 1800140 ms.
--------------------------------------------------
unsat
QF_NRA/meti-tarski/Chua/2/VC1/L/Chua-2-VC1-L-chunk-0081.smt2 : 85 ms.
--------------------------------------------------
unsat
QF_NRA/meti-tarski/Chua/2/VC1/L/Chua-2-VC1-L-chunk-0083.smt2 : 29 ms.
--------------------------------------------------
sat
QF_NRA/meti-tarski/Chua/2/VC1/L/Chua-2-VC1-L-chunk-0085.smt2 : 34 ms.
--------------------------------------------------
unsat
QF_NRA/meti-tarski/Chua/2/VC1/L/Chua-2-VC1-L-chunk-0086.smt2 : 28 ms.
--------------------------------------------------
unsat
QF_NRA/meti-tarski/Chua/2/VC1/L/Chua-2-VC1-L-chunk-0088.smt2 : 28 ms.
--------------------------------------------------
sat
QF_NRA/meti-tarski/Chua/2/VC1/L/Chua-2-VC1-L-chunk-0089.smt2 : 34 ms.
--------------------------------------------------
unsat
QF_NRA/meti-tarski/Chua/2/VC1/L/Chua-2-VC1-L-chunk-0090.smt2 : 32 ms.
--------------------------------------------------
unsat
QF_NRA/meti-tarski/Chua/2/VC1/L/Chua-2-VC1-L-chunk-0091.smt2 : 35 ms.
--------------------------------------------------
sat
QF_NRA/meti-tarski/Chua/2/VC1/L/Chua-2-VC1-L-chunk-0092.smt2 : 35 ms.
--------------------------------------------------
sat
QF_NRA/meti-tarski/Chua/2/VC1/L/Chua-2-VC1-L-chunk-0093.smt2 : 37 ms.
--------------------------------------------------
unsat
QF_NRA/meti-tarski/Chua/2/VC1/L/Chua-2-VC1-L-chunk-0094.smt2 : 40 ms.
--------------------------------------------------
sat
QF_NRA/meti-tarski/Chua/2/VC1/L/Chua-2-VC1-L-chunk-0095.smt2 : 28 ms.
--------------------------------------------------
sat
QF_NRA/meti-tarski/Chua/2/VC1/L/Chua-2-VC1-L-chunk-0096.smt2 : 39 ms.
--------------------------------------------------
unsat
QF_NRA/meti-tarski/Chua/2/VC1/L/Chua-2-VC1-L-chunk-0097.smt2 : 31 ms.
--------------------------------------------------
sat
QF_NRA/meti-tarski/Chua/2/VC1/L/Chua-2-VC1-L-chunk-0098.smt2 : 29 ms.
--------------------------------------------------
sat
QF_NRA/meti-tarski/Chua/2/VC1/L/Chua-2-VC1-L-chunk-0099.smt2 : 35 ms.
--------------------------------------------------
sat
QF_NRA/meti-tarski/Chua/2/VC1/L/Chua-2-VC1-L-chunk-0100.smt2 : 34 ms.
--------------------------------------------------
unsat
QF_NRA/meti-tarski/Chua/2/VC1/L/Chua-2-VC1-L-chunk-0101.smt2 : 435 ms.
--------------------------------------------------
sat
QF_NRA/meti-tarski/Chua/2/VC1/L/Chua-2-VC1-L-chunk-0102.smt2 : 42 ms.
--------------------------------------------------
unsat
QF_NRA/meti-tarski/Chua/2/VC1/L/Chua-2-VC1-L-chunk-0103.smt2 : 43 ms.
--------------------------------------------------
sat
QF_NRA/meti-tarski/Chua/2/VC1/L/Chua-2-VC1-L-chunk-0105.smt2 : 51 ms.
--------------------------------------------------
unsat
QF_NRA/meti-tarski/Chua/2/VC1/L/Chua-2-VC1-L-chunk-0106.smt2 : 32 ms.
--------------------------------------------------
./solvers/mathsat/run.sh: line 3: 433231 Killed                  ./mathsat ../$1
QF_NRA/meti-tarski/Chua/2/VC1/L/Chua-2-VC1-L-chunk-0107.smt2 : 1800083 ms.
--------------------------------------------------
sat
QF_NRA/meti-tarski/Chua/2/VC1/L/Chua-2-VC1-L-chunk-0108.smt2 : 39 ms.
--------------------------------------------------
sat
QF_NRA/meti-tarski/Chua/2/VC1/L/Chua-2-VC1-L-chunk-0109.smt2 : 35 ms.
--------------------------------------------------
unsat
QF_NRA/meti-tarski/Chua/2/VC1/L/Chua-2-VC1-L-chunk-0110.smt2 : 28 ms.
--------------------------------------------------
./solvers/mathsat/run.sh: line 3: 433997 Killed                  ./mathsat ../$1
QF_NRA/meti-tarski/Chua/2/VC1/L/Chua-2-VC1-L-chunk-0112.smt2 : 1800107 ms.
--------------------------------------------------
sat
QF_NRA/meti-tarski/Chua/2/VC1/L/Chua-2-VC1-L-chunk-0113.smt2 : 39 ms.
--------------------------------------------------
sat
QF_NRA/meti-tarski/Chua/2/VC1/L/Chua-2-VC1-L-chunk-0114.smt2 : 35 ms.
--------------------------------------------------
./solvers/mathsat/run.sh: line 3: 434661 Killed                  ./mathsat ../$1
QF_NRA/meti-tarski/Chua/2/VC1/L/Chua-2-VC1-L-chunk-0115.smt2 : 1800264 ms.
--------------------------------------------------
unsat
QF_NRA/meti-tarski/Chua/2/VC1/L/Chua-2-VC1-L-chunk-0116.smt2 : 36 ms.
--------------------------------------------------
sat
QF_NRA/meti-tarski/Chua/2/VC1/L/Chua-2-VC1-L-chunk-0117.smt2 : 39 ms.
--------------------------------------------------
sat
QF_NRA/meti-tarski/Chua/2/VC1/L/Chua-2-VC1-L-chunk-0118.smt2 : 32 ms.
--------------------------------------------------
sat
QF_NRA/meti-tarski/Chua/2/VC1/L/Chua-2-VC1-L-chunk-0119.smt2 : 35 ms.
--------------------------------------------------
unsat
QF_NRA/meti-tarski/Chua/2/VC1/L/Chua-2-VC1-L-chunk-0120.smt2 : 34 ms.
--------------------------------------------------
./solvers/mathsat/run.sh: line 3: 435384 Killed                  ./mathsat ../$1
QF_NRA/meti-tarski/Chua/2/VC1/L/Chua-2-VC1-L-chunk-0122.smt2 : 1800090 ms.
--------------------------------------------------
sat
QF_NRA/meti-tarski/Chua/2/VC1/L/Chua-2-VC1-L-chunk-0123.smt2 : 41 ms.
--------------------------------------------------
sat
QF_NRA/meti-tarski/Chua/2/VC1/L/Chua-2-VC1-L-chunk-0124.smt2 : 38 ms.
--------------------------------------------------
unsat
QF_NRA/meti-tarski/Chua/2/VC1/L/Chua-2-VC1-L-chunk-0125.smt2 : 35 ms.
--------------------------------------------------
sat
QF_NRA/meti-tarski/Chua/2/VC1/L/Chua-2-VC1-L-chunk-0126.smt2 : 33 ms.
--------------------------------------------------
sat
QF_NRA/meti-tarski/Chua/2/VC1/L/Chua-2-VC1-L-chunk-0127.smt2 : 36 ms.
--------------------------------------------------
sat
QF_NRA/meti-tarski/Chua/2/VC1/L/Chua-2-VC1-L-chunk-0128.smt2 : 30 ms.
--------------------------------------------------
unsat
QF_NRA/meti-tarski/Chua/2/VC1/L/Chua-2-VC1-L-chunk-0129.smt2 : 38 ms.
