--------------------------------------------------
sat
QF_NRA/meti-tarski/exp/problem/10/3/weak/exp-problem-10-3-weak-chunk-0006.smt2 : 44 ms.
--------------------------------------------------
sat
QF_NRA/meti-tarski/exp/problem/10/3/weak/exp-problem-10-3-weak-chunk-0007.smt2 : 35 ms.
--------------------------------------------------
./solvers/mathsat/run.sh: line 3: 383561 Killed                  ./mathsat ../$1
QF_NRA/meti-tarski/exp/problem/10/3/weak/exp-problem-10-3-weak-chunk-0008.smt2 : 1800070 ms.
--------------------------------------------------
sat
QF_NRA/meti-tarski/exp/problem/10/3/weak/exp-problem-10-3-weak-chunk-0009.smt2 : 31 ms.
--------------------------------------------------
sat
QF_NRA/meti-tarski/exp/problem/10/3/weak/exp-problem-10-3-weak-chunk-0010.smt2 : 29 ms.
--------------------------------------------------
./solvers/mathsat/run.sh: line 3: 396434 Killed                  ./mathsat ../$1
QF_NRA/meti-tarski/exp/problem/10/3/weak/exp-problem-10-3-weak-chunk-0011.smt2 : 1800251 ms.
--------------------------------------------------
sat
QF_NRA/meti-tarski/exp/problem/10/3/weak/exp-problem-10-3-weak-chunk-0013.smt2 : 36 ms.
--------------------------------------------------
unsat
QF_NRA/meti-tarski/exp/problem/10/3/weak/exp-problem-10-3-weak-chunk-0014.smt2 : 36 ms.
--------------------------------------------------
sat
QF_NRA/meti-tarski/exp/problem/10/3/weak/exp-problem-10-3-weak-chunk-0015.smt2 : 27 ms.
--------------------------------------------------
unsat
QF_NRA/meti-tarski/exp/problem/10/3/weak/exp-problem-10-3-weak-chunk-0016.smt2 : 36 ms.
--------------------------------------------------
sat
QF_NRA/meti-tarski/exp/problem/10/3/weak/exp-problem-10-3-weak-chunk-0017.smt2 : 32 ms.
--------------------------------------------------
unsat
QF_NRA/meti-tarski/exp/problem/10/3/weak/exp-problem-10-3-weak-chunk-0018.smt2 : 36 ms.
--------------------------------------------------
sat
QF_NRA/meti-tarski/exp/problem/10/3/weak/exp-problem-10-3-weak-chunk-0019.smt2 : 34 ms.
--------------------------------------------------
unsat
QF_NRA/meti-tarski/exp/problem/10/3/weak/exp-problem-10-3-weak-chunk-0020.smt2 : 38 ms.
--------------------------------------------------
sat
QF_NRA/meti-tarski/exp/problem/10/3/weak/exp-problem-10-3-weak-chunk-0021.smt2 : 33 ms.
--------------------------------------------------
unsat
QF_NRA/meti-tarski/exp/problem/10/3/weak/exp-problem-10-3-weak-chunk-0022.smt2 : 34 ms.
--------------------------------------------------
sat
QF_NRA/meti-tarski/exp/problem/10/3/weak/exp-problem-10-3-weak-chunk-0023.smt2 : 32 ms.
--------------------------------------------------
unsat
QF_NRA/meti-tarski/exp/problem/10/3/weak/exp-problem-10-3-weak-chunk-0024.smt2 : 38 ms.
--------------------------------------------------
sat
QF_NRA/meti-tarski/exp/problem/10/3/weak/exp-problem-10-3-weak-chunk-0025.smt2 : 29 ms.
--------------------------------------------------
unsat
QF_NRA/meti-tarski/exp/problem/10/3/weak/exp-problem-10-3-weak-chunk-0026.smt2 : 32 ms.
--------------------------------------------------
sat
QF_NRA/meti-tarski/exp/problem/10/3/weak/exp-problem-10-3-weak-chunk-0027.smt2 : 30 ms.
--------------------------------------------------
unsat
QF_NRA/meti-tarski/exp/problem/10/3/weak/exp-problem-10-3-weak-chunk-0028.smt2 : 49 ms.
--------------------------------------------------
sat
QF_NRA/meti-tarski/exp/problem/10/3/weak/exp-problem-10-3-weak-chunk-0029.smt2 : 39 ms.
--------------------------------------------------
unsat
QF_NRA/meti-tarski/exp/problem/10/3/weak/exp-problem-10-3-weak-chunk-0030.smt2 : 38 ms.
--------------------------------------------------
sat
QF_NRA/meti-tarski/exp/problem/10/3/weak/exp-problem-10-3-weak-chunk-0031.smt2 : 30 ms.
--------------------------------------------------
unsat
QF_NRA/meti-tarski/exp/problem/10/3/weak/exp-problem-10-3-weak-chunk-0032.smt2 : 31 ms.
--------------------------------------------------
sat
QF_NRA/meti-tarski/exp/problem/10/3/weak/exp-problem-10-3-weak-chunk-0033.smt2 : 34 ms.
--------------------------------------------------
unsat
QF_NRA/meti-tarski/exp/problem/10/3/weak/exp-problem-10-3-weak-chunk-0034.smt2 : 38 ms.
--------------------------------------------------
sat
QF_NRA/meti-tarski/exp/problem/10/3/weak/exp-problem-10-3-weak-chunk-0035.smt2 : 30 ms.
--------------------------------------------------
unsat
QF_NRA/meti-tarski/exp/problem/10/3/weak/exp-problem-10-3-weak-chunk-0036.smt2 : 32 ms.
--------------------------------------------------
unsat
QF_NRA/meti-tarski/exp/problem/10/3/weak/exp-problem-10-3-weak-chunk-0038.smt2 : 34 ms.
--------------------------------------------------
unsat
QF_NRA/meti-tarski/exp/problem/10/3/weak/exp-problem-10-3-weak-chunk-0039.smt2 : 26 ms.
--------------------------------------------------
./solvers/mathsat/run.sh: line 3: 401160 Killed                  ./mathsat ../$1
QF_NRA/meti-tarski/exp/problem/10/3/weak/exp-problem-10-3-weak-chunk-0040.smt2 : 1800114 ms.
--------------------------------------------------
unsat
QF_NRA/meti-tarski/exp/problem/10/3/weak/exp-problem-10-3-weak-chunk-0041.smt2 : 40 ms.
--------------------------------------------------
unsat
QF_NRA/meti-tarski/exp/problem/10/3/weak/exp-problem-10-3-weak-chunk-0042.smt2 : 44 ms.
--------------------------------------------------
unsat
QF_NRA/meti-tarski/exp/problem/10/3/weak/exp-problem-10-3-weak-chunk-0043.smt2 : 32 ms.
--------------------------------------------------
sat
QF_NRA/meti-tarski/exp/problem/10/3/weak/exp-problem-10-3-weak-chunk-0044.smt2 : 25 ms.
--------------------------------------------------
./solvers/mathsat/run.sh: line 3: 403647 Killed                  ./mathsat ../$1
QF_NRA/meti-tarski/exp/problem/10/3/weak/exp-problem-10-3-weak-chunk-0045.smt2 : 1800076 ms.
--------------------------------------------------
./solvers/mathsat/run.sh: line 3: 406365 Killed                  ./mathsat ../$1
QF_NRA/meti-tarski/exp/problem/10/3/weak/exp-problem-10-3-weak-chunk-0048.smt2 : 1800055 ms.
--------------------------------------------------
unsat
QF_NRA/meti-tarski/exp/problem/10/3/weak/exp-problem-10-3-weak-chunk-0049.smt2 : 1256 ms.
--------------------------------------------------
unsat
QF_NRA/meti-tarski/exp/problem/10/3/weak/exp-problem-10-3-weak-chunk-0050.smt2 : 35 ms.
--------------------------------------------------
sat
QF_NRA/meti-tarski/exp/problem/10/3/weak/exp-problem-10-3-weak-chunk-0051.smt2 : 30 ms.
--------------------------------------------------
./solvers/mathsat/run.sh: line 3: 408230 Killed                  ./mathsat ../$1
QF_NRA/meti-tarski/exp/problem/10/3/weak/exp-problem-10-3-weak-chunk-0052.smt2 : 1800084 ms.
--------------------------------------------------
unsat
QF_NRA/meti-tarski/exp/problem/10/3/weak/exp-problem-10-3-weak-chunk-0053.smt2 : 60 ms.
--------------------------------------------------
unsat
QF_NRA/meti-tarski/exp/problem/10/3/weak/exp-problem-10-3-weak-chunk-0055.smt2 : 34 ms.
--------------------------------------------------
unsat
QF_NRA/meti-tarski/exp/problem/10/3/weak/exp-problem-10-3-weak-chunk-0056.smt2 : 27 ms.
--------------------------------------------------
./solvers/mathsat/run.sh: line 3: 410150 Killed                  ./mathsat ../$1
QF_NRA/meti-tarski/exp/problem/10/3/weak/exp-problem-10-3-weak-chunk-0057.smt2 : 1800129 ms.
--------------------------------------------------
unsat
QF_NRA/meti-tarski/exp/problem/10/3/weak/exp-problem-10-3-weak-chunk-0058.smt2 : 37 ms.
--------------------------------------------------
unsat
QF_NRA/meti-tarski/exp/problem/10/3/weak/exp-problem-10-3-weak-chunk-0059.smt2 : 36 ms.
--------------------------------------------------
sat
QF_NRA/meti-tarski/exp/problem/10/3/weak/exp-problem-10-3-weak-chunk-0060.smt2 : 34 ms.
--------------------------------------------------
./solvers/mathsat/run.sh: line 3: 411997 Killed                  ./mathsat ../$1
QF_NRA/meti-tarski/exp/problem/10/3/weak/exp-problem-10-3-weak-chunk-0061.smt2 : 1800096 ms.
--------------------------------------------------
unsat
QF_NRA/meti-tarski/exp/problem/10/3/weak/exp-problem-10-3-weak-chunk-0062.smt2 : 37 ms.
--------------------------------------------------
unsat
QF_NRA/meti-tarski/exp/problem/10/3/weak/exp-problem-10-3-weak-chunk-0063.smt2 : 56 ms.
--------------------------------------------------
./solvers/mathsat/run.sh: line 3: 413844 Killed                  ./mathsat ../$1
QF_NRA/meti-tarski/exp/problem/10/3/weak/exp-problem-10-3-weak-chunk-0064.smt2 : 1800118 ms.
--------------------------------------------------
unsat
QF_NRA/meti-tarski/exp/problem/10/3/weak/exp-problem-10-3-weak-chunk-0065.smt2 : 29 ms.
--------------------------------------------------
./solvers/mathsat/run.sh: line 3: 415272 Killed                  ./mathsat ../$1
QF_NRA/meti-tarski/exp/problem/10/3/weak/exp-problem-10-3-weak-chunk-0066.smt2 : 1800069 ms.
--------------------------------------------------
sat
QF_NRA/meti-tarski/exp/problem/10/3/weak/exp-problem-10-3-weak-chunk-0068.smt2 : 30 ms.
--------------------------------------------------
unsat
QF_NRA/meti-tarski/exp/problem/10/3/weak/exp-problem-10-3-weak-chunk-0069.smt2 : 37 ms.
--------------------------------------------------
unsat
QF_NRA/meti-tarski/exp/problem/10/3/weak/exp-problem-10-3-weak-chunk-0070.smt2 : 31 ms.
--------------------------------------------------
sat
QF_NRA/meti-tarski/exp/problem/10/3/weak/exp-problem-10-3-weak-chunk-0071.smt2 : 27 ms.
--------------------------------------------------
./solvers/mathsat/run.sh: line 3: 416730 Killed                  ./mathsat ../$1
QF_NRA/meti-tarski/exp/problem/10/3/weak/exp-problem-10-3-weak-chunk-0072.smt2 : 1800121 ms.
--------------------------------------------------
unsat
QF_NRA/meti-tarski/exp/problem/10/3/weak/exp-problem-10-3-weak-chunk-0073.smt2 : 38 ms.
--------------------------------------------------
unsat
QF_NRA/meti-tarski/exp/problem/10/3/weak/exp-problem-10-3-weak-chunk-0074.smt2 : 30 ms.
--------------------------------------------------
unsat
QF_NRA/meti-tarski/exp/problem/10/3/weak/exp-problem-10-3-weak-chunk-0075.smt2 : 27 ms.
--------------------------------------------------
sat
QF_NRA/meti-tarski/exp/problem/10/3/weak/exp-problem-10-3-weak-chunk-0076.smt2 : 32 ms.
--------------------------------------------------
./solvers/mathsat/run.sh: line 3: 417935 Killed                  ./mathsat ../$1
QF_NRA/meti-tarski/exp/problem/10/3/weak/exp-problem-10-3-weak-chunk-0077.smt2 : 1800088 ms.
--------------------------------------------------
unsat
QF_NRA/meti-tarski/exp/problem/10/3/weak/exp-problem-10-3-weak-chunk-0078.smt2 : 454 ms.
--------------------------------------------------
sat
QF_NRA/meti-tarski/exp/problem/10/3/weak/exp-problem-10-3-weak-chunk-0079.smt2 : 34 ms.
--------------------------------------------------
./solvers/mathsat/run.sh: line 3: 419023 Killed                  ./mathsat ../$1
QF_NRA/meti-tarski/exp/problem/10/3/weak/exp-problem-10-3-weak-chunk-0080.smt2 : 1800053 ms.
--------------------------------------------------
unsat
QF_NRA/meti-tarski/exp/problem/10/3/weak/exp-problem-10-3-weak-chunk-0081.smt2 : 40 ms.
--------------------------------------------------
./solvers/mathsat/run.sh: line 3: 420268 Killed                  ./mathsat ../$1
QF_NRA/meti-tarski/exp/problem/10/3/weak/exp-problem-10-3-weak-chunk-0082.smt2 : 1800082 ms.
--------------------------------------------------
./solvers/mathsat/run.sh: line 3: 421642 Killed                  ./mathsat ../$1
QF_NRA/meti-tarski/exp/problem/10/3/weak/exp-problem-10-3-weak-chunk-0083.smt2 : 1800105 ms.
--------------------------------------------------
./solvers/mathsat/run.sh: line 3: 422485 Killed                  ./mathsat ../$1
QF_NRA/meti-tarski/exp/problem/10/3/weak/exp-problem-10-3-weak-chunk-0084.smt2 : 1800091 ms.
--------------------------------------------------
unsat
QF_NRA/meti-tarski/exp/problem/10/3/weak/exp-problem-10-3-weak-chunk-0085.smt2 : 48 ms.
--------------------------------------------------
unsat
QF_NRA/meti-tarski/exp/problem/10/3/weak/exp-problem-10-3-weak-chunk-0087.smt2 : 78 ms.
--------------------------------------------------
sat
QF_NRA/meti-tarski/exp/problem/10/3/weak/exp-problem-10-3-weak-chunk-0088.smt2 : 31 ms.
--------------------------------------------------
./solvers/mathsat/run.sh: line 3: 423548 Killed                  ./mathsat ../$1
QF_NRA/meti-tarski/exp/problem/10/3/weak/exp-problem-10-3-weak-chunk-0089.smt2 : 1800065 ms.
--------------------------------------------------
unsat
QF_NRA/meti-tarski/exp/problem/10/3/weak/exp-problem-10-3-weak-chunk-0090.smt2 : 7856 ms.
--------------------------------------------------
sat
QF_NRA/meti-tarski/exp/problem/10/3/weak/exp-problem-10-3-weak-chunk-0091.smt2 : 33 ms.
--------------------------------------------------
unsat
QF_NRA/meti-tarski/exp/problem/10/3/weak/exp-problem-10-3-weak-chunk-0092.smt2 : 27 ms.
--------------------------------------------------
sat
QF_NRA/meti-tarski/exp/problem/10/3/weak/exp-problem-10-3-weak-chunk-0093.smt2 : 28 ms.
--------------------------------------------------
./solvers/mathsat/run.sh: line 3: 424572 Killed                  ./mathsat ../$1
QF_NRA/meti-tarski/exp/problem/10/3/weak/exp-problem-10-3-weak-chunk-0094.smt2 : 1800056 ms.
--------------------------------------------------
./solvers/mathsat/run.sh: line 3: 425490 Killed                  ./mathsat ../$1
QF_NRA/meti-tarski/exp/problem/10/3/weak/exp-problem-10-3-weak-chunk-0095.smt2 : 1800080 ms.
--------------------------------------------------
sat
QF_NRA/meti-tarski/exp/problem/10/3/weak/exp-problem-10-3-weak-chunk-0096.smt2 : 85 ms.
--------------------------------------------------
./solvers/mathsat/run.sh: line 3: 426371 Killed                  ./mathsat ../$1
QF_NRA/meti-tarski/exp/problem/10/3/weak/exp-problem-10-3-weak-chunk-0097.smt2 : 1800050 ms.
--------------------------------------------------
sat
QF_NRA/meti-tarski/exp/problem/10/3/weak/exp-problem-10-3-weak-chunk-0098.smt2 : 27 ms.
--------------------------------------------------
unsat
QF_NRA/meti-tarski/exp/problem/10/3/weak/exp-problem-10-3-weak-chunk-0099.smt2 : 30 ms.
--------------------------------------------------
sat
QF_NRA/meti-tarski/exp/problem/10/3/weak/exp-problem-10-3-weak-chunk-0100.smt2 : 25 ms.
--------------------------------------------------
unsat
QF_NRA/meti-tarski/exp/problem/10/3/weak/exp-problem-10-3-weak-chunk-0101.smt2 : 30 ms.
--------------------------------------------------
sat
QF_NRA/meti-tarski/exp/problem/10/3/weak/exp-problem-10-3-weak-chunk-0102.smt2 : 26 ms.
--------------------------------------------------
unsat
QF_NRA/meti-tarski/exp/problem/10/3/weak/exp-problem-10-3-weak-chunk-0103.smt2 : 31 ms.
--------------------------------------------------
sat
QF_NRA/meti-tarski/exp/problem/10/3/weak/exp-problem-10-3-weak-chunk-0104.smt2 : 25 ms.
--------------------------------------------------
unsat
QF_NRA/meti-tarski/exp/problem/10/3/weak/exp-problem-10-3-weak-chunk-0105.smt2 : 26 ms.
--------------------------------------------------
./solvers/mathsat/run.sh: line 3: 427268 Killed                  ./mathsat ../$1
QF_NRA/meti-tarski/exp/problem/10/3/weak/exp-problem-10-3-weak-chunk-0106.smt2 : 1800198 ms.
--------------------------------------------------
unsat
QF_NRA/meti-tarski/exp/problem/10/3/weak/exp-problem-10-3-weak-chunk-0107.smt2 : 50 ms.
--------------------------------------------------
./solvers/mathsat/run.sh: line 3: 428290 Killed                  ./mathsat ../$1
QF_NRA/meti-tarski/exp/problem/10/3/weak/exp-problem-10-3-weak-chunk-0108.smt2 : 1800055 ms.
--------------------------------------------------
sat
QF_NRA/meti-tarski/exp/problem/10/3/weak/exp-problem-10-3-weak-chunk-0109.smt2 : 45 ms.
--------------------------------------------------
./solvers/mathsat/run.sh: line 3: 429184 Killed                  ./mathsat ../$1
QF_NRA/meti-tarski/exp/problem/10/3/weak/exp-problem-10-3-weak-chunk-0110.smt2 : 1800132 ms.
--------------------------------------------------
unsat
QF_NRA/meti-tarski/exp/problem/10/3/weak/exp-problem-10-3-weak-chunk-0111.smt2 : 75 ms.
--------------------------------------------------
./solvers/mathsat/run.sh: line 3: 430167 Killed                  ./mathsat ../$1
QF_NRA/meti-tarski/exp/problem/10/3/weak/exp-problem-10-3-weak-chunk-0112.smt2 : 1800189 ms.
--------------------------------------------------
./solvers/mathsat/run.sh: line 3: 430853 Killed                  ./mathsat ../$1
QF_NRA/meti-tarski/exp/problem/10/3/weak/exp-problem-10-3-weak-chunk-0113.smt2 : 1800062 ms.
--------------------------------------------------
unsat
QF_NRA/meti-tarski/exp/problem/10/3/weak/exp-problem-10-3-weak-chunk-0114.smt2 : 38 ms.
--------------------------------------------------
unsat
QF_NRA/meti-tarski/exp/problem/10/3/weak/exp-problem-10-3-weak-chunk-0115.smt2 : 34 ms.
--------------------------------------------------
sat
QF_NRA/meti-tarski/exp/problem/10/3/weak/exp-problem-10-3-weak-chunk-0116.smt2 : 25 ms.
--------------------------------------------------
./solvers/mathsat/run.sh: line 3: 431507 Killed                  ./mathsat ../$1
QF_NRA/meti-tarski/exp/problem/10/3/weak/exp-problem-10-3-weak-chunk-0117.smt2 : 1800117 ms.
--------------------------------------------------
unsat
QF_NRA/meti-tarski/exp/problem/10/3/weak/exp-problem-10-3-weak-chunk-0118.smt2 : 42 ms.
--------------------------------------------------
./solvers/mathsat/run.sh: line 3: 432361 Killed                  ./mathsat ../$1
QF_NRA/meti-tarski/exp/problem/10/3/weak/exp-problem-10-3-weak-chunk-0119.smt2 : 1800431 ms.
--------------------------------------------------
unsat
QF_NRA/meti-tarski/exp/problem/10/3/weak/exp-problem-10-3-weak-chunk-0120.smt2 : 35 ms.
--------------------------------------------------
unsat
QF_NRA/meti-tarski/exp/problem/10/3/weak/exp-problem-10-3-weak-chunk-0121.smt2 : 27 ms.
--------------------------------------------------
sat
QF_NRA/meti-tarski/exp/problem/10/3/weak/exp-problem-10-3-weak-chunk-0122.smt2 : 26 ms.
--------------------------------------------------
./solvers/mathsat/run.sh: line 3: 433137 Killed                  ./mathsat ../$1
QF_NRA/meti-tarski/exp/problem/10/3/weak/exp-problem-10-3-weak-chunk-0123.smt2 : 1800257 ms.
--------------------------------------------------
sat
QF_NRA/meti-tarski/exp/problem/10/3/weak/exp-problem-10-3-weak-chunk-0124.smt2 : 31 ms.
--------------------------------------------------
unsat
QF_NRA/meti-tarski/exp/problem/10/3/weak/exp-problem-10-3-weak-chunk-0125.smt2 : 34 ms.
--------------------------------------------------
./solvers/mathsat/run.sh: line 3: 433981 Killed                  ./mathsat ../$1
QF_NRA/meti-tarski/exp/problem/10/3/weak/exp-problem-10-3-weak-chunk-0126.smt2 : 1800050 ms.
--------------------------------------------------
sat
QF_NRA/meti-tarski/exp/problem/10/3/weak/exp-problem-10-3-weak-chunk-0127.smt2 : 46 ms.
--------------------------------------------------
./solvers/mathsat/run.sh: line 3: 434649 Killed                  ./mathsat ../$1
QF_NRA/meti-tarski/exp/problem/10/3/weak/exp-problem-10-3-weak-chunk-0128.smt2 : 1800048 ms.
--------------------------------------------------
unsat
QF_NRA/meti-tarski/exp/problem/10/3/weak/exp-problem-10-3-weak-chunk-0129.smt2 : 235 ms.
--------------------------------------------------
./solvers/mathsat/run.sh: line 3: 435360 Killed                  ./mathsat ../$1
QF_NRA/meti-tarski/exp/problem/10/3/weak/exp-problem-10-3-weak-chunk-0130.smt2 : 1800083 ms.
--------------------------------------------------
unsat
QF_NRA/meti-tarski/exp/problem/10/3/weak/exp-problem-10-3-weak-chunk-0131.smt2 : 45 ms.
--------------------------------------------------
unsat
QF_NRA/meti-tarski/exp/problem/10/3/weak/exp-problem-10-3-weak-chunk-0132.smt2 : 4860 ms.
--------------------------------------------------
sat
QF_NRA/meti-tarski/exp/problem/10/3/weak/exp-problem-10-3-weak-chunk-0133.smt2 : 44 ms.
--------------------------------------------------
./solvers/mathsat/run.sh: line 3: 436288 Killed                  ./mathsat ../$1
QF_NRA/meti-tarski/exp/problem/10/3/weak/exp-problem-10-3-weak-chunk-0134.smt2 : 1800051 ms.
--------------------------------------------------
unsat
QF_NRA/meti-tarski/exp/problem/10/3/weak/exp-problem-10-3-weak-chunk-0135.smt2 : 7385 ms.
--------------------------------------------------
./solvers/mathsat/run.sh: line 3: 436884 Killed                  ./mathsat ../$1
QF_NRA/meti-tarski/exp/problem/10/3/weak/exp-problem-10-3-weak-chunk-0136.smt2 : 1800306 ms.
--------------------------------------------------
sat
QF_NRA/meti-tarski/exp/problem/10/3/weak/exp-problem-10-3-weak-chunk-0137.smt2 : 510 ms.
--------------------------------------------------
./solvers/mathsat/run.sh: line 3: 437365 Killed                  ./mathsat ../$1
QF_NRA/meti-tarski/exp/problem/10/3/weak/exp-problem-10-3-weak-chunk-0138.smt2 : 1800206 ms.
--------------------------------------------------
./solvers/mathsat/run.sh: line 3: 437876 Killed                  ./mathsat ../$1
QF_NRA/meti-tarski/exp/problem/10/3/weak/exp-problem-10-3-weak-chunk-0139.smt2 : 1800090 ms.
--------------------------------------------------
./solvers/mathsat/run.sh: line 3: 438370 Killed                  ./mathsat ../$1
QF_NRA/meti-tarski/exp/problem/10/3/weak/exp-problem-10-3-weak-chunk-0140.smt2 : 1800117 ms.
--------------------------------------------------
sat
QF_NRA/meti-tarski/exp/problem/10/3/weak/exp-problem-10-3-weak-chunk-0141.smt2 : 34 ms.
--------------------------------------------------
./solvers/mathsat/run.sh: line 3: 438851 Killed                  ./mathsat ../$1
QF_NRA/meti-tarski/exp/problem/10/3/weak/exp-problem-10-3-weak-chunk-0142.smt2 : 1800121 ms.
--------------------------------------------------
./solvers/mathsat/run.sh: line 3: 439310 Killed                  ./mathsat ../$1
QF_NRA/meti-tarski/exp/problem/10/3/weak/exp-problem-10-3-weak-chunk-0143.smt2 : 1800090 ms.
--------------------------------------------------
sat
QF_NRA/meti-tarski/exp/problem/10/3/weak/exp-problem-10-3-weak-chunk-0144.smt2 : 34 ms.
--------------------------------------------------
./solvers/mathsat/run.sh: line 3: 439712 Killed                  ./mathsat ../$1
QF_NRA/meti-tarski/exp/problem/10/3/weak/exp-problem-10-3-weak-chunk-0145.smt2 : 1800071 ms.
--------------------------------------------------
./solvers/mathsat/run.sh: line 3: 440155 Killed                  ./mathsat ../$1
QF_NRA/meti-tarski/exp/problem/10/3/weak/exp-problem-10-3-weak-chunk-0146.smt2 : 1800085 ms.
--------------------------------------------------
unsat
QF_NRA/meti-tarski/exp/problem/10/3/weak/exp-problem-10-3-weak-chunk-0147.smt2 : 30 ms.
--------------------------------------------------
sat
QF_NRA/meti-tarski/exp/problem/10/3/weak/exp-problem-10-3-weak-chunk-0148.smt2 : 25 ms.
--------------------------------------------------
unsat
QF_NRA/meti-tarski/exp/problem/10/3/weak/exp-problem-10-3-weak-chunk-0149.smt2 : 33 ms.
--------------------------------------------------
sat
QF_NRA/meti-tarski/exp/problem/10/3/weak/exp-problem-10-3-weak-chunk-0150.smt2 : 24 ms.
--------------------------------------------------
unsat
QF_NRA/meti-tarski/exp/problem/10/3/weak/exp-problem-10-3-weak-chunk-0151.smt2 : 32 ms.
--------------------------------------------------
sat
QF_NRA/meti-tarski/exp/problem/10/3/weak/exp-problem-10-3-weak-chunk-0152.smt2 : 23 ms.
--------------------------------------------------
unsat
QF_NRA/meti-tarski/exp/problem/10/3/weak/exp-problem-10-3-weak-chunk-0153.smt2 : 31 ms.
--------------------------------------------------
sat
QF_NRA/meti-tarski/exp/problem/10/3/weak/exp-problem-10-3-weak-chunk-0154.smt2 : 23 ms.
--------------------------------------------------
unsat
QF_NRA/meti-tarski/exp/problem/10/3/weak/exp-problem-10-3-weak-chunk-0155.smt2 : 29 ms.
--------------------------------------------------
sat
QF_NRA/meti-tarski/exp/problem/10/3/weak/exp-problem-10-3-weak-chunk-0156.smt2 : 23 ms.
--------------------------------------------------
unsat
QF_NRA/meti-tarski/exp/problem/10/3/weak/exp-problem-10-3-weak-chunk-0157.smt2 : 30 ms.
--------------------------------------------------
sat
QF_NRA/meti-tarski/exp/problem/10/3/weak/exp-problem-10-3-weak-chunk-0158.smt2 : 23 ms.
--------------------------------------------------
unsat
QF_NRA/meti-tarski/exp/problem/10/3/weak/exp-problem-10-3-weak-chunk-0159.smt2 : 30 ms.
--------------------------------------------------
sat
QF_NRA/meti-tarski/exp/problem/10/3/weak/exp-problem-10-3-weak-chunk-0160.smt2 : 22 ms.
--------------------------------------------------
./solvers/mathsat/run.sh: line 3: 440629 Killed                  ./mathsat ../$1
QF_NRA/meti-tarski/exp/problem/10/3/weak/exp-problem-10-3-weak-chunk-0161.smt2 : 1800084 ms.
--------------------------------------------------
sat
QF_NRA/meti-tarski/exp/problem/10/3/weak/exp-problem-10-3-weak-chunk-0162.smt2 : 32 ms.
--------------------------------------------------
unsat
QF_NRA/meti-tarski/exp/problem/10/3/weak/exp-problem-10-3-weak-chunk-0163.smt2 : 35 ms.
--------------------------------------------------
sat
QF_NRA/meti-tarski/exp/problem/10/3/weak/exp-problem-10-3-weak-chunk-0164.smt2 : 26 ms.
--------------------------------------------------
unsat
QF_NRA/meti-tarski/exp/problem/10/3/weak/exp-problem-10-3-weak-chunk-0165.smt2 : 34 ms.
--------------------------------------------------
sat
QF_NRA/meti-tarski/exp/problem/10/3/weak/exp-problem-10-3-weak-chunk-0166.smt2 : 25 ms.
--------------------------------------------------
unsat
QF_NRA/meti-tarski/exp/problem/10/3/weak/exp-problem-10-3-weak-chunk-0167.smt2 : 32 ms.
--------------------------------------------------
sat
QF_NRA/meti-tarski/exp/problem/10/3/weak/exp-problem-10-3-weak-chunk-0168.smt2 : 26 ms.
--------------------------------------------------
unsat
QF_NRA/meti-tarski/exp/problem/10/3/weak/exp-problem-10-3-weak-chunk-0169.smt2 : 34 ms.
--------------------------------------------------
sat
QF_NRA/meti-tarski/exp/problem/10/3/weak/exp-problem-10-3-weak-chunk-0170.smt2 : 25 ms.
--------------------------------------------------
unsat
QF_NRA/meti-tarski/exp/problem/10/3/weak/exp-problem-10-3-weak-chunk-0171.smt2 : 30 ms.
--------------------------------------------------
sat
QF_NRA/meti-tarski/exp/problem/10/3/weak/exp-problem-10-3-weak-chunk-0172.smt2 : 27 ms.
--------------------------------------------------
unsat
QF_NRA/meti-tarski/exp/problem/10/3/weak/exp-problem-10-3-weak-chunk-0173.smt2 : 37 ms.
--------------------------------------------------
sat
QF_NRA/meti-tarski/exp/problem/10/3/weak/exp-problem-10-3-weak-chunk-0174.smt2 : 26 ms.
--------------------------------------------------
unsat
QF_NRA/meti-tarski/exp/problem/10/3/weak/exp-problem-10-3-weak-chunk-0175.smt2 : 30 ms.
--------------------------------------------------
sat
QF_NRA/meti-tarski/exp/problem/10/3/weak/exp-problem-10-3-weak-chunk-0176.smt2 : 25 ms.
--------------------------------------------------
unsat
QF_NRA/meti-tarski/exp/problem/10/3/weak/exp-problem-10-3-weak-chunk-0177.smt2 : 33 ms.
--------------------------------------------------
sat
QF_NRA/meti-tarski/exp/problem/10/3/weak/exp-problem-10-3-weak-chunk-0178.smt2 : 41 ms.
--------------------------------------------------
unsat
QF_NRA/meti-tarski/exp/problem/10/3/weak/exp-problem-10-3-weak-chunk-0179.smt2 : 30 ms.
--------------------------------------------------
sat
QF_NRA/meti-tarski/exp/problem/10/3/weak/exp-problem-10-3-weak-chunk-0180.smt2 : 25 ms.
--------------------------------------------------
unsat
QF_NRA/meti-tarski/exp/problem/10/3/weak/exp-problem-10-3-weak-chunk-0181.smt2 : 23 ms.
--------------------------------------------------
sat
QF_NRA/meti-tarski/exp/problem/10/3/weak/exp-problem-10-3-weak-chunk-0182.smt2 : 32 ms.
--------------------------------------------------
unsat
QF_NRA/meti-tarski/exp/problem/10/3/weak/exp-problem-10-3-weak-chunk-0183.smt2 : 29 ms.
--------------------------------------------------
unsat
QF_NRA/meti-tarski/exp/problem/10/3/weak/exp-problem-10-3-weak-chunk-0184.smt2 : 30 ms.
--------------------------------------------------
./solvers/mathsat/run.sh: line 3: 441095 Killed                  ./mathsat ../$1
QF_NRA/meti-tarski/exp/problem/10/3/weak/exp-problem-10-3-weak-chunk-0185.smt2 : 1800082 ms.
--------------------------------------------------
unsat
QF_NRA/meti-tarski/exp/problem/10/3/weak/exp-problem-10-3-weak-chunk-0186.smt2 : 82 ms.
--------------------------------------------------
./solvers/mathsat/run.sh: line 3: 441555 Killed                  ./mathsat ../$1
QF_NRA/meti-tarski/exp/problem/10/3/weak/exp-problem-10-3-weak-chunk-0187.smt2 : 1800071 ms.
--------------------------------------------------
unsat
QF_NRA/meti-tarski/exp/problem/10/3/weak/exp-problem-10-3-weak-chunk-0188.smt2 : 44 ms.
--------------------------------------------------
unsat
QF_NRA/meti-tarski/exp/problem/10/3/weak/exp-problem-10-3-weak-chunk-0189.smt2 : 41 ms.
--------------------------------------------------
sat
QF_NRA/meti-tarski/exp/problem/10/3/weak/exp-problem-10-3-weak-chunk-0190.smt2 : 25 ms.
--------------------------------------------------
./solvers/mathsat/run.sh: line 3: 441942 Killed                  ./mathsat ../$1
QF_NRA/meti-tarski/exp/problem/10/3/weak/exp-problem-10-3-weak-chunk-0191.smt2 : 1800117 ms.
--------------------------------------------------
unsat
QF_NRA/meti-tarski/exp/problem/10/3/weak/exp-problem-10-3-weak-chunk-0192.smt2 : 42 ms.
--------------------------------------------------
./solvers/mathsat/run.sh: line 3: 442292 Killed                  ./mathsat ../$1
QF_NRA/meti-tarski/exp/problem/10/3/weak/exp-problem-10-3-weak-chunk-0193.smt2 : 1800054 ms.
--------------------------------------------------
./solvers/mathsat/run.sh: line 3: 442632 Killed                  ./mathsat ../$1
QF_NRA/meti-tarski/exp/problem/10/3/weak/exp-problem-10-3-weak-chunk-0194.smt2 : 1800045 ms.
--------------------------------------------------
sat
QF_NRA/meti-tarski/exp/problem/10/3/weak/exp-problem-10-3-weak-chunk-0195.smt2 : 56 ms.
--------------------------------------------------
./solvers/mathsat/run.sh: line 3: 443081 Killed                  ./mathsat ../$1
QF_NRA/meti-tarski/exp/problem/10/3/weak/exp-problem-10-3-weak-chunk-0196.smt2 : 1800056 ms.
--------------------------------------------------
unsat
QF_NRA/meti-tarski/exp/problem/10/3/weak/exp-problem-10-3-weak-chunk-0197.smt2 : 361 ms.
--------------------------------------------------
./solvers/mathsat/run.sh: line 3: 443502 Killed                  ./mathsat ../$1
QF_NRA/meti-tarski/exp/problem/10/3/weak/exp-problem-10-3-weak-chunk-0198.smt2 : 1800052 ms.
--------------------------------------------------
unsat
QF_NRA/meti-tarski/exp/problem/10/3/weak/exp-problem-10-3-weak-chunk-0199.smt2 : 33 ms.
--------------------------------------------------
sat
QF_NRA/meti-tarski/exp/problem/10/3/weak/exp-problem-10-3-weak-chunk-0201.smt2 : 32 ms.
--------------------------------------------------
./solvers/mathsat/run.sh: line 3: 443853 Killed                  ./mathsat ../$1
QF_NRA/meti-tarski/exp/problem/10/3/weak/exp-problem-10-3-weak-chunk-0202.smt2 : 1800118 ms.
--------------------------------------------------
unsat
QF_NRA/meti-tarski/exp/problem/10/3/weak/exp-problem-10-3-weak-chunk-0204.smt2 : 56 ms.
--------------------------------------------------
unsat
QF_NRA/meti-tarski/exp/problem/10/3/weak/exp-problem-10-3-weak-chunk-0205.smt2 : 35 ms.
--------------------------------------------------
./solvers/mathsat/run.sh: line 3: 444205 Killed                  ./mathsat ../$1
QF_NRA/meti-tarski/exp/problem/10/3/weak/exp-problem-10-3-weak-chunk-0207.smt2 : 1800083 ms.
--------------------------------------------------
./solvers/mathsat/run.sh: line 3: 444540 Killed                  ./mathsat ../$1
QF_NRA/meti-tarski/exp/problem/10/3/weak/exp-problem-10-3-weak-chunk-0211.smt2 : 1800118 ms.
--------------------------------------------------
./solvers/mathsat/run.sh: line 3: 444894 Killed                  ./mathsat ../$1
QF_NRA/meti-tarski/exp/problem/10/3/weak/exp-problem-10-3-weak-chunk-0212.smt2 : 1800119 ms.
--------------------------------------------------
unsat
QF_NRA/meti-tarski/exp/problem/10/3/weak/exp-problem-10-3-weak-chunk-0213.smt2 : 99 ms.
--------------------------------------------------
sat
QF_NRA/meti-tarski/exp/problem/10/3/weak/exp-problem-10-3-weak-chunk-0214.smt2 : 27 ms.
--------------------------------------------------
unsat
QF_NRA/meti-tarski/exp/problem/10/3/weak/exp-problem-10-3-weak-chunk-0215.smt2 : 37 ms.
--------------------------------------------------
unsat
QF_NRA/meti-tarski/exp/problem/10/3/weak/exp-problem-10-3-weak-chunk-0216.smt2 : 28 ms.
--------------------------------------------------
./solvers/mathsat/run.sh: line 3: 445225 Killed                  ./mathsat ../$1
QF_NRA/meti-tarski/exp/problem/10/3/weak/exp-problem-10-3-weak-chunk-0218.smt2 : 1800096 ms.
--------------------------------------------------
sat
QF_NRA/meti-tarski/exp/problem/10/3/weak/exp-problem-10-3-weak-chunk-0219.smt2 : 61 ms.
