--------------------------------------------------
./solvers/mathsat/run.sh: line 3: 383339 Killed                  ./mathsat ../$1
QF_NRA/meti-tarski/exp/problem/10/3/weak/exp-problem-10-3-weak-chunk-0220.smt2 : 1800046 ms.
--------------------------------------------------
unsat
QF_NRA/meti-tarski/exp/problem/10/3/weak/exp-problem-10-3-weak-chunk-0221.smt2 : 1107 ms.
--------------------------------------------------
./solvers/mathsat/run.sh: line 3: 397352 Killed                  ./mathsat ../$1
QF_NRA/meti-tarski/exp/problem/10/3/weak/exp-problem-10-3-weak-chunk-0222.smt2 : 1800124 ms.
--------------------------------------------------
unsat
QF_NRA/meti-tarski/exp/problem/10/3/weak/exp-problem-10-3-weak-chunk-0223.smt2 : 55 ms.
--------------------------------------------------
sat
QF_NRA/meti-tarski/exp/problem/10/3/weak/exp-problem-10-3-weak-chunk-0224.smt2 : 30 ms.
--------------------------------------------------
./solvers/mathsat/run.sh: line 3: 401061 Killed                  ./mathsat ../$1
QF_NRA/meti-tarski/exp/problem/10/3/weak/exp-problem-10-3-weak-chunk-0225.smt2 : 1800071 ms.
--------------------------------------------------
unsat
QF_NRA/meti-tarski/exp/problem/10/3/weak/exp-problem-10-3-weak-chunk-0226.smt2 : 57 ms.
--------------------------------------------------
./solvers/mathsat/run.sh: line 3: 403599 Killed                  ./mathsat ../$1
QF_NRA/meti-tarski/exp/problem/10/3/weak/exp-problem-10-3-weak-chunk-0227.smt2 : 1800044 ms.
--------------------------------------------------
./solvers/mathsat/run.sh: line 3: 406285 Killed                  ./mathsat ../$1
QF_NRA/meti-tarski/exp/problem/10/3/weak/exp-problem-10-3-weak-chunk-0230.smt2 : 1801453 ms.
--------------------------------------------------
sat
QF_NRA/meti-tarski/exp/problem/10/3/weak/exp-problem-10-3-weak-chunk-0231.smt2 : 463 ms.
--------------------------------------------------
./solvers/mathsat/run.sh: line 3: 408238 Killed                  ./mathsat ../$1
QF_NRA/meti-tarski/exp/problem/10/3/weak/exp-problem-10-3-weak-chunk-0232.smt2 : 1801118 ms.
--------------------------------------------------
unsat
QF_NRA/meti-tarski/exp/problem/10/3/weak/exp-problem-10-3-weak-chunk-0233.smt2 : 35 ms.
