--------------------------------------------------
sat
QF_NRA/meti-tarski/polypaver/sqrt43-int/3vars/polypaver-sqrt43-int-3vars-chunk-0017.smt2 : 30 ms.
--------------------------------------------------
sat
QF_NRA/meti-tarski/polypaver/sqrt43-int/3vars/polypaver-sqrt43-int-3vars-chunk-0019.smt2 : 25 ms.
--------------------------------------------------
sat
QF_NRA/meti-tarski/polypaver/sqrt43-int/3vars/polypaver-sqrt43-int-3vars-chunk-0020.smt2 : 29 ms.
--------------------------------------------------
sat
QF_NRA/meti-tarski/polypaver/sqrt43-int/3vars/polypaver-sqrt43-int-3vars-chunk-0022.smt2 : 30 ms.
--------------------------------------------------
unsat
QF_NRA/meti-tarski/polypaver/sqrt43-int/3vars/polypaver-sqrt43-int-3vars-chunk-0023.smt2 : 34 ms.
--------------------------------------------------
sat
QF_NRA/meti-tarski/polypaver/sqrt43-int/3vars/polypaver-sqrt43-int-3vars-chunk-0025.smt2 : 43 ms.
--------------------------------------------------
sat
QF_NRA/meti-tarski/polypaver/sqrt43-int/3vars/polypaver-sqrt43-int-3vars-chunk-0026.smt2 : 46 ms.
--------------------------------------------------
unsat
QF_NRA/meti-tarski/polypaver/sqrt43-int/3vars/polypaver-sqrt43-int-3vars-chunk-0027.smt2 : 38 ms.
--------------------------------------------------
sat
QF_NRA/meti-tarski/polypaver/sqrt43-int/3vars/polypaver-sqrt43-int-3vars-chunk-0028.smt2 : 32 ms.
--------------------------------------------------
sat
QF_NRA/meti-tarski/polypaver/sqrt43-int/3vars/polypaver-sqrt43-int-3vars-chunk-0029.smt2 : 51 ms.
--------------------------------------------------
sat
QF_NRA/meti-tarski/polypaver/sqrt43-int/3vars/polypaver-sqrt43-int-3vars-chunk-0030.smt2 : 35 ms.
--------------------------------------------------
sat
QF_NRA/meti-tarski/polypaver/sqrt43-int/3vars/polypaver-sqrt43-int-3vars-chunk-0031.smt2 : 43 ms.
--------------------------------------------------
unsat
QF_NRA/meti-tarski/polypaver/sqrt43-int/3vars/polypaver-sqrt43-int-3vars-chunk-0032.smt2 : 61 ms.
--------------------------------------------------
sat
QF_NRA/meti-tarski/polypaver/sqrt43-int/3vars/polypaver-sqrt43-int-3vars-chunk-0033.smt2 : 31 ms.
--------------------------------------------------
sat
QF_NRA/meti-tarski/polypaver/sqrt43-int/3vars/polypaver-sqrt43-int-3vars-chunk-0034.smt2 : 34 ms.
--------------------------------------------------
./solvers/mathsat/run.sh: line 3: 386055 Killed                  ./mathsat ../$1
QF_NRA/meti-tarski/polypaver/sqrt43-int/3vars/polypaver-sqrt43-int-3vars-chunk-0036.smt2 : 1800047 ms.
--------------------------------------------------
unsat
QF_NRA/meti-tarski/polypaver/sqrt43-int/3vars/polypaver-sqrt43-int-3vars-chunk-0038.smt2 : 26 ms.
--------------------------------------------------
./solvers/mathsat/run.sh: line 3: 397079 Killed                  ./mathsat ../$1
QF_NRA/meti-tarski/polypaver/sqrt43-int/3vars/polypaver-sqrt43-int-3vars-chunk-0040.smt2 : 1800067 ms.
--------------------------------------------------
sat
QF_NRA/meti-tarski/polypaver/sqrt43-int/3vars/polypaver-sqrt43-int-3vars-chunk-0041.smt2 : 39 ms.
--------------------------------------------------
unsat
QF_NRA/meti-tarski/polypaver/sqrt43-int/3vars/polypaver-sqrt43-int-3vars-chunk-0043.smt2 : 30 ms.
--------------------------------------------------
unsat
QF_NRA/meti-tarski/polypaver/sqrt43-int/3vars/polypaver-sqrt43-int-3vars-chunk-0045.smt2 : 38 ms.
--------------------------------------------------
./solvers/mathsat/run.sh: line 3: 400637 Killed                  ./mathsat ../$1
QF_NRA/meti-tarski/polypaver/sqrt43-int/3vars/polypaver-sqrt43-int-3vars-chunk-0046.smt2 : 1800051 ms.
--------------------------------------------------
unsat
QF_NRA/meti-tarski/polypaver/sqrt43-int/3vars/polypaver-sqrt43-int-3vars-chunk-0048.smt2 : 16647 ms.
--------------------------------------------------
unsat
QF_NRA/meti-tarski/polypaver/sqrt43-int/3vars/polypaver-sqrt43-int-3vars-chunk-0049.smt2 : 35 ms.
--------------------------------------------------
sat
QF_NRA/meti-tarski/polypaver/sqrt43-int/3vars/polypaver-sqrt43-int-3vars-chunk-0067.smt2 : 27 ms.
--------------------------------------------------
sat
QF_NRA/meti-tarski/polypaver/sqrt43-int/3vars/polypaver-sqrt43-int-3vars-chunk-0069.smt2 : 24 ms.
--------------------------------------------------
sat
QF_NRA/meti-tarski/polypaver/sqrt43-int/3vars/polypaver-sqrt43-int-3vars-chunk-0070.smt2 : 27 ms.
--------------------------------------------------
sat
QF_NRA/meti-tarski/polypaver/sqrt43-int/3vars/polypaver-sqrt43-int-3vars-chunk-0072.smt2 : 24 ms.
--------------------------------------------------
unsat
QF_NRA/meti-tarski/polypaver/sqrt43-int/3vars/polypaver-sqrt43-int-3vars-chunk-0073.smt2 : 31 ms.
--------------------------------------------------
sat
QF_NRA/meti-tarski/polypaver/sqrt43-int/3vars/polypaver-sqrt43-int-3vars-chunk-0075.smt2 : 32 ms.
--------------------------------------------------
sat
QF_NRA/meti-tarski/polypaver/sqrt43-int/3vars/polypaver-sqrt43-int-3vars-chunk-0076.smt2 : 31 ms.
--------------------------------------------------
unsat
QF_NRA/meti-tarski/polypaver/sqrt43-int/3vars/polypaver-sqrt43-int-3vars-chunk-0077.smt2 : 37 ms.
--------------------------------------------------
sat
QF_NRA/meti-tarski/polypaver/sqrt43-int/3vars/polypaver-sqrt43-int-3vars-chunk-0078.smt2 : 31 ms.
--------------------------------------------------
sat
QF_NRA/meti-tarski/polypaver/sqrt43-int/3vars/polypaver-sqrt43-int-3vars-chunk-0079.smt2 : 39 ms.
--------------------------------------------------
sat
QF_NRA/meti-tarski/polypaver/sqrt43-int/3vars/polypaver-sqrt43-int-3vars-chunk-0080.smt2 : 31 ms.
--------------------------------------------------
sat
QF_NRA/meti-tarski/polypaver/sqrt43-int/3vars/polypaver-sqrt43-int-3vars-chunk-0081.smt2 : 31 ms.
--------------------------------------------------
unsat
QF_NRA/meti-tarski/polypaver/sqrt43-int/3vars/polypaver-sqrt43-int-3vars-chunk-0082.smt2 : 43 ms.
--------------------------------------------------
sat
QF_NRA/meti-tarski/polypaver/sqrt43-int/3vars/polypaver-sqrt43-int-3vars-chunk-0083.smt2 : 34 ms.
--------------------------------------------------
sat
QF_NRA/meti-tarski/polypaver/sqrt43-int/3vars/polypaver-sqrt43-int-3vars-chunk-0084.smt2 : 33 ms.
--------------------------------------------------
./solvers/mathsat/run.sh: line 3: 404515 Killed                  ./mathsat ../$1
QF_NRA/meti-tarski/polypaver/sqrt43-int/3vars/polypaver-sqrt43-int-3vars-chunk-0086.smt2 : 1800045 ms.
--------------------------------------------------
unsat
QF_NRA/meti-tarski/polypaver/sqrt43-int/3vars/polypaver-sqrt43-int-3vars-chunk-0088.smt2 : 35 ms.
--------------------------------------------------
./solvers/mathsat/run.sh: line 3: 406782 Killed                  ./mathsat ../$1
QF_NRA/meti-tarski/polypaver/sqrt43-int/3vars/polypaver-sqrt43-int-3vars-chunk-0090.smt2 : 1800329 ms.
--------------------------------------------------
./solvers/mathsat/run.sh: line 3: 408354 Killed                  ./mathsat ../$1
QF_NRA/meti-tarski/polypaver/sqrt43-int/3vars/polypaver-sqrt43-int-3vars-chunk-0092.smt2 : 1800074 ms.
--------------------------------------------------
sat
QF_NRA/meti-tarski/polypaver/sqrt43-int/3vars/polypaver-sqrt43-int-3vars-chunk-0093.smt2 : 38 ms.
--------------------------------------------------
./solvers/mathsat/run.sh: line 3: 410563 Killed                  ./mathsat ../$1
QF_NRA/meti-tarski/polypaver/sqrt43-int/3vars/polypaver-sqrt43-int-3vars-chunk-0094.smt2 : 1800093 ms.
--------------------------------------------------
unsat
QF_NRA/meti-tarski/polypaver/sqrt43-int/3vars/polypaver-sqrt43-int-3vars-chunk-0096.smt2 : 35 ms.
--------------------------------------------------
./solvers/mathsat/run.sh: line 3: 412947 Killed                  ./mathsat ../$1
QF_NRA/meti-tarski/polypaver/sqrt43-int/3vars/polypaver-sqrt43-int-3vars-chunk-0098.smt2 : 1800341 ms.
--------------------------------------------------
./solvers/mathsat/run.sh: line 3: 414312 Killed                  ./mathsat ../$1
QF_NRA/meti-tarski/polypaver/sqrt43-int/3vars/polypaver-sqrt43-int-3vars-chunk-0099.smt2 : 1800221 ms.
--------------------------------------------------
unsat
QF_NRA/meti-tarski/polypaver/sqrt43-int/3vars/polypaver-sqrt43-int-3vars-chunk-0101.smt2 : 35 ms.
--------------------------------------------------
unsat
QF_NRA/meti-tarski/polypaver/sqrt43-int/3vars/polypaver-sqrt43-int-3vars-chunk-0103.smt2 : 27 ms.
--------------------------------------------------
unsat
QF_NRA/meti-tarski/polypaver/sqrt43-int/3vars/polypaver-sqrt43-int-3vars-chunk-0105.smt2 : 28 ms.
--------------------------------------------------
./solvers/mathsat/run.sh: line 3: 415619 Killed                  ./mathsat ../$1
QF_NRA/meti-tarski/polypaver/sqrt43-int/3vars/polypaver-sqrt43-int-3vars-chunk-0106.smt2 : 1800077 ms.
--------------------------------------------------
./solvers/mathsat/run.sh: line 3: 416878 Killed                  ./mathsat ../$1
QF_NRA/meti-tarski/polypaver/sqrt43-int/3vars/polypaver-sqrt43-int-3vars-chunk-0108.smt2 : 1800075 ms.
--------------------------------------------------
unsat
QF_NRA/meti-tarski/polypaver/sqrt43-int/3vars/polypaver-sqrt43-int-3vars-chunk-0109.smt2 : 35 ms.
--------------------------------------------------
unsat
QF_NRA/meti-tarski/polypaver/sqrt43-int/3vars/polypaver-sqrt43-int-3vars-chunk-0112.smt2 : 28 ms.
--------------------------------------------------
./solvers/mathsat/run.sh: line 3: 418161 Killed                  ./mathsat ../$1
QF_NRA/meti-tarski/polypaver/sqrt43-int/3vars/polypaver-sqrt43-int-3vars-chunk-0114.smt2 : 1800067 ms.
--------------------------------------------------
./solvers/mathsat/run.sh: line 3: 419131 Killed                  ./mathsat ../$1
QF_NRA/meti-tarski/polypaver/sqrt43-int/3vars/polypaver-sqrt43-int-3vars-chunk-0115.smt2 : 1800068 ms.
--------------------------------------------------
unsat
QF_NRA/meti-tarski/polypaver/sqrt43-int/3vars/polypaver-sqrt43-int-3vars-chunk-0118.smt2 : 34 ms.
--------------------------------------------------
./solvers/mathsat/run.sh: line 3: 420853 Killed                  ./mathsat ../$1
QF_NRA/meti-tarski/polypaver/sqrt43-int/3vars/polypaver-sqrt43-int-3vars-chunk-0119.smt2 : 1800077 ms.
--------------------------------------------------
./solvers/mathsat/run.sh: line 3: 421775 Killed                  ./mathsat ../$1
QF_NRA/meti-tarski/polypaver/sqrt43-int/3vars/polypaver-sqrt43-int-3vars-chunk-0121.smt2 : 1800112 ms.
--------------------------------------------------
unsat
QF_NRA/meti-tarski/polypaver/sqrt43-int/3vars/polypaver-sqrt43-int-3vars-chunk-0123.smt2 : 39 ms.
--------------------------------------------------
./solvers/mathsat/run.sh: line 3: 422678 Killed                  ./mathsat ../$1
QF_NRA/meti-tarski/polypaver/sqrt43-int/3vars/polypaver-sqrt43-int-3vars-chunk-0125.smt2 : 1800108 ms.
--------------------------------------------------
unsat
QF_NRA/meti-tarski/polypaver/sqrt43-int/3vars/polypaver-sqrt43-int-3vars-chunk-0126.smt2 : 33 ms.
--------------------------------------------------
unsat
QF_NRA/meti-tarski/polypaver/sqrt43-int/3vars/polypaver-sqrt43-int-3vars-chunk-0128.smt2 : 44 ms.
--------------------------------------------------
./solvers/mathsat/run.sh: line 3: 423611 Killed                  ./mathsat ../$1
QF_NRA/meti-tarski/polypaver/sqrt43-int/3vars/polypaver-sqrt43-int-3vars-chunk-0129.smt2 : 1800116 ms.
--------------------------------------------------
./solvers/mathsat/run.sh: line 3: 424576 Killed                  ./mathsat ../$1
QF_NRA/meti-tarski/polypaver/sqrt43-int/3vars/polypaver-sqrt43-int-3vars-chunk-0131.smt2 : 1800050 ms.
--------------------------------------------------
unsat
QF_NRA/meti-tarski/polypaver/sqrt43-int/3vars/polypaver-sqrt43-int-3vars-chunk-0132.smt2 : 41 ms.
