--------------------------------------------------
unsat
QF_NRA/hycomp/ball_count_2d_hill.01.seq_lazy_global_2.smt2 : 44 ms.
--------------------------------------------------
unsat
QF_NRA/hycomp/ball_count_2d_hill.01.seq_lazy_global_3.smt2 : 38 ms.
--------------------------------------------------
./solvers/mathsat/run.sh: line 3: 382154 Killed                  ./mathsat ../$1
QF_NRA/hycomp/ball_count_2d_hill.01.seq_lazy_global_4.smt2 : 1800096 ms.
--------------------------------------------------
unsat
QF_NRA/hycomp/ball_count_2d_hill.01.seq_lazy_global_5.smt2 : 30 ms.
--------------------------------------------------
./solvers/mathsat/run.sh: line 3: 396017 Killed                  ./mathsat ../$1
QF_NRA/hycomp/ball_count_2d_hill.01.seq_lazy_global_6.smt2 : 1800246 ms.
--------------------------------------------------
unsat
QF_NRA/hycomp/ball_count_2d_hill.01.seq_lazy_global_7.smt2 : 213 ms.
--------------------------------------------------
./solvers/mathsat/run.sh: line 3: 400146 Killed                  ./mathsat ../$1
QF_NRA/hycomp/ball_count_2d_hill.01.seq_lazy_global_8.smt2 : 1800197 ms.
--------------------------------------------------
unsat
QF_NRA/hycomp/ball_count_2d_hill.01.seq_lazy_global_9.smt2 : 38 ms.
--------------------------------------------------
unsat
QF_NRA/hycomp/ball_count_2d_hill.01.seq_lazy_lemmas_global_0.smt2 : 32 ms.
--------------------------------------------------
./solvers/mathsat/run.sh: line 3: 403160 Killed                  ./mathsat ../$1
QF_NRA/hycomp/ball_count_2d_hill.01.seq_lazy_lemmas_global_10.smt2 : 1800116 ms.
--------------------------------------------------
unsat
QF_NRA/hycomp/ball_count_2d_hill.01.seq_lazy_lemmas_global_11.smt2 : 47 ms.
--------------------------------------------------
./solvers/mathsat/run.sh: line 3: 406061 Killed                  ./mathsat ../$1
QF_NRA/hycomp/ball_count_2d_hill.01.seq_lazy_lemmas_global_12.smt2 : 1800126 ms.
--------------------------------------------------
unsat
QF_NRA/hycomp/ball_count_2d_hill.01.seq_lazy_lemmas_global_13.smt2 : 51 ms.
--------------------------------------------------
./solvers/mathsat/run.sh: line 3: 407809 Killed                  ./mathsat ../$1
QF_NRA/hycomp/ball_count_2d_hill.01.seq_lazy_lemmas_global_14.smt2 : 1800053 ms.
--------------------------------------------------
unsat
QF_NRA/hycomp/ball_count_2d_hill.01.seq_lazy_lemmas_global_15.smt2 : 53 ms.
--------------------------------------------------
unsat
QF_NRA/hycomp/ball_count_2d_hill.01.seq_lazy_lemmas_global_1.smt2 : 30 ms.
--------------------------------------------------
unsat
QF_NRA/hycomp/ball_count_2d_hill.01.seq_lazy_lemmas_global_2.smt2 : 39 ms.
--------------------------------------------------
unsat
QF_NRA/hycomp/ball_count_2d_hill.01.seq_lazy_lemmas_global_3.smt2 : 34 ms.
--------------------------------------------------
./solvers/mathsat/run.sh: line 3: 409531 Killed                  ./mathsat ../$1
QF_NRA/hycomp/ball_count_2d_hill.01.seq_lazy_lemmas_global_4.smt2 : 1800105 ms.
--------------------------------------------------
unsat
QF_NRA/hycomp/ball_count_2d_hill.01.seq_lazy_lemmas_global_5.smt2 : 35 ms.
--------------------------------------------------
./solvers/mathsat/run.sh: line 3: 411353 Killed                  ./mathsat ../$1
QF_NRA/hycomp/ball_count_2d_hill.01.seq_lazy_lemmas_global_6.smt2 : 1800104 ms.
--------------------------------------------------
unsat
QF_NRA/hycomp/ball_count_2d_hill.01.seq_lazy_lemmas_global_7.smt2 : 41 ms.
--------------------------------------------------
./solvers/mathsat/run.sh: line 3: 413605 Killed                  ./mathsat ../$1
QF_NRA/hycomp/ball_count_2d_hill.01.seq_lazy_lemmas_global_8.smt2 : 1800048 ms.
--------------------------------------------------
unsat
QF_NRA/hycomp/ball_count_2d_hill.01.seq_lazy_lemmas_global_9.smt2 : 40 ms.
--------------------------------------------------
unsat
QF_NRA/hycomp/ball_count_2d_hill.01.seq_lazy_linear_enc_global_0.smt2 : 27 ms.
--------------------------------------------------
./solvers/mathsat/run.sh: line 3: 414980 Killed                  ./mathsat ../$1
QF_NRA/hycomp/ball_count_2d_hill.01.seq_lazy_linear_enc_global_10.smt2 : 1800069 ms.
--------------------------------------------------
unsat
QF_NRA/hycomp/ball_count_2d_hill.01.seq_lazy_linear_enc_global_11.smt2 : 40 ms.
--------------------------------------------------
./solvers/mathsat/run.sh: line 3: 416418 Killed                  ./mathsat ../$1
QF_NRA/hycomp/ball_count_2d_hill.01.seq_lazy_linear_enc_global_12.smt2 : 1800067 ms.
--------------------------------------------------
unsat
QF_NRA/hycomp/ball_count_2d_hill.01.seq_lazy_linear_enc_global_13.smt2 : 46 ms.
--------------------------------------------------
./solvers/mathsat/run.sh: line 3: 417762 Killed                  ./mathsat ../$1
QF_NRA/hycomp/ball_count_2d_hill.01.seq_lazy_linear_enc_global_14.smt2 : 1800118 ms.
--------------------------------------------------
unsat
QF_NRA/hycomp/ball_count_2d_hill.01.seq_lazy_linear_enc_global_15.smt2 : 50 ms.
--------------------------------------------------
unsat
QF_NRA/hycomp/ball_count_2d_hill.01.seq_lazy_linear_enc_global_1.smt2 : 29 ms.
--------------------------------------------------
unsat
QF_NRA/hycomp/ball_count_2d_hill.01.seq_lazy_linear_enc_global_2.smt2 : 33 ms.
--------------------------------------------------
unsat
QF_NRA/hycomp/ball_count_2d_hill.01.seq_lazy_linear_enc_global_3.smt2 : 33 ms.
--------------------------------------------------
./solvers/mathsat/run.sh: line 3: 418867 Killed                  ./mathsat ../$1
QF_NRA/hycomp/ball_count_2d_hill.01.seq_lazy_linear_enc_global_4.smt2 : 1800086 ms.
--------------------------------------------------
unsat
QF_NRA/hycomp/ball_count_2d_hill.01.seq_lazy_linear_enc_global_5.smt2 : 38 ms.
--------------------------------------------------
./solvers/mathsat/run.sh: line 3: 419990 Killed                  ./mathsat ../$1
QF_NRA/hycomp/ball_count_2d_hill.01.seq_lazy_linear_enc_global_6.smt2 : 1800048 ms.
--------------------------------------------------
unsat
QF_NRA/hycomp/ball_count_2d_hill.01.seq_lazy_linear_enc_global_7.smt2 : 42 ms.
--------------------------------------------------
./solvers/mathsat/run.sh: line 3: 421471 Killed                  ./mathsat ../$1
QF_NRA/hycomp/ball_count_2d_hill.01.seq_lazy_linear_enc_global_8.smt2 : 1800079 ms.
--------------------------------------------------
unsat
QF_NRA/hycomp/ball_count_2d_hill.01.seq_lazy_linear_enc_global_9.smt2 : 43 ms.
--------------------------------------------------
unsat
QF_NRA/hycomp/ball_count_2d_hill.01.seq_lazy_linear_enc_lemmas_global_0.smt2 : 29 ms.
--------------------------------------------------
./solvers/mathsat/run.sh: line 3: 422361 Killed                  ./mathsat ../$1
QF_NRA/hycomp/ball_count_2d_hill.01.seq_lazy_linear_enc_lemmas_global_10.smt2 : 1800086 ms.
--------------------------------------------------
unsat
QF_NRA/hycomp/ball_count_2d_hill.01.seq_lazy_linear_enc_lemmas_global_11.smt2 : 38 ms.
--------------------------------------------------
./solvers/mathsat/run.sh: line 3: 423315 Killed                  ./mathsat ../$1
QF_NRA/hycomp/ball_count_2d_hill.01.seq_lazy_linear_enc_lemmas_global_12.smt2 : 1800079 ms.
--------------------------------------------------
unsat
QF_NRA/hycomp/ball_count_2d_hill.01.seq_lazy_linear_enc_lemmas_global_13.smt2 : 46 ms.
--------------------------------------------------
./solvers/mathsat/run.sh: line 3: 424370 Killed                  ./mathsat ../$1
QF_NRA/hycomp/ball_count_2d_hill.01.seq_lazy_linear_enc_lemmas_global_14.smt2 : 1800037 ms.
--------------------------------------------------
unsat
QF_NRA/hycomp/ball_count_2d_hill.01.seq_lazy_linear_enc_lemmas_global_15.smt2 : 55 ms.
--------------------------------------------------
unsat
QF_NRA/hycomp/ball_count_2d_hill.01.seq_lazy_linear_enc_lemmas_global_1.smt2 : 38 ms.
--------------------------------------------------
unsat
QF_NRA/hycomp/ball_count_2d_hill.01.seq_lazy_linear_enc_lemmas_global_2.smt2 : 40 ms.
--------------------------------------------------
unsat
QF_NRA/hycomp/ball_count_2d_hill.01.seq_lazy_linear_enc_lemmas_global_3.smt2 : 36 ms.
--------------------------------------------------
./solvers/mathsat/run.sh: line 3: 425277 Killed                  ./mathsat ../$1
QF_NRA/hycomp/ball_count_2d_hill.01.seq_lazy_linear_enc_lemmas_global_4.smt2 : 1800070 ms.
--------------------------------------------------
unsat
QF_NRA/hycomp/ball_count_2d_hill.01.seq_lazy_linear_enc_lemmas_global_5.smt2 : 31 ms.
--------------------------------------------------
./solvers/mathsat/run.sh: line 3: 426130 Killed                  ./mathsat ../$1
QF_NRA/hycomp/ball_count_2d_hill.01.seq_lazy_linear_enc_lemmas_global_6.smt2 : 1800054 ms.
--------------------------------------------------
unsat
QF_NRA/hycomp/ball_count_2d_hill.01.seq_lazy_linear_enc_lemmas_global_7.smt2 : 42 ms.
--------------------------------------------------
./solvers/mathsat/run.sh: line 3: 427039 Killed                  ./mathsat ../$1
QF_NRA/hycomp/ball_count_2d_hill.01.seq_lazy_linear_enc_lemmas_global_8.smt2 : 1800103 ms.
--------------------------------------------------
unsat
QF_NRA/hycomp/ball_count_2d_hill.01.seq_lazy_linear_enc_lemmas_global_9.smt2 : 40 ms.
--------------------------------------------------
unsat
QF_NRA/hycomp/ball_count_2d_hill.02.redlog_global_0.smt2 : 34 ms.
--------------------------------------------------
./solvers/mathsat/run.sh: line 3: 428160 Killed                  ./mathsat ../$1
QF_NRA/hycomp/ball_count_2d_hill.02.redlog_global_10.smt2 : 1800158 ms.
--------------------------------------------------
unsat
QF_NRA/hycomp/ball_count_2d_hill.02.redlog_global_11.smt2 : 55 ms.
--------------------------------------------------
./solvers/mathsat/run.sh: line 3: 428980 Killed                  ./mathsat ../$1
QF_NRA/hycomp/ball_count_2d_hill.02.redlog_global_12.smt2 : 1800139 ms.
--------------------------------------------------
unsat
QF_NRA/hycomp/ball_count_2d_hill.02.redlog_global_13.smt2 : 62 ms.
--------------------------------------------------
./solvers/mathsat/run.sh: line 3: 429960 Killed                  ./mathsat ../$1
QF_NRA/hycomp/ball_count_2d_hill.02.redlog_global_14.smt2 : 1800099 ms.
--------------------------------------------------
unsat
QF_NRA/hycomp/ball_count_2d_hill.02.redlog_global_15.smt2 : 64 ms.
--------------------------------------------------
unsat
QF_NRA/hycomp/ball_count_2d_hill.02.redlog_global_1.smt2 : 34 ms.
--------------------------------------------------
unsat
QF_NRA/hycomp/ball_count_2d_hill.02.redlog_global_2.smt2 : 30 ms.
--------------------------------------------------
unsat
QF_NRA/hycomp/ball_count_2d_hill.02.redlog_global_3.smt2 : 29 ms.
--------------------------------------------------
./solvers/mathsat/run.sh: line 3: 430724 Killed                  ./mathsat ../$1
QF_NRA/hycomp/ball_count_2d_hill.02.redlog_global_4.smt2 : 1800075 ms.
--------------------------------------------------
unsat
QF_NRA/hycomp/ball_count_2d_hill.02.redlog_global_5.smt2 : 44 ms.
--------------------------------------------------
./solvers/mathsat/run.sh: line 3: 431302 Killed                  ./mathsat ../$1
QF_NRA/hycomp/ball_count_2d_hill.02.redlog_global_6.smt2 : 1800087 ms.
--------------------------------------------------
unsat
QF_NRA/hycomp/ball_count_2d_hill.02.redlog_global_7.smt2 : 47 ms.
--------------------------------------------------
./solvers/mathsat/run.sh: line 3: 432125 Killed                  ./mathsat ../$1
QF_NRA/hycomp/ball_count_2d_hill.02.redlog_global_8.smt2 : 1800100 ms.
--------------------------------------------------
unsat
QF_NRA/hycomp/ball_count_2d_hill.02.redlog_global_9.smt2 : 51 ms.
--------------------------------------------------
unsat
QF_NRA/hycomp/ball_count_2d_hill.02.seq_lazy_global_0.smt2 : 28 ms.
--------------------------------------------------
./solvers/mathsat/run.sh: line 3: 432917 Killed                  ./mathsat ../$1
QF_NRA/hycomp/ball_count_2d_hill.02.seq_lazy_global_10.smt2 : 1800099 ms.
--------------------------------------------------
unsat
QF_NRA/hycomp/ball_count_2d_hill.02.seq_lazy_global_11.smt2 : 53 ms.
--------------------------------------------------
./solvers/mathsat/run.sh: line 3: 433701 Killed                  ./mathsat ../$1
QF_NRA/hycomp/ball_count_2d_hill.02.seq_lazy_global_12.smt2 : 1800076 ms.
--------------------------------------------------
unsat
QF_NRA/hycomp/ball_count_2d_hill.02.seq_lazy_global_13.smt2 : 45 ms.
--------------------------------------------------
./solvers/mathsat/run.sh: line 3: 434492 Killed                  ./mathsat ../$1
QF_NRA/hycomp/ball_count_2d_hill.02.seq_lazy_global_14.smt2 : 1800067 ms.
--------------------------------------------------
unsat
QF_NRA/hycomp/ball_count_2d_hill.02.seq_lazy_global_15.smt2 : 45 ms.
--------------------------------------------------
unsat
QF_NRA/hycomp/ball_count_2d_hill.02.seq_lazy_global_1.smt2 : 23 ms.
--------------------------------------------------
unsat
QF_NRA/hycomp/ball_count_2d_hill.02.seq_lazy_global_2.smt2 : 26 ms.
--------------------------------------------------
unsat
QF_NRA/hycomp/ball_count_2d_hill.02.seq_lazy_global_3.smt2 : 25 ms.
--------------------------------------------------
unsat
QF_NRA/hycomp/ball_count_2d_hill.02.seq_lazy_global_4.smt2 : 30 ms.
--------------------------------------------------
unsat
QF_NRA/hycomp/ball_count_2d_hill.02.seq_lazy_global_5.smt2 : 27 ms.
--------------------------------------------------
unsat
QF_NRA/hycomp/ball_count_2d_hill.02.seq_lazy_global_6.smt2 : 311 ms.
--------------------------------------------------
unsat
QF_NRA/hycomp/ball_count_2d_hill.02.seq_lazy_global_7.smt2 : 39 ms.
--------------------------------------------------
./solvers/mathsat/run.sh: line 3: 435247 Killed                  ./mathsat ../$1
QF_NRA/hycomp/ball_count_2d_hill.02.seq_lazy_global_8.smt2 : 1800346 ms.
--------------------------------------------------
unsat
QF_NRA/hycomp/ball_count_2d_hill.02.seq_lazy_global_9.smt2 : 42 ms.
--------------------------------------------------
unsat
QF_NRA/hycomp/ball_count_2d_hill.02.seq_lazy_lemmas_global_0.smt2 : 31 ms.
--------------------------------------------------
./solvers/mathsat/run.sh: line 3: 436145 Killed                  ./mathsat ../$1
QF_NRA/hycomp/ball_count_2d_hill.02.seq_lazy_lemmas_global_10.smt2 : 1800110 ms.
--------------------------------------------------
unsat
QF_NRA/hycomp/ball_count_2d_hill.02.seq_lazy_lemmas_global_11.smt2 : 59 ms.
--------------------------------------------------
./solvers/mathsat/run.sh: line 3: 436807 Killed                  ./mathsat ../$1
QF_NRA/hycomp/ball_count_2d_hill.02.seq_lazy_lemmas_global_12.smt2 : 1800172 ms.
--------------------------------------------------
unsat
QF_NRA/hycomp/ball_count_2d_hill.02.seq_lazy_lemmas_global_13.smt2 : 180 ms.
--------------------------------------------------
./solvers/mathsat/run.sh: line 3: 437293 Killed                  ./mathsat ../$1
QF_NRA/hycomp/ball_count_2d_hill.02.seq_lazy_lemmas_global_14.smt2 : 1800113 ms.
--------------------------------------------------
unsat
QF_NRA/hycomp/ball_count_2d_hill.02.seq_lazy_lemmas_global_15.smt2 : 48 ms.
--------------------------------------------------
unsat
QF_NRA/hycomp/ball_count_2d_hill.02.seq_lazy_lemmas_global_1.smt2 : 24 ms.
--------------------------------------------------
unsat
QF_NRA/hycomp/ball_count_2d_hill.02.seq_lazy_lemmas_global_2.smt2 : 36 ms.
--------------------------------------------------
unsat
QF_NRA/hycomp/ball_count_2d_hill.02.seq_lazy_lemmas_global_3.smt2 : 29 ms.
--------------------------------------------------
unsat
QF_NRA/hycomp/ball_count_2d_hill.02.seq_lazy_lemmas_global_4.smt2 : 36 ms.
--------------------------------------------------
unsat
QF_NRA/hycomp/ball_count_2d_hill.02.seq_lazy_lemmas_global_5.smt2 : 31 ms.
--------------------------------------------------
unsat
QF_NRA/hycomp/ball_count_2d_hill.02.seq_lazy_lemmas_global_6.smt2 : 470 ms.
--------------------------------------------------
unsat
QF_NRA/hycomp/ball_count_2d_hill.02.seq_lazy_lemmas_global_7.smt2 : 40 ms.
--------------------------------------------------
./solvers/mathsat/run.sh: line 3: 437764 Killed                  ./mathsat ../$1
QF_NRA/hycomp/ball_count_2d_hill.02.seq_lazy_lemmas_global_8.smt2 : 1800037 ms.
--------------------------------------------------
unsat
QF_NRA/hycomp/ball_count_2d_hill.02.seq_lazy_lemmas_global_9.smt2 : 52 ms.
--------------------------------------------------
unsat
QF_NRA/hycomp/ball_count_2d_hill.02.seq_lazy_linear_enc_global_0.smt2 : 31 ms.
--------------------------------------------------
./solvers/mathsat/run.sh: line 3: 438254 Killed                  ./mathsat ../$1
QF_NRA/hycomp/ball_count_2d_hill.02.seq_lazy_linear_enc_global_10.smt2 : 1800047 ms.
--------------------------------------------------
unsat
QF_NRA/hycomp/ball_count_2d_hill.02.seq_lazy_linear_enc_global_11.smt2 : 45 ms.
--------------------------------------------------
./solvers/mathsat/run.sh: line 3: 438751 Killed                  ./mathsat ../$1
QF_NRA/hycomp/ball_count_2d_hill.02.seq_lazy_linear_enc_global_12.smt2 : 1800053 ms.
--------------------------------------------------
unsat
QF_NRA/hycomp/ball_count_2d_hill.02.seq_lazy_linear_enc_global_13.smt2 : 46 ms.
--------------------------------------------------
./solvers/mathsat/run.sh: line 3: 439213 Killed                  ./mathsat ../$1
QF_NRA/hycomp/ball_count_2d_hill.02.seq_lazy_linear_enc_global_14.smt2 : 1800039 ms.
--------------------------------------------------
unsat
QF_NRA/hycomp/ball_count_2d_hill.02.seq_lazy_linear_enc_global_15.smt2 : 47 ms.
--------------------------------------------------
unsat
QF_NRA/hycomp/ball_count_2d_hill.02.seq_lazy_linear_enc_global_1.smt2 : 27 ms.
--------------------------------------------------
unsat
QF_NRA/hycomp/ball_count_2d_hill.02.seq_lazy_linear_enc_global_2.smt2 : 29 ms.
--------------------------------------------------
unsat
QF_NRA/hycomp/ball_count_2d_hill.02.seq_lazy_linear_enc_global_3.smt2 : 27 ms.
--------------------------------------------------
unsat
QF_NRA/hycomp/ball_count_2d_hill.02.seq_lazy_linear_enc_global_4.smt2 : 35 ms.
--------------------------------------------------
unsat
QF_NRA/hycomp/ball_count_2d_hill.02.seq_lazy_linear_enc_global_5.smt2 : 32 ms.
--------------------------------------------------
unsat
QF_NRA/hycomp/ball_count_2d_hill.02.seq_lazy_linear_enc_global_6.smt2 : 436 ms.
--------------------------------------------------
unsat
QF_NRA/hycomp/ball_count_2d_hill.02.seq_lazy_linear_enc_global_7.smt2 : 33 ms.
--------------------------------------------------
./solvers/mathsat/run.sh: line 3: 439652 Killed                  ./mathsat ../$1
QF_NRA/hycomp/ball_count_2d_hill.02.seq_lazy_linear_enc_global_8.smt2 : 1800040 ms.
--------------------------------------------------
unsat
QF_NRA/hycomp/ball_count_2d_hill.02.seq_lazy_linear_enc_global_9.smt2 : 40 ms.
--------------------------------------------------
unsat
QF_NRA/hycomp/ball_count_2d_hill.02.seq_lazy_linear_enc_lemmas_global_0.smt2 : 26 ms.
--------------------------------------------------
./solvers/mathsat/run.sh: line 3: 440107 Killed                  ./mathsat ../$1
QF_NRA/hycomp/ball_count_2d_hill.02.seq_lazy_linear_enc_lemmas_global_10.smt2 : 1800055 ms.
--------------------------------------------------
unsat
QF_NRA/hycomp/ball_count_2d_hill.02.seq_lazy_linear_enc_lemmas_global_11.smt2 : 43 ms.
--------------------------------------------------
./solvers/mathsat/run.sh: line 3: 440496 Killed                  ./mathsat ../$1
QF_NRA/hycomp/ball_count_2d_hill.02.seq_lazy_linear_enc_lemmas_global_12.smt2 : 1800047 ms.
--------------------------------------------------
unsat
QF_NRA/hycomp/ball_count_2d_hill.02.seq_lazy_linear_enc_lemmas_global_13.smt2 : 45 ms.
--------------------------------------------------
./solvers/mathsat/run.sh: line 3: 440934 Killed                  ./mathsat ../$1
QF_NRA/hycomp/ball_count_2d_hill.02.seq_lazy_linear_enc_lemmas_global_14.smt2 : 1800042 ms.
--------------------------------------------------
unsat
QF_NRA/hycomp/ball_count_2d_hill.02.seq_lazy_linear_enc_lemmas_global_15.smt2 : 48 ms.
--------------------------------------------------
unsat
QF_NRA/hycomp/ball_count_2d_hill.02.seq_lazy_linear_enc_lemmas_global_1.smt2 : 27 ms.
--------------------------------------------------
unsat
QF_NRA/hycomp/ball_count_2d_hill.02.seq_lazy_linear_enc_lemmas_global_2.smt2 : 30 ms.
--------------------------------------------------
unsat
QF_NRA/hycomp/ball_count_2d_hill.02.seq_lazy_linear_enc_lemmas_global_3.smt2 : 30 ms.
--------------------------------------------------
unsat
QF_NRA/hycomp/ball_count_2d_hill.02.seq_lazy_linear_enc_lemmas_global_4.smt2 : 36 ms.
--------------------------------------------------
unsat
QF_NRA/hycomp/ball_count_2d_hill.02.seq_lazy_linear_enc_lemmas_global_5.smt2 : 31 ms.
--------------------------------------------------
unsat
QF_NRA/hycomp/ball_count_2d_hill.02.seq_lazy_linear_enc_lemmas_global_6.smt2 : 263 ms.
--------------------------------------------------
unsat
QF_NRA/hycomp/ball_count_2d_hill.02.seq_lazy_linear_enc_lemmas_global_7.smt2 : 33 ms.
--------------------------------------------------
./solvers/mathsat/run.sh: line 3: 441518 Killed                  ./mathsat ../$1
QF_NRA/hycomp/ball_count_2d_hill.02.seq_lazy_linear_enc_lemmas_global_8.smt2 : 1800043 ms.
--------------------------------------------------
unsat
QF_NRA/hycomp/ball_count_2d_hill.02.seq_lazy_linear_enc_lemmas_global_9.smt2 : 43 ms.
--------------------------------------------------
unsat
QF_NRA/hycomp/ball_count_2d_hill.03.redlog_global_0.smt2 : 27 ms.
--------------------------------------------------
./solvers/mathsat/run.sh: line 3: 441884 Killed                  ./mathsat ../$1
QF_NRA/hycomp/ball_count_2d_hill.03.redlog_global_10.smt2 : 1800053 ms.
--------------------------------------------------
unsat
QF_NRA/hycomp/ball_count_2d_hill.03.redlog_global_11.smt2 : 81 ms.
--------------------------------------------------
./solvers/mathsat/run.sh: line 3: 442227 Killed                  ./mathsat ../$1
QF_NRA/hycomp/ball_count_2d_hill.03.redlog_global_12.smt2 : 1800093 ms.
--------------------------------------------------
unsat
QF_NRA/hycomp/ball_count_2d_hill.03.redlog_global_13.smt2 : 80 ms.
--------------------------------------------------
./solvers/mathsat/run.sh: line 3: 442576 Killed                  ./mathsat ../$1
QF_NRA/hycomp/ball_count_2d_hill.03.redlog_global_14.smt2 : 1800082 ms.
--------------------------------------------------
unsat
QF_NRA/hycomp/ball_count_2d_hill.03.redlog_global_15.smt2 : 86 ms.
--------------------------------------------------
unsat
QF_NRA/hycomp/ball_count_2d_hill.03.redlog_global_1.smt2 : 63 ms.
--------------------------------------------------
unsat
QF_NRA/hycomp/ball_count_2d_hill.03.redlog_global_2.smt2 : 35 ms.
--------------------------------------------------
unsat
QF_NRA/hycomp/ball_count_2d_hill.03.redlog_global_3.smt2 : 39 ms.
--------------------------------------------------
unsat
QF_NRA/hycomp/ball_count_2d_hill.03.redlog_global_4.smt2 : 42 ms.
--------------------------------------------------
unsat
QF_NRA/hycomp/ball_count_2d_hill.03.redlog_global_5.smt2 : 47 ms.
--------------------------------------------------
./solvers/mathsat/run.sh: line 3: 442957 Killed                  ./mathsat ../$1
QF_NRA/hycomp/ball_count_2d_hill.03.redlog_global_6.smt2 : 1800047 ms.
--------------------------------------------------
unsat
QF_NRA/hycomp/ball_count_2d_hill.03.redlog_global_7.smt2 : 70 ms.
--------------------------------------------------
./solvers/mathsat/run.sh: line 3: 443444 Killed                  ./mathsat ../$1
QF_NRA/hycomp/ball_count_2d_hill.03.redlog_global_8.smt2 : 1800058 ms.
--------------------------------------------------
unsat
QF_NRA/hycomp/ball_count_2d_hill.03.redlog_global_9.smt2 : 62 ms.
--------------------------------------------------
unsat
QF_NRA/hycomp/ball_count_2d_hill.03.seq_lazy_global_0.smt2 : 32 ms.
--------------------------------------------------
./solvers/mathsat/run.sh: line 3: 443800 Killed                  ./mathsat ../$1
QF_NRA/hycomp/ball_count_2d_hill.03.seq_lazy_global_10.smt2 : 1800034 ms.
--------------------------------------------------
unsat
QF_NRA/hycomp/ball_count_2d_hill.03.seq_lazy_global_11.smt2 : 56 ms.
--------------------------------------------------
./solvers/mathsat/run.sh: line 3: 444169 Killed                  ./mathsat ../$1
QF_NRA/hycomp/ball_count_2d_hill.03.seq_lazy_global_12.smt2 : 1800042 ms.
--------------------------------------------------
unsat
QF_NRA/hycomp/ball_count_2d_hill.03.seq_lazy_global_13.smt2 : 58 ms.
--------------------------------------------------
./solvers/mathsat/run.sh: line 3: 444502 Killed                  ./mathsat ../$1
QF_NRA/hycomp/ball_count_2d_hill.03.seq_lazy_global_14.smt2 : 1800049 ms.
--------------------------------------------------
unsat
QF_NRA/hycomp/ball_count_2d_hill.03.seq_lazy_global_15.smt2 : 58 ms.
--------------------------------------------------
unsat
QF_NRA/hycomp/ball_count_2d_hill.03.seq_lazy_global_1.smt2 : 24 ms.
--------------------------------------------------
unsat
QF_NRA/hycomp/ball_count_2d_hill.03.seq_lazy_global_2.smt2 : 27 ms.
--------------------------------------------------
unsat
QF_NRA/hycomp/ball_count_2d_hill.03.seq_lazy_global_3.smt2 : 36 ms.
--------------------------------------------------
unsat
QF_NRA/hycomp/ball_count_2d_hill.03.seq_lazy_global_4.smt2 : 33 ms.
--------------------------------------------------
unsat
QF_NRA/hycomp/ball_count_2d_hill.03.seq_lazy_global_5.smt2 : 33 ms.
--------------------------------------------------
unsat
QF_NRA/hycomp/ball_count_2d_hill.03.seq_lazy_global_6.smt2 : 37 ms.
--------------------------------------------------
unsat
QF_NRA/hycomp/ball_count_2d_hill.03.seq_lazy_global_7.smt2 : 37 ms.
--------------------------------------------------
unsat
QF_NRA/hycomp/ball_count_2d_hill.03.seq_lazy_global_8.smt2 : 1414 ms.
--------------------------------------------------
unsat
QF_NRA/hycomp/ball_count_2d_hill.03.seq_lazy_global_9.smt2 : 47 ms.
--------------------------------------------------
unsat
QF_NRA/hycomp/ball_count_2d_hill.03.seq_lazy_lemmas_global_0.smt2 : 24 ms.
--------------------------------------------------
./solvers/mathsat/run.sh: line 3: 444854 Killed                  ./mathsat ../$1
QF_NRA/hycomp/ball_count_2d_hill.03.seq_lazy_lemmas_global_10.smt2 : 1800034 ms.
--------------------------------------------------
unsat
QF_NRA/hycomp/ball_count_2d_hill.03.seq_lazy_lemmas_global_11.smt2 : 55 ms.
--------------------------------------------------
./solvers/mathsat/run.sh: line 3: 445169 Killed                  ./mathsat ../$1
QF_NRA/hycomp/ball_count_2d_hill.03.seq_lazy_lemmas_global_12.smt2 : 1800042 ms.
--------------------------------------------------
unsat
QF_NRA/hycomp/ball_count_2d_hill.03.seq_lazy_lemmas_global_13.smt2 : 61 ms.
--------------------------------------------------
./solvers/mathsat/run.sh: line 3: 445540 Killed                  ./mathsat ../$1
QF_NRA/hycomp/ball_count_2d_hill.03.seq_lazy_lemmas_global_14.smt2 : 1800057 ms.
--------------------------------------------------
unsat
QF_NRA/hycomp/ball_count_2d_hill.03.seq_lazy_lemmas_global_15.smt2 : 64 ms.
--------------------------------------------------
unsat
QF_NRA/hycomp/ball_count_2d_hill.03.seq_lazy_lemmas_global_1.smt2 : 28 ms.
--------------------------------------------------
unsat
QF_NRA/hycomp/ball_count_2d_hill.03.seq_lazy_lemmas_global_2.smt2 : 30 ms.
--------------------------------------------------
unsat
QF_NRA/hycomp/ball_count_2d_hill.03.seq_lazy_lemmas_global_3.smt2 : 32 ms.
--------------------------------------------------
unsat
QF_NRA/hycomp/ball_count_2d_hill.03.seq_lazy_lemmas_global_4.smt2 : 41 ms.
--------------------------------------------------
unsat
QF_NRA/hycomp/ball_count_2d_hill.03.seq_lazy_lemmas_global_5.smt2 : 40 ms.
--------------------------------------------------
unsat
QF_NRA/hycomp/ball_count_2d_hill.03.seq_lazy_lemmas_global_6.smt2 : 42 ms.
--------------------------------------------------
unsat
QF_NRA/hycomp/ball_count_2d_hill.03.seq_lazy_lemmas_global_7.smt2 : 51 ms.
--------------------------------------------------
unsat
QF_NRA/hycomp/ball_count_2d_hill.03.seq_lazy_lemmas_global_8.smt2 : 430 ms.
--------------------------------------------------
unsat
QF_NRA/hycomp/ball_count_2d_hill.03.seq_lazy_lemmas_global_9.smt2 : 46 ms.
--------------------------------------------------
unsat
QF_NRA/hycomp/ball_count_2d_hill.03.seq_lazy_linear_enc_global_0.smt2 : 26 ms.
--------------------------------------------------
./solvers/mathsat/run.sh: line 3: 445842 Killed                  ./mathsat ../$1
QF_NRA/hycomp/ball_count_2d_hill.03.seq_lazy_linear_enc_global_10.smt2 : 1800031 ms.
--------------------------------------------------
unsat
QF_NRA/hycomp/ball_count_2d_hill.03.seq_lazy_linear_enc_global_11.smt2 : 50 ms.
--------------------------------------------------
./solvers/mathsat/run.sh: line 3: 446137 Killed                  ./mathsat ../$1
QF_NRA/hycomp/ball_count_2d_hill.03.seq_lazy_linear_enc_global_12.smt2 : 1800032 ms.
--------------------------------------------------
unsat
QF_NRA/hycomp/ball_count_2d_hill.03.seq_lazy_linear_enc_global_13.smt2 : 53 ms.
--------------------------------------------------
./solvers/mathsat/run.sh: line 3: 446470 Killed                  ./mathsat ../$1
QF_NRA/hycomp/ball_count_2d_hill.03.seq_lazy_linear_enc_global_14.smt2 : 1800052 ms.
--------------------------------------------------
unsat
QF_NRA/hycomp/ball_count_2d_hill.03.seq_lazy_linear_enc_global_15.smt2 : 64 ms.
--------------------------------------------------
unsat
QF_NRA/hycomp/ball_count_2d_hill.03.seq_lazy_linear_enc_global_1.smt2 : 33 ms.
--------------------------------------------------
unsat
QF_NRA/hycomp/ball_count_2d_hill.03.seq_lazy_linear_enc_global_2.smt2 : 37 ms.
--------------------------------------------------
unsat
QF_NRA/hycomp/ball_count_2d_hill.03.seq_lazy_linear_enc_global_3.smt2 : 37 ms.
--------------------------------------------------
unsat
QF_NRA/hycomp/ball_count_2d_hill.03.seq_lazy_linear_enc_global_4.smt2 : 42 ms.
--------------------------------------------------
unsat
QF_NRA/hycomp/ball_count_2d_hill.03.seq_lazy_linear_enc_global_5.smt2 : 42 ms.
--------------------------------------------------
unsat
QF_NRA/hycomp/ball_count_2d_hill.03.seq_lazy_linear_enc_global_6.smt2 : 45 ms.
--------------------------------------------------
unsat
QF_NRA/hycomp/ball_count_2d_hill.03.seq_lazy_linear_enc_global_7.smt2 : 45 ms.
--------------------------------------------------
unsat
QF_NRA/hycomp/ball_count_2d_hill.03.seq_lazy_linear_enc_global_8.smt2 : 1238 ms.
--------------------------------------------------
unsat
QF_NRA/hycomp/ball_count_2d_hill.03.seq_lazy_linear_enc_global_9.smt2 : 52 ms.
