--------------------------------------------------
./solvers/mathsat/run.sh: line 3: 382247 Killed                  ./mathsat ../$1
QF_NRA/meti-tarski/atan/problem/1/atan-problem-1-chunk-0006.smt2 : 1800129 ms.
--------------------------------------------------
sat
QF_NRA/meti-tarski/atan/problem/1/atan-problem-1-chunk-0007.smt2 : 32 ms.
--------------------------------------------------
./solvers/mathsat/run.sh: line 3: 396071 Killed                  ./mathsat ../$1
QF_NRA/meti-tarski/atan/problem/1/atan-problem-1-chunk-0008.smt2 : 1800198 ms.
--------------------------------------------------
sat
QF_NRA/meti-tarski/atan/problem/1/atan-problem-1-chunk-0009.smt2 : 312 ms.
--------------------------------------------------
./solvers/mathsat/run.sh: line 3: 400176 Killed                  ./mathsat ../$1
QF_NRA/meti-tarski/atan/problem/1/atan-problem-1-chunk-0010.smt2 : 1800161 ms.
--------------------------------------------------
unsat
QF_NRA/meti-tarski/atan/problem/1/atan-problem-1-chunk-0011.smt2 : 34 ms.
--------------------------------------------------
./solvers/mathsat/run.sh: line 3: 403182 Killed                  ./mathsat ../$1
QF_NRA/meti-tarski/atan/problem/1/atan-problem-1-chunk-0012.smt2 : 1800110 ms.
--------------------------------------------------
unsat
QF_NRA/meti-tarski/atan/problem/1/atan-problem-1-chunk-0013.smt2 : 30 ms.
--------------------------------------------------
./solvers/mathsat/run.sh: line 3: 406065 Killed                  ./mathsat ../$1
QF_NRA/meti-tarski/atan/problem/1/atan-problem-1-chunk-0016.smt2 : 1800110 ms.
--------------------------------------------------
./solvers/mathsat/run.sh: line 3: 407793 Killed                  ./mathsat ../$1
QF_NRA/meti-tarski/atan/problem/1/atan-problem-1-chunk-0019.smt2 : 1800112 ms.
--------------------------------------------------
./solvers/mathsat/run.sh: line 3: 409487 Killed                  ./mathsat ../$1
QF_NRA/meti-tarski/atan/problem/1/atan-problem-1-chunk-0022.smt2 : 1800120 ms.
--------------------------------------------------
unsat
QF_NRA/meti-tarski/atan/problem/1/atan-problem-1-chunk-0024.smt2 : 32 ms.
--------------------------------------------------
./solvers/mathsat/run.sh: line 3: 411321 Killed                  ./mathsat ../$1
QF_NRA/meti-tarski/atan/problem/1/atan-problem-1-chunk-0025.smt2 : 1800149 ms.
--------------------------------------------------
./solvers/mathsat/run.sh: line 3: 413581 Killed                  ./mathsat ../$1
QF_NRA/meti-tarski/atan/problem/1/atan-problem-1-chunk-0026.smt2 : 1800139 ms.
--------------------------------------------------
unsat
QF_NRA/meti-tarski/atan/problem/1/atan-problem-1-chunk-0027.smt2 : 36 ms.
--------------------------------------------------
./solvers/mathsat/run.sh: line 3: 414965 Killed                  ./mathsat ../$1
QF_NRA/meti-tarski/atan/problem/1/atan-problem-1-chunk-0028.smt2 : 1800108 ms.
--------------------------------------------------
./solvers/mathsat/run.sh: line 3: 416410 Killed                  ./mathsat ../$1
QF_NRA/meti-tarski/atan/problem/1/atan-problem-1-chunk-0029.smt2 : 1800152 ms.
--------------------------------------------------
./solvers/mathsat/run.sh: line 3: 417754 Killed                  ./mathsat ../$1
QF_NRA/meti-tarski/atan/problem/1/atan-problem-1-chunk-0032.smt2 : 1800137 ms.
--------------------------------------------------
sat
QF_NRA/meti-tarski/atan/problem/1/atan-problem-1-chunk-0033.smt2 : 40 ms.
--------------------------------------------------
unsat
QF_NRA/meti-tarski/atan/problem/1/atan-problem-1-chunk-0034.smt2 : 29 ms.
--------------------------------------------------
sat
QF_NRA/meti-tarski/atan/problem/1/atan-problem-1-chunk-0035.smt2 : 34 ms.
--------------------------------------------------
unsat
QF_NRA/meti-tarski/atan/problem/1/atan-problem-1-chunk-0036.smt2 : 158 ms.
--------------------------------------------------
./solvers/mathsat/run.sh: line 3: 418887 Killed                  ./mathsat ../$1
QF_NRA/meti-tarski/atan/problem/1/atan-problem-1-chunk-0038.smt2 : 1800089 ms.
--------------------------------------------------
./solvers/mathsat/run.sh: line 3: 419997 Killed                  ./mathsat ../$1
QF_NRA/meti-tarski/atan/problem/1/atan-problem-1-chunk-0039.smt2 : 1800110 ms.
--------------------------------------------------
./solvers/mathsat/run.sh: line 3: 421475 Killed                  ./mathsat ../$1
QF_NRA/meti-tarski/atan/problem/1/atan-problem-1-chunk-0040.smt2 : 1800085 ms.
--------------------------------------------------
./solvers/mathsat/run.sh: line 3: 422357 Killed                  ./mathsat ../$1
QF_NRA/meti-tarski/atan/problem/1/atan-problem-1-chunk-0042.smt2 : 1800086 ms.
--------------------------------------------------
./solvers/mathsat/run.sh: line 3: 423307 Killed                  ./mathsat ../$1
QF_NRA/meti-tarski/atan/problem/1/atan-problem-1-chunk-0043.smt2 : 1800086 ms.
--------------------------------------------------
./solvers/mathsat/run.sh: line 3: 424361 Killed                  ./mathsat ../$1
QF_NRA/meti-tarski/atan/problem/1/atan-problem-1-chunk-0044.smt2 : 1800094 ms.
--------------------------------------------------
./solvers/mathsat/run.sh: line 3: 425249 Killed                  ./mathsat ../$1
QF_NRA/meti-tarski/atan/problem/1/atan-problem-1-chunk-0045.smt2 : 1800098 ms.
--------------------------------------------------
unsat
QF_NRA/meti-tarski/atan/problem/1/atan-problem-1-chunk-0046.smt2 : 33 ms.
--------------------------------------------------
./solvers/mathsat/run.sh: line 3: 426114 Killed                  ./mathsat ../$1
QF_NRA/meti-tarski/atan/problem/1/atan-problem-1-chunk-0047.smt2 : 1800082 ms.
--------------------------------------------------
./solvers/mathsat/run.sh: line 3: 427027 Killed                  ./mathsat ../$1
QF_NRA/meti-tarski/atan/problem/1/atan-problem-1-chunk-0048.smt2 : 1800125 ms.
--------------------------------------------------
unsat
QF_NRA/meti-tarski/atan/problem/1/atan-problem-1-chunk-0049.smt2 : 30 ms.
--------------------------------------------------
unsat
QF_NRA/meti-tarski/atan/problem/1/atan-problem-1-chunk-0050.smt2 : 27 ms.
--------------------------------------------------
sat
QF_NRA/meti-tarski/atan/problem/1/atan-problem-1-chunk-0051.smt2 : 23 ms.
--------------------------------------------------
./solvers/mathsat/run.sh: line 3: 428144 Killed                  ./mathsat ../$1
QF_NRA/meti-tarski/atan/problem/1/atan-problem-1-chunk-0052.smt2 : 1800075 ms.
--------------------------------------------------
sat
QF_NRA/meti-tarski/atan/problem/1/atan-problem-1-chunk-0053.smt2 : 37 ms.
--------------------------------------------------
unsat
QF_NRA/meti-tarski/atan/problem/1/atan-problem-1-chunk-0054.smt2 : 34 ms.
--------------------------------------------------
./solvers/mathsat/run.sh: line 3: 428968 Killed                  ./mathsat ../$1
QF_NRA/meti-tarski/atan/problem/1/atan-problem-1-chunk-0056.smt2 : 1800151 ms.
--------------------------------------------------
./solvers/mathsat/run.sh: line 3: 429932 Killed                  ./mathsat ../$1
QF_NRA/meti-tarski/atan/problem/1/atan-problem-1-chunk-0057.smt2 : 1800118 ms.
--------------------------------------------------
./solvers/mathsat/run.sh: line 3: 430703 Killed                  ./mathsat ../$1
QF_NRA/meti-tarski/atan/problem/1/atan-problem-1-chunk-0058.smt2 : 1800147 ms.
--------------------------------------------------
unsat
QF_NRA/meti-tarski/atan/problem/1/atan-problem-1-chunk-0059.smt2 : 41 ms.
--------------------------------------------------
./solvers/mathsat/run.sh: line 3: 431290 Killed                  ./mathsat ../$1
QF_NRA/meti-tarski/atan/problem/1/atan-problem-1-chunk-0062.smt2 : 1800091 ms.
--------------------------------------------------
unsat
QF_NRA/meti-tarski/atan/problem/1/atan-problem-1-chunk-0064.smt2 : 34 ms.
--------------------------------------------------
./solvers/mathsat/run.sh: line 3: 432113 Killed                  ./mathsat ../$1
QF_NRA/meti-tarski/atan/problem/1/atan-problem-1-chunk-0065.smt2 : 1800176 ms.
--------------------------------------------------
./solvers/mathsat/run.sh: line 3: 432867 Killed                  ./mathsat ../$1
QF_NRA/meti-tarski/atan/problem/1/atan-problem-1-chunk-0066.smt2 : 1800103 ms.
--------------------------------------------------
unsat
QF_NRA/meti-tarski/atan/problem/1/atan-problem-1-chunk-0067.smt2 : 48 ms.
--------------------------------------------------
unsat
QF_NRA/meti-tarski/atan/problem/1/atan-problem-1-chunk-0068.smt2 : 49 ms.
--------------------------------------------------
./solvers/mathsat/run.sh: line 3: 433685 Killed                  ./mathsat ../$1
QF_NRA/meti-tarski/atan/problem/1/atan-problem-1-chunk-0069.smt2 : 1800065 ms.
--------------------------------------------------
unsat
QF_NRA/meti-tarski/atan/problem/1/atan-problem-1-chunk-0070.smt2 : 44 ms.
--------------------------------------------------
sat
QF_NRA/meti-tarski/atan/problem/1/atan-problem-1-chunk-0071.smt2 : 26 ms.
--------------------------------------------------
./solvers/mathsat/run.sh: line 3: 434476 Killed                  ./mathsat ../$1
QF_NRA/meti-tarski/atan/problem/1/atan-problem-1-chunk-0072.smt2 : 1800065 ms.
--------------------------------------------------
sat
QF_NRA/meti-tarski/atan/problem/1/atan-problem-1-chunk-0073.smt2 : 45 ms.
--------------------------------------------------
unsat
QF_NRA/meti-tarski/atan/problem/1/atan-problem-1-chunk-0074.smt2 : 47 ms.
--------------------------------------------------
sat
QF_NRA/meti-tarski/atan/problem/1/atan-problem-1-chunk-0075.smt2 : 39 ms.
--------------------------------------------------
./solvers/mathsat/run.sh: line 3: 435187 Killed                  ./mathsat ../$1
QF_NRA/meti-tarski/atan/problem/1/atan-problem-1-chunk-0076.smt2 : 1800042 ms.
--------------------------------------------------
./solvers/mathsat/run.sh: line 3: 436107 Killed                  ./mathsat ../$1
QF_NRA/meti-tarski/atan/problem/1/atan-problem-1-chunk-0077.smt2 : 1800088 ms.
--------------------------------------------------
./solvers/mathsat/run.sh: line 3: 436767 Killed                  ./mathsat ../$1
QF_NRA/meti-tarski/atan/problem/1/atan-problem-1-chunk-0078.smt2 : 1800202 ms.
--------------------------------------------------
./solvers/mathsat/run.sh: line 3: 437261 Killed                  ./mathsat ../$1
QF_NRA/meti-tarski/atan/problem/1/atan-problem-1-chunk-0079.smt2 : 1800253 ms.
--------------------------------------------------
./solvers/mathsat/run.sh: line 3: 437708 Killed                  ./mathsat ../$1
QF_NRA/meti-tarski/atan/problem/1/atan-problem-1-chunk-0080.smt2 : 1800078 ms.
--------------------------------------------------
unsat
QF_NRA/meti-tarski/atan/problem/1/atan-problem-1-chunk-0081.smt2 : 38 ms.
--------------------------------------------------
./solvers/mathsat/run.sh: line 3: 438194 Killed                  ./mathsat ../$1
QF_NRA/meti-tarski/atan/problem/1/atan-problem-1-chunk-0082.smt2 : 1800084 ms.
--------------------------------------------------
unsat
QF_NRA/meti-tarski/atan/problem/1/atan-problem-1-chunk-0083.smt2 : 39 ms.
--------------------------------------------------
./solvers/mathsat/run.sh: line 3: 438719 Killed                  ./mathsat ../$1
QF_NRA/meti-tarski/atan/problem/1/atan-problem-1-chunk-0084.smt2 : 1800068 ms.
--------------------------------------------------
sat
QF_NRA/meti-tarski/atan/problem/1/atan-problem-1-chunk-0085.smt2 : 39 ms.
--------------------------------------------------
unsat
QF_NRA/meti-tarski/atan/problem/1/atan-problem-1-chunk-0086.smt2 : 23 ms.
--------------------------------------------------
./solvers/mathsat/run.sh: line 3: 439176 Killed                  ./mathsat ../$1
QF_NRA/meti-tarski/atan/problem/1/atan-problem-1-chunk-0087.smt2 : 1800089 ms.
--------------------------------------------------
./solvers/mathsat/run.sh: line 3: 439588 Killed                  ./mathsat ../$1
QF_NRA/meti-tarski/atan/problem/1/atan-problem-1-chunk-0088.smt2 : 1800057 ms.
--------------------------------------------------
unsat
QF_NRA/meti-tarski/atan/problem/1/atan-problem-1-chunk-0089.smt2 : 40 ms.
--------------------------------------------------
./solvers/mathsat/run.sh: line 3: 440051 Killed                  ./mathsat ../$1
QF_NRA/meti-tarski/atan/problem/1/atan-problem-1-chunk-0090.smt2 : 1800079 ms.
--------------------------------------------------
sat
QF_NRA/meti-tarski/atan/problem/1/atan-problem-1-chunk-0091.smt2 : 33 ms.
--------------------------------------------------
./solvers/mathsat/run.sh: line 3: 440464 Killed                  ./mathsat ../$1
QF_NRA/meti-tarski/atan/problem/1/atan-problem-1-chunk-0092.smt2 : 1800095 ms.
--------------------------------------------------
unsat
QF_NRA/meti-tarski/atan/problem/1/atan-problem-1-chunk-0093.smt2 : 35 ms.
--------------------------------------------------
./solvers/mathsat/run.sh: line 3: 440910 Killed                  ./mathsat ../$1
QF_NRA/meti-tarski/atan/problem/1/atan-problem-1-chunk-0095.smt2 : 1800137 ms.
--------------------------------------------------
unsat
QF_NRA/meti-tarski/atan/problem/1/atan-problem-1-chunk-0096.smt2 : 37 ms.
--------------------------------------------------
./solvers/mathsat/run.sh: line 3: 441453 Killed                  ./mathsat ../$1
QF_NRA/meti-tarski/atan/problem/1/atan-problem-1-chunk-0097.smt2 : 1800155 ms.
--------------------------------------------------
./solvers/mathsat/run.sh: line 3: 441828 Killed                  ./mathsat ../$1
QF_NRA/meti-tarski/atan/problem/1/atan-problem-1-chunk-0098.smt2 : 1800130 ms.
--------------------------------------------------
./solvers/mathsat/run.sh: line 3: 442175 Killed                  ./mathsat ../$1
QF_NRA/meti-tarski/atan/problem/1/atan-problem-1-chunk-0099.smt2 : 1800221 ms.
--------------------------------------------------
./solvers/mathsat/run.sh: line 3: 442536 Killed                  ./mathsat ../$1
QF_NRA/meti-tarski/atan/problem/1/atan-problem-1-chunk-0100.smt2 : 1800131 ms.
--------------------------------------------------
./solvers/mathsat/run.sh: line 3: 442905 Killed                  ./mathsat ../$1
QF_NRA/meti-tarski/atan/problem/1/atan-problem-1-chunk-0101.smt2 : 1800110 ms.
--------------------------------------------------
./solvers/mathsat/run.sh: line 3: 443404 Killed                  ./mathsat ../$1
QF_NRA/meti-tarski/atan/problem/1/atan-problem-1-chunk-0102.smt2 : 1800154 ms.
--------------------------------------------------
./solvers/mathsat/run.sh: line 3: 443776 Killed                  ./mathsat ../$1
QF_NRA/meti-tarski/atan/problem/1/atan-problem-1-chunk-0103.smt2 : 1800090 ms.
--------------------------------------------------
./solvers/mathsat/run.sh: line 3: 444147 Killed                  ./mathsat ../$1
QF_NRA/meti-tarski/atan/problem/1/atan-problem-1-chunk-0104.smt2 : 1800085 ms.
