--------------------------------------------------
unsat
QF_NRA/LassoRanker/SV-COMP/TelAviv-Amir-Minimum_true-termination.c_Iteration1_Lasso_3-lexTemplate.smt2 : 35011 ms.
--------------------------------------------------
./solvers/mathsat/run.sh: line 3: 394788 Killed                  ./mathsat ../$1
QF_NRA/LassoRanker/SV-COMP/TelAviv-Amir-Minimum_true-termination.c_Iteration1_Lasso_3-pieceTemplate.smt2 : 1801023 ms.
--------------------------------------------------
unsat
QF_NRA/LassoRanker/SV-COMP/TelAviv-Amir-Minimum_true-termination.c_Iteration1_Lasso_4-lexTemplate.smt2 : 51800 ms.
--------------------------------------------------
./solvers/mathsat/run.sh: line 3: 399113 Killed                  ./mathsat ../$1
QF_NRA/LassoRanker/SV-COMP/TelAviv-Amir-Minimum_true-termination.c_Iteration1_Lasso_4-pieceTemplate.smt2 : 1800974 ms.
--------------------------------------------------
unsat
QF_NRA/LassoRanker/SV-COMP/TelAviv-Amir-Minimum_true-termination.c_Iteration1_Lasso_7-phaseTemplate.smt2 : 27244 ms.
--------------------------------------------------
sat
QF_NRA/LassoRanker/SV-COMP/TelAviv-Amir-Minimum_true-termination.c_Iteration1_Loop_2-pieceTemplate.smt2 : 166943 ms.
--------------------------------------------------
unsat
QF_NRA/LassoRanker/SV-COMP/TelAviv-Amir-Minimum_true-termination.c_Iteration1_Loop_3-lexTemplate.smt2 : 20622 ms.
--------------------------------------------------
sat
QF_NRA/LassoRanker/SV-COMP/TelAviv-Amir-Minimum_true-termination.c_Iteration1_Loop_3-pieceTemplate.smt2 : 1051481 ms.
--------------------------------------------------
unsat
QF_NRA/LassoRanker/SV-COMP/TelAviv-Amir-Minimum_true-termination.c_Iteration1_Loop_4-lexTemplate.smt2 : 82764 ms.
--------------------------------------------------
./solvers/mathsat/run.sh: line 3: 402746 Killed                  ./mathsat ../$1
QF_NRA/LassoRanker/SV-COMP/TelAviv-Amir-Minimum_true-termination.c_Iteration1_Loop_4-pieceTemplate.smt2 : 1800947 ms.
--------------------------------------------------
unsat
QF_NRA/LassoRanker/SV-COMP/TelAviv-Amir-Minimum_true-termination.c_Iteration1_Loop_7-phaseTemplate.smt2 : 19459 ms.
--------------------------------------------------
unsat
QF_NRA/LassoRanker/SV-COMP/Toulouse-BranchesToLoop_true-termination.c_Iteration1_Lasso_2-pieceTemplate.smt2 : 74 ms.
--------------------------------------------------
unsat
QF_NRA/LassoRanker/SV-COMP/Toulouse-BranchesToLoop_true-termination.c_Iteration1_Lasso_3-pieceTemplate.smt2 : 124 ms.
--------------------------------------------------
unsat
QF_NRA/LassoRanker/SV-COMP/Toulouse-BranchesToLoop_true-termination.c_Iteration1_Lasso_4-pieceTemplate.smt2 : 283 ms.
--------------------------------------------------
./solvers/mathsat/run.sh: line 3: 405922 Killed                  ./mathsat ../$1
QF_NRA/LassoRanker/SV-COMP/Urban_true-termination.c_Iteration1_Loop_affineTemplate.smt2 : 1803417 ms.
