--------------------------------------------------
unsat
QF_NRA/20161105-Sturm-MBO/mbo_E23E27.smt2 : 68 ms.
--------------------------------------------------
unsat
QF_NRA/20161105-Sturm-MBO/mbo_E23E28.smt2 : 77 ms.
--------------------------------------------------
unsat
QF_NRA/20161105-Sturm-MBO/mbo_E23.smt2 : 47 ms.
--------------------------------------------------
unsat
QF_NRA/20161105-Sturm-MBO/mbo_E24E25.smt2 : 1178 ms.
--------------------------------------------------
unsat
QF_NRA/20161105-Sturm-MBO/mbo_E24E26.smt2 : 482 ms.
--------------------------------------------------
unsat
QF_NRA/20161105-Sturm-MBO/mbo_E24E27.smt2 : 237 ms.
--------------------------------------------------
unsat
QF_NRA/20161105-Sturm-MBO/mbo_E24E28.smt2 : 820 ms.
--------------------------------------------------
unsat
QF_NRA/20161105-Sturm-MBO/mbo_E24.smt2 : 119 ms.
--------------------------------------------------
unsat
QF_NRA/20161105-Sturm-MBO/mbo_E25E26.smt2 : 88 ms.
--------------------------------------------------
unsat
QF_NRA/20161105-Sturm-MBO/mbo_E25E27.smt2 : 193 ms.
--------------------------------------------------
unsat
QF_NRA/20161105-Sturm-MBO/mbo_E25E28.smt2 : 493 ms.
--------------------------------------------------
unsat
QF_NRA/20161105-Sturm-MBO/mbo_E25.smt2 : 46 ms.
--------------------------------------------------
unsat
QF_NRA/20161105-Sturm-MBO/mbo_E26E27.smt2 : 37 ms.
--------------------------------------------------
unsat
QF_NRA/20161105-Sturm-MBO/mbo_E26E28.smt2 : 75 ms.
--------------------------------------------------
unsat
QF_NRA/20161105-Sturm-MBO/mbo_E26.smt2 : 35 ms.
--------------------------------------------------
unsat
QF_NRA/20161105-Sturm-MBO/mbo_E27E28.smt2 : 45 ms.
--------------------------------------------------
unsat
QF_NRA/20161105-Sturm-MBO/mbo_E27.smt2 : 26 ms.
--------------------------------------------------
unsat
QF_NRA/20161105-Sturm-MBO/mbo_E28.smt2 : 32 ms.
--------------------------------------------------
./solvers/mathsat/run.sh: line 3: 391051 Killed                  ./mathsat ../$1
QF_NRA/20161105-Sturm-MBO/mbo_E2E10.smt2 : 1801968 ms.
--------------------------------------------------
unsat
QF_NRA/20161105-Sturm-MBO/mbo_E2E11.smt2 : 3808 ms.
--------------------------------------------------
unsat
QF_NRA/20161105-Sturm-MBO/mbo_E2E12.smt2 : 16355 ms.
--------------------------------------------------
unsat
QF_NRA/20161105-Sturm-MBO/mbo_E2E13.smt2 : 17061 ms.
--------------------------------------------------
tcmalloc: large alloc 1382203392 bytes == 0x370db8000 @  0x1641680 0x1641680 0x1641680 0x1641680 0x1641680 0x1641680 0x1641680 0x1641680 0x1641680 0x1641680 0x1641680 0x1641680 0x1641680 0x1641680 0x1641680 0x1641680 0x1641680 0x1641680 0x1641680 0x1641680 0x1641680 0x1641680 0x1641680 0x1641680 0x1641680 0x1641680 0x1641680 0x1641680 0x1641680 0x1641680 0x1641680
./solvers/mathsat/run.sh: line 3: 399085 Killed                  ./mathsat ../$1
QF_NRA/20161105-Sturm-MBO/mbo_E2E14.smt2 : 1801872 ms.
--------------------------------------------------
unsat
QF_NRA/20161105-Sturm-MBO/mbo_E2E15.smt2 : 16416 ms.
--------------------------------------------------
tcmalloc: large alloc 1382203392 bytes == 0x4bfb2e000 @  0x1641680 0x1641680 0x1641680 0x1641680 0x1641680 0x1641680 0x1641680 0x1641680 0x1641680 0x1641680 0x1641680 0x1641680 0x1641680 0x1641680 0x1641680 0x1641680 0x1641680 0x1641680 0x1641680 0x1641680 0x1641680 0x1641680 0x1641680 0x1641680 0x1641680 0x1641680 0x1641680 0x1641680 0x1641680 0x1641680 0x1641680
./solvers/mathsat/run.sh: line 3: 401928 Killed                  ./mathsat ../$1
QF_NRA/20161105-Sturm-MBO/mbo_E2E16.smt2 : 1802464 ms.
--------------------------------------------------
tcmalloc: large alloc 1382203392 bytes == 0x5330fc000 @  0x1641680 0x1641680 0x1641680 0x1641680 0x1641680 0x1641680 0x1641680 0x1641680 0x1641680 0x1641680 0x1641680 0x1641680 0x1641680 0x1641680 0x1641680 0x1641680 0x1641680 0x1641680 0x1641680 0x1641680 0x1641680 0x1641680 0x1641680 0x1641680 0x1641680 0x1641680 0x1641680 0x1641680 0x1641680 0x1641680 0x1641680
./solvers/mathsat/run.sh: line 3: 404903 Killed                  ./mathsat ../$1
QF_NRA/20161105-Sturm-MBO/mbo_E2E17.smt2 : 1802349 ms.
--------------------------------------------------
unsat
QF_NRA/20161105-Sturm-MBO/mbo_E2E18.smt2 : 13488 ms.
--------------------------------------------------
unsat
QF_NRA/20161105-Sturm-MBO/mbo_E2E19.smt2 : 15423 ms.
--------------------------------------------------
./solvers/mathsat/run.sh: line 3: 407006 Killed                  ./mathsat ../$1
QF_NRA/20161105-Sturm-MBO/mbo_E2E20.smt2 : 1801723 ms.
--------------------------------------------------
./solvers/mathsat/run.sh: line 3: 408413 Killed                  ./mathsat ../$1
QF_NRA/20161105-Sturm-MBO/mbo_E2E21.smt2 : 1802051 ms.
--------------------------------------------------
unsat
QF_NRA/20161105-Sturm-MBO/mbo_E2E22.smt2 : 9115 ms.
--------------------------------------------------
unsat
QF_NRA/20161105-Sturm-MBO/mbo_E2E23.smt2 : 7890 ms.
--------------------------------------------------
unsat
QF_NRA/20161105-Sturm-MBO/mbo_E2E24.smt2 : 13288 ms.
--------------------------------------------------
unsat
QF_NRA/20161105-Sturm-MBO/mbo_E2E25.smt2 : 12202 ms.
--------------------------------------------------
unsat
QF_NRA/20161105-Sturm-MBO/mbo_E2E26.smt2 : 9034 ms.
--------------------------------------------------
unsat
QF_NRA/20161105-Sturm-MBO/mbo_E2E27.smt2 : 1911 ms.
--------------------------------------------------
unsat
QF_NRA/20161105-Sturm-MBO/mbo_E2E28.smt2 : 9943 ms.
--------------------------------------------------
unsat
QF_NRA/20161105-Sturm-MBO/mbo_E2E3.smt2 : 18765 ms.
--------------------------------------------------
unsat
QF_NRA/20161105-Sturm-MBO/mbo_E2E4.smt2 : 14676 ms.
--------------------------------------------------
unsat
QF_NRA/20161105-Sturm-MBO/mbo_E2E5.smt2 : 19813 ms.
--------------------------------------------------
unsat
QF_NRA/20161105-Sturm-MBO/mbo_E2E6.smt2 : 20637 ms.
--------------------------------------------------
unsat
QF_NRA/20161105-Sturm-MBO/mbo_E2E7.smt2 : 6519 ms.
--------------------------------------------------
unsat
QF_NRA/20161105-Sturm-MBO/mbo_E2E8.smt2 : 19150 ms.
--------------------------------------------------
tcmalloc: large alloc 1382203392 bytes == 0x4b0a72000 @  0x1641680 0x1641680 0x1641680 0x1641680 0x1641680 0x1641680 0x1641680 0x1641680 0x1641680 0x1641680 0x1641680 0x1641680 0x1641680 0x1641680 0x1641680 0x1641680 0x1641680 0x1641680 0x1641680 0x1641680 0x1641680 0x1641680 0x1641680 0x1641680 0x1641680 0x1641680 0x1641680 0x1641680 0x1641680 0x1641680 0x1641680
./solvers/mathsat/run.sh: line 3: 410684 Killed                  ./mathsat ../$1
QF_NRA/20161105-Sturm-MBO/mbo_E2E9.smt2 : 1802315 ms.
--------------------------------------------------
unsat
QF_NRA/20161105-Sturm-MBO/mbo_E2.smt2 : 392 ms.
--------------------------------------------------
./solvers/mathsat/run.sh: line 3: 413054 Killed                  ./mathsat ../$1
QF_NRA/20161105-Sturm-MBO/mbo_E3E10.smt2 : 1802419 ms.
--------------------------------------------------
unsat
QF_NRA/20161105-Sturm-MBO/mbo_E3E11.smt2 : 3458 ms.
--------------------------------------------------
unsat
QF_NRA/20161105-Sturm-MBO/mbo_E3E12.smt2 : 14542 ms.
--------------------------------------------------
unsat
QF_NRA/20161105-Sturm-MBO/mbo_E3E13.smt2 : 16659 ms.
--------------------------------------------------
tcmalloc: large alloc 1382203392 bytes == 0x3e5928000 @  0x1641680 0x1641680 0x1641680 0x1641680 0x1641680 0x1641680 0x1641680 0x1641680 0x1641680 0x1641680 0x1641680 0x1641680 0x1641680 0x1641680 0x1641680 0x1641680 0x1641680 0x1641680 0x1641680 0x1641680 0x1641680 0x1641680 0x1641680 0x1641680 0x1641680 0x1641680 0x1641680 0x1641680 0x1641680 0x1641680 0x1641680
./solvers/mathsat/run.sh: line 3: 414401 Killed                  ./mathsat ../$1
QF_NRA/20161105-Sturm-MBO/mbo_E3E14.smt2 : 1803716 ms.
--------------------------------------------------
unsat
QF_NRA/20161105-Sturm-MBO/mbo_E3E15.smt2 : 14799 ms.
--------------------------------------------------
tcmalloc: large alloc 1382203392 bytes == 0x43f1bc000 @  0x1641680 0x1641680 0x1641680 0x1641680 0x1641680 0x1641680 0x1641680 0x1641680 0x1641680 0x1641680 0x1641680 0x1641680 0x1641680 0x1641680 0x1641680 0x1641680 0x1641680 0x1641680 0x1641680 0x1641680 0x1641680 0x1641680 0x1641680 0x1641680 0x1641680 0x1641680 0x1641680 0x1641680 0x1641680 0x1641680 0x1641680
./solvers/mathsat/run.sh: line 3: 415710 Killed                  ./mathsat ../$1
QF_NRA/20161105-Sturm-MBO/mbo_E3E16.smt2 : 1802101 ms.
--------------------------------------------------
tcmalloc: large alloc 1382203392 bytes == 0x47b3f0000 @  0x1641680 0x1641680 0x1641680 0x1641680 0x1641680 0x1641680 0x1641680 0x1641680 0x1641680 0x1641680 0x1641680 0x1641680 0x1641680 0x1641680 0x1641680 0x1641680 0x1641680 0x1641680 0x1641680 0x1641680 0x1641680 0x1641680 0x1641680 0x1641680 0x1641680 0x1641680 0x1641680 0x1641680 0x1641680 0x1641680 0x1641680
./solvers/mathsat/run.sh: line 3: 416986 Killed                  ./mathsat ../$1
QF_NRA/20161105-Sturm-MBO/mbo_E3E17.smt2 : 1803373 ms.
--------------------------------------------------
unsat
QF_NRA/20161105-Sturm-MBO/mbo_E3E18.smt2 : 13061 ms.
--------------------------------------------------
unsat
QF_NRA/20161105-Sturm-MBO/mbo_E3E19.smt2 : 14793 ms.
--------------------------------------------------
unsat
QF_NRA/20161105-Sturm-MBO/mbo_E3E20.smt2 : 8084 ms.
--------------------------------------------------
unsat
QF_NRA/20161105-Sturm-MBO/mbo_E3E21.smt2 : 6668 ms.
--------------------------------------------------
unsat
QF_NRA/20161105-Sturm-MBO/mbo_E3E22.smt2 : 8969 ms.
--------------------------------------------------
unsat
QF_NRA/20161105-Sturm-MBO/mbo_E3E23.smt2 : 7019 ms.
--------------------------------------------------
unsat
QF_NRA/20161105-Sturm-MBO/mbo_E3E24.smt2 : 10246 ms.
--------------------------------------------------
unsat
QF_NRA/20161105-Sturm-MBO/mbo_E3E25.smt2 : 10027 ms.
--------------------------------------------------
unsat
QF_NRA/20161105-Sturm-MBO/mbo_E3E26.smt2 : 8340 ms.
--------------------------------------------------
unsat
QF_NRA/20161105-Sturm-MBO/mbo_E3E27.smt2 : 1780 ms.
--------------------------------------------------
unsat
QF_NRA/20161105-Sturm-MBO/mbo_E3E28.smt2 : 9453 ms.
--------------------------------------------------
unsat
QF_NRA/20161105-Sturm-MBO/mbo_E3E4.smt2 : 14180 ms.
--------------------------------------------------
unsat
QF_NRA/20161105-Sturm-MBO/mbo_E3E5.smt2 : 17273 ms.
--------------------------------------------------
unsat
QF_NRA/20161105-Sturm-MBO/mbo_E3E6.smt2 : 17636 ms.
--------------------------------------------------
unsat
QF_NRA/20161105-Sturm-MBO/mbo_E3E7.smt2 : 5838 ms.
--------------------------------------------------
unsat
QF_NRA/20161105-Sturm-MBO/mbo_E3E8.smt2 : 16811 ms.
--------------------------------------------------
./solvers/mathsat/run.sh: line 3: 418389 Killed                  ./mathsat ../$1
QF_NRA/20161105-Sturm-MBO/mbo_E3E9.smt2 : 1801431 ms.
--------------------------------------------------
unsat
QF_NRA/20161105-Sturm-MBO/mbo_E3.smt2 : 445 ms.
--------------------------------------------------
./solvers/mathsat/run.sh: line 3: 419376 Killed                  ./mathsat ../$1
QF_NRA/20161105-Sturm-MBO/mbo_E4E10.smt2 : 1801592 ms.
--------------------------------------------------
./solvers/mathsat/run.sh: line 3: 421004 Killed                  ./mathsat ../$1
QF_NRA/20161105-Sturm-MBO/mbo_E4E11.smt2 : 1801381 ms.
--------------------------------------------------
./solvers/mathsat/run.sh: line 3: 421961 Killed                  ./mathsat ../$1
QF_NRA/20161105-Sturm-MBO/mbo_E4E12.smt2 : 1802295 ms.
--------------------------------------------------
./solvers/mathsat/run.sh: line 3: 422844 Killed                  ./mathsat ../$1
QF_NRA/20161105-Sturm-MBO/mbo_E4E13.smt2 : 1801319 ms.
--------------------------------------------------
./solvers/mathsat/run.sh: line 3: 423847 Killed                  ./mathsat ../$1
QF_NRA/20161105-Sturm-MBO/mbo_E4E14.smt2 : 1802891 ms.
--------------------------------------------------
./solvers/mathsat/run.sh: line 3: 424731 Killed                  ./mathsat ../$1
QF_NRA/20161105-Sturm-MBO/mbo_E4E15.smt2 : 1800789 ms.
--------------------------------------------------
tcmalloc: large alloc 1382203392 bytes == 0x45d620000 @  0x1641680 0x1641680 0x1641680 0x1641680 0x1641680 0x1641680 0x1641680 0x1641680 0x1641680 0x1641680 0x1641680 0x1641680 0x1641680 0x1641680 0x1641680 0x1641680 0x1641680 0x1641680 0x1641680 0x1641680 0x1641680 0x1641680 0x1641680 0x1641680 0x1641680 0x1641680 0x1641680 0x1641680 0x1641680 0x1641680 0x1641680
./solvers/mathsat/run.sh: line 3: 425732 Killed                  ./mathsat ../$1
QF_NRA/20161105-Sturm-MBO/mbo_E4E16.smt2 : 1801524 ms.
--------------------------------------------------
./solvers/mathsat/run.sh: line 3: 426581 Killed                  ./mathsat ../$1
QF_NRA/20161105-Sturm-MBO/mbo_E4E17.smt2 : 1801761 ms.
--------------------------------------------------
./solvers/mathsat/run.sh: line 3: 427646 Killed                  ./mathsat ../$1
QF_NRA/20161105-Sturm-MBO/mbo_E4E18.smt2 : 1801566 ms.
--------------------------------------------------
./solvers/mathsat/run.sh: line 3: 428478 Killed                  ./mathsat ../$1
QF_NRA/20161105-Sturm-MBO/mbo_E4E19.smt2 : 1801684 ms.
--------------------------------------------------
./solvers/mathsat/run.sh: line 3: 429533 Killed                  ./mathsat ../$1
QF_NRA/20161105-Sturm-MBO/mbo_E4E20.smt2 : 1801233 ms.
--------------------------------------------------
./solvers/mathsat/run.sh: line 3: 430314 Killed                  ./mathsat ../$1
QF_NRA/20161105-Sturm-MBO/mbo_E4E21.smt2 : 1800985 ms.
--------------------------------------------------
./solvers/mathsat/run.sh: line 3: 430960 Killed                  ./mathsat ../$1
QF_NRA/20161105-Sturm-MBO/mbo_E4E22.smt2 : 1801093 ms.
--------------------------------------------------
unsat
QF_NRA/20161105-Sturm-MBO/mbo_E4E23.smt2 : 6310 ms.
--------------------------------------------------
unsat
QF_NRA/20161105-Sturm-MBO/mbo_E4E24.smt2 : 8702 ms.
--------------------------------------------------
./solvers/mathsat/run.sh: line 3: 431704 Killed                  ./mathsat ../$1
QF_NRA/20161105-Sturm-MBO/mbo_E4E25.smt2 : 1801280 ms.
--------------------------------------------------
unsat
QF_NRA/20161105-Sturm-MBO/mbo_E4E26.smt2 : 7810 ms.
--------------------------------------------------
unsat
QF_NRA/20161105-Sturm-MBO/mbo_E4E27.smt2 : 1085 ms.
--------------------------------------------------
unsat
QF_NRA/20161105-Sturm-MBO/mbo_E4E28.smt2 : 7562 ms.
--------------------------------------------------
unsat
QF_NRA/20161105-Sturm-MBO/mbo_E4E5.smt2 : 16535 ms.
--------------------------------------------------
unsat
QF_NRA/20161105-Sturm-MBO/mbo_E4E6.smt2 : 13151 ms.
--------------------------------------------------
unsat
QF_NRA/20161105-Sturm-MBO/mbo_E4E7.smt2 : 3368 ms.
--------------------------------------------------
./solvers/mathsat/run.sh: line 3: 432515 Killed                  ./mathsat ../$1
QF_NRA/20161105-Sturm-MBO/mbo_E4E8.smt2 : 1801535 ms.
--------------------------------------------------
./solvers/mathsat/run.sh: line 3: 433351 Killed                  ./mathsat ../$1
QF_NRA/20161105-Sturm-MBO/mbo_E4E9.smt2 : 1801407 ms.
--------------------------------------------------
unsat
QF_NRA/20161105-Sturm-MBO/mbo_E4.smt2 : 651 ms.
--------------------------------------------------
tcmalloc: large alloc 1382203392 bytes == 0x3e4ac4000 @  0x1641680 0x1641680 0x1641680 0x1641680 0x1641680 0x1641680 0x1641680 0x1641680 0x1641680 0x1641680 0x1641680 0x1641680 0x1641680 0x1641680 0x1641680 0x1641680 0x1641680 0x1641680 0x1641680 0x1641680 0x1641680 0x1641680 0x1641680 0x1641680 0x1641680 0x1641680 0x1641680 0x1641680 0x1641680 0x1641680 0x1641680
./solvers/mathsat/run.sh: line 3: 434222 Killed                  ./mathsat ../$1
QF_NRA/20161105-Sturm-MBO/mbo_E5E10.smt2 : 1801536 ms.
--------------------------------------------------
unsat
QF_NRA/20161105-Sturm-MBO/mbo_E5E11.smt2 : 369 ms.
--------------------------------------------------
unsat
QF_NRA/20161105-Sturm-MBO/mbo_E5E12.smt2 : 15064 ms.
--------------------------------------------------
unsat
QF_NRA/20161105-Sturm-MBO/mbo_E5E13.smt2 : 16483 ms.
--------------------------------------------------
unsat
QF_NRA/20161105-Sturm-MBO/mbo_E5E15.smt2 : 14715 ms.
--------------------------------------------------
unsat
QF_NRA/20161105-Sturm-MBO/mbo_E5E16.smt2 : 585 ms.
--------------------------------------------------
unsat
QF_NRA/20161105-Sturm-MBO/mbo_E5E17.smt2 : 798 ms.
--------------------------------------------------
./solvers/mathsat/run.sh: line 3: 434870 Killed                  ./mathsat ../$1
QF_NRA/20161105-Sturm-MBO/mbo_E5E18.smt2 : 1801541 ms.
--------------------------------------------------
unsat
QF_NRA/20161105-Sturm-MBO/mbo_E5E19.smt2 : 15079 ms.
--------------------------------------------------
unsat
QF_NRA/20161105-Sturm-MBO/mbo_E5E20.smt2 : 9144 ms.
--------------------------------------------------
unsat
QF_NRA/20161105-Sturm-MBO/mbo_E5E21.smt2 : 1240 ms.
--------------------------------------------------
unsat
QF_NRA/20161105-Sturm-MBO/mbo_E5E22.smt2 : 10227 ms.
--------------------------------------------------
unsat
QF_NRA/20161105-Sturm-MBO/mbo_E5E23.smt2 : 427 ms.
--------------------------------------------------
unsat
QF_NRA/20161105-Sturm-MBO/mbo_E5E24.smt2 : 11460 ms.
--------------------------------------------------
unsat
QF_NRA/20161105-Sturm-MBO/mbo_E5E25.smt2 : 10538 ms.
--------------------------------------------------
unsat
QF_NRA/20161105-Sturm-MBO/mbo_E5E26.smt2 : 419 ms.
--------------------------------------------------
unsat
QF_NRA/20161105-Sturm-MBO/mbo_E5E27.smt2 : 294 ms.
--------------------------------------------------
unsat
QF_NRA/20161105-Sturm-MBO/mbo_E5E28.smt2 : 644 ms.
--------------------------------------------------
unsat
QF_NRA/20161105-Sturm-MBO/mbo_E5E6.smt2 : 649 ms.
--------------------------------------------------
unsat
QF_NRA/20161105-Sturm-MBO/mbo_E5E7.smt2 : 651 ms.
--------------------------------------------------
unsat
QF_NRA/20161105-Sturm-MBO/mbo_E5E8.smt2 : 17992 ms.
--------------------------------------------------
unsat
QF_NRA/20161105-Sturm-MBO/mbo_E5E9.smt2 : 2045 ms.
--------------------------------------------------
unsat
QF_NRA/20161105-Sturm-MBO/mbo_E5.smt2 : 91 ms.
--------------------------------------------------
./solvers/mathsat/run.sh: line 3: 435842 Killed                  ./mathsat ../$1
QF_NRA/20161105-Sturm-MBO/mbo_E6E10.smt2 : 1801517 ms.
--------------------------------------------------
unsat
QF_NRA/20161105-Sturm-MBO/mbo_E6E11.smt2 : 477 ms.
--------------------------------------------------
unsat
QF_NRA/20161105-Sturm-MBO/mbo_E6E12.smt2 : 16886 ms.
--------------------------------------------------
unsat
QF_NRA/20161105-Sturm-MBO/mbo_E6E13.smt2 : 16720 ms.
--------------------------------------------------
tcmalloc: large alloc 1382203392 bytes == 0x45e98a000 @  0x1641680 0x1641680 0x1641680 0x1641680 0x1641680 0x1641680 0x1641680 0x1641680 0x1641680 0x1641680 0x1641680 0x1641680 0x1641680 0x1641680 0x1641680 0x1641680 0x1641680 0x1641680 0x1641680 0x1641680 0x1641680 0x1641680 0x1641680 0x1641680 0x1641680 0x1641680 0x1641680 0x1641680 0x1641680 0x1641680 0x1641680
./solvers/mathsat/run.sh: line 3: 436528 Killed                  ./mathsat ../$1
QF_NRA/20161105-Sturm-MBO/mbo_E6E14.smt2 : 1805035 ms.
--------------------------------------------------
unsat
QF_NRA/20161105-Sturm-MBO/mbo_E6E15.smt2 : 15843 ms.
--------------------------------------------------
unsat
QF_NRA/20161105-Sturm-MBO/mbo_E6E16.smt2 : 612 ms.
--------------------------------------------------
unsat
QF_NRA/20161105-Sturm-MBO/mbo_E6E17.smt2 : 912 ms.
--------------------------------------------------
./solvers/mathsat/run.sh: line 3: 437102 Killed                  ./mathsat ../$1
QF_NRA/20161105-Sturm-MBO/mbo_E6E18.smt2 : 1801910 ms.
--------------------------------------------------
tcmalloc: large alloc 1382203392 bytes == 0x5b0fbe000 @  0x1641680 0x1641680 0x1641680 0x1641680 0x1641680 0x1641680 0x1641680 0x1641680 0x1641680 0x1641680 0x1641680 0x1641680 0x1641680 0x1641680 0x1641680 0x1641680 0x1641680 0x1641680 0x1641680 0x1641680 0x1641680 0x1641680 0x1641680 0x1641680 0x1641680 0x1641680 0x1641680 0x1641680 0x1641680 0x1641680 0x1641680
./solvers/mathsat/run.sh: line 3: 437555 Killed                  ./mathsat ../$1
QF_NRA/20161105-Sturm-MBO/mbo_E6E19.smt2 : 1801526 ms.
--------------------------------------------------
./solvers/mathsat/run.sh: line 3: 438030 Killed                  ./mathsat ../$1
QF_NRA/20161105-Sturm-MBO/mbo_E6E20.smt2 : 1801157 ms.
--------------------------------------------------
./solvers/mathsat/run.sh: line 3: 438567 Killed                  ./mathsat ../$1
QF_NRA/20161105-Sturm-MBO/mbo_E6E21.smt2 : 1800446 ms.
--------------------------------------------------
./solvers/mathsat/run.sh: line 3: 438995 Killed                  ./mathsat ../$1
QF_NRA/20161105-Sturm-MBO/mbo_E6E22.smt2 : 1800705 ms.
--------------------------------------------------
unsat
QF_NRA/20161105-Sturm-MBO/mbo_E6E23.smt2 : 593 ms.
--------------------------------------------------
unsat
QF_NRA/20161105-Sturm-MBO/mbo_E6E24.smt2 : 9879 ms.
--------------------------------------------------
./solvers/mathsat/run.sh: line 3: 439465 Killed                  ./mathsat ../$1
QF_NRA/20161105-Sturm-MBO/mbo_E6E25.smt2 : 1800850 ms.
--------------------------------------------------
unsat
QF_NRA/20161105-Sturm-MBO/mbo_E6E26.smt2 : 814 ms.
--------------------------------------------------
unsat
QF_NRA/20161105-Sturm-MBO/mbo_E6E27.smt2 : 168 ms.
--------------------------------------------------
unsat
QF_NRA/20161105-Sturm-MBO/mbo_E6E28.smt2 : 584 ms.
--------------------------------------------------
unsat
QF_NRA/20161105-Sturm-MBO/mbo_E6E7.smt2 : 378 ms.
--------------------------------------------------
unsat
QF_NRA/20161105-Sturm-MBO/mbo_E6E8.smt2 : 16852 ms.
--------------------------------------------------
unsat
QF_NRA/20161105-Sturm-MBO/mbo_E6E9.smt2 : 1083 ms.
--------------------------------------------------
unsat
QF_NRA/20161105-Sturm-MBO/mbo_E6.smt2 : 76 ms.
--------------------------------------------------
./solvers/mathsat/run.sh: line 3: 439907 Killed                  ./mathsat ../$1
QF_NRA/20161105-Sturm-MBO/mbo_E7E10.smt2 : 1800453 ms.
--------------------------------------------------
unsat
QF_NRA/20161105-Sturm-MBO/mbo_E7E11.smt2 : 36 ms.
--------------------------------------------------
unsat
QF_NRA/20161105-Sturm-MBO/mbo_E7E12.smt2 : 5029 ms.
--------------------------------------------------
unsat
QF_NRA/20161105-Sturm-MBO/mbo_E7E13.smt2 : 5665 ms.
--------------------------------------------------
./solvers/mathsat/run.sh: line 3: 440309 Killed                  ./mathsat ../$1
QF_NRA/20161105-Sturm-MBO/mbo_E7E14.smt2 : 1800885 ms.
--------------------------------------------------
unsat
QF_NRA/20161105-Sturm-MBO/mbo_E7E15.smt2 : 5130 ms.
--------------------------------------------------
unsat
QF_NRA/20161105-Sturm-MBO/mbo_E7E16.smt2 : 394 ms.
--------------------------------------------------
unsat
QF_NRA/20161105-Sturm-MBO/mbo_E7E17.smt2 : 348 ms.
--------------------------------------------------
./solvers/mathsat/run.sh: line 3: 440788 Killed                  ./mathsat ../$1
QF_NRA/20161105-Sturm-MBO/mbo_E7E18.smt2 : 1800482 ms.
--------------------------------------------------
unsat
QF_NRA/20161105-Sturm-MBO/mbo_E7E19.smt2 : 4438 ms.
--------------------------------------------------
unsat
QF_NRA/20161105-Sturm-MBO/mbo_E7E20.smt2 : 1742 ms.
--------------------------------------------------
unsat
QF_NRA/20161105-Sturm-MBO/mbo_E7E21.smt2 : 172 ms.
--------------------------------------------------
unsat
QF_NRA/20161105-Sturm-MBO/mbo_E7E22.smt2 : 2260 ms.
--------------------------------------------------
unsat
QF_NRA/20161105-Sturm-MBO/mbo_E7E23.smt2 : 349 ms.
--------------------------------------------------
unsat
QF_NRA/20161105-Sturm-MBO/mbo_E7E24.smt2 : 2799 ms.
--------------------------------------------------
unsat
QF_NRA/20161105-Sturm-MBO/mbo_E7E25.smt2 : 2682 ms.
--------------------------------------------------
unsat
QF_NRA/20161105-Sturm-MBO/mbo_E7E26.smt2 : 211 ms.
--------------------------------------------------
unsat
QF_NRA/20161105-Sturm-MBO/mbo_E7E27.smt2 : 29 ms.
--------------------------------------------------
unsat
QF_NRA/20161105-Sturm-MBO/mbo_E7E28.smt2 : 264 ms.
--------------------------------------------------
unsat
QF_NRA/20161105-Sturm-MBO/mbo_E7E8.smt2 : 6511 ms.
--------------------------------------------------
unsat
QF_NRA/20161105-Sturm-MBO/mbo_E7E9.smt2 : 406 ms.
--------------------------------------------------
unsat
QF_NRA/20161105-Sturm-MBO/mbo_E7.smt2 : 33 ms.
--------------------------------------------------
./solvers/mathsat/run.sh: line 3: 441298 Killed                  ./mathsat ../$1
QF_NRA/20161105-Sturm-MBO/mbo_E8E10.smt2 : 1801854 ms.
--------------------------------------------------
unsat
QF_NRA/20161105-Sturm-MBO/mbo_E8E11.smt2 : 3284 ms.
--------------------------------------------------
unsat
QF_NRA/20161105-Sturm-MBO/mbo_E8E12.smt2 : 14673 ms.
--------------------------------------------------
unsat
QF_NRA/20161105-Sturm-MBO/mbo_E8E13.smt2 : 15447 ms.
--------------------------------------------------
tcmalloc: large alloc 1382203392 bytes == 0x3d0b4c000 @  0x1641680 0x1641680 0x1641680 0x1641680 0x1641680 0x1641680 0x1641680 0x1641680 0x1641680 0x1641680 0x1641680 0x1641680 0x1641680 0x1641680 0x1641680 0x1641680 0x1641680 0x1641680 0x1641680 0x1641680 0x1641680 0x1641680 0x1641680 0x1641680 0x1641680 0x1641680 0x1641680 0x1641680 0x1641680 0x1641680 0x1641680
./solvers/mathsat/run.sh: line 3: 441729 Killed                  ./mathsat ../$1
QF_NRA/20161105-Sturm-MBO/mbo_E8E14.smt2 : 1801254 ms.
--------------------------------------------------
unsat
QF_NRA/20161105-Sturm-MBO/mbo_E8E15.smt2 : 15158 ms.
--------------------------------------------------
tcmalloc: large alloc 1382203392 bytes == 0x45f20e000 @  0x1641680 0x1641680 0x1641680 0x1641680 0x1641680 0x1641680 0x1641680 0x1641680 0x1641680 0x1641680 0x1641680 0x1641680 0x1641680 0x1641680 0x1641680 0x1641680 0x1641680 0x1641680 0x1641680 0x1641680 0x1641680 0x1641680 0x1641680 0x1641680 0x1641680 0x1641680 0x1641680 0x1641680 0x1641680 0x1641680 0x1641680
./solvers/mathsat/run.sh: line 3: 442090 Killed                  ./mathsat ../$1
QF_NRA/20161105-Sturm-MBO/mbo_E8E16.smt2 : 1804326 ms.
--------------------------------------------------
tcmalloc: large alloc 1382203392 bytes == 0x445ef2000 @  0x1641680 0x1641680 0x1641680 0x1641680 0x1641680 0x1641680 0x1641680 0x1641680 0x1641680 0x1641680 0x1641680 0x1641680 0x1641680 0x1641680 0x1641680 0x1641680 0x1641680 0x1641680 0x1641680 0x1641680 0x1641680 0x1641680 0x1641680 0x1641680 0x1641680 0x1641680 0x1641680 0x1641680 0x1641680 0x1641680 0x1641680
./solvers/mathsat/run.sh: line 3: 442438 Killed                  ./mathsat ../$1
QF_NRA/20161105-Sturm-MBO/mbo_E8E17.smt2 : 1801798 ms.
--------------------------------------------------
unsat
QF_NRA/20161105-Sturm-MBO/mbo_E8E18.smt2 : 13139 ms.
--------------------------------------------------
unsat
QF_NRA/20161105-Sturm-MBO/mbo_E8E19.smt2 : 14081 ms.
--------------------------------------------------
./solvers/mathsat/run.sh: line 3: 442813 Killed                  ./mathsat ../$1
QF_NRA/20161105-Sturm-MBO/mbo_E8E20.smt2 : 1801978 ms.
--------------------------------------------------
./solvers/mathsat/run.sh: line 3: 443300 Killed                  ./mathsat ../$1
QF_NRA/20161105-Sturm-MBO/mbo_E8E21.smt2 : 1801521 ms.
--------------------------------------------------
unsat
QF_NRA/20161105-Sturm-MBO/mbo_E8E22.smt2 : 7923 ms.
--------------------------------------------------
unsat
QF_NRA/20161105-Sturm-MBO/mbo_E8E23.smt2 : 6820 ms.
--------------------------------------------------
unsat
QF_NRA/20161105-Sturm-MBO/mbo_E8E24.smt2 : 8846 ms.
--------------------------------------------------
unsat
QF_NRA/20161105-Sturm-MBO/mbo_E8E25.smt2 : 8696 ms.
--------------------------------------------------
unsat
QF_NRA/20161105-Sturm-MBO/mbo_E8E26.smt2 : 7552 ms.
--------------------------------------------------
unsat
QF_NRA/20161105-Sturm-MBO/mbo_E8E27.smt2 : 1794 ms.
--------------------------------------------------
unsat
QF_NRA/20161105-Sturm-MBO/mbo_E8E28.smt2 : 8214 ms.
--------------------------------------------------
tcmalloc: large alloc 1382203392 bytes == 0x3cc212000 @  0x1641680 0x1641680 0x1641680 0x1641680 0x1641680 0x1641680 0x1641680 0x1641680 0x1641680 0x1641680 0x1641680 0x1641680 0x1641680 0x1641680 0x1641680 0x1641680 0x1641680 0x1641680 0x1641680 0x1641680 0x1641680 0x1641680 0x1641680 0x1641680 0x1641680 0x1641680 0x1641680 0x1641680 0x1641680 0x1641680 0x1641680
./solvers/mathsat/run.sh: line 3: 443696 Killed                  ./mathsat ../$1
QF_NRA/20161105-Sturm-MBO/mbo_E8E9.smt2 : 1801143 ms.
--------------------------------------------------
unsat
QF_NRA/20161105-Sturm-MBO/mbo_E8.smt2 : 367 ms.
--------------------------------------------------
unsat
QF_NRA/20161105-Sturm-MBO/mbo_E9E10.smt2 : 541 ms.
--------------------------------------------------
unsat
QF_NRA/20161105-Sturm-MBO/mbo_E9E11.smt2 : 73 ms.
--------------------------------------------------
unsat
QF_NRA/20161105-Sturm-MBO/mbo_E9E12.smt2 : 7520 ms.
--------------------------------------------------
unsat
QF_NRA/20161105-Sturm-MBO/mbo_E9E13.smt2 : 9434 ms.
--------------------------------------------------
./solvers/mathsat/run.sh: line 3: 444048 Killed                  ./mathsat ../$1
QF_NRA/20161105-Sturm-MBO/mbo_E9E14.smt2 : 1801171 ms.
--------------------------------------------------
unsat
QF_NRA/20161105-Sturm-MBO/mbo_E9E15.smt2 : 7208 ms.
--------------------------------------------------
unsat
QF_NRA/20161105-Sturm-MBO/mbo_E9E16.smt2 : 432 ms.
--------------------------------------------------
unsat
QF_NRA/20161105-Sturm-MBO/mbo_E9E17.smt2 : 729 ms.
--------------------------------------------------
./solvers/mathsat/run.sh: line 3: 444388 Killed                  ./mathsat ../$1
QF_NRA/20161105-Sturm-MBO/mbo_E9E18.smt2 : 1801505 ms.
--------------------------------------------------
./solvers/mathsat/run.sh: line 3: 444710 Killed                  ./mathsat ../$1
QF_NRA/20161105-Sturm-MBO/mbo_E9E19.smt2 : 1801324 ms.
--------------------------------------------------
unsat
QF_NRA/20161105-Sturm-MBO/mbo_E9E20.smt2 : 479 ms.
--------------------------------------------------
unsat
QF_NRA/20161105-Sturm-MBO/mbo_E9E21.smt2 : 78 ms.
--------------------------------------------------
./solvers/mathsat/run.sh: line 3: 445068 Killed                  ./mathsat ../$1
QF_NRA/20161105-Sturm-MBO/mbo_E9E22.smt2 : 1801545 ms.
--------------------------------------------------
unsat
QF_NRA/20161105-Sturm-MBO/mbo_E9E23.smt2 : 459 ms.
--------------------------------------------------
./solvers/mathsat/run.sh: line 3: 445430 Killed                  ./mathsat ../$1
QF_NRA/20161105-Sturm-MBO/mbo_E9E24.smt2 : 1802002 ms.
