--------------------------------------------------
sat
QF_NRA/meti-tarski/cbrt/3/cbrt-problem-3-chunk-0015.smt2 : 33 ms.
--------------------------------------------------
unsat
QF_NRA/meti-tarski/cbrt/3/cbrt-problem-3-chunk-0016.smt2 : 33 ms.
--------------------------------------------------
unsat
QF_NRA/meti-tarski/cbrt/3/cbrt-problem-3-chunk-0017.smt2 : 45 ms.
--------------------------------------------------
unsat
QF_NRA/meti-tarski/cbrt/3/cbrt-problem-3-chunk-0018.smt2 : 37 ms.
--------------------------------------------------
sat
QF_NRA/meti-tarski/cbrt/3/cbrt-problem-3-chunk-0019.smt2 : 30 ms.
--------------------------------------------------
sat
QF_NRA/meti-tarski/cbrt/3/cbrt-problem-3-chunk-0026.smt2 : 16097 ms.
--------------------------------------------------
sat
QF_NRA/meti-tarski/cbrt/3/cbrt-problem-3-chunk-0027.smt2 : 24 ms.
--------------------------------------------------
unsat
QF_NRA/meti-tarski/cbrt/3/cbrt-problem-3-chunk-0028.smt2 : 24 ms.
--------------------------------------------------
./solvers/mathsat/run.sh: line 3: 394735 Killed                  ./mathsat ../$1
QF_NRA/meti-tarski/cbrt/3/cbrt-problem-3-chunk-0030.smt2 : 1800157 ms.
--------------------------------------------------
./solvers/mathsat/run.sh: line 3: 398854 Killed                  ./mathsat ../$1
QF_NRA/meti-tarski/cbrt/3/cbrt-problem-3-chunk-0032.smt2 : 1800245 ms.
--------------------------------------------------
unsat
QF_NRA/meti-tarski/cbrt/3/cbrt-problem-3-chunk-0033.smt2 : 38 ms.
--------------------------------------------------
sat
QF_NRA/meti-tarski/cbrt/3/cbrt-problem-3-chunk-0049.smt2 : 27 ms.
--------------------------------------------------
unsat
QF_NRA/meti-tarski/cbrt/3/cbrt-problem-3-chunk-0050.smt2 : 32 ms.
--------------------------------------------------
unsat
QF_NRA/meti-tarski/cbrt/3/cbrt-problem-3-chunk-0051.smt2 : 34 ms.
--------------------------------------------------
unsat
QF_NRA/meti-tarski/cbrt/3/cbrt-problem-3-chunk-0052.smt2 : 31 ms.
--------------------------------------------------
sat
QF_NRA/meti-tarski/cbrt/3/cbrt-problem-3-chunk-0053.smt2 : 27 ms.
--------------------------------------------------
sat
QF_NRA/meti-tarski/cbrt/3/cbrt-problem-3-chunk-0054.smt2 : 26 ms.
--------------------------------------------------
unsat
QF_NRA/meti-tarski/cbrt/3/cbrt-problem-3-chunk-0055.smt2 : 31 ms.
--------------------------------------------------
unsat
QF_NRA/meti-tarski/cbrt/3/cbrt-problem-3-chunk-0056.smt2 : 32 ms.
--------------------------------------------------
sat
QF_NRA/meti-tarski/cbrt/3/cbrt-problem-3-chunk-0061.smt2 : 28 ms.
--------------------------------------------------
unsat
QF_NRA/meti-tarski/cbrt/3/cbrt-problem-3-chunk-0062.smt2 : 47 ms.
--------------------------------------------------
unsat
QF_NRA/meti-tarski/cbrt/3/cbrt-problem-3-chunk-0063.smt2 : 68 ms.
--------------------------------------------------
unsat
QF_NRA/meti-tarski/cbrt/3/cbrt-problem-3-chunk-0064.smt2 : 57 ms.
--------------------------------------------------
unsat
QF_NRA/meti-tarski/cbrt/3/cbrt-problem-3-chunk-0065.smt2 : 36 ms.
--------------------------------------------------
sat
QF_NRA/meti-tarski/cbrt/3/cbrt-problem-3-chunk-0066.smt2 : 27 ms.
--------------------------------------------------
sat
QF_NRA/meti-tarski/cbrt/3/cbrt-problem-3-chunk-0067.smt2 : 33 ms.
--------------------------------------------------
unsat
QF_NRA/meti-tarski/cbrt/3/cbrt-problem-3-chunk-0068.smt2 : 39 ms.
--------------------------------------------------
unsat
QF_NRA/meti-tarski/cbrt/3/cbrt-problem-3-chunk-0070.smt2 : 35 ms.
--------------------------------------------------
sat
QF_NRA/meti-tarski/cbrt/3/cbrt-problem-3-chunk-0075.smt2 : 387594 ms.
--------------------------------------------------
sat
QF_NRA/meti-tarski/cbrt/3/cbrt-problem-3-chunk-0076.smt2 : 49 ms.
--------------------------------------------------
sat
QF_NRA/meti-tarski/cbrt/3/cbrt-problem-3-chunk-0077.smt2 : 53 ms.
--------------------------------------------------
unsat
QF_NRA/meti-tarski/cbrt/3/cbrt-problem-3-chunk-0078.smt2 : 27 ms.
--------------------------------------------------
sat
QF_NRA/meti-tarski/cbrt/3/cbrt-problem-3-chunk-0079.smt2 : 27 ms.
--------------------------------------------------
sat
QF_NRA/meti-tarski/cbrt/3/cbrt-problem-3-chunk-0080.smt2 : 27 ms.
--------------------------------------------------
sat
QF_NRA/meti-tarski/cbrt/3/cbrt-problem-3-chunk-0081.smt2 : 162 ms.
