--------------------------------------------------
unsat
QF_NRA/hycomp/ball_count_2d_slope.04.seq_lazy_global_0.smt2 : 31 ms.
--------------------------------------------------
unsat
QF_NRA/hycomp/ball_count_2d_slope.04.seq_lazy_global_10.smt2 : 2016 ms.
--------------------------------------------------
unsat
QF_NRA/hycomp/ball_count_2d_slope.04.seq_lazy_global_11.smt2 : 70 ms.
--------------------------------------------------
./solvers/mathsat/run.sh: line 3: 388006 Killed                  ./mathsat ../$1
QF_NRA/hycomp/ball_count_2d_slope.04.seq_lazy_global_12.smt2 : 1800201 ms.
--------------------------------------------------
unsat
QF_NRA/hycomp/ball_count_2d_slope.04.seq_lazy_global_13.smt2 : 70 ms.
--------------------------------------------------
./solvers/mathsat/run.sh: line 3: 397565 Killed                  ./mathsat ../$1
QF_NRA/hycomp/ball_count_2d_slope.04.seq_lazy_global_14.smt2 : 1800066 ms.
--------------------------------------------------
unsat
QF_NRA/hycomp/ball_count_2d_slope.04.seq_lazy_global_15.smt2 : 92 ms.
--------------------------------------------------
unsat
QF_NRA/hycomp/ball_count_2d_slope.04.seq_lazy_global_1.smt2 : 33 ms.
--------------------------------------------------
unsat
QF_NRA/hycomp/ball_count_2d_slope.04.seq_lazy_global_2.smt2 : 38 ms.
--------------------------------------------------
unsat
QF_NRA/hycomp/ball_count_2d_slope.04.seq_lazy_global_3.smt2 : 41 ms.
--------------------------------------------------
unsat
QF_NRA/hycomp/ball_count_2d_slope.04.seq_lazy_global_4.smt2 : 47 ms.
--------------------------------------------------
unsat
QF_NRA/hycomp/ball_count_2d_slope.04.seq_lazy_global_5.smt2 : 48 ms.
--------------------------------------------------
unsat
QF_NRA/hycomp/ball_count_2d_slope.04.seq_lazy_global_6.smt2 : 57 ms.
--------------------------------------------------
unsat
QF_NRA/hycomp/ball_count_2d_slope.04.seq_lazy_global_7.smt2 : 58 ms.
--------------------------------------------------
unsat
QF_NRA/hycomp/ball_count_2d_slope.04.seq_lazy_global_8.smt2 : 163 ms.
--------------------------------------------------
unsat
QF_NRA/hycomp/ball_count_2d_slope.04.seq_lazy_global_9.smt2 : 152 ms.
--------------------------------------------------
unsat
QF_NRA/hycomp/ball_count_2d_slope.04.seq_lazy_lemmas_global_0.smt2 : 83 ms.
--------------------------------------------------
unsat
QF_NRA/hycomp/ball_count_2d_slope.04.seq_lazy_lemmas_global_10.smt2 : 1183 ms.
--------------------------------------------------
unsat
QF_NRA/hycomp/ball_count_2d_slope.04.seq_lazy_lemmas_global_11.smt2 : 81 ms.
--------------------------------------------------
./solvers/mathsat/run.sh: line 3: 401593 Killed                  ./mathsat ../$1
QF_NRA/hycomp/ball_count_2d_slope.04.seq_lazy_lemmas_global_12.smt2 : 1800128 ms.
--------------------------------------------------
unsat
QF_NRA/hycomp/ball_count_2d_slope.04.seq_lazy_lemmas_global_13.smt2 : 81 ms.
--------------------------------------------------
./solvers/mathsat/run.sh: line 3: 404015 Killed                  ./mathsat ../$1
QF_NRA/hycomp/ball_count_2d_slope.04.seq_lazy_lemmas_global_14.smt2 : 1800079 ms.
--------------------------------------------------
unsat
QF_NRA/hycomp/ball_count_2d_slope.04.seq_lazy_lemmas_global_15.smt2 : 95 ms.
--------------------------------------------------
unsat
QF_NRA/hycomp/ball_count_2d_slope.04.seq_lazy_lemmas_global_1.smt2 : 37 ms.
--------------------------------------------------
unsat
QF_NRA/hycomp/ball_count_2d_slope.04.seq_lazy_lemmas_global_2.smt2 : 41 ms.
--------------------------------------------------
unsat
QF_NRA/hycomp/ball_count_2d_slope.04.seq_lazy_lemmas_global_3.smt2 : 43 ms.
--------------------------------------------------
unsat
QF_NRA/hycomp/ball_count_2d_slope.04.seq_lazy_lemmas_global_4.smt2 : 55 ms.
--------------------------------------------------
unsat
QF_NRA/hycomp/ball_count_2d_slope.04.seq_lazy_lemmas_global_5.smt2 : 49 ms.
--------------------------------------------------
unsat
QF_NRA/hycomp/ball_count_2d_slope.04.seq_lazy_lemmas_global_6.smt2 : 55 ms.
--------------------------------------------------
unsat
QF_NRA/hycomp/ball_count_2d_slope.04.seq_lazy_lemmas_global_7.smt2 : 64 ms.
--------------------------------------------------
unsat
QF_NRA/hycomp/ball_count_2d_slope.04.seq_lazy_lemmas_global_8.smt2 : 123 ms.
--------------------------------------------------
unsat
QF_NRA/hycomp/ball_count_2d_slope.04.seq_lazy_lemmas_global_9.smt2 : 71 ms.
--------------------------------------------------
unsat
QF_NRA/hycomp/ball_count_2d_slope.04.seq_lazy_linear_enc_global_0.smt2 : 28 ms.
--------------------------------------------------
./solvers/mathsat/run.sh: line 3: 406717 Killed                  ./mathsat ../$1
QF_NRA/hycomp/ball_count_2d_slope.04.seq_lazy_linear_enc_global_10.smt2 : 1800049 ms.
--------------------------------------------------
unsat
QF_NRA/hycomp/ball_count_2d_slope.04.seq_lazy_linear_enc_global_11.smt2 : 79 ms.
--------------------------------------------------
./solvers/mathsat/run.sh: line 3: 408320 Killed                  ./mathsat ../$1
QF_NRA/hycomp/ball_count_2d_slope.04.seq_lazy_linear_enc_global_12.smt2 : 1800056 ms.
--------------------------------------------------
unsat
QF_NRA/hycomp/ball_count_2d_slope.04.seq_lazy_linear_enc_global_13.smt2 : 69 ms.
--------------------------------------------------
./solvers/mathsat/run.sh: line 3: 410355 Killed                  ./mathsat ../$1
QF_NRA/hycomp/ball_count_2d_slope.04.seq_lazy_linear_enc_global_14.smt2 : 1800072 ms.
--------------------------------------------------
unsat
QF_NRA/hycomp/ball_count_2d_slope.04.seq_lazy_linear_enc_global_15.smt2 : 76 ms.
--------------------------------------------------
unsat
QF_NRA/hycomp/ball_count_2d_slope.04.seq_lazy_linear_enc_global_1.smt2 : 30 ms.
--------------------------------------------------
unsat
QF_NRA/hycomp/ball_count_2d_slope.04.seq_lazy_linear_enc_global_2.smt2 : 33 ms.
--------------------------------------------------
unsat
QF_NRA/hycomp/ball_count_2d_slope.04.seq_lazy_linear_enc_global_3.smt2 : 37 ms.
--------------------------------------------------
unsat
QF_NRA/hycomp/ball_count_2d_slope.04.seq_lazy_linear_enc_global_4.smt2 : 43 ms.
--------------------------------------------------
unsat
QF_NRA/hycomp/ball_count_2d_slope.04.seq_lazy_linear_enc_global_5.smt2 : 41 ms.
--------------------------------------------------
unsat
QF_NRA/hycomp/ball_count_2d_slope.04.seq_lazy_linear_enc_global_6.smt2 : 47 ms.
--------------------------------------------------
unsat
QF_NRA/hycomp/ball_count_2d_slope.04.seq_lazy_linear_enc_global_7.smt2 : 48 ms.
--------------------------------------------------
./solvers/mathsat/run.sh: line 3: 412225 Killed                  ./mathsat ../$1
QF_NRA/hycomp/ball_count_2d_slope.04.seq_lazy_linear_enc_global_8.smt2 : 1800055 ms.
--------------------------------------------------
unsat
QF_NRA/hycomp/ball_count_2d_slope.04.seq_lazy_linear_enc_global_9.smt2 : 56 ms.
--------------------------------------------------
unsat
QF_NRA/hycomp/ball_count_2d_slope.04.seq_lazy_linear_enc_lemmas_global_0.smt2 : 30 ms.
--------------------------------------------------
unsat
QF_NRA/hycomp/ball_count_2d_slope.04.seq_lazy_linear_enc_lemmas_global_10.smt2 : 65 ms.
--------------------------------------------------
unsat
QF_NRA/hycomp/ball_count_2d_slope.04.seq_lazy_linear_enc_lemmas_global_11.smt2 : 66 ms.
--------------------------------------------------
unsat
QF_NRA/hycomp/ball_count_2d_slope.04.seq_lazy_linear_enc_lemmas_global_12.smt2 : 68 ms.
--------------------------------------------------
unsat
QF_NRA/hycomp/ball_count_2d_slope.04.seq_lazy_linear_enc_lemmas_global_13.smt2 : 71 ms.
--------------------------------------------------
unsat
QF_NRA/hycomp/ball_count_2d_slope.04.seq_lazy_linear_enc_lemmas_global_14.smt2 : 75 ms.
--------------------------------------------------
unsat
QF_NRA/hycomp/ball_count_2d_slope.04.seq_lazy_linear_enc_lemmas_global_15.smt2 : 75 ms.
--------------------------------------------------
unsat
QF_NRA/hycomp/ball_count_2d_slope.04.seq_lazy_linear_enc_lemmas_global_1.smt2 : 30 ms.
--------------------------------------------------
unsat
QF_NRA/hycomp/ball_count_2d_slope.04.seq_lazy_linear_enc_lemmas_global_2.smt2 : 36 ms.
--------------------------------------------------
unsat
QF_NRA/hycomp/ball_count_2d_slope.04.seq_lazy_linear_enc_lemmas_global_3.smt2 : 39 ms.
--------------------------------------------------
unsat
QF_NRA/hycomp/ball_count_2d_slope.04.seq_lazy_linear_enc_lemmas_global_4.smt2 : 43 ms.
--------------------------------------------------
unsat
QF_NRA/hycomp/ball_count_2d_slope.04.seq_lazy_linear_enc_lemmas_global_5.smt2 : 47 ms.
--------------------------------------------------
unsat
QF_NRA/hycomp/ball_count_2d_slope.04.seq_lazy_linear_enc_lemmas_global_6.smt2 : 50 ms.
--------------------------------------------------
unsat
QF_NRA/hycomp/ball_count_2d_slope.04.seq_lazy_linear_enc_lemmas_global_7.smt2 : 51 ms.
--------------------------------------------------
unsat
QF_NRA/hycomp/ball_count_2d_slope.04.seq_lazy_linear_enc_lemmas_global_8.smt2 : 58 ms.
--------------------------------------------------
unsat
QF_NRA/hycomp/ball_count_2d_slope.04.seq_lazy_linear_enc_lemmas_global_9.smt2 : 59 ms.
--------------------------------------------------
unsat
QF_NRA/hycomp/ball_count_2d_slope.05.seq_lazy_global_0.smt2 : 33 ms.
--------------------------------------------------
unsat
QF_NRA/hycomp/ball_count_2d_slope.05.seq_lazy_global_10.smt2 : 139 ms.
--------------------------------------------------
unsat
QF_NRA/hycomp/ball_count_2d_slope.05.seq_lazy_global_11.smt2 : 61 ms.
--------------------------------------------------
unsat
QF_NRA/hycomp/ball_count_2d_slope.05.seq_lazy_global_12.smt2 : 1047 ms.
--------------------------------------------------
unsat
QF_NRA/hycomp/ball_count_2d_slope.05.seq_lazy_global_13.smt2 : 70 ms.
--------------------------------------------------
./solvers/mathsat/run.sh: line 3: 414132 Killed                  ./mathsat ../$1
QF_NRA/hycomp/ball_count_2d_slope.05.seq_lazy_global_14.smt2 : 1800085 ms.
--------------------------------------------------
unsat
QF_NRA/hycomp/ball_count_2d_slope.05.seq_lazy_global_15.smt2 : 77 ms.
--------------------------------------------------
unsat
QF_NRA/hycomp/ball_count_2d_slope.05.seq_lazy_global_1.smt2 : 32 ms.
--------------------------------------------------
unsat
QF_NRA/hycomp/ball_count_2d_slope.05.seq_lazy_global_2.smt2 : 35 ms.
--------------------------------------------------
unsat
QF_NRA/hycomp/ball_count_2d_slope.05.seq_lazy_global_3.smt2 : 38 ms.
--------------------------------------------------
unsat
QF_NRA/hycomp/ball_count_2d_slope.05.seq_lazy_global_4.smt2 : 44 ms.
--------------------------------------------------
unsat
QF_NRA/hycomp/ball_count_2d_slope.05.seq_lazy_global_5.smt2 : 43 ms.
--------------------------------------------------
unsat
QF_NRA/hycomp/ball_count_2d_slope.05.seq_lazy_global_6.smt2 : 47 ms.
--------------------------------------------------
unsat
QF_NRA/hycomp/ball_count_2d_slope.05.seq_lazy_global_7.smt2 : 51 ms.
--------------------------------------------------
unsat
QF_NRA/hycomp/ball_count_2d_slope.05.seq_lazy_global_8.smt2 : 54 ms.
--------------------------------------------------
unsat
QF_NRA/hycomp/ball_count_2d_slope.05.seq_lazy_global_9.smt2 : 56 ms.
--------------------------------------------------
unsat
QF_NRA/hycomp/ball_count_2d_slope.05.seq_lazy_lemmas_global_0.smt2 : 33 ms.
--------------------------------------------------
unsat
QF_NRA/hycomp/ball_count_2d_slope.05.seq_lazy_lemmas_global_10.smt2 : 138 ms.
--------------------------------------------------
unsat
QF_NRA/hycomp/ball_count_2d_slope.05.seq_lazy_lemmas_global_11.smt2 : 72 ms.
--------------------------------------------------
unsat
QF_NRA/hycomp/ball_count_2d_slope.05.seq_lazy_lemmas_global_12.smt2 : 3800 ms.
--------------------------------------------------
unsat
QF_NRA/hycomp/ball_count_2d_slope.05.seq_lazy_lemmas_global_13.smt2 : 83 ms.
--------------------------------------------------
./solvers/mathsat/run.sh: line 3: 415591 Killed                  ./mathsat ../$1
QF_NRA/hycomp/ball_count_2d_slope.05.seq_lazy_lemmas_global_14.smt2 : 1800111 ms.
--------------------------------------------------
unsat
QF_NRA/hycomp/ball_count_2d_slope.05.seq_lazy_lemmas_global_15.smt2 : 97 ms.
--------------------------------------------------
unsat
QF_NRA/hycomp/ball_count_2d_slope.05.seq_lazy_lemmas_global_1.smt2 : 43 ms.
--------------------------------------------------
unsat
QF_NRA/hycomp/ball_count_2d_slope.05.seq_lazy_lemmas_global_2.smt2 : 49 ms.
--------------------------------------------------
unsat
QF_NRA/hycomp/ball_count_2d_slope.05.seq_lazy_lemmas_global_3.smt2 : 53 ms.
--------------------------------------------------
unsat
QF_NRA/hycomp/ball_count_2d_slope.05.seq_lazy_lemmas_global_4.smt2 : 56 ms.
--------------------------------------------------
unsat
QF_NRA/hycomp/ball_count_2d_slope.05.seq_lazy_lemmas_global_5.smt2 : 57 ms.
--------------------------------------------------
unsat
QF_NRA/hycomp/ball_count_2d_slope.05.seq_lazy_lemmas_global_6.smt2 : 71 ms.
--------------------------------------------------
unsat
QF_NRA/hycomp/ball_count_2d_slope.05.seq_lazy_lemmas_global_7.smt2 : 67 ms.
--------------------------------------------------
unsat
QF_NRA/hycomp/ball_count_2d_slope.05.seq_lazy_lemmas_global_8.smt2 : 77 ms.
--------------------------------------------------
unsat
QF_NRA/hycomp/ball_count_2d_slope.05.seq_lazy_lemmas_global_9.smt2 : 76 ms.
--------------------------------------------------
unsat
QF_NRA/hycomp/ball_count_2d_slope.05.seq_lazy_linear_enc_global_0.smt2 : 39 ms.
--------------------------------------------------
./solvers/mathsat/run.sh: line 3: 416866 Killed                  ./mathsat ../$1
QF_NRA/hycomp/ball_count_2d_slope.05.seq_lazy_linear_enc_global_10.smt2 : 1800065 ms.
--------------------------------------------------
unsat
QF_NRA/hycomp/ball_count_2d_slope.05.seq_lazy_linear_enc_global_11.smt2 : 61 ms.
--------------------------------------------------
./solvers/mathsat/run.sh: line 3: 418111 Killed                  ./mathsat ../$1
QF_NRA/hycomp/ball_count_2d_slope.05.seq_lazy_linear_enc_global_12.smt2 : 1800090 ms.
--------------------------------------------------
unsat
QF_NRA/hycomp/ball_count_2d_slope.05.seq_lazy_linear_enc_global_13.smt2 : 68 ms.
--------------------------------------------------
./solvers/mathsat/run.sh: line 3: 419127 Killed                  ./mathsat ../$1
QF_NRA/hycomp/ball_count_2d_slope.05.seq_lazy_linear_enc_global_14.smt2 : 1800060 ms.
--------------------------------------------------
unsat
QF_NRA/hycomp/ball_count_2d_slope.05.seq_lazy_linear_enc_global_15.smt2 : 74 ms.
--------------------------------------------------
unsat
QF_NRA/hycomp/ball_count_2d_slope.05.seq_lazy_linear_enc_global_1.smt2 : 32 ms.
--------------------------------------------------
unsat
QF_NRA/hycomp/ball_count_2d_slope.05.seq_lazy_linear_enc_global_2.smt2 : 35 ms.
--------------------------------------------------
unsat
QF_NRA/hycomp/ball_count_2d_slope.05.seq_lazy_linear_enc_global_3.smt2 : 37 ms.
--------------------------------------------------
unsat
QF_NRA/hycomp/ball_count_2d_slope.05.seq_lazy_linear_enc_global_4.smt2 : 45 ms.
--------------------------------------------------
unsat
QF_NRA/hycomp/ball_count_2d_slope.05.seq_lazy_linear_enc_global_5.smt2 : 43 ms.
--------------------------------------------------
unsat
QF_NRA/hycomp/ball_count_2d_slope.05.seq_lazy_linear_enc_global_6.smt2 : 47 ms.
--------------------------------------------------
unsat
QF_NRA/hycomp/ball_count_2d_slope.05.seq_lazy_linear_enc_global_7.smt2 : 48 ms.
--------------------------------------------------
unsat
QF_NRA/hycomp/ball_count_2d_slope.05.seq_lazy_linear_enc_global_8.smt2 : 56 ms.
--------------------------------------------------
unsat
QF_NRA/hycomp/ball_count_2d_slope.05.seq_lazy_linear_enc_global_9.smt2 : 54 ms.
--------------------------------------------------
unsat
QF_NRA/hycomp/ball_count_2d_slope.05.seq_lazy_linear_enc_lemmas_global_0.smt2 : 31 ms.
--------------------------------------------------
unsat
QF_NRA/hycomp/ball_count_2d_slope.05.seq_lazy_linear_enc_lemmas_global_10.smt2 : 62 ms.
--------------------------------------------------
unsat
QF_NRA/hycomp/ball_count_2d_slope.05.seq_lazy_linear_enc_lemmas_global_11.smt2 : 71 ms.
--------------------------------------------------
unsat
QF_NRA/hycomp/ball_count_2d_slope.05.seq_lazy_linear_enc_lemmas_global_12.smt2 : 74 ms.
--------------------------------------------------
unsat
QF_NRA/hycomp/ball_count_2d_slope.05.seq_lazy_linear_enc_lemmas_global_13.smt2 : 70 ms.
--------------------------------------------------
unsat
QF_NRA/hycomp/ball_count_2d_slope.05.seq_lazy_linear_enc_lemmas_global_14.smt2 : 74 ms.
--------------------------------------------------
unsat
QF_NRA/hycomp/ball_count_2d_slope.05.seq_lazy_linear_enc_lemmas_global_15.smt2 : 75 ms.
--------------------------------------------------
unsat
QF_NRA/hycomp/ball_count_2d_slope.05.seq_lazy_linear_enc_lemmas_global_1.smt2 : 30 ms.
--------------------------------------------------
unsat
QF_NRA/hycomp/ball_count_2d_slope.05.seq_lazy_linear_enc_lemmas_global_2.smt2 : 36 ms.
--------------------------------------------------
unsat
QF_NRA/hycomp/ball_count_2d_slope.05.seq_lazy_linear_enc_lemmas_global_3.smt2 : 38 ms.
--------------------------------------------------
unsat
QF_NRA/hycomp/ball_count_2d_slope.05.seq_lazy_linear_enc_lemmas_global_4.smt2 : 43 ms.
--------------------------------------------------
unsat
QF_NRA/hycomp/ball_count_2d_slope.05.seq_lazy_linear_enc_lemmas_global_5.smt2 : 47 ms.
--------------------------------------------------
unsat
QF_NRA/hycomp/ball_count_2d_slope.05.seq_lazy_linear_enc_lemmas_global_6.smt2 : 49 ms.
--------------------------------------------------
unsat
QF_NRA/hycomp/ball_count_2d_slope.05.seq_lazy_linear_enc_lemmas_global_7.smt2 : 51 ms.
--------------------------------------------------
unsat
QF_NRA/hycomp/ball_count_2d_slope.05.seq_lazy_linear_enc_lemmas_global_8.smt2 : 56 ms.
--------------------------------------------------
unsat
QF_NRA/hycomp/ball_count_2d_slope.05.seq_lazy_linear_enc_lemmas_global_9.smt2 : 59 ms.
--------------------------------------------------
unsat
QF_NRA/hycomp/ball_count_2d_slope.10.seq_lazy_global_0.smt2 : 30 ms.
--------------------------------------------------
unsat
QF_NRA/hycomp/ball_count_2d_slope.10.seq_lazy_global_10.smt2 : 61 ms.
--------------------------------------------------
unsat
QF_NRA/hycomp/ball_count_2d_slope.10.seq_lazy_global_11.smt2 : 63 ms.
--------------------------------------------------
unsat
QF_NRA/hycomp/ball_count_2d_slope.10.seq_lazy_global_12.smt2 : 68 ms.
--------------------------------------------------
unsat
QF_NRA/hycomp/ball_count_2d_slope.10.seq_lazy_global_13.smt2 : 67 ms.
--------------------------------------------------
unsat
QF_NRA/hycomp/ball_count_2d_slope.10.seq_lazy_global_14.smt2 : 74 ms.
--------------------------------------------------
unsat
QF_NRA/hycomp/ball_count_2d_slope.10.seq_lazy_global_15.smt2 : 72 ms.
--------------------------------------------------
unsat
QF_NRA/hycomp/ball_count_2d_slope.10.seq_lazy_global_1.smt2 : 31 ms.
--------------------------------------------------
unsat
QF_NRA/hycomp/ball_count_2d_slope.10.seq_lazy_global_2.smt2 : 34 ms.
--------------------------------------------------
unsat
QF_NRA/hycomp/ball_count_2d_slope.10.seq_lazy_global_3.smt2 : 38 ms.
--------------------------------------------------
unsat
QF_NRA/hycomp/ball_count_2d_slope.10.seq_lazy_global_4.smt2 : 43 ms.
--------------------------------------------------
unsat
QF_NRA/hycomp/ball_count_2d_slope.10.seq_lazy_global_5.smt2 : 43 ms.
--------------------------------------------------
unsat
QF_NRA/hycomp/ball_count_2d_slope.10.seq_lazy_global_6.smt2 : 49 ms.
--------------------------------------------------
unsat
QF_NRA/hycomp/ball_count_2d_slope.10.seq_lazy_global_7.smt2 : 49 ms.
--------------------------------------------------
unsat
QF_NRA/hycomp/ball_count_2d_slope.10.seq_lazy_global_8.smt2 : 55 ms.
--------------------------------------------------
unsat
QF_NRA/hycomp/ball_count_2d_slope.10.seq_lazy_global_9.smt2 : 54 ms.
--------------------------------------------------
unsat
QF_NRA/hycomp/ball_count_2d_slope.10.seq_lazy_lemmas_global_0.smt2 : 29 ms.
--------------------------------------------------
unsat
QF_NRA/hycomp/ball_count_2d_slope.10.seq_lazy_lemmas_global_10.smt2 : 71 ms.
--------------------------------------------------
unsat
QF_NRA/hycomp/ball_count_2d_slope.10.seq_lazy_lemmas_global_11.smt2 : 79 ms.
--------------------------------------------------
unsat
QF_NRA/hycomp/ball_count_2d_slope.10.seq_lazy_lemmas_global_12.smt2 : 85 ms.
--------------------------------------------------
unsat
QF_NRA/hycomp/ball_count_2d_slope.10.seq_lazy_lemmas_global_13.smt2 : 78 ms.
--------------------------------------------------
unsat
QF_NRA/hycomp/ball_count_2d_slope.10.seq_lazy_lemmas_global_14.smt2 : 90 ms.
--------------------------------------------------
unsat
QF_NRA/hycomp/ball_count_2d_slope.10.seq_lazy_lemmas_global_15.smt2 : 85 ms.
--------------------------------------------------
unsat
QF_NRA/hycomp/ball_count_2d_slope.10.seq_lazy_lemmas_global_1.smt2 : 31 ms.
--------------------------------------------------
unsat
QF_NRA/hycomp/ball_count_2d_slope.10.seq_lazy_lemmas_global_2.smt2 : 39 ms.
--------------------------------------------------
unsat
QF_NRA/hycomp/ball_count_2d_slope.10.seq_lazy_lemmas_global_3.smt2 : 41 ms.
--------------------------------------------------
unsat
QF_NRA/hycomp/ball_count_2d_slope.10.seq_lazy_lemmas_global_4.smt2 : 47 ms.
--------------------------------------------------
unsat
QF_NRA/hycomp/ball_count_2d_slope.10.seq_lazy_lemmas_global_5.smt2 : 53 ms.
--------------------------------------------------
unsat
QF_NRA/hycomp/ball_count_2d_slope.10.seq_lazy_lemmas_global_6.smt2 : 57 ms.
--------------------------------------------------
unsat
QF_NRA/hycomp/ball_count_2d_slope.10.seq_lazy_lemmas_global_7.smt2 : 54 ms.
--------------------------------------------------
unsat
QF_NRA/hycomp/ball_count_2d_slope.10.seq_lazy_lemmas_global_8.smt2 : 60 ms.
--------------------------------------------------
unsat
QF_NRA/hycomp/ball_count_2d_slope.10.seq_lazy_lemmas_global_9.smt2 : 64 ms.
--------------------------------------------------
unsat
QF_NRA/hycomp/ball_count_2d_slope.10.seq_lazy_linear_enc_global_0.smt2 : 28 ms.
--------------------------------------------------
unsat
QF_NRA/hycomp/ball_count_2d_slope.10.seq_lazy_linear_enc_global_10.smt2 : 56 ms.
--------------------------------------------------
unsat
QF_NRA/hycomp/ball_count_2d_slope.10.seq_lazy_linear_enc_global_11.smt2 : 55 ms.
--------------------------------------------------
unsat
QF_NRA/hycomp/ball_count_2d_slope.10.seq_lazy_linear_enc_global_12.smt2 : 62 ms.
--------------------------------------------------
unsat
QF_NRA/hycomp/ball_count_2d_slope.10.seq_lazy_linear_enc_global_13.smt2 : 61 ms.
--------------------------------------------------
unsat
QF_NRA/hycomp/ball_count_2d_slope.10.seq_lazy_linear_enc_global_14.smt2 : 65 ms.
--------------------------------------------------
unsat
QF_NRA/hycomp/ball_count_2d_slope.10.seq_lazy_linear_enc_global_15.smt2 : 64 ms.
--------------------------------------------------
unsat
QF_NRA/hycomp/ball_count_2d_slope.10.seq_lazy_linear_enc_global_1.smt2 : 29 ms.
--------------------------------------------------
unsat
QF_NRA/hycomp/ball_count_2d_slope.10.seq_lazy_linear_enc_global_2.smt2 : 33 ms.
--------------------------------------------------
unsat
QF_NRA/hycomp/ball_count_2d_slope.10.seq_lazy_linear_enc_global_3.smt2 : 34 ms.
--------------------------------------------------
unsat
QF_NRA/hycomp/ball_count_2d_slope.10.seq_lazy_linear_enc_global_4.smt2 : 39 ms.
--------------------------------------------------
unsat
QF_NRA/hycomp/ball_count_2d_slope.10.seq_lazy_linear_enc_global_5.smt2 : 43 ms.
--------------------------------------------------
unsat
QF_NRA/hycomp/ball_count_2d_slope.10.seq_lazy_linear_enc_global_6.smt2 : 44 ms.
--------------------------------------------------
unsat
QF_NRA/hycomp/ball_count_2d_slope.10.seq_lazy_linear_enc_global_7.smt2 : 45 ms.
--------------------------------------------------
unsat
QF_NRA/hycomp/ball_count_2d_slope.10.seq_lazy_linear_enc_global_8.smt2 : 50 ms.
--------------------------------------------------
unsat
QF_NRA/hycomp/ball_count_2d_slope.10.seq_lazy_linear_enc_global_9.smt2 : 55 ms.
--------------------------------------------------
unsat
QF_NRA/hycomp/ball_count_2d_slope.10.seq_lazy_linear_enc_lemmas_global_0.smt2 : 29 ms.
--------------------------------------------------
unsat
QF_NRA/hycomp/ball_count_2d_slope.10.seq_lazy_linear_enc_lemmas_global_10.smt2 : 62 ms.
--------------------------------------------------
unsat
QF_NRA/hycomp/ball_count_2d_slope.10.seq_lazy_linear_enc_lemmas_global_11.smt2 : 63 ms.
--------------------------------------------------
unsat
QF_NRA/hycomp/ball_count_2d_slope.10.seq_lazy_linear_enc_lemmas_global_12.smt2 : 66 ms.
--------------------------------------------------
unsat
QF_NRA/hycomp/ball_count_2d_slope.10.seq_lazy_linear_enc_lemmas_global_13.smt2 : 69 ms.
--------------------------------------------------
unsat
QF_NRA/hycomp/ball_count_2d_slope.10.seq_lazy_linear_enc_lemmas_global_14.smt2 : 72 ms.
--------------------------------------------------
unsat
QF_NRA/hycomp/ball_count_2d_slope.10.seq_lazy_linear_enc_lemmas_global_15.smt2 : 76 ms.
--------------------------------------------------
unsat
QF_NRA/hycomp/ball_count_2d_slope.10.seq_lazy_linear_enc_lemmas_global_1.smt2 : 32 ms.
--------------------------------------------------
unsat
QF_NRA/hycomp/ball_count_2d_slope.10.seq_lazy_linear_enc_lemmas_global_2.smt2 : 35 ms.
--------------------------------------------------
unsat
QF_NRA/hycomp/ball_count_2d_slope.10.seq_lazy_linear_enc_lemmas_global_3.smt2 : 38 ms.
--------------------------------------------------
unsat
QF_NRA/hycomp/ball_count_2d_slope.10.seq_lazy_linear_enc_lemmas_global_4.smt2 : 42 ms.
--------------------------------------------------
unsat
QF_NRA/hycomp/ball_count_2d_slope.10.seq_lazy_linear_enc_lemmas_global_5.smt2 : 43 ms.
--------------------------------------------------
unsat
QF_NRA/hycomp/ball_count_2d_slope.10.seq_lazy_linear_enc_lemmas_global_6.smt2 : 48 ms.
--------------------------------------------------
unsat
QF_NRA/hycomp/ball_count_2d_slope.10.seq_lazy_linear_enc_lemmas_global_7.smt2 : 51 ms.
--------------------------------------------------
unsat
QF_NRA/hycomp/ball_count_2d_slope.10.seq_lazy_linear_enc_lemmas_global_8.smt2 : 55 ms.
--------------------------------------------------
unsat
QF_NRA/hycomp/ball_count_2d_slope.10.seq_lazy_linear_enc_lemmas_global_9.smt2 : 58 ms.
--------------------------------------------------
unsat
QF_NRA/hycomp/etcs_braking_2.01.qfree_global_0.smt2 : 27 ms.
--------------------------------------------------
unsat
QF_NRA/hycomp/etcs_braking_2.01.qfree_global_10.smt2 : 73 ms.
--------------------------------------------------
unsat
QF_NRA/hycomp/etcs_braking_2.01.qfree_global_11.smt2 : 109 ms.
--------------------------------------------------
unsat
QF_NRA/hycomp/etcs_braking_2.01.qfree_global_12.smt2 : 78 ms.
--------------------------------------------------
unsat
QF_NRA/hycomp/etcs_braking_2.01.qfree_global_13.smt2 : 12748 ms.
--------------------------------------------------
unsat
QF_NRA/hycomp/etcs_braking_2.01.qfree_global_14.smt2 : 95 ms.
--------------------------------------------------
unsat
QF_NRA/hycomp/etcs_braking_2.01.qfree_global_15.smt2 : 143 ms.
--------------------------------------------------
unsat
QF_NRA/hycomp/etcs_braking_2.01.qfree_global_1.smt2 : 68 ms.
