--------------------------------------------------
unsat
QF_NRA/hycomp/ball_count_2d_hill_simple.10.seq_lazy_linear_enc_global_0.smt2 : 255 ms.
--------------------------------------------------
unsat
QF_NRA/hycomp/ball_count_2d_hill_simple.10.seq_lazy_linear_enc_global_10.smt2 : 533 ms.
--------------------------------------------------
unsat
QF_NRA/hycomp/ball_count_2d_hill_simple.10.seq_lazy_linear_enc_global_11.smt2 : 432 ms.
--------------------------------------------------
unsat
QF_NRA/hycomp/ball_count_2d_hill_simple.10.seq_lazy_linear_enc_global_12.smt2 : 415 ms.
--------------------------------------------------
unsat
QF_NRA/hycomp/ball_count_2d_hill_simple.10.seq_lazy_linear_enc_global_13.smt2 : 483 ms.
--------------------------------------------------
unsat
QF_NRA/hycomp/ball_count_2d_hill_simple.10.seq_lazy_linear_enc_global_14.smt2 : 363 ms.
--------------------------------------------------
unsat
QF_NRA/hycomp/ball_count_2d_hill_simple.10.seq_lazy_linear_enc_global_15.smt2 : 349 ms.
--------------------------------------------------
unsat
QF_NRA/hycomp/ball_count_2d_hill_simple.10.seq_lazy_linear_enc_global_1.smt2 : 247 ms.
--------------------------------------------------
unsat
QF_NRA/hycomp/ball_count_2d_hill_simple.10.seq_lazy_linear_enc_global_2.smt2 : 200 ms.
--------------------------------------------------
unsat
QF_NRA/hycomp/ball_count_2d_hill_simple.10.seq_lazy_linear_enc_global_3.smt2 : 251 ms.
--------------------------------------------------
unsat
QF_NRA/hycomp/ball_count_2d_hill_simple.10.seq_lazy_linear_enc_global_4.smt2 : 274 ms.
--------------------------------------------------
unsat
QF_NRA/hycomp/ball_count_2d_hill_simple.10.seq_lazy_linear_enc_global_5.smt2 : 257 ms.
--------------------------------------------------
unsat
QF_NRA/hycomp/ball_count_2d_hill_simple.10.seq_lazy_linear_enc_global_6.smt2 : 314 ms.
--------------------------------------------------
unsat
QF_NRA/hycomp/ball_count_2d_hill_simple.10.seq_lazy_linear_enc_global_7.smt2 : 235 ms.
--------------------------------------------------
unsat
QF_NRA/hycomp/ball_count_2d_hill_simple.10.seq_lazy_linear_enc_global_8.smt2 : 282 ms.
--------------------------------------------------
unsat
QF_NRA/hycomp/ball_count_2d_hill_simple.10.seq_lazy_linear_enc_global_9.smt2 : 218 ms.
--------------------------------------------------
unsat
QF_NRA/hycomp/ball_count_2d_hill_simple.10.seq_lazy_linear_enc_lemmas_global_0.smt2 : 197 ms.
--------------------------------------------------
unsat
QF_NRA/hycomp/ball_count_2d_hill_simple.10.seq_lazy_linear_enc_lemmas_global_10.smt2 : 298 ms.
--------------------------------------------------
unsat
QF_NRA/hycomp/ball_count_2d_hill_simple.10.seq_lazy_linear_enc_lemmas_global_11.smt2 : 300 ms.
--------------------------------------------------
unsat
QF_NRA/hycomp/ball_count_2d_hill_simple.10.seq_lazy_linear_enc_lemmas_global_12.smt2 : 348 ms.
--------------------------------------------------
unsat
QF_NRA/hycomp/ball_count_2d_hill_simple.10.seq_lazy_linear_enc_lemmas_global_13.smt2 : 366 ms.
--------------------------------------------------
unsat
QF_NRA/hycomp/ball_count_2d_hill_simple.10.seq_lazy_linear_enc_lemmas_global_14.smt2 : 375 ms.
--------------------------------------------------
unsat
QF_NRA/hycomp/ball_count_2d_hill_simple.10.seq_lazy_linear_enc_lemmas_global_15.smt2 : 332 ms.
--------------------------------------------------
unsat
QF_NRA/hycomp/ball_count_2d_hill_simple.10.seq_lazy_linear_enc_lemmas_global_1.smt2 : 176 ms.
--------------------------------------------------
unsat
QF_NRA/hycomp/ball_count_2d_hill_simple.10.seq_lazy_linear_enc_lemmas_global_2.smt2 : 212 ms.
--------------------------------------------------
unsat
QF_NRA/hycomp/ball_count_2d_hill_simple.10.seq_lazy_linear_enc_lemmas_global_3.smt2 : 209 ms.
--------------------------------------------------
unsat
QF_NRA/hycomp/ball_count_2d_hill_simple.10.seq_lazy_linear_enc_lemmas_global_4.smt2 : 234 ms.
--------------------------------------------------
unsat
QF_NRA/hycomp/ball_count_2d_hill_simple.10.seq_lazy_linear_enc_lemmas_global_5.smt2 : 203 ms.
--------------------------------------------------
unsat
QF_NRA/hycomp/ball_count_2d_hill_simple.10.seq_lazy_linear_enc_lemmas_global_6.smt2 : 255 ms.
--------------------------------------------------
unsat
QF_NRA/hycomp/ball_count_2d_hill_simple.10.seq_lazy_linear_enc_lemmas_global_7.smt2 : 220 ms.
--------------------------------------------------
unsat
QF_NRA/hycomp/ball_count_2d_hill_simple.10.seq_lazy_linear_enc_lemmas_global_8.smt2 : 233 ms.
--------------------------------------------------
unsat
QF_NRA/hycomp/ball_count_2d_hill_simple.10.seq_lazy_linear_enc_lemmas_global_9.smt2 : 208 ms.
--------------------------------------------------
unsat
QF_NRA/hycomp/ball_count_2d_plain.01.qfree_global_0.smt2 : 151 ms.
--------------------------------------------------
sat
QF_NRA/hycomp/ball_count_2d_plain.01.qfree_global_10.smt2 : 668 ms.
--------------------------------------------------
unsat
QF_NRA/hycomp/ball_count_2d_plain.01.qfree_global_11.smt2 : 237 ms.
--------------------------------------------------
sat
QF_NRA/hycomp/ball_count_2d_plain.01.qfree_global_12.smt2 : 970 ms.
--------------------------------------------------
unsat
QF_NRA/hycomp/ball_count_2d_plain.01.qfree_global_13.smt2 : 238 ms.
--------------------------------------------------
sat
QF_NRA/hycomp/ball_count_2d_plain.01.qfree_global_14.smt2 : 648 ms.
--------------------------------------------------
unsat
QF_NRA/hycomp/ball_count_2d_plain.01.qfree_global_15.smt2 : 253 ms.
--------------------------------------------------
unsat
QF_NRA/hycomp/ball_count_2d_plain.01.qfree_global_1.smt2 : 130 ms.
--------------------------------------------------
sat
QF_NRA/hycomp/ball_count_2d_plain.01.qfree_global_2.smt2 : 166 ms.
--------------------------------------------------
unsat
QF_NRA/hycomp/ball_count_2d_plain.01.qfree_global_3.smt2 : 158 ms.
--------------------------------------------------
sat
QF_NRA/hycomp/ball_count_2d_plain.01.qfree_global_4.smt2 : 194 ms.
--------------------------------------------------
unsat
QF_NRA/hycomp/ball_count_2d_plain.01.qfree_global_5.smt2 : 177 ms.
--------------------------------------------------
sat
QF_NRA/hycomp/ball_count_2d_plain.01.qfree_global_6.smt2 : 254 ms.
--------------------------------------------------
unsat
QF_NRA/hycomp/ball_count_2d_plain.01.qfree_global_7.smt2 : 192 ms.
--------------------------------------------------
sat
QF_NRA/hycomp/ball_count_2d_plain.01.qfree_global_8.smt2 : 364 ms.
--------------------------------------------------
unsat
QF_NRA/hycomp/ball_count_2d_plain.01.qfree_global_9.smt2 : 192 ms.
--------------------------------------------------
unsat
QF_NRA/hycomp/ball_count_2d_plain.01.redlog_global_0.smt2 : 121 ms.
--------------------------------------------------
sat
QF_NRA/hycomp/ball_count_2d_plain.01.redlog_global_10.smt2 : 2430 ms.
--------------------------------------------------
unsat
QF_NRA/hycomp/ball_count_2d_plain.01.redlog_global_11.smt2 : 227 ms.
--------------------------------------------------
sat
QF_NRA/hycomp/ball_count_2d_plain.01.redlog_global_12.smt2 : 3624 ms.
--------------------------------------------------
unsat
QF_NRA/hycomp/ball_count_2d_plain.01.redlog_global_13.smt2 : 175 ms.
--------------------------------------------------
unknown
unknown
QF_NRA/hycomp/ball_count_2d_plain.01.redlog_global_14.smt2 : 1800007 ms.
--------------------------------------------------
unsat
QF_NRA/hycomp/ball_count_2d_plain.01.redlog_global_15.smt2 : 172 ms.
--------------------------------------------------
unsat
QF_NRA/hycomp/ball_count_2d_plain.01.redlog_global_1.smt2 : 29 ms.
--------------------------------------------------
sat
QF_NRA/hycomp/ball_count_2d_plain.01.redlog_global_2.smt2 : 70 ms.
--------------------------------------------------
unsat
QF_NRA/hycomp/ball_count_2d_plain.01.redlog_global_3.smt2 : 45 ms.
--------------------------------------------------
sat
QF_NRA/hycomp/ball_count_2d_plain.01.redlog_global_4.smt2 : 127 ms.
--------------------------------------------------
unsat
QF_NRA/hycomp/ball_count_2d_plain.01.redlog_global_5.smt2 : 58 ms.
--------------------------------------------------
sat
QF_NRA/hycomp/ball_count_2d_plain.01.redlog_global_6.smt2 : 308 ms.
--------------------------------------------------
unsat
QF_NRA/hycomp/ball_count_2d_plain.01.redlog_global_7.smt2 : 119 ms.
--------------------------------------------------
sat
QF_NRA/hycomp/ball_count_2d_plain.01.redlog_global_8.smt2 : 820 ms.
--------------------------------------------------
unsat
QF_NRA/hycomp/ball_count_2d_plain.01.redlog_global_9.smt2 : 104 ms.
--------------------------------------------------
unsat
QF_NRA/hycomp/ball_count_2d_plain.01.seq_lazy_global_0.smt2 : 22 ms.
--------------------------------------------------
sat
QF_NRA/hycomp/ball_count_2d_plain.01.seq_lazy_global_10.smt2 : 153 ms.
--------------------------------------------------
unsat
QF_NRA/hycomp/ball_count_2d_plain.01.seq_lazy_global_11.smt2 : 97 ms.
--------------------------------------------------
sat
QF_NRA/hycomp/ball_count_2d_plain.01.seq_lazy_global_12.smt2 : 264 ms.
--------------------------------------------------
unsat
QF_NRA/hycomp/ball_count_2d_plain.01.seq_lazy_global_13.smt2 : 94 ms.
--------------------------------------------------
sat
QF_NRA/hycomp/ball_count_2d_plain.01.seq_lazy_global_14.smt2 : 197 ms.
--------------------------------------------------
unsat
QF_NRA/hycomp/ball_count_2d_plain.01.seq_lazy_global_15.smt2 : 111 ms.
--------------------------------------------------
unsat
QF_NRA/hycomp/ball_count_2d_plain.01.seq_lazy_global_1.smt2 : 23 ms.
--------------------------------------------------
sat
QF_NRA/hycomp/ball_count_2d_plain.01.seq_lazy_global_2.smt2 : 37 ms.
--------------------------------------------------
unsat
QF_NRA/hycomp/ball_count_2d_plain.01.seq_lazy_global_3.smt2 : 46 ms.
--------------------------------------------------
sat
QF_NRA/hycomp/ball_count_2d_plain.01.seq_lazy_global_4.smt2 : 50 ms.
--------------------------------------------------
unsat
QF_NRA/hycomp/ball_count_2d_plain.01.seq_lazy_global_5.smt2 : 63 ms.
--------------------------------------------------
sat
QF_NRA/hycomp/ball_count_2d_plain.01.seq_lazy_global_6.smt2 : 82 ms.
--------------------------------------------------
unsat
QF_NRA/hycomp/ball_count_2d_plain.01.seq_lazy_global_7.smt2 : 58 ms.
--------------------------------------------------
sat
QF_NRA/hycomp/ball_count_2d_plain.01.seq_lazy_global_8.smt2 : 94 ms.
--------------------------------------------------
unsat
QF_NRA/hycomp/ball_count_2d_plain.01.seq_lazy_global_9.smt2 : 69 ms.
--------------------------------------------------
unsat
QF_NRA/hycomp/ball_count_2d_plain.01.seq_lazy_lemmas_global_0.smt2 : 19 ms.
--------------------------------------------------
sat
QF_NRA/hycomp/ball_count_2d_plain.01.seq_lazy_lemmas_global_10.smt2 : 208 ms.
--------------------------------------------------
unsat
QF_NRA/hycomp/ball_count_2d_plain.01.seq_lazy_lemmas_global_11.smt2 : 102 ms.
--------------------------------------------------
sat
QF_NRA/hycomp/ball_count_2d_plain.01.seq_lazy_lemmas_global_12.smt2 : 275 ms.
--------------------------------------------------
unsat
QF_NRA/hycomp/ball_count_2d_plain.01.seq_lazy_lemmas_global_13.smt2 : 122 ms.
--------------------------------------------------
sat
QF_NRA/hycomp/ball_count_2d_plain.01.seq_lazy_lemmas_global_14.smt2 : 653 ms.
--------------------------------------------------
unsat
QF_NRA/hycomp/ball_count_2d_plain.01.seq_lazy_lemmas_global_15.smt2 : 127 ms.
--------------------------------------------------
unsat
QF_NRA/hycomp/ball_count_2d_plain.01.seq_lazy_lemmas_global_1.smt2 : 26 ms.
--------------------------------------------------
sat
QF_NRA/hycomp/ball_count_2d_plain.01.seq_lazy_lemmas_global_2.smt2 : 45 ms.
--------------------------------------------------
unsat
QF_NRA/hycomp/ball_count_2d_plain.01.seq_lazy_lemmas_global_3.smt2 : 39 ms.
--------------------------------------------------
sat
QF_NRA/hycomp/ball_count_2d_plain.01.seq_lazy_lemmas_global_4.smt2 : 149 ms.
--------------------------------------------------
unsat
QF_NRA/hycomp/ball_count_2d_plain.01.seq_lazy_lemmas_global_5.smt2 : 76 ms.
--------------------------------------------------
sat
QF_NRA/hycomp/ball_count_2d_plain.01.seq_lazy_lemmas_global_6.smt2 : 145 ms.
--------------------------------------------------
unsat
QF_NRA/hycomp/ball_count_2d_plain.01.seq_lazy_lemmas_global_7.smt2 : 77 ms.
--------------------------------------------------
sat
QF_NRA/hycomp/ball_count_2d_plain.01.seq_lazy_lemmas_global_8.smt2 : 9383 ms.
--------------------------------------------------
unsat
QF_NRA/hycomp/ball_count_2d_plain.01.seq_lazy_lemmas_global_9.smt2 : 79 ms.
--------------------------------------------------
unsat
QF_NRA/hycomp/ball_count_2d_plain.01.seq_lazy_linear_enc_global_0.smt2 : 21 ms.
--------------------------------------------------
sat
QF_NRA/hycomp/ball_count_2d_plain.01.seq_lazy_linear_enc_global_10.smt2 : 140 ms.
--------------------------------------------------
unsat
QF_NRA/hycomp/ball_count_2d_plain.01.seq_lazy_linear_enc_global_11.smt2 : 87 ms.
--------------------------------------------------
sat
QF_NRA/hycomp/ball_count_2d_plain.01.seq_lazy_linear_enc_global_12.smt2 : 374 ms.
--------------------------------------------------
unsat
QF_NRA/hycomp/ball_count_2d_plain.01.seq_lazy_linear_enc_global_13.smt2 : 98 ms.
--------------------------------------------------
unknown
unknown
sat
QF_NRA/hycomp/ball_count_2d_plain.01.seq_lazy_linear_enc_global_14.smt2 : 908445 ms.
--------------------------------------------------
unsat
QF_NRA/hycomp/ball_count_2d_plain.01.seq_lazy_linear_enc_global_15.smt2 : 98 ms.
--------------------------------------------------
unsat
QF_NRA/hycomp/ball_count_2d_plain.01.seq_lazy_linear_enc_global_1.smt2 : 30 ms.
--------------------------------------------------
sat
QF_NRA/hycomp/ball_count_2d_plain.01.seq_lazy_linear_enc_global_2.smt2 : 39 ms.
--------------------------------------------------
unsat
QF_NRA/hycomp/ball_count_2d_plain.01.seq_lazy_linear_enc_global_3.smt2 : 38 ms.
--------------------------------------------------
sat
QF_NRA/hycomp/ball_count_2d_plain.01.seq_lazy_linear_enc_global_4.smt2 : 54 ms.
--------------------------------------------------
unsat
QF_NRA/hycomp/ball_count_2d_plain.01.seq_lazy_linear_enc_global_5.smt2 : 44 ms.
--------------------------------------------------
sat
QF_NRA/hycomp/ball_count_2d_plain.01.seq_lazy_linear_enc_global_6.smt2 : 80 ms.
--------------------------------------------------
unsat
QF_NRA/hycomp/ball_count_2d_plain.01.seq_lazy_linear_enc_global_7.smt2 : 56 ms.
--------------------------------------------------
sat
QF_NRA/hycomp/ball_count_2d_plain.01.seq_lazy_linear_enc_global_8.smt2 : 129 ms.
--------------------------------------------------
unsat
QF_NRA/hycomp/ball_count_2d_plain.01.seq_lazy_linear_enc_global_9.smt2 : 88 ms.
--------------------------------------------------
unsat
QF_NRA/hycomp/ball_count_2d_plain.01.seq_lazy_linear_enc_lemmas_global_0.smt2 : 20 ms.
--------------------------------------------------
sat
QF_NRA/hycomp/ball_count_2d_plain.01.seq_lazy_linear_enc_lemmas_global_10.smt2 : 258 ms.
--------------------------------------------------
unsat
QF_NRA/hycomp/ball_count_2d_plain.01.seq_lazy_linear_enc_lemmas_global_11.smt2 : 135 ms.
--------------------------------------------------
sat
QF_NRA/hycomp/ball_count_2d_plain.01.seq_lazy_linear_enc_lemmas_global_12.smt2 : 1071 ms.
--------------------------------------------------
unsat
QF_NRA/hycomp/ball_count_2d_plain.01.seq_lazy_linear_enc_lemmas_global_13.smt2 : 112 ms.
--------------------------------------------------
QF_NRA/hycomp/ball_count_2d_plain.01.seq_lazy_linear_enc_lemmas_global_14.smt2 : 1800005 ms.
--------------------------------------------------
unsat
QF_NRA/hycomp/ball_count_2d_plain.01.seq_lazy_linear_enc_lemmas_global_15.smt2 : 149 ms.
--------------------------------------------------
unsat
QF_NRA/hycomp/ball_count_2d_plain.01.seq_lazy_linear_enc_lemmas_global_1.smt2 : 25 ms.
--------------------------------------------------
sat
QF_NRA/hycomp/ball_count_2d_plain.01.seq_lazy_linear_enc_lemmas_global_2.smt2 : 40 ms.
--------------------------------------------------
unsat
QF_NRA/hycomp/ball_count_2d_plain.01.seq_lazy_linear_enc_lemmas_global_3.smt2 : 37 ms.
--------------------------------------------------
sat
QF_NRA/hycomp/ball_count_2d_plain.01.seq_lazy_linear_enc_lemmas_global_4.smt2 : 65 ms.
--------------------------------------------------
unsat
QF_NRA/hycomp/ball_count_2d_plain.01.seq_lazy_linear_enc_lemmas_global_5.smt2 : 54 ms.
--------------------------------------------------
sat
QF_NRA/hycomp/ball_count_2d_plain.01.seq_lazy_linear_enc_lemmas_global_6.smt2 : 157 ms.
--------------------------------------------------
unsat
QF_NRA/hycomp/ball_count_2d_plain.01.seq_lazy_linear_enc_lemmas_global_7.smt2 : 66 ms.
--------------------------------------------------
sat
QF_NRA/hycomp/ball_count_2d_plain.01.seq_lazy_linear_enc_lemmas_global_8.smt2 : 217 ms.
--------------------------------------------------
unsat
QF_NRA/hycomp/ball_count_2d_plain.01.seq_lazy_linear_enc_lemmas_global_9.smt2 : 73 ms.
--------------------------------------------------
unsat
QF_NRA/hycomp/ball_count_2d_plain.02.qfree_global_0.smt2 : 17 ms.
--------------------------------------------------
sat
QF_NRA/hycomp/ball_count_2d_plain.02.qfree_global_10.smt2 : 8018 ms.
--------------------------------------------------
unsat
QF_NRA/hycomp/ball_count_2d_plain.02.qfree_global_11.smt2 : 116 ms.
--------------------------------------------------
sat
QF_NRA/hycomp/ball_count_2d_plain.02.qfree_global_12.smt2 : 1918 ms.
--------------------------------------------------
unsat
QF_NRA/hycomp/ball_count_2d_plain.02.qfree_global_13.smt2 : 95 ms.
--------------------------------------------------
unknown
unknown
QF_NRA/hycomp/ball_count_2d_plain.02.qfree_global_14.smt2 : 1800006 ms.
--------------------------------------------------
unsat
QF_NRA/hycomp/ball_count_2d_plain.02.qfree_global_15.smt2 : 110 ms.
--------------------------------------------------
unsat
QF_NRA/hycomp/ball_count_2d_plain.02.qfree_global_1.smt2 : 24 ms.
--------------------------------------------------
unsat
QF_NRA/hycomp/ball_count_2d_plain.02.qfree_global_2.smt2 : 33 ms.
--------------------------------------------------
unsat
QF_NRA/hycomp/ball_count_2d_plain.02.qfree_global_3.smt2 : 48 ms.
--------------------------------------------------
unsat
QF_NRA/hycomp/ball_count_2d_plain.02.qfree_global_4.smt2 : 62 ms.
--------------------------------------------------
unsat
QF_NRA/hycomp/ball_count_2d_plain.02.qfree_global_5.smt2 : 46 ms.
--------------------------------------------------
sat
QF_NRA/hycomp/ball_count_2d_plain.02.qfree_global_6.smt2 : 710 ms.
--------------------------------------------------
unsat
QF_NRA/hycomp/ball_count_2d_plain.02.qfree_global_7.smt2 : 63 ms.
--------------------------------------------------
sat
QF_NRA/hycomp/ball_count_2d_plain.02.qfree_global_8.smt2 : 102019 ms.
--------------------------------------------------
unsat
QF_NRA/hycomp/ball_count_2d_plain.02.qfree_global_9.smt2 : 78 ms.
--------------------------------------------------
unsat
QF_NRA/hycomp/ball_count_2d_plain.02.redlog_global_0.smt2 : 25 ms.
--------------------------------------------------
QF_NRA/hycomp/ball_count_2d_plain.02.redlog_global_10.smt2 : 1800004 ms.
--------------------------------------------------
unsat
QF_NRA/hycomp/ball_count_2d_plain.02.redlog_global_11.smt2 : 123 ms.
--------------------------------------------------
unknown
unknown
QF_NRA/hycomp/ball_count_2d_plain.02.redlog_global_12.smt2 : 1800004 ms.
--------------------------------------------------
unsat
QF_NRA/hycomp/ball_count_2d_plain.02.redlog_global_13.smt2 : 129 ms.
--------------------------------------------------
unknown
unknown
QF_NRA/hycomp/ball_count_2d_plain.02.redlog_global_14.smt2 : 1800003 ms.
--------------------------------------------------
unsat
QF_NRA/hycomp/ball_count_2d_plain.02.redlog_global_15.smt2 : 154 ms.
--------------------------------------------------
unsat
QF_NRA/hycomp/ball_count_2d_plain.02.redlog_global_1.smt2 : 29 ms.
--------------------------------------------------
unsat
QF_NRA/hycomp/ball_count_2d_plain.02.redlog_global_2.smt2 : 57 ms.
--------------------------------------------------
unsat
QF_NRA/hycomp/ball_count_2d_plain.02.redlog_global_3.smt2 : 46 ms.
--------------------------------------------------
unsat
QF_NRA/hycomp/ball_count_2d_plain.02.redlog_global_4.smt2 : 85 ms.
--------------------------------------------------
unsat
QF_NRA/hycomp/ball_count_2d_plain.02.redlog_global_5.smt2 : 69 ms.
--------------------------------------------------
unknown
unknown
sat
QF_NRA/hycomp/ball_count_2d_plain.02.redlog_global_6.smt2 : 902532 ms.
--------------------------------------------------
unsat
QF_NRA/hycomp/ball_count_2d_plain.02.redlog_global_7.smt2 : 81 ms.
--------------------------------------------------
sat
QF_NRA/hycomp/ball_count_2d_plain.02.redlog_global_8.smt2 : 13466 ms.
--------------------------------------------------
unsat
QF_NRA/hycomp/ball_count_2d_plain.02.redlog_global_9.smt2 : 101 ms.
--------------------------------------------------
unsat
QF_NRA/hycomp/ball_count_2d_plain.02.seq_lazy_global_0.smt2 : 21 ms.
--------------------------------------------------
sat
QF_NRA/hycomp/ball_count_2d_plain.02.seq_lazy_global_10.smt2 : 1280 ms.
--------------------------------------------------
unsat
QF_NRA/hycomp/ball_count_2d_plain.02.seq_lazy_global_11.smt2 : 111 ms.
--------------------------------------------------
sat
QF_NRA/hycomp/ball_count_2d_plain.02.seq_lazy_global_12.smt2 : 3112 ms.
--------------------------------------------------
unsat
QF_NRA/hycomp/ball_count_2d_plain.02.seq_lazy_global_13.smt2 : 135 ms.
--------------------------------------------------
sat
QF_NRA/hycomp/ball_count_2d_plain.02.seq_lazy_global_14.smt2 : 541 ms.
--------------------------------------------------
unsat
QF_NRA/hycomp/ball_count_2d_plain.02.seq_lazy_global_15.smt2 : 143 ms.
--------------------------------------------------
unsat
QF_NRA/hycomp/ball_count_2d_plain.02.seq_lazy_global_1.smt2 : 32 ms.
--------------------------------------------------
unsat
QF_NRA/hycomp/ball_count_2d_plain.02.seq_lazy_global_2.smt2 : 34 ms.
--------------------------------------------------
unsat
QF_NRA/hycomp/ball_count_2d_plain.02.seq_lazy_global_3.smt2 : 46 ms.
--------------------------------------------------
unsat
QF_NRA/hycomp/ball_count_2d_plain.02.seq_lazy_global_4.smt2 : 74 ms.
--------------------------------------------------
unsat
QF_NRA/hycomp/ball_count_2d_plain.02.seq_lazy_global_5.smt2 : 46 ms.
--------------------------------------------------
sat
QF_NRA/hycomp/ball_count_2d_plain.02.seq_lazy_global_6.smt2 : 184 ms.
--------------------------------------------------
unsat
QF_NRA/hycomp/ball_count_2d_plain.02.seq_lazy_global_7.smt2 : 55 ms.
--------------------------------------------------
sat
QF_NRA/hycomp/ball_count_2d_plain.02.seq_lazy_global_8.smt2 : 1104 ms.
--------------------------------------------------
unsat
QF_NRA/hycomp/ball_count_2d_plain.02.seq_lazy_global_9.smt2 : 66 ms.
--------------------------------------------------
unsat
QF_NRA/hycomp/ball_count_2d_plain.02.seq_lazy_lemmas_global_0.smt2 : 25 ms.
--------------------------------------------------
sat
QF_NRA/hycomp/ball_count_2d_plain.02.seq_lazy_lemmas_global_10.smt2 : 313 ms.
--------------------------------------------------
unsat
QF_NRA/hycomp/ball_count_2d_plain.02.seq_lazy_lemmas_global_11.smt2 : 92 ms.
--------------------------------------------------
unknown
unknown
sat
QF_NRA/hycomp/ball_count_2d_plain.02.seq_lazy_lemmas_global_12.smt2 : 906212 ms.
--------------------------------------------------
unsat
QF_NRA/hycomp/ball_count_2d_plain.02.seq_lazy_lemmas_global_13.smt2 : 110 ms.
--------------------------------------------------
unknown
unknown
QF_NRA/hycomp/ball_count_2d_plain.02.seq_lazy_lemmas_global_14.smt2 : 1800005 ms.
--------------------------------------------------
unsat
QF_NRA/hycomp/ball_count_2d_plain.02.seq_lazy_lemmas_global_15.smt2 : 158 ms.
--------------------------------------------------
unsat
QF_NRA/hycomp/ball_count_2d_plain.02.seq_lazy_lemmas_global_1.smt2 : 36 ms.
--------------------------------------------------
unsat
QF_NRA/hycomp/ball_count_2d_plain.02.seq_lazy_lemmas_global_2.smt2 : 45 ms.
--------------------------------------------------
unsat
QF_NRA/hycomp/ball_count_2d_plain.02.seq_lazy_lemmas_global_3.smt2 : 42 ms.
--------------------------------------------------
unsat
QF_NRA/hycomp/ball_count_2d_plain.02.seq_lazy_lemmas_global_4.smt2 : 122 ms.
--------------------------------------------------
unsat
QF_NRA/hycomp/ball_count_2d_plain.02.seq_lazy_lemmas_global_5.smt2 : 52 ms.
--------------------------------------------------
sat
QF_NRA/hycomp/ball_count_2d_plain.02.seq_lazy_lemmas_global_6.smt2 : 131 ms.
--------------------------------------------------
unsat
QF_NRA/hycomp/ball_count_2d_plain.02.seq_lazy_lemmas_global_7.smt2 : 66 ms.
--------------------------------------------------
sat
QF_NRA/hycomp/ball_count_2d_plain.02.seq_lazy_lemmas_global_8.smt2 : 2233 ms.
--------------------------------------------------
unsat
QF_NRA/hycomp/ball_count_2d_plain.02.seq_lazy_lemmas_global_9.smt2 : 80 ms.
--------------------------------------------------
unsat
QF_NRA/hycomp/ball_count_2d_plain.02.seq_lazy_linear_enc_global_0.smt2 : 23 ms.
--------------------------------------------------
sat
QF_NRA/hycomp/ball_count_2d_plain.02.seq_lazy_linear_enc_global_10.smt2 : 1494 ms.
--------------------------------------------------
unsat
QF_NRA/hycomp/ball_count_2d_plain.02.seq_lazy_linear_enc_global_11.smt2 : 88 ms.
--------------------------------------------------
unknown
unknown
sat
QF_NRA/hycomp/ball_count_2d_plain.02.seq_lazy_linear_enc_global_12.smt2 : 905398 ms.
--------------------------------------------------
unsat
QF_NRA/hycomp/ball_count_2d_plain.02.seq_lazy_linear_enc_global_13.smt2 : 96 ms.
--------------------------------------------------
sat
QF_NRA/hycomp/ball_count_2d_plain.02.seq_lazy_linear_enc_global_14.smt2 : 4726 ms.
--------------------------------------------------
unsat
QF_NRA/hycomp/ball_count_2d_plain.02.seq_lazy_linear_enc_global_15.smt2 : 96 ms.
--------------------------------------------------
unsat
QF_NRA/hycomp/ball_count_2d_plain.02.seq_lazy_linear_enc_global_1.smt2 : 24 ms.
