--------------------------------------------------
sat
QF_NRA/20220314-Uncu/Rational_Function_Proof_Calls_With_Basic_Denominator_Simplifications/BDC_ProveIneq_ISSAC05_AmerMathMonthly10347LHSa.smt2 : 115 ms.
--------------------------------------------------
unsat
QF_NRA/20220314-Uncu/Rational_Function_Proof_Calls_With_Basic_Denominator_Simplifications/BDC_ProveIneq_ISSAC05_AmerMathMonthly10347LHSb.smt2 : 495 ms.
--------------------------------------------------
unsat
QF_NRA/20220314-Uncu/Rational_Function_Proof_Calls_With_Basic_Denominator_Simplifications/BDC_ProveIneq_ISSAC05_AmerMathMonthly10347RHS.smt2 : 439 ms.
--------------------------------------------------
unsat
QF_NRA/20220314-Uncu/Rational_Function_Proof_Calls_With_Basic_Denominator_Simplifications/BDC_ProveIneq_ISSAC05_Bessack_2_m1.smt2 : 379 ms.
--------------------------------------------------
unsat
QF_NRA/20220314-Uncu/Rational_Function_Proof_Calls_With_Basic_Denominator_Simplifications/BDC_ProveIneq_ISSAC05_Bessack_3_m1.smt2 : 318 ms.
--------------------------------------------------
unsat
QF_NRA/20220314-Uncu/Rational_Function_Proof_Calls_With_Basic_Denominator_Simplifications/BDC_ProveIneq_ISSAC05_Bessack_3_m2.smt2 : 312 ms.
--------------------------------------------------
unsat
QF_NRA/20220314-Uncu/Rational_Function_Proof_Calls_With_Basic_Denominator_Simplifications/BDC_ProveIneq_ISSAC05_Bessack_4_m1.smt2 : 249 ms.
--------------------------------------------------
unsat
QF_NRA/20220314-Uncu/Rational_Function_Proof_Calls_With_Basic_Denominator_Simplifications/BDC_ProveIneq_ISSAC05_Bessack_4_m2.smt2 : 275 ms.
--------------------------------------------------
unsat
QF_NRA/20220314-Uncu/Rational_Function_Proof_Calls_With_Basic_Denominator_Simplifications/BDC_ProveIneq_ISSAC05_Bessack_4_m3.smt2 : 261 ms.
--------------------------------------------------
unsat
QF_NRA/20220314-Uncu/Rational_Function_Proof_Calls_With_Basic_Denominator_Simplifications/BDC_ProveIneq_ISSAC05_Bessack_5_m1.smt2 : 247 ms.
--------------------------------------------------
unsat
QF_NRA/20220314-Uncu/Rational_Function_Proof_Calls_With_Basic_Denominator_Simplifications/BDC_ProveIneq_ISSAC05_Bessack_5_m2.smt2 : 207 ms.
--------------------------------------------------
unsat
QF_NRA/20220314-Uncu/Rational_Function_Proof_Calls_With_Basic_Denominator_Simplifications/BDC_ProveIneq_ISSAC05_Bessack_5_m3.smt2 : 268 ms.
--------------------------------------------------
unsat
QF_NRA/20220314-Uncu/Rational_Function_Proof_Calls_With_Basic_Denominator_Simplifications/BDC_ProveIneq_ISSAC05_Bessack_5_m4.smt2 : 268 ms.
--------------------------------------------------
sat
QF_NRA/20220314-Uncu/Rational_Function_Proof_Calls_With_Basic_Denominator_Simplifications/BDC_ProveIneq_ISSAC05_FibonacciPoly_a.smt2 : 247 ms.
--------------------------------------------------
unsat
QF_NRA/20220314-Uncu/Rational_Function_Proof_Calls_With_Basic_Denominator_Simplifications/BDC_ProveIneq_ISSAC05_FibonacciPoly_b.smt2 : 1294 ms.
--------------------------------------------------
sat
QF_NRA/20220314-Uncu/Rational_Function_Proof_Calls_With_Basic_Denominator_Simplifications/BDC_ProveIneq_ISSAC05_KnoppSchur_a.smt2 : 211 ms.
--------------------------------------------------
unsat
QF_NRA/20220314-Uncu/Rational_Function_Proof_Calls_With_Basic_Denominator_Simplifications/BDC_ProveIneq_ISSAC05_KnoppSchur_b.smt2 : 383 ms.
--------------------------------------------------
unsat
QF_NRA/20220314-Uncu/Rational_Function_Proof_Calls_With_Basic_Denominator_Simplifications/BDC_ProveIneq_ISSAC05_LevinLHS.smt2 : 368 ms.
--------------------------------------------------
sat
QF_NRA/20220314-Uncu/Rational_Function_Proof_Calls_With_Basic_Denominator_Simplifications/BDC_ProveIneq_ISSAC05_LevinRHSa.smt2 : 298 ms.
--------------------------------------------------
sat
QF_NRA/20220314-Uncu/Rational_Function_Proof_Calls_With_Basic_Denominator_Simplifications/BDC_ProveIneq_ISSAC05_LevinRHSb.smt2 : 367 ms.
--------------------------------------------------
sat
QF_NRA/20220314-Uncu/Rational_Function_Proof_Calls_With_Basic_Denominator_Simplifications/BDC_ProveIneq_ISSAC05_LevinRHSc.smt2 : 233 ms.
--------------------------------------------------
unsat
QF_NRA/20220314-Uncu/Rational_Function_Proof_Calls_With_Basic_Denominator_Simplifications/BDC_ProveIneq_ISSAC05_LevinRHSm.smt2 : 10972 ms.
--------------------------------------------------
unsat
QF_NRA/20220314-Uncu/Rational_Function_Proof_Calls_With_Basic_Denominator_Simplifications/BDC_ProveIneq_ISSAC05_Mitrinovic_7_31.smt2 : 66 ms.
--------------------------------------------------
unsat
QF_NRA/20220314-Uncu/Rational_Function_Proof_Calls_With_Basic_Denominator_Simplifications/BDC_ProveIneq_ISSAC05_Mitrinovic_7_32.smt2 : 73 ms.
--------------------------------------------------
unsat
QF_NRA/20220314-Uncu/Rational_Function_Proof_Calls_With_Basic_Denominator_Simplifications/BDC_ProveIneq_ISSAC05_Weierstrass_1_LHS.smt2 : 62 ms.
--------------------------------------------------
unsat
QF_NRA/20220314-Uncu/Rational_Function_Proof_Calls_With_Basic_Denominator_Simplifications/BDC_ProveIneq_ISSAC05_Weierstrass_2_LHS.smt2 : 57 ms.
--------------------------------------------------
sat
QF_NRA/20220314-Uncu/Rational_Function_Proof_Calls_With_Basic_Denominator_Simplifications/BDC_ProveIneq_ISSAC10_ex1c.smt2 : 51 ms.
--------------------------------------------------
sat
QF_NRA/20220314-Uncu/Rational_Function_Proof_Calls_With_Basic_Denominator_Simplifications/BDC_ProveIneq_ISSAC10_ex1d.smt2 : 77 ms.
--------------------------------------------------
sat
QF_NRA/20220314-Uncu/Rational_Function_Proof_Calls_With_Basic_Denominator_Simplifications/BDC_ProveIneq_ISSAC10_ex1e.smt2 : 123 ms.
--------------------------------------------------
unsat
QF_NRA/20220314-Uncu/Rational_Function_Proof_Calls_With_Basic_Denominator_Simplifications/BDC_ProveIneq_ISSAC10_ex1f.smt2 : 282 ms.
--------------------------------------------------
sat
QF_NRA/20220314-Uncu/Rational_Function_Proof_Calls_With_Basic_Denominator_Simplifications/BDC_ProveIneq_ISSAC10_ex2c.smt2 : 47 ms.
--------------------------------------------------
unsat
QF_NRA/20220314-Uncu/Rational_Function_Proof_Calls_With_Basic_Denominator_Simplifications/BDC_ProveIneq_ISSAC10_ex2d.smt2 : 103 ms.
--------------------------------------------------
sat
QF_NRA/20220314-Uncu/Rational_Function_Proof_Calls_With_Basic_Denominator_Simplifications/BDC_ProveIneq_ISSAC10_ex3a.smt2 : 50 ms.
--------------------------------------------------
sat
QF_NRA/20220314-Uncu/Rational_Function_Proof_Calls_With_Basic_Denominator_Simplifications/BDC_ProveIneq_ISSAC10_ex3b.smt2 : 71 ms.
--------------------------------------------------
sat
QF_NRA/20220314-Uncu/Rational_Function_Proof_Calls_With_Basic_Denominator_Simplifications/BDC_ProveIneq_ISSAC10_ex3c.smt2 : 73 ms.
--------------------------------------------------
sat
QF_NRA/20220314-Uncu/Rational_Function_Proof_Calls_With_Basic_Denominator_Simplifications/BDC_ProveIneq_ISSAC10_ex3d.smt2 : 69 ms.
--------------------------------------------------
sat
QF_NRA/20220314-Uncu/Rational_Function_Proof_Calls_With_Basic_Denominator_Simplifications/BDC_ProveIneq_ISSAC10_ex3e.smt2 : 69 ms.
--------------------------------------------------
unsat
QF_NRA/20220314-Uncu/Rational_Function_Proof_Calls_With_Basic_Denominator_Simplifications/BDC_ProveIneq_ISSAC10_ex3f.smt2 : 283 ms.
--------------------------------------------------
sat
QF_NRA/20220314-Uncu/Rational_Function_Proof_Calls_With_Basic_Denominator_Simplifications/BDC_ProveIneq_ISSAC10_ex4b.smt2 : 49 ms.
--------------------------------------------------
sat
QF_NRA/20220314-Uncu/Rational_Function_Proof_Calls_With_Basic_Denominator_Simplifications/BDC_ProveIneq_ISSAC10_ex4c.smt2 : 55 ms.
--------------------------------------------------
sat
QF_NRA/20220314-Uncu/Rational_Function_Proof_Calls_With_Basic_Denominator_Simplifications/BDC_ProveIneq_ISSAC10_ex4d.smt2 : 56 ms.
--------------------------------------------------
sat
QF_NRA/20220314-Uncu/Rational_Function_Proof_Calls_With_Basic_Denominator_Simplifications/BDC_ProveIneq_ISSAC10_ex4e.smt2 : 65 ms.
--------------------------------------------------
sat
QF_NRA/20220314-Uncu/Rational_Function_Proof_Calls_With_Basic_Denominator_Simplifications/BDC_ProveIneq_ISSAC10_ex4f.smt2 : 65 ms.
--------------------------------------------------
sat
QF_NRA/20220314-Uncu/Rational_Function_Proof_Calls_With_Basic_Denominator_Simplifications/BDC_ProveIneq_ISSAC10_ex4g.smt2 : 78 ms.
--------------------------------------------------
sat
QF_NRA/20220314-Uncu/Rational_Function_Proof_Calls_With_Basic_Denominator_Simplifications/BDC_ProveIneq_ISSAC10_ex4h.smt2 : 59 ms.
--------------------------------------------------
sat
QF_NRA/20220314-Uncu/Rational_Function_Proof_Calls_With_Basic_Denominator_Simplifications/BDC_ProveIneq_ISSAC10_ex4i.smt2 : 76 ms.
--------------------------------------------------
sat
QF_NRA/20220314-Uncu/Rational_Function_Proof_Calls_With_Basic_Denominator_Simplifications/BDC_ProveIneq_ISSAC10_ex4j.smt2 : 91 ms.
--------------------------------------------------
sat
QF_NRA/20220314-Uncu/Rational_Function_Proof_Calls_With_Basic_Denominator_Simplifications/BDC_ProveIneq_JSC_SUMCracker_14a.smt2 : 72 ms.
--------------------------------------------------
sat
QF_NRA/20220314-Uncu/Rational_Function_Proof_Calls_With_Basic_Denominator_Simplifications/BDC_ProveIneq_JSC_SUMCracker_14b.smt2 : 98 ms.
--------------------------------------------------
sat
QF_NRA/20220314-Uncu/Rational_Function_Proof_Calls_With_Basic_Denominator_Simplifications/BDC_ProveIneq_JSC_SUMCracker_14c.smt2 : 462 ms.
--------------------------------------------------
unknown
unknown
sat
QF_NRA/20220314-Uncu/Rational_Function_Proof_Calls_With_Basic_Denominator_Simplifications/BDC_ProveIneq_JSC_SUMCracker_14d.smt2 : 900400 ms.
--------------------------------------------------
unknown
unknown
sat
QF_NRA/20220314-Uncu/Rational_Function_Proof_Calls_With_Basic_Denominator_Simplifications/BDC_ProveIneq_JSC_SUMCracker_14e.smt2 : 900262 ms.
--------------------------------------------------
unsat
QF_NRA/20220314-Uncu/Rational_Function_Proof_Calls_With_Basic_Denominator_Simplifications/BDC_ProveIneq_JSC_SUMCracker_15.smt2 : 7292 ms.
--------------------------------------------------
unsat
QF_NRA/20220314-Uncu/Rational_Function_Proof_Calls_With_Basic_Denominator_Simplifications/BDC_ProveIneq_JSC_SUMCracker_20.smt2 : 143955 ms.
--------------------------------------------------
unsat
QF_NRA/20220314-Uncu/Rational_Function_Proof_Calls_With_Basic_Denominator_Simplifications/BDC_ProveIneq_Mitrinovic_3_27.smt2 : 48 ms.
--------------------------------------------------
unsat
QF_NRA/20220314-Uncu/Rational_Function_Proof_Calls_With_Basic_Denominator_Simplifications/BDC_ProveIneq_Mitrinovic_3_28.smt2 : 26 ms.
--------------------------------------------------
unsat
QF_NRA/20220314-Uncu/Rational_Function_Proof_Calls_With_Basic_Denominator_Simplifications/BDC_ProveIneq_Mitrinovic_3_29.smt2 : 30 ms.
--------------------------------------------------
unsat
QF_NRA/20220314-Uncu/Rational_Function_Proof_Calls_With_Basic_Denominator_Simplifications/BDC_ProveIneq_Mitrinovic_3_31.smt2 : 109 ms.
--------------------------------------------------
unsat
QF_NRA/20220314-Uncu/Rational_Function_Proof_Calls_With_Basic_Denominator_Simplifications/BDC_ProveIneq_Mitrinovic_4_14.smt2 : 26 ms.
--------------------------------------------------
unsat
QF_NRA/20220314-Uncu/Rational_Function_Proof_Calls_With_Basic_Denominator_Simplifications/BDC_ProveIneq_Mitrinovic_4_18.smt2 : 35 ms.
--------------------------------------------------
unsat
QF_NRA/20220314-Uncu/Rational_Function_Proof_Calls_With_Basic_Denominator_Simplifications/BDC_ProveIneq_Mitrinovic_4_19.smt2 : 27 ms.
--------------------------------------------------
unsat
QF_NRA/20220314-Uncu/Rational_Function_Proof_Calls_With_Basic_Denominator_Simplifications/BDC_ProveIneq_Mitrinovic_4_1.smt2 : 57 ms.
--------------------------------------------------
sat
QF_NRA/20220314-Uncu/Rational_Function_Proof_Calls_With_Basic_Denominator_Simplifications/BDC_ProveIneq_Mitrinovic_4_22a.smt2 : 34 ms.
--------------------------------------------------
unsat
QF_NRA/20220314-Uncu/Rational_Function_Proof_Calls_With_Basic_Denominator_Simplifications/BDC_ProveIneq_Mitrinovic_4_22b.smt2 : 44 ms.
--------------------------------------------------
unsat
QF_NRA/20220314-Uncu/Rational_Function_Proof_Calls_With_Basic_Denominator_Simplifications/BDC_ProveIneq_Mitrinovic_4_23.smt2 : 40 ms.
--------------------------------------------------
unsat
QF_NRA/20220314-Uncu/Rational_Function_Proof_Calls_With_Basic_Denominator_Simplifications/BDC_ProveIneq_Mitrinovic_4_29_1.smt2 : 36 ms.
--------------------------------------------------
unsat
QF_NRA/20220314-Uncu/Rational_Function_Proof_Calls_With_Basic_Denominator_Simplifications/BDC_ProveIneq_Mitrinovic_4_29_2.smt2 : 30 ms.
--------------------------------------------------
unsat
QF_NRA/20220314-Uncu/Rational_Function_Proof_Calls_With_Basic_Denominator_Simplifications/BDC_ProveIneq_Mitrinovic_4_30_1.smt2 : 3154 ms.
--------------------------------------------------
unsat
QF_NRA/20220314-Uncu/Rational_Function_Proof_Calls_With_Basic_Denominator_Simplifications/BDC_ProveIneq_Mitrinovic_4_30_2.smt2 : 232 ms.
--------------------------------------------------
unsat
QF_NRA/20220314-Uncu/Rational_Function_Proof_Calls_With_Basic_Denominator_Simplifications/BDC_ProveIneq_Mitrinovic_4_3.smt2 : 44 ms.
--------------------------------------------------
unsat
QF_NRA/20220314-Uncu/Rational_Function_Proof_Calls_With_Basic_Denominator_Simplifications/BDC_ProveIneq_Mitrinovic_4_4.smt2 : 45 ms.
--------------------------------------------------
unsat
QF_NRA/20220314-Uncu/Rational_Function_Proof_Calls_With_Basic_Denominator_Simplifications/BDC_ProveIneq_Mitrinovic_7_35.smt2 : 33 ms.
--------------------------------------------------
unsat
QF_NRA/20220314-Uncu/Rational_Function_Proof_Calls_With_Basic_Denominator_Simplifications/BDC_ProveIneq_Mitrinovic_8_3.smt2 : 67 ms.
--------------------------------------------------
unsat
QF_NRA/20220314-Uncu/Rational_Function_Proof_Calls_With_Basic_Denominator_Simplifications/BDC_ProveIneq_Mitrinovic_8_4.smt2 : 250 ms.
--------------------------------------------------
unsat
QF_NRA/20220314-Uncu/Rational_Function_Proof_Calls_With_Basic_Denominator_Simplifications/BDC_ProveIneq_Mitrinovic_8_8.smt2 : 2199 ms.
