--------------------------------------------------
unsat
QF_NRA/hycomp/ball_count_2d_plain.10.seq_lazy_linear_enc_lemmas_global_2.smt2 : 199 ms.
--------------------------------------------------
unsat
QF_NRA/hycomp/ball_count_2d_plain.10.seq_lazy_linear_enc_lemmas_global_3.smt2 : 457 ms.
--------------------------------------------------
unsat
QF_NRA/hycomp/ball_count_2d_plain.10.seq_lazy_linear_enc_lemmas_global_4.smt2 : 441 ms.
--------------------------------------------------
unsat
QF_NRA/hycomp/ball_count_2d_plain.10.seq_lazy_linear_enc_lemmas_global_5.smt2 : 393 ms.
--------------------------------------------------
unsat
QF_NRA/hycomp/ball_count_2d_plain.10.seq_lazy_linear_enc_lemmas_global_6.smt2 : 373 ms.
--------------------------------------------------
unsat
QF_NRA/hycomp/ball_count_2d_plain.10.seq_lazy_linear_enc_lemmas_global_7.smt2 : 341 ms.
--------------------------------------------------
unsat
QF_NRA/hycomp/ball_count_2d_plain.10.seq_lazy_linear_enc_lemmas_global_8.smt2 : 319 ms.
--------------------------------------------------
unsat
QF_NRA/hycomp/ball_count_2d_plain.10.seq_lazy_linear_enc_lemmas_global_9.smt2 : 326 ms.
--------------------------------------------------
unsat
QF_NRA/hycomp/ball_count_2d_slope.01.seq_lazy_global_0.smt2 : 250 ms.
--------------------------------------------------
unknown
unknown
QF_NRA/hycomp/ball_count_2d_slope.01.seq_lazy_global_10.smt2 : 1800005 ms.
--------------------------------------------------
unsat
QF_NRA/hycomp/ball_count_2d_slope.01.seq_lazy_global_11.smt2 : 174 ms.
--------------------------------------------------
unknown
unknown
QF_NRA/hycomp/ball_count_2d_slope.01.seq_lazy_global_12.smt2 : 1800004 ms.
--------------------------------------------------
unsat
QF_NRA/hycomp/ball_count_2d_slope.01.seq_lazy_global_13.smt2 : 229 ms.
--------------------------------------------------
unknown
unknown
QF_NRA/hycomp/ball_count_2d_slope.01.seq_lazy_global_14.smt2 : 1800005 ms.
--------------------------------------------------
unsat
QF_NRA/hycomp/ball_count_2d_slope.01.seq_lazy_global_15.smt2 : 235 ms.
--------------------------------------------------
unsat
QF_NRA/hycomp/ball_count_2d_slope.01.seq_lazy_global_1.smt2 : 35 ms.
--------------------------------------------------
unsat
QF_NRA/hycomp/ball_count_2d_slope.01.seq_lazy_global_2.smt2 : 154 ms.
--------------------------------------------------
unsat
QF_NRA/hycomp/ball_count_2d_slope.01.seq_lazy_global_3.smt2 : 70 ms.
--------------------------------------------------
unsat
QF_NRA/hycomp/ball_count_2d_slope.01.seq_lazy_global_4.smt2 : 118553 ms.
--------------------------------------------------
unsat
QF_NRA/hycomp/ball_count_2d_slope.01.seq_lazy_global_5.smt2 : 113 ms.
--------------------------------------------------
unknown
unknown
QF_NRA/hycomp/ball_count_2d_slope.01.seq_lazy_global_6.smt2 : 1800005 ms.
--------------------------------------------------
unsat
QF_NRA/hycomp/ball_count_2d_slope.01.seq_lazy_global_7.smt2 : 173 ms.
--------------------------------------------------
unknown
unknown
QF_NRA/hycomp/ball_count_2d_slope.01.seq_lazy_global_8.smt2 : 1800005 ms.
--------------------------------------------------
unsat
QF_NRA/hycomp/ball_count_2d_slope.01.seq_lazy_global_9.smt2 : 185 ms.
--------------------------------------------------
unsat
QF_NRA/hycomp/ball_count_2d_slope.01.seq_lazy_lemmas_global_0.smt2 : 32 ms.
--------------------------------------------------
unknown
unknown
QF_NRA/hycomp/ball_count_2d_slope.01.seq_lazy_lemmas_global_10.smt2 : 1800004 ms.
--------------------------------------------------
unsat
QF_NRA/hycomp/ball_count_2d_slope.01.seq_lazy_lemmas_global_11.smt2 : 226 ms.
--------------------------------------------------
unknown
unknown
QF_NRA/hycomp/ball_count_2d_slope.01.seq_lazy_lemmas_global_12.smt2 : 1800006 ms.
--------------------------------------------------
unsat
QF_NRA/hycomp/ball_count_2d_slope.01.seq_lazy_lemmas_global_13.smt2 : 281 ms.
--------------------------------------------------
unknown
unknown
QF_NRA/hycomp/ball_count_2d_slope.01.seq_lazy_lemmas_global_14.smt2 : 1800005 ms.
--------------------------------------------------
unsat
QF_NRA/hycomp/ball_count_2d_slope.01.seq_lazy_lemmas_global_15.smt2 : 302 ms.
--------------------------------------------------
unsat
QF_NRA/hycomp/ball_count_2d_slope.01.seq_lazy_lemmas_global_1.smt2 : 61 ms.
--------------------------------------------------
unsat
QF_NRA/hycomp/ball_count_2d_slope.01.seq_lazy_lemmas_global_2.smt2 : 133 ms.
--------------------------------------------------
unsat
QF_NRA/hycomp/ball_count_2d_slope.01.seq_lazy_lemmas_global_3.smt2 : 93 ms.
--------------------------------------------------
unknown
unknown
QF_NRA/hycomp/ball_count_2d_slope.01.seq_lazy_lemmas_global_4.smt2 : 1800005 ms.
--------------------------------------------------
unsat
QF_NRA/hycomp/ball_count_2d_slope.01.seq_lazy_lemmas_global_5.smt2 : 131 ms.
--------------------------------------------------
unknown
unknown
QF_NRA/hycomp/ball_count_2d_slope.01.seq_lazy_lemmas_global_6.smt2 : 1800013 ms.
--------------------------------------------------
unsat
QF_NRA/hycomp/ball_count_2d_slope.01.seq_lazy_lemmas_global_7.smt2 : 134 ms.
--------------------------------------------------
unknown
unknown
QF_NRA/hycomp/ball_count_2d_slope.01.seq_lazy_lemmas_global_8.smt2 : 1800011 ms.
--------------------------------------------------
unsat
QF_NRA/hycomp/ball_count_2d_slope.01.seq_lazy_lemmas_global_9.smt2 : 170 ms.
--------------------------------------------------
unsat
QF_NRA/hycomp/ball_count_2d_slope.01.seq_lazy_linear_enc_global_0.smt2 : 26 ms.
--------------------------------------------------
unsat
QF_NRA/hycomp/ball_count_2d_slope.01.seq_lazy_linear_enc_global_10.smt2 : 2787 ms.
--------------------------------------------------
unsat
QF_NRA/hycomp/ball_count_2d_slope.01.seq_lazy_linear_enc_global_11.smt2 : 142 ms.
--------------------------------------------------
unknown
unsat
QF_NRA/hycomp/ball_count_2d_slope.01.seq_lazy_linear_enc_global_12.smt2 : 801980 ms.
--------------------------------------------------
unsat
QF_NRA/hycomp/ball_count_2d_slope.01.seq_lazy_linear_enc_global_13.smt2 : 158 ms.
--------------------------------------------------
unknown
unknown
QF_NRA/hycomp/ball_count_2d_slope.01.seq_lazy_linear_enc_global_14.smt2 : 1800018 ms.
--------------------------------------------------
unsat
QF_NRA/hycomp/ball_count_2d_slope.01.seq_lazy_linear_enc_global_15.smt2 : 202 ms.
--------------------------------------------------
unsat
QF_NRA/hycomp/ball_count_2d_slope.01.seq_lazy_linear_enc_global_1.smt2 : 44 ms.
--------------------------------------------------
unsat
QF_NRA/hycomp/ball_count_2d_slope.01.seq_lazy_linear_enc_global_2.smt2 : 423 ms.
--------------------------------------------------
unsat
QF_NRA/hycomp/ball_count_2d_slope.01.seq_lazy_linear_enc_global_3.smt2 : 57 ms.
--------------------------------------------------
unsat
QF_NRA/hycomp/ball_count_2d_slope.01.seq_lazy_linear_enc_global_4.smt2 : 4700 ms.
--------------------------------------------------
unsat
QF_NRA/hycomp/ball_count_2d_slope.01.seq_lazy_linear_enc_global_5.smt2 : 78 ms.
--------------------------------------------------
unsat
QF_NRA/hycomp/ball_count_2d_slope.01.seq_lazy_linear_enc_global_6.smt2 : 5277 ms.
--------------------------------------------------
unsat
QF_NRA/hycomp/ball_count_2d_slope.01.seq_lazy_linear_enc_global_7.smt2 : 100 ms.
--------------------------------------------------
unsat
QF_NRA/hycomp/ball_count_2d_slope.01.seq_lazy_linear_enc_global_8.smt2 : 1793 ms.
--------------------------------------------------
unsat
QF_NRA/hycomp/ball_count_2d_slope.01.seq_lazy_linear_enc_global_9.smt2 : 124 ms.
--------------------------------------------------
unsat
QF_NRA/hycomp/ball_count_2d_slope.01.seq_lazy_linear_enc_lemmas_global_0.smt2 : 33 ms.
--------------------------------------------------
unsat
QF_NRA/hycomp/ball_count_2d_slope.01.seq_lazy_linear_enc_lemmas_global_10.smt2 : 184 ms.
--------------------------------------------------
unsat
QF_NRA/hycomp/ball_count_2d_slope.01.seq_lazy_linear_enc_lemmas_global_11.smt2 : 183 ms.
--------------------------------------------------
unsat
QF_NRA/hycomp/ball_count_2d_slope.01.seq_lazy_linear_enc_lemmas_global_12.smt2 : 201 ms.
--------------------------------------------------
unsat
QF_NRA/hycomp/ball_count_2d_slope.01.seq_lazy_linear_enc_lemmas_global_13.smt2 : 186 ms.
--------------------------------------------------
unsat
QF_NRA/hycomp/ball_count_2d_slope.01.seq_lazy_linear_enc_lemmas_global_14.smt2 : 218 ms.
--------------------------------------------------
unsat
QF_NRA/hycomp/ball_count_2d_slope.01.seq_lazy_linear_enc_lemmas_global_15.smt2 : 221 ms.
--------------------------------------------------
unsat
QF_NRA/hycomp/ball_count_2d_slope.01.seq_lazy_linear_enc_lemmas_global_1.smt2 : 44 ms.
--------------------------------------------------
unsat
QF_NRA/hycomp/ball_count_2d_slope.01.seq_lazy_linear_enc_lemmas_global_2.smt2 : 58 ms.
--------------------------------------------------
unsat
QF_NRA/hycomp/ball_count_2d_slope.01.seq_lazy_linear_enc_lemmas_global_3.smt2 : 67 ms.
--------------------------------------------------
unsat
QF_NRA/hycomp/ball_count_2d_slope.01.seq_lazy_linear_enc_lemmas_global_4.smt2 : 86 ms.
--------------------------------------------------
unsat
QF_NRA/hycomp/ball_count_2d_slope.01.seq_lazy_linear_enc_lemmas_global_5.smt2 : 94 ms.
--------------------------------------------------
unsat
QF_NRA/hycomp/ball_count_2d_slope.01.seq_lazy_linear_enc_lemmas_global_6.smt2 : 109 ms.
--------------------------------------------------
unsat
QF_NRA/hycomp/ball_count_2d_slope.01.seq_lazy_linear_enc_lemmas_global_7.smt2 : 111 ms.
--------------------------------------------------
unsat
QF_NRA/hycomp/ball_count_2d_slope.01.seq_lazy_linear_enc_lemmas_global_8.smt2 : 138 ms.
--------------------------------------------------
unsat
QF_NRA/hycomp/ball_count_2d_slope.01.seq_lazy_linear_enc_lemmas_global_9.smt2 : 137 ms.
--------------------------------------------------
unsat
QF_NRA/hycomp/ball_count_2d_slope.02.seq_lazy_global_0.smt2 : 28 ms.
--------------------------------------------------
unknown
unknown
QF_NRA/hycomp/ball_count_2d_slope.02.seq_lazy_global_10.smt2 : 1800012 ms.
--------------------------------------------------
unsat
QF_NRA/hycomp/ball_count_2d_slope.02.seq_lazy_global_11.smt2 : 167 ms.
--------------------------------------------------
unknown
unknown
QF_NRA/hycomp/ball_count_2d_slope.02.seq_lazy_global_12.smt2 : 1800012 ms.
--------------------------------------------------
unsat
QF_NRA/hycomp/ball_count_2d_slope.02.seq_lazy_global_13.smt2 : 172 ms.
--------------------------------------------------
unknown
unknown
QF_NRA/hycomp/ball_count_2d_slope.02.seq_lazy_global_14.smt2 : 1800007 ms.
--------------------------------------------------
unsat
QF_NRA/hycomp/ball_count_2d_slope.02.seq_lazy_global_15.smt2 : 204 ms.
--------------------------------------------------
unsat
QF_NRA/hycomp/ball_count_2d_slope.02.seq_lazy_global_1.smt2 : 44 ms.
--------------------------------------------------
unsat
QF_NRA/hycomp/ball_count_2d_slope.02.seq_lazy_global_2.smt2 : 59 ms.
--------------------------------------------------
unsat
QF_NRA/hycomp/ball_count_2d_slope.02.seq_lazy_global_3.smt2 : 66 ms.
--------------------------------------------------
unknown
unsat
QF_NRA/hycomp/ball_count_2d_slope.02.seq_lazy_global_4.smt2 : 600701 ms.
--------------------------------------------------
unsat
QF_NRA/hycomp/ball_count_2d_slope.02.seq_lazy_global_5.smt2 : 86 ms.
--------------------------------------------------
unknown
unsat
QF_NRA/hycomp/ball_count_2d_slope.02.seq_lazy_global_6.smt2 : 697457 ms.
--------------------------------------------------
unsat
QF_NRA/hycomp/ball_count_2d_slope.02.seq_lazy_global_7.smt2 : 114 ms.
--------------------------------------------------
unknown
unknown
QF_NRA/hycomp/ball_count_2d_slope.02.seq_lazy_global_8.smt2 : 1800006 ms.
--------------------------------------------------
unsat
QF_NRA/hycomp/ball_count_2d_slope.02.seq_lazy_global_9.smt2 : 128 ms.
--------------------------------------------------
unsat
QF_NRA/hycomp/ball_count_2d_slope.02.seq_lazy_lemmas_global_0.smt2 : 35 ms.
--------------------------------------------------
unknown
unknown
QF_NRA/hycomp/ball_count_2d_slope.02.seq_lazy_lemmas_global_10.smt2 : 1800012 ms.
--------------------------------------------------
unsat
QF_NRA/hycomp/ball_count_2d_slope.02.seq_lazy_lemmas_global_11.smt2 : 187 ms.
--------------------------------------------------
unknown
unknown
QF_NRA/hycomp/ball_count_2d_slope.02.seq_lazy_lemmas_global_12.smt2 : 1800011 ms.
--------------------------------------------------
unsat
QF_NRA/hycomp/ball_count_2d_slope.02.seq_lazy_lemmas_global_13.smt2 : 219 ms.
--------------------------------------------------
unknown
unknown
QF_NRA/hycomp/ball_count_2d_slope.02.seq_lazy_lemmas_global_14.smt2 : 1800014 ms.
--------------------------------------------------
unsat
QF_NRA/hycomp/ball_count_2d_slope.02.seq_lazy_lemmas_global_15.smt2 : 246 ms.
--------------------------------------------------
unsat
QF_NRA/hycomp/ball_count_2d_slope.02.seq_lazy_lemmas_global_1.smt2 : 48 ms.
--------------------------------------------------
unsat
QF_NRA/hycomp/ball_count_2d_slope.02.seq_lazy_lemmas_global_2.smt2 : 66 ms.
--------------------------------------------------
unsat
QF_NRA/hycomp/ball_count_2d_slope.02.seq_lazy_lemmas_global_3.smt2 : 77 ms.
--------------------------------------------------
unknown
unsat
QF_NRA/hycomp/ball_count_2d_slope.02.seq_lazy_lemmas_global_4.smt2 : 600563 ms.
--------------------------------------------------
unsat
QF_NRA/hycomp/ball_count_2d_slope.02.seq_lazy_lemmas_global_5.smt2 : 102 ms.
--------------------------------------------------
unknown
unsat
QF_NRA/hycomp/ball_count_2d_slope.02.seq_lazy_lemmas_global_6.smt2 : 614154 ms.
--------------------------------------------------
unsat
QF_NRA/hycomp/ball_count_2d_slope.02.seq_lazy_lemmas_global_7.smt2 : 131 ms.
--------------------------------------------------
unknown
unknown
QF_NRA/hycomp/ball_count_2d_slope.02.seq_lazy_lemmas_global_8.smt2 : 1800007 ms.
--------------------------------------------------
unsat
QF_NRA/hycomp/ball_count_2d_slope.02.seq_lazy_lemmas_global_9.smt2 : 163 ms.
--------------------------------------------------
unsat
QF_NRA/hycomp/ball_count_2d_slope.02.seq_lazy_linear_enc_global_0.smt2 : 28 ms.
--------------------------------------------------
unknown
unknown
QF_NRA/hycomp/ball_count_2d_slope.02.seq_lazy_linear_enc_global_10.smt2 : 1800027 ms.
--------------------------------------------------
unsat
QF_NRA/hycomp/ball_count_2d_slope.02.seq_lazy_linear_enc_global_11.smt2 : 130 ms.
--------------------------------------------------
unknown
unknown
QF_NRA/hycomp/ball_count_2d_slope.02.seq_lazy_linear_enc_global_12.smt2 : 1800011 ms.
--------------------------------------------------
unsat
QF_NRA/hycomp/ball_count_2d_slope.02.seq_lazy_linear_enc_global_13.smt2 : 142 ms.
--------------------------------------------------
unknown
unknown
QF_NRA/hycomp/ball_count_2d_slope.02.seq_lazy_linear_enc_global_14.smt2 : 1800012 ms.
--------------------------------------------------
unsat
QF_NRA/hycomp/ball_count_2d_slope.02.seq_lazy_linear_enc_global_15.smt2 : 172 ms.
--------------------------------------------------
unsat
QF_NRA/hycomp/ball_count_2d_slope.02.seq_lazy_linear_enc_global_1.smt2 : 44 ms.
--------------------------------------------------
unsat
QF_NRA/hycomp/ball_count_2d_slope.02.seq_lazy_linear_enc_global_2.smt2 : 52 ms.
--------------------------------------------------
unsat
QF_NRA/hycomp/ball_count_2d_slope.02.seq_lazy_linear_enc_global_3.smt2 : 67 ms.
--------------------------------------------------
unsat
QF_NRA/hycomp/ball_count_2d_slope.02.seq_lazy_linear_enc_global_4.smt2 : 3229 ms.
--------------------------------------------------
unsat
QF_NRA/hycomp/ball_count_2d_slope.02.seq_lazy_linear_enc_global_5.smt2 : 78 ms.
--------------------------------------------------
unknown
unknown
QF_NRA/hycomp/ball_count_2d_slope.02.seq_lazy_linear_enc_global_6.smt2 : 1800011 ms.
--------------------------------------------------
unsat
QF_NRA/hycomp/ball_count_2d_slope.02.seq_lazy_linear_enc_global_7.smt2 : 97 ms.
--------------------------------------------------
unknown
unknown
QF_NRA/hycomp/ball_count_2d_slope.02.seq_lazy_linear_enc_global_8.smt2 : 1800012 ms.
--------------------------------------------------
unsat
QF_NRA/hycomp/ball_count_2d_slope.02.seq_lazy_linear_enc_global_9.smt2 : 123 ms.
--------------------------------------------------
unsat
QF_NRA/hycomp/ball_count_2d_slope.02.seq_lazy_linear_enc_lemmas_global_0.smt2 : 33 ms.
--------------------------------------------------
unsat
QF_NRA/hycomp/ball_count_2d_slope.02.seq_lazy_linear_enc_lemmas_global_10.smt2 : 173 ms.
--------------------------------------------------
unsat
QF_NRA/hycomp/ball_count_2d_slope.02.seq_lazy_linear_enc_lemmas_global_11.smt2 : 163 ms.
--------------------------------------------------
unsat
QF_NRA/hycomp/ball_count_2d_slope.02.seq_lazy_linear_enc_lemmas_global_12.smt2 : 443 ms.
--------------------------------------------------
unsat
QF_NRA/hycomp/ball_count_2d_slope.02.seq_lazy_linear_enc_lemmas_global_13.smt2 : 315 ms.
--------------------------------------------------
unsat
QF_NRA/hycomp/ball_count_2d_slope.02.seq_lazy_linear_enc_lemmas_global_14.smt2 : 314 ms.
--------------------------------------------------
unsat
QF_NRA/hycomp/ball_count_2d_slope.02.seq_lazy_linear_enc_lemmas_global_15.smt2 : 308 ms.
--------------------------------------------------
unsat
QF_NRA/hycomp/ball_count_2d_slope.02.seq_lazy_linear_enc_lemmas_global_1.smt2 : 56 ms.
--------------------------------------------------
unsat
QF_NRA/hycomp/ball_count_2d_slope.02.seq_lazy_linear_enc_lemmas_global_2.smt2 : 72 ms.
--------------------------------------------------
unsat
QF_NRA/hycomp/ball_count_2d_slope.02.seq_lazy_linear_enc_lemmas_global_3.smt2 : 112 ms.
--------------------------------------------------
unsat
QF_NRA/hycomp/ball_count_2d_slope.02.seq_lazy_linear_enc_lemmas_global_4.smt2 : 123 ms.
--------------------------------------------------
unsat
QF_NRA/hycomp/ball_count_2d_slope.02.seq_lazy_linear_enc_lemmas_global_5.smt2 : 114 ms.
--------------------------------------------------
unsat
QF_NRA/hycomp/ball_count_2d_slope.02.seq_lazy_linear_enc_lemmas_global_6.smt2 : 159 ms.
--------------------------------------------------
unsat
QF_NRA/hycomp/ball_count_2d_slope.02.seq_lazy_linear_enc_lemmas_global_7.smt2 : 139 ms.
--------------------------------------------------
unsat
QF_NRA/hycomp/ball_count_2d_slope.02.seq_lazy_linear_enc_lemmas_global_8.smt2 : 195 ms.
--------------------------------------------------
unsat
QF_NRA/hycomp/ball_count_2d_slope.02.seq_lazy_linear_enc_lemmas_global_9.smt2 : 154 ms.
--------------------------------------------------
unsat
QF_NRA/hycomp/ball_count_2d_slope.03.seq_lazy_global_0.smt2 : 28 ms.
--------------------------------------------------
unknown
unknown
QF_NRA/hycomp/ball_count_2d_slope.03.seq_lazy_global_10.smt2 : 1800006 ms.
--------------------------------------------------
unsat
QF_NRA/hycomp/ball_count_2d_slope.03.seq_lazy_global_11.smt2 : 250 ms.
--------------------------------------------------
unknown
unknown
QF_NRA/hycomp/ball_count_2d_slope.03.seq_lazy_global_12.smt2 : 1800005 ms.
--------------------------------------------------
unsat
QF_NRA/hycomp/ball_count_2d_slope.03.seq_lazy_global_13.smt2 : 272 ms.
--------------------------------------------------
unknown
unknown
QF_NRA/hycomp/ball_count_2d_slope.03.seq_lazy_global_14.smt2 : 1800005 ms.
--------------------------------------------------
unsat
QF_NRA/hycomp/ball_count_2d_slope.03.seq_lazy_global_15.smt2 : 275 ms.
--------------------------------------------------
unsat
QF_NRA/hycomp/ball_count_2d_slope.03.seq_lazy_global_1.smt2 : 38 ms.
--------------------------------------------------
unsat
QF_NRA/hycomp/ball_count_2d_slope.03.seq_lazy_global_2.smt2 : 62 ms.
--------------------------------------------------
unsat
QF_NRA/hycomp/ball_count_2d_slope.03.seq_lazy_global_3.smt2 : 69 ms.
--------------------------------------------------
unsat
QF_NRA/hycomp/ball_count_2d_slope.03.seq_lazy_global_4.smt2 : 115 ms.
--------------------------------------------------
unsat
QF_NRA/hycomp/ball_count_2d_slope.03.seq_lazy_global_5.smt2 : 140 ms.
--------------------------------------------------
unknown
unknown
QF_NRA/hycomp/ball_count_2d_slope.03.seq_lazy_global_6.smt2 : 1800004 ms.
--------------------------------------------------
unsat
QF_NRA/hycomp/ball_count_2d_slope.03.seq_lazy_global_7.smt2 : 137 ms.
--------------------------------------------------
unknown
unknown
QF_NRA/hycomp/ball_count_2d_slope.03.seq_lazy_global_8.smt2 : 1800004 ms.
--------------------------------------------------
unsat
QF_NRA/hycomp/ball_count_2d_slope.03.seq_lazy_global_9.smt2 : 149 ms.
--------------------------------------------------
unsat
QF_NRA/hycomp/ball_count_2d_slope.03.seq_lazy_lemmas_global_0.smt2 : 26 ms.
--------------------------------------------------
unknown
unknown
QF_NRA/hycomp/ball_count_2d_slope.03.seq_lazy_lemmas_global_10.smt2 : 1800015 ms.
--------------------------------------------------
unsat
QF_NRA/hycomp/ball_count_2d_slope.03.seq_lazy_lemmas_global_11.smt2 : 271 ms.
--------------------------------------------------
unknown
unknown
QF_NRA/hycomp/ball_count_2d_slope.03.seq_lazy_lemmas_global_12.smt2 : 1800014 ms.
--------------------------------------------------
unsat
QF_NRA/hycomp/ball_count_2d_slope.03.seq_lazy_lemmas_global_13.smt2 : 290 ms.
--------------------------------------------------
unknown
unknown
QF_NRA/hycomp/ball_count_2d_slope.03.seq_lazy_lemmas_global_14.smt2 : 1800006 ms.
--------------------------------------------------
unsat
QF_NRA/hycomp/ball_count_2d_slope.03.seq_lazy_lemmas_global_15.smt2 : 309 ms.
--------------------------------------------------
unsat
QF_NRA/hycomp/ball_count_2d_slope.03.seq_lazy_lemmas_global_1.smt2 : 41 ms.
--------------------------------------------------
unsat
QF_NRA/hycomp/ball_count_2d_slope.03.seq_lazy_lemmas_global_2.smt2 : 61 ms.
--------------------------------------------------
unsat
QF_NRA/hycomp/ball_count_2d_slope.03.seq_lazy_lemmas_global_3.smt2 : 82 ms.
--------------------------------------------------
unsat
QF_NRA/hycomp/ball_count_2d_slope.03.seq_lazy_lemmas_global_4.smt2 : 100 ms.
--------------------------------------------------
unsat
QF_NRA/hycomp/ball_count_2d_slope.03.seq_lazy_lemmas_global_5.smt2 : 106 ms.
--------------------------------------------------
unknown
unsat
QF_NRA/hycomp/ball_count_2d_slope.03.seq_lazy_lemmas_global_6.smt2 : 601011 ms.
--------------------------------------------------
unsat
QF_NRA/hycomp/ball_count_2d_slope.03.seq_lazy_lemmas_global_7.smt2 : 152 ms.
--------------------------------------------------
unknown
unknown
QF_NRA/hycomp/ball_count_2d_slope.03.seq_lazy_lemmas_global_8.smt2 : 1800177 ms.
--------------------------------------------------
unsat
QF_NRA/hycomp/ball_count_2d_slope.03.seq_lazy_lemmas_global_9.smt2 : 191 ms.
--------------------------------------------------
unsat
QF_NRA/hycomp/ball_count_2d_slope.03.seq_lazy_linear_enc_global_0.smt2 : 26 ms.
--------------------------------------------------
unknown
QF_NRA/hycomp/ball_count_2d_slope.03.seq_lazy_linear_enc_global_10.smt2 : 1800013 ms.
--------------------------------------------------
unsat
QF_NRA/hycomp/ball_count_2d_slope.03.seq_lazy_linear_enc_global_11.smt2 : 157 ms.
--------------------------------------------------
unknown
unknown
QF_NRA/hycomp/ball_count_2d_slope.03.seq_lazy_linear_enc_global_12.smt2 : 1800081 ms.
--------------------------------------------------
unsat
QF_NRA/hycomp/ball_count_2d_slope.03.seq_lazy_linear_enc_global_13.smt2 : 182 ms.
--------------------------------------------------
unknown
unknown
QF_NRA/hycomp/ball_count_2d_slope.03.seq_lazy_linear_enc_global_14.smt2 : 1800019 ms.
--------------------------------------------------
unsat
QF_NRA/hycomp/ball_count_2d_slope.03.seq_lazy_linear_enc_global_15.smt2 : 203 ms.
--------------------------------------------------
unsat
QF_NRA/hycomp/ball_count_2d_slope.03.seq_lazy_linear_enc_global_1.smt2 : 43 ms.
--------------------------------------------------
unsat
QF_NRA/hycomp/ball_count_2d_slope.03.seq_lazy_linear_enc_global_2.smt2 : 55 ms.
--------------------------------------------------
unsat
QF_NRA/hycomp/ball_count_2d_slope.03.seq_lazy_linear_enc_global_3.smt2 : 69 ms.
--------------------------------------------------
unsat
QF_NRA/hycomp/ball_count_2d_slope.03.seq_lazy_linear_enc_global_4.smt2 : 78 ms.
--------------------------------------------------
unsat
QF_NRA/hycomp/ball_count_2d_slope.03.seq_lazy_linear_enc_global_5.smt2 : 90 ms.
--------------------------------------------------
unknown
unknown
QF_NRA/hycomp/ball_count_2d_slope.03.seq_lazy_linear_enc_global_6.smt2 : 1800020 ms.
--------------------------------------------------
unsat
QF_NRA/hycomp/ball_count_2d_slope.03.seq_lazy_linear_enc_global_7.smt2 : 114 ms.
--------------------------------------------------
unknown
unknown
QF_NRA/hycomp/ball_count_2d_slope.03.seq_lazy_linear_enc_global_8.smt2 : 1800014 ms.
--------------------------------------------------
unsat
QF_NRA/hycomp/ball_count_2d_slope.03.seq_lazy_linear_enc_global_9.smt2 : 125 ms.
--------------------------------------------------
unsat
QF_NRA/hycomp/ball_count_2d_slope.03.seq_lazy_linear_enc_lemmas_global_0.smt2 : 28 ms.
--------------------------------------------------
unsat
QF_NRA/hycomp/ball_count_2d_slope.03.seq_lazy_linear_enc_lemmas_global_10.smt2 : 246 ms.
--------------------------------------------------
unsat
QF_NRA/hycomp/ball_count_2d_slope.03.seq_lazy_linear_enc_lemmas_global_11.smt2 : 291 ms.
--------------------------------------------------
unsat
QF_NRA/hycomp/ball_count_2d_slope.03.seq_lazy_linear_enc_lemmas_global_12.smt2 : 295 ms.
--------------------------------------------------
unsat
QF_NRA/hycomp/ball_count_2d_slope.03.seq_lazy_linear_enc_lemmas_global_13.smt2 : 328 ms.
--------------------------------------------------
unsat
QF_NRA/hycomp/ball_count_2d_slope.03.seq_lazy_linear_enc_lemmas_global_14.smt2 : 357 ms.
--------------------------------------------------
unsat
QF_NRA/hycomp/ball_count_2d_slope.03.seq_lazy_linear_enc_lemmas_global_15.smt2 : 389 ms.
--------------------------------------------------
unsat
QF_NRA/hycomp/ball_count_2d_slope.03.seq_lazy_linear_enc_lemmas_global_1.smt2 : 55 ms.
--------------------------------------------------
unsat
QF_NRA/hycomp/ball_count_2d_slope.03.seq_lazy_linear_enc_lemmas_global_2.smt2 : 77 ms.
--------------------------------------------------
unsat
QF_NRA/hycomp/ball_count_2d_slope.03.seq_lazy_linear_enc_lemmas_global_3.smt2 : 107 ms.
--------------------------------------------------
unsat
QF_NRA/hycomp/ball_count_2d_slope.03.seq_lazy_linear_enc_lemmas_global_4.smt2 : 106 ms.
--------------------------------------------------
unsat
QF_NRA/hycomp/ball_count_2d_slope.03.seq_lazy_linear_enc_lemmas_global_5.smt2 : 126 ms.
--------------------------------------------------
unsat
QF_NRA/hycomp/ball_count_2d_slope.03.seq_lazy_linear_enc_lemmas_global_6.smt2 : 169 ms.
--------------------------------------------------
unsat
QF_NRA/hycomp/ball_count_2d_slope.03.seq_lazy_linear_enc_lemmas_global_7.smt2 : 153 ms.
--------------------------------------------------
unsat
QF_NRA/hycomp/ball_count_2d_slope.03.seq_lazy_linear_enc_lemmas_global_8.smt2 : 162 ms.
--------------------------------------------------
unsat
QF_NRA/hycomp/ball_count_2d_slope.03.seq_lazy_linear_enc_lemmas_global_9.smt2 : 203 ms.
