--------------------------------------------------
unsat
QF_NRA/hycomp/ball_count_2d_hill.10.seq_lazy_global_2.smt2 : 142 ms.
--------------------------------------------------
unsat
QF_NRA/hycomp/ball_count_2d_hill.10.seq_lazy_global_3.smt2 : 276 ms.
--------------------------------------------------
unsat
QF_NRA/hycomp/ball_count_2d_hill.10.seq_lazy_global_4.smt2 : 979 ms.
--------------------------------------------------
unsat
QF_NRA/hycomp/ball_count_2d_hill.10.seq_lazy_global_5.smt2 : 123 ms.
--------------------------------------------------
unsat
QF_NRA/hycomp/ball_count_2d_hill.10.seq_lazy_global_6.smt2 : 220 ms.
--------------------------------------------------
unsat
QF_NRA/hycomp/ball_count_2d_hill.10.seq_lazy_global_7.smt2 : 79 ms.
--------------------------------------------------
unsat
QF_NRA/hycomp/ball_count_2d_hill.10.seq_lazy_global_8.smt2 : 103 ms.
--------------------------------------------------
unsat
QF_NRA/hycomp/ball_count_2d_hill.10.seq_lazy_global_9.smt2 : 56 ms.
--------------------------------------------------
unsat
QF_NRA/hycomp/ball_count_2d_hill.10.seq_lazy_lemmas_global_0.smt2 : 78 ms.
--------------------------------------------------
unsat
QF_NRA/hycomp/ball_count_2d_hill.10.seq_lazy_lemmas_global_10.smt2 : 63 ms.
--------------------------------------------------
unsat
QF_NRA/hycomp/ball_count_2d_hill.10.seq_lazy_lemmas_global_11.smt2 : 87 ms.
--------------------------------------------------
unsat
QF_NRA/hycomp/ball_count_2d_hill.10.seq_lazy_lemmas_global_12.smt2 : 195 ms.
--------------------------------------------------
unsat
QF_NRA/hycomp/ball_count_2d_hill.10.seq_lazy_lemmas_global_13.smt2 : 80 ms.
--------------------------------------------------
QF_NRA/hycomp/ball_count_2d_hill.10.seq_lazy_lemmas_global_14.smt2 : 1800208 ms.
--------------------------------------------------
unsat
QF_NRA/hycomp/ball_count_2d_hill.10.seq_lazy_lemmas_global_15.smt2 : 79 ms.
--------------------------------------------------
unsat
QF_NRA/hycomp/ball_count_2d_hill.10.seq_lazy_lemmas_global_1.smt2 : 40 ms.
--------------------------------------------------
unsat
QF_NRA/hycomp/ball_count_2d_hill.10.seq_lazy_lemmas_global_2.smt2 : 49 ms.
--------------------------------------------------
unsat
QF_NRA/hycomp/ball_count_2d_hill.10.seq_lazy_lemmas_global_3.smt2 : 31 ms.
--------------------------------------------------
unsat
QF_NRA/hycomp/ball_count_2d_hill.10.seq_lazy_lemmas_global_4.smt2 : 58 ms.
--------------------------------------------------
unsat
QF_NRA/hycomp/ball_count_2d_hill.10.seq_lazy_lemmas_global_5.smt2 : 48 ms.
--------------------------------------------------
unsat
QF_NRA/hycomp/ball_count_2d_hill.10.seq_lazy_lemmas_global_6.smt2 : 57 ms.
--------------------------------------------------
unsat
QF_NRA/hycomp/ball_count_2d_hill.10.seq_lazy_lemmas_global_7.smt2 : 57 ms.
--------------------------------------------------
unsat
QF_NRA/hycomp/ball_count_2d_hill.10.seq_lazy_lemmas_global_8.smt2 : 64 ms.
--------------------------------------------------
unsat
QF_NRA/hycomp/ball_count_2d_hill.10.seq_lazy_lemmas_global_9.smt2 : 58 ms.
--------------------------------------------------
unsat
QF_NRA/hycomp/ball_count_2d_hill.10.seq_lazy_linear_enc_global_0.smt2 : 49 ms.
--------------------------------------------------
unsat
QF_NRA/hycomp/ball_count_2d_hill.10.seq_lazy_linear_enc_global_10.smt2 : 59 ms.
--------------------------------------------------
unsat
QF_NRA/hycomp/ball_count_2d_hill.10.seq_lazy_linear_enc_global_11.smt2 : 60 ms.
--------------------------------------------------
unsat
QF_NRA/hycomp/ball_count_2d_hill.10.seq_lazy_linear_enc_global_12.smt2 : 75 ms.
--------------------------------------------------
unsat
QF_NRA/hycomp/ball_count_2d_hill.10.seq_lazy_linear_enc_global_13.smt2 : 51 ms.
--------------------------------------------------
unsat
QF_NRA/hycomp/ball_count_2d_hill.10.seq_lazy_linear_enc_global_14.smt2 : 88 ms.
--------------------------------------------------
unsat
QF_NRA/hycomp/ball_count_2d_hill.10.seq_lazy_linear_enc_global_15.smt2 : 63 ms.
--------------------------------------------------
unsat
QF_NRA/hycomp/ball_count_2d_hill.10.seq_lazy_linear_enc_global_1.smt2 : 41 ms.
--------------------------------------------------
unsat
QF_NRA/hycomp/ball_count_2d_hill.10.seq_lazy_linear_enc_global_2.smt2 : 28 ms.
--------------------------------------------------
unsat
QF_NRA/hycomp/ball_count_2d_hill.10.seq_lazy_linear_enc_global_3.smt2 : 33 ms.
--------------------------------------------------
unsat
QF_NRA/hycomp/ball_count_2d_hill.10.seq_lazy_linear_enc_global_4.smt2 : 37 ms.
--------------------------------------------------
unsat
QF_NRA/hycomp/ball_count_2d_hill.10.seq_lazy_linear_enc_global_5.smt2 : 37 ms.
--------------------------------------------------
unsat
QF_NRA/hycomp/ball_count_2d_hill.10.seq_lazy_linear_enc_global_6.smt2 : 154 ms.
--------------------------------------------------
unsat
QF_NRA/hycomp/ball_count_2d_hill.10.seq_lazy_linear_enc_global_7.smt2 : 41 ms.
--------------------------------------------------
unsat
QF_NRA/hycomp/ball_count_2d_hill.10.seq_lazy_linear_enc_global_8.smt2 : 74 ms.
--------------------------------------------------
unsat
QF_NRA/hycomp/ball_count_2d_hill.10.seq_lazy_linear_enc_global_9.smt2 : 55 ms.
--------------------------------------------------
unsat
QF_NRA/hycomp/ball_count_2d_hill.10.seq_lazy_linear_enc_lemmas_global_0.smt2 : 29 ms.
--------------------------------------------------
unsat
QF_NRA/hycomp/ball_count_2d_hill.10.seq_lazy_linear_enc_lemmas_global_10.smt2 : 239 ms.
--------------------------------------------------
unsat
QF_NRA/hycomp/ball_count_2d_hill.10.seq_lazy_linear_enc_lemmas_global_11.smt2 : 53 ms.
--------------------------------------------------
QF_NRA/hycomp/ball_count_2d_hill.10.seq_lazy_linear_enc_lemmas_global_12.smt2 : 1800172 ms.
--------------------------------------------------
unsat
QF_NRA/hycomp/ball_count_2d_hill.10.seq_lazy_linear_enc_lemmas_global_13.smt2 : 75 ms.
--------------------------------------------------
unsat
QF_NRA/hycomp/ball_count_2d_hill.10.seq_lazy_linear_enc_lemmas_global_14.smt2 : 335 ms.
--------------------------------------------------
unsat
QF_NRA/hycomp/ball_count_2d_hill.10.seq_lazy_linear_enc_lemmas_global_15.smt2 : 70 ms.
--------------------------------------------------
unsat
QF_NRA/hycomp/ball_count_2d_hill.10.seq_lazy_linear_enc_lemmas_global_1.smt2 : 37 ms.
--------------------------------------------------
unsat
QF_NRA/hycomp/ball_count_2d_hill.10.seq_lazy_linear_enc_lemmas_global_2.smt2 : 42 ms.
--------------------------------------------------
unsat
QF_NRA/hycomp/ball_count_2d_hill.10.seq_lazy_linear_enc_lemmas_global_3.smt2 : 35 ms.
--------------------------------------------------
unsat
QF_NRA/hycomp/ball_count_2d_hill.10.seq_lazy_linear_enc_lemmas_global_4.smt2 : 51 ms.
--------------------------------------------------
unsat
QF_NRA/hycomp/ball_count_2d_hill.10.seq_lazy_linear_enc_lemmas_global_5.smt2 : 33 ms.
--------------------------------------------------
unsat
QF_NRA/hycomp/ball_count_2d_hill.10.seq_lazy_linear_enc_lemmas_global_6.smt2 : 62 ms.
--------------------------------------------------
unsat
QF_NRA/hycomp/ball_count_2d_hill.10.seq_lazy_linear_enc_lemmas_global_7.smt2 : 58 ms.
--------------------------------------------------
unsat
QF_NRA/hycomp/ball_count_2d_hill.10.seq_lazy_linear_enc_lemmas_global_8.smt2 : 58 ms.
--------------------------------------------------
unsat
QF_NRA/hycomp/ball_count_2d_hill.10.seq_lazy_linear_enc_lemmas_global_9.smt2 : 59 ms.
--------------------------------------------------
unsat
QF_NRA/hycomp/ball_count_2d_hill_simple.01.qfree_global_0.smt2 : 42 ms.
--------------------------------------------------
QF_NRA/hycomp/ball_count_2d_hill_simple.01.qfree_global_10.smt2 : 1800072 ms.
--------------------------------------------------
unsat
QF_NRA/hycomp/ball_count_2d_hill_simple.01.qfree_global_11.smt2 : 57 ms.
--------------------------------------------------
sat
QF_NRA/hycomp/ball_count_2d_hill_simple.01.qfree_global_12.smt2 : 18404 ms.
--------------------------------------------------
unsat
QF_NRA/hycomp/ball_count_2d_hill_simple.01.qfree_global_13.smt2 : 58 ms.
--------------------------------------------------
sat
QF_NRA/hycomp/ball_count_2d_hill_simple.01.qfree_global_14.smt2 : 27355 ms.
--------------------------------------------------
unsat
QF_NRA/hycomp/ball_count_2d_hill_simple.01.qfree_global_15.smt2 : 59 ms.
--------------------------------------------------
unsat
QF_NRA/hycomp/ball_count_2d_hill_simple.01.qfree_global_1.smt2 : 42 ms.
--------------------------------------------------
sat
QF_NRA/hycomp/ball_count_2d_hill_simple.01.qfree_global_2.smt2 : 50 ms.
--------------------------------------------------
unsat
QF_NRA/hycomp/ball_count_2d_hill_simple.01.qfree_global_3.smt2 : 37 ms.
--------------------------------------------------
sat
QF_NRA/hycomp/ball_count_2d_hill_simple.01.qfree_global_4.smt2 : 55 ms.
--------------------------------------------------
unsat
QF_NRA/hycomp/ball_count_2d_hill_simple.01.qfree_global_5.smt2 : 40 ms.
--------------------------------------------------
sat
QF_NRA/hycomp/ball_count_2d_hill_simple.01.qfree_global_6.smt2 : 53 ms.
--------------------------------------------------
unsat
QF_NRA/hycomp/ball_count_2d_hill_simple.01.qfree_global_7.smt2 : 47 ms.
--------------------------------------------------
QF_NRA/hycomp/ball_count_2d_hill_simple.01.qfree_global_8.smt2 : 1800120 ms.
--------------------------------------------------
unsat
QF_NRA/hycomp/ball_count_2d_hill_simple.01.qfree_global_9.smt2 : 53 ms.
--------------------------------------------------
unsat
QF_NRA/hycomp/ball_count_2d_hill_simple.01.redlog_global_0.smt2 : 37 ms.
--------------------------------------------------
QF_NRA/hycomp/ball_count_2d_hill_simple.01.redlog_global_10.smt2 : 1800032 ms.
--------------------------------------------------
unsat
QF_NRA/hycomp/ball_count_2d_hill_simple.01.redlog_global_11.smt2 : 50 ms.
--------------------------------------------------
sat
QF_NRA/hycomp/ball_count_2d_hill_simple.01.redlog_global_12.smt2 : 200 ms.
--------------------------------------------------
unsat
QF_NRA/hycomp/ball_count_2d_hill_simple.01.redlog_global_13.smt2 : 52 ms.
--------------------------------------------------
sat
QF_NRA/hycomp/ball_count_2d_hill_simple.01.redlog_global_14.smt2 : 141 ms.
--------------------------------------------------
unsat
QF_NRA/hycomp/ball_count_2d_hill_simple.01.redlog_global_15.smt2 : 61 ms.
--------------------------------------------------
unsat
QF_NRA/hycomp/ball_count_2d_hill_simple.01.redlog_global_1.smt2 : 40 ms.
--------------------------------------------------
sat
QF_NRA/hycomp/ball_count_2d_hill_simple.01.redlog_global_2.smt2 : 29 ms.
--------------------------------------------------
unsat
QF_NRA/hycomp/ball_count_2d_hill_simple.01.redlog_global_3.smt2 : 28 ms.
--------------------------------------------------
sat
QF_NRA/hycomp/ball_count_2d_hill_simple.01.redlog_global_4.smt2 : 60 ms.
--------------------------------------------------
unsat
QF_NRA/hycomp/ball_count_2d_hill_simple.01.redlog_global_5.smt2 : 29 ms.
--------------------------------------------------
sat
QF_NRA/hycomp/ball_count_2d_hill_simple.01.redlog_global_6.smt2 : 109 ms.
--------------------------------------------------
unsat
QF_NRA/hycomp/ball_count_2d_hill_simple.01.redlog_global_7.smt2 : 35 ms.
--------------------------------------------------
sat
QF_NRA/hycomp/ball_count_2d_hill_simple.01.redlog_global_8.smt2 : 52 ms.
--------------------------------------------------
unsat
QF_NRA/hycomp/ball_count_2d_hill_simple.01.redlog_global_9.smt2 : 46 ms.
--------------------------------------------------
unsat
QF_NRA/hycomp/ball_count_2d_hill_simple.01.seq_lazy_global_0.smt2 : 22 ms.
--------------------------------------------------
sat
QF_NRA/hycomp/ball_count_2d_hill_simple.01.seq_lazy_global_10.smt2 : 1793 ms.
--------------------------------------------------
unsat
QF_NRA/hycomp/ball_count_2d_hill_simple.01.seq_lazy_global_11.smt2 : 27 ms.
--------------------------------------------------
QF_NRA/hycomp/ball_count_2d_hill_simple.01.seq_lazy_global_12.smt2 : 1800048 ms.
--------------------------------------------------
unsat
QF_NRA/hycomp/ball_count_2d_hill_simple.01.seq_lazy_global_13.smt2 : 63 ms.
--------------------------------------------------
sat
QF_NRA/hycomp/ball_count_2d_hill_simple.01.seq_lazy_global_14.smt2 : 1251 ms.
--------------------------------------------------
unsat
QF_NRA/hycomp/ball_count_2d_hill_simple.01.seq_lazy_global_15.smt2 : 73 ms.
--------------------------------------------------
unsat
QF_NRA/hycomp/ball_count_2d_hill_simple.01.seq_lazy_global_1.smt2 : 48 ms.
--------------------------------------------------
sat
QF_NRA/hycomp/ball_count_2d_hill_simple.01.seq_lazy_global_2.smt2 : 46 ms.
--------------------------------------------------
unsat
QF_NRA/hycomp/ball_count_2d_hill_simple.01.seq_lazy_global_3.smt2 : 30 ms.
--------------------------------------------------
sat
QF_NRA/hycomp/ball_count_2d_hill_simple.01.seq_lazy_global_4.smt2 : 48 ms.
--------------------------------------------------
unsat
QF_NRA/hycomp/ball_count_2d_hill_simple.01.seq_lazy_global_5.smt2 : 36 ms.
--------------------------------------------------
sat
QF_NRA/hycomp/ball_count_2d_hill_simple.01.seq_lazy_global_6.smt2 : 123 ms.
--------------------------------------------------
unsat
QF_NRA/hycomp/ball_count_2d_hill_simple.01.seq_lazy_global_7.smt2 : 30 ms.
--------------------------------------------------
sat
QF_NRA/hycomp/ball_count_2d_hill_simple.01.seq_lazy_global_8.smt2 : 47 ms.
--------------------------------------------------
unsat
QF_NRA/hycomp/ball_count_2d_hill_simple.01.seq_lazy_global_9.smt2 : 48 ms.
--------------------------------------------------
unsat
QF_NRA/hycomp/ball_count_2d_hill_simple.01.seq_lazy_lemmas_global_0.smt2 : 28 ms.
--------------------------------------------------
sat
QF_NRA/hycomp/ball_count_2d_hill_simple.01.seq_lazy_lemmas_global_10.smt2 : 84 ms.
--------------------------------------------------
unsat
QF_NRA/hycomp/ball_count_2d_hill_simple.01.seq_lazy_lemmas_global_11.smt2 : 60 ms.
--------------------------------------------------
sat
QF_NRA/hycomp/ball_count_2d_hill_simple.01.seq_lazy_lemmas_global_12.smt2 : 150 ms.
--------------------------------------------------
unsat
QF_NRA/hycomp/ball_count_2d_hill_simple.01.seq_lazy_lemmas_global_13.smt2 : 57 ms.
--------------------------------------------------
QF_NRA/hycomp/ball_count_2d_hill_simple.01.seq_lazy_lemmas_global_14.smt2 : 1800044 ms.
--------------------------------------------------
unsat
QF_NRA/hycomp/ball_count_2d_hill_simple.01.seq_lazy_lemmas_global_15.smt2 : 64 ms.
--------------------------------------------------
unsat
QF_NRA/hycomp/ball_count_2d_hill_simple.01.seq_lazy_lemmas_global_1.smt2 : 42 ms.
--------------------------------------------------
sat
QF_NRA/hycomp/ball_count_2d_hill_simple.01.seq_lazy_lemmas_global_2.smt2 : 50 ms.
--------------------------------------------------
unsat
QF_NRA/hycomp/ball_count_2d_hill_simple.01.seq_lazy_lemmas_global_3.smt2 : 46 ms.
--------------------------------------------------
sat
QF_NRA/hycomp/ball_count_2d_hill_simple.01.seq_lazy_lemmas_global_4.smt2 : 53 ms.
--------------------------------------------------
unsat
QF_NRA/hycomp/ball_count_2d_hill_simple.01.seq_lazy_lemmas_global_5.smt2 : 45 ms.
--------------------------------------------------
sat
QF_NRA/hycomp/ball_count_2d_hill_simple.01.seq_lazy_lemmas_global_6.smt2 : 58 ms.
--------------------------------------------------
unsat
QF_NRA/hycomp/ball_count_2d_hill_simple.01.seq_lazy_lemmas_global_7.smt2 : 56 ms.
--------------------------------------------------
sat
QF_NRA/hycomp/ball_count_2d_hill_simple.01.seq_lazy_lemmas_global_8.smt2 : 101 ms.
--------------------------------------------------
unsat
QF_NRA/hycomp/ball_count_2d_hill_simple.01.seq_lazy_lemmas_global_9.smt2 : 52 ms.
--------------------------------------------------
unsat
QF_NRA/hycomp/ball_count_2d_hill_simple.01.seq_lazy_linear_enc_global_0.smt2 : 28 ms.
--------------------------------------------------
sat
QF_NRA/hycomp/ball_count_2d_hill_simple.01.seq_lazy_linear_enc_global_10.smt2 : 515 ms.
--------------------------------------------------
unsat
QF_NRA/hycomp/ball_count_2d_hill_simple.01.seq_lazy_linear_enc_global_11.smt2 : 61 ms.
--------------------------------------------------
sat
QF_NRA/hycomp/ball_count_2d_hill_simple.01.seq_lazy_linear_enc_global_12.smt2 : 391660 ms.
--------------------------------------------------
unsat
QF_NRA/hycomp/ball_count_2d_hill_simple.01.seq_lazy_linear_enc_global_13.smt2 : 59 ms.
--------------------------------------------------
sat
QF_NRA/hycomp/ball_count_2d_hill_simple.01.seq_lazy_linear_enc_global_14.smt2 : 154 ms.
--------------------------------------------------
unsat
QF_NRA/hycomp/ball_count_2d_hill_simple.01.seq_lazy_linear_enc_global_15.smt2 : 54 ms.
--------------------------------------------------
unsat
QF_NRA/hycomp/ball_count_2d_hill_simple.01.seq_lazy_linear_enc_global_1.smt2 : 33 ms.
--------------------------------------------------
sat
QF_NRA/hycomp/ball_count_2d_hill_simple.01.seq_lazy_linear_enc_global_2.smt2 : 44 ms.
--------------------------------------------------
unsat
QF_NRA/hycomp/ball_count_2d_hill_simple.01.seq_lazy_linear_enc_global_3.smt2 : 37 ms.
--------------------------------------------------
sat
QF_NRA/hycomp/ball_count_2d_hill_simple.01.seq_lazy_linear_enc_global_4.smt2 : 51 ms.
--------------------------------------------------
unsat
QF_NRA/hycomp/ball_count_2d_hill_simple.01.seq_lazy_linear_enc_global_5.smt2 : 43 ms.
--------------------------------------------------
sat
QF_NRA/hycomp/ball_count_2d_hill_simple.01.seq_lazy_linear_enc_global_6.smt2 : 42 ms.
--------------------------------------------------
unsat
QF_NRA/hycomp/ball_count_2d_hill_simple.01.seq_lazy_linear_enc_global_7.smt2 : 34 ms.
--------------------------------------------------
sat
QF_NRA/hycomp/ball_count_2d_hill_simple.01.seq_lazy_linear_enc_global_8.smt2 : 60 ms.
--------------------------------------------------
unsat
QF_NRA/hycomp/ball_count_2d_hill_simple.01.seq_lazy_linear_enc_global_9.smt2 : 45 ms.
--------------------------------------------------
unsat
QF_NRA/hycomp/ball_count_2d_hill_simple.01.seq_lazy_linear_enc_lemmas_global_0.smt2 : 31 ms.
--------------------------------------------------
sat
QF_NRA/hycomp/ball_count_2d_hill_simple.01.seq_lazy_linear_enc_lemmas_global_10.smt2 : 1228256 ms.
--------------------------------------------------
unsat
QF_NRA/hycomp/ball_count_2d_hill_simple.01.seq_lazy_linear_enc_lemmas_global_11.smt2 : 60 ms.
--------------------------------------------------
QF_NRA/hycomp/ball_count_2d_hill_simple.01.seq_lazy_linear_enc_lemmas_global_12.smt2 : 1800121 ms.
--------------------------------------------------
unsat
QF_NRA/hycomp/ball_count_2d_hill_simple.01.seq_lazy_linear_enc_lemmas_global_13.smt2 : 70 ms.
--------------------------------------------------
QF_NRA/hycomp/ball_count_2d_hill_simple.01.seq_lazy_linear_enc_lemmas_global_14.smt2 : 1800025 ms.
--------------------------------------------------
unsat
QF_NRA/hycomp/ball_count_2d_hill_simple.01.seq_lazy_linear_enc_lemmas_global_15.smt2 : 79 ms.
--------------------------------------------------
unsat
QF_NRA/hycomp/ball_count_2d_hill_simple.01.seq_lazy_linear_enc_lemmas_global_1.smt2 : 40 ms.
--------------------------------------------------
sat
QF_NRA/hycomp/ball_count_2d_hill_simple.01.seq_lazy_linear_enc_lemmas_global_2.smt2 : 75 ms.
--------------------------------------------------
unsat
QF_NRA/hycomp/ball_count_2d_hill_simple.01.seq_lazy_linear_enc_lemmas_global_3.smt2 : 39 ms.
--------------------------------------------------
sat
QF_NRA/hycomp/ball_count_2d_hill_simple.01.seq_lazy_linear_enc_lemmas_global_4.smt2 : 55 ms.
--------------------------------------------------
unsat
QF_NRA/hycomp/ball_count_2d_hill_simple.01.seq_lazy_linear_enc_lemmas_global_5.smt2 : 24 ms.
--------------------------------------------------
sat
QF_NRA/hycomp/ball_count_2d_hill_simple.01.seq_lazy_linear_enc_lemmas_global_6.smt2 : 70 ms.
--------------------------------------------------
unsat
QF_NRA/hycomp/ball_count_2d_hill_simple.01.seq_lazy_linear_enc_lemmas_global_7.smt2 : 42 ms.
--------------------------------------------------
sat
QF_NRA/hycomp/ball_count_2d_hill_simple.01.seq_lazy_linear_enc_lemmas_global_8.smt2 : 92 ms.
--------------------------------------------------
unsat
QF_NRA/hycomp/ball_count_2d_hill_simple.01.seq_lazy_linear_enc_lemmas_global_9.smt2 : 43 ms.
--------------------------------------------------
unsat
QF_NRA/hycomp/ball_count_2d_hill_simple.02.qfree_global_0.smt2 : 35 ms.
--------------------------------------------------
sat
QF_NRA/hycomp/ball_count_2d_hill_simple.02.qfree_global_10.smt2 : 111 ms.
--------------------------------------------------
unsat
QF_NRA/hycomp/ball_count_2d_hill_simple.02.qfree_global_11.smt2 : 56 ms.
--------------------------------------------------
sat
QF_NRA/hycomp/ball_count_2d_hill_simple.02.qfree_global_12.smt2 : 129637 ms.
--------------------------------------------------
unsat
QF_NRA/hycomp/ball_count_2d_hill_simple.02.qfree_global_13.smt2 : 55 ms.
--------------------------------------------------
QF_NRA/hycomp/ball_count_2d_hill_simple.02.qfree_global_14.smt2 : 1800077 ms.
--------------------------------------------------
unsat
QF_NRA/hycomp/ball_count_2d_hill_simple.02.qfree_global_15.smt2 : 61 ms.
--------------------------------------------------
unsat
QF_NRA/hycomp/ball_count_2d_hill_simple.02.qfree_global_1.smt2 : 42 ms.
--------------------------------------------------
unsat
QF_NRA/hycomp/ball_count_2d_hill_simple.02.qfree_global_2.smt2 : 37 ms.
--------------------------------------------------
unsat
QF_NRA/hycomp/ball_count_2d_hill_simple.02.qfree_global_3.smt2 : 41 ms.
--------------------------------------------------
sat
QF_NRA/hycomp/ball_count_2d_hill_simple.02.qfree_global_4.smt2 : 45 ms.
--------------------------------------------------
unsat
QF_NRA/hycomp/ball_count_2d_hill_simple.02.qfree_global_5.smt2 : 35 ms.
--------------------------------------------------
sat
QF_NRA/hycomp/ball_count_2d_hill_simple.02.qfree_global_6.smt2 : 66 ms.
--------------------------------------------------
unsat
QF_NRA/hycomp/ball_count_2d_hill_simple.02.qfree_global_7.smt2 : 35 ms.
--------------------------------------------------
sat
QF_NRA/hycomp/ball_count_2d_hill_simple.02.qfree_global_8.smt2 : 323 ms.
--------------------------------------------------
unsat
QF_NRA/hycomp/ball_count_2d_hill_simple.02.qfree_global_9.smt2 : 52 ms.
--------------------------------------------------
unsat
QF_NRA/hycomp/ball_count_2d_hill_simple.02.redlog_global_0.smt2 : 26 ms.
--------------------------------------------------
sat
QF_NRA/hycomp/ball_count_2d_hill_simple.02.redlog_global_10.smt2 : 851 ms.
--------------------------------------------------
unsat
QF_NRA/hycomp/ball_count_2d_hill_simple.02.redlog_global_11.smt2 : 57 ms.
--------------------------------------------------
QF_NRA/hycomp/ball_count_2d_hill_simple.02.redlog_global_12.smt2 : 1800072 ms.
--------------------------------------------------
unsat
QF_NRA/hycomp/ball_count_2d_hill_simple.02.redlog_global_13.smt2 : 65 ms.
--------------------------------------------------
sat
QF_NRA/hycomp/ball_count_2d_hill_simple.02.redlog_global_14.smt2 : 3962 ms.
--------------------------------------------------
unsat
QF_NRA/hycomp/ball_count_2d_hill_simple.02.redlog_global_15.smt2 : 67 ms.
--------------------------------------------------
unsat
QF_NRA/hycomp/ball_count_2d_hill_simple.02.redlog_global_1.smt2 : 41 ms.
--------------------------------------------------
unsat
QF_NRA/hycomp/ball_count_2d_hill_simple.02.redlog_global_2.smt2 : 46 ms.
--------------------------------------------------
unsat
QF_NRA/hycomp/ball_count_2d_hill_simple.02.redlog_global_3.smt2 : 45 ms.
--------------------------------------------------
sat
QF_NRA/hycomp/ball_count_2d_hill_simple.02.redlog_global_4.smt2 : 90 ms.
--------------------------------------------------
unsat
QF_NRA/hycomp/ball_count_2d_hill_simple.02.redlog_global_5.smt2 : 35 ms.
--------------------------------------------------
sat
QF_NRA/hycomp/ball_count_2d_hill_simple.02.redlog_global_6.smt2 : 4668 ms.
--------------------------------------------------
unsat
QF_NRA/hycomp/ball_count_2d_hill_simple.02.redlog_global_7.smt2 : 56 ms.
--------------------------------------------------
sat
QF_NRA/hycomp/ball_count_2d_hill_simple.02.redlog_global_8.smt2 : 388 ms.
--------------------------------------------------
unsat
QF_NRA/hycomp/ball_count_2d_hill_simple.02.redlog_global_9.smt2 : 56 ms.
--------------------------------------------------
unsat
QF_NRA/hycomp/ball_count_2d_hill_simple.02.seq_lazy_global_0.smt2 : 21 ms.
--------------------------------------------------
sat
QF_NRA/hycomp/ball_count_2d_hill_simple.02.seq_lazy_global_10.smt2 : 235 ms.
--------------------------------------------------
unsat
QF_NRA/hycomp/ball_count_2d_hill_simple.02.seq_lazy_global_11.smt2 : 46 ms.
--------------------------------------------------
sat
QF_NRA/hycomp/ball_count_2d_hill_simple.02.seq_lazy_global_12.smt2 : 390 ms.
--------------------------------------------------
unsat
QF_NRA/hycomp/ball_count_2d_hill_simple.02.seq_lazy_global_13.smt2 : 33 ms.
--------------------------------------------------
QF_NRA/hycomp/ball_count_2d_hill_simple.02.seq_lazy_global_14.smt2 : 1800020 ms.
--------------------------------------------------
unsat
QF_NRA/hycomp/ball_count_2d_hill_simple.02.seq_lazy_global_15.smt2 : 37 ms.
--------------------------------------------------
unsat
QF_NRA/hycomp/ball_count_2d_hill_simple.02.seq_lazy_global_1.smt2 : 22 ms.
--------------------------------------------------
unsat
QF_NRA/hycomp/ball_count_2d_hill_simple.02.seq_lazy_global_2.smt2 : 24 ms.
--------------------------------------------------
unsat
QF_NRA/hycomp/ball_count_2d_hill_simple.02.seq_lazy_global_3.smt2 : 25 ms.
--------------------------------------------------
unsat
QF_NRA/hycomp/ball_count_2d_hill_simple.02.seq_lazy_global_4.smt2 : 27 ms.
--------------------------------------------------
unsat
QF_NRA/hycomp/ball_count_2d_hill_simple.02.seq_lazy_global_5.smt2 : 28 ms.
--------------------------------------------------
sat
QF_NRA/hycomp/ball_count_2d_hill_simple.02.seq_lazy_global_6.smt2 : 6659 ms.
--------------------------------------------------
unsat
QF_NRA/hycomp/ball_count_2d_hill_simple.02.seq_lazy_global_7.smt2 : 48 ms.
--------------------------------------------------
QF_NRA/hycomp/ball_count_2d_hill_simple.02.seq_lazy_global_8.smt2 : 1800090 ms.
--------------------------------------------------
unsat
QF_NRA/hycomp/ball_count_2d_hill_simple.02.seq_lazy_global_9.smt2 : 56 ms.
