--------------------------------------------------
sat
QF_NRA/2019-ezsmt/reverseFolding/01-reverse_folding-0-0.smt2 : 64 ms.
--------------------------------------------------
sat
QF_NRA/2019-ezsmt/reverseFolding/02-reverse_folding-0-0.smt2 : 10457 ms.
--------------------------------------------------
unknown
QF_NRA/2019-ezsmt/reverseFolding/03-reverse_folding-0-0.smt2 : 1802239 ms.
--------------------------------------------------
unknown
QF_NRA/2019-ezsmt/reverseFolding/04-reverse_folding-0-0.smt2 : 1841949 ms.
--------------------------------------------------
sat
QF_NRA/2019-ezsmt/reverseFolding/05-reverse_folding-0-0.smt2 : 68 ms.
--------------------------------------------------
unsat
QF_NRA/2019-ezsmt/reverseFolding/06-reverse_folding-0-0.smt2 : 70 ms.
--------------------------------------------------
unsat
QF_NRA/2019-ezsmt/reverseFolding/07-reverse_folding-0-0.smt2 : 176 ms.
--------------------------------------------------
sat
QF_NRA/2019-ezsmt/reverseFolding/08-reverse_folding-0-0.smt2 : 525 ms.
--------------------------------------------------
sat
QF_NRA/2019-ezsmt/reverseFolding/09-reverse_folding-0-0.smt2 : 738 ms.
--------------------------------------------------
sat
QF_NRA/2019-ezsmt/reverseFolding/10-reverse_folding-0-0.smt2 : 1358 ms.
--------------------------------------------------
sat
QF_NRA/2019-ezsmt/reverseFolding/11-reverse_folding-0-0.smt2 : 186 ms.
--------------------------------------------------
sat
QF_NRA/2019-ezsmt/reverseFolding/12-reverse_folding-0-0.smt2 : 159 ms.
--------------------------------------------------
sat
QF_NRA/2019-ezsmt/reverseFolding/13-reverse_folding-0-0.smt2 : 221 ms.
--------------------------------------------------
sat
QF_NRA/2019-ezsmt/reverseFolding/14-reverse_folding-0-0.smt2 : 211 ms.
--------------------------------------------------
sat
QF_NRA/2019-ezsmt/reverseFolding/15-reverse_folding-0-0.smt2 : 249 ms.
--------------------------------------------------
sat
QF_NRA/2019-ezsmt/reverseFolding/16-reverse_folding-0-0.smt2 : 595 ms.
--------------------------------------------------
sat
QF_NRA/2019-ezsmt/reverseFolding/17-reverse_folding-0-0.smt2 : 2871 ms.
--------------------------------------------------
sat
QF_NRA/2019-ezsmt/reverseFolding/18-reverse_folding-0-0.smt2 : 318 ms.
--------------------------------------------------
sat
QF_NRA/2019-ezsmt/reverseFolding/19-reverse_folding-0-0.smt2 : 328 ms.
--------------------------------------------------
sat
QF_NRA/2019-ezsmt/reverseFolding/20-reverse_folding-0-0.smt2 : 2955 ms.
--------------------------------------------------
sat
QF_NRA/2019-ezsmt/reverseFolding/21-reverse_folding-0-0.smt2 : 3794 ms.
--------------------------------------------------
sat
QF_NRA/2019-ezsmt/reverseFolding/22-reverse_folding-0-0.smt2 : 29803 ms.
--------------------------------------------------
sat
QF_NRA/2019-ezsmt/reverseFolding/23-reverse_folding-0-0.smt2 : 857 ms.
--------------------------------------------------
sat
QF_NRA/2019-ezsmt/reverseFolding/24-reverse_folding-0-0.smt2 : 5585 ms.
--------------------------------------------------
sat
QF_NRA/2019-ezsmt/reverseFolding/25-reverse_folding-0-0.smt2 : 896961 ms.
--------------------------------------------------
sat
QF_NRA/2019-ezsmt/reverseFolding/26-reverse_folding-0-0.smt2 : 1424 ms.
--------------------------------------------------
sat
QF_NRA/2019-ezsmt/reverseFolding/27-reverse_folding-0-0.smt2 : 122287 ms.
--------------------------------------------------
sat
QF_NRA/2019-ezsmt/reverseFolding/28-reverse_folding-0-0.smt2 : 2109 ms.
--------------------------------------------------
sat
QF_NRA/2019-ezsmt/reverseFolding/29-reverse_folding-0-0.smt2 : 6694 ms.
--------------------------------------------------
sat
QF_NRA/2019-ezsmt/reverseFolding/30-reverse_folding-0-0.smt2 : 16198 ms.
--------------------------------------------------
sat
QF_NRA/2019-ezsmt/reverseFolding/31-reverse_folding-0-0.smt2 : 688131 ms.
--------------------------------------------------
sat
QF_NRA/2019-ezsmt/reverseFolding/32-reverse_folding-0-0.smt2 : 3367 ms.
--------------------------------------------------
sat
QF_NRA/2019-ezsmt/reverseFolding/33-reverse_folding-0-0.smt2 : 2707 ms.
--------------------------------------------------
sat
QF_NRA/2019-ezsmt/reverseFolding/34-reverse_folding-0-0.smt2 : 488740 ms.
--------------------------------------------------
sat
QF_NRA/2019-ezsmt/reverseFolding/35-reverse_folding-0-0.smt2 : 22673 ms.
--------------------------------------------------
sat
QF_NRA/2019-ezsmt/reverseFolding/36-reverse_folding-0-0.smt2 : 1480654 ms.
--------------------------------------------------
unknown
QF_NRA/2019-ezsmt/reverseFolding/37-reverse_folding-0-0.smt2 : 1803014 ms.
--------------------------------------------------
sat
QF_NRA/2019-ezsmt/reverseFolding/38-reverse_folding-0-0.smt2 : 412022 ms.
--------------------------------------------------
sat
QF_NRA/2019-ezsmt/reverseFolding/39-reverse_folding-0-0.smt2 : 264735 ms.
--------------------------------------------------
unknown
QF_NRA/2019-ezsmt/reverseFolding/40-reverse_folding-0-0.smt2 : 1804216 ms.
--------------------------------------------------
unknown
QF_NRA/2019-ezsmt/reverseFolding/41-reverse_folding-0-0.smt2 : 1804255 ms.
--------------------------------------------------
sat
QF_NRA/2019-ezsmt/reverseFolding/42-reverse_folding-0-0.smt2 : 32871 ms.
--------------------------------------------------
sat
QF_NRA/2019-ezsmt/reverseFolding/43-reverse_folding-0-0.smt2 : 954839 ms.
--------------------------------------------------
unknown
QF_NRA/2019-ezsmt/reverseFolding/44-reverse_folding-0-0.smt2 : 1805367 ms.
--------------------------------------------------
unknown
QF_NRA/2019-ezsmt/reverseFolding/45-reverse_folding-0-0.smt2 : 1806813 ms.
--------------------------------------------------
unknown
QF_NRA/2019-ezsmt/reverseFolding/46-reverse_folding-0-0.smt2 : 1806554 ms.
--------------------------------------------------
sat
QF_NRA/2019-ezsmt/reverseFolding/47-reverse_folding-0-0.smt2 : 1164 ms.
--------------------------------------------------
sat
QF_NRA/2019-ezsmt/reverseFolding/48-reverse_folding-0-0.smt2 : 929 ms.
--------------------------------------------------
sat
QF_NRA/2019-ezsmt/reverseFolding/49-reverse_folding-0-0.smt2 : 1274 ms.
--------------------------------------------------
sat
QF_NRA/2019-ezsmt/reverseFolding/50-reverse_folding-0-0.smt2 : 823 ms.
