--------------------------------------------------
unsat
QF_NRA/20161105-Sturm-MBO/mbo_E10E11.smt2 : 1791 ms.
--------------------------------------------------
unsat
QF_NRA/20161105-Sturm-MBO/mbo_E10E12.smt2 : 1020 ms.
--------------------------------------------------
unsat
QF_NRA/20161105-Sturm-MBO/mbo_E10E13.smt2 : 3827 ms.
--------------------------------------------------
./solvers/mathsat/run.sh: line 3: 340195 Killed                  ./mathsat ../$1
QF_NRA/20161105-Sturm-MBO/mbo_E10E14.smt2 : 1802813 ms.
--------------------------------------------------
unsat
QF_NRA/20161105-Sturm-MBO/mbo_E10E15.smt2 : 803 ms.
--------------------------------------------------
./solvers/mathsat/run.sh: line 3: 355165 Killed                  ./mathsat ../$1
QF_NRA/20161105-Sturm-MBO/mbo_E10E16.smt2 : 1801354 ms.
--------------------------------------------------
./solvers/mathsat/run.sh: line 3: 358533 Killed                  ./mathsat ../$1
QF_NRA/20161105-Sturm-MBO/mbo_E10E17.smt2 : 1801444 ms.
--------------------------------------------------
./solvers/mathsat/run.sh: line 3: 360883 Killed                  ./mathsat ../$1
QF_NRA/20161105-Sturm-MBO/mbo_E10E18.smt2 : 1801476 ms.
--------------------------------------------------
./solvers/mathsat/run.sh: line 3: 362713 Killed                  ./mathsat ../$1
QF_NRA/20161105-Sturm-MBO/mbo_E10E19.smt2 : 1801163 ms.
--------------------------------------------------
unsat
QF_NRA/20161105-Sturm-MBO/mbo_E10E20.smt2 : 589 ms.
--------------------------------------------------
unsat
QF_NRA/20161105-Sturm-MBO/mbo_E10E21.smt2 : 397 ms.
--------------------------------------------------
./solvers/mathsat/run.sh: line 3: 363907 Killed                  ./mathsat ../$1
QF_NRA/20161105-Sturm-MBO/mbo_E10E22.smt2 : 1800931 ms.
--------------------------------------------------
./solvers/mathsat/run.sh: line 3: 365492 Killed                  ./mathsat ../$1
QF_NRA/20161105-Sturm-MBO/mbo_E10E23.smt2 : 1801243 ms.
--------------------------------------------------
./solvers/mathsat/run.sh: line 3: 367444 Killed                  ./mathsat ../$1
QF_NRA/20161105-Sturm-MBO/mbo_E10E24.smt2 : 1800957 ms.
--------------------------------------------------
./solvers/mathsat/run.sh: line 3: 368606 Killed                  ./mathsat ../$1
QF_NRA/20161105-Sturm-MBO/mbo_E10E25.smt2 : 1801033 ms.
--------------------------------------------------
./solvers/mathsat/run.sh: line 3: 369782 Killed                  ./mathsat ../$1
QF_NRA/20161105-Sturm-MBO/mbo_E10E26.smt2 : 1800911 ms.
--------------------------------------------------
./solvers/mathsat/run.sh: line 3: 370836 Killed                  ./mathsat ../$1
QF_NRA/20161105-Sturm-MBO/mbo_E10E27.smt2 : 1800602 ms.
--------------------------------------------------
./solvers/mathsat/run.sh: line 3: 371695 Killed                  ./mathsat ../$1
QF_NRA/20161105-Sturm-MBO/mbo_E10E28.smt2 : 1800830 ms.
--------------------------------------------------
unsat
QF_NRA/20161105-Sturm-MBO/mbo_E10.smt2 : 171 ms.
--------------------------------------------------
unsat
QF_NRA/20161105-Sturm-MBO/mbo_E11E12.smt2 : 376 ms.
--------------------------------------------------
unsat
QF_NRA/20161105-Sturm-MBO/mbo_E11E13.smt2 : 459 ms.
--------------------------------------------------
./solvers/mathsat/run.sh: line 3: 372562 Killed                  ./mathsat ../$1
QF_NRA/20161105-Sturm-MBO/mbo_E11E14.smt2 : 1800452 ms.
--------------------------------------------------
unsat
QF_NRA/20161105-Sturm-MBO/mbo_E11E15.smt2 : 378 ms.
--------------------------------------------------
unsat
QF_NRA/20161105-Sturm-MBO/mbo_E11E16.smt2 : 107 ms.
--------------------------------------------------
unsat
QF_NRA/20161105-Sturm-MBO/mbo_E11E17.smt2 : 323 ms.
--------------------------------------------------
./solvers/mathsat/run.sh: line 3: 373829 Killed                  ./mathsat ../$1
QF_NRA/20161105-Sturm-MBO/mbo_E11E18.smt2 : 1800607 ms.
--------------------------------------------------
unsat
QF_NRA/20161105-Sturm-MBO/mbo_E11E19.smt2 : 2990 ms.
--------------------------------------------------
unsat
QF_NRA/20161105-Sturm-MBO/mbo_E11E20.smt2 : 475 ms.
--------------------------------------------------
unsat
QF_NRA/20161105-Sturm-MBO/mbo_E11E21.smt2 : 81 ms.
--------------------------------------------------
unsat
QF_NRA/20161105-Sturm-MBO/mbo_E11E22.smt2 : 630 ms.
--------------------------------------------------
unsat
QF_NRA/20161105-Sturm-MBO/mbo_E11E23.smt2 : 78 ms.
--------------------------------------------------
unsat
QF_NRA/20161105-Sturm-MBO/mbo_E11E24.smt2 : 1762 ms.
--------------------------------------------------
unsat
QF_NRA/20161105-Sturm-MBO/mbo_E11E25.smt2 : 323 ms.
--------------------------------------------------
unsat
QF_NRA/20161105-Sturm-MBO/mbo_E11E26.smt2 : 74 ms.
--------------------------------------------------
unsat
QF_NRA/20161105-Sturm-MBO/mbo_E11E27.smt2 : 31 ms.
--------------------------------------------------
unsat
QF_NRA/20161105-Sturm-MBO/mbo_E11E28.smt2 : 218 ms.
--------------------------------------------------
unsat
QF_NRA/20161105-Sturm-MBO/mbo_E11.smt2 : 49 ms.
--------------------------------------------------
unsat
QF_NRA/20161105-Sturm-MBO/mbo_E12E13.smt2 : 14788 ms.
--------------------------------------------------
./solvers/mathsat/run.sh: line 3: 374735 Killed                  ./mathsat ../$1
QF_NRA/20161105-Sturm-MBO/mbo_E12E14.smt2 : 1801466 ms.
--------------------------------------------------
unsat
QF_NRA/20161105-Sturm-MBO/mbo_E12E15.smt2 : 783 ms.
--------------------------------------------------
./solvers/mathsat/run.sh: line 3: 375415 Killed                  ./mathsat ../$1
QF_NRA/20161105-Sturm-MBO/mbo_E12E16.smt2 : 1804124 ms.
--------------------------------------------------
./solvers/mathsat/run.sh: line 3: 376151 Killed                  ./mathsat ../$1
QF_NRA/20161105-Sturm-MBO/mbo_E12E17.smt2 : 1802640 ms.
--------------------------------------------------
unsat
QF_NRA/20161105-Sturm-MBO/mbo_E12E18.smt2 : 11620 ms.
--------------------------------------------------
unsat
QF_NRA/20161105-Sturm-MBO/mbo_E12E19.smt2 : 12647 ms.
--------------------------------------------------
./solvers/mathsat/run.sh: line 3: 376863 Killed                  ./mathsat ../$1
QF_NRA/20161105-Sturm-MBO/mbo_E12E20.smt2 : 1801093 ms.
--------------------------------------------------
./solvers/mathsat/run.sh: line 3: 377504 Killed                  ./mathsat ../$1
QF_NRA/20161105-Sturm-MBO/mbo_E12E21.smt2 : 1801003 ms.
--------------------------------------------------
unsat
QF_NRA/20161105-Sturm-MBO/mbo_E12E22.smt2 : 773 ms.
--------------------------------------------------
unsat
QF_NRA/20161105-Sturm-MBO/mbo_E12E23.smt2 : 499 ms.
--------------------------------------------------
unsat
QF_NRA/20161105-Sturm-MBO/mbo_E12E24.smt2 : 8481 ms.
--------------------------------------------------
unsat
QF_NRA/20161105-Sturm-MBO/mbo_E12E25.smt2 : 8921 ms.
--------------------------------------------------
unsat
QF_NRA/20161105-Sturm-MBO/mbo_E12E26.smt2 : 6996 ms.
--------------------------------------------------
unsat
QF_NRA/20161105-Sturm-MBO/mbo_E12E27.smt2 : 1233 ms.
--------------------------------------------------
unsat
QF_NRA/20161105-Sturm-MBO/mbo_E12E28.smt2 : 7252 ms.
--------------------------------------------------
unsat
QF_NRA/20161105-Sturm-MBO/mbo_E12.smt2 : 186 ms.
--------------------------------------------------
./solvers/mathsat/run.sh: line 3: 378268 Killed                  ./mathsat ../$1
QF_NRA/20161105-Sturm-MBO/mbo_E13E14.smt2 : 1800450 ms.
--------------------------------------------------
unsat
QF_NRA/20161105-Sturm-MBO/mbo_E13E15.smt2 : 974 ms.
--------------------------------------------------
unsat
QF_NRA/20161105-Sturm-MBO/mbo_E13E16.smt2 : 894 ms.
--------------------------------------------------
tcmalloc: large alloc 1382203392 bytes == 0x3d4c8a000 @  0x1641680 0x1641680 0x1641680 0x1641680 0x1641680 0x1641680 0x1641680 0x1641680 0x1641680 0x1641680 0x1641680 0x1641680 0x1641680 0x1641680 0x1641680 0x1641680 0x1641680 0x1641680 0x1641680 0x1641680 0x1641680 0x1641680 0x1641680 0x1641680 0x1641680 0x1641680 0x1641680 0x1641680 0x1641680 0x1641680 0x1641680
./solvers/mathsat/run.sh: line 3: 378949 Killed                  ./mathsat ../$1
QF_NRA/20161105-Sturm-MBO/mbo_E13E17.smt2 : 1801410 ms.
--------------------------------------------------
unsat
QF_NRA/20161105-Sturm-MBO/mbo_E13E18.smt2 : 11938 ms.
--------------------------------------------------
unsat
QF_NRA/20161105-Sturm-MBO/mbo_E13E19.smt2 : 13118 ms.
--------------------------------------------------
unsat
QF_NRA/20161105-Sturm-MBO/mbo_E13E20.smt2 : 696 ms.
--------------------------------------------------
./solvers/mathsat/run.sh: line 3: 379786 Killed                  ./mathsat ../$1
QF_NRA/20161105-Sturm-MBO/mbo_E13E21.smt2 : 1800788 ms.
--------------------------------------------------
unsat
QF_NRA/20161105-Sturm-MBO/mbo_E13E22.smt2 : 7938 ms.
--------------------------------------------------
unsat
QF_NRA/20161105-Sturm-MBO/mbo_E13E23.smt2 : 6599 ms.
--------------------------------------------------
unsat
QF_NRA/20161105-Sturm-MBO/mbo_E13E24.smt2 : 9314 ms.
--------------------------------------------------
unsat
QF_NRA/20161105-Sturm-MBO/mbo_E13E25.smt2 : 755 ms.
--------------------------------------------------
unsat
QF_NRA/20161105-Sturm-MBO/mbo_E13E26.smt2 : 597 ms.
--------------------------------------------------
unsat
QF_NRA/20161105-Sturm-MBO/mbo_E13E27.smt2 : 1536 ms.
--------------------------------------------------
unsat
QF_NRA/20161105-Sturm-MBO/mbo_E13E28.smt2 : 7988 ms.
--------------------------------------------------
unsat
QF_NRA/20161105-Sturm-MBO/mbo_E13.smt2 : 275 ms.
--------------------------------------------------
./solvers/mathsat/run.sh: line 3: 380493 Killed                  ./mathsat ../$1
QF_NRA/20161105-Sturm-MBO/mbo_E14E15.smt2 : 1800510 ms.
--------------------------------------------------
./solvers/mathsat/run.sh: line 3: 381128 Killed                  ./mathsat ../$1
QF_NRA/20161105-Sturm-MBO/mbo_E14E16.smt2 : 1800428 ms.
--------------------------------------------------
./solvers/mathsat/run.sh: line 3: 381643 Killed                  ./mathsat ../$1
QF_NRA/20161105-Sturm-MBO/mbo_E14E17.smt2 : 1804439 ms.
--------------------------------------------------
./solvers/mathsat/run.sh: line 3: 395755 Killed                  ./mathsat ../$1
QF_NRA/20161105-Sturm-MBO/mbo_E14E18.smt2 : 1802333 ms.
--------------------------------------------------
./solvers/mathsat/run.sh: line 3: 399822 Killed                  ./mathsat ../$1
QF_NRA/20161105-Sturm-MBO/mbo_E14E19.smt2 : 1802563 ms.
--------------------------------------------------
./solvers/mathsat/run.sh: line 3: 402602 Killed                  ./mathsat ../$1
QF_NRA/20161105-Sturm-MBO/mbo_E14E20.smt2 : 1801685 ms.
--------------------------------------------------
./solvers/mathsat/run.sh: line 3: 405625 Killed                  ./mathsat ../$1
QF_NRA/20161105-Sturm-MBO/mbo_E14E21.smt2 : 1801769 ms.
--------------------------------------------------
./solvers/mathsat/run.sh: line 3: 407447 Killed                  ./mathsat ../$1
QF_NRA/20161105-Sturm-MBO/mbo_E14E22.smt2 : 1801665 ms.
--------------------------------------------------
./solvers/mathsat/run.sh: line 3: 409073 Killed                  ./mathsat ../$1
QF_NRA/20161105-Sturm-MBO/mbo_E14E23.smt2 : 1801413 ms.
--------------------------------------------------
./solvers/mathsat/run.sh: line 3: 411108 Killed                  ./mathsat ../$1
QF_NRA/20161105-Sturm-MBO/mbo_E14E24.smt2 : 1801856 ms.
--------------------------------------------------
./solvers/mathsat/run.sh: line 3: 413387 Killed                  ./mathsat ../$1
QF_NRA/20161105-Sturm-MBO/mbo_E14E25.smt2 : 1801296 ms.
--------------------------------------------------
./solvers/mathsat/run.sh: line 3: 414754 Killed                  ./mathsat ../$1
QF_NRA/20161105-Sturm-MBO/mbo_E14E26.smt2 : 1801232 ms.
--------------------------------------------------
./solvers/mathsat/run.sh: line 3: 416248 Killed                  ./mathsat ../$1
QF_NRA/20161105-Sturm-MBO/mbo_E14E27.smt2 : 1801032 ms.
--------------------------------------------------
./solvers/mathsat/run.sh: line 3: 417544 Killed                  ./mathsat ../$1
QF_NRA/20161105-Sturm-MBO/mbo_E14E28.smt2 : 1801495 ms.
--------------------------------------------------
./solvers/mathsat/run.sh: line 3: 418678 Killed                  ./mathsat ../$1
QF_NRA/20161105-Sturm-MBO/mbo_E14.smt2 : 1801238 ms.
--------------------------------------------------
unsat
QF_NRA/20161105-Sturm-MBO/mbo_E15E16.smt2 : 879 ms.
--------------------------------------------------
./solvers/mathsat/run.sh: line 3: 419800 Killed                  ./mathsat ../$1
QF_NRA/20161105-Sturm-MBO/mbo_E15E17.smt2 : 1801773 ms.
--------------------------------------------------
unsat
QF_NRA/20161105-Sturm-MBO/mbo_E15E18.smt2 : 9926 ms.
--------------------------------------------------
unsat
QF_NRA/20161105-Sturm-MBO/mbo_E15E19.smt2 : 13196 ms.
--------------------------------------------------
unsat
QF_NRA/20161105-Sturm-MBO/mbo_E15E20.smt2 : 709 ms.
--------------------------------------------------
./solvers/mathsat/run.sh: line 3: 421278 Killed                  ./mathsat ../$1
QF_NRA/20161105-Sturm-MBO/mbo_E15E21.smt2 : 1801388 ms.
--------------------------------------------------
./solvers/mathsat/run.sh: line 3: 422163 Killed                  ./mathsat ../$1
QF_NRA/20161105-Sturm-MBO/mbo_E15E22.smt2 : 1801097 ms.
--------------------------------------------------
./solvers/mathsat/run.sh: line 3: 423118 Killed                  ./mathsat ../$1
QF_NRA/20161105-Sturm-MBO/mbo_E15E23.smt2 : 1801317 ms.
--------------------------------------------------
unsat
QF_NRA/20161105-Sturm-MBO/mbo_E15E24.smt2 : 10188 ms.
--------------------------------------------------
unsat
QF_NRA/20161105-Sturm-MBO/mbo_E15E25.smt2 : 823 ms.
--------------------------------------------------
unsat
QF_NRA/20161105-Sturm-MBO/mbo_E15E26.smt2 : 648 ms.
--------------------------------------------------
unsat
QF_NRA/20161105-Sturm-MBO/mbo_E15E27.smt2 : 1422 ms.
--------------------------------------------------
unsat
QF_NRA/20161105-Sturm-MBO/mbo_E15E28.smt2 : 7899 ms.
--------------------------------------------------
unsat
QF_NRA/20161105-Sturm-MBO/mbo_E15.smt2 : 361 ms.
--------------------------------------------------
unsat
QF_NRA/20161105-Sturm-MBO/mbo_E16E17.smt2 : 738 ms.
--------------------------------------------------
./solvers/mathsat/run.sh: line 3: 424150 Killed                  ./mathsat ../$1
QF_NRA/20161105-Sturm-MBO/mbo_E16E18.smt2 : 1802464 ms.
--------------------------------------------------
tcmalloc: large alloc 1382203392 bytes == 0x4e413c000 @  0x1641680 0x1641680 0x1641680 0x1641680 0x1641680 0x1641680 0x1641680 0x1641680 0x1641680 0x1641680 0x1641680 0x1641680 0x1641680 0x1641680 0x1641680 0x1641680 0x1641680 0x1641680 0x1641680 0x1641680 0x1641680 0x1641680 0x1641680 0x1641680 0x1641680 0x1641680 0x1641680 0x1641680 0x1641680 0x1641680 0x1641680
./solvers/mathsat/run.sh: line 3: 425032 Killed                  ./mathsat ../$1
QF_NRA/20161105-Sturm-MBO/mbo_E16E19.smt2 : 1801746 ms.
--------------------------------------------------
./solvers/mathsat/run.sh: line 3: 425955 Killed                  ./mathsat ../$1
QF_NRA/20161105-Sturm-MBO/mbo_E16E20.smt2 : 1801055 ms.
--------------------------------------------------
unsat
QF_NRA/20161105-Sturm-MBO/mbo_E16E21.smt2 : 462 ms.
--------------------------------------------------
./solvers/mathsat/run.sh: line 3: 426786 Killed                  ./mathsat ../$1
QF_NRA/20161105-Sturm-MBO/mbo_E16E22.smt2 : 1801356 ms.
--------------------------------------------------
unsat
QF_NRA/20161105-Sturm-MBO/mbo_E16E23.smt2 : 503 ms.
--------------------------------------------------
./solvers/mathsat/run.sh: line 3: 427939 Killed                  ./mathsat ../$1
QF_NRA/20161105-Sturm-MBO/mbo_E16E24.smt2 : 1801492 ms.
--------------------------------------------------
unsat
QF_NRA/20161105-Sturm-MBO/mbo_E16E25.smt2 : 743 ms.
--------------------------------------------------
unsat
QF_NRA/20161105-Sturm-MBO/mbo_E16E26.smt2 : 97 ms.
--------------------------------------------------
unsat
QF_NRA/20161105-Sturm-MBO/mbo_E16E27.smt2 : 206 ms.
--------------------------------------------------
unsat
QF_NRA/20161105-Sturm-MBO/mbo_E16E28.smt2 : 423 ms.
--------------------------------------------------
unsat
QF_NRA/20161105-Sturm-MBO/mbo_E16.smt2 : 52 ms.
--------------------------------------------------
unsat
QF_NRA/20161105-Sturm-MBO/mbo_E17E18.smt2 : 848 ms.
--------------------------------------------------
./solvers/mathsat/run.sh: line 3: 428803 Killed                  ./mathsat ../$1
QF_NRA/20161105-Sturm-MBO/mbo_E17E19.smt2 : 1804179 ms.
--------------------------------------------------
./solvers/mathsat/run.sh: line 3: 429723 Killed                  ./mathsat ../$1
QF_NRA/20161105-Sturm-MBO/mbo_E17E20.smt2 : 1801052 ms.
--------------------------------------------------
./solvers/mathsat/run.sh: line 3: 430494 Killed                  ./mathsat ../$1
QF_NRA/20161105-Sturm-MBO/mbo_E17E21.smt2 : 1800713 ms.
--------------------------------------------------
unsat
QF_NRA/20161105-Sturm-MBO/mbo_E17E22.smt2 : 582 ms.
--------------------------------------------------
unsat
QF_NRA/20161105-Sturm-MBO/mbo_E17E23.smt2 : 85 ms.
--------------------------------------------------
./solvers/mathsat/run.sh: line 3: 431140 Killed                  ./mathsat ../$1
QF_NRA/20161105-Sturm-MBO/mbo_E17E24.smt2 : 1801536 ms.
--------------------------------------------------
./solvers/mathsat/run.sh: line 3: 431882 Killed                  ./mathsat ../$1
QF_NRA/20161105-Sturm-MBO/mbo_E17E25.smt2 : 1801450 ms.
--------------------------------------------------
unsat
QF_NRA/20161105-Sturm-MBO/mbo_E17E26.smt2 : 459 ms.
--------------------------------------------------
unsat
QF_NRA/20161105-Sturm-MBO/mbo_E17E27.smt2 : 168 ms.
--------------------------------------------------
unsat
QF_NRA/20161105-Sturm-MBO/mbo_E17E28.smt2 : 488 ms.
--------------------------------------------------
unsat
QF_NRA/20161105-Sturm-MBO/mbo_E17.smt2 : 63 ms.
--------------------------------------------------
unsat
QF_NRA/20161105-Sturm-MBO/mbo_E18E19.smt2 : 11453 ms.
--------------------------------------------------
./solvers/mathsat/run.sh: line 3: 432730 Killed                  ./mathsat ../$1
QF_NRA/20161105-Sturm-MBO/mbo_E18E20.smt2 : 1802412 ms.
--------------------------------------------------
./solvers/mathsat/run.sh: line 3: 433509 Killed                  ./mathsat ../$1
QF_NRA/20161105-Sturm-MBO/mbo_E18E21.smt2 : 1801463 ms.
--------------------------------------------------
unsat
QF_NRA/20161105-Sturm-MBO/mbo_E18E22.smt2 : 715 ms.
--------------------------------------------------
unsat
QF_NRA/20161105-Sturm-MBO/mbo_E18E23.smt2 : 494 ms.
--------------------------------------------------
unsat
QF_NRA/20161105-Sturm-MBO/mbo_E18E24.smt2 : 9238 ms.
--------------------------------------------------
./solvers/mathsat/run.sh: line 3: 434343 Killed                  ./mathsat ../$1
QF_NRA/20161105-Sturm-MBO/mbo_E18E25.smt2 : 1801408 ms.
--------------------------------------------------
./solvers/mathsat/run.sh: line 3: 435017 Killed                  ./mathsat ../$1
QF_NRA/20161105-Sturm-MBO/mbo_E18E26.smt2 : 1801041 ms.
--------------------------------------------------
unsat
QF_NRA/20161105-Sturm-MBO/mbo_E18E27.smt2 : 906 ms.
--------------------------------------------------
unsat
QF_NRA/20161105-Sturm-MBO/mbo_E18E28.smt2 : 7734 ms.
--------------------------------------------------
unsat
QF_NRA/20161105-Sturm-MBO/mbo_E18.smt2 : 311 ms.
--------------------------------------------------
unsat
QF_NRA/20161105-Sturm-MBO/mbo_E19E20.smt2 : 559 ms.
--------------------------------------------------
unsat
QF_NRA/20161105-Sturm-MBO/mbo_E19E21.smt2 : 381 ms.
--------------------------------------------------
unsat
QF_NRA/20161105-Sturm-MBO/mbo_E19E22.smt2 : 8017 ms.
--------------------------------------------------
unsat
QF_NRA/20161105-Sturm-MBO/mbo_E19E23.smt2 : 5903 ms.
--------------------------------------------------
unsat
QF_NRA/20161105-Sturm-MBO/mbo_E19E24.smt2 : 8209 ms.
--------------------------------------------------
unsat
QF_NRA/20161105-Sturm-MBO/mbo_E19E25.smt2 : 8582 ms.
--------------------------------------------------
unsat
QF_NRA/20161105-Sturm-MBO/mbo_E19E26.smt2 : 6626 ms.
--------------------------------------------------
unsat
QF_NRA/20161105-Sturm-MBO/mbo_E19E27.smt2 : 1120 ms.
--------------------------------------------------
unsat
QF_NRA/20161105-Sturm-MBO/mbo_E19E28.smt2 : 6888 ms.
--------------------------------------------------
unsat
QF_NRA/20161105-Sturm-MBO/mbo_E19.smt2 : 260 ms.
--------------------------------------------------
./solvers/mathsat/run.sh: line 3: 435998 Killed                  ./mathsat ../$1
QF_NRA/20161105-Sturm-MBO/mbo_E1E10.smt2 : 1802907 ms.
--------------------------------------------------
unsat
QF_NRA/20161105-Sturm-MBO/mbo_E1E11.smt2 : 2952 ms.
--------------------------------------------------
unsat
QF_NRA/20161105-Sturm-MBO/mbo_E1E12.smt2 : 12984 ms.
--------------------------------------------------
unsat
QF_NRA/20161105-Sturm-MBO/mbo_E1E13.smt2 : 14034 ms.
--------------------------------------------------
tcmalloc: large alloc 1382203392 bytes == 0x409ee0000 @  0x1641680 0x1641680 0x1641680 0x1641680 0x1641680 0x1641680 0x1641680 0x1641680 0x1641680 0x1641680 0x1641680 0x1641680 0x1641680 0x1641680 0x1641680 0x1641680 0x1641680 0x1641680 0x1641680 0x1641680 0x1641680 0x1641680 0x1641680 0x1641680 0x1641680 0x1641680 0x1641680 0x1641680 0x1641680 0x1641680 0x1641680
./solvers/mathsat/run.sh: line 3: 436654 Killed                  ./mathsat ../$1
QF_NRA/20161105-Sturm-MBO/mbo_E1E14.smt2 : 1804134 ms.
--------------------------------------------------
unsat
QF_NRA/20161105-Sturm-MBO/mbo_E1E15.smt2 : 17928 ms.
--------------------------------------------------
tcmalloc: large alloc 1382203392 bytes == 0x46f106000 @  0x1641680 0x1641680 0x1641680 0x1641680 0x1641680 0x1641680 0x1641680 0x1641680 0x1641680 0x1641680 0x1641680 0x1641680 0x1641680 0x1641680 0x1641680 0x1641680 0x1641680 0x1641680 0x1641680 0x1641680 0x1641680 0x1641680 0x1641680 0x1641680 0x1641680 0x1641680 0x1641680 0x1641680 0x1641680 0x1641680 0x1641680
./solvers/mathsat/run.sh: line 3: 437167 Killed                  ./mathsat ../$1
QF_NRA/20161105-Sturm-MBO/mbo_E1E16.smt2 : 1803896 ms.
--------------------------------------------------
tcmalloc: large alloc 1382203392 bytes == 0x42ff60000 @  0x1641680 0x1641680 0x1641680 0x1641680 0x1641680 0x1641680 0x1641680 0x1641680 0x1641680 0x1641680 0x1641680 0x1641680 0x1641680 0x1641680 0x1641680 0x1641680 0x1641680 0x1641680 0x1641680 0x1641680 0x1641680 0x1641680 0x1641680 0x1641680 0x1641680 0x1641680 0x1641680 0x1641680 0x1641680 0x1641680 0x1641680
./solvers/mathsat/run.sh: line 3: 437633 Killed                  ./mathsat ../$1
QF_NRA/20161105-Sturm-MBO/mbo_E1E17.smt2 : 1802189 ms.
--------------------------------------------------
./solvers/mathsat/run.sh: line 3: 438101 Killed                  ./mathsat ../$1
QF_NRA/20161105-Sturm-MBO/mbo_E1E18.smt2 : 1801369 ms.
--------------------------------------------------
unsat
QF_NRA/20161105-Sturm-MBO/mbo_E1E19.smt2 : 11525 ms.
--------------------------------------------------
unsat
QF_NRA/20161105-Sturm-MBO/mbo_E1E20.smt2 : 7529 ms.
--------------------------------------------------
./solvers/mathsat/run.sh: line 3: 438645 Killed                  ./mathsat ../$1
QF_NRA/20161105-Sturm-MBO/mbo_E1E21.smt2 : 1800986 ms.
--------------------------------------------------
unsat
QF_NRA/20161105-Sturm-MBO/mbo_E1E22.smt2 : 8495 ms.
--------------------------------------------------
unsat
QF_NRA/20161105-Sturm-MBO/mbo_E1E23.smt2 : 6752 ms.
--------------------------------------------------
unsat
QF_NRA/20161105-Sturm-MBO/mbo_E1E24.smt2 : 10084 ms.
--------------------------------------------------
unsat
QF_NRA/20161105-Sturm-MBO/mbo_E1E25.smt2 : 9383 ms.
--------------------------------------------------
unsat
QF_NRA/20161105-Sturm-MBO/mbo_E1E26.smt2 : 7898 ms.
--------------------------------------------------
unsat
QF_NRA/20161105-Sturm-MBO/mbo_E1E27.smt2 : 1701 ms.
--------------------------------------------------
unsat
QF_NRA/20161105-Sturm-MBO/mbo_E1E28.smt2 : 8892 ms.
--------------------------------------------------
unsat
QF_NRA/20161105-Sturm-MBO/mbo_E1E2.smt2 : 13777 ms.
--------------------------------------------------
unsat
QF_NRA/20161105-Sturm-MBO/mbo_E1E3.smt2 : 14193 ms.
--------------------------------------------------
tcmalloc: large alloc 1382203392 bytes == 0x3b3b5c000 @  0x1641680 0x1641680 0x1641680 0x1641680 0x1641680 0x1641680 0x1641680 0x1641680 0x1641680 0x1641680 0x1641680 0x1641680 0x1641680 0x1641680 0x1641680 0x1641680 0x1641680 0x1641680 0x1641680 0x1641680 0x1641680 0x1641680 0x1641680 0x1641680 0x1641680 0x1641680 0x1641680 0x1641680 0x1641680 0x1641680 0x1641680
./solvers/mathsat/run.sh: line 3: 439099 Killed                  ./mathsat ../$1
QF_NRA/20161105-Sturm-MBO/mbo_E1E4.smt2 : 1801614 ms.
--------------------------------------------------
unsat
QF_NRA/20161105-Sturm-MBO/mbo_E1E5.smt2 : 16052 ms.
--------------------------------------------------
./solvers/mathsat/run.sh: line 3: 439536 Killed                  ./mathsat ../$1
QF_NRA/20161105-Sturm-MBO/mbo_E1E6.smt2 : 1801056 ms.
--------------------------------------------------
unsat
QF_NRA/20161105-Sturm-MBO/mbo_E1E7.smt2 : 4764 ms.
--------------------------------------------------
unsat
QF_NRA/20161105-Sturm-MBO/mbo_E1E8.smt2 : 13041 ms.
--------------------------------------------------
tcmalloc: large alloc 1382203392 bytes == 0x3b6df6000 @  0x1641680 0x1641680 0x1641680 0x1641680 0x1641680 0x1641680 0x1641680 0x1641680 0x1641680 0x1641680 0x1641680 0x1641680 0x1641680 0x1641680 0x1641680 0x1641680 0x1641680 0x1641680 0x1641680 0x1641680 0x1641680 0x1641680 0x1641680 0x1641680 0x1641680 0x1641680 0x1641680 0x1641680 0x1641680 0x1641680 0x1641680
./solvers/mathsat/run.sh: line 3: 439983 Killed                  ./mathsat ../$1
QF_NRA/20161105-Sturm-MBO/mbo_E1E9.smt2 : 1801168 ms.
--------------------------------------------------
unsat
QF_NRA/20161105-Sturm-MBO/mbo_E1.smt2 : 643 ms.
--------------------------------------------------
unsat
QF_NRA/20161105-Sturm-MBO/mbo_E20E21.smt2 : 269 ms.
--------------------------------------------------
unsat
QF_NRA/20161105-Sturm-MBO/mbo_E20E22.smt2 : 577 ms.
--------------------------------------------------
unsat
QF_NRA/20161105-Sturm-MBO/mbo_E20E23.smt2 : 457 ms.
--------------------------------------------------
unsat
QF_NRA/20161105-Sturm-MBO/mbo_E20E24.smt2 : 1490 ms.
--------------------------------------------------
unsat
QF_NRA/20161105-Sturm-MBO/mbo_E20E25.smt2 : 1432 ms.
--------------------------------------------------
unsat
QF_NRA/20161105-Sturm-MBO/mbo_E20E26.smt2 : 558 ms.
--------------------------------------------------
unsat
QF_NRA/20161105-Sturm-MBO/mbo_E20E27.smt2 : 149 ms.
--------------------------------------------------
unsat
QF_NRA/20161105-Sturm-MBO/mbo_E20E28.smt2 : 1027 ms.
--------------------------------------------------
unsat
QF_NRA/20161105-Sturm-MBO/mbo_E20.smt2 : 64 ms.
--------------------------------------------------
./solvers/mathsat/run.sh: line 3: 440415 Killed                  ./mathsat ../$1
QF_NRA/20161105-Sturm-MBO/mbo_E21E22.smt2 : 1800279 ms.
--------------------------------------------------
unsat
QF_NRA/20161105-Sturm-MBO/mbo_E21E23.smt2 : 78 ms.
--------------------------------------------------
unsat
QF_NRA/20161105-Sturm-MBO/mbo_E21E24.smt2 : 511 ms.
--------------------------------------------------
./solvers/mathsat/run.sh: line 3: 440851 Killed                  ./mathsat ../$1
QF_NRA/20161105-Sturm-MBO/mbo_E21E25.smt2 : 1800473 ms.
--------------------------------------------------
unsat
QF_NRA/20161105-Sturm-MBO/mbo_E21E26.smt2 : 78 ms.
--------------------------------------------------
unsat
QF_NRA/20161105-Sturm-MBO/mbo_E21E27.smt2 : 49 ms.
--------------------------------------------------
unsat
QF_NRA/20161105-Sturm-MBO/mbo_E21E28.smt2 : 55 ms.
--------------------------------------------------
unsat
QF_NRA/20161105-Sturm-MBO/mbo_E21.smt2 : 41 ms.
--------------------------------------------------
unsat
QF_NRA/20161105-Sturm-MBO/mbo_E22E23.smt2 : 90 ms.
--------------------------------------------------
unsat
QF_NRA/20161105-Sturm-MBO/mbo_E22E24.smt2 : 792 ms.
--------------------------------------------------
unsat
QF_NRA/20161105-Sturm-MBO/mbo_E22E25.smt2 : 1519 ms.
--------------------------------------------------
unsat
QF_NRA/20161105-Sturm-MBO/mbo_E22E26.smt2 : 384 ms.
--------------------------------------------------
unsat
QF_NRA/20161105-Sturm-MBO/mbo_E22E27.smt2 : 149 ms.
--------------------------------------------------
unsat
QF_NRA/20161105-Sturm-MBO/mbo_E22E28.smt2 : 428 ms.
--------------------------------------------------
unsat
QF_NRA/20161105-Sturm-MBO/mbo_E22.smt2 : 46 ms.
--------------------------------------------------
unsat
QF_NRA/20161105-Sturm-MBO/mbo_E23E24.smt2 : 395 ms.
--------------------------------------------------
unsat
QF_NRA/20161105-Sturm-MBO/mbo_E23E25.smt2 : 907 ms.
--------------------------------------------------
unsat
QF_NRA/20161105-Sturm-MBO/mbo_E23E26.smt2 : 64 ms.
