--------------------------------------------------
unsat
QF_NRA/hycomp/ball_count_2d_slope.04.seq_lazy_global_0.smt2 : 86 ms.
--------------------------------------------------
unsat
QF_NRA/hycomp/ball_count_2d_slope.04.seq_lazy_global_10.smt2 : 3726 ms.
--------------------------------------------------
unsat
QF_NRA/hycomp/ball_count_2d_slope.04.seq_lazy_global_11.smt2 : 487 ms.
--------------------------------------------------
./solvers/mathsat/run.sh: line 3: 340252 Killed                  ./mathsat ../$1
QF_NRA/hycomp/ball_count_2d_slope.04.seq_lazy_global_12.smt2 : 1800277 ms.
--------------------------------------------------
unsat
QF_NRA/hycomp/ball_count_2d_slope.04.seq_lazy_global_13.smt2 : 116 ms.
--------------------------------------------------
./solvers/mathsat/run.sh: line 3: 353650 Killed                  ./mathsat ../$1
QF_NRA/hycomp/ball_count_2d_slope.04.seq_lazy_global_14.smt2 : 1800161 ms.
--------------------------------------------------
unsat
QF_NRA/hycomp/ball_count_2d_slope.04.seq_lazy_global_15.smt2 : 140 ms.
--------------------------------------------------
unsat
QF_NRA/hycomp/ball_count_2d_slope.04.seq_lazy_global_1.smt2 : 60 ms.
--------------------------------------------------
unsat
QF_NRA/hycomp/ball_count_2d_slope.04.seq_lazy_global_2.smt2 : 66 ms.
--------------------------------------------------
unsat
QF_NRA/hycomp/ball_count_2d_slope.04.seq_lazy_global_3.smt2 : 54 ms.
--------------------------------------------------
unsat
QF_NRA/hycomp/ball_count_2d_slope.04.seq_lazy_global_4.smt2 : 60 ms.
--------------------------------------------------
unsat
QF_NRA/hycomp/ball_count_2d_slope.04.seq_lazy_global_5.smt2 : 78 ms.
--------------------------------------------------
unsat
QF_NRA/hycomp/ball_count_2d_slope.04.seq_lazy_global_6.smt2 : 77 ms.
--------------------------------------------------
unsat
QF_NRA/hycomp/ball_count_2d_slope.04.seq_lazy_global_7.smt2 : 99 ms.
--------------------------------------------------
unsat
QF_NRA/hycomp/ball_count_2d_slope.04.seq_lazy_global_8.smt2 : 132 ms.
--------------------------------------------------
unsat
QF_NRA/hycomp/ball_count_2d_slope.04.seq_lazy_global_9.smt2 : 68 ms.
--------------------------------------------------
unsat
QF_NRA/hycomp/ball_count_2d_slope.04.seq_lazy_lemmas_global_0.smt2 : 31 ms.
--------------------------------------------------
unsat
QF_NRA/hycomp/ball_count_2d_slope.04.seq_lazy_lemmas_global_10.smt2 : 1098 ms.
--------------------------------------------------
unsat
QF_NRA/hycomp/ball_count_2d_slope.04.seq_lazy_lemmas_global_11.smt2 : 105 ms.
--------------------------------------------------
./solvers/mathsat/run.sh: line 3: 358268 Killed                  ./mathsat ../$1
QF_NRA/hycomp/ball_count_2d_slope.04.seq_lazy_lemmas_global_12.smt2 : 1800139 ms.
--------------------------------------------------
unsat
QF_NRA/hycomp/ball_count_2d_slope.04.seq_lazy_lemmas_global_13.smt2 : 119 ms.
--------------------------------------------------
./solvers/mathsat/run.sh: line 3: 360608 Killed                  ./mathsat ../$1
QF_NRA/hycomp/ball_count_2d_slope.04.seq_lazy_lemmas_global_14.smt2 : 1800135 ms.
--------------------------------------------------
unsat
QF_NRA/hycomp/ball_count_2d_slope.04.seq_lazy_lemmas_global_15.smt2 : 142 ms.
--------------------------------------------------
unsat
QF_NRA/hycomp/ball_count_2d_slope.04.seq_lazy_lemmas_global_1.smt2 : 75 ms.
--------------------------------------------------
unsat
QF_NRA/hycomp/ball_count_2d_slope.04.seq_lazy_lemmas_global_2.smt2 : 54 ms.
--------------------------------------------------
unsat
QF_NRA/hycomp/ball_count_2d_slope.04.seq_lazy_lemmas_global_3.smt2 : 75 ms.
--------------------------------------------------
unsat
QF_NRA/hycomp/ball_count_2d_slope.04.seq_lazy_lemmas_global_4.smt2 : 85 ms.
--------------------------------------------------
unsat
QF_NRA/hycomp/ball_count_2d_slope.04.seq_lazy_lemmas_global_5.smt2 : 82 ms.
--------------------------------------------------
unsat
QF_NRA/hycomp/ball_count_2d_slope.04.seq_lazy_lemmas_global_6.smt2 : 95 ms.
--------------------------------------------------
unsat
QF_NRA/hycomp/ball_count_2d_slope.04.seq_lazy_lemmas_global_7.smt2 : 85 ms.
--------------------------------------------------
unsat
QF_NRA/hycomp/ball_count_2d_slope.04.seq_lazy_lemmas_global_8.smt2 : 155 ms.
--------------------------------------------------
unsat
QF_NRA/hycomp/ball_count_2d_slope.04.seq_lazy_lemmas_global_9.smt2 : 109 ms.
--------------------------------------------------
unsat
QF_NRA/hycomp/ball_count_2d_slope.04.seq_lazy_linear_enc_global_0.smt2 : 45 ms.
--------------------------------------------------
./solvers/mathsat/run.sh: line 3: 362601 Killed                  ./mathsat ../$1
QF_NRA/hycomp/ball_count_2d_slope.04.seq_lazy_linear_enc_global_10.smt2 : 1800088 ms.
--------------------------------------------------
unsat
QF_NRA/hycomp/ball_count_2d_slope.04.seq_lazy_linear_enc_global_11.smt2 : 89 ms.
--------------------------------------------------
./solvers/mathsat/run.sh: line 3: 363803 Killed                  ./mathsat ../$1
QF_NRA/hycomp/ball_count_2d_slope.04.seq_lazy_linear_enc_global_12.smt2 : 1800101 ms.
--------------------------------------------------
unsat
QF_NRA/hycomp/ball_count_2d_slope.04.seq_lazy_linear_enc_global_13.smt2 : 116 ms.
--------------------------------------------------
./solvers/mathsat/run.sh: line 3: 365106 Killed                  ./mathsat ../$1
QF_NRA/hycomp/ball_count_2d_slope.04.seq_lazy_linear_enc_global_14.smt2 : 1800101 ms.
--------------------------------------------------
unsat
QF_NRA/hycomp/ball_count_2d_slope.04.seq_lazy_linear_enc_global_15.smt2 : 106 ms.
--------------------------------------------------
unsat
QF_NRA/hycomp/ball_count_2d_slope.04.seq_lazy_linear_enc_global_1.smt2 : 54 ms.
--------------------------------------------------
unsat
QF_NRA/hycomp/ball_count_2d_slope.04.seq_lazy_linear_enc_global_2.smt2 : 58 ms.
--------------------------------------------------
unsat
QF_NRA/hycomp/ball_count_2d_slope.04.seq_lazy_linear_enc_global_3.smt2 : 46 ms.
--------------------------------------------------
unsat
QF_NRA/hycomp/ball_count_2d_slope.04.seq_lazy_linear_enc_global_4.smt2 : 52 ms.
--------------------------------------------------
unsat
QF_NRA/hycomp/ball_count_2d_slope.04.seq_lazy_linear_enc_global_5.smt2 : 50 ms.
--------------------------------------------------
unsat
QF_NRA/hycomp/ball_count_2d_slope.04.seq_lazy_linear_enc_global_6.smt2 : 72 ms.
--------------------------------------------------
unsat
QF_NRA/hycomp/ball_count_2d_slope.04.seq_lazy_linear_enc_global_7.smt2 : 62 ms.
--------------------------------------------------
./solvers/mathsat/run.sh: line 3: 366690 Killed                  ./mathsat ../$1
QF_NRA/hycomp/ball_count_2d_slope.04.seq_lazy_linear_enc_global_8.smt2 : 1800090 ms.
--------------------------------------------------
unsat
QF_NRA/hycomp/ball_count_2d_slope.04.seq_lazy_linear_enc_global_9.smt2 : 89 ms.
--------------------------------------------------
unsat
QF_NRA/hycomp/ball_count_2d_slope.04.seq_lazy_linear_enc_lemmas_global_0.smt2 : 38 ms.
--------------------------------------------------
unsat
QF_NRA/hycomp/ball_count_2d_slope.04.seq_lazy_linear_enc_lemmas_global_10.smt2 : 91 ms.
--------------------------------------------------
unsat
QF_NRA/hycomp/ball_count_2d_slope.04.seq_lazy_linear_enc_lemmas_global_11.smt2 : 102 ms.
--------------------------------------------------
unsat
QF_NRA/hycomp/ball_count_2d_slope.04.seq_lazy_linear_enc_lemmas_global_12.smt2 : 114 ms.
--------------------------------------------------
unsat
QF_NRA/hycomp/ball_count_2d_slope.04.seq_lazy_linear_enc_lemmas_global_13.smt2 : 102 ms.
--------------------------------------------------
unsat
QF_NRA/hycomp/ball_count_2d_slope.04.seq_lazy_linear_enc_lemmas_global_14.smt2 : 110 ms.
--------------------------------------------------
unsat
QF_NRA/hycomp/ball_count_2d_slope.04.seq_lazy_linear_enc_lemmas_global_15.smt2 : 117 ms.
--------------------------------------------------
unsat
QF_NRA/hycomp/ball_count_2d_slope.04.seq_lazy_linear_enc_lemmas_global_1.smt2 : 32 ms.
--------------------------------------------------
unsat
QF_NRA/hycomp/ball_count_2d_slope.04.seq_lazy_linear_enc_lemmas_global_2.smt2 : 48 ms.
--------------------------------------------------
unsat
QF_NRA/hycomp/ball_count_2d_slope.04.seq_lazy_linear_enc_lemmas_global_3.smt2 : 59 ms.
--------------------------------------------------
unsat
QF_NRA/hycomp/ball_count_2d_slope.04.seq_lazy_linear_enc_lemmas_global_4.smt2 : 66 ms.
--------------------------------------------------
unsat
QF_NRA/hycomp/ball_count_2d_slope.04.seq_lazy_linear_enc_lemmas_global_5.smt2 : 57 ms.
--------------------------------------------------
unsat
QF_NRA/hycomp/ball_count_2d_slope.04.seq_lazy_linear_enc_lemmas_global_6.smt2 : 68 ms.
--------------------------------------------------
unsat
QF_NRA/hycomp/ball_count_2d_slope.04.seq_lazy_linear_enc_lemmas_global_7.smt2 : 78 ms.
--------------------------------------------------
unsat
QF_NRA/hycomp/ball_count_2d_slope.04.seq_lazy_linear_enc_lemmas_global_8.smt2 : 69 ms.
--------------------------------------------------
unsat
QF_NRA/hycomp/ball_count_2d_slope.04.seq_lazy_linear_enc_lemmas_global_9.smt2 : 69 ms.
--------------------------------------------------
unsat
QF_NRA/hycomp/ball_count_2d_slope.05.seq_lazy_global_0.smt2 : 30 ms.
--------------------------------------------------
unsat
QF_NRA/hycomp/ball_count_2d_slope.05.seq_lazy_global_10.smt2 : 164 ms.
--------------------------------------------------
unsat
QF_NRA/hycomp/ball_count_2d_slope.05.seq_lazy_global_11.smt2 : 99 ms.
--------------------------------------------------
unsat
QF_NRA/hycomp/ball_count_2d_slope.05.seq_lazy_global_12.smt2 : 1096 ms.
--------------------------------------------------
unsat
QF_NRA/hycomp/ball_count_2d_slope.05.seq_lazy_global_13.smt2 : 95 ms.
--------------------------------------------------
./solvers/mathsat/run.sh: line 3: 368514 Killed                  ./mathsat ../$1
QF_NRA/hycomp/ball_count_2d_slope.05.seq_lazy_global_14.smt2 : 1800076 ms.
--------------------------------------------------
unsat
QF_NRA/hycomp/ball_count_2d_slope.05.seq_lazy_global_15.smt2 : 120 ms.
--------------------------------------------------
unsat
QF_NRA/hycomp/ball_count_2d_slope.05.seq_lazy_global_1.smt2 : 51 ms.
--------------------------------------------------
unsat
QF_NRA/hycomp/ball_count_2d_slope.05.seq_lazy_global_2.smt2 : 101 ms.
--------------------------------------------------
unsat
QF_NRA/hycomp/ball_count_2d_slope.05.seq_lazy_global_3.smt2 : 61 ms.
--------------------------------------------------
unsat
QF_NRA/hycomp/ball_count_2d_slope.05.seq_lazy_global_4.smt2 : 56 ms.
--------------------------------------------------
unsat
QF_NRA/hycomp/ball_count_2d_slope.05.seq_lazy_global_5.smt2 : 56 ms.
--------------------------------------------------
unsat
QF_NRA/hycomp/ball_count_2d_slope.05.seq_lazy_global_6.smt2 : 83 ms.
--------------------------------------------------
unsat
QF_NRA/hycomp/ball_count_2d_slope.05.seq_lazy_global_7.smt2 : 81 ms.
--------------------------------------------------
unsat
QF_NRA/hycomp/ball_count_2d_slope.05.seq_lazy_global_8.smt2 : 80 ms.
--------------------------------------------------
unsat
QF_NRA/hycomp/ball_count_2d_slope.05.seq_lazy_global_9.smt2 : 71 ms.
--------------------------------------------------
unsat
QF_NRA/hycomp/ball_count_2d_slope.05.seq_lazy_lemmas_global_0.smt2 : 33 ms.
--------------------------------------------------
unsat
QF_NRA/hycomp/ball_count_2d_slope.05.seq_lazy_lemmas_global_10.smt2 : 163 ms.
--------------------------------------------------
unsat
QF_NRA/hycomp/ball_count_2d_slope.05.seq_lazy_lemmas_global_11.smt2 : 128 ms.
--------------------------------------------------
unsat
QF_NRA/hycomp/ball_count_2d_slope.05.seq_lazy_lemmas_global_12.smt2 : 3328 ms.
--------------------------------------------------
unsat
QF_NRA/hycomp/ball_count_2d_slope.05.seq_lazy_lemmas_global_13.smt2 : 131 ms.
--------------------------------------------------
./solvers/mathsat/run.sh: line 3: 369778 Killed                  ./mathsat ../$1
QF_NRA/hycomp/ball_count_2d_slope.05.seq_lazy_lemmas_global_14.smt2 : 1800112 ms.
--------------------------------------------------
unsat
QF_NRA/hycomp/ball_count_2d_slope.05.seq_lazy_lemmas_global_15.smt2 : 126 ms.
--------------------------------------------------
unsat
QF_NRA/hycomp/ball_count_2d_slope.05.seq_lazy_lemmas_global_1.smt2 : 49 ms.
--------------------------------------------------
unsat
QF_NRA/hycomp/ball_count_2d_slope.05.seq_lazy_lemmas_global_2.smt2 : 53 ms.
--------------------------------------------------
unsat
QF_NRA/hycomp/ball_count_2d_slope.05.seq_lazy_lemmas_global_3.smt2 : 53 ms.
--------------------------------------------------
unsat
QF_NRA/hycomp/ball_count_2d_slope.05.seq_lazy_lemmas_global_4.smt2 : 66 ms.
--------------------------------------------------
unsat
QF_NRA/hycomp/ball_count_2d_slope.05.seq_lazy_lemmas_global_5.smt2 : 83 ms.
--------------------------------------------------
unsat
QF_NRA/hycomp/ball_count_2d_slope.05.seq_lazy_lemmas_global_6.smt2 : 79 ms.
--------------------------------------------------
unsat
QF_NRA/hycomp/ball_count_2d_slope.05.seq_lazy_lemmas_global_7.smt2 : 65 ms.
--------------------------------------------------
unsat
QF_NRA/hycomp/ball_count_2d_slope.05.seq_lazy_lemmas_global_8.smt2 : 76 ms.
--------------------------------------------------
unsat
QF_NRA/hycomp/ball_count_2d_slope.05.seq_lazy_lemmas_global_9.smt2 : 109 ms.
--------------------------------------------------
unsat
QF_NRA/hycomp/ball_count_2d_slope.05.seq_lazy_linear_enc_global_0.smt2 : 48 ms.
--------------------------------------------------
./solvers/mathsat/run.sh: line 3: 370832 Killed                  ./mathsat ../$1
QF_NRA/hycomp/ball_count_2d_slope.05.seq_lazy_linear_enc_global_10.smt2 : 1800063 ms.
--------------------------------------------------
unsat
QF_NRA/hycomp/ball_count_2d_slope.05.seq_lazy_linear_enc_global_11.smt2 : 107 ms.
--------------------------------------------------
./solvers/mathsat/run.sh: line 3: 371691 Killed                  ./mathsat ../$1
QF_NRA/hycomp/ball_count_2d_slope.05.seq_lazy_linear_enc_global_12.smt2 : 1800090 ms.
--------------------------------------------------
unsat
QF_NRA/hycomp/ball_count_2d_slope.05.seq_lazy_linear_enc_global_13.smt2 : 109 ms.
--------------------------------------------------
./solvers/mathsat/run.sh: line 3: 372546 Killed                  ./mathsat ../$1
QF_NRA/hycomp/ball_count_2d_slope.05.seq_lazy_linear_enc_global_14.smt2 : 1800082 ms.
--------------------------------------------------
unsat
QF_NRA/hycomp/ball_count_2d_slope.05.seq_lazy_linear_enc_global_15.smt2 : 105 ms.
--------------------------------------------------
unsat
QF_NRA/hycomp/ball_count_2d_slope.05.seq_lazy_linear_enc_global_1.smt2 : 55 ms.
--------------------------------------------------
unsat
QF_NRA/hycomp/ball_count_2d_slope.05.seq_lazy_linear_enc_global_2.smt2 : 58 ms.
--------------------------------------------------
unsat
QF_NRA/hycomp/ball_count_2d_slope.05.seq_lazy_linear_enc_global_3.smt2 : 53 ms.
--------------------------------------------------
unsat
QF_NRA/hycomp/ball_count_2d_slope.05.seq_lazy_linear_enc_global_4.smt2 : 48 ms.
--------------------------------------------------
unsat
QF_NRA/hycomp/ball_count_2d_slope.05.seq_lazy_linear_enc_global_5.smt2 : 56 ms.
--------------------------------------------------
unsat
QF_NRA/hycomp/ball_count_2d_slope.05.seq_lazy_linear_enc_global_6.smt2 : 79 ms.
--------------------------------------------------
unsat
QF_NRA/hycomp/ball_count_2d_slope.05.seq_lazy_linear_enc_global_7.smt2 : 80 ms.
--------------------------------------------------
unsat
QF_NRA/hycomp/ball_count_2d_slope.05.seq_lazy_linear_enc_global_8.smt2 : 83 ms.
--------------------------------------------------
unsat
QF_NRA/hycomp/ball_count_2d_slope.05.seq_lazy_linear_enc_global_9.smt2 : 69 ms.
--------------------------------------------------
unsat
QF_NRA/hycomp/ball_count_2d_slope.05.seq_lazy_linear_enc_lemmas_global_0.smt2 : 45 ms.
--------------------------------------------------
unsat
QF_NRA/hycomp/ball_count_2d_slope.05.seq_lazy_linear_enc_lemmas_global_10.smt2 : 95 ms.
--------------------------------------------------
unsat
QF_NRA/hycomp/ball_count_2d_slope.05.seq_lazy_linear_enc_lemmas_global_11.smt2 : 97 ms.
--------------------------------------------------
unsat
QF_NRA/hycomp/ball_count_2d_slope.05.seq_lazy_linear_enc_lemmas_global_12.smt2 : 104 ms.
--------------------------------------------------
unsat
QF_NRA/hycomp/ball_count_2d_slope.05.seq_lazy_linear_enc_lemmas_global_13.smt2 : 94 ms.
--------------------------------------------------
unsat
QF_NRA/hycomp/ball_count_2d_slope.05.seq_lazy_linear_enc_lemmas_global_14.smt2 : 120 ms.
--------------------------------------------------
unsat
QF_NRA/hycomp/ball_count_2d_slope.05.seq_lazy_linear_enc_lemmas_global_15.smt2 : 120 ms.
--------------------------------------------------
unsat
QF_NRA/hycomp/ball_count_2d_slope.05.seq_lazy_linear_enc_lemmas_global_1.smt2 : 34 ms.
--------------------------------------------------
unsat
QF_NRA/hycomp/ball_count_2d_slope.05.seq_lazy_linear_enc_lemmas_global_2.smt2 : 53 ms.
--------------------------------------------------
unsat
QF_NRA/hycomp/ball_count_2d_slope.05.seq_lazy_linear_enc_lemmas_global_3.smt2 : 44 ms.
--------------------------------------------------
unsat
QF_NRA/hycomp/ball_count_2d_slope.05.seq_lazy_linear_enc_lemmas_global_4.smt2 : 48 ms.
--------------------------------------------------
unsat
QF_NRA/hycomp/ball_count_2d_slope.05.seq_lazy_linear_enc_lemmas_global_5.smt2 : 72 ms.
--------------------------------------------------
unsat
QF_NRA/hycomp/ball_count_2d_slope.05.seq_lazy_linear_enc_lemmas_global_6.smt2 : 56 ms.
--------------------------------------------------
unsat
QF_NRA/hycomp/ball_count_2d_slope.05.seq_lazy_linear_enc_lemmas_global_7.smt2 : 74 ms.
--------------------------------------------------
unsat
QF_NRA/hycomp/ball_count_2d_slope.05.seq_lazy_linear_enc_lemmas_global_8.smt2 : 66 ms.
--------------------------------------------------
unsat
QF_NRA/hycomp/ball_count_2d_slope.05.seq_lazy_linear_enc_lemmas_global_9.smt2 : 105 ms.
--------------------------------------------------
unsat
QF_NRA/hycomp/ball_count_2d_slope.10.seq_lazy_global_0.smt2 : 31 ms.
--------------------------------------------------
unsat
QF_NRA/hycomp/ball_count_2d_slope.10.seq_lazy_global_10.smt2 : 99 ms.
--------------------------------------------------
unsat
QF_NRA/hycomp/ball_count_2d_slope.10.seq_lazy_global_11.smt2 : 77 ms.
--------------------------------------------------
unsat
QF_NRA/hycomp/ball_count_2d_slope.10.seq_lazy_global_12.smt2 : 94 ms.
--------------------------------------------------
unsat
QF_NRA/hycomp/ball_count_2d_slope.10.seq_lazy_global_13.smt2 : 95 ms.
--------------------------------------------------
unsat
QF_NRA/hycomp/ball_count_2d_slope.10.seq_lazy_global_14.smt2 : 89 ms.
--------------------------------------------------
unsat
QF_NRA/hycomp/ball_count_2d_slope.10.seq_lazy_global_15.smt2 : 90 ms.
--------------------------------------------------
unsat
QF_NRA/hycomp/ball_count_2d_slope.10.seq_lazy_global_1.smt2 : 37 ms.
--------------------------------------------------
unsat
QF_NRA/hycomp/ball_count_2d_slope.10.seq_lazy_global_2.smt2 : 55 ms.
--------------------------------------------------
unsat
QF_NRA/hycomp/ball_count_2d_slope.10.seq_lazy_global_3.smt2 : 43 ms.
--------------------------------------------------
unsat
QF_NRA/hycomp/ball_count_2d_slope.10.seq_lazy_global_4.smt2 : 45 ms.
--------------------------------------------------
unsat
QF_NRA/hycomp/ball_count_2d_slope.10.seq_lazy_global_5.smt2 : 76 ms.
--------------------------------------------------
unsat
QF_NRA/hycomp/ball_count_2d_slope.10.seq_lazy_global_6.smt2 : 81 ms.
--------------------------------------------------
unsat
QF_NRA/hycomp/ball_count_2d_slope.10.seq_lazy_global_7.smt2 : 70 ms.
--------------------------------------------------
unsat
QF_NRA/hycomp/ball_count_2d_slope.10.seq_lazy_global_8.smt2 : 69 ms.
--------------------------------------------------
unsat
QF_NRA/hycomp/ball_count_2d_slope.10.seq_lazy_global_9.smt2 : 64 ms.
--------------------------------------------------
unsat
QF_NRA/hycomp/ball_count_2d_slope.10.seq_lazy_lemmas_global_0.smt2 : 27 ms.
--------------------------------------------------
unsat
QF_NRA/hycomp/ball_count_2d_slope.10.seq_lazy_lemmas_global_10.smt2 : 107 ms.
--------------------------------------------------
unsat
QF_NRA/hycomp/ball_count_2d_slope.10.seq_lazy_lemmas_global_11.smt2 : 98 ms.
--------------------------------------------------
unsat
QF_NRA/hycomp/ball_count_2d_slope.10.seq_lazy_lemmas_global_12.smt2 : 122 ms.
--------------------------------------------------
unsat
QF_NRA/hycomp/ball_count_2d_slope.10.seq_lazy_lemmas_global_13.smt2 : 96 ms.
--------------------------------------------------
unsat
QF_NRA/hycomp/ball_count_2d_slope.10.seq_lazy_lemmas_global_14.smt2 : 102 ms.
--------------------------------------------------
unsat
QF_NRA/hycomp/ball_count_2d_slope.10.seq_lazy_lemmas_global_15.smt2 : 123 ms.
--------------------------------------------------
unsat
QF_NRA/hycomp/ball_count_2d_slope.10.seq_lazy_lemmas_global_1.smt2 : 38 ms.
--------------------------------------------------
unsat
QF_NRA/hycomp/ball_count_2d_slope.10.seq_lazy_lemmas_global_2.smt2 : 46 ms.
--------------------------------------------------
unsat
QF_NRA/hycomp/ball_count_2d_slope.10.seq_lazy_lemmas_global_3.smt2 : 49 ms.
--------------------------------------------------
unsat
QF_NRA/hycomp/ball_count_2d_slope.10.seq_lazy_lemmas_global_4.smt2 : 67 ms.
--------------------------------------------------
unsat
QF_NRA/hycomp/ball_count_2d_slope.10.seq_lazy_lemmas_global_5.smt2 : 60 ms.
--------------------------------------------------
unsat
QF_NRA/hycomp/ball_count_2d_slope.10.seq_lazy_lemmas_global_6.smt2 : 61 ms.
--------------------------------------------------
unsat
QF_NRA/hycomp/ball_count_2d_slope.10.seq_lazy_lemmas_global_7.smt2 : 68 ms.
--------------------------------------------------
unsat
QF_NRA/hycomp/ball_count_2d_slope.10.seq_lazy_lemmas_global_8.smt2 : 90 ms.
--------------------------------------------------
unsat
QF_NRA/hycomp/ball_count_2d_slope.10.seq_lazy_lemmas_global_9.smt2 : 78 ms.
--------------------------------------------------
unsat
QF_NRA/hycomp/ball_count_2d_slope.10.seq_lazy_linear_enc_global_0.smt2 : 27 ms.
--------------------------------------------------
unsat
QF_NRA/hycomp/ball_count_2d_slope.10.seq_lazy_linear_enc_global_10.smt2 : 78 ms.
--------------------------------------------------
unsat
QF_NRA/hycomp/ball_count_2d_slope.10.seq_lazy_linear_enc_global_11.smt2 : 85 ms.
--------------------------------------------------
unsat
QF_NRA/hycomp/ball_count_2d_slope.10.seq_lazy_linear_enc_global_12.smt2 : 85 ms.
--------------------------------------------------
unsat
QF_NRA/hycomp/ball_count_2d_slope.10.seq_lazy_linear_enc_global_13.smt2 : 71 ms.
--------------------------------------------------
unsat
QF_NRA/hycomp/ball_count_2d_slope.10.seq_lazy_linear_enc_global_14.smt2 : 80 ms.
--------------------------------------------------
unsat
QF_NRA/hycomp/ball_count_2d_slope.10.seq_lazy_linear_enc_global_15.smt2 : 83 ms.
--------------------------------------------------
unsat
QF_NRA/hycomp/ball_count_2d_slope.10.seq_lazy_linear_enc_global_1.smt2 : 40 ms.
--------------------------------------------------
unsat
QF_NRA/hycomp/ball_count_2d_slope.10.seq_lazy_linear_enc_global_2.smt2 : 47 ms.
--------------------------------------------------
unsat
QF_NRA/hycomp/ball_count_2d_slope.10.seq_lazy_linear_enc_global_3.smt2 : 38 ms.
--------------------------------------------------
unsat
QF_NRA/hycomp/ball_count_2d_slope.10.seq_lazy_linear_enc_global_4.smt2 : 43 ms.
--------------------------------------------------
unsat
QF_NRA/hycomp/ball_count_2d_slope.10.seq_lazy_linear_enc_global_5.smt2 : 50 ms.
--------------------------------------------------
unsat
QF_NRA/hycomp/ball_count_2d_slope.10.seq_lazy_linear_enc_global_6.smt2 : 54 ms.
--------------------------------------------------
unsat
QF_NRA/hycomp/ball_count_2d_slope.10.seq_lazy_linear_enc_global_7.smt2 : 65 ms.
--------------------------------------------------
unsat
QF_NRA/hycomp/ball_count_2d_slope.10.seq_lazy_linear_enc_global_8.smt2 : 84 ms.
--------------------------------------------------
unsat
QF_NRA/hycomp/ball_count_2d_slope.10.seq_lazy_linear_enc_global_9.smt2 : 66 ms.
--------------------------------------------------
unsat
QF_NRA/hycomp/ball_count_2d_slope.10.seq_lazy_linear_enc_lemmas_global_0.smt2 : 29 ms.
--------------------------------------------------
unsat
QF_NRA/hycomp/ball_count_2d_slope.10.seq_lazy_linear_enc_lemmas_global_10.smt2 : 81 ms.
--------------------------------------------------
unsat
QF_NRA/hycomp/ball_count_2d_slope.10.seq_lazy_linear_enc_lemmas_global_11.smt2 : 111 ms.
--------------------------------------------------
unsat
QF_NRA/hycomp/ball_count_2d_slope.10.seq_lazy_linear_enc_lemmas_global_12.smt2 : 93 ms.
--------------------------------------------------
unsat
QF_NRA/hycomp/ball_count_2d_slope.10.seq_lazy_linear_enc_lemmas_global_13.smt2 : 97 ms.
--------------------------------------------------
unsat
QF_NRA/hycomp/ball_count_2d_slope.10.seq_lazy_linear_enc_lemmas_global_14.smt2 : 100 ms.
--------------------------------------------------
unsat
QF_NRA/hycomp/ball_count_2d_slope.10.seq_lazy_linear_enc_lemmas_global_15.smt2 : 114 ms.
--------------------------------------------------
unsat
QF_NRA/hycomp/ball_count_2d_slope.10.seq_lazy_linear_enc_lemmas_global_1.smt2 : 31 ms.
--------------------------------------------------
unsat
QF_NRA/hycomp/ball_count_2d_slope.10.seq_lazy_linear_enc_lemmas_global_2.smt2 : 52 ms.
--------------------------------------------------
unsat
QF_NRA/hycomp/ball_count_2d_slope.10.seq_lazy_linear_enc_lemmas_global_3.smt2 : 41 ms.
--------------------------------------------------
unsat
QF_NRA/hycomp/ball_count_2d_slope.10.seq_lazy_linear_enc_lemmas_global_4.smt2 : 46 ms.
--------------------------------------------------
unsat
QF_NRA/hycomp/ball_count_2d_slope.10.seq_lazy_linear_enc_lemmas_global_5.smt2 : 58 ms.
--------------------------------------------------
unsat
QF_NRA/hycomp/ball_count_2d_slope.10.seq_lazy_linear_enc_lemmas_global_6.smt2 : 54 ms.
--------------------------------------------------
unsat
QF_NRA/hycomp/ball_count_2d_slope.10.seq_lazy_linear_enc_lemmas_global_7.smt2 : 59 ms.
--------------------------------------------------
unsat
QF_NRA/hycomp/ball_count_2d_slope.10.seq_lazy_linear_enc_lemmas_global_8.smt2 : 62 ms.
--------------------------------------------------
unsat
QF_NRA/hycomp/ball_count_2d_slope.10.seq_lazy_linear_enc_lemmas_global_9.smt2 : 65 ms.
--------------------------------------------------
unsat
QF_NRA/hycomp/etcs_braking_2.01.qfree_global_0.smt2 : 27 ms.
--------------------------------------------------
unsat
QF_NRA/hycomp/etcs_braking_2.01.qfree_global_10.smt2 : 81 ms.
--------------------------------------------------
unsat
QF_NRA/hycomp/etcs_braking_2.01.qfree_global_11.smt2 : 131 ms.
--------------------------------------------------
unsat
QF_NRA/hycomp/etcs_braking_2.01.qfree_global_12.smt2 : 106 ms.
--------------------------------------------------
unsat
QF_NRA/hycomp/etcs_braking_2.01.qfree_global_13.smt2 : 12233 ms.
--------------------------------------------------
unsat
QF_NRA/hycomp/etcs_braking_2.01.qfree_global_14.smt2 : 127 ms.
--------------------------------------------------
unsat
QF_NRA/hycomp/etcs_braking_2.01.qfree_global_15.smt2 : 187 ms.
--------------------------------------------------
unsat
QF_NRA/hycomp/etcs_braking_2.01.qfree_global_1.smt2 : 73 ms.
