--------------------------------------------------
unsat
OMT_LIA/20220307-SMPT/HouseConstruction-PT-00005/RF-02.smt2 : 29 ms.
--------------------------------------------------
sat
OMT_LIA/20220307-SMPT/HouseConstruction-PT-00005/RF-07.smt2 : 27 ms.
--------------------------------------------------
sat
OMT_LIA/20220307-SMPT/HouseConstruction-PT-00005/RF-13.smt2 : 29 ms.
--------------------------------------------------
sat
OMT_LIA/20220307-SMPT/HouseConstruction-PT-00005/RC-12.smt2 : 27 ms.
--------------------------------------------------
sat
OMT_LIA/20220307-SMPT/RwMutex-PT-r1000w0010/RF-14.smt2 : 3120 ms.
--------------------------------------------------
sat
OMT_LIA/20220307-SMPT/RwMutex-PT-r1000w0010/RF-09.smt2 : 2653 ms.
--------------------------------------------------
unsat
OMT_LIA/20220307-SMPT/RwMutex-PT-r1000w0010/RC-14.smt2 : 1806 ms.
--------------------------------------------------
sat
OMT_LIA/20220307-SMPT/RwMutex-PT-r1000w0010/RC-15.smt2 : 2772 ms.
--------------------------------------------------
sat
OMT_LIA/20220307-SMPT/RwMutex-PT-r1000w0010/RF-05.smt2 : 2807 ms.
--------------------------------------------------
sat
OMT_LIA/20220307-SMPT/RwMutex-PT-r1000w0010/RF-00.smt2 : 2515 ms.
--------------------------------------------------
sat
OMT_LIA/20220307-SMPT/RwMutex-PT-r1000w0010/RC-13.smt2 : 3990 ms.
--------------------------------------------------
sat
OMT_LIA/20220307-SMPT/RwMutex-PT-r1000w0010/RC-00.smt2 : 2938 ms.
--------------------------------------------------
sat
OMT_LIA/20220307-SMPT/RwMutex-PT-r1000w0010/RF-10.smt2 : 3689 ms.
--------------------------------------------------
unsat
OMT_LIA/20220307-SMPT/RwMutex-PT-r1000w0010/RC-01.smt2 : 1297 ms.
--------------------------------------------------
sat
OMT_LIA/20220307-SMPT/RwMutex-PT-r1000w0010/RC-06.smt2 : 3211 ms.
--------------------------------------------------
sat
OMT_LIA/20220307-SMPT/RwMutex-PT-r1000w0010/RF-03.smt2 : 2752 ms.
--------------------------------------------------
sat
OMT_LIA/20220307-SMPT/RwMutex-PT-r1000w0010/RC-04.smt2 : 2361 ms.
--------------------------------------------------
unsat
OMT_LIA/20220307-SMPT/RwMutex-PT-r1000w0010/RC-11.smt2 : 1353 ms.
--------------------------------------------------
unsat
OMT_LIA/20220307-SMPT/RwMutex-PT-r1000w0010/RC-05.smt2 : 1481 ms.
--------------------------------------------------
sat
OMT_LIA/20220307-SMPT/RwMutex-PT-r1000w0010/RF-12.smt2 : 4208 ms.
--------------------------------------------------
sat
OMT_LIA/20220307-SMPT/RwMutex-PT-r1000w0010/RC-08.smt2 : 3140 ms.
--------------------------------------------------
unsat
OMT_LIA/20220307-SMPT/RwMutex-PT-r1000w0010/RC-02.smt2 : 1275 ms.
--------------------------------------------------
unsat
OMT_LIA/20220307-SMPT/RwMutex-PT-r1000w0010/RC-07.smt2 : 1711 ms.
--------------------------------------------------
sat
OMT_LIA/20220307-SMPT/RwMutex-PT-r1000w0010/RC-10.smt2 : 3853 ms.
--------------------------------------------------
sat
OMT_LIA/20220307-SMPT/RwMutex-PT-r1000w0010/RF-04.smt2 : 2254 ms.
--------------------------------------------------
sat
OMT_LIA/20220307-SMPT/RwMutex-PT-r1000w0010/RF-11.smt2 : 3690 ms.
--------------------------------------------------
unsat
OMT_LIA/20220307-SMPT/RwMutex-PT-r1000w0010/RC-09.smt2 : 1112 ms.
--------------------------------------------------
sat
OMT_LIA/20220307-SMPT/RwMutex-PT-r1000w0010/RF-06.smt2 : 4194 ms.
--------------------------------------------------
sat
OMT_LIA/20220307-SMPT/RwMutex-PT-r1000w0010/RF-08.smt2 : 3077 ms.
--------------------------------------------------
sat
OMT_LIA/20220307-SMPT/RwMutex-PT-r1000w0010/RF-01.smt2 : 2268 ms.
--------------------------------------------------
unsat
OMT_LIA/20220307-SMPT/RwMutex-PT-r1000w0010/RC-03.smt2 : 1731 ms.
--------------------------------------------------
