--------------------------------------------------
sat
OMT_LIA/nec-smt/large/user_is_in_group/prp-16-49.smt2 : 294412 ms.
--------------------------------------------------
sat
OMT_LIA/nec-smt/large/user_is_in_group/prp-5-48.smt2 : 236105 ms.
--------------------------------------------------
sat
OMT_LIA/nec-smt/large/user_is_in_group/prp-12-48.smt2 : 238257 ms.
--------------------------------------------------
sat
OMT_LIA/nec-smt/large/user_is_in_group/prp-13-46.smt2 : 168387 ms.
--------------------------------------------------
sat
OMT_LIA/nec-smt/large/user_is_in_group/prp-21-48.smt2 : 237245 ms.
--------------------------------------------------
sat
OMT_LIA/nec-smt/large/user_is_in_group/prp-7-50.smt2 : 337209 ms.
--------------------------------------------------
sat
OMT_LIA/nec-smt/large/user_is_in_group/prp-6-47.smt2 : 195679 ms.
--------------------------------------------------
sat
OMT_LIA/nec-smt/large/user_is_in_group/prp-22-48.smt2 : 229966 ms.
--------------------------------------------------
sat
OMT_LIA/nec-smt/large/user_is_in_group/prp-23-47.smt2 : 196666 ms.
--------------------------------------------------
sat
OMT_LIA/nec-smt/large/user_is_in_group/prp-0-47.smt2 : 201523 ms.
--------------------------------------------------
sat
OMT_LIA/nec-smt/large/user_is_in_group/prp-14-46.smt2 : 171744 ms.
--------------------------------------------------
sat
OMT_LIA/nec-smt/large/user_is_in_group/prp-20-50.smt2 : 328313 ms.
--------------------------------------------------
sat
OMT_LIA/nec-smt/large/user_is_in_group/prp-19-47.smt2 : 197317 ms.
--------------------------------------------------
sat
OMT_LIA/nec-smt/large/user_is_in_group/prp-15-47.smt2 : 199102 ms.
--------------------------------------------------
sat
OMT_LIA/nec-smt/large/user_is_in_group/prp-4-48.smt2 : 246311 ms.
--------------------------------------------------
sat
OMT_LIA/nec-smt/large/user_is_in_group/prp-24-48.smt2 : 236385 ms.
--------------------------------------------------
sat
OMT_LIA/nec-smt/large/user_is_in_group/prp-21-47.smt2 : 200376 ms.
--------------------------------------------------
sat
OMT_LIA/nec-smt/large/user_is_in_group/prp-24-47.smt2 : 198442 ms.
--------------------------------------------------
sat
OMT_LIA/nec-smt/large/getoption_group/prp-46-46.smt2 : 24835 ms.
--------------------------------------------------
sat
OMT_LIA/nec-smt/large/getoption_group/prp-33-50.smt2 : 87565 ms.
--------------------------------------------------
sat
OMT_LIA/nec-smt/large/getoption_group/prp-12-49.smt2 : 64174 ms.
--------------------------------------------------
sat
OMT_LIA/nec-smt/large/getoption_group/prp-19-49.smt2 : 65131 ms.
--------------------------------------------------
sat
OMT_LIA/nec-smt/large/getoption_group/prp-6-50.smt2 : 88629 ms.
--------------------------------------------------
sat
OMT_LIA/nec-smt/large/getoption_group/prp-17-48.smt2 : 47401 ms.
--------------------------------------------------
sat
OMT_LIA/nec-smt/large/getoption_group/prp-7-46.smt2 : 24955 ms.
--------------------------------------------------
sat
OMT_LIA/nec-smt/large/getoption_group/prp-38-49.smt2 : 64328 ms.
--------------------------------------------------
sat
OMT_LIA/nec-smt/large/getoption_group/prp-24-49.smt2 : 64353 ms.
--------------------------------------------------
sat
OMT_LIA/nec-smt/large/getoption_group/prp-16-48.smt2 : 47428 ms.
--------------------------------------------------
sat
OMT_LIA/nec-smt/large/getoption_group/prp-22-50.smt2 : 87765 ms.
--------------------------------------------------
sat
OMT_LIA/nec-smt/large/getoption_group/prp-10-46.smt2 : 25248 ms.
--------------------------------------------------
sat
OMT_LIA/nec-smt/large/getoption_group/prp-13-50.smt2 : 87725 ms.
--------------------------------------------------
sat
OMT_LIA/nec-smt/large/getoption_group/prp-23-49.smt2 : 63832 ms.
--------------------------------------------------
sat
OMT_LIA/nec-smt/large/getoption_group/prp-36-48.smt2 : 48877 ms.
--------------------------------------------------
sat
OMT_LIA/nec-smt/large/getoption_group/prp-10-48.smt2 : 48879 ms.
--------------------------------------------------
sat
OMT_LIA/nec-smt/large/getoption_group/prp-3-47.smt2 : 35566 ms.
--------------------------------------------------
sat
OMT_LIA/nec-smt/large/getoption_group/prp-46-50.smt2 : 90029 ms.
--------------------------------------------------
sat
OMT_LIA/nec-smt/large/getoption_group/prp-6-48.smt2 : 49496 ms.
--------------------------------------------------
sat
OMT_LIA/nec-smt/large/getoption_group/prp-42-48.smt2 : 48880 ms.
--------------------------------------------------
OMT_LIA/nec-smt/large/getoption_group/prp-4-49.smt2 : 1200030 ms.
--------------------------------------------------
sat
OMT_LIA/nec-smt/large/getoption_group/prp-33-47.smt2 : 36032 ms.
--------------------------------------------------
sat
OMT_LIA/nec-smt/large/getoption_group/prp-39-47.smt2 : 35735 ms.
--------------------------------------------------
OMT_LIA/nec-smt/large/getoption_group/prp-19-50.smt2 : 1200038 ms.
--------------------------------------------------
sat
OMT_LIA/nec-smt/large/getoption_group/prp-45-48.smt2 : 46798 ms.
--------------------------------------------------
sat
OMT_LIA/nec-smt/large/getoption_group/prp-46-48.smt2 : 47520 ms.
--------------------------------------------------
sat
OMT_LIA/nec-smt/large/getoption_group/prp-32-50.smt2 : 89615 ms.
--------------------------------------------------
sat
OMT_LIA/nec-smt/large/getoption_group/prp-6-46.smt2 : 24171 ms.
--------------------------------------------------
sat
OMT_LIA/nec-smt/large/getoption_group/prp-23-50.smt2 : 89323 ms.
--------------------------------------------------
sat
OMT_LIA/nec-smt/large/getoption_group/prp-18-47.smt2 : 35988 ms.
--------------------------------------------------
sat
OMT_LIA/nec-smt/large/getoption_group/prp-30-50.smt2 : 89279 ms.
--------------------------------------------------
sat
OMT_LIA/nec-smt/large/getoption_group/prp-39-46.smt2 : 26008 ms.
--------------------------------------------------
sat
OMT_LIA/nec-smt/large/getoption_group/prp-34-46.smt2 : 26028 ms.
--------------------------------------------------
sat
OMT_LIA/nec-smt/large/getoption_group/prp-36-47.smt2 : 35979 ms.
--------------------------------------------------
sat
OMT_LIA/nec-smt/large/getoption_group/prp-21-49.smt2 : 63510 ms.
--------------------------------------------------
sat
OMT_LIA/nec-smt/large/getoption_group/prp-9-50.smt2 : 86196 ms.
--------------------------------------------------
sat
OMT_LIA/nec-smt/large/getoption_group/prp-40-50.smt2 : 87370 ms.
--------------------------------------------------
OMT_LIA/nec-smt/large/getoption_group/prp-15-50.smt2 : 1200038 ms.
--------------------------------------------------
sat
OMT_LIA/nec-smt/large/getoption_group/prp-9-47.smt2 : 34869 ms.
--------------------------------------------------
sat
OMT_LIA/nec-smt/large/getoption_group/prp-24-50.smt2 : 86515 ms.
--------------------------------------------------
sat
OMT_LIA/nec-smt/large/getoption_group/prp-8-48.smt2 : 46823 ms.
--------------------------------------------------
sat
OMT_LIA/nec-smt/large/getoption_group/prp-8-50.smt2 : 86984 ms.
--------------------------------------------------
sat
OMT_LIA/nec-smt/large/getoption_group/prp-18-46.smt2 : 24445 ms.
--------------------------------------------------
sat
OMT_LIA/nec-smt/large/getoption_group/prp-28-42.smt2 : 6179 ms.
--------------------------------------------------
sat
OMT_LIA/nec-smt/large/getoption_group/prp-1-50.smt2 : 88217 ms.
--------------------------------------------------
OMT_LIA/nec-smt/large/getoption_group/prp-41-48.smt2 : 1200026 ms.
--------------------------------------------------
sat
OMT_LIA/nec-smt/large/getoption_group/prp-11-47.smt2 : 36174 ms.
--------------------------------------------------
sat
OMT_LIA/nec-smt/large/getoption_group/prp-10-50.smt2 : 90417 ms.
--------------------------------------------------
sat
OMT_LIA/nec-smt/large/getoption_group/prp-19-46.smt2 : 24158 ms.
--------------------------------------------------
sat
OMT_LIA/nec-smt/large/getoption_group/prp-13-48.smt2 : 47525 ms.
--------------------------------------------------
sat
OMT_LIA/nec-smt/large/getoption_group/prp-35-48.smt2 : 48643 ms.
--------------------------------------------------
sat
OMT_LIA/nec-smt/large/getoption_group/prp-61-49.smt2 : 64565 ms.
--------------------------------------------------
sat
OMT_LIA/nec-smt/large/getoption_group/prp-2-48.smt2 : 48819 ms.
--------------------------------------------------
sat
OMT_LIA/nec-smt/large/getoption_group/prp-37-46.smt2 : 24442 ms.
--------------------------------------------------
sat
OMT_LIA/nec-smt/large/getoption_group/prp-9-48.smt2 : 47722 ms.
--------------------------------------------------
sat
OMT_LIA/nec-smt/large/getoption_group/prp-47-50.smt2 : 84175 ms.
--------------------------------------------------
sat
OMT_LIA/nec-smt/large/getoption_group/prp-21-50.smt2 : 89010 ms.
--------------------------------------------------
sat
OMT_LIA/nec-smt/large/getoption_group/prp-23-48.smt2 : 47059 ms.
--------------------------------------------------
sat
OMT_LIA/nec-smt/large/getoption_group/prp-7-49.smt2 : 65153 ms.
--------------------------------------------------
sat
OMT_LIA/nec-smt/large/getoption_group/prp-34-45.smt2 : 16341 ms.
--------------------------------------------------
sat
OMT_LIA/nec-smt/large/getoption_group/prp-38-50.smt2 : 92646 ms.
--------------------------------------------------
sat
OMT_LIA/nec-smt/large/getoption_group/prp-5-46.smt2 : 24016 ms.
--------------------------------------------------
sat
OMT_LIA/nec-smt/large/getoption_group/prp-40-49.smt2 : 67067 ms.
--------------------------------------------------
sat
OMT_LIA/nec-smt/large/getoption_group/prp-13-49.smt2 : 66505 ms.
--------------------------------------------------
sat
OMT_LIA/nec-smt/large/getoption_group/prp-36-45.smt2 : 17096 ms.
--------------------------------------------------
sat
OMT_LIA/nec-smt/large/getoption_group/prp-3-48.smt2 : 50876 ms.
--------------------------------------------------
sat
OMT_LIA/nec-smt/large/getoption_group/prp-18-50.smt2 : 85662 ms.
--------------------------------------------------
sat
OMT_LIA/nec-smt/large/getoption_group/prp-7-47.smt2 : 34614 ms.
--------------------------------------------------
sat
OMT_LIA/nec-smt/large/getoption_group/prp-15-46.smt2 : 24820 ms.
--------------------------------------------------
sat
OMT_LIA/nec-smt/large/getoption_group/prp-12-47.smt2 : 34928 ms.
--------------------------------------------------
sat
OMT_LIA/nec-smt/large/getoption_group/prp-42-50.smt2 : 89748 ms.
--------------------------------------------------
sat
OMT_LIA/nec-smt/large/getoption_group/prp-16-46.smt2 : 25929 ms.
--------------------------------------------------
sat
OMT_LIA/nec-smt/large/getoption_group/prp-35-50.smt2 : 89200 ms.
--------------------------------------------------
sat
OMT_LIA/nec-smt/large/getoption_group/prp-36-46.smt2 : 25933 ms.
--------------------------------------------------
sat
OMT_LIA/nec-smt/large/getoption_group/prp-8-49.smt2 : 63961 ms.
--------------------------------------------------
sat
OMT_LIA/nec-smt/large/getoption_group/prp-46-47.smt2 : 34447 ms.
--------------------------------------------------
sat
OMT_LIA/nec-smt/large/getoption_group/prp-12-50.smt2 : 86441 ms.
--------------------------------------------------
sat
OMT_LIA/nec-smt/large/getoption_group/prp-8-47.smt2 : 34366 ms.
--------------------------------------------------
OMT_LIA/nec-smt/large/getoption_group/prp-47-49.smt2 : 1200029 ms.
--------------------------------------------------
sat
OMT_LIA/nec-smt/large/getoption_group/prp-45-49.smt2 : 65421 ms.
--------------------------------------------------
sat
OMT_LIA/nec-smt/large/getoption_group/prp-31-47.smt2 : 33758 ms.
--------------------------------------------------
sat
OMT_LIA/nec-smt/large/getoption_group/prp-18-48.smt2 : 46176 ms.
--------------------------------------------------
sat
OMT_LIA/nec-smt/large/getoption_group/prp-9-46.smt2 : 24029 ms.
--------------------------------------------------
sat
OMT_LIA/nec-smt/large/getoption_group/prp-14-47.smt2 : 34914 ms.
--------------------------------------------------
sat
OMT_LIA/nec-smt/large/getoption_group/prp-21-46.smt2 : 25626 ms.
--------------------------------------------------
sat
OMT_LIA/nec-smt/large/getoption_group/prp-4-50.smt2 : 88789 ms.
--------------------------------------------------
sat
OMT_LIA/nec-smt/large/getoption_group/prp-34-48.smt2 : 47558 ms.
--------------------------------------------------
sat
OMT_LIA/nec-smt/large/getoption_group/prp-4-47.smt2 : 33037 ms.
--------------------------------------------------
sat
OMT_LIA/nec-smt/large/getoption_group/prp-3-50.smt2 : 90184 ms.
--------------------------------------------------
sat
OMT_LIA/nec-smt/large/getoption_group/prp-39-48.smt2 : 50497 ms.
--------------------------------------------------
sat
OMT_LIA/nec-smt/large/getoption_group/prp-15-49.smt2 : 66417 ms.
--------------------------------------------------
sat
OMT_LIA/nec-smt/large/getoption_group/prp-11-50.smt2 : 89350 ms.
--------------------------------------------------
OMT_LIA/nec-smt/large/getoption_group/prp-19-48.smt2 : 1200028 ms.
--------------------------------------------------
sat
OMT_LIA/nec-smt/large/getoption_group/prp-31-48.smt2 : 45445 ms.
--------------------------------------------------
sat
OMT_LIA/nec-smt/large/getoption_group/prp-18-49.smt2 : 61407 ms.
--------------------------------------------------
sat
OMT_LIA/nec-smt/large/getoption_group/prp-40-48.smt2 : 44670 ms.
--------------------------------------------------
sat
OMT_LIA/nec-smt/large/getoption_group/prp-11-49.smt2 : 60315 ms.
--------------------------------------------------
OMT_LIA/nec-smt/large/getoption_group/prp-10-49.smt2 : 1200032 ms.
--------------------------------------------------
sat
OMT_LIA/nec-smt/large/getoption_group/prp-42-46.smt2 : 23686 ms.
--------------------------------------------------
sat
OMT_LIA/nec-smt/large/getoption_group/prp-12-46.smt2 : 23915 ms.
--------------------------------------------------
sat
OMT_LIA/nec-smt/large/getoption_group/prp-3-49.smt2 : 62523 ms.
--------------------------------------------------
sat
OMT_LIA/nec-smt/large/getoption_group/prp-39-49.smt2 : 60687 ms.
--------------------------------------------------
sat
OMT_LIA/nec-smt/large/getoption_group/prp-31-49.smt2 : 61899 ms.
--------------------------------------------------
sat
OMT_LIA/nec-smt/large/getoption_group/prp-17-49.smt2 : 62247 ms.
--------------------------------------------------
sat
OMT_LIA/nec-smt/large/getoption_group/prp-42-47.smt2 : 33301 ms.
--------------------------------------------------
sat
OMT_LIA/nec-smt/large/getoption_group/prp-2-50.smt2 : 86415 ms.
--------------------------------------------------
sat
OMT_LIA/nec-smt/large/getoption_group/prp-49-50.smt2 : 81060 ms.
--------------------------------------------------
sat
OMT_LIA/nec-smt/large/getoption_group/prp-42-49.smt2 : 61583 ms.
--------------------------------------------------
sat
OMT_LIA/nec-smt/large/getoption_group/prp-20-46.smt2 : 23551 ms.
--------------------------------------------------
sat
OMT_LIA/nec-smt/large/getoption_group/prp-32-48.smt2 : 45694 ms.
--------------------------------------------------
sat
OMT_LIA/nec-smt/large/getoption_group/prp-30-48.smt2 : 46031 ms.
--------------------------------------------------
sat
OMT_LIA/nec-smt/large/getoption_group/prp-4-46.smt2 : 24054 ms.
--------------------------------------------------
sat
OMT_LIA/nec-smt/large/getoption_group/prp-7-48.smt2 : 46719 ms.
--------------------------------------------------
sat
OMT_LIA/nec-smt/large/getoption_group/prp-17-50.smt2 : 85101 ms.
--------------------------------------------------
sat
OMT_LIA/nec-smt/large/getoption_group/prp-33-48.smt2 : 46750 ms.
--------------------------------------------------
sat
OMT_LIA/nec-smt/large/getoption_group/prp-30-49.smt2 : 64574 ms.
--------------------------------------------------
sat
OMT_LIA/nec-smt/large/getoption_group/prp-5-50.smt2 : 84452 ms.
--------------------------------------------------
OMT_LIA/nec-smt/large/getoption_group/prp-14-48.smt2 : 1200028 ms.
--------------------------------------------------
sat
OMT_LIA/nec-smt/large/getoption_group/prp-13-47.smt2 : 33765 ms.
--------------------------------------------------
sat
OMT_LIA/nec-smt/large/getoption_group/prp-6-49.smt2 : 62272 ms.
--------------------------------------------------
sat
OMT_LIA/nec-smt/large/getoption_group/prp-31-46.smt2 : 23678 ms.
--------------------------------------------------
OMT_LIA/nec-smt/large/getoption_group/prp-14-50.smt2 : 1200033 ms.
--------------------------------------------------
sat
OMT_LIA/nec-smt/large/getoption_group/prp-9-49.smt2 : 60908 ms.
--------------------------------------------------
sat
OMT_LIA/nec-smt/large/getoption_group/prp-46-49.smt2 : 62801 ms.
--------------------------------------------------
sat
OMT_LIA/nec-smt/large/getoption_group/prp-10-47.smt2 : 32201 ms.
--------------------------------------------------
sat
OMT_LIA/nec-smt/large/getoption_group/prp-27-46.smt2 : 23178 ms.
--------------------------------------------------
sat
OMT_LIA/nec-smt/large/getoption_group/prp-5-49.smt2 : 59663 ms.
--------------------------------------------------
sat
OMT_LIA/nec-smt/large/getoption_group/prp-20-49.smt2 : 63428 ms.
--------------------------------------------------
sat
OMT_LIA/nec-smt/large/getoption_group/prp-5-47.smt2 : 33379 ms.
--------------------------------------------------
sat
OMT_LIA/nec-smt/large/getoption_group/prp-11-46.smt2 : 24059 ms.
--------------------------------------------------
sat
OMT_LIA/nec-smt/large/getoption_group/prp-34-47.smt2 : 35437 ms.
--------------------------------------------------
sat
OMT_LIA/nec-smt/large/getoption_group/prp-20-48.smt2 : 47701 ms.
--------------------------------------------------
sat
OMT_LIA/nec-smt/large/getoption_group/prp-14-49.smt2 : 63629 ms.
--------------------------------------------------
sat
OMT_LIA/nec-smt/large/getoption_group/prp-35-47.smt2 : 32227 ms.
--------------------------------------------------
sat
OMT_LIA/nec-smt/large/getoption_group/prp-16-50.smt2 : 83079 ms.
--------------------------------------------------
sat
OMT_LIA/nec-smt/large/getoption_group/prp-29-43.smt2 : 8725 ms.
--------------------------------------------------
sat
OMT_LIA/nec-smt/large/getoption_group/prp-20-47.smt2 : 33411 ms.
--------------------------------------------------
sat
OMT_LIA/nec-smt/large/getoption_group/prp-2-46.smt2 : 24278 ms.
--------------------------------------------------
sat
OMT_LIA/nec-smt/large/getoption_group/prp-48-50.smt2 : 80425 ms.
--------------------------------------------------
sat
OMT_LIA/nec-smt/large/getoption_group/prp-2-49.smt2 : 61906 ms.
--------------------------------------------------
sat
OMT_LIA/nec-smt/large/getoption_group/prp-22-49.smt2 : 63437 ms.
--------------------------------------------------
sat
OMT_LIA/nec-smt/large/getoption_group/prp-32-49.smt2 : 63264 ms.
--------------------------------------------------
sat
OMT_LIA/nec-smt/large/getoption_group/prp-16-47.smt2 : 34514 ms.
--------------------------------------------------
sat
OMT_LIA/nec-smt/large/getoption_group/prp-61-50.smt2 : 87629 ms.
--------------------------------------------------
sat
OMT_LIA/nec-smt/large/getoption_group/prp-2-47.smt2 : 34475 ms.
--------------------------------------------------
sat
OMT_LIA/nec-smt/large/getoption_group/prp-11-48.smt2 : 46483 ms.
--------------------------------------------------
sat
OMT_LIA/nec-smt/large/getoption_group/prp-31-50.smt2 : 85267 ms.
--------------------------------------------------
sat
OMT_LIA/nec-smt/large/getoption_group/prp-41-49.smt2 : 60161 ms.
--------------------------------------------------
sat
OMT_LIA/nec-smt/large/getoption_group/prp-3-46.smt2 : 22977 ms.
--------------------------------------------------
sat
OMT_LIA/nec-smt/large/getoption_group/prp-15-48.smt2 : 43676 ms.
--------------------------------------------------
sat
OMT_LIA/nec-smt/large/getoption_group/prp-34-49.smt2 : 57454 ms.
--------------------------------------------------
sat
OMT_LIA/nec-smt/large/getoption_group/prp-16-49.smt2 : 58757 ms.
--------------------------------------------------
sat
OMT_LIA/nec-smt/large/getoption_group/prp-40-47.smt2 : 35137 ms.
--------------------------------------------------
sat
OMT_LIA/nec-smt/large/getoption_group/prp-5-48.smt2 : 44009 ms.
--------------------------------------------------
sat
OMT_LIA/nec-smt/large/getoption_group/prp-12-48.smt2 : 45301 ms.
--------------------------------------------------
sat
OMT_LIA/nec-smt/large/getoption_group/prp-37-50.smt2 : 85239 ms.
--------------------------------------------------
sat
OMT_LIA/nec-smt/large/getoption_group/prp-48-48.smt2 : 45318 ms.
--------------------------------------------------
sat
OMT_LIA/nec-smt/large/getoption_group/prp-30-47.smt2 : 30838 ms.
--------------------------------------------------
sat
OMT_LIA/nec-smt/large/getoption_group/prp-45-50.smt2 : 78932 ms.
--------------------------------------------------
sat
OMT_LIA/nec-smt/large/getoption_group/prp-37-47.smt2 : 31877 ms.
--------------------------------------------------
sat
OMT_LIA/nec-smt/large/getoption_group/prp-33-49.smt2 : 60215 ms.
--------------------------------------------------
sat
OMT_LIA/nec-smt/large/getoption_group/prp-21-48.smt2 : 44676 ms.
--------------------------------------------------
sat
OMT_LIA/nec-smt/large/getoption_group/prp-48-49.smt2 : 61765 ms.
--------------------------------------------------
sat
OMT_LIA/nec-smt/large/getoption_group/prp-7-50.smt2 : 85168 ms.
--------------------------------------------------
sat
OMT_LIA/nec-smt/large/getoption_group/prp-6-47.smt2 : 33301 ms.
--------------------------------------------------
sat
OMT_LIA/nec-smt/large/getoption_group/prp-28-43.smt2 : 8857 ms.
--------------------------------------------------
sat
OMT_LIA/nec-smt/large/getoption_group/prp-23-47.smt2 : 32859 ms.
--------------------------------------------------
sat
OMT_LIA/nec-smt/large/getoption_group/prp-14-46.smt2 : 24643 ms.
--------------------------------------------------
sat
OMT_LIA/nec-smt/large/getoption_group/prp-20-50.smt2 : 83076 ms.
--------------------------------------------------
sat
OMT_LIA/nec-smt/large/getoption_group/prp-29-42.smt2 : 5995 ms.
--------------------------------------------------
sat
OMT_LIA/nec-smt/large/getoption_group/prp-19-47.smt2 : 32762 ms.
--------------------------------------------------
sat
OMT_LIA/nec-smt/large/getoption_group/prp-37-49.smt2 : 60895 ms.
--------------------------------------------------
sat
OMT_LIA/nec-smt/large/getoption_group/prp-32-47.smt2 : 32231 ms.
--------------------------------------------------
sat
OMT_LIA/nec-smt/large/getoption_group/prp-15-47.smt2 : 32060 ms.
--------------------------------------------------
sat
OMT_LIA/nec-smt/large/getoption_group/prp-36-49.smt2 : 62236 ms.
--------------------------------------------------
sat
OMT_LIA/nec-smt/large/getoption_group/prp-4-48.smt2 : 47349 ms.
--------------------------------------------------
sat
OMT_LIA/nec-smt/large/getoption_group/prp-24-48.smt2 : 46727 ms.
--------------------------------------------------
sat
OMT_LIA/nec-smt/large/getoption_group/prp-21-47.smt2 : 33107 ms.
--------------------------------------------------
sat
OMT_LIA/nec-smt/large/getoption_group/prp-24-47.smt2 : 32946 ms.
--------------------------------------------------
OMT_LIA/nec-smt/large/getoption_directories/prp-1-109.smt2 : 1200069 ms.
--------------------------------------------------
sat
OMT_LIA/nec-smt/large/getoption_directories/prp-8-46.smt2 : 82771 ms.
--------------------------------------------------
OMT_LIA/nec-smt/large/getoption_directories/prp-4-110.smt2 : 1200090 ms.
--------------------------------------------------
sat
OMT_LIA/nec-smt/large/getoption_directories/prp-9-50.smt2 : 149468 ms.
