--------------------------------------------------
unsat
QF_NRA/hycomp/etcs_braking_2.01.qfree_global_2.smt2 : 131 ms.
--------------------------------------------------
unsat
QF_NRA/hycomp/etcs_braking_2.01.qfree_global_3.smt2 : 151 ms.
--------------------------------------------------
unsat
QF_NRA/hycomp/etcs_braking_2.01.qfree_global_4.smt2 : 122 ms.
--------------------------------------------------
unsat
QF_NRA/hycomp/etcs_braking_2.01.qfree_global_5.smt2 : 1097 ms.
--------------------------------------------------
unsat
QF_NRA/hycomp/etcs_braking_2.01.qfree_global_6.smt2 : 147 ms.
--------------------------------------------------
unsat
QF_NRA/hycomp/etcs_braking_2.01.qfree_global_7.smt2 : 1084 ms.
--------------------------------------------------
unsat
QF_NRA/hycomp/etcs_braking_2.01.qfree_global_8.smt2 : 245 ms.
--------------------------------------------------
unsat
QF_NRA/hycomp/etcs_braking_2.01.qfree_global_9.smt2 : 329 ms.
--------------------------------------------------
unsat
QF_NRA/hycomp/etcs_braking_2.01.redlog_global_0.smt2 : 67 ms.
--------------------------------------------------
unsat
QF_NRA/hycomp/etcs_braking_2.01.redlog_global_10.smt2 : 304 ms.
--------------------------------------------------
unsat
QF_NRA/hycomp/etcs_braking_2.01.redlog_global_11.smt2 : 1037 ms.
--------------------------------------------------
unsat
QF_NRA/hycomp/etcs_braking_2.01.redlog_global_12.smt2 : 503 ms.
--------------------------------------------------
unsat
QF_NRA/hycomp/etcs_braking_2.01.redlog_global_13.smt2 : 1529 ms.
--------------------------------------------------
unsat
QF_NRA/hycomp/etcs_braking_2.01.redlog_global_14.smt2 : 679 ms.
--------------------------------------------------
unsat
QF_NRA/hycomp/etcs_braking_2.01.redlog_global_15.smt2 : 1483 ms.
--------------------------------------------------
unsat
QF_NRA/hycomp/etcs_braking_2.01.redlog_global_1.smt2 : 85 ms.
--------------------------------------------------
unsat
QF_NRA/hycomp/etcs_braking_2.01.redlog_global_2.smt2 : 78 ms.
--------------------------------------------------
unsat
QF_NRA/hycomp/etcs_braking_2.01.redlog_global_3.smt2 : 375 ms.
--------------------------------------------------
unsat
QF_NRA/hycomp/etcs_braking_2.01.redlog_global_4.smt2 : 126 ms.
--------------------------------------------------
unsat
QF_NRA/hycomp/etcs_braking_2.01.redlog_global_5.smt2 : 202 ms.
--------------------------------------------------
unsat
QF_NRA/hycomp/etcs_braking_2.01.redlog_global_6.smt2 : 157 ms.
--------------------------------------------------
QF_NRA/hycomp/etcs_braking_2.01.redlog_global_7.smt2 : 1800043 ms.
--------------------------------------------------
unsat
QF_NRA/hycomp/etcs_braking_2.01.redlog_global_8.smt2 : 3598 ms.
--------------------------------------------------
QF_NRA/hycomp/etcs_braking_2.01.redlog_global_9.smt2 : 1800058 ms.
--------------------------------------------------
unsat
QF_NRA/hycomp/etcs_braking_2.01.seq_lazy_global_0.smt2 : 36 ms.
--------------------------------------------------
unsat
QF_NRA/hycomp/etcs_braking_2.01.seq_lazy_global_10.smt2 : 373 ms.
--------------------------------------------------
unsat
QF_NRA/hycomp/etcs_braking_2.01.seq_lazy_global_11.smt2 : 6769 ms.
--------------------------------------------------
unsat
QF_NRA/hycomp/etcs_braking_2.01.seq_lazy_global_12.smt2 : 430 ms.
--------------------------------------------------
QF_NRA/hycomp/etcs_braking_2.01.seq_lazy_global_13.smt2 : 1800075 ms.
--------------------------------------------------
unsat
QF_NRA/hycomp/etcs_braking_2.01.seq_lazy_global_14.smt2 : 751 ms.
--------------------------------------------------
QF_NRA/hycomp/etcs_braking_2.01.seq_lazy_global_15.smt2 : 1800028 ms.
--------------------------------------------------
unsat
QF_NRA/hycomp/etcs_braking_2.01.seq_lazy_global_1.smt2 : 53 ms.
--------------------------------------------------
unsat
QF_NRA/hycomp/etcs_braking_2.01.seq_lazy_global_2.smt2 : 65 ms.
--------------------------------------------------
unsat
QF_NRA/hycomp/etcs_braking_2.01.seq_lazy_global_3.smt2 : 106 ms.
--------------------------------------------------
unsat
QF_NRA/hycomp/etcs_braking_2.01.seq_lazy_global_4.smt2 : 94 ms.
--------------------------------------------------
unsat
QF_NRA/hycomp/etcs_braking_2.01.seq_lazy_global_5.smt2 : 150 ms.
--------------------------------------------------
unsat
QF_NRA/hycomp/etcs_braking_2.01.seq_lazy_global_6.smt2 : 146 ms.
--------------------------------------------------
unsat
QF_NRA/hycomp/etcs_braking_2.01.seq_lazy_global_7.smt2 : 596 ms.
--------------------------------------------------
unsat
QF_NRA/hycomp/etcs_braking_2.01.seq_lazy_global_8.smt2 : 207 ms.
--------------------------------------------------
QF_NRA/hycomp/etcs_braking_2.01.seq_lazy_global_9.smt2 : 1800071 ms.
--------------------------------------------------
unsat
QF_NRA/hycomp/etcs_braking_2.01.seq_lazy_lemmas_global_0.smt2 : 43 ms.
--------------------------------------------------
unsat
QF_NRA/hycomp/etcs_braking_2.01.seq_lazy_lemmas_global_10.smt2 : 335 ms.
--------------------------------------------------
unsat
QF_NRA/hycomp/etcs_braking_2.01.seq_lazy_lemmas_global_11.smt2 : 527 ms.
--------------------------------------------------
unsat
QF_NRA/hycomp/etcs_braking_2.01.seq_lazy_lemmas_global_12.smt2 : 455 ms.
--------------------------------------------------
unsat
QF_NRA/hycomp/etcs_braking_2.01.seq_lazy_lemmas_global_13.smt2 : 819 ms.
--------------------------------------------------
unsat
QF_NRA/hycomp/etcs_braking_2.01.seq_lazy_lemmas_global_14.smt2 : 799 ms.
--------------------------------------------------
unsat
QF_NRA/hycomp/etcs_braking_2.01.seq_lazy_lemmas_global_15.smt2 : 19109 ms.
--------------------------------------------------
unsat
QF_NRA/hycomp/etcs_braking_2.01.seq_lazy_lemmas_global_1.smt2 : 61 ms.
--------------------------------------------------
unsat
QF_NRA/hycomp/etcs_braking_2.01.seq_lazy_lemmas_global_2.smt2 : 76 ms.
--------------------------------------------------
unsat
QF_NRA/hycomp/etcs_braking_2.01.seq_lazy_lemmas_global_3.smt2 : 129 ms.
--------------------------------------------------
unsat
QF_NRA/hycomp/etcs_braking_2.01.seq_lazy_lemmas_global_4.smt2 : 124 ms.
--------------------------------------------------
unsat
QF_NRA/hycomp/etcs_braking_2.01.seq_lazy_lemmas_global_5.smt2 : 128 ms.
--------------------------------------------------
unsat
QF_NRA/hycomp/etcs_braking_2.01.seq_lazy_lemmas_global_6.smt2 : 164 ms.
--------------------------------------------------
QF_NRA/hycomp/etcs_braking_2.01.seq_lazy_lemmas_global_7.smt2 : 1800063 ms.
--------------------------------------------------
unsat
QF_NRA/hycomp/etcs_braking_2.01.seq_lazy_lemmas_global_8.smt2 : 209 ms.
--------------------------------------------------
unsat
QF_NRA/hycomp/etcs_braking_2.01.seq_lazy_lemmas_global_9.smt2 : 386 ms.
--------------------------------------------------
unsat
QF_NRA/hycomp/etcs_braking_2.01.seq_lazy_linear_enc_global_0.smt2 : 47 ms.
--------------------------------------------------
unsat
QF_NRA/hycomp/etcs_braking_2.01.seq_lazy_linear_enc_global_10.smt2 : 230 ms.
--------------------------------------------------
unsat
QF_NRA/hycomp/etcs_braking_2.01.seq_lazy_linear_enc_global_11.smt2 : 686 ms.
--------------------------------------------------
unsat
QF_NRA/hycomp/etcs_braking_2.01.seq_lazy_linear_enc_global_12.smt2 : 180 ms.
--------------------------------------------------
QF_NRA/hycomp/etcs_braking_2.01.seq_lazy_linear_enc_global_13.smt2 : 1800037 ms.
--------------------------------------------------
unsat
QF_NRA/hycomp/etcs_braking_2.01.seq_lazy_linear_enc_global_14.smt2 : 2946 ms.
--------------------------------------------------
QF_NRA/hycomp/etcs_braking_2.01.seq_lazy_linear_enc_global_15.smt2 : 1800058 ms.
--------------------------------------------------
unsat
QF_NRA/hycomp/etcs_braking_2.01.seq_lazy_linear_enc_global_1.smt2 : 59 ms.
--------------------------------------------------
unsat
QF_NRA/hycomp/etcs_braking_2.01.seq_lazy_linear_enc_global_2.smt2 : 61 ms.
--------------------------------------------------
unsat
QF_NRA/hycomp/etcs_braking_2.01.seq_lazy_linear_enc_global_3.smt2 : 113 ms.
--------------------------------------------------
unsat
QF_NRA/hycomp/etcs_braking_2.01.seq_lazy_linear_enc_global_4.smt2 : 90 ms.
--------------------------------------------------
unsat
QF_NRA/hycomp/etcs_braking_2.01.seq_lazy_linear_enc_global_5.smt2 : 150 ms.
--------------------------------------------------
unsat
QF_NRA/hycomp/etcs_braking_2.01.seq_lazy_linear_enc_global_6.smt2 : 129 ms.
--------------------------------------------------
QF_NRA/hycomp/etcs_braking_2.01.seq_lazy_linear_enc_global_7.smt2 : 1800270 ms.
--------------------------------------------------
unsat
QF_NRA/hycomp/etcs_braking_2.01.seq_lazy_linear_enc_global_8.smt2 : 146 ms.
--------------------------------------------------
unsat
QF_NRA/hycomp/etcs_braking_2.01.seq_lazy_linear_enc_global_9.smt2 : 314 ms.
--------------------------------------------------
unsat
QF_NRA/hycomp/etcs_braking_2.01.seq_lazy_linear_enc_lemmas_global_0.smt2 : 63 ms.
--------------------------------------------------
unsat
QF_NRA/hycomp/etcs_braking_2.01.seq_lazy_linear_enc_lemmas_global_10.smt2 : 294 ms.
--------------------------------------------------
QF_NRA/hycomp/etcs_braking_2.01.seq_lazy_linear_enc_lemmas_global_11.smt2 : 1800014 ms.
--------------------------------------------------
unsat
QF_NRA/hycomp/etcs_braking_2.01.seq_lazy_linear_enc_lemmas_global_12.smt2 : 609 ms.
--------------------------------------------------
QF_NRA/hycomp/etcs_braking_2.01.seq_lazy_linear_enc_lemmas_global_13.smt2 : 1800238 ms.
--------------------------------------------------
unsat
QF_NRA/hycomp/etcs_braking_2.01.seq_lazy_linear_enc_lemmas_global_14.smt2 : 1424 ms.
--------------------------------------------------
QF_NRA/hycomp/etcs_braking_2.01.seq_lazy_linear_enc_lemmas_global_15.smt2 : 1800176 ms.
--------------------------------------------------
unsat
QF_NRA/hycomp/etcs_braking_2.01.seq_lazy_linear_enc_lemmas_global_1.smt2 : 101 ms.
--------------------------------------------------
unsat
QF_NRA/hycomp/etcs_braking_2.01.seq_lazy_linear_enc_lemmas_global_2.smt2 : 108 ms.
--------------------------------------------------
unsat
QF_NRA/hycomp/etcs_braking_2.01.seq_lazy_linear_enc_lemmas_global_3.smt2 : 141 ms.
--------------------------------------------------
unsat
QF_NRA/hycomp/etcs_braking_2.01.seq_lazy_linear_enc_lemmas_global_4.smt2 : 123 ms.
--------------------------------------------------
unsat
QF_NRA/hycomp/etcs_braking_2.01.seq_lazy_linear_enc_lemmas_global_5.smt2 : 116 ms.
--------------------------------------------------
unsat
QF_NRA/hycomp/etcs_braking_2.01.seq_lazy_linear_enc_lemmas_global_6.smt2 : 117 ms.
--------------------------------------------------
QF_NRA/hycomp/etcs_braking_2.01.seq_lazy_linear_enc_lemmas_global_7.smt2 : 1800108 ms.
--------------------------------------------------
unsat
QF_NRA/hycomp/etcs_braking_2.01.seq_lazy_linear_enc_lemmas_global_8.smt2 : 224 ms.
--------------------------------------------------
unsat
QF_NRA/hycomp/etcs_braking_2.01.seq_lazy_linear_enc_lemmas_global_9.smt2 : 369 ms.
--------------------------------------------------
unsat
QF_NRA/hycomp/simple_ballistics_reach.01.seq_lazy_global_0.smt2 : 38 ms.
--------------------------------------------------
unsat
QF_NRA/hycomp/simple_ballistics_reach.01.seq_lazy_global_10.smt2 : 63 ms.
--------------------------------------------------
QF_NRA/hycomp/simple_ballistics_reach.01.seq_lazy_global_11.smt2 : 1800068 ms.
--------------------------------------------------
unsat
QF_NRA/hycomp/simple_ballistics_reach.01.seq_lazy_global_12.smt2 : 71 ms.
--------------------------------------------------
QF_NRA/hycomp/simple_ballistics_reach.01.seq_lazy_global_13.smt2 : 1800039 ms.
--------------------------------------------------
unsat
QF_NRA/hycomp/simple_ballistics_reach.01.seq_lazy_global_14.smt2 : 81 ms.
--------------------------------------------------
QF_NRA/hycomp/simple_ballistics_reach.01.seq_lazy_global_15.smt2 : 1800014 ms.
--------------------------------------------------
unsat
QF_NRA/hycomp/simple_ballistics_reach.01.seq_lazy_global_1.smt2 : 191 ms.
--------------------------------------------------
unsat
QF_NRA/hycomp/simple_ballistics_reach.01.seq_lazy_global_2.smt2 : 46 ms.
--------------------------------------------------
QF_NRA/hycomp/simple_ballistics_reach.01.seq_lazy_global_3.smt2 : 1800018 ms.
--------------------------------------------------
unsat
QF_NRA/hycomp/simple_ballistics_reach.01.seq_lazy_global_4.smt2 : 54 ms.
--------------------------------------------------
QF_NRA/hycomp/simple_ballistics_reach.01.seq_lazy_global_5.smt2 : 1800020 ms.
--------------------------------------------------
unsat
QF_NRA/hycomp/simple_ballistics_reach.01.seq_lazy_global_6.smt2 : 62 ms.
--------------------------------------------------
QF_NRA/hycomp/simple_ballistics_reach.01.seq_lazy_global_7.smt2 : 1800016 ms.
--------------------------------------------------
unsat
QF_NRA/hycomp/simple_ballistics_reach.01.seq_lazy_global_8.smt2 : 61 ms.
--------------------------------------------------
QF_NRA/hycomp/simple_ballistics_reach.01.seq_lazy_global_9.smt2 : 1800031 ms.
--------------------------------------------------
unsat
QF_NRA/hycomp/simple_ballistics_reach.01.seq_lazy_lemmas_global_0.smt2 : 48 ms.
--------------------------------------------------
unsat
QF_NRA/hycomp/simple_ballistics_reach.01.seq_lazy_lemmas_global_10.smt2 : 78 ms.
--------------------------------------------------
QF_NRA/hycomp/simple_ballistics_reach.01.seq_lazy_lemmas_global_11.smt2 : 1800057 ms.
--------------------------------------------------
unsat
QF_NRA/hycomp/simple_ballistics_reach.01.seq_lazy_lemmas_global_12.smt2 : 90 ms.
--------------------------------------------------
QF_NRA/hycomp/simple_ballistics_reach.01.seq_lazy_lemmas_global_13.smt2 : 1800018 ms.
--------------------------------------------------
unsat
QF_NRA/hycomp/simple_ballistics_reach.01.seq_lazy_lemmas_global_14.smt2 : 95 ms.
--------------------------------------------------
QF_NRA/hycomp/simple_ballistics_reach.01.seq_lazy_lemmas_global_15.smt2 : 1800105 ms.
--------------------------------------------------
QF_NRA/hycomp/simple_ballistics_reach.01.seq_lazy_lemmas_global_1.smt2 : 1800023 ms.
--------------------------------------------------
unsat
QF_NRA/hycomp/simple_ballistics_reach.01.seq_lazy_lemmas_global_2.smt2 : 54 ms.
--------------------------------------------------
QF_NRA/hycomp/simple_ballistics_reach.01.seq_lazy_lemmas_global_3.smt2 : 1800019 ms.
--------------------------------------------------
unsat
QF_NRA/hycomp/simple_ballistics_reach.01.seq_lazy_lemmas_global_4.smt2 : 73 ms.
--------------------------------------------------
QF_NRA/hycomp/simple_ballistics_reach.01.seq_lazy_lemmas_global_5.smt2 : 1800023 ms.
--------------------------------------------------
unsat
QF_NRA/hycomp/simple_ballistics_reach.01.seq_lazy_lemmas_global_6.smt2 : 82 ms.
--------------------------------------------------
QF_NRA/hycomp/simple_ballistics_reach.01.seq_lazy_lemmas_global_7.smt2 : 1800022 ms.
--------------------------------------------------
unsat
QF_NRA/hycomp/simple_ballistics_reach.01.seq_lazy_lemmas_global_8.smt2 : 79 ms.
--------------------------------------------------
QF_NRA/hycomp/simple_ballistics_reach.01.seq_lazy_lemmas_global_9.smt2 : 1800021 ms.
--------------------------------------------------
unsat
QF_NRA/hycomp/simple_ballistics_reach.01.seq_lazy_linear_enc_global_0.smt2 : 49 ms.
--------------------------------------------------
unsat
QF_NRA/hycomp/simple_ballistics_reach.01.seq_lazy_linear_enc_global_10.smt2 : 69 ms.
--------------------------------------------------
QF_NRA/hycomp/simple_ballistics_reach.01.seq_lazy_linear_enc_global_11.smt2 : 1800021 ms.
--------------------------------------------------
unsat
QF_NRA/hycomp/simple_ballistics_reach.01.seq_lazy_linear_enc_global_12.smt2 : 78 ms.
--------------------------------------------------
QF_NRA/hycomp/simple_ballistics_reach.01.seq_lazy_linear_enc_global_13.smt2 : 1800080 ms.
--------------------------------------------------
unsat
QF_NRA/hycomp/simple_ballistics_reach.01.seq_lazy_linear_enc_global_14.smt2 : 78 ms.
--------------------------------------------------
QF_NRA/hycomp/simple_ballistics_reach.01.seq_lazy_linear_enc_global_15.smt2 : 1800022 ms.
--------------------------------------------------
unsat
QF_NRA/hycomp/simple_ballistics_reach.01.seq_lazy_linear_enc_global_1.smt2 : 107 ms.
--------------------------------------------------
unsat
QF_NRA/hycomp/simple_ballistics_reach.01.seq_lazy_linear_enc_global_2.smt2 : 42 ms.
--------------------------------------------------
QF_NRA/hycomp/simple_ballistics_reach.01.seq_lazy_linear_enc_global_3.smt2 : 1800045 ms.
--------------------------------------------------
unsat
QF_NRA/hycomp/simple_ballistics_reach.01.seq_lazy_linear_enc_global_4.smt2 : 58 ms.
--------------------------------------------------
QF_NRA/hycomp/simple_ballistics_reach.01.seq_lazy_linear_enc_global_5.smt2 : 1800023 ms.
--------------------------------------------------
unsat
QF_NRA/hycomp/simple_ballistics_reach.01.seq_lazy_linear_enc_global_6.smt2 : 67 ms.
--------------------------------------------------
QF_NRA/hycomp/simple_ballistics_reach.01.seq_lazy_linear_enc_global_7.smt2 : 1800056 ms.
--------------------------------------------------
unsat
QF_NRA/hycomp/simple_ballistics_reach.01.seq_lazy_linear_enc_global_8.smt2 : 84 ms.
--------------------------------------------------
QF_NRA/hycomp/simple_ballistics_reach.01.seq_lazy_linear_enc_global_9.smt2 : 1800032 ms.
--------------------------------------------------
unsat
QF_NRA/hycomp/simple_ballistics_reach.01.seq_lazy_linear_enc_lemmas_global_0.smt2 : 50 ms.
--------------------------------------------------
unsat
QF_NRA/hycomp/simple_ballistics_reach.01.seq_lazy_linear_enc_lemmas_global_10.smt2 : 77 ms.
--------------------------------------------------
QF_NRA/hycomp/simple_ballistics_reach.01.seq_lazy_linear_enc_lemmas_global_11.smt2 : 1800021 ms.
--------------------------------------------------
unsat
QF_NRA/hycomp/simple_ballistics_reach.01.seq_lazy_linear_enc_lemmas_global_12.smt2 : 79 ms.
--------------------------------------------------
QF_NRA/hycomp/simple_ballistics_reach.01.seq_lazy_linear_enc_lemmas_global_13.smt2 : 1800024 ms.
--------------------------------------------------
unsat
QF_NRA/hycomp/simple_ballistics_reach.01.seq_lazy_linear_enc_lemmas_global_14.smt2 : 92 ms.
--------------------------------------------------
QF_NRA/hycomp/simple_ballistics_reach.01.seq_lazy_linear_enc_lemmas_global_15.smt2 : 1800026 ms.
--------------------------------------------------
QF_NRA/hycomp/simple_ballistics_reach.01.seq_lazy_linear_enc_lemmas_global_1.smt2 : 1800026 ms.
--------------------------------------------------
unsat
QF_NRA/hycomp/simple_ballistics_reach.01.seq_lazy_linear_enc_lemmas_global_2.smt2 : 42 ms.
--------------------------------------------------
QF_NRA/hycomp/simple_ballistics_reach.01.seq_lazy_linear_enc_lemmas_global_3.smt2 : 1800018 ms.
--------------------------------------------------
unsat
QF_NRA/hycomp/simple_ballistics_reach.01.seq_lazy_linear_enc_lemmas_global_4.smt2 : 47 ms.
--------------------------------------------------
QF_NRA/hycomp/simple_ballistics_reach.01.seq_lazy_linear_enc_lemmas_global_5.smt2 : 1800027 ms.
--------------------------------------------------
unsat
QF_NRA/hycomp/simple_ballistics_reach.01.seq_lazy_linear_enc_lemmas_global_6.smt2 : 276 ms.
--------------------------------------------------
QF_NRA/hycomp/simple_ballistics_reach.01.seq_lazy_linear_enc_lemmas_global_7.smt2 : 1800046 ms.
--------------------------------------------------
unsat
QF_NRA/hycomp/simple_ballistics_reach.01.seq_lazy_linear_enc_lemmas_global_8.smt2 : 57 ms.
--------------------------------------------------
QF_NRA/hycomp/simple_ballistics_reach.01.seq_lazy_linear_enc_lemmas_global_9.smt2 : 1800016 ms.
