--------------------------------------------------
unsat
QF_NRA/LassoRanker/Ultimate/SyntaxSupportDisjunction4.bpl_Iteration1_Loop_3-pieceTemplate.smt2 : 5801 ms.
--------------------------------------------------
QF_NRA/LassoRanker/Ultimate/SyntaxSupportDisjunction4.bpl_Iteration1_Loop_4-pieceTemplate.smt2 : 1800015 ms.
--------------------------------------------------
sat
QF_NRA/LassoRanker/Ultimate/SyntaxSupportDivision1.bpl_Iteration1_Lasso_2-pieceTemplate.smt2 : 539217 ms.
--------------------------------------------------
QF_NRA/LassoRanker/Ultimate/SyntaxSupportDivision1.bpl_Iteration1_Lasso_3-pieceTemplate.smt2 : 1800023 ms.
--------------------------------------------------
sat
QF_NRA/LassoRanker/Ultimate/SyntaxSupportDivision1.bpl_Iteration1_Lasso_4-lexTemplate.smt2 : 220658 ms.
--------------------------------------------------
QF_NRA/LassoRanker/Ultimate/SyntaxSupportDivision1.bpl_Iteration1_Lasso_4-pieceTemplate.smt2 : 1800030 ms.
--------------------------------------------------
QF_NRA/LassoRanker/Ultimate/SyntaxSupportDivision1.bpl_Iteration1_Lasso_5-phaseTemplate.smt2 : 1800053 ms.
--------------------------------------------------
sat
QF_NRA/LassoRanker/Ultimate/SyntaxSupportDivision1.bpl_Iteration1_Lasso_6-nestedTemplate.smt2 : 147195 ms.
--------------------------------------------------
QF_NRA/LassoRanker/Ultimate/SyntaxSupportDivision1.bpl_Iteration1_Lasso_6-phaseTemplate.smt2 : 1800145 ms.
--------------------------------------------------
sat
QF_NRA/LassoRanker/Ultimate/SyntaxSupportDivision1.bpl_Iteration1_Lasso_7-nestedTemplate.smt2 : 202491 ms.
--------------------------------------------------
QF_NRA/LassoRanker/Ultimate/SyntaxSupportDivision1.bpl_Iteration1_Lasso_7-phaseTemplate.smt2 : 1800163 ms.
--------------------------------------------------
QF_NRA/LassoRanker/Ultimate/TelAviv-AmirMinimum.bpl_Iteration1_Loop_3-pieceTemplate.smt2 : 1800022 ms.
--------------------------------------------------
QF_NRA/LassoRanker/Ultimate/TelAviv-AmirMinimum.bpl_Iteration1_Loop_4-pieceTemplate.smt2 : 1800019 ms.
--------------------------------------------------
unsat
QF_NRA/LassoRanker/Ultimate/Thun.bpl_Iteration1_Loop_3-pieceTemplate.smt2 : 32892 ms.
--------------------------------------------------
unsat
QF_NRA/LassoRanker/Ultimate/Thun.bpl_Iteration1_Loop_4-pieceTemplate.smt2 : 207549 ms.
--------------------------------------------------
QF_NRA/LassoRanker/Ultimate/ThunPower2.bpl_Iteration1_Loop_4-pieceTemplate.smt2 : 1800015 ms.
--------------------------------------------------
QF_NRA/LassoRanker/Ultimate/TwoPhase.bpl_Iteration1_Loop_3-pieceTemplate.smt2 : 1800090 ms.
--------------------------------------------------
unsat
QF_NRA/LassoRanker/Ultimate/TwoPhase.bpl_Iteration1_Loop_4-pieceTemplate.smt2 : 260480 ms.
--------------------------------------------------
sat
QF_NRA/LassoRanker/Ultimate/Wellington.bpl_Iteration1_Loop_4-pieceTemplate.smt2 : 2753 ms.
--------------------------------------------------
unsat
QF_NRA/LassoRanker/Ultimate/yPositive-MixedIntReal.bpl_Iteration1_Loop_3-pieceTemplate.smt2 : 37031 ms.
--------------------------------------------------
QF_NRA/LassoRanker/Ultimate/yPositive-MixedIntReal.bpl_Iteration1_Loop_4-pieceTemplate.smt2 : 1800025 ms.
--------------------------------------------------
QF_NRA/LassoRanker/Ultimate/yPositive-SIscaled100.bpl_Iteration1_Loop_2-pieceTemplate.smt2 : 1800152 ms.
--------------------------------------------------
QF_NRA/LassoRanker/Ultimate/yPositive-SIscaled100.bpl_Iteration1_Loop_3-pieceTemplate.smt2 : 1800022 ms.
--------------------------------------------------
sat
QF_NRA/LassoRanker/Ultimate/yPositive-SIscaled100.bpl_Iteration1_Loop_4-phaseTemplate.smt2 : 695246 ms.
--------------------------------------------------
QF_NRA/LassoRanker/Ultimate/yPositive-SIscaled100.bpl_Iteration1_Loop_4-pieceTemplate.smt2 : 1800137 ms.
--------------------------------------------------
QF_NRA/LassoRanker/Ultimate/yPositive-SIscaled100.bpl_Iteration1_Loop_5-phaseTemplate.smt2 : 1800022 ms.
--------------------------------------------------
QF_NRA/LassoRanker/Ultimate/yPositive-SIscaled100.bpl_Iteration1_Loop_6-phaseTemplate.smt2 : 1800025 ms.
--------------------------------------------------
QF_NRA/LassoRanker/Ultimate/yPositive-SIscaled100.bpl_Iteration1_Loop_7-phaseTemplate.smt2 : 1800021 ms.
--------------------------------------------------
QF_NRA/LassoRanker/Ultimate/yPositive-SIscaled50.bpl_Iteration1_Loop_3-pieceTemplate.smt2 : 1800066 ms.
--------------------------------------------------
QF_NRA/LassoRanker/Ultimate/yPositive-SIscaled50.bpl_Iteration1_Loop_4-pieceTemplate.smt2 : 1800053 ms.
--------------------------------------------------
QF_NRA/LassoRanker/Ultimate/yPositive-SIscaled75.bpl_Iteration1_Loop_2-pieceTemplate.smt2 : 1800022 ms.
--------------------------------------------------
QF_NRA/LassoRanker/Ultimate/yPositive-SIscaled75.bpl_Iteration1_Loop_3-pieceTemplate.smt2 : 1800023 ms.
--------------------------------------------------
QF_NRA/LassoRanker/Ultimate/yPositive-SIscaled75.bpl_Iteration1_Loop_4-pieceTemplate.smt2 : 1800132 ms.
--------------------------------------------------
QF_NRA/LassoRanker/Ultimate/yPositive-SIscaled75.bpl_Iteration1_Loop_7-phaseTemplate.smt2 : 1800138 ms.
--------------------------------------------------
unsat
QF_NRA/LassoRanker/Ultimate/ZenoWithoutDivision.bpl_Iteration1_Lasso_4-pieceTemplate.smt2 : 2047 ms.
--------------------------------------------------
unsat
QF_NRA/LassoRanker/Ultimate/ZenoWithoutDivision.bpl_Iteration1_Loop_4-pieceTemplate.smt2 : 1998 ms.
