--------------------------------------------------
unsat
QF_NRA/hycomp/ball_count_2d_hill_simple.10.seq_lazy_linear_enc_global_0.smt2 : 35 ms.
--------------------------------------------------
unsat
QF_NRA/hycomp/ball_count_2d_hill_simple.10.seq_lazy_linear_enc_global_10.smt2 : 73 ms.
--------------------------------------------------
unsat
QF_NRA/hycomp/ball_count_2d_hill_simple.10.seq_lazy_linear_enc_global_11.smt2 : 42 ms.
--------------------------------------------------
unsat
QF_NRA/hycomp/ball_count_2d_hill_simple.10.seq_lazy_linear_enc_global_12.smt2 : 140 ms.
--------------------------------------------------
unsat
QF_NRA/hycomp/ball_count_2d_hill_simple.10.seq_lazy_linear_enc_global_13.smt2 : 49 ms.
--------------------------------------------------
unsat
QF_NRA/hycomp/ball_count_2d_hill_simple.10.seq_lazy_linear_enc_global_14.smt2 : 115 ms.
--------------------------------------------------
unsat
QF_NRA/hycomp/ball_count_2d_hill_simple.10.seq_lazy_linear_enc_global_15.smt2 : 57 ms.
--------------------------------------------------
unsat
QF_NRA/hycomp/ball_count_2d_hill_simple.10.seq_lazy_linear_enc_global_1.smt2 : 38 ms.
--------------------------------------------------
unsat
QF_NRA/hycomp/ball_count_2d_hill_simple.10.seq_lazy_linear_enc_global_2.smt2 : 41 ms.
--------------------------------------------------
unsat
QF_NRA/hycomp/ball_count_2d_hill_simple.10.seq_lazy_linear_enc_global_3.smt2 : 49 ms.
--------------------------------------------------
unsat
QF_NRA/hycomp/ball_count_2d_hill_simple.10.seq_lazy_linear_enc_global_4.smt2 : 122 ms.
--------------------------------------------------
unsat
QF_NRA/hycomp/ball_count_2d_hill_simple.10.seq_lazy_linear_enc_global_5.smt2 : 54 ms.
--------------------------------------------------
unsat
QF_NRA/hycomp/ball_count_2d_hill_simple.10.seq_lazy_linear_enc_global_6.smt2 : 215 ms.
--------------------------------------------------
unsat
QF_NRA/hycomp/ball_count_2d_hill_simple.10.seq_lazy_linear_enc_global_7.smt2 : 50 ms.
--------------------------------------------------
unsat
QF_NRA/hycomp/ball_count_2d_hill_simple.10.seq_lazy_linear_enc_global_8.smt2 : 212 ms.
--------------------------------------------------
unsat
QF_NRA/hycomp/ball_count_2d_hill_simple.10.seq_lazy_linear_enc_global_9.smt2 : 47 ms.
--------------------------------------------------
unsat
QF_NRA/hycomp/ball_count_2d_hill_simple.10.seq_lazy_linear_enc_lemmas_global_0.smt2 : 42 ms.
--------------------------------------------------
unsat
QF_NRA/hycomp/ball_count_2d_hill_simple.10.seq_lazy_linear_enc_lemmas_global_10.smt2 : 240 ms.
--------------------------------------------------
unsat
QF_NRA/hycomp/ball_count_2d_hill_simple.10.seq_lazy_linear_enc_lemmas_global_11.smt2 : 57 ms.
--------------------------------------------------
unsat
QF_NRA/hycomp/ball_count_2d_hill_simple.10.seq_lazy_linear_enc_lemmas_global_12.smt2 : 248 ms.
--------------------------------------------------
unsat
QF_NRA/hycomp/ball_count_2d_hill_simple.10.seq_lazy_linear_enc_lemmas_global_13.smt2 : 54 ms.
--------------------------------------------------
unsat
QF_NRA/hycomp/ball_count_2d_hill_simple.10.seq_lazy_linear_enc_lemmas_global_14.smt2 : 278 ms.
--------------------------------------------------
unsat
QF_NRA/hycomp/ball_count_2d_hill_simple.10.seq_lazy_linear_enc_lemmas_global_15.smt2 : 56 ms.
--------------------------------------------------
unsat
QF_NRA/hycomp/ball_count_2d_hill_simple.10.seq_lazy_linear_enc_lemmas_global_1.smt2 : 42 ms.
--------------------------------------------------
unsat
QF_NRA/hycomp/ball_count_2d_hill_simple.10.seq_lazy_linear_enc_lemmas_global_2.smt2 : 39 ms.
--------------------------------------------------
unsat
QF_NRA/hycomp/ball_count_2d_hill_simple.10.seq_lazy_linear_enc_lemmas_global_3.smt2 : 46 ms.
--------------------------------------------------
unsat
QF_NRA/hycomp/ball_count_2d_hill_simple.10.seq_lazy_linear_enc_lemmas_global_4.smt2 : 207 ms.
--------------------------------------------------
unsat
QF_NRA/hycomp/ball_count_2d_hill_simple.10.seq_lazy_linear_enc_lemmas_global_5.smt2 : 44 ms.
--------------------------------------------------
unsat
QF_NRA/hycomp/ball_count_2d_hill_simple.10.seq_lazy_linear_enc_lemmas_global_6.smt2 : 279 ms.
--------------------------------------------------
unsat
QF_NRA/hycomp/ball_count_2d_hill_simple.10.seq_lazy_linear_enc_lemmas_global_7.smt2 : 49 ms.
--------------------------------------------------
unsat
QF_NRA/hycomp/ball_count_2d_hill_simple.10.seq_lazy_linear_enc_lemmas_global_8.smt2 : 278 ms.
--------------------------------------------------
unsat
QF_NRA/hycomp/ball_count_2d_hill_simple.10.seq_lazy_linear_enc_lemmas_global_9.smt2 : 43 ms.
--------------------------------------------------
unsat
QF_NRA/hycomp/ball_count_2d_plain.01.qfree_global_0.smt2 : 43 ms.
--------------------------------------------------
sat
QF_NRA/hycomp/ball_count_2d_plain.01.qfree_global_10.smt2 : 265 ms.
--------------------------------------------------
unsat
QF_NRA/hycomp/ball_count_2d_plain.01.qfree_global_11.smt2 : 51 ms.
--------------------------------------------------
sat
QF_NRA/hycomp/ball_count_2d_plain.01.qfree_global_12.smt2 : 353 ms.
--------------------------------------------------
unsat
QF_NRA/hycomp/ball_count_2d_plain.01.qfree_global_13.smt2 : 53 ms.
--------------------------------------------------
sat
QF_NRA/hycomp/ball_count_2d_plain.01.qfree_global_14.smt2 : 347 ms.
--------------------------------------------------
unsat
QF_NRA/hycomp/ball_count_2d_plain.01.qfree_global_15.smt2 : 54 ms.
--------------------------------------------------
unsat
QF_NRA/hycomp/ball_count_2d_plain.01.qfree_global_1.smt2 : 48 ms.
--------------------------------------------------
sat
QF_NRA/hycomp/ball_count_2d_plain.01.qfree_global_2.smt2 : 203 ms.
--------------------------------------------------
unsat
QF_NRA/hycomp/ball_count_2d_plain.01.qfree_global_3.smt2 : 45 ms.
--------------------------------------------------
sat
QF_NRA/hycomp/ball_count_2d_plain.01.qfree_global_4.smt2 : 248 ms.
--------------------------------------------------
unsat
QF_NRA/hycomp/ball_count_2d_plain.01.qfree_global_5.smt2 : 44 ms.
--------------------------------------------------
sat
QF_NRA/hycomp/ball_count_2d_plain.01.qfree_global_6.smt2 : 245 ms.
--------------------------------------------------
unsat
QF_NRA/hycomp/ball_count_2d_plain.01.qfree_global_7.smt2 : 50 ms.
--------------------------------------------------
sat
QF_NRA/hycomp/ball_count_2d_plain.01.qfree_global_8.smt2 : 185 ms.
--------------------------------------------------
unsat
QF_NRA/hycomp/ball_count_2d_plain.01.qfree_global_9.smt2 : 46 ms.
--------------------------------------------------
unsat
QF_NRA/hycomp/ball_count_2d_plain.01.redlog_global_0.smt2 : 47 ms.
--------------------------------------------------
./solvers/z3_UD/run.sh: line 1: 438263 Segmentation fault      (core dumped) solvers/z3_UD/bin/z3 -smt2 $1 -T:$2
QF_NRA/hycomp/ball_count_2d_plain.01.redlog_global_10.smt2 : 293 ms.
--------------------------------------------------
unsat
QF_NRA/hycomp/ball_count_2d_plain.01.redlog_global_11.smt2 : 52 ms.
--------------------------------------------------
sat
QF_NRA/hycomp/ball_count_2d_plain.01.redlog_global_12.smt2 : 362 ms.
--------------------------------------------------
unsat
QF_NRA/hycomp/ball_count_2d_plain.01.redlog_global_13.smt2 : 59 ms.
--------------------------------------------------
sat
QF_NRA/hycomp/ball_count_2d_plain.01.redlog_global_14.smt2 : 732 ms.
--------------------------------------------------
unsat
QF_NRA/hycomp/ball_count_2d_plain.01.redlog_global_15.smt2 : 61 ms.
--------------------------------------------------
unsat
QF_NRA/hycomp/ball_count_2d_plain.01.redlog_global_1.smt2 : 46 ms.
--------------------------------------------------
./solvers/z3_UD/run.sh: line 1: 442218 Segmentation fault      (core dumped) solvers/z3_UD/bin/z3 -smt2 $1 -T:$2
QF_NRA/hycomp/ball_count_2d_plain.01.redlog_global_2.smt2 : 106 ms.
--------------------------------------------------
unsat
QF_NRA/hycomp/ball_count_2d_plain.01.redlog_global_3.smt2 : 46 ms.
--------------------------------------------------
./solvers/z3_UD/run.sh: line 1: 442630 Segmentation fault      (core dumped) solvers/z3_UD/bin/z3 -smt2 $1 -T:$2
QF_NRA/hycomp/ball_count_2d_plain.01.redlog_global_4.smt2 : 216 ms.
--------------------------------------------------
unsat
QF_NRA/hycomp/ball_count_2d_plain.01.redlog_global_5.smt2 : 48 ms.
--------------------------------------------------
sat
QF_NRA/hycomp/ball_count_2d_plain.01.redlog_global_6.smt2 : 291 ms.
--------------------------------------------------
unsat
QF_NRA/hycomp/ball_count_2d_plain.01.redlog_global_7.smt2 : 46 ms.
--------------------------------------------------
sat
QF_NRA/hycomp/ball_count_2d_plain.01.redlog_global_8.smt2 : 257 ms.
--------------------------------------------------
unsat
QF_NRA/hycomp/ball_count_2d_plain.01.redlog_global_9.smt2 : 50 ms.
--------------------------------------------------
unsat
QF_NRA/hycomp/ball_count_2d_plain.01.seq_lazy_global_0.smt2 : 41 ms.
--------------------------------------------------
sat
QF_NRA/hycomp/ball_count_2d_plain.01.seq_lazy_global_10.smt2 : 166 ms.
--------------------------------------------------
unsat
QF_NRA/hycomp/ball_count_2d_plain.01.seq_lazy_global_11.smt2 : 42 ms.
--------------------------------------------------
sat
QF_NRA/hycomp/ball_count_2d_plain.01.seq_lazy_global_12.smt2 : 729 ms.
--------------------------------------------------
unsat
QF_NRA/hycomp/ball_count_2d_plain.01.seq_lazy_global_13.smt2 : 50 ms.
--------------------------------------------------
./solvers/z3_UD/run.sh: line 1: 447468 Segmentation fault      (core dumped) solvers/z3_UD/bin/z3 -smt2 $1 -T:$2
QF_NRA/hycomp/ball_count_2d_plain.01.seq_lazy_global_14.smt2 : 306 ms.
--------------------------------------------------
unsat
QF_NRA/hycomp/ball_count_2d_plain.01.seq_lazy_global_15.smt2 : 51 ms.
--------------------------------------------------
unsat
QF_NRA/hycomp/ball_count_2d_plain.01.seq_lazy_global_1.smt2 : 75 ms.
--------------------------------------------------
sat
QF_NRA/hycomp/ball_count_2d_plain.01.seq_lazy_global_2.smt2 : 161 ms.
--------------------------------------------------
unsat
QF_NRA/hycomp/ball_count_2d_plain.01.seq_lazy_global_3.smt2 : 51 ms.
--------------------------------------------------
sat
QF_NRA/hycomp/ball_count_2d_plain.01.seq_lazy_global_4.smt2 : 80 ms.
--------------------------------------------------
unsat
QF_NRA/hycomp/ball_count_2d_plain.01.seq_lazy_global_5.smt2 : 47 ms.
--------------------------------------------------
sat
QF_NRA/hycomp/ball_count_2d_plain.01.seq_lazy_global_6.smt2 : 138 ms.
--------------------------------------------------
unsat
QF_NRA/hycomp/ball_count_2d_plain.01.seq_lazy_global_7.smt2 : 49 ms.
--------------------------------------------------
./solvers/z3_UD/run.sh: line 1: 449650 Segmentation fault      (core dumped) solvers/z3_UD/bin/z3 -smt2 $1 -T:$2
QF_NRA/hycomp/ball_count_2d_plain.01.seq_lazy_global_8.smt2 : 210 ms.
--------------------------------------------------
unsat
QF_NRA/hycomp/ball_count_2d_plain.01.seq_lazy_global_9.smt2 : 48 ms.
--------------------------------------------------
unsat
QF_NRA/hycomp/ball_count_2d_plain.01.seq_lazy_lemmas_global_0.smt2 : 43 ms.
--------------------------------------------------
./solvers/z3_UD/run.sh: line 1: 450393 Segmentation fault      (core dumped) solvers/z3_UD/bin/z3 -smt2 $1 -T:$2
QF_NRA/hycomp/ball_count_2d_plain.01.seq_lazy_lemmas_global_10.smt2 : 301 ms.
--------------------------------------------------
unsat
QF_NRA/hycomp/ball_count_2d_plain.01.seq_lazy_lemmas_global_11.smt2 : 43 ms.
--------------------------------------------------
./solvers/z3_UD/run.sh: line 1: 451199 Segmentation fault      (core dumped) solvers/z3_UD/bin/z3 -smt2 $1 -T:$2
QF_NRA/hycomp/ball_count_2d_plain.01.seq_lazy_lemmas_global_12.smt2 : 210 ms.
--------------------------------------------------
unsat
QF_NRA/hycomp/ball_count_2d_plain.01.seq_lazy_lemmas_global_13.smt2 : 52 ms.
--------------------------------------------------
./solvers/z3_UD/run.sh: line 1: 451834 Segmentation fault      (core dumped) solvers/z3_UD/bin/z3 -smt2 $1 -T:$2
QF_NRA/hycomp/ball_count_2d_plain.01.seq_lazy_lemmas_global_14.smt2 : 210 ms.
--------------------------------------------------
unsat
QF_NRA/hycomp/ball_count_2d_plain.01.seq_lazy_lemmas_global_15.smt2 : 54 ms.
--------------------------------------------------
unsat
QF_NRA/hycomp/ball_count_2d_plain.01.seq_lazy_lemmas_global_1.smt2 : 41 ms.
--------------------------------------------------
sat
QF_NRA/hycomp/ball_count_2d_plain.01.seq_lazy_lemmas_global_2.smt2 : 160 ms.
--------------------------------------------------
unsat
QF_NRA/hycomp/ball_count_2d_plain.01.seq_lazy_lemmas_global_3.smt2 : 43 ms.
--------------------------------------------------
sat
QF_NRA/hycomp/ball_count_2d_plain.01.seq_lazy_lemmas_global_4.smt2 : 145 ms.
--------------------------------------------------
unsat
QF_NRA/hycomp/ball_count_2d_plain.01.seq_lazy_lemmas_global_5.smt2 : 45 ms.
--------------------------------------------------
./solvers/z3_UD/run.sh: line 1: 453463 Segmentation fault      (core dumped) solvers/z3_UD/bin/z3 -smt2 $1 -T:$2
QF_NRA/hycomp/ball_count_2d_plain.01.seq_lazy_lemmas_global_6.smt2 : 223 ms.
--------------------------------------------------
unsat
QF_NRA/hycomp/ball_count_2d_plain.01.seq_lazy_lemmas_global_7.smt2 : 52 ms.
--------------------------------------------------
./solvers/z3_UD/run.sh: line 1: 454088 Segmentation fault      (core dumped) solvers/z3_UD/bin/z3 -smt2 $1 -T:$2
QF_NRA/hycomp/ball_count_2d_plain.01.seq_lazy_lemmas_global_8.smt2 : 252 ms.
--------------------------------------------------
unsat
QF_NRA/hycomp/ball_count_2d_plain.01.seq_lazy_lemmas_global_9.smt2 : 46 ms.
--------------------------------------------------
unsat
QF_NRA/hycomp/ball_count_2d_plain.01.seq_lazy_linear_enc_global_0.smt2 : 41 ms.
--------------------------------------------------
sat
QF_NRA/hycomp/ball_count_2d_plain.01.seq_lazy_linear_enc_global_10.smt2 : 139 ms.
--------------------------------------------------
unsat
QF_NRA/hycomp/ball_count_2d_plain.01.seq_lazy_linear_enc_global_11.smt2 : 49 ms.
--------------------------------------------------
sat
QF_NRA/hycomp/ball_count_2d_plain.01.seq_lazy_linear_enc_global_12.smt2 : 227 ms.
--------------------------------------------------
unsat
QF_NRA/hycomp/ball_count_2d_plain.01.seq_lazy_linear_enc_global_13.smt2 : 49 ms.
--------------------------------------------------
./solvers/z3_UD/run.sh: line 1: 455922 Segmentation fault      (core dumped) solvers/z3_UD/bin/z3 -smt2 $1 -T:$2
QF_NRA/hycomp/ball_count_2d_plain.01.seq_lazy_linear_enc_global_14.smt2 : 515 ms.
--------------------------------------------------
unsat
QF_NRA/hycomp/ball_count_2d_plain.01.seq_lazy_linear_enc_global_15.smt2 : 50 ms.
--------------------------------------------------
unsat
QF_NRA/hycomp/ball_count_2d_plain.01.seq_lazy_linear_enc_global_1.smt2 : 32 ms.
--------------------------------------------------
sat
QF_NRA/hycomp/ball_count_2d_plain.01.seq_lazy_linear_enc_global_2.smt2 : 81 ms.
--------------------------------------------------
unsat
QF_NRA/hycomp/ball_count_2d_plain.01.seq_lazy_linear_enc_global_3.smt2 : 40 ms.
--------------------------------------------------
sat
QF_NRA/hycomp/ball_count_2d_plain.01.seq_lazy_linear_enc_global_4.smt2 : 91 ms.
--------------------------------------------------
unsat
QF_NRA/hycomp/ball_count_2d_plain.01.seq_lazy_linear_enc_global_5.smt2 : 40 ms.
--------------------------------------------------
sat
QF_NRA/hycomp/ball_count_2d_plain.01.seq_lazy_linear_enc_global_6.smt2 : 86 ms.
--------------------------------------------------
unsat
QF_NRA/hycomp/ball_count_2d_plain.01.seq_lazy_linear_enc_global_7.smt2 : 41 ms.
--------------------------------------------------
sat
QF_NRA/hycomp/ball_count_2d_plain.01.seq_lazy_linear_enc_global_8.smt2 : 276 ms.
--------------------------------------------------
unsat
QF_NRA/hycomp/ball_count_2d_plain.01.seq_lazy_linear_enc_global_9.smt2 : 43 ms.
--------------------------------------------------
unsat
QF_NRA/hycomp/ball_count_2d_plain.01.seq_lazy_linear_enc_lemmas_global_0.smt2 : 40 ms.
--------------------------------------------------
./solvers/z3_UD/run.sh: line 1: 458598 Segmentation fault      (core dumped) solvers/z3_UD/bin/z3 -smt2 $1 -T:$2
QF_NRA/hycomp/ball_count_2d_plain.01.seq_lazy_linear_enc_lemmas_global_10.smt2 : 327 ms.
--------------------------------------------------
unsat
QF_NRA/hycomp/ball_count_2d_plain.01.seq_lazy_linear_enc_lemmas_global_11.smt2 : 48 ms.
--------------------------------------------------
./solvers/z3_UD/run.sh: line 1:  1721 Segmentation fault      (core dumped) solvers/z3_UD/bin/z3 -smt2 $1 -T:$2
QF_NRA/hycomp/ball_count_2d_plain.01.seq_lazy_linear_enc_lemmas_global_12.smt2 : 379 ms.
--------------------------------------------------
unsat
QF_NRA/hycomp/ball_count_2d_plain.01.seq_lazy_linear_enc_lemmas_global_13.smt2 : 50 ms.
--------------------------------------------------
./solvers/z3_UD/run.sh: line 1:  2558 Segmentation fault      (core dumped) solvers/z3_UD/bin/z3 -smt2 $1 -T:$2
QF_NRA/hycomp/ball_count_2d_plain.01.seq_lazy_linear_enc_lemmas_global_14.smt2 : 209 ms.
--------------------------------------------------
unsat
QF_NRA/hycomp/ball_count_2d_plain.01.seq_lazy_linear_enc_lemmas_global_15.smt2 : 51 ms.
--------------------------------------------------
unsat
QF_NRA/hycomp/ball_count_2d_plain.01.seq_lazy_linear_enc_lemmas_global_1.smt2 : 37 ms.
--------------------------------------------------
sat
QF_NRA/hycomp/ball_count_2d_plain.01.seq_lazy_linear_enc_lemmas_global_2.smt2 : 78 ms.
--------------------------------------------------
unsat
QF_NRA/hycomp/ball_count_2d_plain.01.seq_lazy_linear_enc_lemmas_global_3.smt2 : 41 ms.
--------------------------------------------------
sat
QF_NRA/hycomp/ball_count_2d_plain.01.seq_lazy_linear_enc_lemmas_global_4.smt2 : 95 ms.
--------------------------------------------------
unsat
QF_NRA/hycomp/ball_count_2d_plain.01.seq_lazy_linear_enc_lemmas_global_5.smt2 : 40 ms.
--------------------------------------------------
./solvers/z3_UD/run.sh: line 1:  3658 Segmentation fault      (core dumped) solvers/z3_UD/bin/z3 -smt2 $1 -T:$2
QF_NRA/hycomp/ball_count_2d_plain.01.seq_lazy_linear_enc_lemmas_global_6.smt2 : 225 ms.
--------------------------------------------------
unsat
QF_NRA/hycomp/ball_count_2d_plain.01.seq_lazy_linear_enc_lemmas_global_7.smt2 : 41 ms.
--------------------------------------------------
./solvers/z3_UD/run.sh: line 1:  4135 Segmentation fault      (core dumped) solvers/z3_UD/bin/z3 -smt2 $1 -T:$2
QF_NRA/hycomp/ball_count_2d_plain.01.seq_lazy_linear_enc_lemmas_global_8.smt2 : 308 ms.
--------------------------------------------------
unsat
QF_NRA/hycomp/ball_count_2d_plain.01.seq_lazy_linear_enc_lemmas_global_9.smt2 : 51 ms.
--------------------------------------------------
unsat
QF_NRA/hycomp/ball_count_2d_plain.02.qfree_global_0.smt2 : 37 ms.
--------------------------------------------------
./solvers/z3_UD/run.sh: line 1:  4831 Segmentation fault      (core dumped) solvers/z3_UD/bin/z3 -smt2 $1 -T:$2
QF_NRA/hycomp/ball_count_2d_plain.02.qfree_global_10.smt2 : 878 ms.
--------------------------------------------------
unsat
QF_NRA/hycomp/ball_count_2d_plain.02.qfree_global_11.smt2 : 44 ms.
--------------------------------------------------
timeout
QF_NRA/hycomp/ball_count_2d_plain.02.qfree_global_12.smt2 : 1800028 ms.
--------------------------------------------------
unsat
QF_NRA/hycomp/ball_count_2d_plain.02.qfree_global_13.smt2 : 44 ms.
--------------------------------------------------
timeout
QF_NRA/hycomp/ball_count_2d_plain.02.qfree_global_14.smt2 : 1800034 ms.
--------------------------------------------------
unsat
QF_NRA/hycomp/ball_count_2d_plain.02.qfree_global_15.smt2 : 48 ms.
--------------------------------------------------
unsat
QF_NRA/hycomp/ball_count_2d_plain.02.qfree_global_1.smt2 : 31 ms.
--------------------------------------------------
unsat
QF_NRA/hycomp/ball_count_2d_plain.02.qfree_global_2.smt2 : 43 ms.
--------------------------------------------------
unsat
QF_NRA/hycomp/ball_count_2d_plain.02.qfree_global_3.smt2 : 34 ms.
--------------------------------------------------
unsat
QF_NRA/hycomp/ball_count_2d_plain.02.qfree_global_4.smt2 : 89 ms.
--------------------------------------------------
unsat
QF_NRA/hycomp/ball_count_2d_plain.02.qfree_global_5.smt2 : 36 ms.
--------------------------------------------------
sat
QF_NRA/hycomp/ball_count_2d_plain.02.qfree_global_6.smt2 : 190 ms.
--------------------------------------------------
unsat
QF_NRA/hycomp/ball_count_2d_plain.02.qfree_global_7.smt2 : 36 ms.
--------------------------------------------------
sat
QF_NRA/hycomp/ball_count_2d_plain.02.qfree_global_8.smt2 : 15242 ms.
--------------------------------------------------
unsat
QF_NRA/hycomp/ball_count_2d_plain.02.qfree_global_9.smt2 : 41 ms.
--------------------------------------------------
unsat
QF_NRA/hycomp/ball_count_2d_plain.02.redlog_global_0.smt2 : 29 ms.
--------------------------------------------------
./solvers/z3_UD/run.sh: line 1: 26561 Segmentation fault      (core dumped) solvers/z3_UD/bin/z3 -smt2 $1 -T:$2
QF_NRA/hycomp/ball_count_2d_plain.02.redlog_global_10.smt2 : 544 ms.
--------------------------------------------------
unsat
QF_NRA/hycomp/ball_count_2d_plain.02.redlog_global_11.smt2 : 47 ms.
--------------------------------------------------
./solvers/z3_UD/run.sh: line 1: 26574 Segmentation fault      (core dumped) solvers/z3_UD/bin/z3 -smt2 $1 -T:$2
QF_NRA/hycomp/ball_count_2d_plain.02.redlog_global_12.smt2 : 877 ms.
--------------------------------------------------
unsat
QF_NRA/hycomp/ball_count_2d_plain.02.redlog_global_13.smt2 : 45 ms.
--------------------------------------------------
./solvers/z3_UD/run.sh: line 1: 26587 Segmentation fault      (core dumped) solvers/z3_UD/bin/z3 -smt2 $1 -T:$2
QF_NRA/hycomp/ball_count_2d_plain.02.redlog_global_14.smt2 : 209 ms.
--------------------------------------------------
unsat
QF_NRA/hycomp/ball_count_2d_plain.02.redlog_global_15.smt2 : 49 ms.
--------------------------------------------------
unsat
QF_NRA/hycomp/ball_count_2d_plain.02.redlog_global_1.smt2 : 30 ms.
--------------------------------------------------
unsat
QF_NRA/hycomp/ball_count_2d_plain.02.redlog_global_2.smt2 : 44 ms.
--------------------------------------------------
unsat
QF_NRA/hycomp/ball_count_2d_plain.02.redlog_global_3.smt2 : 31 ms.
--------------------------------------------------
unsat
QF_NRA/hycomp/ball_count_2d_plain.02.redlog_global_4.smt2 : 107 ms.
--------------------------------------------------
unsat
QF_NRA/hycomp/ball_count_2d_plain.02.redlog_global_5.smt2 : 31 ms.
--------------------------------------------------
./solvers/z3_UD/run.sh: line 1: 26632 Segmentation fault      (core dumped) solvers/z3_UD/bin/z3 -smt2 $1 -T:$2
QF_NRA/hycomp/ball_count_2d_plain.02.redlog_global_6.smt2 : 369 ms.
--------------------------------------------------
unsat
QF_NRA/hycomp/ball_count_2d_plain.02.redlog_global_7.smt2 : 39 ms.
--------------------------------------------------
./solvers/z3_UD/run.sh: line 1: 26644 Segmentation fault      (core dumped) solvers/z3_UD/bin/z3 -smt2 $1 -T:$2
QF_NRA/hycomp/ball_count_2d_plain.02.redlog_global_8.smt2 : 5352 ms.
--------------------------------------------------
unsat
QF_NRA/hycomp/ball_count_2d_plain.02.redlog_global_9.smt2 : 44 ms.
--------------------------------------------------
unsat
QF_NRA/hycomp/ball_count_2d_plain.02.seq_lazy_global_0.smt2 : 28 ms.
--------------------------------------------------
sat
QF_NRA/hycomp/ball_count_2d_plain.02.seq_lazy_global_10.smt2 : 2334 ms.
--------------------------------------------------
unsat
QF_NRA/hycomp/ball_count_2d_plain.02.seq_lazy_global_11.smt2 : 41 ms.
--------------------------------------------------
./solvers/z3_UD/run.sh: line 1: 26755 Segmentation fault      (core dumped) solvers/z3_UD/bin/z3 -smt2 $1 -T:$2
QF_NRA/hycomp/ball_count_2d_plain.02.seq_lazy_global_12.smt2 : 1245 ms.
--------------------------------------------------
unsat
QF_NRA/hycomp/ball_count_2d_plain.02.seq_lazy_global_13.smt2 : 42 ms.
--------------------------------------------------
./solvers/z3_UD/run.sh: line 1: 26767 Segmentation fault      (core dumped) solvers/z3_UD/bin/z3 -smt2 $1 -T:$2
QF_NRA/hycomp/ball_count_2d_plain.02.seq_lazy_global_14.smt2 : 908 ms.
--------------------------------------------------
unsat
QF_NRA/hycomp/ball_count_2d_plain.02.seq_lazy_global_15.smt2 : 41 ms.
--------------------------------------------------
unsat
QF_NRA/hycomp/ball_count_2d_plain.02.seq_lazy_global_1.smt2 : 28 ms.
--------------------------------------------------
unsat
QF_NRA/hycomp/ball_count_2d_plain.02.seq_lazy_global_2.smt2 : 49 ms.
--------------------------------------------------
unsat
QF_NRA/hycomp/ball_count_2d_plain.02.seq_lazy_global_3.smt2 : 34 ms.
--------------------------------------------------
unsat
QF_NRA/hycomp/ball_count_2d_plain.02.seq_lazy_global_4.smt2 : 71 ms.
--------------------------------------------------
unsat
QF_NRA/hycomp/ball_count_2d_plain.02.seq_lazy_global_5.smt2 : 37 ms.
--------------------------------------------------
./solvers/z3_UD/run.sh: line 1: 26878 Segmentation fault      (core dumped) solvers/z3_UD/bin/z3 -smt2 $1 -T:$2
QF_NRA/hycomp/ball_count_2d_plain.02.seq_lazy_global_6.smt2 : 158 ms.
--------------------------------------------------
unsat
QF_NRA/hycomp/ball_count_2d_plain.02.seq_lazy_global_7.smt2 : 36 ms.
--------------------------------------------------
./solvers/z3_UD/run.sh: line 1: 26901 Segmentation fault      (core dumped) solvers/z3_UD/bin/z3 -smt2 $1 -T:$2
QF_NRA/hycomp/ball_count_2d_plain.02.seq_lazy_global_8.smt2 : 113 ms.
--------------------------------------------------
unsat
QF_NRA/hycomp/ball_count_2d_plain.02.seq_lazy_global_9.smt2 : 36 ms.
--------------------------------------------------
unsat
QF_NRA/hycomp/ball_count_2d_plain.02.seq_lazy_lemmas_global_0.smt2 : 26 ms.
--------------------------------------------------
./solvers/z3_UD/run.sh: line 1: 26918 Segmentation fault      (core dumped) solvers/z3_UD/bin/z3 -smt2 $1 -T:$2
QF_NRA/hycomp/ball_count_2d_plain.02.seq_lazy_lemmas_global_10.smt2 : 125 ms.
--------------------------------------------------
unsat
QF_NRA/hycomp/ball_count_2d_plain.02.seq_lazy_lemmas_global_11.smt2 : 40 ms.
--------------------------------------------------
./solvers/z3_UD/run.sh: line 1: 26930 Segmentation fault      (core dumped) solvers/z3_UD/bin/z3 -smt2 $1 -T:$2
QF_NRA/hycomp/ball_count_2d_plain.02.seq_lazy_lemmas_global_12.smt2 : 191 ms.
--------------------------------------------------
unsat
QF_NRA/hycomp/ball_count_2d_plain.02.seq_lazy_lemmas_global_13.smt2 : 38 ms.
--------------------------------------------------
./solvers/z3_UD/run.sh: line 1: 26954 Segmentation fault      (core dumped) solvers/z3_UD/bin/z3 -smt2 $1 -T:$2
QF_NRA/hycomp/ball_count_2d_plain.02.seq_lazy_lemmas_global_14.smt2 : 268 ms.
--------------------------------------------------
unsat
QF_NRA/hycomp/ball_count_2d_plain.02.seq_lazy_lemmas_global_15.smt2 : 43 ms.
--------------------------------------------------
unsat
QF_NRA/hycomp/ball_count_2d_plain.02.seq_lazy_lemmas_global_1.smt2 : 30 ms.
--------------------------------------------------
unsat
QF_NRA/hycomp/ball_count_2d_plain.02.seq_lazy_lemmas_global_2.smt2 : 60 ms.
--------------------------------------------------
unsat
QF_NRA/hycomp/ball_count_2d_plain.02.seq_lazy_lemmas_global_3.smt2 : 33 ms.
--------------------------------------------------
./solvers/z3_UD/run.sh: line 1: 27019 Segmentation fault      (core dumped) solvers/z3_UD/bin/z3 -smt2 $1 -T:$2
QF_NRA/hycomp/ball_count_2d_plain.02.seq_lazy_lemmas_global_4.smt2 : 397 ms.
--------------------------------------------------
unsat
QF_NRA/hycomp/ball_count_2d_plain.02.seq_lazy_lemmas_global_5.smt2 : 37 ms.
--------------------------------------------------
./solvers/z3_UD/run.sh: line 1: 27075 Segmentation fault      (core dumped) solvers/z3_UD/bin/z3 -smt2 $1 -T:$2
QF_NRA/hycomp/ball_count_2d_plain.02.seq_lazy_lemmas_global_6.smt2 : 153 ms.
--------------------------------------------------
unsat
QF_NRA/hycomp/ball_count_2d_plain.02.seq_lazy_lemmas_global_7.smt2 : 39 ms.
--------------------------------------------------
./solvers/z3_UD/run.sh: line 1: 27088 Segmentation fault      (core dumped) solvers/z3_UD/bin/z3 -smt2 $1 -T:$2
QF_NRA/hycomp/ball_count_2d_plain.02.seq_lazy_lemmas_global_8.smt2 : 84 ms.
--------------------------------------------------
unsat
QF_NRA/hycomp/ball_count_2d_plain.02.seq_lazy_lemmas_global_9.smt2 : 39 ms.
--------------------------------------------------
unsat
QF_NRA/hycomp/ball_count_2d_plain.02.seq_lazy_linear_enc_global_0.smt2 : 32 ms.
--------------------------------------------------
./solvers/z3_UD/run.sh: line 1: 27105 Segmentation fault      (core dumped) solvers/z3_UD/bin/z3 -smt2 $1 -T:$2
QF_NRA/hycomp/ball_count_2d_plain.02.seq_lazy_linear_enc_global_10.smt2 : 5397 ms.
--------------------------------------------------
unsat
QF_NRA/hycomp/ball_count_2d_plain.02.seq_lazy_linear_enc_global_11.smt2 : 38 ms.
--------------------------------------------------
./solvers/z3_UD/run.sh: line 1: 27228 Segmentation fault      (core dumped) solvers/z3_UD/bin/z3 -smt2 $1 -T:$2
QF_NRA/hycomp/ball_count_2d_plain.02.seq_lazy_linear_enc_global_12.smt2 : 1106 ms.
--------------------------------------------------
unsat
QF_NRA/hycomp/ball_count_2d_plain.02.seq_lazy_linear_enc_global_13.smt2 : 42 ms.
--------------------------------------------------
./solvers/z3_UD/run.sh: line 1: 27240 Segmentation fault      (core dumped) solvers/z3_UD/bin/z3 -smt2 $1 -T:$2
QF_NRA/hycomp/ball_count_2d_plain.02.seq_lazy_linear_enc_global_14.smt2 : 1873 ms.
--------------------------------------------------
unsat
QF_NRA/hycomp/ball_count_2d_plain.02.seq_lazy_linear_enc_global_15.smt2 : 40 ms.
--------------------------------------------------
unsat
QF_NRA/hycomp/ball_count_2d_plain.02.seq_lazy_linear_enc_global_1.smt2 : 31 ms.
