--------------------------------------------------
unsat
QF_NRA/20220314-Uncu/Polynomial_Proof_Calls/ProveIneq_AmerMathMonthly_vol125no10_p922a.smt2 : 40 ms.
--------------------------------------------------
unsat
QF_NRA/20220314-Uncu/Polynomial_Proof_Calls/ProveIneq_AmerMathMonthly_vol125no10_p922b.smt2 : 38 ms.
--------------------------------------------------
unsat
QF_NRA/20220314-Uncu/Polynomial_Proof_Calls/ProveIneq_AmerMathMonthly_vol125no10_p922c.smt2 : 35 ms.
--------------------------------------------------
unsat
QF_NRA/20220314-Uncu/Polynomial_Proof_Calls/ProveIneq_ISSAC05_1.smt2 : 18354 ms.
--------------------------------------------------
unsat
QF_NRA/20220314-Uncu/Polynomial_Proof_Calls/ProveIneq_ISSAC05_2.smt2 : 72 ms.
--------------------------------------------------
unsat
QF_NRA/20220314-Uncu/Polynomial_Proof_Calls/ProveIneq_ISSAC05_Bessack_1_0.smt2 : 38 ms.
--------------------------------------------------
unsat
QF_NRA/20220314-Uncu/Polynomial_Proof_Calls/ProveIneq_ISSAC05_Bessack_1_1.smt2 : 61 ms.
--------------------------------------------------
unsat
QF_NRA/20220314-Uncu/Polynomial_Proof_Calls/ProveIneq_ISSAC05_Bessack_2_0.smt2 : 59 ms.
--------------------------------------------------
unsat
QF_NRA/20220314-Uncu/Polynomial_Proof_Calls/ProveIneq_ISSAC05_Bessack_2_1.smt2 : 47 ms.
--------------------------------------------------
unsat
QF_NRA/20220314-Uncu/Polynomial_Proof_Calls/ProveIneq_ISSAC05_Bessack_2_2.smt2 : 48 ms.
--------------------------------------------------
unsat
QF_NRA/20220314-Uncu/Polynomial_Proof_Calls/ProveIneq_ISSAC05_Bessack_3_0.smt2 : 51 ms.
--------------------------------------------------
unsat
QF_NRA/20220314-Uncu/Polynomial_Proof_Calls/ProveIneq_ISSAC05_Bessack_3_1.smt2 : 48 ms.
--------------------------------------------------
unsat
QF_NRA/20220314-Uncu/Polynomial_Proof_Calls/ProveIneq_ISSAC05_Bessack_3_2.smt2 : 48 ms.
--------------------------------------------------
unsat
QF_NRA/20220314-Uncu/Polynomial_Proof_Calls/ProveIneq_ISSAC05_Bessack_3_3.smt2 : 48 ms.
--------------------------------------------------
unsat
QF_NRA/20220314-Uncu/Polynomial_Proof_Calls/ProveIneq_ISSAC05_Bessack_4_0.smt2 : 53 ms.
--------------------------------------------------
unsat
QF_NRA/20220314-Uncu/Polynomial_Proof_Calls/ProveIneq_ISSAC05_Bessack_4_1.smt2 : 53 ms.
--------------------------------------------------
unsat
QF_NRA/20220314-Uncu/Polynomial_Proof_Calls/ProveIneq_ISSAC05_Bessack_4_2.smt2 : 58 ms.
--------------------------------------------------
unsat
QF_NRA/20220314-Uncu/Polynomial_Proof_Calls/ProveIneq_ISSAC05_Bessack_4_3.smt2 : 50 ms.
--------------------------------------------------
unsat
QF_NRA/20220314-Uncu/Polynomial_Proof_Calls/ProveIneq_ISSAC05_Bessack_4_4.smt2 : 54 ms.
--------------------------------------------------
unsat
QF_NRA/20220314-Uncu/Polynomial_Proof_Calls/ProveIneq_ISSAC05_Bessack_5_0.smt2 : 53 ms.
--------------------------------------------------
unsat
QF_NRA/20220314-Uncu/Polynomial_Proof_Calls/ProveIneq_ISSAC05_Bessack_5_1.smt2 : 66 ms.
--------------------------------------------------
unsat
QF_NRA/20220314-Uncu/Polynomial_Proof_Calls/ProveIneq_ISSAC05_Bessack_5_2.smt2 : 98 ms.
--------------------------------------------------
unsat
QF_NRA/20220314-Uncu/Polynomial_Proof_Calls/ProveIneq_ISSAC05_Bessack_5_3.smt2 : 54 ms.
--------------------------------------------------
unsat
QF_NRA/20220314-Uncu/Polynomial_Proof_Calls/ProveIneq_ISSAC05_Bessack_5_4.smt2 : 56 ms.
--------------------------------------------------
unsat
QF_NRA/20220314-Uncu/Polynomial_Proof_Calls/ProveIneq_ISSAC05_Bessack_5_5.smt2 : 50 ms.
--------------------------------------------------
unsat
QF_NRA/20220314-Uncu/Polynomial_Proof_Calls/ProveIneq_ISSAC05_Mitrinovic_5_15.smt2 : 122 ms.
--------------------------------------------------
sat
QF_NRA/20220314-Uncu/Polynomial_Proof_Calls/ProveIneq_ISSAC05_Sec4a.smt2 : 53 ms.
--------------------------------------------------
unsat
QF_NRA/20220314-Uncu/Polynomial_Proof_Calls/ProveIneq_ISSAC05_Sec4b.smt2 : 51 ms.
--------------------------------------------------
unsat
QF_NRA/20220314-Uncu/Polynomial_Proof_Calls/ProveIneq_ISSAC05_SignPattern_1p_1m_m.smt2 : 58 ms.
--------------------------------------------------
unsat
QF_NRA/20220314-Uncu/Polynomial_Proof_Calls/ProveIneq_ISSAC05_SignPattern_1p_2m_m.smt2 : 70 ms.
--------------------------------------------------
unsat
QF_NRA/20220314-Uncu/Polynomial_Proof_Calls/ProveIneq_ISSAC05_SignPattern_1p_3m_m.smt2 : 73 ms.
--------------------------------------------------
unsat
QF_NRA/20220314-Uncu/Polynomial_Proof_Calls/ProveIneq_ISSAC05_SignPattern_1p_4m_1npos_8p_p.smt2 : 124 ms.
--------------------------------------------------
unsat
QF_NRA/20220314-Uncu/Polynomial_Proof_Calls/ProveIneq_ISSAC05_SignPattern_1p_4m_1w_1p_p.smt2 : 59 ms.
--------------------------------------------------
unsat
QF_NRA/20220314-Uncu/Polynomial_Proof_Calls/ProveIneq_ISSAC05_SignPattern_1p_4m_1w_2p_p.smt2 : 52 ms.
--------------------------------------------------
unsat
QF_NRA/20220314-Uncu/Polynomial_Proof_Calls/ProveIneq_ISSAC05_SignPattern_1p_4m_1w_3p_p.smt2 : 55 ms.
--------------------------------------------------
unsat
QF_NRA/20220314-Uncu/Polynomial_Proof_Calls/ProveIneq_ISSAC05_SignPattern_1p_4m_1w_4p_p.smt2 : 69 ms.
--------------------------------------------------
unsat
QF_NRA/20220314-Uncu/Polynomial_Proof_Calls/ProveIneq_ISSAC05_SignPattern_1p_4m_1w_5p_p.smt2 : 75 ms.
--------------------------------------------------
unsat
QF_NRA/20220314-Uncu/Polynomial_Proof_Calls/ProveIneq_ISSAC05_SignPattern_1p_4m_1w_6p_p.smt2 : 79 ms.
--------------------------------------------------
unsat
QF_NRA/20220314-Uncu/Polynomial_Proof_Calls/ProveIneq_ISSAC05_SignPattern_1p_4m_1w_7p_p.smt2 : 91 ms.
--------------------------------------------------
unsat
QF_NRA/20220314-Uncu/Polynomial_Proof_Calls/ProveIneq_ISSAC05_SignPattern_1p_4m_1w_8p_1w_n.smt2 : 60 ms.
--------------------------------------------------
unsat
QF_NRA/20220314-Uncu/Polynomial_Proof_Calls/ProveIneq_ISSAC05_SignPattern_5p_1nneg_4m_1w_p.smt2 : 133 ms.
--------------------------------------------------
unsat
QF_NRA/20220314-Uncu/Polynomial_Proof_Calls/ProveIneq_ISSAC05_SignPattern_Lemma1.smt2 : 58 ms.
--------------------------------------------------
unsat
QF_NRA/20220314-Uncu/Polynomial_Proof_Calls/ProveIneq_ISSAC05_SignPattern_Lemma2.smt2 : 130 ms.
--------------------------------------------------
unsat
QF_NRA/20220314-Uncu/Polynomial_Proof_Calls/ProveIneq_ISSAC05_SignPattern_Lemma4a.smt2 : 599 ms.
--------------------------------------------------
unsat
QF_NRA/20220314-Uncu/Polynomial_Proof_Calls/ProveIneq_ISSAC05_SignPattern_Lemma4b.smt2 : 148 ms.
--------------------------------------------------
unsat
QF_NRA/20220314-Uncu/Polynomial_Proof_Calls/ProveIneq_ISSAC05_SignPattern_Lemma4c.smt2 : 705 ms.
--------------------------------------------------
unsat
QF_NRA/20220314-Uncu/Polynomial_Proof_Calls/ProveIneq_ISSAC05_SignPattern_Lemma4d.smt2 : 192 ms.
--------------------------------------------------
unsat
QF_NRA/20220314-Uncu/Polynomial_Proof_Calls/ProveIneq_ISSAC05_SignPattern_Lemma4e.smt2 : 1363 ms.
--------------------------------------------------
unsat
QF_NRA/20220314-Uncu/Polynomial_Proof_Calls/ProveIneq_ISSAC05_SignPattern_Lemma4f.smt2 : 299 ms.
--------------------------------------------------
unsat
QF_NRA/20220314-Uncu/Polynomial_Proof_Calls/ProveIneq_ISSAC05_Thm6.smt2 : 43 ms.
--------------------------------------------------
unsat
QF_NRA/20220314-Uncu/Polynomial_Proof_Calls/ProveIneq_ISSAC05_Weierstrass_1_RHS.smt2 : 45 ms.
--------------------------------------------------
unsat
QF_NRA/20220314-Uncu/Polynomial_Proof_Calls/ProveIneq_ISSAC05_Weierstrass_2_RHS.smt2 : 44 ms.
--------------------------------------------------
sat
QF_NRA/20220314-Uncu/Polynomial_Proof_Calls/ProveIneq_ISSAC10_ex1a.smt2 : 42 ms.
--------------------------------------------------
sat
QF_NRA/20220314-Uncu/Polynomial_Proof_Calls/ProveIneq_ISSAC10_ex1b.smt2 : 38 ms.
--------------------------------------------------
sat
QF_NRA/20220314-Uncu/Polynomial_Proof_Calls/ProveIneq_ISSAC10_ex2a.smt2 : 36 ms.
--------------------------------------------------
sat
QF_NRA/20220314-Uncu/Polynomial_Proof_Calls/ProveIneq_ISSAC10_ex2b.smt2 : 34 ms.
--------------------------------------------------
sat
QF_NRA/20220314-Uncu/Polynomial_Proof_Calls/ProveIneq_ISSAC10_ex4a.smt2 : 41 ms.
--------------------------------------------------
sat
QF_NRA/20220314-Uncu/Polynomial_Proof_Calls/ProveIneq_JSC_SUMCracker_16a.smt2 : 35 ms.
--------------------------------------------------
unsat
QF_NRA/20220314-Uncu/Polynomial_Proof_Calls/ProveIneq_JSC_SUMCracker_16b.smt2 : 43 ms.
--------------------------------------------------
unsat
QF_NRA/20220314-Uncu/Polynomial_Proof_Calls/ProveIneq_JSC_SUMCracker_18.smt2 : 43 ms.
--------------------------------------------------
sat
QF_NRA/20220314-Uncu/Polynomial_Proof_Calls/ProveIneq_JSC_SUMCracker_19a.smt2 : 43 ms.
--------------------------------------------------
unsat
QF_NRA/20220314-Uncu/Polynomial_Proof_Calls/ProveIneq_JSC_SUMCracker_19b.smt2 : 43 ms.
--------------------------------------------------
sat
QF_NRA/20220314-Uncu/Polynomial_Proof_Calls/ProveIneq_Mitrinovic_11_1a.smt2 : 51 ms.
--------------------------------------------------
unsat
QF_NRA/20220314-Uncu/Polynomial_Proof_Calls/ProveIneq_Mitrinovic_11_1b.smt2 : 51 ms.
--------------------------------------------------
sat
QF_NRA/20220314-Uncu/Polynomial_Proof_Calls/ProveIneq_Mitrinovic_3_57a.smt2 : 39 ms.
--------------------------------------------------
unsat
QF_NRA/20220314-Uncu/Polynomial_Proof_Calls/ProveIneq_Mitrinovic_3_57b.smt2 : 41 ms.
--------------------------------------------------
unsat
QF_NRA/20220314-Uncu/Polynomial_Proof_Calls/ProveIneq_Mitrinovic_4_15m.smt2 : 49 ms.
--------------------------------------------------
unsat
QF_NRA/20220314-Uncu/Polynomial_Proof_Calls/ProveIneq_Mitrinovic_4_15.smt2 : 48 ms.
--------------------------------------------------
unsat
QF_NRA/20220314-Uncu/Polynomial_Proof_Calls/ProveIneq_Mitrinovic_4_16.smt2 : 44 ms.
--------------------------------------------------
unsat
QF_NRA/20220314-Uncu/Polynomial_Proof_Calls/ProveIneq_Mitrinovic_4_17.smt2 : 42 ms.
--------------------------------------------------
unsat
QF_NRA/20220314-Uncu/Polynomial_Proof_Calls/ProveIneq_Mitrinovic_4_41.smt2 : 42 ms.
--------------------------------------------------
unsat
QF_NRA/20220314-Uncu/Polynomial_Proof_Calls/ProveIneq_Mitrinovic_4_8.smt2 : 45 ms.
--------------------------------------------------
unsat
QF_NRA/20220314-Uncu/Polynomial_Proof_Calls/ProveIneq_Mitrinovic_7_36.smt2 : 43 ms.
--------------------------------------------------
unsat
QF_NRA/20220314-Uncu/Polynomial_Proof_Calls/ProveIneq_Mitrinovic_7_44.smt2 : 40 ms.
--------------------------------------------------
unsat
QF_NRA/20220314-Uncu/Polynomial_Proof_Calls/ProveIneq_Mitrinovic_8_25.smt2 : 42 ms.
