--------------------------------------------------
sat
QF_NRA/LassoRanker/CooperatingT2/a.10.c.t2.c_Iteration2_Loop_4-pieceTemplate.smt2 : 863858 ms.
--------------------------------------------------
sat
QF_NRA/LassoRanker/CooperatingT2/a.10.c.t2.c_Iteration5_Loop_4-pieceTemplate.smt2 : 932472 ms.
--------------------------------------------------
./solvers/z3_UD/run.sh: line 1: 19510 Segmentation fault      (core dumped) solvers/z3_UD/bin/z3 -smt2 $1 -T:$2
QF_NRA/LassoRanker/CooperatingT2/a.10.c.t2.c_Iteration6_Loop_4-pieceTemplate.smt2 : 299 ms.
--------------------------------------------------
./solvers/z3_UD/run.sh: line 1: 19523 Segmentation fault      (core dumped) solvers/z3_UD/bin/z3 -smt2 $1 -T:$2
QF_NRA/LassoRanker/CooperatingT2/a.10.c.t2.c_Iteration9_Loop_4-pieceTemplate.smt2 : 145 ms.
--------------------------------------------------
./solvers/z3_UD/run.sh: line 1: 19533 Segmentation fault      (core dumped) solvers/z3_UD/bin/z3 -smt2 $1 -T:$2
QF_NRA/LassoRanker/CooperatingT2/afagp-fail.t2.c_Iteration1_Lasso_3-pieceTemplate.smt2 : 458 ms.
--------------------------------------------------
./solvers/z3_UD/run.sh: line 1: 19540 Segmentation fault      (core dumped) solvers/z3_UD/bin/z3 -smt2 $1 -T:$2
QF_NRA/LassoRanker/CooperatingT2/afagp-fail.t2.c_Iteration1_Lasso_4-pieceTemplate.smt2 : 925 ms.
--------------------------------------------------
timeout
QF_NRA/LassoRanker/CooperatingT2/afagp-fail.t2.c_Iteration1_Lasso_5-phaseTemplate.smt2 : 1800053 ms.
--------------------------------------------------
timeout
QF_NRA/LassoRanker/CooperatingT2/afagp-fail.t2.c_Iteration1_Lasso_6-phaseTemplate.smt2 : 1800084 ms.
--------------------------------------------------
timeout
QF_NRA/LassoRanker/CooperatingT2/afagp-fail.t2.c_Iteration1_Lasso_7-phaseTemplate.smt2 : 1800063 ms.
--------------------------------------------------
timeout
QF_NRA/LassoRanker/CooperatingT2/agafp.t2.c_Iteration1_Lasso_3-pieceTemplate.smt2 : 1800045 ms.
--------------------------------------------------
timeout
QF_NRA/LassoRanker/CooperatingT2/agafp.t2.c_Iteration1_Lasso_4-pieceTemplate.smt2 : 1800049 ms.
--------------------------------------------------
./solvers/z3_UD/run.sh: line 1: 33029 Segmentation fault      (core dumped) solvers/z3_UD/bin/z3 -smt2 $1 -T:$2
QF_NRA/LassoRanker/CooperatingT2/agafp.t2.c_Iteration1_Lasso_5-phaseTemplate.smt2 : 102 ms.
--------------------------------------------------
./solvers/z3_UD/run.sh: line 1: 33036 Segmentation fault      (core dumped) solvers/z3_UD/bin/z3 -smt2 $1 -T:$2
QF_NRA/LassoRanker/CooperatingT2/agafp.t2.c_Iteration1_Lasso_6-phaseTemplate.smt2 : 105 ms.
--------------------------------------------------
./solvers/z3_UD/run.sh: line 1: 33043 Segmentation fault      (core dumped) solvers/z3_UD/bin/z3 -smt2 $1 -T:$2
QF_NRA/LassoRanker/CooperatingT2/agafp.t2.c_Iteration1_Lasso_7-phaseTemplate.smt2 : 106 ms.
--------------------------------------------------
timeout
QF_NRA/LassoRanker/CooperatingT2/bf10.t2.c_Iteration1_Loop_4-pieceTemplate.smt2 : 1800051 ms.
--------------------------------------------------
./solvers/z3_UD/run.sh: line 1: 33822 Segmentation fault      (core dumped) solvers/z3_UD/bin/z3 -smt2 $1 -T:$2
QF_NRA/LassoRanker/CooperatingT2/bf12.t2.c_Iteration1_Loop_4-pieceTemplate.smt2 : 9367 ms.
--------------------------------------------------
timeout
QF_NRA/LassoRanker/CooperatingT2/bf13.t2.c_Iteration1_Loop_4-pieceTemplate.smt2 : 1800054 ms.
--------------------------------------------------
timeout
QF_NRA/LassoRanker/CooperatingT2/bf20.t2.c_Iteration1_Loop_4-pieceTemplate.smt2 : 1800058 ms.
--------------------------------------------------
./solvers/z3_UD/run.sh: line 1: 35152 Segmentation fault      (core dumped) solvers/z3_UD/bin/z3 -smt2 $1 -T:$2
QF_NRA/LassoRanker/CooperatingT2/bf5.t2.c_Iteration1_Loop_4-pieceTemplate.smt2 : 702 ms.
--------------------------------------------------
./solvers/z3_UD/run.sh: line 1: 35164 Segmentation fault      (core dumped) solvers/z3_UD/bin/z3 -smt2 $1 -T:$2
QF_NRA/LassoRanker/CooperatingT2/bf6.t2.c_Iteration1_Loop_4-pieceTemplate.smt2 : 574 ms.
--------------------------------------------------
./solvers/z3_UD/run.sh: line 1: 35173 Segmentation fault      (core dumped) solvers/z3_UD/bin/z3 -smt2 $1 -T:$2
QF_NRA/LassoRanker/CooperatingT2/bitcount16.t2.c_Iteration1_Loop_4-pieceTemplate.smt2 : 1313 ms.
--------------------------------------------------
./solvers/z3_UD/run.sh: line 1: 35180 Segmentation fault      (core dumped) solvers/z3_UD/bin/z3 -smt2 $1 -T:$2
QF_NRA/LassoRanker/CooperatingT2/broydn.c.i.broydn.pl.t2.fixed.t2.c_Iteration1_Loop_4-pieceTemplate.smt2 : 1759 ms.
--------------------------------------------------
./solvers/z3_UD/run.sh: line 1: 35187 Segmentation fault      (core dumped) solvers/z3_UD/bin/z3 -smt2 $1 -T:$2
QF_NRA/LassoRanker/CooperatingT2/broydn.t2.c_Iteration1_Loop_4-pieceTemplate.smt2 : 1558 ms.
--------------------------------------------------
timeout
QF_NRA/LassoRanker/CooperatingT2/brp_withassume.t2.c_Iteration1_Loop_3-pieceTemplate.smt2 : 1800377 ms.
--------------------------------------------------
timeout
QF_NRA/LassoRanker/CooperatingT2/brp_withassume.t2.c_Iteration1_Loop_4-pieceTemplate.smt2 : 1800594 ms.
--------------------------------------------------
timeout
QF_NRA/LassoRanker/CooperatingT2/brp_withassume.t2.c_Iteration8_Loop_2-pieceTemplate.smt2 : 1800278 ms.
--------------------------------------------------
./solvers/z3_UD/run.sh: line 1: 36871 Segmentation fault      (core dumped) solvers/z3_UD/bin/z3 -smt2 $1 -T:$2
QF_NRA/LassoRanker/CooperatingT2/brp_withassume.t2.c_Iteration8_Loop_3-pieceTemplate.smt2 : 3680 ms.
--------------------------------------------------
timeout
QF_NRA/LassoRanker/CooperatingT2/brp_withassume.t2.c_Iteration8_Loop_4-pieceTemplate.smt2 : 1800700 ms.
--------------------------------------------------
./solvers/z3_UD/run.sh: line 1: 37412 Segmentation fault      (core dumped) solvers/z3_UD/bin/z3 -smt2 $1 -T:$2
QF_NRA/LassoRanker/CooperatingT2/bsort100.t2.c_Iteration12_Loop_4-pieceTemplate.smt2 : 4085 ms.
--------------------------------------------------
./solvers/z3_UD/run.sh: line 1: 37420 Segmentation fault      (core dumped) solvers/z3_UD/bin/z3 -smt2 $1 -T:$2
QF_NRA/LassoRanker/CooperatingT2/bsort100.t2.c_Iteration13_Loop_4-pieceTemplate.smt2 : 6438 ms.
--------------------------------------------------
sat
QF_NRA/LassoRanker/CooperatingT2/bubblesort_inner_loop.t2.c_Iteration1_Loop_3-pieceTemplate.smt2 : 328 ms.
--------------------------------------------------
sat
QF_NRA/LassoRanker/CooperatingT2/bubblesort_inner_loop.t2.c_Iteration1_Loop_4-pieceTemplate.smt2 : 1079 ms.
--------------------------------------------------
./solvers/z3_UD/run.sh: line 1: 37442 Segmentation fault      (core dumped) solvers/z3_UD/bin/z3 -smt2 $1 -T:$2
QF_NRA/LassoRanker/CooperatingT2/bubbleSort.t2.c_Iteration5_Loop_4-pieceTemplate.smt2 : 10318 ms.
--------------------------------------------------
./solvers/z3_UD/run.sh: line 1: 37449 Segmentation fault      (core dumped) solvers/z3_UD/bin/z3 -smt2 $1 -T:$2
QF_NRA/LassoRanker/CooperatingT2/bubbleSort.t2.c_Iteration6_Loop_4-pieceTemplate.smt2 : 6612 ms.
--------------------------------------------------
./solvers/z3_UD/run.sh: line 1: 37465 Segmentation fault      (core dumped) solvers/z3_UD/bin/z3 -smt2 $1 -T:$2
QF_NRA/LassoRanker/CooperatingT2/byron-1.t2.c_Iteration1_Loop_3-pieceTemplate.smt2 : 5428 ms.
--------------------------------------------------
./solvers/z3_UD/run.sh: line 1: 37473 Segmentation fault      (core dumped) solvers/z3_UD/bin/z3 -smt2 $1 -T:$2
QF_NRA/LassoRanker/CooperatingT2/byron-1.t2.c_Iteration1_Loop_4-pieceTemplate.smt2 : 5261 ms.
--------------------------------------------------
./solvers/z3_UD/run.sh: line 1: 37482 Segmentation fault      (core dumped) solvers/z3_UD/bin/z3 -smt2 $1 -T:$2
QF_NRA/LassoRanker/CooperatingT2/byron-2.t2.c_Iteration2_Loop_3-pieceTemplate.smt2 : 1125 ms.
--------------------------------------------------
./solvers/z3_UD/run.sh: line 1: 37489 Segmentation fault      (core dumped) solvers/z3_UD/bin/z3 -smt2 $1 -T:$2
QF_NRA/LassoRanker/CooperatingT2/byron-2.t2.c_Iteration2_Loop_4-pieceTemplate.smt2 : 1397 ms.
--------------------------------------------------
./solvers/z3_UD/run.sh: line 1: 37496 Segmentation fault      (core dumped) solvers/z3_UD/bin/z3 -smt2 $1 -T:$2
QF_NRA/LassoRanker/CooperatingT2/byron-2.t2.c_Iteration3_Loop_4-pieceTemplate.smt2 : 1605 ms.
--------------------------------------------------
./solvers/z3_UD/run.sh: line 1: 37503 Segmentation fault      (core dumped) solvers/z3_UD/bin/z3 -smt2 $1 -T:$2
QF_NRA/LassoRanker/CooperatingT2/byron-3.t2.c_Iteration1_Loop_4-pieceTemplate.smt2 : 202 ms.
--------------------------------------------------
./solvers/z3_UD/run.sh: line 1: 37510 Segmentation fault      (core dumped) solvers/z3_UD/bin/z3 -smt2 $1 -T:$2
QF_NRA/LassoRanker/CooperatingT2/collatz.t2.c_Iteration1_Loop_3-pieceTemplate.smt2 : 211 ms.
--------------------------------------------------
./solvers/z3_UD/run.sh: line 1: 37517 Segmentation fault      (core dumped) solvers/z3_UD/bin/z3 -smt2 $1 -T:$2
QF_NRA/LassoRanker/CooperatingT2/collatz.t2.c_Iteration1_Loop_4-pieceTemplate.smt2 : 2346 ms.
--------------------------------------------------
./solvers/z3_UD/run.sh: line 1: 37524 Segmentation fault      (core dumped) solvers/z3_UD/bin/z3 -smt2 $1 -T:$2
QF_NRA/LassoRanker/CooperatingT2/collatz.t2.c_Iteration3_Lasso_3-pieceTemplate.smt2 : 425 ms.
--------------------------------------------------
./solvers/z3_UD/run.sh: line 1: 37535 Segmentation fault      (core dumped) solvers/z3_UD/bin/z3 -smt2 $1 -T:$2
QF_NRA/LassoRanker/CooperatingT2/collatz.t2.c_Iteration3_Lasso_4-pieceTemplate.smt2 : 6304 ms.
--------------------------------------------------
./solvers/z3_UD/run.sh: line 1: 37542 Segmentation fault      (core dumped) solvers/z3_UD/bin/z3 -smt2 $1 -T:$2
QF_NRA/LassoRanker/CooperatingT2/collatz.t2.c_Iteration3_Lasso_6-phaseTemplate.smt2 : 5242 ms.
--------------------------------------------------
./solvers/z3_UD/run.sh: line 1: 37550 Segmentation fault      (core dumped) solvers/z3_UD/bin/z3 -smt2 $1 -T:$2
QF_NRA/LassoRanker/CooperatingT2/collatz.t2.c_Iteration3_Lasso_7-phaseTemplate.smt2 : 8335 ms.
--------------------------------------------------
./solvers/z3_UD/run.sh: line 1: 37560 Segmentation fault      (core dumped) solvers/z3_UD/bin/z3 -smt2 $1 -T:$2
QF_NRA/LassoRanker/CooperatingT2/collatz.t2.c_Iteration3_Loop_3-pieceTemplate.smt2 : 149 ms.
--------------------------------------------------
./solvers/z3_UD/run.sh: line 1: 37567 Segmentation fault      (core dumped) solvers/z3_UD/bin/z3 -smt2 $1 -T:$2
QF_NRA/LassoRanker/CooperatingT2/collatz.t2.c_Iteration3_Loop_4-pieceTemplate.smt2 : 1103 ms.
--------------------------------------------------
./solvers/z3_UD/run.sh: line 1: 37574 Segmentation fault      (core dumped) solvers/z3_UD/bin/z3 -smt2 $1 -T:$2
QF_NRA/LassoRanker/CooperatingT2/collatz.t2.c_Iteration3_Loop_6-phaseTemplate.smt2 : 5133 ms.
--------------------------------------------------
./solvers/z3_UD/run.sh: line 1: 37581 Segmentation fault      (core dumped) solvers/z3_UD/bin/z3 -smt2 $1 -T:$2
QF_NRA/LassoRanker/CooperatingT2/collatz.t2.c_Iteration3_Loop_7-phaseTemplate.smt2 : 5204 ms.
--------------------------------------------------
sat
QF_NRA/LassoRanker/CooperatingT2/consts1.t2.c_Iteration1_Lasso_4-pieceTemplate.smt2 : 3379 ms.
--------------------------------------------------
./solvers/z3_UD/run.sh: line 1: 37597 Segmentation fault      (core dumped) solvers/z3_UD/bin/z3 -smt2 $1 -T:$2
QF_NRA/LassoRanker/CooperatingT2/curious4.t2.c_Iteration1_Lasso_3-pieceTemplate.smt2 : 733 ms.
--------------------------------------------------
./solvers/z3_UD/run.sh: line 1: 37604 Segmentation fault      (core dumped) solvers/z3_UD/bin/z3 -smt2 $1 -T:$2
QF_NRA/LassoRanker/CooperatingT2/curious4.t2.c_Iteration1_Lasso_4-pieceTemplate.smt2 : 1747 ms.
--------------------------------------------------
./solvers/z3_UD/run.sh: line 1: 37616 Segmentation fault      (core dumped) solvers/z3_UD/bin/z3 -smt2 $1 -T:$2
QF_NRA/LassoRanker/CooperatingT2/db2.t2.c_Iteration3_Loop_4-pieceTemplate.smt2 : 8315 ms.
--------------------------------------------------
./solvers/z3_UD/run.sh: line 1: 37623 Segmentation fault      (core dumped) solvers/z3_UD/bin/z3 -smt2 $1 -T:$2
QF_NRA/LassoRanker/CooperatingT2/db3.t2.c_Iteration2_Loop_4-pieceTemplate.smt2 : 3416 ms.
--------------------------------------------------
./solvers/z3_UD/run.sh: line 1: 37630 Segmentation fault      (core dumped) solvers/z3_UD/bin/z3 -smt2 $1 -T:$2
QF_NRA/LassoRanker/CooperatingT2/disj_nightmare.t2.c_Iteration1_Lasso_2-pieceTemplate.smt2 : 5742 ms.
--------------------------------------------------
timeout
QF_NRA/LassoRanker/CooperatingT2/disj_nightmare.t2.c_Iteration1_Lasso_3-pieceTemplate.smt2 : 1800165 ms.
--------------------------------------------------
timeout
QF_NRA/LassoRanker/CooperatingT2/disj_nightmare.t2.c_Iteration1_Lasso_4-pieceTemplate.smt2 : 1800155 ms.
--------------------------------------------------
./solvers/z3_UD/run.sh: line 1: 38865 Segmentation fault      (core dumped) solvers/z3_UD/bin/z3 -smt2 $1 -T:$2
QF_NRA/LassoRanker/CooperatingT2/disj_nightmare.t2.c_Iteration1_Loop_2-pieceTemplate.smt2 : 644 ms.
--------------------------------------------------
./solvers/z3_UD/run.sh: line 1: 38873 Segmentation fault      (core dumped) solvers/z3_UD/bin/z3 -smt2 $1 -T:$2
QF_NRA/LassoRanker/CooperatingT2/disj_nightmare.t2.c_Iteration1_Loop_3-pieceTemplate.smt2 : 4133 ms.
--------------------------------------------------
timeout
QF_NRA/LassoRanker/CooperatingT2/disj_nightmare.t2.c_Iteration1_Loop_4-pieceTemplate.smt2 : 1800163 ms.
--------------------------------------------------
./solvers/z3_UD/run.sh: line 1: 39870 Segmentation fault      (core dumped) solvers/z3_UD/bin/z3 -smt2 $1 -T:$2
QF_NRA/LassoRanker/CooperatingT2/dropbuf.t2.c_Iteration2_Loop_3-pieceTemplate.smt2 : 383 ms.
--------------------------------------------------
./solvers/z3_UD/run.sh: line 1: 39882 Segmentation fault      (core dumped) solvers/z3_UD/bin/z3 -smt2 $1 -T:$2
QF_NRA/LassoRanker/CooperatingT2/dropbuf.t2.c_Iteration2_Loop_4-pieceTemplate.smt2 : 268 ms.
--------------------------------------------------
./solvers/z3_UD/run.sh: line 1: 39891 Segmentation fault      (core dumped) solvers/z3_UD/bin/z3 -smt2 $1 -T:$2
QF_NRA/LassoRanker/CooperatingT2/dropbuf.t2.c_Iteration3_Loop_4-pieceTemplate.smt2 : 7637 ms.
--------------------------------------------------
timeout
QF_NRA/LassoRanker/CooperatingT2/efegp.t2.c_Iteration1_Lasso_3-pieceTemplate.smt2 : 1800063 ms.
--------------------------------------------------
./solvers/z3_UD/run.sh: line 1: 40576 Segmentation fault      (core dumped) solvers/z3_UD/bin/z3 -smt2 $1 -T:$2
QF_NRA/LassoRanker/CooperatingT2/efegp.t2.c_Iteration1_Lasso_4-lexTemplate.smt2 : 1498 ms.
--------------------------------------------------
./solvers/z3_UD/run.sh: line 1: 40583 Segmentation fault      (core dumped) solvers/z3_UD/bin/z3 -smt2 $1 -T:$2
QF_NRA/LassoRanker/CooperatingT2/efegp.t2.c_Iteration1_Lasso_4-pieceTemplate.smt2 : 331 ms.
--------------------------------------------------
./solvers/z3_UD/run.sh: line 1: 40590 Segmentation fault      (core dumped) solvers/z3_UD/bin/z3 -smt2 $1 -T:$2
QF_NRA/LassoRanker/CooperatingT2/elmhes.c.i.elmhes.pl.t2.fixed.t2.c_Iteration2_Loop_4-pieceTemplate.smt2 : 599 ms.
--------------------------------------------------
./solvers/z3_UD/run.sh: line 1: 40597 Segmentation fault      (core dumped) solvers/z3_UD/bin/z3 -smt2 $1 -T:$2
QF_NRA/LassoRanker/CooperatingT2/elmhes.c.i.elmhes.pl.t2.fixed.t2.c_Iteration6_Loop_4-pieceTemplate.smt2 : 1832 ms.
--------------------------------------------------
./solvers/z3_UD/run.sh: line 1: 40604 Segmentation fault      (core dumped) solvers/z3_UD/bin/z3 -smt2 $1 -T:$2
QF_NRA/LassoRanker/CooperatingT2/elmhes.t2.c_Iteration2_Loop_4-pieceTemplate.smt2 : 3197 ms.
--------------------------------------------------
./solvers/z3_UD/run.sh: line 1: 40611 Segmentation fault      (core dumped) solvers/z3_UD/bin/z3 -smt2 $1 -T:$2
QF_NRA/LassoRanker/CooperatingT2/elmhes.t2.c_Iteration6_Loop_4-pieceTemplate.smt2 : 3796 ms.
--------------------------------------------------
sat
QF_NRA/LassoRanker/CooperatingT2/eric2.t2.c_Iteration11_Loop_4-pieceTemplate.smt2 : 253 ms.
--------------------------------------------------
timeout
QF_NRA/LassoRanker/CooperatingT2/eric2.t2.c_Iteration1_Loop_4-pieceTemplate.smt2 : 1800038 ms.
--------------------------------------------------
./solvers/z3_UD/run.sh: line 1: 41278 Segmentation fault      (core dumped) solvers/z3_UD/bin/z3 -smt2 $1 -T:$2
QF_NRA/LassoRanker/CooperatingT2/eric2.t2.c_Iteration2_Loop_3-pieceTemplate.smt2 : 293 ms.
--------------------------------------------------
./solvers/z3_UD/run.sh: line 1: 41290 Segmentation fault      (core dumped) solvers/z3_UD/bin/z3 -smt2 $1 -T:$2
QF_NRA/LassoRanker/CooperatingT2/eric2.t2.c_Iteration2_Loop_4-pieceTemplate.smt2 : 213 ms.
--------------------------------------------------
./solvers/z3_UD/run.sh: line 1: 41299 Segmentation fault      (core dumped) solvers/z3_UD/bin/z3 -smt2 $1 -T:$2
QF_NRA/LassoRanker/CooperatingT2/eric2.t2.c_Iteration3_Loop_4-pieceTemplate.smt2 : 429 ms.
--------------------------------------------------
./solvers/z3_UD/run.sh: line 1: 41306 Segmentation fault      (core dumped) solvers/z3_UD/bin/z3 -smt2 $1 -T:$2
QF_NRA/LassoRanker/CooperatingT2/eric2.t2.c_Iteration3_Loop_7-phaseTemplate.smt2 : 1080 ms.
--------------------------------------------------
./solvers/z3_UD/run.sh: line 1: 41313 Segmentation fault      (core dumped) solvers/z3_UD/bin/z3 -smt2 $1 -T:$2
QF_NRA/LassoRanker/CooperatingT2/eric2.t2.c_Iteration4_Loop_3-pieceTemplate.smt2 : 214 ms.
--------------------------------------------------
./solvers/z3_UD/run.sh: line 1: 41320 Segmentation fault      (core dumped) solvers/z3_UD/bin/z3 -smt2 $1 -T:$2
QF_NRA/LassoRanker/CooperatingT2/eric2.t2.c_Iteration4_Loop_4-pieceTemplate.smt2 : 194 ms.
--------------------------------------------------
timeout
QF_NRA/LassoRanker/CooperatingT2/eric2.t2.c_Iteration5_Loop_4-pieceTemplate.smt2 : 1800050 ms.
--------------------------------------------------
./solvers/z3_UD/run.sh: line 1: 41709 Segmentation fault      (core dumped) solvers/z3_UD/bin/z3 -smt2 $1 -T:$2
QF_NRA/LassoRanker/CooperatingT2/eric2.t2.c_Iteration6_Loop_4-pieceTemplate.smt2 : 10193 ms.
--------------------------------------------------
./solvers/z3_UD/run.sh: line 1: 41721 Segmentation fault      (core dumped) solvers/z3_UD/bin/z3 -smt2 $1 -T:$2
QF_NRA/LassoRanker/CooperatingT2/eric2.t2.c_Iteration7_Loop_3-pieceTemplate.smt2 : 267 ms.
--------------------------------------------------
./solvers/z3_UD/run.sh: line 1: 41730 Segmentation fault      (core dumped) solvers/z3_UD/bin/z3 -smt2 $1 -T:$2
QF_NRA/LassoRanker/CooperatingT2/eric2.t2.c_Iteration7_Loop_4-pieceTemplate.smt2 : 294 ms.
--------------------------------------------------
timeout
QF_NRA/LassoRanker/CooperatingT2/eric2.t2.c_Iteration8_Loop_3-pieceTemplate.smt2 : 1800056 ms.
--------------------------------------------------
./solvers/z3_UD/run.sh: line 1: 42312 Segmentation fault      (core dumped) solvers/z3_UD/bin/z3 -smt2 $1 -T:$2
QF_NRA/LassoRanker/CooperatingT2/eric2.t2.c_Iteration8_Loop_4-pieceTemplate.smt2 : 370 ms.
--------------------------------------------------
./solvers/z3_UD/run.sh: line 1: 42324 Segmentation fault      (core dumped) solvers/z3_UD/bin/z3 -smt2 $1 -T:$2
QF_NRA/LassoRanker/CooperatingT2/eric2.t2.c_Iteration9_Loop_3-pieceTemplate.smt2 : 238 ms.
--------------------------------------------------
./solvers/z3_UD/run.sh: line 1: 42333 Segmentation fault      (core dumped) solvers/z3_UD/bin/z3 -smt2 $1 -T:$2
QF_NRA/LassoRanker/CooperatingT2/eric2.t2.c_Iteration9_Loop_4-pieceTemplate.smt2 : 274 ms.
--------------------------------------------------
./solvers/z3_UD/run.sh: line 1: 42340 Segmentation fault      (core dumped) solvers/z3_UD/bin/z3 -smt2 $1 -T:$2
QF_NRA/LassoRanker/CooperatingT2/eric.t2.c_Iteration1_Lasso_2-pieceTemplate.smt2 : 11633 ms.
--------------------------------------------------
./solvers/z3_UD/run.sh: line 1: 42352 Segmentation fault      (core dumped) solvers/z3_UD/bin/z3 -smt2 $1 -T:$2
QF_NRA/LassoRanker/CooperatingT2/eric.t2.c_Iteration1_Lasso_3-pieceTemplate.smt2 : 3333 ms.
--------------------------------------------------
./solvers/z3_UD/run.sh: line 1: 42359 Segmentation fault      (core dumped) solvers/z3_UD/bin/z3 -smt2 $1 -T:$2
QF_NRA/LassoRanker/CooperatingT2/eric.t2.c_Iteration1_Lasso_4-pieceTemplate.smt2 : 1850 ms.
--------------------------------------------------
timeout
QF_NRA/LassoRanker/CooperatingT2/eric.t2.c_Iteration1_Lasso_5-phaseTemplate.smt2 : 1800050 ms.
--------------------------------------------------
timeout
QF_NRA/LassoRanker/CooperatingT2/eric.t2.c_Iteration1_Lasso_6-phaseTemplate.smt2 : 1800076 ms.
--------------------------------------------------
timeout
QF_NRA/LassoRanker/CooperatingT2/eric.t2.c_Iteration1_Lasso_7-phaseTemplate.smt2 : 1800069 ms.
--------------------------------------------------
./solvers/z3_UD/run.sh: line 1: 43724 Segmentation fault      (core dumped) solvers/z3_UD/bin/z3 -smt2 $1 -T:$2
QF_NRA/LassoRanker/CooperatingT2/eric.t2.c_Iteration1_Loop_2-pieceTemplate.smt2 : 1068 ms.
--------------------------------------------------
./solvers/z3_UD/run.sh: line 1: 43731 Segmentation fault      (core dumped) solvers/z3_UD/bin/z3 -smt2 $1 -T:$2
QF_NRA/LassoRanker/CooperatingT2/eric.t2.c_Iteration1_Loop_3-pieceTemplate.smt2 : 1484 ms.
--------------------------------------------------
timeout
QF_NRA/LassoRanker/CooperatingT2/eric.t2.c_Iteration1_Loop_4-pieceTemplate.smt2 : 1800065 ms.
--------------------------------------------------
./solvers/z3_UD/run.sh: line 1: 44121 Segmentation fault      (core dumped) solvers/z3_UD/bin/z3 -smt2 $1 -T:$2
QF_NRA/LassoRanker/CooperatingT2/eric.t2.c_Iteration1_Loop_5-phaseTemplate.smt2 : 658 ms.
--------------------------------------------------
./solvers/z3_UD/run.sh: line 1: 44128 Segmentation fault      (core dumped) solvers/z3_UD/bin/z3 -smt2 $1 -T:$2
QF_NRA/LassoRanker/CooperatingT2/eric.t2.c_Iteration1_Loop_6-phaseTemplate.smt2 : 2945 ms.
--------------------------------------------------
./solvers/z3_UD/run.sh: line 1: 44135 Segmentation fault      (core dumped) solvers/z3_UD/bin/z3 -smt2 $1 -T:$2
QF_NRA/LassoRanker/CooperatingT2/eric.t2.c_Iteration1_Loop_7-phaseTemplate.smt2 : 772 ms.
--------------------------------------------------
./solvers/z3_UD/run.sh: line 1: 44142 Segmentation fault      (core dumped) solvers/z3_UD/bin/z3 -smt2 $1 -T:$2
QF_NRA/LassoRanker/CooperatingT2/ex11.t2.c_Iteration1_Lasso_2-pieceTemplate.smt2 : 5102 ms.
--------------------------------------------------
./solvers/z3_UD/run.sh: line 1: 44150 Segmentation fault      (core dumped) solvers/z3_UD/bin/z3 -smt2 $1 -T:$2
QF_NRA/LassoRanker/CooperatingT2/ex11.t2.c_Iteration1_Lasso_3-pieceTemplate.smt2 : 1421 ms.
--------------------------------------------------
./solvers/z3_UD/run.sh: line 1: 44157 Segmentation fault      (core dumped) solvers/z3_UD/bin/z3 -smt2 $1 -T:$2
QF_NRA/LassoRanker/CooperatingT2/ex11.t2.c_Iteration1_Lasso_4-lexTemplate.smt2 : 555 ms.
--------------------------------------------------
unsat
QF_NRA/LassoRanker/CooperatingT2/ex11.t2.c_Iteration1_Lasso_4-phaseTemplate.smt2 : 4128 ms.
--------------------------------------------------
./solvers/z3_UD/run.sh: line 1: 44170 Segmentation fault      (core dumped) solvers/z3_UD/bin/z3 -smt2 $1 -T:$2
QF_NRA/LassoRanker/CooperatingT2/ex11.t2.c_Iteration1_Lasso_4-pieceTemplate.smt2 : 3794 ms.
--------------------------------------------------
./solvers/z3_UD/run.sh: line 1: 44180 Segmentation fault      (core dumped) solvers/z3_UD/bin/z3 -smt2 $1 -T:$2
QF_NRA/LassoRanker/CooperatingT2/ex11.t2.c_Iteration1_Lasso_5-phaseTemplate.smt2 : 11803 ms.
--------------------------------------------------
timeout
QF_NRA/LassoRanker/CooperatingT2/ex11.t2.c_Iteration1_Lasso_6-phaseTemplate.smt2 : 1800108 ms.
--------------------------------------------------
timeout
QF_NRA/LassoRanker/CooperatingT2/ex11.t2.c_Iteration1_Lasso_7-phaseTemplate.smt2 : 1800124 ms.
--------------------------------------------------
./solvers/z3_UD/run.sh: line 1: 45104 Segmentation fault      (core dumped) solvers/z3_UD/bin/z3 -smt2 $1 -T:$2
QF_NRA/LassoRanker/CooperatingT2/ex12.t2.c_Iteration1_Loop_4-pieceTemplate.smt2 : 256 ms.
--------------------------------------------------
sat
QF_NRA/LassoRanker/CooperatingT2/ex14.t2.c_Iteration1_Loop_4-pieceTemplate.smt2 : 170 ms.
--------------------------------------------------
./solvers/z3_UD/run.sh: line 1: 45124 Segmentation fault      (core dumped) solvers/z3_UD/bin/z3 -smt2 $1 -T:$2
QF_NRA/LassoRanker/CooperatingT2/ex18.t2.c_Iteration2_Loop_4-pieceTemplate.smt2 : 3533 ms.
--------------------------------------------------
sat
QF_NRA/LassoRanker/CooperatingT2/ex21.t2.c_Iteration1_Loop_3-pieceTemplate.smt2 : 256420 ms.
--------------------------------------------------
timeout
QF_NRA/LassoRanker/CooperatingT2/ex21.t2.c_Iteration1_Loop_4-pieceTemplate.smt2 : 1800054 ms.
--------------------------------------------------
timeout
QF_NRA/LassoRanker/CooperatingT2/ex21.t2.c_Iteration2_Loop_4-pieceTemplate.smt2 : 1800056 ms.
--------------------------------------------------
./solvers/z3_UD/run.sh: line 1: 45994 Segmentation fault      (core dumped) solvers/z3_UD/bin/z3 -smt2 $1 -T:$2
QF_NRA/LassoRanker/CooperatingT2/ex4.t2.c_Iteration1_Loop_4-pieceTemplate.smt2 : 646 ms.
--------------------------------------------------
./solvers/z3_UD/run.sh: line 1: 46006 Segmentation fault      (core dumped) solvers/z3_UD/bin/z3 -smt2 $1 -T:$2
QF_NRA/LassoRanker/CooperatingT2/ex4.t2.c_Iteration2_Loop_3-pieceTemplate.smt2 : 165 ms.
--------------------------------------------------
./solvers/z3_UD/run.sh: line 1: 46015 Segmentation fault      (core dumped) solvers/z3_UD/bin/z3 -smt2 $1 -T:$2
QF_NRA/LassoRanker/CooperatingT2/ex4.t2.c_Iteration2_Loop_4-pieceTemplate.smt2 : 2453 ms.
--------------------------------------------------
./solvers/z3_UD/run.sh: line 1: 46022 Segmentation fault      (core dumped) solvers/z3_UD/bin/z3 -smt2 $1 -T:$2
QF_NRA/LassoRanker/CooperatingT2/example.t2.c_Iteration1_Loop_4-pieceTemplate.smt2 : 2906 ms.
--------------------------------------------------
./solvers/z3_UD/run.sh: line 1: 46029 Segmentation fault      (core dumped) solvers/z3_UD/bin/z3 -smt2 $1 -T:$2
QF_NRA/LassoRanker/CooperatingT2/fibcall.t2.c_Iteration1_Loop_4-pieceTemplate.smt2 : 3664 ms.
--------------------------------------------------
./solvers/z3_UD/run.sh: line 1: 46036 Segmentation fault      (core dumped) solvers/z3_UD/bin/z3 -smt2 $1 -T:$2
QF_NRA/LassoRanker/CooperatingT2/firewire.t2.c_Iteration1_Lasso_3-pieceTemplate.smt2 : 2025 ms.
--------------------------------------------------
./solvers/z3_UD/run.sh: line 1: 46043 Segmentation fault      (core dumped) solvers/z3_UD/bin/z3 -smt2 $1 -T:$2
QF_NRA/LassoRanker/CooperatingT2/firewire.t2.c_Iteration1_Lasso_4-lexTemplate.smt2 : 1041 ms.
--------------------------------------------------
./solvers/z3_UD/run.sh: line 1: 46050 Segmentation fault      (core dumped) solvers/z3_UD/bin/z3 -smt2 $1 -T:$2
QF_NRA/LassoRanker/CooperatingT2/firewire.t2.c_Iteration1_Lasso_4-pieceTemplate.smt2 : 3744 ms.
--------------------------------------------------
sat
QF_NRA/LassoRanker/CooperatingT2/firewire.t2.c_Iteration1_Lasso_5-phaseTemplate.smt2 : 4575 ms.
--------------------------------------------------
sat
QF_NRA/LassoRanker/CooperatingT2/firewire.t2.c_Iteration1_Lasso_6-nestedTemplate.smt2 : 4093 ms.
--------------------------------------------------
./solvers/z3_UD/run.sh: line 1: 46072 Segmentation fault      (core dumped) solvers/z3_UD/bin/z3 -smt2 $1 -T:$2
QF_NRA/LassoRanker/CooperatingT2/firewire.t2.c_Iteration1_Lasso_6-phaseTemplate.smt2 : 6389 ms.
--------------------------------------------------
sat
QF_NRA/LassoRanker/CooperatingT2/firewire.t2.c_Iteration1_Lasso_7-nestedTemplate.smt2 : 4738 ms.
--------------------------------------------------
./solvers/z3_UD/run.sh: line 1: 46088 Segmentation fault      (core dumped) solvers/z3_UD/bin/z3 -smt2 $1 -T:$2
QF_NRA/LassoRanker/CooperatingT2/firewire.t2.c_Iteration1_Lasso_7-phaseTemplate.smt2 : 11619 ms.
--------------------------------------------------
./solvers/z3_UD/run.sh: line 1: 46095 Segmentation fault      (core dumped) solvers/z3_UD/bin/z3 -smt2 $1 -T:$2
QF_NRA/LassoRanker/CooperatingT2/firewire.t2.c_Iteration3_Loop_3-pieceTemplate.smt2 : 325 ms.
--------------------------------------------------
./solvers/z3_UD/run.sh: line 1: 46102 Segmentation fault      (core dumped) solvers/z3_UD/bin/z3 -smt2 $1 -T:$2
QF_NRA/LassoRanker/CooperatingT2/firewire.t2.c_Iteration3_Loop_4-pieceTemplate.smt2 : 5581 ms.
--------------------------------------------------
./solvers/z3_UD/run.sh: line 1: 46116 Segmentation fault      (core dumped) solvers/z3_UD/bin/z3 -smt2 $1 -T:$2
QF_NRA/LassoRanker/CooperatingT2/flipflop.t2.c_Iteration1_Lasso_2-pieceTemplate.smt2 : 4955 ms.
--------------------------------------------------
timeout
QF_NRA/LassoRanker/CooperatingT2/flipflop.t2.c_Iteration1_Lasso_3-pieceTemplate.smt2 : 1800036 ms.
--------------------------------------------------
timeout
QF_NRA/LassoRanker/CooperatingT2/flipflop.t2.c_Iteration1_Lasso_4-pieceTemplate.smt2 : 1800042 ms.
--------------------------------------------------
timeout
QF_NRA/LassoRanker/CooperatingT2/flipflop.t2.c_Iteration1_Loop_2-pieceTemplate.smt2 : 1800045 ms.
--------------------------------------------------
timeout
QF_NRA/LassoRanker/CooperatingT2/flipflop.t2.c_Iteration1_Loop_3-pieceTemplate.smt2 : 1800040 ms.
--------------------------------------------------
timeout
QF_NRA/LassoRanker/CooperatingT2/flipflop.t2.c_Iteration1_Loop_4-pieceTemplate.smt2 : 1800046 ms.
--------------------------------------------------
./solvers/z3_UD/run.sh: line 1: 48698 Segmentation fault      (core dumped) solvers/z3_UD/bin/z3 -smt2 $1 -T:$2
QF_NRA/LassoRanker/CooperatingT2/fuhs-inflasso.t2.c_Iteration2_Loop_4-pieceTemplate.smt2 : 5456 ms.
--------------------------------------------------
./solvers/z3_UD/run.sh: line 1: 48710 Segmentation fault      (core dumped) solvers/z3_UD/bin/z3 -smt2 $1 -T:$2
QF_NRA/LassoRanker/CooperatingT2/fun4.t2.c_Iteration1_Lasso_2-pieceTemplate.smt2 : 5267 ms.
--------------------------------------------------
timeout
QF_NRA/LassoRanker/CooperatingT2/fun4.t2.c_Iteration1_Lasso_3-pieceTemplate.smt2 : 1800056 ms.
--------------------------------------------------
./solvers/z3_UD/run.sh: line 1: 49075 Segmentation fault      (core dumped) solvers/z3_UD/bin/z3 -smt2 $1 -T:$2
QF_NRA/LassoRanker/CooperatingT2/fun4.t2.c_Iteration1_Lasso_4-pieceTemplate.smt2 : 8592 ms.
--------------------------------------------------
unsat
QF_NRA/LassoRanker/CooperatingT2/fun4.t2.c_Iteration1_Lasso_6-phaseTemplate.smt2 : 481 ms.
--------------------------------------------------
unsat
QF_NRA/LassoRanker/CooperatingT2/fun4.t2.c_Iteration1_Lasso_7-phaseTemplate.smt2 : 586 ms.
--------------------------------------------------
./solvers/z3_UD/run.sh: line 1: 49101 Segmentation fault      (core dumped) solvers/z3_UD/bin/z3 -smt2 $1 -T:$2
QF_NRA/LassoRanker/CooperatingT2/fun4.t2.c_Iteration1_Loop_3-pieceTemplate.smt2 : 9390 ms.
--------------------------------------------------
./solvers/z3_UD/run.sh: line 1: 49108 Segmentation fault      (core dumped) solvers/z3_UD/bin/z3 -smt2 $1 -T:$2
QF_NRA/LassoRanker/CooperatingT2/fun4.t2.c_Iteration1_Loop_4-pieceTemplate.smt2 : 4955 ms.
--------------------------------------------------
./solvers/z3_UD/run.sh: line 1: 49115 Segmentation fault      (core dumped) solvers/z3_UD/bin/z3 -smt2 $1 -T:$2
QF_NRA/LassoRanker/CooperatingT2/fun8.t2.c_Iteration2_Loop_3-pieceTemplate.smt2 : 231 ms.
--------------------------------------------------
./solvers/z3_UD/run.sh: line 1: 49122 Segmentation fault      (core dumped) solvers/z3_UD/bin/z3 -smt2 $1 -T:$2
QF_NRA/LassoRanker/CooperatingT2/fun8.t2.c_Iteration2_Loop_4-pieceTemplate.smt2 : 760 ms.
--------------------------------------------------
./solvers/z3_UD/run.sh: line 1: 49129 Segmentation fault      (core dumped) solvers/z3_UD/bin/z3 -smt2 $1 -T:$2
QF_NRA/LassoRanker/CooperatingT2/fun9.t2.c_Iteration1_Loop_4-pieceTemplate.smt2 : 297 ms.
--------------------------------------------------
./solvers/z3_UD/run.sh: line 1: 49136 Segmentation fault      (core dumped) solvers/z3_UD/bin/z3 -smt2 $1 -T:$2
QF_NRA/LassoRanker/CooperatingT2/fun9.t2.c_Iteration2_Loop_4-pieceTemplate.smt2 : 122 ms.
--------------------------------------------------
./solvers/z3_UD/run.sh: line 1: 49143 Segmentation fault      (core dumped) solvers/z3_UD/bin/z3 -smt2 $1 -T:$2
QF_NRA/LassoRanker/CooperatingT2/fun9.t2.c_Iteration3_Loop_4-pieceTemplate.smt2 : 126 ms.
--------------------------------------------------
./solvers/z3_UD/run.sh: line 1: 49150 Segmentation fault      (core dumped) solvers/z3_UD/bin/z3 -smt2 $1 -T:$2
QF_NRA/LassoRanker/CooperatingT2/fun9.t2.c_Iteration4_Loop_3-pieceTemplate.smt2 : 191 ms.
--------------------------------------------------
./solvers/z3_UD/run.sh: line 1: 49157 Segmentation fault      (core dumped) solvers/z3_UD/bin/z3 -smt2 $1 -T:$2
QF_NRA/LassoRanker/CooperatingT2/fun9.t2.c_Iteration4_Loop_4-pieceTemplate.smt2 : 206 ms.
--------------------------------------------------
./solvers/z3_UD/run.sh: line 1: 49164 Segmentation fault      (core dumped) solvers/z3_UD/bin/z3 -smt2 $1 -T:$2
QF_NRA/LassoRanker/CooperatingT2/graycode.t2.c_Iteration15_Loop_3-pieceTemplate.smt2 : 201 ms.
--------------------------------------------------
./solvers/z3_UD/run.sh: line 1: 49171 Segmentation fault      (core dumped) solvers/z3_UD/bin/z3 -smt2 $1 -T:$2
QF_NRA/LassoRanker/CooperatingT2/graycode.t2.c_Iteration15_Loop_4-pieceTemplate.smt2 : 225 ms.
--------------------------------------------------
./solvers/z3_UD/run.sh: line 1: 49178 Segmentation fault      (core dumped) solvers/z3_UD/bin/z3 -smt2 $1 -T:$2
QF_NRA/LassoRanker/CooperatingT2/graycode.t2.c_Iteration22_Loop_4-pieceTemplate.smt2 : 377 ms.
--------------------------------------------------
./solvers/z3_UD/run.sh: line 1: 49185 Segmentation fault      (core dumped) solvers/z3_UD/bin/z3 -smt2 $1 -T:$2
QF_NRA/LassoRanker/CooperatingT2/graycode.t2.c_Iteration3_Loop_4-pieceTemplate.smt2 : 301 ms.
--------------------------------------------------
timeout
QF_NRA/LassoRanker/CooperatingT2/heidy7-simple.t2.c_Iteration2_Lasso_3-pieceTemplate.smt2 : 1800035 ms.
--------------------------------------------------
timeout
QF_NRA/LassoRanker/CooperatingT2/heidy7-simple.t2.c_Iteration2_Lasso_4-pieceTemplate.smt2 : 1800045 ms.
--------------------------------------------------
sat
QF_NRA/LassoRanker/CooperatingT2/heidy7.t2.c_Iteration1_Loop_3-pieceTemplate.smt2 : 445 ms.
--------------------------------------------------
./solvers/z3_UD/run.sh: line 1: 49887 Segmentation fault      (core dumped) solvers/z3_UD/bin/z3 -smt2 $1 -T:$2
QF_NRA/LassoRanker/CooperatingT2/heidy7.t2.c_Iteration1_Loop_4-pieceTemplate.smt2 : 735 ms.
--------------------------------------------------
unsat
QF_NRA/LassoRanker/CooperatingT2/heidy7.t2.c_Iteration2_Lasso_2-pieceTemplate.smt2 : 2191 ms.
--------------------------------------------------
./solvers/z3_UD/run.sh: line 1: 49910 Segmentation fault      (core dumped) solvers/z3_UD/bin/z3 -smt2 $1 -T:$2
QF_NRA/LassoRanker/CooperatingT2/heidy7.t2.c_Iteration2_Lasso_3-pieceTemplate.smt2 : 152 ms.
--------------------------------------------------
./solvers/z3_UD/run.sh: line 1: 49917 Segmentation fault      (core dumped) solvers/z3_UD/bin/z3 -smt2 $1 -T:$2
QF_NRA/LassoRanker/CooperatingT2/heidy7.t2.c_Iteration2_Lasso_4-pieceTemplate.smt2 : 575 ms.
--------------------------------------------------
sat
QF_NRA/LassoRanker/CooperatingT2/heidy8.t2.c_Iteration1_Loop_3-pieceTemplate.smt2 : 400 ms.
--------------------------------------------------
./solvers/z3_UD/run.sh: line 1: 49931 Segmentation fault      (core dumped) solvers/z3_UD/bin/z3 -smt2 $1 -T:$2
QF_NRA/LassoRanker/CooperatingT2/heidy8.t2.c_Iteration1_Loop_4-pieceTemplate.smt2 : 741 ms.
--------------------------------------------------
timeout
QF_NRA/LassoRanker/CooperatingT2/hongyi1.t2.c_Iteration1_Loop_3-pieceTemplate.smt2 : 1800356 ms.
--------------------------------------------------
timeout
QF_NRA/LassoRanker/CooperatingT2/hongyi1.t2.c_Iteration1_Loop_4-pieceTemplate.smt2 : 1800806 ms.
--------------------------------------------------
timeout
QF_NRA/LassoRanker/CooperatingT2/iecs.t2.c_Iteration1_Loop_4-pieceTemplate.smt2 : 1800042 ms.
--------------------------------------------------
sat
QF_NRA/LassoRanker/CooperatingT2/insertsort.t2.c_Iteration1_Loop_4-pieceTemplate.smt2 : 290 ms.
--------------------------------------------------
./solvers/z3_UD/run.sh: line 1: 51052 Segmentation fault      (core dumped) solvers/z3_UD/bin/z3 -smt2 $1 -T:$2
QF_NRA/LassoRanker/CooperatingT2/jacobi.c.i.jacobi.pl.t2.fixed.t2.c_Iteration4_Loop_4-pieceTemplate.smt2 : 5394 ms.
--------------------------------------------------
./solvers/z3_UD/run.sh: line 1: 51065 Segmentation fault      (core dumped) solvers/z3_UD/bin/z3 -smt2 $1 -T:$2
QF_NRA/LassoRanker/CooperatingT2/jacobi.c.i.jacobi.pl.t2.fixed.t2.c_Iteration5_Loop_4-pieceTemplate.smt2 : 1793 ms.
--------------------------------------------------
./solvers/z3_UD/run.sh: line 1: 51078 Segmentation fault      (core dumped) solvers/z3_UD/bin/z3 -smt2 $1 -T:$2
QF_NRA/LassoRanker/CooperatingT2/jacobi.c.i.jacobi.pl.t2.nor.t2.rlgfixed.t2.c_Iteration5_Loop_4-pieceTemplate.smt2 : 399 ms.
--------------------------------------------------
./solvers/z3_UD/run.sh: line 1: 51085 Segmentation fault      (core dumped) solvers/z3_UD/bin/z3 -smt2 $1 -T:$2
QF_NRA/LassoRanker/CooperatingT2/jacobi.t2.c_Iteration4_Loop_4-pieceTemplate.smt2 : 2048 ms.
--------------------------------------------------
./solvers/z3_UD/run.sh: line 1: 51092 Segmentation fault      (core dumped) solvers/z3_UD/bin/z3 -smt2 $1 -T:$2
QF_NRA/LassoRanker/CooperatingT2/jacobi.t2.c_Iteration5_Loop_4-pieceTemplate.smt2 : 606 ms.
--------------------------------------------------
sat
QF_NRA/LassoRanker/CooperatingT2/loop3.t2.c_Iteration29_Lasso_4-pieceTemplate.smt2 : 1021309 ms.
--------------------------------------------------
./solvers/z3_UD/run.sh: line 1: 51290 Segmentation fault      (core dumped) solvers/z3_UD/bin/z3 -smt2 $1 -T:$2
QF_NRA/LassoRanker/CooperatingT2/loop3.t2.c_Iteration32_Lasso_4-pieceTemplate.smt2 : 5375 ms.
--------------------------------------------------
sat
QF_NRA/LassoRanker/CooperatingT2/loop3.t2.c_Iteration4_Loop_4-pieceTemplate.smt2 : 167 ms.
--------------------------------------------------
sat
QF_NRA/LassoRanker/CooperatingT2/loop_on_input.t2.c_Iteration1_Loop_4-pieceTemplate.smt2 : 1077 ms.
--------------------------------------------------
./solvers/z3_UD/run.sh: line 1: 51312 Segmentation fault      (core dumped) solvers/z3_UD/bin/z3 -smt2 $1 -T:$2
QF_NRA/LassoRanker/CooperatingT2/magic.t2.c_Iteration2_Loop_4-pieceTemplate.smt2 : 12687 ms.
--------------------------------------------------
./solvers/z3_UD/run.sh: line 1: 51333 Segmentation fault      (core dumped) solvers/z3_UD/bin/z3 -smt2 $1 -T:$2
QF_NRA/LassoRanker/CooperatingT2/magic.t2.c_Iteration4_Loop_4-pieceTemplate.smt2 : 262 ms.
--------------------------------------------------
./solvers/z3_UD/run.sh: line 1: 51340 Segmentation fault      (core dumped) solvers/z3_UD/bin/z3 -smt2 $1 -T:$2
QF_NRA/LassoRanker/CooperatingT2/matrixsqrt.t2.c_Iteration12_Loop_3-pieceTemplate.smt2 : 165 ms.
--------------------------------------------------
./solvers/z3_UD/run.sh: line 1: 51347 Segmentation fault      (core dumped) solvers/z3_UD/bin/z3 -smt2 $1 -T:$2
QF_NRA/LassoRanker/CooperatingT2/matrixsqrt.t2.c_Iteration12_Loop_4-pieceTemplate.smt2 : 1043 ms.
--------------------------------------------------
./solvers/z3_UD/run.sh: line 1: 51354 Segmentation fault      (core dumped) solvers/z3_UD/bin/z3 -smt2 $1 -T:$2
QF_NRA/LassoRanker/CooperatingT2/matrixsqrt.t2.c_Iteration2_Loop_4-pieceTemplate.smt2 : 4494 ms.
--------------------------------------------------
./solvers/z3_UD/run.sh: line 1: 51362 Segmentation fault      (core dumped) solvers/z3_UD/bin/z3 -smt2 $1 -T:$2
QF_NRA/LassoRanker/CooperatingT2/matrixsqrt.t2.c_Iteration4_Loop_4-pieceTemplate.smt2 : 5385 ms.
--------------------------------------------------
./solvers/z3_UD/run.sh: line 1: 51383 Segmentation fault      (core dumped) solvers/z3_UD/bin/z3 -smt2 $1 -T:$2
QF_NRA/LassoRanker/CooperatingT2/matrixsqrt.t2.c_Iteration6_Loop_4-pieceTemplate.smt2 : 387 ms.
--------------------------------------------------
./solvers/z3_UD/run.sh: line 1: 51390 Segmentation fault      (core dumped) solvers/z3_UD/bin/z3 -smt2 $1 -T:$2
QF_NRA/LassoRanker/CooperatingT2/mc91test.t2.c_Iteration2_Loop_4-pieceTemplate.smt2 : 323 ms.
--------------------------------------------------
./solvers/z3_UD/run.sh: line 1: 51397 Segmentation fault      (core dumped) solvers/z3_UD/bin/z3 -smt2 $1 -T:$2
QF_NRA/LassoRanker/CooperatingT2/mc91test.t2.c_Iteration3_Loop_4-pieceTemplate.smt2 : 860 ms.
--------------------------------------------------
./solvers/z3_UD/run.sh: line 1: 51404 Segmentation fault      (core dumped) solvers/z3_UD/bin/z3 -smt2 $1 -T:$2
QF_NRA/LassoRanker/CooperatingT2/mc91test.t2.c_Iteration5_Loop_3-pieceTemplate.smt2 : 168 ms.
--------------------------------------------------
./solvers/z3_UD/run.sh: line 1: 51411 Segmentation fault      (core dumped) solvers/z3_UD/bin/z3 -smt2 $1 -T:$2
QF_NRA/LassoRanker/CooperatingT2/mc91test.t2.c_Iteration5_Loop_4-pieceTemplate.smt2 : 535 ms.
--------------------------------------------------
sat
QF_NRA/LassoRanker/CooperatingT2/mc91test.t2.c_Iteration6_Loop_7-phaseTemplate.smt2 : 229 ms.
--------------------------------------------------
./solvers/z3_UD/run.sh: line 1: 51424 Segmentation fault      (core dumped) solvers/z3_UD/bin/z3 -smt2 $1 -T:$2
QF_NRA/LassoRanker/CooperatingT2/n-15a.t2.c_Iteration1_Loop_4-pieceTemplate.smt2 : 3586 ms.
--------------------------------------------------
./solvers/z3_UD/run.sh: line 1: 51431 Segmentation fault      (core dumped) solvers/z3_UD/bin/z3 -smt2 $1 -T:$2
QF_NRA/LassoRanker/CooperatingT2/ndes.t2.c_Iteration2_Loop_4-pieceTemplate.smt2 : 1119 ms.
--------------------------------------------------
./solvers/z3_UD/run.sh: line 1: 51438 Segmentation fault      (core dumped) solvers/z3_UD/bin/z3 -smt2 $1 -T:$2
QF_NRA/LassoRanker/CooperatingT2/ndes.t2.c_Iteration3_Loop_2-pieceTemplate.smt2 : 378 ms.
--------------------------------------------------
./solvers/z3_UD/run.sh: line 1: 51445 Segmentation fault      (core dumped) solvers/z3_UD/bin/z3 -smt2 $1 -T:$2
QF_NRA/LassoRanker/CooperatingT2/ndes.t2.c_Iteration3_Loop_4-pieceTemplate.smt2 : 12624 ms.
--------------------------------------------------
./solvers/z3_UD/run.sh: line 1: 51459 Segmentation fault      (core dumped) solvers/z3_UD/bin/z3 -smt2 $1 -T:$2
QF_NRA/LassoRanker/CooperatingT2/neg-1394complete-fail.t2.c_Iteration5_Loop_4-pieceTemplate.smt2 : 1604 ms.
--------------------------------------------------
./solvers/z3_UD/run.sh: line 1: 51468 Segmentation fault      (core dumped) solvers/z3_UD/bin/z3 -smt2 $1 -T:$2
QF_NRA/LassoRanker/CooperatingT2/neg-smagilla-fail.t2.c_Iteration1_Loop_4-pieceTemplate.smt2 : 1364 ms.
--------------------------------------------------
sat
QF_NRA/LassoRanker/CooperatingT2/nested.t2.c_Iteration2_Loop_4-pieceTemplate.smt2 : 600673 ms.
--------------------------------------------------
./solvers/z3_UD/run.sh: line 1: 51598 Segmentation fault      (core dumped) solvers/z3_UD/bin/z3 -smt2 $1 -T:$2
QF_NRA/LassoRanker/CooperatingT2/nested.t2.c_Iteration3_Loop_3-pieceTemplate.smt2 : 254 ms.
--------------------------------------------------
./solvers/z3_UD/run.sh: line 1: 51605 Segmentation fault      (core dumped) solvers/z3_UD/bin/z3 -smt2 $1 -T:$2
QF_NRA/LassoRanker/CooperatingT2/nested.t2.c_Iteration4_Loop_3-pieceTemplate.smt2 : 196 ms.
--------------------------------------------------
sat
QF_NRA/LassoRanker/CooperatingT2/nested.t2.c_Iteration4_Loop_4-pieceTemplate.smt2 : 924576 ms.
--------------------------------------------------
./solvers/z3_UD/run.sh: line 1: 51800 Segmentation fault      (core dumped) solvers/z3_UD/bin/z3 -smt2 $1 -T:$2
QF_NRA/LassoRanker/CooperatingT2/n_firewire_instrumented-PP.t2.c_Iteration11_Loop_3-pieceTemplate.smt2 : 2216 ms.
--------------------------------------------------
./solvers/z3_UD/run.sh: line 1: 51812 Segmentation fault      (core dumped) solvers/z3_UD/bin/z3 -smt2 $1 -T:$2
QF_NRA/LassoRanker/CooperatingT2/n_firewire_instrumented-PP.t2.c_Iteration11_Loop_4-pieceTemplate.smt2 : 1327 ms.
--------------------------------------------------
./solvers/z3_UD/run.sh: line 1: 51821 Segmentation fault      (core dumped) solvers/z3_UD/bin/z3 -smt2 $1 -T:$2
QF_NRA/LassoRanker/CooperatingT2/n_firewire_instrumented-PP.t2.c_Iteration12_Loop_4-pieceTemplate.smt2 : 395 ms.
