--------------------------------------------------
sat
QF_NRA/meti-tarski/sin/344/4/sin-344-4-chunk-0021.smt2 : 32 ms.
--------------------------------------------------
sat
QF_NRA/meti-tarski/sin/344/4/sin-344-4-chunk-0022.smt2 : 32 ms.
--------------------------------------------------
sat
QF_NRA/meti-tarski/sin/344/4/sin-344-4-chunk-0024.smt2 : 16570 ms.
--------------------------------------------------
sat
QF_NRA/meti-tarski/sin/344/4/sin-344-4-chunk-0031.smt2 : 33 ms.
--------------------------------------------------
sat
QF_NRA/meti-tarski/sin/344/4/sin-344-4-chunk-0032.smt2 : 30 ms.
--------------------------------------------------
sat
QF_NRA/meti-tarski/sin/344/4/sin-344-4-chunk-0034.smt2 : 35 ms.
--------------------------------------------------
unsat
QF_NRA/meti-tarski/sin/344/4/sin-344-4-chunk-0035.smt2 : 29 ms.
--------------------------------------------------
./solvers/mathsat/run.sh: line 3: 134132 Killed                  ./mathsat ../$1
QF_NRA/meti-tarski/sin/344/4/sin-344-4-chunk-0040.smt2 : 1800114 ms.
--------------------------------------------------
sat
QF_NRA/meti-tarski/sin/344/4/sin-344-4-chunk-0044.smt2 : 37 ms.
--------------------------------------------------
unsat
QF_NRA/meti-tarski/sin/344/4/sin-344-4-chunk-0045.smt2 : 32 ms.
--------------------------------------------------
./solvers/mathsat/run.sh: line 3: 137809 Killed                  ./mathsat ../$1
QF_NRA/meti-tarski/sin/344/4/sin-344-4-chunk-0046.smt2 : 1800088 ms.
--------------------------------------------------
sat
QF_NRA/meti-tarski/sin/344/4/sin-344-4-chunk-0047.smt2 : 42 ms.
--------------------------------------------------
sat
QF_NRA/meti-tarski/sin/344/4/sin-344-4-chunk-0048.smt2 : 40 ms.
--------------------------------------------------
sat
QF_NRA/meti-tarski/sin/344/4/sin-344-4-chunk-0049.smt2 : 54 ms.
--------------------------------------------------
sat
QF_NRA/meti-tarski/sin/344/4/sin-344-4-chunk-0050.smt2 : 56 ms.
--------------------------------------------------
sat
QF_NRA/meti-tarski/sin/344/4/sin-344-4-chunk-0052.smt2 : 118596 ms.
