--------------------------------------------------
sat
QF_NRA/meti-tarski/Chua/2/VC2/U/Chua-2-VC2-U-chunk-0016.smt2 : 43 ms.
--------------------------------------------------
sat
QF_NRA/meti-tarski/Chua/2/VC2/U/Chua-2-VC2-U-chunk-0017.smt2 : 47 ms.
--------------------------------------------------
sat
QF_NRA/meti-tarski/Chua/2/VC2/U/Chua-2-VC2-U-chunk-0018.smt2 : 46 ms.
--------------------------------------------------
sat
QF_NRA/meti-tarski/Chua/2/VC2/U/Chua-2-VC2-U-chunk-0019.smt2 : 42 ms.
--------------------------------------------------
sat
QF_NRA/meti-tarski/Chua/2/VC2/U/Chua-2-VC2-U-chunk-0020.smt2 : 41 ms.
--------------------------------------------------
sat
QF_NRA/meti-tarski/Chua/2/VC2/U/Chua-2-VC2-U-chunk-0021.smt2 : 47 ms.
--------------------------------------------------
sat
QF_NRA/meti-tarski/Chua/2/VC2/U/Chua-2-VC2-U-chunk-0022.smt2 : 44 ms.
--------------------------------------------------
sat
QF_NRA/meti-tarski/Chua/2/VC2/U/Chua-2-VC2-U-chunk-0023.smt2 : 41 ms.
--------------------------------------------------
sat
QF_NRA/meti-tarski/Chua/2/VC2/U/Chua-2-VC2-U-chunk-0024.smt2 : 44 ms.
--------------------------------------------------
sat
QF_NRA/meti-tarski/Chua/2/VC2/U/Chua-2-VC2-U-chunk-0025.smt2 : 40 ms.
--------------------------------------------------
unsat
QF_NRA/meti-tarski/Chua/2/VC2/U/Chua-2-VC2-U-chunk-0026.smt2 : 45 ms.
--------------------------------------------------
./solvers/mathsat/run.sh: line 3: 124410 Killed                  ./mathsat ../$1
QF_NRA/meti-tarski/Chua/2/VC2/U/Chua-2-VC2-U-chunk-0027.smt2 : 1800069 ms.
--------------------------------------------------
sat
QF_NRA/meti-tarski/Chua/2/VC2/U/Chua-2-VC2-U-chunk-0029.smt2 : 47 ms.
--------------------------------------------------
sat
QF_NRA/meti-tarski/Chua/2/VC2/U/Chua-2-VC2-U-chunk-0030.smt2 : 52 ms.
--------------------------------------------------
./solvers/mathsat/run.sh: line 3: 135692 Killed                  ./mathsat ../$1
QF_NRA/meti-tarski/Chua/2/VC2/U/Chua-2-VC2-U-chunk-0031.smt2 : 1800083 ms.
--------------------------------------------------
sat
QF_NRA/meti-tarski/Chua/2/VC2/U/Chua-2-VC2-U-chunk-0032.smt2 : 65 ms.
--------------------------------------------------
sat
QF_NRA/meti-tarski/Chua/2/VC2/U/Chua-2-VC2-U-chunk-0033.smt2 : 51 ms.
--------------------------------------------------
sat
QF_NRA/meti-tarski/Chua/2/VC2/U/Chua-2-VC2-U-chunk-0034.smt2 : 55 ms.
--------------------------------------------------
sat
QF_NRA/meti-tarski/Chua/2/VC2/U/Chua-2-VC2-U-chunk-0035.smt2 : 73 ms.
--------------------------------------------------
sat
QF_NRA/meti-tarski/Chua/2/VC2/U/Chua-2-VC2-U-chunk-0036.smt2 : 54 ms.
--------------------------------------------------
unsat
QF_NRA/meti-tarski/Chua/2/VC2/U/Chua-2-VC2-U-chunk-0037.smt2 : 42 ms.
--------------------------------------------------
sat
QF_NRA/meti-tarski/Chua/2/VC2/U/Chua-2-VC2-U-chunk-0038.smt2 : 44 ms.
--------------------------------------------------
sat
QF_NRA/meti-tarski/Chua/2/VC2/U/Chua-2-VC2-U-chunk-0039.smt2 : 42 ms.
--------------------------------------------------
sat
QF_NRA/meti-tarski/Chua/2/VC2/U/Chua-2-VC2-U-chunk-0040.smt2 : 58 ms.
--------------------------------------------------
unsat
QF_NRA/meti-tarski/Chua/2/VC2/U/Chua-2-VC2-U-chunk-0041.smt2 : 38 ms.
--------------------------------------------------
sat
QF_NRA/meti-tarski/Chua/2/VC2/U/Chua-2-VC2-U-chunk-0042.smt2 : 44 ms.
--------------------------------------------------
sat
QF_NRA/meti-tarski/Chua/2/VC2/U/Chua-2-VC2-U-chunk-0043.smt2 : 39 ms.
--------------------------------------------------
sat
QF_NRA/meti-tarski/Chua/2/VC2/U/Chua-2-VC2-U-chunk-0044.smt2 : 44 ms.
--------------------------------------------------
unsat
QF_NRA/meti-tarski/Chua/2/VC2/U/Chua-2-VC2-U-chunk-0045.smt2 : 33 ms.
--------------------------------------------------
unsat
QF_NRA/meti-tarski/Chua/2/VC2/U/Chua-2-VC2-U-chunk-0046.smt2 : 31 ms.
--------------------------------------------------
unsat
QF_NRA/meti-tarski/Chua/2/VC2/U/Chua-2-VC2-U-chunk-0048.smt2 : 47 ms.
--------------------------------------------------
unsat
QF_NRA/meti-tarski/Chua/2/VC2/U/Chua-2-VC2-U-chunk-0049.smt2 : 42 ms.
--------------------------------------------------
sat
QF_NRA/meti-tarski/Chua/2/VC2/U/Chua-2-VC2-U-chunk-0051.smt2 : 38 ms.
--------------------------------------------------
unsat
QF_NRA/meti-tarski/Chua/2/VC2/U/Chua-2-VC2-U-chunk-0052.smt2 : 213720 ms.
--------------------------------------------------
sat
QF_NRA/meti-tarski/Chua/2/VC2/U/Chua-2-VC2-U-chunk-0053.smt2 : 40 ms.
--------------------------------------------------
sat
QF_NRA/meti-tarski/Chua/2/VC2/U/Chua-2-VC2-U-chunk-0054.smt2 : 16202 ms.
--------------------------------------------------
unsat
QF_NRA/meti-tarski/Chua/2/VC2/U/Chua-2-VC2-U-chunk-0055.smt2 : 54 ms.
--------------------------------------------------
sat
QF_NRA/meti-tarski/Chua/2/VC2/U/Chua-2-VC2-U-chunk-0057.smt2 : 50 ms.
--------------------------------------------------
unsat
QF_NRA/meti-tarski/Chua/2/VC2/U/Chua-2-VC2-U-chunk-0058.smt2 : 97896 ms.
--------------------------------------------------
sat
QF_NRA/meti-tarski/Chua/2/VC2/U/Chua-2-VC2-U-chunk-0059.smt2 : 91 ms.
--------------------------------------------------
sat
QF_NRA/meti-tarski/Chua/2/VC2/U/Chua-2-VC2-U-chunk-0064.smt2 : 70 ms.
--------------------------------------------------
unsat
QF_NRA/meti-tarski/Chua/2/VC2/U/Chua-2-VC2-U-chunk-0065.smt2 : 62 ms.
--------------------------------------------------
./solvers/mathsat/run.sh: line 3: 140551 Killed                  ./mathsat ../$1
QF_NRA/meti-tarski/Chua/2/VC2/U/Chua-2-VC2-U-chunk-0066.smt2 : 1800165 ms.
--------------------------------------------------
sat
QF_NRA/meti-tarski/Chua/2/VC2/U/Chua-2-VC2-U-chunk-0067.smt2 : 44 ms.
--------------------------------------------------
unsat
QF_NRA/meti-tarski/Chua/2/VC2/U/Chua-2-VC2-U-chunk-0068.smt2 : 59 ms.
--------------------------------------------------
sat
QF_NRA/meti-tarski/Chua/2/VC2/U/Chua-2-VC2-U-chunk-0070.smt2 : 47 ms.
--------------------------------------------------
sat
QF_NRA/meti-tarski/Chua/2/VC2/U/Chua-2-VC2-U-chunk-0071.smt2 : 44 ms.
--------------------------------------------------
sat
QF_NRA/meti-tarski/Chua/2/VC2/U/Chua-2-VC2-U-chunk-0072.smt2 : 40 ms.
--------------------------------------------------
sat
QF_NRA/meti-tarski/Chua/2/VC2/U/Chua-2-VC2-U-chunk-0073.smt2 : 41 ms.
--------------------------------------------------
unsat
QF_NRA/meti-tarski/Chua/2/VC2/U/Chua-2-VC2-U-chunk-0077.smt2 : 29 ms.
--------------------------------------------------
unsat
QF_NRA/meti-tarski/Chua/2/VC2/U/Chua-2-VC2-U-chunk-0079.smt2 : 31 ms.
--------------------------------------------------
sat
QF_NRA/meti-tarski/Chua/2/VC2/U/Chua-2-VC2-U-chunk-0085.smt2 : 64 ms.
--------------------------------------------------
sat
QF_NRA/meti-tarski/Chua/2/VC2/U/Chua-2-VC2-U-chunk-0086.smt2 : 61 ms.
--------------------------------------------------
sat
QF_NRA/meti-tarski/Chua/2/VC2/U/Chua-2-VC2-U-chunk-0087.smt2 : 68 ms.
--------------------------------------------------
sat
QF_NRA/meti-tarski/Chua/2/VC2/U/Chua-2-VC2-U-chunk-0088.smt2 : 93 ms.
--------------------------------------------------
sat
QF_NRA/meti-tarski/Chua/2/VC2/U/Chua-2-VC2-U-chunk-0089.smt2 : 206 ms.
--------------------------------------------------
sat
QF_NRA/meti-tarski/Chua/2/VC2/U/Chua-2-VC2-U-chunk-0090.smt2 : 51 ms.
--------------------------------------------------
./solvers/mathsat/run.sh: line 3: 143159 Killed                  ./mathsat ../$1
QF_NRA/meti-tarski/Chua/2/VC2/U/Chua-2-VC2-U-chunk-0091.smt2 : 1800210 ms.
--------------------------------------------------
sat
QF_NRA/meti-tarski/Chua/2/VC2/U/Chua-2-VC2-U-chunk-0093.smt2 : 62 ms.
--------------------------------------------------
sat
QF_NRA/meti-tarski/Chua/2/VC2/U/Chua-2-VC2-U-chunk-0094.smt2 : 66 ms.
--------------------------------------------------
./solvers/mathsat/run.sh: line 3: 144591 Killed                  ./mathsat ../$1
QF_NRA/meti-tarski/Chua/2/VC2/U/Chua-2-VC2-U-chunk-0095.smt2 : 1800164 ms.
--------------------------------------------------
sat
QF_NRA/meti-tarski/Chua/2/VC2/U/Chua-2-VC2-U-chunk-0096.smt2 : 58 ms.
--------------------------------------------------
sat
QF_NRA/meti-tarski/Chua/2/VC2/U/Chua-2-VC2-U-chunk-0097.smt2 : 104 ms.
--------------------------------------------------
sat
QF_NRA/meti-tarski/Chua/2/VC2/U/Chua-2-VC2-U-chunk-0098.smt2 : 55 ms.
--------------------------------------------------
./solvers/mathsat/run.sh: line 3: 145587 Killed                  ./mathsat ../$1
QF_NRA/meti-tarski/Chua/2/VC2/U/Chua-2-VC2-U-chunk-0099.smt2 : 1800184 ms.
--------------------------------------------------
./solvers/mathsat/run.sh: line 3: 147136 Killed                  ./mathsat ../$1
QF_NRA/meti-tarski/Chua/2/VC2/U/Chua-2-VC2-U-chunk-0100.smt2 : 1800194 ms.
--------------------------------------------------
sat
QF_NRA/meti-tarski/Chua/2/VC2/U/Chua-2-VC2-U-chunk-0102.smt2 : 44 ms.
--------------------------------------------------
sat
QF_NRA/meti-tarski/Chua/2/VC2/U/Chua-2-VC2-U-chunk-0103.smt2 : 62 ms.
--------------------------------------------------
./solvers/mathsat/run.sh: line 3: 149110 Killed                  ./mathsat ../$1
QF_NRA/meti-tarski/Chua/2/VC2/U/Chua-2-VC2-U-chunk-0104.smt2 : 1800138 ms.
--------------------------------------------------
./solvers/mathsat/run.sh: line 3: 150197 Killed                  ./mathsat ../$1
QF_NRA/meti-tarski/Chua/2/VC2/U/Chua-2-VC2-U-chunk-0105.smt2 : 1800066 ms.
--------------------------------------------------
unsat
QF_NRA/meti-tarski/Chua/2/VC2/U/Chua-2-VC2-U-chunk-0108.smt2 : 377961 ms.
--------------------------------------------------
sat
QF_NRA/meti-tarski/Chua/2/VC2/U/Chua-2-VC2-U-chunk-0110.smt2 : 265 ms.
--------------------------------------------------
sat
QF_NRA/meti-tarski/Chua/2/VC2/U/Chua-2-VC2-U-chunk-0111.smt2 : 381 ms.
--------------------------------------------------
unsat
QF_NRA/meti-tarski/Chua/2/VC2/U/Chua-2-VC2-U-chunk-0112.smt2 : 37 ms.
--------------------------------------------------
sat
QF_NRA/meti-tarski/Chua/2/VC2/U/Chua-2-VC2-U-chunk-0113.smt2 : 61 ms.
--------------------------------------------------
unsat
QF_NRA/meti-tarski/Chua/2/VC2/U/Chua-2-VC2-U-chunk-0114.smt2 : 30 ms.
--------------------------------------------------
sat
QF_NRA/meti-tarski/Chua/2/VC2/U/Chua-2-VC2-U-chunk-0116.smt2 : 71 ms.
--------------------------------------------------
unsat
QF_NRA/meti-tarski/Chua/2/VC2/U/Chua-2-VC2-U-chunk-0117.smt2 : 32 ms.
--------------------------------------------------
sat
QF_NRA/meti-tarski/Chua/2/VC2/U/Chua-2-VC2-U-chunk-0118.smt2 : 65 ms.
--------------------------------------------------
sat
QF_NRA/meti-tarski/Chua/2/VC2/U/Chua-2-VC2-U-chunk-0119.smt2 : 67 ms.
--------------------------------------------------
sat
QF_NRA/meti-tarski/Chua/2/VC2/U/Chua-2-VC2-U-chunk-0123.smt2 : 47 ms.
--------------------------------------------------
unsat
QF_NRA/meti-tarski/Chua/2/VC2/U/Chua-2-VC2-U-chunk-0124.smt2 : 42 ms.
--------------------------------------------------
sat
QF_NRA/meti-tarski/Chua/2/VC2/U/Chua-2-VC2-U-chunk-0127.smt2 : 46 ms.
--------------------------------------------------
unsat
QF_NRA/meti-tarski/Chua/2/VC2/U/Chua-2-VC2-U-chunk-0128.smt2 : 52 ms.
--------------------------------------------------
sat
QF_NRA/meti-tarski/Chua/2/VC2/U/Chua-2-VC2-U-chunk-0130.smt2 : 36 ms.
--------------------------------------------------
sat
QF_NRA/meti-tarski/Chua/2/VC2/U/Chua-2-VC2-U-chunk-0132.smt2 : 71 ms.
--------------------------------------------------
unsat
QF_NRA/meti-tarski/Chua/2/VC2/U/Chua-2-VC2-U-chunk-0133.smt2 : 77 ms.
--------------------------------------------------
./solvers/mathsat/run.sh: line 3: 151499 Killed                  ./mathsat ../$1
QF_NRA/meti-tarski/Chua/2/VC2/U/Chua-2-VC2-U-chunk-0134.smt2 : 1800189 ms.
--------------------------------------------------
unsat
QF_NRA/meti-tarski/Chua/2/VC2/U/Chua-2-VC2-U-chunk-0135.smt2 : 47 ms.
