--------------------------------------------------
./solvers/mathsat/run.sh: line 3: 123706 Killed                  ./mathsat ../$1
QF_NRA/zankl/gen-03.smt2 : 1800138 ms.
--------------------------------------------------
./solvers/mathsat/run.sh: line 3: 135402 Killed                  ./mathsat ../$1
QF_NRA/zankl/gen-04.smt2 : 1800151 ms.
--------------------------------------------------
./solvers/mathsat/run.sh: line 3: 138777 Killed                  ./mathsat ../$1
QF_NRA/zankl/gen-05.smt2 : 1800118 ms.
--------------------------------------------------
./solvers/mathsat/run.sh: line 3: 141379 Killed                  ./mathsat ../$1
QF_NRA/zankl/gen-06.smt2 : 1800166 ms.
--------------------------------------------------
./solvers/mathsat/run.sh: line 3: 143652 Killed                  ./mathsat ../$1
QF_NRA/zankl/gen-07.smt2 : 1800130 ms.
--------------------------------------------------
./solvers/mathsat/run.sh: line 3: 145000 Killed                  ./mathsat ../$1
QF_NRA/zankl/gen-08.smt2 : 1800102 ms.
--------------------------------------------------
./solvers/mathsat/run.sh: line 3: 146021 Killed                  ./mathsat ../$1
QF_NRA/zankl/gen-09.smt2 : 1800136 ms.
--------------------------------------------------
./solvers/mathsat/run.sh: line 3: 147442 Killed                  ./mathsat ../$1
QF_NRA/zankl/gen-10.smt2 : 1800130 ms.
--------------------------------------------------
unsat
QF_NRA/zankl/gen-13.smt2 : 48 ms.
--------------------------------------------------
unsat
QF_NRA/zankl/gen-14.smt2 : 32 ms.
--------------------------------------------------
unsat
QF_NRA/zankl/gen-15.smt2 : 26 ms.
--------------------------------------------------
./solvers/mathsat/run.sh: line 3: 149476 Killed                  ./mathsat ../$1
QF_NRA/zankl/gen-16.smt2 : 1800095 ms.
--------------------------------------------------
unsat
QF_NRA/zankl/gen-17.smt2 : 44 ms.
--------------------------------------------------
./solvers/mathsat/run.sh: line 3: 150539 Killed                  ./mathsat ../$1
QF_NRA/zankl/gen-18.smt2 : 1800109 ms.
--------------------------------------------------
./solvers/mathsat/run.sh: line 3: 165285 Killed                  ./mathsat ../$1
QF_NRA/zankl/gen-19.smt2 : 1800148 ms.
--------------------------------------------------
./solvers/mathsat/run.sh: line 3: 169720 Killed                  ./mathsat ../$1
QF_NRA/zankl/matrix-1-all-01.smt2 : 1800179 ms.
--------------------------------------------------
./solvers/mathsat/run.sh: line 3: 172772 Killed                  ./mathsat ../$1
QF_NRA/zankl/matrix-1-all-10.smt2 : 1800051 ms.
--------------------------------------------------
sat
QF_NRA/zankl/matrix-1-all-11.smt2 : 80 ms.
--------------------------------------------------
./solvers/mathsat/run.sh: line 3: 176065 Killed                  ./mathsat ../$1
QF_NRA/zankl/matrix-1-all-12.smt2 : 1800123 ms.
--------------------------------------------------
sat
QF_NRA/zankl/matrix-1-all-13.smt2 : 196 ms.
--------------------------------------------------
./solvers/mathsat/run.sh: line 3: 178606 Killed                  ./mathsat ../$1
QF_NRA/zankl/matrix-1-all-14.smt2 : 1800075 ms.
--------------------------------------------------
./solvers/mathsat/run.sh: line 3: 180130 Killed                  ./mathsat ../$1
QF_NRA/zankl/matrix-1-all-15.smt2 : 1800105 ms.
--------------------------------------------------
sat
QF_NRA/zankl/matrix-1-all-16.smt2 : 1180 ms.
--------------------------------------------------
./solvers/mathsat/run.sh: line 3: 182325 Killed                  ./mathsat ../$1
QF_NRA/zankl/matrix-1-all-17.smt2 : 1800358 ms.
--------------------------------------------------
./solvers/mathsat/run.sh: line 3: 184889 Killed                  ./mathsat ../$1
QF_NRA/zankl/matrix-1-all-18.smt2 : 1800105 ms.
--------------------------------------------------
sat
QF_NRA/zankl/matrix-1-all-19.smt2 : 138 ms.
--------------------------------------------------
./solvers/mathsat/run.sh: line 3: 186569 Killed                  ./mathsat ../$1
QF_NRA/zankl/matrix-1-all-20.smt2 : 1800118 ms.
--------------------------------------------------
./solvers/mathsat/run.sh: line 3: 188167 Killed                  ./mathsat ../$1
QF_NRA/zankl/matrix-1-all-21.smt2 : 1800120 ms.
--------------------------------------------------
./solvers/mathsat/run.sh: line 3: 189725 Killed                  ./mathsat ../$1
QF_NRA/zankl/matrix-1-all-22.smt2 : 1800468 ms.
--------------------------------------------------
sat
QF_NRA/zankl/matrix-1-all-23.smt2 : 518 ms.
--------------------------------------------------
./solvers/mathsat/run.sh: line 3: 191621 Killed                  ./mathsat ../$1
QF_NRA/zankl/matrix-1-all-24.smt2 : 1800305 ms.
--------------------------------------------------
sat
QF_NRA/zankl/matrix-1-all-25.smt2 : 453 ms.
--------------------------------------------------
./solvers/mathsat/run.sh: line 3: 192820 Killed                  ./mathsat ../$1
QF_NRA/zankl/matrix-1-all-26.smt2 : 1800162 ms.
--------------------------------------------------
./solvers/mathsat/run.sh: line 3: 194878 Killed                  ./mathsat ../$1
QF_NRA/zankl/matrix-1-all-27.smt2 : 1800103 ms.
--------------------------------------------------
sat
QF_NRA/zankl/matrix-1-all-28.smt2 : 98 ms.
--------------------------------------------------
./solvers/mathsat/run.sh: line 3: 196007 Killed                  ./mathsat ../$1
QF_NRA/zankl/matrix-1-all-29.smt2 : 1800056 ms.
--------------------------------------------------
sat
QF_NRA/zankl/matrix-1-all-2.smt2 : 100 ms.
--------------------------------------------------
sat
QF_NRA/zankl/matrix-1-all-30.smt2 : 65262 ms.
--------------------------------------------------
sat
QF_NRA/zankl/matrix-1-all-31.smt2 : 454 ms.
--------------------------------------------------
sat
QF_NRA/zankl/matrix-1-all-32.smt2 : 207 ms.
--------------------------------------------------
sat
QF_NRA/zankl/matrix-1-all-33.smt2 : 88 ms.
--------------------------------------------------
sat
QF_NRA/zankl/matrix-1-all-34.smt2 : 170 ms.
--------------------------------------------------
sat
QF_NRA/zankl/matrix-1-all-35.smt2 : 12752 ms.
--------------------------------------------------
sat
QF_NRA/zankl/matrix-1-all-36.smt2 : 136 ms.
--------------------------------------------------
./solvers/mathsat/run.sh: line 3: 197190 Killed                  ./mathsat ../$1
QF_NRA/zankl/matrix-1-all-37.smt2 : 1800104 ms.
--------------------------------------------------
./solvers/mathsat/run.sh: line 3: 198509 Killed                  ./mathsat ../$1
QF_NRA/zankl/matrix-1-all-38.smt2 : 1800080 ms.
--------------------------------------------------
./solvers/mathsat/run.sh: line 3: 199604 Killed                  ./mathsat ../$1
QF_NRA/zankl/matrix-1-all-39.smt2 : 1800094 ms.
--------------------------------------------------
sat
QF_NRA/zankl/matrix-1-all-3.smt2 : 53 ms.
--------------------------------------------------
./solvers/mathsat/run.sh: line 3: 200866 Killed                  ./mathsat ../$1
QF_NRA/zankl/matrix-1-all-40.smt2 : 1800122 ms.
--------------------------------------------------
./solvers/mathsat/run.sh: line 3: 201908 Killed                  ./mathsat ../$1
QF_NRA/zankl/matrix-1-all-41.smt2 : 1800117 ms.
--------------------------------------------------
unsat
QF_NRA/zankl/matrix-1-all-42.smt2 : 261 ms.
--------------------------------------------------
unsat
QF_NRA/zankl/matrix-1-all-43.smt2 : 37 ms.
--------------------------------------------------
unsat
QF_NRA/zankl/matrix-1-all-44.smt2 : 63 ms.
--------------------------------------------------
unsat
QF_NRA/zankl/matrix-1-all-45.smt2 : 80 ms.
--------------------------------------------------
unsat
QF_NRA/zankl/matrix-1-all-46.smt2 : 2172 ms.
--------------------------------------------------
unsat
QF_NRA/zankl/matrix-1-all-47.smt2 : 98 ms.
--------------------------------------------------
unsat
QF_NRA/zankl/matrix-1-all-48.smt2 : 85 ms.
--------------------------------------------------
unsat
QF_NRA/zankl/matrix-1-all-49.smt2 : 58 ms.
--------------------------------------------------
./solvers/mathsat/run.sh: line 3: 203342 Killed                  ./mathsat ../$1
QF_NRA/zankl/matrix-1-all-4.smt2 : 1800123 ms.
--------------------------------------------------
unsat
QF_NRA/zankl/matrix-1-all-50.smt2 : 327 ms.
--------------------------------------------------
unsat
QF_NRA/zankl/matrix-1-all-52.smt2 : 34 ms.
--------------------------------------------------
unsat
QF_NRA/zankl/matrix-1-all-54.smt2 : 40 ms.
--------------------------------------------------
unsat
QF_NRA/zankl/matrix-1-all-56.smt2 : 40 ms.
--------------------------------------------------
sat
QF_NRA/zankl/matrix-1-all-5.smt2 : 135 ms.
--------------------------------------------------
sat
QF_NRA/zankl/matrix-1-all-6.smt2 : 126 ms.
--------------------------------------------------
sat
QF_NRA/zankl/matrix-1-all-7.smt2 : 75 ms.
--------------------------------------------------
./solvers/mathsat/run.sh: line 3: 204559 Killed                  ./mathsat ../$1
QF_NRA/zankl/matrix-1-all-8.smt2 : 1800152 ms.
--------------------------------------------------
./solvers/mathsat/run.sh: line 3: 205632 Killed                  ./mathsat ../$1
QF_NRA/zankl/matrix-1-all-9.smt2 : 1800059 ms.
--------------------------------------------------
sat
QF_NRA/zankl/matrix-2-all-01.smt2 : 291 ms.
--------------------------------------------------
./solvers/mathsat/run.sh: line 3: 206432 Killed                  ./mathsat ../$1
QF_NRA/zankl/matrix-2-all-10.smt2 : 1800156 ms.
--------------------------------------------------
./solvers/mathsat/run.sh: line 3: 207225 Killed                  ./mathsat ../$1
QF_NRA/zankl/matrix-2-all-11.smt2 : 1800182 ms.
--------------------------------------------------
sat
QF_NRA/zankl/matrix-2-all-12.smt2 : 211086 ms.
--------------------------------------------------
./solvers/mathsat/run.sh: line 3: 208149 Killed                  ./mathsat ../$1
QF_NRA/zankl/matrix-2-all-13.smt2 : 1800698 ms.
--------------------------------------------------
unsat
QF_NRA/zankl/matrix-2-all-14.smt2 : 90 ms.
--------------------------------------------------
./solvers/mathsat/run.sh: line 3: 209036 Killed                  ./mathsat ../$1
QF_NRA/zankl/matrix-2-all-15.smt2 : 1800184 ms.
--------------------------------------------------
./solvers/mathsat/run.sh: line 3: 209879 Killed                  ./mathsat ../$1
QF_NRA/zankl/matrix-2-all-16.smt2 : 1800202 ms.
--------------------------------------------------
./solvers/mathsat/run.sh: line 3: 210805 Killed                  ./mathsat ../$1
QF_NRA/zankl/matrix-2-all-17.smt2 : 1800768 ms.
--------------------------------------------------
./solvers/mathsat/run.sh: line 3: 211555 Killed                  ./mathsat ../$1
QF_NRA/zankl/matrix-2-all-18.smt2 : 1800151 ms.
--------------------------------------------------
./solvers/mathsat/run.sh: line 3: 212634 Killed                  ./mathsat ../$1
QF_NRA/zankl/matrix-2-all-19.smt2 : 1800183 ms.
--------------------------------------------------
unsat
QF_NRA/zankl/matrix-2-all-20.smt2 : 1310 ms.
--------------------------------------------------
./solvers/mathsat/run.sh: line 3: 213427 Killed                  ./mathsat ../$1
QF_NRA/zankl/matrix-2-all-21.smt2 : 1800627 ms.
--------------------------------------------------
unsat
QF_NRA/zankl/matrix-2-all-23.smt2 : 97 ms.
--------------------------------------------------
unsat
QF_NRA/zankl/matrix-2-all-25.smt2 : 72 ms.
--------------------------------------------------
unsat
QF_NRA/zankl/matrix-2-all-27.smt2 : 464 ms.
--------------------------------------------------
./solvers/mathsat/run.sh: line 3: 214080 Killed                  ./mathsat ../$1
QF_NRA/zankl/matrix-2-all-2.smt2 : 1800122 ms.
--------------------------------------------------
sat
QF_NRA/zankl/matrix-2-all-3.smt2 : 1562 ms.
--------------------------------------------------
./solvers/mathsat/run.sh: line 3: 214644 Killed                  ./mathsat ../$1
QF_NRA/zankl/matrix-2-all-4.smt2 : 1800092 ms.
--------------------------------------------------
./solvers/mathsat/run.sh: line 3: 215246 Killed                  ./mathsat ../$1
QF_NRA/zankl/matrix-2-all-5.smt2 : 1800166 ms.
--------------------------------------------------
./solvers/mathsat/run.sh: line 3: 215857 Killed                  ./mathsat ../$1
QF_NRA/zankl/matrix-2-all-6.smt2 : 1800089 ms.
--------------------------------------------------
./solvers/mathsat/run.sh: line 3: 216546 Killed                  ./mathsat ../$1
QF_NRA/zankl/matrix-2-all-7.smt2 : 1800102 ms.
--------------------------------------------------
./solvers/mathsat/run.sh: line 3: 217086 Killed                  ./mathsat ../$1
QF_NRA/zankl/matrix-2-all-8.smt2 : 1800167 ms.
--------------------------------------------------
./solvers/mathsat/run.sh: line 3: 217660 Killed                  ./mathsat ../$1
QF_NRA/zankl/matrix-2-all-9.smt2 : 1800159 ms.
--------------------------------------------------
sat
QF_NRA/zankl/matrix-3-all-01.smt2 : 7257 ms.
--------------------------------------------------
unsat
QF_NRA/zankl/matrix-3-all-10.smt2 : 532 ms.
--------------------------------------------------
tcmalloc: large alloc 1073741824 bytes == 0xdb344000 @  0x1641680 0x1641680 0x1641680 0x1641680 0x1641680 0x1641680 0x1641680 0x1641680 0x1641680 0x1641680 0x1641680 0x1641680 0x1641680 0x1641680 0x1641680 0x1641680 0x1641680 0x1641680 0x1641680 0x1641680 0x1641680 0x1641680 0x1641680 0x1641680 0x1641680 0x1641680 0x1641680 0x1641680 0x1641680 0x1641680 0x1641680
./solvers/mathsat/run.sh: line 3: 218162 Killed                  ./mathsat ../$1
QF_NRA/zankl/matrix-3-all-11.smt2 : 1800512 ms.
--------------------------------------------------
tcmalloc: large alloc 1073741824 bytes == 0x59e8a000 @  0x1641680 0x1641680 0x1641680 0x1641680 0x1641680 0x1641680 0x1641680 0x1641680 0x1641680 0x1641680 0x1641680 0x1641680 0x1641680 0x1641680 0x1641680 0x1641680 0x1641680 0x1641680 0x1641680 0x1641680 0x1641680 0x1641680 0x1641680 0x1641680 0x1641680 0x1641680 0x1641680 0x1641680 0x1641680 0x1641680 0x1641680
tcmalloc: large alloc 2147483648 bytes == 0x99e8a000 @  0x1641680 0x1641680 0x1641680 0x1641680 0x1641680 0x1641680 0x1641680 0x1641680 0x1641680 0x1641680 0x1641680 0x1641680 0x1641680 0x1641680 0x1641680 0x1641680 0x1641680 0x1641680 0x1641680 0x1641680 0x1641680 0x1641680 0x1641680 0x1641680 0x1641680 0x1641680 0x1641680 0x1641680 0x1641680 0x1641680 0x1641680
./solvers/mathsat/run.sh: line 3: 218716 Killed                  ./mathsat ../$1
QF_NRA/zankl/matrix-3-all-12.smt2 : 1800256 ms.
--------------------------------------------------
./solvers/mathsat/run.sh: line 3: 219350 Killed                  ./mathsat ../$1
QF_NRA/zankl/matrix-3-all-13.smt2 : 1801596 ms.
--------------------------------------------------
./solvers/mathsat/run.sh: line 3: 219834 Killed                  ./mathsat ../$1
QF_NRA/zankl/matrix-3-all-14.smt2 : 1800363 ms.
--------------------------------------------------
./solvers/mathsat/run.sh: line 3: 220307 Killed                  ./mathsat ../$1
QF_NRA/zankl/matrix-3-all-15.smt2 : 1800177 ms.
--------------------------------------------------
unsat
QF_NRA/zankl/matrix-3-all-16.smt2 : 168260 ms.
--------------------------------------------------
./solvers/mathsat/run.sh: line 3: 220770 Killed                  ./mathsat ../$1
QF_NRA/zankl/matrix-3-all-17.smt2 : 1800579 ms.
--------------------------------------------------
unsat
QF_NRA/zankl/matrix-3-all-19.smt2 : 165 ms.
--------------------------------------------------
unsat
QF_NRA/zankl/matrix-3-all-21.smt2 : 261 ms.
--------------------------------------------------
unsat
QF_NRA/zankl/matrix-3-all-23.smt2 : 22302 ms.
--------------------------------------------------
./solvers/mathsat/run.sh: line 3: 221271 Killed                  ./mathsat ../$1
QF_NRA/zankl/matrix-3-all-2.smt2 : 1800466 ms.
--------------------------------------------------
./solvers/mathsat/run.sh: line 3: 221827 Killed                  ./mathsat ../$1
QF_NRA/zankl/matrix-3-all-3.smt2 : 1800232 ms.
--------------------------------------------------
./solvers/mathsat/run.sh: line 3: 222268 Killed                  ./mathsat ../$1
QF_NRA/zankl/matrix-3-all-4.smt2 : 1800182 ms.
--------------------------------------------------
./solvers/mathsat/run.sh: line 3: 222658 Killed                  ./mathsat ../$1
QF_NRA/zankl/matrix-3-all-5.smt2 : 1800190 ms.
--------------------------------------------------
sat
QF_NRA/zankl/matrix-3-all-6.smt2 : 423 ms.
--------------------------------------------------
sat
QF_NRA/zankl/matrix-3-all-7.smt2 : 213 ms.
--------------------------------------------------
tcmalloc: large alloc 1073741824 bytes == 0x4d2b56000 @  0x1641680 0x1641680 0x1641680 0x1641680 0x1641680 0x1641680 0x1641680 0x1641680 0x1641680 0x1641680 0x1641680 0x1641680 0x1641680 0x1641680 0x1641680 0x1641680 0x1641680 0x1641680 0x1641680 0x1641680 0x1641680 0x1641680 0x1641680 0x1641680 0x1641680 0x1641680 0x1641680 0x1641680 0x1641680 0x1641680 0x1641680
./solvers/mathsat/run.sh: line 3: 223034 Killed                  ./mathsat ../$1
QF_NRA/zankl/matrix-3-all-8.smt2 : 1802072 ms.
--------------------------------------------------
./solvers/mathsat/run.sh: line 3: 223441 Killed                  ./mathsat ../$1
QF_NRA/zankl/matrix-3-all-9.smt2 : 1800680 ms.
--------------------------------------------------
./solvers/mathsat/run.sh: line 3: 223855 Killed                  ./mathsat ../$1
QF_NRA/zankl/matrix-4-all-01.smt2 : 1800959 ms.
--------------------------------------------------
tcmalloc: large alloc 1073741824 bytes == 0x122220000 @  0x1641680 0x1641680 0x1641680 0x1641680 0x1641680 0x1641680 0x1641680 0x1641680 0x1641680 0x1641680 0x1641680 0x1641680 0x1641680 0x1641680 0x1641680 0x1641680 0x1641680 0x1641680 0x1641680 0x1641680 0x1641680 0x1641680 0x1641680 0x1641680 0x1641680 0x1641680 0x1641680 0x1641680 0x1641680 0x1641680 0x1641680
tcmalloc: large alloc 2147483648 bytes == 0x162220000 @  0x1641680 0x1641680 0x1641680 0x1641680 0x1641680 0x1641680 0x1641680 0x1641680 0x1641680 0x1641680 0x1641680 0x1641680 0x1641680 0x1641680 0x1641680 0x1641680 0x1641680 0x1641680 0x1641680 0x1641680 0x1641680 0x1641680 0x1641680 0x1641680 0x1641680 0x1641680 0x1641680 0x1641680 0x1641680 0x1641680 0x1641680
./solvers/mathsat/run.sh: line 3: 224251 Killed                  ./mathsat ../$1
QF_NRA/zankl/matrix-4-all-10.smt2 : 1800963 ms.
--------------------------------------------------
./solvers/mathsat/run.sh: line 3: 224555 Killed                  ./mathsat ../$1
QF_NRA/zankl/matrix-4-all-11.smt2 : 1801490 ms.
--------------------------------------------------
tcmalloc: large alloc 1073741824 bytes == 0x84460000 @  0x1641680 0x1641680 0x1641680 0x1641680 0x1641680 0x1641680 0x1641680 0x1641680 0x1641680 0x1641680 0x1641680 0x1641680 0x1641680 0x1641680 0x1641680 0x1641680 0x1641680 0x1641680 0x1641680 0x1641680 0x1641680 0x1641680 0x1641680 0x1641680 0x1641680 0x1641680 0x1641680 0x1641680 0x1641680 0x1641680 0x1641680
./solvers/mathsat/run.sh: line 3: 224909 Killed                  ./mathsat ../$1
QF_NRA/zankl/matrix-4-all-12.smt2 : 1800480 ms.
--------------------------------------------------
sat
QF_NRA/zankl/matrix-4-all-13.smt2 : 41633 ms.
--------------------------------------------------
./solvers/mathsat/run.sh: line 3: 225326 Killed                  ./mathsat ../$1
QF_NRA/zankl/matrix-4-all-14.smt2 : 1800376 ms.
--------------------------------------------------
tcmalloc: large alloc 1073741824 bytes == 0x833c4000 @  0x1641680 0x1641680 0x1641680 0x1641680 0x1641680 0x1641680 0x1641680 0x1641680 0x1641680 0x1641680 0x1641680 0x1641680 0x1641680 0x1641680 0x1641680 0x1641680 0x1641680 0x1641680 0x1641680 0x1641680 0x1641680 0x1641680 0x1641680 0x1641680 0x1641680 0x1641680 0x1641680 0x1641680 0x1641680 0x1641680 0x1641680
./solvers/mathsat/run.sh: line 3: 225655 Killed                  ./mathsat ../$1
QF_NRA/zankl/matrix-4-all-15.smt2 : 1800325 ms.
--------------------------------------------------
./solvers/mathsat/run.sh: line 3: 225974 Killed                  ./mathsat ../$1
QF_NRA/zankl/matrix-4-all-16.smt2 : 1800394 ms.
--------------------------------------------------
./solvers/mathsat/run.sh: line 3: 226230 Killed                  ./mathsat ../$1
QF_NRA/zankl/matrix-4-all-17.smt2 : 1800498 ms.
--------------------------------------------------
./solvers/mathsat/run.sh: line 3: 226473 Killed                  ./mathsat ../$1
QF_NRA/zankl/matrix-4-all-18.smt2 : 1801700 ms.
--------------------------------------------------
./solvers/mathsat/run.sh: line 3: 226775 Killed                  ./mathsat ../$1
QF_NRA/zankl/matrix-4-all-19.smt2 : 1800707 ms.
--------------------------------------------------
unsat
QF_NRA/zankl/matrix-4-all-20.smt2 : 4868 ms.
--------------------------------------------------
tcmalloc: large alloc 1073741824 bytes == 0x75792000 @  0x1641680 0x1641680 0x1641680 0x1641680 0x1641680 0x1641680 0x1641680 0x1641680 0x1641680 0x1641680 0x1641680 0x1641680 0x1641680 0x1641680 0x1641680 0x1641680 0x1641680 0x1641680 0x1641680 0x1641680 0x1641680 0x1641680 0x1641680 0x1641680 0x1641680 0x1641680 0x1641680 0x1641680 0x1641680 0x1641680 0x1641680
tcmalloc: large alloc 2147483648 bytes == 0xb5792000 @  0x1641680 0x1641680 0x1641680 0x1641680 0x1641680 0x1641680 0x1641680 0x1641680 0x1641680 0x1641680 0x1641680 0x1641680 0x1641680 0x1641680 0x1641680 0x1641680 0x1641680 0x1641680 0x1641680 0x1641680 0x1641680 0x1641680 0x1641680 0x1641680 0x1641680 0x1641680 0x1641680 0x1641680 0x1641680 0x1641680 0x1641680
tcmalloc: large alloc 4294967296 bytes == 0x135f94000 @  0x1641680 0x1641680 0x1641680 0x1641680 0x1641680 0x1641680 0x1641680 0x1641680 0x1641680 0x1641680 0x1641680 0x1641680 0x1641680 0x1641680 0x1641680 0x1641680 0x1641680 0x1641680 0x1641680 0x1641680 0x1641680 0x1641680 0x1641680 0x1641680 0x1641680 0x1641680 0x1641680 0x1641680 0x1641680 0x1641680 0x1641680
./solvers/mathsat/run.sh: line 3: 227090 Killed                  ./mathsat ../$1
QF_NRA/zankl/matrix-4-all-21.smt2 : 1800318 ms.
--------------------------------------------------
./solvers/mathsat/run.sh: line 3: 227341 Killed                  ./mathsat ../$1
QF_NRA/zankl/matrix-4-all-22.smt2 : 1800465 ms.
--------------------------------------------------
./solvers/mathsat/run.sh: line 3: 227580 Killed                  ./mathsat ../$1
QF_NRA/zankl/matrix-4-all-23.smt2 : 1800583 ms.
--------------------------------------------------
./solvers/mathsat/run.sh: line 3: 227833 Killed                  ./mathsat ../$1
QF_NRA/zankl/matrix-4-all-24.smt2 : 1801387 ms.
--------------------------------------------------
./solvers/mathsat/run.sh: line 3: 228056 Killed                  ./mathsat ../$1
QF_NRA/zankl/matrix-4-all-25.smt2 : 1800304 ms.
--------------------------------------------------
./solvers/mathsat/run.sh: line 3: 228332 Killed                  ./mathsat ../$1
QF_NRA/zankl/matrix-4-all-26.smt2 : 1800342 ms.
--------------------------------------------------
./solvers/mathsat/run.sh: line 3: 228544 Killed                  ./mathsat ../$1
QF_NRA/zankl/matrix-4-all-27.smt2 : 1803015 ms.
--------------------------------------------------
unsat
QF_NRA/zankl/matrix-4-all-29.smt2 : 3741 ms.
--------------------------------------------------
tcmalloc: large alloc 1073741824 bytes == 0xcb4fa000 @  0x1641680 0x1641680 0x1641680 0x1641680 0x1641680 0x1641680 0x1641680 0x1641680 0x1641680 0x1641680 0x1641680 0x1641680 0x1641680 0x1641680 0x1641680 0x1641680 0x1641680 0x1641680 0x1641680 0x1641680 0x1641680 0x1641680 0x1641680 0x1641680 0x1641680 0x1641680 0x1641680 0x1641680 0x1641680 0x1641680 0x1641680
./solvers/mathsat/run.sh: line 3: 228750 Killed                  ./mathsat ../$1
QF_NRA/zankl/matrix-4-all-2.smt2 : 1800404 ms.
--------------------------------------------------
unsat
QF_NRA/zankl/matrix-4-all-31.smt2 : 699 ms.
--------------------------------------------------
unsat
QF_NRA/zankl/matrix-4-all-33.smt2 : 13298 ms.
--------------------------------------------------
./solvers/mathsat/run.sh: line 3: 228958 Killed                  ./mathsat ../$1
QF_NRA/zankl/matrix-4-all-3.smt2 : 1800403 ms.
--------------------------------------------------
./solvers/mathsat/run.sh: line 3: 229192 Killed                  ./mathsat ../$1
QF_NRA/zankl/matrix-4-all-4.smt2 : 1800478 ms.
--------------------------------------------------
sat
QF_NRA/zankl/matrix-4-all-5.smt2 : 1013556 ms.
--------------------------------------------------
./solvers/mathsat/run.sh: line 3: 229532 Killed                  ./mathsat ../$1
QF_NRA/zankl/matrix-4-all-6.smt2 : 1800439 ms.
--------------------------------------------------
./solvers/mathsat/run.sh: line 3: 229742 Killed                  ./mathsat ../$1
QF_NRA/zankl/matrix-4-all-7.smt2 : 1800314 ms.
--------------------------------------------------
./solvers/mathsat/run.sh: line 3: 229939 Killed                  ./mathsat ../$1
QF_NRA/zankl/matrix-4-all-8.smt2 : 1800282 ms.
--------------------------------------------------
sat
QF_NRA/zankl/matrix-4-all-9.smt2 : 160 ms.
--------------------------------------------------
./solvers/mathsat/run.sh: line 3: 230116 Killed                  ./mathsat ../$1
QF_NRA/zankl/matrix-5-all-01.smt2 : 1800294 ms.
--------------------------------------------------
./solvers/mathsat/run.sh: line 3: 230310 Killed                  ./mathsat ../$1
QF_NRA/zankl/matrix-5-all-10.smt2 : 1800325 ms.
--------------------------------------------------
./solvers/mathsat/run.sh: line 3: 230504 Killed                  ./mathsat ../$1
QF_NRA/zankl/matrix-5-all-11.smt2 : 1800578 ms.
--------------------------------------------------
./solvers/mathsat/run.sh: line 3: 230684 Killed                  ./mathsat ../$1
QF_NRA/zankl/matrix-5-all-12.smt2 : 1800293 ms.
--------------------------------------------------
./solvers/mathsat/run.sh: line 3: 230867 Killed                  ./mathsat ../$1
QF_NRA/zankl/matrix-5-all-13.smt2 : 1801065 ms.
--------------------------------------------------
unsat
QF_NRA/zankl/matrix-5-all-14.smt2 : 94900 ms.
--------------------------------------------------
./solvers/mathsat/run.sh: line 3: 231086 Killed                  ./mathsat ../$1
QF_NRA/zankl/matrix-5-all-15.smt2 : 1800812 ms.
--------------------------------------------------
tcmalloc: large alloc 1073741824 bytes == 0xdfdfc000 @  0x1641680 0x1641680 0x1641680 0x1641680 0x1641680 0x1641680 0x1641680 0x1641680 0x1641680 0x1641680 0x1641680 0x1641680 0x1641680 0x1641680 0x1641680 0x1641680 0x1641680 0x1641680 0x1641680 0x1641680 0x1641680 0x1641680 0x1641680 0x1641680 0x1641680 0x1641680 0x1641680 0x1641680 0x1641680 0x1641680 0x1641680
tcmalloc: large alloc 2147483648 bytes == 0x11fdfc000 @  0x1641680 0x1641680 0x1641680 0x1641680 0x1641680 0x1641680 0x1641680 0x1641680 0x1641680 0x1641680 0x1641680 0x1641680 0x1641680 0x1641680 0x1641680 0x1641680 0x1641680 0x1641680 0x1641680 0x1641680 0x1641680 0x1641680 0x1641680 0x1641680 0x1641680 0x1641680 0x1641680 0x1641680 0x1641680 0x1641680 0x1641680
./solvers/mathsat/run.sh: line 3: 231259 Killed                  ./mathsat ../$1
QF_NRA/zankl/matrix-5-all-16.smt2 : 1800457 ms.
--------------------------------------------------
./solvers/mathsat/run.sh: line 3: 231453 Killed                  ./mathsat ../$1
QF_NRA/zankl/matrix-5-all-17.smt2 : 1800750 ms.
--------------------------------------------------
./solvers/mathsat/run.sh: line 3: 231638 Killed                  ./mathsat ../$1
QF_NRA/zankl/matrix-5-all-18.smt2 : 1801008 ms.
--------------------------------------------------
tcmalloc: large alloc 1073741824 bytes == 0x190c46000 @  0x1641680 0x1641680 0x1641680 0x1641680 0x1641680 0x1641680 0x1641680 0x1641680 0x1641680 0x1641680 0x1641680 0x1641680 0x1641680 0x1641680 0x1641680 0x1641680 0x1641680 0x1641680 0x1641680 0x1641680 0x1641680 0x1641680 0x1641680 0x1641680 0x1641680 0x1641680 0x1641680 0x1641680 0x1641680 0x1641680 0x1641680
./solvers/mathsat/run.sh: line 3: 231829 Killed                  ./mathsat ../$1
QF_NRA/zankl/matrix-5-all-19.smt2 : 1800546 ms.
--------------------------------------------------
./solvers/mathsat/run.sh: line 3: 232002 Killed                  ./mathsat ../$1
QF_NRA/zankl/matrix-5-all-20.smt2 : 1800314 ms.
--------------------------------------------------
./solvers/mathsat/run.sh: line 3: 232202 Killed                  ./mathsat ../$1
QF_NRA/zankl/matrix-5-all-21.smt2 : 1801076 ms.
--------------------------------------------------
unsat
QF_NRA/zankl/matrix-5-all-23.smt2 : 75 ms.
--------------------------------------------------
unsat
QF_NRA/zankl/matrix-5-all-25.smt2 : 3011 ms.
--------------------------------------------------
unsat
QF_NRA/zankl/matrix-5-all-27.smt2 : 143807 ms.
--------------------------------------------------
./solvers/mathsat/run.sh: line 3: 232402 Killed                  ./mathsat ../$1
QF_NRA/zankl/matrix-5-all-2.smt2 : 1800526 ms.
--------------------------------------------------
./solvers/mathsat/run.sh: line 3: 232590 Killed                  ./mathsat ../$1
QF_NRA/zankl/matrix-5-all-3.smt2 : 1800919 ms.
--------------------------------------------------
./solvers/mathsat/run.sh: line 3: 232752 Killed                  ./mathsat ../$1
QF_NRA/zankl/matrix-5-all-4.smt2 : 1800788 ms.
--------------------------------------------------
tcmalloc: large alloc 1073741824 bytes == 0xd125a000 @  0x1641680 0x1641680 0x1641680 0x1641680 0x1641680 0x1641680 0x1641680 0x1641680 0x1641680 0x1641680 0x1641680 0x1641680 0x1641680 0x1641680 0x1641680 0x1641680 0x1641680 0x1641680 0x1641680 0x1641680 0x1641680 0x1641680 0x1641680 0x1641680 0x1641680 0x1641680 0x1641680 0x1641680 0x1641680 0x1641680 0x1641680
./solvers/mathsat/run.sh: line 3: 232931 Killed                  ./mathsat ../$1
QF_NRA/zankl/matrix-5-all-5.smt2 : 1800305 ms.
--------------------------------------------------
./solvers/mathsat/run.sh: line 3: 233088 Killed                  ./mathsat ../$1
QF_NRA/zankl/matrix-5-all-6.smt2 : 1800059 ms.
--------------------------------------------------
./solvers/mathsat/run.sh: line 3: 233266 Killed                  ./mathsat ../$1
QF_NRA/zankl/matrix-5-all-7.smt2 : 1800271 ms.
--------------------------------------------------
./solvers/mathsat/run.sh: line 3: 233727 Killed                  ./mathsat ../$1
QF_NRA/zankl/matrix-5-all-8.smt2 : 1800277 ms.
--------------------------------------------------
./solvers/mathsat/run.sh: line 3: 233910 Killed                  ./mathsat ../$1
QF_NRA/zankl/matrix-5-all-9.smt2 : 1800378 ms.
