--------------------------------------------------
unsat
QF_NRA/meti-tarski/atan/vega/3/atan-vega-3-chunk-0227.smt2 : 36 ms.
--------------------------------------------------
sat
QF_NRA/meti-tarski/atan/vega/3/atan-vega-3-chunk-0228.smt2 : 27 ms.
--------------------------------------------------
sat
QF_NRA/meti-tarski/atan/vega/3/atan-vega-3-chunk-0229.smt2 : 47 ms.
--------------------------------------------------
sat
QF_NRA/meti-tarski/atan/vega/3/atan-vega-3-chunk-0230.smt2 : 44 ms.
--------------------------------------------------
unsat
QF_NRA/meti-tarski/atan/vega/3/atan-vega-3-chunk-0231.smt2 : 40 ms.
--------------------------------------------------
sat
QF_NRA/meti-tarski/atan/vega/3/atan-vega-3-chunk-0232.smt2 : 46 ms.
--------------------------------------------------
sat
QF_NRA/meti-tarski/atan/vega/3/atan-vega-3-chunk-0233.smt2 : 38 ms.
--------------------------------------------------
sat
QF_NRA/meti-tarski/atan/vega/3/atan-vega-3-chunk-0234.smt2 : 71 ms.
--------------------------------------------------
sat
QF_NRA/meti-tarski/atan/vega/3/atan-vega-3-chunk-0235.smt2 : 67 ms.
--------------------------------------------------
sat
QF_NRA/meti-tarski/atan/vega/3/atan-vega-3-chunk-0236.smt2 : 51 ms.
--------------------------------------------------
unsat
QF_NRA/meti-tarski/atan/vega/3/atan-vega-3-chunk-0237.smt2 : 61 ms.
--------------------------------------------------
sat
QF_NRA/meti-tarski/atan/vega/3/atan-vega-3-chunk-0238.smt2 : 48 ms.
--------------------------------------------------
sat
QF_NRA/meti-tarski/atan/vega/3/atan-vega-3-chunk-0239.smt2 : 42 ms.
--------------------------------------------------
sat
QF_NRA/meti-tarski/atan/vega/3/atan-vega-3-chunk-0240.smt2 : 47 ms.
--------------------------------------------------
unsat
QF_NRA/meti-tarski/atan/vega/3/atan-vega-3-chunk-0241.smt2 : 53 ms.
--------------------------------------------------
unsat
QF_NRA/meti-tarski/atan/vega/3/atan-vega-3-chunk-0242.smt2 : 87 ms.
--------------------------------------------------
unsat
QF_NRA/meti-tarski/atan/vega/3/atan-vega-3-chunk-0243.smt2 : 50 ms.
--------------------------------------------------
sat
QF_NRA/meti-tarski/atan/vega/3/atan-vega-3-chunk-0244.smt2 : 29 ms.
--------------------------------------------------
sat
QF_NRA/meti-tarski/atan/vega/3/atan-vega-3-chunk-0245.smt2 : 50 ms.
--------------------------------------------------
sat
QF_NRA/meti-tarski/atan/vega/3/atan-vega-3-chunk-0246.smt2 : 47 ms.
--------------------------------------------------
unsat
QF_NRA/meti-tarski/atan/vega/3/atan-vega-3-chunk-0247.smt2 : 57 ms.
--------------------------------------------------
unsat
QF_NRA/meti-tarski/atan/vega/3/atan-vega-3-chunk-0248.smt2 : 65 ms.
--------------------------------------------------
sat
QF_NRA/meti-tarski/atan/vega/3/atan-vega-3-chunk-0249.smt2 : 36 ms.
--------------------------------------------------
unsat
QF_NRA/meti-tarski/atan/vega/3/atan-vega-3-chunk-0250.smt2 : 30 ms.
--------------------------------------------------
sat
QF_NRA/meti-tarski/atan/vega/3/atan-vega-3-chunk-0251.smt2 : 42 ms.
--------------------------------------------------
sat
QF_NRA/meti-tarski/atan/vega/3/atan-vega-3-chunk-0252.smt2 : 50 ms.
--------------------------------------------------
sat
QF_NRA/meti-tarski/atan/vega/3/atan-vega-3-chunk-0253.smt2 : 39 ms.
--------------------------------------------------
sat
QF_NRA/meti-tarski/atan/vega/3/atan-vega-3-chunk-0254.smt2 : 38 ms.
--------------------------------------------------
unsat
QF_NRA/meti-tarski/atan/vega/3/atan-vega-3-chunk-0255.smt2 : 35 ms.
--------------------------------------------------
sat
QF_NRA/meti-tarski/atan/vega/3/atan-vega-3-chunk-0256.smt2 : 46 ms.
--------------------------------------------------
unsat
QF_NRA/meti-tarski/atan/vega/3/atan-vega-3-chunk-0257.smt2 : 45 ms.
--------------------------------------------------
unsat
QF_NRA/meti-tarski/atan/vega/3/atan-vega-3-chunk-0258.smt2 : 63 ms.
--------------------------------------------------
sat
QF_NRA/meti-tarski/atan/vega/3/atan-vega-3-chunk-0259.smt2 : 47 ms.
--------------------------------------------------
sat
QF_NRA/meti-tarski/atan/vega/3/atan-vega-3-chunk-0260.smt2 : 27 ms.
--------------------------------------------------
sat
QF_NRA/meti-tarski/atan/vega/3/atan-vega-3-chunk-0261.smt2 : 49 ms.
--------------------------------------------------
unsat
QF_NRA/meti-tarski/atan/vega/3/atan-vega-3-chunk-0262.smt2 : 51 ms.
--------------------------------------------------
unsat
QF_NRA/meti-tarski/atan/vega/3/atan-vega-3-chunk-0263.smt2 : 98 ms.
--------------------------------------------------
sat
QF_NRA/meti-tarski/atan/vega/3/atan-vega-3-chunk-0264.smt2 : 38 ms.
--------------------------------------------------
sat
QF_NRA/meti-tarski/atan/vega/3/atan-vega-3-chunk-0265.smt2 : 43 ms.
--------------------------------------------------
unsat
QF_NRA/meti-tarski/atan/vega/3/atan-vega-3-chunk-0266.smt2 : 63 ms.
--------------------------------------------------
sat
QF_NRA/meti-tarski/atan/vega/3/atan-vega-3-chunk-0267.smt2 : 41 ms.
--------------------------------------------------
unsat
QF_NRA/meti-tarski/atan/vega/3/atan-vega-3-chunk-0268.smt2 : 58 ms.
--------------------------------------------------
unsat
QF_NRA/meti-tarski/atan/vega/3/atan-vega-3-chunk-0269.smt2 : 73 ms.
--------------------------------------------------
sat
QF_NRA/meti-tarski/atan/vega/3/atan-vega-3-chunk-0270.smt2 : 43 ms.
--------------------------------------------------
unsat
QF_NRA/meti-tarski/atan/vega/3/atan-vega-3-chunk-0271.smt2 : 32 ms.
--------------------------------------------------
unsat
QF_NRA/meti-tarski/atan/vega/3/atan-vega-3-chunk-0272.smt2 : 32 ms.
--------------------------------------------------
sat
QF_NRA/meti-tarski/atan/vega/3/atan-vega-3-chunk-0273.smt2 : 40 ms.
--------------------------------------------------
unsat
QF_NRA/meti-tarski/atan/vega/3/atan-vega-3-chunk-0274.smt2 : 39 ms.
--------------------------------------------------
unsat
QF_NRA/meti-tarski/atan/vega/3/atan-vega-3-chunk-0275.smt2 : 40 ms.
--------------------------------------------------
sat
QF_NRA/meti-tarski/atan/vega/3/atan-vega-3-chunk-0276.smt2 : 31 ms.
--------------------------------------------------
unsat
QF_NRA/meti-tarski/atan/vega/3/atan-vega-3-chunk-0277.smt2 : 178142 ms.
--------------------------------------------------
unsat
QF_NRA/meti-tarski/atan/vega/3/atan-vega-3-chunk-0278.smt2 : 43 ms.
--------------------------------------------------
sat
QF_NRA/meti-tarski/atan/vega/3/atan-vega-3-chunk-0279.smt2 : 41 ms.
--------------------------------------------------
sat
QF_NRA/meti-tarski/atan/vega/3/atan-vega-3-chunk-0280.smt2 : 34 ms.
--------------------------------------------------
sat
QF_NRA/meti-tarski/atan/vega/3/atan-vega-3-chunk-0281.smt2 : 40 ms.
--------------------------------------------------
unsat
QF_NRA/meti-tarski/atan/vega/3/atan-vega-3-chunk-0282.smt2 : 34 ms.
--------------------------------------------------
sat
QF_NRA/meti-tarski/atan/vega/3/atan-vega-3-chunk-0283.smt2 : 32 ms.
--------------------------------------------------
sat
QF_NRA/meti-tarski/atan/vega/3/atan-vega-3-chunk-0284.smt2 : 57 ms.
--------------------------------------------------
sat
QF_NRA/meti-tarski/atan/vega/3/atan-vega-3-chunk-0285.smt2 : 66 ms.
--------------------------------------------------
./solvers/mathsat/run.sh: line 3: 134303 Killed                  ./mathsat ../$1
QF_NRA/meti-tarski/atan/vega/3/atan-vega-3-chunk-0286.smt2 : 1800166 ms.
--------------------------------------------------
sat
QF_NRA/meti-tarski/atan/vega/3/atan-vega-3-chunk-0287.smt2 : 70 ms.
--------------------------------------------------
unsat
QF_NRA/meti-tarski/atan/vega/3/atan-vega-3-chunk-0288.smt2 : 42 ms.
--------------------------------------------------
sat
QF_NRA/meti-tarski/atan/vega/3/atan-vega-3-chunk-0289.smt2 : 31 ms.
--------------------------------------------------
sat
QF_NRA/meti-tarski/atan/vega/3/atan-vega-3-chunk-0290.smt2 : 73 ms.
--------------------------------------------------
./solvers/mathsat/run.sh: line 3: 138167 Killed                  ./mathsat ../$1
QF_NRA/meti-tarski/atan/vega/3/atan-vega-3-chunk-0291.smt2 : 1800090 ms.
--------------------------------------------------
unsat
QF_NRA/meti-tarski/atan/vega/3/atan-vega-3-chunk-0292.smt2 : 40 ms.
--------------------------------------------------
sat
QF_NRA/meti-tarski/atan/vega/3/atan-vega-3-chunk-0293.smt2 : 32 ms.
--------------------------------------------------
./solvers/mathsat/run.sh: line 3: 140498 Killed                  ./mathsat ../$1
QF_NRA/meti-tarski/atan/vega/3/atan-vega-3-chunk-0294.smt2 : 1800085 ms.
--------------------------------------------------
sat
QF_NRA/meti-tarski/atan/vega/3/atan-vega-3-chunk-0295.smt2 : 34 ms.
--------------------------------------------------
sat
QF_NRA/meti-tarski/atan/vega/3/atan-vega-3-chunk-0296.smt2 : 40 ms.
--------------------------------------------------
unsat
QF_NRA/meti-tarski/atan/vega/3/atan-vega-3-chunk-0297.smt2 : 36 ms.
--------------------------------------------------
sat
QF_NRA/meti-tarski/atan/vega/3/atan-vega-3-chunk-0298.smt2 : 37 ms.
--------------------------------------------------
sat
QF_NRA/meti-tarski/atan/vega/3/atan-vega-3-chunk-0299.smt2 : 37 ms.
--------------------------------------------------
sat
QF_NRA/meti-tarski/atan/vega/3/atan-vega-3-chunk-0300.smt2 : 49 ms.
--------------------------------------------------
sat
QF_NRA/meti-tarski/atan/vega/3/atan-vega-3-chunk-0301.smt2 : 39 ms.
--------------------------------------------------
sat
QF_NRA/meti-tarski/atan/vega/3/atan-vega-3-chunk-0302.smt2 : 39 ms.
--------------------------------------------------
sat
QF_NRA/meti-tarski/atan/vega/3/atan-vega-3-chunk-0303.smt2 : 57 ms.
--------------------------------------------------
sat
QF_NRA/meti-tarski/atan/vega/3/atan-vega-3-chunk-0304.smt2 : 65 ms.
--------------------------------------------------
unsat
QF_NRA/meti-tarski/atan/vega/3/atan-vega-3-chunk-0305.smt2 : 171 ms.
--------------------------------------------------
./solvers/mathsat/run.sh: line 3: 143068 Killed                  ./mathsat ../$1
QF_NRA/meti-tarski/atan/vega/3/atan-vega-3-chunk-0306.smt2 : 1800300 ms.
--------------------------------------------------
./solvers/mathsat/run.sh: line 3: 144562 Killed                  ./mathsat ../$1
QF_NRA/meti-tarski/atan/vega/3/atan-vega-3-chunk-0307.smt2 : 1800094 ms.
--------------------------------------------------
sat
QF_NRA/meti-tarski/atan/vega/3/atan-vega-3-chunk-0308.smt2 : 44 ms.
--------------------------------------------------
sat
QF_NRA/meti-tarski/atan/vega/3/atan-vega-3-chunk-0309.smt2 : 41 ms.
--------------------------------------------------
./solvers/mathsat/run.sh: line 3: 145534 Killed                  ./mathsat ../$1
QF_NRA/meti-tarski/atan/vega/3/atan-vega-3-chunk-0310.smt2 : 1800112 ms.
--------------------------------------------------
sat
QF_NRA/meti-tarski/atan/vega/3/atan-vega-3-chunk-0311.smt2 : 36 ms.
--------------------------------------------------
./solvers/mathsat/run.sh: line 3: 147091 Killed                  ./mathsat ../$1
QF_NRA/meti-tarski/atan/vega/3/atan-vega-3-chunk-0312.smt2 : 1800427 ms.
--------------------------------------------------
sat
QF_NRA/meti-tarski/atan/vega/3/atan-vega-3-chunk-0313.smt2 : 116 ms.
--------------------------------------------------
./solvers/mathsat/run.sh: line 3: 149064 Killed                  ./mathsat ../$1
QF_NRA/meti-tarski/atan/vega/3/atan-vega-3-chunk-0314.smt2 : 1800529 ms.
--------------------------------------------------
./solvers/mathsat/run.sh: line 3: 150160 Killed                  ./mathsat ../$1
QF_NRA/meti-tarski/atan/vega/3/atan-vega-3-chunk-0315.smt2 : 1800068 ms.
--------------------------------------------------
sat
QF_NRA/meti-tarski/atan/vega/3/atan-vega-3-chunk-0316.smt2 : 37 ms.
--------------------------------------------------
sat
QF_NRA/meti-tarski/atan/vega/3/atan-vega-3-chunk-0317.smt2 : 109 ms.
--------------------------------------------------
sat
QF_NRA/meti-tarski/atan/vega/3/atan-vega-3-chunk-0318.smt2 : 37 ms.
--------------------------------------------------
sat
QF_NRA/meti-tarski/atan/vega/3/atan-vega-3-chunk-0319.smt2 : 61 ms.
--------------------------------------------------
sat
QF_NRA/meti-tarski/atan/vega/3/atan-vega-3-chunk-0320.smt2 : 40 ms.
--------------------------------------------------
./solvers/mathsat/run.sh: line 3: 151202 Killed                  ./mathsat ../$1
QF_NRA/meti-tarski/atan/vega/3/atan-vega-3-chunk-0321.smt2 : 1800151 ms.
--------------------------------------------------
sat
QF_NRA/meti-tarski/atan/vega/3/atan-vega-3-chunk-0322.smt2 : 43 ms.
--------------------------------------------------
./solvers/mathsat/run.sh: line 3: 165849 Killed                  ./mathsat ../$1
QF_NRA/meti-tarski/atan/vega/3/atan-vega-3-chunk-0323.smt2 : 1800108 ms.
--------------------------------------------------
./solvers/mathsat/run.sh: line 3: 170154 Killed                  ./mathsat ../$1
QF_NRA/meti-tarski/atan/vega/3/atan-vega-3-chunk-0324.smt2 : 1800099 ms.
--------------------------------------------------
sat
QF_NRA/meti-tarski/atan/vega/3/atan-vega-3-chunk-0325.smt2 : 59 ms.
--------------------------------------------------
./solvers/mathsat/run.sh: line 3: 173163 Killed                  ./mathsat ../$1
QF_NRA/meti-tarski/atan/vega/3/atan-vega-3-chunk-0326.smt2 : 1800140 ms.
--------------------------------------------------
sat
QF_NRA/meti-tarski/atan/vega/3/atan-vega-3-chunk-0327.smt2 : 53 ms.
--------------------------------------------------
sat
QF_NRA/meti-tarski/atan/vega/3/atan-vega-3-chunk-0328.smt2 : 52 ms.
--------------------------------------------------
sat
QF_NRA/meti-tarski/atan/vega/3/atan-vega-3-chunk-0329.smt2 : 64 ms.
--------------------------------------------------
sat
QF_NRA/meti-tarski/atan/vega/3/atan-vega-3-chunk-0330.smt2 : 64 ms.
--------------------------------------------------
sat
QF_NRA/meti-tarski/atan/vega/3/atan-vega-3-chunk-0331.smt2 : 46 ms.
--------------------------------------------------
sat
QF_NRA/meti-tarski/atan/vega/3/atan-vega-3-chunk-0332.smt2 : 53 ms.
--------------------------------------------------
sat
QF_NRA/meti-tarski/atan/vega/3/atan-vega-3-chunk-0333.smt2 : 23 ms.
--------------------------------------------------
./solvers/mathsat/run.sh: line 3: 176987 Killed                  ./mathsat ../$1
QF_NRA/meti-tarski/atan/vega/3/atan-vega-3-chunk-0334.smt2 : 1800073 ms.
--------------------------------------------------
sat
QF_NRA/meti-tarski/atan/vega/3/atan-vega-3-chunk-0335.smt2 : 30 ms.
--------------------------------------------------
sat
QF_NRA/meti-tarski/atan/vega/3/atan-vega-3-chunk-0336.smt2 : 115 ms.
--------------------------------------------------
sat
QF_NRA/meti-tarski/atan/vega/3/atan-vega-3-chunk-0337.smt2 : 115 ms.
--------------------------------------------------
./solvers/mathsat/run.sh: line 3: 178979 Killed                  ./mathsat ../$1
QF_NRA/meti-tarski/atan/vega/3/atan-vega-3-chunk-0338.smt2 : 1800054 ms.
--------------------------------------------------
sat
QF_NRA/meti-tarski/atan/vega/3/atan-vega-3-chunk-0339.smt2 : 370 ms.
--------------------------------------------------
sat
QF_NRA/meti-tarski/atan/vega/3/atan-vega-3-chunk-0340.smt2 : 110 ms.
--------------------------------------------------
./solvers/mathsat/run.sh: line 3: 180551 Killed                  ./mathsat ../$1
QF_NRA/meti-tarski/atan/vega/3/atan-vega-3-chunk-0341.smt2 : 1800088 ms.
--------------------------------------------------
sat
QF_NRA/meti-tarski/atan/vega/3/atan-vega-3-chunk-0342.smt2 : 47 ms.
--------------------------------------------------
sat
QF_NRA/meti-tarski/atan/vega/3/atan-vega-3-chunk-0343.smt2 : 46 ms.
--------------------------------------------------
sat
QF_NRA/meti-tarski/atan/vega/3/atan-vega-3-chunk-0344.smt2 : 66 ms.
--------------------------------------------------
unsat
QF_NRA/meti-tarski/atan/vega/3/atan-vega-3-chunk-0345.smt2 : 154 ms.
--------------------------------------------------
./solvers/mathsat/run.sh: line 3: 182633 Killed                  ./mathsat ../$1
QF_NRA/meti-tarski/atan/vega/3/atan-vega-3-chunk-0346.smt2 : 1800082 ms.
--------------------------------------------------
./solvers/mathsat/run.sh: line 3: 185134 Killed                  ./mathsat ../$1
QF_NRA/meti-tarski/atan/vega/3/atan-vega-3-chunk-0347.smt2 : 1800129 ms.
--------------------------------------------------
./solvers/mathsat/run.sh: line 3: 186801 Killed                  ./mathsat ../$1
QF_NRA/meti-tarski/atan/vega/3/atan-vega-3-chunk-0348.smt2 : 1800142 ms.
--------------------------------------------------
sat
QF_NRA/meti-tarski/atan/vega/3/atan-vega-3-chunk-0349.smt2 : 36 ms.
--------------------------------------------------
unsat
QF_NRA/meti-tarski/atan/vega/3/atan-vega-3-chunk-0350.smt2 : 40 ms.
--------------------------------------------------
sat
QF_NRA/meti-tarski/atan/vega/3/atan-vega-3-chunk-0351.smt2 : 29 ms.
--------------------------------------------------
sat
QF_NRA/meti-tarski/atan/vega/3/atan-vega-3-chunk-0352.smt2 : 69 ms.
--------------------------------------------------
sat
QF_NRA/meti-tarski/atan/vega/3/atan-vega-3-chunk-0353.smt2 : 28 ms.
--------------------------------------------------
./solvers/mathsat/run.sh: line 3: 188615 Killed                  ./mathsat ../$1
QF_NRA/meti-tarski/atan/vega/3/atan-vega-3-chunk-0354.smt2 : 1800292 ms.
--------------------------------------------------
sat
QF_NRA/meti-tarski/atan/vega/3/atan-vega-3-chunk-0355.smt2 : 429 ms.
--------------------------------------------------
sat
QF_NRA/meti-tarski/atan/vega/3/atan-vega-3-chunk-0356.smt2 : 978 ms.
--------------------------------------------------
./solvers/mathsat/run.sh: line 3: 190095 Killed                  ./mathsat ../$1
QF_NRA/meti-tarski/atan/vega/3/atan-vega-3-chunk-0357.smt2 : 1800140 ms.
--------------------------------------------------
sat
QF_NRA/meti-tarski/atan/vega/3/atan-vega-3-chunk-0358.smt2 : 64 ms.
--------------------------------------------------
sat
QF_NRA/meti-tarski/atan/vega/3/atan-vega-3-chunk-0359.smt2 : 66 ms.
--------------------------------------------------
sat
QF_NRA/meti-tarski/atan/vega/3/atan-vega-3-chunk-0360.smt2 : 31 ms.
--------------------------------------------------
sat
QF_NRA/meti-tarski/atan/vega/3/atan-vega-3-chunk-0361.smt2 : 44 ms.
--------------------------------------------------
sat
QF_NRA/meti-tarski/atan/vega/3/atan-vega-3-chunk-0362.smt2 : 40 ms.
--------------------------------------------------
./solvers/mathsat/run.sh: line 3: 191847 Killed                  ./mathsat ../$1
QF_NRA/meti-tarski/atan/vega/3/atan-vega-3-chunk-0363.smt2 : 1800142 ms.
--------------------------------------------------
sat
QF_NRA/meti-tarski/atan/vega/3/atan-vega-3-chunk-0364.smt2 : 56 ms.
--------------------------------------------------
sat
QF_NRA/meti-tarski/atan/vega/3/atan-vega-3-chunk-0365.smt2 : 452 ms.
--------------------------------------------------
unsat
QF_NRA/meti-tarski/atan/vega/3/atan-vega-3-chunk-0366.smt2 : 41 ms.
--------------------------------------------------
sat
QF_NRA/meti-tarski/atan/vega/3/atan-vega-3-chunk-0367.smt2 : 182 ms.
--------------------------------------------------
sat
QF_NRA/meti-tarski/atan/vega/3/atan-vega-3-chunk-0368.smt2 : 44 ms.
--------------------------------------------------
sat
QF_NRA/meti-tarski/atan/vega/3/atan-vega-3-chunk-0369.smt2 : 36 ms.
--------------------------------------------------
sat
QF_NRA/meti-tarski/atan/vega/3/atan-vega-3-chunk-0370.smt2 : 69 ms.
--------------------------------------------------
sat
QF_NRA/meti-tarski/atan/vega/3/atan-vega-3-chunk-0371.smt2 : 47 ms.
--------------------------------------------------
./solvers/mathsat/run.sh: line 3: 193220 Killed                  ./mathsat ../$1
QF_NRA/meti-tarski/atan/vega/3/atan-vega-3-chunk-0372.smt2 : 1800113 ms.
--------------------------------------------------
sat
QF_NRA/meti-tarski/atan/vega/3/atan-vega-3-chunk-0373.smt2 : 58 ms.
--------------------------------------------------
./solvers/mathsat/run.sh: line 3: 195068 Killed                  ./mathsat ../$1
QF_NRA/meti-tarski/atan/vega/3/atan-vega-3-chunk-0374.smt2 : 1800121 ms.
--------------------------------------------------
./solvers/mathsat/run.sh: line 3: 196128 Killed                  ./mathsat ../$1
QF_NRA/meti-tarski/atan/vega/3/atan-vega-3-chunk-0375.smt2 : 1800129 ms.
--------------------------------------------------
sat
QF_NRA/meti-tarski/atan/vega/3/atan-vega-3-chunk-0376.smt2 : 58 ms.
--------------------------------------------------
sat
QF_NRA/meti-tarski/atan/vega/3/atan-vega-3-chunk-0377.smt2 : 81 ms.
--------------------------------------------------
./solvers/mathsat/run.sh: line 3: 197212 Killed                  ./mathsat ../$1
QF_NRA/meti-tarski/atan/vega/3/atan-vega-3-chunk-0378.smt2 : 1800112 ms.
--------------------------------------------------
./solvers/mathsat/run.sh: line 3: 198524 Killed                  ./mathsat ../$1
QF_NRA/meti-tarski/atan/vega/3/atan-vega-3-chunk-0379.smt2 : 1800134 ms.
--------------------------------------------------
./solvers/mathsat/run.sh: line 3: 199655 Killed                  ./mathsat ../$1
QF_NRA/meti-tarski/atan/vega/3/atan-vega-3-chunk-0380.smt2 : 1800091 ms.
--------------------------------------------------
sat
QF_NRA/meti-tarski/atan/vega/3/atan-vega-3-chunk-0381.smt2 : 71 ms.
--------------------------------------------------
sat
QF_NRA/meti-tarski/atan/vega/3/atan-vega-3-chunk-0382.smt2 : 30 ms.
--------------------------------------------------
sat
QF_NRA/meti-tarski/atan/vega/3/atan-vega-3-chunk-0383.smt2 : 45 ms.
--------------------------------------------------
sat
QF_NRA/meti-tarski/atan/vega/3/atan-vega-3-chunk-0384.smt2 : 40 ms.
--------------------------------------------------
sat
QF_NRA/meti-tarski/atan/vega/3/atan-vega-3-chunk-0385.smt2 : 39 ms.
--------------------------------------------------
sat
QF_NRA/meti-tarski/atan/vega/3/atan-vega-3-chunk-0386.smt2 : 28 ms.
--------------------------------------------------
./solvers/mathsat/run.sh: line 3: 200915 Killed                  ./mathsat ../$1
QF_NRA/meti-tarski/atan/vega/3/atan-vega-3-chunk-0387.smt2 : 1800155 ms.
--------------------------------------------------
unsat
QF_NRA/meti-tarski/atan/vega/3/atan-vega-3-chunk-0388.smt2 : 1161 ms.
--------------------------------------------------
./solvers/mathsat/run.sh: line 3: 201929 Killed                  ./mathsat ../$1
QF_NRA/meti-tarski/atan/vega/3/atan-vega-3-chunk-0389.smt2 : 1800121 ms.
--------------------------------------------------
sat
QF_NRA/meti-tarski/atan/vega/3/atan-vega-3-chunk-0390.smt2 : 69 ms.
--------------------------------------------------
sat
QF_NRA/meti-tarski/atan/vega/3/atan-vega-3-chunk-0391.smt2 : 47 ms.
--------------------------------------------------
sat
QF_NRA/meti-tarski/atan/vega/3/atan-vega-3-chunk-0392.smt2 : 44 ms.
--------------------------------------------------
sat
QF_NRA/meti-tarski/atan/vega/3/atan-vega-3-chunk-0393.smt2 : 38 ms.
--------------------------------------------------
unsat
QF_NRA/meti-tarski/atan/vega/3/atan-vega-3-chunk-0394.smt2 : 35 ms.
--------------------------------------------------
sat
QF_NRA/meti-tarski/atan/vega/3/atan-vega-3-chunk-0395.smt2 : 35 ms.
--------------------------------------------------
sat
QF_NRA/meti-tarski/atan/vega/3/atan-vega-3-chunk-0396.smt2 : 37 ms.
--------------------------------------------------
sat
QF_NRA/meti-tarski/atan/vega/3/atan-vega-3-chunk-0397.smt2 : 39 ms.
--------------------------------------------------
sat
QF_NRA/meti-tarski/atan/vega/3/atan-vega-3-chunk-0398.smt2 : 38 ms.
--------------------------------------------------
sat
QF_NRA/meti-tarski/atan/vega/3/atan-vega-3-chunk-0399.smt2 : 41 ms.
--------------------------------------------------
sat
QF_NRA/meti-tarski/atan/vega/3/atan-vega-3-chunk-0400.smt2 : 46 ms.
--------------------------------------------------
sat
QF_NRA/meti-tarski/atan/vega/3/atan-vega-3-chunk-0401.smt2 : 38 ms.
--------------------------------------------------
sat
QF_NRA/meti-tarski/atan/vega/3/atan-vega-3-chunk-0403.smt2 : 40 ms.
--------------------------------------------------
sat
QF_NRA/meti-tarski/atan/vega/3/atan-vega-3-chunk-0406.smt2 : 38 ms.
--------------------------------------------------
unsat
QF_NRA/meti-tarski/atan/vega/3/atan-vega-3-chunk-0407.smt2 : 27 ms.
--------------------------------------------------
unsat
QF_NRA/meti-tarski/atan/vega/3/atan-vega-3-chunk-0408.smt2 : 28 ms.
--------------------------------------------------
unsat
QF_NRA/meti-tarski/atan/vega/3/atan-vega-3-chunk-0409.smt2 : 27 ms.
--------------------------------------------------
sat
QF_NRA/meti-tarski/atan/vega/3/atan-vega-3-chunk-0410.smt2 : 45 ms.
--------------------------------------------------
./solvers/mathsat/run.sh: line 3: 203450 Killed                  ./mathsat ../$1
QF_NRA/meti-tarski/atan/vega/3/atan-vega-3-chunk-0411.smt2 : 1800103 ms.
--------------------------------------------------
sat
QF_NRA/meti-tarski/atan/vega/3/atan-vega-3-chunk-0412.smt2 : 36 ms.
--------------------------------------------------
sat
QF_NRA/meti-tarski/atan/vega/3/atan-vega-3-chunk-0413.smt2 : 43 ms.
--------------------------------------------------
./solvers/mathsat/run.sh: line 3: 204589 Killed                  ./mathsat ../$1
QF_NRA/meti-tarski/atan/vega/3/atan-vega-3-chunk-0414.smt2 : 1800092 ms.
--------------------------------------------------
sat
QF_NRA/meti-tarski/atan/vega/3/atan-vega-3-chunk-0415.smt2 : 261 ms.
--------------------------------------------------
sat
QF_NRA/meti-tarski/atan/vega/3/atan-vega-3-chunk-0416.smt2 : 50 ms.
--------------------------------------------------
./solvers/mathsat/run.sh: line 3: 205657 Killed                  ./mathsat ../$1
QF_NRA/meti-tarski/atan/vega/3/atan-vega-3-chunk-0417.smt2 : 1800118 ms.
--------------------------------------------------
sat
QF_NRA/meti-tarski/atan/vega/3/atan-vega-3-chunk-0418.smt2 : 113 ms.
--------------------------------------------------
./solvers/mathsat/run.sh: line 3: 206459 Killed                  ./mathsat ../$1
QF_NRA/meti-tarski/atan/vega/3/atan-vega-3-chunk-0419.smt2 : 1800073 ms.
--------------------------------------------------
./solvers/mathsat/run.sh: line 3: 207266 Killed                  ./mathsat ../$1
QF_NRA/meti-tarski/atan/vega/3/atan-vega-3-chunk-0420.smt2 : 1800122 ms.
--------------------------------------------------
sat
QF_NRA/meti-tarski/atan/vega/3/atan-vega-3-chunk-0421.smt2 : 133 ms.
--------------------------------------------------
./solvers/mathsat/run.sh: line 3: 208133 Killed                  ./mathsat ../$1
QF_NRA/meti-tarski/atan/vega/3/atan-vega-3-chunk-0422.smt2 : 1800316 ms.
--------------------------------------------------
sat
QF_NRA/meti-tarski/atan/vega/3/atan-vega-3-chunk-0423.smt2 : 49 ms.
--------------------------------------------------
./solvers/mathsat/run.sh: line 3: 209016 Killed                  ./mathsat ../$1
QF_NRA/meti-tarski/atan/vega/3/atan-vega-3-chunk-0424.smt2 : 1800278 ms.
--------------------------------------------------
sat
QF_NRA/meti-tarski/atan/vega/3/atan-vega-3-chunk-0425.smt2 : 49 ms.
--------------------------------------------------
./solvers/mathsat/run.sh: line 3: 209858 Killed                  ./mathsat ../$1
QF_NRA/meti-tarski/atan/vega/3/atan-vega-3-chunk-0426.smt2 : 1800157 ms.
--------------------------------------------------
./solvers/mathsat/run.sh: line 3: 210774 Killed                  ./mathsat ../$1
QF_NRA/meti-tarski/atan/vega/3/atan-vega-3-chunk-0427.smt2 : 1801093 ms.
--------------------------------------------------
sat
QF_NRA/meti-tarski/atan/vega/3/atan-vega-3-chunk-0428.smt2 : 382 ms.
--------------------------------------------------
sat
QF_NRA/meti-tarski/atan/vega/3/atan-vega-3-chunk-0429.smt2 : 373 ms.
