--------------------------------------------------
unsat
QF_NRA/hycomp/etcs_braking_2.01.qfree_global_2.smt2 : 44 ms.
--------------------------------------------------
unsat
QF_NRA/hycomp/etcs_braking_2.01.qfree_global_3.smt2 : 51 ms.
--------------------------------------------------
unsat
QF_NRA/hycomp/etcs_braking_2.01.qfree_global_4.smt2 : 108 ms.
--------------------------------------------------
unsat
QF_NRA/hycomp/etcs_braking_2.01.qfree_global_5.smt2 : 159 ms.
--------------------------------------------------
unsat
QF_NRA/hycomp/etcs_braking_2.01.qfree_global_6.smt2 : 284 ms.
--------------------------------------------------
unsat
QF_NRA/hycomp/etcs_braking_2.01.qfree_global_7.smt2 : 15114 ms.
--------------------------------------------------
unsat
QF_NRA/hycomp/etcs_braking_2.01.qfree_global_8.smt2 : 6169 ms.
--------------------------------------------------
unsat
QF_NRA/hycomp/etcs_braking_2.01.qfree_global_9.smt2 : 2209 ms.
--------------------------------------------------
unsat
QF_NRA/hycomp/etcs_braking_2.01.redlog_global_0.smt2 : 25 ms.
--------------------------------------------------
unsat
QF_NRA/hycomp/etcs_braking_2.01.redlog_global_10.smt2 : 15183 ms.
--------------------------------------------------
unsat
QF_NRA/hycomp/etcs_braking_2.01.redlog_global_11.smt2 : 15218 ms.
--------------------------------------------------
unsat
QF_NRA/hycomp/etcs_braking_2.01.redlog_global_12.smt2 : 15183 ms.
--------------------------------------------------
timeout
QF_NRA/hycomp/etcs_braking_2.01.redlog_global_13.smt2 : 1800015 ms.
--------------------------------------------------
unsat
QF_NRA/hycomp/etcs_braking_2.01.redlog_global_14.smt2 : 15258 ms.
--------------------------------------------------
unsat
QF_NRA/hycomp/etcs_braking_2.01.redlog_global_15.smt2 : 15334 ms.
--------------------------------------------------
unsat
QF_NRA/hycomp/etcs_braking_2.01.redlog_global_1.smt2 : 35 ms.
--------------------------------------------------
unsat
QF_NRA/hycomp/etcs_braking_2.01.redlog_global_2.smt2 : 50 ms.
--------------------------------------------------
unsat
QF_NRA/hycomp/etcs_braking_2.01.redlog_global_3.smt2 : 380 ms.
--------------------------------------------------
unsat
QF_NRA/hycomp/etcs_braking_2.01.redlog_global_4.smt2 : 7887 ms.
--------------------------------------------------
timeout
QF_NRA/hycomp/etcs_braking_2.01.redlog_global_5.smt2 : 1800010 ms.
--------------------------------------------------
unsat
QF_NRA/hycomp/etcs_braking_2.01.redlog_global_6.smt2 : 15148 ms.
--------------------------------------------------
unsat
QF_NRA/hycomp/etcs_braking_2.01.redlog_global_7.smt2 : 15146 ms.
--------------------------------------------------
unsat
QF_NRA/hycomp/etcs_braking_2.01.redlog_global_8.smt2 : 15143 ms.
--------------------------------------------------
timeout
QF_NRA/hycomp/etcs_braking_2.01.redlog_global_9.smt2 : 1800018 ms.
--------------------------------------------------
unsat
QF_NRA/hycomp/etcs_braking_2.01.seq_lazy_global_0.smt2 : 25 ms.
--------------------------------------------------
unsat
QF_NRA/hycomp/etcs_braking_2.01.seq_lazy_global_10.smt2 : 15092 ms.
--------------------------------------------------
unsat
QF_NRA/hycomp/etcs_braking_2.01.seq_lazy_global_11.smt2 : 15131 ms.
--------------------------------------------------
unsat
QF_NRA/hycomp/etcs_braking_2.01.seq_lazy_global_12.smt2 : 15113 ms.
--------------------------------------------------
timeout
QF_NRA/hycomp/etcs_braking_2.01.seq_lazy_global_13.smt2 : 1800022 ms.
--------------------------------------------------
unsat
QF_NRA/hycomp/etcs_braking_2.01.seq_lazy_global_14.smt2 : 15166 ms.
--------------------------------------------------
unsat
QF_NRA/hycomp/etcs_braking_2.01.seq_lazy_global_15.smt2 : 15219 ms.
--------------------------------------------------
unsat
QF_NRA/hycomp/etcs_braking_2.01.seq_lazy_global_1.smt2 : 29 ms.
--------------------------------------------------
unsat
QF_NRA/hycomp/etcs_braking_2.01.seq_lazy_global_2.smt2 : 32 ms.
--------------------------------------------------
unsat
QF_NRA/hycomp/etcs_braking_2.01.seq_lazy_global_3.smt2 : 36 ms.
--------------------------------------------------
unsat
QF_NRA/hycomp/etcs_braking_2.01.seq_lazy_global_4.smt2 : 56 ms.
--------------------------------------------------
unsat
QF_NRA/hycomp/etcs_braking_2.01.seq_lazy_global_5.smt2 : 65 ms.
--------------------------------------------------
unsat
QF_NRA/hycomp/etcs_braking_2.01.seq_lazy_global_6.smt2 : 93 ms.
--------------------------------------------------
unsat
QF_NRA/hycomp/etcs_braking_2.01.seq_lazy_global_7.smt2 : 127 ms.
--------------------------------------------------
unsat
QF_NRA/hycomp/etcs_braking_2.01.seq_lazy_global_8.smt2 : 145 ms.
--------------------------------------------------
unsat
QF_NRA/hycomp/etcs_braking_2.01.seq_lazy_global_9.smt2 : 3960 ms.
--------------------------------------------------
unsat
QF_NRA/hycomp/etcs_braking_2.01.seq_lazy_lemmas_global_0.smt2 : 25 ms.
--------------------------------------------------
unsat
QF_NRA/hycomp/etcs_braking_2.01.seq_lazy_lemmas_global_10.smt2 : 15187 ms.
--------------------------------------------------
unsat
QF_NRA/hycomp/etcs_braking_2.01.seq_lazy_lemmas_global_11.smt2 : 15233 ms.
--------------------------------------------------
unsat
QF_NRA/hycomp/etcs_braking_2.01.seq_lazy_lemmas_global_12.smt2 : 15276 ms.
--------------------------------------------------
timeout
QF_NRA/hycomp/etcs_braking_2.01.seq_lazy_lemmas_global_13.smt2 : 1800057 ms.
--------------------------------------------------
unsat
QF_NRA/hycomp/etcs_braking_2.01.seq_lazy_lemmas_global_14.smt2 : 15281 ms.
--------------------------------------------------
unsat
QF_NRA/hycomp/etcs_braking_2.01.seq_lazy_lemmas_global_15.smt2 : 15297 ms.
--------------------------------------------------
unsat
QF_NRA/hycomp/etcs_braking_2.01.seq_lazy_lemmas_global_1.smt2 : 33 ms.
--------------------------------------------------
unsat
QF_NRA/hycomp/etcs_braking_2.01.seq_lazy_lemmas_global_2.smt2 : 44 ms.
--------------------------------------------------
unsat
QF_NRA/hycomp/etcs_braking_2.01.seq_lazy_lemmas_global_3.smt2 : 58 ms.
--------------------------------------------------
unsat
QF_NRA/hycomp/etcs_braking_2.01.seq_lazy_lemmas_global_4.smt2 : 157 ms.
--------------------------------------------------
unsat
QF_NRA/hycomp/etcs_braking_2.01.seq_lazy_lemmas_global_5.smt2 : 323 ms.
--------------------------------------------------
unsat
QF_NRA/hycomp/etcs_braking_2.01.seq_lazy_lemmas_global_6.smt2 : 1920 ms.
--------------------------------------------------
unsat
QF_NRA/hycomp/etcs_braking_2.01.seq_lazy_lemmas_global_7.smt2 : 15150 ms.
--------------------------------------------------
unsat
QF_NRA/hycomp/etcs_braking_2.01.seq_lazy_lemmas_global_8.smt2 : 15190 ms.
--------------------------------------------------
timeout
QF_NRA/hycomp/etcs_braking_2.01.seq_lazy_lemmas_global_9.smt2 : 1800030 ms.
--------------------------------------------------
unsat
QF_NRA/hycomp/etcs_braking_2.01.seq_lazy_linear_enc_global_0.smt2 : 24 ms.
--------------------------------------------------
unsat
QF_NRA/hycomp/etcs_braking_2.01.seq_lazy_linear_enc_global_10.smt2 : 6497 ms.
--------------------------------------------------
unsat
QF_NRA/hycomp/etcs_braking_2.01.seq_lazy_linear_enc_global_11.smt2 : 15163 ms.
--------------------------------------------------
unsat
QF_NRA/hycomp/etcs_braking_2.01.seq_lazy_linear_enc_global_12.smt2 : 15094 ms.
--------------------------------------------------
timeout
QF_NRA/hycomp/etcs_braking_2.01.seq_lazy_linear_enc_global_13.smt2 : 1800013 ms.
--------------------------------------------------
unsat
QF_NRA/hycomp/etcs_braking_2.01.seq_lazy_linear_enc_global_14.smt2 : 15179 ms.
--------------------------------------------------
unsat
QF_NRA/hycomp/etcs_braking_2.01.seq_lazy_linear_enc_global_15.smt2 : 15184 ms.
--------------------------------------------------
unsat
QF_NRA/hycomp/etcs_braking_2.01.seq_lazy_linear_enc_global_1.smt2 : 28 ms.
--------------------------------------------------
unsat
QF_NRA/hycomp/etcs_braking_2.01.seq_lazy_linear_enc_global_2.smt2 : 30 ms.
--------------------------------------------------
unsat
QF_NRA/hycomp/etcs_braking_2.01.seq_lazy_linear_enc_global_3.smt2 : 35 ms.
--------------------------------------------------
unsat
QF_NRA/hycomp/etcs_braking_2.01.seq_lazy_linear_enc_global_4.smt2 : 57 ms.
--------------------------------------------------
unsat
QF_NRA/hycomp/etcs_braking_2.01.seq_lazy_linear_enc_global_5.smt2 : 68 ms.
--------------------------------------------------
unsat
QF_NRA/hycomp/etcs_braking_2.01.seq_lazy_linear_enc_global_6.smt2 : 87 ms.
--------------------------------------------------
unsat
QF_NRA/hycomp/etcs_braking_2.01.seq_lazy_linear_enc_global_7.smt2 : 136 ms.
--------------------------------------------------
unsat
QF_NRA/hycomp/etcs_braking_2.01.seq_lazy_linear_enc_global_8.smt2 : 138 ms.
--------------------------------------------------
unsat
QF_NRA/hycomp/etcs_braking_2.01.seq_lazy_linear_enc_global_9.smt2 : 1679 ms.
--------------------------------------------------
unsat
QF_NRA/hycomp/etcs_braking_2.01.seq_lazy_linear_enc_lemmas_global_0.smt2 : 20 ms.
--------------------------------------------------
unsat
QF_NRA/hycomp/etcs_braking_2.01.seq_lazy_linear_enc_lemmas_global_10.smt2 : 15128 ms.
--------------------------------------------------
unsat
QF_NRA/hycomp/etcs_braking_2.01.seq_lazy_linear_enc_lemmas_global_11.smt2 : 15181 ms.
--------------------------------------------------
unsat
QF_NRA/hycomp/etcs_braking_2.01.seq_lazy_linear_enc_lemmas_global_12.smt2 : 15126 ms.
--------------------------------------------------
timeout
QF_NRA/hycomp/etcs_braking_2.01.seq_lazy_linear_enc_lemmas_global_13.smt2 : 1800062 ms.
--------------------------------------------------
unsat
QF_NRA/hycomp/etcs_braking_2.01.seq_lazy_linear_enc_lemmas_global_14.smt2 : 15169 ms.
--------------------------------------------------
unsat
QF_NRA/hycomp/etcs_braking_2.01.seq_lazy_linear_enc_lemmas_global_15.smt2 : 34132 ms.
--------------------------------------------------
unsat
QF_NRA/hycomp/etcs_braking_2.01.seq_lazy_linear_enc_lemmas_global_1.smt2 : 29 ms.
--------------------------------------------------
unsat
QF_NRA/hycomp/etcs_braking_2.01.seq_lazy_linear_enc_lemmas_global_2.smt2 : 37 ms.
--------------------------------------------------
unsat
QF_NRA/hycomp/etcs_braking_2.01.seq_lazy_linear_enc_lemmas_global_3.smt2 : 44 ms.
--------------------------------------------------
unsat
QF_NRA/hycomp/etcs_braking_2.01.seq_lazy_linear_enc_lemmas_global_4.smt2 : 71 ms.
--------------------------------------------------
unsat
QF_NRA/hycomp/etcs_braking_2.01.seq_lazy_linear_enc_lemmas_global_5.smt2 : 75 ms.
--------------------------------------------------
unsat
QF_NRA/hycomp/etcs_braking_2.01.seq_lazy_linear_enc_lemmas_global_6.smt2 : 261 ms.
--------------------------------------------------
unsat
QF_NRA/hycomp/etcs_braking_2.01.seq_lazy_linear_enc_lemmas_global_7.smt2 : 15102 ms.
--------------------------------------------------
unsat
QF_NRA/hycomp/etcs_braking_2.01.seq_lazy_linear_enc_lemmas_global_8.smt2 : 15108 ms.
--------------------------------------------------
unsat
QF_NRA/hycomp/etcs_braking_2.01.seq_lazy_linear_enc_lemmas_global_9.smt2 : 17228 ms.
--------------------------------------------------
unsat
QF_NRA/hycomp/simple_ballistics_reach.01.seq_lazy_global_0.smt2 : 20 ms.
--------------------------------------------------
unsat
QF_NRA/hycomp/simple_ballistics_reach.01.seq_lazy_global_10.smt2 : 49 ms.
--------------------------------------------------
timeout
QF_NRA/hycomp/simple_ballistics_reach.01.seq_lazy_global_11.smt2 : 1800103 ms.
--------------------------------------------------
unsat
QF_NRA/hycomp/simple_ballistics_reach.01.seq_lazy_global_12.smt2 : 56 ms.
--------------------------------------------------
timeout
QF_NRA/hycomp/simple_ballistics_reach.01.seq_lazy_global_13.smt2 : 1800107 ms.
--------------------------------------------------
unsat
QF_NRA/hycomp/simple_ballistics_reach.01.seq_lazy_global_14.smt2 : 60 ms.
--------------------------------------------------
timeout
QF_NRA/hycomp/simple_ballistics_reach.01.seq_lazy_global_15.smt2 : 1800027 ms.
--------------------------------------------------
unsat
QF_NRA/hycomp/simple_ballistics_reach.01.seq_lazy_global_1.smt2 : 289 ms.
--------------------------------------------------
unsat
QF_NRA/hycomp/simple_ballistics_reach.01.seq_lazy_global_2.smt2 : 27 ms.
--------------------------------------------------
timeout
QF_NRA/hycomp/simple_ballistics_reach.01.seq_lazy_global_3.smt2 : 1800021 ms.
--------------------------------------------------
unsat
QF_NRA/hycomp/simple_ballistics_reach.01.seq_lazy_global_4.smt2 : 36 ms.
--------------------------------------------------
timeout
QF_NRA/hycomp/simple_ballistics_reach.01.seq_lazy_global_5.smt2 : 1800064 ms.
--------------------------------------------------
unsat
QF_NRA/hycomp/simple_ballistics_reach.01.seq_lazy_global_6.smt2 : 40 ms.
--------------------------------------------------
timeout
QF_NRA/hycomp/simple_ballistics_reach.01.seq_lazy_global_7.smt2 : 1800029 ms.
--------------------------------------------------
unsat
QF_NRA/hycomp/simple_ballistics_reach.01.seq_lazy_global_8.smt2 : 45 ms.
--------------------------------------------------
timeout
QF_NRA/hycomp/simple_ballistics_reach.01.seq_lazy_global_9.smt2 : 1800056 ms.
--------------------------------------------------
unsat
QF_NRA/hycomp/simple_ballistics_reach.01.seq_lazy_lemmas_global_0.smt2 : 25 ms.
--------------------------------------------------
unsat
QF_NRA/hycomp/simple_ballistics_reach.01.seq_lazy_lemmas_global_10.smt2 : 62 ms.
--------------------------------------------------
timeout
QF_NRA/hycomp/simple_ballistics_reach.01.seq_lazy_lemmas_global_11.smt2 : 1800022 ms.
--------------------------------------------------
unsat
QF_NRA/hycomp/simple_ballistics_reach.01.seq_lazy_lemmas_global_12.smt2 : 77 ms.
--------------------------------------------------
timeout
QF_NRA/hycomp/simple_ballistics_reach.01.seq_lazy_lemmas_global_13.smt2 : 1800114 ms.
--------------------------------------------------
unsat
QF_NRA/hycomp/simple_ballistics_reach.01.seq_lazy_lemmas_global_14.smt2 : 83 ms.
--------------------------------------------------
timeout
QF_NRA/hycomp/simple_ballistics_reach.01.seq_lazy_lemmas_global_15.smt2 : 1800025 ms.
--------------------------------------------------
unsat
QF_NRA/hycomp/simple_ballistics_reach.01.seq_lazy_lemmas_global_1.smt2 : 22902 ms.
--------------------------------------------------
unsat
QF_NRA/hycomp/simple_ballistics_reach.01.seq_lazy_lemmas_global_2.smt2 : 34 ms.
--------------------------------------------------
timeout
QF_NRA/hycomp/simple_ballistics_reach.01.seq_lazy_lemmas_global_3.smt2 : 1800012 ms.
--------------------------------------------------
unsat
QF_NRA/hycomp/simple_ballistics_reach.01.seq_lazy_lemmas_global_4.smt2 : 40 ms.
--------------------------------------------------
timeout
QF_NRA/hycomp/simple_ballistics_reach.01.seq_lazy_lemmas_global_5.smt2 : 1800018 ms.
--------------------------------------------------
unsat
QF_NRA/hycomp/simple_ballistics_reach.01.seq_lazy_lemmas_global_6.smt2 : 62 ms.
--------------------------------------------------
timeout
QF_NRA/hycomp/simple_ballistics_reach.01.seq_lazy_lemmas_global_7.smt2 : 1800083 ms.
--------------------------------------------------
unsat
QF_NRA/hycomp/simple_ballistics_reach.01.seq_lazy_lemmas_global_8.smt2 : 58 ms.
--------------------------------------------------
timeout
QF_NRA/hycomp/simple_ballistics_reach.01.seq_lazy_lemmas_global_9.smt2 : 1800042 ms.
--------------------------------------------------
unsat
QF_NRA/hycomp/simple_ballistics_reach.01.seq_lazy_linear_enc_global_0.smt2 : 26 ms.
--------------------------------------------------
unsat
QF_NRA/hycomp/simple_ballistics_reach.01.seq_lazy_linear_enc_global_10.smt2 : 47 ms.
--------------------------------------------------
timeout
QF_NRA/hycomp/simple_ballistics_reach.01.seq_lazy_linear_enc_global_11.smt2 : 1800057 ms.
--------------------------------------------------
unsat
QF_NRA/hycomp/simple_ballistics_reach.01.seq_lazy_linear_enc_global_12.smt2 : 54 ms.
--------------------------------------------------
timeout
QF_NRA/hycomp/simple_ballistics_reach.01.seq_lazy_linear_enc_global_13.smt2 : 1800092 ms.
--------------------------------------------------
unsat
QF_NRA/hycomp/simple_ballistics_reach.01.seq_lazy_linear_enc_global_14.smt2 : 56 ms.
--------------------------------------------------
timeout
QF_NRA/hycomp/simple_ballistics_reach.01.seq_lazy_linear_enc_global_15.smt2 : 1800085 ms.
--------------------------------------------------
unsat
QF_NRA/hycomp/simple_ballistics_reach.01.seq_lazy_linear_enc_global_1.smt2 : 44 ms.
--------------------------------------------------
unsat
QF_NRA/hycomp/simple_ballistics_reach.01.seq_lazy_linear_enc_global_2.smt2 : 29 ms.
--------------------------------------------------
timeout
QF_NRA/hycomp/simple_ballistics_reach.01.seq_lazy_linear_enc_global_3.smt2 : 1800019 ms.
--------------------------------------------------
unsat
QF_NRA/hycomp/simple_ballistics_reach.01.seq_lazy_linear_enc_global_4.smt2 : 33 ms.
--------------------------------------------------
timeout
QF_NRA/hycomp/simple_ballistics_reach.01.seq_lazy_linear_enc_global_5.smt2 : 1800049 ms.
--------------------------------------------------
unsat
QF_NRA/hycomp/simple_ballistics_reach.01.seq_lazy_linear_enc_global_6.smt2 : 40 ms.
--------------------------------------------------
timeout
QF_NRA/hycomp/simple_ballistics_reach.01.seq_lazy_linear_enc_global_7.smt2 : 1800051 ms.
--------------------------------------------------
unsat
QF_NRA/hycomp/simple_ballistics_reach.01.seq_lazy_linear_enc_global_8.smt2 : 42 ms.
--------------------------------------------------
timeout
QF_NRA/hycomp/simple_ballistics_reach.01.seq_lazy_linear_enc_global_9.smt2 : 1800039 ms.
--------------------------------------------------
unsat
QF_NRA/hycomp/simple_ballistics_reach.01.seq_lazy_linear_enc_lemmas_global_0.smt2 : 24 ms.
--------------------------------------------------
unsat
QF_NRA/hycomp/simple_ballistics_reach.01.seq_lazy_linear_enc_lemmas_global_10.smt2 : 55 ms.
--------------------------------------------------
timeout
QF_NRA/hycomp/simple_ballistics_reach.01.seq_lazy_linear_enc_lemmas_global_11.smt2 : 1800781 ms.
--------------------------------------------------
unsat
QF_NRA/hycomp/simple_ballistics_reach.01.seq_lazy_linear_enc_lemmas_global_12.smt2 : 66 ms.
--------------------------------------------------
timeout
QF_NRA/hycomp/simple_ballistics_reach.01.seq_lazy_linear_enc_lemmas_global_13.smt2 : 1800016 ms.
--------------------------------------------------
unsat
QF_NRA/hycomp/simple_ballistics_reach.01.seq_lazy_linear_enc_lemmas_global_14.smt2 : 72 ms.
--------------------------------------------------
timeout
QF_NRA/hycomp/simple_ballistics_reach.01.seq_lazy_linear_enc_lemmas_global_15.smt2 : 1800015 ms.
--------------------------------------------------
unsat
QF_NRA/hycomp/simple_ballistics_reach.01.seq_lazy_linear_enc_lemmas_global_1.smt2 : 317 ms.
--------------------------------------------------
unsat
QF_NRA/hycomp/simple_ballistics_reach.01.seq_lazy_linear_enc_lemmas_global_2.smt2 : 26 ms.
--------------------------------------------------
timeout
QF_NRA/hycomp/simple_ballistics_reach.01.seq_lazy_linear_enc_lemmas_global_3.smt2 : 1800018 ms.
--------------------------------------------------
unsat
QF_NRA/hycomp/simple_ballistics_reach.01.seq_lazy_linear_enc_lemmas_global_4.smt2 : 38 ms.
--------------------------------------------------
timeout
QF_NRA/hycomp/simple_ballistics_reach.01.seq_lazy_linear_enc_lemmas_global_5.smt2 : 1800015 ms.
--------------------------------------------------
unsat
QF_NRA/hycomp/simple_ballistics_reach.01.seq_lazy_linear_enc_lemmas_global_6.smt2 : 53 ms.
--------------------------------------------------
timeout
QF_NRA/hycomp/simple_ballistics_reach.01.seq_lazy_linear_enc_lemmas_global_7.smt2 : 1800022 ms.
--------------------------------------------------
unsat
QF_NRA/hycomp/simple_ballistics_reach.01.seq_lazy_linear_enc_lemmas_global_8.smt2 : 48 ms.
--------------------------------------------------
timeout
QF_NRA/hycomp/simple_ballistics_reach.01.seq_lazy_linear_enc_lemmas_global_9.smt2 : 1800100 ms.
