--------------------------------------------------
unsat
QF_NRA/LassoRanker/Ultimate/2013POPL-BenAmGen-Ex3.20.bpl_Iteration1_Lasso_3-pieceTemplate.smt2 : 1209 ms.
--------------------------------------------------
unsat
QF_NRA/LassoRanker/Ultimate/2013POPL-BenAmGen-Ex3.20.bpl_Iteration1_Lasso_4-pieceTemplate.smt2 : 11544 ms.
--------------------------------------------------
unsat
QF_NRA/LassoRanker/Ultimate/2013POPL-BenAmGen-Ex3.20.bpl_Iteration1_Loop_3-pieceTemplate.smt2 : 1090 ms.
--------------------------------------------------
unsat
QF_NRA/LassoRanker/Ultimate/2013POPL-BenAmGen-Ex3.20.bpl_Iteration1_Loop_4-pieceTemplate.smt2 : 15619 ms.
--------------------------------------------------
unsat
QF_NRA/LassoRanker/Ultimate/2013POPL-BenAmGen-Ex3.6.bpl_Iteration1_Loop_3-pieceTemplate.smt2 : 34697 ms.
--------------------------------------------------
QF_NRA/LassoRanker/Ultimate/2013POPL-BenAmGen-Ex3.6.bpl_Iteration1_Loop_4-pieceTemplate.smt2 : 1800076 ms.
--------------------------------------------------
unsat
QF_NRA/LassoRanker/Ultimate/2013POPL-BenAmGen-Ex4.2.bpl_Iteration1_Lasso_2-pieceTemplate.smt2 : 652 ms.
--------------------------------------------------
unsat
QF_NRA/LassoRanker/Ultimate/2013POPL-BenAmGen-Ex4.2.bpl_Iteration1_Lasso_3-pieceTemplate.smt2 : 1339690 ms.
--------------------------------------------------
QF_NRA/LassoRanker/Ultimate/2013POPL-BenAmGen-Ex4.2.bpl_Iteration1_Lasso_4-pieceTemplate.smt2 : 1800030 ms.
--------------------------------------------------
unsat
QF_NRA/LassoRanker/Ultimate/2013POPL-BenAmGen-Ex4.2.bpl_Iteration1_Loop_2-pieceTemplate.smt2 : 626 ms.
--------------------------------------------------
unsat
QF_NRA/LassoRanker/Ultimate/2013POPL-BenAmGen-Ex4.2.bpl_Iteration1_Loop_3-pieceTemplate.smt2 : 1294809 ms.
--------------------------------------------------
QF_NRA/LassoRanker/Ultimate/2013POPL-BenAmGen-Ex4.2.bpl_Iteration1_Loop_4-pieceTemplate.smt2 : 1800050 ms.
--------------------------------------------------
unsat
QF_NRA/LassoRanker/Ultimate/ATVA2013-diff42-int.bpl_Iteration1_Lasso_4-lexTemplate.smt2 : 90 ms.
--------------------------------------------------
unsat
QF_NRA/LassoRanker/Ultimate/ATVA2013-diff42-int.bpl_Iteration1_Lasso_4-pieceTemplate.smt2 : 5736 ms.
--------------------------------------------------
unsat
QF_NRA/LassoRanker/Ultimate/ATVA2013-yPositive-int.bpl_Iteration1_Loop_3-pieceTemplate.smt2 : 22669 ms.
--------------------------------------------------
unsat
QF_NRA/LassoRanker/Ultimate/ATVA2013-yPositive-int.bpl_Iteration1_Loop_4-pieceTemplate.smt2 : 676441 ms.
--------------------------------------------------
QF_NRA/LassoRanker/Ultimate/ATVA2013-yPositive-real.bpl_Iteration1_Loop_3-pieceTemplate.smt2 : 1800055 ms.
--------------------------------------------------
unsat
QF_NRA/LassoRanker/Ultimate/ATVA2013-yPositive-real.bpl_Iteration1_Loop_4-pieceTemplate.smt2 : 40877 ms.
--------------------------------------------------
QF_NRA/LassoRanker/Ultimate/ATVA2013-zeno-int.bpl_Iteration1_Lasso_4-pieceTemplate.smt2 : 1800034 ms.
--------------------------------------------------
unsat
QF_NRA/LassoRanker/Ultimate/BenAmram-2010LMCS-Ex2.3.bpl_Iteration1_Lasso_2-pieceTemplate.smt2 : 131045 ms.
--------------------------------------------------
QF_NRA/LassoRanker/Ultimate/BenAmram-2010LMCS-Ex2.3.bpl_Iteration1_Lasso_3-pieceTemplate.smt2 : 1800097 ms.
--------------------------------------------------
QF_NRA/LassoRanker/Ultimate/BenAmram-2010LMCS-Ex2.3.bpl_Iteration1_Lasso_4-pieceTemplate.smt2 : 1800751 ms.
--------------------------------------------------
unsat
QF_NRA/LassoRanker/Ultimate/BenAmram-2010LMCS-Ex2.3.bpl_Iteration1_Loop_2-pieceTemplate.smt2 : 131153 ms.
--------------------------------------------------
QF_NRA/LassoRanker/Ultimate/BenAmram-2010LMCS-Ex2.3.bpl_Iteration1_Loop_3-pieceTemplate.smt2 : 1800021 ms.
--------------------------------------------------
QF_NRA/LassoRanker/Ultimate/BenAmram-2010LMCS-Ex2.3.bpl_Iteration1_Loop_4-pieceTemplate.smt2 : 1800580 ms.
--------------------------------------------------
QF_NRA/LassoRanker/Ultimate/Benghazi.bpl_Iteration1_Loop_3-pieceTemplate.smt2 : 1800045 ms.
--------------------------------------------------
unsat
QF_NRA/LassoRanker/Ultimate/Benghazi.bpl_Iteration1_Loop_4-pieceTemplate.smt2 : 182272 ms.
--------------------------------------------------
sat
QF_NRA/LassoRanker/Ultimate/Benghazi.bpl_Iteration1_Loop_6-phaseTemplate.smt2 : 2422 ms.
--------------------------------------------------
unsat
QF_NRA/LassoRanker/Ultimate/Boulder.bpl_Iteration1_Loop_3-pieceTemplate.smt2 : 4433 ms.
--------------------------------------------------
unsat
QF_NRA/LassoRanker/Ultimate/Boulder.bpl_Iteration1_Loop_4-pieceTemplate.smt2 : 117237 ms.
--------------------------------------------------
QF_NRA/LassoRanker/Ultimate/bound-scaled200.bpl_Iteration1_Loop_4-pieceTemplate.smt2 : 1800066 ms.
--------------------------------------------------
QF_NRA/LassoRanker/Ultimate/bound-scaled400.bpl_Iteration1_Loop_3-pieceTemplate.smt2 : 1800034 ms.
--------------------------------------------------
QF_NRA/LassoRanker/Ultimate/bound-scaled400.bpl_Iteration1_Loop_4-pieceTemplate.smt2 : 1800028 ms.
--------------------------------------------------
QF_NRA/LassoRanker/Ultimate/bound-scaled600.bpl_Iteration1_Loop_3-pieceTemplate.smt2 : 1800147 ms.
--------------------------------------------------
QF_NRA/LassoRanker/Ultimate/bound-scaled600.bpl_Iteration1_Loop_4-pieceTemplate.smt2 : 1800029 ms.
--------------------------------------------------
QF_NRA/LassoRanker/Ultimate/BradleyMannaSipma-2005ICALP-Fig1.bpl_Iteration1_Lasso_3-pieceTemplate.smt2 : 1800333 ms.
--------------------------------------------------
QF_NRA/LassoRanker/Ultimate/BradleyMannaSipma-2005ICALP-Fig1.bpl_Iteration1_Lasso_4-pieceTemplate.smt2 : 1800063 ms.
--------------------------------------------------
QF_NRA/LassoRanker/Ultimate/BradleyMannaSipma-2005ICALP-Fig1-deterministic.bpl_Iteration1_Lasso_3-pieceTemplate.smt2 : 1800118 ms.
--------------------------------------------------
QF_NRA/LassoRanker/Ultimate/BradleyMannaSipma-2005ICALP-Fig1-deterministic.bpl_Iteration1_Lasso_4-pieceTemplate.smt2 : 1800028 ms.
--------------------------------------------------
unsat
QF_NRA/LassoRanker/Ultimate/BradleyMannaSipma-2005ICALP-Fig1-deterministic.bpl_Iteration1_Lasso_5-phaseTemplate.smt2 : 592 ms.
--------------------------------------------------
unsat
QF_NRA/LassoRanker/Ultimate/BradleyMannaSipma-2005ICALP-Fig1-deterministic.bpl_Iteration1_Lasso_6-phaseTemplate.smt2 : 4073 ms.
--------------------------------------------------
unsat
QF_NRA/LassoRanker/Ultimate/BradleyMannaSipma-2005ICALP-Fig1-deterministic.bpl_Iteration1_Lasso_7-phaseTemplate.smt2 : 1977 ms.
--------------------------------------------------
QF_NRA/LassoRanker/Ultimate/Braverman-2006CAV-Ex1-int.bpl_Iteration1_Lasso_3-pieceTemplate.smt2 : 1800074 ms.
--------------------------------------------------
QF_NRA/LassoRanker/Ultimate/Braverman-2006CAV-Ex1-int.bpl_Iteration1_Lasso_4-phaseTemplate.smt2 : 1800064 ms.
--------------------------------------------------
unsat
QF_NRA/LassoRanker/Ultimate/Braverman-2006CAV-Ex1-int.bpl_Iteration1_Lasso_4-pieceTemplate.smt2 : 505037 ms.
--------------------------------------------------
QF_NRA/LassoRanker/Ultimate/Braverman-2006CAV-Ex1-int.bpl_Iteration1_Lasso_5-phaseTemplate.smt2 : 1800200 ms.
--------------------------------------------------
QF_NRA/LassoRanker/Ultimate/Braverman-2006CAV-Ex1-int.bpl_Iteration1_Lasso_6-phaseTemplate.smt2 : 1800075 ms.
--------------------------------------------------
QF_NRA/LassoRanker/Ultimate/Braverman-2006CAV-Ex1-int.bpl_Iteration1_Lasso_7-phaseTemplate.smt2 : 1800080 ms.
--------------------------------------------------
QF_NRA/LassoRanker/Ultimate/Braverman-2006CAV-Ex1-int.bpl_Iteration1_Loop_3-pieceTemplate.smt2 : 1800139 ms.
--------------------------------------------------
QF_NRA/LassoRanker/Ultimate/Braverman-2006CAV-Ex1-int.bpl_Iteration1_Loop_4-phaseTemplate.smt2 : 1800064 ms.
--------------------------------------------------
unsat
QF_NRA/LassoRanker/Ultimate/Braverman-2006CAV-Ex1-int.bpl_Iteration1_Loop_4-pieceTemplate.smt2 : 506664 ms.
--------------------------------------------------
QF_NRA/LassoRanker/Ultimate/Braverman-2006CAV-Ex1-int.bpl_Iteration1_Loop_5-phaseTemplate.smt2 : 1800139 ms.
--------------------------------------------------
QF_NRA/LassoRanker/Ultimate/Braverman-2006CAV-Ex1-int.bpl_Iteration1_Loop_6-phaseTemplate.smt2 : 1800058 ms.
--------------------------------------------------
QF_NRA/LassoRanker/Ultimate/Braverman-2006CAV-Ex1-int.bpl_Iteration1_Loop_7-phaseTemplate.smt2 : 1800080 ms.
--------------------------------------------------
unsat
QF_NRA/LassoRanker/Ultimate/Canberra.bpl_Iteration1_Lasso_2-pieceTemplate.smt2 : 5089 ms.
--------------------------------------------------
unsat
QF_NRA/LassoRanker/Ultimate/Canberra.bpl_Iteration1_Lasso_3-pieceTemplate.smt2 : 11961 ms.
--------------------------------------------------
unsat
QF_NRA/LassoRanker/Ultimate/Canberra.bpl_Iteration1_Lasso_4-pieceTemplate.smt2 : 89259 ms.
--------------------------------------------------
unsat
QF_NRA/LassoRanker/Ultimate/Canberra.bpl_Iteration1_Lasso_6-phaseTemplate.smt2 : 4803 ms.
--------------------------------------------------
unsat
QF_NRA/LassoRanker/Ultimate/Canberra.bpl_Iteration1_Lasso_7-phaseTemplate.smt2 : 10683 ms.
--------------------------------------------------
unsat
QF_NRA/LassoRanker/Ultimate/Canberra.bpl_Iteration1_Loop_2-pieceTemplate.smt2 : 5384 ms.
--------------------------------------------------
unsat
QF_NRA/LassoRanker/Ultimate/Canberra.bpl_Iteration1_Loop_3-pieceTemplate.smt2 : 12638 ms.
--------------------------------------------------
unsat
QF_NRA/LassoRanker/Ultimate/Canberra.bpl_Iteration1_Loop_4-pieceTemplate.smt2 : 86664 ms.
--------------------------------------------------
unsat
QF_NRA/LassoRanker/Ultimate/Canberra.bpl_Iteration1_Loop_6-phaseTemplate.smt2 : 5159 ms.
--------------------------------------------------
unsat
QF_NRA/LassoRanker/Ultimate/Canberra.bpl_Iteration1_Loop_7-phaseTemplate.smt2 : 11077 ms.
--------------------------------------------------
QF_NRA/LassoRanker/Ultimate/ChenFlurMukhopadhyay-2012SAS-Fig1.bpl_Iteration1_Loop_3-pieceTemplate.smt2 : 1800102 ms.
--------------------------------------------------
QF_NRA/LassoRanker/Ultimate/ChenFlurMukhopadhyay-2012SAS-Fig1.bpl_Iteration1_Loop_4-pieceTemplate.smt2 : 1800073 ms.
--------------------------------------------------
unsat
QF_NRA/LassoRanker/Ultimate/Collatz.bpl_Iteration1_Lasso_2-lexTemplate.smt2 : 169532 ms.
--------------------------------------------------
unsat
QF_NRA/LassoRanker/Ultimate/Collatz.bpl_Iteration1_Lasso_2-nestedTemplate.smt2 : 95455 ms.
--------------------------------------------------
unsat
QF_NRA/LassoRanker/Ultimate/Collatz.bpl_Iteration1_Lasso_2-phaseTemplate.smt2 : 98111 ms.
--------------------------------------------------
unsat
QF_NRA/LassoRanker/Ultimate/Collatz.bpl_Iteration1_Lasso_2-pieceTemplate.smt2 : 472947 ms.
--------------------------------------------------
unsat
QF_NRA/LassoRanker/Ultimate/Collatz.bpl_Iteration1_Lasso_3-lexTemplate.smt2 : 530063 ms.
--------------------------------------------------
unsat
QF_NRA/LassoRanker/Ultimate/Collatz.bpl_Iteration1_Lasso_3-nestedTemplate.smt2 : 147823 ms.
--------------------------------------------------
unsat
QF_NRA/LassoRanker/Ultimate/Collatz.bpl_Iteration1_Lasso_3-phaseTemplate.smt2 : 148045 ms.
--------------------------------------------------
QF_NRA/LassoRanker/Ultimate/Collatz.bpl_Iteration1_Lasso_3-pieceTemplate.smt2 : 1800052 ms.
--------------------------------------------------
unsat
QF_NRA/LassoRanker/Ultimate/Collatz.bpl_Iteration1_Lasso_4-lexTemplate.smt2 : 918988 ms.
--------------------------------------------------
unsat
QF_NRA/LassoRanker/Ultimate/Collatz.bpl_Iteration1_Lasso_4-nestedTemplate.smt2 : 308715 ms.
--------------------------------------------------
unsat
QF_NRA/LassoRanker/Ultimate/Collatz.bpl_Iteration1_Lasso_4-phaseTemplate.smt2 : 348767 ms.
--------------------------------------------------
unsat
QF_NRA/LassoRanker/Ultimate/Collatz.bpl_Iteration1_Lasso_5-nestedTemplate.smt2 : 493735 ms.
--------------------------------------------------
unsat
QF_NRA/LassoRanker/Ultimate/Collatz.bpl_Iteration1_Lasso_5-phaseTemplate.smt2 : 534538 ms.
--------------------------------------------------
unsat
QF_NRA/LassoRanker/Ultimate/Collatz.bpl_Iteration1_Lasso_6-nestedTemplate.smt2 : 770077 ms.
--------------------------------------------------
QF_NRA/LassoRanker/Ultimate/Collatz.bpl_Iteration1_Lasso_6-phaseTemplate.smt2 : 1800043 ms.
--------------------------------------------------
unsat
QF_NRA/LassoRanker/Ultimate/Collatz.bpl_Iteration1_Lasso_7-nestedTemplate.smt2 : 872283 ms.
--------------------------------------------------
QF_NRA/LassoRanker/Ultimate/Collatz.bpl_Iteration1_Lasso_7-phaseTemplate.smt2 : 1800054 ms.
--------------------------------------------------
unsat
QF_NRA/LassoRanker/Ultimate/Collatz.bpl_Iteration1_Lasso_affineTemplate.smt2 : 52074 ms.
--------------------------------------------------
unsat
QF_NRA/LassoRanker/Ultimate/Collatz.bpl_Iteration1_Loop_2-lexTemplate.smt2 : 196070 ms.
--------------------------------------------------
unsat
QF_NRA/LassoRanker/Ultimate/Collatz.bpl_Iteration1_Loop_2-nestedTemplate.smt2 : 26292 ms.
--------------------------------------------------
unsat
QF_NRA/LassoRanker/Ultimate/Collatz.bpl_Iteration1_Loop_2-phaseTemplate.smt2 : 36798 ms.
--------------------------------------------------
unsat
QF_NRA/LassoRanker/Ultimate/Collatz.bpl_Iteration1_Loop_2-pieceTemplate.smt2 : 641583 ms.
--------------------------------------------------
unsat
QF_NRA/LassoRanker/Ultimate/Collatz.bpl_Iteration1_Loop_3-lexTemplate.smt2 : 201390 ms.
--------------------------------------------------
unsat
QF_NRA/LassoRanker/Ultimate/Collatz.bpl_Iteration1_Loop_3-nestedTemplate.smt2 : 267737 ms.
--------------------------------------------------
unsat
QF_NRA/LassoRanker/Ultimate/Collatz.bpl_Iteration1_Loop_3-phaseTemplate.smt2 : 198705 ms.
--------------------------------------------------
QF_NRA/LassoRanker/Ultimate/Collatz.bpl_Iteration1_Loop_3-pieceTemplate.smt2 : 1800065 ms.
--------------------------------------------------
unsat
QF_NRA/LassoRanker/Ultimate/Collatz.bpl_Iteration1_Loop_4-lexTemplate.smt2 : 873054 ms.
--------------------------------------------------
unsat
QF_NRA/LassoRanker/Ultimate/Collatz.bpl_Iteration1_Loop_4-nestedTemplate.smt2 : 219140 ms.
--------------------------------------------------
unsat
QF_NRA/LassoRanker/Ultimate/Collatz.bpl_Iteration1_Loop_4-phaseTemplate.smt2 : 337443 ms.
--------------------------------------------------
QF_NRA/LassoRanker/Ultimate/Collatz.bpl_Iteration1_Loop_4-pieceTemplate.smt2 : 1800066 ms.
--------------------------------------------------
unsat
QF_NRA/LassoRanker/Ultimate/Collatz.bpl_Iteration1_Loop_5-nestedTemplate.smt2 : 90567 ms.
--------------------------------------------------
unsat
QF_NRA/LassoRanker/Ultimate/Collatz.bpl_Iteration1_Loop_5-phaseTemplate.smt2 : 576786 ms.
--------------------------------------------------
unsat
QF_NRA/LassoRanker/Ultimate/Collatz.bpl_Iteration1_Loop_6-nestedTemplate.smt2 : 657127 ms.
--------------------------------------------------
unsat
QF_NRA/LassoRanker/Ultimate/Collatz.bpl_Iteration1_Loop_6-phaseTemplate.smt2 : 749205 ms.
--------------------------------------------------
unsat
QF_NRA/LassoRanker/Ultimate/Collatz.bpl_Iteration1_Loop_7-nestedTemplate.smt2 : 840443 ms.
--------------------------------------------------
unsat
QF_NRA/LassoRanker/Ultimate/Collatz.bpl_Iteration1_Loop_7-phaseTemplate.smt2 : 572007 ms.
--------------------------------------------------
unsat
QF_NRA/LassoRanker/Ultimate/Collatz.bpl_Iteration1_Loop_affineTemplate.smt2 : 24020 ms.
--------------------------------------------------
QF_NRA/LassoRanker/Ultimate/CookSeeZuleger-2013TACAS-Fig3.bpl_Iteration1_Loop_3-pieceTemplate.smt2 : 1800016 ms.
--------------------------------------------------
unsat
QF_NRA/LassoRanker/Ultimate/CookSeeZuleger-2013TACAS-Fig3.bpl_Iteration1_Loop_4-pieceTemplate.smt2 : 42037 ms.
--------------------------------------------------
unsat
QF_NRA/LassoRanker/Ultimate/CookSeeZuleger-2013TACAS-Fig7a.bpl_Iteration1_Loop_2-pieceTemplate.smt2 : 1629 ms.
--------------------------------------------------
unsat
QF_NRA/LassoRanker/Ultimate/CookSeeZuleger-2013TACAS-Fig7a.bpl_Iteration1_Loop_3-pieceTemplate.smt2 : 44275 ms.
--------------------------------------------------
unsat
QF_NRA/LassoRanker/Ultimate/CookSeeZuleger-2013TACAS-Fig7a.bpl_Iteration1_Loop_4-pieceTemplate.smt2 : 157374 ms.
--------------------------------------------------
unsat
QF_NRA/LassoRanker/Ultimate/CookSeeZuleger-2013TACAS-Fig7b.bpl_Iteration1_Loop_2-pieceTemplate.smt2 : 2456 ms.
--------------------------------------------------
unsat
QF_NRA/LassoRanker/Ultimate/CookSeeZuleger-2013TACAS-Fig7b.bpl_Iteration1_Loop_3-pieceTemplate.smt2 : 66503 ms.
--------------------------------------------------
unsat
QF_NRA/LassoRanker/Ultimate/CookSeeZuleger-2013TACAS-Fig7b.bpl_Iteration1_Loop_4-pieceTemplate.smt2 : 137222 ms.
--------------------------------------------------
sat
QF_NRA/LassoRanker/Ultimate/CopenhagenWithTmp.bpl_Iteration1_Loop_3-pieceTemplate.smt2 : 7276 ms.
--------------------------------------------------
QF_NRA/LassoRanker/Ultimate/CopenhagenWithTmp.bpl_Iteration1_Loop_4-pieceTemplate.smt2 : 1800084 ms.
--------------------------------------------------
QF_NRA/LassoRanker/Ultimate/DecreasingInvariant.bpl_Iteration1_Loop_3-pieceTemplate.smt2 : 1800126 ms.
--------------------------------------------------
unsat
QF_NRA/LassoRanker/Ultimate/DecreasingInvariant.bpl_Iteration1_Loop_4-pieceTemplate.smt2 : 323404 ms.
--------------------------------------------------
QF_NRA/LassoRanker/Ultimate/FourPhase.bpl_Iteration1_Lasso_3-pieceTemplate.smt2 : 1800017 ms.
--------------------------------------------------
QF_NRA/LassoRanker/Ultimate/FourPhase.bpl_Iteration1_Lasso_4-pieceTemplate.smt2 : 1800033 ms.
--------------------------------------------------
QF_NRA/LassoRanker/Ultimate/FourPhase.bpl_Iteration1_Lasso_7-phaseTemplate.smt2 : 1800095 ms.
--------------------------------------------------
QF_NRA/LassoRanker/Ultimate/Garmisch.bpl_Iteration1_Loop_3-pieceTemplate.smt2 : 1800055 ms.
--------------------------------------------------
QF_NRA/LassoRanker/Ultimate/Garmisch.bpl_Iteration1_Loop_4-pieceTemplate.smt2 : 1800020 ms.
--------------------------------------------------
QF_NRA/LassoRanker/Ultimate/Gcd.bpl_Iteration1_Lasso_4-pieceTemplate.smt2 : 1800135 ms.
--------------------------------------------------
QF_NRA/LassoRanker/Ultimate/Gcd_havoc.bpl_Iteration1_Lasso_3-pieceTemplate.smt2 : 1800073 ms.
--------------------------------------------------
QF_NRA/LassoRanker/Ultimate/Gcd_havoc.bpl_Iteration1_Lasso_4-pieceTemplate.smt2 : 1800023 ms.
--------------------------------------------------
QF_NRA/LassoRanker/Ultimate/GcdNew.bpl_Iteration1_Lasso_3-pieceTemplate.smt2 : 1800029 ms.
--------------------------------------------------
QF_NRA/LassoRanker/Ultimate/GcdNew.bpl_Iteration1_Lasso_4-pieceTemplate.smt2 : 1800036 ms.
--------------------------------------------------
QF_NRA/LassoRanker/Ultimate/GcdNew.bpl_Iteration1_Lasso_6-phaseTemplate.smt2 : 1800143 ms.
--------------------------------------------------
QF_NRA/LassoRanker/Ultimate/GcdNew.bpl_Iteration1_Lasso_7-phaseTemplate.smt2 : 1800034 ms.
--------------------------------------------------
unsat
QF_NRA/LassoRanker/Ultimate/Gothenburg.bpl_Iteration1_Lasso_4-pieceTemplate.smt2 : 29847 ms.
--------------------------------------------------
unsat
QF_NRA/LassoRanker/Ultimate/Gulwani.bpl_Iteration1_Lasso_3-pieceTemplate.smt2 : 9626 ms.
--------------------------------------------------
QF_NRA/LassoRanker/Ultimate/Gulwani.bpl_Iteration1_Lasso_4-pieceTemplate.smt2 : 1800110 ms.
--------------------------------------------------
unsat
QF_NRA/LassoRanker/Ultimate/Gulwani.bpl_Iteration1_Lasso_5-phaseTemplate.smt2 : 1005 ms.
--------------------------------------------------
unsat
QF_NRA/LassoRanker/Ultimate/Gulwani.bpl_Iteration1_Lasso_6-phaseTemplate.smt2 : 577 ms.
--------------------------------------------------
unsat
QF_NRA/LassoRanker/Ultimate/Gulwani.bpl_Iteration1_Lasso_7-phaseTemplate.smt2 : 1621 ms.
--------------------------------------------------
unsat
QF_NRA/LassoRanker/Ultimate/IncreasingSI.bpl_Iteration1_Lasso_4-pieceTemplate.smt2 : 14205 ms.
--------------------------------------------------
unsat
QF_NRA/LassoRanker/Ultimate/Khartoum.bpl_Iteration1_Loop_3-pieceTemplate.smt2 : 11753 ms.
--------------------------------------------------
QF_NRA/LassoRanker/Ultimate/Khartoum.bpl_Iteration1_Loop_4-pieceTemplate.smt2 : 1800353 ms.
--------------------------------------------------
unsat
QF_NRA/LassoRanker/Ultimate/Lobnya-Boolean-Reordered.bpl_Iteration1_Lasso_3-pieceTemplate.smt2 : 3326 ms.
--------------------------------------------------
unsat
QF_NRA/LassoRanker/Ultimate/Lobnya-Boolean-Reordered.bpl_Iteration1_Lasso_4-pieceTemplate.smt2 : 26831 ms.
--------------------------------------------------
unsat
QF_NRA/LassoRanker/Ultimate/Lobnya-Boolean-Reordered.bpl_Iteration1_Loop_3-pieceTemplate.smt2 : 20525 ms.
--------------------------------------------------
unsat
QF_NRA/LassoRanker/Ultimate/Lobnya-Boolean-Reordered.bpl_Iteration1_Loop_4-pieceTemplate.smt2 : 15945 ms.
--------------------------------------------------
unsat
QF_NRA/LassoRanker/Ultimate/Lobnya-Boolean-Reordered.bpl_Iteration1_Loop_7-phaseTemplate.smt2 : 2213 ms.
--------------------------------------------------
unsat
QF_NRA/LassoRanker/Ultimate/Madrid.bpl_Iteration1_Lasso_3-pieceTemplate.smt2 : 1932 ms.
--------------------------------------------------
unsat
QF_NRA/LassoRanker/Ultimate/Madrid.bpl_Iteration1_Lasso_4-pieceTemplate.smt2 : 9877 ms.
--------------------------------------------------
QF_NRA/LassoRanker/Ultimate/MenloPark.bpl_Iteration1_Lasso_2-pieceTemplate.smt2 : 1800247 ms.
--------------------------------------------------
QF_NRA/LassoRanker/Ultimate/MenloPark.bpl_Iteration1_Lasso_3-pieceTemplate.smt2 : 1800109 ms.
--------------------------------------------------
QF_NRA/LassoRanker/Ultimate/MenloPark.bpl_Iteration1_Lasso_4-pieceTemplate.smt2 : 1800049 ms.
--------------------------------------------------
QF_NRA/LassoRanker/Ultimate/MultiPhase1.bpl_Iteration1_Lasso_3-pieceTemplate.smt2 : 1800065 ms.
--------------------------------------------------
QF_NRA/LassoRanker/Ultimate/MultiPhase1.bpl_Iteration1_Lasso_4-pieceTemplate.smt2 : 1800051 ms.
--------------------------------------------------
unsat
QF_NRA/LassoRanker/Ultimate/Mysore2.bpl_Iteration1_Loop_3-pieceTemplate.smt2 : 33998 ms.
--------------------------------------------------
unsat
QF_NRA/LassoRanker/Ultimate/Mysore2.bpl_Iteration1_Loop_4-pieceTemplate.smt2 : 70425 ms.
--------------------------------------------------
QF_NRA/LassoRanker/Ultimate/Mysore.bpl_Iteration1_Loop_4-pieceTemplate.smt2 : 1800090 ms.
--------------------------------------------------
QF_NRA/LassoRanker/Ultimate/NonTerminationDifficult.bpl_Iteration1_Lasso_3-pieceTemplate.smt2 : 1800012 ms.
--------------------------------------------------
unsat
QF_NRA/LassoRanker/Ultimate/NonTerminationDifficult.bpl_Iteration1_Lasso_5-phaseTemplate.smt2 : 292 ms.
--------------------------------------------------
unsat
QF_NRA/LassoRanker/Ultimate/NonTerminationDifficult.bpl_Iteration1_Lasso_6-phaseTemplate.smt2 : 1039 ms.
--------------------------------------------------
unsat
QF_NRA/LassoRanker/Ultimate/NonTerminationDifficult.bpl_Iteration1_Lasso_7-phaseTemplate.smt2 : 2119 ms.
--------------------------------------------------
sat
QF_NRA/LassoRanker/Ultimate/NoriSharma-2013FSE-Fig7.bpl_Iteration1_Loop_4-phaseTemplate.smt2 : 1770 ms.
--------------------------------------------------
QF_NRA/LassoRanker/Ultimate/NoriSharma-2013FSE-Fig7.bpl_Iteration1_Loop_4-pieceTemplate.smt2 : 1800426 ms.
--------------------------------------------------
QF_NRA/LassoRanker/Ultimate/NoriSharma-2013FSE-Fig7.bpl_Iteration1_Loop_7-phaseTemplate.smt2 : 1800099 ms.
--------------------------------------------------
unsat
QF_NRA/LassoRanker/Ultimate/Nyala-TwoLex.bpl_Iteration1_Lasso_2-pieceTemplate.smt2 : 889 ms.
--------------------------------------------------
unsat
QF_NRA/LassoRanker/Ultimate/Nyala-TwoLex.bpl_Iteration1_Lasso_4-pieceTemplate.smt2 : 127833 ms.
--------------------------------------------------
unsat
QF_NRA/LassoRanker/Ultimate/Nyala-TwoLex.bpl_Iteration1_Loop_4-pieceTemplate.smt2 : 12730 ms.
--------------------------------------------------
QF_NRA/LassoRanker/Ultimate/OpposedDisjuncts.bpl_Iteration1_Lasso_2-pieceTemplate.smt2 : 1800062 ms.
--------------------------------------------------
QF_NRA/LassoRanker/Ultimate/OpposedDisjuncts.bpl_Iteration1_Lasso_3-pieceTemplate.smt2 : 1800087 ms.
--------------------------------------------------
QF_NRA/LassoRanker/Ultimate/OpposedDisjuncts.bpl_Iteration1_Lasso_4-pieceTemplate.smt2 : 1800029 ms.
--------------------------------------------------
QF_NRA/LassoRanker/Ultimate/OpposedDisjuncts.bpl_Iteration1_Lasso_6-phaseTemplate.smt2 : 1800014 ms.
--------------------------------------------------
QF_NRA/LassoRanker/Ultimate/OpposedDisjuncts.bpl_Iteration1_Lasso_7-phaseTemplate.smt2 : 1800275 ms.
--------------------------------------------------
unsat
QF_NRA/LassoRanker/Ultimate/OpposedDisjuncts.bpl_Iteration1_Loop_2-pieceTemplate.smt2 : 1918 ms.
--------------------------------------------------
QF_NRA/LassoRanker/Ultimate/OpposedDisjuncts.bpl_Iteration1_Loop_3-pieceTemplate.smt2 : 1800147 ms.
--------------------------------------------------
unsat
QF_NRA/LassoRanker/Ultimate/OpposedDisjuncts.bpl_Iteration1_Loop_4-phaseTemplate.smt2 : 778 ms.
--------------------------------------------------
unsat
QF_NRA/LassoRanker/Ultimate/OpposedDisjuncts.bpl_Iteration1_Loop_4-pieceTemplate.smt2 : 58762 ms.
--------------------------------------------------
unsat
QF_NRA/LassoRanker/Ultimate/OpposedDisjuncts.bpl_Iteration1_Loop_5-phaseTemplate.smt2 : 1338 ms.
--------------------------------------------------
unsat
QF_NRA/LassoRanker/Ultimate/OpposedDisjuncts.bpl_Iteration1_Loop_6-phaseTemplate.smt2 : 769 ms.
--------------------------------------------------
unsat
QF_NRA/LassoRanker/Ultimate/OpposedDisjuncts.bpl_Iteration1_Loop_7-phaseTemplate.smt2 : 6119 ms.
--------------------------------------------------
sat
QF_NRA/LassoRanker/Ultimate/piecewise.bpl_Iteration1_Loop_4-pieceTemplate.smt2 : 324149 ms.
--------------------------------------------------
unsat
QF_NRA/LassoRanker/Ultimate/Rotation02.bpl_Iteration1_Lasso_3-pieceTemplate.smt2 : 527 ms.
--------------------------------------------------
unsat
QF_NRA/LassoRanker/Ultimate/Rotation02.bpl_Iteration1_Lasso_4-pieceTemplate.smt2 : 718 ms.
--------------------------------------------------
QF_NRA/LassoRanker/Ultimate/SanDiego.bpl_Iteration1_Loop_4-pieceTemplate.smt2 : 1800088 ms.
--------------------------------------------------
unsat
QF_NRA/LassoRanker/Ultimate/SantaBarbara01.bpl_Iteration1_Lasso_2-pieceTemplate.smt2 : 169 ms.
--------------------------------------------------
unsat
QF_NRA/LassoRanker/Ultimate/SantaBarbara01.bpl_Iteration1_Lasso_3-pieceTemplate.smt2 : 261 ms.
--------------------------------------------------
unsat
QF_NRA/LassoRanker/Ultimate/SantaBarbara01.bpl_Iteration1_Lasso_4-pieceTemplate.smt2 : 2216 ms.
--------------------------------------------------
unsat
QF_NRA/LassoRanker/Ultimate/SantaBarbara02.bpl_Iteration1_Lasso_2-pieceTemplate.smt2 : 190 ms.
--------------------------------------------------
unsat
QF_NRA/LassoRanker/Ultimate/SantaBarbara02.bpl_Iteration1_Lasso_3-pieceTemplate.smt2 : 499 ms.
--------------------------------------------------
unsat
QF_NRA/LassoRanker/Ultimate/SantaBarbara02.bpl_Iteration1_Lasso_4-pieceTemplate.smt2 : 3951 ms.
--------------------------------------------------
QF_NRA/LassoRanker/Ultimate/simple-scaled200.bpl_Iteration1_Lasso_2-pieceTemplate.smt2 : 1800023 ms.
--------------------------------------------------
QF_NRA/LassoRanker/Ultimate/simple-scaled200.bpl_Iteration1_Lasso_3-pieceTemplate.smt2 : 1800043 ms.
--------------------------------------------------
sat
QF_NRA/LassoRanker/Ultimate/simple-scaled200.bpl_Iteration1_Lasso_4-phaseTemplate.smt2 : 1065 ms.
--------------------------------------------------
QF_NRA/LassoRanker/Ultimate/simple-scaled200.bpl_Iteration1_Lasso_4-pieceTemplate.smt2 : 1800022 ms.
--------------------------------------------------
sat
QF_NRA/LassoRanker/Ultimate/simple-scaled200.bpl_Iteration1_Lasso_5-phaseTemplate.smt2 : 2851 ms.
--------------------------------------------------
sat
QF_NRA/LassoRanker/Ultimate/simple-scaled200.bpl_Iteration1_Lasso_6-phaseTemplate.smt2 : 2203 ms.
--------------------------------------------------
sat
QF_NRA/LassoRanker/Ultimate/simple-scaled200.bpl_Iteration1_Lasso_7-phaseTemplate.smt2 : 5041 ms.
--------------------------------------------------
sat
QF_NRA/LassoRanker/Ultimate/simple-scaled250.bpl_Iteration1_Lasso_2-pieceTemplate.smt2 : 5581 ms.
--------------------------------------------------
QF_NRA/LassoRanker/Ultimate/simple-scaled250.bpl_Iteration1_Lasso_3-pieceTemplate.smt2 : 1800059 ms.
--------------------------------------------------
sat
QF_NRA/LassoRanker/Ultimate/simple-scaled250.bpl_Iteration1_Lasso_4-lexTemplate.smt2 : 14187 ms.
--------------------------------------------------
sat
QF_NRA/LassoRanker/Ultimate/simple-scaled250.bpl_Iteration1_Lasso_4-phaseTemplate.smt2 : 1578 ms.
--------------------------------------------------
QF_NRA/LassoRanker/Ultimate/simple-scaled250.bpl_Iteration1_Lasso_4-pieceTemplate.smt2 : 1800022 ms.
--------------------------------------------------
sat
QF_NRA/LassoRanker/Ultimate/simple-scaled250.bpl_Iteration1_Lasso_5-phaseTemplate.smt2 : 2806 ms.
--------------------------------------------------
sat
QF_NRA/LassoRanker/Ultimate/simple-scaled250.bpl_Iteration1_Lasso_6-phaseTemplate.smt2 : 2432 ms.
--------------------------------------------------
sat
QF_NRA/LassoRanker/Ultimate/simple-scaled250.bpl_Iteration1_Lasso_7-phaseTemplate.smt2 : 5613 ms.
--------------------------------------------------
unsat
QF_NRA/LassoRanker/Ultimate/SyntaxSupportBooleans3.bpl_Iteration1_Loop_4-pieceTemplate.smt2 : 20783 ms.
--------------------------------------------------
sat
QF_NRA/LassoRanker/Ultimate/SyntaxSupportDisjunction1.bpl_Iteration1_Loop_4-pieceTemplate.smt2 : 605 ms.
