--------------------------------------------------
./solvers/smtrat/run.sh: line 3: 144100 Killed                  LD_PRELOAD=libmimalloc.so ./smtrat ../$1 2> /dev/null
QF_NRA/LassoRanker/Ultimate/2013POPL-BenAmGen-Ex3.20.bpl_Iteration1_Lasso_3-pieceTemplate.smt2 : 1800061 ms.
--------------------------------------------------
./solvers/smtrat/run.sh: line 3: 172264 Killed                  LD_PRELOAD=libmimalloc.so ./smtrat ../$1 2> /dev/null
QF_NRA/LassoRanker/Ultimate/2013POPL-BenAmGen-Ex3.20.bpl_Iteration1_Lasso_4-pieceTemplate.smt2 : 1800051 ms.
--------------------------------------------------
./solvers/smtrat/run.sh: line 3: 176871 Killed                  LD_PRELOAD=libmimalloc.so ./smtrat ../$1 2> /dev/null
QF_NRA/LassoRanker/Ultimate/2013POPL-BenAmGen-Ex3.20.bpl_Iteration1_Loop_3-pieceTemplate.smt2 : 1800044 ms.
--------------------------------------------------
./solvers/smtrat/run.sh: line 3: 180291 Killed                  LD_PRELOAD=libmimalloc.so ./smtrat ../$1 2> /dev/null
QF_NRA/LassoRanker/Ultimate/2013POPL-BenAmGen-Ex3.20.bpl_Iteration1_Loop_4-pieceTemplate.smt2 : 1800114 ms.
--------------------------------------------------
./solvers/smtrat/run.sh: line 3: 183014 Killed                  LD_PRELOAD=libmimalloc.so ./smtrat ../$1 2> /dev/null
QF_NRA/LassoRanker/Ultimate/2013POPL-BenAmGen-Ex3.6.bpl_Iteration1_Loop_3-pieceTemplate.smt2 : 1800110 ms.
--------------------------------------------------
./solvers/smtrat/run.sh: line 3: 184919 Killed                  LD_PRELOAD=libmimalloc.so ./smtrat ../$1 2> /dev/null
QF_NRA/LassoRanker/Ultimate/2013POPL-BenAmGen-Ex3.6.bpl_Iteration1_Loop_4-pieceTemplate.smt2 : 1800046 ms.
--------------------------------------------------
./solvers/smtrat/run.sh: line 3: 186462 Killed                  LD_PRELOAD=libmimalloc.so ./smtrat ../$1 2> /dev/null
QF_NRA/LassoRanker/Ultimate/2013POPL-BenAmGen-Ex4.2.bpl_Iteration1_Lasso_2-pieceTemplate.smt2 : 1800244 ms.
--------------------------------------------------
./solvers/smtrat/run.sh: line 3: 188310 Killed                  LD_PRELOAD=libmimalloc.so ./smtrat ../$1 2> /dev/null
QF_NRA/LassoRanker/Ultimate/2013POPL-BenAmGen-Ex4.2.bpl_Iteration1_Lasso_3-pieceTemplate.smt2 : 1800050 ms.
--------------------------------------------------
./solvers/smtrat/run.sh: line 3: 190319 Killed                  LD_PRELOAD=libmimalloc.so ./smtrat ../$1 2> /dev/null
QF_NRA/LassoRanker/Ultimate/2013POPL-BenAmGen-Ex4.2.bpl_Iteration1_Lasso_4-pieceTemplate.smt2 : 1800051 ms.
--------------------------------------------------
./solvers/smtrat/run.sh: line 3: 192156 Killed                  LD_PRELOAD=libmimalloc.so ./smtrat ../$1 2> /dev/null
QF_NRA/LassoRanker/Ultimate/2013POPL-BenAmGen-Ex4.2.bpl_Iteration1_Loop_2-pieceTemplate.smt2 : 1800038 ms.
--------------------------------------------------
./solvers/smtrat/run.sh: line 3: 193509 Killed                  LD_PRELOAD=libmimalloc.so ./smtrat ../$1 2> /dev/null
QF_NRA/LassoRanker/Ultimate/2013POPL-BenAmGen-Ex4.2.bpl_Iteration1_Loop_3-pieceTemplate.smt2 : 1800047 ms.
--------------------------------------------------
./solvers/smtrat/run.sh: line 3: 194917 Killed                  LD_PRELOAD=libmimalloc.so ./smtrat ../$1 2> /dev/null
QF_NRA/LassoRanker/Ultimate/2013POPL-BenAmGen-Ex4.2.bpl_Iteration1_Loop_4-pieceTemplate.smt2 : 1800048 ms.
--------------------------------------------------
./solvers/smtrat/run.sh: line 3: 196510 Killed                  LD_PRELOAD=libmimalloc.so ./smtrat ../$1 2> /dev/null
QF_NRA/LassoRanker/Ultimate/ATVA2013-diff42-int.bpl_Iteration1_Lasso_4-lexTemplate.smt2 : 1800034 ms.
--------------------------------------------------
./solvers/smtrat/run.sh: line 3: 197973 Killed                  LD_PRELOAD=libmimalloc.so ./smtrat ../$1 2> /dev/null
QF_NRA/LassoRanker/Ultimate/ATVA2013-diff42-int.bpl_Iteration1_Lasso_4-pieceTemplate.smt2 : 1800037 ms.
--------------------------------------------------
./solvers/smtrat/run.sh: line 3: 199174 Killed                  LD_PRELOAD=libmimalloc.so ./smtrat ../$1 2> /dev/null
QF_NRA/LassoRanker/Ultimate/ATVA2013-yPositive-int.bpl_Iteration1_Loop_3-pieceTemplate.smt2 : 1800056 ms.
--------------------------------------------------
./solvers/smtrat/run.sh: line 3: 201022 Killed                  LD_PRELOAD=libmimalloc.so ./smtrat ../$1 2> /dev/null
QF_NRA/LassoRanker/Ultimate/ATVA2013-yPositive-int.bpl_Iteration1_Loop_4-pieceTemplate.smt2 : 1800057 ms.
--------------------------------------------------
./solvers/smtrat/run.sh: line 3: 202160 Killed                  LD_PRELOAD=libmimalloc.so ./smtrat ../$1 2> /dev/null
QF_NRA/LassoRanker/Ultimate/ATVA2013-yPositive-real.bpl_Iteration1_Loop_3-pieceTemplate.smt2 : 2031197 ms.
--------------------------------------------------
./solvers/smtrat/run.sh: line 3: 203388 Killed                  LD_PRELOAD=libmimalloc.so ./smtrat ../$1 2> /dev/null
QF_NRA/LassoRanker/Ultimate/ATVA2013-yPositive-real.bpl_Iteration1_Loop_4-pieceTemplate.smt2 : 1800441 ms.
--------------------------------------------------
./solvers/smtrat/run.sh: line 3: 204362 Killed                  LD_PRELOAD=libmimalloc.so ./smtrat ../$1 2> /dev/null
QF_NRA/LassoRanker/Ultimate/ATVA2013-zeno-int.bpl_Iteration1_Lasso_4-pieceTemplate.smt2 : 1800044 ms.
--------------------------------------------------
./solvers/smtrat/run.sh: line 3: 206186 Killed                  LD_PRELOAD=libmimalloc.so ./smtrat ../$1 2> /dev/null
QF_NRA/LassoRanker/Ultimate/BenAmram-2010LMCS-Ex2.3.bpl_Iteration1_Lasso_2-pieceTemplate.smt2 : 1800033 ms.
--------------------------------------------------
./solvers/smtrat/run.sh: line 3: 207322 Killed                  LD_PRELOAD=libmimalloc.so ./smtrat ../$1 2> /dev/null
QF_NRA/LassoRanker/Ultimate/BenAmram-2010LMCS-Ex2.3.bpl_Iteration1_Lasso_3-pieceTemplate.smt2 : 1800026 ms.
--------------------------------------------------
./solvers/smtrat/run.sh: line 3: 208302 Killed                  LD_PRELOAD=libmimalloc.so ./smtrat ../$1 2> /dev/null
QF_NRA/LassoRanker/Ultimate/BenAmram-2010LMCS-Ex2.3.bpl_Iteration1_Lasso_4-pieceTemplate.smt2 : 1800027 ms.
--------------------------------------------------
./solvers/smtrat/run.sh: line 3: 209188 Killed                  LD_PRELOAD=libmimalloc.so ./smtrat ../$1 2> /dev/null
QF_NRA/LassoRanker/Ultimate/BenAmram-2010LMCS-Ex2.3.bpl_Iteration1_Loop_2-pieceTemplate.smt2 : 1800108 ms.
--------------------------------------------------
./solvers/smtrat/run.sh: line 3: 210219 Killed                  LD_PRELOAD=libmimalloc.so ./smtrat ../$1 2> /dev/null
QF_NRA/LassoRanker/Ultimate/BenAmram-2010LMCS-Ex2.3.bpl_Iteration1_Loop_3-pieceTemplate.smt2 : 1800035 ms.
--------------------------------------------------
./solvers/smtrat/run.sh: line 3: 211010 Killed                  LD_PRELOAD=libmimalloc.so ./smtrat ../$1 2> /dev/null
QF_NRA/LassoRanker/Ultimate/BenAmram-2010LMCS-Ex2.3.bpl_Iteration1_Loop_4-pieceTemplate.smt2 : 1800597 ms.
--------------------------------------------------
./solvers/smtrat/run.sh: line 3: 211829 Killed                  LD_PRELOAD=libmimalloc.so ./smtrat ../$1 2> /dev/null
QF_NRA/LassoRanker/Ultimate/Benghazi.bpl_Iteration1_Loop_3-pieceTemplate.smt2 : 1800265 ms.
--------------------------------------------------
./solvers/smtrat/run.sh: line 3: 212585 Killed                  LD_PRELOAD=libmimalloc.so ./smtrat ../$1 2> /dev/null
QF_NRA/LassoRanker/Ultimate/Benghazi.bpl_Iteration1_Loop_4-pieceTemplate.smt2 : 1800830 ms.
--------------------------------------------------
./solvers/smtrat/run.sh: line 3: 213332 Killed                  LD_PRELOAD=libmimalloc.so ./smtrat ../$1 2> /dev/null
QF_NRA/LassoRanker/Ultimate/Benghazi.bpl_Iteration1_Loop_6-phaseTemplate.smt2 : 1800472 ms.
--------------------------------------------------
./solvers/smtrat/run.sh: line 3: 214190 Killed                  LD_PRELOAD=libmimalloc.so ./smtrat ../$1 2> /dev/null
QF_NRA/LassoRanker/Ultimate/Boulder.bpl_Iteration1_Loop_3-pieceTemplate.smt2 : 1800207 ms.
--------------------------------------------------
./solvers/smtrat/run.sh: line 3: 214852 Killed                  LD_PRELOAD=libmimalloc.so ./smtrat ../$1 2> /dev/null
QF_NRA/LassoRanker/Ultimate/Boulder.bpl_Iteration1_Loop_4-pieceTemplate.smt2 : 1800027 ms.
--------------------------------------------------
./solvers/smtrat/run.sh: line 3: 215527 Killed                  LD_PRELOAD=libmimalloc.so ./smtrat ../$1 2> /dev/null
QF_NRA/LassoRanker/Ultimate/bound-scaled200.bpl_Iteration1_Loop_4-pieceTemplate.smt2 : 1800032 ms.
--------------------------------------------------
./solvers/smtrat/run.sh: line 3: 216342 Killed                  LD_PRELOAD=libmimalloc.so ./smtrat ../$1 2> /dev/null
QF_NRA/LassoRanker/Ultimate/bound-scaled400.bpl_Iteration1_Loop_3-pieceTemplate.smt2 : 1800060 ms.
--------------------------------------------------
./solvers/smtrat/run.sh: line 3: 216918 Killed                  LD_PRELOAD=libmimalloc.so ./smtrat ../$1 2> /dev/null
QF_NRA/LassoRanker/Ultimate/bound-scaled400.bpl_Iteration1_Loop_4-pieceTemplate.smt2 : 1800052 ms.
--------------------------------------------------
./solvers/smtrat/run.sh: line 3: 217620 Killed                  LD_PRELOAD=libmimalloc.so ./smtrat ../$1 2> /dev/null
QF_NRA/LassoRanker/Ultimate/bound-scaled600.bpl_Iteration1_Loop_3-pieceTemplate.smt2 : 1800070 ms.
--------------------------------------------------
./solvers/smtrat/run.sh: line 3: 218433 Killed                  LD_PRELOAD=libmimalloc.so ./smtrat ../$1 2> /dev/null
QF_NRA/LassoRanker/Ultimate/bound-scaled600.bpl_Iteration1_Loop_4-pieceTemplate.smt2 : 1800071 ms.
--------------------------------------------------
./solvers/smtrat/run.sh: line 3: 219057 Killed                  LD_PRELOAD=libmimalloc.so ./smtrat ../$1 2> /dev/null
QF_NRA/LassoRanker/Ultimate/BradleyMannaSipma-2005ICALP-Fig1.bpl_Iteration1_Lasso_3-pieceTemplate.smt2 : 1800029 ms.
--------------------------------------------------
./solvers/smtrat/run.sh: line 3: 219657 Killed                  LD_PRELOAD=libmimalloc.so ./smtrat ../$1 2> /dev/null
QF_NRA/LassoRanker/Ultimate/BradleyMannaSipma-2005ICALP-Fig1.bpl_Iteration1_Lasso_4-pieceTemplate.smt2 : 1800070 ms.
--------------------------------------------------
./solvers/smtrat/run.sh: line 3: 220279 Killed                  LD_PRELOAD=libmimalloc.so ./smtrat ../$1 2> /dev/null
QF_NRA/LassoRanker/Ultimate/BradleyMannaSipma-2005ICALP-Fig1-deterministic.bpl_Iteration1_Lasso_3-pieceTemplate.smt2 : 1800104 ms.
--------------------------------------------------
./solvers/smtrat/run.sh: line 3: 278598 Killed                  LD_PRELOAD=libmimalloc.so ./smtrat ../$1 2> /dev/null
QF_NRA/LassoRanker/Ultimate/BradleyMannaSipma-2005ICALP-Fig1-deterministic.bpl_Iteration1_Lasso_4-pieceTemplate.smt2 : 1800034 ms.
--------------------------------------------------
./solvers/smtrat/run.sh: line 3: 282397 Killed                  LD_PRELOAD=libmimalloc.so ./smtrat ../$1 2> /dev/null
QF_NRA/LassoRanker/Ultimate/BradleyMannaSipma-2005ICALP-Fig1-deterministic.bpl_Iteration1_Lasso_5-phaseTemplate.smt2 : 1800045 ms.
--------------------------------------------------
./solvers/smtrat/run.sh: line 3: 283478 Killed                  LD_PRELOAD=libmimalloc.so ./smtrat ../$1 2> /dev/null
QF_NRA/LassoRanker/Ultimate/BradleyMannaSipma-2005ICALP-Fig1-deterministic.bpl_Iteration1_Lasso_6-phaseTemplate.smt2 : 1800035 ms.
--------------------------------------------------
./solvers/smtrat/run.sh: line 3: 284334 Killed                  LD_PRELOAD=libmimalloc.so ./smtrat ../$1 2> /dev/null
QF_NRA/LassoRanker/Ultimate/BradleyMannaSipma-2005ICALP-Fig1-deterministic.bpl_Iteration1_Lasso_7-phaseTemplate.smt2 : 1800034 ms.
--------------------------------------------------
./solvers/smtrat/run.sh: line 3: 284919 Killed                  LD_PRELOAD=libmimalloc.so ./smtrat ../$1 2> /dev/null
QF_NRA/LassoRanker/Ultimate/Braverman-2006CAV-Ex1-int.bpl_Iteration1_Lasso_3-pieceTemplate.smt2 : 1800043 ms.
--------------------------------------------------
./solvers/smtrat/run.sh: line 3: 285434 Killed                  LD_PRELOAD=libmimalloc.so ./smtrat ../$1 2> /dev/null
QF_NRA/LassoRanker/Ultimate/Braverman-2006CAV-Ex1-int.bpl_Iteration1_Lasso_4-phaseTemplate.smt2 : 1800029 ms.
--------------------------------------------------
./solvers/smtrat/run.sh: line 3: 286232 Killed                  LD_PRELOAD=libmimalloc.so ./smtrat ../$1 2> /dev/null
QF_NRA/LassoRanker/Ultimate/Braverman-2006CAV-Ex1-int.bpl_Iteration1_Lasso_4-pieceTemplate.smt2 : 1800042 ms.
--------------------------------------------------
./solvers/smtrat/run.sh: line 3: 287058 Killed                  LD_PRELOAD=libmimalloc.so ./smtrat ../$1 2> /dev/null
QF_NRA/LassoRanker/Ultimate/Braverman-2006CAV-Ex1-int.bpl_Iteration1_Lasso_5-phaseTemplate.smt2 : 1800046 ms.
--------------------------------------------------
./solvers/smtrat/run.sh: line 3: 288086 Killed                  LD_PRELOAD=libmimalloc.so ./smtrat ../$1 2> /dev/null
QF_NRA/LassoRanker/Ultimate/Braverman-2006CAV-Ex1-int.bpl_Iteration1_Lasso_6-phaseTemplate.smt2 : 1800043 ms.
--------------------------------------------------
./solvers/smtrat/run.sh: line 3: 288752 Killed                  LD_PRELOAD=libmimalloc.so ./smtrat ../$1 2> /dev/null
QF_NRA/LassoRanker/Ultimate/Braverman-2006CAV-Ex1-int.bpl_Iteration1_Lasso_7-phaseTemplate.smt2 : 1800048 ms.
--------------------------------------------------
./solvers/smtrat/run.sh: line 3: 289392 Killed                  LD_PRELOAD=libmimalloc.so ./smtrat ../$1 2> /dev/null
QF_NRA/LassoRanker/Ultimate/Braverman-2006CAV-Ex1-int.bpl_Iteration1_Loop_3-pieceTemplate.smt2 : 1800047 ms.
--------------------------------------------------
./solvers/smtrat/run.sh: line 3: 289827 Killed                  LD_PRELOAD=libmimalloc.so ./smtrat ../$1 2> /dev/null
QF_NRA/LassoRanker/Ultimate/Braverman-2006CAV-Ex1-int.bpl_Iteration1_Loop_4-phaseTemplate.smt2 : 1800047 ms.
--------------------------------------------------
./solvers/smtrat/run.sh: line 3: 319607 Killed                  LD_PRELOAD=libmimalloc.so ./smtrat ../$1 2> /dev/null
QF_NRA/LassoRanker/Ultimate/Braverman-2006CAV-Ex1-int.bpl_Iteration1_Loop_4-pieceTemplate.smt2 : 1800055 ms.
--------------------------------------------------
./solvers/smtrat/run.sh: line 3: 322246 Killed                  LD_PRELOAD=libmimalloc.so ./smtrat ../$1 2> /dev/null
QF_NRA/LassoRanker/Ultimate/Braverman-2006CAV-Ex1-int.bpl_Iteration1_Loop_5-phaseTemplate.smt2 : 1800048 ms.
--------------------------------------------------
./solvers/smtrat/run.sh: line 3: 323905 Killed                  LD_PRELOAD=libmimalloc.so ./smtrat ../$1 2> /dev/null
QF_NRA/LassoRanker/Ultimate/Braverman-2006CAV-Ex1-int.bpl_Iteration1_Loop_6-phaseTemplate.smt2 : 1800058 ms.
--------------------------------------------------
./solvers/smtrat/run.sh: line 3: 324542 Killed                  LD_PRELOAD=libmimalloc.so ./smtrat ../$1 2> /dev/null
QF_NRA/LassoRanker/Ultimate/Braverman-2006CAV-Ex1-int.bpl_Iteration1_Loop_7-phaseTemplate.smt2 : 1800151 ms.
--------------------------------------------------
./solvers/smtrat/run.sh: line 3: 325022 Killed                  LD_PRELOAD=libmimalloc.so ./smtrat ../$1 2> /dev/null
QF_NRA/LassoRanker/Ultimate/Canberra.bpl_Iteration1_Lasso_2-pieceTemplate.smt2 : 1800064 ms.
--------------------------------------------------
./solvers/smtrat/run.sh: line 3: 325531 Killed                  LD_PRELOAD=libmimalloc.so ./smtrat ../$1 2> /dev/null
QF_NRA/LassoRanker/Ultimate/Canberra.bpl_Iteration1_Lasso_3-pieceTemplate.smt2 : 1800066 ms.
--------------------------------------------------
./solvers/smtrat/run.sh: line 3: 326010 Killed                  LD_PRELOAD=libmimalloc.so ./smtrat ../$1 2> /dev/null
QF_NRA/LassoRanker/Ultimate/Canberra.bpl_Iteration1_Lasso_4-pieceTemplate.smt2 : 1800203 ms.
--------------------------------------------------
./solvers/smtrat/run.sh: line 3: 326588 Killed                  LD_PRELOAD=libmimalloc.so ./smtrat ../$1 2> /dev/null
QF_NRA/LassoRanker/Ultimate/Canberra.bpl_Iteration1_Lasso_6-phaseTemplate.smt2 : 1800118 ms.
--------------------------------------------------
./solvers/smtrat/run.sh: line 3: 327059 Killed                  LD_PRELOAD=libmimalloc.so ./smtrat ../$1 2> /dev/null
QF_NRA/LassoRanker/Ultimate/Canberra.bpl_Iteration1_Lasso_7-phaseTemplate.smt2 : 1800134 ms.
--------------------------------------------------
./solvers/smtrat/run.sh: line 3: 327690 Killed                  LD_PRELOAD=libmimalloc.so ./smtrat ../$1 2> /dev/null
QF_NRA/LassoRanker/Ultimate/Canberra.bpl_Iteration1_Loop_2-pieceTemplate.smt2 : 1800107 ms.
--------------------------------------------------
./solvers/smtrat/run.sh: line 3: 328195 Killed                  LD_PRELOAD=libmimalloc.so ./smtrat ../$1 2> /dev/null
QF_NRA/LassoRanker/Ultimate/Canberra.bpl_Iteration1_Loop_3-pieceTemplate.smt2 : 1800098 ms.
--------------------------------------------------
./solvers/smtrat/run.sh: line 3: 328585 Killed                  LD_PRELOAD=libmimalloc.so ./smtrat ../$1 2> /dev/null
QF_NRA/LassoRanker/Ultimate/Canberra.bpl_Iteration1_Loop_4-pieceTemplate.smt2 : 1805631 ms.
--------------------------------------------------
./solvers/smtrat/run.sh: line 3: 329316 Killed                  LD_PRELOAD=libmimalloc.so ./smtrat ../$1 2> /dev/null
QF_NRA/LassoRanker/Ultimate/Canberra.bpl_Iteration1_Loop_6-phaseTemplate.smt2 : 1800044 ms.
--------------------------------------------------
./solvers/smtrat/run.sh: line 3: 329729 Killed                  LD_PRELOAD=libmimalloc.so ./smtrat ../$1 2> /dev/null
QF_NRA/LassoRanker/Ultimate/Canberra.bpl_Iteration1_Loop_7-phaseTemplate.smt2 : 1800045 ms.
--------------------------------------------------
./solvers/smtrat/run.sh: line 3: 330376 Killed                  LD_PRELOAD=libmimalloc.so ./smtrat ../$1 2> /dev/null
QF_NRA/LassoRanker/Ultimate/ChenFlurMukhopadhyay-2012SAS-Fig1.bpl_Iteration1_Loop_3-pieceTemplate.smt2 : 1800079 ms.
--------------------------------------------------
./solvers/smtrat/run.sh: line 3: 331548 Killed                  LD_PRELOAD=libmimalloc.so ./smtrat ../$1 2> /dev/null
QF_NRA/LassoRanker/Ultimate/ChenFlurMukhopadhyay-2012SAS-Fig1.bpl_Iteration1_Loop_4-pieceTemplate.smt2 : 1800107 ms.
--------------------------------------------------
./solvers/smtrat/run.sh: line 3: 331901 Killed                  LD_PRELOAD=libmimalloc.so ./smtrat ../$1 2> /dev/null
QF_NRA/LassoRanker/Ultimate/Collatz.bpl_Iteration1_Lasso_2-lexTemplate.smt2 : 1800879 ms.
--------------------------------------------------
./solvers/smtrat/run.sh: line 3: 332301 Killed                  LD_PRELOAD=libmimalloc.so ./smtrat ../$1 2> /dev/null
QF_NRA/LassoRanker/Ultimate/Collatz.bpl_Iteration1_Lasso_2-nestedTemplate.smt2 : 1803926 ms.
--------------------------------------------------
./solvers/smtrat/run.sh: line 3: 332841 Killed                  LD_PRELOAD=libmimalloc.so ./smtrat ../$1 2> /dev/null
QF_NRA/LassoRanker/Ultimate/Collatz.bpl_Iteration1_Lasso_2-phaseTemplate.smt2 : 1800339 ms.
--------------------------------------------------
./solvers/smtrat/run.sh: line 3: 333179 Killed                  LD_PRELOAD=libmimalloc.so ./smtrat ../$1 2> /dev/null
QF_NRA/LassoRanker/Ultimate/Collatz.bpl_Iteration1_Lasso_2-pieceTemplate.smt2 : 1800217 ms.
--------------------------------------------------
./solvers/smtrat/run.sh: line 3: 333480 Killed                  LD_PRELOAD=libmimalloc.so ./smtrat ../$1 2> /dev/null
QF_NRA/LassoRanker/Ultimate/Collatz.bpl_Iteration1_Lasso_3-lexTemplate.smt2 : 1800212 ms.
--------------------------------------------------
./solvers/smtrat/run.sh: line 3: 333793 Killed                  LD_PRELOAD=libmimalloc.so ./smtrat ../$1 2> /dev/null
QF_NRA/LassoRanker/Ultimate/Collatz.bpl_Iteration1_Lasso_3-nestedTemplate.smt2 : 1800080 ms.
--------------------------------------------------
./solvers/smtrat/run.sh: line 3: 334113 Killed                  LD_PRELOAD=libmimalloc.so ./smtrat ../$1 2> /dev/null
QF_NRA/LassoRanker/Ultimate/Collatz.bpl_Iteration1_Lasso_3-phaseTemplate.smt2 : 1800138 ms.
--------------------------------------------------
./solvers/smtrat/run.sh: line 3: 334413 Killed                  LD_PRELOAD=libmimalloc.so ./smtrat ../$1 2> /dev/null
QF_NRA/LassoRanker/Ultimate/Collatz.bpl_Iteration1_Lasso_3-pieceTemplate.smt2 : 1800240 ms.
--------------------------------------------------
./solvers/smtrat/run.sh: line 3: 334724 Killed                  LD_PRELOAD=libmimalloc.so ./smtrat ../$1 2> /dev/null
QF_NRA/LassoRanker/Ultimate/Collatz.bpl_Iteration1_Lasso_4-lexTemplate.smt2 : 1800083 ms.
--------------------------------------------------
./solvers/smtrat/run.sh: line 3: 335067 Killed                  LD_PRELOAD=libmimalloc.so ./smtrat ../$1 2> /dev/null
QF_NRA/LassoRanker/Ultimate/Collatz.bpl_Iteration1_Lasso_4-nestedTemplate.smt2 : 1800156 ms.
--------------------------------------------------
./solvers/smtrat/run.sh: line 3: 335358 Killed                  LD_PRELOAD=libmimalloc.so ./smtrat ../$1 2> /dev/null
QF_NRA/LassoRanker/Ultimate/Collatz.bpl_Iteration1_Lasso_4-phaseTemplate.smt2 : 1800248 ms.
--------------------------------------------------
./solvers/smtrat/run.sh: line 3: 335727 Killed                  LD_PRELOAD=libmimalloc.so ./smtrat ../$1 2> /dev/null
QF_NRA/LassoRanker/Ultimate/Collatz.bpl_Iteration1_Lasso_5-nestedTemplate.smt2 : 1800194 ms.
--------------------------------------------------
./solvers/smtrat/run.sh: line 3: 335999 Killed                  LD_PRELOAD=libmimalloc.so ./smtrat ../$1 2> /dev/null
QF_NRA/LassoRanker/Ultimate/Collatz.bpl_Iteration1_Lasso_5-phaseTemplate.smt2 : 1800245 ms.
--------------------------------------------------
./solvers/smtrat/run.sh: line 3: 336259 Killed                  LD_PRELOAD=libmimalloc.so ./smtrat ../$1 2> /dev/null
QF_NRA/LassoRanker/Ultimate/Collatz.bpl_Iteration1_Lasso_6-nestedTemplate.smt2 : 1800144 ms.
--------------------------------------------------
./solvers/smtrat/run.sh: line 3: 336544 Killed                  LD_PRELOAD=libmimalloc.so ./smtrat ../$1 2> /dev/null
QF_NRA/LassoRanker/Ultimate/Collatz.bpl_Iteration1_Lasso_6-phaseTemplate.smt2 : 1800168 ms.
--------------------------------------------------
./solvers/smtrat/run.sh: line 3: 336808 Killed                  LD_PRELOAD=libmimalloc.so ./smtrat ../$1 2> /dev/null
QF_NRA/LassoRanker/Ultimate/Collatz.bpl_Iteration1_Lasso_7-nestedTemplate.smt2 : 1800468 ms.
--------------------------------------------------
./solvers/smtrat/run.sh: line 3: 337082 Killed                  LD_PRELOAD=libmimalloc.so ./smtrat ../$1 2> /dev/null
QF_NRA/LassoRanker/Ultimate/Collatz.bpl_Iteration1_Lasso_7-phaseTemplate.smt2 : 1800294 ms.
--------------------------------------------------
./solvers/smtrat/run.sh: line 3: 337333 Killed                  LD_PRELOAD=libmimalloc.so ./smtrat ../$1 2> /dev/null
QF_NRA/LassoRanker/Ultimate/Collatz.bpl_Iteration1_Lasso_affineTemplate.smt2 : 1800118 ms.
--------------------------------------------------
./solvers/smtrat/run.sh: line 3: 337597 Killed                  LD_PRELOAD=libmimalloc.so ./smtrat ../$1 2> /dev/null
QF_NRA/LassoRanker/Ultimate/Collatz.bpl_Iteration1_Loop_2-lexTemplate.smt2 : 1800138 ms.
--------------------------------------------------
./solvers/smtrat/run.sh: line 3: 337852 Killed                  LD_PRELOAD=libmimalloc.so ./smtrat ../$1 2> /dev/null
QF_NRA/LassoRanker/Ultimate/Collatz.bpl_Iteration1_Loop_2-nestedTemplate.smt2 : 1800110 ms.
--------------------------------------------------
./solvers/smtrat/run.sh: line 3: 338128 Killed                  LD_PRELOAD=libmimalloc.so ./smtrat ../$1 2> /dev/null
QF_NRA/LassoRanker/Ultimate/Collatz.bpl_Iteration1_Loop_2-phaseTemplate.smt2 : 1800106 ms.
--------------------------------------------------
./solvers/smtrat/run.sh: line 3: 338382 Killed                  LD_PRELOAD=libmimalloc.so ./smtrat ../$1 2> /dev/null
QF_NRA/LassoRanker/Ultimate/Collatz.bpl_Iteration1_Loop_2-pieceTemplate.smt2 : 1800198 ms.
--------------------------------------------------
./solvers/smtrat/run.sh: line 3: 338664 Killed                  LD_PRELOAD=libmimalloc.so ./smtrat ../$1 2> /dev/null
QF_NRA/LassoRanker/Ultimate/Collatz.bpl_Iteration1_Loop_3-lexTemplate.smt2 : 1800180 ms.
--------------------------------------------------
./solvers/smtrat/run.sh: line 3: 338905 Killed                  LD_PRELOAD=libmimalloc.so ./smtrat ../$1 2> /dev/null
QF_NRA/LassoRanker/Ultimate/Collatz.bpl_Iteration1_Loop_3-nestedTemplate.smt2 : 1800287 ms.
--------------------------------------------------
./solvers/smtrat/run.sh: line 3: 339171 Killed                  LD_PRELOAD=libmimalloc.so ./smtrat ../$1 2> /dev/null
QF_NRA/LassoRanker/Ultimate/Collatz.bpl_Iteration1_Loop_3-phaseTemplate.smt2 : 1800297 ms.
--------------------------------------------------
./solvers/smtrat/run.sh: line 3: 339424 Killed                  LD_PRELOAD=libmimalloc.so ./smtrat ../$1 2> /dev/null
QF_NRA/LassoRanker/Ultimate/Collatz.bpl_Iteration1_Loop_3-pieceTemplate.smt2 : 1800354 ms.
--------------------------------------------------
./solvers/smtrat/run.sh: line 3: 367715 Killed                  LD_PRELOAD=libmimalloc.so ./smtrat ../$1 2> /dev/null
QF_NRA/LassoRanker/Ultimate/Collatz.bpl_Iteration1_Loop_4-lexTemplate.smt2 : 1800135 ms.
--------------------------------------------------
./solvers/smtrat/run.sh: line 3: 369959 Killed                  LD_PRELOAD=libmimalloc.so ./smtrat ../$1 2> /dev/null
QF_NRA/LassoRanker/Ultimate/Collatz.bpl_Iteration1_Loop_4-nestedTemplate.smt2 : 1800124 ms.
--------------------------------------------------
./solvers/smtrat/run.sh: line 3: 371600 Killed                  LD_PRELOAD=libmimalloc.so ./smtrat ../$1 2> /dev/null
QF_NRA/LassoRanker/Ultimate/Collatz.bpl_Iteration1_Loop_4-phaseTemplate.smt2 : 1800213 ms.
--------------------------------------------------
./solvers/smtrat/run.sh: line 3: 372157 Killed                  LD_PRELOAD=libmimalloc.so ./smtrat ../$1 2> /dev/null
QF_NRA/LassoRanker/Ultimate/Collatz.bpl_Iteration1_Loop_4-pieceTemplate.smt2 : 1807564 ms.
--------------------------------------------------
./solvers/smtrat/run.sh: line 3: 372740 Killed                  LD_PRELOAD=libmimalloc.so ./smtrat ../$1 2> /dev/null
QF_NRA/LassoRanker/Ultimate/Collatz.bpl_Iteration1_Loop_5-nestedTemplate.smt2 : 1800140 ms.
--------------------------------------------------
./solvers/smtrat/run.sh: line 3: 373068 Killed                  LD_PRELOAD=libmimalloc.so ./smtrat ../$1 2> /dev/null
QF_NRA/LassoRanker/Ultimate/Collatz.bpl_Iteration1_Loop_5-phaseTemplate.smt2 : 1800212 ms.
--------------------------------------------------
./solvers/smtrat/run.sh: line 3: 373414 Killed                  LD_PRELOAD=libmimalloc.so ./smtrat ../$1 2> /dev/null
QF_NRA/LassoRanker/Ultimate/Collatz.bpl_Iteration1_Loop_6-nestedTemplate.smt2 : 1800277 ms.
--------------------------------------------------
./solvers/smtrat/run.sh: line 3: 373743 Killed                  LD_PRELOAD=libmimalloc.so ./smtrat ../$1 2> /dev/null
QF_NRA/LassoRanker/Ultimate/Collatz.bpl_Iteration1_Loop_6-phaseTemplate.smt2 : 1800215 ms.
--------------------------------------------------
./solvers/smtrat/run.sh: line 3: 374088 Killed                  LD_PRELOAD=libmimalloc.so ./smtrat ../$1 2> /dev/null
QF_NRA/LassoRanker/Ultimate/Collatz.bpl_Iteration1_Loop_7-nestedTemplate.smt2 : 1800171 ms.
--------------------------------------------------
./solvers/smtrat/run.sh: line 3: 374386 Killed                  LD_PRELOAD=libmimalloc.so ./smtrat ../$1 2> /dev/null
QF_NRA/LassoRanker/Ultimate/Collatz.bpl_Iteration1_Loop_7-phaseTemplate.smt2 : 1800189 ms.
--------------------------------------------------
./solvers/smtrat/run.sh: line 3: 374875 Killed                  LD_PRELOAD=libmimalloc.so ./smtrat ../$1 2> /dev/null
QF_NRA/LassoRanker/Ultimate/Collatz.bpl_Iteration1_Loop_affineTemplate.smt2 : 1800052 ms.
--------------------------------------------------
./solvers/smtrat/run.sh: line 3: 375114 Killed                  LD_PRELOAD=libmimalloc.so ./smtrat ../$1 2> /dev/null
QF_NRA/LassoRanker/Ultimate/CookSeeZuleger-2013TACAS-Fig3.bpl_Iteration1_Loop_3-pieceTemplate.smt2 : 1800199 ms.
--------------------------------------------------
./solvers/smtrat/run.sh: line 3: 376290 Killed                  LD_PRELOAD=libmimalloc.so ./smtrat ../$1 2> /dev/null
QF_NRA/LassoRanker/Ultimate/CookSeeZuleger-2013TACAS-Fig3.bpl_Iteration1_Loop_4-pieceTemplate.smt2 : 1800111 ms.
--------------------------------------------------
./solvers/smtrat/run.sh: line 3: 376621 Killed                  LD_PRELOAD=libmimalloc.so ./smtrat ../$1 2> /dev/null
QF_NRA/LassoRanker/Ultimate/CookSeeZuleger-2013TACAS-Fig7a.bpl_Iteration1_Loop_2-pieceTemplate.smt2 : 1800099 ms.
--------------------------------------------------
./solvers/smtrat/run.sh: line 3: 377297 Killed                  LD_PRELOAD=libmimalloc.so ./smtrat ../$1 2> /dev/null
QF_NRA/LassoRanker/Ultimate/CookSeeZuleger-2013TACAS-Fig7a.bpl_Iteration1_Loop_3-pieceTemplate.smt2 : 1800206 ms.
--------------------------------------------------
./solvers/smtrat/run.sh: line 3: 378300 Killed                  LD_PRELOAD=libmimalloc.so ./smtrat ../$1 2> /dev/null
QF_NRA/LassoRanker/Ultimate/CookSeeZuleger-2013TACAS-Fig7a.bpl_Iteration1_Loop_4-pieceTemplate.smt2 : 1800163 ms.
--------------------------------------------------
./solvers/smtrat/run.sh: line 3: 378563 Killed                  LD_PRELOAD=libmimalloc.so ./smtrat ../$1 2> /dev/null
QF_NRA/LassoRanker/Ultimate/CookSeeZuleger-2013TACAS-Fig7b.bpl_Iteration1_Loop_2-pieceTemplate.smt2 : 1800046 ms.
--------------------------------------------------
./solvers/smtrat/run.sh: line 3: 379060 Killed                  LD_PRELOAD=libmimalloc.so ./smtrat ../$1 2> /dev/null
QF_NRA/LassoRanker/Ultimate/CookSeeZuleger-2013TACAS-Fig7b.bpl_Iteration1_Loop_3-pieceTemplate.smt2 : 1800053 ms.
--------------------------------------------------
./solvers/smtrat/run.sh: line 3: 379300 Killed                  LD_PRELOAD=libmimalloc.so ./smtrat ../$1 2> /dev/null
QF_NRA/LassoRanker/Ultimate/CookSeeZuleger-2013TACAS-Fig7b.bpl_Iteration1_Loop_4-pieceTemplate.smt2 : 1800080 ms.
--------------------------------------------------
./solvers/smtrat/run.sh: line 3: 379519 Killed                  LD_PRELOAD=libmimalloc.so ./smtrat ../$1 2> /dev/null
QF_NRA/LassoRanker/Ultimate/CopenhagenWithTmp.bpl_Iteration1_Loop_3-pieceTemplate.smt2 : 1800083 ms.
--------------------------------------------------
./solvers/smtrat/run.sh: line 3: 379788 Killed                  LD_PRELOAD=libmimalloc.so ./smtrat ../$1 2> /dev/null
QF_NRA/LassoRanker/Ultimate/CopenhagenWithTmp.bpl_Iteration1_Loop_4-pieceTemplate.smt2 : 1800048 ms.
--------------------------------------------------
./solvers/smtrat/run.sh: line 3: 380009 Killed                  LD_PRELOAD=libmimalloc.so ./smtrat ../$1 2> /dev/null
QF_NRA/LassoRanker/Ultimate/DecreasingInvariant.bpl_Iteration1_Loop_3-pieceTemplate.smt2 : 1800162 ms.
--------------------------------------------------
./solvers/smtrat/run.sh: line 3: 380252 Killed                  LD_PRELOAD=libmimalloc.so ./smtrat ../$1 2> /dev/null
QF_NRA/LassoRanker/Ultimate/DecreasingInvariant.bpl_Iteration1_Loop_4-pieceTemplate.smt2 : 1800230 ms.
--------------------------------------------------
./solvers/smtrat/run.sh: line 3: 380483 Killed                  LD_PRELOAD=libmimalloc.so ./smtrat ../$1 2> /dev/null
QF_NRA/LassoRanker/Ultimate/FourPhase.bpl_Iteration1_Lasso_3-pieceTemplate.smt2 : 1800262 ms.
--------------------------------------------------
./solvers/smtrat/run.sh: line 3: 380734 Killed                  LD_PRELOAD=libmimalloc.so ./smtrat ../$1 2> /dev/null
QF_NRA/LassoRanker/Ultimate/FourPhase.bpl_Iteration1_Lasso_4-pieceTemplate.smt2 : 1800701 ms.
--------------------------------------------------
./solvers/smtrat/run.sh: line 3: 380970 Killed                  LD_PRELOAD=libmimalloc.so ./smtrat ../$1 2> /dev/null
QF_NRA/LassoRanker/Ultimate/FourPhase.bpl_Iteration1_Lasso_7-phaseTemplate.smt2 : 1801753 ms.
--------------------------------------------------
./solvers/smtrat/run.sh: line 3: 381257 Killed                  LD_PRELOAD=libmimalloc.so ./smtrat ../$1 2> /dev/null
QF_NRA/LassoRanker/Ultimate/Garmisch.bpl_Iteration1_Loop_3-pieceTemplate.smt2 : 1801259 ms.
--------------------------------------------------
./solvers/smtrat/run.sh: line 3: 381488 Killed                  LD_PRELOAD=libmimalloc.so ./smtrat ../$1 2> /dev/null
QF_NRA/LassoRanker/Ultimate/Garmisch.bpl_Iteration1_Loop_4-pieceTemplate.smt2 : 1800366 ms.
--------------------------------------------------
./solvers/smtrat/run.sh: line 3: 381725 Killed                  LD_PRELOAD=libmimalloc.so ./smtrat ../$1 2> /dev/null
QF_NRA/LassoRanker/Ultimate/Gcd.bpl_Iteration1_Lasso_4-pieceTemplate.smt2 : 1800709 ms.
--------------------------------------------------
./solvers/smtrat/run.sh: line 3: 381949 Killed                  LD_PRELOAD=libmimalloc.so ./smtrat ../$1 2> /dev/null
QF_NRA/LassoRanker/Ultimate/Gcd_havoc.bpl_Iteration1_Lasso_3-pieceTemplate.smt2 : 1800043 ms.
--------------------------------------------------
./solvers/smtrat/run.sh: line 3: 382194 Killed                  LD_PRELOAD=libmimalloc.so ./smtrat ../$1 2> /dev/null
QF_NRA/LassoRanker/Ultimate/Gcd_havoc.bpl_Iteration1_Lasso_4-pieceTemplate.smt2 : 1800162 ms.
--------------------------------------------------
./solvers/smtrat/run.sh: line 3: 382422 Killed                  LD_PRELOAD=libmimalloc.so ./smtrat ../$1 2> /dev/null
QF_NRA/LassoRanker/Ultimate/GcdNew.bpl_Iteration1_Lasso_3-pieceTemplate.smt2 : 1806178 ms.
--------------------------------------------------
./solvers/smtrat/run.sh: line 3: 382873 Killed                  LD_PRELOAD=libmimalloc.so ./smtrat ../$1 2> /dev/null
QF_NRA/LassoRanker/Ultimate/GcdNew.bpl_Iteration1_Lasso_4-pieceTemplate.smt2 : 1800071 ms.
--------------------------------------------------
./solvers/smtrat/run.sh: line 3: 383098 Killed                  LD_PRELOAD=libmimalloc.so ./smtrat ../$1 2> /dev/null
QF_NRA/LassoRanker/Ultimate/GcdNew.bpl_Iteration1_Lasso_6-phaseTemplate.smt2 : 1855197 ms.
--------------------------------------------------
./solvers/smtrat/run.sh: line 3: 383336 Killed                  LD_PRELOAD=libmimalloc.so ./smtrat ../$1 2> /dev/null
QF_NRA/LassoRanker/Ultimate/GcdNew.bpl_Iteration1_Lasso_7-phaseTemplate.smt2 : 1800085 ms.
--------------------------------------------------
./solvers/smtrat/run.sh: line 3: 383671 Killed                  LD_PRELOAD=libmimalloc.so ./smtrat ../$1 2> /dev/null
QF_NRA/LassoRanker/Ultimate/Gothenburg.bpl_Iteration1_Lasso_4-pieceTemplate.smt2 : 1800051 ms.
--------------------------------------------------
./solvers/smtrat/run.sh: line 3: 384055 Killed                  LD_PRELOAD=libmimalloc.so ./smtrat ../$1 2> /dev/null
QF_NRA/LassoRanker/Ultimate/Gulwani.bpl_Iteration1_Lasso_3-pieceTemplate.smt2 : 1800086 ms.
--------------------------------------------------
./solvers/smtrat/run.sh: line 3: 384274 Killed                  LD_PRELOAD=libmimalloc.so ./smtrat ../$1 2> /dev/null
QF_NRA/LassoRanker/Ultimate/Gulwani.bpl_Iteration1_Lasso_4-pieceTemplate.smt2 : 1800086 ms.
--------------------------------------------------
./solvers/smtrat/run.sh: line 3: 384514 Killed                  LD_PRELOAD=libmimalloc.so ./smtrat ../$1 2> /dev/null
QF_NRA/LassoRanker/Ultimate/Gulwani.bpl_Iteration1_Lasso_5-phaseTemplate.smt2 : 1800088 ms.
--------------------------------------------------
./solvers/smtrat/run.sh: line 3: 384735 Killed                  LD_PRELOAD=libmimalloc.so ./smtrat ../$1 2> /dev/null
QF_NRA/LassoRanker/Ultimate/Gulwani.bpl_Iteration1_Lasso_6-phaseTemplate.smt2 : 1800072 ms.
--------------------------------------------------
./solvers/smtrat/run.sh: line 3: 384973 Killed                  LD_PRELOAD=libmimalloc.so ./smtrat ../$1 2> /dev/null
QF_NRA/LassoRanker/Ultimate/Gulwani.bpl_Iteration1_Lasso_7-phaseTemplate.smt2 : 1800037 ms.
--------------------------------------------------
./solvers/smtrat/run.sh: line 3: 385192 Killed                  LD_PRELOAD=libmimalloc.so ./smtrat ../$1 2> /dev/null
QF_NRA/LassoRanker/Ultimate/IncreasingSI.bpl_Iteration1_Lasso_4-pieceTemplate.smt2 : 1800097 ms.
--------------------------------------------------
./solvers/smtrat/run.sh: line 3: 385430 Killed                  LD_PRELOAD=libmimalloc.so ./smtrat ../$1 2> /dev/null
QF_NRA/LassoRanker/Ultimate/Khartoum.bpl_Iteration1_Loop_3-pieceTemplate.smt2 : 1800093 ms.
--------------------------------------------------
./solvers/smtrat/run.sh: line 3: 385654 Killed                  LD_PRELOAD=libmimalloc.so ./smtrat ../$1 2> /dev/null
QF_NRA/LassoRanker/Ultimate/Khartoum.bpl_Iteration1_Loop_4-pieceTemplate.smt2 : 1800068 ms.
--------------------------------------------------
./solvers/smtrat/run.sh: line 3: 385890 Killed                  LD_PRELOAD=libmimalloc.so ./smtrat ../$1 2> /dev/null
QF_NRA/LassoRanker/Ultimate/Lobnya-Boolean-Reordered.bpl_Iteration1_Lasso_3-pieceTemplate.smt2 : 1800057 ms.
--------------------------------------------------
./solvers/smtrat/run.sh: line 3: 386116 Killed                  LD_PRELOAD=libmimalloc.so ./smtrat ../$1 2> /dev/null
QF_NRA/LassoRanker/Ultimate/Lobnya-Boolean-Reordered.bpl_Iteration1_Lasso_4-pieceTemplate.smt2 : 1800120 ms.
--------------------------------------------------
./solvers/smtrat/run.sh: line 3: 386361 Killed                  LD_PRELOAD=libmimalloc.so ./smtrat ../$1 2> /dev/null
QF_NRA/LassoRanker/Ultimate/Lobnya-Boolean-Reordered.bpl_Iteration1_Loop_3-pieceTemplate.smt2 : 1800079 ms.
--------------------------------------------------
./solvers/smtrat/run.sh: line 3: 386584 Killed                  LD_PRELOAD=libmimalloc.so ./smtrat ../$1 2> /dev/null
QF_NRA/LassoRanker/Ultimate/Lobnya-Boolean-Reordered.bpl_Iteration1_Loop_4-pieceTemplate.smt2 : 1800060 ms.
--------------------------------------------------
./solvers/smtrat/run.sh: line 3: 387305 Killed                  LD_PRELOAD=libmimalloc.so ./smtrat ../$1 2> /dev/null
QF_NRA/LassoRanker/Ultimate/Lobnya-Boolean-Reordered.bpl_Iteration1_Loop_7-phaseTemplate.smt2 : 1800048 ms.
--------------------------------------------------
./solvers/smtrat/run.sh: line 3: 387514 Killed                  LD_PRELOAD=libmimalloc.so ./smtrat ../$1 2> /dev/null
QF_NRA/LassoRanker/Ultimate/Madrid.bpl_Iteration1_Lasso_3-pieceTemplate.smt2 : 1800143 ms.
--------------------------------------------------
./solvers/smtrat/run.sh: line 3: 387903 Killed                  LD_PRELOAD=libmimalloc.so ./smtrat ../$1 2> /dev/null
QF_NRA/LassoRanker/Ultimate/Madrid.bpl_Iteration1_Lasso_4-pieceTemplate.smt2 : 1800086 ms.
--------------------------------------------------
./solvers/smtrat/run.sh: line 3: 388099 Killed                  LD_PRELOAD=libmimalloc.so ./smtrat ../$1 2> /dev/null
QF_NRA/LassoRanker/Ultimate/MenloPark.bpl_Iteration1_Lasso_2-pieceTemplate.smt2 : 1800050 ms.
--------------------------------------------------
./solvers/smtrat/run.sh: line 3: 388317 Killed                  LD_PRELOAD=libmimalloc.so ./smtrat ../$1 2> /dev/null
QF_NRA/LassoRanker/Ultimate/MenloPark.bpl_Iteration1_Lasso_3-pieceTemplate.smt2 : 1800081 ms.
--------------------------------------------------
./solvers/smtrat/run.sh: line 3: 388509 Killed                  LD_PRELOAD=libmimalloc.so ./smtrat ../$1 2> /dev/null
QF_NRA/LassoRanker/Ultimate/MenloPark.bpl_Iteration1_Lasso_4-pieceTemplate.smt2 : 1800056 ms.
--------------------------------------------------
./solvers/smtrat/run.sh: line 3: 388723 Killed                  LD_PRELOAD=libmimalloc.so ./smtrat ../$1 2> /dev/null
QF_NRA/LassoRanker/Ultimate/MultiPhase1.bpl_Iteration1_Lasso_3-pieceTemplate.smt2 : 1800078 ms.
--------------------------------------------------
./solvers/smtrat/run.sh: line 3: 388924 Killed                  LD_PRELOAD=libmimalloc.so ./smtrat ../$1 2> /dev/null
QF_NRA/LassoRanker/Ultimate/MultiPhase1.bpl_Iteration1_Lasso_4-pieceTemplate.smt2 : 1800086 ms.
--------------------------------------------------
./solvers/smtrat/run.sh: line 3: 389140 Killed                  LD_PRELOAD=libmimalloc.so ./smtrat ../$1 2> /dev/null
QF_NRA/LassoRanker/Ultimate/Mysore2.bpl_Iteration1_Loop_3-pieceTemplate.smt2 : 1800079 ms.
--------------------------------------------------
./solvers/smtrat/run.sh: line 3: 389338 Killed                  LD_PRELOAD=libmimalloc.so ./smtrat ../$1 2> /dev/null
QF_NRA/LassoRanker/Ultimate/Mysore2.bpl_Iteration1_Loop_4-pieceTemplate.smt2 : 1800082 ms.
--------------------------------------------------
./solvers/smtrat/run.sh: line 3: 389552 Killed                  LD_PRELOAD=libmimalloc.so ./smtrat ../$1 2> /dev/null
QF_NRA/LassoRanker/Ultimate/Mysore.bpl_Iteration1_Loop_4-pieceTemplate.smt2 : 1800164 ms.
--------------------------------------------------
./solvers/smtrat/run.sh: line 3: 389752 Killed                  LD_PRELOAD=libmimalloc.so ./smtrat ../$1 2> /dev/null
QF_NRA/LassoRanker/Ultimate/NonTerminationDifficult.bpl_Iteration1_Lasso_3-pieceTemplate.smt2 : 1800358 ms.
--------------------------------------------------
./solvers/smtrat/run.sh: line 3: 389951 Killed                  LD_PRELOAD=libmimalloc.so ./smtrat ../$1 2> /dev/null
QF_NRA/LassoRanker/Ultimate/NonTerminationDifficult.bpl_Iteration1_Lasso_5-phaseTemplate.smt2 : 1819693 ms.
--------------------------------------------------
./solvers/smtrat/run.sh: line 3: 390169 Killed                  LD_PRELOAD=libmimalloc.so ./smtrat ../$1 2> /dev/null
QF_NRA/LassoRanker/Ultimate/NonTerminationDifficult.bpl_Iteration1_Lasso_6-phaseTemplate.smt2 : 1800154 ms.
--------------------------------------------------
./solvers/smtrat/run.sh: line 3: 390390 Killed                  LD_PRELOAD=libmimalloc.so ./smtrat ../$1 2> /dev/null
QF_NRA/LassoRanker/Ultimate/NonTerminationDifficult.bpl_Iteration1_Lasso_7-phaseTemplate.smt2 : 2438890 ms.
--------------------------------------------------
./solvers/smtrat/run.sh: line 3: 390624 Killed                  LD_PRELOAD=libmimalloc.so ./smtrat ../$1 2> /dev/null
QF_NRA/LassoRanker/Ultimate/NoriSharma-2013FSE-Fig7.bpl_Iteration1_Loop_4-phaseTemplate.smt2 : 1800098 ms.
--------------------------------------------------
./solvers/smtrat/run.sh: line 3: 390791 Killed                  LD_PRELOAD=libmimalloc.so ./smtrat ../$1 2> /dev/null
QF_NRA/LassoRanker/Ultimate/NoriSharma-2013FSE-Fig7.bpl_Iteration1_Loop_4-pieceTemplate.smt2 : 1800059 ms.
--------------------------------------------------
./solvers/smtrat/run.sh: line 3: 391045 Killed                  LD_PRELOAD=libmimalloc.so ./smtrat ../$1 2> /dev/null
QF_NRA/LassoRanker/Ultimate/NoriSharma-2013FSE-Fig7.bpl_Iteration1_Loop_7-phaseTemplate.smt2 : 1800068 ms.
--------------------------------------------------
./solvers/smtrat/run.sh: line 3: 391277 Killed                  LD_PRELOAD=libmimalloc.so ./smtrat ../$1 2> /dev/null
QF_NRA/LassoRanker/Ultimate/Nyala-TwoLex.bpl_Iteration1_Lasso_2-pieceTemplate.smt2 : 1800061 ms.
--------------------------------------------------
./solvers/smtrat/run.sh: line 3: 391491 Killed                  LD_PRELOAD=libmimalloc.so ./smtrat ../$1 2> /dev/null
QF_NRA/LassoRanker/Ultimate/Nyala-TwoLex.bpl_Iteration1_Lasso_4-pieceTemplate.smt2 : 1800044 ms.
--------------------------------------------------
./solvers/smtrat/run.sh: line 3: 391711 Killed                  LD_PRELOAD=libmimalloc.so ./smtrat ../$1 2> /dev/null
QF_NRA/LassoRanker/Ultimate/Nyala-TwoLex.bpl_Iteration1_Loop_4-pieceTemplate.smt2 : 1800066 ms.
--------------------------------------------------
./solvers/smtrat/run.sh: line 3: 391914 Killed                  LD_PRELOAD=libmimalloc.so ./smtrat ../$1 2> /dev/null
QF_NRA/LassoRanker/Ultimate/OpposedDisjuncts.bpl_Iteration1_Lasso_2-pieceTemplate.smt2 : 1800095 ms.
--------------------------------------------------
./solvers/smtrat/run.sh: line 3: 392135 Killed                  LD_PRELOAD=libmimalloc.so ./smtrat ../$1 2> /dev/null
QF_NRA/LassoRanker/Ultimate/OpposedDisjuncts.bpl_Iteration1_Lasso_3-pieceTemplate.smt2 : 1800133 ms.
--------------------------------------------------
./solvers/smtrat/run.sh: line 3: 392332 Killed                  LD_PRELOAD=libmimalloc.so ./smtrat ../$1 2> /dev/null
QF_NRA/LassoRanker/Ultimate/OpposedDisjuncts.bpl_Iteration1_Lasso_4-pieceTemplate.smt2 : 1800057 ms.
--------------------------------------------------
./solvers/smtrat/run.sh: line 3: 392550 Killed                  LD_PRELOAD=libmimalloc.so ./smtrat ../$1 2> /dev/null
QF_NRA/LassoRanker/Ultimate/OpposedDisjuncts.bpl_Iteration1_Lasso_6-phaseTemplate.smt2 : 1800034 ms.
--------------------------------------------------
./solvers/smtrat/run.sh: line 3: 392772 Killed                  LD_PRELOAD=libmimalloc.so ./smtrat ../$1 2> /dev/null
QF_NRA/LassoRanker/Ultimate/OpposedDisjuncts.bpl_Iteration1_Lasso_7-phaseTemplate.smt2 : 1800041 ms.
--------------------------------------------------
./solvers/smtrat/run.sh: line 3: 393034 Killed                  LD_PRELOAD=libmimalloc.so ./smtrat ../$1 2> /dev/null
QF_NRA/LassoRanker/Ultimate/OpposedDisjuncts.bpl_Iteration1_Loop_2-pieceTemplate.smt2 : 1800091 ms.
--------------------------------------------------
./solvers/smtrat/run.sh: line 3: 393234 Killed                  LD_PRELOAD=libmimalloc.so ./smtrat ../$1 2> /dev/null
QF_NRA/LassoRanker/Ultimate/OpposedDisjuncts.bpl_Iteration1_Loop_3-pieceTemplate.smt2 : 1800071 ms.
--------------------------------------------------
./solvers/smtrat/run.sh: line 3: 393447 Killed                  LD_PRELOAD=libmimalloc.so ./smtrat ../$1 2> /dev/null
QF_NRA/LassoRanker/Ultimate/OpposedDisjuncts.bpl_Iteration1_Loop_4-phaseTemplate.smt2 : 1811240 ms.
--------------------------------------------------
./solvers/smtrat/run.sh: line 3: 393662 Killed                  LD_PRELOAD=libmimalloc.so ./smtrat ../$1 2> /dev/null
QF_NRA/LassoRanker/Ultimate/OpposedDisjuncts.bpl_Iteration1_Loop_4-pieceTemplate.smt2 : 1800038 ms.
--------------------------------------------------
./solvers/smtrat/run.sh: line 3: 393876 Killed                  LD_PRELOAD=libmimalloc.so ./smtrat ../$1 2> /dev/null
QF_NRA/LassoRanker/Ultimate/OpposedDisjuncts.bpl_Iteration1_Loop_5-phaseTemplate.smt2 : 1800030 ms.
--------------------------------------------------
./solvers/smtrat/run.sh: line 3: 394065 Killed                  LD_PRELOAD=libmimalloc.so ./smtrat ../$1 2> /dev/null
QF_NRA/LassoRanker/Ultimate/OpposedDisjuncts.bpl_Iteration1_Loop_6-phaseTemplate.smt2 : 1800070 ms.
--------------------------------------------------
./solvers/smtrat/run.sh: line 3: 394274 Killed                  LD_PRELOAD=libmimalloc.so ./smtrat ../$1 2> /dev/null
QF_NRA/LassoRanker/Ultimate/OpposedDisjuncts.bpl_Iteration1_Loop_7-phaseTemplate.smt2 : 1800030 ms.
--------------------------------------------------
./solvers/smtrat/run.sh: line 3: 394453 Killed                  LD_PRELOAD=libmimalloc.so ./smtrat ../$1 2> /dev/null
QF_NRA/LassoRanker/Ultimate/piecewise.bpl_Iteration1_Loop_4-pieceTemplate.smt2 : 1800034 ms.
--------------------------------------------------
./solvers/smtrat/run.sh: line 3: 394659 Killed                  LD_PRELOAD=libmimalloc.so ./smtrat ../$1 2> /dev/null
QF_NRA/LassoRanker/Ultimate/Rotation02.bpl_Iteration1_Lasso_3-pieceTemplate.smt2 : 1800079 ms.
--------------------------------------------------
./solvers/smtrat/run.sh: line 3: 394844 Killed                  LD_PRELOAD=libmimalloc.so ./smtrat ../$1 2> /dev/null
QF_NRA/LassoRanker/Ultimate/Rotation02.bpl_Iteration1_Lasso_4-pieceTemplate.smt2 : 1800049 ms.
--------------------------------------------------
./solvers/smtrat/run.sh: line 3: 395052 Killed                  LD_PRELOAD=libmimalloc.so ./smtrat ../$1 2> /dev/null
QF_NRA/LassoRanker/Ultimate/SanDiego.bpl_Iteration1_Loop_4-pieceTemplate.smt2 : 1800064 ms.
--------------------------------------------------
./solvers/smtrat/run.sh: line 3: 395245 Killed                  LD_PRELOAD=libmimalloc.so ./smtrat ../$1 2> /dev/null
QF_NRA/LassoRanker/Ultimate/SantaBarbara01.bpl_Iteration1_Lasso_2-pieceTemplate.smt2 : 1800188 ms.
--------------------------------------------------
./solvers/smtrat/run.sh: line 3: 395450 Killed                  LD_PRELOAD=libmimalloc.so ./smtrat ../$1 2> /dev/null
QF_NRA/LassoRanker/Ultimate/SantaBarbara01.bpl_Iteration1_Lasso_3-pieceTemplate.smt2 : 1800071 ms.
--------------------------------------------------
./solvers/smtrat/run.sh: line 3: 395637 Killed                  LD_PRELOAD=libmimalloc.so ./smtrat ../$1 2> /dev/null
QF_NRA/LassoRanker/Ultimate/SantaBarbara01.bpl_Iteration1_Lasso_4-pieceTemplate.smt2 : 1800070 ms.
--------------------------------------------------
./solvers/smtrat/run.sh: line 3: 395842 Killed                  LD_PRELOAD=libmimalloc.so ./smtrat ../$1 2> /dev/null
QF_NRA/LassoRanker/Ultimate/SantaBarbara02.bpl_Iteration1_Lasso_2-pieceTemplate.smt2 : 1800261 ms.
--------------------------------------------------
./solvers/smtrat/run.sh: line 3: 396035 Killed                  LD_PRELOAD=libmimalloc.so ./smtrat ../$1 2> /dev/null
QF_NRA/LassoRanker/Ultimate/SantaBarbara02.bpl_Iteration1_Lasso_3-pieceTemplate.smt2 : 1800066 ms.
--------------------------------------------------
./solvers/smtrat/run.sh: line 3: 396236 Killed                  LD_PRELOAD=libmimalloc.so ./smtrat ../$1 2> /dev/null
QF_NRA/LassoRanker/Ultimate/SantaBarbara02.bpl_Iteration1_Lasso_4-pieceTemplate.smt2 : 1800088 ms.
--------------------------------------------------
./solvers/smtrat/run.sh: line 3: 396448 Killed                  LD_PRELOAD=libmimalloc.so ./smtrat ../$1 2> /dev/null
QF_NRA/LassoRanker/Ultimate/simple-scaled200.bpl_Iteration1_Lasso_2-pieceTemplate.smt2 : 1800212 ms.
--------------------------------------------------
./solvers/smtrat/run.sh: line 3: 396659 Killed                  LD_PRELOAD=libmimalloc.so ./smtrat ../$1 2> /dev/null
QF_NRA/LassoRanker/Ultimate/simple-scaled200.bpl_Iteration1_Lasso_3-pieceTemplate.smt2 : 1800086 ms.
--------------------------------------------------
./solvers/smtrat/run.sh: line 3: 396861 Killed                  LD_PRELOAD=libmimalloc.so ./smtrat ../$1 2> /dev/null
QF_NRA/LassoRanker/Ultimate/simple-scaled200.bpl_Iteration1_Lasso_4-phaseTemplate.smt2 : 1800139 ms.
--------------------------------------------------
./solvers/smtrat/run.sh: line 3: 397084 Killed                  LD_PRELOAD=libmimalloc.so ./smtrat ../$1 2> /dev/null
QF_NRA/LassoRanker/Ultimate/simple-scaled200.bpl_Iteration1_Lasso_4-pieceTemplate.smt2 : 1800077 ms.
--------------------------------------------------
./solvers/smtrat/run.sh: line 3: 397298 Killed                  LD_PRELOAD=libmimalloc.so ./smtrat ../$1 2> /dev/null
QF_NRA/LassoRanker/Ultimate/simple-scaled200.bpl_Iteration1_Lasso_5-phaseTemplate.smt2 : 1930296 ms.
--------------------------------------------------
./solvers/smtrat/run.sh: line 3: 397659 Killed                  LD_PRELOAD=libmimalloc.so ./smtrat ../$1 2> /dev/null
QF_NRA/LassoRanker/Ultimate/simple-scaled200.bpl_Iteration1_Lasso_6-phaseTemplate.smt2 : 1800634 ms.
--------------------------------------------------
./solvers/smtrat/run.sh: line 3: 397863 Killed                  LD_PRELOAD=libmimalloc.so ./smtrat ../$1 2> /dev/null
QF_NRA/LassoRanker/Ultimate/simple-scaled200.bpl_Iteration1_Lasso_7-phaseTemplate.smt2 : 1916907 ms.
--------------------------------------------------
./solvers/smtrat/run.sh: line 3: 398238 Killed                  LD_PRELOAD=libmimalloc.so ./smtrat ../$1 2> /dev/null
QF_NRA/LassoRanker/Ultimate/simple-scaled250.bpl_Iteration1_Lasso_2-pieceTemplate.smt2 : 1800102 ms.
--------------------------------------------------
./solvers/smtrat/run.sh: line 3: 398402 Killed                  LD_PRELOAD=libmimalloc.so ./smtrat ../$1 2> /dev/null
QF_NRA/LassoRanker/Ultimate/simple-scaled250.bpl_Iteration1_Lasso_3-pieceTemplate.smt2 : 1800140 ms.
--------------------------------------------------
./solvers/smtrat/run.sh: line 3: 398614 Killed                  LD_PRELOAD=libmimalloc.so ./smtrat ../$1 2> /dev/null
QF_NRA/LassoRanker/Ultimate/simple-scaled250.bpl_Iteration1_Lasso_4-lexTemplate.smt2 : 1800133 ms.
--------------------------------------------------
./solvers/smtrat/run.sh: line 3: 398800 Killed                  LD_PRELOAD=libmimalloc.so ./smtrat ../$1 2> /dev/null
QF_NRA/LassoRanker/Ultimate/simple-scaled250.bpl_Iteration1_Lasso_4-phaseTemplate.smt2 : 1800141 ms.
--------------------------------------------------
./solvers/smtrat/run.sh: line 3: 399190 Killed                  LD_PRELOAD=libmimalloc.so ./smtrat ../$1 2> /dev/null
QF_NRA/LassoRanker/Ultimate/simple-scaled250.bpl_Iteration1_Lasso_4-pieceTemplate.smt2 : 1800189 ms.
--------------------------------------------------
./solvers/smtrat/run.sh: line 3: 399378 Killed                  LD_PRELOAD=libmimalloc.so ./smtrat ../$1 2> /dev/null
QF_NRA/LassoRanker/Ultimate/simple-scaled250.bpl_Iteration1_Lasso_5-phaseTemplate.smt2 : 1800196 ms.
--------------------------------------------------
./solvers/smtrat/run.sh: line 3: 399574 Killed                  LD_PRELOAD=libmimalloc.so ./smtrat ../$1 2> /dev/null
QF_NRA/LassoRanker/Ultimate/simple-scaled250.bpl_Iteration1_Lasso_6-phaseTemplate.smt2 : 1800937 ms.
--------------------------------------------------
./solvers/smtrat/run.sh: line 3: 419253 Killed                  LD_PRELOAD=libmimalloc.so ./smtrat ../$1 2> /dev/null
QF_NRA/LassoRanker/Ultimate/simple-scaled250.bpl_Iteration1_Lasso_7-phaseTemplate.smt2 : 3799747 ms.
--------------------------------------------------
./solvers/smtrat/run.sh: line 3: 425808 Killed                  LD_PRELOAD=libmimalloc.so ./smtrat ../$1 2> /dev/null
QF_NRA/LassoRanker/Ultimate/SyntaxSupportBooleans3.bpl_Iteration1_Loop_4-pieceTemplate.smt2 : 1800278 ms.
--------------------------------------------------
./solvers/smtrat/run.sh: line 3: 431686 Killed                  LD_PRELOAD=libmimalloc.so ./smtrat ../$1 2> /dev/null
QF_NRA/LassoRanker/Ultimate/SyntaxSupportDisjunction1.bpl_Iteration1_Loop_4-pieceTemplate.smt2 : 1800231 ms.
