--------------------------------------------------
./solvers/smtrat/run.sh: line 3: 144020 Killed                  LD_PRELOAD=libmimalloc.so ./smtrat ../$1 2> /dev/null
QF_NRA/LassoRanker/CooperatingT2/a.10.c.t2.c_Iteration2_Loop_4-pieceTemplate.smt2 : 1800098 ms.
--------------------------------------------------
./solvers/smtrat/run.sh: line 3: 172278 Killed                  LD_PRELOAD=libmimalloc.so ./smtrat ../$1 2> /dev/null
QF_NRA/LassoRanker/CooperatingT2/a.10.c.t2.c_Iteration5_Loop_4-pieceTemplate.smt2 : 1800044 ms.
--------------------------------------------------
./solvers/smtrat/run.sh: line 3: 176876 Killed                  LD_PRELOAD=libmimalloc.so ./smtrat ../$1 2> /dev/null
QF_NRA/LassoRanker/CooperatingT2/a.10.c.t2.c_Iteration6_Loop_4-pieceTemplate.smt2 : 1800038 ms.
--------------------------------------------------
./solvers/smtrat/run.sh: line 3: 180295 Killed                  LD_PRELOAD=libmimalloc.so ./smtrat ../$1 2> /dev/null
QF_NRA/LassoRanker/CooperatingT2/a.10.c.t2.c_Iteration9_Loop_4-pieceTemplate.smt2 : 1800083 ms.
--------------------------------------------------
./solvers/smtrat/run.sh: line 3: 183012 Killed                  LD_PRELOAD=libmimalloc.so ./smtrat ../$1 2> /dev/null
QF_NRA/LassoRanker/CooperatingT2/afagp-fail.t2.c_Iteration1_Lasso_3-pieceTemplate.smt2 : 1800080 ms.
--------------------------------------------------
./solvers/smtrat/run.sh: line 3: 184915 Killed                  LD_PRELOAD=libmimalloc.so ./smtrat ../$1 2> /dev/null
QF_NRA/LassoRanker/CooperatingT2/afagp-fail.t2.c_Iteration1_Lasso_4-pieceTemplate.smt2 : 1800021 ms.
--------------------------------------------------
./solvers/smtrat/run.sh: line 3: 186454 Killed                  LD_PRELOAD=libmimalloc.so ./smtrat ../$1 2> /dev/null
QF_NRA/LassoRanker/CooperatingT2/afagp-fail.t2.c_Iteration1_Lasso_5-phaseTemplate.smt2 : 1800177 ms.
--------------------------------------------------
./solvers/smtrat/run.sh: line 3: 188302 Killed                  LD_PRELOAD=libmimalloc.so ./smtrat ../$1 2> /dev/null
QF_NRA/LassoRanker/CooperatingT2/afagp-fail.t2.c_Iteration1_Lasso_6-phaseTemplate.smt2 : 1800023 ms.
--------------------------------------------------
./solvers/smtrat/run.sh: line 3: 190315 Killed                  LD_PRELOAD=libmimalloc.so ./smtrat ../$1 2> /dev/null
QF_NRA/LassoRanker/CooperatingT2/afagp-fail.t2.c_Iteration1_Lasso_7-phaseTemplate.smt2 : 1800019 ms.
--------------------------------------------------
./solvers/smtrat/run.sh: line 3: 192151 Killed                  LD_PRELOAD=libmimalloc.so ./smtrat ../$1 2> /dev/null
QF_NRA/LassoRanker/CooperatingT2/agafp.t2.c_Iteration1_Lasso_3-pieceTemplate.smt2 : 1800047 ms.
--------------------------------------------------
./solvers/smtrat/run.sh: line 3: 193505 Killed                  LD_PRELOAD=libmimalloc.so ./smtrat ../$1 2> /dev/null
QF_NRA/LassoRanker/CooperatingT2/agafp.t2.c_Iteration1_Lasso_4-pieceTemplate.smt2 : 1800022 ms.
--------------------------------------------------
./solvers/smtrat/run.sh: line 3: 194909 Killed                  LD_PRELOAD=libmimalloc.so ./smtrat ../$1 2> /dev/null
QF_NRA/LassoRanker/CooperatingT2/agafp.t2.c_Iteration1_Lasso_5-phaseTemplate.smt2 : 1800051 ms.
--------------------------------------------------
./solvers/smtrat/run.sh: line 3: 196498 Killed                  LD_PRELOAD=libmimalloc.so ./smtrat ../$1 2> /dev/null
QF_NRA/LassoRanker/CooperatingT2/agafp.t2.c_Iteration1_Lasso_6-phaseTemplate.smt2 : 1800038 ms.
--------------------------------------------------
./solvers/smtrat/run.sh: line 3: 197969 Killed                  LD_PRELOAD=libmimalloc.so ./smtrat ../$1 2> /dev/null
QF_NRA/LassoRanker/CooperatingT2/agafp.t2.c_Iteration1_Lasso_7-phaseTemplate.smt2 : 1800042 ms.
--------------------------------------------------
./solvers/smtrat/run.sh: line 3: 199170 Killed                  LD_PRELOAD=libmimalloc.so ./smtrat ../$1 2> /dev/null
QF_NRA/LassoRanker/CooperatingT2/bf10.t2.c_Iteration1_Loop_4-pieceTemplate.smt2 : 1800033 ms.
--------------------------------------------------
./solvers/smtrat/run.sh: line 3: 201018 Killed                  LD_PRELOAD=libmimalloc.so ./smtrat ../$1 2> /dev/null
QF_NRA/LassoRanker/CooperatingT2/bf12.t2.c_Iteration1_Loop_4-pieceTemplate.smt2 : 1800035 ms.
--------------------------------------------------
./solvers/smtrat/run.sh: line 3: 202156 Killed                  LD_PRELOAD=libmimalloc.so ./smtrat ../$1 2> /dev/null
QF_NRA/LassoRanker/CooperatingT2/bf13.t2.c_Iteration1_Loop_4-pieceTemplate.smt2 : 2031467 ms.
--------------------------------------------------
./solvers/smtrat/run.sh: line 3: 203383 Killed                  LD_PRELOAD=libmimalloc.so ./smtrat ../$1 2> /dev/null
QF_NRA/LassoRanker/CooperatingT2/bf20.t2.c_Iteration1_Loop_4-pieceTemplate.smt2 : 1800353 ms.
--------------------------------------------------
./solvers/smtrat/run.sh: line 3: 204337 Killed                  LD_PRELOAD=libmimalloc.so ./smtrat ../$1 2> /dev/null
QF_NRA/LassoRanker/CooperatingT2/bf5.t2.c_Iteration1_Loop_4-pieceTemplate.smt2 : 1800031 ms.
--------------------------------------------------
./solvers/smtrat/run.sh: line 3: 206157 Killed                  LD_PRELOAD=libmimalloc.so ./smtrat ../$1 2> /dev/null
QF_NRA/LassoRanker/CooperatingT2/bf6.t2.c_Iteration1_Loop_4-pieceTemplate.smt2 : 1800031 ms.
--------------------------------------------------
./solvers/smtrat/run.sh: line 3: 207297 Killed                  LD_PRELOAD=libmimalloc.so ./smtrat ../$1 2> /dev/null
QF_NRA/LassoRanker/CooperatingT2/bitcount16.t2.c_Iteration1_Loop_4-pieceTemplate.smt2 : 1800054 ms.
--------------------------------------------------
./solvers/smtrat/run.sh: line 3: 208284 Killed                  LD_PRELOAD=libmimalloc.so ./smtrat ../$1 2> /dev/null
QF_NRA/LassoRanker/CooperatingT2/broydn.c.i.broydn.pl.t2.fixed.t2.c_Iteration1_Loop_4-pieceTemplate.smt2 : 1800109 ms.
--------------------------------------------------
./solvers/smtrat/run.sh: line 3: 209183 Killed                  LD_PRELOAD=libmimalloc.so ./smtrat ../$1 2> /dev/null
QF_NRA/LassoRanker/CooperatingT2/broydn.t2.c_Iteration1_Loop_4-pieceTemplate.smt2 : 1800051 ms.
--------------------------------------------------
./solvers/smtrat/run.sh: line 3: 210204 Killed                  LD_PRELOAD=libmimalloc.so ./smtrat ../$1 2> /dev/null
QF_NRA/LassoRanker/CooperatingT2/brp_withassume.t2.c_Iteration1_Loop_3-pieceTemplate.smt2 : 1800055 ms.
--------------------------------------------------
./solvers/smtrat/run.sh: line 3: 210993 Killed                  LD_PRELOAD=libmimalloc.so ./smtrat ../$1 2> /dev/null
QF_NRA/LassoRanker/CooperatingT2/brp_withassume.t2.c_Iteration1_Loop_4-pieceTemplate.smt2 : 1800568 ms.
--------------------------------------------------
./solvers/smtrat/run.sh: line 3: 211824 Killed                  LD_PRELOAD=libmimalloc.so ./smtrat ../$1 2> /dev/null
QF_NRA/LassoRanker/CooperatingT2/brp_withassume.t2.c_Iteration8_Loop_2-pieceTemplate.smt2 : 1800306 ms.
--------------------------------------------------
./solvers/smtrat/run.sh: line 3: 212581 Killed                  LD_PRELOAD=libmimalloc.so ./smtrat ../$1 2> /dev/null
QF_NRA/LassoRanker/CooperatingT2/brp_withassume.t2.c_Iteration8_Loop_3-pieceTemplate.smt2 : 1801035 ms.
--------------------------------------------------
./solvers/smtrat/run.sh: line 3: 213342 Killed                  LD_PRELOAD=libmimalloc.so ./smtrat ../$1 2> /dev/null
QF_NRA/LassoRanker/CooperatingT2/brp_withassume.t2.c_Iteration8_Loop_4-pieceTemplate.smt2 : 1800455 ms.
--------------------------------------------------
./solvers/smtrat/run.sh: line 3: 214227 Killed                  LD_PRELOAD=libmimalloc.so ./smtrat ../$1 2> /dev/null
QF_NRA/LassoRanker/CooperatingT2/bsort100.t2.c_Iteration12_Loop_4-pieceTemplate.smt2 : 1800032 ms.
--------------------------------------------------
./solvers/smtrat/run.sh: line 3: 214832 Killed                  LD_PRELOAD=libmimalloc.so ./smtrat ../$1 2> /dev/null
QF_NRA/LassoRanker/CooperatingT2/bsort100.t2.c_Iteration13_Loop_4-pieceTemplate.smt2 : 1800029 ms.
--------------------------------------------------
./solvers/smtrat/run.sh: line 3: 215506 Killed                  LD_PRELOAD=libmimalloc.so ./smtrat ../$1 2> /dev/null
QF_NRA/LassoRanker/CooperatingT2/bubblesort_inner_loop.t2.c_Iteration1_Loop_3-pieceTemplate.smt2 : 1800059 ms.
--------------------------------------------------
./solvers/smtrat/run.sh: line 3: 216331 Killed                  LD_PRELOAD=libmimalloc.so ./smtrat ../$1 2> /dev/null
QF_NRA/LassoRanker/CooperatingT2/bubblesort_inner_loop.t2.c_Iteration1_Loop_4-pieceTemplate.smt2 : 1800034 ms.
--------------------------------------------------
./solvers/smtrat/run.sh: line 3: 216888 Killed                  LD_PRELOAD=libmimalloc.so ./smtrat ../$1 2> /dev/null
QF_NRA/LassoRanker/CooperatingT2/bubbleSort.t2.c_Iteration5_Loop_4-pieceTemplate.smt2 : 1800055 ms.
--------------------------------------------------
./solvers/smtrat/run.sh: line 3: 217586 Killed                  LD_PRELOAD=libmimalloc.so ./smtrat ../$1 2> /dev/null
QF_NRA/LassoRanker/CooperatingT2/bubbleSort.t2.c_Iteration6_Loop_4-pieceTemplate.smt2 : 1800041 ms.
--------------------------------------------------
./solvers/smtrat/run.sh: line 3: 218406 Killed                  LD_PRELOAD=libmimalloc.so ./smtrat ../$1 2> /dev/null
QF_NRA/LassoRanker/CooperatingT2/byron-1.t2.c_Iteration1_Loop_3-pieceTemplate.smt2 : 1800221 ms.
--------------------------------------------------
./solvers/smtrat/run.sh: line 3: 219066 Killed                  LD_PRELOAD=libmimalloc.so ./smtrat ../$1 2> /dev/null
QF_NRA/LassoRanker/CooperatingT2/byron-1.t2.c_Iteration1_Loop_4-pieceTemplate.smt2 : 1800035 ms.
--------------------------------------------------
./solvers/smtrat/run.sh: line 3: 219667 Killed                  LD_PRELOAD=libmimalloc.so ./smtrat ../$1 2> /dev/null
QF_NRA/LassoRanker/CooperatingT2/byron-2.t2.c_Iteration2_Loop_3-pieceTemplate.smt2 : 1800077 ms.
--------------------------------------------------
./solvers/smtrat/run.sh: line 3: 220287 Killed                  LD_PRELOAD=libmimalloc.so ./smtrat ../$1 2> /dev/null
QF_NRA/LassoRanker/CooperatingT2/byron-2.t2.c_Iteration2_Loop_4-pieceTemplate.smt2 : 1800055 ms.
--------------------------------------------------
./solvers/smtrat/run.sh: line 3: 278594 Killed                  LD_PRELOAD=libmimalloc.so ./smtrat ../$1 2> /dev/null
QF_NRA/LassoRanker/CooperatingT2/byron-2.t2.c_Iteration3_Loop_4-pieceTemplate.smt2 : 1800037 ms.
--------------------------------------------------
./solvers/smtrat/run.sh: line 3: 282393 Killed                  LD_PRELOAD=libmimalloc.so ./smtrat ../$1 2> /dev/null
QF_NRA/LassoRanker/CooperatingT2/byron-3.t2.c_Iteration1_Loop_4-pieceTemplate.smt2 : 1800026 ms.
--------------------------------------------------
./solvers/smtrat/run.sh: line 3: 283474 Killed                  LD_PRELOAD=libmimalloc.so ./smtrat ../$1 2> /dev/null
QF_NRA/LassoRanker/CooperatingT2/collatz.t2.c_Iteration1_Loop_3-pieceTemplate.smt2 : 1800047 ms.
--------------------------------------------------
./solvers/smtrat/run.sh: line 3: 284330 Killed                  LD_PRELOAD=libmimalloc.so ./smtrat ../$1 2> /dev/null
QF_NRA/LassoRanker/CooperatingT2/collatz.t2.c_Iteration1_Loop_4-pieceTemplate.smt2 : 1800026 ms.
--------------------------------------------------
./solvers/smtrat/run.sh: line 3: 284915 Killed                  LD_PRELOAD=libmimalloc.so ./smtrat ../$1 2> /dev/null
QF_NRA/LassoRanker/CooperatingT2/collatz.t2.c_Iteration3_Lasso_3-pieceTemplate.smt2 : 1800038 ms.
--------------------------------------------------
./solvers/smtrat/run.sh: line 3: 285430 Killed                  LD_PRELOAD=libmimalloc.so ./smtrat ../$1 2> /dev/null
QF_NRA/LassoRanker/CooperatingT2/collatz.t2.c_Iteration3_Lasso_4-pieceTemplate.smt2 : 1800022 ms.
--------------------------------------------------
./solvers/smtrat/run.sh: line 3: 286228 Killed                  LD_PRELOAD=libmimalloc.so ./smtrat ../$1 2> /dev/null
QF_NRA/LassoRanker/CooperatingT2/collatz.t2.c_Iteration3_Lasso_6-phaseTemplate.smt2 : 1800030 ms.
--------------------------------------------------
./solvers/smtrat/run.sh: line 3: 287054 Killed                  LD_PRELOAD=libmimalloc.so ./smtrat ../$1 2> /dev/null
QF_NRA/LassoRanker/CooperatingT2/collatz.t2.c_Iteration3_Lasso_7-phaseTemplate.smt2 : 1800024 ms.
--------------------------------------------------
./solvers/smtrat/run.sh: line 3: 288082 Killed                  LD_PRELOAD=libmimalloc.so ./smtrat ../$1 2> /dev/null
QF_NRA/LassoRanker/CooperatingT2/collatz.t2.c_Iteration3_Loop_3-pieceTemplate.smt2 : 1800039 ms.
--------------------------------------------------
./solvers/smtrat/run.sh: line 3: 288748 Killed                  LD_PRELOAD=libmimalloc.so ./smtrat ../$1 2> /dev/null
QF_NRA/LassoRanker/CooperatingT2/collatz.t2.c_Iteration3_Loop_4-pieceTemplate.smt2 : 1800030 ms.
--------------------------------------------------
./solvers/smtrat/run.sh: line 3: 289388 Killed                  LD_PRELOAD=libmimalloc.so ./smtrat ../$1 2> /dev/null
QF_NRA/LassoRanker/CooperatingT2/collatz.t2.c_Iteration3_Loop_6-phaseTemplate.smt2 : 1800039 ms.
--------------------------------------------------
./solvers/smtrat/run.sh: line 3: 289817 Killed                  LD_PRELOAD=libmimalloc.so ./smtrat ../$1 2> /dev/null
QF_NRA/LassoRanker/CooperatingT2/collatz.t2.c_Iteration3_Loop_7-phaseTemplate.smt2 : 1800044 ms.
--------------------------------------------------
./solvers/smtrat/run.sh: line 3: 319595 Killed                  LD_PRELOAD=libmimalloc.so ./smtrat ../$1 2> /dev/null
QF_NRA/LassoRanker/CooperatingT2/consts1.t2.c_Iteration1_Lasso_4-pieceTemplate.smt2 : 1800040 ms.
--------------------------------------------------
./solvers/smtrat/run.sh: line 3: 322234 Killed                  LD_PRELOAD=libmimalloc.so ./smtrat ../$1 2> /dev/null
QF_NRA/LassoRanker/CooperatingT2/curious4.t2.c_Iteration1_Lasso_3-pieceTemplate.smt2 : 1800047 ms.
--------------------------------------------------
./solvers/smtrat/run.sh: line 3: 323893 Killed                  LD_PRELOAD=libmimalloc.so ./smtrat ../$1 2> /dev/null
QF_NRA/LassoRanker/CooperatingT2/curious4.t2.c_Iteration1_Lasso_4-pieceTemplate.smt2 : 1800040 ms.
--------------------------------------------------
./solvers/smtrat/run.sh: line 3: 324530 Killed                  LD_PRELOAD=libmimalloc.so ./smtrat ../$1 2> /dev/null
QF_NRA/LassoRanker/CooperatingT2/db2.t2.c_Iteration3_Loop_4-pieceTemplate.smt2 : 1800034 ms.
--------------------------------------------------
./solvers/smtrat/run.sh: line 3: 325006 Killed                  LD_PRELOAD=libmimalloc.so ./smtrat ../$1 2> /dev/null
QF_NRA/LassoRanker/CooperatingT2/db3.t2.c_Iteration2_Loop_4-pieceTemplate.smt2 : 1800054 ms.
--------------------------------------------------
./solvers/smtrat/run.sh: line 3: 325519 Killed                  LD_PRELOAD=libmimalloc.so ./smtrat ../$1 2> /dev/null
QF_NRA/LassoRanker/CooperatingT2/disj_nightmare.t2.c_Iteration1_Lasso_2-pieceTemplate.smt2 : 1800040 ms.
--------------------------------------------------
./solvers/smtrat/run.sh: line 3: 325998 Killed                  LD_PRELOAD=libmimalloc.so ./smtrat ../$1 2> /dev/null
QF_NRA/LassoRanker/CooperatingT2/disj_nightmare.t2.c_Iteration1_Lasso_3-pieceTemplate.smt2 : 1800042 ms.
--------------------------------------------------
./solvers/smtrat/run.sh: line 3: 326576 Killed                  LD_PRELOAD=libmimalloc.so ./smtrat ../$1 2> /dev/null
QF_NRA/LassoRanker/CooperatingT2/disj_nightmare.t2.c_Iteration1_Lasso_4-pieceTemplate.smt2 : 1800138 ms.
--------------------------------------------------
./solvers/smtrat/run.sh: line 3: 327047 Killed                  LD_PRELOAD=libmimalloc.so ./smtrat ../$1 2> /dev/null
QF_NRA/LassoRanker/CooperatingT2/disj_nightmare.t2.c_Iteration1_Loop_2-pieceTemplate.smt2 : 1800043 ms.
--------------------------------------------------
./solvers/smtrat/run.sh: line 3: 327678 Killed                  LD_PRELOAD=libmimalloc.so ./smtrat ../$1 2> /dev/null
QF_NRA/LassoRanker/CooperatingT2/disj_nightmare.t2.c_Iteration1_Loop_3-pieceTemplate.smt2 : 1800064 ms.
--------------------------------------------------
./solvers/smtrat/run.sh: line 3: 328183 Killed                  LD_PRELOAD=libmimalloc.so ./smtrat ../$1 2> /dev/null
QF_NRA/LassoRanker/CooperatingT2/disj_nightmare.t2.c_Iteration1_Loop_4-pieceTemplate.smt2 : 1800073 ms.
--------------------------------------------------
./solvers/smtrat/run.sh: line 3: 328573 Killed                  LD_PRELOAD=libmimalloc.so ./smtrat ../$1 2> /dev/null
QF_NRA/LassoRanker/CooperatingT2/dropbuf.t2.c_Iteration2_Loop_3-pieceTemplate.smt2 : 1805677 ms.
--------------------------------------------------
./solvers/smtrat/run.sh: line 3: 329304 Killed                  LD_PRELOAD=libmimalloc.so ./smtrat ../$1 2> /dev/null
QF_NRA/LassoRanker/CooperatingT2/dropbuf.t2.c_Iteration2_Loop_4-pieceTemplate.smt2 : 1800075 ms.
--------------------------------------------------
./solvers/smtrat/run.sh: line 3: 329717 Killed                  LD_PRELOAD=libmimalloc.so ./smtrat ../$1 2> /dev/null
QF_NRA/LassoRanker/CooperatingT2/dropbuf.t2.c_Iteration3_Loop_4-pieceTemplate.smt2 : 1800072 ms.
--------------------------------------------------
./solvers/smtrat/run.sh: line 3: 330360 Killed                  LD_PRELOAD=libmimalloc.so ./smtrat ../$1 2> /dev/null
QF_NRA/LassoRanker/CooperatingT2/efegp.t2.c_Iteration1_Lasso_3-pieceTemplate.smt2 : 1800095 ms.
--------------------------------------------------
./solvers/smtrat/run.sh: line 3: 331534 Killed                  LD_PRELOAD=libmimalloc.so ./smtrat ../$1 2> /dev/null
QF_NRA/LassoRanker/CooperatingT2/efegp.t2.c_Iteration1_Lasso_4-lexTemplate.smt2 : 1800080 ms.
--------------------------------------------------
./solvers/smtrat/run.sh: line 3: 331886 Killed                  LD_PRELOAD=libmimalloc.so ./smtrat ../$1 2> /dev/null
QF_NRA/LassoRanker/CooperatingT2/efegp.t2.c_Iteration1_Lasso_4-pieceTemplate.smt2 : 1800281 ms.
--------------------------------------------------
./solvers/smtrat/run.sh: line 3: 332291 Killed                  LD_PRELOAD=libmimalloc.so ./smtrat ../$1 2> /dev/null
QF_NRA/LassoRanker/CooperatingT2/elmhes.c.i.elmhes.pl.t2.fixed.t2.c_Iteration2_Loop_4-pieceTemplate.smt2 : 1807023 ms.
--------------------------------------------------
./solvers/smtrat/run.sh: line 3: 332849 Killed                  LD_PRELOAD=libmimalloc.so ./smtrat ../$1 2> /dev/null
QF_NRA/LassoRanker/CooperatingT2/elmhes.c.i.elmhes.pl.t2.fixed.t2.c_Iteration6_Loop_4-pieceTemplate.smt2 : 1800036 ms.
--------------------------------------------------
./solvers/smtrat/run.sh: line 3: 333187 Killed                  LD_PRELOAD=libmimalloc.so ./smtrat ../$1 2> /dev/null
QF_NRA/LassoRanker/CooperatingT2/elmhes.t2.c_Iteration2_Loop_4-pieceTemplate.smt2 : 1800035 ms.
--------------------------------------------------
./solvers/smtrat/run.sh: line 3: 333489 Killed                  LD_PRELOAD=libmimalloc.so ./smtrat ../$1 2> /dev/null
QF_NRA/LassoRanker/CooperatingT2/elmhes.t2.c_Iteration6_Loop_4-pieceTemplate.smt2 : 1800041 ms.
--------------------------------------------------
./solvers/smtrat/run.sh: line 3: 333802 Killed                  LD_PRELOAD=libmimalloc.so ./smtrat ../$1 2> /dev/null
QF_NRA/LassoRanker/CooperatingT2/eric2.t2.c_Iteration11_Loop_4-pieceTemplate.smt2 : 1800040 ms.
--------------------------------------------------
./solvers/smtrat/run.sh: line 3: 334122 Killed                  LD_PRELOAD=libmimalloc.so ./smtrat ../$1 2> /dev/null
QF_NRA/LassoRanker/CooperatingT2/eric2.t2.c_Iteration1_Loop_4-pieceTemplate.smt2 : 1800777 ms.
--------------------------------------------------
./solvers/smtrat/run.sh: line 3: 334425 Killed                  LD_PRELOAD=libmimalloc.so ./smtrat ../$1 2> /dev/null
QF_NRA/LassoRanker/CooperatingT2/eric2.t2.c_Iteration2_Loop_3-pieceTemplate.smt2 : 1800070 ms.
--------------------------------------------------
./solvers/smtrat/run.sh: line 3: 334737 Killed                  LD_PRELOAD=libmimalloc.so ./smtrat ../$1 2> /dev/null
QF_NRA/LassoRanker/CooperatingT2/eric2.t2.c_Iteration2_Loop_4-pieceTemplate.smt2 : 1800077 ms.
--------------------------------------------------
./solvers/smtrat/run.sh: line 3: 335084 Killed                  LD_PRELOAD=libmimalloc.so ./smtrat ../$1 2> /dev/null
QF_NRA/LassoRanker/CooperatingT2/eric2.t2.c_Iteration3_Loop_4-pieceTemplate.smt2 : 1800066 ms.
--------------------------------------------------
./solvers/smtrat/run.sh: line 3: 335378 Killed                  LD_PRELOAD=libmimalloc.so ./smtrat ../$1 2> /dev/null
QF_NRA/LassoRanker/CooperatingT2/eric2.t2.c_Iteration3_Loop_7-phaseTemplate.smt2 : 1800042 ms.
--------------------------------------------------
./solvers/smtrat/run.sh: line 3: 335747 Killed                  LD_PRELOAD=libmimalloc.so ./smtrat ../$1 2> /dev/null
QF_NRA/LassoRanker/CooperatingT2/eric2.t2.c_Iteration4_Loop_3-pieceTemplate.smt2 : 1800053 ms.
--------------------------------------------------
./solvers/smtrat/run.sh: line 3: 336019 Killed                  LD_PRELOAD=libmimalloc.so ./smtrat ../$1 2> /dev/null
QF_NRA/LassoRanker/CooperatingT2/eric2.t2.c_Iteration4_Loop_4-pieceTemplate.smt2 : 1800034 ms.
--------------------------------------------------
./solvers/smtrat/run.sh: line 3: 336279 Killed                  LD_PRELOAD=libmimalloc.so ./smtrat ../$1 2> /dev/null
QF_NRA/LassoRanker/CooperatingT2/eric2.t2.c_Iteration5_Loop_4-pieceTemplate.smt2 : 1800032 ms.
--------------------------------------------------
./solvers/smtrat/run.sh: line 3: 336564 Killed                  LD_PRELOAD=libmimalloc.so ./smtrat ../$1 2> /dev/null
QF_NRA/LassoRanker/CooperatingT2/eric2.t2.c_Iteration6_Loop_4-pieceTemplate.smt2 : 1800067 ms.
--------------------------------------------------
./solvers/smtrat/run.sh: line 3: 336828 Killed                  LD_PRELOAD=libmimalloc.so ./smtrat ../$1 2> /dev/null
QF_NRA/LassoRanker/CooperatingT2/eric2.t2.c_Iteration7_Loop_3-pieceTemplate.smt2 : 1800374 ms.
--------------------------------------------------
./solvers/smtrat/run.sh: line 3: 337098 Killed                  LD_PRELOAD=libmimalloc.so ./smtrat ../$1 2> /dev/null
QF_NRA/LassoRanker/CooperatingT2/eric2.t2.c_Iteration7_Loop_4-pieceTemplate.smt2 : 1800124 ms.
--------------------------------------------------
./solvers/smtrat/run.sh: line 3: 337349 Killed                  LD_PRELOAD=libmimalloc.so ./smtrat ../$1 2> /dev/null
QF_NRA/LassoRanker/CooperatingT2/eric2.t2.c_Iteration8_Loop_3-pieceTemplate.smt2 : 1800066 ms.
--------------------------------------------------
./solvers/smtrat/run.sh: line 3: 337613 Killed                  LD_PRELOAD=libmimalloc.so ./smtrat ../$1 2> /dev/null
QF_NRA/LassoRanker/CooperatingT2/eric2.t2.c_Iteration8_Loop_4-pieceTemplate.smt2 : 1800055 ms.
--------------------------------------------------
./solvers/smtrat/run.sh: line 3: 337866 Killed                  LD_PRELOAD=libmimalloc.so ./smtrat ../$1 2> /dev/null
QF_NRA/LassoRanker/CooperatingT2/eric2.t2.c_Iteration9_Loop_3-pieceTemplate.smt2 : 1800062 ms.
--------------------------------------------------
./solvers/smtrat/run.sh: line 3: 338140 Killed                  LD_PRELOAD=libmimalloc.so ./smtrat ../$1 2> /dev/null
QF_NRA/LassoRanker/CooperatingT2/eric2.t2.c_Iteration9_Loop_4-pieceTemplate.smt2 : 1800361 ms.
--------------------------------------------------
./solvers/smtrat/run.sh: line 3: 338404 Killed                  LD_PRELOAD=libmimalloc.so ./smtrat ../$1 2> /dev/null
QF_NRA/LassoRanker/CooperatingT2/eric.t2.c_Iteration1_Lasso_2-pieceTemplate.smt2 : 1800151 ms.
--------------------------------------------------
./solvers/smtrat/run.sh: line 3: 338681 Killed                  LD_PRELOAD=libmimalloc.so ./smtrat ../$1 2> /dev/null
QF_NRA/LassoRanker/CooperatingT2/eric.t2.c_Iteration1_Lasso_3-pieceTemplate.smt2 : 1800069 ms.
--------------------------------------------------
./solvers/smtrat/run.sh: line 3: 338915 Killed                  LD_PRELOAD=libmimalloc.so ./smtrat ../$1 2> /dev/null
QF_NRA/LassoRanker/CooperatingT2/eric.t2.c_Iteration1_Lasso_4-pieceTemplate.smt2 : 1800613 ms.
--------------------------------------------------
./solvers/smtrat/run.sh: line 3: 339194 Killed                  LD_PRELOAD=libmimalloc.so ./smtrat ../$1 2> /dev/null
QF_NRA/LassoRanker/CooperatingT2/eric.t2.c_Iteration1_Lasso_5-phaseTemplate.smt2 : 1800145 ms.
--------------------------------------------------
./solvers/smtrat/run.sh: line 3: 339446 Killed                  LD_PRELOAD=libmimalloc.so ./smtrat ../$1 2> /dev/null
QF_NRA/LassoRanker/CooperatingT2/eric.t2.c_Iteration1_Lasso_6-phaseTemplate.smt2 : 1800576 ms.
--------------------------------------------------
./solvers/smtrat/run.sh: line 3: 367731 Killed                  LD_PRELOAD=libmimalloc.so ./smtrat ../$1 2> /dev/null
QF_NRA/LassoRanker/CooperatingT2/eric.t2.c_Iteration1_Lasso_7-phaseTemplate.smt2 : 1800075 ms.
--------------------------------------------------
./solvers/smtrat/run.sh: line 3: 369975 Killed                  LD_PRELOAD=libmimalloc.so ./smtrat ../$1 2> /dev/null
QF_NRA/LassoRanker/CooperatingT2/eric.t2.c_Iteration1_Loop_2-pieceTemplate.smt2 : 1800164 ms.
--------------------------------------------------
./solvers/smtrat/run.sh: line 3: 371616 Killed                  LD_PRELOAD=libmimalloc.so ./smtrat ../$1 2> /dev/null
QF_NRA/LassoRanker/CooperatingT2/eric.t2.c_Iteration1_Loop_3-pieceTemplate.smt2 : 1800768 ms.
--------------------------------------------------
./solvers/smtrat/run.sh: line 3: 372175 Killed                  LD_PRELOAD=libmimalloc.so ./smtrat ../$1 2> /dev/null
QF_NRA/LassoRanker/CooperatingT2/eric.t2.c_Iteration1_Loop_4-pieceTemplate.smt2 : 1807274 ms.
--------------------------------------------------
./solvers/smtrat/run.sh: line 3: 372761 Killed                  LD_PRELOAD=libmimalloc.so ./smtrat ../$1 2> /dev/null
QF_NRA/LassoRanker/CooperatingT2/eric.t2.c_Iteration1_Loop_5-phaseTemplate.smt2 : 1800076 ms.
--------------------------------------------------
./solvers/smtrat/run.sh: line 3: 373090 Killed                  LD_PRELOAD=libmimalloc.so ./smtrat ../$1 2> /dev/null
QF_NRA/LassoRanker/CooperatingT2/eric.t2.c_Iteration1_Loop_6-phaseTemplate.smt2 : 1800027 ms.
--------------------------------------------------
./solvers/smtrat/run.sh: line 3: 373436 Killed                  LD_PRELOAD=libmimalloc.so ./smtrat ../$1 2> /dev/null
QF_NRA/LassoRanker/CooperatingT2/eric.t2.c_Iteration1_Loop_7-phaseTemplate.smt2 : 1800101 ms.
--------------------------------------------------
./solvers/smtrat/run.sh: line 3: 373765 Killed                  LD_PRELOAD=libmimalloc.so ./smtrat ../$1 2> /dev/null
QF_NRA/LassoRanker/CooperatingT2/ex11.t2.c_Iteration1_Lasso_2-pieceTemplate.smt2 : 1800114 ms.
--------------------------------------------------
./solvers/smtrat/run.sh: line 3: 374107 Killed                  LD_PRELOAD=libmimalloc.so ./smtrat ../$1 2> /dev/null
QF_NRA/LassoRanker/CooperatingT2/ex11.t2.c_Iteration1_Lasso_3-pieceTemplate.smt2 : 1800241 ms.
--------------------------------------------------
./solvers/smtrat/run.sh: line 3: 374404 Killed                  LD_PRELOAD=libmimalloc.so ./smtrat ../$1 2> /dev/null
QF_NRA/LassoRanker/CooperatingT2/ex11.t2.c_Iteration1_Lasso_4-lexTemplate.smt2 : 1800179 ms.
--------------------------------------------------
./solvers/smtrat/run.sh: line 3: 374883 Killed                  LD_PRELOAD=libmimalloc.so ./smtrat ../$1 2> /dev/null
QF_NRA/LassoRanker/CooperatingT2/ex11.t2.c_Iteration1_Lasso_4-phaseTemplate.smt2 : 1800073 ms.
--------------------------------------------------
./solvers/smtrat/run.sh: line 3: 375126 Killed                  LD_PRELOAD=libmimalloc.so ./smtrat ../$1 2> /dev/null
QF_NRA/LassoRanker/CooperatingT2/ex11.t2.c_Iteration1_Lasso_4-pieceTemplate.smt2 : 1800068 ms.
--------------------------------------------------
./solvers/smtrat/run.sh: line 3: 376298 Killed                  LD_PRELOAD=libmimalloc.so ./smtrat ../$1 2> /dev/null
QF_NRA/LassoRanker/CooperatingT2/ex11.t2.c_Iteration1_Lasso_5-phaseTemplate.smt2 : 1800108 ms.
--------------------------------------------------
./solvers/smtrat/run.sh: line 3: 376631 Killed                  LD_PRELOAD=libmimalloc.so ./smtrat ../$1 2> /dev/null
QF_NRA/LassoRanker/CooperatingT2/ex11.t2.c_Iteration1_Lasso_6-phaseTemplate.smt2 : 1800114 ms.
--------------------------------------------------
./solvers/smtrat/run.sh: line 3: 377309 Killed                  LD_PRELOAD=libmimalloc.so ./smtrat ../$1 2> /dev/null
QF_NRA/LassoRanker/CooperatingT2/ex11.t2.c_Iteration1_Lasso_7-phaseTemplate.smt2 : 1800090 ms.
--------------------------------------------------
./solvers/smtrat/run.sh: line 3: 378312 Killed                  LD_PRELOAD=libmimalloc.so ./smtrat ../$1 2> /dev/null
QF_NRA/LassoRanker/CooperatingT2/ex12.t2.c_Iteration1_Loop_4-pieceTemplate.smt2 : 1800109 ms.
--------------------------------------------------
./solvers/smtrat/run.sh: line 3: 378575 Killed                  LD_PRELOAD=libmimalloc.so ./smtrat ../$1 2> /dev/null
QF_NRA/LassoRanker/CooperatingT2/ex14.t2.c_Iteration1_Loop_4-pieceTemplate.smt2 : 1800083 ms.
--------------------------------------------------
./solvers/smtrat/run.sh: line 3: 379072 Killed                  LD_PRELOAD=libmimalloc.so ./smtrat ../$1 2> /dev/null
QF_NRA/LassoRanker/CooperatingT2/ex18.t2.c_Iteration2_Loop_4-pieceTemplate.smt2 : 1800084 ms.
--------------------------------------------------
./solvers/smtrat/run.sh: line 3: 379312 Killed                  LD_PRELOAD=libmimalloc.so ./smtrat ../$1 2> /dev/null
QF_NRA/LassoRanker/CooperatingT2/ex21.t2.c_Iteration1_Loop_3-pieceTemplate.smt2 : 1800043 ms.
--------------------------------------------------
./solvers/smtrat/run.sh: line 3: 379531 Killed                  LD_PRELOAD=libmimalloc.so ./smtrat ../$1 2> /dev/null
QF_NRA/LassoRanker/CooperatingT2/ex21.t2.c_Iteration1_Loop_4-pieceTemplate.smt2 : 1800083 ms.
--------------------------------------------------
./solvers/smtrat/run.sh: line 3: 379800 Killed                  LD_PRELOAD=libmimalloc.so ./smtrat ../$1 2> /dev/null
QF_NRA/LassoRanker/CooperatingT2/ex21.t2.c_Iteration2_Loop_4-pieceTemplate.smt2 : 1800098 ms.
--------------------------------------------------
./solvers/smtrat/run.sh: line 3: 380021 Killed                  LD_PRELOAD=libmimalloc.so ./smtrat ../$1 2> /dev/null
QF_NRA/LassoRanker/CooperatingT2/ex4.t2.c_Iteration1_Loop_4-pieceTemplate.smt2 : 1800095 ms.
--------------------------------------------------
./solvers/smtrat/run.sh: line 3: 380264 Killed                  LD_PRELOAD=libmimalloc.so ./smtrat ../$1 2> /dev/null
QF_NRA/LassoRanker/CooperatingT2/ex4.t2.c_Iteration2_Loop_3-pieceTemplate.smt2 : 1800083 ms.
--------------------------------------------------
./solvers/smtrat/run.sh: line 3: 380488 Killed                  LD_PRELOAD=libmimalloc.so ./smtrat ../$1 2> /dev/null
QF_NRA/LassoRanker/CooperatingT2/ex4.t2.c_Iteration2_Loop_4-pieceTemplate.smt2 : 1800119 ms.
--------------------------------------------------
./solvers/smtrat/run.sh: line 3: 380740 Killed                  LD_PRELOAD=libmimalloc.so ./smtrat ../$1 2> /dev/null
QF_NRA/LassoRanker/CooperatingT2/example.t2.c_Iteration1_Loop_4-pieceTemplate.smt2 : 1800588 ms.
--------------------------------------------------
./solvers/smtrat/run.sh: line 3: 380971 Killed                  LD_PRELOAD=libmimalloc.so ./smtrat ../$1 2> /dev/null
QF_NRA/LassoRanker/CooperatingT2/fibcall.t2.c_Iteration1_Loop_4-pieceTemplate.smt2 : 1801781 ms.
--------------------------------------------------
./solvers/smtrat/run.sh: line 3: 381259 Killed                  LD_PRELOAD=libmimalloc.so ./smtrat ../$1 2> /dev/null
QF_NRA/LassoRanker/CooperatingT2/firewire.t2.c_Iteration1_Lasso_3-pieceTemplate.smt2 : 1801945 ms.
--------------------------------------------------
./solvers/smtrat/run.sh: line 3: 381506 Killed                  LD_PRELOAD=libmimalloc.so ./smtrat ../$1 2> /dev/null
QF_NRA/LassoRanker/CooperatingT2/firewire.t2.c_Iteration1_Lasso_4-lexTemplate.smt2 : 1800531 ms.
--------------------------------------------------
./solvers/smtrat/run.sh: line 3: 381739 Killed                  LD_PRELOAD=libmimalloc.so ./smtrat ../$1 2> /dev/null
QF_NRA/LassoRanker/CooperatingT2/firewire.t2.c_Iteration1_Lasso_4-pieceTemplate.smt2 : 1800233 ms.
--------------------------------------------------
./solvers/smtrat/run.sh: line 3: 381957 Killed                  LD_PRELOAD=libmimalloc.so ./smtrat ../$1 2> /dev/null
QF_NRA/LassoRanker/CooperatingT2/firewire.t2.c_Iteration1_Lasso_5-phaseTemplate.smt2 : 1800109 ms.
--------------------------------------------------
./solvers/smtrat/run.sh: line 3: 382202 Killed                  LD_PRELOAD=libmimalloc.so ./smtrat ../$1 2> /dev/null
QF_NRA/LassoRanker/CooperatingT2/firewire.t2.c_Iteration1_Lasso_6-nestedTemplate.smt2 : 1800120 ms.
--------------------------------------------------
./solvers/smtrat/run.sh: line 3: 382430 Killed                  LD_PRELOAD=libmimalloc.so ./smtrat ../$1 2> /dev/null
QF_NRA/LassoRanker/CooperatingT2/firewire.t2.c_Iteration1_Lasso_6-phaseTemplate.smt2 : 1805173 ms.
--------------------------------------------------
./solvers/smtrat/run.sh: line 3: 382869 Killed                  LD_PRELOAD=libmimalloc.so ./smtrat ../$1 2> /dev/null
QF_NRA/LassoRanker/CooperatingT2/firewire.t2.c_Iteration1_Lasso_7-nestedTemplate.smt2 : 1800033 ms.
--------------------------------------------------
./solvers/smtrat/run.sh: line 3: 383094 Killed                  LD_PRELOAD=libmimalloc.so ./smtrat ../$1 2> /dev/null
QF_NRA/LassoRanker/CooperatingT2/firewire.t2.c_Iteration1_Lasso_7-phaseTemplate.smt2 : 1855704 ms.
--------------------------------------------------
./solvers/smtrat/run.sh: line 3: 383345 Killed                  LD_PRELOAD=libmimalloc.so ./smtrat ../$1 2> /dev/null
QF_NRA/LassoRanker/CooperatingT2/firewire.t2.c_Iteration3_Loop_3-pieceTemplate.smt2 : 1800185 ms.
--------------------------------------------------
./solvers/smtrat/run.sh: line 3: 383679 Killed                  LD_PRELOAD=libmimalloc.so ./smtrat ../$1 2> /dev/null
QF_NRA/LassoRanker/CooperatingT2/firewire.t2.c_Iteration3_Loop_4-pieceTemplate.smt2 : 1800081 ms.
--------------------------------------------------
./solvers/smtrat/run.sh: line 3: 384061 Killed                  LD_PRELOAD=libmimalloc.so ./smtrat ../$1 2> /dev/null
QF_NRA/LassoRanker/CooperatingT2/flipflop.t2.c_Iteration1_Lasso_2-pieceTemplate.smt2 : 1800144 ms.
--------------------------------------------------
./solvers/smtrat/run.sh: line 3: 384286 Killed                  LD_PRELOAD=libmimalloc.so ./smtrat ../$1 2> /dev/null
QF_NRA/LassoRanker/CooperatingT2/flipflop.t2.c_Iteration1_Lasso_3-pieceTemplate.smt2 : 1800044 ms.
--------------------------------------------------
./solvers/smtrat/run.sh: line 3: 384528 Killed                  LD_PRELOAD=libmimalloc.so ./smtrat ../$1 2> /dev/null
QF_NRA/LassoRanker/CooperatingT2/flipflop.t2.c_Iteration1_Lasso_4-pieceTemplate.smt2 : 1800067 ms.
--------------------------------------------------
./solvers/smtrat/run.sh: line 3: 384743 Killed                  LD_PRELOAD=libmimalloc.so ./smtrat ../$1 2> /dev/null
QF_NRA/LassoRanker/CooperatingT2/flipflop.t2.c_Iteration1_Loop_2-pieceTemplate.smt2 : 1800104 ms.
--------------------------------------------------
./solvers/smtrat/run.sh: line 3: 384979 Killed                  LD_PRELOAD=libmimalloc.so ./smtrat ../$1 2> /dev/null
QF_NRA/LassoRanker/CooperatingT2/flipflop.t2.c_Iteration1_Loop_3-pieceTemplate.smt2 : 1800045 ms.
--------------------------------------------------
./solvers/smtrat/run.sh: line 3: 385196 Killed                  LD_PRELOAD=libmimalloc.so ./smtrat ../$1 2> /dev/null
QF_NRA/LassoRanker/CooperatingT2/flipflop.t2.c_Iteration1_Loop_4-pieceTemplate.smt2 : 1800067 ms.
--------------------------------------------------
./solvers/smtrat/run.sh: line 3: 385434 Killed                  LD_PRELOAD=libmimalloc.so ./smtrat ../$1 2> /dev/null
QF_NRA/LassoRanker/CooperatingT2/fuhs-inflasso.t2.c_Iteration2_Loop_4-pieceTemplate.smt2 : 1800028 ms.
--------------------------------------------------
./solvers/smtrat/run.sh: line 3: 385658 Killed                  LD_PRELOAD=libmimalloc.so ./smtrat ../$1 2> /dev/null
QF_NRA/LassoRanker/CooperatingT2/fun4.t2.c_Iteration1_Lasso_2-pieceTemplate.smt2 : 1800049 ms.
--------------------------------------------------
./solvers/smtrat/run.sh: line 3: 385895 Killed                  LD_PRELOAD=libmimalloc.so ./smtrat ../$1 2> /dev/null
QF_NRA/LassoRanker/CooperatingT2/fun4.t2.c_Iteration1_Lasso_3-pieceTemplate.smt2 : 1800061 ms.
--------------------------------------------------
./solvers/smtrat/run.sh: line 3: 386120 Killed                  LD_PRELOAD=libmimalloc.so ./smtrat ../$1 2> /dev/null
QF_NRA/LassoRanker/CooperatingT2/fun4.t2.c_Iteration1_Lasso_4-pieceTemplate.smt2 : 1800144 ms.
--------------------------------------------------
./solvers/smtrat/run.sh: line 3: 386366 Killed                  LD_PRELOAD=libmimalloc.so ./smtrat ../$1 2> /dev/null
QF_NRA/LassoRanker/CooperatingT2/fun4.t2.c_Iteration1_Lasso_6-phaseTemplate.smt2 : 1800214 ms.
--------------------------------------------------
./solvers/smtrat/run.sh: line 3: 386600 Killed                  LD_PRELOAD=libmimalloc.so ./smtrat ../$1 2> /dev/null
QF_NRA/LassoRanker/CooperatingT2/fun4.t2.c_Iteration1_Lasso_7-phaseTemplate.smt2 : 1800040 ms.
--------------------------------------------------
./solvers/smtrat/run.sh: line 3: 387322 Killed                  LD_PRELOAD=libmimalloc.so ./smtrat ../$1 2> /dev/null
QF_NRA/LassoRanker/CooperatingT2/fun4.t2.c_Iteration1_Loop_3-pieceTemplate.smt2 : 1800048 ms.
--------------------------------------------------
./solvers/smtrat/run.sh: line 3: 387532 Killed                  LD_PRELOAD=libmimalloc.so ./smtrat ../$1 2> /dev/null
QF_NRA/LassoRanker/CooperatingT2/fun4.t2.c_Iteration1_Loop_4-pieceTemplate.smt2 : 1800055 ms.
--------------------------------------------------
./solvers/smtrat/run.sh: line 3: 387920 Killed                  LD_PRELOAD=libmimalloc.so ./smtrat ../$1 2> /dev/null
QF_NRA/LassoRanker/CooperatingT2/fun8.t2.c_Iteration2_Loop_3-pieceTemplate.smt2 : 1800072 ms.
--------------------------------------------------
./solvers/smtrat/run.sh: line 3: 388115 Killed                  LD_PRELOAD=libmimalloc.so ./smtrat ../$1 2> /dev/null
QF_NRA/LassoRanker/CooperatingT2/fun8.t2.c_Iteration2_Loop_4-pieceTemplate.smt2 : 1800040 ms.
--------------------------------------------------
./solvers/smtrat/run.sh: line 3: 388334 Killed                  LD_PRELOAD=libmimalloc.so ./smtrat ../$1 2> /dev/null
QF_NRA/LassoRanker/CooperatingT2/fun9.t2.c_Iteration1_Loop_4-pieceTemplate.smt2 : 1800079 ms.
--------------------------------------------------
./solvers/smtrat/run.sh: line 3: 388528 Killed                  LD_PRELOAD=libmimalloc.so ./smtrat ../$1 2> /dev/null
QF_NRA/LassoRanker/CooperatingT2/fun9.t2.c_Iteration2_Loop_4-pieceTemplate.smt2 : 1800088 ms.
--------------------------------------------------
./solvers/smtrat/run.sh: line 3: 388745 Killed                  LD_PRELOAD=libmimalloc.so ./smtrat ../$1 2> /dev/null
QF_NRA/LassoRanker/CooperatingT2/fun9.t2.c_Iteration3_Loop_4-pieceTemplate.smt2 : 1800037 ms.
--------------------------------------------------
./solvers/smtrat/run.sh: line 3: 388941 Killed                  LD_PRELOAD=libmimalloc.so ./smtrat ../$1 2> /dev/null
QF_NRA/LassoRanker/CooperatingT2/fun9.t2.c_Iteration4_Loop_3-pieceTemplate.smt2 : 1800045 ms.
--------------------------------------------------
./solvers/smtrat/run.sh: line 3: 389151 Killed                  LD_PRELOAD=libmimalloc.so ./smtrat ../$1 2> /dev/null
QF_NRA/LassoRanker/CooperatingT2/fun9.t2.c_Iteration4_Loop_4-pieceTemplate.smt2 : 1800094 ms.
--------------------------------------------------
./solvers/smtrat/run.sh: line 3: 389350 Killed                  LD_PRELOAD=libmimalloc.so ./smtrat ../$1 2> /dev/null
QF_NRA/LassoRanker/CooperatingT2/graycode.t2.c_Iteration15_Loop_3-pieceTemplate.smt2 : 1800127 ms.
--------------------------------------------------
./solvers/smtrat/run.sh: line 3: 389565 Killed                  LD_PRELOAD=libmimalloc.so ./smtrat ../$1 2> /dev/null
QF_NRA/LassoRanker/CooperatingT2/graycode.t2.c_Iteration15_Loop_4-pieceTemplate.smt2 : 1800045 ms.
--------------------------------------------------
./solvers/smtrat/run.sh: line 3: 389757 Killed                  LD_PRELOAD=libmimalloc.so ./smtrat ../$1 2> /dev/null
QF_NRA/LassoRanker/CooperatingT2/graycode.t2.c_Iteration22_Loop_4-pieceTemplate.smt2 : 1800336 ms.
--------------------------------------------------
./solvers/smtrat/run.sh: line 3: 389948 Killed                  LD_PRELOAD=libmimalloc.so ./smtrat ../$1 2> /dev/null
QF_NRA/LassoRanker/CooperatingT2/graycode.t2.c_Iteration3_Loop_4-pieceTemplate.smt2 : 1819026 ms.
--------------------------------------------------
./solvers/smtrat/run.sh: line 3: 390156 Killed                  LD_PRELOAD=libmimalloc.so ./smtrat ../$1 2> /dev/null
QF_NRA/LassoRanker/CooperatingT2/heidy7-simple.t2.c_Iteration2_Lasso_3-pieceTemplate.smt2 : 1800732 ms.
--------------------------------------------------
./solvers/smtrat/run.sh: line 3: 390382 Killed                  LD_PRELOAD=libmimalloc.so ./smtrat ../$1 2> /dev/null
QF_NRA/LassoRanker/CooperatingT2/heidy7-simple.t2.c_Iteration2_Lasso_4-pieceTemplate.smt2 : 2439056 ms.
--------------------------------------------------
./solvers/smtrat/run.sh: line 3: 390620 Killed                  LD_PRELOAD=libmimalloc.so ./smtrat ../$1 2> /dev/null
QF_NRA/LassoRanker/CooperatingT2/heidy7.t2.c_Iteration1_Loop_3-pieceTemplate.smt2 : 1800151 ms.
--------------------------------------------------
./solvers/smtrat/run.sh: line 3: 390801 Killed                  LD_PRELOAD=libmimalloc.so ./smtrat ../$1 2> /dev/null
QF_NRA/LassoRanker/CooperatingT2/heidy7.t2.c_Iteration1_Loop_4-pieceTemplate.smt2 : 1800067 ms.
--------------------------------------------------
./solvers/smtrat/run.sh: line 3: 391056 Killed                  LD_PRELOAD=libmimalloc.so ./smtrat ../$1 2> /dev/null
QF_NRA/LassoRanker/CooperatingT2/heidy7.t2.c_Iteration2_Lasso_2-pieceTemplate.smt2 : 1800085 ms.
--------------------------------------------------
./solvers/smtrat/run.sh: line 3: 391290 Killed                  LD_PRELOAD=libmimalloc.so ./smtrat ../$1 2> /dev/null
QF_NRA/LassoRanker/CooperatingT2/heidy7.t2.c_Iteration2_Lasso_3-pieceTemplate.smt2 : 1800060 ms.
--------------------------------------------------
./solvers/smtrat/run.sh: line 3: 391500 Killed                  LD_PRELOAD=libmimalloc.so ./smtrat ../$1 2> /dev/null
QF_NRA/LassoRanker/CooperatingT2/heidy7.t2.c_Iteration2_Lasso_4-pieceTemplate.smt2 : 1800036 ms.
--------------------------------------------------
./solvers/smtrat/run.sh: line 3: 391715 Killed                  LD_PRELOAD=libmimalloc.so ./smtrat ../$1 2> /dev/null
QF_NRA/LassoRanker/CooperatingT2/heidy8.t2.c_Iteration1_Loop_3-pieceTemplate.smt2 : 1800060 ms.
--------------------------------------------------
./solvers/smtrat/run.sh: line 3: 391918 Killed                  LD_PRELOAD=libmimalloc.so ./smtrat ../$1 2> /dev/null
QF_NRA/LassoRanker/CooperatingT2/heidy8.t2.c_Iteration1_Loop_4-pieceTemplate.smt2 : 1800095 ms.
--------------------------------------------------
./solvers/smtrat/run.sh: line 3: 392139 Killed                  LD_PRELOAD=libmimalloc.so ./smtrat ../$1 2> /dev/null
QF_NRA/LassoRanker/CooperatingT2/hongyi1.t2.c_Iteration1_Loop_3-pieceTemplate.smt2 : 1800108 ms.
--------------------------------------------------
./solvers/smtrat/run.sh: line 3: 392334 Killed                  LD_PRELOAD=libmimalloc.so ./smtrat ../$1 2> /dev/null
QF_NRA/LassoRanker/CooperatingT2/hongyi1.t2.c_Iteration1_Loop_4-pieceTemplate.smt2 : 1800177 ms.
--------------------------------------------------
./solvers/smtrat/run.sh: line 3: 392554 Killed                  LD_PRELOAD=libmimalloc.so ./smtrat ../$1 2> /dev/null
QF_NRA/LassoRanker/CooperatingT2/iecs.t2.c_Iteration1_Loop_4-pieceTemplate.smt2 : 1800079 ms.
--------------------------------------------------
./solvers/smtrat/run.sh: line 3: 392776 Killed                  LD_PRELOAD=libmimalloc.so ./smtrat ../$1 2> /dev/null
QF_NRA/LassoRanker/CooperatingT2/insertsort.t2.c_Iteration1_Loop_4-pieceTemplate.smt2 : 1800056 ms.
--------------------------------------------------
./solvers/smtrat/run.sh: line 3: 393038 Killed                  LD_PRELOAD=libmimalloc.so ./smtrat ../$1 2> /dev/null
QF_NRA/LassoRanker/CooperatingT2/jacobi.c.i.jacobi.pl.t2.fixed.t2.c_Iteration4_Loop_4-pieceTemplate.smt2 : 1800059 ms.
--------------------------------------------------
./solvers/smtrat/run.sh: line 3: 393238 Killed                  LD_PRELOAD=libmimalloc.so ./smtrat ../$1 2> /dev/null
QF_NRA/LassoRanker/CooperatingT2/jacobi.c.i.jacobi.pl.t2.fixed.t2.c_Iteration5_Loop_4-pieceTemplate.smt2 : 1800068 ms.
--------------------------------------------------
./solvers/smtrat/run.sh: line 3: 393451 Killed                  LD_PRELOAD=libmimalloc.so ./smtrat ../$1 2> /dev/null
QF_NRA/LassoRanker/CooperatingT2/jacobi.c.i.jacobi.pl.t2.nor.t2.rlgfixed.t2.c_Iteration5_Loop_4-pieceTemplate.smt2 : 1810959 ms.
--------------------------------------------------
./solvers/smtrat/run.sh: line 3: 393658 Killed                  LD_PRELOAD=libmimalloc.so ./smtrat ../$1 2> /dev/null
QF_NRA/LassoRanker/CooperatingT2/jacobi.t2.c_Iteration4_Loop_4-pieceTemplate.smt2 : 1800077 ms.
--------------------------------------------------
./solvers/smtrat/run.sh: line 3: 393867 Killed                  LD_PRELOAD=libmimalloc.so ./smtrat ../$1 2> /dev/null
QF_NRA/LassoRanker/CooperatingT2/jacobi.t2.c_Iteration5_Loop_4-pieceTemplate.smt2 : 1800051 ms.
--------------------------------------------------
./solvers/smtrat/run.sh: line 3: 394057 Killed                  LD_PRELOAD=libmimalloc.so ./smtrat ../$1 2> /dev/null
QF_NRA/LassoRanker/CooperatingT2/loop3.t2.c_Iteration29_Lasso_4-pieceTemplate.smt2 : 1800034 ms.
--------------------------------------------------
./solvers/smtrat/run.sh: line 3: 394265 Killed                  LD_PRELOAD=libmimalloc.so ./smtrat ../$1 2> /dev/null
QF_NRA/LassoRanker/CooperatingT2/loop3.t2.c_Iteration32_Lasso_4-pieceTemplate.smt2 : 1800061 ms.
--------------------------------------------------
./solvers/smtrat/run.sh: line 3: 394447 Killed                  LD_PRELOAD=libmimalloc.so ./smtrat ../$1 2> /dev/null
QF_NRA/LassoRanker/CooperatingT2/loop3.t2.c_Iteration4_Loop_4-pieceTemplate.smt2 : 1800048 ms.
--------------------------------------------------
./solvers/smtrat/run.sh: line 3: 394654 Killed                  LD_PRELOAD=libmimalloc.so ./smtrat ../$1 2> /dev/null
QF_NRA/LassoRanker/CooperatingT2/loop_on_input.t2.c_Iteration1_Loop_4-pieceTemplate.smt2 : 1800085 ms.
--------------------------------------------------
./solvers/smtrat/run.sh: line 3: 394840 Killed                  LD_PRELOAD=libmimalloc.so ./smtrat ../$1 2> /dev/null
QF_NRA/LassoRanker/CooperatingT2/magic.t2.c_Iteration2_Loop_4-pieceTemplate.smt2 : 1800079 ms.
--------------------------------------------------
./solvers/smtrat/run.sh: line 3: 395048 Killed                  LD_PRELOAD=libmimalloc.so ./smtrat ../$1 2> /dev/null
QF_NRA/LassoRanker/CooperatingT2/magic.t2.c_Iteration4_Loop_4-pieceTemplate.smt2 : 1800048 ms.
--------------------------------------------------
./solvers/smtrat/run.sh: line 3: 395235 Killed                  LD_PRELOAD=libmimalloc.so ./smtrat ../$1 2> /dev/null
QF_NRA/LassoRanker/CooperatingT2/matrixsqrt.t2.c_Iteration12_Loop_3-pieceTemplate.smt2 : 1800100 ms.
--------------------------------------------------
./solvers/smtrat/run.sh: line 3: 395442 Killed                  LD_PRELOAD=libmimalloc.so ./smtrat ../$1 2> /dev/null
QF_NRA/LassoRanker/CooperatingT2/matrixsqrt.t2.c_Iteration12_Loop_4-pieceTemplate.smt2 : 1800090 ms.
--------------------------------------------------
./solvers/smtrat/run.sh: line 3: 395629 Killed                  LD_PRELOAD=libmimalloc.so ./smtrat ../$1 2> /dev/null
QF_NRA/LassoRanker/CooperatingT2/matrixsqrt.t2.c_Iteration2_Loop_4-pieceTemplate.smt2 : 1800060 ms.
--------------------------------------------------
./solvers/smtrat/run.sh: line 3: 395834 Killed                  LD_PRELOAD=libmimalloc.so ./smtrat ../$1 2> /dev/null
QF_NRA/LassoRanker/CooperatingT2/matrixsqrt.t2.c_Iteration4_Loop_4-pieceTemplate.smt2 : 1800068 ms.
--------------------------------------------------
./solvers/smtrat/run.sh: line 3: 396017 Killed                  LD_PRELOAD=libmimalloc.so ./smtrat ../$1 2> /dev/null
QF_NRA/LassoRanker/CooperatingT2/matrixsqrt.t2.c_Iteration6_Loop_4-pieceTemplate.smt2 : 1800064 ms.
--------------------------------------------------
./solvers/smtrat/run.sh: line 3: 396218 Killed                  LD_PRELOAD=libmimalloc.so ./smtrat ../$1 2> /dev/null
QF_NRA/LassoRanker/CooperatingT2/mc91test.t2.c_Iteration2_Loop_4-pieceTemplate.smt2 : 1800060 ms.
--------------------------------------------------
./solvers/smtrat/run.sh: line 3: 396432 Killed                  LD_PRELOAD=libmimalloc.so ./smtrat ../$1 2> /dev/null
QF_NRA/LassoRanker/CooperatingT2/mc91test.t2.c_Iteration3_Loop_4-pieceTemplate.smt2 : 1800052 ms.
--------------------------------------------------
./solvers/smtrat/run.sh: line 3: 396642 Killed                  LD_PRELOAD=libmimalloc.so ./smtrat ../$1 2> /dev/null
QF_NRA/LassoRanker/CooperatingT2/mc91test.t2.c_Iteration5_Loop_3-pieceTemplate.smt2 : 1800073 ms.
--------------------------------------------------
./solvers/smtrat/run.sh: line 3: 396848 Killed                  LD_PRELOAD=libmimalloc.so ./smtrat ../$1 2> /dev/null
QF_NRA/LassoRanker/CooperatingT2/mc91test.t2.c_Iteration5_Loop_4-pieceTemplate.smt2 : 1800082 ms.
--------------------------------------------------
./solvers/smtrat/run.sh: line 3: 397072 Killed                  LD_PRELOAD=libmimalloc.so ./smtrat ../$1 2> /dev/null
QF_NRA/LassoRanker/CooperatingT2/mc91test.t2.c_Iteration6_Loop_7-phaseTemplate.smt2 : 1800048 ms.
--------------------------------------------------
./solvers/smtrat/run.sh: line 3: 397285 Killed                  LD_PRELOAD=libmimalloc.so ./smtrat ../$1 2> /dev/null
QF_NRA/LassoRanker/CooperatingT2/n-15a.t2.c_Iteration1_Loop_4-pieceTemplate.smt2 : 1931077 ms.
--------------------------------------------------
./solvers/smtrat/run.sh: line 3: 397664 Killed                  LD_PRELOAD=libmimalloc.so ./smtrat ../$1 2> /dev/null
QF_NRA/LassoRanker/CooperatingT2/ndes.t2.c_Iteration2_Loop_4-pieceTemplate.smt2 : 1801195 ms.
--------------------------------------------------
./solvers/smtrat/run.sh: line 3: 397878 Killed                  LD_PRELOAD=libmimalloc.so ./smtrat ../$1 2> /dev/null
QF_NRA/LassoRanker/CooperatingT2/ndes.t2.c_Iteration3_Loop_2-pieceTemplate.smt2 : 1916345 ms.
--------------------------------------------------
./solvers/smtrat/run.sh: line 3: 398234 Killed                  LD_PRELOAD=libmimalloc.so ./smtrat ../$1 2> /dev/null
QF_NRA/LassoRanker/CooperatingT2/ndes.t2.c_Iteration3_Loop_4-pieceTemplate.smt2 : 1800338 ms.
--------------------------------------------------
./solvers/smtrat/run.sh: line 3: 398425 Killed                  LD_PRELOAD=libmimalloc.so ./smtrat ../$1 2> /dev/null
QF_NRA/LassoRanker/CooperatingT2/neg-1394complete-fail.t2.c_Iteration5_Loop_4-pieceTemplate.smt2 : 1800045 ms.
--------------------------------------------------
./solvers/smtrat/run.sh: line 3: 398618 Killed                  LD_PRELOAD=libmimalloc.so ./smtrat ../$1 2> /dev/null
QF_NRA/LassoRanker/CooperatingT2/neg-smagilla-fail.t2.c_Iteration1_Loop_4-pieceTemplate.smt2 : 1800062 ms.
--------------------------------------------------
./solvers/smtrat/run.sh: line 3: 398804 Killed                  LD_PRELOAD=libmimalloc.so ./smtrat ../$1 2> /dev/null
QF_NRA/LassoRanker/CooperatingT2/nested.t2.c_Iteration2_Loop_4-pieceTemplate.smt2 : 1800575 ms.
--------------------------------------------------
./solvers/smtrat/run.sh: line 3: 399204 Killed                  LD_PRELOAD=libmimalloc.so ./smtrat ../$1 2> /dev/null
QF_NRA/LassoRanker/CooperatingT2/nested.t2.c_Iteration3_Loop_3-pieceTemplate.smt2 : 1800629 ms.
--------------------------------------------------
./solvers/smtrat/run.sh: line 3: 399390 Killed                  LD_PRELOAD=libmimalloc.so ./smtrat ../$1 2> /dev/null
QF_NRA/LassoRanker/CooperatingT2/nested.t2.c_Iteration4_Loop_3-pieceTemplate.smt2 : 1800073 ms.
--------------------------------------------------
./solvers/smtrat/run.sh: line 3: 399583 Killed                  LD_PRELOAD=libmimalloc.so ./smtrat ../$1 2> /dev/null
QF_NRA/LassoRanker/CooperatingT2/nested.t2.c_Iteration4_Loop_4-pieceTemplate.smt2 : 1800161 ms.
--------------------------------------------------
./solvers/smtrat/run.sh: line 3: 419260 Killed                  LD_PRELOAD=libmimalloc.so ./smtrat ../$1 2> /dev/null
QF_NRA/LassoRanker/CooperatingT2/n_firewire_instrumented-PP.t2.c_Iteration11_Loop_3-pieceTemplate.smt2 : 3799477 ms.
--------------------------------------------------
./solvers/smtrat/run.sh: line 3: 425807 Killed                  LD_PRELOAD=libmimalloc.so ./smtrat ../$1 2> /dev/null
QF_NRA/LassoRanker/CooperatingT2/n_firewire_instrumented-PP.t2.c_Iteration11_Loop_4-pieceTemplate.smt2 : 1800291 ms.
--------------------------------------------------
./solvers/smtrat/run.sh: line 3: 431684 Killed                  LD_PRELOAD=libmimalloc.so ./smtrat ../$1 2> /dev/null
QF_NRA/LassoRanker/CooperatingT2/n_firewire_instrumented-PP.t2.c_Iteration12_Loop_4-pieceTemplate.smt2 : 1800316 ms.
