--------------------------------------------------
sat
(objectives
 (a1625 1)
)
OMT_LIA/20220307-SMPT/RwMutex-PT-r0500w0010/RF-15.smt2 : 983 ms.
--------------------------------------------------
sat
(objectives
 (a1251 1)
)
OMT_LIA/20220307-SMPT/RwMutex-PT-r0500w0010/RF-13.smt2 : 3321 ms.
--------------------------------------------------
sat
(objectives
 (a2094 1)
)
OMT_LIA/20220307-SMPT/RwMutex-PT-r0500w0010/RF-04.smt2 : 5306 ms.
--------------------------------------------------
sat
(objectives
 (a3210 1)
)
OMT_LIA/20220307-SMPT/RwMutex-PT-r0500w0010/RF-07.smt2 : 6514 ms.
--------------------------------------------------
sat
(objectives
 (a5898 1)
)
OMT_LIA/20220307-SMPT/RwMutex-PT-r0500w0010/RF-02.smt2 : 1854 ms.
