--------------------------------------------------
sat
(objectives
 (p1457 1)
)
OMT_LIA/20220307-SMPT/RwMutex-PT-r1000w0010/RF-13.smt2 : 6849 ms.
--------------------------------------------------
sat
(objectives
 (a7890 1)
)
OMT_LIA/20220307-SMPT/RwMutex-PT-r1000w0010/RF-04.smt2 : 4656 ms.
--------------------------------------------------
sat
(objectives
 (a8513 1)
)
OMT_LIA/20220307-SMPT/RwMutex-PT-r1000w0010/RF-07.smt2 : 5568 ms.
--------------------------------------------------
sat
(objectives
 (a2993 1)
)
OMT_LIA/20220307-SMPT/RwMutex-PT-r1000w0010/RF-02.smt2 : 5449 ms.
--------------------------------------------------
sat
(objectives
 (a7834 1)
)
OMT_LIA/20220307-SMPT/RwMutex-PT-r1000w0010/RF-00.smt2 : 2830 ms.
