--------------------------------------------------
sat
(objectives
 (a162 49)
)
OMT_LIA/20220307-SMPT/Diffusion2D-PT-D40N050/RF-00.smt2 : 6521 ms.
--------------------------------------------------
sat
(objectives
 (cAMP__23_31_ 49)
)
OMT_LIA/20220307-SMPT/Diffusion2D-PT-D40N050/RF-11.smt2 : 2696 ms.
--------------------------------------------------
sat
(objectives
 (cAMP__26_15_ 0)
)
OMT_LIA/20220307-SMPT/Diffusion2D-PT-D40N050/RC-11.smt2 : 3384 ms.
--------------------------------------------------
sat
(objectives
 (a945 0)
)
OMT_LIA/20220307-SMPT/Diffusion2D-PT-D40N050/RC-07.smt2 : 2989 ms.
--------------------------------------------------
sat
(objectives
 (a1265 0)
)
OMT_LIA/20220307-SMPT/Diffusion2D-PT-D40N050/RC-13.smt2 : 3567 ms.
