--------------------------------------------------
sat
(objectives
 (TrainState_2_4_12 0)
)
OMT_LIA/20220307-SMPT/BART-PT-005/RF-03.smt2 : 1082 ms.
--------------------------------------------------
sat
(objectives
 (TrainState_2_1_20 0)
)
OMT_LIA/20220307-SMPT/BART-PT-005/RF-09.smt2 : 3303 ms.
--------------------------------------------------
sat
(objectives
 (a511 1)
)
OMT_LIA/20220307-SMPT/BART-PT-005/RC-00.smt2 : 3217 ms.
--------------------------------------------------
sat
(objectives
 (a475 0)
)
OMT_LIA/20220307-SMPT/BART-PT-005/RF-06.smt2 : 2681 ms.
--------------------------------------------------
sat
(objectives
 (TrainState_1_2_7 0)
)
OMT_LIA/20220307-SMPT/BART-PT-005/RC-05.smt2 : 3150 ms.
