--------------------------------------------------
sat
(objectives
 (p78 1)
)
OMT_LIA/20220307-SMPT/RwMutex-PT-r0100w0010/RF-06.smt2 : 6689 ms.
--------------------------------------------------
sat
(objectives
 (p213 1)
)
OMT_LIA/20220307-SMPT/RwMutex-PT-r0100w0010/RF-01.smt2 : 939 ms.
--------------------------------------------------
sat
(objectives
 (p134 0)
)
OMT_LIA/20220307-SMPT/RwMutex-PT-r0100w0010/RC-04.smt2 : 3024 ms.
--------------------------------------------------
sat
(objectives
 (a172 1)
)
OMT_LIA/20220307-SMPT/RwMutex-PT-r0100w0010/RF-14.smt2 : 2772 ms.
--------------------------------------------------
sat
(objectives
 (a118 1)
)
OMT_LIA/20220307-SMPT/RwMutex-PT-r0100w0010/RC-09.smt2 : 2296 ms.
