--------------------------------------------------
sat
(objectives
 (a2607 1)
)
OMT_LIA/20220307-SMPT/BART-PT-030/RC-09.smt2 : 7706 ms.
--------------------------------------------------
sat
(objectives
 (TrainState_9_2_22 1)
)
OMT_LIA/20220307-SMPT/BART-PT-030/RF-12.smt2 : 5612 ms.
--------------------------------------------------
sat
(objectives
 (a2217 0)
)
OMT_LIA/20220307-SMPT/BART-PT-030/RF-05.smt2 : 5362 ms.
--------------------------------------------------
sat
(objectives
 (TrainState_1_2_31 0)
)
OMT_LIA/20220307-SMPT/BART-PT-030/RC-14.smt2 : 4304 ms.
--------------------------------------------------
sat
(objectives
 (TrainState_27_3_15 1)
)
OMT_LIA/20220307-SMPT/BART-PT-030/RC-02.smt2 : 3444 ms.
