--------------------------------------------------
sat
QF_NRA/meti-tarski/sqrt/problem/sqrt-problem-Melquiond2-chunk-0010.smt2 : 78 ms.
--------------------------------------------------
sat
QF_NRA/meti-tarski/sqrt/problem/sqrt-problem-Melquiond2-chunk-0011.smt2 : 48 ms.
--------------------------------------------------
unsat
QF_NRA/meti-tarski/sqrt/problem/sqrt-problem-Melquiond2-chunk-0012.smt2 : 33 ms.
--------------------------------------------------
sat
QF_NRA/meti-tarski/sqrt/problem/sqrt-problem-Melquiond2-chunk-0013.smt2 : 48 ms.
--------------------------------------------------
sat
QF_NRA/meti-tarski/sqrt/problem/sqrt-problem-Melquiond2-chunk-0014.smt2 : 52 ms.
--------------------------------------------------
unsat
QF_NRA/meti-tarski/sqrt/problem/sqrt-problem-Melquiond2-chunk-0015.smt2 : 53 ms.
--------------------------------------------------
sat
QF_NRA/meti-tarski/sqrt/problem/sqrt-problem-Melquiond2-chunk-0018.smt2 : 49 ms.
--------------------------------------------------
unsat
QF_NRA/meti-tarski/sqrt/problem/sqrt-problem-Melquiond2-chunk-0019.smt2 : 40 ms.
--------------------------------------------------
unsat
QF_NRA/meti-tarski/sqrt/problem/sqrt-problem-Melquiond2-chunk-0021.smt2 : 47 ms.
--------------------------------------------------
unsat
QF_NRA/meti-tarski/sqrt/problem/sqrt-problem-Melquiond2-chunk-0022.smt2 : 35 ms.
--------------------------------------------------
sat
QF_NRA/meti-tarski/sqrt/problem/sqrt-problem-Melquiond2-chunk-0023.smt2 : 50 ms.
--------------------------------------------------
sat
QF_NRA/meti-tarski/sqrt/problem/sqrt-problem-Melquiond2-chunk-0024.smt2 : 45 ms.
--------------------------------------------------
sat
QF_NRA/meti-tarski/sqrt/problem/sqrt-problem-Melquiond2-chunk-0025.smt2 : 64 ms.
--------------------------------------------------
unsat
QF_NRA/meti-tarski/sqrt/problem/sqrt-problem-Melquiond2-chunk-0026.smt2 : 38 ms.
--------------------------------------------------
unsat
QF_NRA/meti-tarski/sqrt/problem/sqrt-problem-Melquiond2-chunk-0028.smt2 : 56 ms.
--------------------------------------------------
unsat
QF_NRA/meti-tarski/sqrt/problem/sqrt-problem-Melquiond2-chunk-0029.smt2 : 36 ms.
--------------------------------------------------
sat
QF_NRA/meti-tarski/sqrt/problem/sqrt-problem-Melquiond2-chunk-0030.smt2 : 41 ms.
--------------------------------------------------
sat
QF_NRA/meti-tarski/sqrt/problem/sqrt-problem-Melquiond2-chunk-0031.smt2 : 60 ms.
--------------------------------------------------
unsat
QF_NRA/meti-tarski/sqrt/problem/sqrt-problem-Melquiond2-chunk-0032.smt2 : 33 ms.
--------------------------------------------------
unsat
QF_NRA/meti-tarski/sqrt/problem/sqrt-problem-Melquiond2-chunk-0033.smt2 : 58 ms.
--------------------------------------------------
sat
QF_NRA/meti-tarski/sqrt/problem/sqrt-problem-Melquiond2-chunk-0034.smt2 : 36 ms.
--------------------------------------------------
unsat
QF_NRA/meti-tarski/sqrt/problem/sqrt-problem-Melquiond2-chunk-0035.smt2 : 42 ms.
--------------------------------------------------
sat
QF_NRA/meti-tarski/sqrt/problem/sqrt-problem-Melquiond2-chunk-0036.smt2 : 41 ms.
--------------------------------------------------
unsat
QF_NRA/meti-tarski/sqrt/problem/sqrt-problem-Melquiond2-chunk-0037.smt2 : 41 ms.
--------------------------------------------------
unsat
QF_NRA/meti-tarski/sqrt/problem/sqrt-problem-Melquiond2-chunk-0039.smt2 : 46 ms.
--------------------------------------------------
unsat
QF_NRA/meti-tarski/sqrt/problem/sqrt-problem-Melquiond2-chunk-0040.smt2 : 72 ms.
--------------------------------------------------
./solvers/mathsat/run.sh: line 3: 98086 Killed                  ./mathsat ../$1
QF_NRA/meti-tarski/sqrt/problem/sqrt-problem-Melquiond2-chunk-0041.smt2 : 1800146 ms.
--------------------------------------------------
./solvers/mathsat/run.sh: line 3: 107275 Killed                  ./mathsat ../$1
QF_NRA/meti-tarski/sqrt/problem/sqrt-problem-Melquiond2-chunk-0042.smt2 : 1800110 ms.
--------------------------------------------------
./solvers/mathsat/run.sh: line 3: 110568 Killed                  ./mathsat ../$1
QF_NRA/meti-tarski/sqrt/problem/sqrt-problem-Melquiond2-chunk-0043.smt2 : 1800189 ms.
--------------------------------------------------
unsat
QF_NRA/meti-tarski/sqrt/problem/sqrt-problem-Melquiond2-chunk-0044.smt2 : 82 ms.
--------------------------------------------------
unsat
QF_NRA/meti-tarski/sqrt/problem/sqrt-problem-Melquiond2-chunk-0045.smt2 : 69 ms.
--------------------------------------------------
./solvers/mathsat/run.sh: line 3: 112665 Killed                  ./mathsat ../$1
QF_NRA/meti-tarski/sqrt/problem/sqrt-problem-Melquiond2-chunk-0046.smt2 : 1800097 ms.
--------------------------------------------------
unsat
QF_NRA/meti-tarski/sqrt/problem/sqrt-problem-Melquiond2-chunk-0047.smt2 : 50 ms.
--------------------------------------------------
./solvers/mathsat/run.sh: line 3: 114975 Killed                  ./mathsat ../$1
QF_NRA/meti-tarski/sqrt/problem/sqrt-problem-Melquiond2-chunk-0049.smt2 : 1800081 ms.
--------------------------------------------------
sat
QF_NRA/meti-tarski/sqrt/problem/sqrt-problem-Melquiond2-chunk-0050.smt2 : 2238 ms.
--------------------------------------------------
./solvers/mathsat/run.sh: line 3: 116473 Killed                  ./mathsat ../$1
QF_NRA/meti-tarski/sqrt/problem/sqrt-problem-Melquiond2-chunk-0054.smt2 : 1800113 ms.
--------------------------------------------------
unsat
QF_NRA/meti-tarski/sqrt/problem/sqrt-problem-Melquiond2-chunk-0055.smt2 : 60 ms.
--------------------------------------------------
./solvers/mathsat/run.sh: line 3: 117909 Killed                  ./mathsat ../$1
QF_NRA/meti-tarski/sqrt/problem/sqrt-problem-Melquiond2-chunk-0056.smt2 : 1800045 ms.
--------------------------------------------------
./solvers/mathsat/run.sh: line 3: 119445 Killed                  ./mathsat ../$1
QF_NRA/meti-tarski/sqrt/problem/sqrt-problem-Melquiond2-chunk-0057.smt2 : 1800181 ms.
--------------------------------------------------
unsat
QF_NRA/meti-tarski/sqrt/problem/sqrt-problem-Melquiond2-chunk-0058.smt2 : 364 ms.
--------------------------------------------------
sat
QF_NRA/meti-tarski/sqrt/problem/sqrt-problem-Melquiond2-chunk-0059.smt2 : 127 ms.
--------------------------------------------------
sat
QF_NRA/meti-tarski/sqrt/problem/sqrt-problem-Melquiond2-chunk-0060.smt2 : 189 ms.
--------------------------------------------------
sat
QF_NRA/meti-tarski/sqrt/problem/sqrt-problem-Melquiond2-chunk-0063.smt2 : 176 ms.
--------------------------------------------------
sat
QF_NRA/meti-tarski/sqrt/problem/sqrt-problem-Melquiond2-chunk-0064.smt2 : 271 ms.
--------------------------------------------------
sat
QF_NRA/meti-tarski/sqrt/problem/sqrt-problem-Melquiond2-chunk-0065.smt2 : 145 ms.
--------------------------------------------------
unsat
QF_NRA/meti-tarski/sqrt/problem/sqrt-problem-Melquiond2-chunk-0066.smt2 : 373 ms.
--------------------------------------------------
unsat
QF_NRA/meti-tarski/sqrt/problem/sqrt-problem-Melquiond2-chunk-0067.smt2 : 187 ms.
--------------------------------------------------
sat
QF_NRA/meti-tarski/sqrt/problem/sqrt-problem-Melquiond2-chunk-0068.smt2 : 105 ms.
--------------------------------------------------
sat
QF_NRA/meti-tarski/sqrt/problem/sqrt-problem-Melquiond2-chunk-0069.smt2 : 423 ms.
--------------------------------------------------
unsat
QF_NRA/meti-tarski/sqrt/problem/sqrt-problem-Melquiond2-chunk-0070.smt2 : 179 ms.
--------------------------------------------------
sat
QF_NRA/meti-tarski/sqrt/problem/sqrt-problem-Melquiond2-chunk-0071.smt2 : 425 ms.
--------------------------------------------------
sat
QF_NRA/meti-tarski/sqrt/problem/sqrt-problem-Melquiond2-chunk-0072.smt2 : 408 ms.
--------------------------------------------------
unsat
QF_NRA/meti-tarski/sqrt/problem/sqrt-problem-Melquiond2-chunk-0073.smt2 : 96 ms.
--------------------------------------------------
unsat
QF_NRA/meti-tarski/sqrt/problem/sqrt-problem-Melquiond2-chunk-0074.smt2 : 348 ms.
--------------------------------------------------
sat
QF_NRA/meti-tarski/sqrt/problem/sqrt-problem-Melquiond2-chunk-0075.smt2 : 155 ms.
--------------------------------------------------
sat
QF_NRA/meti-tarski/sqrt/problem/sqrt-problem-Melquiond2-chunk-0076.smt2 : 200 ms.
--------------------------------------------------
./solvers/mathsat/run.sh: line 3: 121268 Killed                  ./mathsat ../$1
QF_NRA/meti-tarski/sqrt/problem/sqrt-problem-Melquiond2-chunk-0077.smt2 : 1800287 ms.
--------------------------------------------------
./solvers/mathsat/run.sh: line 3: 122436 Killed                  ./mathsat ../$1
QF_NRA/meti-tarski/sqrt/problem/sqrt-problem-Melquiond2-chunk-0078.smt2 : 1800225 ms.
--------------------------------------------------
unsat
QF_NRA/meti-tarski/sqrt/problem/sqrt-problem-Melquiond2-chunk-0079.smt2 : 132 ms.
--------------------------------------------------
./solvers/mathsat/run.sh: line 3: 123712 Killed                  ./mathsat ../$1
QF_NRA/meti-tarski/sqrt/problem/sqrt-problem-Melquiond2-chunk-0080.smt2 : 1800144 ms.
--------------------------------------------------
unsat
QF_NRA/meti-tarski/sqrt/problem/sqrt-problem-Melquiond2-chunk-0081.smt2 : 202 ms.
--------------------------------------------------
sat
QF_NRA/meti-tarski/sqrt/problem/sqrt-problem-Melquiond2-chunk-0082.smt2 : 183 ms.
--------------------------------------------------
sat
QF_NRA/meti-tarski/sqrt/problem/sqrt-problem-Melquiond2-chunk-0083.smt2 : 166 ms.
--------------------------------------------------
./solvers/mathsat/run.sh: line 3: 124648 Killed                  ./mathsat ../$1
QF_NRA/meti-tarski/sqrt/problem/sqrt-problem-Melquiond2-chunk-0084.smt2 : 1803891 ms.
--------------------------------------------------
./solvers/mathsat/run.sh: line 3: 125645 Killed                  ./mathsat ../$1
QF_NRA/meti-tarski/sqrt/problem/sqrt-problem-Melquiond2-chunk-0085.smt2 : 1800113 ms.
--------------------------------------------------
unsat
QF_NRA/meti-tarski/sqrt/problem/sqrt-problem-Melquiond2-chunk-0086.smt2 : 107 ms.
--------------------------------------------------
./solvers/mathsat/run.sh: line 3: 126810 Killed                  ./mathsat ../$1
QF_NRA/meti-tarski/sqrt/problem/sqrt-problem-Melquiond2-chunk-0087.smt2 : 1800141 ms.
--------------------------------------------------
./solvers/mathsat/run.sh: line 3: 128023 Killed                  ./mathsat ../$1
QF_NRA/meti-tarski/sqrt/problem/sqrt-problem-Melquiond2-chunk-0088.smt2 : 1800150 ms.
--------------------------------------------------
unsat
QF_NRA/meti-tarski/sqrt/problem/sqrt-problem-Melquiond2-chunk-0089.smt2 : 123 ms.
--------------------------------------------------
./solvers/mathsat/run.sh: line 3: 128774 Killed                  ./mathsat ../$1
QF_NRA/meti-tarski/sqrt/problem/sqrt-problem-Melquiond2-chunk-0090.smt2 : 1800116 ms.
--------------------------------------------------
unsat
QF_NRA/meti-tarski/sqrt/problem/sqrt-problem-Melquiond2-chunk-0091.smt2 : 78 ms.
--------------------------------------------------
sat
QF_NRA/meti-tarski/sqrt/problem/sqrt-problem-Melquiond2-chunk-0092.smt2 : 51 ms.
--------------------------------------------------
./solvers/mathsat/run.sh: line 3: 129710 Killed                  ./mathsat ../$1
QF_NRA/meti-tarski/sqrt/problem/sqrt-problem-Melquiond2-chunk-0093.smt2 : 1800086 ms.
--------------------------------------------------
unsat
QF_NRA/meti-tarski/sqrt/problem/sqrt-problem-Melquiond2-chunk-0094.smt2 : 87 ms.
--------------------------------------------------
./solvers/mathsat/run.sh: line 3: 130416 Killed                  ./mathsat ../$1
QF_NRA/meti-tarski/sqrt/problem/sqrt-problem-Melquiond2-chunk-0095.smt2 : 1800060 ms.
--------------------------------------------------
unsat
QF_NRA/meti-tarski/sqrt/problem/sqrt-problem-Melquiond2-chunk-0096.smt2 : 77 ms.
--------------------------------------------------
sat
QF_NRA/meti-tarski/sqrt/problem/sqrt-problem-Melquiond2-chunk-0097.smt2 : 55 ms.
--------------------------------------------------
./solvers/mathsat/run.sh: line 3: 131245 Killed                  ./mathsat ../$1
QF_NRA/meti-tarski/sqrt/problem/sqrt-problem-Melquiond2-chunk-0098.smt2 : 1800075 ms.
--------------------------------------------------
unsat
QF_NRA/meti-tarski/sqrt/problem/sqrt-problem-Melquiond2-chunk-0099.smt2 : 126 ms.
--------------------------------------------------
sat
QF_NRA/meti-tarski/sqrt/problem/sqrt-problem-Melquiond3-chunk-0017.smt2 : 80 ms.
--------------------------------------------------
sat
QF_NRA/meti-tarski/sqrt/problem/sqrt-problem-Melquiond3-chunk-0018.smt2 : 71 ms.
--------------------------------------------------
sat
QF_NRA/meti-tarski/sqrt/problem/sqrt-problem-Melquiond3-chunk-0019.smt2 : 71 ms.
--------------------------------------------------
./solvers/mathsat/run.sh: line 3: 132075 Killed                  ./mathsat ../$1
QF_NRA/meti-tarski/sqrt/problem/sqrt-problem-Melquiond3-chunk-0020.smt2 : 1800086 ms.
--------------------------------------------------
sat
QF_NRA/meti-tarski/sqrt/problem/sqrt-problem-Melquiond3-chunk-0021.smt2 : 56 ms.
--------------------------------------------------
sat
QF_NRA/meti-tarski/sqrt/problem/sqrt-problem-Melquiond3-chunk-0022.smt2 : 62 ms.
--------------------------------------------------
./solvers/mathsat/run.sh: line 3: 133090 Killed                  ./mathsat ../$1
QF_NRA/meti-tarski/sqrt/problem/sqrt-problem-Melquiond3-chunk-0024.smt2 : 1800132 ms.
--------------------------------------------------
./solvers/mathsat/run.sh: line 3: 133818 Killed                  ./mathsat ../$1
QF_NRA/meti-tarski/sqrt/problem/sqrt-problem-Melquiond3-chunk-0026.smt2 : 1800180 ms.
--------------------------------------------------
./solvers/mathsat/run.sh: line 3: 134446 Killed                  ./mathsat ../$1
QF_NRA/meti-tarski/sqrt/problem/sqrt-problem-Melquiond3-chunk-0029.smt2 : 1800200 ms.
--------------------------------------------------
./solvers/mathsat/run.sh: line 3: 135392 Killed                  ./mathsat ../$1
QF_NRA/meti-tarski/sqrt/problem/sqrt-problem-Melquiond3-chunk-0031.smt2 : 1800085 ms.
--------------------------------------------------
unsat
QF_NRA/meti-tarski/sqrt/problem/sqrt-problem-Melquiond3-chunk-0032.smt2 : 52 ms.
