--------------------------------------------------
sat
QF_NRA/meti-tarski/sqrt/circles/2/sqrt-circles-2-chunk-0002.smt2 : 34 ms.
--------------------------------------------------
sat
QF_NRA/meti-tarski/sqrt/circles/2/sqrt-circles-2-chunk-0005.smt2 : 41 ms.
--------------------------------------------------
sat
QF_NRA/meti-tarski/sqrt/circles/2/sqrt-circles-2-chunk-0006.smt2 : 64 ms.
--------------------------------------------------
sat
QF_NRA/meti-tarski/sqrt/circles/2/sqrt-circles-2-chunk-0007.smt2 : 45 ms.
--------------------------------------------------
./solvers/mathsat/run.sh: line 3: 95155 Killed                  ./mathsat ../$1
QF_NRA/meti-tarski/sqrt/circles/2/sqrt-circles-2-chunk-0008.smt2 : 1800133 ms.
--------------------------------------------------
sat
QF_NRA/meti-tarski/sqrt/circles/2/sqrt-circles-2-chunk-0010.smt2 : 70 ms.
--------------------------------------------------
sat
QF_NRA/meti-tarski/sqrt/circles/2/sqrt-circles-2-chunk-0011.smt2 : 63 ms.
--------------------------------------------------
sat
QF_NRA/meti-tarski/sqrt/circles/2/sqrt-circles-2-chunk-0012.smt2 : 49 ms.
--------------------------------------------------
unsat
QF_NRA/meti-tarski/sqrt/circles/2/sqrt-circles-2-chunk-0013.smt2 : 49 ms.
--------------------------------------------------
sat
QF_NRA/meti-tarski/sqrt/circles/2/sqrt-circles-2-chunk-0014.smt2 : 43 ms.
--------------------------------------------------
unsat
QF_NRA/meti-tarski/sqrt/circles/2/sqrt-circles-2-chunk-0015.smt2 : 54 ms.
