--------------------------------------------------
unsat
QF_NRA/LassoRanker/Ultimate/SyntaxSupportDisjunction4.bpl_Iteration1_Loop_3-pieceTemplate.smt2 : 1144 ms.
--------------------------------------------------
unsat
QF_NRA/LassoRanker/Ultimate/SyntaxSupportDisjunction4.bpl_Iteration1_Loop_4-pieceTemplate.smt2 : 64972 ms.
--------------------------------------------------
sat
QF_NRA/LassoRanker/Ultimate/SyntaxSupportDivision1.bpl_Iteration1_Lasso_2-pieceTemplate.smt2 : 35588 ms.
--------------------------------------------------
sat
QF_NRA/LassoRanker/Ultimate/SyntaxSupportDivision1.bpl_Iteration1_Lasso_3-pieceTemplate.smt2 : 152743 ms.
--------------------------------------------------
sat
QF_NRA/LassoRanker/Ultimate/SyntaxSupportDivision1.bpl_Iteration1_Lasso_4-lexTemplate.smt2 : 27896 ms.
--------------------------------------------------
./solvers/mathsat/run.sh: line 3: 105182 Killed                  ./mathsat ../$1
QF_NRA/LassoRanker/Ultimate/SyntaxSupportDivision1.bpl_Iteration1_Lasso_4-pieceTemplate.smt2 : 1800991 ms.
--------------------------------------------------
sat
QF_NRA/LassoRanker/Ultimate/SyntaxSupportDivision1.bpl_Iteration1_Lasso_5-phaseTemplate.smt2 : 15190 ms.
--------------------------------------------------
sat
QF_NRA/LassoRanker/Ultimate/SyntaxSupportDivision1.bpl_Iteration1_Lasso_6-nestedTemplate.smt2 : 26717 ms.
--------------------------------------------------
sat
QF_NRA/LassoRanker/Ultimate/SyntaxSupportDivision1.bpl_Iteration1_Lasso_6-phaseTemplate.smt2 : 31514 ms.
--------------------------------------------------
sat
QF_NRA/LassoRanker/Ultimate/SyntaxSupportDivision1.bpl_Iteration1_Lasso_7-nestedTemplate.smt2 : 44042 ms.
--------------------------------------------------
sat
QF_NRA/LassoRanker/Ultimate/SyntaxSupportDivision1.bpl_Iteration1_Lasso_7-phaseTemplate.smt2 : 93618 ms.
--------------------------------------------------
sat
QF_NRA/LassoRanker/Ultimate/TelAviv-AmirMinimum.bpl_Iteration1_Loop_3-pieceTemplate.smt2 : 106848 ms.
--------------------------------------------------
sat
QF_NRA/LassoRanker/Ultimate/TelAviv-AmirMinimum.bpl_Iteration1_Loop_4-pieceTemplate.smt2 : 345131 ms.
--------------------------------------------------
unsat
QF_NRA/LassoRanker/Ultimate/Thun.bpl_Iteration1_Loop_3-pieceTemplate.smt2 : 2342 ms.
--------------------------------------------------
unsat
QF_NRA/LassoRanker/Ultimate/Thun.bpl_Iteration1_Loop_4-pieceTemplate.smt2 : 24468 ms.
--------------------------------------------------
sat
QF_NRA/LassoRanker/Ultimate/ThunPower2.bpl_Iteration1_Loop_4-pieceTemplate.smt2 : 702 ms.
--------------------------------------------------
unsat
QF_NRA/LassoRanker/Ultimate/TwoPhase.bpl_Iteration1_Loop_3-pieceTemplate.smt2 : 875 ms.
--------------------------------------------------
unsat
QF_NRA/LassoRanker/Ultimate/TwoPhase.bpl_Iteration1_Loop_4-pieceTemplate.smt2 : 15459 ms.
--------------------------------------------------
sat
QF_NRA/LassoRanker/Ultimate/Wellington.bpl_Iteration1_Loop_4-pieceTemplate.smt2 : 431 ms.
--------------------------------------------------
unsat
QF_NRA/LassoRanker/Ultimate/yPositive-MixedIntReal.bpl_Iteration1_Loop_3-pieceTemplate.smt2 : 4017 ms.
--------------------------------------------------
unsat
QF_NRA/LassoRanker/Ultimate/yPositive-MixedIntReal.bpl_Iteration1_Loop_4-pieceTemplate.smt2 : 86657 ms.
--------------------------------------------------
unsat
QF_NRA/LassoRanker/Ultimate/yPositive-SIscaled100.bpl_Iteration1_Loop_2-pieceTemplate.smt2 : 280549 ms.
--------------------------------------------------
./solvers/mathsat/run.sh: line 3: 109264 Killed                  ./mathsat ../$1
QF_NRA/LassoRanker/Ultimate/yPositive-SIscaled100.bpl_Iteration1_Loop_3-pieceTemplate.smt2 : 1801585 ms.
--------------------------------------------------
sat
QF_NRA/LassoRanker/Ultimate/yPositive-SIscaled100.bpl_Iteration1_Loop_4-phaseTemplate.smt2 : 96101 ms.
--------------------------------------------------
./solvers/mathsat/run.sh: line 3: 111901 Killed                  ./mathsat ../$1
QF_NRA/LassoRanker/Ultimate/yPositive-SIscaled100.bpl_Iteration1_Loop_4-pieceTemplate.smt2 : 1801202 ms.
--------------------------------------------------
sat
QF_NRA/LassoRanker/Ultimate/yPositive-SIscaled100.bpl_Iteration1_Loop_5-phaseTemplate.smt2 : 48019 ms.
--------------------------------------------------
sat
QF_NRA/LassoRanker/Ultimate/yPositive-SIscaled100.bpl_Iteration1_Loop_6-phaseTemplate.smt2 : 76206 ms.
--------------------------------------------------
sat
QF_NRA/LassoRanker/Ultimate/yPositive-SIscaled100.bpl_Iteration1_Loop_7-phaseTemplate.smt2 : 320263 ms.
--------------------------------------------------
./solvers/mathsat/run.sh: line 3: 115522 Killed                  ./mathsat ../$1
QF_NRA/LassoRanker/Ultimate/yPositive-SIscaled50.bpl_Iteration1_Loop_3-pieceTemplate.smt2 : 1800408 ms.
--------------------------------------------------
./solvers/mathsat/run.sh: line 3: 116584 Killed                  ./mathsat ../$1
QF_NRA/LassoRanker/Ultimate/yPositive-SIscaled50.bpl_Iteration1_Loop_4-pieceTemplate.smt2 : 1800378 ms.
--------------------------------------------------
unsat
QF_NRA/LassoRanker/Ultimate/yPositive-SIscaled75.bpl_Iteration1_Loop_2-pieceTemplate.smt2 : 153394 ms.
--------------------------------------------------
./solvers/mathsat/run.sh: line 3: 118338 Killed                  ./mathsat ../$1
QF_NRA/LassoRanker/Ultimate/yPositive-SIscaled75.bpl_Iteration1_Loop_3-pieceTemplate.smt2 : 1800579 ms.
--------------------------------------------------
./solvers/mathsat/run.sh: line 3: 120399 Killed                  ./mathsat ../$1
QF_NRA/LassoRanker/Ultimate/yPositive-SIscaled75.bpl_Iteration1_Loop_4-pieceTemplate.smt2 : 1801434 ms.
--------------------------------------------------
sat
QF_NRA/LassoRanker/Ultimate/yPositive-SIscaled75.bpl_Iteration1_Loop_7-phaseTemplate.smt2 : 248504 ms.
--------------------------------------------------
unsat
QF_NRA/LassoRanker/Ultimate/ZenoWithoutDivision.bpl_Iteration1_Lasso_4-pieceTemplate.smt2 : 894 ms.
--------------------------------------------------
unsat
QF_NRA/LassoRanker/Ultimate/ZenoWithoutDivision.bpl_Iteration1_Loop_4-pieceTemplate.smt2 : 730 ms.
