--------------------------------------------------
sat
QF_NRA/meti-tarski/Chua/2/VC2/L/Chua-2-VC2-L-chunk-0009.smt2 : 49 ms.
--------------------------------------------------
sat
QF_NRA/meti-tarski/Chua/2/VC2/L/Chua-2-VC2-L-chunk-0011.smt2 : 35 ms.
--------------------------------------------------
sat
QF_NRA/meti-tarski/Chua/2/VC2/L/Chua-2-VC2-L-chunk-0012.smt2 : 38 ms.
--------------------------------------------------
sat
QF_NRA/meti-tarski/Chua/2/VC2/L/Chua-2-VC2-L-chunk-0013.smt2 : 43 ms.
--------------------------------------------------
sat
QF_NRA/meti-tarski/Chua/2/VC2/L/Chua-2-VC2-L-chunk-0015.smt2 : 45 ms.
--------------------------------------------------
./solvers/mathsat/run.sh: line 3: 93245 Killed                  ./mathsat ../$1
QF_NRA/meti-tarski/Chua/2/VC2/L/Chua-2-VC2-L-chunk-0016.smt2 : 1800081 ms.
--------------------------------------------------
sat
QF_NRA/meti-tarski/Chua/2/VC2/L/Chua-2-VC2-L-chunk-0018.smt2 : 69 ms.
--------------------------------------------------
sat
QF_NRA/meti-tarski/Chua/2/VC2/L/Chua-2-VC2-L-chunk-0020.smt2 : 56 ms.
--------------------------------------------------
sat
QF_NRA/meti-tarski/Chua/2/VC2/L/Chua-2-VC2-L-chunk-0021.smt2 : 66 ms.
--------------------------------------------------
sat
QF_NRA/meti-tarski/Chua/2/VC2/L/Chua-2-VC2-L-chunk-0022.smt2 : 48 ms.
--------------------------------------------------
sat
QF_NRA/meti-tarski/Chua/2/VC2/L/Chua-2-VC2-L-chunk-0023.smt2 : 63 ms.
--------------------------------------------------
unsat
QF_NRA/meti-tarski/Chua/2/VC2/L/Chua-2-VC2-L-chunk-0027.smt2 : 44 ms.
--------------------------------------------------
unsat
QF_NRA/meti-tarski/Chua/2/VC2/L/Chua-2-VC2-L-chunk-0028.smt2 : 48 ms.
--------------------------------------------------
sat
QF_NRA/meti-tarski/Chua/2/VC2/L/Chua-2-VC2-L-chunk-0029.smt2 : 45 ms.
--------------------------------------------------
unsat
QF_NRA/meti-tarski/Chua/2/VC2/L/Chua-2-VC2-L-chunk-0030.smt2 : 50 ms.
--------------------------------------------------
unsat
QF_NRA/meti-tarski/Chua/2/VC2/L/Chua-2-VC2-L-chunk-0032.smt2 : 57 ms.
--------------------------------------------------
sat
QF_NRA/meti-tarski/Chua/2/VC2/L/Chua-2-VC2-L-chunk-0033.smt2 : 49 ms.
--------------------------------------------------
sat
QF_NRA/meti-tarski/Chua/2/VC2/L/Chua-2-VC2-L-chunk-0034.smt2 : 53 ms.
--------------------------------------------------
sat
QF_NRA/meti-tarski/Chua/2/VC2/L/Chua-2-VC2-L-chunk-0035.smt2 : 51 ms.
--------------------------------------------------
unsat
QF_NRA/meti-tarski/Chua/2/VC2/L/Chua-2-VC2-L-chunk-0036.smt2 : 48 ms.
--------------------------------------------------
sat
QF_NRA/meti-tarski/Chua/2/VC2/L/Chua-2-VC2-L-chunk-0037.smt2 : 54 ms.
--------------------------------------------------
unsat
QF_NRA/meti-tarski/Chua/2/VC2/L/Chua-2-VC2-L-chunk-0038.smt2 : 55 ms.
--------------------------------------------------
unsat
QF_NRA/meti-tarski/Chua/2/VC2/L/Chua-2-VC2-L-chunk-0039.smt2 : 42 ms.
--------------------------------------------------
sat
QF_NRA/meti-tarski/Chua/2/VC2/L/Chua-2-VC2-L-chunk-0040.smt2 : 55 ms.
--------------------------------------------------
unsat
QF_NRA/meti-tarski/Chua/2/VC2/L/Chua-2-VC2-L-chunk-0041.smt2 : 46 ms.
--------------------------------------------------
sat
QF_NRA/meti-tarski/Chua/2/VC2/L/Chua-2-VC2-L-chunk-0042.smt2 : 53 ms.
--------------------------------------------------
unsat
QF_NRA/meti-tarski/Chua/2/VC2/L/Chua-2-VC2-L-chunk-0043.smt2 : 72 ms.
--------------------------------------------------
sat
QF_NRA/meti-tarski/Chua/2/VC2/L/Chua-2-VC2-L-chunk-0045.smt2 : 43 ms.
--------------------------------------------------
unsat
QF_NRA/meti-tarski/Chua/2/VC2/L/Chua-2-VC2-L-chunk-0046.smt2 : 65 ms.
--------------------------------------------------
sat
QF_NRA/meti-tarski/Chua/2/VC2/L/Chua-2-VC2-L-chunk-0047.smt2 : 44 ms.
--------------------------------------------------
unsat
QF_NRA/meti-tarski/Chua/2/VC2/L/Chua-2-VC2-L-chunk-0049.smt2 : 36 ms.
--------------------------------------------------
sat
QF_NRA/meti-tarski/Chua/2/VC2/L/Chua-2-VC2-L-chunk-0050.smt2 : 48 ms.
--------------------------------------------------
unsat
QF_NRA/meti-tarski/Chua/2/VC2/L/Chua-2-VC2-L-chunk-0051.smt2 : 41 ms.
--------------------------------------------------
unsat
QF_NRA/meti-tarski/Chua/2/VC2/L/Chua-2-VC2-L-chunk-0052.smt2 : 52 ms.
--------------------------------------------------
sat
QF_NRA/meti-tarski/Chua/2/VC2/L/Chua-2-VC2-L-chunk-0053.smt2 : 49 ms.
--------------------------------------------------
sat
QF_NRA/meti-tarski/Chua/2/VC2/L/Chua-2-VC2-L-chunk-0054.smt2 : 50 ms.
--------------------------------------------------
sat
QF_NRA/meti-tarski/Chua/2/VC2/L/Chua-2-VC2-L-chunk-0055.smt2 : 54 ms.
--------------------------------------------------
sat
QF_NRA/meti-tarski/Chua/2/VC2/L/Chua-2-VC2-L-chunk-0056.smt2 : 51 ms.
--------------------------------------------------
unsat
QF_NRA/meti-tarski/Chua/2/VC2/L/Chua-2-VC2-L-chunk-0057.smt2 : 60 ms.
--------------------------------------------------
unsat
QF_NRA/meti-tarski/Chua/2/VC2/L/Chua-2-VC2-L-chunk-0058.smt2 : 47 ms.
--------------------------------------------------
sat
QF_NRA/meti-tarski/Chua/2/VC2/L/Chua-2-VC2-L-chunk-0059.smt2 : 44 ms.
--------------------------------------------------
sat
QF_NRA/meti-tarski/Chua/2/VC2/L/Chua-2-VC2-L-chunk-0060.smt2 : 44 ms.
--------------------------------------------------
unsat
QF_NRA/meti-tarski/Chua/2/VC2/L/Chua-2-VC2-L-chunk-0061.smt2 : 45 ms.
--------------------------------------------------
sat
QF_NRA/meti-tarski/Chua/2/VC2/L/Chua-2-VC2-L-chunk-0062.smt2 : 39 ms.
--------------------------------------------------
unsat
QF_NRA/meti-tarski/Chua/2/VC2/L/Chua-2-VC2-L-chunk-0063.smt2 : 49 ms.
--------------------------------------------------
unsat
QF_NRA/meti-tarski/Chua/2/VC2/L/Chua-2-VC2-L-chunk-0064.smt2 : 41 ms.
--------------------------------------------------
sat
QF_NRA/meti-tarski/Chua/2/VC2/L/Chua-2-VC2-L-chunk-0066.smt2 : 46 ms.
--------------------------------------------------
unsat
QF_NRA/meti-tarski/Chua/2/VC2/L/Chua-2-VC2-L-chunk-0067.smt2 : 51 ms.
--------------------------------------------------
./solvers/mathsat/run.sh: line 3: 107378 Killed                  ./mathsat ../$1
QF_NRA/meti-tarski/Chua/2/VC2/L/Chua-2-VC2-L-chunk-0068.smt2 : 1800153 ms.
--------------------------------------------------
sat
QF_NRA/meti-tarski/Chua/2/VC2/L/Chua-2-VC2-L-chunk-0069.smt2 : 102 ms.
--------------------------------------------------
unsat
QF_NRA/meti-tarski/Chua/2/VC2/L/Chua-2-VC2-L-chunk-0070.smt2 : 92 ms.
