--------------------------------------------------
sat
QF_NRA/meti-tarski/polypaver/bench-sqrt-3d/polypaver-bench-sqrt-3d-chunk-0338.smt2 : 59 ms.
--------------------------------------------------
./solvers/mathsat/run.sh: line 3: 93736 Killed                  ./mathsat ../$1
QF_NRA/meti-tarski/polypaver/bench-sqrt-3d/polypaver-bench-sqrt-3d-chunk-0339.smt2 : 1800098 ms.
--------------------------------------------------
./solvers/mathsat/run.sh: line 3: 106221 Killed                  ./mathsat ../$1
QF_NRA/meti-tarski/polypaver/bench-sqrt-3d/polypaver-bench-sqrt-3d-chunk-0341.smt2 : 1800144 ms.
--------------------------------------------------
unsat
QF_NRA/meti-tarski/polypaver/bench-sqrt-3d/polypaver-bench-sqrt-3d-chunk-0342.smt2 : 101 ms.
--------------------------------------------------
unsat
QF_NRA/meti-tarski/polypaver/bench-sqrt-3d/polypaver-bench-sqrt-3d-chunk-0343.smt2 : 81 ms.
--------------------------------------------------
sat
QF_NRA/meti-tarski/polypaver/bench-sqrt-3d/polypaver-bench-sqrt-3d-chunk-0344.smt2 : 80 ms.
--------------------------------------------------
unsat
QF_NRA/meti-tarski/polypaver/bench-sqrt-3d/polypaver-bench-sqrt-3d-chunk-0345.smt2 : 70 ms.
--------------------------------------------------
unsat
QF_NRA/meti-tarski/polypaver/bench-sqrt-3d/polypaver-bench-sqrt-3d-chunk-0346.smt2 : 58 ms.
--------------------------------------------------
sat
QF_NRA/meti-tarski/polypaver/bench-sqrt-3d/polypaver-bench-sqrt-3d-chunk-0347.smt2 : 65 ms.
--------------------------------------------------
sat
QF_NRA/meti-tarski/polypaver/bench-sqrt-3d/polypaver-bench-sqrt-3d-chunk-0348.smt2 : 148 ms.
--------------------------------------------------
./solvers/mathsat/run.sh: line 3: 109794 Killed                  ./mathsat ../$1
QF_NRA/meti-tarski/polypaver/bench-sqrt-3d/polypaver-bench-sqrt-3d-chunk-0349.smt2 : 1800074 ms.
--------------------------------------------------
./solvers/mathsat/run.sh: line 3: 112440 Killed                  ./mathsat ../$1
QF_NRA/meti-tarski/polypaver/bench-sqrt-3d/polypaver-bench-sqrt-3d-chunk-0350.smt2 : 1800367 ms.
--------------------------------------------------
./solvers/mathsat/run.sh: line 3: 114716 Killed                  ./mathsat ../$1
QF_NRA/meti-tarski/polypaver/bench-sqrt-3d/polypaver-bench-sqrt-3d-chunk-0351.smt2 : 1800189 ms.
--------------------------------------------------
sat
QF_NRA/meti-tarski/polypaver/bench-sqrt-3d/polypaver-bench-sqrt-3d-chunk-0352.smt2 : 53 ms.
--------------------------------------------------
sat
QF_NRA/meti-tarski/polypaver/bench-sqrt-3d/polypaver-bench-sqrt-3d-chunk-0353.smt2 : 71 ms.
--------------------------------------------------
./solvers/mathsat/run.sh: line 3: 116214 Killed                  ./mathsat ../$1
QF_NRA/meti-tarski/polypaver/bench-sqrt-3d/polypaver-bench-sqrt-3d-chunk-0357.smt2 : 1800091 ms.
--------------------------------------------------
unsat
QF_NRA/meti-tarski/polypaver/bench-sqrt-3d/polypaver-bench-sqrt-3d-chunk-0358.smt2 : 71 ms.
--------------------------------------------------
sat
QF_NRA/meti-tarski/polypaver/bench-sqrt-3d/polypaver-bench-sqrt-3d-chunk-0361.smt2 : 61 ms.
--------------------------------------------------
sat
QF_NRA/meti-tarski/polypaver/bench-sqrt-3d/polypaver-bench-sqrt-3d-chunk-0363.smt2 : 31 ms.
--------------------------------------------------
sat
QF_NRA/meti-tarski/polypaver/bench-sqrt-3d/polypaver-bench-sqrt-3d-chunk-0364.smt2 : 254 ms.
--------------------------------------------------
sat
QF_NRA/meti-tarski/polypaver/bench-sqrt-3d/polypaver-bench-sqrt-3d-chunk-0365.smt2 : 55 ms.
--------------------------------------------------
unsat
QF_NRA/meti-tarski/polypaver/bench-sqrt-3d/polypaver-bench-sqrt-3d-chunk-0366.smt2 : 50 ms.
--------------------------------------------------
./solvers/mathsat/run.sh: line 3: 117448 Killed                  ./mathsat ../$1
QF_NRA/meti-tarski/polypaver/bench-sqrt-3d/polypaver-bench-sqrt-3d-chunk-0367.smt2 : 1800083 ms.
--------------------------------------------------
sat
QF_NRA/meti-tarski/polypaver/bench-sqrt-3d/polypaver-bench-sqrt-3d-chunk-0369.smt2 : 4192 ms.
--------------------------------------------------
./solvers/mathsat/run.sh: line 3: 119637 Killed                  ./mathsat ../$1
QF_NRA/meti-tarski/polypaver/bench-sqrt-3d/polypaver-bench-sqrt-3d-chunk-0370.smt2 : 1800186 ms.
--------------------------------------------------
unsat
QF_NRA/meti-tarski/polypaver/bench-sqrt-3d/polypaver-bench-sqrt-3d-chunk-0371.smt2 : 432 ms.
--------------------------------------------------
sat
QF_NRA/meti-tarski/polypaver/bench-sqrt-3d/polypaver-bench-sqrt-3d-chunk-0372.smt2 : 773 ms.
--------------------------------------------------
unsat
QF_NRA/meti-tarski/polypaver/bench-sqrt-3d/polypaver-bench-sqrt-3d-chunk-0373.smt2 : 177 ms.
--------------------------------------------------
sat
QF_NRA/meti-tarski/polypaver/bench-sqrt-3d/polypaver-bench-sqrt-3d-chunk-0374.smt2 : 428 ms.
--------------------------------------------------
sat
QF_NRA/meti-tarski/polypaver/bench-sqrt-3d/polypaver-bench-sqrt-3d-chunk-0375.smt2 : 406 ms.
--------------------------------------------------
sat
QF_NRA/meti-tarski/polypaver/bench-sqrt-3d/polypaver-bench-sqrt-3d-chunk-0376.smt2 : 1675 ms.
--------------------------------------------------
./solvers/mathsat/run.sh: line 3: 121290 Killed                  ./mathsat ../$1
QF_NRA/meti-tarski/polypaver/bench-sqrt-3d/polypaver-bench-sqrt-3d-chunk-0377.smt2 : 1800476 ms.
--------------------------------------------------
unsat
QF_NRA/meti-tarski/polypaver/bench-sqrt-3d/polypaver-bench-sqrt-3d-chunk-0378.smt2 : 354 ms.
--------------------------------------------------
./solvers/mathsat/run.sh: line 3: 122468 Killed                  ./mathsat ../$1
QF_NRA/meti-tarski/polypaver/bench-sqrt-3d/polypaver-bench-sqrt-3d-chunk-0379.smt2 : 1800358 ms.
--------------------------------------------------
unsat
QF_NRA/meti-tarski/polypaver/bench-sqrt-3d/polypaver-bench-sqrt-3d-chunk-0380.smt2 : 137 ms.
--------------------------------------------------
sat
QF_NRA/meti-tarski/polypaver/bench-sqrt-3d/polypaver-bench-sqrt-3d-chunk-0381.smt2 : 18011 ms.
--------------------------------------------------
unsat
QF_NRA/meti-tarski/polypaver/bench-sqrt-3d/polypaver-bench-sqrt-3d-chunk-0382.smt2 : 159 ms.
--------------------------------------------------
sat
QF_NRA/meti-tarski/polypaver/bench-sqrt-3d/polypaver-bench-sqrt-3d-chunk-0383.smt2 : 144 ms.
--------------------------------------------------
sat
QF_NRA/meti-tarski/polypaver/bench-sqrt-3d/polypaver-bench-sqrt-3d-chunk-0384.smt2 : 1837 ms.
--------------------------------------------------
unsat
QF_NRA/meti-tarski/polypaver/bench-sqrt-3d/polypaver-bench-sqrt-3d-chunk-0385.smt2 : 143 ms.
--------------------------------------------------
sat
QF_NRA/meti-tarski/polypaver/bench-sqrt-3d/polypaver-bench-sqrt-3d-chunk-0387.smt2 : 139 ms.
--------------------------------------------------
sat
QF_NRA/meti-tarski/polypaver/bench-sqrt-3d/polypaver-bench-sqrt-3d-chunk-0388.smt2 : 140 ms.
--------------------------------------------------
sat
QF_NRA/meti-tarski/polypaver/bench-sqrt-3d/polypaver-bench-sqrt-3d-chunk-0389.smt2 : 137 ms.
--------------------------------------------------
sat
QF_NRA/meti-tarski/polypaver/bench-sqrt-3d/polypaver-bench-sqrt-3d-chunk-0390.smt2 : 142 ms.
--------------------------------------------------
sat
QF_NRA/meti-tarski/polypaver/bench-sqrt-3d/polypaver-bench-sqrt-3d-chunk-0391.smt2 : 148 ms.
--------------------------------------------------
sat
QF_NRA/meti-tarski/polypaver/bench-sqrt-3d/polypaver-bench-sqrt-3d-chunk-0392.smt2 : 148 ms.
--------------------------------------------------
./solvers/mathsat/run.sh: line 3: 123883 Killed                  ./mathsat ../$1
QF_NRA/meti-tarski/polypaver/bench-sqrt-3d/polypaver-bench-sqrt-3d-chunk-0396.smt2 : 1800252 ms.
--------------------------------------------------
unsat
QF_NRA/meti-tarski/polypaver/bench-sqrt-3d/polypaver-bench-sqrt-3d-chunk-0397.smt2 : 145 ms.
--------------------------------------------------
./solvers/mathsat/run.sh: line 3: 124856 Killed                  ./mathsat ../$1
QF_NRA/meti-tarski/polypaver/bench-sqrt-3d/polypaver-bench-sqrt-3d-chunk-0400.smt2 : 1800163 ms.
--------------------------------------------------
unsat
QF_NRA/meti-tarski/polypaver/bench-sqrt-3d/polypaver-bench-sqrt-3d-chunk-0401.smt2 : 99 ms.
--------------------------------------------------
unsat
QF_NRA/meti-tarski/polypaver/bench-sqrt-3d/polypaver-bench-sqrt-3d-chunk-0402.smt2 : 85 ms.
--------------------------------------------------
sat
QF_NRA/meti-tarski/polypaver/bench-sqrt-3d/polypaver-bench-sqrt-3d-chunk-0403.smt2 : 317 ms.
--------------------------------------------------
./solvers/mathsat/run.sh: line 3: 125787 Killed                  ./mathsat ../$1
QF_NRA/meti-tarski/polypaver/bench-sqrt-3d/polypaver-bench-sqrt-3d-chunk-0404.smt2 : 1800161 ms.
--------------------------------------------------
sat
QF_NRA/meti-tarski/polypaver/bench-sqrt-3d/polypaver-bench-sqrt-3d-chunk-0405.smt2 : 519 ms.
--------------------------------------------------
sat
QF_NRA/meti-tarski/polypaver/bench-sqrt-3d/polypaver-bench-sqrt-3d-chunk-0406.smt2 : 90 ms.
--------------------------------------------------
./solvers/mathsat/run.sh: line 3: 126965 Killed                  ./mathsat ../$1
QF_NRA/meti-tarski/polypaver/bench-sqrt-3d/polypaver-bench-sqrt-3d-chunk-0407.smt2 : 1800190 ms.
--------------------------------------------------
unsat
QF_NRA/meti-tarski/polypaver/bench-sqrt-3d/polypaver-bench-sqrt-3d-chunk-0408.smt2 : 161 ms.
--------------------------------------------------
unsat
QF_NRA/meti-tarski/polypaver/bench-sqrt-3d/polypaver-bench-sqrt-3d-chunk-0409.smt2 : 125 ms.
--------------------------------------------------
./solvers/mathsat/run.sh: line 3: 128121 Killed                  ./mathsat ../$1
QF_NRA/meti-tarski/polypaver/bench-sqrt-3d/polypaver-bench-sqrt-3d-chunk-0410.smt2 : 1800153 ms.
--------------------------------------------------
unsat
QF_NRA/meti-tarski/polypaver/bench-sqrt-3d/polypaver-bench-sqrt-3d-chunk-0411.smt2 : 317 ms.
--------------------------------------------------
sat
QF_NRA/meti-tarski/polypaver/bench-sqrt-3d/polypaver-bench-sqrt-3d-chunk-0412.smt2 : 100 ms.
--------------------------------------------------
sat
QF_NRA/meti-tarski/polypaver/bench-sqrt-3d/polypaver-bench-sqrt-3d-chunk-0413.smt2 : 134 ms.
--------------------------------------------------
unsat
QF_NRA/meti-tarski/polypaver/bench-sqrt-3d/polypaver-bench-sqrt-3d-chunk-0414.smt2 : 109 ms.
--------------------------------------------------
sat
QF_NRA/meti-tarski/polypaver/bench-sqrt-3d/polypaver-bench-sqrt-3d-chunk-0415.smt2 : 125 ms.
--------------------------------------------------
sat
QF_NRA/meti-tarski/polypaver/bench-sqrt-3d/polypaver-bench-sqrt-3d-chunk-0416.smt2 : 97 ms.
--------------------------------------------------
sat
QF_NRA/meti-tarski/polypaver/bench-sqrt-3d/polypaver-bench-sqrt-3d-chunk-0417.smt2 : 105 ms.
--------------------------------------------------
sat
QF_NRA/meti-tarski/polypaver/bench-sqrt-3d/polypaver-bench-sqrt-3d-chunk-0418.smt2 : 641 ms.
--------------------------------------------------
./solvers/mathsat/run.sh: line 3: 128923 Killed                  ./mathsat ../$1
QF_NRA/meti-tarski/polypaver/bench-sqrt-3d/polypaver-bench-sqrt-3d-chunk-0419.smt2 : 1800199 ms.
--------------------------------------------------
sat
QF_NRA/meti-tarski/polypaver/bench-sqrt-3d/polypaver-bench-sqrt-3d-chunk-0420.smt2 : 12551 ms.
--------------------------------------------------
unsat
QF_NRA/meti-tarski/polypaver/bench-sqrt-3d/polypaver-bench-sqrt-3d-chunk-0421.smt2 : 50 ms.
--------------------------------------------------
sat
QF_NRA/meti-tarski/polypaver/bench-sqrt-3d/polypaver-bench-sqrt-3d-chunk-0422.smt2 : 85 ms.
--------------------------------------------------
sat
QF_NRA/meti-tarski/polypaver/bench-sqrt-3d/polypaver-bench-sqrt-3d-chunk-0423.smt2 : 64 ms.
--------------------------------------------------
sat
QF_NRA/meti-tarski/polypaver/bench-sqrt-3d/polypaver-bench-sqrt-3d-chunk-0424.smt2 : 63 ms.
--------------------------------------------------
unsat
QF_NRA/meti-tarski/polypaver/bench-sqrt-3d/polypaver-bench-sqrt-3d-chunk-0425.smt2 : 28 ms.
--------------------------------------------------
sat
QF_NRA/meti-tarski/polypaver/bench-sqrt-3d/polypaver-bench-sqrt-3d-chunk-0426.smt2 : 46 ms.
--------------------------------------------------
sat
QF_NRA/meti-tarski/polypaver/bench-sqrt-3d/polypaver-bench-sqrt-3d-chunk-0427.smt2 : 51 ms.
--------------------------------------------------
sat
QF_NRA/meti-tarski/polypaver/bench-sqrt-3d/polypaver-bench-sqrt-3d-chunk-0428.smt2 : 701 ms.
--------------------------------------------------
./solvers/mathsat/run.sh: line 3: 129798 Killed                  ./mathsat ../$1
QF_NRA/meti-tarski/polypaver/bench-sqrt-3d/polypaver-bench-sqrt-3d-chunk-0429.smt2 : 1800095 ms.
--------------------------------------------------
sat
QF_NRA/meti-tarski/polypaver/bench-sqrt-3d/polypaver-bench-sqrt-3d-chunk-0430.smt2 : 11008 ms.
--------------------------------------------------
unsat
QF_NRA/meti-tarski/polypaver/bench-sqrt-3d/polypaver-bench-sqrt-3d-chunk-0431.smt2 : 80 ms.
--------------------------------------------------
./solvers/mathsat/run.sh: line 3: 130565 Killed                  ./mathsat ../$1
QF_NRA/meti-tarski/polypaver/bench-sqrt-3d/polypaver-bench-sqrt-3d-chunk-0432.smt2 : 1800095 ms.
--------------------------------------------------
sat
QF_NRA/meti-tarski/polypaver/bench-sqrt-3d/polypaver-bench-sqrt-3d-chunk-0433.smt2 : 3229 ms.
--------------------------------------------------
sat
QF_NRA/meti-tarski/polypaver/bench-sqrt-3d/polypaver-bench-sqrt-3d-chunk-0434.smt2 : 73346 ms.
--------------------------------------------------
unsat
QF_NRA/meti-tarski/polypaver/bench-sqrt-3d/polypaver-bench-sqrt-3d-chunk-0435.smt2 : 60 ms.
--------------------------------------------------
./solvers/mathsat/run.sh: line 3: 131430 Killed                  ./mathsat ../$1
QF_NRA/meti-tarski/polypaver/bench-sqrt-3d/polypaver-bench-sqrt-3d-chunk-0437.smt2 : 1800113 ms.
--------------------------------------------------
sat
QF_NRA/meti-tarski/polypaver/bench-sqrt-3d/polypaver-bench-sqrt-3d-chunk-0438.smt2 : 4224 ms.
--------------------------------------------------
./solvers/mathsat/run.sh: line 3: 132228 Killed                  ./mathsat ../$1
QF_NRA/meti-tarski/polypaver/bench-sqrt-3d/polypaver-bench-sqrt-3d-chunk-0439.smt2 : 1800151 ms.
--------------------------------------------------
sat
QF_NRA/meti-tarski/polypaver/bench-sqrt-3d/polypaver-bench-sqrt-3d-chunk-0440.smt2 : 63040 ms.
--------------------------------------------------
./solvers/mathsat/run.sh: line 3: 133279 Killed                  ./mathsat ../$1
QF_NRA/meti-tarski/polypaver/bench-sqrt-3d/polypaver-bench-sqrt-3d-chunk-0441.smt2 : 1800057 ms.
--------------------------------------------------
sat
QF_NRA/meti-tarski/polypaver/bench-sqrt-3d/polypaver-bench-sqrt-3d-chunk-0442.smt2 : 1441 ms.
--------------------------------------------------
./solvers/mathsat/run.sh: line 3: 134004 Killed                  ./mathsat ../$1
QF_NRA/meti-tarski/polypaver/bench-sqrt-3d/polypaver-bench-sqrt-3d-chunk-0443.smt2 : 1800134 ms.
--------------------------------------------------
sat
QF_NRA/meti-tarski/polypaver/bench-sqrt-3d/polypaver-bench-sqrt-3d-chunk-0444.smt2 : 590 ms.
--------------------------------------------------
unsat
QF_NRA/meti-tarski/polypaver/bench-sqrt-3d/polypaver-bench-sqrt-3d-chunk-0445.smt2 : 57 ms.
--------------------------------------------------
./solvers/mathsat/run.sh: line 3: 134809 Killed                  ./mathsat ../$1
QF_NRA/meti-tarski/polypaver/bench-sqrt-3d/polypaver-bench-sqrt-3d-chunk-0446.smt2 : 1800164 ms.
--------------------------------------------------
sat
QF_NRA/meti-tarski/polypaver/bench-sqrt-3d/polypaver-bench-sqrt-3d-chunk-0447.smt2 : 71779 ms.
--------------------------------------------------
sat
QF_NRA/meti-tarski/polypaver/bench-sqrt-3d/polypaver-bench-sqrt-3d-chunk-0448.smt2 : 111828 ms.
--------------------------------------------------
unsat
QF_NRA/meti-tarski/polypaver/bench-sqrt-3d/polypaver-bench-sqrt-3d-chunk-0449.smt2 : 55 ms.
--------------------------------------------------
sat
QF_NRA/meti-tarski/polypaver/bench-sqrt-3d/polypaver-bench-sqrt-3d-chunk-0450.smt2 : 516 ms.
--------------------------------------------------
./solvers/mathsat/run.sh: line 3: 135581 Killed                  ./mathsat ../$1
QF_NRA/meti-tarski/polypaver/bench-sqrt-3d/polypaver-bench-sqrt-3d-chunk-0451.smt2 : 1800201 ms.
--------------------------------------------------
./solvers/mathsat/run.sh: line 3: 136196 Killed                  ./mathsat ../$1
QF_NRA/meti-tarski/polypaver/bench-sqrt-3d/polypaver-bench-sqrt-3d-chunk-0452.smt2 : 1800298 ms.
--------------------------------------------------
./solvers/mathsat/run.sh: line 3: 136837 Killed                  ./mathsat ../$1
QF_NRA/meti-tarski/polypaver/bench-sqrt-3d/polypaver-bench-sqrt-3d-chunk-0453.smt2 : 1800299 ms.
--------------------------------------------------
./solvers/mathsat/run.sh: line 3: 137587 Killed                  ./mathsat ../$1
QF_NRA/meti-tarski/polypaver/bench-sqrt-3d/polypaver-bench-sqrt-3d-chunk-0454.smt2 : 1800390 ms.
--------------------------------------------------
sat
QF_NRA/meti-tarski/polypaver/bench-sqrt-3d/polypaver-bench-sqrt-3d-chunk-0455.smt2 : 8107 ms.
--------------------------------------------------
unsat
QF_NRA/meti-tarski/polypaver/bench-sqrt-3d/polypaver-bench-sqrt-3d-chunk-0456.smt2 : 59 ms.
--------------------------------------------------
sat
QF_NRA/meti-tarski/polypaver/bench-sqrt-3d/polypaver-bench-sqrt-3d-chunk-0457.smt2 : 98928 ms.
--------------------------------------------------
sat
QF_NRA/meti-tarski/polypaver/bench-sqrt-3d/polypaver-bench-sqrt-3d-chunk-0458.smt2 : 3160 ms.
--------------------------------------------------
./solvers/mathsat/run.sh: line 3: 138416 Killed                  ./mathsat ../$1
QF_NRA/meti-tarski/polypaver/bench-sqrt-3d/polypaver-bench-sqrt-3d-chunk-0460.smt2 : 1800112 ms.
--------------------------------------------------
./solvers/mathsat/run.sh: line 3: 159292 Killed                  ./mathsat ../$1
QF_NRA/meti-tarski/polypaver/bench-sqrt-3d/polypaver-bench-sqrt-3d-chunk-0461.smt2 : 1800153 ms.
--------------------------------------------------
./solvers/mathsat/run.sh: line 3: 166066 Killed                  ./mathsat ../$1
QF_NRA/meti-tarski/polypaver/bench-sqrt-3d/polypaver-bench-sqrt-3d-chunk-0463.smt2 : 1800078 ms.
--------------------------------------------------
./solvers/mathsat/run.sh: line 3: 171614 Killed                  ./mathsat ../$1
QF_NRA/meti-tarski/polypaver/bench-sqrt-3d/polypaver-bench-sqrt-3d-chunk-0464.smt2 : 1800616 ms.
--------------------------------------------------
./solvers/mathsat/run.sh: line 3: 174920 Killed                  ./mathsat ../$1
QF_NRA/meti-tarski/polypaver/bench-sqrt-3d/polypaver-bench-sqrt-3d-chunk-0466.smt2 : 1801002 ms.
--------------------------------------------------
./solvers/mathsat/run.sh: line 3: 179251 Killed                  ./mathsat ../$1
QF_NRA/meti-tarski/polypaver/bench-sqrt-3d/polypaver-bench-sqrt-3d-chunk-0467.smt2 : 1800196 ms.
--------------------------------------------------
sat
QF_NRA/meti-tarski/polypaver/bench-sqrt-3d/polypaver-bench-sqrt-3d-chunk-0468.smt2 : 2382 ms.
--------------------------------------------------
sat
QF_NRA/meti-tarski/polypaver/bench-sqrt-3d/polypaver-bench-sqrt-3d-chunk-0469.smt2 : 1138 ms.
--------------------------------------------------
sat
QF_NRA/meti-tarski/polypaver/bench-sqrt-3d/polypaver-bench-sqrt-3d-chunk-0470.smt2 : 2306 ms.
--------------------------------------------------
sat
QF_NRA/meti-tarski/polypaver/bench-sqrt-3d/polypaver-bench-sqrt-3d-chunk-0472.smt2 : 51 ms.
--------------------------------------------------
./solvers/mathsat/run.sh: line 3: 182282 Killed                  ./mathsat ../$1
QF_NRA/meti-tarski/polypaver/bench-sqrt-3d/polypaver-bench-sqrt-3d-chunk-0473.smt2 : 1800147 ms.
--------------------------------------------------
./solvers/mathsat/run.sh: line 3: 185078 Killed                  ./mathsat ../$1
QF_NRA/meti-tarski/polypaver/bench-sqrt-3d/polypaver-bench-sqrt-3d-chunk-0475.smt2 : 1800124 ms.
--------------------------------------------------
unsat
QF_NRA/meti-tarski/polypaver/bench-sqrt-3d/polypaver-bench-sqrt-3d-chunk-0476.smt2 : 85 ms.
--------------------------------------------------
./solvers/mathsat/run.sh: line 3: 187943 Killed                  ./mathsat ../$1
QF_NRA/meti-tarski/polypaver/bench-sqrt-3d/polypaver-bench-sqrt-3d-chunk-0477.smt2 : 1800158 ms.
--------------------------------------------------
sat
QF_NRA/meti-tarski/polypaver/bench-sqrt-3d/polypaver-bench-sqrt-3d-chunk-0478.smt2 : 43763 ms.
--------------------------------------------------
unsat
QF_NRA/meti-tarski/polypaver/bench-sqrt-3d/polypaver-bench-sqrt-3d-chunk-0479.smt2 : 74 ms.
--------------------------------------------------
./solvers/mathsat/run.sh: line 3: 190638 Killed                  ./mathsat ../$1
QF_NRA/meti-tarski/polypaver/bench-sqrt-3d/polypaver-bench-sqrt-3d-chunk-0480.smt2 : 1800146 ms.
--------------------------------------------------
unsat
QF_NRA/meti-tarski/polypaver/bench-sqrt-3d/polypaver-bench-sqrt-3d-chunk-0481.smt2 : 74 ms.
--------------------------------------------------
sat
QF_NRA/meti-tarski/polypaver/bench-sqrt-3d/polypaver-bench-sqrt-3d-chunk-0482.smt2 : 85580 ms.
--------------------------------------------------
./solvers/mathsat/run.sh: line 3: 192553 Killed                  ./mathsat ../$1
QF_NRA/meti-tarski/polypaver/bench-sqrt-3d/polypaver-bench-sqrt-3d-chunk-0483.smt2 : 1800120 ms.
--------------------------------------------------
./solvers/mathsat/run.sh: line 3: 194288 Killed                  ./mathsat ../$1
QF_NRA/meti-tarski/polypaver/bench-sqrt-3d/polypaver-bench-sqrt-3d-chunk-0486.smt2 : 1800151 ms.
--------------------------------------------------
unsat
QF_NRA/meti-tarski/polypaver/bench-sqrt-3d/polypaver-bench-sqrt-3d-chunk-0487.smt2 : 53 ms.
--------------------------------------------------
unsat
QF_NRA/meti-tarski/polypaver/bench-sqrt-3d/polypaver-bench-sqrt-3d-chunk-0488.smt2 : 50 ms.
--------------------------------------------------
./solvers/mathsat/run.sh: line 3: 195868 Killed                  ./mathsat ../$1
QF_NRA/meti-tarski/polypaver/bench-sqrt-3d/polypaver-bench-sqrt-3d-chunk-0489.smt2 : 1800150 ms.
--------------------------------------------------
./solvers/mathsat/run.sh: line 3: 197207 Killed                  ./mathsat ../$1
QF_NRA/meti-tarski/polypaver/bench-sqrt-3d/polypaver-bench-sqrt-3d-chunk-0490.smt2 : 1800159 ms.
--------------------------------------------------
./solvers/mathsat/run.sh: line 3: 198515 Killed                  ./mathsat ../$1
QF_NRA/meti-tarski/polypaver/bench-sqrt-3d/polypaver-bench-sqrt-3d-chunk-0491.smt2 : 1800287 ms.
--------------------------------------------------
./solvers/mathsat/run.sh: line 3: 199680 Killed                  ./mathsat ../$1
QF_NRA/meti-tarski/polypaver/bench-sqrt-3d/polypaver-bench-sqrt-3d-chunk-0492.smt2 : 1800412 ms.
--------------------------------------------------
sat
QF_NRA/meti-tarski/polypaver/bench-sqrt-3d/polypaver-bench-sqrt-3d-chunk-0493.smt2 : 812 ms.
--------------------------------------------------
unsat
QF_NRA/meti-tarski/polypaver/bench-sqrt-3d/polypaver-bench-sqrt-3d-chunk-0494.smt2 : 124 ms.
--------------------------------------------------
sat
QF_NRA/meti-tarski/polypaver/bench-sqrt-3d/polypaver-bench-sqrt-3d-chunk-0495.smt2 : 3089 ms.
--------------------------------------------------
./solvers/mathsat/run.sh: line 3: 200630 Killed                  ./mathsat ../$1
QF_NRA/meti-tarski/polypaver/bench-sqrt-3d/polypaver-bench-sqrt-3d-chunk-0496.smt2 : 1800104 ms.
--------------------------------------------------
unsat
QF_NRA/meti-tarski/polypaver/bench-sqrt-3d/polypaver-bench-sqrt-3d-chunk-0497.smt2 : 103 ms.
--------------------------------------------------
sat
QF_NRA/meti-tarski/polypaver/bench-sqrt-3d/polypaver-bench-sqrt-3d-chunk-0498.smt2 : 551 ms.
--------------------------------------------------
./solvers/mathsat/run.sh: line 3: 201555 Killed                  ./mathsat ../$1
QF_NRA/meti-tarski/polypaver/bench-sqrt-3d/polypaver-bench-sqrt-3d-chunk-0499.smt2 : 1800040 ms.
--------------------------------------------------
unsat
QF_NRA/meti-tarski/polypaver/bench-sqrt-3d/polypaver-bench-sqrt-3d-chunk-0500.smt2 : 74 ms.
--------------------------------------------------
unsat
QF_NRA/meti-tarski/polypaver/bench-sqrt-3d/polypaver-bench-sqrt-3d-chunk-0502.smt2 : 60 ms.
--------------------------------------------------
./solvers/mathsat/run.sh: line 3: 202386 Killed                  ./mathsat ../$1
QF_NRA/meti-tarski/polypaver/bench-sqrt-3d/polypaver-bench-sqrt-3d-chunk-0503.smt2 : 1800142 ms.
--------------------------------------------------
./solvers/mathsat/run.sh: line 3: 203265 Killed                  ./mathsat ../$1
QF_NRA/meti-tarski/polypaver/bench-sqrt-3d/polypaver-bench-sqrt-3d-chunk-0504.smt2 : 1800132 ms.
--------------------------------------------------
sat
QF_NRA/meti-tarski/polypaver/bench-sqrt-3d/polypaver-bench-sqrt-3d-chunk-0505.smt2 : 997 ms.
--------------------------------------------------
./solvers/mathsat/run.sh: line 3: 204094 Killed                  ./mathsat ../$1
QF_NRA/meti-tarski/polypaver/bench-sqrt-3d/polypaver-bench-sqrt-3d-chunk-0506.smt2 : 1800154 ms.
--------------------------------------------------
unsat
QF_NRA/meti-tarski/polypaver/bench-sqrt-3d/polypaver-bench-sqrt-3d-chunk-0507.smt2 : 104 ms.
--------------------------------------------------
./solvers/mathsat/run.sh: line 3: 204828 Killed                  ./mathsat ../$1
QF_NRA/meti-tarski/polypaver/bench-sqrt-3d/polypaver-bench-sqrt-3d-chunk-0508.smt2 : 1800139 ms.
--------------------------------------------------
./solvers/mathsat/run.sh: line 3: 205597 Killed                  ./mathsat ../$1
QF_NRA/meti-tarski/polypaver/bench-sqrt-3d/polypaver-bench-sqrt-3d-chunk-0509.smt2 : 1800143 ms.
--------------------------------------------------
unsat
QF_NRA/meti-tarski/polypaver/bench-sqrt-3d/polypaver-bench-sqrt-3d-chunk-0510.smt2 : 59 ms.
--------------------------------------------------
sat
QF_NRA/meti-tarski/polypaver/bench-sqrt-3d/polypaver-bench-sqrt-3d-chunk-0511.smt2 : 69 ms.
--------------------------------------------------
./solvers/mathsat/run.sh: line 3: 206470 Killed                  ./mathsat ../$1
QF_NRA/meti-tarski/polypaver/bench-sqrt-3d/polypaver-bench-sqrt-3d-chunk-0512.smt2 : 1800111 ms.
--------------------------------------------------
unsat
QF_NRA/meti-tarski/polypaver/bench-sqrt-3d/polypaver-bench-sqrt-3d-chunk-0513.smt2 : 56 ms.
--------------------------------------------------
./solvers/mathsat/run.sh: line 3: 207433 Killed                  ./mathsat ../$1
QF_NRA/meti-tarski/polypaver/bench-sqrt-3d/polypaver-bench-sqrt-3d-chunk-0515.smt2 : 1800218 ms.
--------------------------------------------------
sat
QF_NRA/meti-tarski/polypaver/bench-sqrt-3d/polypaver-bench-sqrt-3d-chunk-0516.smt2 : 75 ms.
--------------------------------------------------
./solvers/mathsat/run.sh: line 3: 208146 Killed                  ./mathsat ../$1
QF_NRA/meti-tarski/polypaver/bench-sqrt-3d/polypaver-bench-sqrt-3d-chunk-0517.smt2 : 1800100 ms.
--------------------------------------------------
./solvers/mathsat/run.sh: line 3: 208830 Killed                  ./mathsat ../$1
QF_NRA/meti-tarski/polypaver/bench-sqrt-3d/polypaver-bench-sqrt-3d-chunk-0518.smt2 : 1800124 ms.
--------------------------------------------------
sat
QF_NRA/meti-tarski/polypaver/bench-sqrt-3d/polypaver-bench-sqrt-3d-chunk-0519.smt2 : 388540 ms.
--------------------------------------------------
./solvers/mathsat/run.sh: line 3: 209683 Killed                  ./mathsat ../$1
QF_NRA/meti-tarski/polypaver/bench-sqrt-3d/polypaver-bench-sqrt-3d-chunk-0520.smt2 : 1800275 ms.
--------------------------------------------------
sat
QF_NRA/meti-tarski/polypaver/bench-sqrt-3d/polypaver-bench-sqrt-3d-chunk-0521.smt2 : 1543864 ms.
--------------------------------------------------
./solvers/mathsat/run.sh: line 3: 210677 Killed                  ./mathsat ../$1
QF_NRA/meti-tarski/polypaver/bench-sqrt-3d/polypaver-bench-sqrt-3d-chunk-0522.smt2 : 1800212 ms.
