--------------------------------------------------
unsat
QF_NRA/hycomp/ball_count_2d_hill_simple.02.seq_lazy_lemmas_global_0.smt2 : 35 ms.
--------------------------------------------------
./solvers/mathsat/run.sh: line 3: 91623 Killed                  ./mathsat ../$1
QF_NRA/hycomp/ball_count_2d_hill_simple.02.seq_lazy_lemmas_global_10.smt2 : 1800389 ms.
--------------------------------------------------
unsat
QF_NRA/hycomp/ball_count_2d_hill_simple.02.seq_lazy_lemmas_global_11.smt2 : 84 ms.
--------------------------------------------------
./solvers/mathsat/run.sh: line 3: 105818 Killed                  ./mathsat ../$1
QF_NRA/hycomp/ball_count_2d_hill_simple.02.seq_lazy_lemmas_global_12.smt2 : 1800223 ms.
--------------------------------------------------
unsat
QF_NRA/hycomp/ball_count_2d_hill_simple.02.seq_lazy_lemmas_global_13.smt2 : 142 ms.
--------------------------------------------------
./solvers/mathsat/run.sh: line 3: 109484 Killed                  ./mathsat ../$1
QF_NRA/hycomp/ball_count_2d_hill_simple.02.seq_lazy_lemmas_global_14.smt2 : 1800301 ms.
--------------------------------------------------
unsat
QF_NRA/hycomp/ball_count_2d_hill_simple.02.seq_lazy_lemmas_global_15.smt2 : 148 ms.
--------------------------------------------------
unsat
QF_NRA/hycomp/ball_count_2d_hill_simple.02.seq_lazy_lemmas_global_1.smt2 : 49 ms.
--------------------------------------------------
unsat
QF_NRA/hycomp/ball_count_2d_hill_simple.02.seq_lazy_lemmas_global_2.smt2 : 66 ms.
--------------------------------------------------
unsat
QF_NRA/hycomp/ball_count_2d_hill_simple.02.seq_lazy_lemmas_global_3.smt2 : 285 ms.
--------------------------------------------------
unsat
QF_NRA/hycomp/ball_count_2d_hill_simple.02.seq_lazy_lemmas_global_4.smt2 : 65 ms.
--------------------------------------------------
unsat
QF_NRA/hycomp/ball_count_2d_hill_simple.02.seq_lazy_lemmas_global_5.smt2 : 49 ms.
--------------------------------------------------
./solvers/mathsat/run.sh: line 3: 112337 Killed                  ./mathsat ../$1
QF_NRA/hycomp/ball_count_2d_hill_simple.02.seq_lazy_lemmas_global_6.smt2 : 1800126 ms.
--------------------------------------------------
unsat
QF_NRA/hycomp/ball_count_2d_hill_simple.02.seq_lazy_lemmas_global_7.smt2 : 62 ms.
--------------------------------------------------
./solvers/mathsat/run.sh: line 3: 114632 Killed                  ./mathsat ../$1
QF_NRA/hycomp/ball_count_2d_hill_simple.02.seq_lazy_lemmas_global_8.smt2 : 1800229 ms.
--------------------------------------------------
unsat
QF_NRA/hycomp/ball_count_2d_hill_simple.02.seq_lazy_lemmas_global_9.smt2 : 64 ms.
--------------------------------------------------
unsat
QF_NRA/hycomp/ball_count_2d_hill_simple.02.seq_lazy_linear_enc_global_0.smt2 : 48 ms.
--------------------------------------------------
./solvers/mathsat/run.sh: line 3: 116145 Killed                  ./mathsat ../$1
QF_NRA/hycomp/ball_count_2d_hill_simple.02.seq_lazy_linear_enc_global_10.smt2 : 1800161 ms.
--------------------------------------------------
unsat
QF_NRA/hycomp/ball_count_2d_hill_simple.02.seq_lazy_linear_enc_global_11.smt2 : 72 ms.
--------------------------------------------------
./solvers/mathsat/run.sh: line 3: 117281 Killed                  ./mathsat ../$1
QF_NRA/hycomp/ball_count_2d_hill_simple.02.seq_lazy_linear_enc_global_12.smt2 : 1800082 ms.
--------------------------------------------------
unsat
QF_NRA/hycomp/ball_count_2d_hill_simple.02.seq_lazy_linear_enc_global_13.smt2 : 73 ms.
--------------------------------------------------
./solvers/mathsat/run.sh: line 3: 118831 Killed                  ./mathsat ../$1
QF_NRA/hycomp/ball_count_2d_hill_simple.02.seq_lazy_linear_enc_global_14.smt2 : 1800229 ms.
--------------------------------------------------
unsat
QF_NRA/hycomp/ball_count_2d_hill_simple.02.seq_lazy_linear_enc_global_15.smt2 : 392 ms.
--------------------------------------------------
unsat
QF_NRA/hycomp/ball_count_2d_hill_simple.02.seq_lazy_linear_enc_global_1.smt2 : 96 ms.
--------------------------------------------------
unsat
QF_NRA/hycomp/ball_count_2d_hill_simple.02.seq_lazy_linear_enc_global_2.smt2 : 81 ms.
--------------------------------------------------
unsat
QF_NRA/hycomp/ball_count_2d_hill_simple.02.seq_lazy_linear_enc_global_3.smt2 : 284 ms.
--------------------------------------------------
unsat
QF_NRA/hycomp/ball_count_2d_hill_simple.02.seq_lazy_linear_enc_global_4.smt2 : 319 ms.
--------------------------------------------------
unsat
QF_NRA/hycomp/ball_count_2d_hill_simple.02.seq_lazy_linear_enc_global_5.smt2 : 236 ms.
--------------------------------------------------
./solvers/mathsat/run.sh: line 3: 120966 Killed                  ./mathsat ../$1
QF_NRA/hycomp/ball_count_2d_hill_simple.02.seq_lazy_linear_enc_global_6.smt2 : 1800411 ms.
--------------------------------------------------
unsat
QF_NRA/hycomp/ball_count_2d_hill_simple.02.seq_lazy_linear_enc_global_7.smt2 : 240 ms.
--------------------------------------------------
./solvers/mathsat/run.sh: line 3: 122180 Killed                  ./mathsat ../$1
QF_NRA/hycomp/ball_count_2d_hill_simple.02.seq_lazy_linear_enc_global_8.smt2 : 1800388 ms.
--------------------------------------------------
unsat
QF_NRA/hycomp/ball_count_2d_hill_simple.02.seq_lazy_linear_enc_global_9.smt2 : 369 ms.
--------------------------------------------------
unsat
QF_NRA/hycomp/ball_count_2d_hill_simple.02.seq_lazy_linear_enc_lemmas_global_0.smt2 : 166 ms.
--------------------------------------------------
./solvers/mathsat/run.sh: line 3: 123530 Killed                  ./mathsat ../$1
QF_NRA/hycomp/ball_count_2d_hill_simple.02.seq_lazy_linear_enc_lemmas_global_10.smt2 : 1800322 ms.
--------------------------------------------------
unsat
QF_NRA/hycomp/ball_count_2d_hill_simple.02.seq_lazy_linear_enc_lemmas_global_11.smt2 : 287 ms.
--------------------------------------------------
./solvers/mathsat/run.sh: line 3: 124515 Killed                  ./mathsat ../$1
QF_NRA/hycomp/ball_count_2d_hill_simple.02.seq_lazy_linear_enc_lemmas_global_12.smt2 : 1800678 ms.
--------------------------------------------------
unsat
QF_NRA/hycomp/ball_count_2d_hill_simple.02.seq_lazy_linear_enc_lemmas_global_13.smt2 : 461 ms.
--------------------------------------------------
./solvers/mathsat/run.sh: line 3: 125523 Killed                  ./mathsat ../$1
QF_NRA/hycomp/ball_count_2d_hill_simple.02.seq_lazy_linear_enc_lemmas_global_14.smt2 : 1800539 ms.
--------------------------------------------------
unsat
QF_NRA/hycomp/ball_count_2d_hill_simple.02.seq_lazy_linear_enc_lemmas_global_15.smt2 : 465 ms.
--------------------------------------------------
unsat
QF_NRA/hycomp/ball_count_2d_hill_simple.02.seq_lazy_linear_enc_lemmas_global_1.smt2 : 265 ms.
--------------------------------------------------
unsat
QF_NRA/hycomp/ball_count_2d_hill_simple.02.seq_lazy_linear_enc_lemmas_global_2.smt2 : 111 ms.
--------------------------------------------------
unsat
QF_NRA/hycomp/ball_count_2d_hill_simple.02.seq_lazy_linear_enc_lemmas_global_3.smt2 : 151 ms.
--------------------------------------------------
unsat
QF_NRA/hycomp/ball_count_2d_hill_simple.02.seq_lazy_linear_enc_lemmas_global_4.smt2 : 133 ms.
--------------------------------------------------
unsat
QF_NRA/hycomp/ball_count_2d_hill_simple.02.seq_lazy_linear_enc_lemmas_global_5.smt2 : 132 ms.
--------------------------------------------------
./solvers/mathsat/run.sh: line 3: 126641 Killed                  ./mathsat ../$1
QF_NRA/hycomp/ball_count_2d_hill_simple.02.seq_lazy_linear_enc_lemmas_global_6.smt2 : 1800214 ms.
--------------------------------------------------
unsat
QF_NRA/hycomp/ball_count_2d_hill_simple.02.seq_lazy_linear_enc_lemmas_global_7.smt2 : 278 ms.
--------------------------------------------------
./solvers/mathsat/run.sh: line 3: 127903 Killed                  ./mathsat ../$1
QF_NRA/hycomp/ball_count_2d_hill_simple.02.seq_lazy_linear_enc_lemmas_global_8.smt2 : 1800252 ms.
--------------------------------------------------
unsat
QF_NRA/hycomp/ball_count_2d_hill_simple.02.seq_lazy_linear_enc_lemmas_global_9.smt2 : 157 ms.
--------------------------------------------------
unsat
QF_NRA/hycomp/ball_count_2d_hill_simple.03.qfree_global_0.smt2 : 76 ms.
--------------------------------------------------
./solvers/mathsat/run.sh: line 3: 128673 Killed                  ./mathsat ../$1
QF_NRA/hycomp/ball_count_2d_hill_simple.03.qfree_global_10.smt2 : 1800155 ms.
--------------------------------------------------
unsat
QF_NRA/hycomp/ball_count_2d_hill_simple.03.qfree_global_11.smt2 : 67 ms.
--------------------------------------------------
./solvers/mathsat/run.sh: line 3: 129586 Killed                  ./mathsat ../$1
QF_NRA/hycomp/ball_count_2d_hill_simple.03.qfree_global_12.smt2 : 1800098 ms.
--------------------------------------------------
unsat
QF_NRA/hycomp/ball_count_2d_hill_simple.03.qfree_global_13.smt2 : 279 ms.
--------------------------------------------------
./solvers/mathsat/run.sh: line 3: 130376 Killed                  ./mathsat ../$1
QF_NRA/hycomp/ball_count_2d_hill_simple.03.qfree_global_14.smt2 : 1800250 ms.
--------------------------------------------------
unsat
QF_NRA/hycomp/ball_count_2d_hill_simple.03.qfree_global_15.smt2 : 93 ms.
--------------------------------------------------
unsat
QF_NRA/hycomp/ball_count_2d_hill_simple.03.qfree_global_1.smt2 : 58 ms.
--------------------------------------------------
unsat
QF_NRA/hycomp/ball_count_2d_hill_simple.03.qfree_global_2.smt2 : 50 ms.
--------------------------------------------------
unsat
QF_NRA/hycomp/ball_count_2d_hill_simple.03.qfree_global_3.smt2 : 45 ms.
--------------------------------------------------
unsat
QF_NRA/hycomp/ball_count_2d_hill_simple.03.qfree_global_4.smt2 : 76 ms.
--------------------------------------------------
unsat
QF_NRA/hycomp/ball_count_2d_hill_simple.03.qfree_global_5.smt2 : 80 ms.
--------------------------------------------------
./solvers/mathsat/run.sh: line 3: 131197 Killed                  ./mathsat ../$1
QF_NRA/hycomp/ball_count_2d_hill_simple.03.qfree_global_6.smt2 : 1800207 ms.
--------------------------------------------------
unsat
QF_NRA/hycomp/ball_count_2d_hill_simple.03.qfree_global_7.smt2 : 210 ms.
--------------------------------------------------
./solvers/mathsat/run.sh: line 3: 131951 Killed                  ./mathsat ../$1
QF_NRA/hycomp/ball_count_2d_hill_simple.03.qfree_global_8.smt2 : 1800228 ms.
--------------------------------------------------
unsat
QF_NRA/hycomp/ball_count_2d_hill_simple.03.qfree_global_9.smt2 : 62 ms.
--------------------------------------------------
unsat
QF_NRA/hycomp/ball_count_2d_hill_simple.03.redlog_global_0.smt2 : 48 ms.
--------------------------------------------------
./solvers/mathsat/run.sh: line 3: 133046 Killed                  ./mathsat ../$1
QF_NRA/hycomp/ball_count_2d_hill_simple.03.redlog_global_10.smt2 : 1800165 ms.
--------------------------------------------------
unsat
QF_NRA/hycomp/ball_count_2d_hill_simple.03.redlog_global_11.smt2 : 245 ms.
--------------------------------------------------
./solvers/mathsat/run.sh: line 3: 133798 Killed                  ./mathsat ../$1
QF_NRA/hycomp/ball_count_2d_hill_simple.03.redlog_global_12.smt2 : 1800270 ms.
--------------------------------------------------
unsat
QF_NRA/hycomp/ball_count_2d_hill_simple.03.redlog_global_13.smt2 : 618 ms.
--------------------------------------------------
./solvers/mathsat/run.sh: line 3: 134410 Killed                  ./mathsat ../$1
QF_NRA/hycomp/ball_count_2d_hill_simple.03.redlog_global_14.smt2 : 1800213 ms.
--------------------------------------------------
unsat
QF_NRA/hycomp/ball_count_2d_hill_simple.03.redlog_global_15.smt2 : 97 ms.
--------------------------------------------------
unsat
QF_NRA/hycomp/ball_count_2d_hill_simple.03.redlog_global_1.smt2 : 44 ms.
--------------------------------------------------
unsat
QF_NRA/hycomp/ball_count_2d_hill_simple.03.redlog_global_2.smt2 : 51 ms.
--------------------------------------------------
unsat
QF_NRA/hycomp/ball_count_2d_hill_simple.03.redlog_global_3.smt2 : 45 ms.
--------------------------------------------------
unsat
QF_NRA/hycomp/ball_count_2d_hill_simple.03.redlog_global_4.smt2 : 38 ms.
--------------------------------------------------
unsat
QF_NRA/hycomp/ball_count_2d_hill_simple.03.redlog_global_5.smt2 : 38 ms.
--------------------------------------------------
./solvers/mathsat/run.sh: line 3: 135371 Killed                  ./mathsat ../$1
QF_NRA/hycomp/ball_count_2d_hill_simple.03.redlog_global_6.smt2 : 1800087 ms.
--------------------------------------------------
unsat
QF_NRA/hycomp/ball_count_2d_hill_simple.03.redlog_global_7.smt2 : 69 ms.
--------------------------------------------------
./solvers/mathsat/run.sh: line 3: 135996 Killed                  ./mathsat ../$1
QF_NRA/hycomp/ball_count_2d_hill_simple.03.redlog_global_8.smt2 : 1800211 ms.
--------------------------------------------------
unsat
QF_NRA/hycomp/ball_count_2d_hill_simple.03.redlog_global_9.smt2 : 119 ms.
--------------------------------------------------
unsat
QF_NRA/hycomp/ball_count_2d_hill_simple.03.seq_lazy_global_0.smt2 : 57 ms.
--------------------------------------------------
./solvers/mathsat/run.sh: line 3: 136518 Killed                  ./mathsat ../$1
QF_NRA/hycomp/ball_count_2d_hill_simple.03.seq_lazy_global_10.smt2 : 1800087 ms.
--------------------------------------------------
unsat
QF_NRA/hycomp/ball_count_2d_hill_simple.03.seq_lazy_global_11.smt2 : 85 ms.
--------------------------------------------------
./solvers/mathsat/run.sh: line 3: 137305 Killed                  ./mathsat ../$1
QF_NRA/hycomp/ball_count_2d_hill_simple.03.seq_lazy_global_12.smt2 : 1800154 ms.
--------------------------------------------------
unsat
QF_NRA/hycomp/ball_count_2d_hill_simple.03.seq_lazy_global_13.smt2 : 90 ms.
--------------------------------------------------
./solvers/mathsat/run.sh: line 3: 138040 Killed                  ./mathsat ../$1
QF_NRA/hycomp/ball_count_2d_hill_simple.03.seq_lazy_global_14.smt2 : 1800192 ms.
--------------------------------------------------
unsat
QF_NRA/hycomp/ball_count_2d_hill_simple.03.seq_lazy_global_15.smt2 : 107 ms.
--------------------------------------------------
unsat
QF_NRA/hycomp/ball_count_2d_hill_simple.03.seq_lazy_global_1.smt2 : 47 ms.
--------------------------------------------------
unsat
QF_NRA/hycomp/ball_count_2d_hill_simple.03.seq_lazy_global_2.smt2 : 41 ms.
--------------------------------------------------
unsat
QF_NRA/hycomp/ball_count_2d_hill_simple.03.seq_lazy_global_3.smt2 : 54 ms.
--------------------------------------------------
unsat
QF_NRA/hycomp/ball_count_2d_hill_simple.03.seq_lazy_global_4.smt2 : 59 ms.
--------------------------------------------------
unsat
QF_NRA/hycomp/ball_count_2d_hill_simple.03.seq_lazy_global_5.smt2 : 43 ms.
--------------------------------------------------
unsat
QF_NRA/hycomp/ball_count_2d_hill_simple.03.seq_lazy_global_6.smt2 : 52 ms.
--------------------------------------------------
unsat
QF_NRA/hycomp/ball_count_2d_hill_simple.03.seq_lazy_global_7.smt2 : 59 ms.
--------------------------------------------------
unsat
QF_NRA/hycomp/ball_count_2d_hill_simple.03.seq_lazy_global_8.smt2 : 76 ms.
--------------------------------------------------
unsat
QF_NRA/hycomp/ball_count_2d_hill_simple.03.seq_lazy_global_9.smt2 : 70 ms.
--------------------------------------------------
unsat
QF_NRA/hycomp/ball_count_2d_hill_simple.03.seq_lazy_lemmas_global_0.smt2 : 36 ms.
--------------------------------------------------
./solvers/mathsat/run.sh: line 3: 156591 Killed                  ./mathsat ../$1
QF_NRA/hycomp/ball_count_2d_hill_simple.03.seq_lazy_lemmas_global_10.smt2 : 1800088 ms.
--------------------------------------------------
unsat
QF_NRA/hycomp/ball_count_2d_hill_simple.03.seq_lazy_lemmas_global_11.smt2 : 122 ms.
--------------------------------------------------
./solvers/mathsat/run.sh: line 3: 164248 Killed                  ./mathsat ../$1
QF_NRA/hycomp/ball_count_2d_hill_simple.03.seq_lazy_lemmas_global_12.smt2 : 1800121 ms.
--------------------------------------------------
unsat
QF_NRA/hycomp/ball_count_2d_hill_simple.03.seq_lazy_lemmas_global_13.smt2 : 96 ms.
--------------------------------------------------
./solvers/mathsat/run.sh: line 3: 169652 Killed                  ./mathsat ../$1
QF_NRA/hycomp/ball_count_2d_hill_simple.03.seq_lazy_lemmas_global_14.smt2 : 1800134 ms.
--------------------------------------------------
unsat
QF_NRA/hycomp/ball_count_2d_hill_simple.03.seq_lazy_lemmas_global_15.smt2 : 111 ms.
--------------------------------------------------
unsat
QF_NRA/hycomp/ball_count_2d_hill_simple.03.seq_lazy_lemmas_global_1.smt2 : 52 ms.
--------------------------------------------------
unsat
QF_NRA/hycomp/ball_count_2d_hill_simple.03.seq_lazy_lemmas_global_2.smt2 : 51 ms.
--------------------------------------------------
unsat
QF_NRA/hycomp/ball_count_2d_hill_simple.03.seq_lazy_lemmas_global_3.smt2 : 61 ms.
--------------------------------------------------
unsat
QF_NRA/hycomp/ball_count_2d_hill_simple.03.seq_lazy_lemmas_global_4.smt2 : 37 ms.
--------------------------------------------------
unsat
QF_NRA/hycomp/ball_count_2d_hill_simple.03.seq_lazy_lemmas_global_5.smt2 : 40 ms.
--------------------------------------------------
unsat
QF_NRA/hycomp/ball_count_2d_hill_simple.03.seq_lazy_lemmas_global_6.smt2 : 56 ms.
--------------------------------------------------
unsat
QF_NRA/hycomp/ball_count_2d_hill_simple.03.seq_lazy_lemmas_global_7.smt2 : 72 ms.
--------------------------------------------------
unsat
QF_NRA/hycomp/ball_count_2d_hill_simple.03.seq_lazy_lemmas_global_8.smt2 : 65 ms.
--------------------------------------------------
unsat
QF_NRA/hycomp/ball_count_2d_hill_simple.03.seq_lazy_lemmas_global_9.smt2 : 60 ms.
--------------------------------------------------
unsat
QF_NRA/hycomp/ball_count_2d_hill_simple.03.seq_lazy_linear_enc_global_0.smt2 : 43 ms.
--------------------------------------------------
./solvers/mathsat/run.sh: line 3: 174149 Killed                  ./mathsat ../$1
QF_NRA/hycomp/ball_count_2d_hill_simple.03.seq_lazy_linear_enc_global_10.smt2 : 1800107 ms.
--------------------------------------------------
unsat
QF_NRA/hycomp/ball_count_2d_hill_simple.03.seq_lazy_linear_enc_global_11.smt2 : 64 ms.
--------------------------------------------------
./solvers/mathsat/run.sh: line 3: 178348 Killed                  ./mathsat ../$1
QF_NRA/hycomp/ball_count_2d_hill_simple.03.seq_lazy_linear_enc_global_12.smt2 : 1800144 ms.
--------------------------------------------------
unsat
QF_NRA/hycomp/ball_count_2d_hill_simple.03.seq_lazy_linear_enc_global_13.smt2 : 90 ms.
--------------------------------------------------
./solvers/mathsat/run.sh: line 3: 181419 Killed                  ./mathsat ../$1
QF_NRA/hycomp/ball_count_2d_hill_simple.03.seq_lazy_linear_enc_global_14.smt2 : 1800168 ms.
--------------------------------------------------
unsat
QF_NRA/hycomp/ball_count_2d_hill_simple.03.seq_lazy_linear_enc_global_15.smt2 : 464 ms.
--------------------------------------------------
unsat
QF_NRA/hycomp/ball_count_2d_hill_simple.03.seq_lazy_linear_enc_global_1.smt2 : 105 ms.
--------------------------------------------------
unsat
QF_NRA/hycomp/ball_count_2d_hill_simple.03.seq_lazy_linear_enc_global_2.smt2 : 135 ms.
--------------------------------------------------
unsat
QF_NRA/hycomp/ball_count_2d_hill_simple.03.seq_lazy_linear_enc_global_3.smt2 : 127 ms.
--------------------------------------------------
unsat
QF_NRA/hycomp/ball_count_2d_hill_simple.03.seq_lazy_linear_enc_global_4.smt2 : 135 ms.
--------------------------------------------------
unsat
QF_NRA/hycomp/ball_count_2d_hill_simple.03.seq_lazy_linear_enc_global_5.smt2 : 360 ms.
--------------------------------------------------
unsat
QF_NRA/hycomp/ball_count_2d_hill_simple.03.seq_lazy_linear_enc_global_6.smt2 : 157 ms.
--------------------------------------------------
unsat
QF_NRA/hycomp/ball_count_2d_hill_simple.03.seq_lazy_linear_enc_global_7.smt2 : 199 ms.
--------------------------------------------------
unsat
QF_NRA/hycomp/ball_count_2d_hill_simple.03.seq_lazy_linear_enc_global_8.smt2 : 195 ms.
--------------------------------------------------
unsat
QF_NRA/hycomp/ball_count_2d_hill_simple.03.seq_lazy_linear_enc_global_9.smt2 : 165 ms.
--------------------------------------------------
unsat
QF_NRA/hycomp/ball_count_2d_hill_simple.03.seq_lazy_linear_enc_lemmas_global_0.smt2 : 98 ms.
--------------------------------------------------
./solvers/mathsat/run.sh: line 3: 184399 Killed                  ./mathsat ../$1
QF_NRA/hycomp/ball_count_2d_hill_simple.03.seq_lazy_linear_enc_lemmas_global_10.smt2 : 1800238 ms.
--------------------------------------------------
unsat
QF_NRA/hycomp/ball_count_2d_hill_simple.03.seq_lazy_linear_enc_lemmas_global_11.smt2 : 87 ms.
--------------------------------------------------
./solvers/mathsat/run.sh: line 3: 187184 Killed                  ./mathsat ../$1
QF_NRA/hycomp/ball_count_2d_hill_simple.03.seq_lazy_linear_enc_lemmas_global_12.smt2 : 1800176 ms.
--------------------------------------------------
unsat
QF_NRA/hycomp/ball_count_2d_hill_simple.03.seq_lazy_linear_enc_lemmas_global_13.smt2 : 228 ms.
--------------------------------------------------
./solvers/mathsat/run.sh: line 3: 190038 Killed                  ./mathsat ../$1
QF_NRA/hycomp/ball_count_2d_hill_simple.03.seq_lazy_linear_enc_lemmas_global_14.smt2 : 1800251 ms.
--------------------------------------------------
unsat
QF_NRA/hycomp/ball_count_2d_hill_simple.03.seq_lazy_linear_enc_lemmas_global_15.smt2 : 96 ms.
--------------------------------------------------
unsat
QF_NRA/hycomp/ball_count_2d_hill_simple.03.seq_lazy_linear_enc_lemmas_global_1.smt2 : 53 ms.
--------------------------------------------------
unsat
QF_NRA/hycomp/ball_count_2d_hill_simple.03.seq_lazy_linear_enc_lemmas_global_2.smt2 : 54 ms.
--------------------------------------------------
unsat
QF_NRA/hycomp/ball_count_2d_hill_simple.03.seq_lazy_linear_enc_lemmas_global_3.smt2 : 49 ms.
--------------------------------------------------
unsat
QF_NRA/hycomp/ball_count_2d_hill_simple.03.seq_lazy_linear_enc_lemmas_global_4.smt2 : 53 ms.
--------------------------------------------------
unsat
QF_NRA/hycomp/ball_count_2d_hill_simple.03.seq_lazy_linear_enc_lemmas_global_5.smt2 : 45 ms.
--------------------------------------------------
unsat
QF_NRA/hycomp/ball_count_2d_hill_simple.03.seq_lazy_linear_enc_lemmas_global_6.smt2 : 53 ms.
--------------------------------------------------
unsat
QF_NRA/hycomp/ball_count_2d_hill_simple.03.seq_lazy_linear_enc_lemmas_global_7.smt2 : 64 ms.
--------------------------------------------------
unsat
QF_NRA/hycomp/ball_count_2d_hill_simple.03.seq_lazy_linear_enc_lemmas_global_8.smt2 : 80 ms.
--------------------------------------------------
unsat
QF_NRA/hycomp/ball_count_2d_hill_simple.03.seq_lazy_linear_enc_lemmas_global_9.smt2 : 57 ms.
--------------------------------------------------
unsat
QF_NRA/hycomp/ball_count_2d_hill_simple.04.qfree_global_0.smt2 : 41 ms.
--------------------------------------------------
./solvers/mathsat/run.sh: line 3: 191819 Killed                  ./mathsat ../$1
QF_NRA/hycomp/ball_count_2d_hill_simple.04.qfree_global_10.smt2 : 1800168 ms.
--------------------------------------------------
unsat
QF_NRA/hycomp/ball_count_2d_hill_simple.04.qfree_global_11.smt2 : 151 ms.
--------------------------------------------------
./solvers/mathsat/run.sh: line 3: 193749 Killed                  ./mathsat ../$1
QF_NRA/hycomp/ball_count_2d_hill_simple.04.qfree_global_12.smt2 : 1800158 ms.
--------------------------------------------------
unsat
QF_NRA/hycomp/ball_count_2d_hill_simple.04.qfree_global_13.smt2 : 88 ms.
--------------------------------------------------
./solvers/mathsat/run.sh: line 3: 195369 Killed                  ./mathsat ../$1
QF_NRA/hycomp/ball_count_2d_hill_simple.04.qfree_global_14.smt2 : 1800175 ms.
--------------------------------------------------
unsat
QF_NRA/hycomp/ball_count_2d_hill_simple.04.qfree_global_15.smt2 : 237 ms.
--------------------------------------------------
unsat
QF_NRA/hycomp/ball_count_2d_hill_simple.04.qfree_global_1.smt2 : 102 ms.
--------------------------------------------------
unsat
QF_NRA/hycomp/ball_count_2d_hill_simple.04.qfree_global_2.smt2 : 103 ms.
--------------------------------------------------
unsat
QF_NRA/hycomp/ball_count_2d_hill_simple.04.qfree_global_3.smt2 : 124 ms.
--------------------------------------------------
unsat
QF_NRA/hycomp/ball_count_2d_hill_simple.04.qfree_global_4.smt2 : 138 ms.
--------------------------------------------------
unsat
QF_NRA/hycomp/ball_count_2d_hill_simple.04.qfree_global_5.smt2 : 146 ms.
--------------------------------------------------
unsat
QF_NRA/hycomp/ball_count_2d_hill_simple.04.qfree_global_6.smt2 : 176 ms.
--------------------------------------------------
unsat
QF_NRA/hycomp/ball_count_2d_hill_simple.04.qfree_global_7.smt2 : 447 ms.
--------------------------------------------------
./solvers/mathsat/run.sh: line 3: 196688 Killed                  ./mathsat ../$1
QF_NRA/hycomp/ball_count_2d_hill_simple.04.qfree_global_8.smt2 : 1800263 ms.
--------------------------------------------------
unsat
QF_NRA/hycomp/ball_count_2d_hill_simple.04.qfree_global_9.smt2 : 60 ms.
--------------------------------------------------
unsat
QF_NRA/hycomp/ball_count_2d_hill_simple.04.redlog_global_0.smt2 : 36 ms.
--------------------------------------------------
./solvers/mathsat/run.sh: line 3: 198113 Killed                  ./mathsat ../$1
QF_NRA/hycomp/ball_count_2d_hill_simple.04.redlog_global_10.smt2 : 1800106 ms.
--------------------------------------------------
unsat
QF_NRA/hycomp/ball_count_2d_hill_simple.04.redlog_global_11.smt2 : 83 ms.
--------------------------------------------------
./solvers/mathsat/run.sh: line 3: 199260 Killed                  ./mathsat ../$1
QF_NRA/hycomp/ball_count_2d_hill_simple.04.redlog_global_12.smt2 : 1800092 ms.
--------------------------------------------------
unsat
QF_NRA/hycomp/ball_count_2d_hill_simple.04.redlog_global_13.smt2 : 94 ms.
--------------------------------------------------
./solvers/mathsat/run.sh: line 3: 200267 Killed                  ./mathsat ../$1
QF_NRA/hycomp/ball_count_2d_hill_simple.04.redlog_global_14.smt2 : 1800098 ms.
--------------------------------------------------
unsat
QF_NRA/hycomp/ball_count_2d_hill_simple.04.redlog_global_15.smt2 : 104 ms.
--------------------------------------------------
unsat
QF_NRA/hycomp/ball_count_2d_hill_simple.04.redlog_global_1.smt2 : 56 ms.
--------------------------------------------------
unsat
QF_NRA/hycomp/ball_count_2d_hill_simple.04.redlog_global_2.smt2 : 49 ms.
--------------------------------------------------
unsat
QF_NRA/hycomp/ball_count_2d_hill_simple.04.redlog_global_3.smt2 : 59 ms.
--------------------------------------------------
unsat
QF_NRA/hycomp/ball_count_2d_hill_simple.04.redlog_global_4.smt2 : 44 ms.
--------------------------------------------------
unsat
QF_NRA/hycomp/ball_count_2d_hill_simple.04.redlog_global_5.smt2 : 54 ms.
--------------------------------------------------
unsat
QF_NRA/hycomp/ball_count_2d_hill_simple.04.redlog_global_6.smt2 : 46 ms.
--------------------------------------------------
unsat
QF_NRA/hycomp/ball_count_2d_hill_simple.04.redlog_global_7.smt2 : 68 ms.
--------------------------------------------------
./solvers/mathsat/run.sh: line 3: 201221 Killed                  ./mathsat ../$1
QF_NRA/hycomp/ball_count_2d_hill_simple.04.redlog_global_8.smt2 : 1800144 ms.
--------------------------------------------------
unsat
QF_NRA/hycomp/ball_count_2d_hill_simple.04.redlog_global_9.smt2 : 74 ms.
--------------------------------------------------
unsat
QF_NRA/hycomp/ball_count_2d_hill_simple.04.seq_lazy_global_0.smt2 : 50 ms.
--------------------------------------------------
unsat
QF_NRA/hycomp/ball_count_2d_hill_simple.04.seq_lazy_global_10.smt2 : 66 ms.
--------------------------------------------------
unsat
QF_NRA/hycomp/ball_count_2d_hill_simple.04.seq_lazy_global_11.smt2 : 75 ms.
--------------------------------------------------
unsat
QF_NRA/hycomp/ball_count_2d_hill_simple.04.seq_lazy_global_12.smt2 : 89 ms.
--------------------------------------------------
unsat
QF_NRA/hycomp/ball_count_2d_hill_simple.04.seq_lazy_global_13.smt2 : 74 ms.
--------------------------------------------------
./solvers/mathsat/run.sh: line 3: 202062 Killed                  ./mathsat ../$1
QF_NRA/hycomp/ball_count_2d_hill_simple.04.seq_lazy_global_14.smt2 : 1800149 ms.
--------------------------------------------------
unsat
QF_NRA/hycomp/ball_count_2d_hill_simple.04.seq_lazy_global_15.smt2 : 92 ms.
--------------------------------------------------
unsat
QF_NRA/hycomp/ball_count_2d_hill_simple.04.seq_lazy_global_1.smt2 : 50 ms.
--------------------------------------------------
unsat
QF_NRA/hycomp/ball_count_2d_hill_simple.04.seq_lazy_global_2.smt2 : 60 ms.
--------------------------------------------------
unsat
QF_NRA/hycomp/ball_count_2d_hill_simple.04.seq_lazy_global_3.smt2 : 54 ms.
--------------------------------------------------
unsat
QF_NRA/hycomp/ball_count_2d_hill_simple.04.seq_lazy_global_4.smt2 : 56 ms.
--------------------------------------------------
unsat
QF_NRA/hycomp/ball_count_2d_hill_simple.04.seq_lazy_global_5.smt2 : 43 ms.
--------------------------------------------------
unsat
QF_NRA/hycomp/ball_count_2d_hill_simple.04.seq_lazy_global_6.smt2 : 57 ms.
--------------------------------------------------
unsat
QF_NRA/hycomp/ball_count_2d_hill_simple.04.seq_lazy_global_7.smt2 : 60 ms.
--------------------------------------------------
unsat
QF_NRA/hycomp/ball_count_2d_hill_simple.04.seq_lazy_global_8.smt2 : 70 ms.
--------------------------------------------------
unsat
QF_NRA/hycomp/ball_count_2d_hill_simple.04.seq_lazy_global_9.smt2 : 75 ms.
--------------------------------------------------
unsat
QF_NRA/hycomp/ball_count_2d_hill_simple.04.seq_lazy_lemmas_global_0.smt2 : 36 ms.
--------------------------------------------------
unsat
QF_NRA/hycomp/ball_count_2d_hill_simple.04.seq_lazy_lemmas_global_10.smt2 : 72 ms.
--------------------------------------------------
unsat
QF_NRA/hycomp/ball_count_2d_hill_simple.04.seq_lazy_lemmas_global_11.smt2 : 82 ms.
--------------------------------------------------
unsat
QF_NRA/hycomp/ball_count_2d_hill_simple.04.seq_lazy_lemmas_global_12.smt2 : 69 ms.
--------------------------------------------------
unsat
QF_NRA/hycomp/ball_count_2d_hill_simple.04.seq_lazy_lemmas_global_13.smt2 : 77 ms.
--------------------------------------------------
./solvers/mathsat/run.sh: line 3: 202964 Killed                  ./mathsat ../$1
QF_NRA/hycomp/ball_count_2d_hill_simple.04.seq_lazy_lemmas_global_14.smt2 : 1800104 ms.
--------------------------------------------------
unsat
QF_NRA/hycomp/ball_count_2d_hill_simple.04.seq_lazy_lemmas_global_15.smt2 : 422 ms.
--------------------------------------------------
unsat
QF_NRA/hycomp/ball_count_2d_hill_simple.04.seq_lazy_lemmas_global_1.smt2 : 80 ms.
