--------------------------------------------------
sat
QF_NRA/meti-tarski/Chua/1/VC2/U/Chua-1-VC2-U-chunk-0017.smt2 : 39 ms.
--------------------------------------------------
sat
QF_NRA/meti-tarski/Chua/1/VC2/U/Chua-1-VC2-U-chunk-0018.smt2 : 41 ms.
--------------------------------------------------
sat
QF_NRA/meti-tarski/Chua/1/VC2/U/Chua-1-VC2-U-chunk-0022.smt2 : 46 ms.
--------------------------------------------------
unsat
QF_NRA/meti-tarski/Chua/1/VC2/U/Chua-1-VC2-U-chunk-0024.smt2 : 34 ms.
--------------------------------------------------
sat
QF_NRA/meti-tarski/Chua/1/VC2/U/Chua-1-VC2-U-chunk-0026.smt2 : 43 ms.
--------------------------------------------------
sat
QF_NRA/meti-tarski/Chua/1/VC2/U/Chua-1-VC2-U-chunk-0027.smt2 : 47 ms.
--------------------------------------------------
sat
QF_NRA/meti-tarski/Chua/1/VC2/U/Chua-1-VC2-U-chunk-0029.smt2 : 49 ms.
--------------------------------------------------
unsat
QF_NRA/meti-tarski/Chua/1/VC2/U/Chua-1-VC2-U-chunk-0030.smt2 : 39 ms.
--------------------------------------------------
sat
QF_NRA/meti-tarski/Chua/1/VC2/U/Chua-1-VC2-U-chunk-0031.smt2 : 44 ms.
--------------------------------------------------
unsat
QF_NRA/meti-tarski/Chua/1/VC2/U/Chua-1-VC2-U-chunk-0034.smt2 : 39 ms.
--------------------------------------------------
unsat
QF_NRA/meti-tarski/Chua/1/VC2/U/Chua-1-VC2-U-chunk-0035.smt2 : 39 ms.
--------------------------------------------------
sat
QF_NRA/meti-tarski/Chua/1/VC2/U/Chua-1-VC2-U-chunk-0036.smt2 : 38 ms.
--------------------------------------------------
sat
QF_NRA/meti-tarski/Chua/1/VC2/U/Chua-1-VC2-U-chunk-0037.smt2 : 48 ms.
--------------------------------------------------
sat
QF_NRA/meti-tarski/Chua/1/VC2/U/Chua-1-VC2-U-chunk-0038.smt2 : 33 ms.
--------------------------------------------------
sat
QF_NRA/meti-tarski/Chua/1/VC2/U/Chua-1-VC2-U-chunk-0039.smt2 : 50 ms.
--------------------------------------------------
unsat
QF_NRA/meti-tarski/Chua/1/VC2/U/Chua-1-VC2-U-chunk-0040.smt2 : 41 ms.
--------------------------------------------------
sat
QF_NRA/meti-tarski/Chua/1/VC2/U/Chua-1-VC2-U-chunk-0041.smt2 : 42 ms.
--------------------------------------------------
unsat
QF_NRA/meti-tarski/Chua/1/VC2/U/Chua-1-VC2-U-chunk-0042.smt2 : 40 ms.
--------------------------------------------------
sat
QF_NRA/meti-tarski/Chua/1/VC2/U/Chua-1-VC2-U-chunk-0044.smt2 : 42 ms.
--------------------------------------------------
sat
QF_NRA/meti-tarski/Chua/1/VC2/U/Chua-1-VC2-U-chunk-0045.smt2 : 47 ms.
--------------------------------------------------
./solvers/mathsat/run.sh: line 3: 94950 Killed                  ./mathsat ../$1
QF_NRA/meti-tarski/Chua/1/VC2/U/Chua-1-VC2-U-chunk-0046.smt2 : 1800066 ms.
--------------------------------------------------
./solvers/mathsat/run.sh: line 3: 106567 Killed                  ./mathsat ../$1
QF_NRA/meti-tarski/Chua/1/VC2/U/Chua-1-VC2-U-chunk-0047.smt2 : 1800150 ms.
--------------------------------------------------
unsat
QF_NRA/meti-tarski/Chua/1/VC2/U/Chua-1-VC2-U-chunk-0048.smt2 : 110 ms.
--------------------------------------------------
unsat
QF_NRA/meti-tarski/Chua/1/VC2/U/Chua-1-VC2-U-chunk-0050.smt2 : 95 ms.
--------------------------------------------------
unsat
QF_NRA/meti-tarski/Chua/1/VC2/U/Chua-1-VC2-U-chunk-0051.smt2 : 66 ms.
--------------------------------------------------
sat
QF_NRA/meti-tarski/Chua/1/VC2/U/Chua-1-VC2-U-chunk-0052.smt2 : 87 ms.
--------------------------------------------------
sat
QF_NRA/meti-tarski/Chua/1/VC2/U/Chua-1-VC2-U-chunk-0053.smt2 : 53 ms.
--------------------------------------------------
unsat
QF_NRA/meti-tarski/Chua/1/VC2/U/Chua-1-VC2-U-chunk-0054.smt2 : 47 ms.
--------------------------------------------------
unsat
QF_NRA/meti-tarski/Chua/1/VC2/U/Chua-1-VC2-U-chunk-0055.smt2 : 75 ms.
--------------------------------------------------
sat
QF_NRA/meti-tarski/Chua/1/VC2/U/Chua-1-VC2-U-chunk-0056.smt2 : 50 ms.
--------------------------------------------------
unsat
QF_NRA/meti-tarski/Chua/1/VC2/U/Chua-1-VC2-U-chunk-0058.smt2 : 48 ms.
--------------------------------------------------
sat
QF_NRA/meti-tarski/Chua/1/VC2/U/Chua-1-VC2-U-chunk-0059.smt2 : 56 ms.
--------------------------------------------------
sat
QF_NRA/meti-tarski/Chua/1/VC2/U/Chua-1-VC2-U-chunk-0060.smt2 : 48 ms.
--------------------------------------------------
sat
QF_NRA/meti-tarski/Chua/1/VC2/U/Chua-1-VC2-U-chunk-0061.smt2 : 72 ms.
--------------------------------------------------
sat
QF_NRA/meti-tarski/Chua/1/VC2/U/Chua-1-VC2-U-chunk-0062.smt2 : 54 ms.
--------------------------------------------------
sat
QF_NRA/meti-tarski/Chua/1/VC2/U/Chua-1-VC2-U-chunk-0063.smt2 : 63 ms.
--------------------------------------------------
unsat
QF_NRA/meti-tarski/Chua/1/VC2/U/Chua-1-VC2-U-chunk-0065.smt2 : 42 ms.
--------------------------------------------------
unsat
QF_NRA/meti-tarski/Chua/1/VC2/U/Chua-1-VC2-U-chunk-0066.smt2 : 58 ms.
--------------------------------------------------
sat
QF_NRA/meti-tarski/Chua/1/VC2/U/Chua-1-VC2-U-chunk-0067.smt2 : 74 ms.
--------------------------------------------------
unsat
QF_NRA/meti-tarski/Chua/1/VC2/U/Chua-1-VC2-U-chunk-0069.smt2 : 74 ms.
--------------------------------------------------
sat
QF_NRA/meti-tarski/Chua/1/VC2/U/Chua-1-VC2-U-chunk-0070.smt2 : 48 ms.
--------------------------------------------------
sat
QF_NRA/meti-tarski/Chua/1/VC2/U/Chua-1-VC2-U-chunk-0071.smt2 : 49 ms.
--------------------------------------------------
unsat
QF_NRA/meti-tarski/Chua/1/VC2/U/Chua-1-VC2-U-chunk-0072.smt2 : 78 ms.
--------------------------------------------------
unsat
QF_NRA/meti-tarski/Chua/1/VC2/U/Chua-1-VC2-U-chunk-0073.smt2 : 46 ms.
--------------------------------------------------
sat
QF_NRA/meti-tarski/Chua/1/VC2/U/Chua-1-VC2-U-chunk-0075.smt2 : 51 ms.
--------------------------------------------------
unsat
QF_NRA/meti-tarski/Chua/1/VC2/U/Chua-1-VC2-U-chunk-0076.smt2 : 52 ms.
--------------------------------------------------
sat
QF_NRA/meti-tarski/Chua/1/VC2/U/Chua-1-VC2-U-chunk-0077.smt2 : 59 ms.
--------------------------------------------------
sat
QF_NRA/meti-tarski/Chua/1/VC2/U/Chua-1-VC2-U-chunk-0078.smt2 : 71 ms.
--------------------------------------------------
unsat
QF_NRA/meti-tarski/Chua/1/VC2/U/Chua-1-VC2-U-chunk-0079.smt2 : 74 ms.
--------------------------------------------------
sat
QF_NRA/meti-tarski/Chua/1/VC2/U/Chua-1-VC2-U-chunk-0080.smt2 : 95 ms.
--------------------------------------------------
./solvers/mathsat/run.sh: line 3: 110807 Killed                  ./mathsat ../$1
QF_NRA/meti-tarski/Chua/1/VC2/U/Chua-1-VC2-U-chunk-0082.smt2 : 1800172 ms.
--------------------------------------------------
unsat
QF_NRA/meti-tarski/Chua/1/VC2/U/Chua-1-VC2-U-chunk-0083.smt2 : 71 ms.
--------------------------------------------------
unsat
QF_NRA/meti-tarski/Chua/1/VC2/U/Chua-1-VC2-U-chunk-0084.smt2 : 78 ms.
--------------------------------------------------
sat
QF_NRA/meti-tarski/Chua/1/VC2/U/Chua-1-VC2-U-chunk-0086.smt2 : 85 ms.
--------------------------------------------------
./solvers/mathsat/run.sh: line 3: 112787 Killed                  ./mathsat ../$1
QF_NRA/meti-tarski/Chua/1/VC2/U/Chua-1-VC2-U-chunk-0087.smt2 : 1800083 ms.
--------------------------------------------------
sat
QF_NRA/meti-tarski/Chua/1/VC2/U/Chua-1-VC2-U-chunk-0088.smt2 : 58 ms.
--------------------------------------------------
unsat
QF_NRA/meti-tarski/Chua/1/VC2/U/Chua-1-VC2-U-chunk-0089.smt2 : 39 ms.
--------------------------------------------------
sat
QF_NRA/meti-tarski/Chua/1/VC2/U/Chua-1-VC2-U-chunk-0090.smt2 : 33 ms.
--------------------------------------------------
./solvers/mathsat/run.sh: line 3: 115058 Killed                  ./mathsat ../$1
QF_NRA/meti-tarski/Chua/1/VC2/U/Chua-1-VC2-U-chunk-0091.smt2 : 1800066 ms.
--------------------------------------------------
./solvers/mathsat/run.sh: line 3: 116389 Killed                  ./mathsat ../$1
QF_NRA/meti-tarski/Chua/1/VC2/U/Chua-1-VC2-U-chunk-0092.smt2 : 1800069 ms.
--------------------------------------------------
./solvers/mathsat/run.sh: line 3: 117687 Killed                  ./mathsat ../$1
QF_NRA/meti-tarski/Chua/1/VC2/U/Chua-1-VC2-U-chunk-0093.smt2 : 1800085 ms.
--------------------------------------------------
unsat
QF_NRA/meti-tarski/Chua/1/VC2/U/Chua-1-VC2-U-chunk-0095.smt2 : 47 ms.
--------------------------------------------------
unsat
QF_NRA/meti-tarski/Chua/1/VC2/U/Chua-1-VC2-U-chunk-0096.smt2 : 52 ms.
--------------------------------------------------
sat
QF_NRA/meti-tarski/Chua/1/VC2/U/Chua-1-VC2-U-chunk-0097.smt2 : 35 ms.
--------------------------------------------------
sat
QF_NRA/meti-tarski/Chua/1/VC2/U/Chua-1-VC2-U-chunk-0100.smt2 : 60 ms.
--------------------------------------------------
sat
QF_NRA/meti-tarski/Chua/1/VC2/U/Chua-1-VC2-U-chunk-0102.smt2 : 44 ms.
--------------------------------------------------
sat
QF_NRA/meti-tarski/Chua/1/VC2/U/Chua-1-VC2-U-chunk-0103.smt2 : 56 ms.
--------------------------------------------------
./solvers/mathsat/run.sh: line 3: 119305 Killed                  ./mathsat ../$1
QF_NRA/meti-tarski/Chua/1/VC2/U/Chua-1-VC2-U-chunk-0104.smt2 : 1800140 ms.
--------------------------------------------------
./solvers/mathsat/run.sh: line 3: 120998 Killed                  ./mathsat ../$1
QF_NRA/meti-tarski/Chua/1/VC2/U/Chua-1-VC2-U-chunk-0105.smt2 : 1800189 ms.
--------------------------------------------------
unsat
QF_NRA/meti-tarski/Chua/1/VC2/U/Chua-1-VC2-U-chunk-0106.smt2 : 227 ms.
--------------------------------------------------
unsat
QF_NRA/meti-tarski/Chua/1/VC2/U/Chua-1-VC2-U-chunk-0107.smt2 : 152 ms.
--------------------------------------------------
sat
QF_NRA/meti-tarski/Chua/1/VC2/U/Chua-1-VC2-U-chunk-0109.smt2 : 162 ms.
--------------------------------------------------
sat
QF_NRA/meti-tarski/Chua/1/VC2/U/Chua-1-VC2-U-chunk-0110.smt2 : 157 ms.
--------------------------------------------------
sat
QF_NRA/meti-tarski/Chua/1/VC2/U/Chua-1-VC2-U-chunk-0113.smt2 : 160 ms.
--------------------------------------------------
sat
QF_NRA/meti-tarski/Chua/1/VC2/U/Chua-1-VC2-U-chunk-0114.smt2 : 223 ms.
--------------------------------------------------
unsat
QF_NRA/meti-tarski/Chua/1/VC2/U/Chua-1-VC2-U-chunk-0115.smt2 : 118 ms.
--------------------------------------------------
sat
QF_NRA/meti-tarski/Chua/1/VC2/U/Chua-1-VC2-U-chunk-0116.smt2 : 253 ms.
--------------------------------------------------
unsat
QF_NRA/meti-tarski/Chua/1/VC2/U/Chua-1-VC2-U-chunk-0117.smt2 : 94 ms.
--------------------------------------------------
sat
QF_NRA/meti-tarski/Chua/1/VC2/U/Chua-1-VC2-U-chunk-0118.smt2 : 170 ms.
--------------------------------------------------
./solvers/mathsat/run.sh: line 3: 122378 Killed                  ./mathsat ../$1
QF_NRA/meti-tarski/Chua/1/VC2/U/Chua-1-VC2-U-chunk-0119.smt2 : 1800233 ms.
--------------------------------------------------
unsat
QF_NRA/meti-tarski/Chua/1/VC2/U/Chua-1-VC2-U-chunk-0120.smt2 : 283 ms.
--------------------------------------------------
sat
QF_NRA/meti-tarski/Chua/1/VC2/U/Chua-1-VC2-U-chunk-0121.smt2 : 86 ms.
--------------------------------------------------
sat
QF_NRA/meti-tarski/Chua/1/VC2/U/Chua-1-VC2-U-chunk-0122.smt2 : 100 ms.
--------------------------------------------------
./solvers/mathsat/run.sh: line 3: 123690 Killed                  ./mathsat ../$1
QF_NRA/meti-tarski/Chua/1/VC2/U/Chua-1-VC2-U-chunk-0123.smt2 : 1800188 ms.
--------------------------------------------------
unsat
QF_NRA/meti-tarski/Chua/1/VC2/U/Chua-1-VC2-U-chunk-0124.smt2 : 16128 ms.
--------------------------------------------------
sat
QF_NRA/meti-tarski/Chua/1/VC2/U/Chua-1-VC2-U-chunk-0126.smt2 : 119 ms.
--------------------------------------------------
./solvers/mathsat/run.sh: line 3: 124804 Killed                  ./mathsat ../$1
QF_NRA/meti-tarski/Chua/1/VC2/U/Chua-1-VC2-U-chunk-0127.smt2 : 1800158 ms.
--------------------------------------------------
unsat
QF_NRA/meti-tarski/Chua/1/VC2/U/Chua-1-VC2-U-chunk-0129.smt2 : 105 ms.
--------------------------------------------------
unsat
QF_NRA/meti-tarski/Chua/1/VC2/U/Chua-1-VC2-U-chunk-0130.smt2 : 92 ms.
--------------------------------------------------
sat
QF_NRA/meti-tarski/Chua/1/VC2/U/Chua-1-VC2-U-chunk-0131.smt2 : 89 ms.
--------------------------------------------------
unsat
QF_NRA/meti-tarski/Chua/1/VC2/U/Chua-1-VC2-U-chunk-0132.smt2 : 94 ms.
--------------------------------------------------
unsat
QF_NRA/meti-tarski/Chua/1/VC2/U/Chua-1-VC2-U-chunk-0133.smt2 : 83 ms.
--------------------------------------------------
sat
QF_NRA/meti-tarski/Chua/1/VC2/U/Chua-1-VC2-U-chunk-0134.smt2 : 65 ms.
--------------------------------------------------
unsat
QF_NRA/meti-tarski/Chua/1/VC2/U/Chua-1-VC2-U-chunk-0135.smt2 : 96 ms.
--------------------------------------------------
sat
QF_NRA/meti-tarski/Chua/1/VC2/U/Chua-1-VC2-U-chunk-0138.smt2 : 78 ms.
--------------------------------------------------
sat
QF_NRA/meti-tarski/Chua/1/VC2/U/Chua-1-VC2-U-chunk-0140.smt2 : 74 ms.
--------------------------------------------------
unsat
QF_NRA/meti-tarski/Chua/1/VC2/U/Chua-1-VC2-U-chunk-0141.smt2 : 89 ms.
--------------------------------------------------
unsat
QF_NRA/meti-tarski/Chua/1/VC2/U/Chua-1-VC2-U-chunk-0143.smt2 : 80 ms.
--------------------------------------------------
sat
QF_NRA/meti-tarski/Chua/1/VC2/U/Chua-1-VC2-U-chunk-0144.smt2 : 85 ms.
--------------------------------------------------
unsat
QF_NRA/meti-tarski/Chua/1/VC2/U/Chua-1-VC2-U-chunk-0145.smt2 : 522000 ms.
--------------------------------------------------
unsat
QF_NRA/meti-tarski/Chua/1/VC2/U/Chua-1-VC2-U-chunk-0146.smt2 : 201 ms.
--------------------------------------------------
sat
QF_NRA/meti-tarski/Chua/1/VC2/U/Chua-1-VC2-U-chunk-0147.smt2 : 140 ms.
--------------------------------------------------
unsat
QF_NRA/meti-tarski/Chua/1/VC2/U/Chua-1-VC2-U-chunk-0148.smt2 : 520893 ms.
--------------------------------------------------
./solvers/mathsat/run.sh: line 3: 126265 Killed                  ./mathsat ../$1
QF_NRA/meti-tarski/Chua/1/VC2/U/Chua-1-VC2-U-chunk-0149.smt2 : 1800685 ms.
--------------------------------------------------
sat
QF_NRA/meti-tarski/Chua/1/VC2/U/Chua-1-VC2-U-chunk-0150.smt2 : 155 ms.
--------------------------------------------------
sat
QF_NRA/meti-tarski/Chua/1/VC2/U/Chua-1-VC2-U-chunk-0151.smt2 : 140 ms.
--------------------------------------------------
./solvers/mathsat/run.sh: line 3: 127592 Killed                  ./mathsat ../$1
QF_NRA/meti-tarski/Chua/1/VC2/U/Chua-1-VC2-U-chunk-0152.smt2 : 1800382 ms.
--------------------------------------------------
sat
QF_NRA/meti-tarski/Chua/1/VC2/U/Chua-1-VC2-U-chunk-0154.smt2 : 74 ms.
--------------------------------------------------
sat
QF_NRA/meti-tarski/Chua/1/VC2/U/Chua-1-VC2-U-chunk-0157.smt2 : 41 ms.
--------------------------------------------------
unsat
QF_NRA/meti-tarski/Chua/1/VC2/U/Chua-1-VC2-U-chunk-0158.smt2 : 32 ms.
--------------------------------------------------
unsat
QF_NRA/meti-tarski/Chua/1/VC2/U/Chua-1-VC2-U-chunk-0160.smt2 : 38 ms.
--------------------------------------------------
sat
QF_NRA/meti-tarski/Chua/1/VC2/U/Chua-1-VC2-U-chunk-0161.smt2 : 41 ms.
--------------------------------------------------
./solvers/mathsat/run.sh: line 3: 128408 Killed                  ./mathsat ../$1
QF_NRA/meti-tarski/Chua/1/VC2/U/Chua-1-VC2-U-chunk-0162.smt2 : 1800170 ms.
