--------------------------------------------------
unsat
QF_NRA/20161105-Sturm-MBO_2/mbo_E23E27.smt2 : 520 ms.
--------------------------------------------------
unsat
QF_NRA/20161105-Sturm-MBO_2/mbo_E23E28.smt2 : 34 ms.
--------------------------------------------------
unsat
QF_NRA/20161105-Sturm-MBO_2/mbo_E23.smt2 : 25 ms.
--------------------------------------------------
unsat
QF_NRA/20161105-Sturm-MBO_2/mbo_E24E25.smt2 : 22690 ms.
--------------------------------------------------
unsat
QF_NRA/20161105-Sturm-MBO_2/mbo_E24E26.smt2 : 23016 ms.
--------------------------------------------------
unsat
QF_NRA/20161105-Sturm-MBO_2/mbo_E24E27.smt2 : 57 ms.
--------------------------------------------------
unsat
QF_NRA/20161105-Sturm-MBO_2/mbo_E24E28.smt2 : 55 ms.
--------------------------------------------------
unsat
QF_NRA/20161105-Sturm-MBO_2/mbo_E24.smt2 : 42 ms.
--------------------------------------------------
unsat
QF_NRA/20161105-Sturm-MBO_2/mbo_E25E26.smt2 : 15648 ms.
--------------------------------------------------
unsat
QF_NRA/20161105-Sturm-MBO_2/mbo_E25E27.smt2 : 17096 ms.
--------------------------------------------------
unsat
QF_NRA/20161105-Sturm-MBO_2/mbo_E25E28.smt2 : 23519 ms.
--------------------------------------------------
unsat
QF_NRA/20161105-Sturm-MBO_2/mbo_E25.smt2 : 15596 ms.
--------------------------------------------------
unsat
QF_NRA/20161105-Sturm-MBO_2/mbo_E26E27.smt2 : 26 ms.
--------------------------------------------------
unsat
QF_NRA/20161105-Sturm-MBO_2/mbo_E26E28.smt2 : 54 ms.
--------------------------------------------------
unsat
QF_NRA/20161105-Sturm-MBO_2/mbo_E26.smt2 : 20 ms.
--------------------------------------------------
unsat
QF_NRA/20161105-Sturm-MBO_2/mbo_E27E28.smt2 : 21 ms.
--------------------------------------------------
unsat
QF_NRA/20161105-Sturm-MBO_2/mbo_E27.smt2 : 19 ms.
--------------------------------------------------
unsat
QF_NRA/20161105-Sturm-MBO_2/mbo_E28.smt2 : 25 ms.
--------------------------------------------------
run.sh: line 19: 166454 Segmentation fault      (core dumped) z3 $file -T:$time_t
QF_NRA/20161105-Sturm-MBO_2/mbo_E2E10.smt2 : 1254895 ms.
--------------------------------------------------
unknown
QF_NRA/20161105-Sturm-MBO_2/mbo_E2E11.smt2 : 1545351 ms.
--------------------------------------------------
run.sh: line 19: 228535 Segmentation fault      (core dumped) z3 $file -T:$time_t
QF_NRA/20161105-Sturm-MBO_2/mbo_E2E12.smt2 : 1087205 ms.
--------------------------------------------------
run.sh: line 19: 237109 Segmentation fault      (core dumped) z3 $file -T:$time_t
QF_NRA/20161105-Sturm-MBO_2/mbo_E2E13.smt2 : 1086511 ms.
--------------------------------------------------
run.sh: line 19: 240505 Segmentation fault      (core dumped) z3 $file -T:$time_t
QF_NRA/20161105-Sturm-MBO_2/mbo_E2E14.smt2 : 1099792 ms.
--------------------------------------------------
run.sh: line 19: 242885 Segmentation fault      (core dumped) z3 $file -T:$time_t
QF_NRA/20161105-Sturm-MBO_2/mbo_E2E15.smt2 : 1043891 ms.
--------------------------------------------------
run.sh: line 19: 243715 Segmentation fault      (core dumped) z3 $file -T:$time_t
QF_NRA/20161105-Sturm-MBO_2/mbo_E2E16.smt2 : 1347405 ms.
--------------------------------------------------
run.sh: line 19: 250799 Segmentation fault      (core dumped) z3 $file -T:$time_t
QF_NRA/20161105-Sturm-MBO_2/mbo_E2E17.smt2 : 1206622 ms.
--------------------------------------------------
run.sh: line 19: 253861 Segmentation fault      (core dumped) z3 $file -T:$time_t
QF_NRA/20161105-Sturm-MBO_2/mbo_E2E18.smt2 : 993630 ms.
--------------------------------------------------
run.sh: line 19: 255624 Segmentation fault      (core dumped) z3 $file -T:$time_t
QF_NRA/20161105-Sturm-MBO_2/mbo_E2E19.smt2 : 952394 ms.
--------------------------------------------------
run.sh: line 19: 256714 Segmentation fault      (core dumped) z3 $file -T:$time_t
QF_NRA/20161105-Sturm-MBO_2/mbo_E2E20.smt2 : 785814 ms.
--------------------------------------------------
run.sh: line 19: 256944 Segmentation fault      (core dumped) z3 $file -T:$time_t
QF_NRA/20161105-Sturm-MBO_2/mbo_E2E21.smt2 : 841003 ms.
--------------------------------------------------
run.sh: line 19: 259134 Segmentation fault      (core dumped) z3 $file -T:$time_t
QF_NRA/20161105-Sturm-MBO_2/mbo_E2E22.smt2 : 826652 ms.
--------------------------------------------------
run.sh: line 19: 259516 Segmentation fault      (core dumped) z3 $file -T:$time_t
QF_NRA/20161105-Sturm-MBO_2/mbo_E2E23.smt2 : 798788 ms.
--------------------------------------------------
run.sh: line 19: 260820 Segmentation fault      (core dumped) z3 $file -T:$time_t
QF_NRA/20161105-Sturm-MBO_2/mbo_E2E24.smt2 : 853512 ms.
--------------------------------------------------
run.sh: line 19: 261878 Segmentation fault      (core dumped) z3 $file -T:$time_t
QF_NRA/20161105-Sturm-MBO_2/mbo_E2E25.smt2 : 849271 ms.
--------------------------------------------------
run.sh: line 19: 263008 Segmentation fault      (core dumped) z3 $file -T:$time_t
QF_NRA/20161105-Sturm-MBO_2/mbo_E2E26.smt2 : 897598 ms.
--------------------------------------------------
unknown
QF_NRA/20161105-Sturm-MBO_2/mbo_E2E27.smt2 : 725865 ms.
--------------------------------------------------
run.sh: line 19: 264220 Segmentation fault      (core dumped) z3 $file -T:$time_t
QF_NRA/20161105-Sturm-MBO_2/mbo_E2E28.smt2 : 906983 ms.
--------------------------------------------------
run.sh: line 19: 264974 Segmentation fault      (core dumped) z3 $file -T:$time_t
QF_NRA/20161105-Sturm-MBO_2/mbo_E2E3.smt2 : 1044260 ms.
--------------------------------------------------
run.sh: line 19: 266562 Segmentation fault      (core dumped) z3 $file -T:$time_t
QF_NRA/20161105-Sturm-MBO_2/mbo_E2E4.smt2 : 1023106 ms.
--------------------------------------------------
run.sh: line 19: 267257 Segmentation fault      (core dumped) z3 $file -T:$time_t
QF_NRA/20161105-Sturm-MBO_2/mbo_E2E5.smt2 : 1268511 ms.
--------------------------------------------------
run.sh: line 19: 269291 Segmentation fault      (core dumped) z3 $file -T:$time_t
QF_NRA/20161105-Sturm-MBO_2/mbo_E2E6.smt2 : 1195519 ms.
--------------------------------------------------
run.sh: line 19: 270452 Segmentation fault      (core dumped) z3 $file -T:$time_t
QF_NRA/20161105-Sturm-MBO_2/mbo_E2E7.smt2 : 654993 ms.
--------------------------------------------------
run.sh: line 19: 270825 Segmentation fault      (core dumped) z3 $file -T:$time_t
QF_NRA/20161105-Sturm-MBO_2/mbo_E2E8.smt2 : 1032954 ms.
--------------------------------------------------
run.sh: line 19: 271702 Segmentation fault      (core dumped) z3 $file -T:$time_t
QF_NRA/20161105-Sturm-MBO_2/mbo_E2E9.smt2 : 1103574 ms.
--------------------------------------------------
timeout
QF_NRA/20161105-Sturm-MBO_2/mbo_E2.smt2 : 1800138 ms.
--------------------------------------------------
run.sh: line 19: 276151 Segmentation fault      (core dumped) z3 $file -T:$time_t
QF_NRA/20161105-Sturm-MBO_2/mbo_E3E10.smt2 : 921187 ms.
--------------------------------------------------
unknown
QF_NRA/20161105-Sturm-MBO_2/mbo_E3E11.smt2 : 1110188 ms.
--------------------------------------------------
run.sh: line 19: 442080 Segmentation fault      (core dumped) z3 $file -T:$time_t
QF_NRA/20161105-Sturm-MBO_2/mbo_E3E12.smt2 : 955535 ms.
--------------------------------------------------
run.sh: line 19: 58435 Segmentation fault      (core dumped) z3 $file -T:$time_t
QF_NRA/20161105-Sturm-MBO_2/mbo_E3E13.smt2 : 1054720 ms.
--------------------------------------------------
run.sh: line 19: 59120 Segmentation fault      (core dumped) z3 $file -T:$time_t
QF_NRA/20161105-Sturm-MBO_2/mbo_E3E14.smt2 : 1000703 ms.
--------------------------------------------------
run.sh: line 19: 60013 Segmentation fault      (core dumped) z3 $file -T:$time_t
QF_NRA/20161105-Sturm-MBO_2/mbo_E3E15.smt2 : 951855 ms.
--------------------------------------------------
run.sh: line 19: 60540 Segmentation fault      (core dumped) z3 $file -T:$time_t
QF_NRA/20161105-Sturm-MBO_2/mbo_E3E16.smt2 : 1206332 ms.
--------------------------------------------------
run.sh: line 19: 61465 Segmentation fault      (core dumped) z3 $file -T:$time_t
QF_NRA/20161105-Sturm-MBO_2/mbo_E3E17.smt2 : 1067444 ms.
--------------------------------------------------
run.sh: line 19: 62516 Segmentation fault      (core dumped) z3 $file -T:$time_t
QF_NRA/20161105-Sturm-MBO_2/mbo_E3E18.smt2 : 974397 ms.
--------------------------------------------------
run.sh: line 19: 62930 Segmentation fault      (core dumped) z3 $file -T:$time_t
QF_NRA/20161105-Sturm-MBO_2/mbo_E3E19.smt2 : 918886 ms.
--------------------------------------------------
run.sh: line 19: 63570 Segmentation fault      (core dumped) z3 $file -T:$time_t
QF_NRA/20161105-Sturm-MBO_2/mbo_E3E20.smt2 : 864048 ms.
--------------------------------------------------
run.sh: line 19: 63928 Segmentation fault      (core dumped) z3 $file -T:$time_t
QF_NRA/20161105-Sturm-MBO_2/mbo_E3E21.smt2 : 832092 ms.
--------------------------------------------------
run.sh: line 19: 64464 Segmentation fault      (core dumped) z3 $file -T:$time_t
QF_NRA/20161105-Sturm-MBO_2/mbo_E3E22.smt2 : 796489 ms.
--------------------------------------------------
run.sh: line 19: 64862 Segmentation fault      (core dumped) z3 $file -T:$time_t
QF_NRA/20161105-Sturm-MBO_2/mbo_E3E23.smt2 : 783577 ms.
--------------------------------------------------
run.sh: line 19: 65611 Segmentation fault      (core dumped) z3 $file -T:$time_t
QF_NRA/20161105-Sturm-MBO_2/mbo_E3E24.smt2 : 826558 ms.
--------------------------------------------------
run.sh: line 19: 66127 Segmentation fault      (core dumped) z3 $file -T:$time_t
QF_NRA/20161105-Sturm-MBO_2/mbo_E3E25.smt2 : 850616 ms.
--------------------------------------------------
run.sh: line 19: 66542 Segmentation fault      (core dumped) z3 $file -T:$time_t
QF_NRA/20161105-Sturm-MBO_2/mbo_E3E26.smt2 : 816373 ms.
--------------------------------------------------
unknown
QF_NRA/20161105-Sturm-MBO_2/mbo_E3E27.smt2 : 442846 ms.
--------------------------------------------------
run.sh: line 19: 67175 Segmentation fault      (core dumped) z3 $file -T:$time_t
QF_NRA/20161105-Sturm-MBO_2/mbo_E3E28.smt2 : 845342 ms.
--------------------------------------------------
run.sh: line 19: 68015 Segmentation fault      (core dumped) z3 $file -T:$time_t
QF_NRA/20161105-Sturm-MBO_2/mbo_E3E4.smt2 : 987136 ms.
--------------------------------------------------
run.sh: line 19: 68552 Segmentation fault      (core dumped) z3 $file -T:$time_t
QF_NRA/20161105-Sturm-MBO_2/mbo_E3E5.smt2 : 1284069 ms.
--------------------------------------------------
run.sh: line 19: 69363 Segmentation fault      (core dumped) z3 $file -T:$time_t
QF_NRA/20161105-Sturm-MBO_2/mbo_E3E6.smt2 : 1300057 ms.
--------------------------------------------------
run.sh: line 19: 70625 Segmentation fault      (core dumped) z3 $file -T:$time_t
QF_NRA/20161105-Sturm-MBO_2/mbo_E3E7.smt2 : 607912 ms.
--------------------------------------------------
run.sh: line 19: 71105 Segmentation fault      (core dumped) z3 $file -T:$time_t
QF_NRA/20161105-Sturm-MBO_2/mbo_E3E8.smt2 : 1039112 ms.
--------------------------------------------------
run.sh: line 19: 71523 Segmentation fault      (core dumped) z3 $file -T:$time_t
QF_NRA/20161105-Sturm-MBO_2/mbo_E3E9.smt2 : 1102053 ms.
--------------------------------------------------
timeout
QF_NRA/20161105-Sturm-MBO_2/mbo_E3.smt2 : 1800188 ms.
--------------------------------------------------
run.sh: line 19: 73683 Segmentation fault      (core dumped) z3 $file -T:$time_t
QF_NRA/20161105-Sturm-MBO_2/mbo_E4E10.smt2 : 823261 ms.
--------------------------------------------------
unknown
QF_NRA/20161105-Sturm-MBO_2/mbo_E4E11.smt2 : 813607 ms.
--------------------------------------------------
run.sh: line 19: 76230 Segmentation fault      (core dumped) z3 $file -T:$time_t
QF_NRA/20161105-Sturm-MBO_2/mbo_E4E12.smt2 : 978763 ms.
--------------------------------------------------
run.sh: line 19: 77599 Segmentation fault      (core dumped) z3 $file -T:$time_t
QF_NRA/20161105-Sturm-MBO_2/mbo_E4E13.smt2 : 970647 ms.
--------------------------------------------------
run.sh: line 19: 78350 Segmentation fault      (core dumped) z3 $file -T:$time_t
QF_NRA/20161105-Sturm-MBO_2/mbo_E4E14.smt2 : 924910 ms.
--------------------------------------------------
run.sh: line 19: 78857 Segmentation fault      (core dumped) z3 $file -T:$time_t
QF_NRA/20161105-Sturm-MBO_2/mbo_E4E15.smt2 : 939543 ms.
--------------------------------------------------
run.sh: line 19: 107094 Segmentation fault      (core dumped) z3 $file -T:$time_t
QF_NRA/20161105-Sturm-MBO_2/mbo_E4E16.smt2 : 1077094 ms.
--------------------------------------------------
run.sh: line 19: 157983 Segmentation fault      (core dumped) z3 $file -T:$time_t
QF_NRA/20161105-Sturm-MBO_2/mbo_E4E17.smt2 : 952234 ms.
--------------------------------------------------
run.sh: line 19: 158372 Segmentation fault      (core dumped) z3 $file -T:$time_t
QF_NRA/20161105-Sturm-MBO_2/mbo_E4E18.smt2 : 850583 ms.
--------------------------------------------------
run.sh: line 19: 158853 Segmentation fault      (core dumped) z3 $file -T:$time_t
QF_NRA/20161105-Sturm-MBO_2/mbo_E4E19.smt2 : 895632 ms.
--------------------------------------------------
run.sh: line 19: 159268 Segmentation fault      (core dumped) z3 $file -T:$time_t
QF_NRA/20161105-Sturm-MBO_2/mbo_E4E20.smt2 : 761635 ms.
--------------------------------------------------
run.sh: line 19: 201556 Segmentation fault      (core dumped) z3 $file -T:$time_t
QF_NRA/20161105-Sturm-MBO_2/mbo_E4E21.smt2 : 749864 ms.
--------------------------------------------------
run.sh: line 19: 208641 Segmentation fault      (core dumped) z3 $file -T:$time_t
QF_NRA/20161105-Sturm-MBO_2/mbo_E4E22.smt2 : 827037 ms.
--------------------------------------------------
run.sh: line 19: 209048 Segmentation fault      (core dumped) z3 $file -T:$time_t
QF_NRA/20161105-Sturm-MBO_2/mbo_E4E23.smt2 : 933565 ms.
--------------------------------------------------
run.sh: line 19: 209540 Segmentation fault      (core dumped) z3 $file -T:$time_t
QF_NRA/20161105-Sturm-MBO_2/mbo_E4E24.smt2 : 845099 ms.
--------------------------------------------------
run.sh: line 19: 210145 Segmentation fault      (core dumped) z3 $file -T:$time_t
QF_NRA/20161105-Sturm-MBO_2/mbo_E4E25.smt2 : 855400 ms.
--------------------------------------------------
run.sh: line 19: 210532 Segmentation fault      (core dumped) z3 $file -T:$time_t
QF_NRA/20161105-Sturm-MBO_2/mbo_E4E26.smt2 : 848176 ms.
--------------------------------------------------
unknown
QF_NRA/20161105-Sturm-MBO_2/mbo_E4E27.smt2 : 241078 ms.
--------------------------------------------------
run.sh: line 19: 211357 Segmentation fault      (core dumped) z3 $file -T:$time_t
QF_NRA/20161105-Sturm-MBO_2/mbo_E4E28.smt2 : 899953 ms.
--------------------------------------------------
run.sh: line 19: 211735 Segmentation fault      (core dumped) z3 $file -T:$time_t
QF_NRA/20161105-Sturm-MBO_2/mbo_E4E5.smt2 : 1197182 ms.
--------------------------------------------------
run.sh: line 19: 212588 Segmentation fault      (core dumped) z3 $file -T:$time_t
QF_NRA/20161105-Sturm-MBO_2/mbo_E4E6.smt2 : 982967 ms.
--------------------------------------------------
timeout
QF_NRA/20161105-Sturm-MBO_2/mbo_E4E7.smt2 : 1801702 ms.
--------------------------------------------------
run.sh: line 19: 213811 Segmentation fault      (core dumped) z3 $file -T:$time_t
QF_NRA/20161105-Sturm-MBO_2/mbo_E4E8.smt2 : 978402 ms.
--------------------------------------------------
run.sh: line 19: 214245 Segmentation fault      (core dumped) z3 $file -T:$time_t
QF_NRA/20161105-Sturm-MBO_2/mbo_E4E9.smt2 : 957485 ms.
--------------------------------------------------
timeout
QF_NRA/20161105-Sturm-MBO_2/mbo_E4.smt2 : 1800225 ms.
--------------------------------------------------
run.sh: line 19: 215554 Segmentation fault      (core dumped) z3 $file -T:$time_t
QF_NRA/20161105-Sturm-MBO_2/mbo_E5E10.smt2 : 1036216 ms.
--------------------------------------------------
unsat
QF_NRA/20161105-Sturm-MBO_2/mbo_E5E11.smt2 : 18591 ms.
--------------------------------------------------
run.sh: line 19: 216050 Segmentation fault      (core dumped) z3 $file -T:$time_t
QF_NRA/20161105-Sturm-MBO_2/mbo_E5E12.smt2 : 1124496 ms.
--------------------------------------------------
run.sh: line 19: 216541 Segmentation fault      (core dumped) z3 $file -T:$time_t
QF_NRA/20161105-Sturm-MBO_2/mbo_E5E13.smt2 : 1202534 ms.
--------------------------------------------------
run.sh: line 19: 217053 Segmentation fault      (core dumped) z3 $file -T:$time_t
QF_NRA/20161105-Sturm-MBO_2/mbo_E5E15.smt2 : 1154773 ms.
--------------------------------------------------
timeout
QF_NRA/20161105-Sturm-MBO_2/mbo_E5E16.smt2 : 1800114 ms.
--------------------------------------------------
timeout
QF_NRA/20161105-Sturm-MBO_2/mbo_E5E17.smt2 : 1800073 ms.
--------------------------------------------------
run.sh: line 19: 345968 Segmentation fault      (core dumped) z3 $file -T:$time_t
QF_NRA/20161105-Sturm-MBO_2/mbo_E5E18.smt2 : 1308023 ms.
--------------------------------------------------
run.sh: line 19: 348526 Segmentation fault      (core dumped) z3 $file -T:$time_t
QF_NRA/20161105-Sturm-MBO_2/mbo_E5E19.smt2 : 1263190 ms.
--------------------------------------------------
run.sh: line 19: 356200 Segmentation fault      (core dumped) z3 $file -T:$time_t
QF_NRA/20161105-Sturm-MBO_2/mbo_E5E20.smt2 : 922949 ms.
--------------------------------------------------
unsat
QF_NRA/20161105-Sturm-MBO_2/mbo_E5E21.smt2 : 256 ms.
--------------------------------------------------
run.sh: line 19: 357862 Segmentation fault      (core dumped) z3 $file -T:$time_t
QF_NRA/20161105-Sturm-MBO_2/mbo_E5E22.smt2 : 965364 ms.
--------------------------------------------------
unsat
QF_NRA/20161105-Sturm-MBO_2/mbo_E5E23.smt2 : 124 ms.
--------------------------------------------------
run.sh: line 19: 360058 Segmentation fault      (core dumped) z3 $file -T:$time_t
QF_NRA/20161105-Sturm-MBO_2/mbo_E5E24.smt2 : 1021739 ms.
--------------------------------------------------
run.sh: line 19: 362358 Segmentation fault      (core dumped) z3 $file -T:$time_t
QF_NRA/20161105-Sturm-MBO_2/mbo_E5E25.smt2 : 993628 ms.
--------------------------------------------------
unsat
QF_NRA/20161105-Sturm-MBO_2/mbo_E5E26.smt2 : 44 ms.
--------------------------------------------------
unsat
QF_NRA/20161105-Sturm-MBO_2/mbo_E5E27.smt2 : 41 ms.
--------------------------------------------------
unsat
QF_NRA/20161105-Sturm-MBO_2/mbo_E5E28.smt2 : 22833 ms.
--------------------------------------------------
timeout
QF_NRA/20161105-Sturm-MBO_2/mbo_E5E6.smt2 : 1800116 ms.
--------------------------------------------------
unsat
QF_NRA/20161105-Sturm-MBO_2/mbo_E5E7.smt2 : 50 ms.
--------------------------------------------------
run.sh: line 19: 367771 Segmentation fault      (core dumped) z3 $file -T:$time_t
QF_NRA/20161105-Sturm-MBO_2/mbo_E5E8.smt2 : 1369051 ms.
--------------------------------------------------
timeout
QF_NRA/20161105-Sturm-MBO_2/mbo_E5E9.smt2 : 1800118 ms.
--------------------------------------------------
unsat
QF_NRA/20161105-Sturm-MBO_2/mbo_E5.smt2 : 30 ms.
--------------------------------------------------
run.sh: line 19: 371756 Segmentation fault      (core dumped) z3 $file -T:$time_t
QF_NRA/20161105-Sturm-MBO_2/mbo_E6E10.smt2 : 1001918 ms.
--------------------------------------------------
unsat
QF_NRA/20161105-Sturm-MBO_2/mbo_E6E11.smt2 : 18703 ms.
--------------------------------------------------
run.sh: line 19: 373196 Segmentation fault      (core dumped) z3 $file -T:$time_t
QF_NRA/20161105-Sturm-MBO_2/mbo_E6E12.smt2 : 1159867 ms.
--------------------------------------------------
run.sh: line 19: 374346 Segmentation fault      (core dumped) z3 $file -T:$time_t
QF_NRA/20161105-Sturm-MBO_2/mbo_E6E13.smt2 : 1261986 ms.
--------------------------------------------------
run.sh: line 19: 454262 Segmentation fault      (core dumped) z3 $file -T:$time_t
QF_NRA/20161105-Sturm-MBO_2/mbo_E6E14.smt2 : 1529264 ms.
--------------------------------------------------
run.sh: line 19: 456949 Segmentation fault      (core dumped) z3 $file -T:$time_t
QF_NRA/20161105-Sturm-MBO_2/mbo_E6E15.smt2 : 1414163 ms.
--------------------------------------------------
unsat
QF_NRA/20161105-Sturm-MBO_2/mbo_E6E16.smt2 : 25391 ms.
--------------------------------------------------
unsat
QF_NRA/20161105-Sturm-MBO_2/mbo_E6E17.smt2 : 23737 ms.
--------------------------------------------------
run.sh: line 19:  8883 Segmentation fault      (core dumped) z3 $file -T:$time_t
QF_NRA/20161105-Sturm-MBO_2/mbo_E6E18.smt2 : 1283982 ms.
--------------------------------------------------
run.sh: line 19: 14043 Segmentation fault      (core dumped) z3 $file -T:$time_t
QF_NRA/20161105-Sturm-MBO_2/mbo_E6E19.smt2 : 1259421 ms.
--------------------------------------------------
run.sh: line 19: 16642 Segmentation fault      (core dumped) z3 $file -T:$time_t
QF_NRA/20161105-Sturm-MBO_2/mbo_E6E20.smt2 : 934947 ms.
--------------------------------------------------
timeout
QF_NRA/20161105-Sturm-MBO_2/mbo_E6E21.smt2 : 1800089 ms.
--------------------------------------------------
run.sh: line 19: 22921 Segmentation fault      (core dumped) z3 $file -T:$time_t
QF_NRA/20161105-Sturm-MBO_2/mbo_E6E22.smt2 : 1005982 ms.
--------------------------------------------------
unsat
QF_NRA/20161105-Sturm-MBO_2/mbo_E6E23.smt2 : 22324 ms.
--------------------------------------------------
run.sh: line 19: 25177 Segmentation fault      (core dumped) z3 $file -T:$time_t
QF_NRA/20161105-Sturm-MBO_2/mbo_E6E24.smt2 : 1038235 ms.
--------------------------------------------------
run.sh: line 19: 26661 Segmentation fault      (core dumped) z3 $file -T:$time_t
QF_NRA/20161105-Sturm-MBO_2/mbo_E6E25.smt2 : 959293 ms.
--------------------------------------------------
unsat
QF_NRA/20161105-Sturm-MBO_2/mbo_E6E26.smt2 : 22655 ms.
--------------------------------------------------
unsat
QF_NRA/20161105-Sturm-MBO_2/mbo_E6E27.smt2 : 5165 ms.
--------------------------------------------------
unsat
QF_NRA/20161105-Sturm-MBO_2/mbo_E6E28.smt2 : 55 ms.
--------------------------------------------------
unsat
QF_NRA/20161105-Sturm-MBO_2/mbo_E6E7.smt2 : 10013 ms.
--------------------------------------------------
run.sh: line 19: 27836 Segmentation fault      (core dumped) z3 $file -T:$time_t
QF_NRA/20161105-Sturm-MBO_2/mbo_E6E8.smt2 : 1329804 ms.
--------------------------------------------------
unsat
QF_NRA/20161105-Sturm-MBO_2/mbo_E6E9.smt2 : 23039 ms.
--------------------------------------------------
unsat
QF_NRA/20161105-Sturm-MBO_2/mbo_E6.smt2 : 5111 ms.
--------------------------------------------------
timeout
QF_NRA/20161105-Sturm-MBO_2/mbo_E7E10.smt2 : 1801819 ms.
--------------------------------------------------
unsat
QF_NRA/20161105-Sturm-MBO_2/mbo_E7E11.smt2 : 21 ms.
--------------------------------------------------
timeout
QF_NRA/20161105-Sturm-MBO_2/mbo_E7E12.smt2 : 1802521 ms.
--------------------------------------------------
run.sh: line 19: 32988 Segmentation fault      (core dumped) z3 $file -T:$time_t
QF_NRA/20161105-Sturm-MBO_2/mbo_E7E13.smt2 : 667485 ms.
--------------------------------------------------
run.sh: line 19: 33447 Segmentation fault      (core dumped) z3 $file -T:$time_t
QF_NRA/20161105-Sturm-MBO_2/mbo_E7E14.smt2 : 665626 ms.
--------------------------------------------------
timeout
QF_NRA/20161105-Sturm-MBO_2/mbo_E7E15.smt2 : 1806300 ms.
--------------------------------------------------
unsat
QF_NRA/20161105-Sturm-MBO_2/mbo_E7E16.smt2 : 28261 ms.
--------------------------------------------------
unsat
QF_NRA/20161105-Sturm-MBO_2/mbo_E7E17.smt2 : 21074 ms.
--------------------------------------------------
timeout
QF_NRA/20161105-Sturm-MBO_2/mbo_E7E18.smt2 : 1805682 ms.
--------------------------------------------------
timeout
QF_NRA/20161105-Sturm-MBO_2/mbo_E7E19.smt2 : 1802668 ms.
--------------------------------------------------
timeout
QF_NRA/20161105-Sturm-MBO_2/mbo_E7E20.smt2 : 1801030 ms.
--------------------------------------------------
unsat
QF_NRA/20161105-Sturm-MBO_2/mbo_E7E21.smt2 : 38 ms.
--------------------------------------------------
timeout
QF_NRA/20161105-Sturm-MBO_2/mbo_E7E22.smt2 : 1801123 ms.
--------------------------------------------------
unsat
QF_NRA/20161105-Sturm-MBO_2/mbo_E7E23.smt2 : 36 ms.
--------------------------------------------------
timeout
QF_NRA/20161105-Sturm-MBO_2/mbo_E7E24.smt2 : 1804581 ms.
--------------------------------------------------
timeout
QF_NRA/20161105-Sturm-MBO_2/mbo_E7E25.smt2 : 1801220 ms.
--------------------------------------------------
unsat
QF_NRA/20161105-Sturm-MBO_2/mbo_E7E26.smt2 : 38 ms.
--------------------------------------------------
unsat
QF_NRA/20161105-Sturm-MBO_2/mbo_E7E27.smt2 : 19 ms.
--------------------------------------------------
unsat
QF_NRA/20161105-Sturm-MBO_2/mbo_E7E28.smt2 : 37 ms.
--------------------------------------------------
run.sh: line 19: 47183 Segmentation fault      (core dumped) z3 $file -T:$time_t
QF_NRA/20161105-Sturm-MBO_2/mbo_E7E8.smt2 : 640900 ms.
--------------------------------------------------
unsat
QF_NRA/20161105-Sturm-MBO_2/mbo_E7E9.smt2 : 23473 ms.
--------------------------------------------------
unsat
QF_NRA/20161105-Sturm-MBO_2/mbo_E7.smt2 : 22 ms.
--------------------------------------------------
run.sh: line 19: 48403 Segmentation fault      (core dumped) z3 $file -T:$time_t
QF_NRA/20161105-Sturm-MBO_2/mbo_E8E10.smt2 : 918414 ms.
--------------------------------------------------
unknown
QF_NRA/20161105-Sturm-MBO_2/mbo_E8E11.smt2 : 1337502 ms.
--------------------------------------------------
run.sh: line 19: 50091 Segmentation fault      (core dumped) z3 $file -T:$time_t
QF_NRA/20161105-Sturm-MBO_2/mbo_E8E12.smt2 : 987256 ms.
--------------------------------------------------
run.sh: line 19: 50983 Segmentation fault      (core dumped) z3 $file -T:$time_t
QF_NRA/20161105-Sturm-MBO_2/mbo_E8E13.smt2 : 1033314 ms.
--------------------------------------------------
run.sh: line 19: 51687 Segmentation fault      (core dumped) z3 $file -T:$time_t
QF_NRA/20161105-Sturm-MBO_2/mbo_E8E14.smt2 : 1018584 ms.
--------------------------------------------------
run.sh: line 19: 52936 Segmentation fault      (core dumped) z3 $file -T:$time_t
QF_NRA/20161105-Sturm-MBO_2/mbo_E8E15.smt2 : 984881 ms.
--------------------------------------------------
run.sh: line 19: 53732 Segmentation fault      (core dumped) z3 $file -T:$time_t
QF_NRA/20161105-Sturm-MBO_2/mbo_E8E16.smt2 : 1238583 ms.
--------------------------------------------------
run.sh: line 19: 54466 Segmentation fault      (core dumped) z3 $file -T:$time_t
QF_NRA/20161105-Sturm-MBO_2/mbo_E8E17.smt2 : 1144966 ms.
--------------------------------------------------
run.sh: line 19: 55297 Segmentation fault      (core dumped) z3 $file -T:$time_t
QF_NRA/20161105-Sturm-MBO_2/mbo_E8E18.smt2 : 1017756 ms.
--------------------------------------------------
run.sh: line 19: 55774 Segmentation fault      (core dumped) z3 $file -T:$time_t
QF_NRA/20161105-Sturm-MBO_2/mbo_E8E19.smt2 : 902370 ms.
--------------------------------------------------
run.sh: line 19: 56510 Segmentation fault      (core dumped) z3 $file -T:$time_t
QF_NRA/20161105-Sturm-MBO_2/mbo_E8E20.smt2 : 778123 ms.
--------------------------------------------------
run.sh: line 19: 57055 Segmentation fault      (core dumped) z3 $file -T:$time_t
QF_NRA/20161105-Sturm-MBO_2/mbo_E8E21.smt2 : 822618 ms.
--------------------------------------------------
run.sh: line 19: 57759 Segmentation fault      (core dumped) z3 $file -T:$time_t
QF_NRA/20161105-Sturm-MBO_2/mbo_E8E22.smt2 : 814672 ms.
--------------------------------------------------
run.sh: line 19: 58172 Segmentation fault      (core dumped) z3 $file -T:$time_t
QF_NRA/20161105-Sturm-MBO_2/mbo_E8E23.smt2 : 816606 ms.
--------------------------------------------------
run.sh: line 19: 58825 Segmentation fault      (core dumped) z3 $file -T:$time_t
QF_NRA/20161105-Sturm-MBO_2/mbo_E8E24.smt2 : 858151 ms.
--------------------------------------------------
run.sh: line 19: 59497 Segmentation fault      (core dumped) z3 $file -T:$time_t
QF_NRA/20161105-Sturm-MBO_2/mbo_E8E25.smt2 : 906682 ms.
--------------------------------------------------
run.sh: line 19: 60081 Segmentation fault      (core dumped) z3 $file -T:$time_t
QF_NRA/20161105-Sturm-MBO_2/mbo_E8E26.smt2 : 867326 ms.
--------------------------------------------------
unknown
QF_NRA/20161105-Sturm-MBO_2/mbo_E8E27.smt2 : 873150 ms.
--------------------------------------------------
run.sh: line 19: 61237 Segmentation fault      (core dumped) z3 $file -T:$time_t
QF_NRA/20161105-Sturm-MBO_2/mbo_E8E28.smt2 : 923105 ms.
--------------------------------------------------
run.sh: line 19: 62111 Segmentation fault      (core dumped) z3 $file -T:$time_t
QF_NRA/20161105-Sturm-MBO_2/mbo_E8E9.smt2 : 1207744 ms.
--------------------------------------------------
timeout
QF_NRA/20161105-Sturm-MBO_2/mbo_E8.smt2 : 1800189 ms.
--------------------------------------------------
unknown
QF_NRA/20161105-Sturm-MBO_2/mbo_E9E10.smt2 : 168142 ms.
--------------------------------------------------
unsat
QF_NRA/20161105-Sturm-MBO_2/mbo_E9E11.smt2 : 16901 ms.
--------------------------------------------------
run.sh: line 19: 114133 Segmentation fault      (core dumped) z3 $file -T:$time_t
QF_NRA/20161105-Sturm-MBO_2/mbo_E9E12.smt2 : 874427 ms.
--------------------------------------------------
run.sh: line 19: 116514 Segmentation fault      (core dumped) z3 $file -T:$time_t
QF_NRA/20161105-Sturm-MBO_2/mbo_E9E13.smt2 : 1021415 ms.
--------------------------------------------------
run.sh: line 19: 118228 Segmentation fault      z3 $file -T:$time_t
QF_NRA/20161105-Sturm-MBO_2/mbo_E9E14.smt2 : 1050700 ms.
--------------------------------------------------
run.sh: line 19: 121779 Segmentation fault      (core dumped) z3 $file -T:$time_t
QF_NRA/20161105-Sturm-MBO_2/mbo_E9E15.smt2 : 856531 ms.
--------------------------------------------------
unsat
QF_NRA/20161105-Sturm-MBO_2/mbo_E9E16.smt2 : 23997 ms.
--------------------------------------------------
unsat
QF_NRA/20161105-Sturm-MBO_2/mbo_E9E17.smt2 : 23169 ms.
--------------------------------------------------
run.sh: line 19: 123369 Segmentation fault      (core dumped) z3 $file -T:$time_t
QF_NRA/20161105-Sturm-MBO_2/mbo_E9E18.smt2 : 1009168 ms.
--------------------------------------------------
run.sh: line 19: 124745 Segmentation fault      (core dumped) z3 $file -T:$time_t
QF_NRA/20161105-Sturm-MBO_2/mbo_E9E19.smt2 : 995634 ms.
--------------------------------------------------
unknown
QF_NRA/20161105-Sturm-MBO_2/mbo_E9E20.smt2 : 196090 ms.
--------------------------------------------------
unsat
QF_NRA/20161105-Sturm-MBO_2/mbo_E9E21.smt2 : 17588 ms.
--------------------------------------------------
run.sh: line 19: 126356 Segmentation fault      (core dumped) z3 $file -T:$time_t
QF_NRA/20161105-Sturm-MBO_2/mbo_E9E22.smt2 : 884410 ms.
--------------------------------------------------
unsat
QF_NRA/20161105-Sturm-MBO_2/mbo_E9E23.smt2 : 20741 ms.
--------------------------------------------------
run.sh: line 19: 127680 Segmentation fault      (core dumped) z3 $file -T:$time_t
QF_NRA/20161105-Sturm-MBO_2/mbo_E9E24.smt2 : 931327 ms.
