--------------------------------------------------
unsat
QF_NRA/hycomp/ball_count_2d_hill.10.seq_lazy_global_2.smt2 : 142 ms.
--------------------------------------------------
unsat
QF_NRA/hycomp/ball_count_2d_hill.10.seq_lazy_global_3.smt2 : 270 ms.
--------------------------------------------------
unsat
QF_NRA/hycomp/ball_count_2d_hill.10.seq_lazy_global_4.smt2 : 519 ms.
--------------------------------------------------
unsat
QF_NRA/hycomp/ball_count_2d_hill.10.seq_lazy_global_5.smt2 : 867 ms.
--------------------------------------------------
unsat
QF_NRA/hycomp/ball_count_2d_hill.10.seq_lazy_global_6.smt2 : 1262 ms.
--------------------------------------------------
unsat
QF_NRA/hycomp/ball_count_2d_hill.10.seq_lazy_global_7.smt2 : 1612 ms.
--------------------------------------------------
unsat
QF_NRA/hycomp/ball_count_2d_hill.10.seq_lazy_global_8.smt2 : 32804 ms.
--------------------------------------------------
unsat
QF_NRA/hycomp/ball_count_2d_hill.10.seq_lazy_global_9.smt2 : 3547 ms.
--------------------------------------------------
unsat
QF_NRA/hycomp/ball_count_2d_hill.10.seq_lazy_lemmas_global_0.smt2 : 28 ms.
--------------------------------------------------
unsat
QF_NRA/hycomp/ball_count_2d_hill.10.seq_lazy_lemmas_global_10.smt2 : 17613 ms.
--------------------------------------------------
unsat
QF_NRA/hycomp/ball_count_2d_hill.10.seq_lazy_lemmas_global_11.smt2 : 7788 ms.
--------------------------------------------------
./solvers/smtrat/run.sh: line 3: 255413 Killed                  LD_PRELOAD=libmimalloc.so ./smtrat ../$1 2> /dev/null
QF_NRA/hycomp/ball_count_2d_hill.10.seq_lazy_lemmas_global_12.smt2 : 1800221 ms.
--------------------------------------------------
unsat
QF_NRA/hycomp/ball_count_2d_hill.10.seq_lazy_lemmas_global_13.smt2 : 15923 ms.
--------------------------------------------------
./solvers/smtrat/run.sh: line 3: 283251 Killed                  LD_PRELOAD=libmimalloc.so ./smtrat ../$1 2> /dev/null
QF_NRA/hycomp/ball_count_2d_hill.10.seq_lazy_lemmas_global_14.smt2 : 1809151 ms.
--------------------------------------------------
unsat
QF_NRA/hycomp/ball_count_2d_hill.10.seq_lazy_lemmas_global_15.smt2 : 72290 ms.
--------------------------------------------------
unsat
QF_NRA/hycomp/ball_count_2d_hill.10.seq_lazy_lemmas_global_1.smt2 : 364 ms.
--------------------------------------------------
unsat
QF_NRA/hycomp/ball_count_2d_hill.10.seq_lazy_lemmas_global_2.smt2 : 550 ms.
--------------------------------------------------
unsat
QF_NRA/hycomp/ball_count_2d_hill.10.seq_lazy_lemmas_global_3.smt2 : 736 ms.
--------------------------------------------------
unsat
QF_NRA/hycomp/ball_count_2d_hill.10.seq_lazy_lemmas_global_4.smt2 : 1052 ms.
--------------------------------------------------
unsat
QF_NRA/hycomp/ball_count_2d_hill.10.seq_lazy_lemmas_global_5.smt2 : 1389 ms.
--------------------------------------------------
unsat
QF_NRA/hycomp/ball_count_2d_hill.10.seq_lazy_lemmas_global_6.smt2 : 1939 ms.
--------------------------------------------------
unsat
QF_NRA/hycomp/ball_count_2d_hill.10.seq_lazy_lemmas_global_7.smt2 : 2904 ms.
--------------------------------------------------
unsat
QF_NRA/hycomp/ball_count_2d_hill.10.seq_lazy_lemmas_global_8.smt2 : 4093 ms.
--------------------------------------------------
unsat
QF_NRA/hycomp/ball_count_2d_hill.10.seq_lazy_lemmas_global_9.smt2 : 4672 ms.
--------------------------------------------------
unsat
QF_NRA/hycomp/ball_count_2d_hill.10.seq_lazy_linear_enc_global_0.smt2 : 91 ms.
--------------------------------------------------
unsat
QF_NRA/hycomp/ball_count_2d_hill.10.seq_lazy_linear_enc_global_10.smt2 : 25838 ms.
--------------------------------------------------
unsat
QF_NRA/hycomp/ball_count_2d_hill.10.seq_lazy_linear_enc_global_11.smt2 : 5179 ms.
--------------------------------------------------
./solvers/smtrat/run.sh: line 3: 291297 Killed                  LD_PRELOAD=libmimalloc.so ./smtrat ../$1 2> /dev/null
QF_NRA/hycomp/ball_count_2d_hill.10.seq_lazy_linear_enc_global_12.smt2 : 1800130 ms.
--------------------------------------------------
unsat
QF_NRA/hycomp/ball_count_2d_hill.10.seq_lazy_linear_enc_global_13.smt2 : 8577 ms.
--------------------------------------------------
./solvers/smtrat/run.sh: line 3: 294967 Killed                  LD_PRELOAD=libmimalloc.so ./smtrat ../$1 2> /dev/null
QF_NRA/hycomp/ball_count_2d_hill.10.seq_lazy_linear_enc_global_14.smt2 : 1800156 ms.
--------------------------------------------------
unsat
QF_NRA/hycomp/ball_count_2d_hill.10.seq_lazy_linear_enc_global_15.smt2 : 117978 ms.
--------------------------------------------------
unsat
QF_NRA/hycomp/ball_count_2d_hill.10.seq_lazy_linear_enc_global_1.smt2 : 62 ms.
--------------------------------------------------
unsat
QF_NRA/hycomp/ball_count_2d_hill.10.seq_lazy_linear_enc_global_2.smt2 : 144 ms.
--------------------------------------------------
unsat
QF_NRA/hycomp/ball_count_2d_hill.10.seq_lazy_linear_enc_global_3.smt2 : 243 ms.
--------------------------------------------------
unsat
QF_NRA/hycomp/ball_count_2d_hill.10.seq_lazy_linear_enc_global_4.smt2 : 440 ms.
--------------------------------------------------
unsat
QF_NRA/hycomp/ball_count_2d_hill.10.seq_lazy_linear_enc_global_5.smt2 : 631 ms.
--------------------------------------------------
unsat
QF_NRA/hycomp/ball_count_2d_hill.10.seq_lazy_linear_enc_global_6.smt2 : 1023 ms.
--------------------------------------------------
unsat
QF_NRA/hycomp/ball_count_2d_hill.10.seq_lazy_linear_enc_global_7.smt2 : 1373 ms.
--------------------------------------------------
unsat
QF_NRA/hycomp/ball_count_2d_hill.10.seq_lazy_linear_enc_global_8.smt2 : 4995 ms.
--------------------------------------------------
unsat
QF_NRA/hycomp/ball_count_2d_hill.10.seq_lazy_linear_enc_global_9.smt2 : 2692 ms.
--------------------------------------------------
unsat
QF_NRA/hycomp/ball_count_2d_hill.10.seq_lazy_linear_enc_lemmas_global_0.smt2 : 23 ms.
--------------------------------------------------
unsat
QF_NRA/hycomp/ball_count_2d_hill.10.seq_lazy_linear_enc_lemmas_global_10.smt2 : 18557 ms.
--------------------------------------------------
unsat
QF_NRA/hycomp/ball_count_2d_hill.10.seq_lazy_linear_enc_lemmas_global_11.smt2 : 6257 ms.
--------------------------------------------------
unsat
QF_NRA/hycomp/ball_count_2d_hill.10.seq_lazy_linear_enc_lemmas_global_12.smt2 : 1053115 ms.
--------------------------------------------------
unsat
QF_NRA/hycomp/ball_count_2d_hill.10.seq_lazy_linear_enc_lemmas_global_13.smt2 : 13727 ms.
--------------------------------------------------
./solvers/smtrat/run.sh: line 3: 298471 Killed                  LD_PRELOAD=libmimalloc.so ./smtrat ../$1 2> /dev/null
QF_NRA/hycomp/ball_count_2d_hill.10.seq_lazy_linear_enc_lemmas_global_14.smt2 : 1800208 ms.
--------------------------------------------------
unsat
QF_NRA/hycomp/ball_count_2d_hill.10.seq_lazy_linear_enc_lemmas_global_15.smt2 : 63891 ms.
--------------------------------------------------
unsat
QF_NRA/hycomp/ball_count_2d_hill.10.seq_lazy_linear_enc_lemmas_global_1.smt2 : 103 ms.
--------------------------------------------------
unsat
QF_NRA/hycomp/ball_count_2d_hill.10.seq_lazy_linear_enc_lemmas_global_2.smt2 : 199 ms.
--------------------------------------------------
unsat
QF_NRA/hycomp/ball_count_2d_hill.10.seq_lazy_linear_enc_lemmas_global_3.smt2 : 342 ms.
--------------------------------------------------
unsat
QF_NRA/hycomp/ball_count_2d_hill.10.seq_lazy_linear_enc_lemmas_global_4.smt2 : 635 ms.
--------------------------------------------------
unsat
QF_NRA/hycomp/ball_count_2d_hill.10.seq_lazy_linear_enc_lemmas_global_5.smt2 : 884 ms.
--------------------------------------------------
unsat
QF_NRA/hycomp/ball_count_2d_hill.10.seq_lazy_linear_enc_lemmas_global_6.smt2 : 1363 ms.
--------------------------------------------------
unsat
QF_NRA/hycomp/ball_count_2d_hill.10.seq_lazy_linear_enc_lemmas_global_7.smt2 : 1954 ms.
--------------------------------------------------
unsat
QF_NRA/hycomp/ball_count_2d_hill.10.seq_lazy_linear_enc_lemmas_global_8.smt2 : 5280 ms.
--------------------------------------------------
unsat
QF_NRA/hycomp/ball_count_2d_hill.10.seq_lazy_linear_enc_lemmas_global_9.smt2 : 4459 ms.
--------------------------------------------------
unsat
QF_NRA/hycomp/ball_count_2d_hill_simple.01.qfree_global_0.smt2 : 15 ms.
--------------------------------------------------
./solvers/smtrat/run.sh: line 3: 300519 Killed                  LD_PRELOAD=libmimalloc.so ./smtrat ../$1 2> /dev/null
QF_NRA/hycomp/ball_count_2d_hill_simple.01.qfree_global_10.smt2 : 1800260 ms.
--------------------------------------------------
unsat
QF_NRA/hycomp/ball_count_2d_hill_simple.01.qfree_global_11.smt2 : 1007 ms.
--------------------------------------------------
./solvers/smtrat/run.sh: line 3: 324820 Killed                  LD_PRELOAD=libmimalloc.so ./smtrat ../$1 2> /dev/null
QF_NRA/hycomp/ball_count_2d_hill_simple.01.qfree_global_12.smt2 : 1800308 ms.
--------------------------------------------------
unsat
QF_NRA/hycomp/ball_count_2d_hill_simple.01.qfree_global_13.smt2 : 1401 ms.
--------------------------------------------------
./solvers/smtrat/run.sh: line 3: 330366 Killed                  LD_PRELOAD=libmimalloc.so ./smtrat ../$1 2> /dev/null
QF_NRA/hycomp/ball_count_2d_hill_simple.01.qfree_global_14.smt2 : 1800248 ms.
--------------------------------------------------
unsat
QF_NRA/hycomp/ball_count_2d_hill_simple.01.qfree_global_15.smt2 : 1867 ms.
--------------------------------------------------
unsat
QF_NRA/hycomp/ball_count_2d_hill_simple.01.qfree_global_1.smt2 : 56 ms.
--------------------------------------------------
sat
QF_NRA/hycomp/ball_count_2d_hill_simple.01.qfree_global_2.smt2 : 118 ms.
--------------------------------------------------
unsat
QF_NRA/hycomp/ball_count_2d_hill_simple.01.qfree_global_3.smt2 : 163 ms.
--------------------------------------------------
sat
QF_NRA/hycomp/ball_count_2d_hill_simple.01.qfree_global_4.smt2 : 558 ms.
--------------------------------------------------
unsat
QF_NRA/hycomp/ball_count_2d_hill_simple.01.qfree_global_5.smt2 : 285 ms.
--------------------------------------------------
sat
QF_NRA/hycomp/ball_count_2d_hill_simple.01.qfree_global_6.smt2 : 1706 ms.
--------------------------------------------------
unsat
QF_NRA/hycomp/ball_count_2d_hill_simple.01.qfree_global_7.smt2 : 492 ms.
--------------------------------------------------
sat
QF_NRA/hycomp/ball_count_2d_hill_simple.01.qfree_global_8.smt2 : 2411 ms.
--------------------------------------------------
unsat
QF_NRA/hycomp/ball_count_2d_hill_simple.01.qfree_global_9.smt2 : 857 ms.
--------------------------------------------------
unsat
QF_NRA/hycomp/ball_count_2d_hill_simple.01.redlog_global_0.smt2 : 24 ms.
--------------------------------------------------
./solvers/smtrat/run.sh: line 3: 334373 Killed                  LD_PRELOAD=libmimalloc.so ./smtrat ../$1 2> /dev/null
QF_NRA/hycomp/ball_count_2d_hill_simple.01.redlog_global_10.smt2 : 1800168 ms.
--------------------------------------------------
unsat
QF_NRA/hycomp/ball_count_2d_hill_simple.01.redlog_global_11.smt2 : 1664 ms.
--------------------------------------------------
./solvers/smtrat/run.sh: line 3: 337303 Killed                  LD_PRELOAD=libmimalloc.so ./smtrat ../$1 2> /dev/null
QF_NRA/hycomp/ball_count_2d_hill_simple.01.redlog_global_12.smt2 : 1800312 ms.
--------------------------------------------------
unsat
QF_NRA/hycomp/ball_count_2d_hill_simple.01.redlog_global_13.smt2 : 1822 ms.
--------------------------------------------------
./solvers/smtrat/run.sh: line 3: 340059 Killed                  LD_PRELOAD=libmimalloc.so ./smtrat ../$1 2> /dev/null
QF_NRA/hycomp/ball_count_2d_hill_simple.01.redlog_global_14.smt2 : 1800477 ms.
--------------------------------------------------
unsat
QF_NRA/hycomp/ball_count_2d_hill_simple.01.redlog_global_15.smt2 : 3424 ms.
--------------------------------------------------
unsat
QF_NRA/hycomp/ball_count_2d_hill_simple.01.redlog_global_1.smt2 : 89 ms.
--------------------------------------------------
sat
QF_NRA/hycomp/ball_count_2d_hill_simple.01.redlog_global_2.smt2 : 308 ms.
--------------------------------------------------
unsat
QF_NRA/hycomp/ball_count_2d_hill_simple.01.redlog_global_3.smt2 : 243 ms.
--------------------------------------------------
sat
QF_NRA/hycomp/ball_count_2d_hill_simple.01.redlog_global_4.smt2 : 1400 ms.
--------------------------------------------------
unsat
QF_NRA/hycomp/ball_count_2d_hill_simple.01.redlog_global_5.smt2 : 493 ms.
--------------------------------------------------
./solvers/smtrat/run.sh: line 3: 342862 Killed                  LD_PRELOAD=libmimalloc.so ./smtrat ../$1 2> /dev/null
QF_NRA/hycomp/ball_count_2d_hill_simple.01.redlog_global_6.smt2 : 1800302 ms.
--------------------------------------------------
unsat
QF_NRA/hycomp/ball_count_2d_hill_simple.01.redlog_global_7.smt2 : 824 ms.
--------------------------------------------------
./solvers/smtrat/run.sh: line 3: 345388 Killed                  LD_PRELOAD=libmimalloc.so ./smtrat ../$1 2> /dev/null
QF_NRA/hycomp/ball_count_2d_hill_simple.01.redlog_global_8.smt2 : 1800415 ms.
--------------------------------------------------
unsat
QF_NRA/hycomp/ball_count_2d_hill_simple.01.redlog_global_9.smt2 : 1028 ms.
--------------------------------------------------
unsat
QF_NRA/hycomp/ball_count_2d_hill_simple.01.seq_lazy_global_0.smt2 : 32 ms.
--------------------------------------------------
./solvers/smtrat/run.sh: line 3: 347702 Killed                  LD_PRELOAD=libmimalloc.so ./smtrat ../$1 2> /dev/null
QF_NRA/hycomp/ball_count_2d_hill_simple.01.seq_lazy_global_10.smt2 : 1800630 ms.
--------------------------------------------------
unsat
QF_NRA/hycomp/ball_count_2d_hill_simple.01.seq_lazy_global_11.smt2 : 1485 ms.
--------------------------------------------------
./solvers/smtrat/run.sh: line 3: 350303 Killed                  LD_PRELOAD=libmimalloc.so ./smtrat ../$1 2> /dev/null
QF_NRA/hycomp/ball_count_2d_hill_simple.01.seq_lazy_global_12.smt2 : 1801292 ms.
--------------------------------------------------
unsat
QF_NRA/hycomp/ball_count_2d_hill_simple.01.seq_lazy_global_13.smt2 : 1339 ms.
--------------------------------------------------
./solvers/smtrat/run.sh: line 3: 353071 Killed                  LD_PRELOAD=libmimalloc.so ./smtrat ../$1 2> /dev/null
QF_NRA/hycomp/ball_count_2d_hill_simple.01.seq_lazy_global_14.smt2 : 1801528 ms.
--------------------------------------------------
unsat
QF_NRA/hycomp/ball_count_2d_hill_simple.01.seq_lazy_global_15.smt2 : 1791 ms.
--------------------------------------------------
unsat
QF_NRA/hycomp/ball_count_2d_hill_simple.01.seq_lazy_global_1.smt2 : 49 ms.
--------------------------------------------------
sat
QF_NRA/hycomp/ball_count_2d_hill_simple.01.seq_lazy_global_2.smt2 : 447 ms.
--------------------------------------------------
unsat
QF_NRA/hycomp/ball_count_2d_hill_simple.01.seq_lazy_global_3.smt2 : 123 ms.
--------------------------------------------------
./solvers/smtrat/run.sh: line 3: 354933 Killed                  LD_PRELOAD=libmimalloc.so ./smtrat ../$1 2> /dev/null
QF_NRA/hycomp/ball_count_2d_hill_simple.01.seq_lazy_global_4.smt2 : 1800506 ms.
--------------------------------------------------
unsat
QF_NRA/hycomp/ball_count_2d_hill_simple.01.seq_lazy_global_5.smt2 : 253 ms.
--------------------------------------------------
sat
QF_NRA/hycomp/ball_count_2d_hill_simple.01.seq_lazy_global_6.smt2 : 104245 ms.
--------------------------------------------------
unsat
QF_NRA/hycomp/ball_count_2d_hill_simple.01.seq_lazy_global_7.smt2 : 440 ms.
--------------------------------------------------
./solvers/smtrat/run.sh: line 3: 357011 Killed                  LD_PRELOAD=libmimalloc.so ./smtrat ../$1 2> /dev/null
QF_NRA/hycomp/ball_count_2d_hill_simple.01.seq_lazy_global_8.smt2 : 1801060 ms.
--------------------------------------------------
unsat
QF_NRA/hycomp/ball_count_2d_hill_simple.01.seq_lazy_global_9.smt2 : 720 ms.
--------------------------------------------------
unsat
QF_NRA/hycomp/ball_count_2d_hill_simple.01.seq_lazy_lemmas_global_0.smt2 : 41 ms.
--------------------------------------------------
./solvers/smtrat/run.sh: line 3: 358973 Killed                  LD_PRELOAD=libmimalloc.so ./smtrat ../$1 2> /dev/null
QF_NRA/hycomp/ball_count_2d_hill_simple.01.seq_lazy_lemmas_global_10.smt2 : 1800679 ms.
--------------------------------------------------
unsat
QF_NRA/hycomp/ball_count_2d_hill_simple.01.seq_lazy_lemmas_global_11.smt2 : 1440 ms.
--------------------------------------------------
./solvers/smtrat/run.sh: line 3: 362404 Killed                  LD_PRELOAD=libmimalloc.so ./smtrat ../$1 2> /dev/null
QF_NRA/hycomp/ball_count_2d_hill_simple.01.seq_lazy_lemmas_global_12.smt2 : 1800839 ms.
--------------------------------------------------
unsat
QF_NRA/hycomp/ball_count_2d_hill_simple.01.seq_lazy_lemmas_global_13.smt2 : 1987 ms.
--------------------------------------------------
./solvers/smtrat/run.sh: line 3: 364149 Killed                  LD_PRELOAD=libmimalloc.so ./smtrat ../$1 2> /dev/null
QF_NRA/hycomp/ball_count_2d_hill_simple.01.seq_lazy_lemmas_global_14.smt2 : 1801793 ms.
--------------------------------------------------
unsat
QF_NRA/hycomp/ball_count_2d_hill_simple.01.seq_lazy_lemmas_global_15.smt2 : 3937 ms.
--------------------------------------------------
unsat
QF_NRA/hycomp/ball_count_2d_hill_simple.01.seq_lazy_lemmas_global_1.smt2 : 76 ms.
--------------------------------------------------
sat
QF_NRA/hycomp/ball_count_2d_hill_simple.01.seq_lazy_lemmas_global_2.smt2 : 36193 ms.
--------------------------------------------------
unsat
QF_NRA/hycomp/ball_count_2d_hill_simple.01.seq_lazy_lemmas_global_3.smt2 : 185 ms.
--------------------------------------------------
./solvers/smtrat/run.sh: line 3: 387779 Killed                  LD_PRELOAD=libmimalloc.so ./smtrat ../$1 2> /dev/null
QF_NRA/hycomp/ball_count_2d_hill_simple.01.seq_lazy_lemmas_global_4.smt2 : 1800109 ms.
--------------------------------------------------
unsat
QF_NRA/hycomp/ball_count_2d_hill_simple.01.seq_lazy_lemmas_global_5.smt2 : 466 ms.
--------------------------------------------------
./solvers/smtrat/run.sh: line 3: 392454 Killed                  LD_PRELOAD=libmimalloc.so ./smtrat ../$1 2> /dev/null
QF_NRA/hycomp/ball_count_2d_hill_simple.01.seq_lazy_lemmas_global_6.smt2 : 1800484 ms.
--------------------------------------------------
unsat
QF_NRA/hycomp/ball_count_2d_hill_simple.01.seq_lazy_lemmas_global_7.smt2 : 854 ms.
--------------------------------------------------
./solvers/smtrat/run.sh: line 3: 395271 Killed                  LD_PRELOAD=libmimalloc.so ./smtrat ../$1 2> /dev/null
QF_NRA/hycomp/ball_count_2d_hill_simple.01.seq_lazy_lemmas_global_8.smt2 : 1800664 ms.
--------------------------------------------------
unsat
QF_NRA/hycomp/ball_count_2d_hill_simple.01.seq_lazy_lemmas_global_9.smt2 : 1059 ms.
--------------------------------------------------
unsat
QF_NRA/hycomp/ball_count_2d_hill_simple.01.seq_lazy_linear_enc_global_0.smt2 : 27 ms.
--------------------------------------------------
./solvers/smtrat/run.sh: line 3: 397972 Killed                  LD_PRELOAD=libmimalloc.so ./smtrat ../$1 2> /dev/null
QF_NRA/hycomp/ball_count_2d_hill_simple.01.seq_lazy_linear_enc_global_10.smt2 : 1800755 ms.
--------------------------------------------------
unsat
QF_NRA/hycomp/ball_count_2d_hill_simple.01.seq_lazy_linear_enc_global_11.smt2 : 975 ms.
--------------------------------------------------
./solvers/smtrat/run.sh: line 3: 400248 Killed                  LD_PRELOAD=libmimalloc.so ./smtrat ../$1 2> /dev/null
QF_NRA/hycomp/ball_count_2d_hill_simple.01.seq_lazy_linear_enc_global_12.smt2 : 1800120 ms.
--------------------------------------------------
unsat
QF_NRA/hycomp/ball_count_2d_hill_simple.01.seq_lazy_linear_enc_global_13.smt2 : 1356 ms.
--------------------------------------------------
./solvers/smtrat/run.sh: line 3: 402690 Killed                  LD_PRELOAD=libmimalloc.so ./smtrat ../$1 2> /dev/null
QF_NRA/hycomp/ball_count_2d_hill_simple.01.seq_lazy_linear_enc_global_14.smt2 : 1801227 ms.
--------------------------------------------------
unsat
QF_NRA/hycomp/ball_count_2d_hill_simple.01.seq_lazy_linear_enc_global_15.smt2 : 1913 ms.
--------------------------------------------------
unsat
QF_NRA/hycomp/ball_count_2d_hill_simple.01.seq_lazy_linear_enc_global_1.smt2 : 59 ms.
--------------------------------------------------
sat
QF_NRA/hycomp/ball_count_2d_hill_simple.01.seq_lazy_linear_enc_global_2.smt2 : 1581 ms.
--------------------------------------------------
unsat
QF_NRA/hycomp/ball_count_2d_hill_simple.01.seq_lazy_linear_enc_global_3.smt2 : 130 ms.
--------------------------------------------------
sat
QF_NRA/hycomp/ball_count_2d_hill_simple.01.seq_lazy_linear_enc_global_4.smt2 : 596 ms.
--------------------------------------------------
unsat
QF_NRA/hycomp/ball_count_2d_hill_simple.01.seq_lazy_linear_enc_global_5.smt2 : 267 ms.
--------------------------------------------------
./solvers/smtrat/run.sh: line 3: 404691 Killed                  LD_PRELOAD=libmimalloc.so ./smtrat ../$1 2> /dev/null
QF_NRA/hycomp/ball_count_2d_hill_simple.01.seq_lazy_linear_enc_global_6.smt2 : 1800860 ms.
--------------------------------------------------
unsat
QF_NRA/hycomp/ball_count_2d_hill_simple.01.seq_lazy_linear_enc_global_7.smt2 : 479 ms.
--------------------------------------------------
./solvers/smtrat/run.sh: line 3: 406861 Killed                  LD_PRELOAD=libmimalloc.so ./smtrat ../$1 2> /dev/null
QF_NRA/hycomp/ball_count_2d_hill_simple.01.seq_lazy_linear_enc_global_8.smt2 : 1800768 ms.
--------------------------------------------------
unsat
QF_NRA/hycomp/ball_count_2d_hill_simple.01.seq_lazy_linear_enc_global_9.smt2 : 694 ms.
--------------------------------------------------
unsat
QF_NRA/hycomp/ball_count_2d_hill_simple.01.seq_lazy_linear_enc_lemmas_global_0.smt2 : 32 ms.
--------------------------------------------------
./solvers/smtrat/run.sh: line 3: 408694 Killed                  LD_PRELOAD=libmimalloc.so ./smtrat ../$1 2> /dev/null
QF_NRA/hycomp/ball_count_2d_hill_simple.01.seq_lazy_linear_enc_lemmas_global_10.smt2 : 1801090 ms.
--------------------------------------------------
unsat
QF_NRA/hycomp/ball_count_2d_hill_simple.01.seq_lazy_linear_enc_lemmas_global_11.smt2 : 1545 ms.
--------------------------------------------------
./solvers/smtrat/run.sh: line 3: 410636 Killed                  LD_PRELOAD=libmimalloc.so ./smtrat ../$1 2> /dev/null
QF_NRA/hycomp/ball_count_2d_hill_simple.01.seq_lazy_linear_enc_lemmas_global_12.smt2 : 1803309 ms.
--------------------------------------------------
unsat
QF_NRA/hycomp/ball_count_2d_hill_simple.01.seq_lazy_linear_enc_lemmas_global_13.smt2 : 2227 ms.
--------------------------------------------------
./solvers/smtrat/run.sh: line 3: 412113 Killed                  LD_PRELOAD=libmimalloc.so ./smtrat ../$1 2> /dev/null
QF_NRA/hycomp/ball_count_2d_hill_simple.01.seq_lazy_linear_enc_lemmas_global_14.smt2 : 1801727 ms.
--------------------------------------------------
unsat
QF_NRA/hycomp/ball_count_2d_hill_simple.01.seq_lazy_linear_enc_lemmas_global_15.smt2 : 2659 ms.
--------------------------------------------------
unsat
QF_NRA/hycomp/ball_count_2d_hill_simple.01.seq_lazy_linear_enc_lemmas_global_1.smt2 : 59 ms.
--------------------------------------------------
./solvers/smtrat/run.sh: line 3: 413731 Killed                  LD_PRELOAD=libmimalloc.so ./smtrat ../$1 2> /dev/null
QF_NRA/hycomp/ball_count_2d_hill_simple.01.seq_lazy_linear_enc_lemmas_global_2.smt2 : 1800121 ms.
--------------------------------------------------
unsat
QF_NRA/hycomp/ball_count_2d_hill_simple.01.seq_lazy_linear_enc_lemmas_global_3.smt2 : 194 ms.
--------------------------------------------------
./solvers/smtrat/run.sh: line 3: 415461 Killed                  LD_PRELOAD=libmimalloc.so ./smtrat ../$1 2> /dev/null
QF_NRA/hycomp/ball_count_2d_hill_simple.01.seq_lazy_linear_enc_lemmas_global_4.smt2 : 1800236 ms.
--------------------------------------------------
unsat
QF_NRA/hycomp/ball_count_2d_hill_simple.01.seq_lazy_linear_enc_lemmas_global_5.smt2 : 413 ms.
--------------------------------------------------
./solvers/smtrat/run.sh: line 3: 417159 Killed                  LD_PRELOAD=libmimalloc.so ./smtrat ../$1 2> /dev/null
QF_NRA/hycomp/ball_count_2d_hill_simple.01.seq_lazy_linear_enc_lemmas_global_6.smt2 : 1800542 ms.
--------------------------------------------------
unsat
QF_NRA/hycomp/ball_count_2d_hill_simple.01.seq_lazy_linear_enc_lemmas_global_7.smt2 : 648 ms.
--------------------------------------------------
./solvers/smtrat/run.sh: line 3: 418633 Killed                  LD_PRELOAD=libmimalloc.so ./smtrat ../$1 2> /dev/null
QF_NRA/hycomp/ball_count_2d_hill_simple.01.seq_lazy_linear_enc_lemmas_global_8.smt2 : 1801544 ms.
--------------------------------------------------
unsat
QF_NRA/hycomp/ball_count_2d_hill_simple.01.seq_lazy_linear_enc_lemmas_global_9.smt2 : 1167 ms.
--------------------------------------------------
unsat
QF_NRA/hycomp/ball_count_2d_hill_simple.02.qfree_global_0.smt2 : 42 ms.
--------------------------------------------------
./solvers/smtrat/run.sh: line 3: 420406 Killed                  LD_PRELOAD=libmimalloc.so ./smtrat ../$1 2> /dev/null
QF_NRA/hycomp/ball_count_2d_hill_simple.02.qfree_global_10.smt2 : 1800438 ms.
--------------------------------------------------
unsat
QF_NRA/hycomp/ball_count_2d_hill_simple.02.qfree_global_11.smt2 : 883 ms.
--------------------------------------------------
./solvers/smtrat/run.sh: line 3: 421785 Killed                  LD_PRELOAD=libmimalloc.so ./smtrat ../$1 2> /dev/null
QF_NRA/hycomp/ball_count_2d_hill_simple.02.qfree_global_12.smt2 : 1800139 ms.
--------------------------------------------------
unsat
QF_NRA/hycomp/ball_count_2d_hill_simple.02.qfree_global_13.smt2 : 1517 ms.
--------------------------------------------------
./solvers/smtrat/run.sh: line 3: 422853 Killed                  LD_PRELOAD=libmimalloc.so ./smtrat ../$1 2> /dev/null
QF_NRA/hycomp/ball_count_2d_hill_simple.02.qfree_global_14.smt2 : 1801032 ms.
--------------------------------------------------
unsat
QF_NRA/hycomp/ball_count_2d_hill_simple.02.qfree_global_15.smt2 : 1781 ms.
--------------------------------------------------
unsat
QF_NRA/hycomp/ball_count_2d_hill_simple.02.qfree_global_1.smt2 : 46 ms.
--------------------------------------------------
unsat
QF_NRA/hycomp/ball_count_2d_hill_simple.02.qfree_global_2.smt2 : 75 ms.
--------------------------------------------------
unsat
QF_NRA/hycomp/ball_count_2d_hill_simple.02.qfree_global_3.smt2 : 127 ms.
--------------------------------------------------
sat
QF_NRA/hycomp/ball_count_2d_hill_simple.02.qfree_global_4.smt2 : 277 ms.
--------------------------------------------------
unsat
QF_NRA/hycomp/ball_count_2d_hill_simple.02.qfree_global_5.smt2 : 224 ms.
--------------------------------------------------
./solvers/smtrat/run.sh: line 3: 424199 Killed                  LD_PRELOAD=libmimalloc.so ./smtrat ../$1 2> /dev/null
QF_NRA/hycomp/ball_count_2d_hill_simple.02.qfree_global_6.smt2 : 1800681 ms.
--------------------------------------------------
unsat
QF_NRA/hycomp/ball_count_2d_hill_simple.02.qfree_global_7.smt2 : 444 ms.
--------------------------------------------------
./solvers/smtrat/run.sh: line 3: 426091 Killed                  LD_PRELOAD=libmimalloc.so ./smtrat ../$1 2> /dev/null
QF_NRA/hycomp/ball_count_2d_hill_simple.02.qfree_global_8.smt2 : 1800146 ms.
--------------------------------------------------
unsat
QF_NRA/hycomp/ball_count_2d_hill_simple.02.qfree_global_9.smt2 : 622 ms.
--------------------------------------------------
unsat
QF_NRA/hycomp/ball_count_2d_hill_simple.02.redlog_global_0.smt2 : 46 ms.
--------------------------------------------------
./solvers/smtrat/run.sh: line 3: 427249 Killed                  LD_PRELOAD=libmimalloc.so ./smtrat ../$1 2> /dev/null
QF_NRA/hycomp/ball_count_2d_hill_simple.02.redlog_global_10.smt2 : 1800755 ms.
--------------------------------------------------
unsat
QF_NRA/hycomp/ball_count_2d_hill_simple.02.redlog_global_11.smt2 : 1366 ms.
--------------------------------------------------
./solvers/smtrat/run.sh: line 3: 428277 Killed                  LD_PRELOAD=libmimalloc.so ./smtrat ../$1 2> /dev/null
QF_NRA/hycomp/ball_count_2d_hill_simple.02.redlog_global_12.smt2 : 1800671 ms.
--------------------------------------------------
unsat
QF_NRA/hycomp/ball_count_2d_hill_simple.02.redlog_global_13.smt2 : 2511 ms.
--------------------------------------------------
./solvers/smtrat/run.sh: line 3: 429540 Killed                  LD_PRELOAD=libmimalloc.so ./smtrat ../$1 2> /dev/null
QF_NRA/hycomp/ball_count_2d_hill_simple.02.redlog_global_14.smt2 : 1800661 ms.
--------------------------------------------------
unsat
QF_NRA/hycomp/ball_count_2d_hill_simple.02.redlog_global_15.smt2 : 3552 ms.
--------------------------------------------------
unsat
QF_NRA/hycomp/ball_count_2d_hill_simple.02.redlog_global_1.smt2 : 70 ms.
--------------------------------------------------
unsat
QF_NRA/hycomp/ball_count_2d_hill_simple.02.redlog_global_2.smt2 : 109 ms.
--------------------------------------------------
unsat
QF_NRA/hycomp/ball_count_2d_hill_simple.02.redlog_global_3.smt2 : 168 ms.
--------------------------------------------------
./solvers/smtrat/run.sh: line 3: 430872 Killed                  LD_PRELOAD=libmimalloc.so ./smtrat ../$1 2> /dev/null
QF_NRA/hycomp/ball_count_2d_hill_simple.02.redlog_global_4.smt2 : 1800064 ms.
--------------------------------------------------
unsat
QF_NRA/hycomp/ball_count_2d_hill_simple.02.redlog_global_5.smt2 : 342 ms.
--------------------------------------------------
./solvers/smtrat/run.sh: line 3: 432091 Killed                  LD_PRELOAD=libmimalloc.so ./smtrat ../$1 2> /dev/null
QF_NRA/hycomp/ball_count_2d_hill_simple.02.redlog_global_6.smt2 : 1800320 ms.
--------------------------------------------------
unsat
QF_NRA/hycomp/ball_count_2d_hill_simple.02.redlog_global_7.smt2 : 1047 ms.
--------------------------------------------------
./solvers/smtrat/run.sh: line 3: 433296 Killed                  LD_PRELOAD=libmimalloc.so ./smtrat ../$1 2> /dev/null
QF_NRA/hycomp/ball_count_2d_hill_simple.02.redlog_global_8.smt2 : 1800696 ms.
--------------------------------------------------
unsat
QF_NRA/hycomp/ball_count_2d_hill_simple.02.redlog_global_9.smt2 : 932 ms.
--------------------------------------------------
unsat
QF_NRA/hycomp/ball_count_2d_hill_simple.02.seq_lazy_global_0.smt2 : 39 ms.
--------------------------------------------------
./solvers/smtrat/run.sh: line 3: 434229 Killed                  LD_PRELOAD=libmimalloc.so ./smtrat ../$1 2> /dev/null
QF_NRA/hycomp/ball_count_2d_hill_simple.02.seq_lazy_global_10.smt2 : 1801099 ms.
--------------------------------------------------
unsat
QF_NRA/hycomp/ball_count_2d_hill_simple.02.seq_lazy_global_11.smt2 : 956 ms.
--------------------------------------------------
./solvers/smtrat/run.sh: line 3: 435266 Killed                  LD_PRELOAD=libmimalloc.so ./smtrat ../$1 2> /dev/null
QF_NRA/hycomp/ball_count_2d_hill_simple.02.seq_lazy_global_12.smt2 : 1800874 ms.
--------------------------------------------------
unsat
QF_NRA/hycomp/ball_count_2d_hill_simple.02.seq_lazy_global_13.smt2 : 1440 ms.
--------------------------------------------------
./solvers/smtrat/run.sh: line 3: 436179 Killed                  LD_PRELOAD=libmimalloc.so ./smtrat ../$1 2> /dev/null
QF_NRA/hycomp/ball_count_2d_hill_simple.02.seq_lazy_global_14.smt2 : 1801159 ms.
--------------------------------------------------
unsat
QF_NRA/hycomp/ball_count_2d_hill_simple.02.seq_lazy_global_15.smt2 : 2056 ms.
--------------------------------------------------
unsat
QF_NRA/hycomp/ball_count_2d_hill_simple.02.seq_lazy_global_1.smt2 : 67 ms.
--------------------------------------------------
unsat
QF_NRA/hycomp/ball_count_2d_hill_simple.02.seq_lazy_global_2.smt2 : 83 ms.
--------------------------------------------------
unsat
QF_NRA/hycomp/ball_count_2d_hill_simple.02.seq_lazy_global_3.smt2 : 117 ms.
--------------------------------------------------
unsat
QF_NRA/hycomp/ball_count_2d_hill_simple.02.seq_lazy_global_4.smt2 : 203 ms.
--------------------------------------------------
unsat
QF_NRA/hycomp/ball_count_2d_hill_simple.02.seq_lazy_global_5.smt2 : 242 ms.
--------------------------------------------------
./solvers/smtrat/run.sh: line 3: 437063 Killed                  LD_PRELOAD=libmimalloc.so ./smtrat ../$1 2> /dev/null
QF_NRA/hycomp/ball_count_2d_hill_simple.02.seq_lazy_global_6.smt2 : 1800682 ms.
--------------------------------------------------
unsat
QF_NRA/hycomp/ball_count_2d_hill_simple.02.seq_lazy_global_7.smt2 : 695 ms.
--------------------------------------------------
./solvers/smtrat/run.sh: line 3: 438218 Killed                  LD_PRELOAD=libmimalloc.so ./smtrat ../$1 2> /dev/null
QF_NRA/hycomp/ball_count_2d_hill_simple.02.seq_lazy_global_8.smt2 : 1800363 ms.
--------------------------------------------------
unsat
QF_NRA/hycomp/ball_count_2d_hill_simple.02.seq_lazy_global_9.smt2 : 605 ms.
