--------------------------------------------------
sat
QF_NRA/meti-tarski/atan/vega/3/atan-vega-3-chunk-0630.smt2 : 47 ms.
--------------------------------------------------
unsat
QF_NRA/meti-tarski/atan/vega/3/atan-vega-3-chunk-0631.smt2 : 46 ms.
--------------------------------------------------
sat
QF_NRA/meti-tarski/atan/vega/3/atan-vega-3-chunk-0632.smt2 : 62 ms.
--------------------------------------------------
./solvers/smtrat/run.sh: line 3: 227046 Killed                  LD_PRELOAD=libmimalloc.so ./smtrat ../$1 2> /dev/null
QF_NRA/meti-tarski/atan/vega/3/atan-vega-3-chunk-0633.smt2 : 1800219 ms.
--------------------------------------------------
./solvers/smtrat/run.sh: line 3: 280388 Killed                  LD_PRELOAD=libmimalloc.so ./smtrat ../$1 2> /dev/null
QF_NRA/meti-tarski/atan/vega/3/atan-vega-3-chunk-0634.smt2 : 1800054 ms.
--------------------------------------------------
sat
QF_NRA/meti-tarski/atan/vega/3/atan-vega-3-chunk-0635.smt2 : 43 ms.
--------------------------------------------------
./solvers/smtrat/run.sh: line 3: 287272 Killed                  LD_PRELOAD=libmimalloc.so ./smtrat ../$1 2> /dev/null
QF_NRA/meti-tarski/atan/vega/3/atan-vega-3-chunk-0636.smt2 : 1800034 ms.
--------------------------------------------------
sat
QF_NRA/meti-tarski/atan/vega/3/atan-vega-3-chunk-0637.smt2 : 128 ms.
--------------------------------------------------
unsat
QF_NRA/meti-tarski/atan/vega/3/atan-vega-3-chunk-0638.smt2 : 231 ms.
--------------------------------------------------
./solvers/smtrat/run.sh: line 3: 292228 Killed                  LD_PRELOAD=libmimalloc.so ./smtrat ../$1 2> /dev/null
QF_NRA/meti-tarski/atan/vega/3/atan-vega-3-chunk-0639.smt2 : 1800316 ms.
--------------------------------------------------
sat
QF_NRA/meti-tarski/atan/vega/3/atan-vega-3-chunk-0640.smt2 : 31 ms.
--------------------------------------------------
unsat
QF_NRA/meti-tarski/atan/vega/3/atan-vega-3-chunk-0641.smt2 : 50 ms.
