--------------------------------------------------
sat
QF_NRA/meti-tarski/polypaver/sqrt43-int/3vars/polypaver-sqrt43-int-3vars-chunk-0017.smt2 : 24 ms.
--------------------------------------------------
sat
QF_NRA/meti-tarski/polypaver/sqrt43-int/3vars/polypaver-sqrt43-int-3vars-chunk-0019.smt2 : 20 ms.
--------------------------------------------------
sat
QF_NRA/meti-tarski/polypaver/sqrt43-int/3vars/polypaver-sqrt43-int-3vars-chunk-0020.smt2 : 21 ms.
--------------------------------------------------
sat
QF_NRA/meti-tarski/polypaver/sqrt43-int/3vars/polypaver-sqrt43-int-3vars-chunk-0022.smt2 : 22 ms.
--------------------------------------------------
unsat
QF_NRA/meti-tarski/polypaver/sqrt43-int/3vars/polypaver-sqrt43-int-3vars-chunk-0023.smt2 : 20 ms.
--------------------------------------------------
sat
QF_NRA/meti-tarski/polypaver/sqrt43-int/3vars/polypaver-sqrt43-int-3vars-chunk-0025.smt2 : 27 ms.
--------------------------------------------------
sat
QF_NRA/meti-tarski/polypaver/sqrt43-int/3vars/polypaver-sqrt43-int-3vars-chunk-0026.smt2 : 24 ms.
--------------------------------------------------
unsat
QF_NRA/meti-tarski/polypaver/sqrt43-int/3vars/polypaver-sqrt43-int-3vars-chunk-0027.smt2 : 23 ms.
--------------------------------------------------
sat
QF_NRA/meti-tarski/polypaver/sqrt43-int/3vars/polypaver-sqrt43-int-3vars-chunk-0028.smt2 : 32 ms.
--------------------------------------------------
sat
QF_NRA/meti-tarski/polypaver/sqrt43-int/3vars/polypaver-sqrt43-int-3vars-chunk-0029.smt2 : 34 ms.
--------------------------------------------------
sat
QF_NRA/meti-tarski/polypaver/sqrt43-int/3vars/polypaver-sqrt43-int-3vars-chunk-0030.smt2 : 48 ms.
--------------------------------------------------
sat
QF_NRA/meti-tarski/polypaver/sqrt43-int/3vars/polypaver-sqrt43-int-3vars-chunk-0031.smt2 : 22 ms.
--------------------------------------------------
unsat
QF_NRA/meti-tarski/polypaver/sqrt43-int/3vars/polypaver-sqrt43-int-3vars-chunk-0032.smt2 : 30 ms.
--------------------------------------------------
sat
QF_NRA/meti-tarski/polypaver/sqrt43-int/3vars/polypaver-sqrt43-int-3vars-chunk-0033.smt2 : 38 ms.
--------------------------------------------------
sat
QF_NRA/meti-tarski/polypaver/sqrt43-int/3vars/polypaver-sqrt43-int-3vars-chunk-0034.smt2 : 32 ms.
--------------------------------------------------
sat
QF_NRA/meti-tarski/polypaver/sqrt43-int/3vars/polypaver-sqrt43-int-3vars-chunk-0036.smt2 : 44 ms.
--------------------------------------------------
unsat
QF_NRA/meti-tarski/polypaver/sqrt43-int/3vars/polypaver-sqrt43-int-3vars-chunk-0038.smt2 : 24 ms.
--------------------------------------------------
sat
QF_NRA/meti-tarski/polypaver/sqrt43-int/3vars/polypaver-sqrt43-int-3vars-chunk-0040.smt2 : 38 ms.
--------------------------------------------------
sat
QF_NRA/meti-tarski/polypaver/sqrt43-int/3vars/polypaver-sqrt43-int-3vars-chunk-0041.smt2 : 57 ms.
--------------------------------------------------
unsat
QF_NRA/meti-tarski/polypaver/sqrt43-int/3vars/polypaver-sqrt43-int-3vars-chunk-0043.smt2 : 18 ms.
--------------------------------------------------
unsat
QF_NRA/meti-tarski/polypaver/sqrt43-int/3vars/polypaver-sqrt43-int-3vars-chunk-0045.smt2 : 20 ms.
--------------------------------------------------
sat
QF_NRA/meti-tarski/polypaver/sqrt43-int/3vars/polypaver-sqrt43-int-3vars-chunk-0046.smt2 : 38 ms.
--------------------------------------------------
unsat
QF_NRA/meti-tarski/polypaver/sqrt43-int/3vars/polypaver-sqrt43-int-3vars-chunk-0048.smt2 : 726 ms.
--------------------------------------------------
unsat
QF_NRA/meti-tarski/polypaver/sqrt43-int/3vars/polypaver-sqrt43-int-3vars-chunk-0049.smt2 : 17 ms.
--------------------------------------------------
sat
QF_NRA/meti-tarski/polypaver/sqrt43-int/3vars/polypaver-sqrt43-int-3vars-chunk-0067.smt2 : 22 ms.
--------------------------------------------------
sat
QF_NRA/meti-tarski/polypaver/sqrt43-int/3vars/polypaver-sqrt43-int-3vars-chunk-0069.smt2 : 19 ms.
--------------------------------------------------
sat
QF_NRA/meti-tarski/polypaver/sqrt43-int/3vars/polypaver-sqrt43-int-3vars-chunk-0070.smt2 : 24 ms.
--------------------------------------------------
sat
QF_NRA/meti-tarski/polypaver/sqrt43-int/3vars/polypaver-sqrt43-int-3vars-chunk-0072.smt2 : 18 ms.
--------------------------------------------------
unsat
QF_NRA/meti-tarski/polypaver/sqrt43-int/3vars/polypaver-sqrt43-int-3vars-chunk-0073.smt2 : 15 ms.
--------------------------------------------------
sat
QF_NRA/meti-tarski/polypaver/sqrt43-int/3vars/polypaver-sqrt43-int-3vars-chunk-0075.smt2 : 25 ms.
--------------------------------------------------
sat
QF_NRA/meti-tarski/polypaver/sqrt43-int/3vars/polypaver-sqrt43-int-3vars-chunk-0076.smt2 : 19 ms.
--------------------------------------------------
unsat
QF_NRA/meti-tarski/polypaver/sqrt43-int/3vars/polypaver-sqrt43-int-3vars-chunk-0077.smt2 : 15 ms.
--------------------------------------------------
sat
QF_NRA/meti-tarski/polypaver/sqrt43-int/3vars/polypaver-sqrt43-int-3vars-chunk-0078.smt2 : 26 ms.
--------------------------------------------------
sat
QF_NRA/meti-tarski/polypaver/sqrt43-int/3vars/polypaver-sqrt43-int-3vars-chunk-0079.smt2 : 40 ms.
--------------------------------------------------
sat
QF_NRA/meti-tarski/polypaver/sqrt43-int/3vars/polypaver-sqrt43-int-3vars-chunk-0080.smt2 : 46 ms.
--------------------------------------------------
sat
QF_NRA/meti-tarski/polypaver/sqrt43-int/3vars/polypaver-sqrt43-int-3vars-chunk-0081.smt2 : 17 ms.
--------------------------------------------------
unsat
QF_NRA/meti-tarski/polypaver/sqrt43-int/3vars/polypaver-sqrt43-int-3vars-chunk-0082.smt2 : 14 ms.
--------------------------------------------------
sat
QF_NRA/meti-tarski/polypaver/sqrt43-int/3vars/polypaver-sqrt43-int-3vars-chunk-0083.smt2 : 32 ms.
--------------------------------------------------
sat
QF_NRA/meti-tarski/polypaver/sqrt43-int/3vars/polypaver-sqrt43-int-3vars-chunk-0084.smt2 : 26 ms.
--------------------------------------------------
sat
QF_NRA/meti-tarski/polypaver/sqrt43-int/3vars/polypaver-sqrt43-int-3vars-chunk-0086.smt2 : 38 ms.
--------------------------------------------------
unsat
QF_NRA/meti-tarski/polypaver/sqrt43-int/3vars/polypaver-sqrt43-int-3vars-chunk-0088.smt2 : 16 ms.
--------------------------------------------------
sat
QF_NRA/meti-tarski/polypaver/sqrt43-int/3vars/polypaver-sqrt43-int-3vars-chunk-0090.smt2 : 29 ms.
--------------------------------------------------
sat
QF_NRA/meti-tarski/polypaver/sqrt43-int/3vars/polypaver-sqrt43-int-3vars-chunk-0092.smt2 : 66 ms.
--------------------------------------------------
sat
QF_NRA/meti-tarski/polypaver/sqrt43-int/3vars/polypaver-sqrt43-int-3vars-chunk-0093.smt2 : 63 ms.
--------------------------------------------------
sat
QF_NRA/meti-tarski/polypaver/sqrt43-int/3vars/polypaver-sqrt43-int-3vars-chunk-0094.smt2 : 42 ms.
--------------------------------------------------
unsat
QF_NRA/meti-tarski/polypaver/sqrt43-int/3vars/polypaver-sqrt43-int-3vars-chunk-0096.smt2 : 12 ms.
--------------------------------------------------
sat
QF_NRA/meti-tarski/polypaver/sqrt43-int/3vars/polypaver-sqrt43-int-3vars-chunk-0098.smt2 : 31 ms.
--------------------------------------------------
sat
QF_NRA/meti-tarski/polypaver/sqrt43-int/3vars/polypaver-sqrt43-int-3vars-chunk-0099.smt2 : 59 ms.
--------------------------------------------------
unsat
QF_NRA/meti-tarski/polypaver/sqrt43-int/3vars/polypaver-sqrt43-int-3vars-chunk-0101.smt2 : 21 ms.
--------------------------------------------------
unsat
QF_NRA/meti-tarski/polypaver/sqrt43-int/3vars/polypaver-sqrt43-int-3vars-chunk-0103.smt2 : 12 ms.
--------------------------------------------------
unsat
QF_NRA/meti-tarski/polypaver/sqrt43-int/3vars/polypaver-sqrt43-int-3vars-chunk-0105.smt2 : 12 ms.
--------------------------------------------------
sat
QF_NRA/meti-tarski/polypaver/sqrt43-int/3vars/polypaver-sqrt43-int-3vars-chunk-0106.smt2 : 52 ms.
--------------------------------------------------
sat
QF_NRA/meti-tarski/polypaver/sqrt43-int/3vars/polypaver-sqrt43-int-3vars-chunk-0108.smt2 : 137 ms.
--------------------------------------------------
unsat
QF_NRA/meti-tarski/polypaver/sqrt43-int/3vars/polypaver-sqrt43-int-3vars-chunk-0109.smt2 : 11 ms.
--------------------------------------------------
unsat
QF_NRA/meti-tarski/polypaver/sqrt43-int/3vars/polypaver-sqrt43-int-3vars-chunk-0112.smt2 : 11 ms.
--------------------------------------------------
sat
QF_NRA/meti-tarski/polypaver/sqrt43-int/3vars/polypaver-sqrt43-int-3vars-chunk-0114.smt2 : 107 ms.
--------------------------------------------------
sat
QF_NRA/meti-tarski/polypaver/sqrt43-int/3vars/polypaver-sqrt43-int-3vars-chunk-0115.smt2 : 56 ms.
--------------------------------------------------
unsat
QF_NRA/meti-tarski/polypaver/sqrt43-int/3vars/polypaver-sqrt43-int-3vars-chunk-0118.smt2 : 15 ms.
--------------------------------------------------
sat
QF_NRA/meti-tarski/polypaver/sqrt43-int/3vars/polypaver-sqrt43-int-3vars-chunk-0119.smt2 : 109 ms.
--------------------------------------------------
sat
QF_NRA/meti-tarski/polypaver/sqrt43-int/3vars/polypaver-sqrt43-int-3vars-chunk-0121.smt2 : 186 ms.
--------------------------------------------------
unsat
QF_NRA/meti-tarski/polypaver/sqrt43-int/3vars/polypaver-sqrt43-int-3vars-chunk-0123.smt2 : 17 ms.
--------------------------------------------------
sat
QF_NRA/meti-tarski/polypaver/sqrt43-int/3vars/polypaver-sqrt43-int-3vars-chunk-0125.smt2 : 113 ms.
--------------------------------------------------
unsat
QF_NRA/meti-tarski/polypaver/sqrt43-int/3vars/polypaver-sqrt43-int-3vars-chunk-0126.smt2 : 18 ms.
--------------------------------------------------
unsat
QF_NRA/meti-tarski/polypaver/sqrt43-int/3vars/polypaver-sqrt43-int-3vars-chunk-0128.smt2 : 16 ms.
--------------------------------------------------
sat
QF_NRA/meti-tarski/polypaver/sqrt43-int/3vars/polypaver-sqrt43-int-3vars-chunk-0129.smt2 : 142 ms.
--------------------------------------------------
./solvers/smtrat/run.sh: line 3: 249173 Killed                  LD_PRELOAD=libmimalloc.so ./smtrat ../$1 2> /dev/null
QF_NRA/meti-tarski/polypaver/sqrt43-int/3vars/polypaver-sqrt43-int-3vars-chunk-0131.smt2 : 1800084 ms.
--------------------------------------------------
unsat
QF_NRA/meti-tarski/polypaver/sqrt43-int/3vars/polypaver-sqrt43-int-3vars-chunk-0132.smt2 : 12 ms.
