--------------------------------------------------
unsat
QF_NRA/hycomp/ball_count_2d_hill.03.seq_lazy_linear_enc_lemmas_global_0.smt2 : 27 ms.
--------------------------------------------------
./solvers/smtrat/run.sh: line 3: 224778 Killed                  LD_PRELOAD=libmimalloc.so ./smtrat ../$1 2> /dev/null
QF_NRA/hycomp/ball_count_2d_hill.03.seq_lazy_linear_enc_lemmas_global_10.smt2 : 1800118 ms.
--------------------------------------------------
unsat
QF_NRA/hycomp/ball_count_2d_hill.03.seq_lazy_linear_enc_lemmas_global_11.smt2 : 8506 ms.
--------------------------------------------------
./solvers/smtrat/run.sh: line 3: 282597 Killed                  LD_PRELOAD=libmimalloc.so ./smtrat ../$1 2> /dev/null
QF_NRA/hycomp/ball_count_2d_hill.03.seq_lazy_linear_enc_lemmas_global_12.smt2 : 1800135 ms.
--------------------------------------------------
unsat
QF_NRA/hycomp/ball_count_2d_hill.03.seq_lazy_linear_enc_lemmas_global_13.smt2 : 408453 ms.
--------------------------------------------------
./solvers/smtrat/run.sh: line 3: 291560 Killed                  LD_PRELOAD=libmimalloc.so ./smtrat ../$1 2> /dev/null
QF_NRA/hycomp/ball_count_2d_hill.03.seq_lazy_linear_enc_lemmas_global_14.smt2 : 1942943 ms.
--------------------------------------------------
./solvers/smtrat/run.sh: line 3: 295245 Killed                  LD_PRELOAD=libmimalloc.so ./smtrat ../$1 2> /dev/null
QF_NRA/hycomp/ball_count_2d_hill.03.seq_lazy_linear_enc_lemmas_global_15.smt2 : 1800134 ms.
--------------------------------------------------
unsat
QF_NRA/hycomp/ball_count_2d_hill.03.seq_lazy_linear_enc_lemmas_global_1.smt2 : 84 ms.
--------------------------------------------------
unsat
QF_NRA/hycomp/ball_count_2d_hill.03.seq_lazy_linear_enc_lemmas_global_2.smt2 : 205 ms.
--------------------------------------------------
unsat
QF_NRA/hycomp/ball_count_2d_hill.03.seq_lazy_linear_enc_lemmas_global_3.smt2 : 361 ms.
--------------------------------------------------
unsat
QF_NRA/hycomp/ball_count_2d_hill.03.seq_lazy_linear_enc_lemmas_global_4.smt2 : 640 ms.
--------------------------------------------------
unsat
QF_NRA/hycomp/ball_count_2d_hill.03.seq_lazy_linear_enc_lemmas_global_5.smt2 : 979 ms.
--------------------------------------------------
unsat
QF_NRA/hycomp/ball_count_2d_hill.03.seq_lazy_linear_enc_lemmas_global_6.smt2 : 1754 ms.
--------------------------------------------------
unsat
QF_NRA/hycomp/ball_count_2d_hill.03.seq_lazy_linear_enc_lemmas_global_7.smt2 : 2178 ms.
--------------------------------------------------
./solvers/smtrat/run.sh: line 3: 297990 Killed                  LD_PRELOAD=libmimalloc.so ./smtrat ../$1 2> /dev/null
QF_NRA/hycomp/ball_count_2d_hill.03.seq_lazy_linear_enc_lemmas_global_8.smt2 : 1800057 ms.
--------------------------------------------------
unsat
QF_NRA/hycomp/ball_count_2d_hill.03.seq_lazy_linear_enc_lemmas_global_9.smt2 : 40450 ms.
--------------------------------------------------
unsat
QF_NRA/hycomp/ball_count_2d_hill.04.redlog_global_0.smt2 : 59 ms.
--------------------------------------------------
./solvers/smtrat/run.sh: line 3: 300163 Killed                  LD_PRELOAD=libmimalloc.so ./smtrat ../$1 2> /dev/null
QF_NRA/hycomp/ball_count_2d_hill.04.redlog_global_10.smt2 : 1800307 ms.
--------------------------------------------------
unsat
QF_NRA/hycomp/ball_count_2d_hill.04.redlog_global_11.smt2 : 65877 ms.
--------------------------------------------------
./solvers/smtrat/run.sh: line 3: 302664 Killed                  LD_PRELOAD=libmimalloc.so ./smtrat ../$1 2> /dev/null
QF_NRA/hycomp/ball_count_2d_hill.04.redlog_global_12.smt2 : 1800535 ms.
--------------------------------------------------
unsat
QF_NRA/hycomp/ball_count_2d_hill.04.redlog_global_13.smt2 : 366706 ms.
--------------------------------------------------
./solvers/smtrat/run.sh: line 3: 327566 Killed                  LD_PRELOAD=libmimalloc.so ./smtrat ../$1 2> /dev/null
QF_NRA/hycomp/ball_count_2d_hill.04.redlog_global_14.smt2 : 1800476 ms.
--------------------------------------------------
unsat
QF_NRA/hycomp/ball_count_2d_hill.04.redlog_global_15.smt2 : 456094 ms.
--------------------------------------------------
unsat
QF_NRA/hycomp/ball_count_2d_hill.04.redlog_global_1.smt2 : 271 ms.
--------------------------------------------------
unsat
QF_NRA/hycomp/ball_count_2d_hill.04.redlog_global_2.smt2 : 762 ms.
--------------------------------------------------
unsat
QF_NRA/hycomp/ball_count_2d_hill.04.redlog_global_3.smt2 : 1375 ms.
--------------------------------------------------
unsat
QF_NRA/hycomp/ball_count_2d_hill.04.redlog_global_4.smt2 : 2676 ms.
--------------------------------------------------
unsat
QF_NRA/hycomp/ball_count_2d_hill.04.redlog_global_5.smt2 : 14593 ms.
--------------------------------------------------
unsat
QF_NRA/hycomp/ball_count_2d_hill.04.redlog_global_6.smt2 : 18563 ms.
--------------------------------------------------
unsat
QF_NRA/hycomp/ball_count_2d_hill.04.redlog_global_7.smt2 : 11665 ms.
--------------------------------------------------
./solvers/smtrat/run.sh: line 3: 334441 Killed                  LD_PRELOAD=libmimalloc.so ./smtrat ../$1 2> /dev/null
QF_NRA/hycomp/ball_count_2d_hill.04.redlog_global_8.smt2 : 1800340 ms.
--------------------------------------------------
unsat
QF_NRA/hycomp/ball_count_2d_hill.04.redlog_global_9.smt2 : 23439 ms.
--------------------------------------------------
unsat
QF_NRA/hycomp/ball_count_2d_hill.04.seq_lazy_global_0.smt2 : 43 ms.
--------------------------------------------------
./solvers/smtrat/run.sh: line 3: 337429 Killed                  LD_PRELOAD=libmimalloc.so ./smtrat ../$1 2> /dev/null
QF_NRA/hycomp/ball_count_2d_hill.04.seq_lazy_global_10.smt2 : 1800105 ms.
--------------------------------------------------
unsat
QF_NRA/hycomp/ball_count_2d_hill.04.seq_lazy_global_11.smt2 : 6463 ms.
--------------------------------------------------
./solvers/smtrat/run.sh: line 3: 340162 Killed                  LD_PRELOAD=libmimalloc.so ./smtrat ../$1 2> /dev/null
QF_NRA/hycomp/ball_count_2d_hill.04.seq_lazy_global_12.smt2 : 1800296 ms.
--------------------------------------------------
unsat
QF_NRA/hycomp/ball_count_2d_hill.04.seq_lazy_global_13.smt2 : 12647 ms.
--------------------------------------------------
./solvers/smtrat/run.sh: line 3: 342955 Killed                  LD_PRELOAD=libmimalloc.so ./smtrat ../$1 2> /dev/null
QF_NRA/hycomp/ball_count_2d_hill.04.seq_lazy_global_14.smt2 : 1800211 ms.
--------------------------------------------------
unsat
QF_NRA/hycomp/ball_count_2d_hill.04.seq_lazy_global_15.smt2 : 135986 ms.
--------------------------------------------------
unsat
QF_NRA/hycomp/ball_count_2d_hill.04.seq_lazy_global_1.smt2 : 73 ms.
--------------------------------------------------
unsat
QF_NRA/hycomp/ball_count_2d_hill.04.seq_lazy_global_2.smt2 : 168 ms.
--------------------------------------------------
unsat
QF_NRA/hycomp/ball_count_2d_hill.04.seq_lazy_global_3.smt2 : 364 ms.
--------------------------------------------------
unsat
QF_NRA/hycomp/ball_count_2d_hill.04.seq_lazy_global_4.smt2 : 506 ms.
--------------------------------------------------
unsat
QF_NRA/hycomp/ball_count_2d_hill.04.seq_lazy_global_5.smt2 : 1021 ms.
--------------------------------------------------
unsat
QF_NRA/hycomp/ball_count_2d_hill.04.seq_lazy_global_6.smt2 : 3191 ms.
--------------------------------------------------
unsat
QF_NRA/hycomp/ball_count_2d_hill.04.seq_lazy_global_7.smt2 : 27631 ms.
--------------------------------------------------
./solvers/smtrat/run.sh: line 3: 345764 Killed                  LD_PRELOAD=libmimalloc.so ./smtrat ../$1 2> /dev/null
QF_NRA/hycomp/ball_count_2d_hill.04.seq_lazy_global_8.smt2 : 1800203 ms.
--------------------------------------------------
unsat
QF_NRA/hycomp/ball_count_2d_hill.04.seq_lazy_global_9.smt2 : 4050 ms.
--------------------------------------------------
unsat
QF_NRA/hycomp/ball_count_2d_hill.04.seq_lazy_lemmas_global_0.smt2 : 48 ms.
--------------------------------------------------
./solvers/smtrat/run.sh: line 3: 347998 Killed                  LD_PRELOAD=libmimalloc.so ./smtrat ../$1 2> /dev/null
QF_NRA/hycomp/ball_count_2d_hill.04.seq_lazy_lemmas_global_10.smt2 : 1800151 ms.
--------------------------------------------------
unsat
QF_NRA/hycomp/ball_count_2d_hill.04.seq_lazy_lemmas_global_11.smt2 : 25637 ms.
--------------------------------------------------
./solvers/smtrat/run.sh: line 3: 350810 Killed                  LD_PRELOAD=libmimalloc.so ./smtrat ../$1 2> /dev/null
QF_NRA/hycomp/ball_count_2d_hill.04.seq_lazy_lemmas_global_12.smt2 : 1800333 ms.
--------------------------------------------------
unsat
QF_NRA/hycomp/ball_count_2d_hill.04.seq_lazy_lemmas_global_13.smt2 : 37844 ms.
--------------------------------------------------
./solvers/smtrat/run.sh: line 3: 353484 Killed                  LD_PRELOAD=libmimalloc.so ./smtrat ../$1 2> /dev/null
QF_NRA/hycomp/ball_count_2d_hill.04.seq_lazy_lemmas_global_14.smt2 : 1800278 ms.
--------------------------------------------------
unsat
QF_NRA/hycomp/ball_count_2d_hill.04.seq_lazy_lemmas_global_15.smt2 : 104259 ms.
--------------------------------------------------
unsat
QF_NRA/hycomp/ball_count_2d_hill.04.seq_lazy_lemmas_global_1.smt2 : 111 ms.
--------------------------------------------------
unsat
QF_NRA/hycomp/ball_count_2d_hill.04.seq_lazy_lemmas_global_2.smt2 : 281 ms.
--------------------------------------------------
unsat
QF_NRA/hycomp/ball_count_2d_hill.04.seq_lazy_lemmas_global_3.smt2 : 442 ms.
--------------------------------------------------
unsat
QF_NRA/hycomp/ball_count_2d_hill.04.seq_lazy_lemmas_global_4.smt2 : 814 ms.
--------------------------------------------------
unsat
QF_NRA/hycomp/ball_count_2d_hill.04.seq_lazy_lemmas_global_5.smt2 : 1197 ms.
--------------------------------------------------
unsat
QF_NRA/hycomp/ball_count_2d_hill.04.seq_lazy_lemmas_global_6.smt2 : 1958 ms.
--------------------------------------------------
unsat
QF_NRA/hycomp/ball_count_2d_hill.04.seq_lazy_lemmas_global_7.smt2 : 2214 ms.
--------------------------------------------------
./solvers/smtrat/run.sh: line 3: 355634 Killed                  LD_PRELOAD=libmimalloc.so ./smtrat ../$1 2> /dev/null
QF_NRA/hycomp/ball_count_2d_hill.04.seq_lazy_lemmas_global_8.smt2 : 1800379 ms.
--------------------------------------------------
unsat
QF_NRA/hycomp/ball_count_2d_hill.04.seq_lazy_lemmas_global_9.smt2 : 5892 ms.
--------------------------------------------------
unsat
QF_NRA/hycomp/ball_count_2d_hill.04.seq_lazy_linear_enc_global_0.smt2 : 16 ms.
--------------------------------------------------
./solvers/smtrat/run.sh: line 3: 357716 Killed                  LD_PRELOAD=libmimalloc.so ./smtrat ../$1 2> /dev/null
QF_NRA/hycomp/ball_count_2d_hill.04.seq_lazy_linear_enc_global_10.smt2 : 1800100 ms.
--------------------------------------------------
unsat
QF_NRA/hycomp/ball_count_2d_hill.04.seq_lazy_linear_enc_global_11.smt2 : 8497 ms.
--------------------------------------------------
./solvers/smtrat/run.sh: line 3: 359664 Killed                  LD_PRELOAD=libmimalloc.so ./smtrat ../$1 2> /dev/null
QF_NRA/hycomp/ball_count_2d_hill.04.seq_lazy_linear_enc_global_12.smt2 : 1800247 ms.
--------------------------------------------------
unsat
QF_NRA/hycomp/ball_count_2d_hill.04.seq_lazy_linear_enc_global_13.smt2 : 13191 ms.
--------------------------------------------------
./solvers/smtrat/run.sh: line 3: 363015 Killed                  LD_PRELOAD=libmimalloc.so ./smtrat ../$1 2> /dev/null
QF_NRA/hycomp/ball_count_2d_hill.04.seq_lazy_linear_enc_global_14.smt2 : 1800163 ms.
--------------------------------------------------
unsat
QF_NRA/hycomp/ball_count_2d_hill.04.seq_lazy_linear_enc_global_15.smt2 : 96098 ms.
--------------------------------------------------
unsat
QF_NRA/hycomp/ball_count_2d_hill.04.seq_lazy_linear_enc_global_1.smt2 : 59 ms.
--------------------------------------------------
unsat
QF_NRA/hycomp/ball_count_2d_hill.04.seq_lazy_linear_enc_global_2.smt2 : 169 ms.
--------------------------------------------------
unsat
QF_NRA/hycomp/ball_count_2d_hill.04.seq_lazy_linear_enc_global_3.smt2 : 242 ms.
--------------------------------------------------
unsat
QF_NRA/hycomp/ball_count_2d_hill.04.seq_lazy_linear_enc_global_4.smt2 : 420 ms.
--------------------------------------------------
unsat
QF_NRA/hycomp/ball_count_2d_hill.04.seq_lazy_linear_enc_global_5.smt2 : 628 ms.
--------------------------------------------------
unsat
QF_NRA/hycomp/ball_count_2d_hill.04.seq_lazy_linear_enc_global_6.smt2 : 1205 ms.
--------------------------------------------------
unsat
QF_NRA/hycomp/ball_count_2d_hill.04.seq_lazy_linear_enc_global_7.smt2 : 1495 ms.
--------------------------------------------------
unsat
QF_NRA/hycomp/ball_count_2d_hill.04.seq_lazy_linear_enc_global_8.smt2 : 3039 ms.
--------------------------------------------------
unsat
QF_NRA/hycomp/ball_count_2d_hill.04.seq_lazy_linear_enc_global_9.smt2 : 22420 ms.
--------------------------------------------------
unsat
QF_NRA/hycomp/ball_count_2d_hill.04.seq_lazy_linear_enc_lemmas_global_0.smt2 : 25 ms.
--------------------------------------------------
./solvers/smtrat/run.sh: line 3: 364842 Killed                  LD_PRELOAD=libmimalloc.so ./smtrat ../$1 2> /dev/null
QF_NRA/hycomp/ball_count_2d_hill.04.seq_lazy_linear_enc_lemmas_global_10.smt2 : 1800549 ms.
--------------------------------------------------
unsat
QF_NRA/hycomp/ball_count_2d_hill.04.seq_lazy_linear_enc_lemmas_global_11.smt2 : 12447 ms.
--------------------------------------------------
./solvers/smtrat/run.sh: line 3: 389074 Killed                  LD_PRELOAD=libmimalloc.so ./smtrat ../$1 2> /dev/null
QF_NRA/hycomp/ball_count_2d_hill.04.seq_lazy_linear_enc_lemmas_global_12.smt2 : 1800203 ms.
--------------------------------------------------
unsat
QF_NRA/hycomp/ball_count_2d_hill.04.seq_lazy_linear_enc_lemmas_global_13.smt2 : 43413 ms.
--------------------------------------------------
./solvers/smtrat/run.sh: line 3: 392988 Killed                  LD_PRELOAD=libmimalloc.so ./smtrat ../$1 2> /dev/null
QF_NRA/hycomp/ball_count_2d_hill.04.seq_lazy_linear_enc_lemmas_global_14.smt2 : 1800707 ms.
--------------------------------------------------
unsat
QF_NRA/hycomp/ball_count_2d_hill.04.seq_lazy_linear_enc_lemmas_global_15.smt2 : 111147 ms.
--------------------------------------------------
unsat
QF_NRA/hycomp/ball_count_2d_hill.04.seq_lazy_linear_enc_lemmas_global_1.smt2 : 72 ms.
--------------------------------------------------
unsat
QF_NRA/hycomp/ball_count_2d_hill.04.seq_lazy_linear_enc_lemmas_global_2.smt2 : 196 ms.
--------------------------------------------------
unsat
QF_NRA/hycomp/ball_count_2d_hill.04.seq_lazy_linear_enc_lemmas_global_3.smt2 : 408 ms.
--------------------------------------------------
unsat
QF_NRA/hycomp/ball_count_2d_hill.04.seq_lazy_linear_enc_lemmas_global_4.smt2 : 792 ms.
--------------------------------------------------
unsat
QF_NRA/hycomp/ball_count_2d_hill.04.seq_lazy_linear_enc_lemmas_global_5.smt2 : 1042 ms.
--------------------------------------------------
unsat
QF_NRA/hycomp/ball_count_2d_hill.04.seq_lazy_linear_enc_lemmas_global_6.smt2 : 2150 ms.
--------------------------------------------------
unsat
QF_NRA/hycomp/ball_count_2d_hill.04.seq_lazy_linear_enc_lemmas_global_7.smt2 : 2384 ms.
--------------------------------------------------
unsat
QF_NRA/hycomp/ball_count_2d_hill.04.seq_lazy_linear_enc_lemmas_global_8.smt2 : 29396 ms.
--------------------------------------------------
./solvers/smtrat/run.sh: line 3: 396108 Killed                  LD_PRELOAD=libmimalloc.so ./smtrat ../$1 2> /dev/null
QF_NRA/hycomp/ball_count_2d_hill.04.seq_lazy_linear_enc_lemmas_global_9.smt2 : 1800249 ms.
--------------------------------------------------
unsat
QF_NRA/hycomp/ball_count_2d_hill.05.redlog_global_0.smt2 : 68 ms.
--------------------------------------------------
./solvers/smtrat/run.sh: line 3: 398576 Killed                  LD_PRELOAD=libmimalloc.so ./smtrat ../$1 2> /dev/null
QF_NRA/hycomp/ball_count_2d_hill.05.redlog_global_10.smt2 : 1800488 ms.
--------------------------------------------------
unsat
QF_NRA/hycomp/ball_count_2d_hill.05.redlog_global_11.smt2 : 196142 ms.
--------------------------------------------------
./solvers/smtrat/run.sh: line 3: 401407 Killed                  LD_PRELOAD=libmimalloc.so ./smtrat ../$1 2> /dev/null
QF_NRA/hycomp/ball_count_2d_hill.05.redlog_global_12.smt2 : 1800477 ms.
--------------------------------------------------
unsat
QF_NRA/hycomp/ball_count_2d_hill.05.redlog_global_13.smt2 : 1594812 ms.
--------------------------------------------------
./solvers/smtrat/run.sh: line 3: 405312 Killed                  LD_PRELOAD=libmimalloc.so ./smtrat ../$1 2> /dev/null
QF_NRA/hycomp/ball_count_2d_hill.05.redlog_global_14.smt2 : 1800657 ms.
--------------------------------------------------
unsat
QF_NRA/hycomp/ball_count_2d_hill.05.redlog_global_15.smt2 : 892432 ms.
--------------------------------------------------
unsat
QF_NRA/hycomp/ball_count_2d_hill.05.redlog_global_1.smt2 : 523 ms.
--------------------------------------------------
unsat
QF_NRA/hycomp/ball_count_2d_hill.05.redlog_global_2.smt2 : 878 ms.
--------------------------------------------------
unsat
QF_NRA/hycomp/ball_count_2d_hill.05.redlog_global_3.smt2 : 1471 ms.
--------------------------------------------------
unsat
QF_NRA/hycomp/ball_count_2d_hill.05.redlog_global_4.smt2 : 2095 ms.
--------------------------------------------------
unsat
QF_NRA/hycomp/ball_count_2d_hill.05.redlog_global_5.smt2 : 7492 ms.
--------------------------------------------------
unsat
QF_NRA/hycomp/ball_count_2d_hill.05.redlog_global_6.smt2 : 10472 ms.
--------------------------------------------------
unsat
QF_NRA/hycomp/ball_count_2d_hill.05.redlog_global_7.smt2 : 10434 ms.
--------------------------------------------------
./solvers/smtrat/run.sh: line 3: 408387 Killed                  LD_PRELOAD=libmimalloc.so ./smtrat ../$1 2> /dev/null
QF_NRA/hycomp/ball_count_2d_hill.05.redlog_global_8.smt2 : 1800455 ms.
--------------------------------------------------
unsat
QF_NRA/hycomp/ball_count_2d_hill.05.redlog_global_9.smt2 : 19989 ms.
--------------------------------------------------
unsat
QF_NRA/hycomp/ball_count_2d_hill.05.seq_lazy_global_0.smt2 : 33 ms.
--------------------------------------------------
./solvers/smtrat/run.sh: line 3: 410269 Killed                  LD_PRELOAD=libmimalloc.so ./smtrat ../$1 2> /dev/null
QF_NRA/hycomp/ball_count_2d_hill.05.seq_lazy_global_10.smt2 : 1800204 ms.
--------------------------------------------------
unsat
QF_NRA/hycomp/ball_count_2d_hill.05.seq_lazy_global_11.smt2 : 10230 ms.
--------------------------------------------------
./solvers/smtrat/run.sh: line 3: 411743 Killed                  LD_PRELOAD=libmimalloc.so ./smtrat ../$1 2> /dev/null
QF_NRA/hycomp/ball_count_2d_hill.05.seq_lazy_global_12.smt2 : 1800455 ms.
--------------------------------------------------
unsat
QF_NRA/hycomp/ball_count_2d_hill.05.seq_lazy_global_13.smt2 : 18982 ms.
--------------------------------------------------
./solvers/smtrat/run.sh: line 3: 413501 Killed                  LD_PRELOAD=libmimalloc.so ./smtrat ../$1 2> /dev/null
QF_NRA/hycomp/ball_count_2d_hill.05.seq_lazy_global_14.smt2 : 1800168 ms.
--------------------------------------------------
unsat
QF_NRA/hycomp/ball_count_2d_hill.05.seq_lazy_global_15.smt2 : 94471 ms.
--------------------------------------------------
unsat
QF_NRA/hycomp/ball_count_2d_hill.05.seq_lazy_global_1.smt2 : 75 ms.
--------------------------------------------------
unsat
QF_NRA/hycomp/ball_count_2d_hill.05.seq_lazy_global_2.smt2 : 169 ms.
--------------------------------------------------
unsat
QF_NRA/hycomp/ball_count_2d_hill.05.seq_lazy_global_3.smt2 : 286 ms.
--------------------------------------------------
unsat
QF_NRA/hycomp/ball_count_2d_hill.05.seq_lazy_global_4.smt2 : 707 ms.
--------------------------------------------------
unsat
QF_NRA/hycomp/ball_count_2d_hill.05.seq_lazy_global_5.smt2 : 826 ms.
--------------------------------------------------
unsat
QF_NRA/hycomp/ball_count_2d_hill.05.seq_lazy_global_6.smt2 : 2356 ms.
--------------------------------------------------
unsat
QF_NRA/hycomp/ball_count_2d_hill.05.seq_lazy_global_7.smt2 : 3064 ms.
--------------------------------------------------
unsat
QF_NRA/hycomp/ball_count_2d_hill.05.seq_lazy_global_8.smt2 : 4395 ms.
--------------------------------------------------
unsat
QF_NRA/hycomp/ball_count_2d_hill.05.seq_lazy_global_9.smt2 : 6113 ms.
--------------------------------------------------
unsat
QF_NRA/hycomp/ball_count_2d_hill.05.seq_lazy_lemmas_global_0.smt2 : 41 ms.
--------------------------------------------------
./solvers/smtrat/run.sh: line 3: 415299 Killed                  LD_PRELOAD=libmimalloc.so ./smtrat ../$1 2> /dev/null
QF_NRA/hycomp/ball_count_2d_hill.05.seq_lazy_lemmas_global_10.smt2 : 1800146 ms.
--------------------------------------------------
unsat
QF_NRA/hycomp/ball_count_2d_hill.05.seq_lazy_lemmas_global_11.smt2 : 10347 ms.
--------------------------------------------------
./solvers/smtrat/run.sh: line 3: 417050 Killed                  LD_PRELOAD=libmimalloc.so ./smtrat ../$1 2> /dev/null
QF_NRA/hycomp/ball_count_2d_hill.05.seq_lazy_lemmas_global_12.smt2 : 1800205 ms.
--------------------------------------------------
unsat
QF_NRA/hycomp/ball_count_2d_hill.05.seq_lazy_lemmas_global_13.smt2 : 21860 ms.
--------------------------------------------------
./solvers/smtrat/run.sh: line 3: 418554 Killed                  LD_PRELOAD=libmimalloc.so ./smtrat ../$1 2> /dev/null
QF_NRA/hycomp/ball_count_2d_hill.05.seq_lazy_lemmas_global_14.smt2 : 1800438 ms.
--------------------------------------------------
unsat
QF_NRA/hycomp/ball_count_2d_hill.05.seq_lazy_lemmas_global_15.smt2 : 1002592 ms.
--------------------------------------------------
unsat
QF_NRA/hycomp/ball_count_2d_hill.05.seq_lazy_lemmas_global_1.smt2 : 92 ms.
--------------------------------------------------
unsat
QF_NRA/hycomp/ball_count_2d_hill.05.seq_lazy_lemmas_global_2.smt2 : 235 ms.
--------------------------------------------------
unsat
QF_NRA/hycomp/ball_count_2d_hill.05.seq_lazy_lemmas_global_3.smt2 : 366 ms.
--------------------------------------------------
unsat
QF_NRA/hycomp/ball_count_2d_hill.05.seq_lazy_lemmas_global_4.smt2 : 748 ms.
--------------------------------------------------
unsat
QF_NRA/hycomp/ball_count_2d_hill.05.seq_lazy_lemmas_global_5.smt2 : 1178 ms.
--------------------------------------------------
unsat
QF_NRA/hycomp/ball_count_2d_hill.05.seq_lazy_lemmas_global_6.smt2 : 1889 ms.
--------------------------------------------------
unsat
QF_NRA/hycomp/ball_count_2d_hill.05.seq_lazy_lemmas_global_7.smt2 : 2775 ms.
--------------------------------------------------
unsat
QF_NRA/hycomp/ball_count_2d_hill.05.seq_lazy_lemmas_global_8.smt2 : 10913 ms.
--------------------------------------------------
unsat
QF_NRA/hycomp/ball_count_2d_hill.05.seq_lazy_lemmas_global_9.smt2 : 7843 ms.
--------------------------------------------------
unsat
QF_NRA/hycomp/ball_count_2d_hill.05.seq_lazy_linear_enc_global_0.smt2 : 22 ms.
--------------------------------------------------
./solvers/smtrat/run.sh: line 3: 421169 Killed                  LD_PRELOAD=libmimalloc.so ./smtrat ../$1 2> /dev/null
QF_NRA/hycomp/ball_count_2d_hill.05.seq_lazy_linear_enc_global_10.smt2 : 1800130 ms.
--------------------------------------------------
unsat
QF_NRA/hycomp/ball_count_2d_hill.05.seq_lazy_linear_enc_global_11.smt2 : 12368 ms.
--------------------------------------------------
./solvers/smtrat/run.sh: line 3: 422277 Killed                  LD_PRELOAD=libmimalloc.so ./smtrat ../$1 2> /dev/null
QF_NRA/hycomp/ball_count_2d_hill.05.seq_lazy_linear_enc_global_12.smt2 : 1800205 ms.
--------------------------------------------------
unsat
QF_NRA/hycomp/ball_count_2d_hill.05.seq_lazy_linear_enc_global_13.smt2 : 17169 ms.
--------------------------------------------------
./solvers/smtrat/run.sh: line 3: 423501 Killed                  LD_PRELOAD=libmimalloc.so ./smtrat ../$1 2> /dev/null
QF_NRA/hycomp/ball_count_2d_hill.05.seq_lazy_linear_enc_global_14.smt2 : 1800164 ms.
--------------------------------------------------
unsat
QF_NRA/hycomp/ball_count_2d_hill.05.seq_lazy_linear_enc_global_15.smt2 : 329699 ms.
--------------------------------------------------
unsat
QF_NRA/hycomp/ball_count_2d_hill.05.seq_lazy_linear_enc_global_1.smt2 : 64 ms.
--------------------------------------------------
unsat
QF_NRA/hycomp/ball_count_2d_hill.05.seq_lazy_linear_enc_global_2.smt2 : 138 ms.
--------------------------------------------------
unsat
QF_NRA/hycomp/ball_count_2d_hill.05.seq_lazy_linear_enc_global_3.smt2 : 242 ms.
--------------------------------------------------
unsat
QF_NRA/hycomp/ball_count_2d_hill.05.seq_lazy_linear_enc_global_4.smt2 : 411 ms.
--------------------------------------------------
unsat
QF_NRA/hycomp/ball_count_2d_hill.05.seq_lazy_linear_enc_global_5.smt2 : 612 ms.
--------------------------------------------------
unsat
QF_NRA/hycomp/ball_count_2d_hill.05.seq_lazy_linear_enc_global_6.smt2 : 1203 ms.
--------------------------------------------------
unsat
QF_NRA/hycomp/ball_count_2d_hill.05.seq_lazy_linear_enc_global_7.smt2 : 1744 ms.
--------------------------------------------------
unsat
QF_NRA/hycomp/ball_count_2d_hill.05.seq_lazy_linear_enc_global_8.smt2 : 4622 ms.
--------------------------------------------------
unsat
QF_NRA/hycomp/ball_count_2d_hill.05.seq_lazy_linear_enc_global_9.smt2 : 3949 ms.
--------------------------------------------------
unsat
QF_NRA/hycomp/ball_count_2d_hill.05.seq_lazy_linear_enc_lemmas_global_0.smt2 : 70 ms.
--------------------------------------------------
unsat
QF_NRA/hycomp/ball_count_2d_hill.05.seq_lazy_linear_enc_lemmas_global_10.smt2 : 20392 ms.
--------------------------------------------------
unsat
QF_NRA/hycomp/ball_count_2d_hill.05.seq_lazy_linear_enc_lemmas_global_11.smt2 : 6737 ms.
--------------------------------------------------
./solvers/smtrat/run.sh: line 3: 425581 Killed                  LD_PRELOAD=libmimalloc.so ./smtrat ../$1 2> /dev/null
QF_NRA/hycomp/ball_count_2d_hill.05.seq_lazy_linear_enc_lemmas_global_12.smt2 : 1801135 ms.
--------------------------------------------------
./solvers/smtrat/run.sh: line 3: 426860 Killed                  LD_PRELOAD=libmimalloc.so ./smtrat ../$1 2> /dev/null
QF_NRA/hycomp/ball_count_2d_hill.05.seq_lazy_linear_enc_lemmas_global_13.smt2 : 1800385 ms.
--------------------------------------------------
./solvers/smtrat/run.sh: line 3: 427850 Killed                  LD_PRELOAD=libmimalloc.so ./smtrat ../$1 2> /dev/null
QF_NRA/hycomp/ball_count_2d_hill.05.seq_lazy_linear_enc_lemmas_global_14.smt2 : 1800804 ms.
--------------------------------------------------
unsat
QF_NRA/hycomp/ball_count_2d_hill.05.seq_lazy_linear_enc_lemmas_global_15.smt2 : 49502 ms.
--------------------------------------------------
unsat
QF_NRA/hycomp/ball_count_2d_hill.05.seq_lazy_linear_enc_lemmas_global_1.smt2 : 80 ms.
--------------------------------------------------
unsat
QF_NRA/hycomp/ball_count_2d_hill.05.seq_lazy_linear_enc_lemmas_global_2.smt2 : 177 ms.
--------------------------------------------------
unsat
QF_NRA/hycomp/ball_count_2d_hill.05.seq_lazy_linear_enc_lemmas_global_3.smt2 : 318 ms.
--------------------------------------------------
unsat
QF_NRA/hycomp/ball_count_2d_hill.05.seq_lazy_linear_enc_lemmas_global_4.smt2 : 711 ms.
--------------------------------------------------
unsat
QF_NRA/hycomp/ball_count_2d_hill.05.seq_lazy_linear_enc_lemmas_global_5.smt2 : 953 ms.
--------------------------------------------------
unsat
QF_NRA/hycomp/ball_count_2d_hill.05.seq_lazy_linear_enc_lemmas_global_6.smt2 : 1452 ms.
--------------------------------------------------
unsat
QF_NRA/hycomp/ball_count_2d_hill.05.seq_lazy_linear_enc_lemmas_global_7.smt2 : 3344 ms.
--------------------------------------------------
unsat
QF_NRA/hycomp/ball_count_2d_hill.05.seq_lazy_linear_enc_lemmas_global_8.smt2 : 8866 ms.
--------------------------------------------------
unsat
QF_NRA/hycomp/ball_count_2d_hill.05.seq_lazy_linear_enc_lemmas_global_9.smt2 : 11604 ms.
--------------------------------------------------
unsat
QF_NRA/hycomp/ball_count_2d_hill.10.redlog_global_0.smt2 : 69 ms.
--------------------------------------------------
unsat
QF_NRA/hycomp/ball_count_2d_hill.10.redlog_global_10.smt2 : 399503 ms.
--------------------------------------------------
unsat
QF_NRA/hycomp/ball_count_2d_hill.10.redlog_global_11.smt2 : 77037 ms.
--------------------------------------------------
./solvers/smtrat/run.sh: line 3: 429569 Killed                  LD_PRELOAD=libmimalloc.so ./smtrat ../$1 2> /dev/null
QF_NRA/hycomp/ball_count_2d_hill.10.redlog_global_12.smt2 : 1800560 ms.
--------------------------------------------------
unsat
QF_NRA/hycomp/ball_count_2d_hill.10.redlog_global_13.smt2 : 542552 ms.
--------------------------------------------------
./solvers/smtrat/run.sh: line 3: 431343 Killed                  LD_PRELOAD=libmimalloc.so ./smtrat ../$1 2> /dev/null
QF_NRA/hycomp/ball_count_2d_hill.10.redlog_global_14.smt2 : 1801645 ms.
--------------------------------------------------
unsat
QF_NRA/hycomp/ball_count_2d_hill.10.redlog_global_15.smt2 : 1050514 ms.
--------------------------------------------------
unsat
QF_NRA/hycomp/ball_count_2d_hill.10.redlog_global_1.smt2 : 337 ms.
--------------------------------------------------
unsat
QF_NRA/hycomp/ball_count_2d_hill.10.redlog_global_2.smt2 : 654 ms.
--------------------------------------------------
unsat
QF_NRA/hycomp/ball_count_2d_hill.10.redlog_global_3.smt2 : 1214 ms.
--------------------------------------------------
unsat
QF_NRA/hycomp/ball_count_2d_hill.10.redlog_global_4.smt2 : 2564 ms.
--------------------------------------------------
unsat
QF_NRA/hycomp/ball_count_2d_hill.10.redlog_global_5.smt2 : 3878 ms.
--------------------------------------------------
unsat
QF_NRA/hycomp/ball_count_2d_hill.10.redlog_global_6.smt2 : 5003 ms.
--------------------------------------------------
unsat
QF_NRA/hycomp/ball_count_2d_hill.10.redlog_global_7.smt2 : 7523 ms.
--------------------------------------------------
unsat
QF_NRA/hycomp/ball_count_2d_hill.10.redlog_global_8.smt2 : 30878 ms.
--------------------------------------------------
unsat
QF_NRA/hycomp/ball_count_2d_hill.10.redlog_global_9.smt2 : 36778 ms.
--------------------------------------------------
unsat
QF_NRA/hycomp/ball_count_2d_hill.10.seq_lazy_global_0.smt2 : 116 ms.
--------------------------------------------------
unsat
QF_NRA/hycomp/ball_count_2d_hill.10.seq_lazy_global_10.smt2 : 12061 ms.
--------------------------------------------------
unsat
QF_NRA/hycomp/ball_count_2d_hill.10.seq_lazy_global_11.smt2 : 5340 ms.
--------------------------------------------------
./solvers/smtrat/run.sh: line 3: 433216 Killed                  LD_PRELOAD=libmimalloc.so ./smtrat ../$1 2> /dev/null
QF_NRA/hycomp/ball_count_2d_hill.10.seq_lazy_global_12.smt2 : 1800140 ms.
--------------------------------------------------
unsat
QF_NRA/hycomp/ball_count_2d_hill.10.seq_lazy_global_13.smt2 : 8266 ms.
--------------------------------------------------
./solvers/smtrat/run.sh: line 3: 434195 Killed                  LD_PRELOAD=libmimalloc.so ./smtrat ../$1 2> /dev/null
QF_NRA/hycomp/ball_count_2d_hill.10.seq_lazy_global_14.smt2 : 1800151 ms.
--------------------------------------------------
unsat
QF_NRA/hycomp/ball_count_2d_hill.10.seq_lazy_global_15.smt2 : 86700 ms.
--------------------------------------------------
unsat
QF_NRA/hycomp/ball_count_2d_hill.10.seq_lazy_global_1.smt2 : 65 ms.
