--------------------------------------------------
./solvers/smtrat/run.sh: line 3: 231484 Killed                  LD_PRELOAD=libmimalloc.so ./smtrat ../$1 2> /dev/null
QF_NRA/UltimateAutomizer/InVarSynth_2001TACAS-BallPodelskiRajamani.c_Iteration2_0.smt2 : 1800087 ms.
--------------------------------------------------
./solvers/smtrat/run.sh: line 3: 280573 Killed                  LD_PRELOAD=libmimalloc.so ./smtrat ../$1 2> /dev/null
QF_NRA/UltimateAutomizer/InVarSynth_agroce_minmax.c_Iteration1_0.smt2 : 1800505 ms.
--------------------------------------------------
./solvers/smtrat/run.sh: line 3: 287438 Killed                  LD_PRELOAD=libmimalloc.so ./smtrat ../$1 2> /dev/null
QF_NRA/UltimateAutomizer/InVarSynth_agroce_minmax.c_Iteration2_0.smt2 : 1800046 ms.
--------------------------------------------------
./solvers/smtrat/run.sh: line 3: 292292 Killed                  LD_PRELOAD=libmimalloc.so ./smtrat ../$1 2> /dev/null
QF_NRA/UltimateAutomizer/InVarSynth_agroce_minmax.c_Iteration2_1.smt2 : 1800036 ms.
--------------------------------------------------
./solvers/smtrat/run.sh: line 3: 296112 Killed                  LD_PRELOAD=libmimalloc.so ./smtrat ../$1 2> /dev/null
QF_NRA/UltimateAutomizer/InVarSynth_BeyerHenzingerMajumdarRybalchenko-PLDI2007-Figure4.bpl_Iteration2_0.smt2 : 1800032 ms.
--------------------------------------------------
./solvers/smtrat/run.sh: line 3: 298719 Killed                  LD_PRELOAD=libmimalloc.so ./smtrat ../$1 2> /dev/null
QF_NRA/UltimateAutomizer/InVarSynth_BoolVsInt.c_Iteration3_0.smt2 : 1800390 ms.
--------------------------------------------------
./solvers/smtrat/run.sh: line 3: 300701 Killed                  LD_PRELOAD=libmimalloc.so ./smtrat ../$1 2> /dev/null
QF_NRA/UltimateAutomizer/InVarSynth_BugFreshConstantInSSA.bpl_Iteration2_0.smt2 : 1800054 ms.
--------------------------------------------------
./solvers/smtrat/run.sh: line 3: 325230 Killed                  LD_PRELOAD=libmimalloc.so ./smtrat ../$1 2> /dev/null
QF_NRA/UltimateAutomizer/InVarSynth_BugHoareAnnotationWithMinimiation.bpl_Iteration1_0.smt2 : 1800047 ms.
--------------------------------------------------
./solvers/smtrat/run.sh: line 3: 330625 Killed                  LD_PRELOAD=libmimalloc.so ./smtrat ../$1 2> /dev/null
QF_NRA/UltimateAutomizer/InVarSynth_BugIntegerDivision01.c_Iteration2_0.smt2 : 1800055 ms.
--------------------------------------------------
./solvers/smtrat/run.sh: line 3: 334730 Killed                  LD_PRELOAD=libmimalloc.so ./smtrat ../$1 2> /dev/null
QF_NRA/UltimateAutomizer/InVarSynth_BugIsInductiveReturnGlobalVarRenaming.bpl_Iteration1_0.smt2 : 1800048 ms.
--------------------------------------------------
./solvers/smtrat/run.sh: line 3: 337626 Killed                  LD_PRELOAD=libmimalloc.so ./smtrat ../$1 2> /dev/null
QF_NRA/UltimateAutomizer/InVarSynth_BugSubstitution.bpl_Iteration3_0.smt2 : 1801920 ms.
--------------------------------------------------
./solvers/smtrat/run.sh: line 3: 340396 Killed                  LD_PRELOAD=libmimalloc.so ./smtrat ../$1 2> /dev/null
QF_NRA/UltimateAutomizer/InVarSynth_bugtest1.bpl_Iteration2_0.smt2 : 1800026 ms.
--------------------------------------------------
./solvers/smtrat/run.sh: line 3: 343073 Killed                  LD_PRELOAD=libmimalloc.so ./smtrat ../$1 2> /dev/null
QF_NRA/UltimateAutomizer/InVarSynth_bugtest1.bpl_Iteration2_1.smt2 : 1800921 ms.
--------------------------------------------------
./solvers/smtrat/run.sh: line 3: 345844 Killed                  LD_PRELOAD=libmimalloc.so ./smtrat ../$1 2> /dev/null
QF_NRA/UltimateAutomizer/InVarSynth_ConditionalExpression-SideEffects-Safe.c_Iteration1_0.smt2 : 1800039 ms.
--------------------------------------------------
./solvers/smtrat/run.sh: line 3: 348096 Killed                  LD_PRELOAD=libmimalloc.so ./smtrat ../$1 2> /dev/null
QF_NRA/UltimateAutomizer/InVarSynth_ConditionalExpression-SideEffects-Safe.c_Iteration1_1.smt2 : 1800105 ms.
--------------------------------------------------
./solvers/smtrat/run.sh: line 3: 350884 Killed                  LD_PRELOAD=libmimalloc.so ./smtrat ../$1 2> /dev/null
QF_NRA/UltimateAutomizer/InVarSynth_ConditionalExpression-SideEffects-Safe.c_Iteration1_2.smt2 : 1800693 ms.
--------------------------------------------------
./solvers/smtrat/run.sh: line 3: 353362 Killed                  LD_PRELOAD=libmimalloc.so ./smtrat ../$1 2> /dev/null
QF_NRA/UltimateAutomizer/InVarSynth_DivisibilityInterpolantRequired02-ForwardSuccess.bpl_Iteration1_0.smt2 : 1800023 ms.
--------------------------------------------------
./solvers/smtrat/run.sh: line 3: 355226 Killed                  LD_PRELOAD=libmimalloc.so ./smtrat ../$1 2> /dev/null
QF_NRA/UltimateAutomizer/InVarSynth_doubleLoopUniformIterations.bpl_Iteration2_0.smt2 : 1800571 ms.
--------------------------------------------------
./solvers/smtrat/run.sh: line 3: 357156 Killed                  LD_PRELOAD=libmimalloc.so ./smtrat ../$1 2> /dev/null
QF_NRA/UltimateAutomizer/InVarSynth_Elevator.bpl_Iteration1_0.smt2 : 1800032 ms.
--------------------------------------------------
./solvers/smtrat/run.sh: line 3: 359113 Killed                  LD_PRELOAD=libmimalloc.so ./smtrat ../$1 2> /dev/null
QF_NRA/UltimateAutomizer/InVarSynth_EuclideanIntegerDivision.bpl_Iteration4_0.smt2 : 1800496 ms.
--------------------------------------------------
./solvers/smtrat/run.sh: line 3: 362513 Killed                  LD_PRELOAD=libmimalloc.so ./smtrat ../$1 2> /dev/null
QF_NRA/UltimateAutomizer/InVarSynth_GateControllerIncorrect1.bpl_Iteration1_0.smt2 : 1800998 ms.
--------------------------------------------------
./solvers/smtrat/run.sh: line 3: 364282 Killed                  LD_PRELOAD=libmimalloc.so ./smtrat ../$1 2> /dev/null
QF_NRA/UltimateAutomizer/InVarSynth_GoannaDoubleFreeWithoutPointers.bpl_Iteration1_0.smt2 : 1800047 ms.
--------------------------------------------------
./solvers/smtrat/run.sh: line 3: 387966 Killed                  LD_PRELOAD=libmimalloc.so ./smtrat ../$1 2> /dev/null
QF_NRA/UltimateAutomizer/InVarSynth_GoannaDoubleFreeWithoutPointers.bpl_Iteration1_1.smt2 : 1800044 ms.
--------------------------------------------------
./solvers/smtrat/run.sh: line 3: 392573 Killed                  LD_PRELOAD=libmimalloc.so ./smtrat ../$1 2> /dev/null
QF_NRA/UltimateAutomizer/InVarSynth_GoannaDoubleFreeWithoutPointers.c_Iteration2_0.smt2 : 1800036 ms.
--------------------------------------------------
./solvers/smtrat/run.sh: line 3: 395363 Killed                  LD_PRELOAD=libmimalloc.so ./smtrat ../$1 2> /dev/null
QF_NRA/UltimateAutomizer/InVarSynth_GopanReps-CAV2006-Fig1.c_Iteration2_0.smt2 : 1800068 ms.
--------------------------------------------------
./solvers/smtrat/run.sh: line 3: 398074 Killed                  LD_PRELOAD=libmimalloc.so ./smtrat ../$1 2> /dev/null
QF_NRA/UltimateAutomizer/InVarSynth_ImpulseTest.bpl_Iteration2_0.smt2 : 1800021 ms.
--------------------------------------------------
./solvers/smtrat/run.sh: line 3: 400382 Killed                  LD_PRELOAD=libmimalloc.so ./smtrat ../$1 2> /dev/null
QF_NRA/UltimateAutomizer/InVarSynth_InvariantSynthesis_Disjunctive02.bpl_Iteration1_0.smt2 : 1800062 ms.
--------------------------------------------------
./solvers/smtrat/run.sh: line 3: 402787 Killed                  LD_PRELOAD=libmimalloc.so ./smtrat ../$1 2> /dev/null
QF_NRA/UltimateAutomizer/InVarSynth_LabelEncodingWithUnrolling.bpl_Iteration2_0.smt2 : 1800032 ms.
--------------------------------------------------
./solvers/smtrat/run.sh: line 3: 404871 Killed                  LD_PRELOAD=libmimalloc.so ./smtrat ../$1 2> /dev/null
QF_NRA/UltimateAutomizer/InVarSynth_LexIndexValue-Pointer-Reduced.bpl_Iteration1_0.smt2 : 1801949 ms.
--------------------------------------------------
./solvers/smtrat/run.sh: line 3: 406951 Killed                  LD_PRELOAD=libmimalloc.so ./smtrat ../$1 2> /dev/null
QF_NRA/UltimateAutomizer/InVarSynth_ManyFactsAboutX.bpl_Iteration1_0.smt2 : 1800723 ms.
--------------------------------------------------
sat
QF_NRA/UltimateAutomizer/InVarSynth_ManyFactsAboutX.bpl_Iteration1_1.smt2 : 34447 ms.
--------------------------------------------------
./solvers/smtrat/run.sh: line 3: 408862 Killed                  LD_PRELOAD=libmimalloc.so ./smtrat ../$1 2> /dev/null
QF_NRA/UltimateAutomizer/InVarSynth_MonadicInvariant01.bpl_Iteration1_0.smt2 : 1804903 ms.
--------------------------------------------------
./solvers/smtrat/run.sh: line 3: 410793 Killed                  LD_PRELOAD=libmimalloc.so ./smtrat ../$1 2> /dev/null
QF_NRA/UltimateAutomizer/InVarSynth_NutzTransformation05.c_Iteration1_0.smt2 : 1800990 ms.
--------------------------------------------------
sat
QF_NRA/UltimateAutomizer/InVarSynth_OrderDependentEquality.c_Iteration2_0.smt2 : 30468 ms.
--------------------------------------------------
./solvers/smtrat/run.sh: line 3: 412287 Killed                  LD_PRELOAD=libmimalloc.so ./smtrat ../$1 2> /dev/null
QF_NRA/UltimateAutomizer/InVarSynth_pcatest0.bpl_Iteration1_0.smt2 : 1801393 ms.
--------------------------------------------------
./solvers/smtrat/run.sh: line 3: 413943 Killed                  LD_PRELOAD=libmimalloc.so ./smtrat ../$1 2> /dev/null
QF_NRA/UltimateAutomizer/InVarSynth_pcatest1.bpl_Iteration1_0.smt2 : 1800289 ms.
--------------------------------------------------
./solvers/smtrat/run.sh: line 3: 415740 Killed                  LD_PRELOAD=libmimalloc.so ./smtrat ../$1 2> /dev/null
QF_NRA/UltimateAutomizer/InVarSynth_pcatest1.bpl_Iteration1_1.smt2 : 1800697 ms.
--------------------------------------------------
./solvers/smtrat/run.sh: line 3: 417372 Killed                  LD_PRELOAD=libmimalloc.so ./smtrat ../$1 2> /dev/null
QF_NRA/UltimateAutomizer/InVarSynth_PostfixIncrementDecrement.c_Iteration3_0.smt2 : 1800743 ms.
--------------------------------------------------
./solvers/smtrat/run.sh: line 3: 418826 Killed                  LD_PRELOAD=libmimalloc.so ./smtrat ../$1 2> /dev/null
QF_NRA/UltimateAutomizer/InVarSynth_PrefixIncrementDecrement.c_Iteration3_0.smt2 : 1801689 ms.
--------------------------------------------------
./solvers/smtrat/run.sh: line 3: 420546 Killed                  LD_PRELOAD=libmimalloc.so ./smtrat ../$1 2> /dev/null
QF_NRA/UltimateAutomizer/InVarSynth_PrefixIncrementDecrement.c_Iteration3_1.smt2 : 1800624 ms.
--------------------------------------------------
./solvers/smtrat/run.sh: line 3: 421910 Killed                  LD_PRELOAD=libmimalloc.so ./smtrat ../$1 2> /dev/null
QF_NRA/UltimateAutomizer/InVarSynth_s3_srvr_1b_true-unreach-call_false-termination.cil.c_Iteration1_0.smt2 : 1800067 ms.
--------------------------------------------------
./solvers/smtrat/run.sh: line 3: 422976 Killed                  LD_PRELOAD=libmimalloc.so ./smtrat ../$1 2> /dev/null
QF_NRA/UltimateAutomizer/InVarSynth_SAS09.c_Iteration2_0.smt2 : 1800037 ms.
--------------------------------------------------
./solvers/smtrat/run.sh: line 3: 424330 Killed                  LD_PRELOAD=libmimalloc.so ./smtrat ../$1 2> /dev/null
QF_NRA/UltimateAutomizer/InVarSynth_SAS09.c_Iteration3_0.smt2 : 1800044 ms.
--------------------------------------------------
./solvers/smtrat/run.sh: line 3: 426211 Killed                  LD_PRELOAD=libmimalloc.so ./smtrat ../$1 2> /dev/null
QF_NRA/UltimateAutomizer/InVarSynth_SAS09doubleLoop-incorrect.bpl_Iteration3_0.smt2 : 1800093 ms.
--------------------------------------------------
./solvers/smtrat/run.sh: line 3: 427326 Killed                  LD_PRELOAD=libmimalloc.so ./smtrat ../$1 2> /dev/null
QF_NRA/UltimateAutomizer/InVarSynth_SAS09doubleLoop-incorrect.bpl_Iteration3_1.smt2 : 1800076 ms.
--------------------------------------------------
./solvers/smtrat/run.sh: line 3: 428373 Killed                  LD_PRELOAD=libmimalloc.so ./smtrat ../$1 2> /dev/null
QF_NRA/UltimateAutomizer/InVarSynth_ShortCircuit-SideEffect-DoStatement-Safe.c_Iteration2_0.smt2 : 1800348 ms.
--------------------------------------------------
./solvers/smtrat/run.sh: line 3: 429691 Killed                  LD_PRELOAD=libmimalloc.so ./smtrat ../$1 2> /dev/null
QF_NRA/UltimateAutomizer/InVarSynth_ShortCircuit-SideEffect-FunctionCallExpression-Safe.c_Iteration1_0.smt2 : 1800495 ms.
--------------------------------------------------
./solvers/smtrat/run.sh: line 3: 430994 Killed                  LD_PRELOAD=libmimalloc.so ./smtrat ../$1 2> /dev/null
QF_NRA/UltimateAutomizer/InVarSynth_ShortCircuit-SideEffect-SwitchStatement-Safe.c_Iteration1_0.smt2 : 1800059 ms.
--------------------------------------------------
./solvers/smtrat/run.sh: line 3: 432162 Killed                  LD_PRELOAD=libmimalloc.so ./smtrat ../$1 2> /dev/null
QF_NRA/UltimateAutomizer/InVarSynth_ShortCircuit-SideEffect-SwitchStatement-Safe.c_Iteration1_1.smt2 : 1800116 ms.
--------------------------------------------------
./solvers/smtrat/run.sh: line 3: 433392 Killed                  LD_PRELOAD=libmimalloc.so ./smtrat ../$1 2> /dev/null
QF_NRA/UltimateAutomizer/InVarSynth_ShortCircuit-SideEffect-SwitchStatement-Unsafe.c_Iteration1_0.smt2 : 1800113 ms.
--------------------------------------------------
./solvers/smtrat/run.sh: line 3: 434322 Killed                  LD_PRELOAD=libmimalloc.so ./smtrat ../$1 2> /dev/null
QF_NRA/UltimateAutomizer/InVarSynth_ShortCircuit-SideEffect-SwitchStatement-Unsafe.c_Iteration1_1.smt2 : 1800742 ms.
--------------------------------------------------
./solvers/smtrat/run.sh: line 3: 435384 Killed                  LD_PRELOAD=libmimalloc.so ./smtrat ../$1 2> /dev/null
QF_NRA/UltimateAutomizer/InVarSynth_ShortCircuit-SideEffect-SwitchStatement-Unsafe.c_Iteration1_2.smt2 : 1800740 ms.
--------------------------------------------------
./solvers/smtrat/run.sh: line 3: 436253 Killed                  LD_PRELOAD=libmimalloc.so ./smtrat ../$1 2> /dev/null
QF_NRA/UltimateAutomizer/InVarSynth_StructPositiveSum-Safe.c_Iteration2_0.smt2 : 1800846 ms.
--------------------------------------------------
./solvers/smtrat/run.sh: line 3: 437230 Killed                  LD_PRELOAD=libmimalloc.so ./smtrat ../$1 2> /dev/null
QF_NRA/UltimateAutomizer/InVarSynth_TestIntegerDivision01.c_Iteration3_0.smt2 : 1800431 ms.
--------------------------------------------------
./solvers/smtrat/run.sh: line 3: 438310 Killed                  LD_PRELOAD=libmimalloc.so ./smtrat ../$1 2> /dev/null
QF_NRA/UltimateAutomizer/InVarSynth_TestIntegerDivision01.c_Iteration4_0.smt2 : 1800058 ms.
--------------------------------------------------
unsat
QF_NRA/UltimateAutomizer/InVarSynth_TestSequentialComposition.bpl_Iteration3_0.smt2 : 43571 ms.
--------------------------------------------------
./solvers/smtrat/run.sh: line 3: 439160 Killed                  LD_PRELOAD=libmimalloc.so ./smtrat ../$1 2> /dev/null
QF_NRA/UltimateAutomizer/InVarSynth_TestSimultaneousAssignment.bpl_Iteration1_0.smt2 : 1800104 ms.
--------------------------------------------------
./solvers/smtrat/run.sh: line 3: 439945 Killed                  LD_PRELOAD=libmimalloc.so ./smtrat ../$1 2> /dev/null
QF_NRA/UltimateAutomizer/InVarSynth_threadpooling_out2.mover.bpl_Iteration2_0.smt2 : 1800088 ms.
--------------------------------------------------
./solvers/smtrat/run.sh: line 3: 440854 Killed                  LD_PRELOAD=libmimalloc.so ./smtrat ../$1 2> /dev/null
QF_NRA/UltimateAutomizer/InVarSynth_threadpooling_out2.mover.bpl_Iteration2_1.smt2 : 1800077 ms.
--------------------------------------------------
./solvers/smtrat/run.sh: line 3: 441812 Killed                  LD_PRELOAD=libmimalloc.so ./smtrat ../$1 2> /dev/null
QF_NRA/UltimateAutomizer/InVarSynth_threadpooling_out_Reals.bpl_Iteration1_0.smt2 : 1800098 ms.
--------------------------------------------------
./solvers/smtrat/run.sh: line 3: 442573 Killed                  LD_PRELOAD=libmimalloc.so ./smtrat ../$1 2> /dev/null
QF_NRA/UltimateAutomizer/InVarSynth_WaterTank2-NumberVariables.bpl_Iteration2_0.smt2 : 1800061 ms.
