--------------------------------------------------
unsat
QF_NRA/hycomp/ball_count_2d_plain.10.seq_lazy_linear_enc_lemmas_global_2.smt2 : 98 ms.
--------------------------------------------------
unsat
QF_NRA/hycomp/ball_count_2d_plain.10.seq_lazy_linear_enc_lemmas_global_3.smt2 : 173 ms.
--------------------------------------------------
unsat
QF_NRA/hycomp/ball_count_2d_plain.10.seq_lazy_linear_enc_lemmas_global_4.smt2 : 255 ms.
--------------------------------------------------
unsat
QF_NRA/hycomp/ball_count_2d_plain.10.seq_lazy_linear_enc_lemmas_global_5.smt2 : 355 ms.
--------------------------------------------------
unsat
QF_NRA/hycomp/ball_count_2d_plain.10.seq_lazy_linear_enc_lemmas_global_6.smt2 : 1902 ms.
--------------------------------------------------
unsat
QF_NRA/hycomp/ball_count_2d_plain.10.seq_lazy_linear_enc_lemmas_global_7.smt2 : 648 ms.
--------------------------------------------------
./solvers/smtrat/run.sh: line 3: 16880 Killed                  LD_PRELOAD=libmimalloc.so ./smtrat ../$1 2> /dev/null
QF_NRA/hycomp/ball_count_2d_plain.10.seq_lazy_linear_enc_lemmas_global_8.smt2 : 1800764 ms.
--------------------------------------------------
unsat
QF_NRA/hycomp/ball_count_2d_plain.10.seq_lazy_linear_enc_lemmas_global_9.smt2 : 1651 ms.
--------------------------------------------------
unsat
QF_NRA/hycomp/ball_count_2d_slope.01.seq_lazy_global_0.smt2 : 230 ms.
--------------------------------------------------
./solvers/smtrat/run.sh: line 3: 23380 Killed                  LD_PRELOAD=libmimalloc.so ./smtrat ../$1 2> /dev/null
QF_NRA/hycomp/ball_count_2d_slope.01.seq_lazy_global_10.smt2 : 1800245 ms.
--------------------------------------------------
unsat
QF_NRA/hycomp/ball_count_2d_slope.01.seq_lazy_global_11.smt2 : 5418 ms.
--------------------------------------------------
./solvers/smtrat/run.sh: line 3: 26250 Killed                  LD_PRELOAD=libmimalloc.so ./smtrat ../$1 2> /dev/null
QF_NRA/hycomp/ball_count_2d_slope.01.seq_lazy_global_12.smt2 : 1800229 ms.
--------------------------------------------------
unsat
QF_NRA/hycomp/ball_count_2d_slope.01.seq_lazy_global_13.smt2 : 9613 ms.
--------------------------------------------------
./solvers/smtrat/run.sh: line 3: 28308 Killed                  LD_PRELOAD=libmimalloc.so ./smtrat ../$1 2> /dev/null
QF_NRA/hycomp/ball_count_2d_slope.01.seq_lazy_global_14.smt2 : 1800986 ms.
--------------------------------------------------
unsat
QF_NRA/hycomp/ball_count_2d_slope.01.seq_lazy_global_15.smt2 : 10617 ms.
--------------------------------------------------
unsat
QF_NRA/hycomp/ball_count_2d_slope.01.seq_lazy_global_1.smt2 : 367 ms.
--------------------------------------------------
unsat
QF_NRA/hycomp/ball_count_2d_slope.01.seq_lazy_global_2.smt2 : 522 ms.
--------------------------------------------------
unsat
QF_NRA/hycomp/ball_count_2d_slope.01.seq_lazy_global_3.smt2 : 726 ms.
--------------------------------------------------
unsat
QF_NRA/hycomp/ball_count_2d_slope.01.seq_lazy_global_4.smt2 : 1036 ms.
--------------------------------------------------
unsat
QF_NRA/hycomp/ball_count_2d_slope.01.seq_lazy_global_5.smt2 : 1355 ms.
--------------------------------------------------
./solvers/smtrat/run.sh: line 3: 29514 Killed                  LD_PRELOAD=libmimalloc.so ./smtrat ../$1 2> /dev/null
QF_NRA/hycomp/ball_count_2d_slope.01.seq_lazy_global_6.smt2 : 1800299 ms.
--------------------------------------------------
unsat
QF_NRA/hycomp/ball_count_2d_slope.01.seq_lazy_global_7.smt2 : 2469 ms.
--------------------------------------------------
./solvers/smtrat/run.sh: line 3: 30604 Killed                  LD_PRELOAD=libmimalloc.so ./smtrat ../$1 2> /dev/null
QF_NRA/hycomp/ball_count_2d_slope.01.seq_lazy_global_8.smt2 : 1800137 ms.
--------------------------------------------------
unsat
QF_NRA/hycomp/ball_count_2d_slope.01.seq_lazy_global_9.smt2 : 4941 ms.
--------------------------------------------------
unsat
QF_NRA/hycomp/ball_count_2d_slope.01.seq_lazy_lemmas_global_0.smt2 : 54 ms.
--------------------------------------------------
./solvers/smtrat/run.sh: line 3: 31633 Killed                  LD_PRELOAD=libmimalloc.so ./smtrat ../$1 2> /dev/null
QF_NRA/hycomp/ball_count_2d_slope.01.seq_lazy_lemmas_global_10.smt2 : 1803742 ms.
--------------------------------------------------
unsat
QF_NRA/hycomp/ball_count_2d_slope.01.seq_lazy_lemmas_global_11.smt2 : 9008 ms.
--------------------------------------------------
./solvers/smtrat/run.sh: line 3: 32696 Killed                  LD_PRELOAD=libmimalloc.so ./smtrat ../$1 2> /dev/null
QF_NRA/hycomp/ball_count_2d_slope.01.seq_lazy_lemmas_global_12.smt2 : 1801127 ms.
--------------------------------------------------
unsat
QF_NRA/hycomp/ball_count_2d_slope.01.seq_lazy_lemmas_global_13.smt2 : 16349 ms.
--------------------------------------------------
./solvers/smtrat/run.sh: line 3: 33733 Killed                  LD_PRELOAD=libmimalloc.so ./smtrat ../$1 2> /dev/null
QF_NRA/hycomp/ball_count_2d_slope.01.seq_lazy_lemmas_global_14.smt2 : 1800842 ms.
--------------------------------------------------
unsat
QF_NRA/hycomp/ball_count_2d_slope.01.seq_lazy_lemmas_global_15.smt2 : 19772 ms.
--------------------------------------------------
unsat
QF_NRA/hycomp/ball_count_2d_slope.01.seq_lazy_lemmas_global_1.smt2 : 224 ms.
--------------------------------------------------
unsat
QF_NRA/hycomp/ball_count_2d_slope.01.seq_lazy_lemmas_global_2.smt2 : 519 ms.
--------------------------------------------------
unsat
QF_NRA/hycomp/ball_count_2d_slope.01.seq_lazy_lemmas_global_3.smt2 : 780 ms.
--------------------------------------------------
unsat
QF_NRA/hycomp/ball_count_2d_slope.01.seq_lazy_lemmas_global_4.smt2 : 1338 ms.
--------------------------------------------------
unsat
QF_NRA/hycomp/ball_count_2d_slope.01.seq_lazy_lemmas_global_5.smt2 : 1761 ms.
--------------------------------------------------
unsat
QF_NRA/hycomp/ball_count_2d_slope.01.seq_lazy_lemmas_global_6.smt2 : 2763 ms.
--------------------------------------------------
unsat
QF_NRA/hycomp/ball_count_2d_slope.01.seq_lazy_lemmas_global_7.smt2 : 4374 ms.
--------------------------------------------------
./solvers/smtrat/run.sh: line 3: 34715 Killed                  LD_PRELOAD=libmimalloc.so ./smtrat ../$1 2> /dev/null
QF_NRA/hycomp/ball_count_2d_slope.01.seq_lazy_lemmas_global_8.smt2 : 1804541 ms.
--------------------------------------------------
unsat
QF_NRA/hycomp/ball_count_2d_slope.01.seq_lazy_lemmas_global_9.smt2 : 7081 ms.
--------------------------------------------------
unsat
QF_NRA/hycomp/ball_count_2d_slope.01.seq_lazy_linear_enc_global_0.smt2 : 32 ms.
--------------------------------------------------
./solvers/smtrat/run.sh: line 3: 35477 Killed                  LD_PRELOAD=libmimalloc.so ./smtrat ../$1 2> /dev/null
QF_NRA/hycomp/ball_count_2d_slope.01.seq_lazy_linear_enc_global_10.smt2 : 1800122 ms.
--------------------------------------------------
unsat
QF_NRA/hycomp/ball_count_2d_slope.01.seq_lazy_linear_enc_global_11.smt2 : 2897 ms.
--------------------------------------------------
./solvers/smtrat/run.sh: line 3: 36423 Killed                  LD_PRELOAD=libmimalloc.so ./smtrat ../$1 2> /dev/null
QF_NRA/hycomp/ball_count_2d_slope.01.seq_lazy_linear_enc_global_12.smt2 : 1800429 ms.
--------------------------------------------------
unsat
QF_NRA/hycomp/ball_count_2d_slope.01.seq_lazy_linear_enc_global_13.smt2 : 5787 ms.
--------------------------------------------------
unsat
QF_NRA/hycomp/ball_count_2d_slope.01.seq_lazy_linear_enc_global_14.smt2 : 9946 ms.
--------------------------------------------------
unsat
QF_NRA/hycomp/ball_count_2d_slope.01.seq_lazy_linear_enc_global_15.smt2 : 9540 ms.
--------------------------------------------------
unsat
QF_NRA/hycomp/ball_count_2d_slope.01.seq_lazy_linear_enc_global_1.smt2 : 195 ms.
--------------------------------------------------
unsat
QF_NRA/hycomp/ball_count_2d_slope.01.seq_lazy_linear_enc_global_2.smt2 : 323 ms.
--------------------------------------------------
unsat
QF_NRA/hycomp/ball_count_2d_slope.01.seq_lazy_linear_enc_global_3.smt2 : 413 ms.
--------------------------------------------------
unsat
QF_NRA/hycomp/ball_count_2d_slope.01.seq_lazy_linear_enc_global_4.smt2 : 1153 ms.
--------------------------------------------------
unsat
QF_NRA/hycomp/ball_count_2d_slope.01.seq_lazy_linear_enc_global_5.smt2 : 958 ms.
--------------------------------------------------
./solvers/smtrat/run.sh: line 3: 37307 Killed                  LD_PRELOAD=libmimalloc.so ./smtrat ../$1 2> /dev/null
QF_NRA/hycomp/ball_count_2d_slope.01.seq_lazy_linear_enc_global_6.smt2 : 1800184 ms.
--------------------------------------------------
unsat
QF_NRA/hycomp/ball_count_2d_slope.01.seq_lazy_linear_enc_global_7.smt2 : 1371 ms.
--------------------------------------------------
./solvers/smtrat/run.sh: line 3: 38116 Killed                  LD_PRELOAD=libmimalloc.so ./smtrat ../$1 2> /dev/null
QF_NRA/hycomp/ball_count_2d_slope.01.seq_lazy_linear_enc_global_8.smt2 : 1800148 ms.
--------------------------------------------------
unsat
QF_NRA/hycomp/ball_count_2d_slope.01.seq_lazy_linear_enc_global_9.smt2 : 1898 ms.
--------------------------------------------------
unsat
QF_NRA/hycomp/ball_count_2d_slope.01.seq_lazy_linear_enc_lemmas_global_0.smt2 : 34 ms.
--------------------------------------------------
unsat
QF_NRA/hycomp/ball_count_2d_slope.01.seq_lazy_linear_enc_lemmas_global_10.smt2 : 3922 ms.
--------------------------------------------------
unsat
QF_NRA/hycomp/ball_count_2d_slope.01.seq_lazy_linear_enc_lemmas_global_11.smt2 : 7542 ms.
--------------------------------------------------
unsat
QF_NRA/hycomp/ball_count_2d_slope.01.seq_lazy_linear_enc_lemmas_global_12.smt2 : 9803 ms.
--------------------------------------------------
unsat
QF_NRA/hycomp/ball_count_2d_slope.01.seq_lazy_linear_enc_lemmas_global_13.smt2 : 10761 ms.
--------------------------------------------------
unsat
QF_NRA/hycomp/ball_count_2d_slope.01.seq_lazy_linear_enc_lemmas_global_14.smt2 : 13613 ms.
--------------------------------------------------
unsat
QF_NRA/hycomp/ball_count_2d_slope.01.seq_lazy_linear_enc_lemmas_global_15.smt2 : 12900 ms.
--------------------------------------------------
unsat
QF_NRA/hycomp/ball_count_2d_slope.01.seq_lazy_linear_enc_lemmas_global_1.smt2 : 130 ms.
--------------------------------------------------
unsat
QF_NRA/hycomp/ball_count_2d_slope.01.seq_lazy_linear_enc_lemmas_global_2.smt2 : 229 ms.
--------------------------------------------------
unsat
QF_NRA/hycomp/ball_count_2d_slope.01.seq_lazy_linear_enc_lemmas_global_3.smt2 : 412 ms.
--------------------------------------------------
unsat
QF_NRA/hycomp/ball_count_2d_slope.01.seq_lazy_linear_enc_lemmas_global_4.smt2 : 624 ms.
--------------------------------------------------
unsat
QF_NRA/hycomp/ball_count_2d_slope.01.seq_lazy_linear_enc_lemmas_global_5.smt2 : 1179 ms.
--------------------------------------------------
unsat
QF_NRA/hycomp/ball_count_2d_slope.01.seq_lazy_linear_enc_lemmas_global_6.smt2 : 1773 ms.
--------------------------------------------------
unsat
QF_NRA/hycomp/ball_count_2d_slope.01.seq_lazy_linear_enc_lemmas_global_7.smt2 : 2143 ms.
--------------------------------------------------
unsat
QF_NRA/hycomp/ball_count_2d_slope.01.seq_lazy_linear_enc_lemmas_global_8.smt2 : 3795 ms.
--------------------------------------------------
unsat
QF_NRA/hycomp/ball_count_2d_slope.01.seq_lazy_linear_enc_lemmas_global_9.smt2 : 4933 ms.
--------------------------------------------------
unsat
QF_NRA/hycomp/ball_count_2d_slope.02.seq_lazy_global_0.smt2 : 34 ms.
--------------------------------------------------
./solvers/smtrat/run.sh: line 3: 39003 Killed                  LD_PRELOAD=libmimalloc.so ./smtrat ../$1 2> /dev/null
QF_NRA/hycomp/ball_count_2d_slope.02.seq_lazy_global_10.smt2 : 1800313 ms.
--------------------------------------------------
unsat
QF_NRA/hycomp/ball_count_2d_slope.02.seq_lazy_global_11.smt2 : 17156 ms.
--------------------------------------------------
./solvers/smtrat/run.sh: line 3: 39949 Killed                  LD_PRELOAD=libmimalloc.so ./smtrat ../$1 2> /dev/null
QF_NRA/hycomp/ball_count_2d_slope.02.seq_lazy_global_12.smt2 : 1800311 ms.
--------------------------------------------------
unsat
QF_NRA/hycomp/ball_count_2d_slope.02.seq_lazy_global_13.smt2 : 1722858 ms.
--------------------------------------------------
./solvers/smtrat/run.sh: line 3: 41140 Killed                  LD_PRELOAD=libmimalloc.so ./smtrat ../$1 2> /dev/null
QF_NRA/hycomp/ball_count_2d_slope.02.seq_lazy_global_14.smt2 : 1801322 ms.
--------------------------------------------------
./solvers/smtrat/run.sh: line 3: 41743 Killed                  LD_PRELOAD=libmimalloc.so ./smtrat ../$1 2> /dev/null
QF_NRA/hycomp/ball_count_2d_slope.02.seq_lazy_global_15.smt2 : 1800616 ms.
--------------------------------------------------
unsat
QF_NRA/hycomp/ball_count_2d_slope.02.seq_lazy_global_1.smt2 : 108 ms.
--------------------------------------------------
unsat
QF_NRA/hycomp/ball_count_2d_slope.02.seq_lazy_global_2.smt2 : 249 ms.
--------------------------------------------------
unsat
QF_NRA/hycomp/ball_count_2d_slope.02.seq_lazy_global_3.smt2 : 427 ms.
--------------------------------------------------
unsat
QF_NRA/hycomp/ball_count_2d_slope.02.seq_lazy_global_4.smt2 : 945 ms.
--------------------------------------------------
unsat
QF_NRA/hycomp/ball_count_2d_slope.02.seq_lazy_global_5.smt2 : 1533 ms.
--------------------------------------------------
./solvers/smtrat/run.sh: line 3: 42924 Killed                  LD_PRELOAD=libmimalloc.so ./smtrat ../$1 2> /dev/null
QF_NRA/hycomp/ball_count_2d_slope.02.seq_lazy_global_6.smt2 : 1800360 ms.
--------------------------------------------------
unsat
QF_NRA/hycomp/ball_count_2d_slope.02.seq_lazy_global_7.smt2 : 3664 ms.
--------------------------------------------------
./solvers/smtrat/run.sh: line 3: 43621 Killed                  LD_PRELOAD=libmimalloc.so ./smtrat ../$1 2> /dev/null
QF_NRA/hycomp/ball_count_2d_slope.02.seq_lazy_global_8.smt2 : 1800180 ms.
--------------------------------------------------
unsat
QF_NRA/hycomp/ball_count_2d_slope.02.seq_lazy_global_9.smt2 : 9143 ms.
--------------------------------------------------
unsat
QF_NRA/hycomp/ball_count_2d_slope.02.seq_lazy_lemmas_global_0.smt2 : 55 ms.
--------------------------------------------------
./solvers/smtrat/run.sh: line 3: 44135 Killed                  LD_PRELOAD=libmimalloc.so ./smtrat ../$1 2> /dev/null
QF_NRA/hycomp/ball_count_2d_slope.02.seq_lazy_lemmas_global_10.smt2 : 1800482 ms.
--------------------------------------------------
unsat
QF_NRA/hycomp/ball_count_2d_slope.02.seq_lazy_lemmas_global_11.smt2 : 41542 ms.
--------------------------------------------------
./solvers/smtrat/run.sh: line 3: 44813 Killed                  LD_PRELOAD=libmimalloc.so ./smtrat ../$1 2> /dev/null
QF_NRA/hycomp/ball_count_2d_slope.02.seq_lazy_lemmas_global_12.smt2 : 1800395 ms.
--------------------------------------------------
unsat
QF_NRA/hycomp/ball_count_2d_slope.02.seq_lazy_lemmas_global_13.smt2 : 402431 ms.
--------------------------------------------------
./solvers/smtrat/run.sh: line 3: 45389 Killed                  LD_PRELOAD=libmimalloc.so ./smtrat ../$1 2> /dev/null
QF_NRA/hycomp/ball_count_2d_slope.02.seq_lazy_lemmas_global_14.smt2 : 1800879 ms.
--------------------------------------------------
unsat
QF_NRA/hycomp/ball_count_2d_slope.02.seq_lazy_lemmas_global_15.smt2 : 947068 ms.
--------------------------------------------------
unsat
QF_NRA/hycomp/ball_count_2d_slope.02.seq_lazy_lemmas_global_1.smt2 : 193 ms.
--------------------------------------------------
unsat
QF_NRA/hycomp/ball_count_2d_slope.02.seq_lazy_lemmas_global_2.smt2 : 657 ms.
--------------------------------------------------
unsat
QF_NRA/hycomp/ball_count_2d_slope.02.seq_lazy_lemmas_global_3.smt2 : 857 ms.
--------------------------------------------------
unsat
QF_NRA/hycomp/ball_count_2d_slope.02.seq_lazy_lemmas_global_4.smt2 : 2981 ms.
--------------------------------------------------
unsat
QF_NRA/hycomp/ball_count_2d_slope.02.seq_lazy_lemmas_global_5.smt2 : 2921 ms.
--------------------------------------------------
./solvers/smtrat/run.sh: line 3: 46148 Killed                  LD_PRELOAD=libmimalloc.so ./smtrat ../$1 2> /dev/null
QF_NRA/hycomp/ball_count_2d_slope.02.seq_lazy_lemmas_global_6.smt2 : 1800186 ms.
--------------------------------------------------
unsat
QF_NRA/hycomp/ball_count_2d_slope.02.seq_lazy_lemmas_global_7.smt2 : 5747 ms.
--------------------------------------------------
./solvers/smtrat/run.sh: line 3: 46644 Killed                  LD_PRELOAD=libmimalloc.so ./smtrat ../$1 2> /dev/null
QF_NRA/hycomp/ball_count_2d_slope.02.seq_lazy_lemmas_global_8.smt2 : 1800260 ms.
--------------------------------------------------
unsat
QF_NRA/hycomp/ball_count_2d_slope.02.seq_lazy_lemmas_global_9.smt2 : 11357 ms.
--------------------------------------------------
unsat
QF_NRA/hycomp/ball_count_2d_slope.02.seq_lazy_linear_enc_global_0.smt2 : 29 ms.
--------------------------------------------------
./solvers/smtrat/run.sh: line 3: 47136 Killed                  LD_PRELOAD=libmimalloc.so ./smtrat ../$1 2> /dev/null
QF_NRA/hycomp/ball_count_2d_slope.02.seq_lazy_linear_enc_global_10.smt2 : 1800170 ms.
--------------------------------------------------
unsat
QF_NRA/hycomp/ball_count_2d_slope.02.seq_lazy_linear_enc_global_11.smt2 : 13604 ms.
--------------------------------------------------
./solvers/smtrat/run.sh: line 3: 47691 Killed                  LD_PRELOAD=libmimalloc.so ./smtrat ../$1 2> /dev/null
QF_NRA/hycomp/ball_count_2d_slope.02.seq_lazy_linear_enc_global_12.smt2 : 1800143 ms.
--------------------------------------------------
unsat
QF_NRA/hycomp/ball_count_2d_slope.02.seq_lazy_linear_enc_global_13.smt2 : 106446 ms.
--------------------------------------------------
./solvers/smtrat/run.sh: line 3: 48109 Killed                  LD_PRELOAD=libmimalloc.so ./smtrat ../$1 2> /dev/null
QF_NRA/hycomp/ball_count_2d_slope.02.seq_lazy_linear_enc_global_14.smt2 : 1800264 ms.
--------------------------------------------------
unsat
QF_NRA/hycomp/ball_count_2d_slope.02.seq_lazy_linear_enc_global_15.smt2 : 173898 ms.
--------------------------------------------------
unsat
QF_NRA/hycomp/ball_count_2d_slope.02.seq_lazy_linear_enc_global_1.smt2 : 77 ms.
--------------------------------------------------
unsat
QF_NRA/hycomp/ball_count_2d_slope.02.seq_lazy_linear_enc_global_2.smt2 : 259 ms.
--------------------------------------------------
unsat
QF_NRA/hycomp/ball_count_2d_slope.02.seq_lazy_linear_enc_global_3.smt2 : 313 ms.
--------------------------------------------------
unsat
QF_NRA/hycomp/ball_count_2d_slope.02.seq_lazy_linear_enc_global_4.smt2 : 4198 ms.
--------------------------------------------------
unsat
QF_NRA/hycomp/ball_count_2d_slope.02.seq_lazy_linear_enc_global_5.smt2 : 882 ms.
--------------------------------------------------
./solvers/smtrat/run.sh: line 3: 48591 Killed                  LD_PRELOAD=libmimalloc.so ./smtrat ../$1 2> /dev/null
QF_NRA/hycomp/ball_count_2d_slope.02.seq_lazy_linear_enc_global_6.smt2 : 1800639 ms.
--------------------------------------------------
unsat
QF_NRA/hycomp/ball_count_2d_slope.02.seq_lazy_linear_enc_global_7.smt2 : 2253 ms.
--------------------------------------------------
./solvers/smtrat/run.sh: line 3: 49087 Killed                  LD_PRELOAD=libmimalloc.so ./smtrat ../$1 2> /dev/null
QF_NRA/hycomp/ball_count_2d_slope.02.seq_lazy_linear_enc_global_8.smt2 : 1800283 ms.
--------------------------------------------------
unsat
QF_NRA/hycomp/ball_count_2d_slope.02.seq_lazy_linear_enc_global_9.smt2 : 5060 ms.
--------------------------------------------------
unsat
QF_NRA/hycomp/ball_count_2d_slope.02.seq_lazy_linear_enc_lemmas_global_0.smt2 : 34 ms.
--------------------------------------------------
unsat
QF_NRA/hycomp/ball_count_2d_slope.02.seq_lazy_linear_enc_lemmas_global_10.smt2 : 3284 ms.
--------------------------------------------------
unsat
QF_NRA/hycomp/ball_count_2d_slope.02.seq_lazy_linear_enc_lemmas_global_11.smt2 : 5358 ms.
--------------------------------------------------
unsat
QF_NRA/hycomp/ball_count_2d_slope.02.seq_lazy_linear_enc_lemmas_global_12.smt2 : 5579 ms.
--------------------------------------------------
unsat
QF_NRA/hycomp/ball_count_2d_slope.02.seq_lazy_linear_enc_lemmas_global_13.smt2 : 10817 ms.
--------------------------------------------------
unsat
QF_NRA/hycomp/ball_count_2d_slope.02.seq_lazy_linear_enc_lemmas_global_14.smt2 : 9065 ms.
--------------------------------------------------
unsat
QF_NRA/hycomp/ball_count_2d_slope.02.seq_lazy_linear_enc_lemmas_global_15.smt2 : 9611 ms.
--------------------------------------------------
unsat
QF_NRA/hycomp/ball_count_2d_slope.02.seq_lazy_linear_enc_lemmas_global_1.smt2 : 111 ms.
--------------------------------------------------
unsat
QF_NRA/hycomp/ball_count_2d_slope.02.seq_lazy_linear_enc_lemmas_global_2.smt2 : 226 ms.
--------------------------------------------------
unsat
QF_NRA/hycomp/ball_count_2d_slope.02.seq_lazy_linear_enc_lemmas_global_3.smt2 : 389 ms.
--------------------------------------------------
unsat
QF_NRA/hycomp/ball_count_2d_slope.02.seq_lazy_linear_enc_lemmas_global_4.smt2 : 612 ms.
--------------------------------------------------
unsat
QF_NRA/hycomp/ball_count_2d_slope.02.seq_lazy_linear_enc_lemmas_global_5.smt2 : 1030 ms.
--------------------------------------------------
unsat
QF_NRA/hycomp/ball_count_2d_slope.02.seq_lazy_linear_enc_lemmas_global_6.smt2 : 1448 ms.
--------------------------------------------------
unsat
QF_NRA/hycomp/ball_count_2d_slope.02.seq_lazy_linear_enc_lemmas_global_7.smt2 : 2487 ms.
--------------------------------------------------
unsat
QF_NRA/hycomp/ball_count_2d_slope.02.seq_lazy_linear_enc_lemmas_global_8.smt2 : 2757 ms.
--------------------------------------------------
unsat
QF_NRA/hycomp/ball_count_2d_slope.02.seq_lazy_linear_enc_lemmas_global_9.smt2 : 2908 ms.
--------------------------------------------------
unsat
QF_NRA/hycomp/ball_count_2d_slope.03.seq_lazy_global_0.smt2 : 40 ms.
--------------------------------------------------
./solvers/smtrat/run.sh: line 3: 49554 Killed                  LD_PRELOAD=libmimalloc.so ./smtrat ../$1 2> /dev/null
QF_NRA/hycomp/ball_count_2d_slope.03.seq_lazy_global_10.smt2 : 1800221 ms.
--------------------------------------------------
unsat
QF_NRA/hycomp/ball_count_2d_slope.03.seq_lazy_global_11.smt2 : 220608 ms.
--------------------------------------------------
./solvers/smtrat/run.sh: line 3: 50119 Killed                  LD_PRELOAD=libmimalloc.so ./smtrat ../$1 2> /dev/null
QF_NRA/hycomp/ball_count_2d_slope.03.seq_lazy_global_12.smt2 : 1800430 ms.
--------------------------------------------------
./solvers/smtrat/run.sh: line 3: 50537 Killed                  LD_PRELOAD=libmimalloc.so ./smtrat ../$1 2> /dev/null
QF_NRA/hycomp/ball_count_2d_slope.03.seq_lazy_global_13.smt2 : 2819075 ms.
--------------------------------------------------
./solvers/smtrat/run.sh: line 3: 51108 Killed                  LD_PRELOAD=libmimalloc.so ./smtrat ../$1 2> /dev/null
QF_NRA/hycomp/ball_count_2d_slope.03.seq_lazy_global_14.smt2 : 1800625 ms.
--------------------------------------------------
./solvers/smtrat/run.sh: line 3: 51487 Killed                  LD_PRELOAD=libmimalloc.so ./smtrat ../$1 2> /dev/null
QF_NRA/hycomp/ball_count_2d_slope.03.seq_lazy_global_15.smt2 : 1800515 ms.
--------------------------------------------------
unsat
QF_NRA/hycomp/ball_count_2d_slope.03.seq_lazy_global_1.smt2 : 296 ms.
--------------------------------------------------
unsat
QF_NRA/hycomp/ball_count_2d_slope.03.seq_lazy_global_2.smt2 : 465 ms.
--------------------------------------------------
unsat
QF_NRA/hycomp/ball_count_2d_slope.03.seq_lazy_global_3.smt2 : 896 ms.
--------------------------------------------------
unsat
QF_NRA/hycomp/ball_count_2d_slope.03.seq_lazy_global_4.smt2 : 1367 ms.
--------------------------------------------------
unsat
QF_NRA/hycomp/ball_count_2d_slope.03.seq_lazy_global_5.smt2 : 49925 ms.
--------------------------------------------------
./solvers/smtrat/run.sh: line 3: 107778 Killed                  LD_PRELOAD=libmimalloc.so ./smtrat ../$1 2> /dev/null
QF_NRA/hycomp/ball_count_2d_slope.03.seq_lazy_global_6.smt2 : 1800112 ms.
--------------------------------------------------
unsat
QF_NRA/hycomp/ball_count_2d_slope.03.seq_lazy_global_7.smt2 : 48678 ms.
--------------------------------------------------
./solvers/smtrat/run.sh: line 3: 113232 Killed                  LD_PRELOAD=libmimalloc.so ./smtrat ../$1 2> /dev/null
QF_NRA/hycomp/ball_count_2d_slope.03.seq_lazy_global_8.smt2 : 1801549 ms.
--------------------------------------------------
unsat
QF_NRA/hycomp/ball_count_2d_slope.03.seq_lazy_global_9.smt2 : 141931 ms.
--------------------------------------------------
unsat
QF_NRA/hycomp/ball_count_2d_slope.03.seq_lazy_lemmas_global_0.smt2 : 54 ms.
--------------------------------------------------
./solvers/smtrat/run.sh: line 3: 114199 Killed                  LD_PRELOAD=libmimalloc.so ./smtrat ../$1 2> /dev/null
QF_NRA/hycomp/ball_count_2d_slope.03.seq_lazy_lemmas_global_10.smt2 : 1800324 ms.
--------------------------------------------------
unsat
QF_NRA/hycomp/ball_count_2d_slope.03.seq_lazy_lemmas_global_11.smt2 : 379368 ms.
--------------------------------------------------
./solvers/smtrat/run.sh: line 3: 115215 Killed                  LD_PRELOAD=libmimalloc.so ./smtrat ../$1 2> /dev/null
QF_NRA/hycomp/ball_count_2d_slope.03.seq_lazy_lemmas_global_12.smt2 : 1800535 ms.
--------------------------------------------------
./solvers/smtrat/run.sh: line 3: 115658 Killed                  LD_PRELOAD=libmimalloc.so ./smtrat ../$1 2> /dev/null
QF_NRA/hycomp/ball_count_2d_slope.03.seq_lazy_lemmas_global_13.smt2 : 1800591 ms.
--------------------------------------------------
./solvers/smtrat/run.sh: line 3: 116023 Killed                  LD_PRELOAD=libmimalloc.so ./smtrat ../$1 2> /dev/null
QF_NRA/hycomp/ball_count_2d_slope.03.seq_lazy_lemmas_global_14.smt2 : 1800632 ms.
--------------------------------------------------
./solvers/smtrat/run.sh: line 3: 116537 Killed                  LD_PRELOAD=libmimalloc.so ./smtrat ../$1 2> /dev/null
QF_NRA/hycomp/ball_count_2d_slope.03.seq_lazy_lemmas_global_15.smt2 : 1800742 ms.
--------------------------------------------------
unsat
QF_NRA/hycomp/ball_count_2d_slope.03.seq_lazy_lemmas_global_1.smt2 : 285 ms.
--------------------------------------------------
unsat
QF_NRA/hycomp/ball_count_2d_slope.03.seq_lazy_lemmas_global_2.smt2 : 775 ms.
--------------------------------------------------
unsat
QF_NRA/hycomp/ball_count_2d_slope.03.seq_lazy_lemmas_global_3.smt2 : 1880 ms.
--------------------------------------------------
unsat
QF_NRA/hycomp/ball_count_2d_slope.03.seq_lazy_lemmas_global_4.smt2 : 4342 ms.
--------------------------------------------------
unsat
QF_NRA/hycomp/ball_count_2d_slope.03.seq_lazy_lemmas_global_5.smt2 : 4043 ms.
--------------------------------------------------
./solvers/smtrat/run.sh: line 3: 117295 Killed                  LD_PRELOAD=libmimalloc.so ./smtrat ../$1 2> /dev/null
QF_NRA/hycomp/ball_count_2d_slope.03.seq_lazy_lemmas_global_6.smt2 : 1800112 ms.
--------------------------------------------------
unsat
QF_NRA/hycomp/ball_count_2d_slope.03.seq_lazy_lemmas_global_7.smt2 : 14994 ms.
--------------------------------------------------
./solvers/smtrat/run.sh: line 3: 117895 Killed                  LD_PRELOAD=libmimalloc.so ./smtrat ../$1 2> /dev/null
QF_NRA/hycomp/ball_count_2d_slope.03.seq_lazy_lemmas_global_8.smt2 : 1800172 ms.
--------------------------------------------------
./solvers/smtrat/run.sh: line 3: 118285 Killed                  LD_PRELOAD=libmimalloc.so ./smtrat ../$1 2> /dev/null
QF_NRA/hycomp/ball_count_2d_slope.03.seq_lazy_lemmas_global_9.smt2 : 1800358 ms.
--------------------------------------------------
unsat
QF_NRA/hycomp/ball_count_2d_slope.03.seq_lazy_linear_enc_global_0.smt2 : 28 ms.
--------------------------------------------------
./solvers/smtrat/run.sh: line 3: 118769 Killed                  LD_PRELOAD=libmimalloc.so ./smtrat ../$1 2> /dev/null
QF_NRA/hycomp/ball_count_2d_slope.03.seq_lazy_linear_enc_global_10.smt2 : 1800184 ms.
--------------------------------------------------
unsat
QF_NRA/hycomp/ball_count_2d_slope.03.seq_lazy_linear_enc_global_11.smt2 : 1029453 ms.
--------------------------------------------------
./solvers/smtrat/run.sh: line 3: 120095 Killed                  LD_PRELOAD=libmimalloc.so ./smtrat ../$1 2> /dev/null
QF_NRA/hycomp/ball_count_2d_slope.03.seq_lazy_linear_enc_global_12.smt2 : 1800393 ms.
--------------------------------------------------
./solvers/smtrat/run.sh: line 3: 150540 Killed                  LD_PRELOAD=libmimalloc.so ./smtrat ../$1 2> /dev/null
QF_NRA/hycomp/ball_count_2d_slope.03.seq_lazy_linear_enc_global_13.smt2 : 1800765 ms.
--------------------------------------------------
./solvers/smtrat/run.sh: line 3: 152486 Killed                  LD_PRELOAD=libmimalloc.so ./smtrat ../$1 2> /dev/null
QF_NRA/hycomp/ball_count_2d_slope.03.seq_lazy_linear_enc_global_14.smt2 : 1800304 ms.
--------------------------------------------------
./solvers/smtrat/run.sh: line 3: 153135 Killed                  LD_PRELOAD=libmimalloc.so ./smtrat ../$1 2> /dev/null
QF_NRA/hycomp/ball_count_2d_slope.03.seq_lazy_linear_enc_global_15.smt2 : 1800352 ms.
--------------------------------------------------
unsat
QF_NRA/hycomp/ball_count_2d_slope.03.seq_lazy_linear_enc_global_1.smt2 : 116 ms.
--------------------------------------------------
unsat
QF_NRA/hycomp/ball_count_2d_slope.03.seq_lazy_linear_enc_global_2.smt2 : 345 ms.
--------------------------------------------------
unsat
QF_NRA/hycomp/ball_count_2d_slope.03.seq_lazy_linear_enc_global_3.smt2 : 731 ms.
--------------------------------------------------
unsat
QF_NRA/hycomp/ball_count_2d_slope.03.seq_lazy_linear_enc_global_4.smt2 : 1765 ms.
--------------------------------------------------
unsat
QF_NRA/hycomp/ball_count_2d_slope.03.seq_lazy_linear_enc_global_5.smt2 : 153496 ms.
--------------------------------------------------
./solvers/smtrat/run.sh: line 3: 153563 Killed                  LD_PRELOAD=libmimalloc.so ./smtrat ../$1 2> /dev/null
QF_NRA/hycomp/ball_count_2d_slope.03.seq_lazy_linear_enc_global_6.smt2 : 1800242 ms.
--------------------------------------------------
./solvers/smtrat/run.sh: line 3: 153886 Killed                  LD_PRELOAD=libmimalloc.so ./smtrat ../$1 2> /dev/null
QF_NRA/hycomp/ball_count_2d_slope.03.seq_lazy_linear_enc_global_7.smt2 : 1806054 ms.
--------------------------------------------------
./solvers/smtrat/run.sh: line 3: 154311 Killed                  LD_PRELOAD=libmimalloc.so ./smtrat ../$1 2> /dev/null
QF_NRA/hycomp/ball_count_2d_slope.03.seq_lazy_linear_enc_global_8.smt2 : 1800344 ms.
--------------------------------------------------
unsat
QF_NRA/hycomp/ball_count_2d_slope.03.seq_lazy_linear_enc_global_9.smt2 : 545889 ms.
--------------------------------------------------
unsat
QF_NRA/hycomp/ball_count_2d_slope.03.seq_lazy_linear_enc_lemmas_global_0.smt2 : 45 ms.
--------------------------------------------------
unsat
QF_NRA/hycomp/ball_count_2d_slope.03.seq_lazy_linear_enc_lemmas_global_10.smt2 : 7373 ms.
--------------------------------------------------
unsat
QF_NRA/hycomp/ball_count_2d_slope.03.seq_lazy_linear_enc_lemmas_global_11.smt2 : 9135 ms.
--------------------------------------------------
unsat
QF_NRA/hycomp/ball_count_2d_slope.03.seq_lazy_linear_enc_lemmas_global_12.smt2 : 12879 ms.
--------------------------------------------------
unsat
QF_NRA/hycomp/ball_count_2d_slope.03.seq_lazy_linear_enc_lemmas_global_13.smt2 : 14927 ms.
--------------------------------------------------
unsat
QF_NRA/hycomp/ball_count_2d_slope.03.seq_lazy_linear_enc_lemmas_global_14.smt2 : 17388 ms.
--------------------------------------------------
unsat
QF_NRA/hycomp/ball_count_2d_slope.03.seq_lazy_linear_enc_lemmas_global_15.smt2 : 20780 ms.
--------------------------------------------------
unsat
QF_NRA/hycomp/ball_count_2d_slope.03.seq_lazy_linear_enc_lemmas_global_1.smt2 : 198 ms.
--------------------------------------------------
unsat
QF_NRA/hycomp/ball_count_2d_slope.03.seq_lazy_linear_enc_lemmas_global_2.smt2 : 416 ms.
--------------------------------------------------
unsat
QF_NRA/hycomp/ball_count_2d_slope.03.seq_lazy_linear_enc_lemmas_global_3.smt2 : 844 ms.
--------------------------------------------------
unsat
QF_NRA/hycomp/ball_count_2d_slope.03.seq_lazy_linear_enc_lemmas_global_4.smt2 : 1160 ms.
--------------------------------------------------
unsat
QF_NRA/hycomp/ball_count_2d_slope.03.seq_lazy_linear_enc_lemmas_global_5.smt2 : 1675 ms.
--------------------------------------------------
unsat
QF_NRA/hycomp/ball_count_2d_slope.03.seq_lazy_linear_enc_lemmas_global_6.smt2 : 2474 ms.
--------------------------------------------------
unsat
QF_NRA/hycomp/ball_count_2d_slope.03.seq_lazy_linear_enc_lemmas_global_7.smt2 : 3197 ms.
--------------------------------------------------
unsat
QF_NRA/hycomp/ball_count_2d_slope.03.seq_lazy_linear_enc_lemmas_global_8.smt2 : 4599 ms.
--------------------------------------------------
unsat
QF_NRA/hycomp/ball_count_2d_slope.03.seq_lazy_linear_enc_lemmas_global_9.smt2 : 5863 ms.
