--------------------------------------------------
unknown

QF_S/20230329-automatark-lu/instance09365.smt2 : 1303871 ms.
--------------------------------------------------
sat
QF_S/20230329-automatark-lu/instance09366.smt2 : 58 ms.
--------------------------------------------------
unsat
QF_S/20230329-automatark-lu/instance09367.smt2 : 45 ms.
--------------------------------------------------
sat
QF_S/20230329-automatark-lu/instance09368.smt2 : 33 ms.
--------------------------------------------------
unsat
QF_S/20230329-automatark-lu/instance09369.smt2 : 50 ms.
--------------------------------------------------
sat
QF_S/20230329-automatark-lu/instance09370.smt2 : 72 ms.
--------------------------------------------------
sat
QF_S/20230329-automatark-lu/instance09371.smt2 : 40 ms.
--------------------------------------------------
unsat
QF_S/20230329-automatark-lu/instance09372.smt2 : 38 ms.
--------------------------------------------------
unsat
QF_S/20230329-automatark-lu/instance09373.smt2 : 48 ms.
--------------------------------------------------
sat
QF_S/20230329-automatark-lu/instance09374.smt2 : 58 ms.
--------------------------------------------------
unsat
QF_S/20230329-automatark-lu/instance09375.smt2 : 42 ms.
--------------------------------------------------
unsat
QF_S/20230329-automatark-lu/instance09376.smt2 : 73 ms.
--------------------------------------------------
sat
QF_S/20230329-automatark-lu/instance09377.smt2 : 347 ms.
--------------------------------------------------
sat
QF_S/20230329-automatark-lu/instance09378.smt2 : 64 ms.
--------------------------------------------------
unsat
QF_S/20230329-automatark-lu/instance09379.smt2 : 33 ms.
--------------------------------------------------
sat
QF_S/20230329-automatark-lu/instance09380.smt2 : 1219 ms.
--------------------------------------------------
sat
QF_S/20230329-automatark-lu/instance09381.smt2 : 36 ms.
--------------------------------------------------
unsat
QF_S/20230329-automatark-lu/instance09382.smt2 : 456 ms.
--------------------------------------------------
unsat
QF_S/20230329-automatark-lu/instance09383.smt2 : 26 ms.
--------------------------------------------------
unsat
QF_S/20230329-automatark-lu/instance09384.smt2 : 62 ms.
--------------------------------------------------
sat
QF_S/20230329-automatark-lu/instance09385.smt2 : 108 ms.
--------------------------------------------------
sat
QF_S/20230329-automatark-lu/instance09386.smt2 : 25 ms.
--------------------------------------------------
sat
QF_S/20230329-automatark-lu/instance09387.smt2 : 57 ms.
--------------------------------------------------
unsat
QF_S/20230329-automatark-lu/instance09388.smt2 : 36 ms.
--------------------------------------------------
unsat
QF_S/20230329-automatark-lu/instance09389.smt2 : 76 ms.
--------------------------------------------------
unsat
QF_S/20230329-automatark-lu/instance09390.smt2 : 33 ms.
--------------------------------------------------
unsat
QF_S/20230329-automatark-lu/instance09391.smt2 : 26 ms.
--------------------------------------------------
unsat
QF_S/20230329-automatark-lu/instance09392.smt2 : 36 ms.
--------------------------------------------------
unsat
QF_S/20230329-automatark-lu/instance09393.smt2 : 50 ms.
--------------------------------------------------
unsat
QF_S/20230329-automatark-lu/instance09394.smt2 : 43 ms.
--------------------------------------------------
sat
QF_S/20230329-automatark-lu/instance09395.smt2 : 67 ms.
--------------------------------------------------
unsat
QF_S/20230329-automatark-lu/instance09396.smt2 : 34 ms.
--------------------------------------------------
unsat
QF_S/20230329-automatark-lu/instance09397.smt2 : 42 ms.
--------------------------------------------------
unsat
QF_S/20230329-automatark-lu/instance09398.smt2 : 22 ms.
--------------------------------------------------
unsat
QF_S/20230329-automatark-lu/instance09399.smt2 : 49 ms.
--------------------------------------------------
sat
QF_S/20230329-automatark-lu/instance09400.smt2 : 77 ms.
--------------------------------------------------
sat
QF_S/20230329-automatark-lu/instance09401.smt2 : 29 ms.
--------------------------------------------------
unsat
QF_S/20230329-automatark-lu/instance09402.smt2 : 1018 ms.
--------------------------------------------------
unsat
QF_S/20230329-automatark-lu/instance09403.smt2 : 40 ms.
--------------------------------------------------
sat
QF_S/20230329-automatark-lu/instance09404.smt2 : 33 ms.
--------------------------------------------------
unsat
QF_S/20230329-automatark-lu/instance09405.smt2 : 36 ms.
--------------------------------------------------
unsat
QF_S/20230329-automatark-lu/instance09406.smt2 : 25 ms.
--------------------------------------------------
unsat
QF_S/20230329-automatark-lu/instance09407.smt2 : 58 ms.
--------------------------------------------------
unsat
QF_S/20230329-automatark-lu/instance09408.smt2 : 1286 ms.
--------------------------------------------------
sat
QF_S/20230329-automatark-lu/instance09409.smt2 : 61 ms.
--------------------------------------------------
unsat
QF_S/20230329-automatark-lu/instance09410.smt2 : 28 ms.
--------------------------------------------------
sat
QF_S/20230329-automatark-lu/instance09411.smt2 : 38 ms.
--------------------------------------------------
sat
QF_S/20230329-automatark-lu/instance09412.smt2 : 40 ms.
--------------------------------------------------
unsat
QF_S/20230329-automatark-lu/instance09413.smt2 : 62 ms.
--------------------------------------------------
unsat
QF_S/20230329-automatark-lu/instance09414.smt2 : 36 ms.
--------------------------------------------------
unsat
QF_S/20230329-automatark-lu/instance09415.smt2 : 38 ms.
--------------------------------------------------
sat
QF_S/20230329-automatark-lu/instance09416.smt2 : 92868 ms.
--------------------------------------------------
unknown
sat
QF_S/20230329-automatark-lu/instance09417.smt2 : 303511 ms.
--------------------------------------------------
unsat
QF_S/20230329-automatark-lu/instance09418.smt2 : 41 ms.
--------------------------------------------------
unsat
QF_S/20230329-automatark-lu/instance09419.smt2 : 34 ms.
--------------------------------------------------
sat
QF_S/20230329-automatark-lu/instance09420.smt2 : 54 ms.
--------------------------------------------------
unsat
QF_S/20230329-automatark-lu/instance09421.smt2 : 29 ms.
--------------------------------------------------
unsat
QF_S/20230329-automatark-lu/instance09422.smt2 : 36 ms.
--------------------------------------------------
sat
QF_S/20230329-automatark-lu/instance09423.smt2 : 27 ms.
--------------------------------------------------
sat
QF_S/20230329-automatark-lu/instance09424.smt2 : 224 ms.
--------------------------------------------------
unsat
QF_S/20230329-automatark-lu/instance09425.smt2 : 26 ms.
--------------------------------------------------
unsat
QF_S/20230329-automatark-lu/instance09426.smt2 : 25 ms.
--------------------------------------------------
unsat
QF_S/20230329-automatark-lu/instance09427.smt2 : 47 ms.
--------------------------------------------------
unsat
QF_S/20230329-automatark-lu/instance09428.smt2 : 25 ms.
--------------------------------------------------
sat
QF_S/20230329-automatark-lu/instance09429.smt2 : 32 ms.
--------------------------------------------------
sat
QF_S/20230329-automatark-lu/instance09430.smt2 : 31 ms.
--------------------------------------------------
unsat
QF_S/20230329-automatark-lu/instance09431.smt2 : 27 ms.
--------------------------------------------------
unsat
QF_S/20230329-automatark-lu/instance09432.smt2 : 49 ms.
--------------------------------------------------
unsat
QF_S/20230329-automatark-lu/instance09433.smt2 : 57 ms.
--------------------------------------------------
sat
QF_S/20230329-automatark-lu/instance09434.smt2 : 39 ms.
--------------------------------------------------
sat
QF_S/20230329-automatark-lu/instance09435.smt2 : 83 ms.
--------------------------------------------------
sat
QF_S/20230329-automatark-lu/instance09436.smt2 : 31 ms.
--------------------------------------------------
unsat
QF_S/20230329-automatark-lu/instance09437.smt2 : 32 ms.
--------------------------------------------------
sat
QF_S/20230329-automatark-lu/instance09438.smt2 : 53 ms.
--------------------------------------------------
sat
QF_S/20230329-automatark-lu/instance09439.smt2 : 31 ms.
--------------------------------------------------
sat
QF_S/20230329-automatark-lu/instance09440.smt2 : 36 ms.
--------------------------------------------------
unsat
QF_S/20230329-automatark-lu/instance09441.smt2 : 76 ms.
--------------------------------------------------
unsat
QF_S/20230329-automatark-lu/instance09442.smt2 : 36 ms.
--------------------------------------------------
sat
QF_S/20230329-automatark-lu/instance09443.smt2 : 36 ms.
--------------------------------------------------
unsat
QF_S/20230329-automatark-lu/instance09444.smt2 : 86 ms.
--------------------------------------------------
sat
QF_S/20230329-automatark-lu/instance09445.smt2 : 50 ms.
--------------------------------------------------
unsat
QF_S/20230329-automatark-lu/instance09446.smt2 : 58 ms.
--------------------------------------------------
unsat
QF_S/20230329-automatark-lu/instance09447.smt2 : 33 ms.
--------------------------------------------------
unsat
QF_S/20230329-automatark-lu/instance09448.smt2 : 30 ms.
--------------------------------------------------
unsat
QF_S/20230329-automatark-lu/instance09449.smt2 : 32 ms.
--------------------------------------------------
unsat
QF_S/20230329-automatark-lu/instance09450.smt2 : 606 ms.
--------------------------------------------------
unsat
QF_S/20230329-automatark-lu/instance09451.smt2 : 38 ms.
--------------------------------------------------
sat
QF_S/20230329-automatark-lu/instance09452.smt2 : 47 ms.
--------------------------------------------------
sat
QF_S/20230329-automatark-lu/instance09453.smt2 : 26 ms.
--------------------------------------------------
unsat
QF_S/20230329-automatark-lu/instance09454.smt2 : 34 ms.
--------------------------------------------------
unsat
QF_S/20230329-automatark-lu/instance09455.smt2 : 37 ms.
--------------------------------------------------
sat
QF_S/20230329-automatark-lu/instance09456.smt2 : 51 ms.
--------------------------------------------------
sat
QF_S/20230329-automatark-lu/instance09457.smt2 : 96 ms.
--------------------------------------------------
unsat
QF_S/20230329-automatark-lu/instance09458.smt2 : 79 ms.
--------------------------------------------------
unsat
QF_S/20230329-automatark-lu/instance09459.smt2 : 32 ms.
--------------------------------------------------
sat
QF_S/20230329-automatark-lu/instance09460.smt2 : 46 ms.
--------------------------------------------------
unsat
QF_S/20230329-automatark-lu/instance09461.smt2 : 40 ms.
--------------------------------------------------
unsat
QF_S/20230329-automatark-lu/instance09462.smt2 : 31 ms.
--------------------------------------------------
unsat
QF_S/20230329-automatark-lu/instance09463.smt2 : 34 ms.
--------------------------------------------------
unsat
QF_S/20230329-automatark-lu/instance09464.smt2 : 25 ms.
--------------------------------------------------
sat
QF_S/20230329-automatark-lu/instance09465.smt2 : 69 ms.
--------------------------------------------------
unsat
QF_S/20230329-automatark-lu/instance09466.smt2 : 25 ms.
--------------------------------------------------
unsat
QF_S/20230329-automatark-lu/instance09467.smt2 : 29 ms.
--------------------------------------------------
sat
QF_S/20230329-automatark-lu/instance09468.smt2 : 46 ms.
--------------------------------------------------
sat
QF_S/20230329-automatark-lu/instance09469.smt2 : 273 ms.
--------------------------------------------------
unsat
QF_S/20230329-automatark-lu/instance09470.smt2 : 65 ms.
--------------------------------------------------
sat
QF_S/20230329-automatark-lu/instance09471.smt2 : 43 ms.
--------------------------------------------------
unsat
QF_S/20230329-automatark-lu/instance09472.smt2 : 25 ms.
--------------------------------------------------
sat
QF_S/20230329-automatark-lu/instance09473.smt2 : 39 ms.
--------------------------------------------------
sat
QF_S/20230329-automatark-lu/instance09474.smt2 : 42 ms.
--------------------------------------------------
unsat
QF_S/20230329-automatark-lu/instance09475.smt2 : 38 ms.
--------------------------------------------------
unsat
QF_S/20230329-automatark-lu/instance09476.smt2 : 27 ms.
--------------------------------------------------
sat
QF_S/20230329-automatark-lu/instance09477.smt2 : 53 ms.
--------------------------------------------------
unsat
QF_S/20230329-automatark-lu/instance09478.smt2 : 41 ms.
--------------------------------------------------
unsat
QF_S/20230329-automatark-lu/instance09479.smt2 : 34 ms.
--------------------------------------------------
unsat
QF_S/20230329-automatark-lu/instance09480.smt2 : 25 ms.
--------------------------------------------------
sat
QF_S/20230329-automatark-lu/instance09481.smt2 : 33 ms.
--------------------------------------------------
unsat
QF_S/20230329-automatark-lu/instance09482.smt2 : 31 ms.
--------------------------------------------------
unsat
QF_S/20230329-automatark-lu/instance09483.smt2 : 26 ms.
--------------------------------------------------
unsat
QF_S/20230329-automatark-lu/instance09484.smt2 : 26 ms.
--------------------------------------------------
unsat
QF_S/20230329-automatark-lu/instance09485.smt2 : 48 ms.
--------------------------------------------------
unsat
QF_S/20230329-automatark-lu/instance09486.smt2 : 34 ms.
--------------------------------------------------
sat
QF_S/20230329-automatark-lu/instance09487.smt2 : 32 ms.
--------------------------------------------------
unsat
QF_S/20230329-automatark-lu/instance09488.smt2 : 105 ms.
--------------------------------------------------
sat
QF_S/20230329-automatark-lu/instance09489.smt2 : 46 ms.
--------------------------------------------------
unknown

QF_S/20230329-automatark-lu/instance09490.smt2 : 1300418 ms.
--------------------------------------------------
unsat
QF_S/20230329-automatark-lu/instance09491.smt2 : 41 ms.
