--------------------------------------------------
unsat
QF_S/20230329-automatark-lu/instance06825.smt2 : 58 ms.
--------------------------------------------------
unsat
QF_S/20230329-automatark-lu/instance06826.smt2 : 33 ms.
--------------------------------------------------
unsat
QF_S/20230329-automatark-lu/instance06827.smt2 : 22 ms.
--------------------------------------------------
sat
QF_S/20230329-automatark-lu/instance06828.smt2 : 4286 ms.
--------------------------------------------------
sat
QF_S/20230329-automatark-lu/instance06829.smt2 : 24 ms.
--------------------------------------------------
sat
QF_S/20230329-automatark-lu/instance06830.smt2 : 25 ms.
--------------------------------------------------
unsat
QF_S/20230329-automatark-lu/instance06831.smt2 : 40 ms.
--------------------------------------------------
sat
QF_S/20230329-automatark-lu/instance06832.smt2 : 41 ms.
--------------------------------------------------
unsat
QF_S/20230329-automatark-lu/instance06833.smt2 : 31 ms.
--------------------------------------------------
unsat
QF_S/20230329-automatark-lu/instance06834.smt2 : 20 ms.
--------------------------------------------------
unsat
QF_S/20230329-automatark-lu/instance06835.smt2 : 20 ms.
--------------------------------------------------
unsat
QF_S/20230329-automatark-lu/instance06836.smt2 : 67 ms.
--------------------------------------------------
sat
QF_S/20230329-automatark-lu/instance06837.smt2 : 21 ms.
--------------------------------------------------
sat
QF_S/20230329-automatark-lu/instance06838.smt2 : 75 ms.
--------------------------------------------------
sat
QF_S/20230329-automatark-lu/instance06839.smt2 : 19 ms.
--------------------------------------------------
unsat
QF_S/20230329-automatark-lu/instance06840.smt2 : 29 ms.
--------------------------------------------------
unsat
QF_S/20230329-automatark-lu/instance06841.smt2 : 125 ms.
--------------------------------------------------
unsat
QF_S/20230329-automatark-lu/instance06842.smt2 : 19 ms.
--------------------------------------------------
unsat
QF_S/20230329-automatark-lu/instance06843.smt2 : 23 ms.
--------------------------------------------------
unsat
QF_S/20230329-automatark-lu/instance06844.smt2 : 58 ms.
--------------------------------------------------
unsat
QF_S/20230329-automatark-lu/instance06845.smt2 : 38 ms.
--------------------------------------------------
sat
QF_S/20230329-automatark-lu/instance06846.smt2 : 29 ms.
--------------------------------------------------
sat
QF_S/20230329-automatark-lu/instance06847.smt2 : 24 ms.
--------------------------------------------------
sat
QF_S/20230329-automatark-lu/instance06848.smt2 : 221 ms.
--------------------------------------------------
unsat
QF_S/20230329-automatark-lu/instance06849.smt2 : 20 ms.
--------------------------------------------------
unsat
QF_S/20230329-automatark-lu/instance06850.smt2 : 37 ms.
--------------------------------------------------
sat
QF_S/20230329-automatark-lu/instance06851.smt2 : 286 ms.
--------------------------------------------------
sat
QF_S/20230329-automatark-lu/instance06852.smt2 : 26 ms.
--------------------------------------------------
sat
QF_S/20230329-automatark-lu/instance06853.smt2 : 93 ms.
--------------------------------------------------
unsat
QF_S/20230329-automatark-lu/instance06854.smt2 : 22 ms.
--------------------------------------------------
sat
QF_S/20230329-automatark-lu/instance06855.smt2 : 36 ms.
--------------------------------------------------
sat
QF_S/20230329-automatark-lu/instance06856.smt2 : 87 ms.
--------------------------------------------------
sat
QF_S/20230329-automatark-lu/instance06857.smt2 : 35 ms.
--------------------------------------------------
unsat
QF_S/20230329-automatark-lu/instance06858.smt2 : 32 ms.
--------------------------------------------------
unsat
QF_S/20230329-automatark-lu/instance06859.smt2 : 26 ms.
--------------------------------------------------
sat
QF_S/20230329-automatark-lu/instance06860.smt2 : 777 ms.
--------------------------------------------------
sat
QF_S/20230329-automatark-lu/instance06861.smt2 : 20 ms.
--------------------------------------------------
unsat
QF_S/20230329-automatark-lu/instance06862.smt2 : 27 ms.
--------------------------------------------------
unsat
QF_S/20230329-automatark-lu/instance06863.smt2 : 51 ms.
--------------------------------------------------
sat
QF_S/20230329-automatark-lu/instance06864.smt2 : 164 ms.
--------------------------------------------------
unsat
QF_S/20230329-automatark-lu/instance06865.smt2 : 34 ms.
--------------------------------------------------
sat
QF_S/20230329-automatark-lu/instance06866.smt2 : 41 ms.
--------------------------------------------------
unsat
QF_S/20230329-automatark-lu/instance06867.smt2 : 25 ms.
--------------------------------------------------
sat
QF_S/20230329-automatark-lu/instance06868.smt2 : 34 ms.
--------------------------------------------------
unsat
QF_S/20230329-automatark-lu/instance06869.smt2 : 17 ms.
--------------------------------------------------
unsat
QF_S/20230329-automatark-lu/instance06870.smt2 : 29 ms.
--------------------------------------------------
sat
QF_S/20230329-automatark-lu/instance06871.smt2 : 33 ms.
--------------------------------------------------
sat
QF_S/20230329-automatark-lu/instance06872.smt2 : 45 ms.
--------------------------------------------------
sat
QF_S/20230329-automatark-lu/instance06873.smt2 : 50 ms.
--------------------------------------------------
sat
QF_S/20230329-automatark-lu/instance06874.smt2 : 53 ms.
--------------------------------------------------
unsat
QF_S/20230329-automatark-lu/instance06875.smt2 : 34 ms.
--------------------------------------------------
sat
QF_S/20230329-automatark-lu/instance06876.smt2 : 32 ms.
--------------------------------------------------
sat
QF_S/20230329-automatark-lu/instance06877.smt2 : 40 ms.
--------------------------------------------------
sat
QF_S/20230329-automatark-lu/instance06878.smt2 : 80 ms.
--------------------------------------------------
sat
QF_S/20230329-automatark-lu/instance06879.smt2 : 135 ms.
--------------------------------------------------
sat
QF_S/20230329-automatark-lu/instance06880.smt2 : 231 ms.
--------------------------------------------------
unsat
QF_S/20230329-automatark-lu/instance06881.smt2 : 26 ms.
--------------------------------------------------
sat
QF_S/20230329-automatark-lu/instance06882.smt2 : 80 ms.
--------------------------------------------------
unsat
QF_S/20230329-automatark-lu/instance06883.smt2 : 31 ms.
--------------------------------------------------
unsat
QF_S/20230329-automatark-lu/instance06884.smt2 : 42 ms.
--------------------------------------------------
sat
QF_S/20230329-automatark-lu/instance06885.smt2 : 41 ms.
--------------------------------------------------
unknown
