--------------------------------------------------
unsat
QF_NRA/hycomp/ball_count_2d_hill_simple.10.seq_lazy_linear_enc_global_0.smt2 : 25 ms.
--------------------------------------------------
unsat
QF_NRA/hycomp/ball_count_2d_hill_simple.10.seq_lazy_linear_enc_global_10.smt2 : 55 ms.
--------------------------------------------------
unsat
QF_NRA/hycomp/ball_count_2d_hill_simple.10.seq_lazy_linear_enc_global_11.smt2 : 38 ms.
--------------------------------------------------
unsat
QF_NRA/hycomp/ball_count_2d_hill_simple.10.seq_lazy_linear_enc_global_12.smt2 : 64 ms.
--------------------------------------------------
unsat
QF_NRA/hycomp/ball_count_2d_hill_simple.10.seq_lazy_linear_enc_global_13.smt2 : 42 ms.
--------------------------------------------------
unsat
QF_NRA/hycomp/ball_count_2d_hill_simple.10.seq_lazy_linear_enc_global_14.smt2 : 90 ms.
--------------------------------------------------
unsat
QF_NRA/hycomp/ball_count_2d_hill_simple.10.seq_lazy_linear_enc_global_15.smt2 : 53 ms.
--------------------------------------------------
unsat
QF_NRA/hycomp/ball_count_2d_hill_simple.10.seq_lazy_linear_enc_global_1.smt2 : 26 ms.
--------------------------------------------------
unsat
QF_NRA/hycomp/ball_count_2d_hill_simple.10.seq_lazy_linear_enc_global_2.smt2 : 29 ms.
--------------------------------------------------
unsat
QF_NRA/hycomp/ball_count_2d_hill_simple.10.seq_lazy_linear_enc_global_3.smt2 : 29 ms.
--------------------------------------------------
unsat
QF_NRA/hycomp/ball_count_2d_hill_simple.10.seq_lazy_linear_enc_global_4.smt2 : 37 ms.
--------------------------------------------------
unsat
QF_NRA/hycomp/ball_count_2d_hill_simple.10.seq_lazy_linear_enc_global_5.smt2 : 30 ms.
--------------------------------------------------
unsat
QF_NRA/hycomp/ball_count_2d_hill_simple.10.seq_lazy_linear_enc_global_6.smt2 : 48 ms.
--------------------------------------------------
unsat
QF_NRA/hycomp/ball_count_2d_hill_simple.10.seq_lazy_linear_enc_global_7.smt2 : 37 ms.
--------------------------------------------------
unsat
QF_NRA/hycomp/ball_count_2d_hill_simple.10.seq_lazy_linear_enc_global_8.smt2 : 59 ms.
--------------------------------------------------
unsat
QF_NRA/hycomp/ball_count_2d_hill_simple.10.seq_lazy_linear_enc_global_9.smt2 : 42 ms.
--------------------------------------------------
unsat
QF_NRA/hycomp/ball_count_2d_hill_simple.10.seq_lazy_linear_enc_lemmas_global_0.smt2 : 28 ms.
--------------------------------------------------
unsat
QF_NRA/hycomp/ball_count_2d_hill_simple.10.seq_lazy_linear_enc_lemmas_global_10.smt2 : 67 ms.
--------------------------------------------------
unsat
QF_NRA/hycomp/ball_count_2d_hill_simple.10.seq_lazy_linear_enc_lemmas_global_11.smt2 : 40 ms.
--------------------------------------------------
unsat
QF_NRA/hycomp/ball_count_2d_hill_simple.10.seq_lazy_linear_enc_lemmas_global_12.smt2 : 81 ms.
--------------------------------------------------
unsat
QF_NRA/hycomp/ball_count_2d_hill_simple.10.seq_lazy_linear_enc_lemmas_global_13.smt2 : 46 ms.
--------------------------------------------------
unsat
QF_NRA/hycomp/ball_count_2d_hill_simple.10.seq_lazy_linear_enc_lemmas_global_14.smt2 : 89 ms.
--------------------------------------------------
unsat
QF_NRA/hycomp/ball_count_2d_hill_simple.10.seq_lazy_linear_enc_lemmas_global_15.smt2 : 46 ms.
--------------------------------------------------
unsat
QF_NRA/hycomp/ball_count_2d_hill_simple.10.seq_lazy_linear_enc_lemmas_global_1.smt2 : 28 ms.
--------------------------------------------------
unsat
QF_NRA/hycomp/ball_count_2d_hill_simple.10.seq_lazy_linear_enc_lemmas_global_2.smt2 : 33 ms.
--------------------------------------------------
unsat
QF_NRA/hycomp/ball_count_2d_hill_simple.10.seq_lazy_linear_enc_lemmas_global_3.smt2 : 35 ms.
--------------------------------------------------
unsat
QF_NRA/hycomp/ball_count_2d_hill_simple.10.seq_lazy_linear_enc_lemmas_global_4.smt2 : 44 ms.
--------------------------------------------------
unsat
QF_NRA/hycomp/ball_count_2d_hill_simple.10.seq_lazy_linear_enc_lemmas_global_5.smt2 : 32 ms.
--------------------------------------------------
unsat
QF_NRA/hycomp/ball_count_2d_hill_simple.10.seq_lazy_linear_enc_lemmas_global_6.smt2 : 53 ms.
--------------------------------------------------
unsat
QF_NRA/hycomp/ball_count_2d_hill_simple.10.seq_lazy_linear_enc_lemmas_global_7.smt2 : 36 ms.
--------------------------------------------------
unsat
QF_NRA/hycomp/ball_count_2d_hill_simple.10.seq_lazy_linear_enc_lemmas_global_8.smt2 : 60 ms.
--------------------------------------------------
unsat
QF_NRA/hycomp/ball_count_2d_hill_simple.10.seq_lazy_linear_enc_lemmas_global_9.smt2 : 38 ms.
--------------------------------------------------
unsat
QF_NRA/hycomp/ball_count_2d_plain.01.qfree_global_0.smt2 : 25 ms.
--------------------------------------------------
sat
QF_NRA/hycomp/ball_count_2d_plain.01.qfree_global_10.smt2 : 110 ms.
--------------------------------------------------
unsat
QF_NRA/hycomp/ball_count_2d_plain.01.qfree_global_11.smt2 : 45 ms.
--------------------------------------------------
sat
QF_NRA/hycomp/ball_count_2d_plain.01.qfree_global_12.smt2 : 147 ms.
--------------------------------------------------
unsat
QF_NRA/hycomp/ball_count_2d_plain.01.qfree_global_13.smt2 : 45 ms.
--------------------------------------------------
sat
QF_NRA/hycomp/ball_count_2d_plain.01.qfree_global_14.smt2 : 193 ms.
--------------------------------------------------
unsat
QF_NRA/hycomp/ball_count_2d_plain.01.qfree_global_15.smt2 : 48 ms.
--------------------------------------------------
unsat
QF_NRA/hycomp/ball_count_2d_plain.01.qfree_global_1.smt2 : 26 ms.
--------------------------------------------------
sat
QF_NRA/hycomp/ball_count_2d_plain.01.qfree_global_2.smt2 : 36 ms.
--------------------------------------------------
unsat
QF_NRA/hycomp/ball_count_2d_plain.01.qfree_global_3.smt2 : 32 ms.
--------------------------------------------------
sat
QF_NRA/hycomp/ball_count_2d_plain.01.qfree_global_4.smt2 : 45 ms.
--------------------------------------------------
unsat
QF_NRA/hycomp/ball_count_2d_plain.01.qfree_global_5.smt2 : 34 ms.
--------------------------------------------------
sat
QF_NRA/hycomp/ball_count_2d_plain.01.qfree_global_6.smt2 : 66 ms.
--------------------------------------------------
unsat
QF_NRA/hycomp/ball_count_2d_plain.01.qfree_global_7.smt2 : 41 ms.
--------------------------------------------------
sat
QF_NRA/hycomp/ball_count_2d_plain.01.qfree_global_8.smt2 : 89 ms.
--------------------------------------------------
unsat
QF_NRA/hycomp/ball_count_2d_plain.01.qfree_global_9.smt2 : 39 ms.
--------------------------------------------------
unsat
QF_NRA/hycomp/ball_count_2d_plain.01.redlog_global_0.smt2 : 24 ms.
--------------------------------------------------
sat
QF_NRA/hycomp/ball_count_2d_plain.01.redlog_global_10.smt2 : 1972 ms.
--------------------------------------------------
unsat
QF_NRA/hycomp/ball_count_2d_plain.01.redlog_global_11.smt2 : 50 ms.
--------------------------------------------------
sat
QF_NRA/hycomp/ball_count_2d_plain.01.redlog_global_12.smt2 : 5356 ms.
--------------------------------------------------
unsat
QF_NRA/hycomp/ball_count_2d_plain.01.redlog_global_13.smt2 : 54 ms.
--------------------------------------------------
sat
QF_NRA/hycomp/ball_count_2d_plain.01.redlog_global_14.smt2 : 5820 ms.
--------------------------------------------------
unsat
QF_NRA/hycomp/ball_count_2d_plain.01.redlog_global_15.smt2 : 42 ms.
--------------------------------------------------
unsat
QF_NRA/hycomp/ball_count_2d_plain.01.redlog_global_1.smt2 : 20 ms.
--------------------------------------------------
sat
QF_NRA/hycomp/ball_count_2d_plain.01.redlog_global_2.smt2 : 33 ms.
--------------------------------------------------
unsat
QF_NRA/hycomp/ball_count_2d_plain.01.redlog_global_3.smt2 : 23 ms.
--------------------------------------------------
sat
QF_NRA/hycomp/ball_count_2d_plain.01.redlog_global_4.smt2 : 55 ms.
--------------------------------------------------
unsat
QF_NRA/hycomp/ball_count_2d_plain.01.redlog_global_5.smt2 : 33 ms.
--------------------------------------------------
sat
QF_NRA/hycomp/ball_count_2d_plain.01.redlog_global_6.smt2 : 144 ms.
--------------------------------------------------
unsat
QF_NRA/hycomp/ball_count_2d_plain.01.redlog_global_7.smt2 : 29 ms.
--------------------------------------------------
sat
QF_NRA/hycomp/ball_count_2d_plain.01.redlog_global_8.smt2 : 425 ms.
--------------------------------------------------
unsat
QF_NRA/hycomp/ball_count_2d_plain.01.redlog_global_9.smt2 : 45 ms.
--------------------------------------------------
unsat
QF_NRA/hycomp/ball_count_2d_plain.01.seq_lazy_global_0.smt2 : 22 ms.
--------------------------------------------------
sat
QF_NRA/hycomp/ball_count_2d_plain.01.seq_lazy_global_10.smt2 : 728 ms.
--------------------------------------------------
unsat
QF_NRA/hycomp/ball_count_2d_plain.01.seq_lazy_global_11.smt2 : 27 ms.
--------------------------------------------------
sat
QF_NRA/hycomp/ball_count_2d_plain.01.seq_lazy_global_12.smt2 : 3257 ms.
--------------------------------------------------
unsat
QF_NRA/hycomp/ball_count_2d_plain.01.seq_lazy_global_13.smt2 : 36 ms.
--------------------------------------------------
sat
QF_NRA/hycomp/ball_count_2d_plain.01.seq_lazy_global_14.smt2 : 28702 ms.
--------------------------------------------------
unsat
QF_NRA/hycomp/ball_count_2d_plain.01.seq_lazy_global_15.smt2 : 38 ms.
--------------------------------------------------
unsat
QF_NRA/hycomp/ball_count_2d_plain.01.seq_lazy_global_1.smt2 : 23 ms.
--------------------------------------------------
sat
QF_NRA/hycomp/ball_count_2d_plain.01.seq_lazy_global_2.smt2 : 28 ms.
--------------------------------------------------
unsat
QF_NRA/hycomp/ball_count_2d_plain.01.seq_lazy_global_3.smt2 : 21 ms.
--------------------------------------------------
sat
QF_NRA/hycomp/ball_count_2d_plain.01.seq_lazy_global_4.smt2 : 30 ms.
--------------------------------------------------
unsat
QF_NRA/hycomp/ball_count_2d_plain.01.seq_lazy_global_5.smt2 : 21 ms.
--------------------------------------------------
sat
QF_NRA/hycomp/ball_count_2d_plain.01.seq_lazy_global_6.smt2 : 35 ms.
--------------------------------------------------
unsat
QF_NRA/hycomp/ball_count_2d_plain.01.seq_lazy_global_7.smt2 : 29 ms.
--------------------------------------------------
sat
QF_NRA/hycomp/ball_count_2d_plain.01.seq_lazy_global_8.smt2 : 57 ms.
--------------------------------------------------
unsat
QF_NRA/hycomp/ball_count_2d_plain.01.seq_lazy_global_9.smt2 : 33 ms.
--------------------------------------------------
unsat
QF_NRA/hycomp/ball_count_2d_plain.01.seq_lazy_lemmas_global_0.smt2 : 22 ms.
--------------------------------------------------
sat
QF_NRA/hycomp/ball_count_2d_plain.01.seq_lazy_lemmas_global_10.smt2 : 15084 ms.
--------------------------------------------------
unsat
QF_NRA/hycomp/ball_count_2d_plain.01.seq_lazy_lemmas_global_11.smt2 : 28 ms.
--------------------------------------------------
sat
QF_NRA/hycomp/ball_count_2d_plain.01.seq_lazy_lemmas_global_12.smt2 : 15272 ms.
--------------------------------------------------
unsat
QF_NRA/hycomp/ball_count_2d_plain.01.seq_lazy_lemmas_global_13.smt2 : 42 ms.
--------------------------------------------------
sat
QF_NRA/hycomp/ball_count_2d_plain.01.seq_lazy_lemmas_global_14.smt2 : 15147 ms.
--------------------------------------------------
unsat
QF_NRA/hycomp/ball_count_2d_plain.01.seq_lazy_lemmas_global_15.smt2 : 32 ms.
--------------------------------------------------
unsat
QF_NRA/hycomp/ball_count_2d_plain.01.seq_lazy_lemmas_global_1.smt2 : 20 ms.
--------------------------------------------------
sat
QF_NRA/hycomp/ball_count_2d_plain.01.seq_lazy_lemmas_global_2.smt2 : 36 ms.
--------------------------------------------------
unsat
QF_NRA/hycomp/ball_count_2d_plain.01.seq_lazy_lemmas_global_3.smt2 : 22 ms.
--------------------------------------------------
sat
QF_NRA/hycomp/ball_count_2d_plain.01.seq_lazy_lemmas_global_4.smt2 : 64 ms.
--------------------------------------------------
unsat
QF_NRA/hycomp/ball_count_2d_plain.01.seq_lazy_lemmas_global_5.smt2 : 24 ms.
--------------------------------------------------
sat
QF_NRA/hycomp/ball_count_2d_plain.01.seq_lazy_lemmas_global_6.smt2 : 309 ms.
--------------------------------------------------
unsat
QF_NRA/hycomp/ball_count_2d_plain.01.seq_lazy_lemmas_global_7.smt2 : 26 ms.
--------------------------------------------------
sat
QF_NRA/hycomp/ball_count_2d_plain.01.seq_lazy_lemmas_global_8.smt2 : 1695 ms.
--------------------------------------------------
unsat
QF_NRA/hycomp/ball_count_2d_plain.01.seq_lazy_lemmas_global_9.smt2 : 37 ms.
--------------------------------------------------
unsat
QF_NRA/hycomp/ball_count_2d_plain.01.seq_lazy_linear_enc_global_0.smt2 : 22 ms.
--------------------------------------------------
sat
QF_NRA/hycomp/ball_count_2d_plain.01.seq_lazy_linear_enc_global_10.smt2 : 915 ms.
--------------------------------------------------
unsat
QF_NRA/hycomp/ball_count_2d_plain.01.seq_lazy_linear_enc_global_11.smt2 : 35 ms.
--------------------------------------------------
sat
QF_NRA/hycomp/ball_count_2d_plain.01.seq_lazy_linear_enc_global_12.smt2 : 2919 ms.
--------------------------------------------------
unsat
QF_NRA/hycomp/ball_count_2d_plain.01.seq_lazy_linear_enc_global_13.smt2 : 28 ms.
--------------------------------------------------
sat
QF_NRA/hycomp/ball_count_2d_plain.01.seq_lazy_linear_enc_global_14.smt2 : 15617 ms.
--------------------------------------------------
unsat
QF_NRA/hycomp/ball_count_2d_plain.01.seq_lazy_linear_enc_global_15.smt2 : 40 ms.
--------------------------------------------------
unsat
QF_NRA/hycomp/ball_count_2d_plain.01.seq_lazy_linear_enc_global_1.smt2 : 24 ms.
--------------------------------------------------
sat
QF_NRA/hycomp/ball_count_2d_plain.01.seq_lazy_linear_enc_global_2.smt2 : 31 ms.
--------------------------------------------------
unsat
QF_NRA/hycomp/ball_count_2d_plain.01.seq_lazy_linear_enc_global_3.smt2 : 27 ms.
--------------------------------------------------
sat
QF_NRA/hycomp/ball_count_2d_plain.01.seq_lazy_linear_enc_global_4.smt2 : 39 ms.
--------------------------------------------------
unsat
QF_NRA/hycomp/ball_count_2d_plain.01.seq_lazy_linear_enc_global_5.smt2 : 31 ms.
--------------------------------------------------
sat
QF_NRA/hycomp/ball_count_2d_plain.01.seq_lazy_linear_enc_global_6.smt2 : 50 ms.
--------------------------------------------------
unsat
QF_NRA/hycomp/ball_count_2d_plain.01.seq_lazy_linear_enc_global_7.smt2 : 31 ms.
--------------------------------------------------
sat
QF_NRA/hycomp/ball_count_2d_plain.01.seq_lazy_linear_enc_global_8.smt2 : 57 ms.
--------------------------------------------------
unsat
QF_NRA/hycomp/ball_count_2d_plain.01.seq_lazy_linear_enc_global_9.smt2 : 33 ms.
--------------------------------------------------
unsat
QF_NRA/hycomp/ball_count_2d_plain.01.seq_lazy_linear_enc_lemmas_global_0.smt2 : 22 ms.
--------------------------------------------------
sat
QF_NRA/hycomp/ball_count_2d_plain.01.seq_lazy_linear_enc_lemmas_global_10.smt2 : 15628 ms.
--------------------------------------------------
unsat
QF_NRA/hycomp/ball_count_2d_plain.01.seq_lazy_linear_enc_lemmas_global_11.smt2 : 28 ms.
--------------------------------------------------
sat
QF_NRA/hycomp/ball_count_2d_plain.01.seq_lazy_linear_enc_lemmas_global_12.smt2 : 15178 ms.
--------------------------------------------------
unsat
QF_NRA/hycomp/ball_count_2d_plain.01.seq_lazy_linear_enc_lemmas_global_13.smt2 : 29 ms.
--------------------------------------------------
timeout
QF_NRA/hycomp/ball_count_2d_plain.01.seq_lazy_linear_enc_lemmas_global_14.smt2 : 1800021 ms.
--------------------------------------------------
unsat
QF_NRA/hycomp/ball_count_2d_plain.01.seq_lazy_linear_enc_lemmas_global_15.smt2 : 44 ms.
--------------------------------------------------
unsat
QF_NRA/hycomp/ball_count_2d_plain.01.seq_lazy_linear_enc_lemmas_global_1.smt2 : 22 ms.
--------------------------------------------------
sat
QF_NRA/hycomp/ball_count_2d_plain.01.seq_lazy_linear_enc_lemmas_global_2.smt2 : 40 ms.
--------------------------------------------------
unsat
QF_NRA/hycomp/ball_count_2d_plain.01.seq_lazy_linear_enc_lemmas_global_3.smt2 : 23 ms.
--------------------------------------------------
sat
QF_NRA/hycomp/ball_count_2d_plain.01.seq_lazy_linear_enc_lemmas_global_4.smt2 : 49 ms.
--------------------------------------------------
unsat
QF_NRA/hycomp/ball_count_2d_plain.01.seq_lazy_linear_enc_lemmas_global_5.smt2 : 24 ms.
--------------------------------------------------
sat
QF_NRA/hycomp/ball_count_2d_plain.01.seq_lazy_linear_enc_lemmas_global_6.smt2 : 72 ms.
--------------------------------------------------
unsat
QF_NRA/hycomp/ball_count_2d_plain.01.seq_lazy_linear_enc_lemmas_global_7.smt2 : 24 ms.
--------------------------------------------------
sat
QF_NRA/hycomp/ball_count_2d_plain.01.seq_lazy_linear_enc_lemmas_global_8.smt2 : 5594 ms.
--------------------------------------------------
unsat
QF_NRA/hycomp/ball_count_2d_plain.01.seq_lazy_linear_enc_lemmas_global_9.smt2 : 36 ms.
--------------------------------------------------
unsat
QF_NRA/hycomp/ball_count_2d_plain.02.qfree_global_0.smt2 : 22 ms.
--------------------------------------------------
sat
QF_NRA/hycomp/ball_count_2d_plain.02.qfree_global_10.smt2 : 1424 ms.
--------------------------------------------------
unsat
QF_NRA/hycomp/ball_count_2d_plain.02.qfree_global_11.smt2 : 32 ms.
--------------------------------------------------
sat
QF_NRA/hycomp/ball_count_2d_plain.02.qfree_global_12.smt2 : 4620 ms.
--------------------------------------------------
unsat
QF_NRA/hycomp/ball_count_2d_plain.02.qfree_global_13.smt2 : 41 ms.
--------------------------------------------------
sat
QF_NRA/hycomp/ball_count_2d_plain.02.qfree_global_14.smt2 : 5181 ms.
--------------------------------------------------
unsat
QF_NRA/hycomp/ball_count_2d_plain.02.qfree_global_15.smt2 : 35 ms.
--------------------------------------------------
unsat
QF_NRA/hycomp/ball_count_2d_plain.02.qfree_global_1.smt2 : 20 ms.
--------------------------------------------------
unsat
QF_NRA/hycomp/ball_count_2d_plain.02.qfree_global_2.smt2 : 23 ms.
--------------------------------------------------
unsat
QF_NRA/hycomp/ball_count_2d_plain.02.qfree_global_3.smt2 : 22 ms.
--------------------------------------------------
unsat
QF_NRA/hycomp/ball_count_2d_plain.02.qfree_global_4.smt2 : 56 ms.
--------------------------------------------------
unsat
QF_NRA/hycomp/ball_count_2d_plain.02.qfree_global_5.smt2 : 25 ms.
--------------------------------------------------
sat
QF_NRA/hycomp/ball_count_2d_plain.02.qfree_global_6.smt2 : 114 ms.
--------------------------------------------------
unsat
QF_NRA/hycomp/ball_count_2d_plain.02.qfree_global_7.smt2 : 36 ms.
--------------------------------------------------
sat
QF_NRA/hycomp/ball_count_2d_plain.02.qfree_global_8.smt2 : 422 ms.
--------------------------------------------------
unsat
QF_NRA/hycomp/ball_count_2d_plain.02.qfree_global_9.smt2 : 38 ms.
--------------------------------------------------
unsat
QF_NRA/hycomp/ball_count_2d_plain.02.redlog_global_0.smt2 : 23 ms.
--------------------------------------------------
sat
QF_NRA/hycomp/ball_count_2d_plain.02.redlog_global_10.smt2 : 21491 ms.
--------------------------------------------------
unsat
QF_NRA/hycomp/ball_count_2d_plain.02.redlog_global_11.smt2 : 39 ms.
--------------------------------------------------
sat
QF_NRA/hycomp/ball_count_2d_plain.02.redlog_global_12.smt2 : 4787 ms.
--------------------------------------------------
unsat
QF_NRA/hycomp/ball_count_2d_plain.02.redlog_global_13.smt2 : 47 ms.
--------------------------------------------------
sat
QF_NRA/hycomp/ball_count_2d_plain.02.redlog_global_14.smt2 : 22251 ms.
--------------------------------------------------
unsat
QF_NRA/hycomp/ball_count_2d_plain.02.redlog_global_15.smt2 : 49 ms.
--------------------------------------------------
unsat
QF_NRA/hycomp/ball_count_2d_plain.02.redlog_global_1.smt2 : 25 ms.
--------------------------------------------------
unsat
QF_NRA/hycomp/ball_count_2d_plain.02.redlog_global_2.smt2 : 31 ms.
--------------------------------------------------
unsat
QF_NRA/hycomp/ball_count_2d_plain.02.redlog_global_3.smt2 : 27 ms.
--------------------------------------------------
unsat
QF_NRA/hycomp/ball_count_2d_plain.02.redlog_global_4.smt2 : 58 ms.
--------------------------------------------------
unsat
QF_NRA/hycomp/ball_count_2d_plain.02.redlog_global_5.smt2 : 27 ms.
--------------------------------------------------
sat
QF_NRA/hycomp/ball_count_2d_plain.02.redlog_global_6.smt2 : 362 ms.
--------------------------------------------------
unsat
QF_NRA/hycomp/ball_count_2d_plain.02.redlog_global_7.smt2 : 36 ms.
--------------------------------------------------
sat
QF_NRA/hycomp/ball_count_2d_plain.02.redlog_global_8.smt2 : 2834 ms.
--------------------------------------------------
unsat
QF_NRA/hycomp/ball_count_2d_plain.02.redlog_global_9.smt2 : 34 ms.
--------------------------------------------------
unsat
QF_NRA/hycomp/ball_count_2d_plain.02.seq_lazy_global_0.smt2 : 19 ms.
--------------------------------------------------
sat
QF_NRA/hycomp/ball_count_2d_plain.02.seq_lazy_global_10.smt2 : 1646 ms.
--------------------------------------------------
unsat
QF_NRA/hycomp/ball_count_2d_plain.02.seq_lazy_global_11.smt2 : 29 ms.
--------------------------------------------------
sat
QF_NRA/hycomp/ball_count_2d_plain.02.seq_lazy_global_12.smt2 : 15558 ms.
--------------------------------------------------
unsat
QF_NRA/hycomp/ball_count_2d_plain.02.seq_lazy_global_13.smt2 : 37 ms.
--------------------------------------------------
timeout
QF_NRA/hycomp/ball_count_2d_plain.02.seq_lazy_global_14.smt2 : 1800011 ms.
--------------------------------------------------
unsat
QF_NRA/hycomp/ball_count_2d_plain.02.seq_lazy_global_15.smt2 : 29 ms.
--------------------------------------------------
unsat
QF_NRA/hycomp/ball_count_2d_plain.02.seq_lazy_global_1.smt2 : 19 ms.
--------------------------------------------------
unsat
QF_NRA/hycomp/ball_count_2d_plain.02.seq_lazy_global_2.smt2 : 23 ms.
--------------------------------------------------
unsat
QF_NRA/hycomp/ball_count_2d_plain.02.seq_lazy_global_3.smt2 : 21 ms.
--------------------------------------------------
unsat
QF_NRA/hycomp/ball_count_2d_plain.02.seq_lazy_global_4.smt2 : 35 ms.
--------------------------------------------------
unsat
QF_NRA/hycomp/ball_count_2d_plain.02.seq_lazy_global_5.smt2 : 22 ms.
--------------------------------------------------
sat
QF_NRA/hycomp/ball_count_2d_plain.02.seq_lazy_global_6.smt2 : 63 ms.
--------------------------------------------------
unsat
QF_NRA/hycomp/ball_count_2d_plain.02.seq_lazy_global_7.smt2 : 27 ms.
--------------------------------------------------
sat
QF_NRA/hycomp/ball_count_2d_plain.02.seq_lazy_global_8.smt2 : 377 ms.
--------------------------------------------------
unsat
QF_NRA/hycomp/ball_count_2d_plain.02.seq_lazy_global_9.smt2 : 24 ms.
--------------------------------------------------
unsat
QF_NRA/hycomp/ball_count_2d_plain.02.seq_lazy_lemmas_global_0.smt2 : 19 ms.
--------------------------------------------------
sat
QF_NRA/hycomp/ball_count_2d_plain.02.seq_lazy_lemmas_global_10.smt2 : 6275 ms.
--------------------------------------------------
unsat
QF_NRA/hycomp/ball_count_2d_plain.02.seq_lazy_lemmas_global_11.smt2 : 30 ms.
--------------------------------------------------
sat
QF_NRA/hycomp/ball_count_2d_plain.02.seq_lazy_lemmas_global_12.smt2 : 3106 ms.
--------------------------------------------------
unsat
QF_NRA/hycomp/ball_count_2d_plain.02.seq_lazy_lemmas_global_13.smt2 : 31 ms.
--------------------------------------------------
sat
QF_NRA/hycomp/ball_count_2d_plain.02.seq_lazy_lemmas_global_14.smt2 : 10264 ms.
--------------------------------------------------
unsat
QF_NRA/hycomp/ball_count_2d_plain.02.seq_lazy_lemmas_global_15.smt2 : 37 ms.
--------------------------------------------------
unsat
QF_NRA/hycomp/ball_count_2d_plain.02.seq_lazy_lemmas_global_1.smt2 : 20 ms.
--------------------------------------------------
unsat
QF_NRA/hycomp/ball_count_2d_plain.02.seq_lazy_lemmas_global_2.smt2 : 33 ms.
--------------------------------------------------
unsat
QF_NRA/hycomp/ball_count_2d_plain.02.seq_lazy_lemmas_global_3.smt2 : 23 ms.
--------------------------------------------------
unsat
QF_NRA/hycomp/ball_count_2d_plain.02.seq_lazy_lemmas_global_4.smt2 : 535 ms.
--------------------------------------------------
unsat
QF_NRA/hycomp/ball_count_2d_plain.02.seq_lazy_lemmas_global_5.smt2 : 31 ms.
--------------------------------------------------
sat
QF_NRA/hycomp/ball_count_2d_plain.02.seq_lazy_lemmas_global_6.smt2 : 15205 ms.
--------------------------------------------------
unsat
QF_NRA/hycomp/ball_count_2d_plain.02.seq_lazy_lemmas_global_7.smt2 : 28 ms.
--------------------------------------------------
sat
QF_NRA/hycomp/ball_count_2d_plain.02.seq_lazy_lemmas_global_8.smt2 : 6301 ms.
--------------------------------------------------
unsat
QF_NRA/hycomp/ball_count_2d_plain.02.seq_lazy_lemmas_global_9.smt2 : 37 ms.
--------------------------------------------------
unsat
QF_NRA/hycomp/ball_count_2d_plain.02.seq_lazy_linear_enc_global_0.smt2 : 23 ms.
--------------------------------------------------
sat
QF_NRA/hycomp/ball_count_2d_plain.02.seq_lazy_linear_enc_global_10.smt2 : 1644 ms.
--------------------------------------------------
unsat
QF_NRA/hycomp/ball_count_2d_plain.02.seq_lazy_linear_enc_global_11.smt2 : 34 ms.
--------------------------------------------------
sat
QF_NRA/hycomp/ball_count_2d_plain.02.seq_lazy_linear_enc_global_12.smt2 : 5036 ms.
--------------------------------------------------
unsat
QF_NRA/hycomp/ball_count_2d_plain.02.seq_lazy_linear_enc_global_13.smt2 : 39 ms.
--------------------------------------------------
sat
QF_NRA/hycomp/ball_count_2d_plain.02.seq_lazy_linear_enc_global_14.smt2 : 17741 ms.
--------------------------------------------------
unsat
QF_NRA/hycomp/ball_count_2d_plain.02.seq_lazy_linear_enc_global_15.smt2 : 39 ms.
--------------------------------------------------
unsat
QF_NRA/hycomp/ball_count_2d_plain.02.seq_lazy_linear_enc_global_1.smt2 : 23 ms.
