--------------------------------------------------
unsat
QF_NRA/hycomp_3/ball_count_1d_plain.05.redlog_global_0.smt2 : 23 ms.
--------------------------------------------------
sat
QF_NRA/hycomp_3/ball_count_1d_plain.05.redlog_global_10.smt2 : 18564 ms.
--------------------------------------------------
unsat
QF_NRA/hycomp_3/ball_count_1d_plain.05.redlog_global_11.smt2 : 73 ms.
--------------------------------------------------
sat
QF_NRA/hycomp_3/ball_count_1d_plain.05.redlog_global_12.smt2 : 15359 ms.
--------------------------------------------------
unsat
QF_NRA/hycomp_3/ball_count_1d_plain.05.redlog_global_13.smt2 : 57 ms.
--------------------------------------------------
timeout
QF_NRA/hycomp_3/ball_count_1d_plain.05.redlog_global_14.smt2 : 1800019 ms.
--------------------------------------------------
unsat
QF_NRA/hycomp_3/ball_count_1d_plain.05.redlog_global_15.smt2 : 99 ms.
--------------------------------------------------
unsat
QF_NRA/hycomp_3/ball_count_1d_plain.05.redlog_global_1.smt2 : 23 ms.
--------------------------------------------------
unsat
QF_NRA/hycomp_3/ball_count_1d_plain.05.redlog_global_2.smt2 : 23 ms.
--------------------------------------------------
unsat
QF_NRA/hycomp_3/ball_count_1d_plain.05.redlog_global_3.smt2 : 26 ms.
--------------------------------------------------
unsat
QF_NRA/hycomp_3/ball_count_1d_plain.05.redlog_global_4.smt2 : 48 ms.
--------------------------------------------------
unsat
QF_NRA/hycomp_3/ball_count_1d_plain.05.redlog_global_5.smt2 : 31 ms.
--------------------------------------------------
unsat
QF_NRA/hycomp_3/ball_count_1d_plain.05.redlog_global_6.smt2 : 5593 ms.
--------------------------------------------------
unsat
QF_NRA/hycomp_3/ball_count_1d_plain.05.redlog_global_7.smt2 : 47 ms.
--------------------------------------------------
unsat
QF_NRA/hycomp_3/ball_count_1d_plain.05.redlog_global_8.smt2 : 15066 ms.
--------------------------------------------------
unsat
QF_NRA/hycomp_3/ball_count_1d_plain.05.redlog_global_9.smt2 : 59 ms.
--------------------------------------------------
unsat
QF_NRA/hycomp_3/ball_count_1d_plain.05.seq_lazy_global_0.smt2 : 22 ms.
--------------------------------------------------
unsat
QF_NRA/hycomp_3/ball_count_1d_plain.05.seq_lazy_global_10.smt2 : 15068 ms.
--------------------------------------------------
unsat
QF_NRA/hycomp_3/ball_count_1d_plain.05.seq_lazy_global_11.smt2 : 61 ms.
--------------------------------------------------
unsat
QF_NRA/hycomp_3/ball_count_1d_plain.05.seq_lazy_global_12.smt2 : 15109 ms.
--------------------------------------------------
unsat
QF_NRA/hycomp_3/ball_count_1d_plain.05.seq_lazy_global_13.smt2 : 71 ms.
--------------------------------------------------
unsat
QF_NRA/hycomp_3/ball_count_1d_plain.05.seq_lazy_global_14.smt2 : 15260 ms.
--------------------------------------------------
unsat
QF_NRA/hycomp_3/ball_count_1d_plain.05.seq_lazy_global_15.smt2 : 76 ms.
--------------------------------------------------
unsat
QF_NRA/hycomp_3/ball_count_1d_plain.05.seq_lazy_global_1.smt2 : 23 ms.
--------------------------------------------------
unsat
QF_NRA/hycomp_3/ball_count_1d_plain.05.seq_lazy_global_2.smt2 : 30 ms.
--------------------------------------------------
unsat
QF_NRA/hycomp_3/ball_count_1d_plain.05.seq_lazy_global_3.smt2 : 32 ms.
--------------------------------------------------
unsat
QF_NRA/hycomp_3/ball_count_1d_plain.05.seq_lazy_global_4.smt2 : 42 ms.
--------------------------------------------------
unsat
QF_NRA/hycomp_3/ball_count_1d_plain.05.seq_lazy_global_5.smt2 : 39 ms.
--------------------------------------------------
unsat
QF_NRA/hycomp_3/ball_count_1d_plain.05.seq_lazy_global_6.smt2 : 85 ms.
--------------------------------------------------
unsat
QF_NRA/hycomp_3/ball_count_1d_plain.05.seq_lazy_global_7.smt2 : 34 ms.
--------------------------------------------------
unsat
QF_NRA/hycomp_3/ball_count_1d_plain.05.seq_lazy_global_8.smt2 : 669 ms.
--------------------------------------------------
unsat
QF_NRA/hycomp_3/ball_count_1d_plain.05.seq_lazy_global_9.smt2 : 42 ms.
--------------------------------------------------
unsat
QF_NRA/hycomp_3/ball_count_1d_plain.05.seq_lazy_lemmas_global_0.smt2 : 20 ms.
--------------------------------------------------
unsat
QF_NRA/hycomp_3/ball_count_1d_plain.05.seq_lazy_lemmas_global_10.smt2 : 15079 ms.
--------------------------------------------------
unsat
QF_NRA/hycomp_3/ball_count_1d_plain.05.seq_lazy_lemmas_global_11.smt2 : 72 ms.
--------------------------------------------------
unsat
QF_NRA/hycomp_3/ball_count_1d_plain.05.seq_lazy_lemmas_global_12.smt2 : 15096 ms.
--------------------------------------------------
unsat
QF_NRA/hycomp_3/ball_count_1d_plain.05.seq_lazy_lemmas_global_13.smt2 : 64 ms.
--------------------------------------------------
unsat
QF_NRA/hycomp_3/ball_count_1d_plain.05.seq_lazy_lemmas_global_14.smt2 : 15455 ms.
--------------------------------------------------
unsat
QF_NRA/hycomp_3/ball_count_1d_plain.05.seq_lazy_lemmas_global_15.smt2 : 85 ms.
--------------------------------------------------
unsat
QF_NRA/hycomp_3/ball_count_1d_plain.05.seq_lazy_lemmas_global_1.smt2 : 20 ms.
--------------------------------------------------
unsat
QF_NRA/hycomp_3/ball_count_1d_plain.05.seq_lazy_lemmas_global_2.smt2 : 25 ms.
--------------------------------------------------
unsat
QF_NRA/hycomp_3/ball_count_1d_plain.05.seq_lazy_lemmas_global_3.smt2 : 26 ms.
--------------------------------------------------
unsat
QF_NRA/hycomp_3/ball_count_1d_plain.05.seq_lazy_lemmas_global_4.smt2 : 167 ms.
--------------------------------------------------
unsat
QF_NRA/hycomp_3/ball_count_1d_plain.05.seq_lazy_lemmas_global_5.smt2 : 34 ms.
--------------------------------------------------
unsat
QF_NRA/hycomp_3/ball_count_1d_plain.05.seq_lazy_lemmas_global_6.smt2 : 2227 ms.
--------------------------------------------------
unsat
QF_NRA/hycomp_3/ball_count_1d_plain.05.seq_lazy_lemmas_global_7.smt2 : 41 ms.
--------------------------------------------------
unsat
QF_NRA/hycomp_3/ball_count_1d_plain.05.seq_lazy_lemmas_global_8.smt2 : 15054 ms.
--------------------------------------------------
unsat
QF_NRA/hycomp_3/ball_count_1d_plain.05.seq_lazy_lemmas_global_9.smt2 : 44 ms.
--------------------------------------------------
unsat
QF_NRA/hycomp_3/ball_count_1d_plain.05.seq_lazy_linear_enc_global_0.smt2 : 18 ms.
--------------------------------------------------
unsat
QF_NRA/hycomp_3/ball_count_1d_plain.05.seq_lazy_linear_enc_global_10.smt2 : 15077 ms.
--------------------------------------------------
unsat
QF_NRA/hycomp_3/ball_count_1d_plain.05.seq_lazy_linear_enc_global_11.smt2 : 49 ms.
--------------------------------------------------
unsat
QF_NRA/hycomp_3/ball_count_1d_plain.05.seq_lazy_linear_enc_global_12.smt2 : 15180 ms.
--------------------------------------------------
unsat
QF_NRA/hycomp_3/ball_count_1d_plain.05.seq_lazy_linear_enc_global_13.smt2 : 55 ms.
--------------------------------------------------
unsat
QF_NRA/hycomp_3/ball_count_1d_plain.05.seq_lazy_linear_enc_global_14.smt2 : 15198 ms.
--------------------------------------------------
unsat
QF_NRA/hycomp_3/ball_count_1d_plain.05.seq_lazy_linear_enc_global_15.smt2 : 58 ms.
--------------------------------------------------
unsat
QF_NRA/hycomp_3/ball_count_1d_plain.05.seq_lazy_linear_enc_global_1.smt2 : 19 ms.
--------------------------------------------------
unsat
QF_NRA/hycomp_3/ball_count_1d_plain.05.seq_lazy_linear_enc_global_2.smt2 : 24 ms.
--------------------------------------------------
unsat
QF_NRA/hycomp_3/ball_count_1d_plain.05.seq_lazy_linear_enc_global_3.smt2 : 25 ms.
--------------------------------------------------
unsat
QF_NRA/hycomp_3/ball_count_1d_plain.05.seq_lazy_linear_enc_global_4.smt2 : 33 ms.
--------------------------------------------------
unsat
QF_NRA/hycomp_3/ball_count_1d_plain.05.seq_lazy_linear_enc_global_5.smt2 : 29 ms.
--------------------------------------------------
unsat
QF_NRA/hycomp_3/ball_count_1d_plain.05.seq_lazy_linear_enc_global_6.smt2 : 62 ms.
--------------------------------------------------
unsat
QF_NRA/hycomp_3/ball_count_1d_plain.05.seq_lazy_linear_enc_global_7.smt2 : 34 ms.
--------------------------------------------------
unsat
QF_NRA/hycomp_3/ball_count_1d_plain.05.seq_lazy_linear_enc_global_8.smt2 : 505 ms.
--------------------------------------------------
unsat
QF_NRA/hycomp_3/ball_count_1d_plain.05.seq_lazy_linear_enc_global_9.smt2 : 40 ms.
--------------------------------------------------
unsat
QF_NRA/hycomp_3/ball_count_1d_plain.05.seq_lazy_linear_enc_lemmas_global_0.smt2 : 17 ms.
--------------------------------------------------
unsat
QF_NRA/hycomp_3/ball_count_1d_plain.05.seq_lazy_linear_enc_lemmas_global_10.smt2 : 15074 ms.
--------------------------------------------------
unsat
QF_NRA/hycomp_3/ball_count_1d_plain.05.seq_lazy_linear_enc_lemmas_global_11.smt2 : 54 ms.
--------------------------------------------------
unsat
QF_NRA/hycomp_3/ball_count_1d_plain.05.seq_lazy_linear_enc_lemmas_global_12.smt2 : 15154 ms.
--------------------------------------------------
unsat
QF_NRA/hycomp_3/ball_count_1d_plain.05.seq_lazy_linear_enc_lemmas_global_13.smt2 : 63 ms.
--------------------------------------------------
unsat
QF_NRA/hycomp_3/ball_count_1d_plain.05.seq_lazy_linear_enc_lemmas_global_14.smt2 : 15243 ms.
--------------------------------------------------
unsat
QF_NRA/hycomp_3/ball_count_1d_plain.05.seq_lazy_linear_enc_lemmas_global_15.smt2 : 69 ms.
--------------------------------------------------
unsat
QF_NRA/hycomp_3/ball_count_1d_plain.05.seq_lazy_linear_enc_lemmas_global_1.smt2 : 19 ms.
--------------------------------------------------
unsat
QF_NRA/hycomp_3/ball_count_1d_plain.05.seq_lazy_linear_enc_lemmas_global_2.smt2 : 30 ms.
--------------------------------------------------
unsat
QF_NRA/hycomp_3/ball_count_1d_plain.05.seq_lazy_linear_enc_lemmas_global_3.smt2 : 34 ms.
--------------------------------------------------
unsat
QF_NRA/hycomp_3/ball_count_1d_plain.05.seq_lazy_linear_enc_lemmas_global_4.smt2 : 105 ms.
--------------------------------------------------
unsat
QF_NRA/hycomp_3/ball_count_1d_plain.05.seq_lazy_linear_enc_lemmas_global_5.smt2 : 32 ms.
--------------------------------------------------
unsat
QF_NRA/hycomp_3/ball_count_1d_plain.05.seq_lazy_linear_enc_lemmas_global_6.smt2 : 276 ms.
--------------------------------------------------
unsat
QF_NRA/hycomp_3/ball_count_1d_plain.05.seq_lazy_linear_enc_lemmas_global_7.smt2 : 37 ms.
--------------------------------------------------
unsat
QF_NRA/hycomp_3/ball_count_1d_plain.05.seq_lazy_linear_enc_lemmas_global_8.smt2 : 15058 ms.
--------------------------------------------------
unsat
QF_NRA/hycomp_3/ball_count_1d_plain.05.seq_lazy_linear_enc_lemmas_global_9.smt2 : 58 ms.
--------------------------------------------------
unsat
QF_NRA/hycomp_3/ball_count_1d_plain.10.qfree_global_0.smt2 : 21 ms.
--------------------------------------------------
unsat
QF_NRA/hycomp_3/ball_count_1d_plain.10.qfree_global_10.smt2 : 600 ms.
--------------------------------------------------
unsat
QF_NRA/hycomp_3/ball_count_1d_plain.10.qfree_global_11.smt2 : 32 ms.
--------------------------------------------------
unsat
QF_NRA/hycomp_3/ball_count_1d_plain.10.qfree_global_12.smt2 : 2186 ms.
--------------------------------------------------
unsat
QF_NRA/hycomp_3/ball_count_1d_plain.10.qfree_global_13.smt2 : 31 ms.
--------------------------------------------------
unsat
QF_NRA/hycomp_3/ball_count_1d_plain.10.qfree_global_14.smt2 : 15156 ms.
--------------------------------------------------
unsat
QF_NRA/hycomp_3/ball_count_1d_plain.10.qfree_global_15.smt2 : 37 ms.
--------------------------------------------------
unsat
QF_NRA/hycomp_3/ball_count_1d_plain.10.qfree_global_1.smt2 : 22 ms.
--------------------------------------------------
unsat
QF_NRA/hycomp_3/ball_count_1d_plain.10.qfree_global_2.smt2 : 20 ms.
--------------------------------------------------
unsat
QF_NRA/hycomp_3/ball_count_1d_plain.10.qfree_global_3.smt2 : 21 ms.
--------------------------------------------------
unsat
QF_NRA/hycomp_3/ball_count_1d_plain.10.qfree_global_4.smt2 : 27 ms.
--------------------------------------------------
unsat
QF_NRA/hycomp_3/ball_count_1d_plain.10.qfree_global_5.smt2 : 32 ms.
--------------------------------------------------
unsat
QF_NRA/hycomp_3/ball_count_1d_plain.10.qfree_global_6.smt2 : 40 ms.
--------------------------------------------------
unsat
QF_NRA/hycomp_3/ball_count_1d_plain.10.qfree_global_7.smt2 : 24 ms.
--------------------------------------------------
unsat
QF_NRA/hycomp_3/ball_count_1d_plain.10.qfree_global_8.smt2 : 75 ms.
--------------------------------------------------
unsat
QF_NRA/hycomp_3/ball_count_1d_plain.10.qfree_global_9.smt2 : 31 ms.
--------------------------------------------------
unsat
QF_NRA/hycomp_3/ball_count_1d_plain.10.redlog_global_0.smt2 : 19 ms.
--------------------------------------------------
unsat
QF_NRA/hycomp_3/ball_count_1d_plain.10.redlog_global_10.smt2 : 15081 ms.
--------------------------------------------------
unsat
QF_NRA/hycomp_3/ball_count_1d_plain.10.redlog_global_11.smt2 : 35 ms.
--------------------------------------------------
unsat
QF_NRA/hycomp_3/ball_count_1d_plain.10.redlog_global_12.smt2 : 15069 ms.
--------------------------------------------------
unsat
QF_NRA/hycomp_3/ball_count_1d_plain.10.redlog_global_13.smt2 : 40 ms.
--------------------------------------------------
unsat
QF_NRA/hycomp_3/ball_count_1d_plain.10.redlog_global_14.smt2 : 15080 ms.
--------------------------------------------------
unsat
QF_NRA/hycomp_3/ball_count_1d_plain.10.redlog_global_15.smt2 : 37 ms.
--------------------------------------------------
unsat
QF_NRA/hycomp_3/ball_count_1d_plain.10.redlog_global_1.smt2 : 20 ms.
--------------------------------------------------
unsat
QF_NRA/hycomp_3/ball_count_1d_plain.10.redlog_global_2.smt2 : 33 ms.
--------------------------------------------------
unsat
QF_NRA/hycomp_3/ball_count_1d_plain.10.redlog_global_3.smt2 : 26 ms.
--------------------------------------------------
unsat
QF_NRA/hycomp_3/ball_count_1d_plain.10.redlog_global_4.smt2 : 51 ms.
--------------------------------------------------
unsat
QF_NRA/hycomp_3/ball_count_1d_plain.10.redlog_global_5.smt2 : 24 ms.
--------------------------------------------------
unsat
QF_NRA/hycomp_3/ball_count_1d_plain.10.redlog_global_6.smt2 : 287 ms.
--------------------------------------------------
unsat
QF_NRA/hycomp_3/ball_count_1d_plain.10.redlog_global_7.smt2 : 26 ms.
--------------------------------------------------
unsat
QF_NRA/hycomp_3/ball_count_1d_plain.10.redlog_global_8.smt2 : 15058 ms.
--------------------------------------------------
unsat
QF_NRA/hycomp_3/ball_count_1d_plain.10.redlog_global_9.smt2 : 38 ms.
--------------------------------------------------
unsat
QF_NRA/hycomp_3/ball_count_1d_plain.10.seq_lazy_global_0.smt2 : 22 ms.
--------------------------------------------------
unsat
QF_NRA/hycomp_3/ball_count_1d_plain.10.seq_lazy_global_10.smt2 : 15351 ms.
--------------------------------------------------
unsat
QF_NRA/hycomp_3/ball_count_1d_plain.10.seq_lazy_global_11.smt2 : 27 ms.
--------------------------------------------------
unsat
QF_NRA/hycomp_3/ball_count_1d_plain.10.seq_lazy_global_12.smt2 : 15055 ms.
--------------------------------------------------
unsat
QF_NRA/hycomp_3/ball_count_1d_plain.10.seq_lazy_global_13.smt2 : 28 ms.
--------------------------------------------------
unsat
QF_NRA/hycomp_3/ball_count_1d_plain.10.seq_lazy_global_14.smt2 : 15063 ms.
--------------------------------------------------
unsat
QF_NRA/hycomp_3/ball_count_1d_plain.10.seq_lazy_global_15.smt2 : 27 ms.
--------------------------------------------------
unsat
QF_NRA/hycomp_3/ball_count_1d_plain.10.seq_lazy_global_1.smt2 : 19 ms.
--------------------------------------------------
unsat
QF_NRA/hycomp_3/ball_count_1d_plain.10.seq_lazy_global_2.smt2 : 26 ms.
--------------------------------------------------
unsat
QF_NRA/hycomp_3/ball_count_1d_plain.10.seq_lazy_global_3.smt2 : 27 ms.
--------------------------------------------------
unsat
QF_NRA/hycomp_3/ball_count_1d_plain.10.seq_lazy_global_4.smt2 : 37 ms.
--------------------------------------------------
unsat
QF_NRA/hycomp_3/ball_count_1d_plain.10.seq_lazy_global_5.smt2 : 27 ms.
--------------------------------------------------
unsat
QF_NRA/hycomp_3/ball_count_1d_plain.10.seq_lazy_global_6.smt2 : 69 ms.
--------------------------------------------------
unsat
QF_NRA/hycomp_3/ball_count_1d_plain.10.seq_lazy_global_7.smt2 : 24 ms.
--------------------------------------------------
unsat
QF_NRA/hycomp_3/ball_count_1d_plain.10.seq_lazy_global_8.smt2 : 317 ms.
--------------------------------------------------
unsat
QF_NRA/hycomp_3/ball_count_1d_plain.10.seq_lazy_global_9.smt2 : 33 ms.
--------------------------------------------------
unsat
QF_NRA/hycomp_3/ball_count_1d_plain.10.seq_lazy_lemmas_global_0.smt2 : 20 ms.
--------------------------------------------------
unsat
QF_NRA/hycomp_3/ball_count_1d_plain.10.seq_lazy_lemmas_global_10.smt2 : 15074 ms.
--------------------------------------------------
unsat
QF_NRA/hycomp_3/ball_count_1d_plain.10.seq_lazy_lemmas_global_11.smt2 : 35 ms.
--------------------------------------------------
unsat
QF_NRA/hycomp_3/ball_count_1d_plain.10.seq_lazy_lemmas_global_12.smt2 : 15071 ms.
--------------------------------------------------
unsat
QF_NRA/hycomp_3/ball_count_1d_plain.10.seq_lazy_lemmas_global_13.smt2 : 29 ms.
--------------------------------------------------
unsat
QF_NRA/hycomp_3/ball_count_1d_plain.10.seq_lazy_lemmas_global_14.smt2 : 15098 ms.
--------------------------------------------------
unsat
QF_NRA/hycomp_3/ball_count_1d_plain.10.seq_lazy_lemmas_global_15.smt2 : 34 ms.
--------------------------------------------------
unsat
QF_NRA/hycomp_3/ball_count_1d_plain.10.seq_lazy_lemmas_global_1.smt2 : 19 ms.
--------------------------------------------------
unsat
QF_NRA/hycomp_3/ball_count_1d_plain.10.seq_lazy_lemmas_global_2.smt2 : 21 ms.
--------------------------------------------------
unsat
QF_NRA/hycomp_3/ball_count_1d_plain.10.seq_lazy_lemmas_global_3.smt2 : 21 ms.
--------------------------------------------------
unsat
QF_NRA/hycomp_3/ball_count_1d_plain.10.seq_lazy_lemmas_global_4.smt2 : 117 ms.
--------------------------------------------------
unsat
QF_NRA/hycomp_3/ball_count_1d_plain.10.seq_lazy_lemmas_global_5.smt2 : 30 ms.
--------------------------------------------------
unsat
QF_NRA/hycomp_3/ball_count_1d_plain.10.seq_lazy_lemmas_global_6.smt2 : 738 ms.
--------------------------------------------------
unsat
QF_NRA/hycomp_3/ball_count_1d_plain.10.seq_lazy_lemmas_global_7.smt2 : 25 ms.
--------------------------------------------------
unsat
QF_NRA/hycomp_3/ball_count_1d_plain.10.seq_lazy_lemmas_global_8.smt2 : 15051 ms.
--------------------------------------------------
unsat
QF_NRA/hycomp_3/ball_count_1d_plain.10.seq_lazy_lemmas_global_9.smt2 : 31 ms.
--------------------------------------------------
unsat
QF_NRA/hycomp_3/ball_count_1d_plain.10.seq_lazy_linear_enc_global_0.smt2 : 19 ms.
--------------------------------------------------
unsat
QF_NRA/hycomp_3/ball_count_1d_plain.10.seq_lazy_linear_enc_global_10.smt2 : 15114 ms.
--------------------------------------------------
unsat
QF_NRA/hycomp_3/ball_count_1d_plain.10.seq_lazy_linear_enc_global_11.smt2 : 26 ms.
--------------------------------------------------
unsat
QF_NRA/hycomp_3/ball_count_1d_plain.10.seq_lazy_linear_enc_global_12.smt2 : 15069 ms.
--------------------------------------------------
unsat
QF_NRA/hycomp_3/ball_count_1d_plain.10.seq_lazy_linear_enc_global_13.smt2 : 28 ms.
--------------------------------------------------
unsat
QF_NRA/hycomp_3/ball_count_1d_plain.10.seq_lazy_linear_enc_global_14.smt2 : 15065 ms.
--------------------------------------------------
unsat
QF_NRA/hycomp_3/ball_count_1d_plain.10.seq_lazy_linear_enc_global_15.smt2 : 34 ms.
--------------------------------------------------
unsat
QF_NRA/hycomp_3/ball_count_1d_plain.10.seq_lazy_linear_enc_global_1.smt2 : 18 ms.
--------------------------------------------------
unsat
QF_NRA/hycomp_3/ball_count_1d_plain.10.seq_lazy_linear_enc_global_2.smt2 : 20 ms.
--------------------------------------------------
unsat
QF_NRA/hycomp_3/ball_count_1d_plain.10.seq_lazy_linear_enc_global_3.smt2 : 24 ms.
--------------------------------------------------
unsat
QF_NRA/hycomp_3/ball_count_1d_plain.10.seq_lazy_linear_enc_global_4.smt2 : 38 ms.
--------------------------------------------------
unsat
QF_NRA/hycomp_3/ball_count_1d_plain.10.seq_lazy_linear_enc_global_5.smt2 : 29 ms.
--------------------------------------------------
unsat
QF_NRA/hycomp_3/ball_count_1d_plain.10.seq_lazy_linear_enc_global_6.smt2 : 72 ms.
--------------------------------------------------
unsat
QF_NRA/hycomp_3/ball_count_1d_plain.10.seq_lazy_linear_enc_global_7.smt2 : 28 ms.
--------------------------------------------------
unsat
QF_NRA/hycomp_3/ball_count_1d_plain.10.seq_lazy_linear_enc_global_8.smt2 : 474 ms.
--------------------------------------------------
unsat
QF_NRA/hycomp_3/ball_count_1d_plain.10.seq_lazy_linear_enc_global_9.smt2 : 30 ms.
--------------------------------------------------
unsat
QF_NRA/hycomp_3/ball_count_1d_plain.10.seq_lazy_linear_enc_lemmas_global_0.smt2 : 20 ms.
--------------------------------------------------
unsat
QF_NRA/hycomp_3/ball_count_1d_plain.10.seq_lazy_linear_enc_lemmas_global_10.smt2 : 15069 ms.
--------------------------------------------------
unsat
QF_NRA/hycomp_3/ball_count_1d_plain.10.seq_lazy_linear_enc_lemmas_global_11.smt2 : 32 ms.
--------------------------------------------------
unsat
QF_NRA/hycomp_3/ball_count_1d_plain.10.seq_lazy_linear_enc_lemmas_global_12.smt2 : 15068 ms.
--------------------------------------------------
unsat
QF_NRA/hycomp_3/ball_count_1d_plain.10.seq_lazy_linear_enc_lemmas_global_13.smt2 : 28 ms.
--------------------------------------------------
unsat
QF_NRA/hycomp_3/ball_count_1d_plain.10.seq_lazy_linear_enc_lemmas_global_14.smt2 : 15063 ms.
--------------------------------------------------
unsat
QF_NRA/hycomp_3/ball_count_1d_plain.10.seq_lazy_linear_enc_lemmas_global_15.smt2 : 30 ms.
--------------------------------------------------
unsat
QF_NRA/hycomp_3/ball_count_1d_plain.10.seq_lazy_linear_enc_lemmas_global_1.smt2 : 19 ms.
--------------------------------------------------
unsat
QF_NRA/hycomp_3/ball_count_1d_plain.10.seq_lazy_linear_enc_lemmas_global_2.smt2 : 22 ms.
--------------------------------------------------
unsat
QF_NRA/hycomp_3/ball_count_1d_plain.10.seq_lazy_linear_enc_lemmas_global_3.smt2 : 21 ms.
--------------------------------------------------
unsat
QF_NRA/hycomp_3/ball_count_1d_plain.10.seq_lazy_linear_enc_lemmas_global_4.smt2 : 90 ms.
--------------------------------------------------
unsat
QF_NRA/hycomp_3/ball_count_1d_plain.10.seq_lazy_linear_enc_lemmas_global_5.smt2 : 22 ms.
--------------------------------------------------
unsat
QF_NRA/hycomp_3/ball_count_1d_plain.10.seq_lazy_linear_enc_lemmas_global_6.smt2 : 217 ms.
--------------------------------------------------
unsat
QF_NRA/hycomp_3/ball_count_1d_plain.10.seq_lazy_linear_enc_lemmas_global_7.smt2 : 24 ms.
--------------------------------------------------
unsat
QF_NRA/hycomp_3/ball_count_1d_plain.10.seq_lazy_linear_enc_lemmas_global_8.smt2 : 15060 ms.
--------------------------------------------------
unsat
QF_NRA/hycomp_3/ball_count_1d_plain.10.seq_lazy_linear_enc_lemmas_global_9.smt2 : 33 ms.
--------------------------------------------------
unsat
QF_NRA/hycomp_3/ball_count_2d_hill.01.redlog_global_0.smt2 : 24 ms.
--------------------------------------------------
sat
QF_NRA/hycomp_3/ball_count_2d_hill.01.redlog_global_10.smt2 : 518 ms.
--------------------------------------------------
unsat
QF_NRA/hycomp_3/ball_count_2d_hill.01.redlog_global_11.smt2 : 56 ms.
--------------------------------------------------
sat
QF_NRA/hycomp_3/ball_count_2d_hill.01.redlog_global_12.smt2 : 660 ms.
--------------------------------------------------
unsat
QF_NRA/hycomp_3/ball_count_2d_hill.01.redlog_global_13.smt2 : 78 ms.
--------------------------------------------------
sat
QF_NRA/hycomp_3/ball_count_2d_hill.01.redlog_global_14.smt2 : 931 ms.
--------------------------------------------------
unsat
QF_NRA/hycomp_3/ball_count_2d_hill.01.redlog_global_15.smt2 : 88 ms.
--------------------------------------------------
unsat
QF_NRA/hycomp_3/ball_count_2d_hill.01.redlog_global_1.smt2 : 29 ms.
--------------------------------------------------
sat
QF_NRA/hycomp_3/ball_count_2d_hill.01.redlog_global_2.smt2 : 166 ms.
--------------------------------------------------
unsat
QF_NRA/hycomp_3/ball_count_2d_hill.01.redlog_global_3.smt2 : 39 ms.
--------------------------------------------------
sat
QF_NRA/hycomp_3/ball_count_2d_hill.01.redlog_global_4.smt2 : 238 ms.
--------------------------------------------------
unsat
QF_NRA/hycomp_3/ball_count_2d_hill.01.redlog_global_5.smt2 : 38 ms.
--------------------------------------------------
sat
QF_NRA/hycomp_3/ball_count_2d_hill.01.redlog_global_6.smt2 : 362 ms.
--------------------------------------------------
unsat
QF_NRA/hycomp_3/ball_count_2d_hill.01.redlog_global_7.smt2 : 60 ms.
--------------------------------------------------
sat
QF_NRA/hycomp_3/ball_count_2d_hill.01.redlog_global_8.smt2 : 474 ms.
--------------------------------------------------
unsat
QF_NRA/hycomp_3/ball_count_2d_hill.01.redlog_global_9.smt2 : 58 ms.
--------------------------------------------------
unsat
QF_NRA/hycomp_3/ball_count_2d_hill.01.seq_lazy_global_0.smt2 : 18 ms.
--------------------------------------------------
sat
QF_NRA/hycomp_3/ball_count_2d_hill.01.seq_lazy_global_10.smt2 : 136 ms.
--------------------------------------------------
unsat
QF_NRA/hycomp_3/ball_count_2d_hill.01.seq_lazy_global_11.smt2 : 38 ms.
--------------------------------------------------
sat
QF_NRA/hycomp_3/ball_count_2d_hill.01.seq_lazy_global_12.smt2 : 152 ms.
--------------------------------------------------
unsat
QF_NRA/hycomp_3/ball_count_2d_hill.01.seq_lazy_global_13.smt2 : 32 ms.
--------------------------------------------------
sat
QF_NRA/hycomp_3/ball_count_2d_hill.01.seq_lazy_global_14.smt2 : 156 ms.
--------------------------------------------------
unsat
QF_NRA/hycomp_3/ball_count_2d_hill.01.seq_lazy_global_15.smt2 : 59 ms.
--------------------------------------------------
unsat
QF_NRA/hycomp_3/ball_count_2d_hill.01.seq_lazy_global_1.smt2 : 19 ms.
