--------------------------------------------------
sat
OMT_LIA/20220307-SMPT/Diffusion2D-PT-D50N150/RC-09.smt2 : 444 ms.
--------------------------------------------------
sat
OMT_LIA/20220307-SMPT/Diffusion2D-PT-D50N150/RF-06.smt2 : 445 ms.
--------------------------------------------------
sat
OMT_LIA/20220307-SMPT/Diffusion2D-PT-D50N150/RF-08.smt2 : 355 ms.
--------------------------------------------------
sat
OMT_LIA/20220307-SMPT/Diffusion2D-PT-D50N150/RF-01.smt2 : 496 ms.
--------------------------------------------------
sat
OMT_LIA/20220307-SMPT/Diffusion2D-PT-D50N150/RC-03.smt2 : 615 ms.
--------------------------------------------------
sat
OMT_LIA/20220307-SMPT/Diffusion2D-PT-D50N150/RF-15.smt2 : 659 ms.
--------------------------------------------------
sat
OMT_LIA/20220307-SMPT/Diffusion2D-PT-D50N150/RF-02.smt2 : 544 ms.
--------------------------------------------------
sat
OMT_LIA/20220307-SMPT/Diffusion2D-PT-D50N150/RF-07.smt2 : 515 ms.
--------------------------------------------------
sat
OMT_LIA/20220307-SMPT/Diffusion2D-PT-D50N150/RF-13.smt2 : 385 ms.
--------------------------------------------------
sat
OMT_LIA/20220307-SMPT/Diffusion2D-PT-D50N150/RC-12.smt2 : 399 ms.
--------------------------------------------------
sat
OMT_LIA/20220307-SMPT/SharedMemory-PT-000050/RF-14.smt2 : 7084 ms.
--------------------------------------------------
sat
OMT_LIA/20220307-SMPT/SharedMemory-PT-000050/RF-09.smt2 : 5224 ms.
--------------------------------------------------
sat
OMT_LIA/20220307-SMPT/SharedMemory-PT-000050/RC-15.smt2 : 5977 ms.
--------------------------------------------------
sat
OMT_LIA/20220307-SMPT/SharedMemory-PT-000050/RF-05.smt2 : 9872 ms.
--------------------------------------------------
sat
OMT_LIA/20220307-SMPT/SharedMemory-PT-000050/RF-00.smt2 : 4736 ms.
--------------------------------------------------
sat
OMT_LIA/20220307-SMPT/SharedMemory-PT-000050/RC-01.smt2 : 6305 ms.
--------------------------------------------------
sat
OMT_LIA/20220307-SMPT/SharedMemory-PT-000050/RC-06.smt2 : 4854 ms.
--------------------------------------------------
sat
OMT_LIA/20220307-SMPT/SharedMemory-PT-000050/RC-11.smt2 : 5686 ms.
--------------------------------------------------
sat
OMT_LIA/20220307-SMPT/SharedMemory-PT-000050/RC-05.smt2 : 6967 ms.
--------------------------------------------------
sat
OMT_LIA/20220307-SMPT/SharedMemory-PT-000050/RC-02.smt2 : 5422 ms.
--------------------------------------------------
sat
OMT_LIA/20220307-SMPT/SharedMemory-PT-000050/RF-04.smt2 : 27371 ms.
--------------------------------------------------
sat
OMT_LIA/20220307-SMPT/SharedMemory-PT-000050/RF-11.smt2 : 4872 ms.
--------------------------------------------------
sat
OMT_LIA/20220307-SMPT/SharedMemory-PT-000050/RF-06.smt2 : 19105 ms.
--------------------------------------------------
sat
OMT_LIA/20220307-SMPT/SharedMemory-PT-000050/RF-01.smt2 : 17588 ms.
--------------------------------------------------
sat
OMT_LIA/20220307-SMPT/SharedMemory-PT-000050/RF-15.smt2 : 6073 ms.
--------------------------------------------------
sat
OMT_LIA/20220307-SMPT/SharedMemory-PT-000050/RF-13.smt2 : 5173 ms.
--------------------------------------------------
sat
OMT_LIA/20220307-SMPT/SharedMemory-PT-000050/RC-12.smt2 : 4773 ms.
--------------------------------------------------
sat
OMT_LIA/20220307-SMPT/Diffusion2D-PT-D40N010/RF-14.smt2 : 172 ms.
--------------------------------------------------
sat
OMT_LIA/20220307-SMPT/Diffusion2D-PT-D40N010/RF-09.smt2 : 174 ms.
