--------------------------------------------------
sat
OMT_LIA/20220307-SMPT/Diffusion2D-PT-D30N150/RF-06.smt2 : 218 ms.
--------------------------------------------------
sat
OMT_LIA/20220307-SMPT/Diffusion2D-PT-D30N150/RF-08.smt2 : 173 ms.
--------------------------------------------------
sat
OMT_LIA/20220307-SMPT/Diffusion2D-PT-D30N150/RF-01.smt2 : 115 ms.
--------------------------------------------------
sat
OMT_LIA/20220307-SMPT/Diffusion2D-PT-D30N150/RC-03.smt2 : 193 ms.
--------------------------------------------------
sat
OMT_LIA/20220307-SMPT/Diffusion2D-PT-D30N150/RF-15.smt2 : 212 ms.
--------------------------------------------------
sat
OMT_LIA/20220307-SMPT/Diffusion2D-PT-D30N150/RF-02.smt2 : 173 ms.
--------------------------------------------------
sat
OMT_LIA/20220307-SMPT/Diffusion2D-PT-D30N150/RF-07.smt2 : 186 ms.
--------------------------------------------------
sat
OMT_LIA/20220307-SMPT/Diffusion2D-PT-D30N150/RF-13.smt2 : 152 ms.
--------------------------------------------------
sat
OMT_LIA/20220307-SMPT/Diffusion2D-PT-D30N150/RC-12.smt2 : 148 ms.
--------------------------------------------------
sat
OMT_LIA/20220307-SMPT/Referendum-PT-0200/RF-14.smt2 : 88 ms.
--------------------------------------------------
sat
OMT_LIA/20220307-SMPT/Referendum-PT-0200/RF-09.smt2 : 86 ms.
--------------------------------------------------
sat
OMT_LIA/20220307-SMPT/Referendum-PT-0200/RC-14.smt2 : 84 ms.
--------------------------------------------------
sat
OMT_LIA/20220307-SMPT/Referendum-PT-0200/RC-15.smt2 : 90 ms.
--------------------------------------------------
sat
OMT_LIA/20220307-SMPT/Referendum-PT-0200/RC-00.smt2 : 253 ms.
--------------------------------------------------
sat
OMT_LIA/20220307-SMPT/Referendum-PT-0200/RF-10.smt2 : 100 ms.
--------------------------------------------------
sat
OMT_LIA/20220307-SMPT/Referendum-PT-0200/RF-03.smt2 : 77 ms.
--------------------------------------------------
sat
OMT_LIA/20220307-SMPT/Referendum-PT-0200/RC-04.smt2 : 1202 ms.
--------------------------------------------------
sat
OMT_LIA/20220307-SMPT/Referendum-PT-0200/RF-12.smt2 : 86 ms.
--------------------------------------------------
sat
OMT_LIA/20220307-SMPT/Referendum-PT-0200/RC-08.smt2 : 90 ms.
--------------------------------------------------
sat
OMT_LIA/20220307-SMPT/Referendum-PT-0200/RC-02.smt2 : 354 ms.
--------------------------------------------------
sat
OMT_LIA/20220307-SMPT/Referendum-PT-0200/RC-10.smt2 : 85 ms.
--------------------------------------------------
sat
OMT_LIA/20220307-SMPT/Referendum-PT-0200/RF-04.smt2 : 61 ms.
--------------------------------------------------
sat
OMT_LIA/20220307-SMPT/Referendum-PT-0200/RF-11.smt2 : 86 ms.
--------------------------------------------------
sat
OMT_LIA/20220307-SMPT/Referendum-PT-0200/RC-09.smt2 : 107 ms.
--------------------------------------------------
sat
OMT_LIA/20220307-SMPT/Referendum-PT-0200/RF-06.smt2 : 67 ms.
--------------------------------------------------
sat
OMT_LIA/20220307-SMPT/Referendum-PT-0200/RF-08.smt2 : 82 ms.
--------------------------------------------------
sat
OMT_LIA/20220307-SMPT/Referendum-PT-0200/RC-03.smt2 : 4618 ms.
--------------------------------------------------
sat
OMT_LIA/20220307-SMPT/Referendum-PT-0200/RF-15.smt2 : 86 ms.
--------------------------------------------------
sat
OMT_LIA/20220307-SMPT/Referendum-PT-0200/RF-13.smt2 : 57 ms.
