--------------------------------------------------
./solvers/smtrat/run.sh: line 3: 303317 Killed                  LD_PRELOAD=libmimalloc.so ./smtrat ../$1 2> /dev/null
QF_NRA/LassoRanker/Ultimate/2013POPL-BenAmGen-Ex3.20.bpl_Iteration1_Lasso_3-pieceTemplate.smt2 : 1800124 ms.
--------------------------------------------------
./solvers/smtrat/run.sh: line 3: 327965 Killed                  LD_PRELOAD=libmimalloc.so ./smtrat ../$1 2> /dev/null
QF_NRA/LassoRanker/Ultimate/2013POPL-BenAmGen-Ex3.20.bpl_Iteration1_Lasso_4-pieceTemplate.smt2 : 1800132 ms.
--------------------------------------------------
./solvers/smtrat/run.sh: line 3: 332787 Killed                  LD_PRELOAD=libmimalloc.so ./smtrat ../$1 2> /dev/null
QF_NRA/LassoRanker/Ultimate/2013POPL-BenAmGen-Ex3.20.bpl_Iteration1_Loop_3-pieceTemplate.smt2 : 1800086 ms.
--------------------------------------------------
./solvers/smtrat/run.sh: line 3: 336280 Killed                  LD_PRELOAD=libmimalloc.so ./smtrat ../$1 2> /dev/null
QF_NRA/LassoRanker/Ultimate/2013POPL-BenAmGen-Ex3.20.bpl_Iteration1_Loop_4-pieceTemplate.smt2 : 1800111 ms.
--------------------------------------------------
./solvers/smtrat/run.sh: line 3: 339563 Killed                  LD_PRELOAD=libmimalloc.so ./smtrat ../$1 2> /dev/null
QF_NRA/LassoRanker/Ultimate/2013POPL-BenAmGen-Ex3.6.bpl_Iteration1_Loop_3-pieceTemplate.smt2 : 1800135 ms.
--------------------------------------------------
./solvers/smtrat/run.sh: line 3: 342339 Killed                  LD_PRELOAD=libmimalloc.so ./smtrat ../$1 2> /dev/null
QF_NRA/LassoRanker/Ultimate/2013POPL-BenAmGen-Ex3.6.bpl_Iteration1_Loop_4-pieceTemplate.smt2 : 1800092 ms.
--------------------------------------------------
./solvers/smtrat/run.sh: line 3: 344742 Killed                  LD_PRELOAD=libmimalloc.so ./smtrat ../$1 2> /dev/null
QF_NRA/LassoRanker/Ultimate/2013POPL-BenAmGen-Ex4.2.bpl_Iteration1_Lasso_2-pieceTemplate.smt2 : 1800071 ms.
--------------------------------------------------
./solvers/smtrat/run.sh: line 3: 347054 Killed                  LD_PRELOAD=libmimalloc.so ./smtrat ../$1 2> /dev/null
QF_NRA/LassoRanker/Ultimate/2013POPL-BenAmGen-Ex4.2.bpl_Iteration1_Lasso_3-pieceTemplate.smt2 : 1800063 ms.
--------------------------------------------------
./solvers/smtrat/run.sh: line 3: 349827 Killed                  LD_PRELOAD=libmimalloc.so ./smtrat ../$1 2> /dev/null
QF_NRA/LassoRanker/Ultimate/2013POPL-BenAmGen-Ex4.2.bpl_Iteration1_Lasso_4-pieceTemplate.smt2 : 1800062 ms.
--------------------------------------------------
./solvers/smtrat/run.sh: line 3: 352504 Killed                  LD_PRELOAD=libmimalloc.so ./smtrat ../$1 2> /dev/null
QF_NRA/LassoRanker/Ultimate/2013POPL-BenAmGen-Ex4.2.bpl_Iteration1_Loop_2-pieceTemplate.smt2 : 1800234 ms.
--------------------------------------------------
./solvers/smtrat/run.sh: line 3: 354650 Killed                  LD_PRELOAD=libmimalloc.so ./smtrat ../$1 2> /dev/null
QF_NRA/LassoRanker/Ultimate/2013POPL-BenAmGen-Ex4.2.bpl_Iteration1_Loop_3-pieceTemplate.smt2 : 1800394 ms.
--------------------------------------------------
./solvers/smtrat/run.sh: line 3: 356599 Killed                  LD_PRELOAD=libmimalloc.so ./smtrat ../$1 2> /dev/null
QF_NRA/LassoRanker/Ultimate/2013POPL-BenAmGen-Ex4.2.bpl_Iteration1_Loop_4-pieceTemplate.smt2 : 1800066 ms.
--------------------------------------------------
./solvers/smtrat/run.sh: line 3: 358652 Killed                  LD_PRELOAD=libmimalloc.so ./smtrat ../$1 2> /dev/null
QF_NRA/LassoRanker/Ultimate/ATVA2013-diff42-int.bpl_Iteration1_Lasso_4-lexTemplate.smt2 : 1800040 ms.
--------------------------------------------------
./solvers/smtrat/run.sh: line 3: 362124 Killed                  LD_PRELOAD=libmimalloc.so ./smtrat ../$1 2> /dev/null
QF_NRA/LassoRanker/Ultimate/ATVA2013-diff42-int.bpl_Iteration1_Lasso_4-pieceTemplate.smt2 : 1800030 ms.
--------------------------------------------------
./solvers/smtrat/run.sh: line 3: 363750 Killed                  LD_PRELOAD=libmimalloc.so ./smtrat ../$1 2> /dev/null
QF_NRA/LassoRanker/Ultimate/ATVA2013-yPositive-int.bpl_Iteration1_Loop_3-pieceTemplate.smt2 : 1800092 ms.
--------------------------------------------------
./solvers/smtrat/run.sh: line 3: 387430 Killed                  LD_PRELOAD=libmimalloc.so ./smtrat ../$1 2> /dev/null
QF_NRA/LassoRanker/Ultimate/ATVA2013-yPositive-int.bpl_Iteration1_Loop_4-pieceTemplate.smt2 : 1800044 ms.
--------------------------------------------------
./solvers/smtrat/run.sh: line 3: 392146 Killed                  LD_PRELOAD=libmimalloc.so ./smtrat ../$1 2> /dev/null
QF_NRA/LassoRanker/Ultimate/ATVA2013-yPositive-real.bpl_Iteration1_Loop_3-pieceTemplate.smt2 : 1800050 ms.
--------------------------------------------------
./solvers/smtrat/run.sh: line 3: 395029 Killed                  LD_PRELOAD=libmimalloc.so ./smtrat ../$1 2> /dev/null
QF_NRA/LassoRanker/Ultimate/ATVA2013-yPositive-real.bpl_Iteration1_Loop_4-pieceTemplate.smt2 : 1800043 ms.
--------------------------------------------------
./solvers/smtrat/run.sh: line 3: 397643 Killed                  LD_PRELOAD=libmimalloc.so ./smtrat ../$1 2> /dev/null
QF_NRA/LassoRanker/Ultimate/ATVA2013-zeno-int.bpl_Iteration1_Lasso_4-pieceTemplate.smt2 : 1800030 ms.
--------------------------------------------------
./solvers/smtrat/run.sh: line 3: 399841 Killed                  LD_PRELOAD=libmimalloc.so ./smtrat ../$1 2> /dev/null
QF_NRA/LassoRanker/Ultimate/BenAmram-2010LMCS-Ex2.3.bpl_Iteration1_Lasso_2-pieceTemplate.smt2 : 1800028 ms.
--------------------------------------------------
./solvers/smtrat/run.sh: line 3: 402290 Killed                  LD_PRELOAD=libmimalloc.so ./smtrat ../$1 2> /dev/null
QF_NRA/LassoRanker/Ultimate/BenAmram-2010LMCS-Ex2.3.bpl_Iteration1_Lasso_3-pieceTemplate.smt2 : 1800035 ms.
--------------------------------------------------
./solvers/smtrat/run.sh: line 3: 404325 Killed                  LD_PRELOAD=libmimalloc.so ./smtrat ../$1 2> /dev/null
QF_NRA/LassoRanker/Ultimate/BenAmram-2010LMCS-Ex2.3.bpl_Iteration1_Lasso_4-pieceTemplate.smt2 : 1800024 ms.
--------------------------------------------------
./solvers/smtrat/run.sh: line 3: 406430 Killed                  LD_PRELOAD=libmimalloc.so ./smtrat ../$1 2> /dev/null
QF_NRA/LassoRanker/Ultimate/BenAmram-2010LMCS-Ex2.3.bpl_Iteration1_Loop_2-pieceTemplate.smt2 : 1800097 ms.
--------------------------------------------------
./solvers/smtrat/run.sh: line 3: 408317 Killed                  LD_PRELOAD=libmimalloc.so ./smtrat ../$1 2> /dev/null
QF_NRA/LassoRanker/Ultimate/BenAmram-2010LMCS-Ex2.3.bpl_Iteration1_Loop_3-pieceTemplate.smt2 : 1800142 ms.
--------------------------------------------------
./solvers/smtrat/run.sh: line 3: 410173 Killed                  LD_PRELOAD=libmimalloc.so ./smtrat ../$1 2> /dev/null
QF_NRA/LassoRanker/Ultimate/BenAmram-2010LMCS-Ex2.3.bpl_Iteration1_Loop_4-pieceTemplate.smt2 : 1800023 ms.
--------------------------------------------------
./solvers/smtrat/run.sh: line 3: 411698 Killed                  LD_PRELOAD=libmimalloc.so ./smtrat ../$1 2> /dev/null
QF_NRA/LassoRanker/Ultimate/Benghazi.bpl_Iteration1_Loop_3-pieceTemplate.smt2 : 1800054 ms.
--------------------------------------------------
./solvers/smtrat/run.sh: line 3: 413367 Killed                  LD_PRELOAD=libmimalloc.so ./smtrat ../$1 2> /dev/null
QF_NRA/LassoRanker/Ultimate/Benghazi.bpl_Iteration1_Loop_4-pieceTemplate.smt2 : 1800029 ms.
--------------------------------------------------
./solvers/smtrat/run.sh: line 3: 414996 Killed                  LD_PRELOAD=libmimalloc.so ./smtrat ../$1 2> /dev/null
QF_NRA/LassoRanker/Ultimate/Benghazi.bpl_Iteration1_Loop_6-phaseTemplate.smt2 : 1800152 ms.
--------------------------------------------------
./solvers/smtrat/run.sh: line 3: 416848 Killed                  LD_PRELOAD=libmimalloc.so ./smtrat ../$1 2> /dev/null
QF_NRA/LassoRanker/Ultimate/Boulder.bpl_Iteration1_Loop_3-pieceTemplate.smt2 : 1800262 ms.
--------------------------------------------------
./solvers/smtrat/run.sh: line 3: 418410 Killed                  LD_PRELOAD=libmimalloc.so ./smtrat ../$1 2> /dev/null
QF_NRA/LassoRanker/Ultimate/Boulder.bpl_Iteration1_Loop_4-pieceTemplate.smt2 : 1800027 ms.
--------------------------------------------------
./solvers/smtrat/run.sh: line 3: 420065 Killed                  LD_PRELOAD=libmimalloc.so ./smtrat ../$1 2> /dev/null
QF_NRA/LassoRanker/Ultimate/bound-scaled200.bpl_Iteration1_Loop_4-pieceTemplate.smt2 : 1800422 ms.
--------------------------------------------------
./solvers/smtrat/run.sh: line 3: 421570 Killed                  LD_PRELOAD=libmimalloc.so ./smtrat ../$1 2> /dev/null
QF_NRA/LassoRanker/Ultimate/bound-scaled400.bpl_Iteration1_Loop_3-pieceTemplate.smt2 : 1800291 ms.
--------------------------------------------------
./solvers/smtrat/run.sh: line 3: 422602 Killed                  LD_PRELOAD=libmimalloc.so ./smtrat ../$1 2> /dev/null
QF_NRA/LassoRanker/Ultimate/bound-scaled400.bpl_Iteration1_Loop_4-pieceTemplate.smt2 : 1800058 ms.
--------------------------------------------------
./solvers/smtrat/run.sh: line 3: 423885 Killed                  LD_PRELOAD=libmimalloc.so ./smtrat ../$1 2> /dev/null
QF_NRA/LassoRanker/Ultimate/bound-scaled600.bpl_Iteration1_Loop_3-pieceTemplate.smt2 : 1800071 ms.
--------------------------------------------------
./solvers/smtrat/run.sh: line 3: 425855 Killed                  LD_PRELOAD=libmimalloc.so ./smtrat ../$1 2> /dev/null
QF_NRA/LassoRanker/Ultimate/bound-scaled600.bpl_Iteration1_Loop_4-pieceTemplate.smt2 : 1800068 ms.
--------------------------------------------------
./solvers/smtrat/run.sh: line 3: 426942 Killed                  LD_PRELOAD=libmimalloc.so ./smtrat ../$1 2> /dev/null
QF_NRA/LassoRanker/Ultimate/BradleyMannaSipma-2005ICALP-Fig1.bpl_Iteration1_Lasso_3-pieceTemplate.smt2 : 1800120 ms.
--------------------------------------------------
./solvers/smtrat/run.sh: line 3: 427936 Killed                  LD_PRELOAD=libmimalloc.so ./smtrat ../$1 2> /dev/null
QF_NRA/LassoRanker/Ultimate/BradleyMannaSipma-2005ICALP-Fig1.bpl_Iteration1_Lasso_4-pieceTemplate.smt2 : 1800188 ms.
--------------------------------------------------
./solvers/smtrat/run.sh: line 3: 429232 Killed                  LD_PRELOAD=libmimalloc.so ./smtrat ../$1 2> /dev/null
QF_NRA/LassoRanker/Ultimate/BradleyMannaSipma-2005ICALP-Fig1-deterministic.bpl_Iteration1_Lasso_3-pieceTemplate.smt2 : 1800160 ms.
--------------------------------------------------
./solvers/smtrat/run.sh: line 3: 430342 Killed                  LD_PRELOAD=libmimalloc.so ./smtrat ../$1 2> /dev/null
QF_NRA/LassoRanker/Ultimate/BradleyMannaSipma-2005ICALP-Fig1-deterministic.bpl_Iteration1_Lasso_4-pieceTemplate.smt2 : 1800213 ms.
--------------------------------------------------
./solvers/smtrat/run.sh: line 3: 431764 Killed                  LD_PRELOAD=libmimalloc.so ./smtrat ../$1 2> /dev/null
QF_NRA/LassoRanker/Ultimate/BradleyMannaSipma-2005ICALP-Fig1-deterministic.bpl_Iteration1_Lasso_5-phaseTemplate.smt2 : 1800039 ms.
--------------------------------------------------
./solvers/smtrat/run.sh: line 3: 432873 Killed                  LD_PRELOAD=libmimalloc.so ./smtrat ../$1 2> /dev/null
QF_NRA/LassoRanker/Ultimate/BradleyMannaSipma-2005ICALP-Fig1-deterministic.bpl_Iteration1_Lasso_6-phaseTemplate.smt2 : 1800058 ms.
--------------------------------------------------
./solvers/smtrat/run.sh: line 3: 434006 Killed                  LD_PRELOAD=libmimalloc.so ./smtrat ../$1 2> /dev/null
QF_NRA/LassoRanker/Ultimate/BradleyMannaSipma-2005ICALP-Fig1-deterministic.bpl_Iteration1_Lasso_7-phaseTemplate.smt2 : 1800035 ms.
--------------------------------------------------
./solvers/smtrat/run.sh: line 3: 435098 Killed                  LD_PRELOAD=libmimalloc.so ./smtrat ../$1 2> /dev/null
QF_NRA/LassoRanker/Ultimate/Braverman-2006CAV-Ex1-int.bpl_Iteration1_Lasso_3-pieceTemplate.smt2 : 1800052 ms.
--------------------------------------------------
./solvers/smtrat/run.sh: line 3: 436052 Killed                  LD_PRELOAD=libmimalloc.so ./smtrat ../$1 2> /dev/null
QF_NRA/LassoRanker/Ultimate/Braverman-2006CAV-Ex1-int.bpl_Iteration1_Lasso_4-phaseTemplate.smt2 : 1800343 ms.
--------------------------------------------------
./solvers/smtrat/run.sh: line 3: 436754 Killed                  LD_PRELOAD=libmimalloc.so ./smtrat ../$1 2> /dev/null
QF_NRA/LassoRanker/Ultimate/Braverman-2006CAV-Ex1-int.bpl_Iteration1_Lasso_4-pieceTemplate.smt2 : 1800244 ms.
--------------------------------------------------
./solvers/smtrat/run.sh: line 3: 438021 Killed                  LD_PRELOAD=libmimalloc.so ./smtrat ../$1 2> /dev/null
QF_NRA/LassoRanker/Ultimate/Braverman-2006CAV-Ex1-int.bpl_Iteration1_Lasso_5-phaseTemplate.smt2 : 1800854 ms.
--------------------------------------------------
./solvers/smtrat/run.sh: line 3: 438831 Killed                  LD_PRELOAD=libmimalloc.so ./smtrat ../$1 2> /dev/null
QF_NRA/LassoRanker/Ultimate/Braverman-2006CAV-Ex1-int.bpl_Iteration1_Lasso_6-phaseTemplate.smt2 : 1800432 ms.
--------------------------------------------------
./solvers/smtrat/run.sh: line 3: 439723 Killed                  LD_PRELOAD=libmimalloc.so ./smtrat ../$1 2> /dev/null
QF_NRA/LassoRanker/Ultimate/Braverman-2006CAV-Ex1-int.bpl_Iteration1_Lasso_7-phaseTemplate.smt2 : 1800060 ms.
--------------------------------------------------
./solvers/smtrat/run.sh: line 3: 440504 Killed                  LD_PRELOAD=libmimalloc.so ./smtrat ../$1 2> /dev/null
QF_NRA/LassoRanker/Ultimate/Braverman-2006CAV-Ex1-int.bpl_Iteration1_Loop_3-pieceTemplate.smt2 : 1800055 ms.
--------------------------------------------------
./solvers/smtrat/run.sh: line 3: 441555 Killed                  LD_PRELOAD=libmimalloc.so ./smtrat ../$1 2> /dev/null
QF_NRA/LassoRanker/Ultimate/Braverman-2006CAV-Ex1-int.bpl_Iteration1_Loop_4-phaseTemplate.smt2 : 1800037 ms.
--------------------------------------------------
./solvers/smtrat/run.sh: line 3: 442247 Killed                  LD_PRELOAD=libmimalloc.so ./smtrat ../$1 2> /dev/null
QF_NRA/LassoRanker/Ultimate/Braverman-2006CAV-Ex1-int.bpl_Iteration1_Loop_4-pieceTemplate.smt2 : 1800058 ms.
--------------------------------------------------
./solvers/smtrat/run.sh: line 3: 443273 Killed                  LD_PRELOAD=libmimalloc.so ./smtrat ../$1 2> /dev/null
QF_NRA/LassoRanker/Ultimate/Braverman-2006CAV-Ex1-int.bpl_Iteration1_Loop_5-phaseTemplate.smt2 : 1800052 ms.
--------------------------------------------------
./solvers/smtrat/run.sh: line 3: 444056 Killed                  LD_PRELOAD=libmimalloc.so ./smtrat ../$1 2> /dev/null
QF_NRA/LassoRanker/Ultimate/Braverman-2006CAV-Ex1-int.bpl_Iteration1_Loop_6-phaseTemplate.smt2 : 1800060 ms.
--------------------------------------------------
./solvers/smtrat/run.sh: line 3: 444787 Killed                  LD_PRELOAD=libmimalloc.so ./smtrat ../$1 2> /dev/null
QF_NRA/LassoRanker/Ultimate/Braverman-2006CAV-Ex1-int.bpl_Iteration1_Loop_7-phaseTemplate.smt2 : 1800056 ms.
--------------------------------------------------
./solvers/smtrat/run.sh: line 3: 445514 Killed                  LD_PRELOAD=libmimalloc.so ./smtrat ../$1 2> /dev/null
QF_NRA/LassoRanker/Ultimate/Canberra.bpl_Iteration1_Lasso_2-pieceTemplate.smt2 : 1800041 ms.
--------------------------------------------------
./solvers/smtrat/run.sh: line 3: 446438 Killed                  LD_PRELOAD=libmimalloc.so ./smtrat ../$1 2> /dev/null
QF_NRA/LassoRanker/Ultimate/Canberra.bpl_Iteration1_Lasso_3-pieceTemplate.smt2 : 1800034 ms.
--------------------------------------------------
./solvers/smtrat/run.sh: line 3: 447080 Killed                  LD_PRELOAD=libmimalloc.so ./smtrat ../$1 2> /dev/null
QF_NRA/LassoRanker/Ultimate/Canberra.bpl_Iteration1_Lasso_4-pieceTemplate.smt2 : 1800194 ms.
--------------------------------------------------
./solvers/smtrat/run.sh: line 3: 447799 Killed                  LD_PRELOAD=libmimalloc.so ./smtrat ../$1 2> /dev/null
QF_NRA/LassoRanker/Ultimate/Canberra.bpl_Iteration1_Lasso_6-phaseTemplate.smt2 : 1800032 ms.
--------------------------------------------------
./solvers/smtrat/run.sh: line 3: 448335 Killed                  LD_PRELOAD=libmimalloc.so ./smtrat ../$1 2> /dev/null
QF_NRA/LassoRanker/Ultimate/Canberra.bpl_Iteration1_Lasso_7-phaseTemplate.smt2 : 1800762 ms.
--------------------------------------------------
./solvers/smtrat/run.sh: line 3: 449041 Killed                  LD_PRELOAD=libmimalloc.so ./smtrat ../$1 2> /dev/null
QF_NRA/LassoRanker/Ultimate/Canberra.bpl_Iteration1_Loop_2-pieceTemplate.smt2 : 1800207 ms.
--------------------------------------------------
./solvers/smtrat/run.sh: line 3: 449889 Killed                  LD_PRELOAD=libmimalloc.so ./smtrat ../$1 2> /dev/null
QF_NRA/LassoRanker/Ultimate/Canberra.bpl_Iteration1_Loop_3-pieceTemplate.smt2 : 1800028 ms.
--------------------------------------------------
./solvers/smtrat/run.sh: line 3: 450468 Killed                  LD_PRELOAD=libmimalloc.so ./smtrat ../$1 2> /dev/null
QF_NRA/LassoRanker/Ultimate/Canberra.bpl_Iteration1_Loop_4-pieceTemplate.smt2 : 1800135 ms.
--------------------------------------------------
./solvers/smtrat/run.sh: line 3: 451110 Killed                  LD_PRELOAD=libmimalloc.so ./smtrat ../$1 2> /dev/null
QF_NRA/LassoRanker/Ultimate/Canberra.bpl_Iteration1_Loop_6-phaseTemplate.smt2 : 1800032 ms.
--------------------------------------------------
./solvers/smtrat/run.sh: line 3: 451617 Killed                  LD_PRELOAD=libmimalloc.so ./smtrat ../$1 2> /dev/null
QF_NRA/LassoRanker/Ultimate/Canberra.bpl_Iteration1_Loop_7-phaseTemplate.smt2 : 1800031 ms.
--------------------------------------------------
./solvers/smtrat/run.sh: line 3: 452101 Killed                  LD_PRELOAD=libmimalloc.so ./smtrat ../$1 2> /dev/null
QF_NRA/LassoRanker/Ultimate/ChenFlurMukhopadhyay-2012SAS-Fig1.bpl_Iteration1_Loop_3-pieceTemplate.smt2 : 1800127 ms.
--------------------------------------------------
./solvers/smtrat/run.sh: line 3: 452490 Killed                  LD_PRELOAD=libmimalloc.so ./smtrat ../$1 2> /dev/null
QF_NRA/LassoRanker/Ultimate/ChenFlurMukhopadhyay-2012SAS-Fig1.bpl_Iteration1_Loop_4-pieceTemplate.smt2 : 1800036 ms.
--------------------------------------------------
./solvers/smtrat/run.sh: line 3: 453042 Killed                  LD_PRELOAD=libmimalloc.so ./smtrat ../$1 2> /dev/null
QF_NRA/LassoRanker/Ultimate/Collatz.bpl_Iteration1_Lasso_2-lexTemplate.smt2 : 1800062 ms.
--------------------------------------------------
./solvers/smtrat/run.sh: line 3: 453591 Killed                  LD_PRELOAD=libmimalloc.so ./smtrat ../$1 2> /dev/null
QF_NRA/LassoRanker/Ultimate/Collatz.bpl_Iteration1_Lasso_2-nestedTemplate.smt2 : 1800043 ms.
--------------------------------------------------
./solvers/smtrat/run.sh: line 3: 454016 Killed                  LD_PRELOAD=libmimalloc.so ./smtrat ../$1 2> /dev/null
QF_NRA/LassoRanker/Ultimate/Collatz.bpl_Iteration1_Lasso_2-phaseTemplate.smt2 : 1800047 ms.
--------------------------------------------------
./solvers/smtrat/run.sh: line 3: 454534 Killed                  LD_PRELOAD=libmimalloc.so ./smtrat ../$1 2> /dev/null
QF_NRA/LassoRanker/Ultimate/Collatz.bpl_Iteration1_Lasso_2-pieceTemplate.smt2 : 1800074 ms.
--------------------------------------------------
./solvers/smtrat/run.sh: line 3: 454959 Killed                  LD_PRELOAD=libmimalloc.so ./smtrat ../$1 2> /dev/null
QF_NRA/LassoRanker/Ultimate/Collatz.bpl_Iteration1_Lasso_3-lexTemplate.smt2 : 1800171 ms.
--------------------------------------------------
./solvers/smtrat/run.sh: line 3: 455298 Killed                  LD_PRELOAD=libmimalloc.so ./smtrat ../$1 2> /dev/null
QF_NRA/LassoRanker/Ultimate/Collatz.bpl_Iteration1_Lasso_3-nestedTemplate.smt2 : 1800204 ms.
--------------------------------------------------
./solvers/smtrat/run.sh: line 3: 455719 Killed                  LD_PRELOAD=libmimalloc.so ./smtrat ../$1 2> /dev/null
QF_NRA/LassoRanker/Ultimate/Collatz.bpl_Iteration1_Lasso_3-phaseTemplate.smt2 : 1800073 ms.
--------------------------------------------------
./solvers/smtrat/run.sh: line 3: 456078 Killed                  LD_PRELOAD=libmimalloc.so ./smtrat ../$1 2> /dev/null
QF_NRA/LassoRanker/Ultimate/Collatz.bpl_Iteration1_Lasso_3-pieceTemplate.smt2 : 1800268 ms.
--------------------------------------------------
./solvers/smtrat/run.sh: line 3: 456486 Killed                  LD_PRELOAD=libmimalloc.so ./smtrat ../$1 2> /dev/null
QF_NRA/LassoRanker/Ultimate/Collatz.bpl_Iteration1_Lasso_4-lexTemplate.smt2 : 1800344 ms.
--------------------------------------------------
./solvers/smtrat/run.sh: line 3: 456875 Killed                  LD_PRELOAD=libmimalloc.so ./smtrat ../$1 2> /dev/null
QF_NRA/LassoRanker/Ultimate/Collatz.bpl_Iteration1_Lasso_4-nestedTemplate.smt2 : 1800092 ms.
--------------------------------------------------
./solvers/smtrat/run.sh: line 3: 457307 Killed                  LD_PRELOAD=libmimalloc.so ./smtrat ../$1 2> /dev/null
QF_NRA/LassoRanker/Ultimate/Collatz.bpl_Iteration1_Lasso_4-phaseTemplate.smt2 : 1800069 ms.
--------------------------------------------------
./solvers/smtrat/run.sh: line 3: 22463 Killed                  LD_PRELOAD=libmimalloc.so ./smtrat ../$1 2> /dev/null
QF_NRA/LassoRanker/Ultimate/Collatz.bpl_Iteration1_Lasso_5-nestedTemplate.smt2 : 1800049 ms.
--------------------------------------------------
./solvers/smtrat/run.sh: line 3: 25318 Killed                  LD_PRELOAD=libmimalloc.so ./smtrat ../$1 2> /dev/null
QF_NRA/LassoRanker/Ultimate/Collatz.bpl_Iteration1_Lasso_5-phaseTemplate.smt2 : 1800088 ms.
--------------------------------------------------
./solvers/smtrat/run.sh: line 3: 27327 Killed                  LD_PRELOAD=libmimalloc.so ./smtrat ../$1 2> /dev/null
QF_NRA/LassoRanker/Ultimate/Collatz.bpl_Iteration1_Lasso_6-nestedTemplate.smt2 : 1800104 ms.
--------------------------------------------------
./solvers/smtrat/run.sh: line 3: 28853 Killed                  LD_PRELOAD=libmimalloc.so ./smtrat ../$1 2> /dev/null
QF_NRA/LassoRanker/Ultimate/Collatz.bpl_Iteration1_Lasso_6-phaseTemplate.smt2 : 1800159 ms.
--------------------------------------------------
./solvers/smtrat/run.sh: line 3: 30015 Killed                  LD_PRELOAD=libmimalloc.so ./smtrat ../$1 2> /dev/null
QF_NRA/LassoRanker/Ultimate/Collatz.bpl_Iteration1_Lasso_7-nestedTemplate.smt2 : 1800234 ms.
--------------------------------------------------
./solvers/smtrat/run.sh: line 3: 30947 Killed                  LD_PRELOAD=libmimalloc.so ./smtrat ../$1 2> /dev/null
QF_NRA/LassoRanker/Ultimate/Collatz.bpl_Iteration1_Lasso_7-phaseTemplate.smt2 : 1800261 ms.
--------------------------------------------------
./solvers/smtrat/run.sh: line 3: 32017 Killed                  LD_PRELOAD=libmimalloc.so ./smtrat ../$1 2> /dev/null
QF_NRA/LassoRanker/Ultimate/Collatz.bpl_Iteration1_Lasso_affineTemplate.smt2 : 1800034 ms.
--------------------------------------------------
./solvers/smtrat/run.sh: line 3: 33089 Killed                  LD_PRELOAD=libmimalloc.so ./smtrat ../$1 2> /dev/null
QF_NRA/LassoRanker/Ultimate/Collatz.bpl_Iteration1_Loop_2-lexTemplate.smt2 : 1800047 ms.
--------------------------------------------------
./solvers/smtrat/run.sh: line 3: 34159 Killed                  LD_PRELOAD=libmimalloc.so ./smtrat ../$1 2> /dev/null
QF_NRA/LassoRanker/Ultimate/Collatz.bpl_Iteration1_Loop_2-nestedTemplate.smt2 : 1800049 ms.
--------------------------------------------------
./solvers/smtrat/run.sh: line 3: 34989 Killed                  LD_PRELOAD=libmimalloc.so ./smtrat ../$1 2> /dev/null
QF_NRA/LassoRanker/Ultimate/Collatz.bpl_Iteration1_Loop_2-phaseTemplate.smt2 : 1800050 ms.
--------------------------------------------------
./solvers/smtrat/run.sh: line 3: 35893 Killed                  LD_PRELOAD=libmimalloc.so ./smtrat ../$1 2> /dev/null
QF_NRA/LassoRanker/Ultimate/Collatz.bpl_Iteration1_Loop_2-pieceTemplate.smt2 : 1800135 ms.
--------------------------------------------------
./solvers/smtrat/run.sh: line 3: 36750 Killed                  LD_PRELOAD=libmimalloc.so ./smtrat ../$1 2> /dev/null
QF_NRA/LassoRanker/Ultimate/Collatz.bpl_Iteration1_Loop_3-lexTemplate.smt2 : 1800056 ms.
--------------------------------------------------
./solvers/smtrat/run.sh: line 3: 37619 Killed                  LD_PRELOAD=libmimalloc.so ./smtrat ../$1 2> /dev/null
QF_NRA/LassoRanker/Ultimate/Collatz.bpl_Iteration1_Loop_3-nestedTemplate.smt2 : 1800047 ms.
--------------------------------------------------
./solvers/smtrat/run.sh: line 3: 38393 Killed                  LD_PRELOAD=libmimalloc.so ./smtrat ../$1 2> /dev/null
QF_NRA/LassoRanker/Ultimate/Collatz.bpl_Iteration1_Loop_3-phaseTemplate.smt2 : 1800065 ms.
--------------------------------------------------
./solvers/smtrat/run.sh: line 3: 39246 Killed                  LD_PRELOAD=libmimalloc.so ./smtrat ../$1 2> /dev/null
QF_NRA/LassoRanker/Ultimate/Collatz.bpl_Iteration1_Loop_3-pieceTemplate.smt2 : 1800083 ms.
--------------------------------------------------
./solvers/smtrat/run.sh: line 3: 40141 Killed                  LD_PRELOAD=libmimalloc.so ./smtrat ../$1 2> /dev/null
QF_NRA/LassoRanker/Ultimate/Collatz.bpl_Iteration1_Loop_4-lexTemplate.smt2 : 1800220 ms.
--------------------------------------------------
./solvers/smtrat/run.sh: line 3: 40782 Killed                  LD_PRELOAD=libmimalloc.so ./smtrat ../$1 2> /dev/null
QF_NRA/LassoRanker/Ultimate/Collatz.bpl_Iteration1_Loop_4-nestedTemplate.smt2 : 1800276 ms.
--------------------------------------------------
./solvers/smtrat/run.sh: line 3: 41475 Killed                  LD_PRELOAD=libmimalloc.so ./smtrat ../$1 2> /dev/null
QF_NRA/LassoRanker/Ultimate/Collatz.bpl_Iteration1_Loop_4-phaseTemplate.smt2 : 1800110 ms.
--------------------------------------------------
./solvers/smtrat/run.sh: line 3: 42465 Killed                  LD_PRELOAD=libmimalloc.so ./smtrat ../$1 2> /dev/null
QF_NRA/LassoRanker/Ultimate/Collatz.bpl_Iteration1_Loop_4-pieceTemplate.smt2 : 1800568 ms.
--------------------------------------------------
./solvers/smtrat/run.sh: line 3: 43183 Killed                  LD_PRELOAD=libmimalloc.so ./smtrat ../$1 2> /dev/null
QF_NRA/LassoRanker/Ultimate/Collatz.bpl_Iteration1_Loop_5-nestedTemplate.smt2 : 1800498 ms.
--------------------------------------------------
./solvers/smtrat/run.sh: line 3: 43774 Killed                  LD_PRELOAD=libmimalloc.so ./smtrat ../$1 2> /dev/null
QF_NRA/LassoRanker/Ultimate/Collatz.bpl_Iteration1_Loop_5-phaseTemplate.smt2 : 1800775 ms.
--------------------------------------------------
./solvers/smtrat/run.sh: line 3: 44366 Killed                  LD_PRELOAD=libmimalloc.so ./smtrat ../$1 2> /dev/null
QF_NRA/LassoRanker/Ultimate/Collatz.bpl_Iteration1_Loop_6-nestedTemplate.smt2 : 1800452 ms.
--------------------------------------------------
./solvers/smtrat/run.sh: line 3: 45000 Killed                  LD_PRELOAD=libmimalloc.so ./smtrat ../$1 2> /dev/null
QF_NRA/LassoRanker/Ultimate/Collatz.bpl_Iteration1_Loop_6-phaseTemplate.smt2 : 1800081 ms.
--------------------------------------------------
./solvers/smtrat/run.sh: line 3: 45434 Killed                  LD_PRELOAD=libmimalloc.so ./smtrat ../$1 2> /dev/null
QF_NRA/LassoRanker/Ultimate/Collatz.bpl_Iteration1_Loop_7-nestedTemplate.smt2 : 1800120 ms.
--------------------------------------------------
./solvers/smtrat/run.sh: line 3: 45956 Killed                  LD_PRELOAD=libmimalloc.so ./smtrat ../$1 2> /dev/null
QF_NRA/LassoRanker/Ultimate/Collatz.bpl_Iteration1_Loop_7-phaseTemplate.smt2 : 1800108 ms.
--------------------------------------------------
./solvers/smtrat/run.sh: line 3: 46381 Killed                  LD_PRELOAD=libmimalloc.so ./smtrat ../$1 2> /dev/null
QF_NRA/LassoRanker/Ultimate/Collatz.bpl_Iteration1_Loop_affineTemplate.smt2 : 1800045 ms.
--------------------------------------------------
./solvers/smtrat/run.sh: line 3: 46960 Killed                  LD_PRELOAD=libmimalloc.so ./smtrat ../$1 2> /dev/null
QF_NRA/LassoRanker/Ultimate/CookSeeZuleger-2013TACAS-Fig3.bpl_Iteration1_Loop_3-pieceTemplate.smt2 : 1800044 ms.
--------------------------------------------------
./solvers/smtrat/run.sh: line 3: 47459 Killed                  LD_PRELOAD=libmimalloc.so ./smtrat ../$1 2> /dev/null
QF_NRA/LassoRanker/Ultimate/CookSeeZuleger-2013TACAS-Fig3.bpl_Iteration1_Loop_4-pieceTemplate.smt2 : 1800025 ms.
--------------------------------------------------
./solvers/smtrat/run.sh: line 3: 47950 Killed                  LD_PRELOAD=libmimalloc.so ./smtrat ../$1 2> /dev/null
QF_NRA/LassoRanker/Ultimate/CookSeeZuleger-2013TACAS-Fig7a.bpl_Iteration1_Loop_2-pieceTemplate.smt2 : 1800030 ms.
--------------------------------------------------
./solvers/smtrat/run.sh: line 3: 48347 Killed                  LD_PRELOAD=libmimalloc.so ./smtrat ../$1 2> /dev/null
QF_NRA/LassoRanker/Ultimate/CookSeeZuleger-2013TACAS-Fig7a.bpl_Iteration1_Loop_3-pieceTemplate.smt2 : 1800026 ms.
--------------------------------------------------
./solvers/smtrat/run.sh: line 3: 48904 Killed                  LD_PRELOAD=libmimalloc.so ./smtrat ../$1 2> /dev/null
QF_NRA/LassoRanker/Ultimate/CookSeeZuleger-2013TACAS-Fig7a.bpl_Iteration1_Loop_4-pieceTemplate.smt2 : 1800043 ms.
--------------------------------------------------
./solvers/smtrat/run.sh: line 3: 49286 Killed                  LD_PRELOAD=libmimalloc.so ./smtrat ../$1 2> /dev/null
QF_NRA/LassoRanker/Ultimate/CookSeeZuleger-2013TACAS-Fig7b.bpl_Iteration1_Loop_2-pieceTemplate.smt2 : 1800037 ms.
--------------------------------------------------
./solvers/smtrat/run.sh: line 3: 49742 Killed                  LD_PRELOAD=libmimalloc.so ./smtrat ../$1 2> /dev/null
QF_NRA/LassoRanker/Ultimate/CookSeeZuleger-2013TACAS-Fig7b.bpl_Iteration1_Loop_3-pieceTemplate.smt2 : 1800031 ms.
--------------------------------------------------
./solvers/smtrat/run.sh: line 3: 50191 Killed                  LD_PRELOAD=libmimalloc.so ./smtrat ../$1 2> /dev/null
QF_NRA/LassoRanker/Ultimate/CookSeeZuleger-2013TACAS-Fig7b.bpl_Iteration1_Loop_4-pieceTemplate.smt2 : 1800354 ms.
--------------------------------------------------
./solvers/smtrat/run.sh: line 3: 50691 Killed                  LD_PRELOAD=libmimalloc.so ./smtrat ../$1 2> /dev/null
QF_NRA/LassoRanker/Ultimate/CopenhagenWithTmp.bpl_Iteration1_Loop_3-pieceTemplate.smt2 : 2357942 ms.
--------------------------------------------------
./solvers/smtrat/run.sh: line 3: 51093 Killed                  LD_PRELOAD=libmimalloc.so ./smtrat ../$1 2> /dev/null
QF_NRA/LassoRanker/Ultimate/CopenhagenWithTmp.bpl_Iteration1_Loop_4-pieceTemplate.smt2 : 1800088 ms.
--------------------------------------------------
./solvers/smtrat/run.sh: line 3: 51479 Killed                  LD_PRELOAD=libmimalloc.so ./smtrat ../$1 2> /dev/null
QF_NRA/LassoRanker/Ultimate/DecreasingInvariant.bpl_Iteration1_Loop_3-pieceTemplate.smt2 : 1800260 ms.
--------------------------------------------------
./solvers/smtrat/run.sh: line 3: 107685 Killed                  LD_PRELOAD=libmimalloc.so ./smtrat ../$1 2> /dev/null
QF_NRA/LassoRanker/Ultimate/DecreasingInvariant.bpl_Iteration1_Loop_4-pieceTemplate.smt2 : 1800107 ms.
--------------------------------------------------
./solvers/smtrat/run.sh: line 3: 112289 Killed                  LD_PRELOAD=libmimalloc.so ./smtrat ../$1 2> /dev/null
QF_NRA/LassoRanker/Ultimate/FourPhase.bpl_Iteration1_Lasso_3-pieceTemplate.smt2 : 1800039 ms.
--------------------------------------------------
./solvers/smtrat/run.sh: line 3: 114020 Killed                  LD_PRELOAD=libmimalloc.so ./smtrat ../$1 2> /dev/null
QF_NRA/LassoRanker/Ultimate/FourPhase.bpl_Iteration1_Lasso_4-pieceTemplate.smt2 : 1800043 ms.
--------------------------------------------------
./solvers/smtrat/run.sh: line 3: 114946 Killed                  LD_PRELOAD=libmimalloc.so ./smtrat ../$1 2> /dev/null
QF_NRA/LassoRanker/Ultimate/FourPhase.bpl_Iteration1_Lasso_7-phaseTemplate.smt2 : 1800038 ms.
--------------------------------------------------
./solvers/smtrat/run.sh: line 3: 115434 Killed                  LD_PRELOAD=libmimalloc.so ./smtrat ../$1 2> /dev/null
QF_NRA/LassoRanker/Ultimate/Garmisch.bpl_Iteration1_Loop_3-pieceTemplate.smt2 : 1800043 ms.
--------------------------------------------------
./solvers/smtrat/run.sh: line 3: 115831 Killed                  LD_PRELOAD=libmimalloc.so ./smtrat ../$1 2> /dev/null
QF_NRA/LassoRanker/Ultimate/Garmisch.bpl_Iteration1_Loop_4-pieceTemplate.smt2 : 1800048 ms.
--------------------------------------------------
./solvers/smtrat/run.sh: line 3: 116343 Killed                  LD_PRELOAD=libmimalloc.so ./smtrat ../$1 2> /dev/null
QF_NRA/LassoRanker/Ultimate/Gcd.bpl_Iteration1_Lasso_4-pieceTemplate.smt2 : 1800042 ms.
--------------------------------------------------
./solvers/smtrat/run.sh: line 3: 116718 Killed                  LD_PRELOAD=libmimalloc.so ./smtrat ../$1 2> /dev/null
QF_NRA/LassoRanker/Ultimate/Gcd_havoc.bpl_Iteration1_Lasso_3-pieceTemplate.smt2 : 1800031 ms.
--------------------------------------------------
./solvers/smtrat/run.sh: line 3: 117674 Killed                  LD_PRELOAD=libmimalloc.so ./smtrat ../$1 2> /dev/null
QF_NRA/LassoRanker/Ultimate/Gcd_havoc.bpl_Iteration1_Lasso_4-pieceTemplate.smt2 : 1800033 ms.
--------------------------------------------------
./solvers/smtrat/run.sh: line 3: 118106 Killed                  LD_PRELOAD=libmimalloc.so ./smtrat ../$1 2> /dev/null
QF_NRA/LassoRanker/Ultimate/GcdNew.bpl_Iteration1_Lasso_3-pieceTemplate.smt2 : 1800023 ms.
--------------------------------------------------
./solvers/smtrat/run.sh: line 3: 118520 Killed                  LD_PRELOAD=libmimalloc.so ./smtrat ../$1 2> /dev/null
QF_NRA/LassoRanker/Ultimate/GcdNew.bpl_Iteration1_Lasso_4-pieceTemplate.smt2 : 1800037 ms.
--------------------------------------------------
./solvers/smtrat/run.sh: line 3: 118936 Killed                  LD_PRELOAD=libmimalloc.so ./smtrat ../$1 2> /dev/null
QF_NRA/LassoRanker/Ultimate/GcdNew.bpl_Iteration1_Lasso_6-phaseTemplate.smt2 : 1800028 ms.
--------------------------------------------------
./solvers/smtrat/run.sh: line 3: 120138 Killed                  LD_PRELOAD=libmimalloc.so ./smtrat ../$1 2> /dev/null
QF_NRA/LassoRanker/Ultimate/GcdNew.bpl_Iteration1_Lasso_7-phaseTemplate.smt2 : 1800029 ms.
--------------------------------------------------
./solvers/smtrat/run.sh: line 3: 150596 Killed                  LD_PRELOAD=libmimalloc.so ./smtrat ../$1 2> /dev/null
QF_NRA/LassoRanker/Ultimate/Gothenburg.bpl_Iteration1_Lasso_4-pieceTemplate.smt2 : 1800088 ms.
--------------------------------------------------
./solvers/smtrat/run.sh: line 3: 152525 Killed                  LD_PRELOAD=libmimalloc.so ./smtrat ../$1 2> /dev/null
QF_NRA/LassoRanker/Ultimate/Gulwani.bpl_Iteration1_Lasso_3-pieceTemplate.smt2 : 1800051 ms.
--------------------------------------------------
./solvers/smtrat/run.sh: line 3: 153153 Killed                  LD_PRELOAD=libmimalloc.so ./smtrat ../$1 2> /dev/null
QF_NRA/LassoRanker/Ultimate/Gulwani.bpl_Iteration1_Lasso_4-pieceTemplate.smt2 : 1800044 ms.
--------------------------------------------------
./solvers/smtrat/run.sh: line 3: 153526 Killed                  LD_PRELOAD=libmimalloc.so ./smtrat ../$1 2> /dev/null
QF_NRA/LassoRanker/Ultimate/Gulwani.bpl_Iteration1_Lasso_5-phaseTemplate.smt2 : 1800042 ms.
--------------------------------------------------
./solvers/smtrat/run.sh: line 3: 153854 Killed                  LD_PRELOAD=libmimalloc.so ./smtrat ../$1 2> /dev/null
QF_NRA/LassoRanker/Ultimate/Gulwani.bpl_Iteration1_Lasso_6-phaseTemplate.smt2 : 1800031 ms.
--------------------------------------------------
./solvers/smtrat/run.sh: line 3: 154275 Killed                  LD_PRELOAD=libmimalloc.so ./smtrat ../$1 2> /dev/null
QF_NRA/LassoRanker/Ultimate/Gulwani.bpl_Iteration1_Lasso_7-phaseTemplate.smt2 : 1800052 ms.
--------------------------------------------------
./solvers/smtrat/run.sh: line 3: 154597 Killed                  LD_PRELOAD=libmimalloc.so ./smtrat ../$1 2> /dev/null
QF_NRA/LassoRanker/Ultimate/IncreasingSI.bpl_Iteration1_Lasso_4-pieceTemplate.smt2 : 1800110 ms.
--------------------------------------------------
./solvers/smtrat/run.sh: line 3: 155017 Killed                  LD_PRELOAD=libmimalloc.so ./smtrat ../$1 2> /dev/null
QF_NRA/LassoRanker/Ultimate/Khartoum.bpl_Iteration1_Loop_3-pieceTemplate.smt2 : 1800103 ms.
--------------------------------------------------
./solvers/smtrat/run.sh: line 3: 155480 Killed                  LD_PRELOAD=libmimalloc.so ./smtrat ../$1 2> /dev/null
QF_NRA/LassoRanker/Ultimate/Khartoum.bpl_Iteration1_Loop_4-pieceTemplate.smt2 : 1800084 ms.
--------------------------------------------------
./solvers/smtrat/run.sh: line 3: 155934 Killed                  LD_PRELOAD=libmimalloc.so ./smtrat ../$1 2> /dev/null
QF_NRA/LassoRanker/Ultimate/Lobnya-Boolean-Reordered.bpl_Iteration1_Lasso_3-pieceTemplate.smt2 : 1800044 ms.
--------------------------------------------------
./solvers/smtrat/run.sh: line 3: 156255 Killed                  LD_PRELOAD=libmimalloc.so ./smtrat ../$1 2> /dev/null
QF_NRA/LassoRanker/Ultimate/Lobnya-Boolean-Reordered.bpl_Iteration1_Lasso_4-pieceTemplate.smt2 : 1800161 ms.
--------------------------------------------------
./solvers/smtrat/run.sh: line 3: 156628 Killed                  LD_PRELOAD=libmimalloc.so ./smtrat ../$1 2> /dev/null
QF_NRA/LassoRanker/Ultimate/Lobnya-Boolean-Reordered.bpl_Iteration1_Loop_3-pieceTemplate.smt2 : 1800116 ms.
--------------------------------------------------
./solvers/smtrat/run.sh: line 3: 156927 Killed                  LD_PRELOAD=libmimalloc.so ./smtrat ../$1 2> /dev/null
QF_NRA/LassoRanker/Ultimate/Lobnya-Boolean-Reordered.bpl_Iteration1_Loop_4-pieceTemplate.smt2 : 1800089 ms.
--------------------------------------------------
./solvers/smtrat/run.sh: line 3: 157272 Killed                  LD_PRELOAD=libmimalloc.so ./smtrat ../$1 2> /dev/null
QF_NRA/LassoRanker/Ultimate/Lobnya-Boolean-Reordered.bpl_Iteration1_Loop_7-phaseTemplate.smt2 : 1810403 ms.
--------------------------------------------------
./solvers/smtrat/run.sh: line 3: 158469 Killed                  LD_PRELOAD=libmimalloc.so ./smtrat ../$1 2> /dev/null
QF_NRA/LassoRanker/Ultimate/Madrid.bpl_Iteration1_Lasso_3-pieceTemplate.smt2 : 1800080 ms.
--------------------------------------------------
./solvers/smtrat/run.sh: line 3: 159038 Killed                  LD_PRELOAD=libmimalloc.so ./smtrat ../$1 2> /dev/null
QF_NRA/LassoRanker/Ultimate/Madrid.bpl_Iteration1_Lasso_4-pieceTemplate.smt2 : 1800083 ms.
--------------------------------------------------
./solvers/smtrat/run.sh: line 3: 159341 Killed                  LD_PRELOAD=libmimalloc.so ./smtrat ../$1 2> /dev/null
QF_NRA/LassoRanker/Ultimate/MenloPark.bpl_Iteration1_Lasso_2-pieceTemplate.smt2 : 1800055 ms.
--------------------------------------------------
./solvers/smtrat/run.sh: line 3: 159626 Killed                  LD_PRELOAD=libmimalloc.so ./smtrat ../$1 2> /dev/null
QF_NRA/LassoRanker/Ultimate/MenloPark.bpl_Iteration1_Lasso_3-pieceTemplate.smt2 : 1800093 ms.
--------------------------------------------------
./solvers/smtrat/run.sh: line 3: 159926 Killed                  LD_PRELOAD=libmimalloc.so ./smtrat ../$1 2> /dev/null
QF_NRA/LassoRanker/Ultimate/MenloPark.bpl_Iteration1_Lasso_4-pieceTemplate.smt2 : 1800066 ms.
--------------------------------------------------
./solvers/smtrat/run.sh: line 3: 160207 Killed                  LD_PRELOAD=libmimalloc.so ./smtrat ../$1 2> /dev/null
QF_NRA/LassoRanker/Ultimate/MultiPhase1.bpl_Iteration1_Lasso_3-pieceTemplate.smt2 : 1800085 ms.
--------------------------------------------------
./solvers/smtrat/run.sh: line 3: 160479 Killed                  LD_PRELOAD=libmimalloc.so ./smtrat ../$1 2> /dev/null
QF_NRA/LassoRanker/Ultimate/MultiPhase1.bpl_Iteration1_Lasso_4-pieceTemplate.smt2 : 1800047 ms.
--------------------------------------------------
./solvers/smtrat/run.sh: line 3: 160768 Killed                  LD_PRELOAD=libmimalloc.so ./smtrat ../$1 2> /dev/null
QF_NRA/LassoRanker/Ultimate/Mysore2.bpl_Iteration1_Loop_3-pieceTemplate.smt2 : 1800053 ms.
--------------------------------------------------
./solvers/smtrat/run.sh: line 3: 161031 Killed                  LD_PRELOAD=libmimalloc.so ./smtrat ../$1 2> /dev/null
QF_NRA/LassoRanker/Ultimate/Mysore2.bpl_Iteration1_Loop_4-pieceTemplate.smt2 : 1800059 ms.
--------------------------------------------------
./solvers/smtrat/run.sh: line 3: 161344 Killed                  LD_PRELOAD=libmimalloc.so ./smtrat ../$1 2> /dev/null
QF_NRA/LassoRanker/Ultimate/Mysore.bpl_Iteration1_Loop_4-pieceTemplate.smt2 : 1800086 ms.
--------------------------------------------------
./solvers/smtrat/run.sh: line 3: 161636 Killed                  LD_PRELOAD=libmimalloc.so ./smtrat ../$1 2> /dev/null
QF_NRA/LassoRanker/Ultimate/NonTerminationDifficult.bpl_Iteration1_Lasso_3-pieceTemplate.smt2 : 1800063 ms.
--------------------------------------------------
./solvers/smtrat/run.sh: line 3: 161914 Killed                  LD_PRELOAD=libmimalloc.so ./smtrat ../$1 2> /dev/null
QF_NRA/LassoRanker/Ultimate/NonTerminationDifficult.bpl_Iteration1_Lasso_5-phaseTemplate.smt2 : 1800362 ms.
--------------------------------------------------
./solvers/smtrat/run.sh: line 3: 162221 Killed                  LD_PRELOAD=libmimalloc.so ./smtrat ../$1 2> /dev/null
QF_NRA/LassoRanker/Ultimate/NonTerminationDifficult.bpl_Iteration1_Lasso_6-phaseTemplate.smt2 : 1800277 ms.
--------------------------------------------------
./solvers/smtrat/run.sh: line 3: 162488 Killed                  LD_PRELOAD=libmimalloc.so ./smtrat ../$1 2> /dev/null
QF_NRA/LassoRanker/Ultimate/NonTerminationDifficult.bpl_Iteration1_Lasso_7-phaseTemplate.smt2 : 1800134 ms.
--------------------------------------------------
./solvers/smtrat/run.sh: line 3: 162728 Killed                  LD_PRELOAD=libmimalloc.so ./smtrat ../$1 2> /dev/null
QF_NRA/LassoRanker/Ultimate/NoriSharma-2013FSE-Fig7.bpl_Iteration1_Loop_4-phaseTemplate.smt2 : 1823358 ms.
--------------------------------------------------
./solvers/smtrat/run.sh: line 3: 163004 Killed                  LD_PRELOAD=libmimalloc.so ./smtrat ../$1 2> /dev/null
QF_NRA/LassoRanker/Ultimate/NoriSharma-2013FSE-Fig7.bpl_Iteration1_Loop_4-pieceTemplate.smt2 : 1800588 ms.
--------------------------------------------------
./solvers/smtrat/run.sh: line 3: 163448 Killed                  LD_PRELOAD=libmimalloc.so ./smtrat ../$1 2> /dev/null
QF_NRA/LassoRanker/Ultimate/NoriSharma-2013FSE-Fig7.bpl_Iteration1_Loop_7-phaseTemplate.smt2 : 1800055 ms.
--------------------------------------------------
./solvers/smtrat/run.sh: line 3: 163703 Killed                  LD_PRELOAD=libmimalloc.so ./smtrat ../$1 2> /dev/null
QF_NRA/LassoRanker/Ultimate/Nyala-TwoLex.bpl_Iteration1_Lasso_2-pieceTemplate.smt2 : 1800091 ms.
--------------------------------------------------
./solvers/smtrat/run.sh: line 3: 163934 Killed                  LD_PRELOAD=libmimalloc.so ./smtrat ../$1 2> /dev/null
QF_NRA/LassoRanker/Ultimate/Nyala-TwoLex.bpl_Iteration1_Lasso_4-pieceTemplate.smt2 : 1800055 ms.
--------------------------------------------------
./solvers/smtrat/run.sh: line 3: 164172 Killed                  LD_PRELOAD=libmimalloc.so ./smtrat ../$1 2> /dev/null
QF_NRA/LassoRanker/Ultimate/Nyala-TwoLex.bpl_Iteration1_Loop_4-pieceTemplate.smt2 : 1800044 ms.
--------------------------------------------------
./solvers/smtrat/run.sh: line 3: 164395 Killed                  LD_PRELOAD=libmimalloc.so ./smtrat ../$1 2> /dev/null
QF_NRA/LassoRanker/Ultimate/OpposedDisjuncts.bpl_Iteration1_Lasso_2-pieceTemplate.smt2 : 1800263 ms.
--------------------------------------------------
./solvers/smtrat/run.sh: line 3: 164640 Killed                  LD_PRELOAD=libmimalloc.so ./smtrat ../$1 2> /dev/null
QF_NRA/LassoRanker/Ultimate/OpposedDisjuncts.bpl_Iteration1_Lasso_3-pieceTemplate.smt2 : 1800083 ms.
--------------------------------------------------
./solvers/smtrat/run.sh: line 3: 164864 Killed                  LD_PRELOAD=libmimalloc.so ./smtrat ../$1 2> /dev/null
QF_NRA/LassoRanker/Ultimate/OpposedDisjuncts.bpl_Iteration1_Lasso_4-pieceTemplate.smt2 : 1800032 ms.
--------------------------------------------------
./solvers/smtrat/run.sh: line 3: 165117 Killed                  LD_PRELOAD=libmimalloc.so ./smtrat ../$1 2> /dev/null
QF_NRA/LassoRanker/Ultimate/OpposedDisjuncts.bpl_Iteration1_Lasso_6-phaseTemplate.smt2 : 1800036 ms.
--------------------------------------------------
./solvers/smtrat/run.sh: line 3: 165350 Killed                  LD_PRELOAD=libmimalloc.so ./smtrat ../$1 2> /dev/null
QF_NRA/LassoRanker/Ultimate/OpposedDisjuncts.bpl_Iteration1_Lasso_7-phaseTemplate.smt2 : 1800028 ms.
--------------------------------------------------
./solvers/smtrat/run.sh: line 3: 165610 Killed                  LD_PRELOAD=libmimalloc.so ./smtrat ../$1 2> /dev/null
QF_NRA/LassoRanker/Ultimate/OpposedDisjuncts.bpl_Iteration1_Loop_2-pieceTemplate.smt2 : 1800034 ms.
--------------------------------------------------
./solvers/smtrat/run.sh: line 3: 165845 Killed                  LD_PRELOAD=libmimalloc.so ./smtrat ../$1 2> /dev/null
QF_NRA/LassoRanker/Ultimate/OpposedDisjuncts.bpl_Iteration1_Loop_3-pieceTemplate.smt2 : 1803284 ms.
--------------------------------------------------
./solvers/smtrat/run.sh: line 3: 193181 Killed                  LD_PRELOAD=libmimalloc.so ./smtrat ../$1 2> /dev/null
QF_NRA/LassoRanker/Ultimate/OpposedDisjuncts.bpl_Iteration1_Loop_4-phaseTemplate.smt2 : 1800054 ms.
--------------------------------------------------
./solvers/smtrat/run.sh: line 3: 195605 Killed                  LD_PRELOAD=libmimalloc.so ./smtrat ../$1 2> /dev/null
QF_NRA/LassoRanker/Ultimate/OpposedDisjuncts.bpl_Iteration1_Loop_4-pieceTemplate.smt2 : 1800063 ms.
--------------------------------------------------
./solvers/smtrat/run.sh: line 3: 197138 Killed                  LD_PRELOAD=libmimalloc.so ./smtrat ../$1 2> /dev/null
QF_NRA/LassoRanker/Ultimate/OpposedDisjuncts.bpl_Iteration1_Loop_5-phaseTemplate.smt2 : 1800071 ms.
--------------------------------------------------
./solvers/smtrat/run.sh: line 3: 197504 Killed                  LD_PRELOAD=libmimalloc.so ./smtrat ../$1 2> /dev/null
QF_NRA/LassoRanker/Ultimate/OpposedDisjuncts.bpl_Iteration1_Loop_6-phaseTemplate.smt2 : 1800067 ms.
--------------------------------------------------
./solvers/smtrat/run.sh: line 3: 197978 Killed                  LD_PRELOAD=libmimalloc.so ./smtrat ../$1 2> /dev/null
QF_NRA/LassoRanker/Ultimate/OpposedDisjuncts.bpl_Iteration1_Loop_7-phaseTemplate.smt2 : 1800039 ms.
--------------------------------------------------
./solvers/smtrat/run.sh: line 3: 198221 Killed                  LD_PRELOAD=libmimalloc.so ./smtrat ../$1 2> /dev/null
QF_NRA/LassoRanker/Ultimate/piecewise.bpl_Iteration1_Loop_4-pieceTemplate.smt2 : 1800053 ms.
--------------------------------------------------
./solvers/smtrat/run.sh: line 3: 198480 Killed                  LD_PRELOAD=libmimalloc.so ./smtrat ../$1 2> /dev/null
QF_NRA/LassoRanker/Ultimate/Rotation02.bpl_Iteration1_Lasso_3-pieceTemplate.smt2 : 1800079 ms.
--------------------------------------------------
./solvers/smtrat/run.sh: line 3: 198724 Killed                  LD_PRELOAD=libmimalloc.so ./smtrat ../$1 2> /dev/null
QF_NRA/LassoRanker/Ultimate/Rotation02.bpl_Iteration1_Lasso_4-pieceTemplate.smt2 : 1800085 ms.
--------------------------------------------------
./solvers/smtrat/run.sh: line 3: 198959 Killed                  LD_PRELOAD=libmimalloc.so ./smtrat ../$1 2> /dev/null
QF_NRA/LassoRanker/Ultimate/SanDiego.bpl_Iteration1_Loop_4-pieceTemplate.smt2 : 1800129 ms.
--------------------------------------------------
./solvers/smtrat/run.sh: line 3: 199185 Killed                  LD_PRELOAD=libmimalloc.so ./smtrat ../$1 2> /dev/null
QF_NRA/LassoRanker/Ultimate/SantaBarbara01.bpl_Iteration1_Lasso_2-pieceTemplate.smt2 : 1800463 ms.
--------------------------------------------------
./solvers/smtrat/run.sh: line 3: 199490 Killed                  LD_PRELOAD=libmimalloc.so ./smtrat ../$1 2> /dev/null
QF_NRA/LassoRanker/Ultimate/SantaBarbara01.bpl_Iteration1_Lasso_3-pieceTemplate.smt2 : 1800123 ms.
--------------------------------------------------
./solvers/smtrat/run.sh: line 3: 199927 Killed                  LD_PRELOAD=libmimalloc.so ./smtrat ../$1 2> /dev/null
QF_NRA/LassoRanker/Ultimate/SantaBarbara01.bpl_Iteration1_Lasso_4-pieceTemplate.smt2 : 1800177 ms.
--------------------------------------------------
./solvers/smtrat/run.sh: line 3: 200157 Killed                  LD_PRELOAD=libmimalloc.so ./smtrat ../$1 2> /dev/null
QF_NRA/LassoRanker/Ultimate/SantaBarbara02.bpl_Iteration1_Lasso_2-pieceTemplate.smt2 : 1800574 ms.
--------------------------------------------------
./solvers/smtrat/run.sh: line 3: 200380 Killed                  LD_PRELOAD=libmimalloc.so ./smtrat ../$1 2> /dev/null
QF_NRA/LassoRanker/Ultimate/SantaBarbara02.bpl_Iteration1_Lasso_3-pieceTemplate.smt2 : 1800174 ms.
--------------------------------------------------
./solvers/smtrat/run.sh: line 3: 200658 Killed                  LD_PRELOAD=libmimalloc.so ./smtrat ../$1 2> /dev/null
QF_NRA/LassoRanker/Ultimate/SantaBarbara02.bpl_Iteration1_Lasso_4-pieceTemplate.smt2 : 1800151 ms.
--------------------------------------------------
./solvers/smtrat/run.sh: line 3: 200918 Killed                  LD_PRELOAD=libmimalloc.so ./smtrat ../$1 2> /dev/null
QF_NRA/LassoRanker/Ultimate/simple-scaled200.bpl_Iteration1_Lasso_2-pieceTemplate.smt2 : 1809571 ms.
--------------------------------------------------
./solvers/smtrat/run.sh: line 3: 202089 Killed                  LD_PRELOAD=libmimalloc.so ./smtrat ../$1 2> /dev/null
QF_NRA/LassoRanker/Ultimate/simple-scaled200.bpl_Iteration1_Lasso_3-pieceTemplate.smt2 : 1800114 ms.
--------------------------------------------------
./solvers/smtrat/run.sh: line 3: 202295 Killed                  LD_PRELOAD=libmimalloc.so ./smtrat ../$1 2> /dev/null
QF_NRA/LassoRanker/Ultimate/simple-scaled200.bpl_Iteration1_Lasso_4-phaseTemplate.smt2 : 1800063 ms.
--------------------------------------------------
./solvers/smtrat/run.sh: line 3: 202781 Killed                  LD_PRELOAD=libmimalloc.so ./smtrat ../$1 2> /dev/null
QF_NRA/LassoRanker/Ultimate/simple-scaled200.bpl_Iteration1_Lasso_4-pieceTemplate.smt2 : 1800099 ms.
--------------------------------------------------
./solvers/smtrat/run.sh: line 3: 202983 Killed                  LD_PRELOAD=libmimalloc.so ./smtrat ../$1 2> /dev/null
QF_NRA/LassoRanker/Ultimate/simple-scaled200.bpl_Iteration1_Lasso_5-phaseTemplate.smt2 : 1800075 ms.
--------------------------------------------------
./solvers/smtrat/run.sh: line 3: 203207 Killed                  LD_PRELOAD=libmimalloc.so ./smtrat ../$1 2> /dev/null
QF_NRA/LassoRanker/Ultimate/simple-scaled200.bpl_Iteration1_Lasso_6-phaseTemplate.smt2 : 1800089 ms.
--------------------------------------------------
./solvers/smtrat/run.sh: line 3: 203422 Killed                  LD_PRELOAD=libmimalloc.so ./smtrat ../$1 2> /dev/null
QF_NRA/LassoRanker/Ultimate/simple-scaled200.bpl_Iteration1_Lasso_7-phaseTemplate.smt2 : 1800281 ms.
--------------------------------------------------
./solvers/smtrat/run.sh: line 3: 203649 Killed                  LD_PRELOAD=libmimalloc.so ./smtrat ../$1 2> /dev/null
QF_NRA/LassoRanker/Ultimate/simple-scaled250.bpl_Iteration1_Lasso_2-pieceTemplate.smt2 : 1800107 ms.
--------------------------------------------------
./solvers/smtrat/run.sh: line 3: 203859 Killed                  LD_PRELOAD=libmimalloc.so ./smtrat ../$1 2> /dev/null
QF_NRA/LassoRanker/Ultimate/simple-scaled250.bpl_Iteration1_Lasso_3-pieceTemplate.smt2 : 1800561 ms.
--------------------------------------------------
./solvers/smtrat/run.sh: line 3: 204087 Killed                  LD_PRELOAD=libmimalloc.so ./smtrat ../$1 2> /dev/null
QF_NRA/LassoRanker/Ultimate/simple-scaled250.bpl_Iteration1_Lasso_4-lexTemplate.smt2 : 1800512 ms.
--------------------------------------------------
./solvers/smtrat/run.sh: line 3: 204292 Killed                  LD_PRELOAD=libmimalloc.so ./smtrat ../$1 2> /dev/null
QF_NRA/LassoRanker/Ultimate/simple-scaled250.bpl_Iteration1_Lasso_4-phaseTemplate.smt2 : 1801607 ms.
--------------------------------------------------
./solvers/smtrat/run.sh: line 3: 204507 Killed                  LD_PRELOAD=libmimalloc.so ./smtrat ../$1 2> /dev/null
QF_NRA/LassoRanker/Ultimate/simple-scaled250.bpl_Iteration1_Lasso_4-pieceTemplate.smt2 : 1801059 ms.
--------------------------------------------------
./solvers/smtrat/run.sh: line 3: 204709 Killed                  LD_PRELOAD=libmimalloc.so ./smtrat ../$1 2> /dev/null
QF_NRA/LassoRanker/Ultimate/simple-scaled250.bpl_Iteration1_Lasso_5-phaseTemplate.smt2 : 2010993 ms.
--------------------------------------------------
./solvers/smtrat/run.sh: line 3: 204915 Killed                  LD_PRELOAD=libmimalloc.so ./smtrat ../$1 2> /dev/null
QF_NRA/LassoRanker/Ultimate/simple-scaled250.bpl_Iteration1_Lasso_6-phaseTemplate.smt2 : 1800119 ms.
--------------------------------------------------
./solvers/smtrat/run.sh: line 3: 205079 Killed                  LD_PRELOAD=libmimalloc.so ./smtrat ../$1 2> /dev/null
QF_NRA/LassoRanker/Ultimate/simple-scaled250.bpl_Iteration1_Lasso_7-phaseTemplate.smt2 : 1800123 ms.
--------------------------------------------------
./solvers/smtrat/run.sh: line 3: 205261 Killed                  LD_PRELOAD=libmimalloc.so ./smtrat ../$1 2> /dev/null
QF_NRA/LassoRanker/Ultimate/SyntaxSupportBooleans3.bpl_Iteration1_Loop_4-pieceTemplate.smt2 : 1800118 ms.
--------------------------------------------------
./solvers/smtrat/run.sh: line 3: 205424 Killed                  LD_PRELOAD=libmimalloc.so ./smtrat ../$1 2> /dev/null
QF_NRA/LassoRanker/Ultimate/SyntaxSupportDisjunction1.bpl_Iteration1_Loop_4-pieceTemplate.smt2 : 1800100 ms.
