--------------------------------------------------
unsat
QF_NRA/20161105-Sturm-MBO/mbo_E10E11.smt2 : 491 ms.
--------------------------------------------------
unsat
QF_NRA/20161105-Sturm-MBO/mbo_E10E12.smt2 : 38226 ms.
--------------------------------------------------
unsat
QF_NRA/20161105-Sturm-MBO/mbo_E10E13.smt2 : 3955 ms.
--------------------------------------------------
./solvers/smtrat/run.sh: line 3: 324595 Killed                  LD_PRELOAD=libmimalloc.so ./smtrat ../$1 2> /dev/null
QF_NRA/20161105-Sturm-MBO/mbo_E10E14.smt2 : 1800687 ms.
--------------------------------------------------
unsat
QF_NRA/20161105-Sturm-MBO/mbo_E10E15.smt2 : 41586 ms.
--------------------------------------------------
./solvers/smtrat/run.sh: line 3: 330020 Killed                  LD_PRELOAD=libmimalloc.so ./smtrat ../$1 2> /dev/null
QF_NRA/20161105-Sturm-MBO/mbo_E10E16.smt2 : 1800934 ms.
--------------------------------------------------
./solvers/smtrat/run.sh: line 3: 334218 Killed                  LD_PRELOAD=libmimalloc.so ./smtrat ../$1 2> /dev/null
QF_NRA/20161105-Sturm-MBO/mbo_E10E17.smt2 : 1801262 ms.
--------------------------------------------------
./solvers/smtrat/run.sh: line 3: 337247 Killed                  LD_PRELOAD=libmimalloc.so ./smtrat ../$1 2> /dev/null
QF_NRA/20161105-Sturm-MBO/mbo_E10E18.smt2 : 1800413 ms.
--------------------------------------------------
./solvers/smtrat/run.sh: line 3: 339994 Killed                  LD_PRELOAD=libmimalloc.so ./smtrat ../$1 2> /dev/null
QF_NRA/20161105-Sturm-MBO/mbo_E10E19.smt2 : 1801317 ms.
--------------------------------------------------
unsat
QF_NRA/20161105-Sturm-MBO/mbo_E10E20.smt2 : 5996 ms.
--------------------------------------------------
unsat
QF_NRA/20161105-Sturm-MBO/mbo_E10E21.smt2 : 944 ms.
--------------------------------------------------
./solvers/smtrat/run.sh: line 3: 342753 Killed                  LD_PRELOAD=libmimalloc.so ./smtrat ../$1 2> /dev/null
QF_NRA/20161105-Sturm-MBO/mbo_E10E22.smt2 : 1800812 ms.
--------------------------------------------------
./solvers/smtrat/run.sh: line 3: 345338 Killed                  LD_PRELOAD=libmimalloc.so ./smtrat ../$1 2> /dev/null
QF_NRA/20161105-Sturm-MBO/mbo_E10E23.smt2 : 1801213 ms.
--------------------------------------------------
./solvers/smtrat/run.sh: line 3: 347533 Killed                  LD_PRELOAD=libmimalloc.so ./smtrat ../$1 2> /dev/null
QF_NRA/20161105-Sturm-MBO/mbo_E10E24.smt2 : 1800992 ms.
--------------------------------------------------
./solvers/smtrat/run.sh: line 3: 350130 Killed                  LD_PRELOAD=libmimalloc.so ./smtrat ../$1 2> /dev/null
QF_NRA/20161105-Sturm-MBO/mbo_E10E25.smt2 : 1800590 ms.
--------------------------------------------------
./solvers/smtrat/run.sh: line 3: 352935 Killed                  LD_PRELOAD=libmimalloc.so ./smtrat ../$1 2> /dev/null
QF_NRA/20161105-Sturm-MBO/mbo_E10E26.smt2 : 1800845 ms.
--------------------------------------------------
./solvers/smtrat/run.sh: line 3: 354847 Killed                  LD_PRELOAD=libmimalloc.so ./smtrat ../$1 2> /dev/null
QF_NRA/20161105-Sturm-MBO/mbo_E10E27.smt2 : 1800177 ms.
--------------------------------------------------
./solvers/smtrat/run.sh: line 3: 356864 Killed                  LD_PRELOAD=libmimalloc.so ./smtrat ../$1 2> /dev/null
QF_NRA/20161105-Sturm-MBO/mbo_E10E28.smt2 : 1801062 ms.
--------------------------------------------------
unsat
QF_NRA/20161105-Sturm-MBO/mbo_E10.smt2 : 96 ms.
--------------------------------------------------
unsat
QF_NRA/20161105-Sturm-MBO/mbo_E11E12.smt2 : 8868 ms.
--------------------------------------------------
unsat
QF_NRA/20161105-Sturm-MBO/mbo_E11E13.smt2 : 1926 ms.
--------------------------------------------------
./solvers/smtrat/run.sh: line 3: 358884 Killed                  LD_PRELOAD=libmimalloc.so ./smtrat ../$1 2> /dev/null
QF_NRA/20161105-Sturm-MBO/mbo_E11E14.smt2 : 1814406 ms.
--------------------------------------------------
unsat
QF_NRA/20161105-Sturm-MBO/mbo_E11E15.smt2 : 1294 ms.
--------------------------------------------------
unsat
QF_NRA/20161105-Sturm-MBO/mbo_E11E16.smt2 : 91 ms.
--------------------------------------------------
unsat
QF_NRA/20161105-Sturm-MBO/mbo_E11E17.smt2 : 227 ms.
--------------------------------------------------
./solvers/smtrat/run.sh: line 3: 362346 Killed                  LD_PRELOAD=libmimalloc.so ./smtrat ../$1 2> /dev/null
QF_NRA/20161105-Sturm-MBO/mbo_E11E18.smt2 : 1800278 ms.
--------------------------------------------------
unsat
QF_NRA/20161105-Sturm-MBO/mbo_E11E19.smt2 : 30297 ms.
--------------------------------------------------
unsat
QF_NRA/20161105-Sturm-MBO/mbo_E11E20.smt2 : 508 ms.
--------------------------------------------------
unsat
QF_NRA/20161105-Sturm-MBO/mbo_E11E21.smt2 : 31 ms.
--------------------------------------------------
unsat
QF_NRA/20161105-Sturm-MBO/mbo_E11E22.smt2 : 1930 ms.
--------------------------------------------------
unsat
QF_NRA/20161105-Sturm-MBO/mbo_E11E23.smt2 : 39 ms.
--------------------------------------------------
unsat
QF_NRA/20161105-Sturm-MBO/mbo_E11E24.smt2 : 29699 ms.
--------------------------------------------------
unsat
QF_NRA/20161105-Sturm-MBO/mbo_E11E25.smt2 : 1005 ms.
--------------------------------------------------
unsat
QF_NRA/20161105-Sturm-MBO/mbo_E11E26.smt2 : 282 ms.
--------------------------------------------------
unsat
QF_NRA/20161105-Sturm-MBO/mbo_E11E27.smt2 : 251 ms.
--------------------------------------------------
unsat
QF_NRA/20161105-Sturm-MBO/mbo_E11E28.smt2 : 353 ms.
--------------------------------------------------
unsat
QF_NRA/20161105-Sturm-MBO/mbo_E11.smt2 : 287 ms.
--------------------------------------------------
unsat
QF_NRA/20161105-Sturm-MBO/mbo_E12E13.smt2 : 161864 ms.
--------------------------------------------------
./solvers/smtrat/run.sh: line 3: 364220 Killed                  LD_PRELOAD=libmimalloc.so ./smtrat ../$1 2> /dev/null
QF_NRA/20161105-Sturm-MBO/mbo_E12E14.smt2 : 1801378 ms.
--------------------------------------------------
unsat
QF_NRA/20161105-Sturm-MBO/mbo_E12E15.smt2 : 2978 ms.
--------------------------------------------------
./solvers/smtrat/run.sh: line 3: 387818 Killed                  LD_PRELOAD=libmimalloc.so ./smtrat ../$1 2> /dev/null
QF_NRA/20161105-Sturm-MBO/mbo_E12E16.smt2 : 1802887 ms.
--------------------------------------------------
./solvers/smtrat/run.sh: line 3: 392487 Killed                  LD_PRELOAD=libmimalloc.so ./smtrat ../$1 2> /dev/null
QF_NRA/20161105-Sturm-MBO/mbo_E12E17.smt2 : 1802452 ms.
--------------------------------------------------
unsat
QF_NRA/20161105-Sturm-MBO/mbo_E12E18.smt2 : 185959 ms.
--------------------------------------------------
unsat
QF_NRA/20161105-Sturm-MBO/mbo_E12E19.smt2 : 158142 ms.
--------------------------------------------------
./solvers/smtrat/run.sh: line 3: 395815 Killed                  LD_PRELOAD=libmimalloc.so ./smtrat ../$1 2> /dev/null
QF_NRA/20161105-Sturm-MBO/mbo_E12E20.smt2 : 1800868 ms.
--------------------------------------------------
./solvers/smtrat/run.sh: line 3: 398458 Killed                  LD_PRELOAD=libmimalloc.so ./smtrat ../$1 2> /dev/null
QF_NRA/20161105-Sturm-MBO/mbo_E12E21.smt2 : 1800515 ms.
--------------------------------------------------
unsat
QF_NRA/20161105-Sturm-MBO/mbo_E12E22.smt2 : 17103 ms.
--------------------------------------------------
unsat
QF_NRA/20161105-Sturm-MBO/mbo_E12E23.smt2 : 4589 ms.
--------------------------------------------------
unsat
QF_NRA/20161105-Sturm-MBO/mbo_E12E24.smt2 : 499393 ms.
--------------------------------------------------
unsat
QF_NRA/20161105-Sturm-MBO/mbo_E12E25.smt2 : 98979 ms.
--------------------------------------------------
unsat
QF_NRA/20161105-Sturm-MBO/mbo_E12E26.smt2 : 81518 ms.
--------------------------------------------------
unsat
QF_NRA/20161105-Sturm-MBO/mbo_E12E27.smt2 : 20943 ms.
--------------------------------------------------
unsat
QF_NRA/20161105-Sturm-MBO/mbo_E12E28.smt2 : 119408 ms.
--------------------------------------------------
unsat
QF_NRA/20161105-Sturm-MBO/mbo_E12.smt2 : 179 ms.
--------------------------------------------------
./solvers/smtrat/run.sh: line 3: 402012 Killed                  LD_PRELOAD=libmimalloc.so ./smtrat ../$1 2> /dev/null
QF_NRA/20161105-Sturm-MBO/mbo_E13E14.smt2 : 1803541 ms.
--------------------------------------------------
unsat
QF_NRA/20161105-Sturm-MBO/mbo_E13E15.smt2 : 53591 ms.
--------------------------------------------------
unsat
QF_NRA/20161105-Sturm-MBO/mbo_E13E16.smt2 : 3531 ms.
--------------------------------------------------
./solvers/smtrat/run.sh: line 3: 404252 Killed                  LD_PRELOAD=libmimalloc.so ./smtrat ../$1 2> /dev/null
QF_NRA/20161105-Sturm-MBO/mbo_E13E17.smt2 : 1801897 ms.
--------------------------------------------------
unsat
QF_NRA/20161105-Sturm-MBO/mbo_E13E18.smt2 : 1757149 ms.
--------------------------------------------------
unsat
QF_NRA/20161105-Sturm-MBO/mbo_E13E19.smt2 : 153246 ms.
--------------------------------------------------
unsat
QF_NRA/20161105-Sturm-MBO/mbo_E13E20.smt2 : 8137 ms.
--------------------------------------------------
./solvers/smtrat/run.sh: line 3: 408259 Killed                  LD_PRELOAD=libmimalloc.so ./smtrat ../$1 2> /dev/null
QF_NRA/20161105-Sturm-MBO/mbo_E13E21.smt2 : 1800574 ms.
--------------------------------------------------
unsat
QF_NRA/20161105-Sturm-MBO/mbo_E13E22.smt2 : 91046 ms.
--------------------------------------------------
unsat
QF_NRA/20161105-Sturm-MBO/mbo_E13E23.smt2 : 104342 ms.
--------------------------------------------------
unsat
QF_NRA/20161105-Sturm-MBO/mbo_E13E24.smt2 : 107919 ms.
--------------------------------------------------
unsat
QF_NRA/20161105-Sturm-MBO/mbo_E13E25.smt2 : 15570 ms.
--------------------------------------------------
unsat
QF_NRA/20161105-Sturm-MBO/mbo_E13E26.smt2 : 1407 ms.
--------------------------------------------------
unsat
QF_NRA/20161105-Sturm-MBO/mbo_E13E27.smt2 : 6902 ms.
--------------------------------------------------
unsat
QF_NRA/20161105-Sturm-MBO/mbo_E13E28.smt2 : 92520 ms.
--------------------------------------------------
unsat
QF_NRA/20161105-Sturm-MBO/mbo_E13.smt2 : 86 ms.
--------------------------------------------------
./solvers/smtrat/run.sh: line 3: 410644 Killed                  LD_PRELOAD=libmimalloc.so ./smtrat ../$1 2> /dev/null
QF_NRA/20161105-Sturm-MBO/mbo_E14E15.smt2 : 1806150 ms.
--------------------------------------------------
./solvers/smtrat/run.sh: line 3: 412123 Killed                  LD_PRELOAD=libmimalloc.so ./smtrat ../$1 2> /dev/null
QF_NRA/20161105-Sturm-MBO/mbo_E14E16.smt2 : 1805736 ms.
--------------------------------------------------
./solvers/smtrat/run.sh: line 3: 413761 Killed                  LD_PRELOAD=libmimalloc.so ./smtrat ../$1 2> /dev/null
QF_NRA/20161105-Sturm-MBO/mbo_E14E17.smt2 : 1801912 ms.
--------------------------------------------------
./solvers/smtrat/run.sh: line 3: 415475 Killed                  LD_PRELOAD=libmimalloc.so ./smtrat ../$1 2> /dev/null
QF_NRA/20161105-Sturm-MBO/mbo_E14E18.smt2 : 1800972 ms.
--------------------------------------------------
./solvers/smtrat/run.sh: line 3: 417175 Killed                  LD_PRELOAD=libmimalloc.so ./smtrat ../$1 2> /dev/null
QF_NRA/20161105-Sturm-MBO/mbo_E14E19.smt2 : 1801527 ms.
--------------------------------------------------
./solvers/smtrat/run.sh: line 3: 418649 Killed                  LD_PRELOAD=libmimalloc.so ./smtrat ../$1 2> /dev/null
QF_NRA/20161105-Sturm-MBO/mbo_E14E20.smt2 : 1800467 ms.
--------------------------------------------------
./solvers/smtrat/run.sh: line 3: 420414 Killed                  LD_PRELOAD=libmimalloc.so ./smtrat ../$1 2> /dev/null
QF_NRA/20161105-Sturm-MBO/mbo_E14E21.smt2 : 1800613 ms.
--------------------------------------------------
./solvers/smtrat/run.sh: line 3: 421789 Killed                  LD_PRELOAD=libmimalloc.so ./smtrat ../$1 2> /dev/null
QF_NRA/20161105-Sturm-MBO/mbo_E14E22.smt2 : 1800727 ms.
--------------------------------------------------
./solvers/smtrat/run.sh: line 3: 422857 Killed                  LD_PRELOAD=libmimalloc.so ./smtrat ../$1 2> /dev/null
QF_NRA/20161105-Sturm-MBO/mbo_E14E23.smt2 : 1800895 ms.
--------------------------------------------------
./solvers/smtrat/run.sh: line 3: 424203 Killed                  LD_PRELOAD=libmimalloc.so ./smtrat ../$1 2> /dev/null
QF_NRA/20161105-Sturm-MBO/mbo_E14E24.smt2 : 1801335 ms.
--------------------------------------------------
./solvers/smtrat/run.sh: line 3: 426095 Killed                  LD_PRELOAD=libmimalloc.so ./smtrat ../$1 2> /dev/null
QF_NRA/20161105-Sturm-MBO/mbo_E14E25.smt2 : 1810532 ms.
--------------------------------------------------
./solvers/smtrat/run.sh: line 3: 427265 Killed                  LD_PRELOAD=libmimalloc.so ./smtrat ../$1 2> /dev/null
QF_NRA/20161105-Sturm-MBO/mbo_E14E26.smt2 : 1806104 ms.
--------------------------------------------------
./solvers/smtrat/run.sh: line 3: 428291 Killed                  LD_PRELOAD=libmimalloc.so ./smtrat ../$1 2> /dev/null
QF_NRA/20161105-Sturm-MBO/mbo_E14E27.smt2 : 1804306 ms.
--------------------------------------------------
./solvers/smtrat/run.sh: line 3: 429555 Killed                  LD_PRELOAD=libmimalloc.so ./smtrat ../$1 2> /dev/null
QF_NRA/20161105-Sturm-MBO/mbo_E14E28.smt2 : 1801047 ms.
--------------------------------------------------
./solvers/smtrat/run.sh: line 3: 430899 Killed                  LD_PRELOAD=libmimalloc.so ./smtrat ../$1 2> /dev/null
QF_NRA/20161105-Sturm-MBO/mbo_E14.smt2 : 1800065 ms.
--------------------------------------------------
unsat
QF_NRA/20161105-Sturm-MBO/mbo_E15E16.smt2 : 2726 ms.
--------------------------------------------------
./solvers/smtrat/run.sh: line 3: 432109 Killed                  LD_PRELOAD=libmimalloc.so ./smtrat ../$1 2> /dev/null
QF_NRA/20161105-Sturm-MBO/mbo_E15E17.smt2 : 1801171 ms.
--------------------------------------------------
unsat
QF_NRA/20161105-Sturm-MBO/mbo_E15E18.smt2 : 120097 ms.
--------------------------------------------------
unsat
QF_NRA/20161105-Sturm-MBO/mbo_E15E19.smt2 : 747667 ms.
--------------------------------------------------
unsat
QF_NRA/20161105-Sturm-MBO/mbo_E15E20.smt2 : 1733 ms.
--------------------------------------------------
./solvers/smtrat/run.sh: line 3: 433793 Killed                  LD_PRELOAD=libmimalloc.so ./smtrat ../$1 2> /dev/null
QF_NRA/20161105-Sturm-MBO/mbo_E15E21.smt2 : 1800819 ms.
--------------------------------------------------
./solvers/smtrat/run.sh: line 3: 434862 Killed                  LD_PRELOAD=libmimalloc.so ./smtrat ../$1 2> /dev/null
QF_NRA/20161105-Sturm-MBO/mbo_E15E22.smt2 : 1801024 ms.
--------------------------------------------------
./solvers/smtrat/run.sh: line 3: 435800 Killed                  LD_PRELOAD=libmimalloc.so ./smtrat ../$1 2> /dev/null
QF_NRA/20161105-Sturm-MBO/mbo_E15E23.smt2 : 1801756 ms.
--------------------------------------------------
unsat
QF_NRA/20161105-Sturm-MBO/mbo_E15E24.smt2 : 353421 ms.
--------------------------------------------------
unsat
QF_NRA/20161105-Sturm-MBO/mbo_E15E25.smt2 : 12650 ms.
--------------------------------------------------
unsat
QF_NRA/20161105-Sturm-MBO/mbo_E15E26.smt2 : 1193 ms.
--------------------------------------------------
unsat
QF_NRA/20161105-Sturm-MBO/mbo_E15E27.smt2 : 4410 ms.
--------------------------------------------------
unsat
QF_NRA/20161105-Sturm-MBO/mbo_E15E28.smt2 : 72071 ms.
--------------------------------------------------
unsat
QF_NRA/20161105-Sturm-MBO/mbo_E15.smt2 : 78 ms.
--------------------------------------------------
unsat
QF_NRA/20161105-Sturm-MBO/mbo_E16E17.smt2 : 846 ms.
--------------------------------------------------
./solvers/smtrat/run.sh: line 3: 436704 Killed                  LD_PRELOAD=libmimalloc.so ./smtrat ../$1 2> /dev/null
QF_NRA/20161105-Sturm-MBO/mbo_E16E18.smt2 : 1802129 ms.
--------------------------------------------------
./solvers/smtrat/run.sh: line 3: 437988 Killed                  LD_PRELOAD=libmimalloc.so ./smtrat ../$1 2> /dev/null
QF_NRA/20161105-Sturm-MBO/mbo_E16E19.smt2 : 1802112 ms.
--------------------------------------------------
./solvers/smtrat/run.sh: line 3: 438798 Killed                  LD_PRELOAD=libmimalloc.so ./smtrat ../$1 2> /dev/null
QF_NRA/20161105-Sturm-MBO/mbo_E16E20.smt2 : 1801372 ms.
--------------------------------------------------
unsat
QF_NRA/20161105-Sturm-MBO/mbo_E16E21.smt2 : 432 ms.
--------------------------------------------------
./solvers/smtrat/run.sh: line 3: 439692 Killed                  LD_PRELOAD=libmimalloc.so ./smtrat ../$1 2> /dev/null
QF_NRA/20161105-Sturm-MBO/mbo_E16E22.smt2 : 1801275 ms.
--------------------------------------------------
unsat
QF_NRA/20161105-Sturm-MBO/mbo_E16E23.smt2 : 210 ms.
--------------------------------------------------
./solvers/smtrat/run.sh: line 3: 440447 Killed                  LD_PRELOAD=libmimalloc.so ./smtrat ../$1 2> /dev/null
QF_NRA/20161105-Sturm-MBO/mbo_E16E24.smt2 : 1801450 ms.
--------------------------------------------------
unsat
QF_NRA/20161105-Sturm-MBO/mbo_E16E25.smt2 : 1834 ms.
--------------------------------------------------
unsat
QF_NRA/20161105-Sturm-MBO/mbo_E16E26.smt2 : 30 ms.
--------------------------------------------------
unsat
QF_NRA/20161105-Sturm-MBO/mbo_E16E27.smt2 : 62 ms.
--------------------------------------------------
unsat
QF_NRA/20161105-Sturm-MBO/mbo_E16E28.smt2 : 243 ms.
--------------------------------------------------
unsat
QF_NRA/20161105-Sturm-MBO/mbo_E16.smt2 : 20 ms.
--------------------------------------------------
unsat
QF_NRA/20161105-Sturm-MBO/mbo_E17E18.smt2 : 37201 ms.
--------------------------------------------------
./solvers/smtrat/run.sh: line 3: 441531 Killed                  LD_PRELOAD=libmimalloc.so ./smtrat ../$1 2> /dev/null
QF_NRA/20161105-Sturm-MBO/mbo_E17E19.smt2 : 1801727 ms.
--------------------------------------------------
./solvers/smtrat/run.sh: line 3: 442228 Killed                  LD_PRELOAD=libmimalloc.so ./smtrat ../$1 2> /dev/null
QF_NRA/20161105-Sturm-MBO/mbo_E17E20.smt2 : 1800975 ms.
--------------------------------------------------
./solvers/smtrat/run.sh: line 3: 443264 Killed                  LD_PRELOAD=libmimalloc.so ./smtrat ../$1 2> /dev/null
QF_NRA/20161105-Sturm-MBO/mbo_E17E21.smt2 : 1802663 ms.
--------------------------------------------------
unsat
QF_NRA/20161105-Sturm-MBO/mbo_E17E22.smt2 : 1461 ms.
--------------------------------------------------
unsat
QF_NRA/20161105-Sturm-MBO/mbo_E17E23.smt2 : 47 ms.
--------------------------------------------------
./solvers/smtrat/run.sh: line 3: 444014 Killed                  LD_PRELOAD=libmimalloc.so ./smtrat ../$1 2> /dev/null
QF_NRA/20161105-Sturm-MBO/mbo_E17E24.smt2 : 1800982 ms.
--------------------------------------------------
./solvers/smtrat/run.sh: line 3: 444757 Killed                  LD_PRELOAD=libmimalloc.so ./smtrat ../$1 2> /dev/null
QF_NRA/20161105-Sturm-MBO/mbo_E17E25.smt2 : 1800820 ms.
--------------------------------------------------
unsat
QF_NRA/20161105-Sturm-MBO/mbo_E17E26.smt2 : 216 ms.
--------------------------------------------------
unsat
QF_NRA/20161105-Sturm-MBO/mbo_E17E27.smt2 : 60 ms.
--------------------------------------------------
unsat
QF_NRA/20161105-Sturm-MBO/mbo_E17E28.smt2 : 377 ms.
--------------------------------------------------
unsat
QF_NRA/20161105-Sturm-MBO/mbo_E17.smt2 : 22 ms.
--------------------------------------------------
./solvers/smtrat/run.sh: line 3: 445500 Killed                  LD_PRELOAD=libmimalloc.so ./smtrat ../$1 2> /dev/null
QF_NRA/20161105-Sturm-MBO/mbo_E18E19.smt2 : 1800908 ms.
--------------------------------------------------
./solvers/smtrat/run.sh: line 3: 446405 Killed                  LD_PRELOAD=libmimalloc.so ./smtrat ../$1 2> /dev/null
QF_NRA/20161105-Sturm-MBO/mbo_E18E20.smt2 : 1800965 ms.
--------------------------------------------------
./solvers/smtrat/run.sh: line 3: 447061 Killed                  LD_PRELOAD=libmimalloc.so ./smtrat ../$1 2> /dev/null
QF_NRA/20161105-Sturm-MBO/mbo_E18E21.smt2 : 1800589 ms.
--------------------------------------------------
unsat
QF_NRA/20161105-Sturm-MBO/mbo_E18E22.smt2 : 9704 ms.
--------------------------------------------------
unsat
QF_NRA/20161105-Sturm-MBO/mbo_E18E23.smt2 : 1010 ms.
--------------------------------------------------
unsat
QF_NRA/20161105-Sturm-MBO/mbo_E18E24.smt2 : 365384 ms.
--------------------------------------------------
./solvers/smtrat/run.sh: line 3: 447884 Killed                  LD_PRELOAD=libmimalloc.so ./smtrat ../$1 2> /dev/null
QF_NRA/20161105-Sturm-MBO/mbo_E18E25.smt2 : 1800704 ms.
--------------------------------------------------
./solvers/smtrat/run.sh: line 3: 448450 Killed                  LD_PRELOAD=libmimalloc.so ./smtrat ../$1 2> /dev/null
QF_NRA/20161105-Sturm-MBO/mbo_E18E26.smt2 : 1800741 ms.
--------------------------------------------------
unsat
QF_NRA/20161105-Sturm-MBO/mbo_E18E27.smt2 : 4390 ms.
--------------------------------------------------
unsat
QF_NRA/20161105-Sturm-MBO/mbo_E18E28.smt2 : 72571 ms.
--------------------------------------------------
unsat
QF_NRA/20161105-Sturm-MBO/mbo_E18.smt2 : 79 ms.
--------------------------------------------------
unsat
QF_NRA/20161105-Sturm-MBO/mbo_E19E20.smt2 : 4409 ms.
--------------------------------------------------
unsat
QF_NRA/20161105-Sturm-MBO/mbo_E19E21.smt2 : 682 ms.
--------------------------------------------------
unsat
QF_NRA/20161105-Sturm-MBO/mbo_E19E22.smt2 : 69413 ms.
--------------------------------------------------
unsat
QF_NRA/20161105-Sturm-MBO/mbo_E19E23.smt2 : 49903 ms.
--------------------------------------------------
unsat
QF_NRA/20161105-Sturm-MBO/mbo_E19E24.smt2 : 80760 ms.
--------------------------------------------------
unsat
QF_NRA/20161105-Sturm-MBO/mbo_E19E25.smt2 : 462289 ms.
--------------------------------------------------
unsat
QF_NRA/20161105-Sturm-MBO/mbo_E19E26.smt2 : 57821 ms.
--------------------------------------------------
unsat
QF_NRA/20161105-Sturm-MBO/mbo_E19E27.smt2 : 3465 ms.
--------------------------------------------------
unsat
QF_NRA/20161105-Sturm-MBO/mbo_E19E28.smt2 : 62610 ms.
--------------------------------------------------
unsat
QF_NRA/20161105-Sturm-MBO/mbo_E19.smt2 : 73 ms.
--------------------------------------------------
./solvers/smtrat/run.sh: line 3: 449603 Killed                  LD_PRELOAD=libmimalloc.so ./smtrat ../$1 2> /dev/null
QF_NRA/20161105-Sturm-MBO/mbo_E1E10.smt2 : 1801396 ms.
--------------------------------------------------
unsat
QF_NRA/20161105-Sturm-MBO/mbo_E1E11.smt2 : 19329 ms.
--------------------------------------------------
unsat
QF_NRA/20161105-Sturm-MBO/mbo_E1E12.smt2 : 1220453 ms.
--------------------------------------------------
unsat
QF_NRA/20161105-Sturm-MBO/mbo_E1E13.smt2 : 174481 ms.
--------------------------------------------------
./solvers/smtrat/run.sh: line 3: 450884 Killed                  LD_PRELOAD=libmimalloc.so ./smtrat ../$1 2> /dev/null
QF_NRA/20161105-Sturm-MBO/mbo_E1E14.smt2 : 1800645 ms.
--------------------------------------------------
unsat
QF_NRA/20161105-Sturm-MBO/mbo_E1E15.smt2 : 1149016 ms.
--------------------------------------------------
./solvers/smtrat/run.sh: line 3: 451651 Killed                  LD_PRELOAD=libmimalloc.so ./smtrat ../$1 2> /dev/null
QF_NRA/20161105-Sturm-MBO/mbo_E1E16.smt2 : 1802005 ms.
--------------------------------------------------
./solvers/smtrat/run.sh: line 3: 452145 Killed                  LD_PRELOAD=libmimalloc.so ./smtrat ../$1 2> /dev/null
QF_NRA/20161105-Sturm-MBO/mbo_E1E17.smt2 : 1801458 ms.
--------------------------------------------------
./solvers/smtrat/run.sh: line 3: 452522 Killed                  LD_PRELOAD=libmimalloc.so ./smtrat ../$1 2> /dev/null
QF_NRA/20161105-Sturm-MBO/mbo_E1E18.smt2 : 1800697 ms.
--------------------------------------------------
unsat
QF_NRA/20161105-Sturm-MBO/mbo_E1E19.smt2 : 135421 ms.
--------------------------------------------------
unsat
QF_NRA/20161105-Sturm-MBO/mbo_E1E20.smt2 : 78822 ms.
--------------------------------------------------
./solvers/smtrat/run.sh: line 3: 453124 Killed                  LD_PRELOAD=libmimalloc.so ./smtrat ../$1 2> /dev/null
QF_NRA/20161105-Sturm-MBO/mbo_E1E21.smt2 : 1801646 ms.
--------------------------------------------------
unsat
QF_NRA/20161105-Sturm-MBO/mbo_E1E22.smt2 : 438857 ms.
--------------------------------------------------
unsat
QF_NRA/20161105-Sturm-MBO/mbo_E1E23.smt2 : 78417 ms.
--------------------------------------------------
unsat
QF_NRA/20161105-Sturm-MBO/mbo_E1E24.smt2 : 329376 ms.
--------------------------------------------------
unsat
QF_NRA/20161105-Sturm-MBO/mbo_E1E25.smt2 : 90110 ms.
--------------------------------------------------
unsat
QF_NRA/20161105-Sturm-MBO/mbo_E1E26.smt2 : 71600 ms.
--------------------------------------------------
unsat
QF_NRA/20161105-Sturm-MBO/mbo_E1E27.smt2 : 7450 ms.
--------------------------------------------------
unsat
QF_NRA/20161105-Sturm-MBO/mbo_E1E28.smt2 : 102399 ms.
--------------------------------------------------
./solvers/smtrat/run.sh: line 3: 453929 Killed                  LD_PRELOAD=libmimalloc.so ./smtrat ../$1 2> /dev/null
QF_NRA/20161105-Sturm-MBO/mbo_E1E2.smt2 : 1800571 ms.
--------------------------------------------------
./solvers/smtrat/run.sh: line 3: 454482 Killed                  LD_PRELOAD=libmimalloc.so ./smtrat ../$1 2> /dev/null
QF_NRA/20161105-Sturm-MBO/mbo_E1E3.smt2 : 1800436 ms.
--------------------------------------------------
./solvers/smtrat/run.sh: line 3: 454904 Killed                  LD_PRELOAD=libmimalloc.so ./smtrat ../$1 2> /dev/null
QF_NRA/20161105-Sturm-MBO/mbo_E1E4.smt2 : 1800988 ms.
--------------------------------------------------
unsat
QF_NRA/20161105-Sturm-MBO/mbo_E1E5.smt2 : 192670 ms.
--------------------------------------------------
./solvers/smtrat/run.sh: line 3: 455262 Killed                  LD_PRELOAD=libmimalloc.so ./smtrat ../$1 2> /dev/null
QF_NRA/20161105-Sturm-MBO/mbo_E1E6.smt2 : 1801967 ms.
--------------------------------------------------
unsat
QF_NRA/20161105-Sturm-MBO/mbo_E1E7.smt2 : 35353 ms.
--------------------------------------------------
unsat
QF_NRA/20161105-Sturm-MBO/mbo_E1E8.smt2 : 170992 ms.
--------------------------------------------------
./solvers/smtrat/run.sh: line 3: 455744 Killed                  LD_PRELOAD=libmimalloc.so ./smtrat ../$1 2> /dev/null
QF_NRA/20161105-Sturm-MBO/mbo_E1E9.smt2 : 1802061 ms.
--------------------------------------------------
unsat
QF_NRA/20161105-Sturm-MBO/mbo_E1.smt2 : 737 ms.
--------------------------------------------------
unsat
QF_NRA/20161105-Sturm-MBO/mbo_E20E21.smt2 : 37 ms.
--------------------------------------------------
unsat
QF_NRA/20161105-Sturm-MBO/mbo_E20E22.smt2 : 277 ms.
--------------------------------------------------
unsat
QF_NRA/20161105-Sturm-MBO/mbo_E20E23.smt2 : 174 ms.
--------------------------------------------------
unsat
QF_NRA/20161105-Sturm-MBO/mbo_E20E24.smt2 : 1247 ms.
--------------------------------------------------
unsat
QF_NRA/20161105-Sturm-MBO/mbo_E20E25.smt2 : 1152 ms.
--------------------------------------------------
unsat
QF_NRA/20161105-Sturm-MBO/mbo_E20E26.smt2 : 255 ms.
--------------------------------------------------
unsat
QF_NRA/20161105-Sturm-MBO/mbo_E20E27.smt2 : 55 ms.
--------------------------------------------------
unsat
QF_NRA/20161105-Sturm-MBO/mbo_E20E28.smt2 : 211 ms.
--------------------------------------------------
unsat
QF_NRA/20161105-Sturm-MBO/mbo_E20.smt2 : 30 ms.
--------------------------------------------------
./solvers/smtrat/run.sh: line 3: 456162 Killed                  LD_PRELOAD=libmimalloc.so ./smtrat ../$1 2> /dev/null
QF_NRA/20161105-Sturm-MBO/mbo_E21E22.smt2 : 1800403 ms.
--------------------------------------------------
unsat
QF_NRA/20161105-Sturm-MBO/mbo_E21E23.smt2 : 510 ms.
--------------------------------------------------
unsat
QF_NRA/20161105-Sturm-MBO/mbo_E21E24.smt2 : 1503 ms.
--------------------------------------------------
./solvers/smtrat/run.sh: line 3: 456533 Killed                  LD_PRELOAD=libmimalloc.so ./smtrat ../$1 2> /dev/null
QF_NRA/20161105-Sturm-MBO/mbo_E21E25.smt2 : 1800597 ms.
--------------------------------------------------
unsat
QF_NRA/20161105-Sturm-MBO/mbo_E21E26.smt2 : 22 ms.
--------------------------------------------------
unsat
QF_NRA/20161105-Sturm-MBO/mbo_E21E27.smt2 : 14 ms.
--------------------------------------------------
unsat
QF_NRA/20161105-Sturm-MBO/mbo_E21E28.smt2 : 16 ms.
--------------------------------------------------
unsat
QF_NRA/20161105-Sturm-MBO/mbo_E21.smt2 : 12 ms.
--------------------------------------------------
unsat
QF_NRA/20161105-Sturm-MBO/mbo_E22E23.smt2 : 35 ms.
--------------------------------------------------
unsat
QF_NRA/20161105-Sturm-MBO/mbo_E22E24.smt2 : 2038 ms.
--------------------------------------------------
unsat
QF_NRA/20161105-Sturm-MBO/mbo_E22E25.smt2 : 1273 ms.
--------------------------------------------------
unsat
QF_NRA/20161105-Sturm-MBO/mbo_E22E26.smt2 : 211 ms.
--------------------------------------------------
unsat
QF_NRA/20161105-Sturm-MBO/mbo_E22E27.smt2 : 101 ms.
--------------------------------------------------
unsat
QF_NRA/20161105-Sturm-MBO/mbo_E22E28.smt2 : 306 ms.
--------------------------------------------------
unsat
QF_NRA/20161105-Sturm-MBO/mbo_E22.smt2 : 18 ms.
--------------------------------------------------
unsat
QF_NRA/20161105-Sturm-MBO/mbo_E23E24.smt2 : 2299 ms.
--------------------------------------------------
unsat
QF_NRA/20161105-Sturm-MBO/mbo_E23E25.smt2 : 1155 ms.
--------------------------------------------------
unsat
QF_NRA/20161105-Sturm-MBO/mbo_E23E26.smt2 : 20 ms.
