--------------------------------------------------
sat
QF_NRA/LassoRanker/CooperatingT2/a.10.c.t2.c_Iteration2_Loop_4-pieceTemplate.smt2 : 1478 ms.
--------------------------------------------------
sat
QF_NRA/LassoRanker/CooperatingT2/a.10.c.t2.c_Iteration5_Loop_4-pieceTemplate.smt2 : 1555 ms.
--------------------------------------------------
sat
QF_NRA/LassoRanker/CooperatingT2/a.10.c.t2.c_Iteration6_Loop_4-pieceTemplate.smt2 : 1509 ms.
--------------------------------------------------
sat
QF_NRA/LassoRanker/CooperatingT2/a.10.c.t2.c_Iteration9_Loop_4-pieceTemplate.smt2 : 1443 ms.
--------------------------------------------------
unsat
QF_NRA/LassoRanker/CooperatingT2/afagp-fail.t2.c_Iteration1_Lasso_3-pieceTemplate.smt2 : 511668 ms.
--------------------------------------------------
unknown
unsat
QF_NRA/LassoRanker/CooperatingT2/afagp-fail.t2.c_Iteration1_Lasso_4-pieceTemplate.smt2 : 635236 ms.
--------------------------------------------------
unsat
QF_NRA/LassoRanker/CooperatingT2/afagp-fail.t2.c_Iteration1_Lasso_5-phaseTemplate.smt2 : 1749 ms.
--------------------------------------------------
unsat
QF_NRA/LassoRanker/CooperatingT2/afagp-fail.t2.c_Iteration1_Lasso_6-phaseTemplate.smt2 : 2984 ms.
--------------------------------------------------
unsat
QF_NRA/LassoRanker/CooperatingT2/afagp-fail.t2.c_Iteration1_Lasso_7-phaseTemplate.smt2 : 3406 ms.
--------------------------------------------------
unsat
QF_NRA/LassoRanker/CooperatingT2/agafp.t2.c_Iteration1_Lasso_3-pieceTemplate.smt2 : 20022 ms.
--------------------------------------------------
unknown
unsat
QF_NRA/LassoRanker/CooperatingT2/agafp.t2.c_Iteration1_Lasso_4-pieceTemplate.smt2 : 605826 ms.
--------------------------------------------------
unsat
QF_NRA/LassoRanker/CooperatingT2/agafp.t2.c_Iteration1_Lasso_5-phaseTemplate.smt2 : 515 ms.
--------------------------------------------------
unsat
QF_NRA/LassoRanker/CooperatingT2/agafp.t2.c_Iteration1_Lasso_6-phaseTemplate.smt2 : 533 ms.
--------------------------------------------------
unsat
QF_NRA/LassoRanker/CooperatingT2/agafp.t2.c_Iteration1_Lasso_7-phaseTemplate.smt2 : 2497 ms.
--------------------------------------------------
sat
QF_NRA/LassoRanker/CooperatingT2/bf10.t2.c_Iteration1_Loop_4-pieceTemplate.smt2 : 3602 ms.
--------------------------------------------------
sat
QF_NRA/LassoRanker/CooperatingT2/bf12.t2.c_Iteration1_Loop_4-pieceTemplate.smt2 : 3440 ms.
--------------------------------------------------
sat
QF_NRA/LassoRanker/CooperatingT2/bf13.t2.c_Iteration1_Loop_4-pieceTemplate.smt2 : 3396 ms.
--------------------------------------------------
sat
QF_NRA/LassoRanker/CooperatingT2/bf20.t2.c_Iteration1_Loop_4-pieceTemplate.smt2 : 3595 ms.
--------------------------------------------------
sat
QF_NRA/LassoRanker/CooperatingT2/bf5.t2.c_Iteration1_Loop_4-pieceTemplate.smt2 : 3388 ms.
--------------------------------------------------
sat
QF_NRA/LassoRanker/CooperatingT2/bf6.t2.c_Iteration1_Loop_4-pieceTemplate.smt2 : 3365 ms.
--------------------------------------------------
sat
QF_NRA/LassoRanker/CooperatingT2/bitcount16.t2.c_Iteration1_Loop_4-pieceTemplate.smt2 : 3485 ms.
--------------------------------------------------
sat
QF_NRA/LassoRanker/CooperatingT2/broydn.c.i.broydn.pl.t2.fixed.t2.c_Iteration1_Loop_4-pieceTemplate.smt2 : 4176 ms.
--------------------------------------------------
sat
QF_NRA/LassoRanker/CooperatingT2/broydn.t2.c_Iteration1_Loop_4-pieceTemplate.smt2 : 4211 ms.
--------------------------------------------------
sat
QF_NRA/LassoRanker/CooperatingT2/brp_withassume.t2.c_Iteration1_Loop_3-pieceTemplate.smt2 : 241730 ms.
--------------------------------------------------
unknown
unknown
QF_NRA/LassoRanker/CooperatingT2/brp_withassume.t2.c_Iteration1_Loop_4-pieceTemplate.smt2 : 1800013 ms.
--------------------------------------------------
sat
QF_NRA/LassoRanker/CooperatingT2/brp_withassume.t2.c_Iteration8_Loop_2-pieceTemplate.smt2 : 69140 ms.
--------------------------------------------------
sat
QF_NRA/LassoRanker/CooperatingT2/brp_withassume.t2.c_Iteration8_Loop_3-pieceTemplate.smt2 : 308107 ms.
--------------------------------------------------
unknown
unknown
QF_NRA/LassoRanker/CooperatingT2/brp_withassume.t2.c_Iteration8_Loop_4-pieceTemplate.smt2 : 1800006 ms.
--------------------------------------------------
sat
QF_NRA/LassoRanker/CooperatingT2/bsort100.t2.c_Iteration12_Loop_4-pieceTemplate.smt2 : 4088 ms.
--------------------------------------------------
sat
QF_NRA/LassoRanker/CooperatingT2/bsort100.t2.c_Iteration13_Loop_4-pieceTemplate.smt2 : 5450 ms.
--------------------------------------------------
sat
QF_NRA/LassoRanker/CooperatingT2/bubblesort_inner_loop.t2.c_Iteration1_Loop_3-pieceTemplate.smt2 : 1875 ms.
--------------------------------------------------
sat
QF_NRA/LassoRanker/CooperatingT2/bubblesort_inner_loop.t2.c_Iteration1_Loop_4-pieceTemplate.smt2 : 4530 ms.
--------------------------------------------------
sat
QF_NRA/LassoRanker/CooperatingT2/bubbleSort.t2.c_Iteration5_Loop_4-pieceTemplate.smt2 : 3422 ms.
--------------------------------------------------
sat
QF_NRA/LassoRanker/CooperatingT2/bubbleSort.t2.c_Iteration6_Loop_4-pieceTemplate.smt2 : 4005 ms.
--------------------------------------------------
unsat
QF_NRA/LassoRanker/CooperatingT2/byron-1.t2.c_Iteration1_Loop_3-pieceTemplate.smt2 : 9069 ms.
--------------------------------------------------
unsat
QF_NRA/LassoRanker/CooperatingT2/byron-1.t2.c_Iteration1_Loop_4-pieceTemplate.smt2 : 13402 ms.
--------------------------------------------------
sat
QF_NRA/LassoRanker/CooperatingT2/byron-2.t2.c_Iteration2_Loop_3-pieceTemplate.smt2 : 11465 ms.
--------------------------------------------------
sat
QF_NRA/LassoRanker/CooperatingT2/byron-2.t2.c_Iteration2_Loop_4-pieceTemplate.smt2 : 31121 ms.
--------------------------------------------------
sat
QF_NRA/LassoRanker/CooperatingT2/byron-2.t2.c_Iteration3_Loop_4-pieceTemplate.smt2 : 3206 ms.
--------------------------------------------------
unsat
QF_NRA/LassoRanker/CooperatingT2/byron-3.t2.c_Iteration1_Loop_4-pieceTemplate.smt2 : 22390 ms.
--------------------------------------------------
unsat
QF_NRA/LassoRanker/CooperatingT2/collatz.t2.c_Iteration1_Loop_3-pieceTemplate.smt2 : 9474 ms.
--------------------------------------------------
unknown
unsat
QF_NRA/LassoRanker/CooperatingT2/collatz.t2.c_Iteration1_Loop_4-pieceTemplate.smt2 : 618543 ms.
--------------------------------------------------
unsat
QF_NRA/LassoRanker/CooperatingT2/collatz.t2.c_Iteration3_Lasso_3-pieceTemplate.smt2 : 30816 ms.
--------------------------------------------------
unknown
unsat
QF_NRA/LassoRanker/CooperatingT2/collatz.t2.c_Iteration3_Lasso_4-pieceTemplate.smt2 : 625442 ms.
--------------------------------------------------
unsat
QF_NRA/LassoRanker/CooperatingT2/collatz.t2.c_Iteration3_Lasso_6-phaseTemplate.smt2 : 2829 ms.
--------------------------------------------------
unsat
QF_NRA/LassoRanker/CooperatingT2/collatz.t2.c_Iteration3_Lasso_7-phaseTemplate.smt2 : 15665 ms.
--------------------------------------------------
unsat
QF_NRA/LassoRanker/CooperatingT2/collatz.t2.c_Iteration3_Loop_3-pieceTemplate.smt2 : 101534 ms.
--------------------------------------------------
unknown
unsat
QF_NRA/LassoRanker/CooperatingT2/collatz.t2.c_Iteration3_Loop_4-pieceTemplate.smt2 : 624742 ms.
--------------------------------------------------
unsat
QF_NRA/LassoRanker/CooperatingT2/collatz.t2.c_Iteration3_Loop_6-phaseTemplate.smt2 : 2496 ms.
--------------------------------------------------
unsat
QF_NRA/LassoRanker/CooperatingT2/collatz.t2.c_Iteration3_Loop_7-phaseTemplate.smt2 : 17908 ms.
--------------------------------------------------
sat
QF_NRA/LassoRanker/CooperatingT2/consts1.t2.c_Iteration1_Lasso_4-pieceTemplate.smt2 : 996 ms.
--------------------------------------------------
unsat
QF_NRA/LassoRanker/CooperatingT2/curious4.t2.c_Iteration1_Lasso_3-pieceTemplate.smt2 : 69127 ms.
--------------------------------------------------
unknown
unsat
QF_NRA/LassoRanker/CooperatingT2/curious4.t2.c_Iteration1_Lasso_4-pieceTemplate.smt2 : 725988 ms.
--------------------------------------------------
sat
QF_NRA/LassoRanker/CooperatingT2/db2.t2.c_Iteration3_Loop_4-pieceTemplate.smt2 : 3561 ms.
--------------------------------------------------
sat
QF_NRA/LassoRanker/CooperatingT2/db3.t2.c_Iteration2_Loop_4-pieceTemplate.smt2 : 2844 ms.
--------------------------------------------------
sat
QF_NRA/LassoRanker/CooperatingT2/disj_nightmare.t2.c_Iteration1_Lasso_2-pieceTemplate.smt2 : 8626 ms.
--------------------------------------------------
sat
QF_NRA/LassoRanker/CooperatingT2/disj_nightmare.t2.c_Iteration1_Lasso_3-pieceTemplate.smt2 : 33034 ms.
--------------------------------------------------
sat
QF_NRA/LassoRanker/CooperatingT2/disj_nightmare.t2.c_Iteration1_Lasso_4-pieceTemplate.smt2 : 75052 ms.
--------------------------------------------------
sat
QF_NRA/LassoRanker/CooperatingT2/disj_nightmare.t2.c_Iteration1_Loop_2-pieceTemplate.smt2 : 6404 ms.
--------------------------------------------------
sat
QF_NRA/LassoRanker/CooperatingT2/disj_nightmare.t2.c_Iteration1_Loop_3-pieceTemplate.smt2 : 26218 ms.
--------------------------------------------------
sat
QF_NRA/LassoRanker/CooperatingT2/disj_nightmare.t2.c_Iteration1_Loop_4-pieceTemplate.smt2 : 61528 ms.
--------------------------------------------------
sat
QF_NRA/LassoRanker/CooperatingT2/dropbuf.t2.c_Iteration2_Loop_3-pieceTemplate.smt2 : 2573 ms.
--------------------------------------------------
sat
QF_NRA/LassoRanker/CooperatingT2/dropbuf.t2.c_Iteration2_Loop_4-pieceTemplate.smt2 : 5431 ms.
--------------------------------------------------
sat
QF_NRA/LassoRanker/CooperatingT2/dropbuf.t2.c_Iteration3_Loop_4-pieceTemplate.smt2 : 54477 ms.
--------------------------------------------------
unknown
unsat
QF_NRA/LassoRanker/CooperatingT2/efegp.t2.c_Iteration1_Lasso_3-pieceTemplate.smt2 : 620388 ms.
--------------------------------------------------
unsat
QF_NRA/LassoRanker/CooperatingT2/efegp.t2.c_Iteration1_Lasso_4-lexTemplate.smt2 : 1691 ms.
--------------------------------------------------
unknown
unsat
QF_NRA/LassoRanker/CooperatingT2/efegp.t2.c_Iteration1_Lasso_4-pieceTemplate.smt2 : 656992 ms.
--------------------------------------------------
sat
QF_NRA/LassoRanker/CooperatingT2/elmhes.c.i.elmhes.pl.t2.fixed.t2.c_Iteration2_Loop_4-pieceTemplate.smt2 : 5763 ms.
--------------------------------------------------
sat
QF_NRA/LassoRanker/CooperatingT2/elmhes.c.i.elmhes.pl.t2.fixed.t2.c_Iteration6_Loop_4-pieceTemplate.smt2 : 2735 ms.
--------------------------------------------------
sat
QF_NRA/LassoRanker/CooperatingT2/elmhes.t2.c_Iteration2_Loop_4-pieceTemplate.smt2 : 6828 ms.
--------------------------------------------------
sat
QF_NRA/LassoRanker/CooperatingT2/elmhes.t2.c_Iteration6_Loop_4-pieceTemplate.smt2 : 3680 ms.
--------------------------------------------------
sat
QF_NRA/LassoRanker/CooperatingT2/eric2.t2.c_Iteration11_Loop_4-pieceTemplate.smt2 : 779 ms.
--------------------------------------------------
unsat
QF_NRA/LassoRanker/CooperatingT2/eric2.t2.c_Iteration1_Loop_4-pieceTemplate.smt2 : 6353 ms.
--------------------------------------------------
unsat
QF_NRA/LassoRanker/CooperatingT2/eric2.t2.c_Iteration2_Loop_3-pieceTemplate.smt2 : 3429 ms.
--------------------------------------------------
unsat
QF_NRA/LassoRanker/CooperatingT2/eric2.t2.c_Iteration2_Loop_4-pieceTemplate.smt2 : 10655 ms.
--------------------------------------------------
unsat
QF_NRA/LassoRanker/CooperatingT2/eric2.t2.c_Iteration3_Loop_4-pieceTemplate.smt2 : 7089 ms.
--------------------------------------------------
sat
QF_NRA/LassoRanker/CooperatingT2/eric2.t2.c_Iteration3_Loop_7-phaseTemplate.smt2 : 451 ms.
--------------------------------------------------
unsat
QF_NRA/LassoRanker/CooperatingT2/eric2.t2.c_Iteration4_Loop_3-pieceTemplate.smt2 : 1482 ms.
--------------------------------------------------
unsat
QF_NRA/LassoRanker/CooperatingT2/eric2.t2.c_Iteration4_Loop_4-pieceTemplate.smt2 : 7303 ms.
--------------------------------------------------
unsat
QF_NRA/LassoRanker/CooperatingT2/eric2.t2.c_Iteration5_Loop_4-pieceTemplate.smt2 : 4875 ms.
--------------------------------------------------
sat
QF_NRA/LassoRanker/CooperatingT2/eric2.t2.c_Iteration6_Loop_4-pieceTemplate.smt2 : 1319 ms.
--------------------------------------------------
unsat
QF_NRA/LassoRanker/CooperatingT2/eric2.t2.c_Iteration7_Loop_3-pieceTemplate.smt2 : 166891 ms.
--------------------------------------------------
unsat
QF_NRA/LassoRanker/CooperatingT2/eric2.t2.c_Iteration7_Loop_4-pieceTemplate.smt2 : 387269 ms.
--------------------------------------------------
unsat
QF_NRA/LassoRanker/CooperatingT2/eric2.t2.c_Iteration8_Loop_3-pieceTemplate.smt2 : 2549 ms.
--------------------------------------------------
unsat
QF_NRA/LassoRanker/CooperatingT2/eric2.t2.c_Iteration8_Loop_4-pieceTemplate.smt2 : 6730 ms.
--------------------------------------------------
unsat
QF_NRA/LassoRanker/CooperatingT2/eric2.t2.c_Iteration9_Loop_3-pieceTemplate.smt2 : 55492 ms.
--------------------------------------------------
unknown
unsat
QF_NRA/LassoRanker/CooperatingT2/eric2.t2.c_Iteration9_Loop_4-pieceTemplate.smt2 : 634954 ms.
--------------------------------------------------
sat
QF_NRA/LassoRanker/CooperatingT2/eric.t2.c_Iteration1_Lasso_2-pieceTemplate.smt2 : 187513 ms.
--------------------------------------------------
unknown
sat
QF_NRA/LassoRanker/CooperatingT2/eric.t2.c_Iteration1_Lasso_3-pieceTemplate.smt2 : 841317 ms.
--------------------------------------------------
unknown
unknown
sat
QF_NRA/LassoRanker/CooperatingT2/eric.t2.c_Iteration1_Lasso_4-pieceTemplate.smt2 : 1608372 ms.
--------------------------------------------------
unsat
QF_NRA/LassoRanker/CooperatingT2/eric.t2.c_Iteration1_Lasso_5-phaseTemplate.smt2 : 896 ms.
--------------------------------------------------
unsat
QF_NRA/LassoRanker/CooperatingT2/eric.t2.c_Iteration1_Lasso_6-phaseTemplate.smt2 : 1088 ms.
--------------------------------------------------
unsat
QF_NRA/LassoRanker/CooperatingT2/eric.t2.c_Iteration1_Lasso_7-phaseTemplate.smt2 : 1392 ms.
--------------------------------------------------
unsat
QF_NRA/LassoRanker/CooperatingT2/eric.t2.c_Iteration1_Loop_2-pieceTemplate.smt2 : 3540 ms.
--------------------------------------------------
unsat
QF_NRA/LassoRanker/CooperatingT2/eric.t2.c_Iteration1_Loop_3-pieceTemplate.smt2 : 26621 ms.
--------------------------------------------------
unsat
QF_NRA/LassoRanker/CooperatingT2/eric.t2.c_Iteration1_Loop_4-pieceTemplate.smt2 : 124425 ms.
--------------------------------------------------
unsat
QF_NRA/LassoRanker/CooperatingT2/eric.t2.c_Iteration1_Loop_5-phaseTemplate.smt2 : 642 ms.
--------------------------------------------------
unsat
QF_NRA/LassoRanker/CooperatingT2/eric.t2.c_Iteration1_Loop_6-phaseTemplate.smt2 : 780 ms.
--------------------------------------------------
unsat
QF_NRA/LassoRanker/CooperatingT2/eric.t2.c_Iteration1_Loop_7-phaseTemplate.smt2 : 1014 ms.
--------------------------------------------------
unknown
unsat
QF_NRA/LassoRanker/CooperatingT2/ex11.t2.c_Iteration1_Lasso_2-pieceTemplate.smt2 : 724627 ms.
--------------------------------------------------
unknown
unknown
QF_NRA/LassoRanker/CooperatingT2/ex11.t2.c_Iteration1_Lasso_3-pieceTemplate.smt2 : 1800006 ms.
--------------------------------------------------
unsat
QF_NRA/LassoRanker/CooperatingT2/ex11.t2.c_Iteration1_Lasso_4-lexTemplate.smt2 : 22971 ms.
--------------------------------------------------
unsat
QF_NRA/LassoRanker/CooperatingT2/ex11.t2.c_Iteration1_Lasso_4-phaseTemplate.smt2 : 2811 ms.
--------------------------------------------------
QF_NRA/LassoRanker/CooperatingT2/ex11.t2.c_Iteration1_Lasso_4-pieceTemplate.smt2 : 1800015 ms.
--------------------------------------------------
unsat
QF_NRA/LassoRanker/CooperatingT2/ex11.t2.c_Iteration1_Lasso_5-phaseTemplate.smt2 : 3969 ms.
--------------------------------------------------
unsat
QF_NRA/LassoRanker/CooperatingT2/ex11.t2.c_Iteration1_Lasso_6-phaseTemplate.smt2 : 4439 ms.
--------------------------------------------------
unsat
QF_NRA/LassoRanker/CooperatingT2/ex11.t2.c_Iteration1_Lasso_7-phaseTemplate.smt2 : 6098 ms.
--------------------------------------------------
sat
QF_NRA/LassoRanker/CooperatingT2/ex12.t2.c_Iteration1_Loop_4-pieceTemplate.smt2 : 460 ms.
--------------------------------------------------
sat
QF_NRA/LassoRanker/CooperatingT2/ex14.t2.c_Iteration1_Loop_4-pieceTemplate.smt2 : 422 ms.
--------------------------------------------------
sat
QF_NRA/LassoRanker/CooperatingT2/ex18.t2.c_Iteration2_Loop_4-pieceTemplate.smt2 : 2669 ms.
--------------------------------------------------
sat
QF_NRA/LassoRanker/CooperatingT2/ex21.t2.c_Iteration1_Loop_3-pieceTemplate.smt2 : 222 ms.
--------------------------------------------------
sat
QF_NRA/LassoRanker/CooperatingT2/ex21.t2.c_Iteration1_Loop_4-pieceTemplate.smt2 : 529 ms.
--------------------------------------------------
sat
QF_NRA/LassoRanker/CooperatingT2/ex21.t2.c_Iteration2_Loop_4-pieceTemplate.smt2 : 408 ms.
--------------------------------------------------
sat
QF_NRA/LassoRanker/CooperatingT2/ex4.t2.c_Iteration1_Loop_4-pieceTemplate.smt2 : 4171 ms.
--------------------------------------------------
sat
QF_NRA/LassoRanker/CooperatingT2/ex4.t2.c_Iteration2_Loop_3-pieceTemplate.smt2 : 2124 ms.
--------------------------------------------------
sat
QF_NRA/LassoRanker/CooperatingT2/ex4.t2.c_Iteration2_Loop_4-pieceTemplate.smt2 : 5745 ms.
--------------------------------------------------
sat
QF_NRA/LassoRanker/CooperatingT2/example.t2.c_Iteration1_Loop_4-pieceTemplate.smt2 : 2826 ms.
--------------------------------------------------
sat
QF_NRA/LassoRanker/CooperatingT2/fibcall.t2.c_Iteration1_Loop_4-pieceTemplate.smt2 : 504 ms.
--------------------------------------------------
sat
QF_NRA/LassoRanker/CooperatingT2/firewire.t2.c_Iteration1_Lasso_3-pieceTemplate.smt2 : 42266 ms.
--------------------------------------------------
sat
QF_NRA/LassoRanker/CooperatingT2/firewire.t2.c_Iteration1_Lasso_4-lexTemplate.smt2 : 16190 ms.
--------------------------------------------------
sat
QF_NRA/LassoRanker/CooperatingT2/firewire.t2.c_Iteration1_Lasso_4-pieceTemplate.smt2 : 108893 ms.
--------------------------------------------------
sat
QF_NRA/LassoRanker/CooperatingT2/firewire.t2.c_Iteration1_Lasso_5-phaseTemplate.smt2 : 12668 ms.
--------------------------------------------------
sat
QF_NRA/LassoRanker/CooperatingT2/firewire.t2.c_Iteration1_Lasso_6-nestedTemplate.smt2 : 12234 ms.
--------------------------------------------------
sat
QF_NRA/LassoRanker/CooperatingT2/firewire.t2.c_Iteration1_Lasso_6-phaseTemplate.smt2 : 18828 ms.
--------------------------------------------------
sat
QF_NRA/LassoRanker/CooperatingT2/firewire.t2.c_Iteration1_Lasso_7-nestedTemplate.smt2 : 15188 ms.
--------------------------------------------------
sat
QF_NRA/LassoRanker/CooperatingT2/firewire.t2.c_Iteration1_Lasso_7-phaseTemplate.smt2 : 22947 ms.
--------------------------------------------------
sat
QF_NRA/LassoRanker/CooperatingT2/firewire.t2.c_Iteration3_Loop_3-pieceTemplate.smt2 : 9577 ms.
--------------------------------------------------
sat
QF_NRA/LassoRanker/CooperatingT2/firewire.t2.c_Iteration3_Loop_4-pieceTemplate.smt2 : 25124 ms.
--------------------------------------------------
unsat
QF_NRA/LassoRanker/CooperatingT2/flipflop.t2.c_Iteration1_Lasso_2-pieceTemplate.smt2 : 163 ms.
--------------------------------------------------
unsat
QF_NRA/LassoRanker/CooperatingT2/flipflop.t2.c_Iteration1_Lasso_3-pieceTemplate.smt2 : 1580 ms.
--------------------------------------------------
unsat
QF_NRA/LassoRanker/CooperatingT2/flipflop.t2.c_Iteration1_Lasso_4-pieceTemplate.smt2 : 72454 ms.
--------------------------------------------------
unsat
QF_NRA/LassoRanker/CooperatingT2/flipflop.t2.c_Iteration1_Loop_2-pieceTemplate.smt2 : 124 ms.
--------------------------------------------------
unsat
QF_NRA/LassoRanker/CooperatingT2/flipflop.t2.c_Iteration1_Loop_3-pieceTemplate.smt2 : 1726 ms.
--------------------------------------------------
unsat
QF_NRA/LassoRanker/CooperatingT2/flipflop.t2.c_Iteration1_Loop_4-pieceTemplate.smt2 : 66029 ms.
--------------------------------------------------
sat
QF_NRA/LassoRanker/CooperatingT2/fuhs-inflasso.t2.c_Iteration2_Loop_4-pieceTemplate.smt2 : 495 ms.
--------------------------------------------------
sat
QF_NRA/LassoRanker/CooperatingT2/fun4.t2.c_Iteration1_Lasso_2-pieceTemplate.smt2 : 243049 ms.
--------------------------------------------------
QF_NRA/LassoRanker/CooperatingT2/fun4.t2.c_Iteration1_Lasso_3-pieceTemplate.smt2 : 1800025 ms.
--------------------------------------------------
unknown
unknown
sat
QF_NRA/LassoRanker/CooperatingT2/fun4.t2.c_Iteration1_Lasso_4-pieceTemplate.smt2 : 1280606 ms.
--------------------------------------------------
unsat
QF_NRA/LassoRanker/CooperatingT2/fun4.t2.c_Iteration1_Lasso_6-phaseTemplate.smt2 : 430 ms.
--------------------------------------------------
unsat
QF_NRA/LassoRanker/CooperatingT2/fun4.t2.c_Iteration1_Lasso_7-phaseTemplate.smt2 : 628 ms.
--------------------------------------------------
unsat
QF_NRA/LassoRanker/CooperatingT2/fun4.t2.c_Iteration1_Loop_3-pieceTemplate.smt2 : 4350 ms.
--------------------------------------------------
unsat
QF_NRA/LassoRanker/CooperatingT2/fun4.t2.c_Iteration1_Loop_4-pieceTemplate.smt2 : 18898 ms.
--------------------------------------------------
sat
QF_NRA/LassoRanker/CooperatingT2/fun8.t2.c_Iteration2_Loop_3-pieceTemplate.smt2 : 734 ms.
--------------------------------------------------
sat
QF_NRA/LassoRanker/CooperatingT2/fun8.t2.c_Iteration2_Loop_4-pieceTemplate.smt2 : 1701 ms.
--------------------------------------------------
sat
QF_NRA/LassoRanker/CooperatingT2/fun9.t2.c_Iteration1_Loop_4-pieceTemplate.smt2 : 2430 ms.
--------------------------------------------------
sat
QF_NRA/LassoRanker/CooperatingT2/fun9.t2.c_Iteration2_Loop_4-pieceTemplate.smt2 : 955 ms.
--------------------------------------------------
sat
QF_NRA/LassoRanker/CooperatingT2/fun9.t2.c_Iteration3_Loop_4-pieceTemplate.smt2 : 1013 ms.
--------------------------------------------------
sat
QF_NRA/LassoRanker/CooperatingT2/fun9.t2.c_Iteration4_Loop_3-pieceTemplate.smt2 : 2107 ms.
--------------------------------------------------
sat
QF_NRA/LassoRanker/CooperatingT2/fun9.t2.c_Iteration4_Loop_4-pieceTemplate.smt2 : 4891 ms.
--------------------------------------------------
sat
QF_NRA/LassoRanker/CooperatingT2/graycode.t2.c_Iteration15_Loop_3-pieceTemplate.smt2 : 2679 ms.
--------------------------------------------------
sat
QF_NRA/LassoRanker/CooperatingT2/graycode.t2.c_Iteration15_Loop_4-pieceTemplate.smt2 : 6796 ms.
--------------------------------------------------
sat
QF_NRA/LassoRanker/CooperatingT2/graycode.t2.c_Iteration22_Loop_4-pieceTemplate.smt2 : 6585 ms.
--------------------------------------------------
sat
QF_NRA/LassoRanker/CooperatingT2/graycode.t2.c_Iteration3_Loop_4-pieceTemplate.smt2 : 6931 ms.
--------------------------------------------------
unsat
QF_NRA/LassoRanker/CooperatingT2/heidy7-simple.t2.c_Iteration2_Lasso_3-pieceTemplate.smt2 : 81889 ms.
--------------------------------------------------
unknown
unsat
QF_NRA/LassoRanker/CooperatingT2/heidy7-simple.t2.c_Iteration2_Lasso_4-pieceTemplate.smt2 : 605197 ms.
--------------------------------------------------
sat
QF_NRA/LassoRanker/CooperatingT2/heidy7.t2.c_Iteration1_Loop_3-pieceTemplate.smt2 : 1246 ms.
--------------------------------------------------
sat
QF_NRA/LassoRanker/CooperatingT2/heidy7.t2.c_Iteration1_Loop_4-pieceTemplate.smt2 : 3387 ms.
--------------------------------------------------
unsat
QF_NRA/LassoRanker/CooperatingT2/heidy7.t2.c_Iteration2_Lasso_2-pieceTemplate.smt2 : 2815 ms.
--------------------------------------------------
unsat
QF_NRA/LassoRanker/CooperatingT2/heidy7.t2.c_Iteration2_Lasso_3-pieceTemplate.smt2 : 92274 ms.
--------------------------------------------------
unknown
unsat
QF_NRA/LassoRanker/CooperatingT2/heidy7.t2.c_Iteration2_Lasso_4-pieceTemplate.smt2 : 617886 ms.
--------------------------------------------------
sat
QF_NRA/LassoRanker/CooperatingT2/heidy8.t2.c_Iteration1_Loop_3-pieceTemplate.smt2 : 1093 ms.
--------------------------------------------------
sat
QF_NRA/LassoRanker/CooperatingT2/heidy8.t2.c_Iteration1_Loop_4-pieceTemplate.smt2 : 3021 ms.
--------------------------------------------------
sat
QF_NRA/LassoRanker/CooperatingT2/hongyi1.t2.c_Iteration1_Loop_3-pieceTemplate.smt2 : 238246 ms.
--------------------------------------------------
unknown
unknown
QF_NRA/LassoRanker/CooperatingT2/hongyi1.t2.c_Iteration1_Loop_4-pieceTemplate.smt2 : 1800006 ms.
--------------------------------------------------
unsat
QF_NRA/LassoRanker/CooperatingT2/iecs.t2.c_Iteration1_Loop_4-pieceTemplate.smt2 : 51687 ms.
--------------------------------------------------
sat
QF_NRA/LassoRanker/CooperatingT2/insertsort.t2.c_Iteration1_Loop_4-pieceTemplate.smt2 : 578 ms.
--------------------------------------------------
sat
QF_NRA/LassoRanker/CooperatingT2/jacobi.c.i.jacobi.pl.t2.fixed.t2.c_Iteration4_Loop_4-pieceTemplate.smt2 : 2288 ms.
--------------------------------------------------
sat
QF_NRA/LassoRanker/CooperatingT2/jacobi.c.i.jacobi.pl.t2.fixed.t2.c_Iteration5_Loop_4-pieceTemplate.smt2 : 2994 ms.
--------------------------------------------------
sat
QF_NRA/LassoRanker/CooperatingT2/jacobi.c.i.jacobi.pl.t2.nor.t2.rlgfixed.t2.c_Iteration5_Loop_4-pieceTemplate.smt2 : 2954 ms.
--------------------------------------------------
sat
QF_NRA/LassoRanker/CooperatingT2/jacobi.t2.c_Iteration4_Loop_4-pieceTemplate.smt2 : 1952 ms.
--------------------------------------------------
sat
QF_NRA/LassoRanker/CooperatingT2/jacobi.t2.c_Iteration5_Loop_4-pieceTemplate.smt2 : 2785 ms.
--------------------------------------------------
sat
QF_NRA/LassoRanker/CooperatingT2/loop3.t2.c_Iteration29_Lasso_4-pieceTemplate.smt2 : 8868 ms.
--------------------------------------------------
sat
QF_NRA/LassoRanker/CooperatingT2/loop3.t2.c_Iteration32_Lasso_4-pieceTemplate.smt2 : 17015 ms.
--------------------------------------------------
sat
QF_NRA/LassoRanker/CooperatingT2/loop3.t2.c_Iteration4_Loop_4-pieceTemplate.smt2 : 501 ms.
--------------------------------------------------
sat
QF_NRA/LassoRanker/CooperatingT2/loop_on_input.t2.c_Iteration1_Loop_4-pieceTemplate.smt2 : 2673 ms.
--------------------------------------------------
sat
QF_NRA/LassoRanker/CooperatingT2/magic.t2.c_Iteration2_Loop_4-pieceTemplate.smt2 : 3936 ms.
--------------------------------------------------
sat
QF_NRA/LassoRanker/CooperatingT2/magic.t2.c_Iteration4_Loop_4-pieceTemplate.smt2 : 562 ms.
--------------------------------------------------
sat
QF_NRA/LassoRanker/CooperatingT2/matrixsqrt.t2.c_Iteration12_Loop_3-pieceTemplate.smt2 : 1371 ms.
--------------------------------------------------
sat
QF_NRA/LassoRanker/CooperatingT2/matrixsqrt.t2.c_Iteration12_Loop_4-pieceTemplate.smt2 : 3517 ms.
--------------------------------------------------
sat
QF_NRA/LassoRanker/CooperatingT2/matrixsqrt.t2.c_Iteration2_Loop_4-pieceTemplate.smt2 : 624 ms.
--------------------------------------------------
sat
QF_NRA/LassoRanker/CooperatingT2/matrixsqrt.t2.c_Iteration4_Loop_4-pieceTemplate.smt2 : 2031 ms.
--------------------------------------------------
sat
QF_NRA/LassoRanker/CooperatingT2/matrixsqrt.t2.c_Iteration6_Loop_4-pieceTemplate.smt2 : 2253 ms.
--------------------------------------------------
sat
QF_NRA/LassoRanker/CooperatingT2/mc91test.t2.c_Iteration2_Loop_4-pieceTemplate.smt2 : 626 ms.
--------------------------------------------------
sat
QF_NRA/LassoRanker/CooperatingT2/mc91test.t2.c_Iteration3_Loop_4-pieceTemplate.smt2 : 602 ms.
--------------------------------------------------
sat
QF_NRA/LassoRanker/CooperatingT2/mc91test.t2.c_Iteration5_Loop_3-pieceTemplate.smt2 : 1041 ms.
--------------------------------------------------
sat
QF_NRA/LassoRanker/CooperatingT2/mc91test.t2.c_Iteration5_Loop_4-pieceTemplate.smt2 : 2672 ms.
--------------------------------------------------
sat
QF_NRA/LassoRanker/CooperatingT2/mc91test.t2.c_Iteration6_Loop_7-phaseTemplate.smt2 : 874 ms.
--------------------------------------------------
sat
QF_NRA/LassoRanker/CooperatingT2/n-15a.t2.c_Iteration1_Loop_4-pieceTemplate.smt2 : 2618 ms.
--------------------------------------------------
sat
QF_NRA/LassoRanker/CooperatingT2/ndes.t2.c_Iteration2_Loop_4-pieceTemplate.smt2 : 65890 ms.
--------------------------------------------------
sat
QF_NRA/LassoRanker/CooperatingT2/ndes.t2.c_Iteration3_Loop_2-pieceTemplate.smt2 : 6532 ms.
--------------------------------------------------
sat
QF_NRA/LassoRanker/CooperatingT2/ndes.t2.c_Iteration3_Loop_4-pieceTemplate.smt2 : 64613 ms.
--------------------------------------------------
sat
QF_NRA/LassoRanker/CooperatingT2/neg-1394complete-fail.t2.c_Iteration5_Loop_4-pieceTemplate.smt2 : 659 ms.
--------------------------------------------------
sat
QF_NRA/LassoRanker/CooperatingT2/neg-smagilla-fail.t2.c_Iteration1_Loop_4-pieceTemplate.smt2 : 3306 ms.
--------------------------------------------------
sat
QF_NRA/LassoRanker/CooperatingT2/nested.t2.c_Iteration2_Loop_4-pieceTemplate.smt2 : 726 ms.
--------------------------------------------------
sat
QF_NRA/LassoRanker/CooperatingT2/nested.t2.c_Iteration3_Loop_3-pieceTemplate.smt2 : 334 ms.
--------------------------------------------------
sat
QF_NRA/LassoRanker/CooperatingT2/nested.t2.c_Iteration4_Loop_3-pieceTemplate.smt2 : 377 ms.
--------------------------------------------------
sat
QF_NRA/LassoRanker/CooperatingT2/nested.t2.c_Iteration4_Loop_4-pieceTemplate.smt2 : 675 ms.
--------------------------------------------------
sat
QF_NRA/LassoRanker/CooperatingT2/n_firewire_instrumented-PP.t2.c_Iteration11_Loop_3-pieceTemplate.smt2 : 3619 ms.
--------------------------------------------------
sat
QF_NRA/LassoRanker/CooperatingT2/n_firewire_instrumented-PP.t2.c_Iteration11_Loop_4-pieceTemplate.smt2 : 9220 ms.
--------------------------------------------------
sat
QF_NRA/LassoRanker/CooperatingT2/n_firewire_instrumented-PP.t2.c_Iteration12_Loop_4-pieceTemplate.smt2 : 850 ms.
