--------------------------------------------------
unsat
QF_NRA/hycomp/ball_count_2d_plain.02.seq_lazy_linear_enc_global_2.smt2 : 138 ms.
--------------------------------------------------
unsat
QF_NRA/hycomp/ball_count_2d_plain.02.seq_lazy_linear_enc_global_3.smt2 : 337 ms.
--------------------------------------------------
unsat
QF_NRA/hycomp/ball_count_2d_plain.02.seq_lazy_linear_enc_global_4.smt2 : 403 ms.
--------------------------------------------------
unsat
QF_NRA/hycomp/ball_count_2d_plain.02.seq_lazy_linear_enc_global_5.smt2 : 349 ms.
--------------------------------------------------
sat
QF_NRA/hycomp/ball_count_2d_plain.02.seq_lazy_linear_enc_global_6.smt2 : 960 ms.
--------------------------------------------------
unsat
QF_NRA/hycomp/ball_count_2d_plain.02.seq_lazy_linear_enc_global_7.smt2 : 260 ms.
--------------------------------------------------
sat
QF_NRA/hycomp/ball_count_2d_plain.02.seq_lazy_linear_enc_global_8.smt2 : 2402 ms.
--------------------------------------------------
unsat
QF_NRA/hycomp/ball_count_2d_plain.02.seq_lazy_linear_enc_global_9.smt2 : 285 ms.
--------------------------------------------------
unsat
QF_NRA/hycomp/ball_count_2d_plain.02.seq_lazy_linear_enc_lemmas_global_0.smt2 : 186 ms.
--------------------------------------------------
sat
QF_NRA/hycomp/ball_count_2d_plain.02.seq_lazy_linear_enc_lemmas_global_10.smt2 : 526 ms.
--------------------------------------------------
unsat
QF_NRA/hycomp/ball_count_2d_plain.02.seq_lazy_linear_enc_lemmas_global_11.smt2 : 297 ms.
--------------------------------------------------
sat
QF_NRA/hycomp/ball_count_2d_plain.02.seq_lazy_linear_enc_lemmas_global_12.smt2 : 681 ms.
--------------------------------------------------
unsat
QF_NRA/hycomp/ball_count_2d_plain.02.seq_lazy_linear_enc_lemmas_global_13.smt2 : 239 ms.
--------------------------------------------------
sat
QF_NRA/hycomp/ball_count_2d_plain.02.seq_lazy_linear_enc_lemmas_global_14.smt2 : 2015 ms.
--------------------------------------------------
unsat
QF_NRA/hycomp/ball_count_2d_plain.02.seq_lazy_linear_enc_lemmas_global_15.smt2 : 289 ms.
--------------------------------------------------
unsat
QF_NRA/hycomp/ball_count_2d_plain.02.seq_lazy_linear_enc_lemmas_global_1.smt2 : 143 ms.
--------------------------------------------------
unsat
QF_NRA/hycomp/ball_count_2d_plain.02.seq_lazy_linear_enc_lemmas_global_2.smt2 : 161 ms.
--------------------------------------------------
unsat
QF_NRA/hycomp/ball_count_2d_plain.02.seq_lazy_linear_enc_lemmas_global_3.smt2 : 163 ms.
--------------------------------------------------
unsat
QF_NRA/hycomp/ball_count_2d_plain.02.seq_lazy_linear_enc_lemmas_global_4.smt2 : 176 ms.
--------------------------------------------------
unsat
QF_NRA/hycomp/ball_count_2d_plain.02.seq_lazy_linear_enc_lemmas_global_5.smt2 : 162 ms.
--------------------------------------------------
sat
QF_NRA/hycomp/ball_count_2d_plain.02.seq_lazy_linear_enc_lemmas_global_6.smt2 : 195 ms.
--------------------------------------------------
unsat
QF_NRA/hycomp/ball_count_2d_plain.02.seq_lazy_linear_enc_lemmas_global_7.smt2 : 177 ms.
--------------------------------------------------
sat
QF_NRA/hycomp/ball_count_2d_plain.02.seq_lazy_linear_enc_lemmas_global_8.smt2 : 246 ms.
--------------------------------------------------
unsat
QF_NRA/hycomp/ball_count_2d_plain.02.seq_lazy_linear_enc_lemmas_global_9.smt2 : 198 ms.
--------------------------------------------------
unsat
QF_NRA/hycomp/ball_count_2d_plain.03.qfree_global_0.smt2 : 118 ms.
--------------------------------------------------
QF_NRA/hycomp/ball_count_2d_plain.03.qfree_global_10.smt2 : 1800006 ms.
--------------------------------------------------
unsat
QF_NRA/hycomp/ball_count_2d_plain.03.qfree_global_11.smt2 : 143 ms.
--------------------------------------------------
unknown
unknown
QF_NRA/hycomp/ball_count_2d_plain.03.qfree_global_12.smt2 : 1800006 ms.
--------------------------------------------------
unsat
QF_NRA/hycomp/ball_count_2d_plain.03.qfree_global_13.smt2 : 111 ms.
--------------------------------------------------
unknown
unknown
QF_NRA/hycomp/ball_count_2d_plain.03.qfree_global_14.smt2 : 1800012 ms.
--------------------------------------------------
unsat
QF_NRA/hycomp/ball_count_2d_plain.03.qfree_global_15.smt2 : 128 ms.
--------------------------------------------------
unsat
QF_NRA/hycomp/ball_count_2d_plain.03.qfree_global_1.smt2 : 32 ms.
--------------------------------------------------
unsat
QF_NRA/hycomp/ball_count_2d_plain.03.qfree_global_2.smt2 : 37 ms.
--------------------------------------------------
unsat
QF_NRA/hycomp/ball_count_2d_plain.03.qfree_global_3.smt2 : 44 ms.
--------------------------------------------------
unsat
QF_NRA/hycomp/ball_count_2d_plain.03.qfree_global_4.smt2 : 52 ms.
--------------------------------------------------
unsat
QF_NRA/hycomp/ball_count_2d_plain.03.qfree_global_5.smt2 : 59 ms.
--------------------------------------------------
unsat
QF_NRA/hycomp/ball_count_2d_plain.03.qfree_global_6.smt2 : 70 ms.
--------------------------------------------------
unsat
QF_NRA/hycomp/ball_count_2d_plain.03.qfree_global_7.smt2 : 72 ms.
--------------------------------------------------
unsat
QF_NRA/hycomp/ball_count_2d_plain.03.qfree_global_8.smt2 : 724 ms.
--------------------------------------------------
unsat
QF_NRA/hycomp/ball_count_2d_plain.03.qfree_global_9.smt2 : 84 ms.
--------------------------------------------------
unsat
QF_NRA/hycomp/ball_count_2d_plain.03.redlog_global_0.smt2 : 28 ms.
--------------------------------------------------
unknown
unknown
QF_NRA/hycomp/ball_count_2d_plain.03.redlog_global_10.smt2 : 1800006 ms.
--------------------------------------------------
unsat
QF_NRA/hycomp/ball_count_2d_plain.03.redlog_global_11.smt2 : 134 ms.
--------------------------------------------------
unknown
unknown
QF_NRA/hycomp/ball_count_2d_plain.03.redlog_global_12.smt2 : 1800006 ms.
--------------------------------------------------
unsat
QF_NRA/hycomp/ball_count_2d_plain.03.redlog_global_13.smt2 : 151 ms.
--------------------------------------------------
unknown
unknown
QF_NRA/hycomp/ball_count_2d_plain.03.redlog_global_14.smt2 : 1800009 ms.
--------------------------------------------------
unsat
QF_NRA/hycomp/ball_count_2d_plain.03.redlog_global_15.smt2 : 188 ms.
--------------------------------------------------
unsat
QF_NRA/hycomp/ball_count_2d_plain.03.redlog_global_1.smt2 : 40 ms.
--------------------------------------------------
unsat
QF_NRA/hycomp/ball_count_2d_plain.03.redlog_global_2.smt2 : 50 ms.
--------------------------------------------------
unsat
QF_NRA/hycomp/ball_count_2d_plain.03.redlog_global_3.smt2 : 59 ms.
--------------------------------------------------
unsat
QF_NRA/hycomp/ball_count_2d_plain.03.redlog_global_4.smt2 : 66 ms.
--------------------------------------------------
unsat
QF_NRA/hycomp/ball_count_2d_plain.03.redlog_global_5.smt2 : 76 ms.
--------------------------------------------------
unsat
QF_NRA/hycomp/ball_count_2d_plain.03.redlog_global_6.smt2 : 100 ms.
--------------------------------------------------
unsat
QF_NRA/hycomp/ball_count_2d_plain.03.redlog_global_7.smt2 : 97 ms.
--------------------------------------------------
unknown
unsat
QF_NRA/hycomp/ball_count_2d_plain.03.redlog_global_8.smt2 : 603441 ms.
--------------------------------------------------
unsat
QF_NRA/hycomp/ball_count_2d_plain.03.redlog_global_9.smt2 : 119 ms.
--------------------------------------------------
unsat
QF_NRA/hycomp/ball_count_2d_plain.03.seq_lazy_global_0.smt2 : 27 ms.
--------------------------------------------------
unknown
unknown
sat
QF_NRA/hycomp/ball_count_2d_plain.03.seq_lazy_global_10.smt2 : 906035 ms.
--------------------------------------------------
unsat
QF_NRA/hycomp/ball_count_2d_plain.03.seq_lazy_global_11.smt2 : 83 ms.
--------------------------------------------------
unknown
unknown
sat
QF_NRA/hycomp/ball_count_2d_plain.03.seq_lazy_global_12.smt2 : 909662 ms.
--------------------------------------------------
unsat
QF_NRA/hycomp/ball_count_2d_plain.03.seq_lazy_global_13.smt2 : 97 ms.
--------------------------------------------------
unknown
unknown
QF_NRA/hycomp/ball_count_2d_plain.03.seq_lazy_global_14.smt2 : 1800006 ms.
--------------------------------------------------
unsat
QF_NRA/hycomp/ball_count_2d_plain.03.seq_lazy_global_15.smt2 : 108 ms.
--------------------------------------------------
unsat
QF_NRA/hycomp/ball_count_2d_plain.03.seq_lazy_global_1.smt2 : 31 ms.
--------------------------------------------------
unsat
QF_NRA/hycomp/ball_count_2d_plain.03.seq_lazy_global_2.smt2 : 35 ms.
--------------------------------------------------
unsat
QF_NRA/hycomp/ball_count_2d_plain.03.seq_lazy_global_3.smt2 : 40 ms.
--------------------------------------------------
unsat
QF_NRA/hycomp/ball_count_2d_plain.03.seq_lazy_global_4.smt2 : 48 ms.
--------------------------------------------------
unsat
QF_NRA/hycomp/ball_count_2d_plain.03.seq_lazy_global_5.smt2 : 54 ms.
--------------------------------------------------
unsat
QF_NRA/hycomp/ball_count_2d_plain.03.seq_lazy_global_6.smt2 : 92 ms.
--------------------------------------------------
unsat
QF_NRA/hycomp/ball_count_2d_plain.03.seq_lazy_global_7.smt2 : 64 ms.
--------------------------------------------------
unsat
QF_NRA/hycomp/ball_count_2d_plain.03.seq_lazy_global_8.smt2 : 246 ms.
--------------------------------------------------
unsat
QF_NRA/hycomp/ball_count_2d_plain.03.seq_lazy_global_9.smt2 : 76 ms.
--------------------------------------------------
unsat
QF_NRA/hycomp/ball_count_2d_plain.03.seq_lazy_lemmas_global_0.smt2 : 35 ms.
--------------------------------------------------
sat
QF_NRA/hycomp/ball_count_2d_plain.03.seq_lazy_lemmas_global_10.smt2 : 2711 ms.
--------------------------------------------------
unsat
QF_NRA/hycomp/ball_count_2d_plain.03.seq_lazy_lemmas_global_11.smt2 : 109 ms.
--------------------------------------------------
unknown
unknown
sat
QF_NRA/hycomp/ball_count_2d_plain.03.seq_lazy_lemmas_global_12.smt2 : 907010 ms.
--------------------------------------------------
unsat
QF_NRA/hycomp/ball_count_2d_plain.03.seq_lazy_lemmas_global_13.smt2 : 123 ms.
--------------------------------------------------
unknown
unknown
sat
QF_NRA/hycomp/ball_count_2d_plain.03.seq_lazy_lemmas_global_14.smt2 : 908134 ms.
--------------------------------------------------
unsat
QF_NRA/hycomp/ball_count_2d_plain.03.seq_lazy_lemmas_global_15.smt2 : 138 ms.
--------------------------------------------------
unsat
QF_NRA/hycomp/ball_count_2d_plain.03.seq_lazy_lemmas_global_1.smt2 : 26 ms.
--------------------------------------------------
unsat
QF_NRA/hycomp/ball_count_2d_plain.03.seq_lazy_lemmas_global_2.smt2 : 34 ms.
--------------------------------------------------
unsat
QF_NRA/hycomp/ball_count_2d_plain.03.seq_lazy_lemmas_global_3.smt2 : 40 ms.
--------------------------------------------------
unsat
QF_NRA/hycomp/ball_count_2d_plain.03.seq_lazy_lemmas_global_4.smt2 : 48 ms.
--------------------------------------------------
unsat
QF_NRA/hycomp/ball_count_2d_plain.03.seq_lazy_lemmas_global_5.smt2 : 69 ms.
--------------------------------------------------
unsat
QF_NRA/hycomp/ball_count_2d_plain.03.seq_lazy_lemmas_global_6.smt2 : 182 ms.
--------------------------------------------------
unsat
QF_NRA/hycomp/ball_count_2d_plain.03.seq_lazy_lemmas_global_7.smt2 : 96 ms.
--------------------------------------------------
unsat
QF_NRA/hycomp/ball_count_2d_plain.03.seq_lazy_lemmas_global_8.smt2 : 1418 ms.
--------------------------------------------------
unsat
QF_NRA/hycomp/ball_count_2d_plain.03.seq_lazy_lemmas_global_9.smt2 : 97 ms.
--------------------------------------------------
unsat
QF_NRA/hycomp/ball_count_2d_plain.03.seq_lazy_linear_enc_global_0.smt2 : 18 ms.
--------------------------------------------------
sat
QF_NRA/hycomp/ball_count_2d_plain.03.seq_lazy_linear_enc_global_10.smt2 : 1132 ms.
--------------------------------------------------
unsat
QF_NRA/hycomp/ball_count_2d_plain.03.seq_lazy_linear_enc_global_11.smt2 : 124 ms.
--------------------------------------------------
unknown
unknown
QF_NRA/hycomp/ball_count_2d_plain.03.seq_lazy_linear_enc_global_12.smt2 : 1800005 ms.
--------------------------------------------------
unsat
QF_NRA/hycomp/ball_count_2d_plain.03.seq_lazy_linear_enc_global_13.smt2 : 114 ms.
--------------------------------------------------
unknown
unknown
QF_NRA/hycomp/ball_count_2d_plain.03.seq_lazy_linear_enc_global_14.smt2 : 1800005 ms.
--------------------------------------------------
unsat
QF_NRA/hycomp/ball_count_2d_plain.03.seq_lazy_linear_enc_global_15.smt2 : 104 ms.
--------------------------------------------------
unsat
QF_NRA/hycomp/ball_count_2d_plain.03.seq_lazy_linear_enc_global_1.smt2 : 23 ms.
--------------------------------------------------
unsat
QF_NRA/hycomp/ball_count_2d_plain.03.seq_lazy_linear_enc_global_2.smt2 : 29 ms.
--------------------------------------------------
unsat
QF_NRA/hycomp/ball_count_2d_plain.03.seq_lazy_linear_enc_global_3.smt2 : 34 ms.
--------------------------------------------------
unsat
QF_NRA/hycomp/ball_count_2d_plain.03.seq_lazy_linear_enc_global_4.smt2 : 41 ms.
--------------------------------------------------
unsat
QF_NRA/hycomp/ball_count_2d_plain.03.seq_lazy_linear_enc_global_5.smt2 : 53 ms.
--------------------------------------------------
unsat
QF_NRA/hycomp/ball_count_2d_plain.03.seq_lazy_linear_enc_global_6.smt2 : 111 ms.
--------------------------------------------------
unsat
QF_NRA/hycomp/ball_count_2d_plain.03.seq_lazy_linear_enc_global_7.smt2 : 84 ms.
--------------------------------------------------
unsat
QF_NRA/hycomp/ball_count_2d_plain.03.seq_lazy_linear_enc_global_8.smt2 : 230 ms.
--------------------------------------------------
unsat
QF_NRA/hycomp/ball_count_2d_plain.03.seq_lazy_linear_enc_global_9.smt2 : 69 ms.
--------------------------------------------------
unsat
QF_NRA/hycomp/ball_count_2d_plain.03.seq_lazy_linear_enc_lemmas_global_0.smt2 : 18 ms.
--------------------------------------------------
sat
QF_NRA/hycomp/ball_count_2d_plain.03.seq_lazy_linear_enc_lemmas_global_10.smt2 : 10335 ms.
--------------------------------------------------
unsat
QF_NRA/hycomp/ball_count_2d_plain.03.seq_lazy_linear_enc_lemmas_global_11.smt2 : 98 ms.
--------------------------------------------------
sat
QF_NRA/hycomp/ball_count_2d_plain.03.seq_lazy_linear_enc_lemmas_global_12.smt2 : 3135 ms.
--------------------------------------------------
unsat
QF_NRA/hycomp/ball_count_2d_plain.03.seq_lazy_linear_enc_lemmas_global_13.smt2 : 112 ms.
--------------------------------------------------
sat
QF_NRA/hycomp/ball_count_2d_plain.03.seq_lazy_linear_enc_lemmas_global_14.smt2 : 2718 ms.
--------------------------------------------------
unsat
QF_NRA/hycomp/ball_count_2d_plain.03.seq_lazy_linear_enc_lemmas_global_15.smt2 : 125 ms.
--------------------------------------------------
unsat
QF_NRA/hycomp/ball_count_2d_plain.03.seq_lazy_linear_enc_lemmas_global_1.smt2 : 25 ms.
--------------------------------------------------
unsat
QF_NRA/hycomp/ball_count_2d_plain.03.seq_lazy_linear_enc_lemmas_global_2.smt2 : 32 ms.
--------------------------------------------------
unsat
QF_NRA/hycomp/ball_count_2d_plain.03.seq_lazy_linear_enc_lemmas_global_3.smt2 : 40 ms.
--------------------------------------------------
unsat
QF_NRA/hycomp/ball_count_2d_plain.03.seq_lazy_linear_enc_lemmas_global_4.smt2 : 47 ms.
--------------------------------------------------
unsat
QF_NRA/hycomp/ball_count_2d_plain.03.seq_lazy_linear_enc_lemmas_global_5.smt2 : 54 ms.
--------------------------------------------------
unsat
QF_NRA/hycomp/ball_count_2d_plain.03.seq_lazy_linear_enc_lemmas_global_6.smt2 : 204 ms.
--------------------------------------------------
unsat
QF_NRA/hycomp/ball_count_2d_plain.03.seq_lazy_linear_enc_lemmas_global_7.smt2 : 68 ms.
--------------------------------------------------
unsat
QF_NRA/hycomp/ball_count_2d_plain.03.seq_lazy_linear_enc_lemmas_global_8.smt2 : 1734 ms.
--------------------------------------------------
unsat
QF_NRA/hycomp/ball_count_2d_plain.03.seq_lazy_linear_enc_lemmas_global_9.smt2 : 84 ms.
--------------------------------------------------
unsat
QF_NRA/hycomp/ball_count_2d_plain.04.qfree_global_0.smt2 : 18 ms.
--------------------------------------------------
unsat
QF_NRA/hycomp/ball_count_2d_plain.04.qfree_global_10.smt2 : 102 ms.
--------------------------------------------------
unsat
QF_NRA/hycomp/ball_count_2d_plain.04.qfree_global_11.smt2 : 109 ms.
--------------------------------------------------
unsat
QF_NRA/hycomp/ball_count_2d_plain.04.qfree_global_12.smt2 : 1159 ms.
--------------------------------------------------
unsat
QF_NRA/hycomp/ball_count_2d_plain.04.qfree_global_13.smt2 : 105 ms.
--------------------------------------------------
unknown
unknown
QF_NRA/hycomp/ball_count_2d_plain.04.qfree_global_14.smt2 : 1800008 ms.
--------------------------------------------------
unsat
QF_NRA/hycomp/ball_count_2d_plain.04.qfree_global_15.smt2 : 121 ms.
--------------------------------------------------
unsat
QF_NRA/hycomp/ball_count_2d_plain.04.qfree_global_1.smt2 : 24 ms.
--------------------------------------------------
unsat
QF_NRA/hycomp/ball_count_2d_plain.04.qfree_global_2.smt2 : 31 ms.
--------------------------------------------------
unsat
QF_NRA/hycomp/ball_count_2d_plain.04.qfree_global_3.smt2 : 38 ms.
--------------------------------------------------
unsat
QF_NRA/hycomp/ball_count_2d_plain.04.qfree_global_4.smt2 : 45 ms.
--------------------------------------------------
unsat
QF_NRA/hycomp/ball_count_2d_plain.04.qfree_global_5.smt2 : 52 ms.
--------------------------------------------------
unsat
QF_NRA/hycomp/ball_count_2d_plain.04.qfree_global_6.smt2 : 59 ms.
--------------------------------------------------
unsat
QF_NRA/hycomp/ball_count_2d_plain.04.qfree_global_7.smt2 : 66 ms.
--------------------------------------------------
unsat
QF_NRA/hycomp/ball_count_2d_plain.04.qfree_global_8.smt2 : 83 ms.
--------------------------------------------------
unsat
QF_NRA/hycomp/ball_count_2d_plain.04.qfree_global_9.smt2 : 82 ms.
--------------------------------------------------
unsat
QF_NRA/hycomp/ball_count_2d_plain.04.redlog_global_0.smt2 : 19 ms.
--------------------------------------------------
unsat
QF_NRA/hycomp/ball_count_2d_plain.04.redlog_global_10.smt2 : 155 ms.
--------------------------------------------------
unsat
QF_NRA/hycomp/ball_count_2d_plain.04.redlog_global_11.smt2 : 124 ms.
--------------------------------------------------
unsat
QF_NRA/hycomp/ball_count_2d_plain.04.redlog_global_12.smt2 : 2145 ms.
--------------------------------------------------
unsat
QF_NRA/hycomp/ball_count_2d_plain.04.redlog_global_13.smt2 : 145 ms.
--------------------------------------------------
unknown
unknown
QF_NRA/hycomp/ball_count_2d_plain.04.redlog_global_14.smt2 : 1800004 ms.
--------------------------------------------------
unsat
QF_NRA/hycomp/ball_count_2d_plain.04.redlog_global_15.smt2 : 205 ms.
--------------------------------------------------
unsat
QF_NRA/hycomp/ball_count_2d_plain.04.redlog_global_1.smt2 : 40 ms.
--------------------------------------------------
unsat
QF_NRA/hycomp/ball_count_2d_plain.04.redlog_global_2.smt2 : 57 ms.
--------------------------------------------------
unsat
QF_NRA/hycomp/ball_count_2d_plain.04.redlog_global_3.smt2 : 50 ms.
--------------------------------------------------
unsat
QF_NRA/hycomp/ball_count_2d_plain.04.redlog_global_4.smt2 : 56 ms.
--------------------------------------------------
unsat
QF_NRA/hycomp/ball_count_2d_plain.04.redlog_global_5.smt2 : 85 ms.
--------------------------------------------------
unsat
QF_NRA/hycomp/ball_count_2d_plain.04.redlog_global_6.smt2 : 85 ms.
--------------------------------------------------
unsat
QF_NRA/hycomp/ball_count_2d_plain.04.redlog_global_7.smt2 : 94 ms.
--------------------------------------------------
unsat
QF_NRA/hycomp/ball_count_2d_plain.04.redlog_global_8.smt2 : 144 ms.
--------------------------------------------------
unsat
QF_NRA/hycomp/ball_count_2d_plain.04.redlog_global_9.smt2 : 144 ms.
--------------------------------------------------
unsat
QF_NRA/hycomp/ball_count_2d_plain.04.seq_lazy_global_0.smt2 : 18 ms.
--------------------------------------------------
unsat
QF_NRA/hycomp/ball_count_2d_plain.04.seq_lazy_global_10.smt2 : 1261 ms.
--------------------------------------------------
unsat
QF_NRA/hycomp/ball_count_2d_plain.04.seq_lazy_global_11.smt2 : 88 ms.
--------------------------------------------------
unsat
QF_NRA/hycomp/ball_count_2d_plain.04.seq_lazy_global_12.smt2 : 2895 ms.
--------------------------------------------------
unsat
QF_NRA/hycomp/ball_count_2d_plain.04.seq_lazy_global_13.smt2 : 97 ms.
--------------------------------------------------
unknown
QF_NRA/hycomp/ball_count_2d_plain.04.seq_lazy_global_14.smt2 : 1800005 ms.
--------------------------------------------------
unsat
QF_NRA/hycomp/ball_count_2d_plain.04.seq_lazy_global_15.smt2 : 164 ms.
--------------------------------------------------
unsat
QF_NRA/hycomp/ball_count_2d_plain.04.seq_lazy_global_1.smt2 : 31 ms.
--------------------------------------------------
unsat
QF_NRA/hycomp/ball_count_2d_plain.04.seq_lazy_global_2.smt2 : 40 ms.
--------------------------------------------------
unsat
QF_NRA/hycomp/ball_count_2d_plain.04.seq_lazy_global_3.smt2 : 44 ms.
--------------------------------------------------
unsat
QF_NRA/hycomp/ball_count_2d_plain.04.seq_lazy_global_4.smt2 : 58 ms.
--------------------------------------------------
unsat
QF_NRA/hycomp/ball_count_2d_plain.04.seq_lazy_global_5.smt2 : 67 ms.
--------------------------------------------------
unsat
QF_NRA/hycomp/ball_count_2d_plain.04.seq_lazy_global_6.smt2 : 82 ms.
--------------------------------------------------
unsat
QF_NRA/hycomp/ball_count_2d_plain.04.seq_lazy_global_7.smt2 : 91 ms.
--------------------------------------------------
unsat
QF_NRA/hycomp/ball_count_2d_plain.04.seq_lazy_global_8.smt2 : 155 ms.
--------------------------------------------------
unsat
QF_NRA/hycomp/ball_count_2d_plain.04.seq_lazy_global_9.smt2 : 88 ms.
--------------------------------------------------
unsat
QF_NRA/hycomp/ball_count_2d_plain.04.seq_lazy_lemmas_global_0.smt2 : 19 ms.
--------------------------------------------------
unsat
QF_NRA/hycomp/ball_count_2d_plain.04.seq_lazy_lemmas_global_10.smt2 : 334 ms.
--------------------------------------------------
unsat
QF_NRA/hycomp/ball_count_2d_plain.04.seq_lazy_lemmas_global_11.smt2 : 104 ms.
--------------------------------------------------
unsat
QF_NRA/hycomp/ball_count_2d_plain.04.seq_lazy_lemmas_global_12.smt2 : 6660 ms.
--------------------------------------------------
unsat
QF_NRA/hycomp/ball_count_2d_plain.04.seq_lazy_lemmas_global_13.smt2 : 129 ms.
--------------------------------------------------
unknown
unknown
QF_NRA/hycomp/ball_count_2d_plain.04.seq_lazy_lemmas_global_14.smt2 : 1800005 ms.
--------------------------------------------------
unsat
QF_NRA/hycomp/ball_count_2d_plain.04.seq_lazy_lemmas_global_15.smt2 : 177 ms.
--------------------------------------------------
unsat
QF_NRA/hycomp/ball_count_2d_plain.04.seq_lazy_lemmas_global_1.smt2 : 26 ms.
--------------------------------------------------
unsat
QF_NRA/hycomp/ball_count_2d_plain.04.seq_lazy_lemmas_global_2.smt2 : 35 ms.
--------------------------------------------------
unsat
QF_NRA/hycomp/ball_count_2d_plain.04.seq_lazy_lemmas_global_3.smt2 : 42 ms.
--------------------------------------------------
unsat
QF_NRA/hycomp/ball_count_2d_plain.04.seq_lazy_lemmas_global_4.smt2 : 71 ms.
--------------------------------------------------
unsat
QF_NRA/hycomp/ball_count_2d_plain.04.seq_lazy_lemmas_global_5.smt2 : 82 ms.
--------------------------------------------------
unsat
QF_NRA/hycomp/ball_count_2d_plain.04.seq_lazy_lemmas_global_6.smt2 : 95 ms.
--------------------------------------------------
unsat
QF_NRA/hycomp/ball_count_2d_plain.04.seq_lazy_lemmas_global_7.smt2 : 97 ms.
--------------------------------------------------
unsat
QF_NRA/hycomp/ball_count_2d_plain.04.seq_lazy_lemmas_global_8.smt2 : 157 ms.
--------------------------------------------------
unsat
QF_NRA/hycomp/ball_count_2d_plain.04.seq_lazy_lemmas_global_9.smt2 : 85 ms.
--------------------------------------------------
unsat
QF_NRA/hycomp/ball_count_2d_plain.04.seq_lazy_linear_enc_global_0.smt2 : 19 ms.
--------------------------------------------------
unsat
QF_NRA/hycomp/ball_count_2d_plain.04.seq_lazy_linear_enc_global_10.smt2 : 602 ms.
--------------------------------------------------
unsat
QF_NRA/hycomp/ball_count_2d_plain.04.seq_lazy_linear_enc_global_11.smt2 : 84 ms.
--------------------------------------------------
unsat
QF_NRA/hycomp/ball_count_2d_plain.04.seq_lazy_linear_enc_global_12.smt2 : 3173 ms.
--------------------------------------------------
unsat
QF_NRA/hycomp/ball_count_2d_plain.04.seq_lazy_linear_enc_global_13.smt2 : 96 ms.
--------------------------------------------------
unknown
unknown
QF_NRA/hycomp/ball_count_2d_plain.04.seq_lazy_linear_enc_global_14.smt2 : 1800004 ms.
--------------------------------------------------
unsat
QF_NRA/hycomp/ball_count_2d_plain.04.seq_lazy_linear_enc_global_15.smt2 : 109 ms.
--------------------------------------------------
unsat
QF_NRA/hycomp/ball_count_2d_plain.04.seq_lazy_linear_enc_global_1.smt2 : 24 ms.
--------------------------------------------------
unsat
QF_NRA/hycomp/ball_count_2d_plain.04.seq_lazy_linear_enc_global_2.smt2 : 30 ms.
--------------------------------------------------
unsat
QF_NRA/hycomp/ball_count_2d_plain.04.seq_lazy_linear_enc_global_3.smt2 : 42 ms.
--------------------------------------------------
unsat
QF_NRA/hycomp/ball_count_2d_plain.04.seq_lazy_linear_enc_global_4.smt2 : 61 ms.
--------------------------------------------------
unsat
QF_NRA/hycomp/ball_count_2d_plain.04.seq_lazy_linear_enc_global_5.smt2 : 55 ms.
--------------------------------------------------
unsat
QF_NRA/hycomp/ball_count_2d_plain.04.seq_lazy_linear_enc_global_6.smt2 : 55 ms.
--------------------------------------------------
unsat
QF_NRA/hycomp/ball_count_2d_plain.04.seq_lazy_linear_enc_global_7.smt2 : 61 ms.
--------------------------------------------------
unsat
QF_NRA/hycomp/ball_count_2d_plain.04.seq_lazy_linear_enc_global_8.smt2 : 145 ms.
--------------------------------------------------
unsat
QF_NRA/hycomp/ball_count_2d_plain.04.seq_lazy_linear_enc_global_9.smt2 : 110 ms.
