--------------------------------------------------
sat
QF_NRA/meti-tarski/sin/344/4/sin-344-4-chunk-0021.smt2 : 360 ms.
--------------------------------------------------
sat
QF_NRA/meti-tarski/sin/344/4/sin-344-4-chunk-0022.smt2 : 361 ms.
--------------------------------------------------
sat
QF_NRA/meti-tarski/sin/344/4/sin-344-4-chunk-0024.smt2 : 266 ms.
--------------------------------------------------
sat
QF_NRA/meti-tarski/sin/344/4/sin-344-4-chunk-0031.smt2 : 287 ms.
--------------------------------------------------
sat
QF_NRA/meti-tarski/sin/344/4/sin-344-4-chunk-0032.smt2 : 272 ms.
--------------------------------------------------
sat
QF_NRA/meti-tarski/sin/344/4/sin-344-4-chunk-0034.smt2 : 272 ms.
--------------------------------------------------
unsat
QF_NRA/meti-tarski/sin/344/4/sin-344-4-chunk-0035.smt2 : 209 ms.
--------------------------------------------------
sat
QF_NRA/meti-tarski/sin/344/4/sin-344-4-chunk-0040.smt2 : 217 ms.
--------------------------------------------------
sat
QF_NRA/meti-tarski/sin/344/4/sin-344-4-chunk-0044.smt2 : 233 ms.
--------------------------------------------------
unsat
QF_NRA/meti-tarski/sin/344/4/sin-344-4-chunk-0045.smt2 : 202 ms.
--------------------------------------------------
unknown
unknown
unsat
QF_NRA/meti-tarski/sin/344/4/sin-344-4-chunk-0046.smt2 : 900340 ms.
--------------------------------------------------
sat
QF_NRA/meti-tarski/sin/344/4/sin-344-4-chunk-0047.smt2 : 28 ms.
--------------------------------------------------
sat
QF_NRA/meti-tarski/sin/344/4/sin-344-4-chunk-0048.smt2 : 26 ms.
--------------------------------------------------
sat
QF_NRA/meti-tarski/sin/344/4/sin-344-4-chunk-0049.smt2 : 98 ms.
--------------------------------------------------
sat
QF_NRA/meti-tarski/sin/344/4/sin-344-4-chunk-0050.smt2 : 436 ms.
--------------------------------------------------
sat
QF_NRA/meti-tarski/sin/344/4/sin-344-4-chunk-0052.smt2 : 21 ms.
