--------------------------------------------------
sat
QF_NRA/meti-tarski/cos/3410/cos-3410-b-chunk-0012.smt2 : 475 ms.
--------------------------------------------------
sat
QF_NRA/meti-tarski/cos/3410/cos-3410-b-chunk-0014.smt2 : 326 ms.
--------------------------------------------------
sat
QF_NRA/meti-tarski/cos/3410/cos-3410-b-chunk-0015.smt2 : 349 ms.
--------------------------------------------------
sat
QF_NRA/meti-tarski/cos/3410/cos-3410-b-chunk-0016.smt2 : 287 ms.
--------------------------------------------------
sat
QF_NRA/meti-tarski/cos/3410/cos-3410-b-chunk-0018.smt2 : 287 ms.
--------------------------------------------------
sat
QF_NRA/meti-tarski/cos/3410/cos-3410-b-chunk-0019.smt2 : 473 ms.
--------------------------------------------------
sat
QF_NRA/meti-tarski/cos/3410/cos-3410-b-chunk-0020.smt2 : 218 ms.
--------------------------------------------------
sat
QF_NRA/meti-tarski/cos/3410/cos-3410-b-chunk-0021.smt2 : 5059 ms.
--------------------------------------------------
sat
QF_NRA/meti-tarski/cos/3410/cos-3410-b-chunk-0022.smt2 : 548 ms.
--------------------------------------------------
sat
QF_NRA/meti-tarski/cos/3410/cos-3410-b-chunk-0024.smt2 : 1113 ms.
--------------------------------------------------
sat
QF_NRA/meti-tarski/cos/3410/cos-3410-b-chunk-0025.smt2 : 44829 ms.
--------------------------------------------------
sat
QF_NRA/meti-tarski/cos/3410/cos-3410-b-chunk-0026.smt2 : 5338 ms.
--------------------------------------------------
sat
QF_NRA/meti-tarski/cos/3410/cos-3410-b-chunk-0027.smt2 : 20417 ms.
--------------------------------------------------
unknown
unknown
unsat
QF_NRA/meti-tarski/cos/3410/cos-3410-b-chunk-0028.smt2 : 907552 ms.
