--------------------------------------------------
sat
QF_NRA/20220314-Uncu/Rational_Function_Proof_Calls_With_Basic_Denominator_Simplifications/BDC_ProveIneq_ISSAC05_AmerMathMonthly10347LHSa.smt2 : 107 ms.
--------------------------------------------------
unsat
QF_NRA/20220314-Uncu/Rational_Function_Proof_Calls_With_Basic_Denominator_Simplifications/BDC_ProveIneq_ISSAC05_AmerMathMonthly10347LHSb.smt2 : 422 ms.
--------------------------------------------------
unsat
QF_NRA/20220314-Uncu/Rational_Function_Proof_Calls_With_Basic_Denominator_Simplifications/BDC_ProveIneq_ISSAC05_AmerMathMonthly10347RHS.smt2 : 369 ms.
--------------------------------------------------
unsat
QF_NRA/20220314-Uncu/Rational_Function_Proof_Calls_With_Basic_Denominator_Simplifications/BDC_ProveIneq_ISSAC05_Bessack_2_m1.smt2 : 307 ms.
--------------------------------------------------
unsat
QF_NRA/20220314-Uncu/Rational_Function_Proof_Calls_With_Basic_Denominator_Simplifications/BDC_ProveIneq_ISSAC05_Bessack_3_m1.smt2 : 271 ms.
--------------------------------------------------
unsat
QF_NRA/20220314-Uncu/Rational_Function_Proof_Calls_With_Basic_Denominator_Simplifications/BDC_ProveIneq_ISSAC05_Bessack_3_m2.smt2 : 289 ms.
--------------------------------------------------
unsat
QF_NRA/20220314-Uncu/Rational_Function_Proof_Calls_With_Basic_Denominator_Simplifications/BDC_ProveIneq_ISSAC05_Bessack_4_m1.smt2 : 263 ms.
--------------------------------------------------
unsat
QF_NRA/20220314-Uncu/Rational_Function_Proof_Calls_With_Basic_Denominator_Simplifications/BDC_ProveIneq_ISSAC05_Bessack_4_m2.smt2 : 275 ms.
--------------------------------------------------
unsat
QF_NRA/20220314-Uncu/Rational_Function_Proof_Calls_With_Basic_Denominator_Simplifications/BDC_ProveIneq_ISSAC05_Bessack_4_m3.smt2 : 228 ms.
--------------------------------------------------
unsat
QF_NRA/20220314-Uncu/Rational_Function_Proof_Calls_With_Basic_Denominator_Simplifications/BDC_ProveIneq_ISSAC05_Bessack_5_m1.smt2 : 211 ms.
--------------------------------------------------
unsat
QF_NRA/20220314-Uncu/Rational_Function_Proof_Calls_With_Basic_Denominator_Simplifications/BDC_ProveIneq_ISSAC05_Bessack_5_m2.smt2 : 220 ms.
--------------------------------------------------
unsat
QF_NRA/20220314-Uncu/Rational_Function_Proof_Calls_With_Basic_Denominator_Simplifications/BDC_ProveIneq_ISSAC05_Bessack_5_m3.smt2 : 222 ms.
--------------------------------------------------
unsat
QF_NRA/20220314-Uncu/Rational_Function_Proof_Calls_With_Basic_Denominator_Simplifications/BDC_ProveIneq_ISSAC05_Bessack_5_m4.smt2 : 227 ms.
--------------------------------------------------
sat
QF_NRA/20220314-Uncu/Rational_Function_Proof_Calls_With_Basic_Denominator_Simplifications/BDC_ProveIneq_ISSAC05_FibonacciPoly_a.smt2 : 217 ms.
--------------------------------------------------
unsat
QF_NRA/20220314-Uncu/Rational_Function_Proof_Calls_With_Basic_Denominator_Simplifications/BDC_ProveIneq_ISSAC05_FibonacciPoly_b.smt2 : 1690 ms.
--------------------------------------------------
sat
QF_NRA/20220314-Uncu/Rational_Function_Proof_Calls_With_Basic_Denominator_Simplifications/BDC_ProveIneq_ISSAC05_KnoppSchur_a.smt2 : 198 ms.
--------------------------------------------------
unsat
QF_NRA/20220314-Uncu/Rational_Function_Proof_Calls_With_Basic_Denominator_Simplifications/BDC_ProveIneq_ISSAC05_KnoppSchur_b.smt2 : 392 ms.
--------------------------------------------------
unsat
QF_NRA/20220314-Uncu/Rational_Function_Proof_Calls_With_Basic_Denominator_Simplifications/BDC_ProveIneq_ISSAC05_LevinLHS.smt2 : 336 ms.
--------------------------------------------------
sat
QF_NRA/20220314-Uncu/Rational_Function_Proof_Calls_With_Basic_Denominator_Simplifications/BDC_ProveIneq_ISSAC05_LevinRHSa.smt2 : 226 ms.
--------------------------------------------------
sat
QF_NRA/20220314-Uncu/Rational_Function_Proof_Calls_With_Basic_Denominator_Simplifications/BDC_ProveIneq_ISSAC05_LevinRHSb.smt2 : 331 ms.
--------------------------------------------------
sat
QF_NRA/20220314-Uncu/Rational_Function_Proof_Calls_With_Basic_Denominator_Simplifications/BDC_ProveIneq_ISSAC05_LevinRHSc.smt2 : 160 ms.
--------------------------------------------------
unsat
QF_NRA/20220314-Uncu/Rational_Function_Proof_Calls_With_Basic_Denominator_Simplifications/BDC_ProveIneq_ISSAC05_LevinRHSm.smt2 : 9332 ms.
--------------------------------------------------
unsat
QF_NRA/20220314-Uncu/Rational_Function_Proof_Calls_With_Basic_Denominator_Simplifications/BDC_ProveIneq_ISSAC05_Mitrinovic_7_31.smt2 : 48 ms.
--------------------------------------------------
unsat
QF_NRA/20220314-Uncu/Rational_Function_Proof_Calls_With_Basic_Denominator_Simplifications/BDC_ProveIneq_ISSAC05_Mitrinovic_7_32.smt2 : 37 ms.
--------------------------------------------------
unsat
QF_NRA/20220314-Uncu/Rational_Function_Proof_Calls_With_Basic_Denominator_Simplifications/BDC_ProveIneq_ISSAC05_Weierstrass_1_LHS.smt2 : 43 ms.
--------------------------------------------------
unsat
QF_NRA/20220314-Uncu/Rational_Function_Proof_Calls_With_Basic_Denominator_Simplifications/BDC_ProveIneq_ISSAC05_Weierstrass_2_LHS.smt2 : 49 ms.
--------------------------------------------------
sat
QF_NRA/20220314-Uncu/Rational_Function_Proof_Calls_With_Basic_Denominator_Simplifications/BDC_ProveIneq_ISSAC10_ex1c.smt2 : 32 ms.
--------------------------------------------------
sat
QF_NRA/20220314-Uncu/Rational_Function_Proof_Calls_With_Basic_Denominator_Simplifications/BDC_ProveIneq_ISSAC10_ex1d.smt2 : 56 ms.
--------------------------------------------------
sat
QF_NRA/20220314-Uncu/Rational_Function_Proof_Calls_With_Basic_Denominator_Simplifications/BDC_ProveIneq_ISSAC10_ex1e.smt2 : 96 ms.
--------------------------------------------------
unsat
QF_NRA/20220314-Uncu/Rational_Function_Proof_Calls_With_Basic_Denominator_Simplifications/BDC_ProveIneq_ISSAC10_ex1f.smt2 : 207 ms.
--------------------------------------------------
sat
QF_NRA/20220314-Uncu/Rational_Function_Proof_Calls_With_Basic_Denominator_Simplifications/BDC_ProveIneq_ISSAC10_ex2c.smt2 : 35 ms.
--------------------------------------------------
unsat
QF_NRA/20220314-Uncu/Rational_Function_Proof_Calls_With_Basic_Denominator_Simplifications/BDC_ProveIneq_ISSAC10_ex2d.smt2 : 83 ms.
--------------------------------------------------
sat
QF_NRA/20220314-Uncu/Rational_Function_Proof_Calls_With_Basic_Denominator_Simplifications/BDC_ProveIneq_ISSAC10_ex3a.smt2 : 30 ms.
--------------------------------------------------
sat
QF_NRA/20220314-Uncu/Rational_Function_Proof_Calls_With_Basic_Denominator_Simplifications/BDC_ProveIneq_ISSAC10_ex3b.smt2 : 46 ms.
--------------------------------------------------
sat
QF_NRA/20220314-Uncu/Rational_Function_Proof_Calls_With_Basic_Denominator_Simplifications/BDC_ProveIneq_ISSAC10_ex3c.smt2 : 56 ms.
--------------------------------------------------
sat
QF_NRA/20220314-Uncu/Rational_Function_Proof_Calls_With_Basic_Denominator_Simplifications/BDC_ProveIneq_ISSAC10_ex3d.smt2 : 55 ms.
--------------------------------------------------
sat
QF_NRA/20220314-Uncu/Rational_Function_Proof_Calls_With_Basic_Denominator_Simplifications/BDC_ProveIneq_ISSAC10_ex3e.smt2 : 64 ms.
--------------------------------------------------
unsat
QF_NRA/20220314-Uncu/Rational_Function_Proof_Calls_With_Basic_Denominator_Simplifications/BDC_ProveIneq_ISSAC10_ex3f.smt2 : 216 ms.
--------------------------------------------------
sat
QF_NRA/20220314-Uncu/Rational_Function_Proof_Calls_With_Basic_Denominator_Simplifications/BDC_ProveIneq_ISSAC10_ex4b.smt2 : 23 ms.
--------------------------------------------------
sat
QF_NRA/20220314-Uncu/Rational_Function_Proof_Calls_With_Basic_Denominator_Simplifications/BDC_ProveIneq_ISSAC10_ex4c.smt2 : 39 ms.
--------------------------------------------------
sat
QF_NRA/20220314-Uncu/Rational_Function_Proof_Calls_With_Basic_Denominator_Simplifications/BDC_ProveIneq_ISSAC10_ex4d.smt2 : 42 ms.
--------------------------------------------------
sat
QF_NRA/20220314-Uncu/Rational_Function_Proof_Calls_With_Basic_Denominator_Simplifications/BDC_ProveIneq_ISSAC10_ex4e.smt2 : 57 ms.
--------------------------------------------------
sat
QF_NRA/20220314-Uncu/Rational_Function_Proof_Calls_With_Basic_Denominator_Simplifications/BDC_ProveIneq_ISSAC10_ex4f.smt2 : 58 ms.
--------------------------------------------------
sat
QF_NRA/20220314-Uncu/Rational_Function_Proof_Calls_With_Basic_Denominator_Simplifications/BDC_ProveIneq_ISSAC10_ex4g.smt2 : 56 ms.
--------------------------------------------------
sat
QF_NRA/20220314-Uncu/Rational_Function_Proof_Calls_With_Basic_Denominator_Simplifications/BDC_ProveIneq_ISSAC10_ex4h.smt2 : 63 ms.
--------------------------------------------------
sat
QF_NRA/20220314-Uncu/Rational_Function_Proof_Calls_With_Basic_Denominator_Simplifications/BDC_ProveIneq_ISSAC10_ex4i.smt2 : 56 ms.
--------------------------------------------------
sat
QF_NRA/20220314-Uncu/Rational_Function_Proof_Calls_With_Basic_Denominator_Simplifications/BDC_ProveIneq_ISSAC10_ex4j.smt2 : 60 ms.
--------------------------------------------------
sat
QF_NRA/20220314-Uncu/Rational_Function_Proof_Calls_With_Basic_Denominator_Simplifications/BDC_ProveIneq_JSC_SUMCracker_14a.smt2 : 67 ms.
--------------------------------------------------
sat
QF_NRA/20220314-Uncu/Rational_Function_Proof_Calls_With_Basic_Denominator_Simplifications/BDC_ProveIneq_JSC_SUMCracker_14b.smt2 : 68 ms.
--------------------------------------------------
sat
QF_NRA/20220314-Uncu/Rational_Function_Proof_Calls_With_Basic_Denominator_Simplifications/BDC_ProveIneq_JSC_SUMCracker_14c.smt2 : 305 ms.
--------------------------------------------------
unknown
unknown
sat
QF_NRA/20220314-Uncu/Rational_Function_Proof_Calls_With_Basic_Denominator_Simplifications/BDC_ProveIneq_JSC_SUMCracker_14d.smt2 : 900379 ms.
--------------------------------------------------
unknown
unknown
sat
QF_NRA/20220314-Uncu/Rational_Function_Proof_Calls_With_Basic_Denominator_Simplifications/BDC_ProveIneq_JSC_SUMCracker_14e.smt2 : 900248 ms.
--------------------------------------------------
unsat
QF_NRA/20220314-Uncu/Rational_Function_Proof_Calls_With_Basic_Denominator_Simplifications/BDC_ProveIneq_JSC_SUMCracker_15.smt2 : 7154 ms.
--------------------------------------------------
unsat
QF_NRA/20220314-Uncu/Rational_Function_Proof_Calls_With_Basic_Denominator_Simplifications/BDC_ProveIneq_JSC_SUMCracker_20.smt2 : 134525 ms.
--------------------------------------------------
unsat
QF_NRA/20220314-Uncu/Rational_Function_Proof_Calls_With_Basic_Denominator_Simplifications/BDC_ProveIneq_Mitrinovic_3_27.smt2 : 46 ms.
--------------------------------------------------
unsat
QF_NRA/20220314-Uncu/Rational_Function_Proof_Calls_With_Basic_Denominator_Simplifications/BDC_ProveIneq_Mitrinovic_3_28.smt2 : 26 ms.
--------------------------------------------------
unsat
QF_NRA/20220314-Uncu/Rational_Function_Proof_Calls_With_Basic_Denominator_Simplifications/BDC_ProveIneq_Mitrinovic_3_29.smt2 : 30 ms.
--------------------------------------------------
unsat
QF_NRA/20220314-Uncu/Rational_Function_Proof_Calls_With_Basic_Denominator_Simplifications/BDC_ProveIneq_Mitrinovic_3_31.smt2 : 84 ms.
--------------------------------------------------
unsat
QF_NRA/20220314-Uncu/Rational_Function_Proof_Calls_With_Basic_Denominator_Simplifications/BDC_ProveIneq_Mitrinovic_4_14.smt2 : 33 ms.
--------------------------------------------------
unsat
QF_NRA/20220314-Uncu/Rational_Function_Proof_Calls_With_Basic_Denominator_Simplifications/BDC_ProveIneq_Mitrinovic_4_18.smt2 : 28 ms.
--------------------------------------------------
unsat
QF_NRA/20220314-Uncu/Rational_Function_Proof_Calls_With_Basic_Denominator_Simplifications/BDC_ProveIneq_Mitrinovic_4_19.smt2 : 26 ms.
--------------------------------------------------
unsat
QF_NRA/20220314-Uncu/Rational_Function_Proof_Calls_With_Basic_Denominator_Simplifications/BDC_ProveIneq_Mitrinovic_4_1.smt2 : 56 ms.
--------------------------------------------------
sat
QF_NRA/20220314-Uncu/Rational_Function_Proof_Calls_With_Basic_Denominator_Simplifications/BDC_ProveIneq_Mitrinovic_4_22a.smt2 : 41 ms.
--------------------------------------------------
unsat
QF_NRA/20220314-Uncu/Rational_Function_Proof_Calls_With_Basic_Denominator_Simplifications/BDC_ProveIneq_Mitrinovic_4_22b.smt2 : 44 ms.
--------------------------------------------------
unsat
QF_NRA/20220314-Uncu/Rational_Function_Proof_Calls_With_Basic_Denominator_Simplifications/BDC_ProveIneq_Mitrinovic_4_23.smt2 : 38 ms.
--------------------------------------------------
unsat
QF_NRA/20220314-Uncu/Rational_Function_Proof_Calls_With_Basic_Denominator_Simplifications/BDC_ProveIneq_Mitrinovic_4_29_1.smt2 : 44 ms.
--------------------------------------------------
unsat
QF_NRA/20220314-Uncu/Rational_Function_Proof_Calls_With_Basic_Denominator_Simplifications/BDC_ProveIneq_Mitrinovic_4_29_2.smt2 : 36 ms.
--------------------------------------------------
unsat
QF_NRA/20220314-Uncu/Rational_Function_Proof_Calls_With_Basic_Denominator_Simplifications/BDC_ProveIneq_Mitrinovic_4_30_1.smt2 : 2997 ms.
--------------------------------------------------
unsat
QF_NRA/20220314-Uncu/Rational_Function_Proof_Calls_With_Basic_Denominator_Simplifications/BDC_ProveIneq_Mitrinovic_4_30_2.smt2 : 199 ms.
--------------------------------------------------
unsat
QF_NRA/20220314-Uncu/Rational_Function_Proof_Calls_With_Basic_Denominator_Simplifications/BDC_ProveIneq_Mitrinovic_4_3.smt2 : 36 ms.
--------------------------------------------------
unsat
QF_NRA/20220314-Uncu/Rational_Function_Proof_Calls_With_Basic_Denominator_Simplifications/BDC_ProveIneq_Mitrinovic_4_4.smt2 : 42 ms.
--------------------------------------------------
unsat
QF_NRA/20220314-Uncu/Rational_Function_Proof_Calls_With_Basic_Denominator_Simplifications/BDC_ProveIneq_Mitrinovic_7_35.smt2 : 27 ms.
--------------------------------------------------
unsat
QF_NRA/20220314-Uncu/Rational_Function_Proof_Calls_With_Basic_Denominator_Simplifications/BDC_ProveIneq_Mitrinovic_8_3.smt2 : 67 ms.
--------------------------------------------------
unsat
QF_NRA/20220314-Uncu/Rational_Function_Proof_Calls_With_Basic_Denominator_Simplifications/BDC_ProveIneq_Mitrinovic_8_4.smt2 : 243 ms.
--------------------------------------------------
unsat
QF_NRA/20220314-Uncu/Rational_Function_Proof_Calls_With_Basic_Denominator_Simplifications/BDC_ProveIneq_Mitrinovic_8_8.smt2 : 2105 ms.
