--------------------------------------------------
sat
QF_NRA/20180501-Economics-Mulligan/MulliganEconomicsModel0001a.smt2 : 76 ms.
--------------------------------------------------
sat
QF_NRA/20180501-Economics-Mulligan/MulliganEconomicsModel0001c.smt2 : 167 ms.
--------------------------------------------------
sat
QF_NRA/20180501-Economics-Mulligan/MulliganEconomicsModel0001e.smt2 : 350 ms.
--------------------------------------------------
sat
QF_NRA/20180501-Economics-Mulligan/MulliganEconomicsModel0004a.smt2 : 301 ms.
--------------------------------------------------
unsat
QF_NRA/20180501-Economics-Mulligan/MulliganEconomicsModel0004c.smt2 : 299 ms.
--------------------------------------------------
sat
QF_NRA/20180501-Economics-Mulligan/MulliganEconomicsModel0004e.smt2 : 275 ms.
--------------------------------------------------
sat
QF_NRA/20180501-Economics-Mulligan/MulliganEconomicsModel0006a.smt2 : 250 ms.
--------------------------------------------------
unsat
QF_NRA/20180501-Economics-Mulligan/MulliganEconomicsModel0006c.smt2 : 210 ms.
--------------------------------------------------
sat
QF_NRA/20180501-Economics-Mulligan/MulliganEconomicsModel0006e.smt2 : 203 ms.
--------------------------------------------------
sat
QF_NRA/20180501-Economics-Mulligan/MulliganEconomicsModel0009a.smt2 : 221 ms.
--------------------------------------------------
unsat
QF_NRA/20180501-Economics-Mulligan/MulliganEconomicsModel0009c.smt2 : 189 ms.
--------------------------------------------------
sat
QF_NRA/20180501-Economics-Mulligan/MulliganEconomicsModel0009e.smt2 : 203 ms.
--------------------------------------------------
sat
QF_NRA/20180501-Economics-Mulligan/MulliganEconomicsModel0012a.smt2 : 210 ms.
--------------------------------------------------
unsat
QF_NRA/20180501-Economics-Mulligan/MulliganEconomicsModel0012c.smt2 : 192 ms.
--------------------------------------------------
sat
QF_NRA/20180501-Economics-Mulligan/MulliganEconomicsModel0012e.smt2 : 203 ms.
--------------------------------------------------
sat
QF_NRA/20180501-Economics-Mulligan/MulliganEconomicsModel0013a.smt2 : 170 ms.
--------------------------------------------------
sat
QF_NRA/20180501-Economics-Mulligan/MulliganEconomicsModel0013c.smt2 : 162 ms.
--------------------------------------------------
sat
QF_NRA/20180501-Economics-Mulligan/MulliganEconomicsModel0013e.smt2 : 158 ms.
--------------------------------------------------
sat
QF_NRA/20180501-Economics-Mulligan/MulliganEconomicsModel0015a.smt2 : 161 ms.
--------------------------------------------------
unsat
QF_NRA/20180501-Economics-Mulligan/MulliganEconomicsModel0015c.smt2 : 172 ms.
--------------------------------------------------
sat
QF_NRA/20180501-Economics-Mulligan/MulliganEconomicsModel0015e.smt2 : 202 ms.
--------------------------------------------------
sat
QF_NRA/20180501-Economics-Mulligan/MulliganEconomicsModel0016a.smt2 : 199 ms.
--------------------------------------------------
unsat
QF_NRA/20180501-Economics-Mulligan/MulliganEconomicsModel0016c.smt2 : 201 ms.
--------------------------------------------------
sat
QF_NRA/20180501-Economics-Mulligan/MulliganEconomicsModel0016e.smt2 : 203 ms.
--------------------------------------------------
sat
QF_NRA/20180501-Economics-Mulligan/MulliganEconomicsModel0018a.smt2 : 179 ms.
--------------------------------------------------
unsat
QF_NRA/20180501-Economics-Mulligan/MulliganEconomicsModel0018c.smt2 : 167 ms.
--------------------------------------------------
sat
QF_NRA/20180501-Economics-Mulligan/MulliganEconomicsModel0018e.smt2 : 161 ms.
--------------------------------------------------
sat
QF_NRA/20180501-Economics-Mulligan/MulliganEconomicsModel0021a.smt2 : 202 ms.
--------------------------------------------------
unsat
QF_NRA/20180501-Economics-Mulligan/MulliganEconomicsModel0021c.smt2 : 315 ms.
--------------------------------------------------
sat
QF_NRA/20180501-Economics-Mulligan/MulliganEconomicsModel0021e.smt2 : 265 ms.
--------------------------------------------------
sat
QF_NRA/20180501-Economics-Mulligan/MulliganEconomicsModel0022a.smt2 : 974 ms.
--------------------------------------------------
unsat
QF_NRA/20180501-Economics-Mulligan/MulliganEconomicsModel0022c.smt2 : 1721 ms.
--------------------------------------------------
sat
QF_NRA/20180501-Economics-Mulligan/MulliganEconomicsModel0022e.smt2 : 231 ms.
--------------------------------------------------
sat
QF_NRA/20180501-Economics-Mulligan/MulliganEconomicsModel0023a.smt2 : 1408 ms.
--------------------------------------------------
unsat
QF_NRA/20180501-Economics-Mulligan/MulliganEconomicsModel0023c.smt2 : 1685 ms.
--------------------------------------------------
sat
QF_NRA/20180501-Economics-Mulligan/MulliganEconomicsModel0023e.smt2 : 568 ms.
--------------------------------------------------
sat
QF_NRA/20180501-Economics-Mulligan/MulliganEconomicsModel0024a.smt2 : 130 ms.
--------------------------------------------------
unknown
unsat
QF_NRA/20180501-Economics-Mulligan/MulliganEconomicsModel0024c.smt2 : 600555 ms.
--------------------------------------------------
sat
QF_NRA/20180501-Economics-Mulligan/MulliganEconomicsModel0024e.smt2 : 56 ms.
--------------------------------------------------
sat
QF_NRA/20180501-Economics-Mulligan/MulliganEconomicsModel0025a.smt2 : 75 ms.
--------------------------------------------------
unsat
QF_NRA/20180501-Economics-Mulligan/MulliganEconomicsModel0025c.smt2 : 32792 ms.
--------------------------------------------------
sat
QF_NRA/20180501-Economics-Mulligan/MulliganEconomicsModel0025e.smt2 : 70 ms.
--------------------------------------------------
sat
QF_NRA/20180501-Economics-Mulligan/MulliganEconomicsModel0026a.smt2 : 11837 ms.
--------------------------------------------------
unsat
QF_NRA/20180501-Economics-Mulligan/MulliganEconomicsModel0026c.smt2 : 7405 ms.
--------------------------------------------------
sat
QF_NRA/20180501-Economics-Mulligan/MulliganEconomicsModel0026e.smt2 : 180 ms.
--------------------------------------------------
sat
QF_NRA/20180501-Economics-Mulligan/MulliganEconomicsModel0027a.smt2 : 46 ms.
--------------------------------------------------
unknown
unknown
unsat
QF_NRA/20180501-Economics-Mulligan/MulliganEconomicsModel0027c.smt2 : 900751 ms.
--------------------------------------------------
sat
QF_NRA/20180501-Economics-Mulligan/MulliganEconomicsModel0027e.smt2 : 36 ms.
--------------------------------------------------
sat
QF_NRA/20180501-Economics-Mulligan/MulliganEconomicsModel0028a.smt2 : 252 ms.
--------------------------------------------------
unsat
QF_NRA/20180501-Economics-Mulligan/MulliganEconomicsModel0028c.smt2 : 784 ms.
--------------------------------------------------
sat
QF_NRA/20180501-Economics-Mulligan/MulliganEconomicsModel0028e.smt2 : 55 ms.
--------------------------------------------------
sat
QF_NRA/20180501-Economics-Mulligan/MulliganEconomicsModel0029a.smt2 : 474798 ms.
--------------------------------------------------
unsat
QF_NRA/20180501-Economics-Mulligan/MulliganEconomicsModel0029c.smt2 : 16460 ms.
--------------------------------------------------
sat
QF_NRA/20180501-Economics-Mulligan/MulliganEconomicsModel0029e.smt2 : 44 ms.
--------------------------------------------------
sat
QF_NRA/20180501-Economics-Mulligan/MulliganEconomicsModel0030a.smt2 : 54 ms.
--------------------------------------------------
QF_NRA/20180501-Economics-Mulligan/MulliganEconomicsModel0030c.smt2 : 1800008 ms.
--------------------------------------------------
sat
QF_NRA/20180501-Economics-Mulligan/MulliganEconomicsModel0030e.smt2 : 65 ms.
--------------------------------------------------
sat
QF_NRA/20180501-Economics-Mulligan/MulliganEconomicsModel0051a.smt2 : 759 ms.
--------------------------------------------------
unsat
QF_NRA/20180501-Economics-Mulligan/MulliganEconomicsModel0051c.smt2 : 1292 ms.
--------------------------------------------------
sat
QF_NRA/20180501-Economics-Mulligan/MulliganEconomicsModel0051e.smt2 : 118 ms.
--------------------------------------------------
sat
QF_NRA/20180501-Economics-Mulligan/MulliganEconomicsModel0052a.smt2 : 169 ms.
--------------------------------------------------
unsat
QF_NRA/20180501-Economics-Mulligan/MulliganEconomicsModel0052c.smt2 : 83133 ms.
--------------------------------------------------
QF_NRA/20180501-Economics-Mulligan/MulliganEconomicsModel0052e.smt2 : 1800007 ms.
--------------------------------------------------
sat
QF_NRA/20180501-Economics-Mulligan/MulliganEconomicsModel0053a.smt2 : 444 ms.
--------------------------------------------------
unsat
QF_NRA/20180501-Economics-Mulligan/MulliganEconomicsModel0053c.smt2 : 427 ms.
--------------------------------------------------
sat
QF_NRA/20180501-Economics-Mulligan/MulliganEconomicsModel0053e.smt2 : 44 ms.
--------------------------------------------------
sat
QF_NRA/20180501-Economics-Mulligan/MulliganEconomicsModel0054a.smt2 : 250 ms.
--------------------------------------------------
unsat
QF_NRA/20180501-Economics-Mulligan/MulliganEconomicsModel0054c.smt2 : 638 ms.
--------------------------------------------------
sat
QF_NRA/20180501-Economics-Mulligan/MulliganEconomicsModel0054e.smt2 : 57 ms.
--------------------------------------------------
QF_NRA/20180501-Economics-Mulligan/MulliganEconomicsModel0055a.smt2 : 1800017 ms.
--------------------------------------------------
unsat
QF_NRA/20180501-Economics-Mulligan/MulliganEconomicsModel0055c.smt2 : 1218 ms.
--------------------------------------------------
sat
QF_NRA/20180501-Economics-Mulligan/MulliganEconomicsModel0055e.smt2 : 96480 ms.
--------------------------------------------------
unknown
unknown
sat
QF_NRA/20180501-Economics-Mulligan/MulliganEconomicsModel0056a.smt2 : 900831 ms.
--------------------------------------------------
unknown
unknown
QF_NRA/20180501-Economics-Mulligan/MulliganEconomicsModel0056c.smt2 : 1800011 ms.
--------------------------------------------------
sat
QF_NRA/20180501-Economics-Mulligan/MulliganEconomicsModel0056e.smt2 : 77 ms.
--------------------------------------------------
sat
QF_NRA/20180501-Economics-Mulligan/MulliganEconomicsModel0057a.smt2 : 159 ms.
--------------------------------------------------
QF_NRA/20180501-Economics-Mulligan/MulliganEconomicsModel0057c.smt2 : 1800007 ms.
--------------------------------------------------
QF_NRA/20180501-Economics-Mulligan/MulliganEconomicsModel0057e.smt2 : 1800005 ms.
--------------------------------------------------
sat
QF_NRA/20180501-Economics-Mulligan/MulliganEconomicsModel0061a.smt2 : 42 ms.
--------------------------------------------------
unsat
QF_NRA/20180501-Economics-Mulligan/MulliganEconomicsModel0061c.smt2 : 714 ms.
--------------------------------------------------
sat
QF_NRA/20180501-Economics-Mulligan/MulliganEconomicsModel0061e.smt2 : 38 ms.
--------------------------------------------------
sat
QF_NRA/20180501-Economics-Mulligan/MulliganEconomicsModel0062a.smt2 : 31 ms.
--------------------------------------------------
unsat
QF_NRA/20180501-Economics-Mulligan/MulliganEconomicsModel0062c.smt2 : 412 ms.
--------------------------------------------------
sat
QF_NRA/20180501-Economics-Mulligan/MulliganEconomicsModel0062e.smt2 : 31 ms.
--------------------------------------------------
sat
QF_NRA/20180501-Economics-Mulligan/MulliganEconomicsModel0063a.smt2 : 26 ms.
--------------------------------------------------
unsat
QF_NRA/20180501-Economics-Mulligan/MulliganEconomicsModel0063c.smt2 : 35 ms.
--------------------------------------------------
sat
QF_NRA/20180501-Economics-Mulligan/MulliganEconomicsModel0063e.smt2 : 31 ms.
--------------------------------------------------
sat
QF_NRA/20180501-Economics-Mulligan/MulliganEconomicsModel0064a.smt2 : 45 ms.
--------------------------------------------------
unsat
QF_NRA/20180501-Economics-Mulligan/MulliganEconomicsModel0064c.smt2 : 35519 ms.
--------------------------------------------------
sat
QF_NRA/20180501-Economics-Mulligan/MulliganEconomicsModel0064e.smt2 : 32 ms.
--------------------------------------------------
sat
QF_NRA/20180501-Economics-Mulligan/MulliganEconomicsModel0065a.smt2 : 56 ms.
--------------------------------------------------
unsat
QF_NRA/20180501-Economics-Mulligan/MulliganEconomicsModel0065c.smt2 : 57459 ms.
--------------------------------------------------
sat
QF_NRA/20180501-Economics-Mulligan/MulliganEconomicsModel0065e.smt2 : 39 ms.
--------------------------------------------------
sat
QF_NRA/20180501-Economics-Mulligan/MulliganEconomicsModel0066a.smt2 : 22 ms.
--------------------------------------------------
unsat
QF_NRA/20180501-Economics-Mulligan/MulliganEconomicsModel0066c.smt2 : 24 ms.
--------------------------------------------------
sat
QF_NRA/20180501-Economics-Mulligan/MulliganEconomicsModel0066e.smt2 : 20 ms.
--------------------------------------------------
sat
QF_NRA/20180501-Economics-Mulligan/MulliganEconomicsModel0067a.smt2 : 42 ms.
--------------------------------------------------
unknown
unknown
QF_NRA/20180501-Economics-Mulligan/MulliganEconomicsModel0067c.smt2 : 1800006 ms.
--------------------------------------------------
sat
QF_NRA/20180501-Economics-Mulligan/MulliganEconomicsModel0067e.smt2 : 45 ms.
--------------------------------------------------
sat
QF_NRA/20180501-Economics-Mulligan/MulliganEconomicsModel0074a.smt2 : 25 ms.
--------------------------------------------------
unsat
QF_NRA/20180501-Economics-Mulligan/MulliganEconomicsModel0074c.smt2 : 25 ms.
--------------------------------------------------
sat
QF_NRA/20180501-Economics-Mulligan/MulliganEconomicsModel0074e.smt2 : 37 ms.
--------------------------------------------------
sat
QF_NRA/20180501-Economics-Mulligan/MulliganEconomicsModel0076a.smt2 : 17 ms.
--------------------------------------------------
unsat
QF_NRA/20180501-Economics-Mulligan/MulliganEconomicsModel0076c.smt2 : 353 ms.
--------------------------------------------------
sat
QF_NRA/20180501-Economics-Mulligan/MulliganEconomicsModel0076e.smt2 : 17 ms.
--------------------------------------------------
sat
QF_NRA/20180501-Economics-Mulligan/MulliganEconomicsModel0077a.smt2 : 17 ms.
--------------------------------------------------
unsat
QF_NRA/20180501-Economics-Mulligan/MulliganEconomicsModel0077c.smt2 : 75 ms.
--------------------------------------------------
sat
QF_NRA/20180501-Economics-Mulligan/MulliganEconomicsModel0077e.smt2 : 18 ms.
--------------------------------------------------
sat
QF_NRA/20180501-Economics-Mulligan/MulliganEconomicsModel0078a.smt2 : 20 ms.
--------------------------------------------------
unsat
QF_NRA/20180501-Economics-Mulligan/MulliganEconomicsModel0078c.smt2 : 20 ms.
--------------------------------------------------
sat
QF_NRA/20180501-Economics-Mulligan/MulliganEconomicsModel0078e.smt2 : 21 ms.
--------------------------------------------------
sat
QF_NRA/20180501-Economics-Mulligan/MulliganEconomicsModel0079a.smt2 : 20 ms.
--------------------------------------------------
sat
QF_NRA/20180501-Economics-Mulligan/MulliganEconomicsModel0079c.smt2 : 23 ms.
--------------------------------------------------
sat
QF_NRA/20180501-Economics-Mulligan/MulliganEconomicsModel0079e.smt2 : 20 ms.
--------------------------------------------------
sat
QF_NRA/20180501-Economics-Mulligan/MulliganEconomicsModel0080a.smt2 : 23 ms.
--------------------------------------------------
unsat
QF_NRA/20180501-Economics-Mulligan/MulliganEconomicsModel0080c.smt2 : 26 ms.
--------------------------------------------------
sat
QF_NRA/20180501-Economics-Mulligan/MulliganEconomicsModel0080e.smt2 : 22 ms.
--------------------------------------------------
sat
QF_NRA/20180501-Economics-Mulligan/MulliganEconomicsModel0082a.smt2 : 21 ms.
--------------------------------------------------
unsat
QF_NRA/20180501-Economics-Mulligan/MulliganEconomicsModel0082c.smt2 : 39 ms.
--------------------------------------------------
sat
QF_NRA/20180501-Economics-Mulligan/MulliganEconomicsModel0082e.smt2 : 20 ms.
--------------------------------------------------
sat
QF_NRA/20180501-Economics-Mulligan/MulliganEconomicsModel0083a.smt2 : 19 ms.
--------------------------------------------------
unsat
QF_NRA/20180501-Economics-Mulligan/MulliganEconomicsModel0083c.smt2 : 37 ms.
--------------------------------------------------
sat
QF_NRA/20180501-Economics-Mulligan/MulliganEconomicsModel0083e.smt2 : 19 ms.
--------------------------------------------------
sat
QF_NRA/20180501-Economics-Mulligan/MulliganEconomicsModel0084a.smt2 : 3323 ms.
--------------------------------------------------
unknown
unknown
unsat
QF_NRA/20180501-Economics-Mulligan/MulliganEconomicsModel0084c.smt2 : 900399 ms.
--------------------------------------------------
sat
QF_NRA/20180501-Economics-Mulligan/MulliganEconomicsModel0084e.smt2 : 42 ms.
--------------------------------------------------
sat
QF_NRA/20180501-Economics-Mulligan/MulliganEconomicsModel0085a.smt2 : 27 ms.
--------------------------------------------------
unsat
QF_NRA/20180501-Economics-Mulligan/MulliganEconomicsModel0085c.smt2 : 37 ms.
--------------------------------------------------
sat
QF_NRA/20180501-Economics-Mulligan/MulliganEconomicsModel0085e.smt2 : 32 ms.
--------------------------------------------------
sat
QF_NRA/20180501-Economics-Mulligan/MulliganEconomicsModel0086a.smt2 : 442 ms.
--------------------------------------------------
unsat
QF_NRA/20180501-Economics-Mulligan/MulliganEconomicsModel0086c.smt2 : 4448 ms.
--------------------------------------------------
sat
QF_NRA/20180501-Economics-Mulligan/MulliganEconomicsModel0086e.smt2 : 264 ms.
--------------------------------------------------
unknown
unknown
sat
QF_NRA/20180501-Economics-Mulligan/MulliganEconomicsModel1001a.smt2 : 900682 ms.
--------------------------------------------------
unknown
unknown
QF_NRA/20180501-Economics-Mulligan/MulliganEconomicsModel1001c.smt2 : 1800014 ms.
--------------------------------------------------
sat
QF_NRA/20180501-Economics-Mulligan/MulliganEconomicsModel1001e.smt2 : 14812 ms.
