--------------------------------------------------
unsat
QF_NRA/hycomp/ball_count_2d_slope.04.seq_lazy_global_0.smt2 : 160 ms.
--------------------------------------------------
QF_NRA/hycomp/ball_count_2d_slope.04.seq_lazy_global_10.smt2 : 1800006 ms.
--------------------------------------------------
unsat
QF_NRA/hycomp/ball_count_2d_slope.04.seq_lazy_global_11.smt2 : 220 ms.
--------------------------------------------------
unknown
unknown
QF_NRA/hycomp/ball_count_2d_slope.04.seq_lazy_global_12.smt2 : 1800006 ms.
--------------------------------------------------
unsat
QF_NRA/hycomp/ball_count_2d_slope.04.seq_lazy_global_13.smt2 : 194 ms.
--------------------------------------------------
unknown
unknown
QF_NRA/hycomp/ball_count_2d_slope.04.seq_lazy_global_14.smt2 : 1800010 ms.
--------------------------------------------------
unsat
QF_NRA/hycomp/ball_count_2d_slope.04.seq_lazy_global_15.smt2 : 229 ms.
--------------------------------------------------
unsat
QF_NRA/hycomp/ball_count_2d_slope.04.seq_lazy_global_1.smt2 : 42 ms.
--------------------------------------------------
unsat
QF_NRA/hycomp/ball_count_2d_slope.04.seq_lazy_global_2.smt2 : 52 ms.
--------------------------------------------------
unsat
QF_NRA/hycomp/ball_count_2d_slope.04.seq_lazy_global_3.smt2 : 65 ms.
--------------------------------------------------
unsat
QF_NRA/hycomp/ball_count_2d_slope.04.seq_lazy_global_4.smt2 : 77 ms.
--------------------------------------------------
unsat
QF_NRA/hycomp/ball_count_2d_slope.04.seq_lazy_global_5.smt2 : 92 ms.
--------------------------------------------------
unsat
QF_NRA/hycomp/ball_count_2d_slope.04.seq_lazy_global_6.smt2 : 104 ms.
--------------------------------------------------
unsat
QF_NRA/hycomp/ball_count_2d_slope.04.seq_lazy_global_7.smt2 : 116 ms.
--------------------------------------------------
unknown
unsat
QF_NRA/hycomp/ball_count_2d_slope.04.seq_lazy_global_8.smt2 : 600833 ms.
--------------------------------------------------
unsat
QF_NRA/hycomp/ball_count_2d_slope.04.seq_lazy_global_9.smt2 : 148 ms.
--------------------------------------------------
unsat
QF_NRA/hycomp/ball_count_2d_slope.04.seq_lazy_lemmas_global_0.smt2 : 27 ms.
--------------------------------------------------
unknown
unknown
QF_NRA/hycomp/ball_count_2d_slope.04.seq_lazy_lemmas_global_10.smt2 : 1800017 ms.
--------------------------------------------------
unsat
QF_NRA/hycomp/ball_count_2d_slope.04.seq_lazy_lemmas_global_11.smt2 : 227 ms.
--------------------------------------------------
unknown
unknown
QF_NRA/hycomp/ball_count_2d_slope.04.seq_lazy_lemmas_global_12.smt2 : 1800006 ms.
--------------------------------------------------
unsat
QF_NRA/hycomp/ball_count_2d_slope.04.seq_lazy_lemmas_global_13.smt2 : 253 ms.
--------------------------------------------------
QF_NRA/hycomp/ball_count_2d_slope.04.seq_lazy_lemmas_global_14.smt2 : 1800011 ms.
--------------------------------------------------
unsat
QF_NRA/hycomp/ball_count_2d_slope.04.seq_lazy_lemmas_global_15.smt2 : 304 ms.
--------------------------------------------------
unsat
QF_NRA/hycomp/ball_count_2d_slope.04.seq_lazy_lemmas_global_1.smt2 : 52 ms.
--------------------------------------------------
unsat
QF_NRA/hycomp/ball_count_2d_slope.04.seq_lazy_lemmas_global_2.smt2 : 67 ms.
--------------------------------------------------
unsat
QF_NRA/hycomp/ball_count_2d_slope.04.seq_lazy_lemmas_global_3.smt2 : 85 ms.
--------------------------------------------------
unsat
QF_NRA/hycomp/ball_count_2d_slope.04.seq_lazy_lemmas_global_4.smt2 : 107 ms.
--------------------------------------------------
unsat
QF_NRA/hycomp/ball_count_2d_slope.04.seq_lazy_lemmas_global_5.smt2 : 119 ms.
--------------------------------------------------
unsat
QF_NRA/hycomp/ball_count_2d_slope.04.seq_lazy_lemmas_global_6.smt2 : 137 ms.
--------------------------------------------------
unsat
QF_NRA/hycomp/ball_count_2d_slope.04.seq_lazy_lemmas_global_7.smt2 : 153 ms.
--------------------------------------------------
unknown
unsat
QF_NRA/hycomp/ball_count_2d_slope.04.seq_lazy_lemmas_global_8.smt2 : 601119 ms.
--------------------------------------------------
unsat
QF_NRA/hycomp/ball_count_2d_slope.04.seq_lazy_lemmas_global_9.smt2 : 223 ms.
--------------------------------------------------
unsat
QF_NRA/hycomp/ball_count_2d_slope.04.seq_lazy_linear_enc_global_0.smt2 : 25 ms.
--------------------------------------------------
unknown
unknown
QF_NRA/hycomp/ball_count_2d_slope.04.seq_lazy_linear_enc_global_10.smt2 : 1800007 ms.
--------------------------------------------------
unsat
QF_NRA/hycomp/ball_count_2d_slope.04.seq_lazy_linear_enc_global_11.smt2 : 198 ms.
--------------------------------------------------
unknown
unknown
QF_NRA/hycomp/ball_count_2d_slope.04.seq_lazy_linear_enc_global_12.smt2 : 1800004 ms.
--------------------------------------------------
unsat
QF_NRA/hycomp/ball_count_2d_slope.04.seq_lazy_linear_enc_global_13.smt2 : 189 ms.
--------------------------------------------------
unknown
unknown
QF_NRA/hycomp/ball_count_2d_slope.04.seq_lazy_linear_enc_global_14.smt2 : 1800005 ms.
--------------------------------------------------
unsat
QF_NRA/hycomp/ball_count_2d_slope.04.seq_lazy_linear_enc_global_15.smt2 : 205 ms.
--------------------------------------------------
unsat
QF_NRA/hycomp/ball_count_2d_slope.04.seq_lazy_linear_enc_global_1.smt2 : 39 ms.
--------------------------------------------------
unsat
QF_NRA/hycomp/ball_count_2d_slope.04.seq_lazy_linear_enc_global_2.smt2 : 45 ms.
--------------------------------------------------
unsat
QF_NRA/hycomp/ball_count_2d_slope.04.seq_lazy_linear_enc_global_3.smt2 : 59 ms.
--------------------------------------------------
unsat
QF_NRA/hycomp/ball_count_2d_slope.04.seq_lazy_linear_enc_global_4.smt2 : 82 ms.
--------------------------------------------------
unsat
QF_NRA/hycomp/ball_count_2d_slope.04.seq_lazy_linear_enc_global_5.smt2 : 79 ms.
--------------------------------------------------
unsat
QF_NRA/hycomp/ball_count_2d_slope.04.seq_lazy_linear_enc_global_6.smt2 : 100 ms.
--------------------------------------------------
unsat
QF_NRA/hycomp/ball_count_2d_slope.04.seq_lazy_linear_enc_global_7.smt2 : 103 ms.
--------------------------------------------------
unknown
unknown
QF_NRA/hycomp/ball_count_2d_slope.04.seq_lazy_linear_enc_global_8.smt2 : 1800004 ms.
--------------------------------------------------
unsat
QF_NRA/hycomp/ball_count_2d_slope.04.seq_lazy_linear_enc_global_9.smt2 : 169 ms.
--------------------------------------------------
unsat
QF_NRA/hycomp/ball_count_2d_slope.04.seq_lazy_linear_enc_lemmas_global_0.smt2 : 21 ms.
--------------------------------------------------
unsat
QF_NRA/hycomp/ball_count_2d_slope.04.seq_lazy_linear_enc_lemmas_global_10.smt2 : 203 ms.
--------------------------------------------------
unsat
QF_NRA/hycomp/ball_count_2d_slope.04.seq_lazy_linear_enc_lemmas_global_11.smt2 : 294 ms.
--------------------------------------------------
unsat
QF_NRA/hycomp/ball_count_2d_slope.04.seq_lazy_linear_enc_lemmas_global_12.smt2 : 266 ms.
--------------------------------------------------
unsat
QF_NRA/hycomp/ball_count_2d_slope.04.seq_lazy_linear_enc_lemmas_global_13.smt2 : 291 ms.
--------------------------------------------------
unsat
QF_NRA/hycomp/ball_count_2d_slope.04.seq_lazy_linear_enc_lemmas_global_14.smt2 : 281 ms.
--------------------------------------------------
unsat
QF_NRA/hycomp/ball_count_2d_slope.04.seq_lazy_linear_enc_lemmas_global_15.smt2 : 299 ms.
--------------------------------------------------
unsat
QF_NRA/hycomp/ball_count_2d_slope.04.seq_lazy_linear_enc_lemmas_global_1.smt2 : 36 ms.
--------------------------------------------------
unsat
QF_NRA/hycomp/ball_count_2d_slope.04.seq_lazy_linear_enc_lemmas_global_2.smt2 : 58 ms.
--------------------------------------------------
unsat
QF_NRA/hycomp/ball_count_2d_slope.04.seq_lazy_linear_enc_lemmas_global_3.smt2 : 79 ms.
--------------------------------------------------
unsat
QF_NRA/hycomp/ball_count_2d_slope.04.seq_lazy_linear_enc_lemmas_global_4.smt2 : 103 ms.
--------------------------------------------------
unsat
QF_NRA/hycomp/ball_count_2d_slope.04.seq_lazy_linear_enc_lemmas_global_5.smt2 : 111 ms.
--------------------------------------------------
unsat
QF_NRA/hycomp/ball_count_2d_slope.04.seq_lazy_linear_enc_lemmas_global_6.smt2 : 120 ms.
--------------------------------------------------
unsat
QF_NRA/hycomp/ball_count_2d_slope.04.seq_lazy_linear_enc_lemmas_global_7.smt2 : 126 ms.
--------------------------------------------------
unsat
QF_NRA/hycomp/ball_count_2d_slope.04.seq_lazy_linear_enc_lemmas_global_8.smt2 : 144 ms.
--------------------------------------------------
unsat
QF_NRA/hycomp/ball_count_2d_slope.04.seq_lazy_linear_enc_lemmas_global_9.smt2 : 186 ms.
--------------------------------------------------
unsat
QF_NRA/hycomp/ball_count_2d_slope.05.seq_lazy_global_0.smt2 : 22 ms.
--------------------------------------------------
unknown
unsat
QF_NRA/hycomp/ball_count_2d_slope.05.seq_lazy_global_10.smt2 : 602660 ms.
--------------------------------------------------
unsat
QF_NRA/hycomp/ball_count_2d_slope.05.seq_lazy_global_11.smt2 : 178 ms.
--------------------------------------------------
unknown
unknown
QF_NRA/hycomp/ball_count_2d_slope.05.seq_lazy_global_12.smt2 : 1800005 ms.
--------------------------------------------------
unsat
QF_NRA/hycomp/ball_count_2d_slope.05.seq_lazy_global_13.smt2 : 226 ms.
--------------------------------------------------
unknown
unknown
QF_NRA/hycomp/ball_count_2d_slope.05.seq_lazy_global_14.smt2 : 1800006 ms.
--------------------------------------------------
unsat
QF_NRA/hycomp/ball_count_2d_slope.05.seq_lazy_global_15.smt2 : 224 ms.
--------------------------------------------------
unsat
QF_NRA/hycomp/ball_count_2d_slope.05.seq_lazy_global_1.smt2 : 33 ms.
--------------------------------------------------
unsat
QF_NRA/hycomp/ball_count_2d_slope.05.seq_lazy_global_2.smt2 : 47 ms.
--------------------------------------------------
unsat
QF_NRA/hycomp/ball_count_2d_slope.05.seq_lazy_global_3.smt2 : 60 ms.
--------------------------------------------------
unsat
QF_NRA/hycomp/ball_count_2d_slope.05.seq_lazy_global_4.smt2 : 72 ms.
--------------------------------------------------
unsat
QF_NRA/hycomp/ball_count_2d_slope.05.seq_lazy_global_5.smt2 : 89 ms.
--------------------------------------------------
unsat
QF_NRA/hycomp/ball_count_2d_slope.05.seq_lazy_global_6.smt2 : 103 ms.
--------------------------------------------------
unsat
QF_NRA/hycomp/ball_count_2d_slope.05.seq_lazy_global_7.smt2 : 116 ms.
--------------------------------------------------
unsat
QF_NRA/hycomp/ball_count_2d_slope.05.seq_lazy_global_8.smt2 : 129 ms.
--------------------------------------------------
unsat
QF_NRA/hycomp/ball_count_2d_slope.05.seq_lazy_global_9.smt2 : 141 ms.
--------------------------------------------------
unsat
QF_NRA/hycomp/ball_count_2d_slope.05.seq_lazy_lemmas_global_0.smt2 : 24 ms.
--------------------------------------------------
unknown
unsat
QF_NRA/hycomp/ball_count_2d_slope.05.seq_lazy_lemmas_global_10.smt2 : 602477 ms.
--------------------------------------------------
unsat
QF_NRA/hycomp/ball_count_2d_slope.05.seq_lazy_lemmas_global_11.smt2 : 268 ms.
--------------------------------------------------
unknown
unknown
QF_NRA/hycomp/ball_count_2d_slope.05.seq_lazy_lemmas_global_12.smt2 : 1800007 ms.
--------------------------------------------------
unsat
QF_NRA/hycomp/ball_count_2d_slope.05.seq_lazy_lemmas_global_13.smt2 : 313 ms.
--------------------------------------------------
QF_NRA/hycomp/ball_count_2d_slope.05.seq_lazy_lemmas_global_14.smt2 : 1800005 ms.
--------------------------------------------------
unsat
QF_NRA/hycomp/ball_count_2d_slope.05.seq_lazy_lemmas_global_15.smt2 : 340 ms.
--------------------------------------------------
unsat
QF_NRA/hycomp/ball_count_2d_slope.05.seq_lazy_lemmas_global_1.smt2 : 44 ms.
--------------------------------------------------
unsat
QF_NRA/hycomp/ball_count_2d_slope.05.seq_lazy_lemmas_global_2.smt2 : 70 ms.
--------------------------------------------------
unsat
QF_NRA/hycomp/ball_count_2d_slope.05.seq_lazy_lemmas_global_3.smt2 : 93 ms.
--------------------------------------------------
unsat
QF_NRA/hycomp/ball_count_2d_slope.05.seq_lazy_lemmas_global_4.smt2 : 110 ms.
--------------------------------------------------
unsat
QF_NRA/hycomp/ball_count_2d_slope.05.seq_lazy_lemmas_global_5.smt2 : 134 ms.
--------------------------------------------------
unsat
QF_NRA/hycomp/ball_count_2d_slope.05.seq_lazy_lemmas_global_6.smt2 : 153 ms.
--------------------------------------------------
unsat
QF_NRA/hycomp/ball_count_2d_slope.05.seq_lazy_lemmas_global_7.smt2 : 157 ms.
--------------------------------------------------
unsat
QF_NRA/hycomp/ball_count_2d_slope.05.seq_lazy_lemmas_global_8.smt2 : 214 ms.
--------------------------------------------------
unsat
QF_NRA/hycomp/ball_count_2d_slope.05.seq_lazy_lemmas_global_9.smt2 : 207 ms.
--------------------------------------------------
unsat
QF_NRA/hycomp/ball_count_2d_slope.05.seq_lazy_linear_enc_global_0.smt2 : 21 ms.
--------------------------------------------------
QF_NRA/hycomp/ball_count_2d_slope.05.seq_lazy_linear_enc_global_10.smt2 : 1800005 ms.
--------------------------------------------------
unsat
QF_NRA/hycomp/ball_count_2d_slope.05.seq_lazy_linear_enc_global_11.smt2 : 169 ms.
--------------------------------------------------
unknown
unknown
QF_NRA/hycomp/ball_count_2d_slope.05.seq_lazy_linear_enc_global_12.smt2 : 1800005 ms.
--------------------------------------------------
unsat
QF_NRA/hycomp/ball_count_2d_slope.05.seq_lazy_linear_enc_global_13.smt2 : 192 ms.
--------------------------------------------------
QF_NRA/hycomp/ball_count_2d_slope.05.seq_lazy_linear_enc_global_14.smt2 : 1800006 ms.
--------------------------------------------------
unsat
QF_NRA/hycomp/ball_count_2d_slope.05.seq_lazy_linear_enc_global_15.smt2 : 204 ms.
--------------------------------------------------
unsat
QF_NRA/hycomp/ball_count_2d_slope.05.seq_lazy_linear_enc_global_1.smt2 : 33 ms.
--------------------------------------------------
unsat
QF_NRA/hycomp/ball_count_2d_slope.05.seq_lazy_linear_enc_global_2.smt2 : 46 ms.
--------------------------------------------------
unsat
QF_NRA/hycomp/ball_count_2d_slope.05.seq_lazy_linear_enc_global_3.smt2 : 69 ms.
--------------------------------------------------
unsat
QF_NRA/hycomp/ball_count_2d_slope.05.seq_lazy_linear_enc_global_4.smt2 : 80 ms.
--------------------------------------------------
unsat
QF_NRA/hycomp/ball_count_2d_slope.05.seq_lazy_linear_enc_global_5.smt2 : 80 ms.
--------------------------------------------------
unsat
QF_NRA/hycomp/ball_count_2d_slope.05.seq_lazy_linear_enc_global_6.smt2 : 91 ms.
--------------------------------------------------
unsat
QF_NRA/hycomp/ball_count_2d_slope.05.seq_lazy_linear_enc_global_7.smt2 : 102 ms.
--------------------------------------------------
unsat
QF_NRA/hycomp/ball_count_2d_slope.05.seq_lazy_linear_enc_global_8.smt2 : 114 ms.
--------------------------------------------------
unsat
QF_NRA/hycomp/ball_count_2d_slope.05.seq_lazy_linear_enc_global_9.smt2 : 126 ms.
--------------------------------------------------
unsat
QF_NRA/hycomp/ball_count_2d_slope.05.seq_lazy_linear_enc_lemmas_global_0.smt2 : 23 ms.
--------------------------------------------------
unsat
QF_NRA/hycomp/ball_count_2d_slope.05.seq_lazy_linear_enc_lemmas_global_10.smt2 : 170 ms.
--------------------------------------------------
unsat
QF_NRA/hycomp/ball_count_2d_slope.05.seq_lazy_linear_enc_lemmas_global_11.smt2 : 184 ms.
--------------------------------------------------
unsat
QF_NRA/hycomp/ball_count_2d_slope.05.seq_lazy_linear_enc_lemmas_global_12.smt2 : 198 ms.
--------------------------------------------------
unsat
QF_NRA/hycomp/ball_count_2d_slope.05.seq_lazy_linear_enc_lemmas_global_13.smt2 : 221 ms.
--------------------------------------------------
unsat
QF_NRA/hycomp/ball_count_2d_slope.05.seq_lazy_linear_enc_lemmas_global_14.smt2 : 237 ms.
--------------------------------------------------
unsat
QF_NRA/hycomp/ball_count_2d_slope.05.seq_lazy_linear_enc_lemmas_global_15.smt2 : 254 ms.
--------------------------------------------------
unsat
QF_NRA/hycomp/ball_count_2d_slope.05.seq_lazy_linear_enc_lemmas_global_1.smt2 : 38 ms.
--------------------------------------------------
unsat
QF_NRA/hycomp/ball_count_2d_slope.05.seq_lazy_linear_enc_lemmas_global_2.smt2 : 53 ms.
--------------------------------------------------
unsat
QF_NRA/hycomp/ball_count_2d_slope.05.seq_lazy_linear_enc_lemmas_global_3.smt2 : 68 ms.
--------------------------------------------------
unsat
QF_NRA/hycomp/ball_count_2d_slope.05.seq_lazy_linear_enc_lemmas_global_4.smt2 : 82 ms.
--------------------------------------------------
unsat
QF_NRA/hycomp/ball_count_2d_slope.05.seq_lazy_linear_enc_lemmas_global_5.smt2 : 96 ms.
--------------------------------------------------
unsat
QF_NRA/hycomp/ball_count_2d_slope.05.seq_lazy_linear_enc_lemmas_global_6.smt2 : 109 ms.
--------------------------------------------------
unsat
QF_NRA/hycomp/ball_count_2d_slope.05.seq_lazy_linear_enc_lemmas_global_7.smt2 : 124 ms.
--------------------------------------------------
unsat
QF_NRA/hycomp/ball_count_2d_slope.05.seq_lazy_linear_enc_lemmas_global_8.smt2 : 138 ms.
--------------------------------------------------
unsat
QF_NRA/hycomp/ball_count_2d_slope.05.seq_lazy_linear_enc_lemmas_global_9.smt2 : 153 ms.
--------------------------------------------------
unsat
QF_NRA/hycomp/ball_count_2d_slope.10.seq_lazy_global_0.smt2 : 22 ms.
--------------------------------------------------
unsat
QF_NRA/hycomp/ball_count_2d_slope.10.seq_lazy_global_10.smt2 : 152 ms.
--------------------------------------------------
unsat
QF_NRA/hycomp/ball_count_2d_slope.10.seq_lazy_global_11.smt2 : 148 ms.
--------------------------------------------------
unsat
QF_NRA/hycomp/ball_count_2d_slope.10.seq_lazy_global_12.smt2 : 182 ms.
--------------------------------------------------
unsat
QF_NRA/hycomp/ball_count_2d_slope.10.seq_lazy_global_13.smt2 : 178 ms.
--------------------------------------------------
unsat
QF_NRA/hycomp/ball_count_2d_slope.10.seq_lazy_global_14.smt2 : 219 ms.
--------------------------------------------------
unsat
QF_NRA/hycomp/ball_count_2d_slope.10.seq_lazy_global_15.smt2 : 201 ms.
--------------------------------------------------
unsat
QF_NRA/hycomp/ball_count_2d_slope.10.seq_lazy_global_1.smt2 : 31 ms.
--------------------------------------------------
unsat
QF_NRA/hycomp/ball_count_2d_slope.10.seq_lazy_global_2.smt2 : 48 ms.
--------------------------------------------------
unsat
QF_NRA/hycomp/ball_count_2d_slope.10.seq_lazy_global_3.smt2 : 57 ms.
--------------------------------------------------
unsat
QF_NRA/hycomp/ball_count_2d_slope.10.seq_lazy_global_4.smt2 : 73 ms.
--------------------------------------------------
unsat
QF_NRA/hycomp/ball_count_2d_slope.10.seq_lazy_global_5.smt2 : 79 ms.
--------------------------------------------------
unsat
QF_NRA/hycomp/ball_count_2d_slope.10.seq_lazy_global_6.smt2 : 100 ms.
--------------------------------------------------
unsat
QF_NRA/hycomp/ball_count_2d_slope.10.seq_lazy_global_7.smt2 : 102 ms.
--------------------------------------------------
unsat
QF_NRA/hycomp/ball_count_2d_slope.10.seq_lazy_global_8.smt2 : 126 ms.
--------------------------------------------------
unsat
QF_NRA/hycomp/ball_count_2d_slope.10.seq_lazy_global_9.smt2 : 124 ms.
--------------------------------------------------
unsat
QF_NRA/hycomp/ball_count_2d_slope.10.seq_lazy_lemmas_global_0.smt2 : 25 ms.
--------------------------------------------------
unsat
QF_NRA/hycomp/ball_count_2d_slope.10.seq_lazy_lemmas_global_10.smt2 : 199 ms.
--------------------------------------------------
unsat
QF_NRA/hycomp/ball_count_2d_slope.10.seq_lazy_lemmas_global_11.smt2 : 190 ms.
--------------------------------------------------
unsat
QF_NRA/hycomp/ball_count_2d_slope.10.seq_lazy_lemmas_global_12.smt2 : 235 ms.
--------------------------------------------------
unsat
QF_NRA/hycomp/ball_count_2d_slope.10.seq_lazy_lemmas_global_13.smt2 : 223 ms.
--------------------------------------------------
unsat
QF_NRA/hycomp/ball_count_2d_slope.10.seq_lazy_lemmas_global_14.smt2 : 280 ms.
--------------------------------------------------
unsat
QF_NRA/hycomp/ball_count_2d_slope.10.seq_lazy_lemmas_global_15.smt2 : 256 ms.
--------------------------------------------------
unsat
QF_NRA/hycomp/ball_count_2d_slope.10.seq_lazy_lemmas_global_1.smt2 : 38 ms.
--------------------------------------------------
unsat
QF_NRA/hycomp/ball_count_2d_slope.10.seq_lazy_lemmas_global_2.smt2 : 61 ms.
--------------------------------------------------
unsat
QF_NRA/hycomp/ball_count_2d_slope.10.seq_lazy_lemmas_global_3.smt2 : 81 ms.
--------------------------------------------------
unsat
QF_NRA/hycomp/ball_count_2d_slope.10.seq_lazy_lemmas_global_4.smt2 : 109 ms.
--------------------------------------------------
unsat
QF_NRA/hycomp/ball_count_2d_slope.10.seq_lazy_lemmas_global_5.smt2 : 100 ms.
--------------------------------------------------
unsat
QF_NRA/hycomp/ball_count_2d_slope.10.seq_lazy_lemmas_global_6.smt2 : 127 ms.
--------------------------------------------------
unsat
QF_NRA/hycomp/ball_count_2d_slope.10.seq_lazy_lemmas_global_7.smt2 : 129 ms.
--------------------------------------------------
unsat
QF_NRA/hycomp/ball_count_2d_slope.10.seq_lazy_lemmas_global_8.smt2 : 166 ms.
--------------------------------------------------
unsat
QF_NRA/hycomp/ball_count_2d_slope.10.seq_lazy_lemmas_global_9.smt2 : 162 ms.
--------------------------------------------------
unsat
QF_NRA/hycomp/ball_count_2d_slope.10.seq_lazy_linear_enc_global_0.smt2 : 21 ms.
--------------------------------------------------
unsat
QF_NRA/hycomp/ball_count_2d_slope.10.seq_lazy_linear_enc_global_10.smt2 : 138 ms.
--------------------------------------------------
unsat
QF_NRA/hycomp/ball_count_2d_slope.10.seq_lazy_linear_enc_global_11.smt2 : 133 ms.
--------------------------------------------------
unsat
QF_NRA/hycomp/ball_count_2d_slope.10.seq_lazy_linear_enc_global_12.smt2 : 163 ms.
--------------------------------------------------
unsat
QF_NRA/hycomp/ball_count_2d_slope.10.seq_lazy_linear_enc_global_13.smt2 : 154 ms.
--------------------------------------------------
unsat
QF_NRA/hycomp/ball_count_2d_slope.10.seq_lazy_linear_enc_global_14.smt2 : 187 ms.
--------------------------------------------------
unsat
QF_NRA/hycomp/ball_count_2d_slope.10.seq_lazy_linear_enc_global_15.smt2 : 172 ms.
--------------------------------------------------
unsat
QF_NRA/hycomp/ball_count_2d_slope.10.seq_lazy_linear_enc_global_1.smt2 : 28 ms.
--------------------------------------------------
unsat
QF_NRA/hycomp/ball_count_2d_slope.10.seq_lazy_linear_enc_global_2.smt2 : 44 ms.
--------------------------------------------------
unsat
QF_NRA/hycomp/ball_count_2d_slope.10.seq_lazy_linear_enc_global_3.smt2 : 51 ms.
--------------------------------------------------
unsat
QF_NRA/hycomp/ball_count_2d_slope.10.seq_lazy_linear_enc_global_4.smt2 : 68 ms.
--------------------------------------------------
unsat
QF_NRA/hycomp/ball_count_2d_slope.10.seq_lazy_linear_enc_global_5.smt2 : 71 ms.
--------------------------------------------------
unsat
QF_NRA/hycomp/ball_count_2d_slope.10.seq_lazy_linear_enc_global_6.smt2 : 90 ms.
--------------------------------------------------
unsat
QF_NRA/hycomp/ball_count_2d_slope.10.seq_lazy_linear_enc_global_7.smt2 : 92 ms.
--------------------------------------------------
unsat
QF_NRA/hycomp/ball_count_2d_slope.10.seq_lazy_linear_enc_global_8.smt2 : 112 ms.
--------------------------------------------------
unsat
QF_NRA/hycomp/ball_count_2d_slope.10.seq_lazy_linear_enc_global_9.smt2 : 157 ms.
--------------------------------------------------
unsat
QF_NRA/hycomp/ball_count_2d_slope.10.seq_lazy_linear_enc_lemmas_global_0.smt2 : 26 ms.
--------------------------------------------------
unsat
QF_NRA/hycomp/ball_count_2d_slope.10.seq_lazy_linear_enc_lemmas_global_10.smt2 : 176 ms.
--------------------------------------------------
unsat
QF_NRA/hycomp/ball_count_2d_slope.10.seq_lazy_linear_enc_lemmas_global_11.smt2 : 165 ms.
--------------------------------------------------
unsat
QF_NRA/hycomp/ball_count_2d_slope.10.seq_lazy_linear_enc_lemmas_global_12.smt2 : 207 ms.
--------------------------------------------------
unsat
QF_NRA/hycomp/ball_count_2d_slope.10.seq_lazy_linear_enc_lemmas_global_13.smt2 : 187 ms.
--------------------------------------------------
unsat
QF_NRA/hycomp/ball_count_2d_slope.10.seq_lazy_linear_enc_lemmas_global_14.smt2 : 233 ms.
--------------------------------------------------
unsat
QF_NRA/hycomp/ball_count_2d_slope.10.seq_lazy_linear_enc_lemmas_global_15.smt2 : 212 ms.
--------------------------------------------------
unsat
QF_NRA/hycomp/ball_count_2d_slope.10.seq_lazy_linear_enc_lemmas_global_1.smt2 : 33 ms.
--------------------------------------------------
unsat
QF_NRA/hycomp/ball_count_2d_slope.10.seq_lazy_linear_enc_lemmas_global_2.smt2 : 52 ms.
--------------------------------------------------
unsat
QF_NRA/hycomp/ball_count_2d_slope.10.seq_lazy_linear_enc_lemmas_global_3.smt2 : 70 ms.
--------------------------------------------------
unsat
QF_NRA/hycomp/ball_count_2d_slope.10.seq_lazy_linear_enc_lemmas_global_4.smt2 : 94 ms.
--------------------------------------------------
unsat
QF_NRA/hycomp/ball_count_2d_slope.10.seq_lazy_linear_enc_lemmas_global_5.smt2 : 85 ms.
--------------------------------------------------
unsat
QF_NRA/hycomp/ball_count_2d_slope.10.seq_lazy_linear_enc_lemmas_global_6.smt2 : 109 ms.
--------------------------------------------------
unsat
QF_NRA/hycomp/ball_count_2d_slope.10.seq_lazy_linear_enc_lemmas_global_7.smt2 : 109 ms.
--------------------------------------------------
unsat
QF_NRA/hycomp/ball_count_2d_slope.10.seq_lazy_linear_enc_lemmas_global_8.smt2 : 140 ms.
--------------------------------------------------
unsat
QF_NRA/hycomp/ball_count_2d_slope.10.seq_lazy_linear_enc_lemmas_global_9.smt2 : 134 ms.
--------------------------------------------------
unsat
QF_NRA/hycomp/etcs_braking_2.01.qfree_global_0.smt2 : 22 ms.
--------------------------------------------------
unsat
QF_NRA/hycomp/etcs_braking_2.01.qfree_global_10.smt2 : 201 ms.
--------------------------------------------------
unsat
QF_NRA/hycomp/etcs_braking_2.01.qfree_global_11.smt2 : 230 ms.
--------------------------------------------------
unsat
QF_NRA/hycomp/etcs_braking_2.01.qfree_global_12.smt2 : 238 ms.
--------------------------------------------------
unknown
unsat
QF_NRA/hycomp/etcs_braking_2.01.qfree_global_13.smt2 : 687792 ms.
--------------------------------------------------
unsat
QF_NRA/hycomp/etcs_braking_2.01.qfree_global_14.smt2 : 297 ms.
--------------------------------------------------
unsat
QF_NRA/hycomp/etcs_braking_2.01.qfree_global_15.smt2 : 326 ms.
--------------------------------------------------
unsat
QF_NRA/hycomp/etcs_braking_2.01.qfree_global_1.smt2 : 66 ms.
