--------------------------------------------------
sat
QF_NRA/meti-tarski/sin/problem/10/sin-problem-10-2-chunk-0010.smt2 : 34 ms.
--------------------------------------------------
sat
QF_NRA/meti-tarski/sin/problem/10/sin-problem-10-2-chunk-0012.smt2 : 33 ms.
--------------------------------------------------
./solvers/mathsat/run.sh: line 3: 245602 Killed                  ./mathsat ../$1
QF_NRA/meti-tarski/sin/problem/10/sin-problem-10-2-chunk-0013.smt2 : 1800132 ms.
--------------------------------------------------
sat
QF_NRA/meti-tarski/sin/problem/10/sin-problem-10-2-chunk-0015.smt2 : 38 ms.
--------------------------------------------------
./solvers/mathsat/run.sh: line 3: 257698 Killed                  ./mathsat ../$1
QF_NRA/meti-tarski/sin/problem/10/sin-problem-10-2-chunk-0016.smt2 : 1800122 ms.
--------------------------------------------------
./solvers/mathsat/run.sh: line 3: 261074 Killed                  ./mathsat ../$1
QF_NRA/meti-tarski/sin/problem/10/sin-problem-10-2-chunk-0018.smt2 : 1800072 ms.
--------------------------------------------------
unsat
QF_NRA/meti-tarski/sin/problem/10/sin-problem-10-2-chunk-0019.smt2 : 85 ms.
--------------------------------------------------
./solvers/mathsat/run.sh: line 3: 263682 Killed                  ./mathsat ../$1
QF_NRA/meti-tarski/sin/problem/10/sin-problem-10-2-chunk-0021.smt2 : 1800154 ms.
--------------------------------------------------
./solvers/mathsat/run.sh: line 3: 265984 Killed                  ./mathsat ../$1
QF_NRA/meti-tarski/sin/problem/10/sin-problem-10-2-chunk-0022.smt2 : 1800110 ms.
--------------------------------------------------
unsat
QF_NRA/meti-tarski/sin/problem/10/sin-problem-10-2-chunk-0023.smt2 : 37 ms.
--------------------------------------------------
unsat
QF_NRA/meti-tarski/sin/problem/10/sin-problem-10-2-chunk-0024.smt2 : 28 ms.
--------------------------------------------------
unsat
QF_NRA/meti-tarski/sin/problem/10/sin-problem-10-2-chunk-0025.smt2 : 46 ms.
--------------------------------------------------
./solvers/mathsat/run.sh: line 3: 267403 Killed                  ./mathsat ../$1
QF_NRA/meti-tarski/sin/problem/10/sin-problem-10-2-chunk-0026.smt2 : 1800150 ms.
--------------------------------------------------
unsat
QF_NRA/meti-tarski/sin/problem/10/sin-problem-10-2-chunk-0027.smt2 : 38 ms.
--------------------------------------------------
sat
QF_NRA/meti-tarski/sin/problem/10/sin-problem-10-2-chunk-0028.smt2 : 36 ms.
--------------------------------------------------
unsat
QF_NRA/meti-tarski/sin/problem/10/sin-problem-10-2-chunk-0029.smt2 : 36 ms.
--------------------------------------------------
sat
QF_NRA/meti-tarski/sin/problem/10/sin-problem-10-2-chunk-0030.smt2 : 31 ms.
--------------------------------------------------
./solvers/mathsat/run.sh: line 3: 268526 Killed                  ./mathsat ../$1
QF_NRA/meti-tarski/sin/problem/10/sin-problem-10-2-chunk-0031.smt2 : 1800099 ms.
--------------------------------------------------
./solvers/mathsat/run.sh: line 3: 269929 Killed                  ./mathsat ../$1
QF_NRA/meti-tarski/sin/problem/10/sin-problem-10-2-chunk-0032.smt2 : 1800096 ms.
--------------------------------------------------
unsat
QF_NRA/meti-tarski/sin/problem/10/sin-problem-10-2-chunk-0033.smt2 : 37 ms.
--------------------------------------------------
unsat
QF_NRA/meti-tarski/sin/problem/10/sin-problem-10-2-chunk-0034.smt2 : 30 ms.
--------------------------------------------------
sat
QF_NRA/meti-tarski/sin/problem/10/sin-problem-10-3-chunk-0010.smt2 : 31 ms.
--------------------------------------------------
sat
QF_NRA/meti-tarski/sin/problem/10/sin-problem-10-3-chunk-0012.smt2 : 30 ms.
--------------------------------------------------
./solvers/mathsat/run.sh: line 3: 271981 Killed                  ./mathsat ../$1
QF_NRA/meti-tarski/sin/problem/10/sin-problem-10-3-chunk-0013.smt2 : 1800058 ms.
--------------------------------------------------
sat
QF_NRA/meti-tarski/sin/problem/10/sin-problem-10-3-chunk-0015.smt2 : 61 ms.
--------------------------------------------------
./solvers/mathsat/run.sh: line 3: 273060 Killed                  ./mathsat ../$1
QF_NRA/meti-tarski/sin/problem/10/sin-problem-10-3-chunk-0016.smt2 : 1800079 ms.
--------------------------------------------------
./solvers/mathsat/run.sh: line 3: 274278 Killed                  ./mathsat ../$1
QF_NRA/meti-tarski/sin/problem/10/sin-problem-10-3-chunk-0018.smt2 : 1800092 ms.
--------------------------------------------------
unsat
QF_NRA/meti-tarski/sin/problem/10/sin-problem-10-3-chunk-0019.smt2 : 35 ms.
--------------------------------------------------
./solvers/mathsat/run.sh: line 3: 275315 Killed                  ./mathsat ../$1
QF_NRA/meti-tarski/sin/problem/10/sin-problem-10-3-chunk-0021.smt2 : 1800056 ms.
--------------------------------------------------
./solvers/mathsat/run.sh: line 3: 276297 Killed                  ./mathsat ../$1
QF_NRA/meti-tarski/sin/problem/10/sin-problem-10-3-chunk-0022.smt2 : 1800118 ms.
--------------------------------------------------
unsat
QF_NRA/meti-tarski/sin/problem/10/sin-problem-10-3-chunk-0023.smt2 : 35 ms.
--------------------------------------------------
unsat
QF_NRA/meti-tarski/sin/problem/10/sin-problem-10-3-chunk-0024.smt2 : 29 ms.
--------------------------------------------------
unsat
QF_NRA/meti-tarski/sin/problem/10/sin-problem-10-3-chunk-0025.smt2 : 29 ms.
--------------------------------------------------
./solvers/mathsat/run.sh: line 3: 277235 Killed                  ./mathsat ../$1
QF_NRA/meti-tarski/sin/problem/10/sin-problem-10-3-chunk-0026.smt2 : 1800139 ms.
--------------------------------------------------
unsat
QF_NRA/meti-tarski/sin/problem/10/sin-problem-10-3-chunk-0027.smt2 : 35 ms.
--------------------------------------------------
sat
QF_NRA/meti-tarski/sin/problem/10/sin-problem-10-3-chunk-0028.smt2 : 25 ms.
--------------------------------------------------
unsat
QF_NRA/meti-tarski/sin/problem/10/sin-problem-10-3-chunk-0029.smt2 : 28 ms.
--------------------------------------------------
sat
QF_NRA/meti-tarski/sin/problem/10/sin-problem-10-3-chunk-0030.smt2 : 25 ms.
--------------------------------------------------
./solvers/mathsat/run.sh: line 3: 278490 Killed                  ./mathsat ../$1
QF_NRA/meti-tarski/sin/problem/10/sin-problem-10-3-chunk-0031.smt2 : 1800068 ms.
--------------------------------------------------
./solvers/mathsat/run.sh: line 3: 279179 Killed                  ./mathsat ../$1
QF_NRA/meti-tarski/sin/problem/10/sin-problem-10-3-chunk-0032.smt2 : 1800108 ms.
--------------------------------------------------
unsat
QF_NRA/meti-tarski/sin/problem/10/sin-problem-10-3-chunk-0033.smt2 : 37 ms.
--------------------------------------------------
unsat
QF_NRA/meti-tarski/sin/problem/10/sin-problem-10-3-chunk-0034.smt2 : 32 ms.
