--------------------------------------------------
./solvers/mathsat/run.sh: line 3: 243527 Killed                  ./mathsat ../$1
QF_NRA/20170501-Heizmann-UltimateInvariantSynthesis/afnp2014.c.i_3_5_3.bpl_5.smt2 : 1800210 ms.
--------------------------------------------------
./solvers/mathsat/run.sh: line 3: 257246 Killed                  ./mathsat ../$1
QF_NRA/20170501-Heizmann-UltimateInvariantSynthesis/array1.i_3_2_2.bpl_9.smt2 : 1800123 ms.
--------------------------------------------------
./solvers/mathsat/run.sh: line 3: 260854 Killed                  ./mathsat ../$1
QF_NRA/20170501-Heizmann-UltimateInvariantSynthesis/array_monotonic.i_3_2_2.bpl_9.smt2 : 1800257 ms.
--------------------------------------------------
./solvers/mathsat/run.sh: line 3: 263451 Killed                  ./mathsat ../$1
QF_NRA/20170501-Heizmann-UltimateInvariantSynthesis/array_ptr_single_elem_init.i_4_2_2.bpl_5.smt2 : 1800140 ms.
--------------------------------------------------
./solvers/mathsat/run.sh: line 3: 265858 Killed                  ./mathsat ../$1
QF_NRA/20170501-Heizmann-UltimateInvariantSynthesis/array_single_elem_init.i_4_2_2.bpl_5.smt2 : 1800134 ms.
--------------------------------------------------
./solvers/mathsat/run.sh: line 3: 267214 Killed                  ./mathsat ../$1
QF_NRA/20170501-Heizmann-UltimateInvariantSynthesis/avg60.i_5_5_4.bpl_3.smt2 : 1800201 ms.
--------------------------------------------------
./solvers/mathsat/run.sh: line 3: 268313 Killed                  ./mathsat ../$1
QF_NRA/20170501-Heizmann-UltimateInvariantSynthesis/cggmp2005_variant.c.i_3_3_2.bpl_5.smt2 : 1800210 ms.
--------------------------------------------------
./solvers/mathsat/run.sh: line 3: 269768 Killed                  ./mathsat ../$1
QF_NRA/20170501-Heizmann-UltimateInvariantSynthesis/check_removal_from_set_after_insertion.i_8_6_6.bpl_3.smt2 : 1800355 ms.
--------------------------------------------------
./solvers/mathsat/run.sh: line 3: 271856 Killed                  ./mathsat ../$1
QF_NRA/20170501-Heizmann-UltimateInvariantSynthesis/const1.i_3_6_2.bpl_5.smt2 : 1800197 ms.
--------------------------------------------------
./solvers/mathsat/run.sh: line 3: 272975 Killed                  ./mathsat ../$1
QF_NRA/20170501-Heizmann-UltimateInvariantSynthesis/count_by_2.i_3_2_2.bpl_11.smt2 : 1800082 ms.
--------------------------------------------------
./solvers/mathsat/run.sh: line 3: 274194 Killed                  ./mathsat ../$1
QF_NRA/20170501-Heizmann-UltimateInvariantSynthesis/count_by_k.i_3_3_2.bpl_5.smt2 : 1800135 ms.
--------------------------------------------------
./solvers/mathsat/run.sh: line 3: 275258 Killed                  ./mathsat ../$1
QF_NRA/20170501-Heizmann-UltimateInvariantSynthesis/count_up_down.i_3_11_2.bpl_9.smt2 : 1800123 ms.
--------------------------------------------------
./solvers/mathsat/run.sh: line 3: 276229 Killed                  ./mathsat ../$1
QF_NRA/20170501-Heizmann-UltimateInvariantSynthesis/ddlm2013.i_3_4_2.bpl_3.smt2 : 1800084 ms.
--------------------------------------------------
sat
QF_NRA/20170501-Heizmann-UltimateInvariantSynthesis/ddlm2013.i_3_6_2.bpl_3.smt2 : 849 ms.
--------------------------------------------------
./solvers/mathsat/run.sh: line 3: 277262 Killed                  ./mathsat ../$1
QF_NRA/20170501-Heizmann-UltimateInvariantSynthesis/down.i_4_5_5.bpl_3.smt2 : 1800108 ms.
--------------------------------------------------
./solvers/mathsat/run.sh: line 3: 278498 Killed                  ./mathsat ../$1
QF_NRA/20170501-Heizmann-UltimateInvariantSynthesis/fragtest_simple.i_4_5_4.bpl_3.smt2 : 1800086 ms.
--------------------------------------------------
./solvers/mathsat/run.sh: line 3: 279187 Killed                  ./mathsat ../$1
QF_NRA/20170501-Heizmann-UltimateInvariantSynthesis/functions1.i_3_5_2.bpl_9.smt2 : 1800078 ms.
--------------------------------------------------
./solvers/mathsat/run.sh: line 3: 279989 Killed                  ./mathsat ../$1
QF_NRA/20170501-Heizmann-UltimateInvariantSynthesis/gj2007.c.i_4_3_3.bpl_5.smt2 : 1800112 ms.
--------------------------------------------------
./solvers/mathsat/run.sh: line 3: 280734 Killed                  ./mathsat ../$1
QF_NRA/20170501-Heizmann-UltimateInvariantSynthesis/gr2006.c.i_4_4_3.bpl_5.smt2 : 1800069 ms.
--------------------------------------------------
./solvers/mathsat/run.sh: line 3: 281491 Killed                  ./mathsat ../$1
QF_NRA/20170501-Heizmann-UltimateInvariantSynthesis/half_2.i_3_6_2.bpl_3.smt2 : 1800077 ms.
--------------------------------------------------
./solvers/mathsat/run.sh: line 3: 282163 Killed                  ./mathsat ../$1
QF_NRA/20170501-Heizmann-UltimateInvariantSynthesis/hhk2008.c.i_3_3_2.bpl_5.smt2 : 1800108 ms.
--------------------------------------------------
unsat
QF_NRA/20170501-Heizmann-UltimateInvariantSynthesis/jain_4.i_2_3_3.bpl_3.smt2 : 37372 ms.
--------------------------------------------------
./solvers/mathsat/run.sh: line 3: 283242 Killed                  ./mathsat ../$1
QF_NRA/20170501-Heizmann-UltimateInvariantSynthesis/jain_5.i_2_4_3.bpl_3.smt2 : 1800075 ms.
--------------------------------------------------
./solvers/mathsat/run.sh: line 3: 284050 Killed                  ./mathsat ../$1
QF_NRA/20170501-Heizmann-UltimateInvariantSynthesis/linear_search.i_6_21_3.bpl_3.smt2 : 1800127 ms.
--------------------------------------------------
sat
QF_NRA/20170501-Heizmann-UltimateInvariantSynthesis/linear_search.i_6_24_3.bpl_3.smt2 : 1675 ms.
--------------------------------------------------
./solvers/mathsat/run.sh: line 3: 284756 Killed                  ./mathsat ../$1
QF_NRA/20170501-Heizmann-UltimateInvariantSynthesis/linear_search.i_7_19_3.bpl_3.smt2 : 1800128 ms.
--------------------------------------------------
sat
QF_NRA/20170501-Heizmann-UltimateInvariantSynthesis/linear_search.i_7_23_3.bpl_3.smt2 : 5821 ms.
--------------------------------------------------
./solvers/mathsat/run.sh: line 3: 285455 Killed                  ./mathsat ../$1
QF_NRA/20170501-Heizmann-UltimateInvariantSynthesis/MADWiFi-encode_ie_ok.i_3_4_3.bpl_3.smt2 : 1800091 ms.
--------------------------------------------------
./solvers/mathsat/run.sh: line 3: 285989 Killed                  ./mathsat ../$1
QF_NRA/20170501-Heizmann-UltimateInvariantSynthesis/nested9.i_5_6_6.bpl_3.smt2 : 1800065 ms.
--------------------------------------------------
sat
QF_NRA/20170501-Heizmann-UltimateInvariantSynthesis/nested.c_4_2_2.bpl_3.smt2 : 915 ms.
--------------------------------------------------
sat
QF_NRA/20170501-Heizmann-UltimateInvariantSynthesis/nested.i_4_5_3.bpl_3.smt2 : 520 ms.
--------------------------------------------------
./solvers/mathsat/run.sh: line 3: 286493 Killed                  ./mathsat ../$1
QF_NRA/20170501-Heizmann-UltimateInvariantSynthesis/overflow1.i_3_8_2.bpl_9.smt2 : 1800081 ms.
--------------------------------------------------
./solvers/mathsat/run.sh: line 3: 287231 Killed                  ./mathsat ../$1
QF_NRA/20170501-Heizmann-UltimateInvariantSynthesis/relax.i_11_7_4.bpl_3.smt2 : 1800122 ms.
--------------------------------------------------
./solvers/mathsat/run.sh: line 3: 287895 Killed                  ./mathsat ../$1
QF_NRA/20170501-Heizmann-UltimateInvariantSynthesis/sanfoundry_10_ground.i_6_3_3.bpl_5.smt2 : 1800065 ms.
--------------------------------------------------
./solvers/mathsat/run.sh: line 3: 288512 Killed                  ./mathsat ../$1
QF_NRA/20170501-Heizmann-UltimateInvariantSynthesis/seq.i_4_5_4.bpl_3.smt2 : 1800129 ms.
--------------------------------------------------
./solvers/mathsat/run.sh: line 3: 289079 Killed                  ./mathsat ../$1
QF_NRA/20170501-Heizmann-UltimateInvariantSynthesis/seq.i_5_5_5.bpl_3.smt2 : 1800104 ms.
--------------------------------------------------
./solvers/mathsat/run.sh: line 3: 289788 Killed                  ./mathsat ../$1
QF_NRA/20170501-Heizmann-UltimateInvariantSynthesis/simple1.i_3_6_2.bpl_9.smt2 : 1800068 ms.
--------------------------------------------------
./solvers/mathsat/run.sh: line 3: 290556 Killed                  ./mathsat ../$1
QF_NRA/20170501-Heizmann-UltimateInvariantSynthesis/simple4.i_3_4_2.bpl_9.smt2 : 1800054 ms.
--------------------------------------------------
./solvers/mathsat/run.sh: line 3: 291027 Killed                  ./mathsat ../$1
QF_NRA/20170501-Heizmann-UltimateInvariantSynthesis/sorting_bubblesort_ground.i_4_3_3.bpl_5.smt2 : 1800088 ms.
--------------------------------------------------
./solvers/mathsat/run.sh: line 3: 291406 Killed                  ./mathsat ../$1
QF_NRA/20170501-Heizmann-UltimateInvariantSynthesis/standard_allDiff2_ground.i_4_4_3.bpl_3.smt2 : 1800065 ms.
--------------------------------------------------
./solvers/mathsat/run.sh: line 3: 291887 Killed                  ./mathsat ../$1
QF_NRA/20170501-Heizmann-UltimateInvariantSynthesis/standard_compareModified_ground.i_4_2_2.bpl_5.smt2 : 1800039 ms.
--------------------------------------------------
./solvers/mathsat/run.sh: line 3: 292337 Killed                  ./mathsat ../$1
QF_NRA/20170501-Heizmann-UltimateInvariantSynthesis/standard_copy1_ground.i_3_2_2.bpl_9.smt2 : 1800073 ms.
--------------------------------------------------
./solvers/mathsat/run.sh: line 3: 292719 Killed                  ./mathsat ../$1
QF_NRA/20170501-Heizmann-UltimateInvariantSynthesis/standard_copy3_ground.i_3_2_2.bpl_5.smt2 : 1800054 ms.
--------------------------------------------------
./solvers/mathsat/run.sh: line 3: 293101 Killed                  ./mathsat ../$1
QF_NRA/20170501-Heizmann-UltimateInvariantSynthesis/standard_copy4_ground.i_3_2_2.bpl_3.smt2 : 1800084 ms.
--------------------------------------------------
./solvers/mathsat/run.sh: line 3: 293477 Killed                  ./mathsat ../$1
QF_NRA/20170501-Heizmann-UltimateInvariantSynthesis/standard_copy4_ground.i_3_2_2.bpl_5.smt2 : 1800058 ms.
--------------------------------------------------
./solvers/mathsat/run.sh: line 3: 293848 Killed                  ./mathsat ../$1
QF_NRA/20170501-Heizmann-UltimateInvariantSynthesis/standard_copy5_ground.i_3_2_2.bpl_3.smt2 : 1800157 ms.
--------------------------------------------------
./solvers/mathsat/run.sh: line 3: 294262 Killed                  ./mathsat ../$1
QF_NRA/20170501-Heizmann-UltimateInvariantSynthesis/standard_copy7_ground.i_3_2_2.bpl_3.smt2 : 1800057 ms.
--------------------------------------------------
./solvers/mathsat/run.sh: line 3: 294653 Killed                  ./mathsat ../$1
QF_NRA/20170501-Heizmann-UltimateInvariantSynthesis/standard_copyInit_ground.i_3_2_2.bpl_9.smt2 : 1800119 ms.
--------------------------------------------------
./solvers/mathsat/run.sh: line 3: 295070 Killed                  ./mathsat ../$1
QF_NRA/20170501-Heizmann-UltimateInvariantSynthesis/standard_copyInitSum2_ground.i_3_2_2.bpl_5.smt2 : 1800055 ms.
--------------------------------------------------
./solvers/mathsat/run.sh: line 3: 295397 Killed                  ./mathsat ../$1
QF_NRA/20170501-Heizmann-UltimateInvariantSynthesis/standard_copyInitSum3_ground.i_3_2_2.bpl_3.smt2 : 1800225 ms.
--------------------------------------------------
./solvers/mathsat/run.sh: line 3: 295743 Killed                  ./mathsat ../$1
QF_NRA/20170501-Heizmann-UltimateInvariantSynthesis/standard_copyInitSum3_ground.i_3_2_2.bpl_5.smt2 : 1800079 ms.
--------------------------------------------------
./solvers/mathsat/run.sh: line 3: 296062 Killed                  ./mathsat ../$1
QF_NRA/20170501-Heizmann-UltimateInvariantSynthesis/standard_init1_ground.i_3_2_2.bpl_9.smt2 : 1800044 ms.
--------------------------------------------------
./solvers/mathsat/run.sh: line 3: 296518 Killed                  ./mathsat ../$1
QF_NRA/20170501-Heizmann-UltimateInvariantSynthesis/standard_init5_ground.i_3_2_2.bpl_3.smt2 : 1800063 ms.
--------------------------------------------------
./solvers/mathsat/run.sh: line 3: 296860 Killed                  ./mathsat ../$1
QF_NRA/20170501-Heizmann-UltimateInvariantSynthesis/standard_init6_ground.i_3_2_2.bpl_3.smt2 : 1800069 ms.
--------------------------------------------------
./solvers/mathsat/run.sh: line 3: 297191 Killed                  ./mathsat ../$1
QF_NRA/20170501-Heizmann-UltimateInvariantSynthesis/standard_init7_ground.i_3_2_2.bpl_3.smt2 : 1800082 ms.
--------------------------------------------------
./solvers/mathsat/run.sh: line 3: 297503 Killed                  ./mathsat ../$1
QF_NRA/20170501-Heizmann-UltimateInvariantSynthesis/standard_init9_ground.i_3_2_2.bpl_1.smt2 : 1800122 ms.
--------------------------------------------------
./solvers/mathsat/run.sh: line 3: 297840 Killed                  ./mathsat ../$1
QF_NRA/20170501-Heizmann-UltimateInvariantSynthesis/standard_init9_ground.i_3_2_2.bpl_3.smt2 : 1800100 ms.
--------------------------------------------------
./solvers/mathsat/run.sh: line 3: 298141 Killed                  ./mathsat ../$1
QF_NRA/20170501-Heizmann-UltimateInvariantSynthesis/standard_maxInArray_ground.i_3_2_2.bpl_5.smt2 : 1800088 ms.
--------------------------------------------------
./solvers/mathsat/run.sh: line 3: 298470 Killed                  ./mathsat ../$1
QF_NRA/20170501-Heizmann-UltimateInvariantSynthesis/standard_partial_init_ground.i_3_2_2.bpl_5.smt2 : 1800127 ms.
--------------------------------------------------
./solvers/mathsat/run.sh: line 3: 298753 Killed                  ./mathsat ../$1
QF_NRA/20170501-Heizmann-UltimateInvariantSynthesis/standard_password_ground.i_4_2_2.bpl_5.smt2 : 1800161 ms.
--------------------------------------------------
./solvers/mathsat/run.sh: line 3: 299049 Killed                  ./mathsat ../$1
QF_NRA/20170501-Heizmann-UltimateInvariantSynthesis/standard_running.i_4_2_2.bpl_5.smt2 : 1800088 ms.
--------------------------------------------------
./solvers/mathsat/run.sh: line 3: 299306 Killed                  ./mathsat ../$1
QF_NRA/20170501-Heizmann-UltimateInvariantSynthesis/standard_strcmp_ground.i_4_2_2.bpl_5.smt2 : 1800050 ms.
--------------------------------------------------
./solvers/mathsat/run.sh: line 3: 299604 Killed                  ./mathsat ../$1
QF_NRA/20170501-Heizmann-UltimateInvariantSynthesis/standard_strcpy_original.i_3_3_2.bpl_9.smt2 : 1800066 ms.
--------------------------------------------------
./solvers/mathsat/run.sh: line 3: 299866 Killed                  ./mathsat ../$1
QF_NRA/20170501-Heizmann-UltimateInvariantSynthesis/standard_two_index_01.i_3_2_2.bpl_5.smt2 : 1800064 ms.
--------------------------------------------------
./solvers/mathsat/run.sh: line 3: 300092 Killed                  ./mathsat ../$1
QF_NRA/20170501-Heizmann-UltimateInvariantSynthesis/standard_two_index_04.i_3_2_2.bpl_5.smt2 : 1800144 ms.
--------------------------------------------------
./solvers/mathsat/run.sh: line 3: 300324 Killed                  ./mathsat ../$1
QF_NRA/20170501-Heizmann-UltimateInvariantSynthesis/standard_two_index_05.i_3_2_2.bpl_5.smt2 : 1800036 ms.
--------------------------------------------------
./solvers/mathsat/run.sh: line 3: 300567 Killed                  ./mathsat ../$1
QF_NRA/20170501-Heizmann-UltimateInvariantSynthesis/standard_two_index_06.i_3_2_2.bpl_5.smt2 : 1800063 ms.
--------------------------------------------------
./solvers/mathsat/run.sh: line 3: 300765 Killed                  ./mathsat ../$1
QF_NRA/20170501-Heizmann-UltimateInvariantSynthesis/sum60.i_5_6_5.bpl_3.smt2 : 1800146 ms.
--------------------------------------------------
./solvers/mathsat/run.sh: line 3: 300998 Killed                  ./mathsat ../$1
QF_NRA/20170501-Heizmann-UltimateInvariantSynthesis/up.i_4_4_5.bpl_3.smt2 : 1800147 ms.
