--------------------------------------------------
./solvers/mathsat/run.sh: line 3: 243942 Killed                  ./mathsat ../$1
QF_NRA/meti-tarski/atan/problem/2/atan-problem-2-chunk-0010.smt2 : 1800139 ms.
--------------------------------------------------
sat
QF_NRA/meti-tarski/atan/problem/2/atan-problem-2-chunk-0011.smt2 : 53 ms.
--------------------------------------------------
sat
QF_NRA/meti-tarski/atan/problem/2/atan-problem-2-chunk-0012.smt2 : 47 ms.
--------------------------------------------------
./solvers/mathsat/run.sh: line 3: 257378 Killed                  ./mathsat ../$1
QF_NRA/meti-tarski/atan/problem/2/atan-problem-2-chunk-0014.smt2 : 1800104 ms.
--------------------------------------------------
unsat
QF_NRA/meti-tarski/atan/problem/2/atan-problem-2-chunk-0015.smt2 : 36 ms.
--------------------------------------------------
unsat
QF_NRA/meti-tarski/atan/problem/2/atan-problem-2-chunk-0016.smt2 : 44 ms.
--------------------------------------------------
./solvers/mathsat/run.sh: line 3: 260969 Killed                  ./mathsat ../$1
QF_NRA/meti-tarski/atan/problem/2/atan-problem-2-chunk-0017.smt2 : 1800113 ms.
--------------------------------------------------
./solvers/mathsat/run.sh: line 3: 263562 Killed                  ./mathsat ../$1
QF_NRA/meti-tarski/atan/problem/2/atan-problem-2-chunk-0018.smt2 : 1800243 ms.
--------------------------------------------------
unsat
QF_NRA/meti-tarski/atan/problem/2/atan-problem-2-chunk-0020.smt2 : 47 ms.
--------------------------------------------------
./solvers/mathsat/run.sh: line 3: 265964 Killed                  ./mathsat ../$1
QF_NRA/meti-tarski/atan/problem/2/atan-problem-2-chunk-0021.smt2 : 1800209 ms.
--------------------------------------------------
unsat
QF_NRA/meti-tarski/atan/problem/2/atan-problem-2-chunk-0022.smt2 : 46 ms.
--------------------------------------------------
./solvers/mathsat/run.sh: line 3: 267341 Killed                  ./mathsat ../$1
QF_NRA/meti-tarski/atan/problem/2/atan-problem-2-chunk-0024.smt2 : 1800120 ms.
--------------------------------------------------
unsat
QF_NRA/meti-tarski/atan/problem/2/atan-problem-2-chunk-0025.smt2 : 44 ms.
--------------------------------------------------
unsat
QF_NRA/meti-tarski/atan/problem/2/atan-problem-2-chunk-0026.smt2 : 40 ms.
--------------------------------------------------
./solvers/mathsat/run.sh: line 3: 268423 Killed                  ./mathsat ../$1
QF_NRA/meti-tarski/atan/problem/2/atan-problem-2-chunk-0027.smt2 : 1800094 ms.
--------------------------------------------------
./solvers/mathsat/run.sh: line 3: 269860 Killed                  ./mathsat ../$1
QF_NRA/meti-tarski/atan/problem/2/atan-problem-2-chunk-0028.smt2 : 1800077 ms.
--------------------------------------------------
unsat
QF_NRA/meti-tarski/atan/problem/2/atan-problem-2-chunk-0030.smt2 : 45 ms.
--------------------------------------------------
./solvers/mathsat/run.sh: line 3: 271899 Killed                  ./mathsat ../$1
QF_NRA/meti-tarski/atan/problem/2/atan-problem-2-chunk-0031.smt2 : 1800132 ms.
--------------------------------------------------
./solvers/mathsat/run.sh: line 3: 273003 Killed                  ./mathsat ../$1
QF_NRA/meti-tarski/atan/problem/2/atan-problem-2-chunk-0033.smt2 : 1800067 ms.
--------------------------------------------------
unsat
QF_NRA/meti-tarski/atan/problem/2/atan-problem-2-chunk-0034.smt2 : 39 ms.
--------------------------------------------------
./solvers/mathsat/run.sh: line 3: 274210 Killed                  ./mathsat ../$1
QF_NRA/meti-tarski/atan/problem/2/atan-problem-2-chunk-0036.smt2 : 1800097 ms.
--------------------------------------------------
unsat
QF_NRA/meti-tarski/atan/problem/2/atan-problem-2-chunk-0037.smt2 : 48 ms.
--------------------------------------------------
./solvers/mathsat/run.sh: line 3: 275277 Killed                  ./mathsat ../$1
QF_NRA/meti-tarski/atan/problem/2/atan-problem-2-chunk-0038.smt2 : 1800154 ms.
--------------------------------------------------
unsat
QF_NRA/meti-tarski/atan/problem/2/atan-problem-2-chunk-0039.smt2 : 31 ms.
--------------------------------------------------
unsat
QF_NRA/meti-tarski/atan/problem/2/atan-problem-2-chunk-0040.smt2 : 27 ms.
--------------------------------------------------
unsat
QF_NRA/meti-tarski/atan/problem/2/atan-problem-2-chunk-0041.smt2 : 43 ms.
--------------------------------------------------
./solvers/mathsat/run.sh: line 3: 276277 Killed                  ./mathsat ../$1
QF_NRA/meti-tarski/atan/problem/2/atan-problem-2-chunk-0042.smt2 : 1800081 ms.
--------------------------------------------------
sat
QF_NRA/meti-tarski/atan/problem/2/atan-problem-2-chunk-0043.smt2 : 37 ms.
--------------------------------------------------
./solvers/mathsat/run.sh: line 3: 277174 Killed                  ./mathsat ../$1
QF_NRA/meti-tarski/atan/problem/2/atan-problem-2-chunk-0044.smt2 : 1800045 ms.
--------------------------------------------------
unsat
QF_NRA/meti-tarski/atan/problem/2/atan-problem-2-chunk-0045.smt2 : 49 ms.
--------------------------------------------------
sat
QF_NRA/meti-tarski/atan/problem/2/atan-problem-2-chunk-0046.smt2 : 29 ms.
--------------------------------------------------
unsat
QF_NRA/meti-tarski/atan/problem/2/atan-problem-2-chunk-0047.smt2 : 35 ms.
--------------------------------------------------
sat
QF_NRA/meti-tarski/atan/problem/2/atan-problem-2-chunk-0048.smt2 : 32 ms.
--------------------------------------------------
./solvers/mathsat/run.sh: line 3: 278442 Killed                  ./mathsat ../$1
QF_NRA/meti-tarski/atan/problem/2/atan-problem-2-chunk-0049.smt2 : 1800121 ms.
--------------------------------------------------
./solvers/mathsat/run.sh: line 3: 279163 Killed                  ./mathsat ../$1
QF_NRA/meti-tarski/atan/problem/2/atan-problem-2-chunk-0050.smt2 : 1800077 ms.
--------------------------------------------------
unsat
QF_NRA/meti-tarski/atan/problem/2/atan-problem-2-chunk-0051.smt2 : 39 ms.
--------------------------------------------------
./solvers/mathsat/run.sh: line 3: 279960 Killed                  ./mathsat ../$1
QF_NRA/meti-tarski/atan/problem/2/atan-problem-2-chunk-0053.smt2 : 1800105 ms.
--------------------------------------------------
unsat
QF_NRA/meti-tarski/atan/problem/2/atan-problem-2-chunk-0054.smt2 : 29 ms.
--------------------------------------------------
sat
QF_NRA/meti-tarski/atan/problem/2/atan-problem-2-chunk-0055.smt2 : 30 ms.
--------------------------------------------------
./solvers/mathsat/run.sh: line 3: 280714 Killed                  ./mathsat ../$1
QF_NRA/meti-tarski/atan/problem/2/atan-problem-2-chunk-0056.smt2 : 1800057 ms.
--------------------------------------------------
unsat
QF_NRA/meti-tarski/atan/problem/2/atan-problem-2-chunk-0058.smt2 : 47 ms.
--------------------------------------------------
sat
QF_NRA/meti-tarski/atan/problem/2/atan-problem-2-chunk-0059.smt2 : 32 ms.
--------------------------------------------------
unsat
QF_NRA/meti-tarski/atan/problem/2/atan-problem-2-chunk-0060.smt2 : 30 ms.
--------------------------------------------------
./solvers/mathsat/run.sh: line 3: 281477 Killed                  ./mathsat ../$1
QF_NRA/meti-tarski/atan/problem/2/atan-problem-2-chunk-0061.smt2 : 1800077 ms.
--------------------------------------------------
sat
QF_NRA/meti-tarski/atan/problem/2/atan-problem-2-chunk-0062.smt2 : 29 ms.
--------------------------------------------------
./solvers/mathsat/run.sh: line 3: 282147 Killed                  ./mathsat ../$1
QF_NRA/meti-tarski/atan/problem/2/atan-problem-2-chunk-0063.smt2 : 1800090 ms.
--------------------------------------------------
unsat
QF_NRA/meti-tarski/atan/problem/2/atan-problem-2-chunk-0064.smt2 : 32 ms.
--------------------------------------------------
./solvers/mathsat/run.sh: line 3: 282938 Killed                  ./mathsat ../$1
QF_NRA/meti-tarski/atan/problem/2/atan-problem-2-chunk-0065.smt2 : 1800133 ms.
--------------------------------------------------
./solvers/mathsat/run.sh: line 3: 283848 Killed                  ./mathsat ../$1
QF_NRA/meti-tarski/atan/problem/2/atan-problem-2-chunk-0067.smt2 : 1800111 ms.
--------------------------------------------------
sat
QF_NRA/meti-tarski/atan/problem/2/atan-problem-2-chunk-0068.smt2 : 32 ms.
--------------------------------------------------
./solvers/mathsat/run.sh: line 3: 284403 Killed                  ./mathsat ../$1
QF_NRA/meti-tarski/atan/problem/2/atan-problem-2-chunk-0069.smt2 : 1800156 ms.
--------------------------------------------------
unsat
QF_NRA/meti-tarski/atan/problem/2/atan-problem-2-chunk-0070.smt2 : 46 ms.
--------------------------------------------------
unsat
QF_NRA/meti-tarski/atan/problem/2/atan-problem-2-chunk-0071.smt2 : 41 ms.
--------------------------------------------------
sat
QF_NRA/meti-tarski/atan/problem/2/atan-problem-2-chunk-0072.smt2 : 32 ms.
--------------------------------------------------
./solvers/mathsat/run.sh: line 3: 285248 Killed                  ./mathsat ../$1
QF_NRA/meti-tarski/atan/problem/2/atan-problem-2-chunk-0073.smt2 : 1800100 ms.
--------------------------------------------------
sat
QF_NRA/meti-tarski/atan/problem/2/atan-problem-2-chunk-0074.smt2 : 38 ms.
--------------------------------------------------
unsat
QF_NRA/meti-tarski/atan/problem/2/atan-problem-2-chunk-0075.smt2 : 34 ms.
--------------------------------------------------
./solvers/mathsat/run.sh: line 3: 285861 Killed                  ./mathsat ../$1
QF_NRA/meti-tarski/atan/problem/2/atan-problem-2-chunk-0076.smt2 : 1800100 ms.
--------------------------------------------------
./solvers/mathsat/run.sh: line 3: 286272 Killed                  ./mathsat ../$1
QF_NRA/meti-tarski/atan/problem/2/atan-problem-2-chunk-0077.smt2 : 1800099 ms.
--------------------------------------------------
unsat
QF_NRA/meti-tarski/atan/problem/2/atan-problem-2-chunk-0078.smt2 : 30 ms.
--------------------------------------------------
sat
QF_NRA/meti-tarski/atan/problem/2/atan-problem-2-chunk-0079.smt2 : 27 ms.
--------------------------------------------------
unsat
QF_NRA/meti-tarski/atan/problem/2/atan-problem-2-chunk-0080.smt2 : 29 ms.
--------------------------------------------------
./solvers/mathsat/run.sh: line 3: 286989 Killed                  ./mathsat ../$1
QF_NRA/meti-tarski/atan/problem/2/atan-problem-2-chunk-0082.smt2 : 1800099 ms.
--------------------------------------------------
sat
QF_NRA/meti-tarski/atan/problem/2/atan-problem-2-chunk-0083.smt2 : 35 ms.
--------------------------------------------------
./solvers/mathsat/run.sh: line 3: 287613 Killed                  ./mathsat ../$1
QF_NRA/meti-tarski/atan/problem/2/atan-problem-2-chunk-0084.smt2 : 1800146 ms.
--------------------------------------------------
unsat
QF_NRA/meti-tarski/atan/problem/2/atan-problem-2-chunk-0085.smt2 : 27 ms.
--------------------------------------------------
sat
QF_NRA/meti-tarski/atan/problem/2/atan-problem-2-chunk-0086.smt2 : 28 ms.
--------------------------------------------------
./solvers/mathsat/run.sh: line 3: 288234 Killed                  ./mathsat ../$1
QF_NRA/meti-tarski/atan/problem/2/atan-problem-2-chunk-0087.smt2 : 1800087 ms.
--------------------------------------------------
unsat
QF_NRA/meti-tarski/atan/problem/2/atan-problem-2-chunk-0088.smt2 : 44 ms.
--------------------------------------------------
./solvers/mathsat/run.sh: line 3: 288907 Killed                  ./mathsat ../$1
QF_NRA/meti-tarski/atan/problem/2/atan-problem-2-chunk-0090.smt2 : 1800087 ms.
--------------------------------------------------
unsat
QF_NRA/meti-tarski/atan/problem/2/atan-problem-2-chunk-0091.smt2 : 34 ms.
--------------------------------------------------
unsat
QF_NRA/meti-tarski/atan/problem/2/atan-problem-2-chunk-0092.smt2 : 27 ms.
--------------------------------------------------
unsat
QF_NRA/meti-tarski/atan/problem/2/atan-problem-2-chunk-0093.smt2 : 32 ms.
--------------------------------------------------
./solvers/mathsat/run.sh: line 3: 289573 Killed                  ./mathsat ../$1
QF_NRA/meti-tarski/atan/problem/2/atan-problem-2-chunk-0095.smt2 : 1800204 ms.
--------------------------------------------------
unsat
QF_NRA/meti-tarski/atan/problem/2/atan-problem-2-chunk-0096.smt2 : 88 ms.
--------------------------------------------------
unsat
QF_NRA/meti-tarski/atan/problem/2/atan-problem-2-chunk-0097.smt2 : 58 ms.
--------------------------------------------------
./solvers/mathsat/run.sh: line 3: 290344 Killed                  ./mathsat ../$1
QF_NRA/meti-tarski/atan/problem/2/atan-problem-2-chunk-0098.smt2 : 1800077 ms.
--------------------------------------------------
unsat
QF_NRA/meti-tarski/atan/problem/2/atan-problem-2-chunk-0101.smt2 : 132 ms.
--------------------------------------------------
./solvers/mathsat/run.sh: line 3: 290908 Killed                  ./mathsat ../$1
QF_NRA/meti-tarski/atan/problem/2/atan-problem-2-chunk-0103.smt2 : 1800065 ms.
--------------------------------------------------
./solvers/mathsat/run.sh: line 3: 291302 Killed                  ./mathsat ../$1
QF_NRA/meti-tarski/atan/problem/2/atan-problem-2-chunk-0104.smt2 : 1800077 ms.
--------------------------------------------------
unsat
QF_NRA/meti-tarski/atan/problem/2/atan-problem-2-chunk-0106.smt2 : 29 ms.
--------------------------------------------------
unsat
QF_NRA/meti-tarski/atan/problem/2/atan-problem-2-chunk-0107.smt2 : 37 ms.
--------------------------------------------------
./solvers/mathsat/run.sh: line 3: 291732 Killed                  ./mathsat ../$1
QF_NRA/meti-tarski/atan/problem/2/atan-problem-2-chunk-0108.smt2 : 1800125 ms.
--------------------------------------------------
sat
QF_NRA/meti-tarski/atan/problem/2/atan-problem-2-chunk-0109.smt2 : 35 ms.
--------------------------------------------------
unsat
QF_NRA/meti-tarski/atan/problem/2/atan-problem-2-chunk-0110.smt2 : 31 ms.
--------------------------------------------------
unsat
QF_NRA/meti-tarski/atan/problem/2/atan-problem-2-chunk-0111.smt2 : 48 ms.
--------------------------------------------------
sat
QF_NRA/meti-tarski/atan/problem/2/atan-problem-2-chunk-0112.smt2 : 33 ms.
--------------------------------------------------
unsat
QF_NRA/meti-tarski/atan/problem/2/atan-problem-2-chunk-0113.smt2 : 29 ms.
--------------------------------------------------
sat
QF_NRA/meti-tarski/atan/problem/2/atan-problem-2-chunk-0114.smt2 : 25 ms.
--------------------------------------------------
./solvers/mathsat/run.sh: line 3: 292166 Killed                  ./mathsat ../$1
QF_NRA/meti-tarski/atan/problem/2/atan-problem-2-chunk-0115.smt2 : 1800128 ms.
--------------------------------------------------
unsat
QF_NRA/meti-tarski/atan/problem/2/atan-problem-2-chunk-0116.smt2 : 47 ms.
--------------------------------------------------
unsat
QF_NRA/meti-tarski/atan/problem/2/atan-problem-2-chunk-0117.smt2 : 40 ms.
--------------------------------------------------
./solvers/mathsat/run.sh: line 3: 292601 Killed                  ./mathsat ../$1
QF_NRA/meti-tarski/atan/problem/2/atan-problem-2-chunk-0118.smt2 : 1800241 ms.
--------------------------------------------------
sat
QF_NRA/meti-tarski/atan/problem/2/atan-problem-2-chunk-0119.smt2 : 40 ms.
