--------------------------------------------------
sat
QF_NRA/meti-tarski/sqrt/circles/2/sqrt-circles-2-chunk-0002.smt2 : 26 ms.
--------------------------------------------------
sat
QF_NRA/meti-tarski/sqrt/circles/2/sqrt-circles-2-chunk-0005.smt2 : 31 ms.
--------------------------------------------------
sat
QF_NRA/meti-tarski/sqrt/circles/2/sqrt-circles-2-chunk-0006.smt2 : 34 ms.
--------------------------------------------------
sat
QF_NRA/meti-tarski/sqrt/circles/2/sqrt-circles-2-chunk-0007.smt2 : 31 ms.
--------------------------------------------------
./solvers/mathsat/run.sh: line 3: 246411 Killed                  ./mathsat ../$1
QF_NRA/meti-tarski/sqrt/circles/2/sqrt-circles-2-chunk-0008.smt2 : 1800146 ms.
--------------------------------------------------
sat
QF_NRA/meti-tarski/sqrt/circles/2/sqrt-circles-2-chunk-0010.smt2 : 33 ms.
--------------------------------------------------
sat
QF_NRA/meti-tarski/sqrt/circles/2/sqrt-circles-2-chunk-0011.smt2 : 25 ms.
--------------------------------------------------
sat
QF_NRA/meti-tarski/sqrt/circles/2/sqrt-circles-2-chunk-0012.smt2 : 33 ms.
--------------------------------------------------
unsat
QF_NRA/meti-tarski/sqrt/circles/2/sqrt-circles-2-chunk-0013.smt2 : 36 ms.
--------------------------------------------------
sat
QF_NRA/meti-tarski/sqrt/circles/2/sqrt-circles-2-chunk-0014.smt2 : 32 ms.
--------------------------------------------------
unsat
QF_NRA/meti-tarski/sqrt/circles/2/sqrt-circles-2-chunk-0015.smt2 : 26 ms.
