--------------------------------------------------
sat
QF_NRA/meti-tarski/Chua/1/IL/U/Chua-1-IL-U-chunk-0017.smt2 : 38 ms.
--------------------------------------------------
sat
QF_NRA/meti-tarski/Chua/1/IL/U/Chua-1-IL-U-chunk-0021.smt2 : 36 ms.
--------------------------------------------------
./solvers/mathsat/run.sh: line 3: 244456 Killed                  ./mathsat ../$1
QF_NRA/meti-tarski/Chua/1/IL/U/Chua-1-IL-U-chunk-0022.smt2 : 1800113 ms.
--------------------------------------------------
sat
QF_NRA/meti-tarski/Chua/1/IL/U/Chua-1-IL-U-chunk-0024.smt2 : 39 ms.
--------------------------------------------------
sat
QF_NRA/meti-tarski/Chua/1/IL/U/Chua-1-IL-U-chunk-0025.smt2 : 32 ms.
--------------------------------------------------
unsat
QF_NRA/meti-tarski/Chua/1/IL/U/Chua-1-IL-U-chunk-0027.smt2 : 31 ms.
--------------------------------------------------
sat
QF_NRA/meti-tarski/Chua/1/IL/U/Chua-1-IL-U-chunk-0028.smt2 : 49 ms.
--------------------------------------------------
unsat
QF_NRA/meti-tarski/Chua/1/IL/U/Chua-1-IL-U-chunk-0029.smt2 : 32 ms.
--------------------------------------------------
unsat
QF_NRA/meti-tarski/Chua/1/IL/U/Chua-1-IL-U-chunk-0031.smt2 : 31 ms.
--------------------------------------------------
sat
QF_NRA/meti-tarski/Chua/1/IL/U/Chua-1-IL-U-chunk-0032.smt2 : 39 ms.
--------------------------------------------------
unsat
QF_NRA/meti-tarski/Chua/1/IL/U/Chua-1-IL-U-chunk-0033.smt2 : 31 ms.
--------------------------------------------------
unsat
QF_NRA/meti-tarski/Chua/1/IL/U/Chua-1-IL-U-chunk-0034.smt2 : 29 ms.
--------------------------------------------------
sat
QF_NRA/meti-tarski/Chua/1/IL/U/Chua-1-IL-U-chunk-0036.smt2 : 36 ms.
--------------------------------------------------
sat
QF_NRA/meti-tarski/Chua/1/IL/U/Chua-1-IL-U-chunk-0037.smt2 : 49 ms.
--------------------------------------------------
sat
QF_NRA/meti-tarski/Chua/1/IL/U/Chua-1-IL-U-chunk-0038.smt2 : 41 ms.
--------------------------------------------------
./solvers/mathsat/run.sh: line 3: 257933 Killed                  ./mathsat ../$1
QF_NRA/meti-tarski/Chua/1/IL/U/Chua-1-IL-U-chunk-0039.smt2 : 1800136 ms.
--------------------------------------------------
unsat
QF_NRA/meti-tarski/Chua/1/IL/U/Chua-1-IL-U-chunk-0040.smt2 : 41 ms.
--------------------------------------------------
sat
QF_NRA/meti-tarski/Chua/1/IL/U/Chua-1-IL-U-chunk-0041.smt2 : 38 ms.
--------------------------------------------------
unsat
QF_NRA/meti-tarski/Chua/1/IL/U/Chua-1-IL-U-chunk-0043.smt2 : 34 ms.
--------------------------------------------------
sat
QF_NRA/meti-tarski/Chua/1/IL/U/Chua-1-IL-U-chunk-0044.smt2 : 41 ms.
--------------------------------------------------
./solvers/mathsat/run.sh: line 3: 261298 Killed                  ./mathsat ../$1
QF_NRA/meti-tarski/Chua/1/IL/U/Chua-1-IL-U-chunk-0045.smt2 : 1800104 ms.
--------------------------------------------------
unsat
QF_NRA/meti-tarski/Chua/1/IL/U/Chua-1-IL-U-chunk-0046.smt2 : 41 ms.
--------------------------------------------------
unsat
QF_NRA/meti-tarski/Chua/1/IL/U/Chua-1-IL-U-chunk-0047.smt2 : 38 ms.
--------------------------------------------------
sat
QF_NRA/meti-tarski/Chua/1/IL/U/Chua-1-IL-U-chunk-0048.smt2 : 31 ms.
--------------------------------------------------
sat
QF_NRA/meti-tarski/Chua/1/IL/U/Chua-1-IL-U-chunk-0049.smt2 : 38 ms.
--------------------------------------------------
./solvers/mathsat/run.sh: line 3: 263897 Killed                  ./mathsat ../$1
QF_NRA/meti-tarski/Chua/1/IL/U/Chua-1-IL-U-chunk-0050.smt2 : 1800103 ms.
--------------------------------------------------
./solvers/mathsat/run.sh: line 3: 266063 Killed                  ./mathsat ../$1
QF_NRA/meti-tarski/Chua/1/IL/U/Chua-1-IL-U-chunk-0051.smt2 : 1800144 ms.
--------------------------------------------------
sat
QF_NRA/meti-tarski/Chua/1/IL/U/Chua-1-IL-U-chunk-0053.smt2 : 40 ms.
--------------------------------------------------
unsat
QF_NRA/meti-tarski/Chua/1/IL/U/Chua-1-IL-U-chunk-0054.smt2 : 1047 ms.
--------------------------------------------------
sat
QF_NRA/meti-tarski/Chua/1/IL/U/Chua-1-IL-U-chunk-0055.smt2 : 30 ms.
--------------------------------------------------
unsat
QF_NRA/meti-tarski/Chua/1/IL/U/Chua-1-IL-U-chunk-0057.smt2 : 34 ms.
--------------------------------------------------
./solvers/mathsat/run.sh: line 3: 267587 Killed                  ./mathsat ../$1
QF_NRA/meti-tarski/Chua/1/IL/U/Chua-1-IL-U-chunk-0058.smt2 : 1800086 ms.
--------------------------------------------------
sat
QF_NRA/meti-tarski/Chua/1/IL/U/Chua-1-IL-U-chunk-0059.smt2 : 42 ms.
--------------------------------------------------
./solvers/mathsat/run.sh: line 3: 268774 Killed                  ./mathsat ../$1
QF_NRA/meti-tarski/Chua/1/IL/U/Chua-1-IL-U-chunk-0060.smt2 : 1803042 ms.
--------------------------------------------------
sat
QF_NRA/meti-tarski/Chua/1/IL/U/Chua-1-IL-U-chunk-0063.smt2 : 38 ms.
--------------------------------------------------
unsat
QF_NRA/meti-tarski/Chua/1/IL/U/Chua-1-IL-U-chunk-0064.smt2 : 23 ms.
--------------------------------------------------
sat
QF_NRA/meti-tarski/Chua/1/IL/U/Chua-1-IL-U-chunk-0067.smt2 : 29 ms.
--------------------------------------------------
unsat
QF_NRA/meti-tarski/Chua/1/IL/U/Chua-1-IL-U-chunk-0068.smt2 : 31 ms.
--------------------------------------------------
unsat
QF_NRA/meti-tarski/Chua/1/IL/U/Chua-1-IL-U-chunk-0070.smt2 : 32 ms.
--------------------------------------------------
sat
QF_NRA/meti-tarski/Chua/1/IL/U/Chua-1-IL-U-chunk-0071.smt2 : 35 ms.
--------------------------------------------------
unsat
QF_NRA/meti-tarski/Chua/1/IL/U/Chua-1-IL-U-chunk-0072.smt2 : 482258 ms.
--------------------------------------------------
unsat
QF_NRA/meti-tarski/Chua/1/IL/U/Chua-1-IL-U-chunk-0073.smt2 : 50 ms.
--------------------------------------------------
./solvers/mathsat/run.sh: line 3: 271573 Killed                  ./mathsat ../$1
QF_NRA/meti-tarski/Chua/1/IL/U/Chua-1-IL-U-chunk-0074.smt2 : 1800059 ms.
--------------------------------------------------
sat
QF_NRA/meti-tarski/Chua/1/IL/U/Chua-1-IL-U-chunk-0075.smt2 : 120 ms.
--------------------------------------------------
./solvers/mathsat/run.sh: line 3: 272705 Killed                  ./mathsat ../$1
QF_NRA/meti-tarski/Chua/1/IL/U/Chua-1-IL-U-chunk-0076.smt2 : 1800128 ms.
--------------------------------------------------
sat
QF_NRA/meti-tarski/Chua/1/IL/U/Chua-1-IL-U-chunk-0077.smt2 : 69 ms.
--------------------------------------------------
sat
QF_NRA/meti-tarski/Chua/1/IL/U/Chua-1-IL-U-chunk-0078.smt2 : 50 ms.
--------------------------------------------------
./solvers/mathsat/run.sh: line 3: 273749 Killed                  ./mathsat ../$1
QF_NRA/meti-tarski/Chua/1/IL/U/Chua-1-IL-U-chunk-0079.smt2 : 1800091 ms.
--------------------------------------------------
sat
QF_NRA/meti-tarski/Chua/1/IL/U/Chua-1-IL-U-chunk-0081.smt2 : 95 ms.
--------------------------------------------------
./solvers/mathsat/run.sh: line 3: 274908 Killed                  ./mathsat ../$1
QF_NRA/meti-tarski/Chua/1/IL/U/Chua-1-IL-U-chunk-0082.smt2 : 1800078 ms.
--------------------------------------------------
sat
QF_NRA/meti-tarski/Chua/1/IL/U/Chua-1-IL-U-chunk-0083.smt2 : 42 ms.
--------------------------------------------------
./solvers/mathsat/run.sh: line 3: 275929 Killed                  ./mathsat ../$1
QF_NRA/meti-tarski/Chua/1/IL/U/Chua-1-IL-U-chunk-0084.smt2 : 1800075 ms.
