--------------------------------------------------
./solvers/mathsat/run.sh: line 3: 245887 Killed                  ./mathsat ../$1
QF_NRA/meti-tarski/sqrt/problem/13/vars5/sqrt-problem-13-vars5-chunk-0015.smt2 : 1800136 ms.
--------------------------------------------------
sat
QF_NRA/meti-tarski/sqrt/problem/13/vars5/sqrt-problem-13-vars5-chunk-0017.smt2 : 40 ms.
--------------------------------------------------
./solvers/mathsat/run.sh: line 3: 257774 Killed                  ./mathsat ../$1
QF_NRA/meti-tarski/sqrt/problem/13/vars5/sqrt-problem-13-vars5-chunk-0018.smt2 : 1800112 ms.
--------------------------------------------------
./solvers/mathsat/run.sh: line 3: 261097 Killed                  ./mathsat ../$1
QF_NRA/meti-tarski/sqrt/problem/13/vars5/sqrt-problem-13-vars5-chunk-0020.smt2 : 1800126 ms.
--------------------------------------------------
./solvers/mathsat/run.sh: line 3: 263690 Killed                  ./mathsat ../$1
QF_NRA/meti-tarski/sqrt/problem/13/vars5/sqrt-problem-13-vars5-chunk-0021.smt2 : 1800115 ms.
--------------------------------------------------
./solvers/mathsat/run.sh: line 3: 265977 Killed                  ./mathsat ../$1
QF_NRA/meti-tarski/sqrt/problem/13/vars5/sqrt-problem-13-vars5-chunk-0023.smt2 : 1800131 ms.
--------------------------------------------------
./solvers/mathsat/run.sh: line 3: 267362 Killed                  ./mathsat ../$1
QF_NRA/meti-tarski/sqrt/problem/13/vars5/sqrt-problem-13-vars5-chunk-0024.smt2 : 1800081 ms.
--------------------------------------------------
./solvers/mathsat/run.sh: line 3: 268407 Killed                  ./mathsat ../$1
QF_NRA/meti-tarski/sqrt/problem/13/vars5/sqrt-problem-13-vars5-chunk-0026.smt2 : 1800128 ms.
--------------------------------------------------
unsat
QF_NRA/meti-tarski/sqrt/problem/13/vars5/sqrt-problem-13-vars5-chunk-0027.smt2 : 32 ms.
--------------------------------------------------
sat
QF_NRA/meti-tarski/sqrt/problem/13/vars5/sqrt-problem-13-vars5-chunk-0028.smt2 : 40 ms.
