--------------------------------------------------
sat
QF_NRA/LassoRanker/SV-COMP/aviad_true-termination.c_Iteration1_Loop_2-lexTemplate.smt2 : 8672 ms.
--------------------------------------------------
sat
QF_NRA/LassoRanker/SV-COMP/aviad_true-termination.c_Iteration1_Loop_2-nestedTemplate.smt2 : 6606 ms.
--------------------------------------------------
sat
QF_NRA/LassoRanker/SV-COMP/aviad_true-termination.c_Iteration1_Loop_2-phaseTemplate.smt2 : 6245 ms.
--------------------------------------------------
sat
QF_NRA/LassoRanker/SV-COMP/aviad_true-termination.c_Iteration1_Loop_2-pieceTemplate.smt2 : 55734 ms.
--------------------------------------------------
sat
QF_NRA/LassoRanker/SV-COMP/aviad_true-termination.c_Iteration1_Loop_3-lexTemplate.smt2 : 31433 ms.
--------------------------------------------------
sat
QF_NRA/LassoRanker/SV-COMP/aviad_true-termination.c_Iteration1_Loop_3-nestedTemplate.smt2 : 13324 ms.
--------------------------------------------------
sat
QF_NRA/LassoRanker/SV-COMP/aviad_true-termination.c_Iteration1_Loop_3-phaseTemplate.smt2 : 14730 ms.
--------------------------------------------------
sat
QF_NRA/LassoRanker/SV-COMP/aviad_true-termination.c_Iteration1_Loop_3-pieceTemplate.smt2 : 457830 ms.
--------------------------------------------------
sat
QF_NRA/LassoRanker/SV-COMP/aviad_true-termination.c_Iteration1_Loop_4-lexTemplate.smt2 : 116794 ms.
--------------------------------------------------
sat
QF_NRA/LassoRanker/SV-COMP/aviad_true-termination.c_Iteration1_Loop_4-nestedTemplate.smt2 : 18895 ms.
--------------------------------------------------
sat
QF_NRA/LassoRanker/SV-COMP/aviad_true-termination.c_Iteration1_Loop_4-phaseTemplate.smt2 : 29412 ms.
--------------------------------------------------
sat
QF_NRA/LassoRanker/SV-COMP/aviad_true-termination.c_Iteration1_Loop_5-nestedTemplate.smt2 : 25332 ms.
--------------------------------------------------
sat
QF_NRA/LassoRanker/SV-COMP/aviad_true-termination.c_Iteration1_Loop_5-phaseTemplate.smt2 : 33238 ms.
--------------------------------------------------
sat
QF_NRA/LassoRanker/SV-COMP/aviad_true-termination.c_Iteration1_Loop_6-nestedTemplate.smt2 : 29335 ms.
--------------------------------------------------
sat
QF_NRA/LassoRanker/SV-COMP/aviad_true-termination.c_Iteration1_Loop_6-phaseTemplate.smt2 : 54093 ms.
--------------------------------------------------
sat
QF_NRA/LassoRanker/SV-COMP/aviad_true-termination.c_Iteration1_Loop_7-nestedTemplate.smt2 : 63519 ms.
--------------------------------------------------
sat
QF_NRA/LassoRanker/SV-COMP/aviad_true-termination.c_Iteration1_Loop_7-phaseTemplate.smt2 : 56846 ms.
--------------------------------------------------
sat
QF_NRA/LassoRanker/SV-COMP/aviad_true-termination.c_Iteration1_Loop_affineTemplate.smt2 : 2586 ms.
--------------------------------------------------
unsat
QF_NRA/LassoRanker/SV-COMP/Ben-Amram-2010LMCS-Ex2.3_true-termination.c_Iteration1_Lasso_2-pieceTemplate.smt2 : 21383 ms.
--------------------------------------------------
unsat
QF_NRA/LassoRanker/SV-COMP/Ben-Amram-2010LMCS-Ex2.3_true-termination.c_Iteration1_Lasso_3-pieceTemplate.smt2 : 578246 ms.
--------------------------------------------------
unsat
QF_NRA/LassoRanker/SV-COMP/Ben-Amram-2010LMCS-Ex2.3_true-termination.c_Iteration1_Lasso_4-lexTemplate.smt2 : 2069 ms.
--------------------------------------------------
./solvers/mathsat/run.sh: line 3: 257207 Killed                  ./mathsat ../$1
QF_NRA/LassoRanker/SV-COMP/Ben-Amram-2010LMCS-Ex2.3_true-termination.c_Iteration1_Lasso_4-pieceTemplate.smt2 : 1801089 ms.
--------------------------------------------------
unsat
QF_NRA/LassoRanker/SV-COMP/Ben-Amram-2010LMCS-Ex2.3_true-termination.c_Iteration1_Lasso_5-phaseTemplate.smt2 : 436 ms.
--------------------------------------------------
unsat
QF_NRA/LassoRanker/SV-COMP/Ben-Amram-2010LMCS-Ex2.3_true-termination.c_Iteration1_Lasso_6-phaseTemplate.smt2 : 565 ms.
--------------------------------------------------
unsat
QF_NRA/LassoRanker/SV-COMP/Ben-Amram-2010LMCS-Ex2.3_true-termination.c_Iteration1_Lasso_7-phaseTemplate.smt2 : 643 ms.
--------------------------------------------------
unsat
QF_NRA/LassoRanker/SV-COMP/Ben-Amram-2010LMCS-Ex2.3_true-termination.c_Iteration1_Loop_2-pieceTemplate.smt2 : 39028 ms.
--------------------------------------------------
unsat
QF_NRA/LassoRanker/SV-COMP/Ben-Amram-2010LMCS-Ex2.3_true-termination.c_Iteration1_Loop_3-pieceTemplate.smt2 : 606663 ms.
--------------------------------------------------
unsat
QF_NRA/LassoRanker/SV-COMP/Ben-Amram-2010LMCS-Ex2.3_true-termination.c_Iteration1_Loop_4-lexTemplate.smt2 : 2374 ms.
--------------------------------------------------
./solvers/mathsat/run.sh: line 3: 262904 Killed                  ./mathsat ../$1
QF_NRA/LassoRanker/SV-COMP/Ben-Amram-2010LMCS-Ex2.3_true-termination.c_Iteration1_Loop_4-pieceTemplate.smt2 : 1800310 ms.
--------------------------------------------------
unsat
QF_NRA/LassoRanker/SV-COMP/Ben-Amram-2010LMCS-Ex2.3_true-termination.c_Iteration1_Loop_5-phaseTemplate.smt2 : 681 ms.
--------------------------------------------------
unsat
QF_NRA/LassoRanker/SV-COMP/Ben-Amram-2010LMCS-Ex2.3_true-termination.c_Iteration1_Loop_6-phaseTemplate.smt2 : 691 ms.
--------------------------------------------------
unsat
QF_NRA/LassoRanker/SV-COMP/Ben-Amram-2010LMCS-Ex2.3_true-termination.c_Iteration1_Loop_7-phaseTemplate.smt2 : 1030 ms.
--------------------------------------------------
sat
QF_NRA/LassoRanker/SV-COMP/BradleyMannaSipma-2005CAV-Fig1_true-termination.c_Iteration1_Lasso_2-pieceTemplate.smt2 : 28925 ms.
--------------------------------------------------
sat
QF_NRA/LassoRanker/SV-COMP/BradleyMannaSipma-2005CAV-Fig1_true-termination.c_Iteration1_Lasso_3-pieceTemplate.smt2 : 218154 ms.
--------------------------------------------------
./solvers/mathsat/run.sh: line 3: 265536 Killed                  ./mathsat ../$1
QF_NRA/LassoRanker/SV-COMP/BradleyMannaSipma-2005CAV-Fig1_true-termination.c_Iteration1_Lasso_4-pieceTemplate.smt2 : 1800959 ms.
--------------------------------------------------
sat
QF_NRA/LassoRanker/SV-COMP/BradleyMannaSipma-2005CAV-Fig1_true-termination.c_Iteration1_Lasso_7-phaseTemplate.smt2 : 24116 ms.
--------------------------------------------------
./solvers/mathsat/run.sh: line 3: 267026 Killed                  ./mathsat ../$1
QF_NRA/LassoRanker/SV-COMP/BradleyMannaSipma-2005ICALP-Fig1_true-termination.c_Iteration1_Lasso_2-pieceTemplate.smt2 : 1800159 ms.
--------------------------------------------------
unsat
QF_NRA/LassoRanker/SV-COMP/BradleyMannaSipma-2005ICALP-Fig1_true-termination.c_Iteration1_Lasso_3-phaseTemplate.smt2 : 2423 ms.
--------------------------------------------------
./solvers/mathsat/run.sh: line 3: 268066 Killed                  ./mathsat ../$1
QF_NRA/LassoRanker/SV-COMP/BradleyMannaSipma-2005ICALP-Fig1_true-termination.c_Iteration1_Lasso_3-pieceTemplate.smt2 : 1800161 ms.
--------------------------------------------------
unsat
QF_NRA/LassoRanker/SV-COMP/BradleyMannaSipma-2005ICALP-Fig1_true-termination.c_Iteration1_Lasso_4-phaseTemplate.smt2 : 4526 ms.
--------------------------------------------------
./solvers/mathsat/run.sh: line 3: 269621 Killed                  ./mathsat ../$1
QF_NRA/LassoRanker/SV-COMP/BradleyMannaSipma-2005ICALP-Fig1_true-termination.c_Iteration1_Lasso_4-pieceTemplate.smt2 : 1800237 ms.
--------------------------------------------------
unsat
QF_NRA/LassoRanker/SV-COMP/BradleyMannaSipma-2005ICALP-Fig1_true-termination.c_Iteration1_Lasso_5-phaseTemplate.smt2 : 7543 ms.
--------------------------------------------------
unsat
QF_NRA/LassoRanker/SV-COMP/BradleyMannaSipma-2005ICALP-Fig1_true-termination.c_Iteration1_Lasso_6-nestedTemplate.smt2 : 6950 ms.
--------------------------------------------------
unsat
QF_NRA/LassoRanker/SV-COMP/BradleyMannaSipma-2005ICALP-Fig1_true-termination.c_Iteration1_Lasso_6-phaseTemplate.smt2 : 11136 ms.
--------------------------------------------------
unsat
QF_NRA/LassoRanker/SV-COMP/BradleyMannaSipma-2005ICALP-Fig1_true-termination.c_Iteration1_Lasso_7-phaseTemplate.smt2 : 10925 ms.
--------------------------------------------------
sat
QF_NRA/LassoRanker/SV-COMP/BrockschmidtCookFuhs-2013CAV-Fig1_true-termination.c_Iteration2_Loop_4-pieceTemplate.smt2 : 1181 ms.
--------------------------------------------------
unsat
QF_NRA/LassoRanker/SV-COMP/BrockschmidtCookFuhs-2013CAV-Introduction_true-termination.c_Iteration1_Loop_3-pieceTemplate.smt2 : 1285 ms.
--------------------------------------------------
unsat
QF_NRA/LassoRanker/SV-COMP/BrockschmidtCookFuhs-2013CAV-Introduction_true-termination.c_Iteration1_Loop_4-pieceTemplate.smt2 : 6141 ms.
--------------------------------------------------
unsat
QF_NRA/LassoRanker/SV-COMP/ChenFlurMukhopadhyay-2012SAS-Fig1_true-termination.c_Iteration1_Loop_3-pieceTemplate.smt2 : 2220 ms.
--------------------------------------------------
unsat
QF_NRA/LassoRanker/SV-COMP/ChenFlurMukhopadhyay-2012SAS-Fig1_true-termination.c_Iteration1_Loop_4-pieceTemplate.smt2 : 19232 ms.
--------------------------------------------------
unsat
QF_NRA/LassoRanker/SV-COMP/CookSeeZuleger-2013TACAS-Fig3_true-termination.c_Iteration1_Loop_2-pieceTemplate.smt2 : 47541 ms.
--------------------------------------------------
unsat
QF_NRA/LassoRanker/SV-COMP/CookSeeZuleger-2013TACAS-Fig3_true-termination.c_Iteration1_Loop_3-pieceTemplate.smt2 : 355629 ms.
--------------------------------------------------
unsat
QF_NRA/LassoRanker/SV-COMP/CookSeeZuleger-2013TACAS-Fig3_true-termination.c_Iteration1_Loop_4-phaseTemplate.smt2 : 1901 ms.
--------------------------------------------------
unsat
QF_NRA/LassoRanker/SV-COMP/CookSeeZuleger-2013TACAS-Fig3_true-termination.c_Iteration1_Loop_4-pieceTemplate.smt2 : 1161948 ms.
--------------------------------------------------
unsat
QF_NRA/LassoRanker/SV-COMP/CookSeeZuleger-2013TACAS-Fig3_true-termination.c_Iteration1_Loop_5-phaseTemplate.smt2 : 2656 ms.
--------------------------------------------------
unsat
QF_NRA/LassoRanker/SV-COMP/CookSeeZuleger-2013TACAS-Fig3_true-termination.c_Iteration1_Loop_6-phaseTemplate.smt2 : 3994 ms.
--------------------------------------------------
unsat
QF_NRA/LassoRanker/SV-COMP/CookSeeZuleger-2013TACAS-Fig3_true-termination.c_Iteration1_Loop_7-phaseTemplate.smt2 : 5827 ms.
--------------------------------------------------
unsat
QF_NRA/LassoRanker/SV-COMP/CookSeeZuleger-2013TACAS-Fig7a_true-termination.c_Iteration1_Loop_2-pieceTemplate.smt2 : 114480 ms.
--------------------------------------------------
sat
QF_NRA/LassoRanker/SV-COMP/CookSeeZuleger-2013TACAS-Fig7a_true-termination.c_Iteration1_Loop_3-lexTemplate.smt2 : 5109 ms.
--------------------------------------------------
unsat
QF_NRA/LassoRanker/SV-COMP/CookSeeZuleger-2013TACAS-Fig7a_true-termination.c_Iteration1_Loop_3-phaseTemplate.smt2 : 1295 ms.
--------------------------------------------------
unsat
QF_NRA/LassoRanker/SV-COMP/CookSeeZuleger-2013TACAS-Fig7a_true-termination.c_Iteration1_Loop_3-pieceTemplate.smt2 : 525721 ms.
--------------------------------------------------
sat
QF_NRA/LassoRanker/SV-COMP/CookSeeZuleger-2013TACAS-Fig7a_true-termination.c_Iteration1_Loop_4-lexTemplate.smt2 : 8100 ms.
--------------------------------------------------
unsat
QF_NRA/LassoRanker/SV-COMP/CookSeeZuleger-2013TACAS-Fig7a_true-termination.c_Iteration1_Loop_4-phaseTemplate.smt2 : 1826 ms.
--------------------------------------------------
./solvers/mathsat/run.sh: line 3: 272867 Killed                  ./mathsat ../$1
QF_NRA/LassoRanker/SV-COMP/CookSeeZuleger-2013TACAS-Fig7a_true-termination.c_Iteration1_Loop_4-pieceTemplate.smt2 : 1800993 ms.
--------------------------------------------------
unsat
QF_NRA/LassoRanker/SV-COMP/CookSeeZuleger-2013TACAS-Fig7a_true-termination.c_Iteration1_Loop_5-phaseTemplate.smt2 : 2967 ms.
--------------------------------------------------
unsat
QF_NRA/LassoRanker/SV-COMP/CookSeeZuleger-2013TACAS-Fig7a_true-termination.c_Iteration1_Loop_6-phaseTemplate.smt2 : 3894 ms.
--------------------------------------------------
unsat
QF_NRA/LassoRanker/SV-COMP/CookSeeZuleger-2013TACAS-Fig7a_true-termination.c_Iteration1_Loop_7-phaseTemplate.smt2 : 5458 ms.
--------------------------------------------------
unsat
QF_NRA/LassoRanker/SV-COMP/CookSeeZuleger-2013TACAS-Fig7b_true-termination.c_Iteration1_Loop_2-nestedTemplate.smt2 : 998074 ms.
--------------------------------------------------
unsat
QF_NRA/LassoRanker/SV-COMP/CookSeeZuleger-2013TACAS-Fig7b_true-termination.c_Iteration1_Loop_3-nestedTemplate.smt2 : 1653245 ms.
--------------------------------------------------
sat
QF_NRA/LassoRanker/SV-COMP/gcd1_true-termination.c_Iteration3_Loop_4-pieceTemplate.smt2 : 352 ms.
--------------------------------------------------
unsat
QF_NRA/LassoRanker/SV-COMP/GulwaniJainKoskinen-2009PLDI-Fig1_true-termination.c_Iteration1_Lasso_2-lexTemplate.smt2 : 374385 ms.
--------------------------------------------------
unsat
QF_NRA/LassoRanker/SV-COMP/GulwaniJainKoskinen-2009PLDI-Fig1_true-termination.c_Iteration1_Lasso_2-nestedTemplate.smt2 : 30757 ms.
--------------------------------------------------
unsat
QF_NRA/LassoRanker/SV-COMP/GulwaniJainKoskinen-2009PLDI-Fig1_true-termination.c_Iteration1_Lasso_2-phaseTemplate.smt2 : 33484 ms.
--------------------------------------------------
./solvers/mathsat/run.sh: line 3: 276030 Killed                  ./mathsat ../$1
QF_NRA/LassoRanker/SV-COMP/GulwaniJainKoskinen-2009PLDI-Fig1_true-termination.c_Iteration1_Lasso_2-pieceTemplate.smt2 : 1801099 ms.
--------------------------------------------------
unsat
QF_NRA/LassoRanker/SV-COMP/GulwaniJainKoskinen-2009PLDI-Fig1_true-termination.c_Iteration1_Lasso_3-lexTemplate.smt2 : 1328883 ms.
--------------------------------------------------
unsat
QF_NRA/LassoRanker/SV-COMP/GulwaniJainKoskinen-2009PLDI-Fig1_true-termination.c_Iteration1_Lasso_3-nestedTemplate.smt2 : 46493 ms.
--------------------------------------------------
unsat
QF_NRA/LassoRanker/SV-COMP/GulwaniJainKoskinen-2009PLDI-Fig1_true-termination.c_Iteration1_Lasso_3-phaseTemplate.smt2 : 51142 ms.
--------------------------------------------------
./solvers/mathsat/run.sh: line 3: 278165 Killed                  ./mathsat ../$1
QF_NRA/LassoRanker/SV-COMP/GulwaniJainKoskinen-2009PLDI-Fig1_true-termination.c_Iteration1_Lasso_3-pieceTemplate.smt2 : 1801016 ms.
--------------------------------------------------
./solvers/mathsat/run.sh: line 3: 278906 Killed                  ./mathsat ../$1
QF_NRA/LassoRanker/SV-COMP/GulwaniJainKoskinen-2009PLDI-Fig1_true-termination.c_Iteration1_Lasso_4-lexTemplate.smt2 : 1801293 ms.
--------------------------------------------------
unsat
QF_NRA/LassoRanker/SV-COMP/GulwaniJainKoskinen-2009PLDI-Fig1_true-termination.c_Iteration1_Lasso_4-nestedTemplate.smt2 : 154267 ms.
--------------------------------------------------
unsat
QF_NRA/LassoRanker/SV-COMP/GulwaniJainKoskinen-2009PLDI-Fig1_true-termination.c_Iteration1_Lasso_4-phaseTemplate.smt2 : 133784 ms.
--------------------------------------------------
./solvers/mathsat/run.sh: line 3: 279683 Killed                  ./mathsat ../$1
QF_NRA/LassoRanker/SV-COMP/GulwaniJainKoskinen-2009PLDI-Fig1_true-termination.c_Iteration1_Lasso_4-pieceTemplate.smt2 : 1800683 ms.
--------------------------------------------------
unsat
QF_NRA/LassoRanker/SV-COMP/GulwaniJainKoskinen-2009PLDI-Fig1_true-termination.c_Iteration1_Lasso_5-nestedTemplate.smt2 : 187113 ms.
--------------------------------------------------
unsat
QF_NRA/LassoRanker/SV-COMP/GulwaniJainKoskinen-2009PLDI-Fig1_true-termination.c_Iteration1_Lasso_5-phaseTemplate.smt2 : 181537 ms.
--------------------------------------------------
unsat
QF_NRA/LassoRanker/SV-COMP/GulwaniJainKoskinen-2009PLDI-Fig1_true-termination.c_Iteration1_Lasso_6-nestedTemplate.smt2 : 288142 ms.
--------------------------------------------------
unsat
QF_NRA/LassoRanker/SV-COMP/GulwaniJainKoskinen-2009PLDI-Fig1_true-termination.c_Iteration1_Lasso_6-phaseTemplate.smt2 : 243784 ms.
--------------------------------------------------
unsat
QF_NRA/LassoRanker/SV-COMP/GulwaniJainKoskinen-2009PLDI-Fig1_true-termination.c_Iteration1_Lasso_7-nestedTemplate.smt2 : 425538 ms.
--------------------------------------------------
unsat
QF_NRA/LassoRanker/SV-COMP/GulwaniJainKoskinen-2009PLDI-Fig1_true-termination.c_Iteration1_Lasso_7-phaseTemplate.smt2 : 320475 ms.
--------------------------------------------------
unsat
QF_NRA/LassoRanker/SV-COMP/GulwaniJainKoskinen-2009PLDI-Fig1_true-termination.c_Iteration1_Lasso_affineTemplate.smt2 : 9832 ms.
--------------------------------------------------
unsat
QF_NRA/LassoRanker/SV-COMP/HarrisLalNoriRajamani-2010SAS-Fig1_true-termination.c_Iteration1_Lasso_3-pieceTemplate.smt2 : 4466 ms.
--------------------------------------------------
unsat
QF_NRA/LassoRanker/SV-COMP/HarrisLalNoriRajamani-2010SAS-Fig1_true-termination.c_Iteration1_Lasso_4-pieceTemplate.smt2 : 69067 ms.
--------------------------------------------------
unsat
QF_NRA/LassoRanker/SV-COMP/joey_false-termination.c_Iteration2_Loop_3-pieceTemplate.smt2 : 12607 ms.
--------------------------------------------------
unsat
QF_NRA/LassoRanker/SV-COMP/joey_false-termination.c_Iteration2_Loop_4-pieceTemplate.smt2 : 81385 ms.
--------------------------------------------------
unsat
QF_NRA/LassoRanker/SV-COMP/joey_false-termination.c_Iteration2_Loop_5-phaseTemplate.smt2 : 1823 ms.
--------------------------------------------------
unsat
QF_NRA/LassoRanker/SV-COMP/joey_false-termination.c_Iteration2_Loop_6-phaseTemplate.smt2 : 2467 ms.
--------------------------------------------------
unsat
QF_NRA/LassoRanker/SV-COMP/joey_false-termination.c_Iteration2_Loop_7-phaseTemplate.smt2 : 10408 ms.
--------------------------------------------------
unsat
QF_NRA/LassoRanker/SV-COMP/KroeningSharyginaTsitovichWintersteiger-2010CAV-Fig1_true-termination.c_Iteration1_Lasso_2-lexTemplate.smt2 : 15030 ms.
--------------------------------------------------
unsat
QF_NRA/LassoRanker/SV-COMP/KroeningSharyginaTsitovichWintersteiger-2010CAV-Fig1_true-termination.c_Iteration1_Lasso_2-nestedTemplate.smt2 : 7661 ms.
--------------------------------------------------
unsat
QF_NRA/LassoRanker/SV-COMP/KroeningSharyginaTsitovichWintersteiger-2010CAV-Fig1_true-termination.c_Iteration1_Lasso_2-phaseTemplate.smt2 : 8582 ms.
--------------------------------------------------
unsat
QF_NRA/LassoRanker/SV-COMP/KroeningSharyginaTsitovichWintersteiger-2010CAV-Fig1_true-termination.c_Iteration1_Lasso_2-pieceTemplate.smt2 : 290046 ms.
--------------------------------------------------
unsat
QF_NRA/LassoRanker/SV-COMP/KroeningSharyginaTsitovichWintersteiger-2010CAV-Fig1_true-termination.c_Iteration1_Lasso_3-lexTemplate.smt2 : 74864 ms.
--------------------------------------------------
unsat
QF_NRA/LassoRanker/SV-COMP/KroeningSharyginaTsitovichWintersteiger-2010CAV-Fig1_true-termination.c_Iteration1_Lasso_3-nestedTemplate.smt2 : 15826 ms.
--------------------------------------------------
unsat
QF_NRA/LassoRanker/SV-COMP/KroeningSharyginaTsitovichWintersteiger-2010CAV-Fig1_true-termination.c_Iteration1_Lasso_3-phaseTemplate.smt2 : 12421 ms.
--------------------------------------------------
./solvers/mathsat/run.sh: line 3: 281301 Killed                  ./mathsat ../$1
QF_NRA/LassoRanker/SV-COMP/KroeningSharyginaTsitovichWintersteiger-2010CAV-Fig1_true-termination.c_Iteration1_Lasso_3-pieceTemplate.smt2 : 1800363 ms.
--------------------------------------------------
unsat
QF_NRA/LassoRanker/SV-COMP/KroeningSharyginaTsitovichWintersteiger-2010CAV-Fig1_true-termination.c_Iteration1_Lasso_4-lexTemplate.smt2 : 265197 ms.
--------------------------------------------------
unsat
QF_NRA/LassoRanker/SV-COMP/KroeningSharyginaTsitovichWintersteiger-2010CAV-Fig1_true-termination.c_Iteration1_Lasso_4-nestedTemplate.smt2 : 31845 ms.
--------------------------------------------------
unsat
QF_NRA/LassoRanker/SV-COMP/KroeningSharyginaTsitovichWintersteiger-2010CAV-Fig1_true-termination.c_Iteration1_Lasso_4-phaseTemplate.smt2 : 29298 ms.
--------------------------------------------------
./solvers/mathsat/run.sh: line 3: 282052 Killed                  ./mathsat ../$1
QF_NRA/LassoRanker/SV-COMP/KroeningSharyginaTsitovichWintersteiger-2010CAV-Fig1_true-termination.c_Iteration1_Lasso_4-pieceTemplate.smt2 : 1800961 ms.
--------------------------------------------------
unsat
QF_NRA/LassoRanker/SV-COMP/KroeningSharyginaTsitovichWintersteiger-2010CAV-Fig1_true-termination.c_Iteration1_Lasso_5-nestedTemplate.smt2 : 36065 ms.
--------------------------------------------------
unsat
QF_NRA/LassoRanker/SV-COMP/KroeningSharyginaTsitovichWintersteiger-2010CAV-Fig1_true-termination.c_Iteration1_Lasso_5-phaseTemplate.smt2 : 39305 ms.
--------------------------------------------------
unsat
QF_NRA/LassoRanker/SV-COMP/KroeningSharyginaTsitovichWintersteiger-2010CAV-Fig1_true-termination.c_Iteration1_Lasso_6-nestedTemplate.smt2 : 62713 ms.
--------------------------------------------------
unsat
QF_NRA/LassoRanker/SV-COMP/KroeningSharyginaTsitovichWintersteiger-2010CAV-Fig1_true-termination.c_Iteration1_Lasso_6-phaseTemplate.smt2 : 64399 ms.
--------------------------------------------------
unsat
QF_NRA/LassoRanker/SV-COMP/KroeningSharyginaTsitovichWintersteiger-2010CAV-Fig1_true-termination.c_Iteration1_Lasso_7-nestedTemplate.smt2 : 77490 ms.
--------------------------------------------------
unsat
QF_NRA/LassoRanker/SV-COMP/KroeningSharyginaTsitovichWintersteiger-2010CAV-Fig1_true-termination.c_Iteration1_Lasso_7-phaseTemplate.smt2 : 73463 ms.
--------------------------------------------------
unsat
QF_NRA/LassoRanker/SV-COMP/KroeningSharyginaTsitovichWintersteiger-2010CAV-Fig1_true-termination.c_Iteration1_Lasso_affineTemplate.smt2 : 3599 ms.
--------------------------------------------------
unsat
QF_NRA/LassoRanker/SV-COMP/LarrazOliverasRodriguez-CarbonellRubio-2013FMCAD-Fig1_true-termination.c_Iteration1_Loop_3-pieceTemplate.smt2 : 760 ms.
--------------------------------------------------
unsat
QF_NRA/LassoRanker/SV-COMP/LarrazOliverasRodriguez-CarbonellRubio-2013FMCAD-Fig1_true-termination.c_Iteration1_Loop_4-pieceTemplate.smt2 : 11765 ms.
--------------------------------------------------
unsat
QF_NRA/LassoRanker/SV-COMP/LarrazOliverasRodriguez-CarbonellRubio-2013FMCAD-Fig1_true-termination.c_Iteration2_Loop_2-pieceTemplate.smt2 : 277 ms.
--------------------------------------------------
unsat
QF_NRA/LassoRanker/SV-COMP/LarrazOliverasRodriguez-CarbonellRubio-2013FMCAD-Fig1_true-termination.c_Iteration2_Loop_3-pieceTemplate.smt2 : 3103 ms.
--------------------------------------------------
unsat
QF_NRA/LassoRanker/SV-COMP/LarrazOliverasRodriguez-CarbonellRubio-2013FMCAD-Fig1_true-termination.c_Iteration2_Loop_4-pieceTemplate.smt2 : 167013 ms.
--------------------------------------------------
unsat
QF_NRA/LassoRanker/SV-COMP/LarrazOliverasRodriguez-CarbonellRubio-2013FMCAD-Fig1_true-termination.c_Iteration4_Loop_3-pieceTemplate.smt2 : 1336 ms.
--------------------------------------------------
unsat
QF_NRA/LassoRanker/SV-COMP/LarrazOliverasRodriguez-CarbonellRubio-2013FMCAD-Fig1_true-termination.c_Iteration4_Loop_4-pieceTemplate.smt2 : 5718 ms.
--------------------------------------------------
unsat
QF_NRA/LassoRanker/SV-COMP/LarrazOliverasRodriguez-CarbonellRubio-2013FMCAD-Fig1_true-termination.c_Iteration5_Loop_3-pieceTemplate.smt2 : 7921 ms.
--------------------------------------------------
unsat
QF_NRA/LassoRanker/SV-COMP/LarrazOliverasRodriguez-CarbonellRubio-2013FMCAD-Fig1_true-termination.c_Iteration5_Loop_4-pieceTemplate.smt2 : 24681 ms.
--------------------------------------------------
unsat
QF_NRA/LassoRanker/SV-COMP/LeeJonesBen-Amram-2001POPL-Ex1_true-termination.c_Iteration1_Loop_7-phaseTemplate.smt2 : 2041 ms.
--------------------------------------------------
sat
QF_NRA/LassoRanker/SV-COMP/LeeJonesBen-Amram-2001POPL-Ex2_true-termination.c_Iteration1_Lasso_4-pieceTemplate.smt2 : 5519 ms.
--------------------------------------------------
unsat
QF_NRA/LassoRanker/SV-COMP/LeeJonesBen-Amram-2001POPL-Ex2_true-termination.c_Iteration1_Loop_3-pieceTemplate.smt2 : 20060 ms.
--------------------------------------------------
unsat
QF_NRA/LassoRanker/SV-COMP/LeeJonesBen-Amram-2001POPL-Ex2_true-termination.c_Iteration1_Loop_4-pieceTemplate.smt2 : 47416 ms.
--------------------------------------------------
unsat
QF_NRA/LassoRanker/SV-COMP/LeeJonesBen-Amram-2001POPL-Ex2_true-termination.c_Iteration1_Loop_5-phaseTemplate.smt2 : 3203 ms.
--------------------------------------------------
unsat
QF_NRA/LassoRanker/SV-COMP/LeeJonesBen-Amram-2001POPL-Ex2_true-termination.c_Iteration1_Loop_6-phaseTemplate.smt2 : 4917 ms.
--------------------------------------------------
unsat
QF_NRA/LassoRanker/SV-COMP/LeeJonesBen-Amram-2001POPL-Ex2_true-termination.c_Iteration1_Loop_7-phaseTemplate.smt2 : 22999 ms.
--------------------------------------------------
sat
QF_NRA/LassoRanker/SV-COMP/LeeJonesBen-Amram-2001POPL-Ex3_true-termination.c_Iteration3_Loop_4-pieceTemplate.smt2 : 343 ms.
--------------------------------------------------
sat
QF_NRA/LassoRanker/SV-COMP/LeeJonesBen-Amram-2001POPL-Ex3_true-termination.c_Iteration6_Loop_4-pieceTemplate.smt2 : 690 ms.
--------------------------------------------------
sat
QF_NRA/LassoRanker/SV-COMP/LeeJonesBen-Amram-2001POPL-Ex4_true-termination.c_Iteration1_Loop_4-pieceTemplate.smt2 : 315 ms.
--------------------------------------------------
unsat
QF_NRA/LassoRanker/SV-COMP/LeeJonesBen-Amram-2001POPL-Ex4_true-termination.c_Iteration2_Loop_3-pieceTemplate.smt2 : 4739 ms.
--------------------------------------------------
unsat
QF_NRA/LassoRanker/SV-COMP/LeeJonesBen-Amram-2001POPL-Ex4_true-termination.c_Iteration2_Loop_4-pieceTemplate.smt2 : 80383 ms.
--------------------------------------------------
sat
QF_NRA/LassoRanker/SV-COMP/LeeJonesBen-Amram-2001POPL-Ex4_true-termination.c_Iteration3_Loop_4-pieceTemplate.smt2 : 434 ms.
--------------------------------------------------
sat
QF_NRA/LassoRanker/SV-COMP/LeeJonesBen-Amram-2001POPL-Ex4_true-termination.c_Iteration4_Loop_4-pieceTemplate.smt2 : 654 ms.
--------------------------------------------------
sat
QF_NRA/LassoRanker/SV-COMP/LeeJonesBen-Amram-2001POPL-Ex4_true-termination.c_Iteration5_Loop_4-pieceTemplate.smt2 : 11128 ms.
--------------------------------------------------
unsat
QF_NRA/LassoRanker/SV-COMP/LeeJonesBen-Amram-2001POPL-Ex4_true-termination.c_Iteration6_Loop_3-pieceTemplate.smt2 : 3130 ms.
--------------------------------------------------
unsat
QF_NRA/LassoRanker/SV-COMP/LeeJonesBen-Amram-2001POPL-Ex4_true-termination.c_Iteration6_Loop_4-pieceTemplate.smt2 : 25104 ms.
--------------------------------------------------
./solvers/mathsat/run.sh: line 3: 283569 Killed                  ./mathsat ../$1
QF_NRA/LassoRanker/SV-COMP/LeeJonesBen-Amram-2001POPL-Ex5_true-termination.c_Iteration2_Lasso_2-pieceTemplate.smt2 : 1800149 ms.
--------------------------------------------------
unsat
QF_NRA/LassoRanker/SV-COMP/LeeJonesBen-Amram-2001POPL-Ex5_true-termination.c_Iteration2_Lasso_3-lexTemplate.smt2 : 23134 ms.
--------------------------------------------------
unsat
QF_NRA/LassoRanker/SV-COMP/LeeJonesBen-Amram-2001POPL-Ex5_true-termination.c_Iteration2_Lasso_3-phaseTemplate.smt2 : 18674 ms.
--------------------------------------------------
./solvers/mathsat/run.sh: line 3: 284193 Killed                  ./mathsat ../$1
QF_NRA/LassoRanker/SV-COMP/LeeJonesBen-Amram-2001POPL-Ex5_true-termination.c_Iteration2_Lasso_3-pieceTemplate.smt2 : 1800315 ms.
--------------------------------------------------
unsat
QF_NRA/LassoRanker/SV-COMP/LeeJonesBen-Amram-2001POPL-Ex5_true-termination.c_Iteration2_Lasso_4-lexTemplate.smt2 : 43596 ms.
--------------------------------------------------
unsat
QF_NRA/LassoRanker/SV-COMP/LeeJonesBen-Amram-2001POPL-Ex5_true-termination.c_Iteration2_Lasso_4-nestedTemplate.smt2 : 10929 ms.
--------------------------------------------------
unsat
QF_NRA/LassoRanker/SV-COMP/LeeJonesBen-Amram-2001POPL-Ex5_true-termination.c_Iteration2_Lasso_4-phaseTemplate.smt2 : 94865 ms.
--------------------------------------------------
./solvers/mathsat/run.sh: line 3: 284997 Killed                  ./mathsat ../$1
QF_NRA/LassoRanker/SV-COMP/LeeJonesBen-Amram-2001POPL-Ex5_true-termination.c_Iteration2_Lasso_4-pieceTemplate.smt2 : 1800265 ms.
--------------------------------------------------
unsat
QF_NRA/LassoRanker/SV-COMP/LeeJonesBen-Amram-2001POPL-Ex5_true-termination.c_Iteration2_Lasso_5-nestedTemplate.smt2 : 20954 ms.
--------------------------------------------------
unsat
QF_NRA/LassoRanker/SV-COMP/LeeJonesBen-Amram-2001POPL-Ex5_true-termination.c_Iteration2_Lasso_5-phaseTemplate.smt2 : 535907 ms.
--------------------------------------------------
unsat
QF_NRA/LassoRanker/SV-COMP/LeeJonesBen-Amram-2001POPL-Ex5_true-termination.c_Iteration2_Lasso_6-nestedTemplate.smt2 : 48246 ms.
--------------------------------------------------
unsat
QF_NRA/LassoRanker/SV-COMP/LeeJonesBen-Amram-2001POPL-Ex5_true-termination.c_Iteration2_Lasso_6-phaseTemplate.smt2 : 1029655 ms.
--------------------------------------------------
unsat
QF_NRA/LassoRanker/SV-COMP/LeeJonesBen-Amram-2001POPL-Ex5_true-termination.c_Iteration2_Lasso_7-nestedTemplate.smt2 : 47236 ms.
--------------------------------------------------
./solvers/mathsat/run.sh: line 3: 286082 Killed                  ./mathsat ../$1
QF_NRA/LassoRanker/SV-COMP/LeeJonesBen-Amram-2001POPL-Ex5_true-termination.c_Iteration2_Lasso_7-phaseTemplate.smt2 : 1800220 ms.
--------------------------------------------------
unsat
QF_NRA/LassoRanker/SV-COMP/LeeJonesBen-Amram-2001POPL-Ex5_true-termination.c_Iteration2_Loop_2-pieceTemplate.smt2 : 6926 ms.
--------------------------------------------------
unsat
QF_NRA/LassoRanker/SV-COMP/LeeJonesBen-Amram-2001POPL-Ex5_true-termination.c_Iteration2_Loop_3-pieceTemplate.smt2 : 258348 ms.
--------------------------------------------------
unsat
QF_NRA/LassoRanker/SV-COMP/LeeJonesBen-Amram-2001POPL-Ex5_true-termination.c_Iteration2_Loop_4-pieceTemplate.smt2 : 992769 ms.
--------------------------------------------------
unsat
QF_NRA/LassoRanker/SV-COMP/LeeJonesBen-Amram-2001POPL-Ex5_true-termination.c_Iteration2_Loop_5-phaseTemplate.smt2 : 14426 ms.
--------------------------------------------------
unsat
QF_NRA/LassoRanker/SV-COMP/LeeJonesBen-Amram-2001POPL-Ex5_true-termination.c_Iteration2_Loop_6-phaseTemplate.smt2 : 18087 ms.
--------------------------------------------------
unsat
QF_NRA/LassoRanker/SV-COMP/LeeJonesBen-Amram-2001POPL-Ex5_true-termination.c_Iteration2_Loop_7-phaseTemplate.smt2 : 35863 ms.
--------------------------------------------------
unsat
QF_NRA/LassoRanker/SV-COMP/Masse_true-termination.c_Iteration1_Lasso_2-pieceTemplate.smt2 : 35695 ms.
--------------------------------------------------
unsat
QF_NRA/LassoRanker/SV-COMP/Masse_true-termination.c_Iteration1_Lasso_3-pieceTemplate.smt2 : 61570 ms.
--------------------------------------------------
./solvers/mathsat/run.sh: line 3: 287279 Killed                  ./mathsat ../$1
QF_NRA/LassoRanker/SV-COMP/Masse_true-termination.c_Iteration1_Lasso_4-pieceTemplate.smt2 : 1800097 ms.
--------------------------------------------------
unsat
QF_NRA/LassoRanker/SV-COMP/Masse_true-termination.c_Iteration1_Loop_2-pieceTemplate.smt2 : 12618 ms.
--------------------------------------------------
unsat
QF_NRA/LassoRanker/SV-COMP/Masse_true-termination.c_Iteration1_Loop_3-pieceTemplate.smt2 : 1697499 ms.
--------------------------------------------------
./solvers/mathsat/run.sh: line 3: 288533 Killed                  ./mathsat ../$1
QF_NRA/LassoRanker/SV-COMP/Masse_true-termination.c_Iteration1_Loop_4-pieceTemplate.smt2 : 1800064 ms.
--------------------------------------------------
sat
QF_NRA/LassoRanker/SV-COMP/min_rf_true-termination.c_Iteration1_Lasso_2-pieceTemplate.smt2 : 7781 ms.
--------------------------------------------------
sat
QF_NRA/LassoRanker/SV-COMP/min_rf_true-termination.c_Iteration1_Lasso_3-pieceTemplate.smt2 : 95651 ms.
--------------------------------------------------
unsat
QF_NRA/LassoRanker/SV-COMP/min_rf_true-termination.c_Iteration1_Lasso_4-lexTemplate.smt2 : 2338 ms.
--------------------------------------------------
sat
QF_NRA/LassoRanker/SV-COMP/min_rf_true-termination.c_Iteration1_Lasso_4-pieceTemplate.smt2 : 191514 ms.
--------------------------------------------------
sat
QF_NRA/LassoRanker/SV-COMP/min_rf_true-termination.c_Iteration1_Loop_2-pieceTemplate.smt2 : 14397 ms.
--------------------------------------------------
sat
QF_NRA/LassoRanker/SV-COMP/min_rf_true-termination.c_Iteration1_Loop_3-pieceTemplate.smt2 : 100262 ms.
--------------------------------------------------
unsat
QF_NRA/LassoRanker/SV-COMP/min_rf_true-termination.c_Iteration1_Loop_4-lexTemplate.smt2 : 4472 ms.
--------------------------------------------------
sat
QF_NRA/LassoRanker/SV-COMP/min_rf_true-termination.c_Iteration1_Loop_4-pieceTemplate.smt2 : 243862 ms.
--------------------------------------------------
unsat
QF_NRA/LassoRanker/SV-COMP/NoriSharma-2013FSE-Fig7_true-termination.c_Iteration1_Loop_3-pieceTemplate.smt2 : 7680 ms.
--------------------------------------------------
sat
QF_NRA/LassoRanker/SV-COMP/NoriSharma-2013FSE-Fig7_true-termination.c_Iteration1_Loop_4-phaseTemplate.smt2 : 248 ms.
--------------------------------------------------
unsat
QF_NRA/LassoRanker/SV-COMP/NoriSharma-2013FSE-Fig7_true-termination.c_Iteration1_Loop_4-pieceTemplate.smt2 : 26823 ms.
--------------------------------------------------
sat
QF_NRA/LassoRanker/SV-COMP/NoriSharma-2013FSE-Fig7_true-termination.c_Iteration1_Loop_5-phaseTemplate.smt2 : 362 ms.
--------------------------------------------------
sat
QF_NRA/LassoRanker/SV-COMP/NoriSharma-2013FSE-Fig7_true-termination.c_Iteration1_Loop_6-phaseTemplate.smt2 : 439 ms.
--------------------------------------------------
sat
QF_NRA/LassoRanker/SV-COMP/NoriSharma-2013FSE-Fig7_true-termination.c_Iteration1_Loop_7-phaseTemplate.smt2 : 665 ms.
--------------------------------------------------
unsat
QF_NRA/LassoRanker/SV-COMP/NoriSharma-2013FSE-Fig8_true-termination.c_Iteration1_Lasso_3-phaseTemplate.smt2 : 1640 ms.
--------------------------------------------------
unsat
QF_NRA/LassoRanker/SV-COMP/NoriSharma-2013FSE-Fig8_true-termination.c_Iteration1_Lasso_3-pieceTemplate.smt2 : 397890 ms.
--------------------------------------------------
unsat
QF_NRA/LassoRanker/SV-COMP/NoriSharma-2013FSE-Fig8_true-termination.c_Iteration1_Lasso_4-phaseTemplate.smt2 : 4864 ms.
--------------------------------------------------
./solvers/mathsat/run.sh: line 3: 289412 Killed                  ./mathsat ../$1
QF_NRA/LassoRanker/SV-COMP/NoriSharma-2013FSE-Fig8_true-termination.c_Iteration1_Lasso_4-pieceTemplate.smt2 : 1801025 ms.
--------------------------------------------------
unsat
QF_NRA/LassoRanker/SV-COMP/NoriSharma-2013FSE-Fig8_true-termination.c_Iteration1_Lasso_5-phaseTemplate.smt2 : 16269 ms.
--------------------------------------------------
unsat
QF_NRA/LassoRanker/SV-COMP/NoriSharma-2013FSE-Fig8_true-termination.c_Iteration1_Lasso_6-phaseTemplate.smt2 : 31577 ms.
--------------------------------------------------
unsat
QF_NRA/LassoRanker/SV-COMP/NoriSharma-2013FSE-Fig8_true-termination.c_Iteration1_Lasso_7-phaseTemplate.smt2 : 185936 ms.
--------------------------------------------------
unsat
QF_NRA/LassoRanker/SV-COMP/NoriSharma-2013FSE-Fig8_true-termination.c_Iteration1_Loop_3-phaseTemplate.smt2 : 1506 ms.
--------------------------------------------------
unsat
QF_NRA/LassoRanker/SV-COMP/NoriSharma-2013FSE-Fig8_true-termination.c_Iteration1_Loop_3-pieceTemplate.smt2 : 92280 ms.
--------------------------------------------------
unsat
QF_NRA/LassoRanker/SV-COMP/NoriSharma-2013FSE-Fig8_true-termination.c_Iteration1_Loop_4-phaseTemplate.smt2 : 3597 ms.
--------------------------------------------------
unsat
QF_NRA/LassoRanker/SV-COMP/NoriSharma-2013FSE-Fig8_true-termination.c_Iteration1_Loop_4-pieceTemplate.smt2 : 557853 ms.
--------------------------------------------------
unsat
QF_NRA/LassoRanker/SV-COMP/NoriSharma-2013FSE-Fig8_true-termination.c_Iteration1_Loop_5-phaseTemplate.smt2 : 19501 ms.
--------------------------------------------------
unsat
QF_NRA/LassoRanker/SV-COMP/NoriSharma-2013FSE-Fig8_true-termination.c_Iteration1_Loop_6-phaseTemplate.smt2 : 117213 ms.
--------------------------------------------------
unsat
QF_NRA/LassoRanker/SV-COMP/NoriSharma-2013FSE-Fig8_true-termination.c_Iteration1_Loop_7-phaseTemplate.smt2 : 281836 ms.
--------------------------------------------------
unsat
QF_NRA/LassoRanker/SV-COMP/PodelskiRybalchenko-2004VMCAI-Ex2_true-termination.c_Iteration1_Lasso_3-pieceTemplate.smt2 : 540 ms.
--------------------------------------------------
unsat
QF_NRA/LassoRanker/SV-COMP/PodelskiRybalchenko-2004VMCAI-Ex2_true-termination.c_Iteration1_Lasso_4-pieceTemplate.smt2 : 3779 ms.
--------------------------------------------------
unsat
QF_NRA/LassoRanker/SV-COMP/PodelskiRybalchenko-2004VMCAI-Ex2_true-termination.c_Iteration1_Loop_3-pieceTemplate.smt2 : 691 ms.
--------------------------------------------------
unsat
QF_NRA/LassoRanker/SV-COMP/PodelskiRybalchenko-2004VMCAI-Ex2_true-termination.c_Iteration1_Loop_4-pieceTemplate.smt2 : 2716 ms.
--------------------------------------------------
sat
QF_NRA/LassoRanker/SV-COMP/TelAviv-Amir-Minimum_true-termination.c_Iteration1_Lasso_2-pieceTemplate.smt2 : 167946 ms.
