--------------------------------------------------
unknown
Invalid escape sequence in 
Generated by: Murphy Berzish, Mitja Kulczynski, Federico Mora, Florin Manea, Joel Day, Dirk Nowotka, Vijay Ganesh, Zhengyang Lu
Generated on: 2020-10-01
Description: Translated from a collection of real-world regex queries, AutomataArk, collected by Loris D’Antoni and Fang Wang: https://github.com/lorisdanto/automatark
Application: Evaluate solvers on real-world regex queries
Target solver: Z3str3RE, CVC4, OSTRICH, Z3seq, Z3str3, Z3-Trau
Publications: Berzish, M., Kulczynski, M., Mora, F., Manea, F., Day, J. D., Nowotka, D., & Ganesh, V. (2021, July). An SMT solver for regular expressions and linear arithmetic over string length. In CAV 2021.

sat
QF_S/20230329-automatark-lu/instance04205.smt2 : 30 ms.
--------------------------------------------------
unknown
Invalid escape sequence in 
Generated by: Murphy Berzish, Mitja Kulczynski, Federico Mora, Florin Manea, Joel Day, Dirk Nowotka, Vijay Ganesh, Zhengyang Lu
Generated on: 2020-10-01
Description: Translated from a collection of real-world regex queries, AutomataArk, collected by Loris D’Antoni and Fang Wang: https://github.com/lorisdanto/automatark
Application: Evaluate solvers on real-world regex queries
Target solver: Z3str3RE, CVC4, OSTRICH, Z3seq, Z3str3, Z3-Trau
Publications: Berzish, M., Kulczynski, M., Mora, F., Manea, F., Day, J. D., Nowotka, D., & Ganesh, V. (2021, July). An SMT solver for regular expressions and linear arithmetic over string length. In CAV 2021.

sat
QF_S/20230329-automatark-lu/instance04206.smt2 : 31 ms.
--------------------------------------------------
unknown
Invalid escape sequence in 
Generated by: Murphy Berzish, Mitja Kulczynski, Federico Mora, Florin Manea, Joel Day, Dirk Nowotka, Vijay Ganesh, Zhengyang Lu
Generated on: 2020-10-01
Description: Translated from a collection of real-world regex queries, AutomataArk, collected by Loris D’Antoni and Fang Wang: https://github.com/lorisdanto/automatark
Application: Evaluate solvers on real-world regex queries
Target solver: Z3str3RE, CVC4, OSTRICH, Z3seq, Z3str3, Z3-Trau
Publications: Berzish, M., Kulczynski, M., Mora, F., Manea, F., Day, J. D., Nowotka, D., & Ganesh, V. (2021, July). An SMT solver for regular expressions and linear arithmetic over string length. In CAV 2021.

sat
QF_S/20230329-automatark-lu/instance04207.smt2 : 43 ms.
--------------------------------------------------
unknown
Invalid escape sequence in 
Generated by: Murphy Berzish, Mitja Kulczynski, Federico Mora, Florin Manea, Joel Day, Dirk Nowotka, Vijay Ganesh, Zhengyang Lu
Generated on: 2020-10-01
Description: Translated from a collection of real-world regex queries, AutomataArk, collected by Loris D’Antoni and Fang Wang: https://github.com/lorisdanto/automatark
Application: Evaluate solvers on real-world regex queries
Target solver: Z3str3RE, CVC4, OSTRICH, Z3seq, Z3str3, Z3-Trau
Publications: Berzish, M., Kulczynski, M., Mora, F., Manea, F., Day, J. D., Nowotka, D., & Ganesh, V. (2021, July). An SMT solver for regular expressions and linear arithmetic over string length. In CAV 2021.

sat
QF_S/20230329-automatark-lu/instance04208.smt2 : 24 ms.
--------------------------------------------------
unknown
Invalid escape sequence in 
Generated by: Murphy Berzish, Mitja Kulczynski, Federico Mora, Florin Manea, Joel Day, Dirk Nowotka, Vijay Ganesh, Zhengyang Lu
Generated on: 2020-10-01
Description: Translated from a collection of real-world regex queries, AutomataArk, collected by Loris D’Antoni and Fang Wang: https://github.com/lorisdanto/automatark
Application: Evaluate solvers on real-world regex queries
Target solver: Z3str3RE, CVC4, OSTRICH, Z3seq, Z3str3, Z3-Trau
Publications: Berzish, M., Kulczynski, M., Mora, F., Manea, F., Day, J. D., Nowotka, D., & Ganesh, V. (2021, July). An SMT solver for regular expressions and linear arithmetic over string length. In CAV 2021.

sat
QF_S/20230329-automatark-lu/instance04209.smt2 : 171 ms.
--------------------------------------------------
unknown
Invalid escape sequence in 
Generated by: Murphy Berzish, Mitja Kulczynski, Federico Mora, Florin Manea, Joel Day, Dirk Nowotka, Vijay Ganesh, Zhengyang Lu
Generated on: 2020-10-01
Description: Translated from a collection of real-world regex queries, AutomataArk, collected by Loris D’Antoni and Fang Wang: https://github.com/lorisdanto/automatark
Application: Evaluate solvers on real-world regex queries
Target solver: Z3str3RE, CVC4, OSTRICH, Z3seq, Z3str3, Z3-Trau
Publications: Berzish, M., Kulczynski, M., Mora, F., Manea, F., Day, J. D., Nowotka, D., & Ganesh, V. (2021, July). An SMT solver for regular expressions and linear arithmetic over string length. In CAV 2021.

sat
QF_S/20230329-automatark-lu/instance04210.smt2 : 68 ms.
--------------------------------------------------
unknown
Invalid escape sequence in 
Generated by: Murphy Berzish, Mitja Kulczynski, Federico Mora, Florin Manea, Joel Day, Dirk Nowotka, Vijay Ganesh, Zhengyang Lu
Generated on: 2020-10-01
Description: Translated from a collection of real-world regex queries, AutomataArk, collected by Loris D’Antoni and Fang Wang: https://github.com/lorisdanto/automatark
Application: Evaluate solvers on real-world regex queries
Target solver: Z3str3RE, CVC4, OSTRICH, Z3seq, Z3str3, Z3-Trau
Publications: Berzish, M., Kulczynski, M., Mora, F., Manea, F., Day, J. D., Nowotka, D., & Ganesh, V. (2021, July). An SMT solver for regular expressions and linear arithmetic over string length. In CAV 2021.

sat
QF_S/20230329-automatark-lu/instance04211.smt2 : 132 ms.
--------------------------------------------------
unknown
Invalid escape sequence in 
Generated by: Murphy Berzish, Mitja Kulczynski, Federico Mora, Florin Manea, Joel Day, Dirk Nowotka, Vijay Ganesh, Zhengyang Lu
Generated on: 2020-10-01
Description: Translated from a collection of real-world regex queries, AutomataArk, collected by Loris D’Antoni and Fang Wang: https://github.com/lorisdanto/automatark
Application: Evaluate solvers on real-world regex queries
Target solver: Z3str3RE, CVC4, OSTRICH, Z3seq, Z3str3, Z3-Trau
Publications: Berzish, M., Kulczynski, M., Mora, F., Manea, F., Day, J. D., Nowotka, D., & Ganesh, V. (2021, July). An SMT solver for regular expressions and linear arithmetic over string length. In CAV 2021.

sat
QF_S/20230329-automatark-lu/instance04212.smt2 : 37 ms.
--------------------------------------------------
unknown
Invalid escape sequence in 
Generated by: Murphy Berzish, Mitja Kulczynski, Federico Mora, Florin Manea, Joel Day, Dirk Nowotka, Vijay Ganesh, Zhengyang Lu
Generated on: 2020-10-01
Description: Translated from a collection of real-world regex queries, AutomataArk, collected by Loris D’Antoni and Fang Wang: https://github.com/lorisdanto/automatark
Application: Evaluate solvers on real-world regex queries
Target solver: Z3str3RE, CVC4, OSTRICH, Z3seq, Z3str3, Z3-Trau
Publications: Berzish, M., Kulczynski, M., Mora, F., Manea, F., Day, J. D., Nowotka, D., & Ganesh, V. (2021, July). An SMT solver for regular expressions and linear arithmetic over string length. In CAV 2021.

sat
QF_S/20230329-automatark-lu/instance04213.smt2 : 17 ms.
--------------------------------------------------
unknown
Invalid escape sequence in 
Generated by: Murphy Berzish, Mitja Kulczynski, Federico Mora, Florin Manea, Joel Day, Dirk Nowotka, Vijay Ganesh, Zhengyang Lu
Generated on: 2020-10-01
Description: Translated from a collection of real-world regex queries, AutomataArk, collected by Loris D’Antoni and Fang Wang: https://github.com/lorisdanto/automatark
Application: Evaluate solvers on real-world regex queries
Target solver: Z3str3RE, CVC4, OSTRICH, Z3seq, Z3str3, Z3-Trau
Publications: Berzish, M., Kulczynski, M., Mora, F., Manea, F., Day, J. D., Nowotka, D., & Ganesh, V. (2021, July). An SMT solver for regular expressions and linear arithmetic over string length. In CAV 2021.

sat
QF_S/20230329-automatark-lu/instance04214.smt2 : 117 ms.
--------------------------------------------------
unknown
Invalid escape sequence in 
Generated by: Murphy Berzish, Mitja Kulczynski, Federico Mora, Florin Manea, Joel Day, Dirk Nowotka, Vijay Ganesh, Zhengyang Lu
Generated on: 2020-10-01
Description: Translated from a collection of real-world regex queries, AutomataArk, collected by Loris D’Antoni and Fang Wang: https://github.com/lorisdanto/automatark
Application: Evaluate solvers on real-world regex queries
Target solver: Z3str3RE, CVC4, OSTRICH, Z3seq, Z3str3, Z3-Trau
Publications: Berzish, M., Kulczynski, M., Mora, F., Manea, F., Day, J. D., Nowotka, D., & Ganesh, V. (2021, July). An SMT solver for regular expressions and linear arithmetic over string length. In CAV 2021.

sat
QF_S/20230329-automatark-lu/instance04215.smt2 : 207 ms.
--------------------------------------------------
unknown
Invalid escape sequence in 
Generated by: Murphy Berzish, Mitja Kulczynski, Federico Mora, Florin Manea, Joel Day, Dirk Nowotka, Vijay Ganesh, Zhengyang Lu
Generated on: 2020-10-01
Description: Translated from a collection of real-world regex queries, AutomataArk, collected by Loris D’Antoni and Fang Wang: https://github.com/lorisdanto/automatark
Application: Evaluate solvers on real-world regex queries
Target solver: Z3str3RE, CVC4, OSTRICH, Z3seq, Z3str3, Z3-Trau
Publications: Berzish, M., Kulczynski, M., Mora, F., Manea, F., Day, J. D., Nowotka, D., & Ganesh, V. (2021, July). An SMT solver for regular expressions and linear arithmetic over string length. In CAV 2021.

sat
QF_S/20230329-automatark-lu/instance04216.smt2 : 21 ms.
--------------------------------------------------
unknown
Invalid escape sequence in 
Generated by: Murphy Berzish, Mitja Kulczynski, Federico Mora, Florin Manea, Joel Day, Dirk Nowotka, Vijay Ganesh, Zhengyang Lu
Generated on: 2020-10-01
Description: Translated from a collection of real-world regex queries, AutomataArk, collected by Loris D’Antoni and Fang Wang: https://github.com/lorisdanto/automatark
Application: Evaluate solvers on real-world regex queries
Target solver: Z3str3RE, CVC4, OSTRICH, Z3seq, Z3str3, Z3-Trau
Publications: Berzish, M., Kulczynski, M., Mora, F., Manea, F., Day, J. D., Nowotka, D., & Ganesh, V. (2021, July). An SMT solver for regular expressions and linear arithmetic over string length. In CAV 2021.

sat
QF_S/20230329-automatark-lu/instance04217.smt2 : 31 ms.
--------------------------------------------------
unknown
Invalid escape sequence in 
Generated by: Murphy Berzish, Mitja Kulczynski, Federico Mora, Florin Manea, Joel Day, Dirk Nowotka, Vijay Ganesh, Zhengyang Lu
Generated on: 2020-10-01
Description: Translated from a collection of real-world regex queries, AutomataArk, collected by Loris D’Antoni and Fang Wang: https://github.com/lorisdanto/automatark
Application: Evaluate solvers on real-world regex queries
Target solver: Z3str3RE, CVC4, OSTRICH, Z3seq, Z3str3, Z3-Trau
Publications: Berzish, M., Kulczynski, M., Mora, F., Manea, F., Day, J. D., Nowotka, D., & Ganesh, V. (2021, July). An SMT solver for regular expressions and linear arithmetic over string length. In CAV 2021.

sat
QF_S/20230329-automatark-lu/instance04218.smt2 : 30 ms.
--------------------------------------------------
unknown
Invalid escape sequence in 
Generated by: Murphy Berzish, Mitja Kulczynski, Federico Mora, Florin Manea, Joel Day, Dirk Nowotka, Vijay Ganesh, Zhengyang Lu
Generated on: 2020-10-01
Description: Translated from a collection of real-world regex queries, AutomataArk, collected by Loris D’Antoni and Fang Wang: https://github.com/lorisdanto/automatark
Application: Evaluate solvers on real-world regex queries
Target solver: Z3str3RE, CVC4, OSTRICH, Z3seq, Z3str3, Z3-Trau
Publications: Berzish, M., Kulczynski, M., Mora, F., Manea, F., Day, J. D., Nowotka, D., & Ganesh, V. (2021, July). An SMT solver for regular expressions and linear arithmetic over string length. In CAV 2021.

sat
QF_S/20230329-automatark-lu/instance04219.smt2 : 316 ms.
--------------------------------------------------
unknown
Invalid escape sequence in 
Generated by: Murphy Berzish, Mitja Kulczynski, Federico Mora, Florin Manea, Joel Day, Dirk Nowotka, Vijay Ganesh, Zhengyang Lu
Generated on: 2020-10-01
Description: Translated from a collection of real-world regex queries, AutomataArk, collected by Loris D’Antoni and Fang Wang: https://github.com/lorisdanto/automatark
Application: Evaluate solvers on real-world regex queries
Target solver: Z3str3RE, CVC4, OSTRICH, Z3seq, Z3str3, Z3-Trau
Publications: Berzish, M., Kulczynski, M., Mora, F., Manea, F., Day, J. D., Nowotka, D., & Ganesh, V. (2021, July). An SMT solver for regular expressions and linear arithmetic over string length. In CAV 2021.

sat
QF_S/20230329-automatark-lu/instance04220.smt2 : 64 ms.
--------------------------------------------------
unknown
Invalid escape sequence in 
Generated by: Murphy Berzish, Mitja Kulczynski, Federico Mora, Florin Manea, Joel Day, Dirk Nowotka, Vijay Ganesh, Zhengyang Lu
Generated on: 2020-10-01
Description: Translated from a collection of real-world regex queries, AutomataArk, collected by Loris D’Antoni and Fang Wang: https://github.com/lorisdanto/automatark
Application: Evaluate solvers on real-world regex queries
Target solver: Z3str3RE, CVC4, OSTRICH, Z3seq, Z3str3, Z3-Trau
Publications: Berzish, M., Kulczynski, M., Mora, F., Manea, F., Day, J. D., Nowotka, D., & Ganesh, V. (2021, July). An SMT solver for regular expressions and linear arithmetic over string length. In CAV 2021.

sat
QF_S/20230329-automatark-lu/instance04221.smt2 : 38 ms.
--------------------------------------------------
unknown
Invalid escape sequence in 
Generated by: Murphy Berzish, Mitja Kulczynski, Federico Mora, Florin Manea, Joel Day, Dirk Nowotka, Vijay Ganesh, Zhengyang Lu
Generated on: 2020-10-01
Description: Translated from a collection of real-world regex queries, AutomataArk, collected by Loris D’Antoni and Fang Wang: https://github.com/lorisdanto/automatark
Application: Evaluate solvers on real-world regex queries
Target solver: Z3str3RE, CVC4, OSTRICH, Z3seq, Z3str3, Z3-Trau
Publications: Berzish, M., Kulczynski, M., Mora, F., Manea, F., Day, J. D., Nowotka, D., & Ganesh, V. (2021, July). An SMT solver for regular expressions and linear arithmetic over string length. In CAV 2021.

sat
QF_S/20230329-automatark-lu/instance04222.smt2 : 30 ms.
--------------------------------------------------
unknown
Invalid escape sequence in 
Generated by: Murphy Berzish, Mitja Kulczynski, Federico Mora, Florin Manea, Joel Day, Dirk Nowotka, Vijay Ganesh, Zhengyang Lu
Generated on: 2020-10-01
Description: Translated from a collection of real-world regex queries, AutomataArk, collected by Loris D’Antoni and Fang Wang: https://github.com/lorisdanto/automatark
Application: Evaluate solvers on real-world regex queries
Target solver: Z3str3RE, CVC4, OSTRICH, Z3seq, Z3str3, Z3-Trau
Publications: Berzish, M., Kulczynski, M., Mora, F., Manea, F., Day, J. D., Nowotka, D., & Ganesh, V. (2021, July). An SMT solver for regular expressions and linear arithmetic over string length. In CAV 2021.

sat
QF_S/20230329-automatark-lu/instance04223.smt2 : 31 ms.
--------------------------------------------------
unknown
Invalid escape sequence in 
Generated by: Murphy Berzish, Mitja Kulczynski, Federico Mora, Florin Manea, Joel Day, Dirk Nowotka, Vijay Ganesh, Zhengyang Lu
Generated on: 2020-10-01
Description: Translated from a collection of real-world regex queries, AutomataArk, collected by Loris D’Antoni and Fang Wang: https://github.com/lorisdanto/automatark
Application: Evaluate solvers on real-world regex queries
Target solver: Z3str3RE, CVC4, OSTRICH, Z3seq, Z3str3, Z3-Trau
Publications: Berzish, M., Kulczynski, M., Mora, F., Manea, F., Day, J. D., Nowotka, D., & Ganesh, V. (2021, July). An SMT solver for regular expressions and linear arithmetic over string length. In CAV 2021.

sat
QF_S/20230329-automatark-lu/instance04224.smt2 : 26 ms.
--------------------------------------------------
unknown
Invalid escape sequence in 
Generated by: Murphy Berzish, Mitja Kulczynski, Federico Mora, Florin Manea, Joel Day, Dirk Nowotka, Vijay Ganesh, Zhengyang Lu
Generated on: 2020-10-01
Description: Translated from a collection of real-world regex queries, AutomataArk, collected by Loris D’Antoni and Fang Wang: https://github.com/lorisdanto/automatark
Application: Evaluate solvers on real-world regex queries
Target solver: Z3str3RE, CVC4, OSTRICH, Z3seq, Z3str3, Z3-Trau
Publications: Berzish, M., Kulczynski, M., Mora, F., Manea, F., Day, J. D., Nowotka, D., & Ganesh, V. (2021, July). An SMT solver for regular expressions and linear arithmetic over string length. In CAV 2021.

sat
QF_S/20230329-automatark-lu/instance04225.smt2 : 24 ms.
--------------------------------------------------
unknown
Invalid escape sequence in 
Generated by: Murphy Berzish, Mitja Kulczynski, Federico Mora, Florin Manea, Joel Day, Dirk Nowotka, Vijay Ganesh, Zhengyang Lu
Generated on: 2020-10-01
Description: Translated from a collection of real-world regex queries, AutomataArk, collected by Loris D’Antoni and Fang Wang: https://github.com/lorisdanto/automatark
Application: Evaluate solvers on real-world regex queries
Target solver: Z3str3RE, CVC4, OSTRICH, Z3seq, Z3str3, Z3-Trau
Publications: Berzish, M., Kulczynski, M., Mora, F., Manea, F., Day, J. D., Nowotka, D., & Ganesh, V. (2021, July). An SMT solver for regular expressions and linear arithmetic over string length. In CAV 2021.

sat
QF_S/20230329-automatark-lu/instance04226.smt2 : 66 ms.
--------------------------------------------------
unknown
Invalid escape sequence in 
Generated by: Murphy Berzish, Mitja Kulczynski, Federico Mora, Florin Manea, Joel Day, Dirk Nowotka, Vijay Ganesh, Zhengyang Lu
Generated on: 2020-10-01
Description: Translated from a collection of real-world regex queries, AutomataArk, collected by Loris D’Antoni and Fang Wang: https://github.com/lorisdanto/automatark
Application: Evaluate solvers on real-world regex queries
Target solver: Z3str3RE, CVC4, OSTRICH, Z3seq, Z3str3, Z3-Trau
Publications: Berzish, M., Kulczynski, M., Mora, F., Manea, F., Day, J. D., Nowotka, D., & Ganesh, V. (2021, July). An SMT solver for regular expressions and linear arithmetic over string length. In CAV 2021.

sat
QF_S/20230329-automatark-lu/instance04227.smt2 : 37 ms.
--------------------------------------------------
unknown
Invalid escape sequence in 
Generated by: Murphy Berzish, Mitja Kulczynski, Federico Mora, Florin Manea, Joel Day, Dirk Nowotka, Vijay Ganesh, Zhengyang Lu
Generated on: 2020-10-01
Description: Translated from a collection of real-world regex queries, AutomataArk, collected by Loris D’Antoni and Fang Wang: https://github.com/lorisdanto/automatark
Application: Evaluate solvers on real-world regex queries
Target solver: Z3str3RE, CVC4, OSTRICH, Z3seq, Z3str3, Z3-Trau
Publications: Berzish, M., Kulczynski, M., Mora, F., Manea, F., Day, J. D., Nowotka, D., & Ganesh, V. (2021, July). An SMT solver for regular expressions and linear arithmetic over string length. In CAV 2021.

sat
QF_S/20230329-automatark-lu/instance04228.smt2 : 185 ms.
--------------------------------------------------
unknown
Invalid escape sequence in 
Generated by: Murphy Berzish, Mitja Kulczynski, Federico Mora, Florin Manea, Joel Day, Dirk Nowotka, Vijay Ganesh, Zhengyang Lu
Generated on: 2020-10-01
Description: Translated from a collection of real-world regex queries, AutomataArk, collected by Loris D’Antoni and Fang Wang: https://github.com/lorisdanto/automatark
Application: Evaluate solvers on real-world regex queries
Target solver: Z3str3RE, CVC4, OSTRICH, Z3seq, Z3str3, Z3-Trau
Publications: Berzish, M., Kulczynski, M., Mora, F., Manea, F., Day, J. D., Nowotka, D., & Ganesh, V. (2021, July). An SMT solver for regular expressions and linear arithmetic over string length. In CAV 2021.

sat
QF_S/20230329-automatark-lu/instance04229.smt2 : 27 ms.
--------------------------------------------------
unknown
Invalid escape sequence in 
Generated by: Murphy Berzish, Mitja Kulczynski, Federico Mora, Florin Manea, Joel Day, Dirk Nowotka, Vijay Ganesh, Zhengyang Lu
Generated on: 2020-10-01
Description: Translated from a collection of real-world regex queries, AutomataArk, collected by Loris D’Antoni and Fang Wang: https://github.com/lorisdanto/automatark
Application: Evaluate solvers on real-world regex queries
Target solver: Z3str3RE, CVC4, OSTRICH, Z3seq, Z3str3, Z3-Trau
Publications: Berzish, M., Kulczynski, M., Mora, F., Manea, F., Day, J. D., Nowotka, D., & Ganesh, V. (2021, July). An SMT solver for regular expressions and linear arithmetic over string length. In CAV 2021.

sat
QF_S/20230329-automatark-lu/instance04230.smt2 : 30 ms.
--------------------------------------------------
unknown
Invalid escape sequence in 
Generated by: Murphy Berzish, Mitja Kulczynski, Federico Mora, Florin Manea, Joel Day, Dirk Nowotka, Vijay Ganesh, Zhengyang Lu
Generated on: 2020-10-01
Description: Translated from a collection of real-world regex queries, AutomataArk, collected by Loris D’Antoni and Fang Wang: https://github.com/lorisdanto/automatark
Application: Evaluate solvers on real-world regex queries
Target solver: Z3str3RE, CVC4, OSTRICH, Z3seq, Z3str3, Z3-Trau
Publications: Berzish, M., Kulczynski, M., Mora, F., Manea, F., Day, J. D., Nowotka, D., & Ganesh, V. (2021, July). An SMT solver for regular expressions and linear arithmetic over string length. In CAV 2021.

sat
QF_S/20230329-automatark-lu/instance04231.smt2 : 333 ms.
--------------------------------------------------
unknown
Invalid escape sequence in 
Generated by: Murphy Berzish, Mitja Kulczynski, Federico Mora, Florin Manea, Joel Day, Dirk Nowotka, Vijay Ganesh, Zhengyang Lu
Generated on: 2020-10-01
Description: Translated from a collection of real-world regex queries, AutomataArk, collected by Loris D’Antoni and Fang Wang: https://github.com/lorisdanto/automatark
Application: Evaluate solvers on real-world regex queries
Target solver: Z3str3RE, CVC4, OSTRICH, Z3seq, Z3str3, Z3-Trau
Publications: Berzish, M., Kulczynski, M., Mora, F., Manea, F., Day, J. D., Nowotka, D., & Ganesh, V. (2021, July). An SMT solver for regular expressions and linear arithmetic over string length. In CAV 2021.

sat
QF_S/20230329-automatark-lu/instance04232.smt2 : 107 ms.
--------------------------------------------------
unknown
Invalid escape sequence in 
Generated by: Murphy Berzish, Mitja Kulczynski, Federico Mora, Florin Manea, Joel Day, Dirk Nowotka, Vijay Ganesh, Zhengyang Lu
Generated on: 2020-10-01
Description: Translated from a collection of real-world regex queries, AutomataArk, collected by Loris D’Antoni and Fang Wang: https://github.com/lorisdanto/automatark
Application: Evaluate solvers on real-world regex queries
Target solver: Z3str3RE, CVC4, OSTRICH, Z3seq, Z3str3, Z3-Trau
Publications: Berzish, M., Kulczynski, M., Mora, F., Manea, F., Day, J. D., Nowotka, D., & Ganesh, V. (2021, July). An SMT solver for regular expressions and linear arithmetic over string length. In CAV 2021.

sat
QF_S/20230329-automatark-lu/instance04233.smt2 : 28 ms.
--------------------------------------------------
unknown
Invalid escape sequence in 
Generated by: Murphy Berzish, Mitja Kulczynski, Federico Mora, Florin Manea, Joel Day, Dirk Nowotka, Vijay Ganesh, Zhengyang Lu
Generated on: 2020-10-01
Description: Translated from a collection of real-world regex queries, AutomataArk, collected by Loris D’Antoni and Fang Wang: https://github.com/lorisdanto/automatark
Application: Evaluate solvers on real-world regex queries
Target solver: Z3str3RE, CVC4, OSTRICH, Z3seq, Z3str3, Z3-Trau
Publications: Berzish, M., Kulczynski, M., Mora, F., Manea, F., Day, J. D., Nowotka, D., & Ganesh, V. (2021, July). An SMT solver for regular expressions and linear arithmetic over string length. In CAV 2021.

sat
QF_S/20230329-automatark-lu/instance04234.smt2 : 37 ms.
--------------------------------------------------
unknown
Invalid escape sequence in 
Generated by: Murphy Berzish, Mitja Kulczynski, Federico Mora, Florin Manea, Joel Day, Dirk Nowotka, Vijay Ganesh, Zhengyang Lu
Generated on: 2020-10-01
Description: Translated from a collection of real-world regex queries, AutomataArk, collected by Loris D’Antoni and Fang Wang: https://github.com/lorisdanto/automatark
Application: Evaluate solvers on real-world regex queries
Target solver: Z3str3RE, CVC4, OSTRICH, Z3seq, Z3str3, Z3-Trau
Publications: Berzish, M., Kulczynski, M., Mora, F., Manea, F., Day, J. D., Nowotka, D., & Ganesh, V. (2021, July). An SMT solver for regular expressions and linear arithmetic over string length. In CAV 2021.

sat
QF_S/20230329-automatark-lu/instance04235.smt2 : 33 ms.
--------------------------------------------------
