--------------------------------------------------
unknown
Invalid escape sequence in 
Generated by: Murphy Berzish, Mitja Kulczynski, Federico Mora, Florin Manea, Joel Day, Dirk Nowotka, Vijay Ganesh, Zhengyang Lu
Generated on: 2020-10-01
Description: Translated from a collection of real-world regex queries, AutomataArk, collected by Loris D’Antoni and Fang Wang: https://github.com/lorisdanto/automatark
Application: Evaluate solvers on real-world regex queries
Target solver: Z3str3RE, CVC4, OSTRICH, Z3seq, Z3str3, Z3-Trau
Publications: Berzish, M., Kulczynski, M., Mora, F., Manea, F., Day, J. D., Nowotka, D., & Ganesh, V. (2021, July). An SMT solver for regular expressions and linear arithmetic over string length. In CAV 2021.

unsat
QF_S/20230329-automatark-lu/instance09511.smt2 : 75 ms.
--------------------------------------------------
unknown
Invalid escape sequence in 
Generated by: Murphy Berzish, Mitja Kulczynski, Federico Mora, Florin Manea, Joel Day, Dirk Nowotka, Vijay Ganesh, Zhengyang Lu
Generated on: 2020-10-01
Description: Translated from a collection of real-world regex queries, AutomataArk, collected by Loris D’Antoni and Fang Wang: https://github.com/lorisdanto/automatark
Application: Evaluate solvers on real-world regex queries
Target solver: Z3str3RE, CVC4, OSTRICH, Z3seq, Z3str3, Z3-Trau
Publications: Berzish, M., Kulczynski, M., Mora, F., Manea, F., Day, J. D., Nowotka, D., & Ganesh, V. (2021, July). An SMT solver for regular expressions and linear arithmetic over string length. In CAV 2021.

unsat
QF_S/20230329-automatark-lu/instance09512.smt2 : 114 ms.
--------------------------------------------------
unknown
Invalid escape sequence in 
Generated by: Murphy Berzish, Mitja Kulczynski, Federico Mora, Florin Manea, Joel Day, Dirk Nowotka, Vijay Ganesh, Zhengyang Lu
Generated on: 2020-10-01
Description: Translated from a collection of real-world regex queries, AutomataArk, collected by Loris D’Antoni and Fang Wang: https://github.com/lorisdanto/automatark
Application: Evaluate solvers on real-world regex queries
Target solver: Z3str3RE, CVC4, OSTRICH, Z3seq, Z3str3, Z3-Trau
Publications: Berzish, M., Kulczynski, M., Mora, F., Manea, F., Day, J. D., Nowotka, D., & Ganesh, V. (2021, July). An SMT solver for regular expressions and linear arithmetic over string length. In CAV 2021.

unsat
QF_S/20230329-automatark-lu/instance09513.smt2 : 476 ms.
--------------------------------------------------
unknown
Invalid escape sequence in 
Generated by: Murphy Berzish, Mitja Kulczynski, Federico Mora, Florin Manea, Joel Day, Dirk Nowotka, Vijay Ganesh, Zhengyang Lu
Generated on: 2020-10-01
Description: Translated from a collection of real-world regex queries, AutomataArk, collected by Loris D’Antoni and Fang Wang: https://github.com/lorisdanto/automatark
Application: Evaluate solvers on real-world regex queries
Target solver: Z3str3RE, CVC4, OSTRICH, Z3seq, Z3str3, Z3-Trau
Publications: Berzish, M., Kulczynski, M., Mora, F., Manea, F., Day, J. D., Nowotka, D., & Ganesh, V. (2021, July). An SMT solver for regular expressions and linear arithmetic over string length. In CAV 2021.

unsat
QF_S/20230329-automatark-lu/instance09514.smt2 : 20 ms.
--------------------------------------------------
unknown
Invalid escape sequence in 
Generated by: Murphy Berzish, Mitja Kulczynski, Federico Mora, Florin Manea, Joel Day, Dirk Nowotka, Vijay Ganesh, Zhengyang Lu
Generated on: 2020-10-01
Description: Translated from a collection of real-world regex queries, AutomataArk, collected by Loris D’Antoni and Fang Wang: https://github.com/lorisdanto/automatark
Application: Evaluate solvers on real-world regex queries
Target solver: Z3str3RE, CVC4, OSTRICH, Z3seq, Z3str3, Z3-Trau
Publications: Berzish, M., Kulczynski, M., Mora, F., Manea, F., Day, J. D., Nowotka, D., & Ganesh, V. (2021, July). An SMT solver for regular expressions and linear arithmetic over string length. In CAV 2021.

unsat
QF_S/20230329-automatark-lu/instance09515.smt2 : 49 ms.
--------------------------------------------------
unknown
Invalid escape sequence in 
Generated by: Murphy Berzish, Mitja Kulczynski, Federico Mora, Florin Manea, Joel Day, Dirk Nowotka, Vijay Ganesh, Zhengyang Lu
Generated on: 2020-10-01
Description: Translated from a collection of real-world regex queries, AutomataArk, collected by Loris D’Antoni and Fang Wang: https://github.com/lorisdanto/automatark
Application: Evaluate solvers on real-world regex queries
Target solver: Z3str3RE, CVC4, OSTRICH, Z3seq, Z3str3, Z3-Trau
Publications: Berzish, M., Kulczynski, M., Mora, F., Manea, F., Day, J. D., Nowotka, D., & Ganesh, V. (2021, July). An SMT solver for regular expressions and linear arithmetic over string length. In CAV 2021.

sat
QF_S/20230329-automatark-lu/instance09516.smt2 : 42 ms.
--------------------------------------------------
unknown
Invalid escape sequence in 
Generated by: Murphy Berzish, Mitja Kulczynski, Federico Mora, Florin Manea, Joel Day, Dirk Nowotka, Vijay Ganesh, Zhengyang Lu
Generated on: 2020-10-01
Description: Translated from a collection of real-world regex queries, AutomataArk, collected by Loris D’Antoni and Fang Wang: https://github.com/lorisdanto/automatark
Application: Evaluate solvers on real-world regex queries
Target solver: Z3str3RE, CVC4, OSTRICH, Z3seq, Z3str3, Z3-Trau
Publications: Berzish, M., Kulczynski, M., Mora, F., Manea, F., Day, J. D., Nowotka, D., & Ganesh, V. (2021, July). An SMT solver for regular expressions and linear arithmetic over string length. In CAV 2021.

unsat
QF_S/20230329-automatark-lu/instance09517.smt2 : 43 ms.
--------------------------------------------------
unknown
Invalid escape sequence in 
Generated by: Murphy Berzish, Mitja Kulczynski, Federico Mora, Florin Manea, Joel Day, Dirk Nowotka, Vijay Ganesh, Zhengyang Lu
Generated on: 2020-10-01
Description: Translated from a collection of real-world regex queries, AutomataArk, collected by Loris D’Antoni and Fang Wang: https://github.com/lorisdanto/automatark
Application: Evaluate solvers on real-world regex queries
Target solver: Z3str3RE, CVC4, OSTRICH, Z3seq, Z3str3, Z3-Trau
Publications: Berzish, M., Kulczynski, M., Mora, F., Manea, F., Day, J. D., Nowotka, D., & Ganesh, V. (2021, July). An SMT solver for regular expressions and linear arithmetic over string length. In CAV 2021.

sat
QF_S/20230329-automatark-lu/instance09518.smt2 : 34 ms.
--------------------------------------------------
unknown
Invalid escape sequence in 
Generated by: Murphy Berzish, Mitja Kulczynski, Federico Mora, Florin Manea, Joel Day, Dirk Nowotka, Vijay Ganesh, Zhengyang Lu
Generated on: 2020-10-01
Description: Translated from a collection of real-world regex queries, AutomataArk, collected by Loris D’Antoni and Fang Wang: https://github.com/lorisdanto/automatark
Application: Evaluate solvers on real-world regex queries
Target solver: Z3str3RE, CVC4, OSTRICH, Z3seq, Z3str3, Z3-Trau
Publications: Berzish, M., Kulczynski, M., Mora, F., Manea, F., Day, J. D., Nowotka, D., & Ganesh, V. (2021, July). An SMT solver for regular expressions and linear arithmetic over string length. In CAV 2021.

sat
QF_S/20230329-automatark-lu/instance09519.smt2 : 32 ms.
--------------------------------------------------
unknown
Invalid escape sequence in 
Generated by: Murphy Berzish, Mitja Kulczynski, Federico Mora, Florin Manea, Joel Day, Dirk Nowotka, Vijay Ganesh, Zhengyang Lu
Generated on: 2020-10-01
Description: Translated from a collection of real-world regex queries, AutomataArk, collected by Loris D’Antoni and Fang Wang: https://github.com/lorisdanto/automatark
Application: Evaluate solvers on real-world regex queries
Target solver: Z3str3RE, CVC4, OSTRICH, Z3seq, Z3str3, Z3-Trau
Publications: Berzish, M., Kulczynski, M., Mora, F., Manea, F., Day, J. D., Nowotka, D., & Ganesh, V. (2021, July). An SMT solver for regular expressions and linear arithmetic over string length. In CAV 2021.

unsat
QF_S/20230329-automatark-lu/instance09520.smt2 : 53 ms.
--------------------------------------------------
unknown
Invalid escape sequence in 
Generated by: Murphy Berzish, Mitja Kulczynski, Federico Mora, Florin Manea, Joel Day, Dirk Nowotka, Vijay Ganesh, Zhengyang Lu
Generated on: 2020-10-01
Description: Translated from a collection of real-world regex queries, AutomataArk, collected by Loris D’Antoni and Fang Wang: https://github.com/lorisdanto/automatark
Application: Evaluate solvers on real-world regex queries
Target solver: Z3str3RE, CVC4, OSTRICH, Z3seq, Z3str3, Z3-Trau
Publications: Berzish, M., Kulczynski, M., Mora, F., Manea, F., Day, J. D., Nowotka, D., & Ganesh, V. (2021, July). An SMT solver for regular expressions and linear arithmetic over string length. In CAV 2021.

unsat
QF_S/20230329-automatark-lu/instance09521.smt2 : 42 ms.
--------------------------------------------------
unknown
Invalid escape sequence in 
Generated by: Murphy Berzish, Mitja Kulczynski, Federico Mora, Florin Manea, Joel Day, Dirk Nowotka, Vijay Ganesh, Zhengyang Lu
Generated on: 2020-10-01
Description: Translated from a collection of real-world regex queries, AutomataArk, collected by Loris D’Antoni and Fang Wang: https://github.com/lorisdanto/automatark
Application: Evaluate solvers on real-world regex queries
Target solver: Z3str3RE, CVC4, OSTRICH, Z3seq, Z3str3, Z3-Trau
Publications: Berzish, M., Kulczynski, M., Mora, F., Manea, F., Day, J. D., Nowotka, D., & Ganesh, V. (2021, July). An SMT solver for regular expressions and linear arithmetic over string length. In CAV 2021.

sat
QF_S/20230329-automatark-lu/instance09522.smt2 : 3993 ms.
--------------------------------------------------
unknown
Invalid escape sequence in 
Generated by: Murphy Berzish, Mitja Kulczynski, Federico Mora, Florin Manea, Joel Day, Dirk Nowotka, Vijay Ganesh, Zhengyang Lu
Generated on: 2020-10-01
Description: Translated from a collection of real-world regex queries, AutomataArk, collected by Loris D’Antoni and Fang Wang: https://github.com/lorisdanto/automatark
Application: Evaluate solvers on real-world regex queries
Target solver: Z3str3RE, CVC4, OSTRICH, Z3seq, Z3str3, Z3-Trau
Publications: Berzish, M., Kulczynski, M., Mora, F., Manea, F., Day, J. D., Nowotka, D., & Ganesh, V. (2021, July). An SMT solver for regular expressions and linear arithmetic over string length. In CAV 2021.

sat
QF_S/20230329-automatark-lu/instance09523.smt2 : 125 ms.
--------------------------------------------------
unknown
Invalid escape sequence in 
Generated by: Murphy Berzish, Mitja Kulczynski, Federico Mora, Florin Manea, Joel Day, Dirk Nowotka, Vijay Ganesh, Zhengyang Lu
Generated on: 2020-10-01
Description: Translated from a collection of real-world regex queries, AutomataArk, collected by Loris D’Antoni and Fang Wang: https://github.com/lorisdanto/automatark
Application: Evaluate solvers on real-world regex queries
Target solver: Z3str3RE, CVC4, OSTRICH, Z3seq, Z3str3, Z3-Trau
Publications: Berzish, M., Kulczynski, M., Mora, F., Manea, F., Day, J. D., Nowotka, D., & Ganesh, V. (2021, July). An SMT solver for regular expressions and linear arithmetic over string length. In CAV 2021.

unsat
QF_S/20230329-automatark-lu/instance09524.smt2 : 26 ms.
--------------------------------------------------
