--------------------------------------------------
unknown
Invalid escape sequence in 
Generated by: Murphy Berzish, Mitja Kulczynski, Federico Mora, Florin Manea, Joel Day, Dirk Nowotka, Vijay Ganesh, Zhengyang Lu
Generated on: 2020-10-01
Description: Translated from a collection of real-world regex queries, AutomataArk, collected by Loris D’Antoni and Fang Wang: https://github.com/lorisdanto/automatark
Application: Evaluate solvers on real-world regex queries
Target solver: Z3str3RE, CVC4, OSTRICH, Z3seq, Z3str3, Z3-Trau
Publications: Berzish, M., Kulczynski, M., Mora, F., Manea, F., Day, J. D., Nowotka, D., & Ganesh, V. (2021, July). An SMT solver for regular expressions and linear arithmetic over string length. In CAV 2021.

unsat
QF_S/20230329-automatark-lu/instance09132.smt2 : 73 ms.
--------------------------------------------------
unknown
Invalid escape sequence in 
Generated by: Murphy Berzish, Mitja Kulczynski, Federico Mora, Florin Manea, Joel Day, Dirk Nowotka, Vijay Ganesh, Zhengyang Lu
Generated on: 2020-10-01
Description: Translated from a collection of real-world regex queries, AutomataArk, collected by Loris D’Antoni and Fang Wang: https://github.com/lorisdanto/automatark
Application: Evaluate solvers on real-world regex queries
Target solver: Z3str3RE, CVC4, OSTRICH, Z3seq, Z3str3, Z3-Trau
Publications: Berzish, M., Kulczynski, M., Mora, F., Manea, F., Day, J. D., Nowotka, D., & Ganesh, V. (2021, July). An SMT solver for regular expressions and linear arithmetic over string length. In CAV 2021.

unsat
QF_S/20230329-automatark-lu/instance09133.smt2 : 41 ms.
--------------------------------------------------
unknown
Invalid escape sequence in 
Generated by: Murphy Berzish, Mitja Kulczynski, Federico Mora, Florin Manea, Joel Day, Dirk Nowotka, Vijay Ganesh, Zhengyang Lu
Generated on: 2020-10-01
Description: Translated from a collection of real-world regex queries, AutomataArk, collected by Loris D’Antoni and Fang Wang: https://github.com/lorisdanto/automatark
Application: Evaluate solvers on real-world regex queries
Target solver: Z3str3RE, CVC4, OSTRICH, Z3seq, Z3str3, Z3-Trau
Publications: Berzish, M., Kulczynski, M., Mora, F., Manea, F., Day, J. D., Nowotka, D., & Ganesh, V. (2021, July). An SMT solver for regular expressions and linear arithmetic over string length. In CAV 2021.

sat
QF_S/20230329-automatark-lu/instance09134.smt2 : 102 ms.
--------------------------------------------------
unknown
Invalid escape sequence in 
Generated by: Murphy Berzish, Mitja Kulczynski, Federico Mora, Florin Manea, Joel Day, Dirk Nowotka, Vijay Ganesh, Zhengyang Lu
Generated on: 2020-10-01
Description: Translated from a collection of real-world regex queries, AutomataArk, collected by Loris D’Antoni and Fang Wang: https://github.com/lorisdanto/automatark
Application: Evaluate solvers on real-world regex queries
Target solver: Z3str3RE, CVC4, OSTRICH, Z3seq, Z3str3, Z3-Trau
Publications: Berzish, M., Kulczynski, M., Mora, F., Manea, F., Day, J. D., Nowotka, D., & Ganesh, V. (2021, July). An SMT solver for regular expressions and linear arithmetic over string length. In CAV 2021.

unsat
QF_S/20230329-automatark-lu/instance09135.smt2 : 83 ms.
--------------------------------------------------
unknown
Invalid escape sequence in 
Generated by: Murphy Berzish, Mitja Kulczynski, Federico Mora, Florin Manea, Joel Day, Dirk Nowotka, Vijay Ganesh, Zhengyang Lu
Generated on: 2020-10-01
Description: Translated from a collection of real-world regex queries, AutomataArk, collected by Loris D’Antoni and Fang Wang: https://github.com/lorisdanto/automatark
Application: Evaluate solvers on real-world regex queries
Target solver: Z3str3RE, CVC4, OSTRICH, Z3seq, Z3str3, Z3-Trau
Publications: Berzish, M., Kulczynski, M., Mora, F., Manea, F., Day, J. D., Nowotka, D., & Ganesh, V. (2021, July). An SMT solver for regular expressions and linear arithmetic over string length. In CAV 2021.

unsat
QF_S/20230329-automatark-lu/instance09136.smt2 : 20 ms.
--------------------------------------------------
unknown
Invalid escape sequence in 
Generated by: Murphy Berzish, Mitja Kulczynski, Federico Mora, Florin Manea, Joel Day, Dirk Nowotka, Vijay Ganesh, Zhengyang Lu
Generated on: 2020-10-01
Description: Translated from a collection of real-world regex queries, AutomataArk, collected by Loris D’Antoni and Fang Wang: https://github.com/lorisdanto/automatark
Application: Evaluate solvers on real-world regex queries
Target solver: Z3str3RE, CVC4, OSTRICH, Z3seq, Z3str3, Z3-Trau
Publications: Berzish, M., Kulczynski, M., Mora, F., Manea, F., Day, J. D., Nowotka, D., & Ganesh, V. (2021, July). An SMT solver for regular expressions and linear arithmetic over string length. In CAV 2021.

unsat
QF_S/20230329-automatark-lu/instance09137.smt2 : 41126 ms.
--------------------------------------------------
unknown
Invalid escape sequence in 
Generated by: Murphy Berzish, Mitja Kulczynski, Federico Mora, Florin Manea, Joel Day, Dirk Nowotka, Vijay Ganesh, Zhengyang Lu
Generated on: 2020-10-01
Description: Translated from a collection of real-world regex queries, AutomataArk, collected by Loris D’Antoni and Fang Wang: https://github.com/lorisdanto/automatark
Application: Evaluate solvers on real-world regex queries
Target solver: Z3str3RE, CVC4, OSTRICH, Z3seq, Z3str3, Z3-Trau
Publications: Berzish, M., Kulczynski, M., Mora, F., Manea, F., Day, J. D., Nowotka, D., & Ganesh, V. (2021, July). An SMT solver for regular expressions and linear arithmetic over string length. In CAV 2021.

sat
QF_S/20230329-automatark-lu/instance09138.smt2 : 32294 ms.
--------------------------------------------------
unknown
Invalid escape sequence in 
Generated by: Murphy Berzish, Mitja Kulczynski, Federico Mora, Florin Manea, Joel Day, Dirk Nowotka, Vijay Ganesh, Zhengyang Lu
Generated on: 2020-10-01
Description: Translated from a collection of real-world regex queries, AutomataArk, collected by Loris D’Antoni and Fang Wang: https://github.com/lorisdanto/automatark
Application: Evaluate solvers on real-world regex queries
Target solver: Z3str3RE, CVC4, OSTRICH, Z3seq, Z3str3, Z3-Trau
Publications: Berzish, M., Kulczynski, M., Mora, F., Manea, F., Day, J. D., Nowotka, D., & Ganesh, V. (2021, July). An SMT solver for regular expressions and linear arithmetic over string length. In CAV 2021.

sat
QF_S/20230329-automatark-lu/instance09139.smt2 : 152 ms.
--------------------------------------------------
unknown
Invalid escape sequence in 
Generated by: Murphy Berzish, Mitja Kulczynski, Federico Mora, Florin Manea, Joel Day, Dirk Nowotka, Vijay Ganesh, Zhengyang Lu
Generated on: 2020-10-01
Description: Translated from a collection of real-world regex queries, AutomataArk, collected by Loris D’Antoni and Fang Wang: https://github.com/lorisdanto/automatark
Application: Evaluate solvers on real-world regex queries
Target solver: Z3str3RE, CVC4, OSTRICH, Z3seq, Z3str3, Z3-Trau
Publications: Berzish, M., Kulczynski, M., Mora, F., Manea, F., Day, J. D., Nowotka, D., & Ganesh, V. (2021, July). An SMT solver for regular expressions and linear arithmetic over string length. In CAV 2021.

unsat
QF_S/20230329-automatark-lu/instance09140.smt2 : 132 ms.
--------------------------------------------------
unknown
Invalid escape sequence in 
Generated by: Murphy Berzish, Mitja Kulczynski, Federico Mora, Florin Manea, Joel Day, Dirk Nowotka, Vijay Ganesh, Zhengyang Lu
Generated on: 2020-10-01
Description: Translated from a collection of real-world regex queries, AutomataArk, collected by Loris D’Antoni and Fang Wang: https://github.com/lorisdanto/automatark
Application: Evaluate solvers on real-world regex queries
Target solver: Z3str3RE, CVC4, OSTRICH, Z3seq, Z3str3, Z3-Trau
Publications: Berzish, M., Kulczynski, M., Mora, F., Manea, F., Day, J. D., Nowotka, D., & Ganesh, V. (2021, July). An SMT solver for regular expressions and linear arithmetic over string length. In CAV 2021.

unsat
QF_S/20230329-automatark-lu/instance09141.smt2 : 236 ms.
--------------------------------------------------
unknown
Invalid escape sequence in 
Generated by: Murphy Berzish, Mitja Kulczynski, Federico Mora, Florin Manea, Joel Day, Dirk Nowotka, Vijay Ganesh, Zhengyang Lu
Generated on: 2020-10-01
Description: Translated from a collection of real-world regex queries, AutomataArk, collected by Loris D’Antoni and Fang Wang: https://github.com/lorisdanto/automatark
Application: Evaluate solvers on real-world regex queries
Target solver: Z3str3RE, CVC4, OSTRICH, Z3seq, Z3str3, Z3-Trau
Publications: Berzish, M., Kulczynski, M., Mora, F., Manea, F., Day, J. D., Nowotka, D., & Ganesh, V. (2021, July). An SMT solver for regular expressions and linear arithmetic over string length. In CAV 2021.

unsat
QF_S/20230329-automatark-lu/instance09142.smt2 : 292 ms.
--------------------------------------------------
unknown
Invalid escape sequence in 
Generated by: Murphy Berzish, Mitja Kulczynski, Federico Mora, Florin Manea, Joel Day, Dirk Nowotka, Vijay Ganesh, Zhengyang Lu
Generated on: 2020-10-01
Description: Translated from a collection of real-world regex queries, AutomataArk, collected by Loris D’Antoni and Fang Wang: https://github.com/lorisdanto/automatark
Application: Evaluate solvers on real-world regex queries
Target solver: Z3str3RE, CVC4, OSTRICH, Z3seq, Z3str3, Z3-Trau
Publications: Berzish, M., Kulczynski, M., Mora, F., Manea, F., Day, J. D., Nowotka, D., & Ganesh, V. (2021, July). An SMT solver for regular expressions and linear arithmetic over string length. In CAV 2021.

unsat
QF_S/20230329-automatark-lu/instance09143.smt2 : 173 ms.
--------------------------------------------------
unknown
Invalid escape sequence in 
Generated by: Murphy Berzish, Mitja Kulczynski, Federico Mora, Florin Manea, Joel Day, Dirk Nowotka, Vijay Ganesh, Zhengyang Lu
Generated on: 2020-10-01
Description: Translated from a collection of real-world regex queries, AutomataArk, collected by Loris D’Antoni and Fang Wang: https://github.com/lorisdanto/automatark
Application: Evaluate solvers on real-world regex queries
Target solver: Z3str3RE, CVC4, OSTRICH, Z3seq, Z3str3, Z3-Trau
Publications: Berzish, M., Kulczynski, M., Mora, F., Manea, F., Day, J. D., Nowotka, D., & Ganesh, V. (2021, July). An SMT solver for regular expressions and linear arithmetic over string length. In CAV 2021.

unsat
QF_S/20230329-automatark-lu/instance09144.smt2 : 219 ms.
--------------------------------------------------
unknown
Invalid escape sequence in 
Generated by: Murphy Berzish, Mitja Kulczynski, Federico Mora, Florin Manea, Joel Day, Dirk Nowotka, Vijay Ganesh, Zhengyang Lu
Generated on: 2020-10-01
Description: Translated from a collection of real-world regex queries, AutomataArk, collected by Loris D’Antoni and Fang Wang: https://github.com/lorisdanto/automatark
Application: Evaluate solvers on real-world regex queries
Target solver: Z3str3RE, CVC4, OSTRICH, Z3seq, Z3str3, Z3-Trau
Publications: Berzish, M., Kulczynski, M., Mora, F., Manea, F., Day, J. D., Nowotka, D., & Ganesh, V. (2021, July). An SMT solver for regular expressions and linear arithmetic over string length. In CAV 2021.

unsat
QF_S/20230329-automatark-lu/instance09145.smt2 : 227 ms.
--------------------------------------------------
unknown
Invalid escape sequence in 
Generated by: Murphy Berzish, Mitja Kulczynski, Federico Mora, Florin Manea, Joel Day, Dirk Nowotka, Vijay Ganesh, Zhengyang Lu
Generated on: 2020-10-01
Description: Translated from a collection of real-world regex queries, AutomataArk, collected by Loris D’Antoni and Fang Wang: https://github.com/lorisdanto/automatark
Application: Evaluate solvers on real-world regex queries
Target solver: Z3str3RE, CVC4, OSTRICH, Z3seq, Z3str3, Z3-Trau
Publications: Berzish, M., Kulczynski, M., Mora, F., Manea, F., Day, J. D., Nowotka, D., & Ganesh, V. (2021, July). An SMT solver for regular expressions and linear arithmetic over string length. In CAV 2021.

sat
QF_S/20230329-automatark-lu/instance09146.smt2 : 157 ms.
--------------------------------------------------
unknown
Invalid escape sequence in 
Generated by: Murphy Berzish, Mitja Kulczynski, Federico Mora, Florin Manea, Joel Day, Dirk Nowotka, Vijay Ganesh, Zhengyang Lu
Generated on: 2020-10-01
Description: Translated from a collection of real-world regex queries, AutomataArk, collected by Loris D’Antoni and Fang Wang: https://github.com/lorisdanto/automatark
Application: Evaluate solvers on real-world regex queries
Target solver: Z3str3RE, CVC4, OSTRICH, Z3seq, Z3str3, Z3-Trau
Publications: Berzish, M., Kulczynski, M., Mora, F., Manea, F., Day, J. D., Nowotka, D., & Ganesh, V. (2021, July). An SMT solver for regular expressions and linear arithmetic over string length. In CAV 2021.

unsat
QF_S/20230329-automatark-lu/instance09147.smt2 : 110 ms.
--------------------------------------------------
unknown
Invalid escape sequence in 
Generated by: Murphy Berzish, Mitja Kulczynski, Federico Mora, Florin Manea, Joel Day, Dirk Nowotka, Vijay Ganesh, Zhengyang Lu
Generated on: 2020-10-01
Description: Translated from a collection of real-world regex queries, AutomataArk, collected by Loris D’Antoni and Fang Wang: https://github.com/lorisdanto/automatark
Application: Evaluate solvers on real-world regex queries
Target solver: Z3str3RE, CVC4, OSTRICH, Z3seq, Z3str3, Z3-Trau
Publications: Berzish, M., Kulczynski, M., Mora, F., Manea, F., Day, J. D., Nowotka, D., & Ganesh, V. (2021, July). An SMT solver for regular expressions and linear arithmetic over string length. In CAV 2021.

unsat
QF_S/20230329-automatark-lu/instance09148.smt2 : 127 ms.
--------------------------------------------------
unknown
Invalid escape sequence in 
Generated by: Murphy Berzish, Mitja Kulczynski, Federico Mora, Florin Manea, Joel Day, Dirk Nowotka, Vijay Ganesh, Zhengyang Lu
Generated on: 2020-10-01
Description: Translated from a collection of real-world regex queries, AutomataArk, collected by Loris D’Antoni and Fang Wang: https://github.com/lorisdanto/automatark
Application: Evaluate solvers on real-world regex queries
Target solver: Z3str3RE, CVC4, OSTRICH, Z3seq, Z3str3, Z3-Trau
Publications: Berzish, M., Kulczynski, M., Mora, F., Manea, F., Day, J. D., Nowotka, D., & Ganesh, V. (2021, July). An SMT solver for regular expressions and linear arithmetic over string length. In CAV 2021.

unsat
QF_S/20230329-automatark-lu/instance09149.smt2 : 136 ms.
--------------------------------------------------
unknown
Invalid escape sequence in 
Generated by: Murphy Berzish, Mitja Kulczynski, Federico Mora, Florin Manea, Joel Day, Dirk Nowotka, Vijay Ganesh, Zhengyang Lu
Generated on: 2020-10-01
Description: Translated from a collection of real-world regex queries, AutomataArk, collected by Loris D’Antoni and Fang Wang: https://github.com/lorisdanto/automatark
Application: Evaluate solvers on real-world regex queries
Target solver: Z3str3RE, CVC4, OSTRICH, Z3seq, Z3str3, Z3-Trau
Publications: Berzish, M., Kulczynski, M., Mora, F., Manea, F., Day, J. D., Nowotka, D., & Ganesh, V. (2021, July). An SMT solver for regular expressions and linear arithmetic over string length. In CAV 2021.

sat
QF_S/20230329-automatark-lu/instance09150.smt2 : 476 ms.
--------------------------------------------------
unknown
Invalid escape sequence in 
Generated by: Murphy Berzish, Mitja Kulczynski, Federico Mora, Florin Manea, Joel Day, Dirk Nowotka, Vijay Ganesh, Zhengyang Lu
Generated on: 2020-10-01
Description: Translated from a collection of real-world regex queries, AutomataArk, collected by Loris D’Antoni and Fang Wang: https://github.com/lorisdanto/automatark
Application: Evaluate solvers on real-world regex queries
Target solver: Z3str3RE, CVC4, OSTRICH, Z3seq, Z3str3, Z3-Trau
Publications: Berzish, M., Kulczynski, M., Mora, F., Manea, F., Day, J. D., Nowotka, D., & Ganesh, V. (2021, July). An SMT solver for regular expressions and linear arithmetic over string length. In CAV 2021.

unsat
QF_S/20230329-automatark-lu/instance09151.smt2 : 340 ms.
--------------------------------------------------
unknown
Invalid escape sequence in 
Generated by: Murphy Berzish, Mitja Kulczynski, Federico Mora, Florin Manea, Joel Day, Dirk Nowotka, Vijay Ganesh, Zhengyang Lu
Generated on: 2020-10-01
Description: Translated from a collection of real-world regex queries, AutomataArk, collected by Loris D’Antoni and Fang Wang: https://github.com/lorisdanto/automatark
Application: Evaluate solvers on real-world regex queries
Target solver: Z3str3RE, CVC4, OSTRICH, Z3seq, Z3str3, Z3-Trau
Publications: Berzish, M., Kulczynski, M., Mora, F., Manea, F., Day, J. D., Nowotka, D., & Ganesh, V. (2021, July). An SMT solver for regular expressions and linear arithmetic over string length. In CAV 2021.

sat
QF_S/20230329-automatark-lu/instance09152.smt2 : 344 ms.
--------------------------------------------------
unknown
Invalid escape sequence in 
Generated by: Murphy Berzish, Mitja Kulczynski, Federico Mora, Florin Manea, Joel Day, Dirk Nowotka, Vijay Ganesh, Zhengyang Lu
Generated on: 2020-10-01
Description: Translated from a collection of real-world regex queries, AutomataArk, collected by Loris D’Antoni and Fang Wang: https://github.com/lorisdanto/automatark
Application: Evaluate solvers on real-world regex queries
Target solver: Z3str3RE, CVC4, OSTRICH, Z3seq, Z3str3, Z3-Trau
Publications: Berzish, M., Kulczynski, M., Mora, F., Manea, F., Day, J. D., Nowotka, D., & Ganesh, V. (2021, July). An SMT solver for regular expressions and linear arithmetic over string length. In CAV 2021.

unsat
QF_S/20230329-automatark-lu/instance09153.smt2 : 176 ms.
--------------------------------------------------
unknown
Invalid escape sequence in 
Generated by: Murphy Berzish, Mitja Kulczynski, Federico Mora, Florin Manea, Joel Day, Dirk Nowotka, Vijay Ganesh, Zhengyang Lu
Generated on: 2020-10-01
Description: Translated from a collection of real-world regex queries, AutomataArk, collected by Loris D’Antoni and Fang Wang: https://github.com/lorisdanto/automatark
Application: Evaluate solvers on real-world regex queries
Target solver: Z3str3RE, CVC4, OSTRICH, Z3seq, Z3str3, Z3-Trau
Publications: Berzish, M., Kulczynski, M., Mora, F., Manea, F., Day, J. D., Nowotka, D., & Ganesh, V. (2021, July). An SMT solver for regular expressions and linear arithmetic over string length. In CAV 2021.

sat
QF_S/20230329-automatark-lu/instance09154.smt2 : 176 ms.
--------------------------------------------------
unknown
Invalid escape sequence in 
Generated by: Murphy Berzish, Mitja Kulczynski, Federico Mora, Florin Manea, Joel Day, Dirk Nowotka, Vijay Ganesh, Zhengyang Lu
Generated on: 2020-10-01
Description: Translated from a collection of real-world regex queries, AutomataArk, collected by Loris D’Antoni and Fang Wang: https://github.com/lorisdanto/automatark
Application: Evaluate solvers on real-world regex queries
Target solver: Z3str3RE, CVC4, OSTRICH, Z3seq, Z3str3, Z3-Trau
Publications: Berzish, M., Kulczynski, M., Mora, F., Manea, F., Day, J. D., Nowotka, D., & Ganesh, V. (2021, July). An SMT solver for regular expressions and linear arithmetic over string length. In CAV 2021.

unsat
QF_S/20230329-automatark-lu/instance09155.smt2 : 56820 ms.
--------------------------------------------------
unknown
Invalid escape sequence in 
Generated by: Murphy Berzish, Mitja Kulczynski, Federico Mora, Florin Manea, Joel Day, Dirk Nowotka, Vijay Ganesh, Zhengyang Lu
Generated on: 2020-10-01
Description: Translated from a collection of real-world regex queries, AutomataArk, collected by Loris D’Antoni and Fang Wang: https://github.com/lorisdanto/automatark
Application: Evaluate solvers on real-world regex queries
Target solver: Z3str3RE, CVC4, OSTRICH, Z3seq, Z3str3, Z3-Trau
Publications: Berzish, M., Kulczynski, M., Mora, F., Manea, F., Day, J. D., Nowotka, D., & Ganesh, V. (2021, July). An SMT solver for regular expressions and linear arithmetic over string length. In CAV 2021.

unsat
QF_S/20230329-automatark-lu/instance09156.smt2 : 255 ms.
--------------------------------------------------
unknown
Invalid escape sequence in 
Generated by: Murphy Berzish, Mitja Kulczynski, Federico Mora, Florin Manea, Joel Day, Dirk Nowotka, Vijay Ganesh, Zhengyang Lu
Generated on: 2020-10-01
Description: Translated from a collection of real-world regex queries, AutomataArk, collected by Loris D’Antoni and Fang Wang: https://github.com/lorisdanto/automatark
Application: Evaluate solvers on real-world regex queries
Target solver: Z3str3RE, CVC4, OSTRICH, Z3seq, Z3str3, Z3-Trau
Publications: Berzish, M., Kulczynski, M., Mora, F., Manea, F., Day, J. D., Nowotka, D., & Ganesh, V. (2021, July). An SMT solver for regular expressions and linear arithmetic over string length. In CAV 2021.

unsat
QF_S/20230329-automatark-lu/instance09157.smt2 : 133 ms.
--------------------------------------------------
unknown
Invalid escape sequence in 
Generated by: Murphy Berzish, Mitja Kulczynski, Federico Mora, Florin Manea, Joel Day, Dirk Nowotka, Vijay Ganesh, Zhengyang Lu
Generated on: 2020-10-01
Description: Translated from a collection of real-world regex queries, AutomataArk, collected by Loris D’Antoni and Fang Wang: https://github.com/lorisdanto/automatark
Application: Evaluate solvers on real-world regex queries
Target solver: Z3str3RE, CVC4, OSTRICH, Z3seq, Z3str3, Z3-Trau
Publications: Berzish, M., Kulczynski, M., Mora, F., Manea, F., Day, J. D., Nowotka, D., & Ganesh, V. (2021, July). An SMT solver for regular expressions and linear arithmetic over string length. In CAV 2021.

unsat
QF_S/20230329-automatark-lu/instance09158.smt2 : 127 ms.
--------------------------------------------------
unknown
Invalid escape sequence in 
Generated by: Murphy Berzish, Mitja Kulczynski, Federico Mora, Florin Manea, Joel Day, Dirk Nowotka, Vijay Ganesh, Zhengyang Lu
Generated on: 2020-10-01
Description: Translated from a collection of real-world regex queries, AutomataArk, collected by Loris D’Antoni and Fang Wang: https://github.com/lorisdanto/automatark
Application: Evaluate solvers on real-world regex queries
Target solver: Z3str3RE, CVC4, OSTRICH, Z3seq, Z3str3, Z3-Trau
Publications: Berzish, M., Kulczynski, M., Mora, F., Manea, F., Day, J. D., Nowotka, D., & Ganesh, V. (2021, July). An SMT solver for regular expressions and linear arithmetic over string length. In CAV 2021.

sat
QF_S/20230329-automatark-lu/instance09159.smt2 : 3384 ms.
--------------------------------------------------
unknown
Invalid escape sequence in 
Generated by: Murphy Berzish, Mitja Kulczynski, Federico Mora, Florin Manea, Joel Day, Dirk Nowotka, Vijay Ganesh, Zhengyang Lu
Generated on: 2020-10-01
Description: Translated from a collection of real-world regex queries, AutomataArk, collected by Loris D’Antoni and Fang Wang: https://github.com/lorisdanto/automatark
Application: Evaluate solvers on real-world regex queries
Target solver: Z3str3RE, CVC4, OSTRICH, Z3seq, Z3str3, Z3-Trau
Publications: Berzish, M., Kulczynski, M., Mora, F., Manea, F., Day, J. D., Nowotka, D., & Ganesh, V. (2021, July). An SMT solver for regular expressions and linear arithmetic over string length. In CAV 2021.

unsat
QF_S/20230329-automatark-lu/instance09160.smt2 : 202 ms.
--------------------------------------------------
unknown
Invalid escape sequence in 
Generated by: Murphy Berzish, Mitja Kulczynski, Federico Mora, Florin Manea, Joel Day, Dirk Nowotka, Vijay Ganesh, Zhengyang Lu
Generated on: 2020-10-01
Description: Translated from a collection of real-world regex queries, AutomataArk, collected by Loris D’Antoni and Fang Wang: https://github.com/lorisdanto/automatark
Application: Evaluate solvers on real-world regex queries
Target solver: Z3str3RE, CVC4, OSTRICH, Z3seq, Z3str3, Z3-Trau
Publications: Berzish, M., Kulczynski, M., Mora, F., Manea, F., Day, J. D., Nowotka, D., & Ganesh, V. (2021, July). An SMT solver for regular expressions and linear arithmetic over string length. In CAV 2021.

sat
QF_S/20230329-automatark-lu/instance09161.smt2 : 63 ms.
--------------------------------------------------
unknown
Invalid escape sequence in 
Generated by: Murphy Berzish, Mitja Kulczynski, Federico Mora, Florin Manea, Joel Day, Dirk Nowotka, Vijay Ganesh, Zhengyang Lu
Generated on: 2020-10-01
Description: Translated from a collection of real-world regex queries, AutomataArk, collected by Loris D’Antoni and Fang Wang: https://github.com/lorisdanto/automatark
Application: Evaluate solvers on real-world regex queries
Target solver: Z3str3RE, CVC4, OSTRICH, Z3seq, Z3str3, Z3-Trau
Publications: Berzish, M., Kulczynski, M., Mora, F., Manea, F., Day, J. D., Nowotka, D., & Ganesh, V. (2021, July). An SMT solver for regular expressions and linear arithmetic over string length. In CAV 2021.

unsat
QF_S/20230329-automatark-lu/instance09162.smt2 : 65 ms.
--------------------------------------------------
unknown
Invalid escape sequence in 
Generated by: Murphy Berzish, Mitja Kulczynski, Federico Mora, Florin Manea, Joel Day, Dirk Nowotka, Vijay Ganesh, Zhengyang Lu
Generated on: 2020-10-01
Description: Translated from a collection of real-world regex queries, AutomataArk, collected by Loris D’Antoni and Fang Wang: https://github.com/lorisdanto/automatark
Application: Evaluate solvers on real-world regex queries
Target solver: Z3str3RE, CVC4, OSTRICH, Z3seq, Z3str3, Z3-Trau
Publications: Berzish, M., Kulczynski, M., Mora, F., Manea, F., Day, J. D., Nowotka, D., & Ganesh, V. (2021, July). An SMT solver for regular expressions and linear arithmetic over string length. In CAV 2021.

sat
QF_S/20230329-automatark-lu/instance09163.smt2 : 344 ms.
--------------------------------------------------
unknown
Invalid escape sequence in 
Generated by: Murphy Berzish, Mitja Kulczynski, Federico Mora, Florin Manea, Joel Day, Dirk Nowotka, Vijay Ganesh, Zhengyang Lu
Generated on: 2020-10-01
Description: Translated from a collection of real-world regex queries, AutomataArk, collected by Loris D’Antoni and Fang Wang: https://github.com/lorisdanto/automatark
Application: Evaluate solvers on real-world regex queries
Target solver: Z3str3RE, CVC4, OSTRICH, Z3seq, Z3str3, Z3-Trau
Publications: Berzish, M., Kulczynski, M., Mora, F., Manea, F., Day, J. D., Nowotka, D., & Ganesh, V. (2021, July). An SMT solver for regular expressions and linear arithmetic over string length. In CAV 2021.

unsat
QF_S/20230329-automatark-lu/instance09164.smt2 : 71 ms.
--------------------------------------------------
unknown
Invalid escape sequence in 
Generated by: Murphy Berzish, Mitja Kulczynski, Federico Mora, Florin Manea, Joel Day, Dirk Nowotka, Vijay Ganesh, Zhengyang Lu
Generated on: 2020-10-01
Description: Translated from a collection of real-world regex queries, AutomataArk, collected by Loris D’Antoni and Fang Wang: https://github.com/lorisdanto/automatark
Application: Evaluate solvers on real-world regex queries
Target solver: Z3str3RE, CVC4, OSTRICH, Z3seq, Z3str3, Z3-Trau
Publications: Berzish, M., Kulczynski, M., Mora, F., Manea, F., Day, J. D., Nowotka, D., & Ganesh, V. (2021, July). An SMT solver for regular expressions and linear arithmetic over string length. In CAV 2021.

unsat
QF_S/20230329-automatark-lu/instance09165.smt2 : 344 ms.
--------------------------------------------------
unknown
Invalid escape sequence in 
Generated by: Murphy Berzish, Mitja Kulczynski, Federico Mora, Florin Manea, Joel Day, Dirk Nowotka, Vijay Ganesh, Zhengyang Lu
Generated on: 2020-10-01
Description: Translated from a collection of real-world regex queries, AutomataArk, collected by Loris D’Antoni and Fang Wang: https://github.com/lorisdanto/automatark
Application: Evaluate solvers on real-world regex queries
Target solver: Z3str3RE, CVC4, OSTRICH, Z3seq, Z3str3, Z3-Trau
Publications: Berzish, M., Kulczynski, M., Mora, F., Manea, F., Day, J. D., Nowotka, D., & Ganesh, V. (2021, July). An SMT solver for regular expressions and linear arithmetic over string length. In CAV 2021.

unsat
QF_S/20230329-automatark-lu/instance09166.smt2 : 65 ms.
--------------------------------------------------
unknown
Invalid escape sequence in 
Generated by: Murphy Berzish, Mitja Kulczynski, Federico Mora, Florin Manea, Joel Day, Dirk Nowotka, Vijay Ganesh, Zhengyang Lu
Generated on: 2020-10-01
Description: Translated from a collection of real-world regex queries, AutomataArk, collected by Loris D’Antoni and Fang Wang: https://github.com/lorisdanto/automatark
Application: Evaluate solvers on real-world regex queries
Target solver: Z3str3RE, CVC4, OSTRICH, Z3seq, Z3str3, Z3-Trau
Publications: Berzish, M., Kulczynski, M., Mora, F., Manea, F., Day, J. D., Nowotka, D., & Ganesh, V. (2021, July). An SMT solver for regular expressions and linear arithmetic over string length. In CAV 2021.

sat
QF_S/20230329-automatark-lu/instance09167.smt2 : 116 ms.
--------------------------------------------------
unknown
Invalid escape sequence in 
Generated by: Murphy Berzish, Mitja Kulczynski, Federico Mora, Florin Manea, Joel Day, Dirk Nowotka, Vijay Ganesh, Zhengyang Lu
Generated on: 2020-10-01
Description: Translated from a collection of real-world regex queries, AutomataArk, collected by Loris D’Antoni and Fang Wang: https://github.com/lorisdanto/automatark
Application: Evaluate solvers on real-world regex queries
Target solver: Z3str3RE, CVC4, OSTRICH, Z3seq, Z3str3, Z3-Trau
Publications: Berzish, M., Kulczynski, M., Mora, F., Manea, F., Day, J. D., Nowotka, D., & Ganesh, V. (2021, July). An SMT solver for regular expressions and linear arithmetic over string length. In CAV 2021.

sat
QF_S/20230329-automatark-lu/instance09168.smt2 : 168 ms.
--------------------------------------------------
unknown
Invalid escape sequence in 
Generated by: Murphy Berzish, Mitja Kulczynski, Federico Mora, Florin Manea, Joel Day, Dirk Nowotka, Vijay Ganesh, Zhengyang Lu
Generated on: 2020-10-01
Description: Translated from a collection of real-world regex queries, AutomataArk, collected by Loris D’Antoni and Fang Wang: https://github.com/lorisdanto/automatark
Application: Evaluate solvers on real-world regex queries
Target solver: Z3str3RE, CVC4, OSTRICH, Z3seq, Z3str3, Z3-Trau
Publications: Berzish, M., Kulczynski, M., Mora, F., Manea, F., Day, J. D., Nowotka, D., & Ganesh, V. (2021, July). An SMT solver for regular expressions and linear arithmetic over string length. In CAV 2021.

sat
QF_S/20230329-automatark-lu/instance09169.smt2 : 332 ms.
--------------------------------------------------
unknown
Invalid escape sequence in 
Generated by: Murphy Berzish, Mitja Kulczynski, Federico Mora, Florin Manea, Joel Day, Dirk Nowotka, Vijay Ganesh, Zhengyang Lu
Generated on: 2020-10-01
Description: Translated from a collection of real-world regex queries, AutomataArk, collected by Loris D’Antoni and Fang Wang: https://github.com/lorisdanto/automatark
Application: Evaluate solvers on real-world regex queries
Target solver: Z3str3RE, CVC4, OSTRICH, Z3seq, Z3str3, Z3-Trau
Publications: Berzish, M., Kulczynski, M., Mora, F., Manea, F., Day, J. D., Nowotka, D., & Ganesh, V. (2021, July). An SMT solver for regular expressions and linear arithmetic over string length. In CAV 2021.

unsat
QF_S/20230329-automatark-lu/instance09170.smt2 : 26 ms.
--------------------------------------------------
unknown
Invalid escape sequence in 
Generated by: Murphy Berzish, Mitja Kulczynski, Federico Mora, Florin Manea, Joel Day, Dirk Nowotka, Vijay Ganesh, Zhengyang Lu
Generated on: 2020-10-01
Description: Translated from a collection of real-world regex queries, AutomataArk, collected by Loris D’Antoni and Fang Wang: https://github.com/lorisdanto/automatark
Application: Evaluate solvers on real-world regex queries
Target solver: Z3str3RE, CVC4, OSTRICH, Z3seq, Z3str3, Z3-Trau
Publications: Berzish, M., Kulczynski, M., Mora, F., Manea, F., Day, J. D., Nowotka, D., & Ganesh, V. (2021, July). An SMT solver for regular expressions and linear arithmetic over string length. In CAV 2021.

unsat
QF_S/20230329-automatark-lu/instance09171.smt2 : 184 ms.
--------------------------------------------------
unknown
Invalid escape sequence in 
Generated by: Murphy Berzish, Mitja Kulczynski, Federico Mora, Florin Manea, Joel Day, Dirk Nowotka, Vijay Ganesh, Zhengyang Lu
Generated on: 2020-10-01
Description: Translated from a collection of real-world regex queries, AutomataArk, collected by Loris D’Antoni and Fang Wang: https://github.com/lorisdanto/automatark
Application: Evaluate solvers on real-world regex queries
Target solver: Z3str3RE, CVC4, OSTRICH, Z3seq, Z3str3, Z3-Trau
Publications: Berzish, M., Kulczynski, M., Mora, F., Manea, F., Day, J. D., Nowotka, D., & Ganesh, V. (2021, July). An SMT solver for regular expressions and linear arithmetic over string length. In CAV 2021.

sat
QF_S/20230329-automatark-lu/instance09172.smt2 : 495 ms.
--------------------------------------------------
unknown
Invalid escape sequence in 
Generated by: Murphy Berzish, Mitja Kulczynski, Federico Mora, Florin Manea, Joel Day, Dirk Nowotka, Vijay Ganesh, Zhengyang Lu
Generated on: 2020-10-01
Description: Translated from a collection of real-world regex queries, AutomataArk, collected by Loris D’Antoni and Fang Wang: https://github.com/lorisdanto/automatark
Application: Evaluate solvers on real-world regex queries
Target solver: Z3str3RE, CVC4, OSTRICH, Z3seq, Z3str3, Z3-Trau
Publications: Berzish, M., Kulczynski, M., Mora, F., Manea, F., Day, J. D., Nowotka, D., & Ganesh, V. (2021, July). An SMT solver for regular expressions and linear arithmetic over string length. In CAV 2021.

unsat
QF_S/20230329-automatark-lu/instance09173.smt2 : 228 ms.
--------------------------------------------------
