--------------------------------------------------
unknown
Invalid escape sequence in 
Generated by: Murphy Berzish, Mitja Kulczynski, Federico Mora, Florin Manea, Joel Day, Dirk Nowotka, Vijay Ganesh, Zhengyang Lu
Generated on: 2020-10-01
Description: Translated from a collection of real-world regex queries, AutomataArk, collected by Loris D’Antoni and Fang Wang: https://github.com/lorisdanto/automatark
Application: Evaluate solvers on real-world regex queries
Target solver: Z3str3RE, CVC4, OSTRICH, Z3seq, Z3str3, Z3-Trau
Publications: Berzish, M., Kulczynski, M., Mora, F., Manea, F., Day, J. D., Nowotka, D., & Ganesh, V. (2021, July). An SMT solver for regular expressions and linear arithmetic over string length. In CAV 2021.

unsat
QF_S/20230329-automatark-lu/instance15196.smt2 : 56 ms.
--------------------------------------------------
unknown
Invalid escape sequence in 
Generated by: Murphy Berzish, Mitja Kulczynski, Federico Mora, Florin Manea, Joel Day, Dirk Nowotka, Vijay Ganesh, Zhengyang Lu
Generated on: 2020-10-01
Description: Translated from a collection of real-world regex queries, AutomataArk, collected by Loris D’Antoni and Fang Wang: https://github.com/lorisdanto/automatark
Application: Evaluate solvers on real-world regex queries
Target solver: Z3str3RE, CVC4, OSTRICH, Z3seq, Z3str3, Z3-Trau
Publications: Berzish, M., Kulczynski, M., Mora, F., Manea, F., Day, J. D., Nowotka, D., & Ganesh, V. (2021, July). An SMT solver for regular expressions and linear arithmetic over string length. In CAV 2021.

sat
QF_S/20230329-automatark-lu/instance15197.smt2 : 44 ms.
--------------------------------------------------
unknown
Invalid escape sequence in 
Generated by: Murphy Berzish, Mitja Kulczynski, Federico Mora, Florin Manea, Joel Day, Dirk Nowotka, Vijay Ganesh, Zhengyang Lu
Generated on: 2020-10-01
Description: Translated from a collection of real-world regex queries, AutomataArk, collected by Loris D’Antoni and Fang Wang: https://github.com/lorisdanto/automatark
Application: Evaluate solvers on real-world regex queries
Target solver: Z3str3RE, CVC4, OSTRICH, Z3seq, Z3str3, Z3-Trau
Publications: Berzish, M., Kulczynski, M., Mora, F., Manea, F., Day, J. D., Nowotka, D., & Ganesh, V. (2021, July). An SMT solver for regular expressions and linear arithmetic over string length. In CAV 2021.

unsat
QF_S/20230329-automatark-lu/instance15198.smt2 : 128 ms.
--------------------------------------------------
unknown
Invalid escape sequence in 
Generated by: Murphy Berzish, Mitja Kulczynski, Federico Mora, Florin Manea, Joel Day, Dirk Nowotka, Vijay Ganesh, Zhengyang Lu
Generated on: 2020-10-01
Description: Translated from a collection of real-world regex queries, AutomataArk, collected by Loris D’Antoni and Fang Wang: https://github.com/lorisdanto/automatark
Application: Evaluate solvers on real-world regex queries
Target solver: Z3str3RE, CVC4, OSTRICH, Z3seq, Z3str3, Z3-Trau
Publications: Berzish, M., Kulczynski, M., Mora, F., Manea, F., Day, J. D., Nowotka, D., & Ganesh, V. (2021, July). An SMT solver for regular expressions and linear arithmetic over string length. In CAV 2021.

unsat
QF_S/20230329-automatark-lu/instance15199.smt2 : 45 ms.
--------------------------------------------------
unknown
Invalid escape sequence in 
Generated by: Murphy Berzish, Mitja Kulczynski, Federico Mora, Florin Manea, Joel Day, Dirk Nowotka, Vijay Ganesh, Zhengyang Lu
Generated on: 2020-10-01
Description: Translated from a collection of real-world regex queries, AutomataArk, collected by Loris D’Antoni and Fang Wang: https://github.com/lorisdanto/automatark
Application: Evaluate solvers on real-world regex queries
Target solver: Z3str3RE, CVC4, OSTRICH, Z3seq, Z3str3, Z3-Trau
Publications: Berzish, M., Kulczynski, M., Mora, F., Manea, F., Day, J. D., Nowotka, D., & Ganesh, V. (2021, July). An SMT solver for regular expressions and linear arithmetic over string length. In CAV 2021.

sat
QF_S/20230329-automatark-lu/instance15200.smt2 : 169 ms.
--------------------------------------------------
unknown
Invalid escape sequence in 
Generated by: Murphy Berzish, Mitja Kulczynski, Federico Mora, Florin Manea, Joel Day, Dirk Nowotka, Vijay Ganesh, Zhengyang Lu
Generated on: 2020-10-01
Description: Translated from a collection of real-world regex queries, AutomataArk, collected by Loris D’Antoni and Fang Wang: https://github.com/lorisdanto/automatark
Application: Evaluate solvers on real-world regex queries
Target solver: Z3str3RE, CVC4, OSTRICH, Z3seq, Z3str3, Z3-Trau
Publications: Berzish, M., Kulczynski, M., Mora, F., Manea, F., Day, J. D., Nowotka, D., & Ganesh, V. (2021, July). An SMT solver for regular expressions and linear arithmetic over string length. In CAV 2021.

sat
QF_S/20230329-automatark-lu/instance15201.smt2 : 17 ms.
--------------------------------------------------
unknown
Invalid escape sequence in 
Generated by: Murphy Berzish, Mitja Kulczynski, Federico Mora, Florin Manea, Joel Day, Dirk Nowotka, Vijay Ganesh, Zhengyang Lu
Generated on: 2020-10-01
Description: Translated from a collection of real-world regex queries, AutomataArk, collected by Loris D’Antoni and Fang Wang: https://github.com/lorisdanto/automatark
Application: Evaluate solvers on real-world regex queries
Target solver: Z3str3RE, CVC4, OSTRICH, Z3seq, Z3str3, Z3-Trau
Publications: Berzish, M., Kulczynski, M., Mora, F., Manea, F., Day, J. D., Nowotka, D., & Ganesh, V. (2021, July). An SMT solver for regular expressions and linear arithmetic over string length. In CAV 2021.

sat
QF_S/20230329-automatark-lu/instance15202.smt2 : 156 ms.
--------------------------------------------------
unknown
Invalid escape sequence in 
Generated by: Murphy Berzish, Mitja Kulczynski, Federico Mora, Florin Manea, Joel Day, Dirk Nowotka, Vijay Ganesh, Zhengyang Lu
Generated on: 2020-10-01
Description: Translated from a collection of real-world regex queries, AutomataArk, collected by Loris D’Antoni and Fang Wang: https://github.com/lorisdanto/automatark
Application: Evaluate solvers on real-world regex queries
Target solver: Z3str3RE, CVC4, OSTRICH, Z3seq, Z3str3, Z3-Trau
Publications: Berzish, M., Kulczynski, M., Mora, F., Manea, F., Day, J. D., Nowotka, D., & Ganesh, V. (2021, July). An SMT solver for regular expressions and linear arithmetic over string length. In CAV 2021.

sat
QF_S/20230329-automatark-lu/instance15203.smt2 : 35 ms.
--------------------------------------------------
unknown
Invalid escape sequence in 
Generated by: Murphy Berzish, Mitja Kulczynski, Federico Mora, Florin Manea, Joel Day, Dirk Nowotka, Vijay Ganesh, Zhengyang Lu
Generated on: 2020-10-01
Description: Translated from a collection of real-world regex queries, AutomataArk, collected by Loris D’Antoni and Fang Wang: https://github.com/lorisdanto/automatark
Application: Evaluate solvers on real-world regex queries
Target solver: Z3str3RE, CVC4, OSTRICH, Z3seq, Z3str3, Z3-Trau
Publications: Berzish, M., Kulczynski, M., Mora, F., Manea, F., Day, J. D., Nowotka, D., & Ganesh, V. (2021, July). An SMT solver for regular expressions and linear arithmetic over string length. In CAV 2021.

unsat
QF_S/20230329-automatark-lu/instance15204.smt2 : 39 ms.
--------------------------------------------------
unknown
Invalid escape sequence in 
Generated by: Murphy Berzish, Mitja Kulczynski, Federico Mora, Florin Manea, Joel Day, Dirk Nowotka, Vijay Ganesh, Zhengyang Lu
Generated on: 2020-10-01
Description: Translated from a collection of real-world regex queries, AutomataArk, collected by Loris D’Antoni and Fang Wang: https://github.com/lorisdanto/automatark
Application: Evaluate solvers on real-world regex queries
Target solver: Z3str3RE, CVC4, OSTRICH, Z3seq, Z3str3, Z3-Trau
Publications: Berzish, M., Kulczynski, M., Mora, F., Manea, F., Day, J. D., Nowotka, D., & Ganesh, V. (2021, July). An SMT solver for regular expressions and linear arithmetic over string length. In CAV 2021.

unsat
QF_S/20230329-automatark-lu/instance15205.smt2 : 75 ms.
--------------------------------------------------
unknown
Invalid escape sequence in 
Generated by: Murphy Berzish, Mitja Kulczynski, Federico Mora, Florin Manea, Joel Day, Dirk Nowotka, Vijay Ganesh, Zhengyang Lu
Generated on: 2020-10-01
Description: Translated from a collection of real-world regex queries, AutomataArk, collected by Loris D’Antoni and Fang Wang: https://github.com/lorisdanto/automatark
Application: Evaluate solvers on real-world regex queries
Target solver: Z3str3RE, CVC4, OSTRICH, Z3seq, Z3str3, Z3-Trau
Publications: Berzish, M., Kulczynski, M., Mora, F., Manea, F., Day, J. D., Nowotka, D., & Ganesh, V. (2021, July). An SMT solver for regular expressions and linear arithmetic over string length. In CAV 2021.

unsat
QF_S/20230329-automatark-lu/instance15206.smt2 : 24 ms.
--------------------------------------------------
unknown
Invalid escape sequence in 
Generated by: Murphy Berzish, Mitja Kulczynski, Federico Mora, Florin Manea, Joel Day, Dirk Nowotka, Vijay Ganesh, Zhengyang Lu
Generated on: 2020-10-01
Description: Translated from a collection of real-world regex queries, AutomataArk, collected by Loris D’Antoni and Fang Wang: https://github.com/lorisdanto/automatark
Application: Evaluate solvers on real-world regex queries
Target solver: Z3str3RE, CVC4, OSTRICH, Z3seq, Z3str3, Z3-Trau
Publications: Berzish, M., Kulczynski, M., Mora, F., Manea, F., Day, J. D., Nowotka, D., & Ganesh, V. (2021, July). An SMT solver for regular expressions and linear arithmetic over string length. In CAV 2021.

sat
QF_S/20230329-automatark-lu/instance15207.smt2 : 46 ms.
--------------------------------------------------
unknown
Invalid escape sequence in 
Generated by: Murphy Berzish, Mitja Kulczynski, Federico Mora, Florin Manea, Joel Day, Dirk Nowotka, Vijay Ganesh, Zhengyang Lu
Generated on: 2020-10-01
Description: Translated from a collection of real-world regex queries, AutomataArk, collected by Loris D’Antoni and Fang Wang: https://github.com/lorisdanto/automatark
Application: Evaluate solvers on real-world regex queries
Target solver: Z3str3RE, CVC4, OSTRICH, Z3seq, Z3str3, Z3-Trau
Publications: Berzish, M., Kulczynski, M., Mora, F., Manea, F., Day, J. D., Nowotka, D., & Ganesh, V. (2021, July). An SMT solver for regular expressions and linear arithmetic over string length. In CAV 2021.

sat
QF_S/20230329-automatark-lu/instance15208.smt2 : 61 ms.
--------------------------------------------------
unknown
Invalid escape sequence in 
Generated by: Murphy Berzish, Mitja Kulczynski, Federico Mora, Florin Manea, Joel Day, Dirk Nowotka, Vijay Ganesh, Zhengyang Lu
Generated on: 2020-10-01
Description: Translated from a collection of real-world regex queries, AutomataArk, collected by Loris D’Antoni and Fang Wang: https://github.com/lorisdanto/automatark
Application: Evaluate solvers on real-world regex queries
Target solver: Z3str3RE, CVC4, OSTRICH, Z3seq, Z3str3, Z3-Trau
Publications: Berzish, M., Kulczynski, M., Mora, F., Manea, F., Day, J. D., Nowotka, D., & Ganesh, V. (2021, July). An SMT solver for regular expressions and linear arithmetic over string length. In CAV 2021.

unsat
QF_S/20230329-automatark-lu/instance15209.smt2 : 85 ms.
--------------------------------------------------
unknown
Invalid escape sequence in 
Generated by: Murphy Berzish, Mitja Kulczynski, Federico Mora, Florin Manea, Joel Day, Dirk Nowotka, Vijay Ganesh, Zhengyang Lu
Generated on: 2020-10-01
Description: Translated from a collection of real-world regex queries, AutomataArk, collected by Loris D’Antoni and Fang Wang: https://github.com/lorisdanto/automatark
Application: Evaluate solvers on real-world regex queries
Target solver: Z3str3RE, CVC4, OSTRICH, Z3seq, Z3str3, Z3-Trau
Publications: Berzish, M., Kulczynski, M., Mora, F., Manea, F., Day, J. D., Nowotka, D., & Ganesh, V. (2021, July). An SMT solver for regular expressions and linear arithmetic over string length. In CAV 2021.

unsat
QF_S/20230329-automatark-lu/instance15210.smt2 : 43 ms.
--------------------------------------------------
unknown
Invalid escape sequence in 
Generated by: Murphy Berzish, Mitja Kulczynski, Federico Mora, Florin Manea, Joel Day, Dirk Nowotka, Vijay Ganesh, Zhengyang Lu
Generated on: 2020-10-01
Description: Translated from a collection of real-world regex queries, AutomataArk, collected by Loris D’Antoni and Fang Wang: https://github.com/lorisdanto/automatark
Application: Evaluate solvers on real-world regex queries
Target solver: Z3str3RE, CVC4, OSTRICH, Z3seq, Z3str3, Z3-Trau
Publications: Berzish, M., Kulczynski, M., Mora, F., Manea, F., Day, J. D., Nowotka, D., & Ganesh, V. (2021, July). An SMT solver for regular expressions and linear arithmetic over string length. In CAV 2021.

sat
QF_S/20230329-automatark-lu/instance15211.smt2 : 185 ms.
--------------------------------------------------
unknown
Invalid escape sequence in 
Generated by: Murphy Berzish, Mitja Kulczynski, Federico Mora, Florin Manea, Joel Day, Dirk Nowotka, Vijay Ganesh, Zhengyang Lu
Generated on: 2020-10-01
Description: Translated from a collection of real-world regex queries, AutomataArk, collected by Loris D’Antoni and Fang Wang: https://github.com/lorisdanto/automatark
Application: Evaluate solvers on real-world regex queries
Target solver: Z3str3RE, CVC4, OSTRICH, Z3seq, Z3str3, Z3-Trau
Publications: Berzish, M., Kulczynski, M., Mora, F., Manea, F., Day, J. D., Nowotka, D., & Ganesh, V. (2021, July). An SMT solver for regular expressions and linear arithmetic over string length. In CAV 2021.

sat
QF_S/20230329-automatark-lu/instance15212.smt2 : 35 ms.
--------------------------------------------------
unknown
Invalid escape sequence in 
Generated by: Murphy Berzish, Mitja Kulczynski, Federico Mora, Florin Manea, Joel Day, Dirk Nowotka, Vijay Ganesh, Zhengyang Lu
Generated on: 2020-10-01
Description: Translated from a collection of real-world regex queries, AutomataArk, collected by Loris D’Antoni and Fang Wang: https://github.com/lorisdanto/automatark
Application: Evaluate solvers on real-world regex queries
Target solver: Z3str3RE, CVC4, OSTRICH, Z3seq, Z3str3, Z3-Trau
Publications: Berzish, M., Kulczynski, M., Mora, F., Manea, F., Day, J. D., Nowotka, D., & Ganesh, V. (2021, July). An SMT solver for regular expressions and linear arithmetic over string length. In CAV 2021.

unsat
QF_S/20230329-automatark-lu/instance15213.smt2 : 50 ms.
--------------------------------------------------
unknown
Invalid escape sequence in 
Generated by: Murphy Berzish, Mitja Kulczynski, Federico Mora, Florin Manea, Joel Day, Dirk Nowotka, Vijay Ganesh, Zhengyang Lu
Generated on: 2020-10-01
Description: Translated from a collection of real-world regex queries, AutomataArk, collected by Loris D’Antoni and Fang Wang: https://github.com/lorisdanto/automatark
Application: Evaluate solvers on real-world regex queries
Target solver: Z3str3RE, CVC4, OSTRICH, Z3seq, Z3str3, Z3-Trau
Publications: Berzish, M., Kulczynski, M., Mora, F., Manea, F., Day, J. D., Nowotka, D., & Ganesh, V. (2021, July). An SMT solver for regular expressions and linear arithmetic over string length. In CAV 2021.

sat
QF_S/20230329-automatark-lu/instance15214.smt2 : 42 ms.
--------------------------------------------------
unknown
Invalid escape sequence in 
Generated by: Murphy Berzish, Mitja Kulczynski, Federico Mora, Florin Manea, Joel Day, Dirk Nowotka, Vijay Ganesh, Zhengyang Lu
Generated on: 2020-10-01
Description: Translated from a collection of real-world regex queries, AutomataArk, collected by Loris D’Antoni and Fang Wang: https://github.com/lorisdanto/automatark
Application: Evaluate solvers on real-world regex queries
Target solver: Z3str3RE, CVC4, OSTRICH, Z3seq, Z3str3, Z3-Trau
Publications: Berzish, M., Kulczynski, M., Mora, F., Manea, F., Day, J. D., Nowotka, D., & Ganesh, V. (2021, July). An SMT solver for regular expressions and linear arithmetic over string length. In CAV 2021.

sat
QF_S/20230329-automatark-lu/instance15215.smt2 : 189 ms.
--------------------------------------------------
unknown
Invalid escape sequence in 
Generated by: Murphy Berzish, Mitja Kulczynski, Federico Mora, Florin Manea, Joel Day, Dirk Nowotka, Vijay Ganesh, Zhengyang Lu
Generated on: 2020-10-01
Description: Translated from a collection of real-world regex queries, AutomataArk, collected by Loris D’Antoni and Fang Wang: https://github.com/lorisdanto/automatark
Application: Evaluate solvers on real-world regex queries
Target solver: Z3str3RE, CVC4, OSTRICH, Z3seq, Z3str3, Z3-Trau
Publications: Berzish, M., Kulczynski, M., Mora, F., Manea, F., Day, J. D., Nowotka, D., & Ganesh, V. (2021, July). An SMT solver for regular expressions and linear arithmetic over string length. In CAV 2021.

unsat
QF_S/20230329-automatark-lu/instance15216.smt2 : 59 ms.
--------------------------------------------------
unknown
Invalid escape sequence in 
Generated by: Murphy Berzish, Mitja Kulczynski, Federico Mora, Florin Manea, Joel Day, Dirk Nowotka, Vijay Ganesh, Zhengyang Lu
Generated on: 2020-10-01
Description: Translated from a collection of real-world regex queries, AutomataArk, collected by Loris D’Antoni and Fang Wang: https://github.com/lorisdanto/automatark
Application: Evaluate solvers on real-world regex queries
Target solver: Z3str3RE, CVC4, OSTRICH, Z3seq, Z3str3, Z3-Trau
Publications: Berzish, M., Kulczynski, M., Mora, F., Manea, F., Day, J. D., Nowotka, D., & Ganesh, V. (2021, July). An SMT solver for regular expressions and linear arithmetic over string length. In CAV 2021.

unsat
QF_S/20230329-automatark-lu/instance15217.smt2 : 3441 ms.
--------------------------------------------------
unknown
Invalid escape sequence in 
Generated by: Murphy Berzish, Mitja Kulczynski, Federico Mora, Florin Manea, Joel Day, Dirk Nowotka, Vijay Ganesh, Zhengyang Lu
Generated on: 2020-10-01
Description: Translated from a collection of real-world regex queries, AutomataArk, collected by Loris D’Antoni and Fang Wang: https://github.com/lorisdanto/automatark
Application: Evaluate solvers on real-world regex queries
Target solver: Z3str3RE, CVC4, OSTRICH, Z3seq, Z3str3, Z3-Trau
Publications: Berzish, M., Kulczynski, M., Mora, F., Manea, F., Day, J. D., Nowotka, D., & Ganesh, V. (2021, July). An SMT solver for regular expressions and linear arithmetic over string length. In CAV 2021.

unsat
QF_S/20230329-automatark-lu/instance15218.smt2 : 53 ms.
--------------------------------------------------
unknown
Invalid escape sequence in 
Generated by: Murphy Berzish, Mitja Kulczynski, Federico Mora, Florin Manea, Joel Day, Dirk Nowotka, Vijay Ganesh, Zhengyang Lu
Generated on: 2020-10-01
Description: Translated from a collection of real-world regex queries, AutomataArk, collected by Loris D’Antoni and Fang Wang: https://github.com/lorisdanto/automatark
Application: Evaluate solvers on real-world regex queries
Target solver: Z3str3RE, CVC4, OSTRICH, Z3seq, Z3str3, Z3-Trau
Publications: Berzish, M., Kulczynski, M., Mora, F., Manea, F., Day, J. D., Nowotka, D., & Ganesh, V. (2021, July). An SMT solver for regular expressions and linear arithmetic over string length. In CAV 2021.

unsat
QF_S/20230329-automatark-lu/instance15219.smt2 : 85 ms.
--------------------------------------------------
unknown
Invalid escape sequence in 
Generated by: Murphy Berzish, Mitja Kulczynski, Federico Mora, Florin Manea, Joel Day, Dirk Nowotka, Vijay Ganesh, Zhengyang Lu
Generated on: 2020-10-01
Description: Translated from a collection of real-world regex queries, AutomataArk, collected by Loris D’Antoni and Fang Wang: https://github.com/lorisdanto/automatark
Application: Evaluate solvers on real-world regex queries
Target solver: Z3str3RE, CVC4, OSTRICH, Z3seq, Z3str3, Z3-Trau
Publications: Berzish, M., Kulczynski, M., Mora, F., Manea, F., Day, J. D., Nowotka, D., & Ganesh, V. (2021, July). An SMT solver for regular expressions and linear arithmetic over string length. In CAV 2021.

sat
QF_S/20230329-automatark-lu/instance15220.smt2 : 556 ms.
--------------------------------------------------
unknown
Invalid escape sequence in 
Generated by: Murphy Berzish, Mitja Kulczynski, Federico Mora, Florin Manea, Joel Day, Dirk Nowotka, Vijay Ganesh, Zhengyang Lu
Generated on: 2020-10-01
Description: Translated from a collection of real-world regex queries, AutomataArk, collected by Loris D’Antoni and Fang Wang: https://github.com/lorisdanto/automatark
Application: Evaluate solvers on real-world regex queries
Target solver: Z3str3RE, CVC4, OSTRICH, Z3seq, Z3str3, Z3-Trau
Publications: Berzish, M., Kulczynski, M., Mora, F., Manea, F., Day, J. D., Nowotka, D., & Ganesh, V. (2021, July). An SMT solver for regular expressions and linear arithmetic over string length. In CAV 2021.

sat
QF_S/20230329-automatark-lu/instance15221.smt2 : 2561 ms.
--------------------------------------------------
unknown
Invalid escape sequence in 
Generated by: Murphy Berzish, Mitja Kulczynski, Federico Mora, Florin Manea, Joel Day, Dirk Nowotka, Vijay Ganesh, Zhengyang Lu
Generated on: 2020-10-01
Description: Translated from a collection of real-world regex queries, AutomataArk, collected by Loris D’Antoni and Fang Wang: https://github.com/lorisdanto/automatark
Application: Evaluate solvers on real-world regex queries
Target solver: Z3str3RE, CVC4, OSTRICH, Z3seq, Z3str3, Z3-Trau
Publications: Berzish, M., Kulczynski, M., Mora, F., Manea, F., Day, J. D., Nowotka, D., & Ganesh, V. (2021, July). An SMT solver for regular expressions and linear arithmetic over string length. In CAV 2021.

sat
QF_S/20230329-automatark-lu/instance15222.smt2 : 159 ms.
--------------------------------------------------
unknown
Invalid escape sequence in 
Generated by: Murphy Berzish, Mitja Kulczynski, Federico Mora, Florin Manea, Joel Day, Dirk Nowotka, Vijay Ganesh, Zhengyang Lu
Generated on: 2020-10-01
Description: Translated from a collection of real-world regex queries, AutomataArk, collected by Loris D’Antoni and Fang Wang: https://github.com/lorisdanto/automatark
Application: Evaluate solvers on real-world regex queries
Target solver: Z3str3RE, CVC4, OSTRICH, Z3seq, Z3str3, Z3-Trau
Publications: Berzish, M., Kulczynski, M., Mora, F., Manea, F., Day, J. D., Nowotka, D., & Ganesh, V. (2021, July). An SMT solver for regular expressions and linear arithmetic over string length. In CAV 2021.

unsat
QF_S/20230329-automatark-lu/instance15223.smt2 : 42 ms.
--------------------------------------------------
