--------------------------------------------------
unknown
Invalid escape sequence in 
Generated by: Murphy Berzish, Mitja Kulczynski, Federico Mora, Florin Manea, Joel Day, Dirk Nowotka, Vijay Ganesh, Zhengyang Lu
Generated on: 2020-10-01
Description: Translated from a collection of real-world regex queries, AutomataArk, collected by Loris D’Antoni and Fang Wang: https://github.com/lorisdanto/automatark
Application: Evaluate solvers on real-world regex queries
Target solver: Z3str3RE, CVC4, OSTRICH, Z3seq, Z3str3, Z3-Trau
Publications: Berzish, M., Kulczynski, M., Mora, F., Manea, F., Day, J. D., Nowotka, D., & Ganesh, V. (2021, July). An SMT solver for regular expressions and linear arithmetic over string length. In CAV 2021.

sat
QF_S/20230329-automatark-lu/instance11785.smt2 : 45 ms.
--------------------------------------------------
unknown
Invalid escape sequence in 
Generated by: Murphy Berzish, Mitja Kulczynski, Federico Mora, Florin Manea, Joel Day, Dirk Nowotka, Vijay Ganesh, Zhengyang Lu
Generated on: 2020-10-01
Description: Translated from a collection of real-world regex queries, AutomataArk, collected by Loris D’Antoni and Fang Wang: https://github.com/lorisdanto/automatark
Application: Evaluate solvers on real-world regex queries
Target solver: Z3str3RE, CVC4, OSTRICH, Z3seq, Z3str3, Z3-Trau
Publications: Berzish, M., Kulczynski, M., Mora, F., Manea, F., Day, J. D., Nowotka, D., & Ganesh, V. (2021, July). An SMT solver for regular expressions and linear arithmetic over string length. In CAV 2021.

unsat
QF_S/20230329-automatark-lu/instance11786.smt2 : 102 ms.
--------------------------------------------------
unknown
Invalid escape sequence in 
Generated by: Murphy Berzish, Mitja Kulczynski, Federico Mora, Florin Manea, Joel Day, Dirk Nowotka, Vijay Ganesh, Zhengyang Lu
Generated on: 2020-10-01
Description: Translated from a collection of real-world regex queries, AutomataArk, collected by Loris D’Antoni and Fang Wang: https://github.com/lorisdanto/automatark
Application: Evaluate solvers on real-world regex queries
Target solver: Z3str3RE, CVC4, OSTRICH, Z3seq, Z3str3, Z3-Trau
Publications: Berzish, M., Kulczynski, M., Mora, F., Manea, F., Day, J. D., Nowotka, D., & Ganesh, V. (2021, July). An SMT solver for regular expressions and linear arithmetic over string length. In CAV 2021.

unsat
QF_S/20230329-automatark-lu/instance11787.smt2 : 51 ms.
--------------------------------------------------
unknown
Invalid escape sequence in 
Generated by: Murphy Berzish, Mitja Kulczynski, Federico Mora, Florin Manea, Joel Day, Dirk Nowotka, Vijay Ganesh, Zhengyang Lu
Generated on: 2020-10-01
Description: Translated from a collection of real-world regex queries, AutomataArk, collected by Loris D’Antoni and Fang Wang: https://github.com/lorisdanto/automatark
Application: Evaluate solvers on real-world regex queries
Target solver: Z3str3RE, CVC4, OSTRICH, Z3seq, Z3str3, Z3-Trau
Publications: Berzish, M., Kulczynski, M., Mora, F., Manea, F., Day, J. D., Nowotka, D., & Ganesh, V. (2021, July). An SMT solver for regular expressions and linear arithmetic over string length. In CAV 2021.

sat
QF_S/20230329-automatark-lu/instance11788.smt2 : 25 ms.
--------------------------------------------------
unknown
Invalid escape sequence in 
Generated by: Murphy Berzish, Mitja Kulczynski, Federico Mora, Florin Manea, Joel Day, Dirk Nowotka, Vijay Ganesh, Zhengyang Lu
Generated on: 2020-10-01
Description: Translated from a collection of real-world regex queries, AutomataArk, collected by Loris D’Antoni and Fang Wang: https://github.com/lorisdanto/automatark
Application: Evaluate solvers on real-world regex queries
Target solver: Z3str3RE, CVC4, OSTRICH, Z3seq, Z3str3, Z3-Trau
Publications: Berzish, M., Kulczynski, M., Mora, F., Manea, F., Day, J. D., Nowotka, D., & Ganesh, V. (2021, July). An SMT solver for regular expressions and linear arithmetic over string length. In CAV 2021.

unsat
QF_S/20230329-automatark-lu/instance11789.smt2 : 16 ms.
--------------------------------------------------
unknown
Invalid escape sequence in 
Generated by: Murphy Berzish, Mitja Kulczynski, Federico Mora, Florin Manea, Joel Day, Dirk Nowotka, Vijay Ganesh, Zhengyang Lu
Generated on: 2020-10-01
Description: Translated from a collection of real-world regex queries, AutomataArk, collected by Loris D’Antoni and Fang Wang: https://github.com/lorisdanto/automatark
Application: Evaluate solvers on real-world regex queries
Target solver: Z3str3RE, CVC4, OSTRICH, Z3seq, Z3str3, Z3-Trau
Publications: Berzish, M., Kulczynski, M., Mora, F., Manea, F., Day, J. D., Nowotka, D., & Ganesh, V. (2021, July). An SMT solver for regular expressions and linear arithmetic over string length. In CAV 2021.

sat
QF_S/20230329-automatark-lu/instance11790.smt2 : 138 ms.
--------------------------------------------------
unknown
Invalid escape sequence in 
Generated by: Murphy Berzish, Mitja Kulczynski, Federico Mora, Florin Manea, Joel Day, Dirk Nowotka, Vijay Ganesh, Zhengyang Lu
Generated on: 2020-10-01
Description: Translated from a collection of real-world regex queries, AutomataArk, collected by Loris D’Antoni and Fang Wang: https://github.com/lorisdanto/automatark
Application: Evaluate solvers on real-world regex queries
Target solver: Z3str3RE, CVC4, OSTRICH, Z3seq, Z3str3, Z3-Trau
Publications: Berzish, M., Kulczynski, M., Mora, F., Manea, F., Day, J. D., Nowotka, D., & Ganesh, V. (2021, July). An SMT solver for regular expressions and linear arithmetic over string length. In CAV 2021.

sat
QF_S/20230329-automatark-lu/instance11791.smt2 : 134 ms.
--------------------------------------------------
unknown
Invalid escape sequence in 
Generated by: Murphy Berzish, Mitja Kulczynski, Federico Mora, Florin Manea, Joel Day, Dirk Nowotka, Vijay Ganesh, Zhengyang Lu
Generated on: 2020-10-01
Description: Translated from a collection of real-world regex queries, AutomataArk, collected by Loris D’Antoni and Fang Wang: https://github.com/lorisdanto/automatark
Application: Evaluate solvers on real-world regex queries
Target solver: Z3str3RE, CVC4, OSTRICH, Z3seq, Z3str3, Z3-Trau
Publications: Berzish, M., Kulczynski, M., Mora, F., Manea, F., Day, J. D., Nowotka, D., & Ganesh, V. (2021, July). An SMT solver for regular expressions and linear arithmetic over string length. In CAV 2021.

sat
QF_S/20230329-automatark-lu/instance11792.smt2 : 399 ms.
--------------------------------------------------
unknown
Invalid escape sequence in 
Generated by: Murphy Berzish, Mitja Kulczynski, Federico Mora, Florin Manea, Joel Day, Dirk Nowotka, Vijay Ganesh, Zhengyang Lu
Generated on: 2020-10-01
Description: Translated from a collection of real-world regex queries, AutomataArk, collected by Loris D’Antoni and Fang Wang: https://github.com/lorisdanto/automatark
Application: Evaluate solvers on real-world regex queries
Target solver: Z3str3RE, CVC4, OSTRICH, Z3seq, Z3str3, Z3-Trau
Publications: Berzish, M., Kulczynski, M., Mora, F., Manea, F., Day, J. D., Nowotka, D., & Ganesh, V. (2021, July). An SMT solver for regular expressions and linear arithmetic over string length. In CAV 2021.

unsat
QF_S/20230329-automatark-lu/instance11793.smt2 : 111 ms.
--------------------------------------------------
unknown
Invalid escape sequence in 
Generated by: Murphy Berzish, Mitja Kulczynski, Federico Mora, Florin Manea, Joel Day, Dirk Nowotka, Vijay Ganesh, Zhengyang Lu
Generated on: 2020-10-01
Description: Translated from a collection of real-world regex queries, AutomataArk, collected by Loris D’Antoni and Fang Wang: https://github.com/lorisdanto/automatark
Application: Evaluate solvers on real-world regex queries
Target solver: Z3str3RE, CVC4, OSTRICH, Z3seq, Z3str3, Z3-Trau
Publications: Berzish, M., Kulczynski, M., Mora, F., Manea, F., Day, J. D., Nowotka, D., & Ganesh, V. (2021, July). An SMT solver for regular expressions and linear arithmetic over string length. In CAV 2021.

unsat
QF_S/20230329-automatark-lu/instance11794.smt2 : 1112 ms.
--------------------------------------------------
unknown
Invalid escape sequence in 
Generated by: Murphy Berzish, Mitja Kulczynski, Federico Mora, Florin Manea, Joel Day, Dirk Nowotka, Vijay Ganesh, Zhengyang Lu
Generated on: 2020-10-01
Description: Translated from a collection of real-world regex queries, AutomataArk, collected by Loris D’Antoni and Fang Wang: https://github.com/lorisdanto/automatark
Application: Evaluate solvers on real-world regex queries
Target solver: Z3str3RE, CVC4, OSTRICH, Z3seq, Z3str3, Z3-Trau
Publications: Berzish, M., Kulczynski, M., Mora, F., Manea, F., Day, J. D., Nowotka, D., & Ganesh, V. (2021, July). An SMT solver for regular expressions and linear arithmetic over string length. In CAV 2021.

unsat
QF_S/20230329-automatark-lu/instance11795.smt2 : 18 ms.
--------------------------------------------------
unknown
Invalid escape sequence in 
Generated by: Murphy Berzish, Mitja Kulczynski, Federico Mora, Florin Manea, Joel Day, Dirk Nowotka, Vijay Ganesh, Zhengyang Lu
Generated on: 2020-10-01
Description: Translated from a collection of real-world regex queries, AutomataArk, collected by Loris D’Antoni and Fang Wang: https://github.com/lorisdanto/automatark
Application: Evaluate solvers on real-world regex queries
Target solver: Z3str3RE, CVC4, OSTRICH, Z3seq, Z3str3, Z3-Trau
Publications: Berzish, M., Kulczynski, M., Mora, F., Manea, F., Day, J. D., Nowotka, D., & Ganesh, V. (2021, July). An SMT solver for regular expressions and linear arithmetic over string length. In CAV 2021.

sat
QF_S/20230329-automatark-lu/instance11796.smt2 : 314 ms.
--------------------------------------------------
unknown
Invalid escape sequence in 
Generated by: Murphy Berzish, Mitja Kulczynski, Federico Mora, Florin Manea, Joel Day, Dirk Nowotka, Vijay Ganesh, Zhengyang Lu
Generated on: 2020-10-01
Description: Translated from a collection of real-world regex queries, AutomataArk, collected by Loris D’Antoni and Fang Wang: https://github.com/lorisdanto/automatark
Application: Evaluate solvers on real-world regex queries
Target solver: Z3str3RE, CVC4, OSTRICH, Z3seq, Z3str3, Z3-Trau
Publications: Berzish, M., Kulczynski, M., Mora, F., Manea, F., Day, J. D., Nowotka, D., & Ganesh, V. (2021, July). An SMT solver for regular expressions and linear arithmetic over string length. In CAV 2021.

sat
QF_S/20230329-automatark-lu/instance11797.smt2 : 23 ms.
--------------------------------------------------
unknown
Invalid escape sequence in 
Generated by: Murphy Berzish, Mitja Kulczynski, Federico Mora, Florin Manea, Joel Day, Dirk Nowotka, Vijay Ganesh, Zhengyang Lu
Generated on: 2020-10-01
Description: Translated from a collection of real-world regex queries, AutomataArk, collected by Loris D’Antoni and Fang Wang: https://github.com/lorisdanto/automatark
Application: Evaluate solvers on real-world regex queries
Target solver: Z3str3RE, CVC4, OSTRICH, Z3seq, Z3str3, Z3-Trau
Publications: Berzish, M., Kulczynski, M., Mora, F., Manea, F., Day, J. D., Nowotka, D., & Ganesh, V. (2021, July). An SMT solver for regular expressions and linear arithmetic over string length. In CAV 2021.

unsat
QF_S/20230329-automatark-lu/instance11798.smt2 : 49 ms.
--------------------------------------------------
unknown
Invalid escape sequence in 
Generated by: Murphy Berzish, Mitja Kulczynski, Federico Mora, Florin Manea, Joel Day, Dirk Nowotka, Vijay Ganesh, Zhengyang Lu
Generated on: 2020-10-01
Description: Translated from a collection of real-world regex queries, AutomataArk, collected by Loris D’Antoni and Fang Wang: https://github.com/lorisdanto/automatark
Application: Evaluate solvers on real-world regex queries
Target solver: Z3str3RE, CVC4, OSTRICH, Z3seq, Z3str3, Z3-Trau
Publications: Berzish, M., Kulczynski, M., Mora, F., Manea, F., Day, J. D., Nowotka, D., & Ganesh, V. (2021, July). An SMT solver for regular expressions and linear arithmetic over string length. In CAV 2021.

unsat
QF_S/20230329-automatark-lu/instance11799.smt2 : 127 ms.
--------------------------------------------------
unknown
Invalid escape sequence in 
Generated by: Murphy Berzish, Mitja Kulczynski, Federico Mora, Florin Manea, Joel Day, Dirk Nowotka, Vijay Ganesh, Zhengyang Lu
Generated on: 2020-10-01
Description: Translated from a collection of real-world regex queries, AutomataArk, collected by Loris D’Antoni and Fang Wang: https://github.com/lorisdanto/automatark
Application: Evaluate solvers on real-world regex queries
Target solver: Z3str3RE, CVC4, OSTRICH, Z3seq, Z3str3, Z3-Trau
Publications: Berzish, M., Kulczynski, M., Mora, F., Manea, F., Day, J. D., Nowotka, D., & Ganesh, V. (2021, July). An SMT solver for regular expressions and linear arithmetic over string length. In CAV 2021.

unsat
QF_S/20230329-automatark-lu/instance11800.smt2 : 20 ms.
--------------------------------------------------
unknown
Invalid escape sequence in 
Generated by: Murphy Berzish, Mitja Kulczynski, Federico Mora, Florin Manea, Joel Day, Dirk Nowotka, Vijay Ganesh, Zhengyang Lu
Generated on: 2020-10-01
Description: Translated from a collection of real-world regex queries, AutomataArk, collected by Loris D’Antoni and Fang Wang: https://github.com/lorisdanto/automatark
Application: Evaluate solvers on real-world regex queries
Target solver: Z3str3RE, CVC4, OSTRICH, Z3seq, Z3str3, Z3-Trau
Publications: Berzish, M., Kulczynski, M., Mora, F., Manea, F., Day, J. D., Nowotka, D., & Ganesh, V. (2021, July). An SMT solver for regular expressions and linear arithmetic over string length. In CAV 2021.

unsat
QF_S/20230329-automatark-lu/instance11801.smt2 : 31 ms.
--------------------------------------------------
unknown
Invalid escape sequence in 
Generated by: Murphy Berzish, Mitja Kulczynski, Federico Mora, Florin Manea, Joel Day, Dirk Nowotka, Vijay Ganesh, Zhengyang Lu
Generated on: 2020-10-01
Description: Translated from a collection of real-world regex queries, AutomataArk, collected by Loris D’Antoni and Fang Wang: https://github.com/lorisdanto/automatark
Application: Evaluate solvers on real-world regex queries
Target solver: Z3str3RE, CVC4, OSTRICH, Z3seq, Z3str3, Z3-Trau
Publications: Berzish, M., Kulczynski, M., Mora, F., Manea, F., Day, J. D., Nowotka, D., & Ganesh, V. (2021, July). An SMT solver for regular expressions and linear arithmetic over string length. In CAV 2021.

unsat
QF_S/20230329-automatark-lu/instance11802.smt2 : 38 ms.
--------------------------------------------------
unknown
Invalid escape sequence in 
Generated by: Murphy Berzish, Mitja Kulczynski, Federico Mora, Florin Manea, Joel Day, Dirk Nowotka, Vijay Ganesh, Zhengyang Lu
Generated on: 2020-10-01
Description: Translated from a collection of real-world regex queries, AutomataArk, collected by Loris D’Antoni and Fang Wang: https://github.com/lorisdanto/automatark
Application: Evaluate solvers on real-world regex queries
Target solver: Z3str3RE, CVC4, OSTRICH, Z3seq, Z3str3, Z3-Trau
Publications: Berzish, M., Kulczynski, M., Mora, F., Manea, F., Day, J. D., Nowotka, D., & Ganesh, V. (2021, July). An SMT solver for regular expressions and linear arithmetic over string length. In CAV 2021.

sat
QF_S/20230329-automatark-lu/instance11803.smt2 : 293 ms.
--------------------------------------------------
unknown
Invalid escape sequence in 
Generated by: Murphy Berzish, Mitja Kulczynski, Federico Mora, Florin Manea, Joel Day, Dirk Nowotka, Vijay Ganesh, Zhengyang Lu
Generated on: 2020-10-01
Description: Translated from a collection of real-world regex queries, AutomataArk, collected by Loris D’Antoni and Fang Wang: https://github.com/lorisdanto/automatark
Application: Evaluate solvers on real-world regex queries
Target solver: Z3str3RE, CVC4, OSTRICH, Z3seq, Z3str3, Z3-Trau
Publications: Berzish, M., Kulczynski, M., Mora, F., Manea, F., Day, J. D., Nowotka, D., & Ganesh, V. (2021, July). An SMT solver for regular expressions and linear arithmetic over string length. In CAV 2021.

unsat
QF_S/20230329-automatark-lu/instance11804.smt2 : 61 ms.
--------------------------------------------------
unknown
Invalid escape sequence in 
Generated by: Murphy Berzish, Mitja Kulczynski, Federico Mora, Florin Manea, Joel Day, Dirk Nowotka, Vijay Ganesh, Zhengyang Lu
Generated on: 2020-10-01
Description: Translated from a collection of real-world regex queries, AutomataArk, collected by Loris D’Antoni and Fang Wang: https://github.com/lorisdanto/automatark
Application: Evaluate solvers on real-world regex queries
Target solver: Z3str3RE, CVC4, OSTRICH, Z3seq, Z3str3, Z3-Trau
Publications: Berzish, M., Kulczynski, M., Mora, F., Manea, F., Day, J. D., Nowotka, D., & Ganesh, V. (2021, July). An SMT solver for regular expressions and linear arithmetic over string length. In CAV 2021.

unsat
QF_S/20230329-automatark-lu/instance11805.smt2 : 53 ms.
--------------------------------------------------
unknown
Invalid escape sequence in 
Generated by: Murphy Berzish, Mitja Kulczynski, Federico Mora, Florin Manea, Joel Day, Dirk Nowotka, Vijay Ganesh, Zhengyang Lu
Generated on: 2020-10-01
Description: Translated from a collection of real-world regex queries, AutomataArk, collected by Loris D’Antoni and Fang Wang: https://github.com/lorisdanto/automatark
Application: Evaluate solvers on real-world regex queries
Target solver: Z3str3RE, CVC4, OSTRICH, Z3seq, Z3str3, Z3-Trau
Publications: Berzish, M., Kulczynski, M., Mora, F., Manea, F., Day, J. D., Nowotka, D., & Ganesh, V. (2021, July). An SMT solver for regular expressions and linear arithmetic over string length. In CAV 2021.

sat
QF_S/20230329-automatark-lu/instance11806.smt2 : 122 ms.
--------------------------------------------------
unknown
Invalid escape sequence in 
Generated by: Murphy Berzish, Mitja Kulczynski, Federico Mora, Florin Manea, Joel Day, Dirk Nowotka, Vijay Ganesh, Zhengyang Lu
Generated on: 2020-10-01
Description: Translated from a collection of real-world regex queries, AutomataArk, collected by Loris D’Antoni and Fang Wang: https://github.com/lorisdanto/automatark
Application: Evaluate solvers on real-world regex queries
Target solver: Z3str3RE, CVC4, OSTRICH, Z3seq, Z3str3, Z3-Trau
Publications: Berzish, M., Kulczynski, M., Mora, F., Manea, F., Day, J. D., Nowotka, D., & Ganesh, V. (2021, July). An SMT solver for regular expressions and linear arithmetic over string length. In CAV 2021.

sat
QF_S/20230329-automatark-lu/instance11807.smt2 : 161 ms.
--------------------------------------------------
