--------------------------------------------------
unsat
QF_NRA/20161105-Sturm-MBO/mbo_E23E27.smt2 : 65 ms.
--------------------------------------------------
unsat
QF_NRA/20161105-Sturm-MBO/mbo_E23E28.smt2 : 107 ms.
--------------------------------------------------
unsat
QF_NRA/20161105-Sturm-MBO/mbo_E23.smt2 : 196 ms.
--------------------------------------------------
unsat
QF_NRA/20161105-Sturm-MBO/mbo_E24E25.smt2 : 533 ms.
--------------------------------------------------
unsat
QF_NRA/20161105-Sturm-MBO/mbo_E24E26.smt2 : 511 ms.
--------------------------------------------------
unsat
QF_NRA/20161105-Sturm-MBO/mbo_E24E27.smt2 : 232 ms.
--------------------------------------------------
unsat
QF_NRA/20161105-Sturm-MBO/mbo_E24E28.smt2 : 384 ms.
--------------------------------------------------
unsat
QF_NRA/20161105-Sturm-MBO/mbo_E24.smt2 : 176 ms.
--------------------------------------------------
unsat
QF_NRA/20161105-Sturm-MBO/mbo_E25E26.smt2 : 203 ms.
--------------------------------------------------
unsat
QF_NRA/20161105-Sturm-MBO/mbo_E25E27.smt2 : 224 ms.
--------------------------------------------------
unsat
QF_NRA/20161105-Sturm-MBO/mbo_E25E28.smt2 : 412 ms.
--------------------------------------------------
unsat
QF_NRA/20161105-Sturm-MBO/mbo_E25.smt2 : 160 ms.
--------------------------------------------------
unsat
QF_NRA/20161105-Sturm-MBO/mbo_E26E27.smt2 : 140 ms.
--------------------------------------------------
unsat
QF_NRA/20161105-Sturm-MBO/mbo_E26E28.smt2 : 152 ms.
--------------------------------------------------
unsat
QF_NRA/20161105-Sturm-MBO/mbo_E26.smt2 : 123 ms.
--------------------------------------------------
unsat
QF_NRA/20161105-Sturm-MBO/mbo_E27E28.smt2 : 137 ms.
--------------------------------------------------
unsat
QF_NRA/20161105-Sturm-MBO/mbo_E27.smt2 : 126 ms.
--------------------------------------------------
unsat
QF_NRA/20161105-Sturm-MBO/mbo_E28.smt2 : 138 ms.
--------------------------------------------------
unknown
unknown
QF_NRA/20161105-Sturm-MBO/mbo_E2E10.smt2 : 1800011 ms.
--------------------------------------------------
unsat
QF_NRA/20161105-Sturm-MBO/mbo_E2E11.smt2 : 4198 ms.
--------------------------------------------------
unsat
QF_NRA/20161105-Sturm-MBO/mbo_E2E12.smt2 : 19479 ms.
--------------------------------------------------
unsat
QF_NRA/20161105-Sturm-MBO/mbo_E2E13.smt2 : 21131 ms.
--------------------------------------------------
unknown
unknown
QF_NRA/20161105-Sturm-MBO/mbo_E2E14.smt2 : 1800007 ms.
--------------------------------------------------
unsat
QF_NRA/20161105-Sturm-MBO/mbo_E2E15.smt2 : 18460 ms.
--------------------------------------------------
unknown
unknown
QF_NRA/20161105-Sturm-MBO/mbo_E2E16.smt2 : 1800010 ms.
--------------------------------------------------
unknown
unknown
QF_NRA/20161105-Sturm-MBO/mbo_E2E17.smt2 : 1800018 ms.
--------------------------------------------------
unsat
QF_NRA/20161105-Sturm-MBO/mbo_E2E18.smt2 : 20106 ms.
--------------------------------------------------
unsat
QF_NRA/20161105-Sturm-MBO/mbo_E2E19.smt2 : 17730 ms.
--------------------------------------------------
unknown
unknown
QF_NRA/20161105-Sturm-MBO/mbo_E2E20.smt2 : 1800013 ms.
--------------------------------------------------
unknown
unknown
QF_NRA/20161105-Sturm-MBO/mbo_E2E21.smt2 : 1800007 ms.
--------------------------------------------------
unsat
QF_NRA/20161105-Sturm-MBO/mbo_E2E22.smt2 : 11751 ms.
--------------------------------------------------
unsat
QF_NRA/20161105-Sturm-MBO/mbo_E2E23.smt2 : 9515 ms.
--------------------------------------------------
unsat
QF_NRA/20161105-Sturm-MBO/mbo_E2E24.smt2 : 12789 ms.
--------------------------------------------------
unsat
QF_NRA/20161105-Sturm-MBO/mbo_E2E25.smt2 : 12270 ms.
--------------------------------------------------
unsat
QF_NRA/20161105-Sturm-MBO/mbo_E2E26.smt2 : 12748 ms.
--------------------------------------------------
unsat
QF_NRA/20161105-Sturm-MBO/mbo_E2E27.smt2 : 1922 ms.
--------------------------------------------------
unsat
QF_NRA/20161105-Sturm-MBO/mbo_E2E28.smt2 : 11661 ms.
--------------------------------------------------
unsat
QF_NRA/20161105-Sturm-MBO/mbo_E2E3.smt2 : 18263 ms.
--------------------------------------------------
unsat
QF_NRA/20161105-Sturm-MBO/mbo_E2E4.smt2 : 18551 ms.
--------------------------------------------------
unsat
QF_NRA/20161105-Sturm-MBO/mbo_E2E5.smt2 : 25503 ms.
--------------------------------------------------
unsat
QF_NRA/20161105-Sturm-MBO/mbo_E2E6.smt2 : 22925 ms.
--------------------------------------------------
unsat
QF_NRA/20161105-Sturm-MBO/mbo_E2E7.smt2 : 6222 ms.
--------------------------------------------------
unsat
QF_NRA/20161105-Sturm-MBO/mbo_E2E8.smt2 : 18079 ms.
--------------------------------------------------
unknown
unknown
QF_NRA/20161105-Sturm-MBO/mbo_E2E9.smt2 : 1800011 ms.
--------------------------------------------------
unsat
QF_NRA/20161105-Sturm-MBO/mbo_E2.smt2 : 353 ms.
--------------------------------------------------
unknown
unknown
QF_NRA/20161105-Sturm-MBO/mbo_E3E10.smt2 : 1800011 ms.
--------------------------------------------------
unsat
QF_NRA/20161105-Sturm-MBO/mbo_E3E11.smt2 : 3522 ms.
--------------------------------------------------
unsat
QF_NRA/20161105-Sturm-MBO/mbo_E3E12.smt2 : 16352 ms.
--------------------------------------------------
unsat
QF_NRA/20161105-Sturm-MBO/mbo_E3E13.smt2 : 17393 ms.
--------------------------------------------------
unknown
unknown
QF_NRA/20161105-Sturm-MBO/mbo_E3E14.smt2 : 1800015 ms.
--------------------------------------------------
unsat
QF_NRA/20161105-Sturm-MBO/mbo_E3E15.smt2 : 18477 ms.
--------------------------------------------------
unknown
unknown
QF_NRA/20161105-Sturm-MBO/mbo_E3E16.smt2 : 1800010 ms.
--------------------------------------------------
unknown
unknown
QF_NRA/20161105-Sturm-MBO/mbo_E3E17.smt2 : 1800011 ms.
--------------------------------------------------
unsat
QF_NRA/20161105-Sturm-MBO/mbo_E3E18.smt2 : 22121 ms.
--------------------------------------------------
unsat
QF_NRA/20161105-Sturm-MBO/mbo_E3E19.smt2 : 20361 ms.
--------------------------------------------------
unsat
QF_NRA/20161105-Sturm-MBO/mbo_E3E20.smt2 : 9823 ms.
--------------------------------------------------
unsat
QF_NRA/20161105-Sturm-MBO/mbo_E3E21.smt2 : 9508 ms.
--------------------------------------------------
unsat
QF_NRA/20161105-Sturm-MBO/mbo_E3E22.smt2 : 13070 ms.
--------------------------------------------------
unsat
QF_NRA/20161105-Sturm-MBO/mbo_E3E23.smt2 : 10854 ms.
--------------------------------------------------
unsat
QF_NRA/20161105-Sturm-MBO/mbo_E3E24.smt2 : 12004 ms.
--------------------------------------------------
unsat
QF_NRA/20161105-Sturm-MBO/mbo_E3E25.smt2 : 11961 ms.
--------------------------------------------------
unsat
QF_NRA/20161105-Sturm-MBO/mbo_E3E26.smt2 : 13913 ms.
--------------------------------------------------
unsat
QF_NRA/20161105-Sturm-MBO/mbo_E3E27.smt2 : 1675 ms.
--------------------------------------------------
unsat
QF_NRA/20161105-Sturm-MBO/mbo_E3E28.smt2 : 14343 ms.
--------------------------------------------------
unsat
QF_NRA/20161105-Sturm-MBO/mbo_E3E4.smt2 : 24571 ms.
--------------------------------------------------
unsat
QF_NRA/20161105-Sturm-MBO/mbo_E3E5.smt2 : 23805 ms.
--------------------------------------------------
unsat
QF_NRA/20161105-Sturm-MBO/mbo_E3E6.smt2 : 24256 ms.
--------------------------------------------------
unsat
QF_NRA/20161105-Sturm-MBO/mbo_E3E7.smt2 : 5623 ms.
--------------------------------------------------
unsat
QF_NRA/20161105-Sturm-MBO/mbo_E3E8.smt2 : 20622 ms.
--------------------------------------------------
unknown
unknown
QF_NRA/20161105-Sturm-MBO/mbo_E3E9.smt2 : 1800008 ms.
--------------------------------------------------
unsat
QF_NRA/20161105-Sturm-MBO/mbo_E3.smt2 : 364 ms.
--------------------------------------------------
QF_NRA/20161105-Sturm-MBO/mbo_E4E10.smt2 : 1800008 ms.
--------------------------------------------------
QF_NRA/20161105-Sturm-MBO/mbo_E4E11.smt2 : 1800009 ms.
--------------------------------------------------
unknown
unknown
QF_NRA/20161105-Sturm-MBO/mbo_E4E12.smt2 : 1800010 ms.
--------------------------------------------------
unknown
unknown
QF_NRA/20161105-Sturm-MBO/mbo_E4E13.smt2 : 1800008 ms.
--------------------------------------------------
unknown
unknown
QF_NRA/20161105-Sturm-MBO/mbo_E4E14.smt2 : 1800018 ms.
--------------------------------------------------
QF_NRA/20161105-Sturm-MBO/mbo_E4E15.smt2 : 1800011 ms.
--------------------------------------------------
unknown
unknown
QF_NRA/20161105-Sturm-MBO/mbo_E4E16.smt2 : 1800010 ms.
--------------------------------------------------
unknown
unknown
QF_NRA/20161105-Sturm-MBO/mbo_E4E17.smt2 : 1800009 ms.
--------------------------------------------------
unknown
unknown
QF_NRA/20161105-Sturm-MBO/mbo_E4E18.smt2 : 1800010 ms.
--------------------------------------------------
unknown
unknown
QF_NRA/20161105-Sturm-MBO/mbo_E4E19.smt2 : 1800014 ms.
--------------------------------------------------
QF_NRA/20161105-Sturm-MBO/mbo_E4E20.smt2 : 1800010 ms.
--------------------------------------------------
unknown
unknown
QF_NRA/20161105-Sturm-MBO/mbo_E4E21.smt2 : 1800007 ms.
--------------------------------------------------
unknown
unknown
QF_NRA/20161105-Sturm-MBO/mbo_E4E22.smt2 : 1800006 ms.
--------------------------------------------------
unsat
QF_NRA/20161105-Sturm-MBO/mbo_E4E23.smt2 : 10994 ms.
--------------------------------------------------
unsat
QF_NRA/20161105-Sturm-MBO/mbo_E4E24.smt2 : 14217 ms.
--------------------------------------------------
unknown
unknown
QF_NRA/20161105-Sturm-MBO/mbo_E4E25.smt2 : 1800009 ms.
--------------------------------------------------
unsat
QF_NRA/20161105-Sturm-MBO/mbo_E4E26.smt2 : 11174 ms.
--------------------------------------------------
unsat
QF_NRA/20161105-Sturm-MBO/mbo_E4E27.smt2 : 1206 ms.
--------------------------------------------------
unsat
QF_NRA/20161105-Sturm-MBO/mbo_E4E28.smt2 : 12039 ms.
--------------------------------------------------
unsat
QF_NRA/20161105-Sturm-MBO/mbo_E4E5.smt2 : 27390 ms.
--------------------------------------------------
unsat
QF_NRA/20161105-Sturm-MBO/mbo_E4E6.smt2 : 21308 ms.
--------------------------------------------------
unsat
QF_NRA/20161105-Sturm-MBO/mbo_E4E7.smt2 : 4226 ms.
--------------------------------------------------
unknown
unknown
QF_NRA/20161105-Sturm-MBO/mbo_E4E8.smt2 : 1800020 ms.
--------------------------------------------------
unknown
unknown
QF_NRA/20161105-Sturm-MBO/mbo_E4E9.smt2 : 1800014 ms.
--------------------------------------------------
unsat
QF_NRA/20161105-Sturm-MBO/mbo_E4.smt2 : 287 ms.
--------------------------------------------------
unknown
unknown
QF_NRA/20161105-Sturm-MBO/mbo_E5E10.smt2 : 1800014 ms.
--------------------------------------------------
unsat
QF_NRA/20161105-Sturm-MBO/mbo_E5E11.smt2 : 155 ms.
--------------------------------------------------
unsat
QF_NRA/20161105-Sturm-MBO/mbo_E5E12.smt2 : 21707 ms.
--------------------------------------------------
unsat
QF_NRA/20161105-Sturm-MBO/mbo_E5E13.smt2 : 23171 ms.
--------------------------------------------------
unsat
QF_NRA/20161105-Sturm-MBO/mbo_E5E15.smt2 : 21218 ms.
--------------------------------------------------
unsat
QF_NRA/20161105-Sturm-MBO/mbo_E5E16.smt2 : 306 ms.
--------------------------------------------------
unsat
QF_NRA/20161105-Sturm-MBO/mbo_E5E17.smt2 : 282 ms.
--------------------------------------------------
unknown
unknown
QF_NRA/20161105-Sturm-MBO/mbo_E5E18.smt2 : 1800013 ms.
--------------------------------------------------
unsat
QF_NRA/20161105-Sturm-MBO/mbo_E5E19.smt2 : 21182 ms.
--------------------------------------------------
unsat
QF_NRA/20161105-Sturm-MBO/mbo_E5E20.smt2 : 12310 ms.
--------------------------------------------------
unsat
QF_NRA/20161105-Sturm-MBO/mbo_E5E21.smt2 : 191 ms.
--------------------------------------------------
unsat
QF_NRA/20161105-Sturm-MBO/mbo_E5E22.smt2 : 13302 ms.
--------------------------------------------------
unsat
QF_NRA/20161105-Sturm-MBO/mbo_E5E23.smt2 : 204 ms.
--------------------------------------------------
unsat
QF_NRA/20161105-Sturm-MBO/mbo_E5E24.smt2 : 16520 ms.
--------------------------------------------------
unsat
QF_NRA/20161105-Sturm-MBO/mbo_E5E25.smt2 : 15336 ms.
--------------------------------------------------
unsat
QF_NRA/20161105-Sturm-MBO/mbo_E5E26.smt2 : 202 ms.
--------------------------------------------------
unsat
QF_NRA/20161105-Sturm-MBO/mbo_E5E27.smt2 : 115 ms.
--------------------------------------------------
unsat
QF_NRA/20161105-Sturm-MBO/mbo_E5E28.smt2 : 220 ms.
--------------------------------------------------
unsat
QF_NRA/20161105-Sturm-MBO/mbo_E5E6.smt2 : 316 ms.
--------------------------------------------------
unsat
QF_NRA/20161105-Sturm-MBO/mbo_E5E7.smt2 : 188 ms.
--------------------------------------------------
unsat
QF_NRA/20161105-Sturm-MBO/mbo_E5E8.smt2 : 29805 ms.
--------------------------------------------------
unsat
QF_NRA/20161105-Sturm-MBO/mbo_E5E9.smt2 : 294 ms.
--------------------------------------------------
unsat
QF_NRA/20161105-Sturm-MBO/mbo_E5.smt2 : 71 ms.
--------------------------------------------------
unknown
unknown
QF_NRA/20161105-Sturm-MBO/mbo_E6E10.smt2 : 1800010 ms.
--------------------------------------------------
unsat
QF_NRA/20161105-Sturm-MBO/mbo_E6E11.smt2 : 155 ms.
--------------------------------------------------
unsat
QF_NRA/20161105-Sturm-MBO/mbo_E6E12.smt2 : 21026 ms.
--------------------------------------------------
unsat
QF_NRA/20161105-Sturm-MBO/mbo_E6E13.smt2 : 26465 ms.
--------------------------------------------------
unknown
unknown
QF_NRA/20161105-Sturm-MBO/mbo_E6E14.smt2 : 1800007 ms.
--------------------------------------------------
unsat
QF_NRA/20161105-Sturm-MBO/mbo_E6E15.smt2 : 23663 ms.
--------------------------------------------------
unsat
QF_NRA/20161105-Sturm-MBO/mbo_E6E16.smt2 : 274 ms.
--------------------------------------------------
unsat
QF_NRA/20161105-Sturm-MBO/mbo_E6E17.smt2 : 224 ms.
--------------------------------------------------
unknown
unknown
QF_NRA/20161105-Sturm-MBO/mbo_E6E18.smt2 : 1800015 ms.
--------------------------------------------------
unknown
unknown
QF_NRA/20161105-Sturm-MBO/mbo_E6E19.smt2 : 1800011 ms.
--------------------------------------------------
unknown
unknown
QF_NRA/20161105-Sturm-MBO/mbo_E6E20.smt2 : 1800009 ms.
--------------------------------------------------
unknown
unknown
QF_NRA/20161105-Sturm-MBO/mbo_E6E21.smt2 : 1800009 ms.
--------------------------------------------------
unknown
unknown
QF_NRA/20161105-Sturm-MBO/mbo_E6E22.smt2 : 1800009 ms.
--------------------------------------------------
unsat
QF_NRA/20161105-Sturm-MBO/mbo_E6E23.smt2 : 189 ms.
--------------------------------------------------
unsat
QF_NRA/20161105-Sturm-MBO/mbo_E6E24.smt2 : 13091 ms.
--------------------------------------------------
unknown
unknown
QF_NRA/20161105-Sturm-MBO/mbo_E6E25.smt2 : 1800013 ms.
--------------------------------------------------
unsat
QF_NRA/20161105-Sturm-MBO/mbo_E6E26.smt2 : 198 ms.
--------------------------------------------------
unsat
QF_NRA/20161105-Sturm-MBO/mbo_E6E27.smt2 : 98 ms.
--------------------------------------------------
unsat
QF_NRA/20161105-Sturm-MBO/mbo_E6E28.smt2 : 196 ms.
--------------------------------------------------
unsat
QF_NRA/20161105-Sturm-MBO/mbo_E6E7.smt2 : 164 ms.
--------------------------------------------------
unsat
QF_NRA/20161105-Sturm-MBO/mbo_E6E8.smt2 : 24162 ms.
--------------------------------------------------
unsat
QF_NRA/20161105-Sturm-MBO/mbo_E6E9.smt2 : 211 ms.
--------------------------------------------------
unsat
QF_NRA/20161105-Sturm-MBO/mbo_E6.smt2 : 63 ms.
--------------------------------------------------
unknown
unknown
QF_NRA/20161105-Sturm-MBO/mbo_E7E10.smt2 : 1800015 ms.
--------------------------------------------------
unsat
QF_NRA/20161105-Sturm-MBO/mbo_E7E11.smt2 : 49 ms.
--------------------------------------------------
unsat
QF_NRA/20161105-Sturm-MBO/mbo_E7E12.smt2 : 4747 ms.
--------------------------------------------------
unsat
QF_NRA/20161105-Sturm-MBO/mbo_E7E13.smt2 : 5304 ms.
--------------------------------------------------
unknown
unknown
QF_NRA/20161105-Sturm-MBO/mbo_E7E14.smt2 : 1800010 ms.
--------------------------------------------------
unsat
QF_NRA/20161105-Sturm-MBO/mbo_E7E15.smt2 : 5008 ms.
--------------------------------------------------
unsat
QF_NRA/20161105-Sturm-MBO/mbo_E7E16.smt2 : 178 ms.
--------------------------------------------------
unsat
QF_NRA/20161105-Sturm-MBO/mbo_E7E17.smt2 : 163 ms.
--------------------------------------------------
unknown
unknown
QF_NRA/20161105-Sturm-MBO/mbo_E7E18.smt2 : 1800007 ms.
--------------------------------------------------
unsat
QF_NRA/20161105-Sturm-MBO/mbo_E7E19.smt2 : 5666 ms.
--------------------------------------------------
unsat
QF_NRA/20161105-Sturm-MBO/mbo_E7E20.smt2 : 2684 ms.
--------------------------------------------------
unsat
QF_NRA/20161105-Sturm-MBO/mbo_E7E21.smt2 : 117 ms.
--------------------------------------------------
unsat
QF_NRA/20161105-Sturm-MBO/mbo_E7E22.smt2 : 2823 ms.
--------------------------------------------------
unsat
QF_NRA/20161105-Sturm-MBO/mbo_E7E23.smt2 : 100 ms.
--------------------------------------------------
unsat
QF_NRA/20161105-Sturm-MBO/mbo_E7E24.smt2 : 3449 ms.
--------------------------------------------------
unsat
QF_NRA/20161105-Sturm-MBO/mbo_E7E25.smt2 : 3258 ms.
--------------------------------------------------
unsat
QF_NRA/20161105-Sturm-MBO/mbo_E7E26.smt2 : 113 ms.
--------------------------------------------------
unsat
QF_NRA/20161105-Sturm-MBO/mbo_E7E27.smt2 : 54 ms.
--------------------------------------------------
unsat
QF_NRA/20161105-Sturm-MBO/mbo_E7E28.smt2 : 126 ms.
--------------------------------------------------
unsat
QF_NRA/20161105-Sturm-MBO/mbo_E7E8.smt2 : 7223 ms.
--------------------------------------------------
unsat
QF_NRA/20161105-Sturm-MBO/mbo_E7E9.smt2 : 188 ms.
--------------------------------------------------
unsat
QF_NRA/20161105-Sturm-MBO/mbo_E7.smt2 : 43 ms.
--------------------------------------------------
unknown
unknown
QF_NRA/20161105-Sturm-MBO/mbo_E8E10.smt2 : 1800012 ms.
--------------------------------------------------
unsat
QF_NRA/20161105-Sturm-MBO/mbo_E8E11.smt2 : 3806 ms.
--------------------------------------------------
unsat
QF_NRA/20161105-Sturm-MBO/mbo_E8E12.smt2 : 18729 ms.
--------------------------------------------------
unsat
QF_NRA/20161105-Sturm-MBO/mbo_E8E13.smt2 : 21299 ms.
--------------------------------------------------
unknown
QF_NRA/20161105-Sturm-MBO/mbo_E8E14.smt2 : 1800007 ms.
--------------------------------------------------
unsat
QF_NRA/20161105-Sturm-MBO/mbo_E8E15.smt2 : 16696 ms.
--------------------------------------------------
unknown
unknown
QF_NRA/20161105-Sturm-MBO/mbo_E8E16.smt2 : 1800013 ms.
--------------------------------------------------
unknown
unknown
QF_NRA/20161105-Sturm-MBO/mbo_E8E17.smt2 : 1800010 ms.
--------------------------------------------------
unsat
QF_NRA/20161105-Sturm-MBO/mbo_E8E18.smt2 : 16840 ms.
--------------------------------------------------
unsat
QF_NRA/20161105-Sturm-MBO/mbo_E8E19.smt2 : 14689 ms.
--------------------------------------------------
unknown
unknown
QF_NRA/20161105-Sturm-MBO/mbo_E8E20.smt2 : 1800067 ms.
--------------------------------------------------
unknown
QF_NRA/20161105-Sturm-MBO/mbo_E8E21.smt2 : 1800008 ms.
--------------------------------------------------
unsat
QF_NRA/20161105-Sturm-MBO/mbo_E8E22.smt2 : 12250 ms.
--------------------------------------------------
unsat
QF_NRA/20161105-Sturm-MBO/mbo_E8E23.smt2 : 10024 ms.
--------------------------------------------------
unsat
QF_NRA/20161105-Sturm-MBO/mbo_E8E24.smt2 : 12821 ms.
--------------------------------------------------
unsat
QF_NRA/20161105-Sturm-MBO/mbo_E8E25.smt2 : 12560 ms.
--------------------------------------------------
unsat
QF_NRA/20161105-Sturm-MBO/mbo_E8E26.smt2 : 11306 ms.
--------------------------------------------------
unsat
QF_NRA/20161105-Sturm-MBO/mbo_E8E27.smt2 : 1823 ms.
--------------------------------------------------
unsat
QF_NRA/20161105-Sturm-MBO/mbo_E8E28.smt2 : 11833 ms.
--------------------------------------------------
unknown
unknown
QF_NRA/20161105-Sturm-MBO/mbo_E8E9.smt2 : 1800013 ms.
--------------------------------------------------
unsat
QF_NRA/20161105-Sturm-MBO/mbo_E8.smt2 : 374 ms.
--------------------------------------------------
unsat
QF_NRA/20161105-Sturm-MBO/mbo_E9E10.smt2 : 675 ms.
--------------------------------------------------
unsat
QF_NRA/20161105-Sturm-MBO/mbo_E9E11.smt2 : 58 ms.
--------------------------------------------------
unsat
QF_NRA/20161105-Sturm-MBO/mbo_E9E12.smt2 : 9237 ms.
--------------------------------------------------
unsat
QF_NRA/20161105-Sturm-MBO/mbo_E9E13.smt2 : 12484 ms.
--------------------------------------------------
unknown
unknown
QF_NRA/20161105-Sturm-MBO/mbo_E9E14.smt2 : 1800006 ms.
--------------------------------------------------
unsat
QF_NRA/20161105-Sturm-MBO/mbo_E9E15.smt2 : 8837 ms.
--------------------------------------------------
unsat
QF_NRA/20161105-Sturm-MBO/mbo_E9E16.smt2 : 210 ms.
--------------------------------------------------
unsat
QF_NRA/20161105-Sturm-MBO/mbo_E9E17.smt2 : 191 ms.
--------------------------------------------------
QF_NRA/20161105-Sturm-MBO/mbo_E9E18.smt2 : 1800009 ms.
--------------------------------------------------
unknown
unknown
QF_NRA/20161105-Sturm-MBO/mbo_E9E19.smt2 : 1800010 ms.
--------------------------------------------------
unsat
QF_NRA/20161105-Sturm-MBO/mbo_E9E20.smt2 : 551 ms.
--------------------------------------------------
unsat
QF_NRA/20161105-Sturm-MBO/mbo_E9E21.smt2 : 65 ms.
--------------------------------------------------
unknown
unknown
QF_NRA/20161105-Sturm-MBO/mbo_E9E22.smt2 : 1800012 ms.
--------------------------------------------------
unsat
QF_NRA/20161105-Sturm-MBO/mbo_E9E23.smt2 : 179 ms.
--------------------------------------------------
unknown
QF_NRA/20161105-Sturm-MBO/mbo_E9E24.smt2 : 1800013 ms.
