--------------------------------------------------
sat
QF_NRA/20220314-Uncu/Rational_Function_Proof_Calls_With_Disjunctive_Denominator_Simplifications/DDC_ProveIneq_ISSAC05_AmerMathMonthly10347LHSa.smt2 : 145 ms.
--------------------------------------------------
unsat
QF_NRA/20220314-Uncu/Rational_Function_Proof_Calls_With_Disjunctive_Denominator_Simplifications/DDC_ProveIneq_ISSAC05_AmerMathMonthly10347LHSb.smt2 : 496 ms.
--------------------------------------------------
unsat
QF_NRA/20220314-Uncu/Rational_Function_Proof_Calls_With_Disjunctive_Denominator_Simplifications/DDC_ProveIneq_ISSAC05_AmerMathMonthly10347RHS.smt2 : 356 ms.
--------------------------------------------------
unsat
QF_NRA/20220314-Uncu/Rational_Function_Proof_Calls_With_Disjunctive_Denominator_Simplifications/DDC_ProveIneq_ISSAC05_Bessack_2_m1.smt2 : 377 ms.
--------------------------------------------------
unsat
QF_NRA/20220314-Uncu/Rational_Function_Proof_Calls_With_Disjunctive_Denominator_Simplifications/DDC_ProveIneq_ISSAC05_Bessack_3_m1.smt2 : 364 ms.
--------------------------------------------------
unsat
QF_NRA/20220314-Uncu/Rational_Function_Proof_Calls_With_Disjunctive_Denominator_Simplifications/DDC_ProveIneq_ISSAC05_Bessack_3_m2.smt2 : 351 ms.
--------------------------------------------------
unsat
QF_NRA/20220314-Uncu/Rational_Function_Proof_Calls_With_Disjunctive_Denominator_Simplifications/DDC_ProveIneq_ISSAC05_Bessack_4_m1.smt2 : 331 ms.
--------------------------------------------------
unsat
QF_NRA/20220314-Uncu/Rational_Function_Proof_Calls_With_Disjunctive_Denominator_Simplifications/DDC_ProveIneq_ISSAC05_Bessack_4_m2.smt2 : 307 ms.
--------------------------------------------------
unsat
QF_NRA/20220314-Uncu/Rational_Function_Proof_Calls_With_Disjunctive_Denominator_Simplifications/DDC_ProveIneq_ISSAC05_Bessack_4_m3.smt2 : 279 ms.
--------------------------------------------------
unsat
QF_NRA/20220314-Uncu/Rational_Function_Proof_Calls_With_Disjunctive_Denominator_Simplifications/DDC_ProveIneq_ISSAC05_Bessack_5_m1.smt2 : 273 ms.
--------------------------------------------------
unsat
QF_NRA/20220314-Uncu/Rational_Function_Proof_Calls_With_Disjunctive_Denominator_Simplifications/DDC_ProveIneq_ISSAC05_Bessack_5_m2.smt2 : 323 ms.
--------------------------------------------------
unsat
QF_NRA/20220314-Uncu/Rational_Function_Proof_Calls_With_Disjunctive_Denominator_Simplifications/DDC_ProveIneq_ISSAC05_Bessack_5_m3.smt2 : 275 ms.
--------------------------------------------------
unsat
QF_NRA/20220314-Uncu/Rational_Function_Proof_Calls_With_Disjunctive_Denominator_Simplifications/DDC_ProveIneq_ISSAC05_Bessack_5_m4.smt2 : 255 ms.
--------------------------------------------------
sat
QF_NRA/20220314-Uncu/Rational_Function_Proof_Calls_With_Disjunctive_Denominator_Simplifications/DDC_ProveIneq_ISSAC05_FibonacciPoly_a.smt2 : 240 ms.
--------------------------------------------------
unsat
QF_NRA/20220314-Uncu/Rational_Function_Proof_Calls_With_Disjunctive_Denominator_Simplifications/DDC_ProveIneq_ISSAC05_FibonacciPoly_b.smt2 : 7471 ms.
--------------------------------------------------
sat
QF_NRA/20220314-Uncu/Rational_Function_Proof_Calls_With_Disjunctive_Denominator_Simplifications/DDC_ProveIneq_ISSAC05_KnoppSchur_a.smt2 : 152 ms.
--------------------------------------------------
unsat
QF_NRA/20220314-Uncu/Rational_Function_Proof_Calls_With_Disjunctive_Denominator_Simplifications/DDC_ProveIneq_ISSAC05_KnoppSchur_b.smt2 : 212 ms.
--------------------------------------------------
unsat
QF_NRA/20220314-Uncu/Rational_Function_Proof_Calls_With_Disjunctive_Denominator_Simplifications/DDC_ProveIneq_ISSAC05_LevinLHS.smt2 : 192 ms.
--------------------------------------------------
sat
QF_NRA/20220314-Uncu/Rational_Function_Proof_Calls_With_Disjunctive_Denominator_Simplifications/DDC_ProveIneq_ISSAC05_LevinRHSa.smt2 : 201 ms.
--------------------------------------------------
sat
QF_NRA/20220314-Uncu/Rational_Function_Proof_Calls_With_Disjunctive_Denominator_Simplifications/DDC_ProveIneq_ISSAC05_LevinRHSb.smt2 : 315 ms.
--------------------------------------------------
sat
QF_NRA/20220314-Uncu/Rational_Function_Proof_Calls_With_Disjunctive_Denominator_Simplifications/DDC_ProveIneq_ISSAC05_LevinRHSc.smt2 : 469 ms.
--------------------------------------------------
unsat
QF_NRA/20220314-Uncu/Rational_Function_Proof_Calls_With_Disjunctive_Denominator_Simplifications/DDC_ProveIneq_ISSAC05_LevinRHSm.smt2 : 1187 ms.
--------------------------------------------------
unsat
QF_NRA/20220314-Uncu/Rational_Function_Proof_Calls_With_Disjunctive_Denominator_Simplifications/DDC_ProveIneq_ISSAC05_Mitrinovic_7_31.smt2 : 122 ms.
--------------------------------------------------
unsat
QF_NRA/20220314-Uncu/Rational_Function_Proof_Calls_With_Disjunctive_Denominator_Simplifications/DDC_ProveIneq_ISSAC05_Mitrinovic_7_32.smt2 : 142 ms.
--------------------------------------------------
unsat
QF_NRA/20220314-Uncu/Rational_Function_Proof_Calls_With_Disjunctive_Denominator_Simplifications/DDC_ProveIneq_ISSAC05_Weierstrass_1_LHS.smt2 : 140 ms.
--------------------------------------------------
unsat
QF_NRA/20220314-Uncu/Rational_Function_Proof_Calls_With_Disjunctive_Denominator_Simplifications/DDC_ProveIneq_ISSAC05_Weierstrass_2_LHS.smt2 : 133 ms.
--------------------------------------------------
sat
QF_NRA/20220314-Uncu/Rational_Function_Proof_Calls_With_Disjunctive_Denominator_Simplifications/DDC_ProveIneq_ISSAC10_ex1c.smt2 : 108 ms.
--------------------------------------------------
sat
QF_NRA/20220314-Uncu/Rational_Function_Proof_Calls_With_Disjunctive_Denominator_Simplifications/DDC_ProveIneq_ISSAC10_ex1d.smt2 : 129 ms.
--------------------------------------------------
sat
QF_NRA/20220314-Uncu/Rational_Function_Proof_Calls_With_Disjunctive_Denominator_Simplifications/DDC_ProveIneq_ISSAC10_ex1e.smt2 : 139 ms.
--------------------------------------------------
unsat
QF_NRA/20220314-Uncu/Rational_Function_Proof_Calls_With_Disjunctive_Denominator_Simplifications/DDC_ProveIneq_ISSAC10_ex1f.smt2 : 177 ms.
--------------------------------------------------
sat
QF_NRA/20220314-Uncu/Rational_Function_Proof_Calls_With_Disjunctive_Denominator_Simplifications/DDC_ProveIneq_ISSAC10_ex2c.smt2 : 127 ms.
--------------------------------------------------
unsat
QF_NRA/20220314-Uncu/Rational_Function_Proof_Calls_With_Disjunctive_Denominator_Simplifications/DDC_ProveIneq_ISSAC10_ex2d.smt2 : 135 ms.
--------------------------------------------------
sat
QF_NRA/20220314-Uncu/Rational_Function_Proof_Calls_With_Disjunctive_Denominator_Simplifications/DDC_ProveIneq_ISSAC10_ex3a.smt2 : 97 ms.
--------------------------------------------------
sat
QF_NRA/20220314-Uncu/Rational_Function_Proof_Calls_With_Disjunctive_Denominator_Simplifications/DDC_ProveIneq_ISSAC10_ex3b.smt2 : 107 ms.
--------------------------------------------------
sat
QF_NRA/20220314-Uncu/Rational_Function_Proof_Calls_With_Disjunctive_Denominator_Simplifications/DDC_ProveIneq_ISSAC10_ex3c.smt2 : 114 ms.
--------------------------------------------------
sat
QF_NRA/20220314-Uncu/Rational_Function_Proof_Calls_With_Disjunctive_Denominator_Simplifications/DDC_ProveIneq_ISSAC10_ex3d.smt2 : 137 ms.
--------------------------------------------------
sat
QF_NRA/20220314-Uncu/Rational_Function_Proof_Calls_With_Disjunctive_Denominator_Simplifications/DDC_ProveIneq_ISSAC10_ex3e.smt2 : 138 ms.
--------------------------------------------------
unsat
QF_NRA/20220314-Uncu/Rational_Function_Proof_Calls_With_Disjunctive_Denominator_Simplifications/DDC_ProveIneq_ISSAC10_ex3f.smt2 : 191 ms.
--------------------------------------------------
sat
QF_NRA/20220314-Uncu/Rational_Function_Proof_Calls_With_Disjunctive_Denominator_Simplifications/DDC_ProveIneq_ISSAC10_ex4b.smt2 : 106 ms.
--------------------------------------------------
sat
QF_NRA/20220314-Uncu/Rational_Function_Proof_Calls_With_Disjunctive_Denominator_Simplifications/DDC_ProveIneq_ISSAC10_ex4c.smt2 : 110 ms.
--------------------------------------------------
sat
QF_NRA/20220314-Uncu/Rational_Function_Proof_Calls_With_Disjunctive_Denominator_Simplifications/DDC_ProveIneq_ISSAC10_ex4d.smt2 : 111 ms.
--------------------------------------------------
sat
QF_NRA/20220314-Uncu/Rational_Function_Proof_Calls_With_Disjunctive_Denominator_Simplifications/DDC_ProveIneq_ISSAC10_ex4e.smt2 : 98 ms.
--------------------------------------------------
sat
QF_NRA/20220314-Uncu/Rational_Function_Proof_Calls_With_Disjunctive_Denominator_Simplifications/DDC_ProveIneq_ISSAC10_ex4f.smt2 : 108 ms.
--------------------------------------------------
sat
QF_NRA/20220314-Uncu/Rational_Function_Proof_Calls_With_Disjunctive_Denominator_Simplifications/DDC_ProveIneq_ISSAC10_ex4g.smt2 : 101 ms.
--------------------------------------------------
sat
QF_NRA/20220314-Uncu/Rational_Function_Proof_Calls_With_Disjunctive_Denominator_Simplifications/DDC_ProveIneq_ISSAC10_ex4h.smt2 : 128 ms.
--------------------------------------------------
sat
QF_NRA/20220314-Uncu/Rational_Function_Proof_Calls_With_Disjunctive_Denominator_Simplifications/DDC_ProveIneq_ISSAC10_ex4i.smt2 : 125 ms.
--------------------------------------------------
sat
QF_NRA/20220314-Uncu/Rational_Function_Proof_Calls_With_Disjunctive_Denominator_Simplifications/DDC_ProveIneq_ISSAC10_ex4j.smt2 : 111 ms.
--------------------------------------------------
sat
QF_NRA/20220314-Uncu/Rational_Function_Proof_Calls_With_Disjunctive_Denominator_Simplifications/DDC_ProveIneq_JSC_SUMCracker_14a.smt2 : 5324 ms.
--------------------------------------------------
unknown
unknown
sat
QF_NRA/20220314-Uncu/Rational_Function_Proof_Calls_With_Disjunctive_Denominator_Simplifications/DDC_ProveIneq_JSC_SUMCracker_14b.smt2 : 900619 ms.
--------------------------------------------------
QF_NRA/20220314-Uncu/Rational_Function_Proof_Calls_With_Disjunctive_Denominator_Simplifications/DDC_ProveIneq_JSC_SUMCracker_14c.smt2 : 1800013 ms.
--------------------------------------------------
QF_NRA/20220314-Uncu/Rational_Function_Proof_Calls_With_Disjunctive_Denominator_Simplifications/DDC_ProveIneq_JSC_SUMCracker_14d.smt2 : 1800005 ms.
--------------------------------------------------
unknown
unknown
QF_NRA/20220314-Uncu/Rational_Function_Proof_Calls_With_Disjunctive_Denominator_Simplifications/DDC_ProveIneq_JSC_SUMCracker_14e.smt2 : 1800005 ms.
--------------------------------------------------
unknown
unknown
unsat
QF_NRA/20220314-Uncu/Rational_Function_Proof_Calls_With_Disjunctive_Denominator_Simplifications/DDC_ProveIneq_JSC_SUMCracker_15.smt2 : 900267 ms.
--------------------------------------------------
QF_NRA/20220314-Uncu/Rational_Function_Proof_Calls_With_Disjunctive_Denominator_Simplifications/DDC_ProveIneq_JSC_SUMCracker_20.smt2 : 1800015 ms.
--------------------------------------------------
unsat
QF_NRA/20220314-Uncu/Rational_Function_Proof_Calls_With_Disjunctive_Denominator_Simplifications/DDC_ProveIneq_Mitrinovic_3_27.smt2 : 56 ms.
--------------------------------------------------
unsat
QF_NRA/20220314-Uncu/Rational_Function_Proof_Calls_With_Disjunctive_Denominator_Simplifications/DDC_ProveIneq_Mitrinovic_3_28.smt2 : 35 ms.
--------------------------------------------------
unsat
QF_NRA/20220314-Uncu/Rational_Function_Proof_Calls_With_Disjunctive_Denominator_Simplifications/DDC_ProveIneq_Mitrinovic_3_29.smt2 : 27 ms.
--------------------------------------------------
unsat
QF_NRA/20220314-Uncu/Rational_Function_Proof_Calls_With_Disjunctive_Denominator_Simplifications/DDC_ProveIneq_Mitrinovic_3_31.smt2 : 45 ms.
--------------------------------------------------
unsat
QF_NRA/20220314-Uncu/Rational_Function_Proof_Calls_With_Disjunctive_Denominator_Simplifications/DDC_ProveIneq_Mitrinovic_4_14.smt2 : 28 ms.
--------------------------------------------------
unsat
QF_NRA/20220314-Uncu/Rational_Function_Proof_Calls_With_Disjunctive_Denominator_Simplifications/DDC_ProveIneq_Mitrinovic_4_18.smt2 : 22 ms.
--------------------------------------------------
unsat
QF_NRA/20220314-Uncu/Rational_Function_Proof_Calls_With_Disjunctive_Denominator_Simplifications/DDC_ProveIneq_Mitrinovic_4_19.smt2 : 35 ms.
--------------------------------------------------
unsat
QF_NRA/20220314-Uncu/Rational_Function_Proof_Calls_With_Disjunctive_Denominator_Simplifications/DDC_ProveIneq_Mitrinovic_4_1.smt2 : 57 ms.
--------------------------------------------------
sat
QF_NRA/20220314-Uncu/Rational_Function_Proof_Calls_With_Disjunctive_Denominator_Simplifications/DDC_ProveIneq_Mitrinovic_4_22a.smt2 : 41 ms.
--------------------------------------------------
unsat
QF_NRA/20220314-Uncu/Rational_Function_Proof_Calls_With_Disjunctive_Denominator_Simplifications/DDC_ProveIneq_Mitrinovic_4_22b.smt2 : 45 ms.
--------------------------------------------------
unsat
QF_NRA/20220314-Uncu/Rational_Function_Proof_Calls_With_Disjunctive_Denominator_Simplifications/DDC_ProveIneq_Mitrinovic_4_23.smt2 : 57 ms.
--------------------------------------------------
unsat
QF_NRA/20220314-Uncu/Rational_Function_Proof_Calls_With_Disjunctive_Denominator_Simplifications/DDC_ProveIneq_Mitrinovic_4_29_1.smt2 : 26 ms.
--------------------------------------------------
unsat
QF_NRA/20220314-Uncu/Rational_Function_Proof_Calls_With_Disjunctive_Denominator_Simplifications/DDC_ProveIneq_Mitrinovic_4_29_2.smt2 : 31 ms.
--------------------------------------------------
unsat
QF_NRA/20220314-Uncu/Rational_Function_Proof_Calls_With_Disjunctive_Denominator_Simplifications/DDC_ProveIneq_Mitrinovic_4_30_1.smt2 : 90 ms.
--------------------------------------------------
unsat
QF_NRA/20220314-Uncu/Rational_Function_Proof_Calls_With_Disjunctive_Denominator_Simplifications/DDC_ProveIneq_Mitrinovic_4_30_2.smt2 : 101 ms.
--------------------------------------------------
unsat
QF_NRA/20220314-Uncu/Rational_Function_Proof_Calls_With_Disjunctive_Denominator_Simplifications/DDC_ProveIneq_Mitrinovic_4_3.smt2 : 30 ms.
--------------------------------------------------
unsat
QF_NRA/20220314-Uncu/Rational_Function_Proof_Calls_With_Disjunctive_Denominator_Simplifications/DDC_ProveIneq_Mitrinovic_4_4.smt2 : 32 ms.
--------------------------------------------------
unsat
QF_NRA/20220314-Uncu/Rational_Function_Proof_Calls_With_Disjunctive_Denominator_Simplifications/DDC_ProveIneq_Mitrinovic_7_35.smt2 : 61 ms.
--------------------------------------------------
unsat
QF_NRA/20220314-Uncu/Rational_Function_Proof_Calls_With_Disjunctive_Denominator_Simplifications/DDC_ProveIneq_Mitrinovic_8_3.smt2 : 54 ms.
--------------------------------------------------
unsat
QF_NRA/20220314-Uncu/Rational_Function_Proof_Calls_With_Disjunctive_Denominator_Simplifications/DDC_ProveIneq_Mitrinovic_8_4.smt2 : 192 ms.
--------------------------------------------------
unsat
QF_NRA/20220314-Uncu/Rational_Function_Proof_Calls_With_Disjunctive_Denominator_Simplifications/DDC_ProveIneq_Mitrinovic_8_8.smt2 : 676 ms.
