--------------------------------------------------
./solvers/smtrat/run.sh: line 3: 369264 Killed                  LD_PRELOAD=libmimalloc.so ./smtrat ../$1 2> /dev/null
QF_NRA/UltimateAutomizer/InVarSynth_2001TACAS-BallPodelskiRajamani.c_Iteration2_0.smt2 : 1800091 ms.
--------------------------------------------------
./solvers/smtrat/run.sh: line 3: 389602 Killed                  LD_PRELOAD=libmimalloc.so ./smtrat ../$1 2> /dev/null
QF_NRA/UltimateAutomizer/InVarSynth_agroce_minmax.c_Iteration1_0.smt2 : 1800600 ms.
--------------------------------------------------
./solvers/smtrat/run.sh: line 3: 393339 Killed                  LD_PRELOAD=libmimalloc.so ./smtrat ../$1 2> /dev/null
QF_NRA/UltimateAutomizer/InVarSynth_agroce_minmax.c_Iteration2_0.smt2 : 1800063 ms.
--------------------------------------------------
./solvers/smtrat/run.sh: line 3: 396384 Killed                  LD_PRELOAD=libmimalloc.so ./smtrat ../$1 2> /dev/null
QF_NRA/UltimateAutomizer/InVarSynth_agroce_minmax.c_Iteration2_1.smt2 : 1800126 ms.
--------------------------------------------------
./solvers/smtrat/run.sh: line 3: 398865 Killed                  LD_PRELOAD=libmimalloc.so ./smtrat ../$1 2> /dev/null
QF_NRA/UltimateAutomizer/InVarSynth_BeyerHenzingerMajumdarRybalchenko-PLDI2007-Figure4.bpl_Iteration2_0.smt2 : 1800086 ms.
--------------------------------------------------
./solvers/smtrat/run.sh: line 3: 401597 Killed                  LD_PRELOAD=libmimalloc.so ./smtrat ../$1 2> /dev/null
QF_NRA/UltimateAutomizer/InVarSynth_BoolVsInt.c_Iteration3_0.smt2 : 1800305 ms.
--------------------------------------------------
./solvers/smtrat/run.sh: line 3: 403549 Killed                  LD_PRELOAD=libmimalloc.so ./smtrat ../$1 2> /dev/null
QF_NRA/UltimateAutomizer/InVarSynth_BugFreshConstantInSSA.bpl_Iteration2_0.smt2 : 1800062 ms.
--------------------------------------------------
./solvers/smtrat/run.sh: line 3: 405635 Killed                  LD_PRELOAD=libmimalloc.so ./smtrat ../$1 2> /dev/null
QF_NRA/UltimateAutomizer/InVarSynth_BugHoareAnnotationWithMinimiation.bpl_Iteration1_0.smt2 : 1800097 ms.
--------------------------------------------------
./solvers/smtrat/run.sh: line 3: 407619 Killed                  LD_PRELOAD=libmimalloc.so ./smtrat ../$1 2> /dev/null
QF_NRA/UltimateAutomizer/InVarSynth_BugIntegerDivision01.c_Iteration2_0.smt2 : 1800075 ms.
--------------------------------------------------
./solvers/smtrat/run.sh: line 3: 409683 Killed                  LD_PRELOAD=libmimalloc.so ./smtrat ../$1 2> /dev/null
QF_NRA/UltimateAutomizer/InVarSynth_BugIsInductiveReturnGlobalVarRenaming.bpl_Iteration1_0.smt2 : 1800055 ms.
--------------------------------------------------
./solvers/smtrat/run.sh: line 3: 411234 Killed                  LD_PRELOAD=libmimalloc.so ./smtrat ../$1 2> /dev/null
QF_NRA/UltimateAutomizer/InVarSynth_BugSubstitution.bpl_Iteration3_0.smt2 : 1801986 ms.
--------------------------------------------------
./solvers/smtrat/run.sh: line 3: 412692 Killed                  LD_PRELOAD=libmimalloc.so ./smtrat ../$1 2> /dev/null
QF_NRA/UltimateAutomizer/InVarSynth_bugtest1.bpl_Iteration2_0.smt2 : 1800024 ms.
--------------------------------------------------
./solvers/smtrat/run.sh: line 3: 414581 Killed                  LD_PRELOAD=libmimalloc.so ./smtrat ../$1 2> /dev/null
QF_NRA/UltimateAutomizer/InVarSynth_bugtest1.bpl_Iteration2_1.smt2 : 1800895 ms.
--------------------------------------------------
./solvers/smtrat/run.sh: line 3: 416380 Killed                  LD_PRELOAD=libmimalloc.so ./smtrat ../$1 2> /dev/null
QF_NRA/UltimateAutomizer/InVarSynth_ConditionalExpression-SideEffects-Safe.c_Iteration1_0.smt2 : 1800083 ms.
--------------------------------------------------
./solvers/smtrat/run.sh: line 3: 417935 Killed                  LD_PRELOAD=libmimalloc.so ./smtrat ../$1 2> /dev/null
QF_NRA/UltimateAutomizer/InVarSynth_ConditionalExpression-SideEffects-Safe.c_Iteration1_1.smt2 : 1800156 ms.
--------------------------------------------------
./solvers/smtrat/run.sh: line 3: 419570 Killed                  LD_PRELOAD=libmimalloc.so ./smtrat ../$1 2> /dev/null
QF_NRA/UltimateAutomizer/InVarSynth_ConditionalExpression-SideEffects-Safe.c_Iteration1_2.smt2 : 1800619 ms.
--------------------------------------------------
./solvers/smtrat/run.sh: line 3: 421198 Killed                  LD_PRELOAD=libmimalloc.so ./smtrat ../$1 2> /dev/null
QF_NRA/UltimateAutomizer/InVarSynth_DivisibilityInterpolantRequired02-ForwardSuccess.bpl_Iteration1_0.smt2 : 1800025 ms.
--------------------------------------------------
./solvers/smtrat/run.sh: line 3: 422337 Killed                  LD_PRELOAD=libmimalloc.so ./smtrat ../$1 2> /dev/null
QF_NRA/UltimateAutomizer/InVarSynth_doubleLoopUniformIterations.bpl_Iteration2_0.smt2 : 1800871 ms.
--------------------------------------------------
./solvers/smtrat/run.sh: line 3: 423537 Killed                  LD_PRELOAD=libmimalloc.so ./smtrat ../$1 2> /dev/null
QF_NRA/UltimateAutomizer/InVarSynth_Elevator.bpl_Iteration1_0.smt2 : 1800137 ms.
--------------------------------------------------
./solvers/smtrat/run.sh: line 3: 425206 Killed                  LD_PRELOAD=libmimalloc.so ./smtrat ../$1 2> /dev/null
QF_NRA/UltimateAutomizer/InVarSynth_EuclideanIntegerDivision.bpl_Iteration4_0.smt2 : 1800811 ms.
--------------------------------------------------
./solvers/smtrat/run.sh: line 3: 426596 Killed                  LD_PRELOAD=libmimalloc.so ./smtrat ../$1 2> /dev/null
QF_NRA/UltimateAutomizer/InVarSynth_GateControllerIncorrect1.bpl_Iteration1_0.smt2 : 1801104 ms.
--------------------------------------------------
./solvers/smtrat/run.sh: line 3: 427643 Killed                  LD_PRELOAD=libmimalloc.so ./smtrat ../$1 2> /dev/null
QF_NRA/UltimateAutomizer/InVarSynth_GoannaDoubleFreeWithoutPointers.bpl_Iteration1_0.smt2 : 1800062 ms.
--------------------------------------------------
./solvers/smtrat/run.sh: line 3: 428721 Killed                  LD_PRELOAD=libmimalloc.so ./smtrat ../$1 2> /dev/null
QF_NRA/UltimateAutomizer/InVarSynth_GoannaDoubleFreeWithoutPointers.bpl_Iteration1_1.smt2 : 1800040 ms.
--------------------------------------------------
./solvers/smtrat/run.sh: line 3: 430113 Killed                  LD_PRELOAD=libmimalloc.so ./smtrat ../$1 2> /dev/null
QF_NRA/UltimateAutomizer/InVarSynth_GoannaDoubleFreeWithoutPointers.c_Iteration2_0.smt2 : 1800050 ms.
--------------------------------------------------
./solvers/smtrat/run.sh: line 3: 431484 Killed                  LD_PRELOAD=libmimalloc.so ./smtrat ../$1 2> /dev/null
QF_NRA/UltimateAutomizer/InVarSynth_GopanReps-CAV2006-Fig1.c_Iteration2_0.smt2 : 1800035 ms.
--------------------------------------------------
./solvers/smtrat/run.sh: line 3: 432688 Killed                  LD_PRELOAD=libmimalloc.so ./smtrat ../$1 2> /dev/null
QF_NRA/UltimateAutomizer/InVarSynth_ImpulseTest.bpl_Iteration2_0.smt2 : 1800039 ms.
--------------------------------------------------
./solvers/smtrat/run.sh: line 3: 433829 Killed                  LD_PRELOAD=libmimalloc.so ./smtrat ../$1 2> /dev/null
QF_NRA/UltimateAutomizer/InVarSynth_InvariantSynthesis_Disjunctive02.bpl_Iteration1_0.smt2 : 1800083 ms.
--------------------------------------------------
./solvers/smtrat/run.sh: line 3: 434902 Killed                  LD_PRELOAD=libmimalloc.so ./smtrat ../$1 2> /dev/null
QF_NRA/UltimateAutomizer/InVarSynth_LabelEncodingWithUnrolling.bpl_Iteration2_0.smt2 : 1800039 ms.
--------------------------------------------------
./solvers/smtrat/run.sh: line 3: 435840 Killed                  LD_PRELOAD=libmimalloc.so ./smtrat ../$1 2> /dev/null
QF_NRA/UltimateAutomizer/InVarSynth_LexIndexValue-Pointer-Reduced.bpl_Iteration1_0.smt2 : 1803305 ms.
--------------------------------------------------
./solvers/smtrat/run.sh: line 3: 436547 Killed                  LD_PRELOAD=libmimalloc.so ./smtrat ../$1 2> /dev/null
QF_NRA/UltimateAutomizer/InVarSynth_ManyFactsAboutX.bpl_Iteration1_0.smt2 : 1801128 ms.
--------------------------------------------------
sat
QF_NRA/UltimateAutomizer/InVarSynth_ManyFactsAboutX.bpl_Iteration1_1.smt2 : 29349 ms.
--------------------------------------------------
./solvers/smtrat/run.sh: line 3: 437717 Killed                  LD_PRELOAD=libmimalloc.so ./smtrat ../$1 2> /dev/null
QF_NRA/UltimateAutomizer/InVarSynth_MonadicInvariant01.bpl_Iteration1_0.smt2 : 1803041 ms.
--------------------------------------------------
./solvers/smtrat/run.sh: line 3: 438632 Killed                  LD_PRELOAD=libmimalloc.so ./smtrat ../$1 2> /dev/null
QF_NRA/UltimateAutomizer/InVarSynth_NutzTransformation05.c_Iteration1_0.smt2 : 1800655 ms.
--------------------------------------------------
sat
QF_NRA/UltimateAutomizer/InVarSynth_OrderDependentEquality.c_Iteration2_0.smt2 : 25997 ms.
--------------------------------------------------
./solvers/smtrat/run.sh: line 3: 439471 Killed                  LD_PRELOAD=libmimalloc.so ./smtrat ../$1 2> /dev/null
QF_NRA/UltimateAutomizer/InVarSynth_pcatest0.bpl_Iteration1_0.smt2 : 1801260 ms.
--------------------------------------------------
./solvers/smtrat/run.sh: line 3: 440285 Killed                  LD_PRELOAD=libmimalloc.so ./smtrat ../$1 2> /dev/null
QF_NRA/UltimateAutomizer/InVarSynth_pcatest1.bpl_Iteration1_0.smt2 : 1800068 ms.
--------------------------------------------------
./solvers/smtrat/run.sh: line 3: 441428 Killed                  LD_PRELOAD=libmimalloc.so ./smtrat ../$1 2> /dev/null
QF_NRA/UltimateAutomizer/InVarSynth_pcatest1.bpl_Iteration1_1.smt2 : 1800076 ms.
--------------------------------------------------
./solvers/smtrat/run.sh: line 3: 442049 Killed                  LD_PRELOAD=libmimalloc.so ./smtrat ../$1 2> /dev/null
QF_NRA/UltimateAutomizer/InVarSynth_PostfixIncrementDecrement.c_Iteration3_0.smt2 : 1801016 ms.
--------------------------------------------------
./solvers/smtrat/run.sh: line 3: 442979 Killed                  LD_PRELOAD=libmimalloc.so ./smtrat ../$1 2> /dev/null
QF_NRA/UltimateAutomizer/InVarSynth_PrefixIncrementDecrement.c_Iteration3_0.smt2 : 1801339 ms.
--------------------------------------------------
./solvers/smtrat/run.sh: line 3: 443761 Killed                  LD_PRELOAD=libmimalloc.so ./smtrat ../$1 2> /dev/null
QF_NRA/UltimateAutomizer/InVarSynth_PrefixIncrementDecrement.c_Iteration3_1.smt2 : 1800657 ms.
--------------------------------------------------
./solvers/smtrat/run.sh: line 3: 444642 Killed                  LD_PRELOAD=libmimalloc.so ./smtrat ../$1 2> /dev/null
QF_NRA/UltimateAutomizer/InVarSynth_s3_srvr_1b_true-unreach-call_false-termination.cil.c_Iteration1_0.smt2 : 1800120 ms.
--------------------------------------------------
./solvers/smtrat/run.sh: line 3: 445327 Killed                  LD_PRELOAD=libmimalloc.so ./smtrat ../$1 2> /dev/null
QF_NRA/UltimateAutomizer/InVarSynth_SAS09.c_Iteration2_0.smt2 : 1800045 ms.
--------------------------------------------------
./solvers/smtrat/run.sh: line 3: 446171 Killed                  LD_PRELOAD=libmimalloc.so ./smtrat ../$1 2> /dev/null
QF_NRA/UltimateAutomizer/InVarSynth_SAS09.c_Iteration3_0.smt2 : 1800060 ms.
--------------------------------------------------
./solvers/smtrat/run.sh: line 3: 446938 Killed                  LD_PRELOAD=libmimalloc.so ./smtrat ../$1 2> /dev/null
QF_NRA/UltimateAutomizer/InVarSynth_SAS09doubleLoop-incorrect.bpl_Iteration3_0.smt2 : 1800078 ms.
--------------------------------------------------
./solvers/smtrat/run.sh: line 3: 447683 Killed                  LD_PRELOAD=libmimalloc.so ./smtrat ../$1 2> /dev/null
QF_NRA/UltimateAutomizer/InVarSynth_SAS09doubleLoop-incorrect.bpl_Iteration3_1.smt2 : 1800057 ms.
--------------------------------------------------
./solvers/smtrat/run.sh: line 3: 448218 Killed                  LD_PRELOAD=libmimalloc.so ./smtrat ../$1 2> /dev/null
QF_NRA/UltimateAutomizer/InVarSynth_ShortCircuit-SideEffect-DoStatement-Safe.c_Iteration2_0.smt2 : 1800090 ms.
--------------------------------------------------
./solvers/smtrat/run.sh: line 3: 448774 Killed                  LD_PRELOAD=libmimalloc.so ./smtrat ../$1 2> /dev/null
QF_NRA/UltimateAutomizer/InVarSynth_ShortCircuit-SideEffect-FunctionCallExpression-Safe.c_Iteration1_0.smt2 : 1800142 ms.
--------------------------------------------------
./solvers/smtrat/run.sh: line 3: 449658 Killed                  LD_PRELOAD=libmimalloc.so ./smtrat ../$1 2> /dev/null
QF_NRA/UltimateAutomizer/InVarSynth_ShortCircuit-SideEffect-SwitchStatement-Safe.c_Iteration1_0.smt2 : 1801097 ms.
--------------------------------------------------
./solvers/smtrat/run.sh: line 3: 450283 Killed                  LD_PRELOAD=libmimalloc.so ./smtrat ../$1 2> /dev/null
QF_NRA/UltimateAutomizer/InVarSynth_ShortCircuit-SideEffect-SwitchStatement-Safe.c_Iteration1_1.smt2 : 1801235 ms.
--------------------------------------------------
./solvers/smtrat/run.sh: line 3: 451027 Killed                  LD_PRELOAD=libmimalloc.so ./smtrat ../$1 2> /dev/null
QF_NRA/UltimateAutomizer/InVarSynth_ShortCircuit-SideEffect-SwitchStatement-Unsafe.c_Iteration1_0.smt2 : 1800371 ms.
--------------------------------------------------
./solvers/smtrat/run.sh: line 3: 451536 Killed                  LD_PRELOAD=libmimalloc.so ./smtrat ../$1 2> /dev/null
QF_NRA/UltimateAutomizer/InVarSynth_ShortCircuit-SideEffect-SwitchStatement-Unsafe.c_Iteration1_1.smt2 : 1800680 ms.
--------------------------------------------------
./solvers/smtrat/run.sh: line 3: 452012 Killed                  LD_PRELOAD=libmimalloc.so ./smtrat ../$1 2> /dev/null
QF_NRA/UltimateAutomizer/InVarSynth_ShortCircuit-SideEffect-SwitchStatement-Unsafe.c_Iteration1_2.smt2 : 1800305 ms.
--------------------------------------------------
./solvers/smtrat/run.sh: line 3: 452410 Killed                  LD_PRELOAD=libmimalloc.so ./smtrat ../$1 2> /dev/null
QF_NRA/UltimateAutomizer/InVarSynth_StructPositiveSum-Safe.c_Iteration2_0.smt2 : 1800781 ms.
--------------------------------------------------
./solvers/smtrat/run.sh: line 3: 452910 Killed                  LD_PRELOAD=libmimalloc.so ./smtrat ../$1 2> /dev/null
QF_NRA/UltimateAutomizer/InVarSynth_TestIntegerDivision01.c_Iteration3_0.smt2 : 1800542 ms.
--------------------------------------------------
./solvers/smtrat/run.sh: line 3: 453492 Killed                  LD_PRELOAD=libmimalloc.so ./smtrat ../$1 2> /dev/null
QF_NRA/UltimateAutomizer/InVarSynth_TestIntegerDivision01.c_Iteration4_0.smt2 : 1800163 ms.
--------------------------------------------------
unsat
QF_NRA/UltimateAutomizer/InVarSynth_TestSequentialComposition.bpl_Iteration3_0.smt2 : 44185 ms.
--------------------------------------------------
./solvers/smtrat/run.sh: line 3: 453913 Killed                  LD_PRELOAD=libmimalloc.so ./smtrat ../$1 2> /dev/null
QF_NRA/UltimateAutomizer/InVarSynth_TestSimultaneousAssignment.bpl_Iteration1_0.smt2 : 1800069 ms.
--------------------------------------------------
./solvers/smtrat/run.sh: line 3: 454473 Killed                  LD_PRELOAD=libmimalloc.so ./smtrat ../$1 2> /dev/null
QF_NRA/UltimateAutomizer/InVarSynth_threadpooling_out2.mover.bpl_Iteration2_0.smt2 : 1800095 ms.
--------------------------------------------------
./solvers/smtrat/run.sh: line 3: 454894 Killed                  LD_PRELOAD=libmimalloc.so ./smtrat ../$1 2> /dev/null
QF_NRA/UltimateAutomizer/InVarSynth_threadpooling_out2.mover.bpl_Iteration2_1.smt2 : 1800069 ms.
--------------------------------------------------
./solvers/smtrat/run.sh: line 3: 455221 Killed                  LD_PRELOAD=libmimalloc.so ./smtrat ../$1 2> /dev/null
QF_NRA/UltimateAutomizer/InVarSynth_threadpooling_out_Reals.bpl_Iteration1_0.smt2 : 1800040 ms.
--------------------------------------------------
./solvers/smtrat/run.sh: line 3: 455609 Killed                  LD_PRELOAD=libmimalloc.so ./smtrat ../$1 2> /dev/null
QF_NRA/UltimateAutomizer/InVarSynth_WaterTank2-NumberVariables.bpl_Iteration2_0.smt2 : 1800045 ms.
