--------------------------------------------------
unsat
QF_NRA/hycomp/ball_count_2d_hill_simple.10.seq_lazy_linear_enc_global_0.smt2 : 16 ms.
--------------------------------------------------
unsat
QF_NRA/hycomp/ball_count_2d_hill_simple.10.seq_lazy_linear_enc_global_10.smt2 : 13449 ms.
--------------------------------------------------
unsat
QF_NRA/hycomp/ball_count_2d_hill_simple.10.seq_lazy_linear_enc_global_11.smt2 : 1781 ms.
--------------------------------------------------
unsat
QF_NRA/hycomp/ball_count_2d_hill_simple.10.seq_lazy_linear_enc_global_12.smt2 : 14091 ms.
--------------------------------------------------
unsat
QF_NRA/hycomp/ball_count_2d_hill_simple.10.seq_lazy_linear_enc_global_13.smt2 : 1962 ms.
--------------------------------------------------
unsat
QF_NRA/hycomp/ball_count_2d_hill_simple.10.seq_lazy_linear_enc_global_14.smt2 : 36849 ms.
--------------------------------------------------
unsat
QF_NRA/hycomp/ball_count_2d_hill_simple.10.seq_lazy_linear_enc_global_15.smt2 : 3646 ms.
--------------------------------------------------
unsat
QF_NRA/hycomp/ball_count_2d_hill_simple.10.seq_lazy_linear_enc_global_1.smt2 : 41 ms.
--------------------------------------------------
unsat
QF_NRA/hycomp/ball_count_2d_hill_simple.10.seq_lazy_linear_enc_global_2.smt2 : 91 ms.
--------------------------------------------------
unsat
QF_NRA/hycomp/ball_count_2d_hill_simple.10.seq_lazy_linear_enc_global_3.smt2 : 176 ms.
--------------------------------------------------
unsat
QF_NRA/hycomp/ball_count_2d_hill_simple.10.seq_lazy_linear_enc_global_4.smt2 : 369 ms.
--------------------------------------------------
unsat
QF_NRA/hycomp/ball_count_2d_hill_simple.10.seq_lazy_linear_enc_global_5.smt2 : 498 ms.
--------------------------------------------------
unsat
QF_NRA/hycomp/ball_count_2d_hill_simple.10.seq_lazy_linear_enc_global_6.smt2 : 672 ms.
--------------------------------------------------
unsat
QF_NRA/hycomp/ball_count_2d_hill_simple.10.seq_lazy_linear_enc_global_7.smt2 : 714 ms.
--------------------------------------------------
unsat
QF_NRA/hycomp/ball_count_2d_hill_simple.10.seq_lazy_linear_enc_global_8.smt2 : 1378 ms.
--------------------------------------------------
unsat
QF_NRA/hycomp/ball_count_2d_hill_simple.10.seq_lazy_linear_enc_global_9.smt2 : 1345 ms.
--------------------------------------------------
unsat
QF_NRA/hycomp/ball_count_2d_hill_simple.10.seq_lazy_linear_enc_lemmas_global_0.smt2 : 24 ms.
--------------------------------------------------
unsat
QF_NRA/hycomp/ball_count_2d_hill_simple.10.seq_lazy_linear_enc_lemmas_global_10.smt2 : 15916 ms.
--------------------------------------------------
unsat
QF_NRA/hycomp/ball_count_2d_hill_simple.10.seq_lazy_linear_enc_lemmas_global_11.smt2 : 2630 ms.
--------------------------------------------------
unsat
QF_NRA/hycomp/ball_count_2d_hill_simple.10.seq_lazy_linear_enc_lemmas_global_12.smt2 : 19124 ms.
--------------------------------------------------
unsat
QF_NRA/hycomp/ball_count_2d_hill_simple.10.seq_lazy_linear_enc_lemmas_global_13.smt2 : 4636 ms.
--------------------------------------------------
./solvers/smtrat/run.sh: line 3: 386955 Killed                  LD_PRELOAD=libmimalloc.so ./smtrat ../$1 2> /dev/null
QF_NRA/hycomp/ball_count_2d_hill_simple.10.seq_lazy_linear_enc_lemmas_global_14.smt2 : 1801211 ms.
--------------------------------------------------
unsat
QF_NRA/hycomp/ball_count_2d_hill_simple.10.seq_lazy_linear_enc_lemmas_global_15.smt2 : 3859 ms.
--------------------------------------------------
unsat
QF_NRA/hycomp/ball_count_2d_hill_simple.10.seq_lazy_linear_enc_lemmas_global_1.smt2 : 61 ms.
--------------------------------------------------
unsat
QF_NRA/hycomp/ball_count_2d_hill_simple.10.seq_lazy_linear_enc_lemmas_global_2.smt2 : 164 ms.
--------------------------------------------------
unsat
QF_NRA/hycomp/ball_count_2d_hill_simple.10.seq_lazy_linear_enc_lemmas_global_3.smt2 : 285 ms.
--------------------------------------------------
unsat
QF_NRA/hycomp/ball_count_2d_hill_simple.10.seq_lazy_linear_enc_lemmas_global_4.smt2 : 398 ms.
--------------------------------------------------
unsat
QF_NRA/hycomp/ball_count_2d_hill_simple.10.seq_lazy_linear_enc_lemmas_global_5.smt2 : 445 ms.
--------------------------------------------------
unsat
QF_NRA/hycomp/ball_count_2d_hill_simple.10.seq_lazy_linear_enc_lemmas_global_6.smt2 : 12515 ms.
--------------------------------------------------
unsat
QF_NRA/hycomp/ball_count_2d_hill_simple.10.seq_lazy_linear_enc_lemmas_global_7.smt2 : 922 ms.
--------------------------------------------------
unsat
QF_NRA/hycomp/ball_count_2d_hill_simple.10.seq_lazy_linear_enc_lemmas_global_8.smt2 : 2094 ms.
--------------------------------------------------
unsat
QF_NRA/hycomp/ball_count_2d_hill_simple.10.seq_lazy_linear_enc_lemmas_global_9.smt2 : 1503 ms.
--------------------------------------------------
unsat
QF_NRA/hycomp/ball_count_2d_plain.01.qfree_global_0.smt2 : 21 ms.
--------------------------------------------------
./solvers/smtrat/run.sh: line 3: 391790 Killed                  LD_PRELOAD=libmimalloc.so ./smtrat ../$1 2> /dev/null
QF_NRA/hycomp/ball_count_2d_plain.01.qfree_global_10.smt2 : 1800348 ms.
--------------------------------------------------
unsat
QF_NRA/hycomp/ball_count_2d_plain.01.qfree_global_11.smt2 : 998 ms.
--------------------------------------------------
./solvers/smtrat/run.sh: line 3: 394700 Killed                  LD_PRELOAD=libmimalloc.so ./smtrat ../$1 2> /dev/null
QF_NRA/hycomp/ball_count_2d_plain.01.qfree_global_12.smt2 : 1815494 ms.
--------------------------------------------------
unsat
QF_NRA/hycomp/ball_count_2d_plain.01.qfree_global_13.smt2 : 1734 ms.
--------------------------------------------------
./solvers/smtrat/run.sh: line 3: 397294 Killed                  LD_PRELOAD=libmimalloc.so ./smtrat ../$1 2> /dev/null
QF_NRA/hycomp/ball_count_2d_plain.01.qfree_global_14.smt2 : 1806325 ms.
--------------------------------------------------
unsat
QF_NRA/hycomp/ball_count_2d_plain.01.qfree_global_15.smt2 : 1848 ms.
--------------------------------------------------
unsat
QF_NRA/hycomp/ball_count_2d_plain.01.qfree_global_1.smt2 : 38 ms.
--------------------------------------------------
sat
QF_NRA/hycomp/ball_count_2d_plain.01.qfree_global_2.smt2 : 149 ms.
--------------------------------------------------
unsat
QF_NRA/hycomp/ball_count_2d_plain.01.qfree_global_3.smt2 : 139 ms.
--------------------------------------------------
sat
QF_NRA/hycomp/ball_count_2d_plain.01.qfree_global_4.smt2 : 382 ms.
--------------------------------------------------
unsat
QF_NRA/hycomp/ball_count_2d_plain.01.qfree_global_5.smt2 : 326 ms.
--------------------------------------------------
sat
QF_NRA/hycomp/ball_count_2d_plain.01.qfree_global_6.smt2 : 19902 ms.
--------------------------------------------------
unsat
QF_NRA/hycomp/ball_count_2d_plain.01.qfree_global_7.smt2 : 611 ms.
--------------------------------------------------
sat
QF_NRA/hycomp/ball_count_2d_plain.01.qfree_global_8.smt2 : 1264151 ms.
--------------------------------------------------
unsat
QF_NRA/hycomp/ball_count_2d_plain.01.qfree_global_9.smt2 : 936 ms.
--------------------------------------------------
unsat
QF_NRA/hycomp/ball_count_2d_plain.01.redlog_global_0.smt2 : 30 ms.
--------------------------------------------------
sat
QF_NRA/hycomp/ball_count_2d_plain.01.redlog_global_10.smt2 : 4734 ms.
--------------------------------------------------
unsat
QF_NRA/hycomp/ball_count_2d_plain.01.redlog_global_11.smt2 : 1930 ms.
--------------------------------------------------
sat
QF_NRA/hycomp/ball_count_2d_plain.01.redlog_global_12.smt2 : 7570 ms.
--------------------------------------------------
unsat
QF_NRA/hycomp/ball_count_2d_plain.01.redlog_global_13.smt2 : 4772 ms.
--------------------------------------------------
sat
QF_NRA/hycomp/ball_count_2d_plain.01.redlog_global_14.smt2 : 9675 ms.
--------------------------------------------------
unsat
QF_NRA/hycomp/ball_count_2d_plain.01.redlog_global_15.smt2 : 3915 ms.
--------------------------------------------------
unsat
QF_NRA/hycomp/ball_count_2d_plain.01.redlog_global_1.smt2 : 60 ms.
--------------------------------------------------
sat
QF_NRA/hycomp/ball_count_2d_plain.01.redlog_global_2.smt2 : 232 ms.
--------------------------------------------------
unsat
QF_NRA/hycomp/ball_count_2d_plain.01.redlog_global_3.smt2 : 207 ms.
--------------------------------------------------
sat
QF_NRA/hycomp/ball_count_2d_plain.01.redlog_global_4.smt2 : 671 ms.
--------------------------------------------------
unsat
QF_NRA/hycomp/ball_count_2d_plain.01.redlog_global_5.smt2 : 515 ms.
--------------------------------------------------
sat
QF_NRA/hycomp/ball_count_2d_plain.01.redlog_global_6.smt2 : 1367 ms.
--------------------------------------------------
unsat
QF_NRA/hycomp/ball_count_2d_plain.01.redlog_global_7.smt2 : 767 ms.
--------------------------------------------------
sat
QF_NRA/hycomp/ball_count_2d_plain.01.redlog_global_8.smt2 : 2338 ms.
--------------------------------------------------
unsat
QF_NRA/hycomp/ball_count_2d_plain.01.redlog_global_9.smt2 : 1494 ms.
--------------------------------------------------
unsat
QF_NRA/hycomp/ball_count_2d_plain.01.seq_lazy_global_0.smt2 : 21 ms.
--------------------------------------------------
sat
QF_NRA/hycomp/ball_count_2d_plain.01.seq_lazy_global_10.smt2 : 19338 ms.
--------------------------------------------------
unsat
QF_NRA/hycomp/ball_count_2d_plain.01.seq_lazy_global_11.smt2 : 1203 ms.
--------------------------------------------------
./solvers/smtrat/run.sh: line 3: 401371 Killed                  LD_PRELOAD=libmimalloc.so ./smtrat ../$1 2> /dev/null
QF_NRA/hycomp/ball_count_2d_plain.01.seq_lazy_global_12.smt2 : 1800382 ms.
--------------------------------------------------
unsat
QF_NRA/hycomp/ball_count_2d_plain.01.seq_lazy_global_13.smt2 : 1506 ms.
--------------------------------------------------
./solvers/smtrat/run.sh: line 3: 403351 Killed                  LD_PRELOAD=libmimalloc.so ./smtrat ../$1 2> /dev/null
QF_NRA/hycomp/ball_count_2d_plain.01.seq_lazy_global_14.smt2 : 1801256 ms.
--------------------------------------------------
unsat
QF_NRA/hycomp/ball_count_2d_plain.01.seq_lazy_global_15.smt2 : 1658 ms.
--------------------------------------------------
unsat
QF_NRA/hycomp/ball_count_2d_plain.01.seq_lazy_global_1.smt2 : 39 ms.
--------------------------------------------------
sat
QF_NRA/hycomp/ball_count_2d_plain.01.seq_lazy_global_2.smt2 : 171 ms.
--------------------------------------------------
unsat
QF_NRA/hycomp/ball_count_2d_plain.01.seq_lazy_global_3.smt2 : 105 ms.
--------------------------------------------------
sat
QF_NRA/hycomp/ball_count_2d_plain.01.seq_lazy_global_4.smt2 : 603 ms.
--------------------------------------------------
unsat
QF_NRA/hycomp/ball_count_2d_plain.01.seq_lazy_global_5.smt2 : 214 ms.
--------------------------------------------------
sat
QF_NRA/hycomp/ball_count_2d_plain.01.seq_lazy_global_6.smt2 : 1235 ms.
--------------------------------------------------
unsat
QF_NRA/hycomp/ball_count_2d_plain.01.seq_lazy_global_7.smt2 : 472 ms.
--------------------------------------------------
./solvers/smtrat/run.sh: line 3: 405419 Killed                  LD_PRELOAD=libmimalloc.so ./smtrat ../$1 2> /dev/null
QF_NRA/hycomp/ball_count_2d_plain.01.seq_lazy_global_8.smt2 : 1801173 ms.
--------------------------------------------------
unsat
QF_NRA/hycomp/ball_count_2d_plain.01.seq_lazy_global_9.smt2 : 637 ms.
--------------------------------------------------
unsat
QF_NRA/hycomp/ball_count_2d_plain.01.seq_lazy_lemmas_global_0.smt2 : 18 ms.
--------------------------------------------------
./solvers/smtrat/run.sh: line 3: 407497 Killed                  LD_PRELOAD=libmimalloc.so ./smtrat ../$1 2> /dev/null
QF_NRA/hycomp/ball_count_2d_plain.01.seq_lazy_lemmas_global_10.smt2 : 1800079 ms.
--------------------------------------------------
unsat
QF_NRA/hycomp/ball_count_2d_plain.01.seq_lazy_lemmas_global_11.smt2 : 1645 ms.
--------------------------------------------------
./solvers/smtrat/run.sh: line 3: 409505 Killed                  LD_PRELOAD=libmimalloc.so ./smtrat ../$1 2> /dev/null
QF_NRA/hycomp/ball_count_2d_plain.01.seq_lazy_lemmas_global_12.smt2 : 1800403 ms.
--------------------------------------------------
unsat
QF_NRA/hycomp/ball_count_2d_plain.01.seq_lazy_lemmas_global_13.smt2 : 1896 ms.
--------------------------------------------------
./solvers/smtrat/run.sh: line 3: 411120 Killed                  LD_PRELOAD=libmimalloc.so ./smtrat ../$1 2> /dev/null
QF_NRA/hycomp/ball_count_2d_plain.01.seq_lazy_lemmas_global_14.smt2 : 1801780 ms.
--------------------------------------------------
unsat
QF_NRA/hycomp/ball_count_2d_plain.01.seq_lazy_lemmas_global_15.smt2 : 2547 ms.
--------------------------------------------------
unsat
QF_NRA/hycomp/ball_count_2d_plain.01.seq_lazy_lemmas_global_1.smt2 : 43 ms.
--------------------------------------------------
./solvers/smtrat/run.sh: line 3: 412562 Killed                  LD_PRELOAD=libmimalloc.so ./smtrat ../$1 2> /dev/null
QF_NRA/hycomp/ball_count_2d_plain.01.seq_lazy_lemmas_global_2.smt2 : 1800101 ms.
--------------------------------------------------
unsat
QF_NRA/hycomp/ball_count_2d_plain.01.seq_lazy_lemmas_global_3.smt2 : 155 ms.
--------------------------------------------------
./solvers/smtrat/run.sh: line 3: 414450 Killed                  LD_PRELOAD=libmimalloc.so ./smtrat ../$1 2> /dev/null
QF_NRA/hycomp/ball_count_2d_plain.01.seq_lazy_lemmas_global_4.smt2 : 1800021 ms.
--------------------------------------------------
unsat
QF_NRA/hycomp/ball_count_2d_plain.01.seq_lazy_lemmas_global_5.smt2 : 457 ms.
--------------------------------------------------
./solvers/smtrat/run.sh: line 3: 416289 Killed                  LD_PRELOAD=libmimalloc.so ./smtrat ../$1 2> /dev/null
QF_NRA/hycomp/ball_count_2d_plain.01.seq_lazy_lemmas_global_6.smt2 : 1866107 ms.
--------------------------------------------------
unsat
QF_NRA/hycomp/ball_count_2d_plain.01.seq_lazy_lemmas_global_7.smt2 : 608 ms.
--------------------------------------------------
./solvers/smtrat/run.sh: line 3: 417798 Killed                  LD_PRELOAD=libmimalloc.so ./smtrat ../$1 2> /dev/null
QF_NRA/hycomp/ball_count_2d_plain.01.seq_lazy_lemmas_global_8.smt2 : 1801302 ms.
--------------------------------------------------
unsat
QF_NRA/hycomp/ball_count_2d_plain.01.seq_lazy_lemmas_global_9.smt2 : 875 ms.
--------------------------------------------------
unsat
QF_NRA/hycomp/ball_count_2d_plain.01.seq_lazy_linear_enc_global_0.smt2 : 15 ms.
--------------------------------------------------
sat
QF_NRA/hycomp/ball_count_2d_plain.01.seq_lazy_linear_enc_global_10.smt2 : 5655 ms.
--------------------------------------------------
unsat
QF_NRA/hycomp/ball_count_2d_plain.01.seq_lazy_linear_enc_global_11.smt2 : 814 ms.
--------------------------------------------------
./solvers/smtrat/run.sh: line 3: 419332 Killed                  LD_PRELOAD=libmimalloc.so ./smtrat ../$1 2> /dev/null
QF_NRA/hycomp/ball_count_2d_plain.01.seq_lazy_linear_enc_global_12.smt2 : 1812870 ms.
--------------------------------------------------
unsat
QF_NRA/hycomp/ball_count_2d_plain.01.seq_lazy_linear_enc_global_13.smt2 : 1114 ms.
--------------------------------------------------
sat
QF_NRA/hycomp/ball_count_2d_plain.01.seq_lazy_linear_enc_global_14.smt2 : 20504 ms.
--------------------------------------------------
unsat
QF_NRA/hycomp/ball_count_2d_plain.01.seq_lazy_linear_enc_global_15.smt2 : 1639 ms.
--------------------------------------------------
unsat
QF_NRA/hycomp/ball_count_2d_plain.01.seq_lazy_linear_enc_global_1.smt2 : 68 ms.
--------------------------------------------------
sat
QF_NRA/hycomp/ball_count_2d_plain.01.seq_lazy_linear_enc_global_2.smt2 : 160 ms.
--------------------------------------------------
unsat
QF_NRA/hycomp/ball_count_2d_plain.01.seq_lazy_linear_enc_global_3.smt2 : 101 ms.
--------------------------------------------------
sat
QF_NRA/hycomp/ball_count_2d_plain.01.seq_lazy_linear_enc_global_4.smt2 : 1394 ms.
--------------------------------------------------
unsat
QF_NRA/hycomp/ball_count_2d_plain.01.seq_lazy_linear_enc_global_5.smt2 : 221 ms.
--------------------------------------------------
sat
QF_NRA/hycomp/ball_count_2d_plain.01.seq_lazy_linear_enc_global_6.smt2 : 4145 ms.
--------------------------------------------------
unsat
QF_NRA/hycomp/ball_count_2d_plain.01.seq_lazy_linear_enc_global_7.smt2 : 433 ms.
--------------------------------------------------
sat
QF_NRA/hycomp/ball_count_2d_plain.01.seq_lazy_linear_enc_global_8.smt2 : 7365 ms.
--------------------------------------------------
unsat
QF_NRA/hycomp/ball_count_2d_plain.01.seq_lazy_linear_enc_global_9.smt2 : 676 ms.
--------------------------------------------------
unsat
QF_NRA/hycomp/ball_count_2d_plain.01.seq_lazy_linear_enc_lemmas_global_0.smt2 : 18 ms.
--------------------------------------------------
./solvers/smtrat/run.sh: line 3: 421058 Killed                  LD_PRELOAD=libmimalloc.so ./smtrat ../$1 2> /dev/null
QF_NRA/hycomp/ball_count_2d_plain.01.seq_lazy_linear_enc_lemmas_global_10.smt2 : 1801449 ms.
--------------------------------------------------
unsat
QF_NRA/hycomp/ball_count_2d_plain.01.seq_lazy_linear_enc_lemmas_global_11.smt2 : 1625 ms.
--------------------------------------------------
./solvers/smtrat/run.sh: line 3: 422213 Killed                  LD_PRELOAD=libmimalloc.so ./smtrat ../$1 2> /dev/null
QF_NRA/hycomp/ball_count_2d_plain.01.seq_lazy_linear_enc_lemmas_global_12.smt2 : 1800716 ms.
--------------------------------------------------
unsat
QF_NRA/hycomp/ball_count_2d_plain.01.seq_lazy_linear_enc_lemmas_global_13.smt2 : 2069 ms.
--------------------------------------------------
./solvers/smtrat/run.sh: line 3: 423459 Killed                  LD_PRELOAD=libmimalloc.so ./smtrat ../$1 2> /dev/null
QF_NRA/hycomp/ball_count_2d_plain.01.seq_lazy_linear_enc_lemmas_global_14.smt2 : 1801798 ms.
--------------------------------------------------
unsat
QF_NRA/hycomp/ball_count_2d_plain.01.seq_lazy_linear_enc_lemmas_global_15.smt2 : 3388 ms.
--------------------------------------------------
unsat
QF_NRA/hycomp/ball_count_2d_plain.01.seq_lazy_linear_enc_lemmas_global_1.smt2 : 49 ms.
--------------------------------------------------
./solvers/smtrat/run.sh: line 3: 425102 Killed                  LD_PRELOAD=libmimalloc.so ./smtrat ../$1 2> /dev/null
QF_NRA/hycomp/ball_count_2d_plain.01.seq_lazy_linear_enc_lemmas_global_2.smt2 : 1800043 ms.
--------------------------------------------------
unsat
QF_NRA/hycomp/ball_count_2d_plain.01.seq_lazy_linear_enc_lemmas_global_3.smt2 : 141 ms.
--------------------------------------------------
./solvers/smtrat/run.sh: line 3: 426543 Killed                  LD_PRELOAD=libmimalloc.so ./smtrat ../$1 2> /dev/null
QF_NRA/hycomp/ball_count_2d_plain.01.seq_lazy_linear_enc_lemmas_global_4.smt2 : 1800079 ms.
--------------------------------------------------
unsat
QF_NRA/hycomp/ball_count_2d_plain.01.seq_lazy_linear_enc_lemmas_global_5.smt2 : 292 ms.
--------------------------------------------------
./solvers/smtrat/run.sh: line 3: 427584 Killed                  LD_PRELOAD=libmimalloc.so ./smtrat ../$1 2> /dev/null
QF_NRA/hycomp/ball_count_2d_plain.01.seq_lazy_linear_enc_lemmas_global_6.smt2 : 1800137 ms.
--------------------------------------------------
unsat
QF_NRA/hycomp/ball_count_2d_plain.01.seq_lazy_linear_enc_lemmas_global_7.smt2 : 652 ms.
--------------------------------------------------
./solvers/smtrat/run.sh: line 3: 428670 Killed                  LD_PRELOAD=libmimalloc.so ./smtrat ../$1 2> /dev/null
QF_NRA/hycomp/ball_count_2d_plain.01.seq_lazy_linear_enc_lemmas_global_8.smt2 : 1800230 ms.
--------------------------------------------------
unsat
QF_NRA/hycomp/ball_count_2d_plain.01.seq_lazy_linear_enc_lemmas_global_9.smt2 : 933 ms.
--------------------------------------------------
unsat
QF_NRA/hycomp/ball_count_2d_plain.02.qfree_global_0.smt2 : 26 ms.
--------------------------------------------------
./solvers/smtrat/run.sh: line 3: 430066 Killed                  LD_PRELOAD=libmimalloc.so ./smtrat ../$1 2> /dev/null
QF_NRA/hycomp/ball_count_2d_plain.02.qfree_global_10.smt2 : 1800618 ms.
--------------------------------------------------
unsat
QF_NRA/hycomp/ball_count_2d_plain.02.qfree_global_11.smt2 : 1368 ms.
--------------------------------------------------
./solvers/smtrat/run.sh: line 3: 431424 Killed                  LD_PRELOAD=libmimalloc.so ./smtrat ../$1 2> /dev/null
QF_NRA/hycomp/ball_count_2d_plain.02.qfree_global_12.smt2 : 1800174 ms.
--------------------------------------------------
unsat
QF_NRA/hycomp/ball_count_2d_plain.02.qfree_global_13.smt2 : 1606 ms.
--------------------------------------------------
./solvers/smtrat/run.sh: line 3: 432616 Killed                  LD_PRELOAD=libmimalloc.so ./smtrat ../$1 2> /dev/null
QF_NRA/hycomp/ball_count_2d_plain.02.qfree_global_14.smt2 : 1801154 ms.
--------------------------------------------------
unsat
QF_NRA/hycomp/ball_count_2d_plain.02.qfree_global_15.smt2 : 1965 ms.
--------------------------------------------------
unsat
QF_NRA/hycomp/ball_count_2d_plain.02.qfree_global_1.smt2 : 45 ms.
--------------------------------------------------
unsat
QF_NRA/hycomp/ball_count_2d_plain.02.qfree_global_2.smt2 : 90 ms.
--------------------------------------------------
unsat
QF_NRA/hycomp/ball_count_2d_plain.02.qfree_global_3.smt2 : 125 ms.
--------------------------------------------------
unsat
QF_NRA/hycomp/ball_count_2d_plain.02.qfree_global_4.smt2 : 661 ms.
--------------------------------------------------
unsat
QF_NRA/hycomp/ball_count_2d_plain.02.qfree_global_5.smt2 : 300 ms.
--------------------------------------------------
./solvers/smtrat/run.sh: line 3: 433763 Killed                  LD_PRELOAD=libmimalloc.so ./smtrat ../$1 2> /dev/null
QF_NRA/hycomp/ball_count_2d_plain.02.qfree_global_6.smt2 : 1801000 ms.
--------------------------------------------------
unsat
QF_NRA/hycomp/ball_count_2d_plain.02.qfree_global_7.smt2 : 797 ms.
--------------------------------------------------
./solvers/smtrat/run.sh: line 3: 434841 Killed                  LD_PRELOAD=libmimalloc.so ./smtrat ../$1 2> /dev/null
QF_NRA/hycomp/ball_count_2d_plain.02.qfree_global_8.smt2 : 1800222 ms.
--------------------------------------------------
unsat
QF_NRA/hycomp/ball_count_2d_plain.02.qfree_global_9.smt2 : 860 ms.
--------------------------------------------------
unsat
QF_NRA/hycomp/ball_count_2d_plain.02.redlog_global_0.smt2 : 32 ms.
--------------------------------------------------
./solvers/smtrat/run.sh: line 3: 435778 Killed                  LD_PRELOAD=libmimalloc.so ./smtrat ../$1 2> /dev/null
QF_NRA/hycomp/ball_count_2d_plain.02.redlog_global_10.smt2 : 1800787 ms.
--------------------------------------------------
unsat
QF_NRA/hycomp/ball_count_2d_plain.02.redlog_global_11.smt2 : 1797 ms.
--------------------------------------------------
./solvers/smtrat/run.sh: line 3: 436484 Killed                  LD_PRELOAD=libmimalloc.so ./smtrat ../$1 2> /dev/null
QF_NRA/hycomp/ball_count_2d_plain.02.redlog_global_12.smt2 : 1800120 ms.
--------------------------------------------------
unsat
QF_NRA/hycomp/ball_count_2d_plain.02.redlog_global_13.smt2 : 3340 ms.
--------------------------------------------------
./solvers/smtrat/run.sh: line 3: 437584 Killed                  LD_PRELOAD=libmimalloc.so ./smtrat ../$1 2> /dev/null
QF_NRA/hycomp/ball_count_2d_plain.02.redlog_global_14.smt2 : 1800129 ms.
--------------------------------------------------
unsat
QF_NRA/hycomp/ball_count_2d_plain.02.redlog_global_15.smt2 : 4607 ms.
--------------------------------------------------
unsat
QF_NRA/hycomp/ball_count_2d_plain.02.redlog_global_1.smt2 : 64 ms.
--------------------------------------------------
unsat
QF_NRA/hycomp/ball_count_2d_plain.02.redlog_global_2.smt2 : 139 ms.
--------------------------------------------------
unsat
QF_NRA/hycomp/ball_count_2d_plain.02.redlog_global_3.smt2 : 214 ms.
--------------------------------------------------
./solvers/smtrat/run.sh: line 3: 438574 Killed                  LD_PRELOAD=libmimalloc.so ./smtrat ../$1 2> /dev/null
QF_NRA/hycomp/ball_count_2d_plain.02.redlog_global_4.smt2 : 1800192 ms.
--------------------------------------------------
unsat
QF_NRA/hycomp/ball_count_2d_plain.02.redlog_global_5.smt2 : 428 ms.
--------------------------------------------------
./solvers/smtrat/run.sh: line 3: 439414 Killed                  LD_PRELOAD=libmimalloc.so ./smtrat ../$1 2> /dev/null
QF_NRA/hycomp/ball_count_2d_plain.02.redlog_global_6.smt2 : 1800054 ms.
--------------------------------------------------
unsat
QF_NRA/hycomp/ball_count_2d_plain.02.redlog_global_7.smt2 : 851 ms.
--------------------------------------------------
./solvers/smtrat/run.sh: line 3: 440230 Killed                  LD_PRELOAD=libmimalloc.so ./smtrat ../$1 2> /dev/null
QF_NRA/hycomp/ball_count_2d_plain.02.redlog_global_8.smt2 : 1801376 ms.
--------------------------------------------------
unsat
QF_NRA/hycomp/ball_count_2d_plain.02.redlog_global_9.smt2 : 1440 ms.
--------------------------------------------------
unsat
QF_NRA/hycomp/ball_count_2d_plain.02.seq_lazy_global_0.smt2 : 171 ms.
--------------------------------------------------
./solvers/smtrat/run.sh: line 3: 441357 Killed                  LD_PRELOAD=libmimalloc.so ./smtrat ../$1 2> /dev/null
QF_NRA/hycomp/ball_count_2d_plain.02.seq_lazy_global_10.smt2 : 1802531 ms.
--------------------------------------------------
unsat
QF_NRA/hycomp/ball_count_2d_plain.02.seq_lazy_global_11.smt2 : 1328 ms.
--------------------------------------------------
./solvers/smtrat/run.sh: line 3: 441992 Killed                  LD_PRELOAD=libmimalloc.so ./smtrat ../$1 2> /dev/null
QF_NRA/hycomp/ball_count_2d_plain.02.seq_lazy_global_12.smt2 : 1801005 ms.
--------------------------------------------------
unsat
QF_NRA/hycomp/ball_count_2d_plain.02.seq_lazy_global_13.smt2 : 1627 ms.
--------------------------------------------------
./solvers/smtrat/run.sh: line 3: 442921 Killed                  LD_PRELOAD=libmimalloc.so ./smtrat ../$1 2> /dev/null
QF_NRA/hycomp/ball_count_2d_plain.02.seq_lazy_global_14.smt2 : 1801036 ms.
--------------------------------------------------
unsat
QF_NRA/hycomp/ball_count_2d_plain.02.seq_lazy_global_15.smt2 : 1559 ms.
--------------------------------------------------
unsat
QF_NRA/hycomp/ball_count_2d_plain.02.seq_lazy_global_1.smt2 : 34 ms.
--------------------------------------------------
unsat
QF_NRA/hycomp/ball_count_2d_plain.02.seq_lazy_global_2.smt2 : 108 ms.
--------------------------------------------------
unsat
QF_NRA/hycomp/ball_count_2d_plain.02.seq_lazy_global_3.smt2 : 112 ms.
--------------------------------------------------
unsat
QF_NRA/hycomp/ball_count_2d_plain.02.seq_lazy_global_4.smt2 : 184 ms.
--------------------------------------------------
unsat
QF_NRA/hycomp/ball_count_2d_plain.02.seq_lazy_global_5.smt2 : 213 ms.
--------------------------------------------------
./solvers/smtrat/run.sh: line 3: 443709 Killed                  LD_PRELOAD=libmimalloc.so ./smtrat ../$1 2> /dev/null
QF_NRA/hycomp/ball_count_2d_plain.02.seq_lazy_global_6.smt2 : 1800048 ms.
--------------------------------------------------
unsat
QF_NRA/hycomp/ball_count_2d_plain.02.seq_lazy_global_7.smt2 : 400 ms.
--------------------------------------------------
./solvers/smtrat/run.sh: line 3: 444564 Killed                  LD_PRELOAD=libmimalloc.so ./smtrat ../$1 2> /dev/null
QF_NRA/hycomp/ball_count_2d_plain.02.seq_lazy_global_8.smt2 : 1803998 ms.
--------------------------------------------------
unsat
QF_NRA/hycomp/ball_count_2d_plain.02.seq_lazy_global_9.smt2 : 599 ms.
--------------------------------------------------
unsat
QF_NRA/hycomp/ball_count_2d_plain.02.seq_lazy_lemmas_global_0.smt2 : 23 ms.
--------------------------------------------------
./solvers/smtrat/run.sh: line 3: 445276 Killed                  LD_PRELOAD=libmimalloc.so ./smtrat ../$1 2> /dev/null
QF_NRA/hycomp/ball_count_2d_plain.02.seq_lazy_lemmas_global_10.smt2 : 1800290 ms.
--------------------------------------------------
unsat
QF_NRA/hycomp/ball_count_2d_plain.02.seq_lazy_lemmas_global_11.smt2 : 1400 ms.
--------------------------------------------------
./solvers/smtrat/run.sh: line 3: 446093 Killed                  LD_PRELOAD=libmimalloc.so ./smtrat ../$1 2> /dev/null
QF_NRA/hycomp/ball_count_2d_plain.02.seq_lazy_lemmas_global_12.smt2 : 1800640 ms.
--------------------------------------------------
unsat
QF_NRA/hycomp/ball_count_2d_plain.02.seq_lazy_lemmas_global_13.smt2 : 2392 ms.
--------------------------------------------------
./solvers/smtrat/run.sh: line 3: 446886 Killed                  LD_PRELOAD=libmimalloc.so ./smtrat ../$1 2> /dev/null
QF_NRA/hycomp/ball_count_2d_plain.02.seq_lazy_lemmas_global_14.smt2 : 1802250 ms.
--------------------------------------------------
unsat
QF_NRA/hycomp/ball_count_2d_plain.02.seq_lazy_lemmas_global_15.smt2 : 3569 ms.
--------------------------------------------------
unsat
QF_NRA/hycomp/ball_count_2d_plain.02.seq_lazy_lemmas_global_1.smt2 : 67 ms.
--------------------------------------------------
unsat
QF_NRA/hycomp/ball_count_2d_plain.02.seq_lazy_lemmas_global_2.smt2 : 168 ms.
--------------------------------------------------
unsat
QF_NRA/hycomp/ball_count_2d_plain.02.seq_lazy_lemmas_global_3.smt2 : 152 ms.
--------------------------------------------------
unsat
QF_NRA/hycomp/ball_count_2d_plain.02.seq_lazy_lemmas_global_4.smt2 : 1292 ms.
--------------------------------------------------
unsat
QF_NRA/hycomp/ball_count_2d_plain.02.seq_lazy_lemmas_global_5.smt2 : 331 ms.
--------------------------------------------------
./solvers/smtrat/run.sh: line 3: 447565 Killed                  LD_PRELOAD=libmimalloc.so ./smtrat ../$1 2> /dev/null
QF_NRA/hycomp/ball_count_2d_plain.02.seq_lazy_lemmas_global_6.smt2 : 1800403 ms.
--------------------------------------------------
unsat
QF_NRA/hycomp/ball_count_2d_plain.02.seq_lazy_lemmas_global_7.smt2 : 588 ms.
--------------------------------------------------
./solvers/smtrat/run.sh: line 3: 448155 Killed                  LD_PRELOAD=libmimalloc.so ./smtrat ../$1 2> /dev/null
QF_NRA/hycomp/ball_count_2d_plain.02.seq_lazy_lemmas_global_8.smt2 : 1802584 ms.
--------------------------------------------------
unsat
QF_NRA/hycomp/ball_count_2d_plain.02.seq_lazy_lemmas_global_9.smt2 : 926 ms.
--------------------------------------------------
unsat
QF_NRA/hycomp/ball_count_2d_plain.02.seq_lazy_linear_enc_global_0.smt2 : 21 ms.
--------------------------------------------------
./solvers/smtrat/run.sh: line 3: 448712 Killed                  LD_PRELOAD=libmimalloc.so ./smtrat ../$1 2> /dev/null
QF_NRA/hycomp/ball_count_2d_plain.02.seq_lazy_linear_enc_global_10.smt2 : 1801092 ms.
--------------------------------------------------
unsat
QF_NRA/hycomp/ball_count_2d_plain.02.seq_lazy_linear_enc_global_11.smt2 : 850 ms.
--------------------------------------------------
./solvers/smtrat/run.sh: line 3: 449614 Killed                  LD_PRELOAD=libmimalloc.so ./smtrat ../$1 2> /dev/null
QF_NRA/hycomp/ball_count_2d_plain.02.seq_lazy_linear_enc_global_12.smt2 : 1801598 ms.
--------------------------------------------------
unsat
QF_NRA/hycomp/ball_count_2d_plain.02.seq_lazy_linear_enc_global_13.smt2 : 1624 ms.
--------------------------------------------------
./solvers/smtrat/run.sh: line 3: 450238 Killed                  LD_PRELOAD=libmimalloc.so ./smtrat ../$1 2> /dev/null
QF_NRA/hycomp/ball_count_2d_plain.02.seq_lazy_linear_enc_global_14.smt2 : 1801716 ms.
--------------------------------------------------
unsat
QF_NRA/hycomp/ball_count_2d_plain.02.seq_lazy_linear_enc_global_15.smt2 : 2001 ms.
--------------------------------------------------
unsat
QF_NRA/hycomp/ball_count_2d_plain.02.seq_lazy_linear_enc_global_1.smt2 : 359 ms.
