--------------------------------------------------
unsat
QF_NRA/meti-tarski/sin/problem/7/weak2/sin-problem-7-weak2-chunk-0015.smt2 : 21 ms.
--------------------------------------------------
unsat
QF_NRA/meti-tarski/sin/problem/7/weak2/sin-problem-7-weak2-chunk-0019.smt2 : 27 ms.
--------------------------------------------------
sat
QF_NRA/meti-tarski/sin/problem/7/weak2/sin-problem-7-weak2-chunk-0023.smt2 : 28 ms.
--------------------------------------------------
unsat
QF_NRA/meti-tarski/sin/problem/7/weak2/sin-problem-7-weak2-chunk-0024.smt2 : 24 ms.
--------------------------------------------------
unsat
QF_NRA/meti-tarski/sin/problem/7/weak2/sin-problem-7-weak2-chunk-0029.smt2 : 35 ms.
--------------------------------------------------
unsat
QF_NRA/meti-tarski/sin/problem/7/weak2/sin-problem-7-weak2-chunk-0044.smt2 : 27 ms.
--------------------------------------------------
sat
QF_NRA/meti-tarski/sin/problem/7/weak2/sin-problem-7-weak2-chunk-0045.smt2 : 44 ms.
--------------------------------------------------
sat
QF_NRA/meti-tarski/sin/problem/7/weak2/sin-problem-7-weak2-chunk-0046.smt2 : 32 ms.
--------------------------------------------------
sat
QF_NRA/meti-tarski/sin/problem/7/weak2/sin-problem-7-weak2-chunk-0049.smt2 : 47 ms.
--------------------------------------------------
sat
QF_NRA/meti-tarski/sin/problem/7/weak2/sin-problem-7-weak2-chunk-0050.smt2 : 33 ms.
--------------------------------------------------
sat
QF_NRA/meti-tarski/sin/problem/7/weak2/sin-problem-7-weak2-chunk-0051.smt2 : 37 ms.
--------------------------------------------------
sat
QF_NRA/meti-tarski/sin/problem/7/weak2/sin-problem-7-weak2-chunk-0052.smt2 : 43 ms.
--------------------------------------------------
unsat
QF_NRA/meti-tarski/sin/problem/7/weak2/sin-problem-7-weak2-chunk-0054.smt2 : 20 ms.
--------------------------------------------------
sat
QF_NRA/meti-tarski/sin/problem/7/weak2/sin-problem-7-weak2-chunk-0055.smt2 : 49 ms.
--------------------------------------------------
sat
QF_NRA/meti-tarski/sin/problem/7/weak2/sin-problem-7-weak2-chunk-0056.smt2 : 41 ms.
--------------------------------------------------
sat
QF_NRA/meti-tarski/sin/problem/7/weak2/sin-problem-7-weak2-chunk-0057.smt2 : 27 ms.
--------------------------------------------------
unsat
QF_NRA/meti-tarski/sin/problem/7/weak2/sin-problem-7-weak2-chunk-0058.smt2 : 238 ms.
--------------------------------------------------
sat
QF_NRA/meti-tarski/sin/problem/7/weak2/sin-problem-7-weak2-chunk-0059.smt2 : 41 ms.
--------------------------------------------------
unsat
QF_NRA/meti-tarski/sin/problem/7/weak2/sin-problem-7-weak2-chunk-0060.smt2 : 26 ms.
--------------------------------------------------
sat
QF_NRA/meti-tarski/sin/problem/7/weak2/sin-problem-7-weak2-chunk-0062.smt2 : 44 ms.
--------------------------------------------------
unsat
QF_NRA/meti-tarski/sin/problem/7/weak2/sin-problem-7-weak2-chunk-0065.smt2 : 25 ms.
--------------------------------------------------
sat
QF_NRA/meti-tarski/sin/problem/7/weak2/sin-problem-7-weak2-chunk-0066.smt2 : 32 ms.
--------------------------------------------------
sat
QF_NRA/meti-tarski/sin/problem/7/weak2/sin-problem-7-weak2-chunk-0068.smt2 : 35 ms.
--------------------------------------------------
sat
QF_NRA/meti-tarski/sin/problem/7/weak2/sin-problem-7-weak2-chunk-0070.smt2 : 42 ms.
--------------------------------------------------
sat
QF_NRA/meti-tarski/sin/problem/7/weak2/sin-problem-7-weak2-chunk-0073.smt2 : 39 ms.
--------------------------------------------------
sat
QF_NRA/meti-tarski/sin/problem/7/weak2/sin-problem-7-weak2-chunk-0075.smt2 : 36 ms.
--------------------------------------------------
sat
QF_NRA/meti-tarski/sin/problem/7/weak2/sin-problem-7-weak2-chunk-0078.smt2 : 22 ms.
--------------------------------------------------
sat
QF_NRA/meti-tarski/sin/problem/7/weak2/sin-problem-7-weak2-chunk-0079.smt2 : 56 ms.
--------------------------------------------------
sat
QF_NRA/meti-tarski/sin/problem/7/weak2/sin-problem-7-weak2-chunk-0081.smt2 : 73 ms.
--------------------------------------------------
unsat
QF_NRA/meti-tarski/sin/problem/7/weak2/sin-problem-7-weak2-chunk-0082.smt2 : 55 ms.
--------------------------------------------------
sat
QF_NRA/meti-tarski/sin/problem/7/weak2/sin-problem-7-weak2-chunk-0083.smt2 : 27 ms.
--------------------------------------------------
unsat
QF_NRA/meti-tarski/sin/problem/7/weak2/sin-problem-7-weak2-chunk-0084.smt2 : 18 ms.
--------------------------------------------------
sat
QF_NRA/meti-tarski/sin/problem/7/weak2/sin-problem-7-weak2-chunk-0085.smt2 : 39 ms.
--------------------------------------------------
sat
QF_NRA/meti-tarski/sin/problem/7/weak2/sin-problem-7-weak2-chunk-0086.smt2 : 49 ms.
--------------------------------------------------
./solvers/smtrat/run.sh: line 3: 376674 Killed                  LD_PRELOAD=libmimalloc.so ./smtrat ../$1 2> /dev/null
QF_NRA/meti-tarski/sin/problem/7/weak2/sin-problem-7-weak2-chunk-0087.smt2 : 1800028 ms.
--------------------------------------------------
unsat
QF_NRA/meti-tarski/sin/problem/7/weak2/sin-problem-7-weak2-chunk-0088.smt2 : 21 ms.
--------------------------------------------------
unsat
QF_NRA/meti-tarski/sin/problem/7/weak2/sin-problem-7-weak2-chunk-0091.smt2 : 13 ms.
--------------------------------------------------
./solvers/smtrat/run.sh: line 3: 390114 Killed                  LD_PRELOAD=libmimalloc.so ./smtrat ../$1 2> /dev/null
QF_NRA/meti-tarski/sin/problem/7/weak2/sin-problem-7-weak2-chunk-0092.smt2 : 1800044 ms.
--------------------------------------------------
./solvers/smtrat/run.sh: line 3: 393448 Killed                  LD_PRELOAD=libmimalloc.so ./smtrat ../$1 2> /dev/null
QF_NRA/meti-tarski/sin/problem/7/weak2/sin-problem-7-weak2-chunk-0093.smt2 : 1800064 ms.
--------------------------------------------------
sat
QF_NRA/meti-tarski/sin/problem/7/weak2/sin-problem-7-weak2-chunk-0094.smt2 : 67 ms.
--------------------------------------------------
sat
QF_NRA/meti-tarski/sin/problem/7/weak2/sin-problem-7-weak2-chunk-0095.smt2 : 105 ms.
--------------------------------------------------
unsat
QF_NRA/meti-tarski/sin/problem/7/weak2/sin-problem-7-weak2-chunk-0096.smt2 : 17 ms.
--------------------------------------------------
./solvers/smtrat/run.sh: line 3: 396408 Killed                  LD_PRELOAD=libmimalloc.so ./smtrat ../$1 2> /dev/null
QF_NRA/meti-tarski/sin/problem/7/weak2/sin-problem-7-weak2-chunk-0097.smt2 : 1800018 ms.
--------------------------------------------------
unsat
QF_NRA/meti-tarski/sin/problem/7/weak2/sin-problem-7-weak2-chunk-0098.smt2 : 29 ms.
--------------------------------------------------
sat
QF_NRA/meti-tarski/sin/problem/7/weak2/sin-problem-7-weak2-chunk-0099.smt2 : 23361 ms.
--------------------------------------------------
unsat
QF_NRA/meti-tarski/sin/problem/7/weak2/sin-problem-7-weak2-chunk-0100.smt2 : 14 ms.
--------------------------------------------------
sat
QF_NRA/meti-tarski/sin/problem/7/weak2/sin-problem-7-weak2-chunk-0101.smt2 : 19865 ms.
--------------------------------------------------
sat
QF_NRA/meti-tarski/sin/problem/7/weak2/sin-problem-7-weak2-chunk-0102.smt2 : 111 ms.
--------------------------------------------------
unsat
QF_NRA/meti-tarski/sin/problem/7/weak2/sin-problem-7-weak2-chunk-0105.smt2 : 21 ms.
--------------------------------------------------
sat
QF_NRA/meti-tarski/sin/problem/7/weak2/sin-problem-7-weak2-chunk-0106.smt2 : 86 ms.
--------------------------------------------------
./solvers/smtrat/run.sh: line 3: 399205 Killed                  LD_PRELOAD=libmimalloc.so ./smtrat ../$1 2> /dev/null
QF_NRA/meti-tarski/sin/problem/7/weak2/sin-problem-7-weak2-chunk-0107.smt2 : 1800071 ms.
--------------------------------------------------
unsat
QF_NRA/meti-tarski/sin/problem/7/weak2/sin-problem-7-weak2-chunk-0108.smt2 : 154 ms.
--------------------------------------------------
sat
QF_NRA/meti-tarski/sin/problem/7/weak2/sin-problem-7-weak2-chunk-0109.smt2 : 141 ms.
--------------------------------------------------
sat
QF_NRA/meti-tarski/sin/problem/7/weak2/sin-problem-7-weak2-chunk-0110.smt2 : 64 ms.
--------------------------------------------------
unsat
QF_NRA/meti-tarski/sin/problem/7/weak2/sin-problem-7-weak2-chunk-0111.smt2 : 22 ms.
--------------------------------------------------
unsat
QF_NRA/meti-tarski/sin/problem/7/weak2/sin-problem-7-weak2-chunk-0113.smt2 : 765402 ms.
--------------------------------------------------
sat
QF_NRA/meti-tarski/sin/problem/7/weak2/sin-problem-7-weak2-chunk-0114.smt2 : 59 ms.
--------------------------------------------------
sat
QF_NRA/meti-tarski/sin/problem/7/weak2/sin-problem-7-weak2-chunk-0115.smt2 : 56 ms.
--------------------------------------------------
./solvers/smtrat/run.sh: line 3: 402702 Killed                  LD_PRELOAD=libmimalloc.so ./smtrat ../$1 2> /dev/null
QF_NRA/meti-tarski/sin/problem/7/weak2/sin-problem-7-weak2-chunk-0116.smt2 : 1800032 ms.
--------------------------------------------------
./solvers/smtrat/run.sh: line 3: 404663 Killed                  LD_PRELOAD=libmimalloc.so ./smtrat ../$1 2> /dev/null
QF_NRA/meti-tarski/sin/problem/7/weak2/sin-problem-7-weak2-chunk-0117.smt2 : 1800146 ms.
--------------------------------------------------
./solvers/smtrat/run.sh: line 3: 406853 Killed                  LD_PRELOAD=libmimalloc.so ./smtrat ../$1 2> /dev/null
QF_NRA/meti-tarski/sin/problem/7/weak2/sin-problem-7-weak2-chunk-0118.smt2 : 1800137 ms.
--------------------------------------------------
./solvers/smtrat/run.sh: line 3: 408682 Killed                  LD_PRELOAD=libmimalloc.so ./smtrat ../$1 2> /dev/null
QF_NRA/meti-tarski/sin/problem/7/weak2/sin-problem-7-weak2-chunk-0119.smt2 : 1800134 ms.
--------------------------------------------------
unsat
QF_NRA/meti-tarski/sin/problem/7/weak2/sin-problem-7-weak2-chunk-0120.smt2 : 21 ms.
--------------------------------------------------
./solvers/smtrat/run.sh: line 3: 410620 Killed                  LD_PRELOAD=libmimalloc.so ./smtrat ../$1 2> /dev/null
QF_NRA/meti-tarski/sin/problem/7/weak2/sin-problem-7-weak2-chunk-0121.smt2 : 1800130 ms.
--------------------------------------------------
./solvers/smtrat/run.sh: line 3: 412076 Killed                  LD_PRELOAD=libmimalloc.so ./smtrat ../$1 2> /dev/null
QF_NRA/meti-tarski/sin/problem/7/weak2/sin-problem-7-weak2-chunk-0122.smt2 : 1800113 ms.
--------------------------------------------------
sat
QF_NRA/meti-tarski/sin/problem/7/weak2/sin-problem-7-weak2-chunk-0123.smt2 : 53 ms.
--------------------------------------------------
./solvers/smtrat/run.sh: line 3: 413695 Killed                  LD_PRELOAD=libmimalloc.so ./smtrat ../$1 2> /dev/null
QF_NRA/meti-tarski/sin/problem/7/weak2/sin-problem-7-weak2-chunk-0124.smt2 : 1800049 ms.
--------------------------------------------------
./solvers/smtrat/run.sh: line 3: 415433 Killed                  LD_PRELOAD=libmimalloc.so ./smtrat ../$1 2> /dev/null
QF_NRA/meti-tarski/sin/problem/7/weak2/sin-problem-7-weak2-chunk-0125.smt2 : 1800042 ms.
--------------------------------------------------
./solvers/smtrat/run.sh: line 3: 417142 Killed                  LD_PRELOAD=libmimalloc.so ./smtrat ../$1 2> /dev/null
QF_NRA/meti-tarski/sin/problem/7/weak2/sin-problem-7-weak2-chunk-0127.smt2 : 1800037 ms.
--------------------------------------------------
unsat
QF_NRA/meti-tarski/sin/problem/7/weak2/sin-problem-7-weak2-chunk-0128.smt2 : 322 ms.
--------------------------------------------------
./solvers/smtrat/run.sh: line 3: 418612 Killed                  LD_PRELOAD=libmimalloc.so ./smtrat ../$1 2> /dev/null
QF_NRA/meti-tarski/sin/problem/7/weak2/sin-problem-7-weak2-chunk-0129.smt2 : 1800170 ms.
--------------------------------------------------
./solvers/smtrat/run.sh: line 3: 420385 Killed                  LD_PRELOAD=libmimalloc.so ./smtrat ../$1 2> /dev/null
QF_NRA/meti-tarski/sin/problem/7/weak2/sin-problem-7-weak2-chunk-0130.smt2 : 1800148 ms.
--------------------------------------------------
./solvers/smtrat/run.sh: line 3: 421772 Killed                  LD_PRELOAD=libmimalloc.so ./smtrat ../$1 2> /dev/null
QF_NRA/meti-tarski/sin/problem/7/weak2/sin-problem-7-weak2-chunk-0131.smt2 : 1800057 ms.
