--------------------------------------------------
sat
QF_NRA/20200911-Pine/1599120907414249000.smt2 : 129 ms.
--------------------------------------------------
sat
QF_NRA/20200911-Pine/1599120907513630000.smt2 : 55 ms.
--------------------------------------------------
sat
QF_NRA/20200911-Pine/1599120907615225000.smt2 : 234 ms.
--------------------------------------------------
./solvers/smtrat/run.sh: line 3: 366394 Killed                  LD_PRELOAD=libmimalloc.so ./smtrat ../$1 2> /dev/null
QF_NRA/20200911-Pine/1599120907722106000.smt2 : 1800070 ms.
--------------------------------------------------
./solvers/smtrat/run.sh: line 3: 389517 Killed                  LD_PRELOAD=libmimalloc.so ./smtrat ../$1 2> /dev/null
QF_NRA/20200911-Pine/1599120907818508000.smt2 : 1800091 ms.
--------------------------------------------------
./solvers/smtrat/run.sh: line 3: 393275 Killed                  LD_PRELOAD=libmimalloc.so ./smtrat ../$1 2> /dev/null
QF_NRA/20200911-Pine/1599120908933292000.smt2 : 1800062 ms.
--------------------------------------------------
./solvers/smtrat/run.sh: line 3: 396336 Killed                  LD_PRELOAD=libmimalloc.so ./smtrat ../$1 2> /dev/null
QF_NRA/20200911-Pine/1599120911869156000.smt2 : 1800076 ms.
--------------------------------------------------
sat
QF_NRA/20200911-Pine/1599121684188100000.smt2 : 69 ms.
--------------------------------------------------
sat
QF_NRA/20200911-Pine/1599121684285860000.smt2 : 605064 ms.
--------------------------------------------------
./solvers/smtrat/run.sh: line 3: 400150 Killed                  LD_PRELOAD=libmimalloc.so ./smtrat ../$1 2> /dev/null
QF_NRA/20200911-Pine/1599121684378151000.smt2 : 1800067 ms.
--------------------------------------------------
sat
QF_NRA/20200911-Pine/1599121684477306000.smt2 : 41432 ms.
--------------------------------------------------
sat
QF_NRA/20200911-Pine/1599121684561818000.smt2 : 312005 ms.
--------------------------------------------------
sat
QF_NRA/20200911-Pine/1599121684653478000.smt2 : 516861 ms.
--------------------------------------------------
./solvers/smtrat/run.sh: line 3: 403341 Killed                  LD_PRELOAD=libmimalloc.so ./smtrat ../$1 2> /dev/null
QF_NRA/20200911-Pine/1599121684761355000.smt2 : 1800024 ms.
--------------------------------------------------
./solvers/smtrat/run.sh: line 3: 405373 Killed                  LD_PRELOAD=libmimalloc.so ./smtrat ../$1 2> /dev/null
QF_NRA/20200911-Pine/1599121687424286000.smt2 : 1800090 ms.
--------------------------------------------------
sat
QF_NRA/20200911-Pine/1599121861020640000.smt2 : 5385 ms.
--------------------------------------------------
sat
QF_NRA/20200911-Pine/1599121861113116000.smt2 : 5949 ms.
--------------------------------------------------
sat
QF_NRA/20200911-Pine/1599121861204394000.smt2 : 46 ms.
--------------------------------------------------
sat
QF_NRA/20200911-Pine/1599121861304140000.smt2 : 57 ms.
--------------------------------------------------
sat
QF_NRA/20200911-Pine/1599121861391903000.smt2 : 50 ms.
--------------------------------------------------
sat
QF_NRA/20200911-Pine/1599121861496816000.smt2 : 34 ms.
--------------------------------------------------
sat
QF_NRA/20200911-Pine/1599121861590419000.smt2 : 6694 ms.
--------------------------------------------------
sat
QF_NRA/20200911-Pine/1599121861673275000.smt2 : 59 ms.
--------------------------------------------------
sat
QF_NRA/20200911-Pine/1599121861773920000.smt2 : 61 ms.
--------------------------------------------------
sat
QF_NRA/20200911-Pine/1599121861868864000.smt2 : 61 ms.
--------------------------------------------------
sat
QF_NRA/20200911-Pine/1599121861963219000.smt2 : 70 ms.
--------------------------------------------------
sat
QF_NRA/20200911-Pine/1599121862060861000.smt2 : 78 ms.
--------------------------------------------------
sat
QF_NRA/20200911-Pine/1599121862158098000.smt2 : 46 ms.
--------------------------------------------------
sat
QF_NRA/20200911-Pine/1599121862252472000.smt2 : 42 ms.
--------------------------------------------------
sat
QF_NRA/20200911-Pine/1599121862350313000.smt2 : 40 ms.
--------------------------------------------------
sat
QF_NRA/20200911-Pine/1599121862442984000.smt2 : 70 ms.
--------------------------------------------------
sat
QF_NRA/20200911-Pine/1599121862539118000.smt2 : 44 ms.
--------------------------------------------------
sat
QF_NRA/20200911-Pine/1599121862628259000.smt2 : 73 ms.
--------------------------------------------------
sat
QF_NRA/20200911-Pine/1599121862719873000.smt2 : 56 ms.
--------------------------------------------------
sat
QF_NRA/20200911-Pine/1599121862802573000.smt2 : 57 ms.
--------------------------------------------------
sat
QF_NRA/20200911-Pine/1599121862899350000.smt2 : 50 ms.
--------------------------------------------------
sat
QF_NRA/20200911-Pine/1599121862981074000.smt2 : 60 ms.
--------------------------------------------------
sat
QF_NRA/20200911-Pine/1599121863071862000.smt2 : 64 ms.
--------------------------------------------------
sat
QF_NRA/20200911-Pine/1599121863160493000.smt2 : 151 ms.
--------------------------------------------------
sat
QF_NRA/20200911-Pine/1599121863243316000.smt2 : 114 ms.
--------------------------------------------------
sat
QF_NRA/20200911-Pine/1599121863332013000.smt2 : 233 ms.
--------------------------------------------------
sat
QF_NRA/20200911-Pine/1599121863418601000.smt2 : 254 ms.
--------------------------------------------------
sat
QF_NRA/20200911-Pine/1599121863507696000.smt2 : 326 ms.
--------------------------------------------------
sat
QF_NRA/20200911-Pine/1599121863598340000.smt2 : 252 ms.
--------------------------------------------------
sat
QF_NRA/20200911-Pine/1599121863702813000.smt2 : 589 ms.
--------------------------------------------------
sat
QF_NRA/20200911-Pine/1599121863820026000.smt2 : 295 ms.
--------------------------------------------------
unsat
QF_NRA/20200911-Pine/1599121863927725000.smt2 : 233 ms.
--------------------------------------------------
unsat
QF_NRA/20200911-Pine/1599121866548508000.smt2 : 33808 ms.
--------------------------------------------------
sat
QF_NRA/20200911-Pine/1599121886379408000.smt2 : 41 ms.
--------------------------------------------------
unsat
QF_NRA/20200911-Pine/1599121886550120000.smt2 : 2669 ms.
--------------------------------------------------
./solvers/smtrat/run.sh: line 3: 407509 Killed                  LD_PRELOAD=libmimalloc.so ./smtrat ../$1 2> /dev/null
QF_NRA/20200911-Pine/1599121889458073000.smt2 : 1800064 ms.
--------------------------------------------------
sat
QF_NRA/20200911-Pine/1599121899310413000.smt2 : 124 ms.
--------------------------------------------------
sat
QF_NRA/20200911-Pine/1599121899405522000.smt2 : 75 ms.
--------------------------------------------------
sat
QF_NRA/20200911-Pine/1599121899534768000.smt2 : 96 ms.
--------------------------------------------------
sat
QF_NRA/20200911-Pine/1599121899684865000.smt2 : 76 ms.
--------------------------------------------------
sat
QF_NRA/20200911-Pine/1599121899765670000.smt2 : 92 ms.
--------------------------------------------------
sat
QF_NRA/20200911-Pine/1599121899872501000.smt2 : 101 ms.
--------------------------------------------------
sat
QF_NRA/20200911-Pine/1599121899996144000.smt2 : 99 ms.
--------------------------------------------------
sat
QF_NRA/20200911-Pine/1599121900087311000.smt2 : 90 ms.
--------------------------------------------------
sat
QF_NRA/20200911-Pine/1599121900178623000.smt2 : 102 ms.
--------------------------------------------------
sat
QF_NRA/20200911-Pine/1599121900264874000.smt2 : 104 ms.
--------------------------------------------------
./solvers/smtrat/run.sh: line 3: 409549 Killed                  LD_PRELOAD=libmimalloc.so ./smtrat ../$1 2> /dev/null
QF_NRA/20200911-Pine/1599121900395156000.smt2 : 1800083 ms.
--------------------------------------------------
sat
QF_NRA/20200911-Pine/1599121900501850000.smt2 : 249 ms.
--------------------------------------------------
sat
QF_NRA/20200911-Pine/1599121900611358000.smt2 : 278 ms.
--------------------------------------------------
sat
QF_NRA/20200911-Pine/1599121900721258000.smt2 : 258 ms.
--------------------------------------------------
sat
QF_NRA/20200911-Pine/1599121900863650000.smt2 : 274 ms.
--------------------------------------------------
sat
QF_NRA/20200911-Pine/1599121900961647000.smt2 : 226 ms.
--------------------------------------------------
sat
QF_NRA/20200911-Pine/1599121901058720000.smt2 : 116 ms.
--------------------------------------------------
./solvers/smtrat/run.sh: line 3: 411148 Killed                  LD_PRELOAD=libmimalloc.so ./smtrat ../$1 2> /dev/null
QF_NRA/20200911-Pine/1599121901164798000.smt2 : 1800065 ms.
--------------------------------------------------
sat
QF_NRA/20200911-Pine/1599121901261336000.smt2 : 232303 ms.
--------------------------------------------------
sat
QF_NRA/20200911-Pine/1599121901399108000.smt2 : 220474 ms.
--------------------------------------------------
sat
QF_NRA/20200911-Pine/1599121901508910000.smt2 : 66120 ms.
--------------------------------------------------
./solvers/smtrat/run.sh: line 3: 412999 Killed                  LD_PRELOAD=libmimalloc.so ./smtrat ../$1 2> /dev/null
QF_NRA/20200911-Pine/1599121901606581000.smt2 : 1800070 ms.
--------------------------------------------------
sat
QF_NRA/20200911-Pine/1599121901788493000.smt2 : 28768 ms.
--------------------------------------------------
sat
QF_NRA/20200911-Pine/1599121901979464000.smt2 : 399 ms.
--------------------------------------------------
sat
QF_NRA/20200911-Pine/1599121902194451000.smt2 : 406 ms.
--------------------------------------------------
sat
QF_NRA/20200911-Pine/1599121902358391000.smt2 : 353 ms.
--------------------------------------------------
sat
QF_NRA/20200911-Pine/1599121902443868000.smt2 : 350480 ms.
--------------------------------------------------
sat
QF_NRA/20200911-Pine/1599121902582611000.smt2 : 200 ms.
--------------------------------------------------
sat
QF_NRA/20200911-Pine/1599121902699953000.smt2 : 227815 ms.
--------------------------------------------------
sat
QF_NRA/20200911-Pine/1599121902804243000.smt2 : 222055 ms.
--------------------------------------------------
sat
QF_NRA/20200911-Pine/1599121902909795000.smt2 : 225279 ms.
--------------------------------------------------
sat
QF_NRA/20200911-Pine/1599121903031802000.smt2 : 222642 ms.
--------------------------------------------------
./solvers/smtrat/run.sh: line 3: 416281 Killed                  LD_PRELOAD=libmimalloc.so ./smtrat ../$1 2> /dev/null
QF_NRA/20200911-Pine/1599121903168735000.smt2 : 1868409 ms.
--------------------------------------------------
./solvers/smtrat/run.sh: line 3: 417767 Killed                  LD_PRELOAD=libmimalloc.so ./smtrat ../$1 2> /dev/null
QF_NRA/20200911-Pine/1599121903279162000.smt2 : 1800040 ms.
--------------------------------------------------
sat
QF_NRA/20200911-Pine/1599121903380659000.smt2 : 213409 ms.
--------------------------------------------------
sat
QF_NRA/20200911-Pine/1599121903519083000.smt2 : 248106 ms.
--------------------------------------------------
sat
QF_NRA/20200911-Pine/1599121903663628000.smt2 : 248206 ms.
--------------------------------------------------
sat
QF_NRA/20200911-Pine/1599121903843386000.smt2 : 256412 ms.
--------------------------------------------------
sat
QF_NRA/20200911-Pine/1599121903974444000.smt2 : 205457 ms.
--------------------------------------------------
sat
QF_NRA/20200911-Pine/1599121904148342000.smt2 : 261912 ms.
--------------------------------------------------
./solvers/smtrat/run.sh: line 3: 420837 Killed                  LD_PRELOAD=libmimalloc.so ./smtrat ../$1 2> /dev/null
QF_NRA/20200911-Pine/1599121904275696000.smt2 : 1800059 ms.
--------------------------------------------------
sat
QF_NRA/20200911-Pine/1599121904427820000.smt2 : 84 ms.
--------------------------------------------------
sat
QF_NRA/20200911-Pine/1599121904575726000.smt2 : 259651 ms.
--------------------------------------------------
sat
QF_NRA/20200911-Pine/1599121904699478000.smt2 : 246406 ms.
--------------------------------------------------
sat
QF_NRA/20200911-Pine/1599121904850228000.smt2 : 201 ms.
--------------------------------------------------
sat
QF_NRA/20200911-Pine/1599121905004413000.smt2 : 937 ms.
--------------------------------------------------
sat
QF_NRA/20200911-Pine/1599121905159229000.smt2 : 254461 ms.
--------------------------------------------------
sat
QF_NRA/20200911-Pine/1599121905363582000.smt2 : 255155 ms.
--------------------------------------------------
sat
QF_NRA/20200911-Pine/1599121905450496000.smt2 : 250928 ms.
--------------------------------------------------
sat
QF_NRA/20200911-Pine/1599121905539672000.smt2 : 257833 ms.
--------------------------------------------------
sat
QF_NRA/20200911-Pine/1599121905676685000.smt2 : 193 ms.
--------------------------------------------------
sat
QF_NRA/20200911-Pine/1599121905756640000.smt2 : 328 ms.
--------------------------------------------------
sat
QF_NRA/20200911-Pine/1599121905853387000.smt2 : 89 ms.
--------------------------------------------------
sat
QF_NRA/20200911-Pine/1599121906000858000.smt2 : 345 ms.
--------------------------------------------------
sat
QF_NRA/20200911-Pine/1599121906174154000.smt2 : 372 ms.
--------------------------------------------------
unsat
QF_NRA/20200911-Pine/1599121906331969000.smt2 : 405611 ms.
--------------------------------------------------
./solvers/smtrat/run.sh: line 3: 423355 Killed                  LD_PRELOAD=libmimalloc.so ./smtrat ../$1 2> /dev/null
QF_NRA/20200911-Pine/1599121909151965000.smt2 : 1800229 ms.
--------------------------------------------------
sat
QF_NRA/20200911-Pine/1599121976786824000.smt2 : 51 ms.
--------------------------------------------------
sat
QF_NRA/20200911-Pine/1599121976876433000.smt2 : 70 ms.
--------------------------------------------------
sat
QF_NRA/20200911-Pine/1599121976975720000.smt2 : 51 ms.
--------------------------------------------------
sat
QF_NRA/20200911-Pine/1599121977052667000.smt2 : 214 ms.
--------------------------------------------------
sat
QF_NRA/20200911-Pine/1599121977140456000.smt2 : 293 ms.
--------------------------------------------------
sat
QF_NRA/20200911-Pine/1599121977220088000.smt2 : 184 ms.
--------------------------------------------------
sat
QF_NRA/20200911-Pine/1599121977316964000.smt2 : 66 ms.
--------------------------------------------------
sat
QF_NRA/20200911-Pine/1599121977409531000.smt2 : 63 ms.
--------------------------------------------------
sat
QF_NRA/20200911-Pine/1599121977494004000.smt2 : 69 ms.
--------------------------------------------------
sat
QF_NRA/20200911-Pine/1599121977574768000.smt2 : 56 ms.
--------------------------------------------------
sat
QF_NRA/20200911-Pine/1599121977688943000.smt2 : 72 ms.
--------------------------------------------------
sat
QF_NRA/20200911-Pine/1599121977778711000.smt2 : 125 ms.
--------------------------------------------------
sat
QF_NRA/20200911-Pine/1599121977871504000.smt2 : 62 ms.
--------------------------------------------------
sat
QF_NRA/20200911-Pine/1599121977963106000.smt2 : 52 ms.
--------------------------------------------------
sat
QF_NRA/20200911-Pine/1599121978053526000.smt2 : 58 ms.
--------------------------------------------------
sat
QF_NRA/20200911-Pine/1599121978149819000.smt2 : 90 ms.
--------------------------------------------------
sat
QF_NRA/20200911-Pine/1599121978233493000.smt2 : 75 ms.
--------------------------------------------------
sat
QF_NRA/20200911-Pine/1599121978324635000.smt2 : 247 ms.
--------------------------------------------------
sat
QF_NRA/20200911-Pine/1599121978410256000.smt2 : 188 ms.
--------------------------------------------------
sat
QF_NRA/20200911-Pine/1599121978503423000.smt2 : 92 ms.
--------------------------------------------------
sat
QF_NRA/20200911-Pine/1599121978587040000.smt2 : 114 ms.
--------------------------------------------------
sat
QF_NRA/20200911-Pine/1599121978725162000.smt2 : 187 ms.
--------------------------------------------------
sat
QF_NRA/20200911-Pine/1599121978844246000.smt2 : 169 ms.
--------------------------------------------------
sat
QF_NRA/20200911-Pine/1599121978937271000.smt2 : 165 ms.
--------------------------------------------------
sat
QF_NRA/20200911-Pine/1599121979036655000.smt2 : 91 ms.
--------------------------------------------------
sat
QF_NRA/20200911-Pine/1599121979136435000.smt2 : 74 ms.
--------------------------------------------------
sat
QF_NRA/20200911-Pine/1599121979237207000.smt2 : 99 ms.
--------------------------------------------------
sat
QF_NRA/20200911-Pine/1599121979347401000.smt2 : 57 ms.
--------------------------------------------------
sat
QF_NRA/20200911-Pine/1599121979452833000.smt2 : 45 ms.
--------------------------------------------------
sat
QF_NRA/20200911-Pine/1599121979540482000.smt2 : 144 ms.
--------------------------------------------------
sat
QF_NRA/20200911-Pine/1599121979634128000.smt2 : 54 ms.
--------------------------------------------------
sat
QF_NRA/20200911-Pine/1599121979753628000.smt2 : 52 ms.
--------------------------------------------------
sat
QF_NRA/20200911-Pine/1599121979877230000.smt2 : 50 ms.
--------------------------------------------------
sat
QF_NRA/20200911-Pine/1599121979969036000.smt2 : 75 ms.
--------------------------------------------------
sat
QF_NRA/20200911-Pine/1599121980065204000.smt2 : 52 ms.
--------------------------------------------------
unsat
QF_NRA/20200911-Pine/1599121980156583000.smt2 : 44 ms.
--------------------------------------------------
unsat
QF_NRA/20200911-Pine/1599121982750472000.smt2 : 725 ms.
--------------------------------------------------
sat
QF_NRA/20200911-Pine/1599122158622723000.smt2 : 35 ms.
--------------------------------------------------
sat
QF_NRA/20200911-Pine/1599122158690319000.smt2 : 36 ms.
--------------------------------------------------
sat
QF_NRA/20200911-Pine/1599122158761091000.smt2 : 51 ms.
--------------------------------------------------
sat
QF_NRA/20200911-Pine/1599122158826418000.smt2 : 33 ms.
--------------------------------------------------
sat
QF_NRA/20200911-Pine/1599122158896018000.smt2 : 56 ms.
--------------------------------------------------
sat
QF_NRA/20200911-Pine/1599122158964809000.smt2 : 41 ms.
--------------------------------------------------
sat
QF_NRA/20200911-Pine/1599122159037804000.smt2 : 54 ms.
--------------------------------------------------
sat
QF_NRA/20200911-Pine/1599122159103427000.smt2 : 39 ms.
--------------------------------------------------
sat
QF_NRA/20200911-Pine/1599122159177336000.smt2 : 54 ms.
--------------------------------------------------
sat
QF_NRA/20200911-Pine/1599122159253021000.smt2 : 55 ms.
--------------------------------------------------
sat
QF_NRA/20200911-Pine/1599122159324430000.smt2 : 57 ms.
--------------------------------------------------
sat
QF_NRA/20200911-Pine/1599122159395516000.smt2 : 42 ms.
--------------------------------------------------
sat
QF_NRA/20200911-Pine/1599122159470027000.smt2 : 55 ms.
--------------------------------------------------
sat
QF_NRA/20200911-Pine/1599122159553859000.smt2 : 41 ms.
--------------------------------------------------
sat
QF_NRA/20200911-Pine/1599122159626470000.smt2 : 59 ms.
--------------------------------------------------
sat
QF_NRA/20200911-Pine/1599122159700397000.smt2 : 40 ms.
--------------------------------------------------
sat
QF_NRA/20200911-Pine/1599122159776715000.smt2 : 55 ms.
--------------------------------------------------
sat
QF_NRA/20200911-Pine/1599122159846134000.smt2 : 54 ms.
--------------------------------------------------
sat
QF_NRA/20200911-Pine/1599122159940883000.smt2 : 54 ms.
--------------------------------------------------
sat
QF_NRA/20200911-Pine/1599122160065505000.smt2 : 42 ms.
--------------------------------------------------
sat
QF_NRA/20200911-Pine/1599122160139220000.smt2 : 43 ms.
--------------------------------------------------
sat
QF_NRA/20200911-Pine/1599122160216860000.smt2 : 42 ms.
--------------------------------------------------
sat
QF_NRA/20200911-Pine/1599122160294194000.smt2 : 54 ms.
--------------------------------------------------
sat
QF_NRA/20200911-Pine/1599122160360713000.smt2 : 65 ms.
--------------------------------------------------
sat
QF_NRA/20200911-Pine/1599122160430013000.smt2 : 43 ms.
--------------------------------------------------
sat
QF_NRA/20200911-Pine/1599122160501179000.smt2 : 55 ms.
--------------------------------------------------
sat
QF_NRA/20200911-Pine/1599122160577854000.smt2 : 57 ms.
--------------------------------------------------
sat
QF_NRA/20200911-Pine/1599122160651294000.smt2 : 56 ms.
--------------------------------------------------
sat
QF_NRA/20200911-Pine/1599122160759999000.smt2 : 43 ms.
--------------------------------------------------
sat
QF_NRA/20200911-Pine/1599122160834023000.smt2 : 43 ms.
--------------------------------------------------
sat
QF_NRA/20200911-Pine/1599122160908580000.smt2 : 58 ms.
--------------------------------------------------
sat
QF_NRA/20200911-Pine/1599122160984317000.smt2 : 59 ms.
--------------------------------------------------
sat
QF_NRA/20200911-Pine/1599122161062257000.smt2 : 64 ms.
--------------------------------------------------
sat
QF_NRA/20200911-Pine/1599122161135113000.smt2 : 57 ms.
--------------------------------------------------
sat
QF_NRA/20200911-Pine/1599122161209643000.smt2 : 42 ms.
--------------------------------------------------
sat
QF_NRA/20200911-Pine/1599122161297140000.smt2 : 42 ms.
--------------------------------------------------
sat
QF_NRA/20200911-Pine/1599122161372272000.smt2 : 42 ms.
--------------------------------------------------
sat
QF_NRA/20200911-Pine/1599122161444977000.smt2 : 41 ms.
--------------------------------------------------
sat
QF_NRA/20200911-Pine/1599122161528074000.smt2 : 43 ms.
--------------------------------------------------
sat
QF_NRA/20200911-Pine/1599122161615591000.smt2 : 43 ms.
--------------------------------------------------
sat
QF_NRA/20200911-Pine/1599122161686152000.smt2 : 42 ms.
--------------------------------------------------
sat
QF_NRA/20200911-Pine/1599122161761452000.smt2 : 42 ms.
--------------------------------------------------
sat
QF_NRA/20200911-Pine/1599122161837024000.smt2 : 45 ms.
--------------------------------------------------
sat
QF_NRA/20200911-Pine/1599122161907569000.smt2 : 51 ms.
--------------------------------------------------
sat
QF_NRA/20200911-Pine/1599122161975354000.smt2 : 45 ms.
--------------------------------------------------
sat
QF_NRA/20200911-Pine/1599122162052389000.smt2 : 44 ms.
--------------------------------------------------
sat
QF_NRA/20200911-Pine/1599122162129885000.smt2 : 44 ms.
--------------------------------------------------
sat
QF_NRA/20200911-Pine/1599122162207056000.smt2 : 44 ms.
--------------------------------------------------
sat
QF_NRA/20200911-Pine/1599122162288189000.smt2 : 44 ms.
--------------------------------------------------
sat
QF_NRA/20200911-Pine/1599122162374274000.smt2 : 46 ms.
--------------------------------------------------
sat
QF_NRA/20200911-Pine/1599122162465867000.smt2 : 46 ms.
--------------------------------------------------
sat
QF_NRA/20200911-Pine/1599122162569064000.smt2 : 44 ms.
--------------------------------------------------
sat
QF_NRA/20200911-Pine/1599122162683190000.smt2 : 43 ms.
--------------------------------------------------
sat
QF_NRA/20200911-Pine/1599122162816156000.smt2 : 44 ms.
--------------------------------------------------
sat
QF_NRA/20200911-Pine/1599122162914439000.smt2 : 46 ms.
