--------------------------------------------------
./solvers/smtrat/run.sh: line 3: 365460 Killed                  LD_PRELOAD=libmimalloc.so ./smtrat ../$1 2> /dev/null
QF_NRA/LassoRanker/Ultimate/SyntaxSupportDisjunction4.bpl_Iteration1_Loop_3-pieceTemplate.smt2 : 1800043 ms.
--------------------------------------------------
./solvers/smtrat/run.sh: line 3: 389441 Killed                  LD_PRELOAD=libmimalloc.so ./smtrat ../$1 2> /dev/null
QF_NRA/LassoRanker/Ultimate/SyntaxSupportDisjunction4.bpl_Iteration1_Loop_4-pieceTemplate.smt2 : 1800041 ms.
--------------------------------------------------
./solvers/smtrat/run.sh: line 3: 393249 Killed                  LD_PRELOAD=libmimalloc.so ./smtrat ../$1 2> /dev/null
QF_NRA/LassoRanker/Ultimate/SyntaxSupportDivision1.bpl_Iteration1_Lasso_2-pieceTemplate.smt2 : 1800106 ms.
--------------------------------------------------
./solvers/smtrat/run.sh: line 3: 396324 Killed                  LD_PRELOAD=libmimalloc.so ./smtrat ../$1 2> /dev/null
QF_NRA/LassoRanker/Ultimate/SyntaxSupportDivision1.bpl_Iteration1_Lasso_3-pieceTemplate.smt2 : 1800183 ms.
--------------------------------------------------
./solvers/smtrat/run.sh: line 3: 398824 Killed                  LD_PRELOAD=libmimalloc.so ./smtrat ../$1 2> /dev/null
QF_NRA/LassoRanker/Ultimate/SyntaxSupportDivision1.bpl_Iteration1_Lasso_4-lexTemplate.smt2 : 1800029 ms.
--------------------------------------------------
./solvers/smtrat/run.sh: line 3: 401572 Killed                  LD_PRELOAD=libmimalloc.so ./smtrat ../$1 2> /dev/null
QF_NRA/LassoRanker/Ultimate/SyntaxSupportDivision1.bpl_Iteration1_Lasso_4-pieceTemplate.smt2 : 1800315 ms.
--------------------------------------------------
./solvers/smtrat/run.sh: line 3: 403527 Killed                  LD_PRELOAD=libmimalloc.so ./smtrat ../$1 2> /dev/null
QF_NRA/LassoRanker/Ultimate/SyntaxSupportDivision1.bpl_Iteration1_Lasso_5-phaseTemplate.smt2 : 1800031 ms.
--------------------------------------------------
./solvers/smtrat/run.sh: line 3: 405607 Killed                  LD_PRELOAD=libmimalloc.so ./smtrat ../$1 2> /dev/null
QF_NRA/LassoRanker/Ultimate/SyntaxSupportDivision1.bpl_Iteration1_Lasso_6-nestedTemplate.smt2 : 1800036 ms.
--------------------------------------------------
./solvers/smtrat/run.sh: line 3: 407605 Killed                  LD_PRELOAD=libmimalloc.so ./smtrat ../$1 2> /dev/null
QF_NRA/LassoRanker/Ultimate/SyntaxSupportDivision1.bpl_Iteration1_Lasso_6-phaseTemplate.smt2 : 1800031 ms.
--------------------------------------------------
./solvers/smtrat/run.sh: line 3: 409671 Killed                  LD_PRELOAD=libmimalloc.so ./smtrat ../$1 2> /dev/null
QF_NRA/LassoRanker/Ultimate/SyntaxSupportDivision1.bpl_Iteration1_Lasso_7-nestedTemplate.smt2 : 1800037 ms.
--------------------------------------------------
./solvers/smtrat/run.sh: line 3: 411226 Killed                  LD_PRELOAD=libmimalloc.so ./smtrat ../$1 2> /dev/null
QF_NRA/LassoRanker/Ultimate/SyntaxSupportDivision1.bpl_Iteration1_Lasso_7-phaseTemplate.smt2 : 1800027 ms.
--------------------------------------------------
./solvers/smtrat/run.sh: line 3: 412683 Killed                  LD_PRELOAD=libmimalloc.so ./smtrat ../$1 2> /dev/null
QF_NRA/LassoRanker/Ultimate/TelAviv-AmirMinimum.bpl_Iteration1_Loop_3-pieceTemplate.smt2 : 1800031 ms.
--------------------------------------------------
./solvers/smtrat/run.sh: line 3: 414573 Killed                  LD_PRELOAD=libmimalloc.so ./smtrat ../$1 2> /dev/null
QF_NRA/LassoRanker/Ultimate/TelAviv-AmirMinimum.bpl_Iteration1_Loop_4-pieceTemplate.smt2 : 1800034 ms.
--------------------------------------------------
./solvers/smtrat/run.sh: line 3: 416372 Killed                  LD_PRELOAD=libmimalloc.so ./smtrat ../$1 2> /dev/null
QF_NRA/LassoRanker/Ultimate/Thun.bpl_Iteration1_Loop_3-pieceTemplate.smt2 : 1800084 ms.
--------------------------------------------------
./solvers/smtrat/run.sh: line 3: 417923 Killed                  LD_PRELOAD=libmimalloc.so ./smtrat ../$1 2> /dev/null
QF_NRA/LassoRanker/Ultimate/Thun.bpl_Iteration1_Loop_4-pieceTemplate.smt2 : 1800110 ms.
--------------------------------------------------
./solvers/smtrat/run.sh: line 3: 419565 Killed                  LD_PRELOAD=libmimalloc.so ./smtrat ../$1 2> /dev/null
QF_NRA/LassoRanker/Ultimate/ThunPower2.bpl_Iteration1_Loop_4-pieceTemplate.smt2 : 1800064 ms.
--------------------------------------------------
./solvers/smtrat/run.sh: line 3: 421193 Killed                  LD_PRELOAD=libmimalloc.so ./smtrat ../$1 2> /dev/null
QF_NRA/LassoRanker/Ultimate/TwoPhase.bpl_Iteration1_Loop_3-pieceTemplate.smt2 : 1800049 ms.
--------------------------------------------------
./solvers/smtrat/run.sh: line 3: 422333 Killed                  LD_PRELOAD=libmimalloc.so ./smtrat ../$1 2> /dev/null
QF_NRA/LassoRanker/Ultimate/TwoPhase.bpl_Iteration1_Loop_4-pieceTemplate.smt2 : 1800059 ms.
--------------------------------------------------
./solvers/smtrat/run.sh: line 3: 423533 Killed                  LD_PRELOAD=libmimalloc.so ./smtrat ../$1 2> /dev/null
QF_NRA/LassoRanker/Ultimate/Wellington.bpl_Iteration1_Loop_4-pieceTemplate.smt2 : 1800519 ms.
--------------------------------------------------
./solvers/smtrat/run.sh: line 3: 425201 Killed                  LD_PRELOAD=libmimalloc.so ./smtrat ../$1 2> /dev/null
QF_NRA/LassoRanker/Ultimate/yPositive-MixedIntReal.bpl_Iteration1_Loop_3-pieceTemplate.smt2 : 1800422 ms.
--------------------------------------------------
./solvers/smtrat/run.sh: line 3: 426586 Killed                  LD_PRELOAD=libmimalloc.so ./smtrat ../$1 2> /dev/null
QF_NRA/LassoRanker/Ultimate/yPositive-MixedIntReal.bpl_Iteration1_Loop_4-pieceTemplate.smt2 : 1800035 ms.
--------------------------------------------------
./solvers/smtrat/run.sh: line 3: 427631 Killed                  LD_PRELOAD=libmimalloc.so ./smtrat ../$1 2> /dev/null
QF_NRA/LassoRanker/Ultimate/yPositive-SIscaled100.bpl_Iteration1_Loop_2-pieceTemplate.smt2 : 1800036 ms.
--------------------------------------------------
./solvers/smtrat/run.sh: line 3: 428709 Killed                  LD_PRELOAD=libmimalloc.so ./smtrat ../$1 2> /dev/null
QF_NRA/LassoRanker/Ultimate/yPositive-SIscaled100.bpl_Iteration1_Loop_3-pieceTemplate.smt2 : 1800028 ms.
--------------------------------------------------
./solvers/smtrat/run.sh: line 3: 430097 Killed                  LD_PRELOAD=libmimalloc.so ./smtrat ../$1 2> /dev/null
QF_NRA/LassoRanker/Ultimate/yPositive-SIscaled100.bpl_Iteration1_Loop_4-phaseTemplate.smt2 : 1800110 ms.
--------------------------------------------------
./solvers/smtrat/run.sh: line 3: 431464 Killed                  LD_PRELOAD=libmimalloc.so ./smtrat ../$1 2> /dev/null
QF_NRA/LassoRanker/Ultimate/yPositive-SIscaled100.bpl_Iteration1_Loop_4-pieceTemplate.smt2 : 1800209 ms.
--------------------------------------------------
./solvers/smtrat/run.sh: line 3: 432668 Killed                  LD_PRELOAD=libmimalloc.so ./smtrat ../$1 2> /dev/null
QF_NRA/LassoRanker/Ultimate/yPositive-SIscaled100.bpl_Iteration1_Loop_5-phaseTemplate.smt2 : 1800059 ms.
--------------------------------------------------
./solvers/smtrat/run.sh: line 3: 433811 Killed                  LD_PRELOAD=libmimalloc.so ./smtrat ../$1 2> /dev/null
QF_NRA/LassoRanker/Ultimate/yPositive-SIscaled100.bpl_Iteration1_Loop_6-phaseTemplate.smt2 : 1800048 ms.
--------------------------------------------------
./solvers/smtrat/run.sh: line 3: 434881 Killed                  LD_PRELOAD=libmimalloc.so ./smtrat ../$1 2> /dev/null
QF_NRA/LassoRanker/Ultimate/yPositive-SIscaled100.bpl_Iteration1_Loop_7-phaseTemplate.smt2 : 1800043 ms.
--------------------------------------------------
./solvers/smtrat/run.sh: line 3: 435820 Killed                  LD_PRELOAD=libmimalloc.so ./smtrat ../$1 2> /dev/null
QF_NRA/LassoRanker/Ultimate/yPositive-SIscaled50.bpl_Iteration1_Loop_3-pieceTemplate.smt2 : 1809759 ms.
--------------------------------------------------
./solvers/smtrat/run.sh: line 3: 436549 Killed                  LD_PRELOAD=libmimalloc.so ./smtrat ../$1 2> /dev/null
QF_NRA/LassoRanker/Ultimate/yPositive-SIscaled50.bpl_Iteration1_Loop_4-pieceTemplate.smt2 : 1800029 ms.
--------------------------------------------------
./solvers/smtrat/run.sh: line 3: 437621 Killed                  LD_PRELOAD=libmimalloc.so ./smtrat ../$1 2> /dev/null
QF_NRA/LassoRanker/Ultimate/yPositive-SIscaled75.bpl_Iteration1_Loop_2-pieceTemplate.smt2 : 1800086 ms.
--------------------------------------------------
./solvers/smtrat/run.sh: line 3: 438604 Killed                  LD_PRELOAD=libmimalloc.so ./smtrat ../$1 2> /dev/null
QF_NRA/LassoRanker/Ultimate/yPositive-SIscaled75.bpl_Iteration1_Loop_3-pieceTemplate.smt2 : 1800030 ms.
--------------------------------------------------
./solvers/smtrat/run.sh: line 3: 439439 Killed                  LD_PRELOAD=libmimalloc.so ./smtrat ../$1 2> /dev/null
QF_NRA/LassoRanker/Ultimate/yPositive-SIscaled75.bpl_Iteration1_Loop_4-pieceTemplate.smt2 : 1800032 ms.
--------------------------------------------------
./solvers/smtrat/run.sh: line 3: 440253 Killed                  LD_PRELOAD=libmimalloc.so ./smtrat ../$1 2> /dev/null
QF_NRA/LassoRanker/Ultimate/yPositive-SIscaled75.bpl_Iteration1_Loop_7-phaseTemplate.smt2 : 1800035 ms.
--------------------------------------------------
./solvers/smtrat/run.sh: line 3: 441389 Killed                  LD_PRELOAD=libmimalloc.so ./smtrat ../$1 2> /dev/null
QF_NRA/LassoRanker/Ultimate/ZenoWithoutDivision.bpl_Iteration1_Lasso_4-pieceTemplate.smt2 : 1800277 ms.
--------------------------------------------------
./solvers/smtrat/run.sh: line 3: 442026 Killed                  LD_PRELOAD=libmimalloc.so ./smtrat ../$1 2> /dev/null
QF_NRA/LassoRanker/Ultimate/ZenoWithoutDivision.bpl_Iteration1_Loop_4-pieceTemplate.smt2 : 1800479 ms.
