--------------------------------------------------
unsat
QF_NRA/meti-tarski/cbrt/3/weak/cbrt-problem-3-weak-chunk-0021.smt2 : 51 ms.
--------------------------------------------------
sat
QF_NRA/meti-tarski/cbrt/3/weak/cbrt-problem-3-weak-chunk-0022.smt2 : 34 ms.
--------------------------------------------------
sat
QF_NRA/meti-tarski/cbrt/3/weak/cbrt-problem-3-weak-chunk-0023.smt2 : 33 ms.
--------------------------------------------------
unsat
QF_NRA/meti-tarski/cbrt/3/weak/cbrt-problem-3-weak-chunk-0024.smt2 : 39 ms.
--------------------------------------------------
unsat
QF_NRA/meti-tarski/cbrt/3/weak/cbrt-problem-3-weak-chunk-0025.smt2 : 33 ms.
--------------------------------------------------
sat
QF_NRA/meti-tarski/cbrt/3/weak/cbrt-problem-3-weak-chunk-0026.smt2 : 27 ms.
--------------------------------------------------
unsat
QF_NRA/meti-tarski/cbrt/3/weak/cbrt-problem-3-weak-chunk-0031.smt2 : 30 ms.
--------------------------------------------------
sat
QF_NRA/meti-tarski/cbrt/3/weak/cbrt-problem-3-weak-chunk-0032.smt2 : 105 ms.
--------------------------------------------------
unsat
QF_NRA/meti-tarski/cbrt/3/weak/cbrt-problem-3-weak-chunk-0033.smt2 : 28 ms.
--------------------------------------------------
sat
QF_NRA/meti-tarski/cbrt/3/weak/cbrt-problem-3-weak-chunk-0037.smt2 : 107 ms.
--------------------------------------------------
sat
QF_NRA/meti-tarski/cbrt/3/weak/cbrt-problem-3-weak-chunk-0038.smt2 : 49 ms.
--------------------------------------------------
sat
QF_NRA/meti-tarski/cbrt/3/weak/cbrt-problem-3-weak-chunk-0039.smt2 : 95 ms.
--------------------------------------------------
unsat
QF_NRA/meti-tarski/cbrt/3/weak/cbrt-problem-3-weak-chunk-0040.smt2 : 37 ms.
--------------------------------------------------
unsat
QF_NRA/meti-tarski/cbrt/3/weak/cbrt-problem-3-weak-chunk-0041.smt2 : 39 ms.
--------------------------------------------------
unsat
QF_NRA/meti-tarski/cbrt/3/weak/cbrt-problem-3-weak-chunk-0057.smt2 : 36 ms.
--------------------------------------------------
sat
QF_NRA/meti-tarski/cbrt/3/weak/cbrt-problem-3-weak-chunk-0058.smt2 : 30 ms.
--------------------------------------------------
unsat
QF_NRA/meti-tarski/cbrt/3/weak/cbrt-problem-3-weak-chunk-0059.smt2 : 35 ms.
--------------------------------------------------
unsat
QF_NRA/meti-tarski/cbrt/3/weak/cbrt-problem-3-weak-chunk-0060.smt2 : 34 ms.
--------------------------------------------------
sat
QF_NRA/meti-tarski/cbrt/3/weak/cbrt-problem-3-weak-chunk-0061.smt2 : 29 ms.
--------------------------------------------------
sat
QF_NRA/meti-tarski/cbrt/3/weak/cbrt-problem-3-weak-chunk-0062.smt2 : 31 ms.
--------------------------------------------------
unsat
QF_NRA/meti-tarski/cbrt/3/weak/cbrt-problem-3-weak-chunk-0063.smt2 : 36 ms.
--------------------------------------------------
unsat
QF_NRA/meti-tarski/cbrt/3/weak/cbrt-problem-3-weak-chunk-0064.smt2 : 37 ms.
--------------------------------------------------
unsat
QF_NRA/meti-tarski/cbrt/3/weak/cbrt-problem-3-weak-chunk-0069.smt2 : 45 ms.
--------------------------------------------------
sat
QF_NRA/meti-tarski/cbrt/3/weak/cbrt-problem-3-weak-chunk-0070.smt2 : 29 ms.
--------------------------------------------------
unsat
QF_NRA/meti-tarski/cbrt/3/weak/cbrt-problem-3-weak-chunk-0071.smt2 : 55 ms.
--------------------------------------------------
sat
QF_NRA/meti-tarski/cbrt/3/weak/cbrt-problem-3-weak-chunk-0072.smt2 : 28 ms.
--------------------------------------------------
unsat
QF_NRA/meti-tarski/cbrt/3/weak/cbrt-problem-3-weak-chunk-0073.smt2 : 49 ms.
--------------------------------------------------
unsat
QF_NRA/meti-tarski/cbrt/3/weak/cbrt-problem-3-weak-chunk-0074.smt2 : 39 ms.
--------------------------------------------------
sat
QF_NRA/meti-tarski/cbrt/3/weak/cbrt-problem-3-weak-chunk-0075.smt2 : 29 ms.
--------------------------------------------------
sat
QF_NRA/meti-tarski/cbrt/3/weak/cbrt-problem-3-weak-chunk-0076.smt2 : 28 ms.
--------------------------------------------------
unsat
QF_NRA/meti-tarski/cbrt/3/weak/cbrt-problem-3-weak-chunk-0077.smt2 : 50 ms.
--------------------------------------------------
unsat
QF_NRA/meti-tarski/cbrt/3/weak/cbrt-problem-3-weak-chunk-0079.smt2 : 45 ms.
--------------------------------------------------
unsat
QF_NRA/meti-tarski/cbrt/3/weak/cbrt-problem-3-weak-chunk-0084.smt2 : 29 ms.
--------------------------------------------------
./solvers/mathsat/run.sh: line 3: 457111 Killed                  ./mathsat ../$1
QF_NRA/meti-tarski/cbrt/3/weak/cbrt-problem-3-weak-chunk-0085.smt2 : 1800089 ms.
--------------------------------------------------
./solvers/mathsat/run.sh: line 3:  8921 Killed                  ./mathsat ../$1
QF_NRA/meti-tarski/cbrt/3/weak/cbrt-problem-3-weak-chunk-0086.smt2 : 1800096 ms.
--------------------------------------------------
sat
QF_NRA/meti-tarski/cbrt/3/weak/cbrt-problem-3-weak-chunk-0087.smt2 : 40 ms.
--------------------------------------------------
unsat
QF_NRA/meti-tarski/cbrt/3/weak/cbrt-problem-3-weak-chunk-0088.smt2 : 35 ms.
--------------------------------------------------
sat
QF_NRA/meti-tarski/cbrt/3/weak/cbrt-problem-3-weak-chunk-0089.smt2 : 100 ms.
--------------------------------------------------
sat
QF_NRA/meti-tarski/cbrt/3/weak/cbrt-problem-3-weak-chunk-0090.smt2 : 37 ms.
--------------------------------------------------
./solvers/mathsat/run.sh: line 3: 12359 Killed                  ./mathsat ../$1
QF_NRA/meti-tarski/cbrt/3/weak/cbrt-problem-3-weak-chunk-0091.smt2 : 1800111 ms.
--------------------------------------------------
./solvers/mathsat/run.sh: line 3: 14374 Killed                  ./mathsat ../$1
QF_NRA/meti-tarski/cbrt/3/weak/cbrt-problem-3-weak-chunk-0092.smt2 : 1800126 ms.
--------------------------------------------------
unsat
QF_NRA/meti-tarski/cbrt/3/weak/cbrt-problem-3-weak-chunk-0093.smt2 : 81 ms.
--------------------------------------------------
sat
QF_NRA/meti-tarski/cbrt/3/weak/cbrt-problem-3-weak-chunk-0094.smt2 : 32 ms.
--------------------------------------------------
unsat
QF_NRA/meti-tarski/cbrt/3/weak/cbrt-problem-3-weak-chunk-0095.smt2 : 73 ms.
--------------------------------------------------
sat
QF_NRA/meti-tarski/cbrt/3/weak/cbrt-problem-3-weak-chunk-0096.smt2 : 37 ms.
--------------------------------------------------
unsat
QF_NRA/meti-tarski/cbrt/3/weak/cbrt-problem-3-weak-chunk-0101.smt2 : 41 ms.
--------------------------------------------------
sat
QF_NRA/meti-tarski/cbrt/3/weak/cbrt-problem-3-weak-chunk-0102.smt2 : 33 ms.
--------------------------------------------------
unsat
QF_NRA/meti-tarski/cbrt/3/weak/cbrt-problem-3-weak-chunk-0103.smt2 : 33 ms.
--------------------------------------------------
sat
QF_NRA/meti-tarski/cbrt/3/weak/cbrt-problem-3-weak-chunk-0104.smt2 : 34 ms.
--------------------------------------------------
unsat
QF_NRA/meti-tarski/cbrt/3/weak/cbrt-problem-3-weak-chunk-0105.smt2 : 47 ms.
--------------------------------------------------
sat
QF_NRA/meti-tarski/cbrt/3/weak/cbrt-problem-3-weak-chunk-0106.smt2 : 34 ms.
--------------------------------------------------
sat
QF_NRA/meti-tarski/cbrt/3/weak/cbrt-problem-3-weak-chunk-0107.smt2 : 39 ms.
--------------------------------------------------
unsat
QF_NRA/meti-tarski/cbrt/3/weak/cbrt-problem-3-weak-chunk-0108.smt2 : 53 ms.
--------------------------------------------------
unsat
QF_NRA/meti-tarski/cbrt/3/weak/cbrt-problem-3-weak-chunk-0109.smt2 : 48 ms.
--------------------------------------------------
sat
QF_NRA/meti-tarski/cbrt/3/weak/cbrt-problem-3-weak-chunk-0110.smt2 : 28 ms.
--------------------------------------------------
unsat
QF_NRA/meti-tarski/cbrt/3/weak/cbrt-problem-3-weak-chunk-0112.smt2 : 33 ms.
--------------------------------------------------
sat
QF_NRA/meti-tarski/cbrt/3/weak/cbrt-problem-3-weak-chunk-0113.smt2 : 25153 ms.
--------------------------------------------------
unsat
QF_NRA/meti-tarski/cbrt/3/weak/cbrt-problem-3-weak-chunk-0114.smt2 : 31 ms.
--------------------------------------------------
sat
QF_NRA/meti-tarski/cbrt/3/weak/cbrt-problem-3-weak-chunk-0115.smt2 : 1513064 ms.
--------------------------------------------------
sat
QF_NRA/meti-tarski/cbrt/3/weak/cbrt-problem-3-weak-chunk-0116.smt2 : 465 ms.
--------------------------------------------------
./solvers/mathsat/run.sh: line 3: 17435 Killed                  ./mathsat ../$1
QF_NRA/meti-tarski/cbrt/3/weak/cbrt-problem-3-weak-chunk-0117.smt2 : 1800356 ms.
