--------------------------------------------------
./solvers/mathsat/run.sh: line 3: 451094 Killed                  ./mathsat ../$1
QF_NRA/20200911-Pine/1599122163011311000.smt2 : 1800130 ms.
--------------------------------------------------
./solvers/mathsat/run.sh: line 3:  7484 Killed                  ./mathsat ../$1
QF_NRA/20200911-Pine/1599122163102414000.smt2 : 1800137 ms.
--------------------------------------------------
./solvers/mathsat/run.sh: line 3: 11089 Killed                  ./mathsat ../$1
QF_NRA/20200911-Pine/1599122163190413000.smt2 : 1800113 ms.
--------------------------------------------------
./solvers/mathsat/run.sh: line 3: 13703 Killed                  ./mathsat ../$1
QF_NRA/20200911-Pine/1599122163285767000.smt2 : 1800129 ms.
--------------------------------------------------
./solvers/mathsat/run.sh: line 3: 16098 Killed                  ./mathsat ../$1
QF_NRA/20200911-Pine/1599122163378198000.smt2 : 1800244 ms.
--------------------------------------------------
./solvers/mathsat/run.sh: line 3: 17477 Killed                  ./mathsat ../$1
QF_NRA/20200911-Pine/1599122163478388000.smt2 : 1800075 ms.
--------------------------------------------------
./solvers/mathsat/run.sh: line 3: 18548 Killed                  ./mathsat ../$1
QF_NRA/20200911-Pine/1599122163603268000.smt2 : 1800155 ms.
--------------------------------------------------
./solvers/mathsat/run.sh: line 3: 20047 Killed                  ./mathsat ../$1
QF_NRA/20200911-Pine/1599122163683961000.smt2 : 1800152 ms.
--------------------------------------------------
./solvers/mathsat/run.sh: line 3: 22399 Killed                  ./mathsat ../$1
QF_NRA/20200911-Pine/1599122163787185000.smt2 : 1800103 ms.
--------------------------------------------------
./solvers/mathsat/run.sh: line 3: 23566 Killed                  ./mathsat ../$1
QF_NRA/20200911-Pine/1599122163859439000.smt2 : 1800147 ms.
--------------------------------------------------
./solvers/mathsat/run.sh: line 3: 24760 Killed                  ./mathsat ../$1
QF_NRA/20200911-Pine/1599122163933833000.smt2 : 1800086 ms.
--------------------------------------------------
./solvers/mathsat/run.sh: line 3: 25970 Killed                  ./mathsat ../$1
QF_NRA/20200911-Pine/1599122164022027000.smt2 : 1800109 ms.
--------------------------------------------------
./solvers/mathsat/run.sh: line 3: 26839 Killed                  ./mathsat ../$1
QF_NRA/20200911-Pine/1599122164112038000.smt2 : 1800183 ms.
--------------------------------------------------
./solvers/mathsat/run.sh: line 3: 27795 Killed                  ./mathsat ../$1
QF_NRA/20200911-Pine/1599122164185255000.smt2 : 1800138 ms.
--------------------------------------------------
./solvers/mathsat/run.sh: line 3: 29090 Killed                  ./mathsat ../$1
QF_NRA/20200911-Pine/1599122164262540000.smt2 : 1800140 ms.
--------------------------------------------------
./solvers/mathsat/run.sh: line 3: 29812 Killed                  ./mathsat ../$1
QF_NRA/20200911-Pine/1599122164335538000.smt2 : 1800083 ms.
--------------------------------------------------
./solvers/mathsat/run.sh: line 3: 30550 Killed                  ./mathsat ../$1
QF_NRA/20200911-Pine/1599122164401435000.smt2 : 1800152 ms.
--------------------------------------------------
./solvers/mathsat/run.sh: line 3: 31308 Killed                  ./mathsat ../$1
QF_NRA/20200911-Pine/1599122164470280000.smt2 : 1800127 ms.
--------------------------------------------------
./solvers/mathsat/run.sh: line 3: 32028 Killed                  ./mathsat ../$1
QF_NRA/20200911-Pine/1599122164557720000.smt2 : 1800130 ms.
--------------------------------------------------
./solvers/mathsat/run.sh: line 3: 32754 Killed                  ./mathsat ../$1
QF_NRA/20200911-Pine/1599122164633784000.smt2 : 1800136 ms.
--------------------------------------------------
./solvers/mathsat/run.sh: line 3: 33649 Killed                  ./mathsat ../$1
QF_NRA/20200911-Pine/1599122164712733000.smt2 : 1800152 ms.
--------------------------------------------------
./solvers/mathsat/run.sh: line 3: 34519 Killed                  ./mathsat ../$1
QF_NRA/20200911-Pine/1599122164812235000.smt2 : 1800149 ms.
--------------------------------------------------
./solvers/mathsat/run.sh: line 3: 35050 Killed                  ./mathsat ../$1
QF_NRA/20200911-Pine/1599122164891799000.smt2 : 1800147 ms.
--------------------------------------------------
./solvers/mathsat/run.sh: line 3: 35841 Killed                  ./mathsat ../$1
QF_NRA/20200911-Pine/1599122164967249000.smt2 : 1800109 ms.
--------------------------------------------------
./solvers/mathsat/run.sh: line 3: 36469 Killed                  ./mathsat ../$1
QF_NRA/20200911-Pine/1599122165050745000.smt2 : 1800103 ms.
--------------------------------------------------
./solvers/mathsat/run.sh: line 3: 36949 Killed                  ./mathsat ../$1
QF_NRA/20200911-Pine/1599122165140235000.smt2 : 1800258 ms.
--------------------------------------------------
./solvers/mathsat/run.sh: line 3: 37618 Killed                  ./mathsat ../$1
QF_NRA/20200911-Pine/1599122165219202000.smt2 : 1800093 ms.
--------------------------------------------------
./solvers/mathsat/run.sh: line 3: 38251 Killed                  ./mathsat ../$1
QF_NRA/20200911-Pine/1599122165298104000.smt2 : 1800084 ms.
--------------------------------------------------
./solvers/mathsat/run.sh: line 3: 38883 Killed                  ./mathsat ../$1
QF_NRA/20200911-Pine/1599122165438996000.smt2 : 1800199 ms.
--------------------------------------------------
./solvers/mathsat/run.sh: line 3: 39585 Killed                  ./mathsat ../$1
QF_NRA/20200911-Pine/1599122165520262000.smt2 : 1800153 ms.
--------------------------------------------------
sat
QF_NRA/20200911-Pine/1599122165608426000.smt2 : 390 ms.
--------------------------------------------------
./solvers/mathsat/run.sh: line 3: 40177 Killed                  ./mathsat ../$1
QF_NRA/20200911-Pine/1599122165681283000.smt2 : 1800099 ms.
--------------------------------------------------
./solvers/mathsat/run.sh: line 3: 40963 Killed                  ./mathsat ../$1
QF_NRA/20200911-Pine/1599122165750372000.smt2 : 1800158 ms.
--------------------------------------------------
./solvers/mathsat/run.sh: line 3: 41533 Killed                  ./mathsat ../$1
QF_NRA/20200911-Pine/1599122165825193000.smt2 : 1800075 ms.
--------------------------------------------------
sat
QF_NRA/20200911-Pine/1599122165894911000.smt2 : 225 ms.
--------------------------------------------------
./solvers/mathsat/run.sh: line 3: 41940 Killed                  ./mathsat ../$1
QF_NRA/20200911-Pine/1599122165966134000.smt2 : 1800075 ms.
--------------------------------------------------
./solvers/mathsat/run.sh: line 3: 42333 Killed                  ./mathsat ../$1
QF_NRA/20200911-Pine/1599122166054343000.smt2 : 1800240 ms.
--------------------------------------------------
sat
QF_NRA/20200911-Pine/1599122166134185000.smt2 : 6014 ms.
--------------------------------------------------
./solvers/mathsat/run.sh: line 3: 42921 Killed                  ./mathsat ../$1
QF_NRA/20200911-Pine/1599122166207559000.smt2 : 1800075 ms.
--------------------------------------------------
./solvers/mathsat/run.sh: line 3: 43295 Killed                  ./mathsat ../$1
QF_NRA/20200911-Pine/1599122166284498000.smt2 : 1800080 ms.
--------------------------------------------------
./solvers/mathsat/run.sh: line 3: 43682 Killed                  ./mathsat ../$1
QF_NRA/20200911-Pine/1599122166355347000.smt2 : 1800051 ms.
--------------------------------------------------
sat
QF_NRA/20200911-Pine/1599122166437928000.smt2 : 182543 ms.
--------------------------------------------------
./solvers/mathsat/run.sh: line 3: 44113 Killed                  ./mathsat ../$1
QF_NRA/20200911-Pine/1599122166524024000.smt2 : 1800176 ms.
--------------------------------------------------
./solvers/mathsat/run.sh: line 3: 44486 Killed                  ./mathsat ../$1
QF_NRA/20200911-Pine/1599122166607307000.smt2 : 1800090 ms.
--------------------------------------------------
./solvers/mathsat/run.sh: line 3: 44893 Killed                  ./mathsat ../$1
QF_NRA/20200911-Pine/1599122166687483000.smt2 : 1800070 ms.
