--------------------------------------------------
sat
QF_NRA/2019-ezsmt/reverseFolding/01-reverse_folding-0-0.smt2 : 75 ms.
--------------------------------------------------
sat
QF_NRA/2019-ezsmt/reverseFolding/02-reverse_folding-0-0.smt2 : 687 ms.
--------------------------------------------------
sat
QF_NRA/2019-ezsmt/reverseFolding/03-reverse_folding-0-0.smt2 : 11103 ms.
--------------------------------------------------
./solvers/mathsat/run.sh: line 3:  6613 Killed                  ./mathsat ../$1
QF_NRA/2019-ezsmt/reverseFolding/04-reverse_folding-0-0.smt2 : 1802271 ms.
--------------------------------------------------
sat
QF_NRA/2019-ezsmt/reverseFolding/05-reverse_folding-0-0.smt2 : 42 ms.
--------------------------------------------------
unsat
QF_NRA/2019-ezsmt/reverseFolding/06-reverse_folding-0-0.smt2 : 91 ms.
--------------------------------------------------
unsat
QF_NRA/2019-ezsmt/reverseFolding/07-reverse_folding-0-0.smt2 : 281 ms.
--------------------------------------------------
sat
QF_NRA/2019-ezsmt/reverseFolding/08-reverse_folding-0-0.smt2 : 750 ms.
--------------------------------------------------
sat
QF_NRA/2019-ezsmt/reverseFolding/09-reverse_folding-0-0.smt2 : 1267 ms.
--------------------------------------------------
sat
QF_NRA/2019-ezsmt/reverseFolding/10-reverse_folding-0-0.smt2 : 3214 ms.
--------------------------------------------------
sat
QF_NRA/2019-ezsmt/reverseFolding/11-reverse_folding-0-0.smt2 : 365 ms.
--------------------------------------------------
sat
QF_NRA/2019-ezsmt/reverseFolding/12-reverse_folding-0-0.smt2 : 234 ms.
--------------------------------------------------
sat
QF_NRA/2019-ezsmt/reverseFolding/13-reverse_folding-0-0.smt2 : 383 ms.
--------------------------------------------------
sat
QF_NRA/2019-ezsmt/reverseFolding/14-reverse_folding-0-0.smt2 : 347 ms.
--------------------------------------------------
sat
QF_NRA/2019-ezsmt/reverseFolding/15-reverse_folding-0-0.smt2 : 372 ms.
--------------------------------------------------
sat
QF_NRA/2019-ezsmt/reverseFolding/16-reverse_folding-0-0.smt2 : 1140 ms.
--------------------------------------------------
sat
QF_NRA/2019-ezsmt/reverseFolding/17-reverse_folding-0-0.smt2 : 1053 ms.
--------------------------------------------------
sat
QF_NRA/2019-ezsmt/reverseFolding/18-reverse_folding-0-0.smt2 : 606 ms.
--------------------------------------------------
sat
QF_NRA/2019-ezsmt/reverseFolding/19-reverse_folding-0-0.smt2 : 477 ms.
--------------------------------------------------
sat
QF_NRA/2019-ezsmt/reverseFolding/20-reverse_folding-0-0.smt2 : 10959 ms.
--------------------------------------------------
sat
QF_NRA/2019-ezsmt/reverseFolding/21-reverse_folding-0-0.smt2 : 2437 ms.
--------------------------------------------------
sat
QF_NRA/2019-ezsmt/reverseFolding/22-reverse_folding-0-0.smt2 : 5594 ms.
--------------------------------------------------
sat
QF_NRA/2019-ezsmt/reverseFolding/23-reverse_folding-0-0.smt2 : 1428 ms.
--------------------------------------------------
sat
QF_NRA/2019-ezsmt/reverseFolding/24-reverse_folding-0-0.smt2 : 25163 ms.
--------------------------------------------------
sat
QF_NRA/2019-ezsmt/reverseFolding/25-reverse_folding-0-0.smt2 : 168015 ms.
--------------------------------------------------
sat
QF_NRA/2019-ezsmt/reverseFolding/26-reverse_folding-0-0.smt2 : 3255 ms.
--------------------------------------------------
sat
QF_NRA/2019-ezsmt/reverseFolding/27-reverse_folding-0-0.smt2 : 3489 ms.
--------------------------------------------------
sat
QF_NRA/2019-ezsmt/reverseFolding/28-reverse_folding-0-0.smt2 : 3269 ms.
--------------------------------------------------
sat
QF_NRA/2019-ezsmt/reverseFolding/29-reverse_folding-0-0.smt2 : 5076 ms.
--------------------------------------------------
sat
QF_NRA/2019-ezsmt/reverseFolding/30-reverse_folding-0-0.smt2 : 4733 ms.
--------------------------------------------------
sat
QF_NRA/2019-ezsmt/reverseFolding/31-reverse_folding-0-0.smt2 : 337395 ms.
--------------------------------------------------
sat
QF_NRA/2019-ezsmt/reverseFolding/32-reverse_folding-0-0.smt2 : 3700 ms.
--------------------------------------------------
sat
QF_NRA/2019-ezsmt/reverseFolding/33-reverse_folding-0-0.smt2 : 33724 ms.
--------------------------------------------------
sat
QF_NRA/2019-ezsmt/reverseFolding/34-reverse_folding-0-0.smt2 : 8579 ms.
--------------------------------------------------
sat
QF_NRA/2019-ezsmt/reverseFolding/35-reverse_folding-0-0.smt2 : 586807 ms.
--------------------------------------------------
sat
QF_NRA/2019-ezsmt/reverseFolding/36-reverse_folding-0-0.smt2 : 408923 ms.
--------------------------------------------------
sat
QF_NRA/2019-ezsmt/reverseFolding/37-reverse_folding-0-0.smt2 : 444725 ms.
--------------------------------------------------
sat
QF_NRA/2019-ezsmt/reverseFolding/38-reverse_folding-0-0.smt2 : 277584 ms.
--------------------------------------------------
sat
QF_NRA/2019-ezsmt/reverseFolding/39-reverse_folding-0-0.smt2 : 11155 ms.
--------------------------------------------------
sat
QF_NRA/2019-ezsmt/reverseFolding/40-reverse_folding-0-0.smt2 : 16610 ms.
--------------------------------------------------
sat
QF_NRA/2019-ezsmt/reverseFolding/41-reverse_folding-0-0.smt2 : 23023 ms.
--------------------------------------------------
sat
QF_NRA/2019-ezsmt/reverseFolding/42-reverse_folding-0-0.smt2 : 15581 ms.
--------------------------------------------------
sat
QF_NRA/2019-ezsmt/reverseFolding/43-reverse_folding-0-0.smt2 : 427641 ms.
--------------------------------------------------
sat
QF_NRA/2019-ezsmt/reverseFolding/44-reverse_folding-0-0.smt2 : 21847 ms.
--------------------------------------------------
sat
QF_NRA/2019-ezsmt/reverseFolding/45-reverse_folding-0-0.smt2 : 1115155 ms.
--------------------------------------------------
sat
QF_NRA/2019-ezsmt/reverseFolding/46-reverse_folding-0-0.smt2 : 1078283 ms.
--------------------------------------------------
sat
QF_NRA/2019-ezsmt/reverseFolding/47-reverse_folding-0-0.smt2 : 2616 ms.
--------------------------------------------------
sat
QF_NRA/2019-ezsmt/reverseFolding/48-reverse_folding-0-0.smt2 : 2058 ms.
--------------------------------------------------
sat
QF_NRA/2019-ezsmt/reverseFolding/49-reverse_folding-0-0.smt2 : 2524 ms.
--------------------------------------------------
sat
QF_NRA/2019-ezsmt/reverseFolding/50-reverse_folding-0-0.smt2 : 3364 ms.
