--------------------------------------------------
unsat
QF_NRA/hycomp/ball_count_1d_plain.03.qfree_global_2.smt2 : 125 ms.
--------------------------------------------------
unsat
QF_NRA/hycomp/ball_count_1d_plain.03.qfree_global_3.smt2 : 44 ms.
--------------------------------------------------
unsat
QF_NRA/hycomp/ball_count_1d_plain.03.qfree_global_4.smt2 : 34 ms.
--------------------------------------------------
unsat
QF_NRA/hycomp/ball_count_1d_plain.03.qfree_global_5.smt2 : 36 ms.
--------------------------------------------------
./solvers/mathsat/run.sh: line 3: 451441 Killed                  ./mathsat ../$1
QF_NRA/hycomp/ball_count_1d_plain.03.qfree_global_6.smt2 : 1800104 ms.
--------------------------------------------------
unsat
QF_NRA/hycomp/ball_count_1d_plain.03.qfree_global_7.smt2 : 37 ms.
--------------------------------------------------
./solvers/mathsat/run.sh: line 3:  7564 Killed                  ./mathsat ../$1
QF_NRA/hycomp/ball_count_1d_plain.03.qfree_global_8.smt2 : 1800110 ms.
--------------------------------------------------
unsat
QF_NRA/hycomp/ball_count_1d_plain.03.qfree_global_9.smt2 : 41 ms.
--------------------------------------------------
unsat
QF_NRA/hycomp/ball_count_1d_plain.03.redlog_global_0.smt2 : 28 ms.
--------------------------------------------------
./solvers/mathsat/run.sh: line 3: 11168 Killed                  ./mathsat ../$1
QF_NRA/hycomp/ball_count_1d_plain.03.redlog_global_10.smt2 : 1800066 ms.
--------------------------------------------------
unsat
QF_NRA/hycomp/ball_count_1d_plain.03.redlog_global_11.smt2 : 46 ms.
--------------------------------------------------
./solvers/mathsat/run.sh: line 3: 13791 Killed                  ./mathsat ../$1
QF_NRA/hycomp/ball_count_1d_plain.03.redlog_global_12.smt2 : 1800096 ms.
--------------------------------------------------
unsat
QF_NRA/hycomp/ball_count_1d_plain.03.redlog_global_13.smt2 : 50 ms.
--------------------------------------------------
./solvers/mathsat/run.sh: line 3: 16140 Killed                  ./mathsat ../$1
QF_NRA/hycomp/ball_count_1d_plain.03.redlog_global_14.smt2 : 1800069 ms.
--------------------------------------------------
unsat
QF_NRA/hycomp/ball_count_1d_plain.03.redlog_global_15.smt2 : 49 ms.
--------------------------------------------------
unsat
QF_NRA/hycomp/ball_count_1d_plain.03.redlog_global_1.smt2 : 33 ms.
--------------------------------------------------
unsat
QF_NRA/hycomp/ball_count_1d_plain.03.redlog_global_2.smt2 : 31 ms.
--------------------------------------------------
unsat
QF_NRA/hycomp/ball_count_1d_plain.03.redlog_global_3.smt2 : 35 ms.
--------------------------------------------------
unsat
QF_NRA/hycomp/ball_count_1d_plain.03.redlog_global_4.smt2 : 33 ms.
--------------------------------------------------
unsat
QF_NRA/hycomp/ball_count_1d_plain.03.redlog_global_5.smt2 : 34 ms.
--------------------------------------------------
./solvers/mathsat/run.sh: line 3: 17562 Killed                  ./mathsat ../$1
QF_NRA/hycomp/ball_count_1d_plain.03.redlog_global_6.smt2 : 1800147 ms.
--------------------------------------------------
unsat
QF_NRA/hycomp/ball_count_1d_plain.03.redlog_global_7.smt2 : 38 ms.
--------------------------------------------------
./solvers/mathsat/run.sh: line 3: 18628 Killed                  ./mathsat ../$1
QF_NRA/hycomp/ball_count_1d_plain.03.redlog_global_8.smt2 : 1800077 ms.
--------------------------------------------------
unsat
QF_NRA/hycomp/ball_count_1d_plain.03.redlog_global_9.smt2 : 62 ms.
--------------------------------------------------
unsat
QF_NRA/hycomp/ball_count_1d_plain.03.seq_lazy_global_0.smt2 : 39 ms.
--------------------------------------------------
./solvers/mathsat/run.sh: line 3: 20127 Killed                  ./mathsat ../$1
QF_NRA/hycomp/ball_count_1d_plain.03.seq_lazy_global_10.smt2 : 1800085 ms.
--------------------------------------------------
unsat
QF_NRA/hycomp/ball_count_1d_plain.03.seq_lazy_global_11.smt2 : 45 ms.
--------------------------------------------------
./solvers/mathsat/run.sh: line 3: 22467 Killed                  ./mathsat ../$1
QF_NRA/hycomp/ball_count_1d_plain.03.seq_lazy_global_12.smt2 : 1800141 ms.
--------------------------------------------------
unsat
QF_NRA/hycomp/ball_count_1d_plain.03.seq_lazy_global_13.smt2 : 42 ms.
--------------------------------------------------
./solvers/mathsat/run.sh: line 3: 23621 Killed                  ./mathsat ../$1
QF_NRA/hycomp/ball_count_1d_plain.03.seq_lazy_global_14.smt2 : 1800102 ms.
--------------------------------------------------
unsat
QF_NRA/hycomp/ball_count_1d_plain.03.seq_lazy_global_15.smt2 : 68 ms.
--------------------------------------------------
unsat
QF_NRA/hycomp/ball_count_1d_plain.03.seq_lazy_global_1.smt2 : 35 ms.
--------------------------------------------------
unsat
QF_NRA/hycomp/ball_count_1d_plain.03.seq_lazy_global_2.smt2 : 36 ms.
--------------------------------------------------
unsat
QF_NRA/hycomp/ball_count_1d_plain.03.seq_lazy_global_3.smt2 : 36 ms.
--------------------------------------------------
unsat
QF_NRA/hycomp/ball_count_1d_plain.03.seq_lazy_global_4.smt2 : 33 ms.
--------------------------------------------------
unsat
QF_NRA/hycomp/ball_count_1d_plain.03.seq_lazy_global_5.smt2 : 32 ms.
--------------------------------------------------
unsat
QF_NRA/hycomp/ball_count_1d_plain.03.seq_lazy_global_6.smt2 : 49 ms.
--------------------------------------------------
unsat
QF_NRA/hycomp/ball_count_1d_plain.03.seq_lazy_global_7.smt2 : 33 ms.
--------------------------------------------------
unsat
QF_NRA/hycomp/ball_count_1d_plain.03.seq_lazy_global_8.smt2 : 65 ms.
--------------------------------------------------
unsat
QF_NRA/hycomp/ball_count_1d_plain.03.seq_lazy_global_9.smt2 : 53 ms.
--------------------------------------------------
unsat
QF_NRA/hycomp/ball_count_1d_plain.03.seq_lazy_lemmas_global_0.smt2 : 75 ms.
--------------------------------------------------
./solvers/mathsat/run.sh: line 3: 24945 Killed                  ./mathsat ../$1
QF_NRA/hycomp/ball_count_1d_plain.03.seq_lazy_lemmas_global_10.smt2 : 1800085 ms.
--------------------------------------------------
unsat
QF_NRA/hycomp/ball_count_1d_plain.03.seq_lazy_lemmas_global_11.smt2 : 44 ms.
--------------------------------------------------
./solvers/mathsat/run.sh: line 3: 26076 Killed                  ./mathsat ../$1
QF_NRA/hycomp/ball_count_1d_plain.03.seq_lazy_lemmas_global_12.smt2 : 1800063 ms.
--------------------------------------------------
unsat
QF_NRA/hycomp/ball_count_1d_plain.03.seq_lazy_lemmas_global_13.smt2 : 52 ms.
--------------------------------------------------
./solvers/mathsat/run.sh: line 3: 27009 Killed                  ./mathsat ../$1
QF_NRA/hycomp/ball_count_1d_plain.03.seq_lazy_lemmas_global_14.smt2 : 1800097 ms.
--------------------------------------------------
unsat
QF_NRA/hycomp/ball_count_1d_plain.03.seq_lazy_lemmas_global_15.smt2 : 53 ms.
--------------------------------------------------
unsat
QF_NRA/hycomp/ball_count_1d_plain.03.seq_lazy_lemmas_global_1.smt2 : 28 ms.
--------------------------------------------------
unsat
QF_NRA/hycomp/ball_count_1d_plain.03.seq_lazy_lemmas_global_2.smt2 : 34 ms.
--------------------------------------------------
unsat
QF_NRA/hycomp/ball_count_1d_plain.03.seq_lazy_lemmas_global_3.smt2 : 30 ms.
--------------------------------------------------
unsat
QF_NRA/hycomp/ball_count_1d_plain.03.seq_lazy_lemmas_global_4.smt2 : 38 ms.
--------------------------------------------------
unsat
QF_NRA/hycomp/ball_count_1d_plain.03.seq_lazy_lemmas_global_5.smt2 : 31 ms.
--------------------------------------------------
unsat
QF_NRA/hycomp/ball_count_1d_plain.03.seq_lazy_lemmas_global_6.smt2 : 46 ms.
--------------------------------------------------
unsat
QF_NRA/hycomp/ball_count_1d_plain.03.seq_lazy_lemmas_global_7.smt2 : 34 ms.
--------------------------------------------------
unsat
QF_NRA/hycomp/ball_count_1d_plain.03.seq_lazy_lemmas_global_8.smt2 : 51 ms.
--------------------------------------------------
unsat
QF_NRA/hycomp/ball_count_1d_plain.03.seq_lazy_lemmas_global_9.smt2 : 43 ms.
--------------------------------------------------
unsat
QF_NRA/hycomp/ball_count_1d_plain.03.seq_lazy_linear_enc_global_0.smt2 : 24 ms.
--------------------------------------------------
./solvers/mathsat/run.sh: line 3: 28015 Killed                  ./mathsat ../$1
QF_NRA/hycomp/ball_count_1d_plain.03.seq_lazy_linear_enc_global_10.smt2 : 1800066 ms.
--------------------------------------------------
unsat
QF_NRA/hycomp/ball_count_1d_plain.03.seq_lazy_linear_enc_global_11.smt2 : 53 ms.
--------------------------------------------------
./solvers/mathsat/run.sh: line 3: 29228 Killed                  ./mathsat ../$1
QF_NRA/hycomp/ball_count_1d_plain.03.seq_lazy_linear_enc_global_12.smt2 : 1800085 ms.
--------------------------------------------------
unsat
QF_NRA/hycomp/ball_count_1d_plain.03.seq_lazy_linear_enc_global_13.smt2 : 43 ms.
--------------------------------------------------
./solvers/mathsat/run.sh: line 3: 29905 Killed                  ./mathsat ../$1
QF_NRA/hycomp/ball_count_1d_plain.03.seq_lazy_linear_enc_global_14.smt2 : 1800063 ms.
--------------------------------------------------
unsat
QF_NRA/hycomp/ball_count_1d_plain.03.seq_lazy_linear_enc_global_15.smt2 : 50 ms.
--------------------------------------------------
unsat
QF_NRA/hycomp/ball_count_1d_plain.03.seq_lazy_linear_enc_global_1.smt2 : 31 ms.
--------------------------------------------------
unsat
QF_NRA/hycomp/ball_count_1d_plain.03.seq_lazy_linear_enc_global_2.smt2 : 45 ms.
--------------------------------------------------
unsat
QF_NRA/hycomp/ball_count_1d_plain.03.seq_lazy_linear_enc_global_3.smt2 : 43 ms.
--------------------------------------------------
unsat
QF_NRA/hycomp/ball_count_1d_plain.03.seq_lazy_linear_enc_global_4.smt2 : 32 ms.
--------------------------------------------------
unsat
QF_NRA/hycomp/ball_count_1d_plain.03.seq_lazy_linear_enc_global_5.smt2 : 39 ms.
--------------------------------------------------
unsat
QF_NRA/hycomp/ball_count_1d_plain.03.seq_lazy_linear_enc_global_6.smt2 : 48 ms.
--------------------------------------------------
unsat
QF_NRA/hycomp/ball_count_1d_plain.03.seq_lazy_linear_enc_global_7.smt2 : 37 ms.
--------------------------------------------------
unsat
QF_NRA/hycomp/ball_count_1d_plain.03.seq_lazy_linear_enc_global_8.smt2 : 65 ms.
--------------------------------------------------
unsat
QF_NRA/hycomp/ball_count_1d_plain.03.seq_lazy_linear_enc_global_9.smt2 : 41 ms.
--------------------------------------------------
unsat
QF_NRA/hycomp/ball_count_1d_plain.03.seq_lazy_linear_enc_lemmas_global_0.smt2 : 27 ms.
--------------------------------------------------
./solvers/mathsat/run.sh: line 3: 30740 Killed                  ./mathsat ../$1
QF_NRA/hycomp/ball_count_1d_plain.03.seq_lazy_linear_enc_lemmas_global_10.smt2 : 1800089 ms.
--------------------------------------------------
unsat
QF_NRA/hycomp/ball_count_1d_plain.03.seq_lazy_linear_enc_lemmas_global_11.smt2 : 44 ms.
--------------------------------------------------
./solvers/mathsat/run.sh: line 3: 31441 Killed                  ./mathsat ../$1
QF_NRA/hycomp/ball_count_1d_plain.03.seq_lazy_linear_enc_lemmas_global_12.smt2 : 1800108 ms.
--------------------------------------------------
unsat
QF_NRA/hycomp/ball_count_1d_plain.03.seq_lazy_linear_enc_lemmas_global_13.smt2 : 43 ms.
--------------------------------------------------
./solvers/mathsat/run.sh: line 3: 32171 Killed                  ./mathsat ../$1
QF_NRA/hycomp/ball_count_1d_plain.03.seq_lazy_linear_enc_lemmas_global_14.smt2 : 1800046 ms.
--------------------------------------------------
unsat
QF_NRA/hycomp/ball_count_1d_plain.03.seq_lazy_linear_enc_lemmas_global_15.smt2 : 48 ms.
--------------------------------------------------
unsat
QF_NRA/hycomp/ball_count_1d_plain.03.seq_lazy_linear_enc_lemmas_global_1.smt2 : 23 ms.
--------------------------------------------------
unsat
QF_NRA/hycomp/ball_count_1d_plain.03.seq_lazy_linear_enc_lemmas_global_2.smt2 : 25 ms.
--------------------------------------------------
unsat
QF_NRA/hycomp/ball_count_1d_plain.03.seq_lazy_linear_enc_lemmas_global_3.smt2 : 26 ms.
--------------------------------------------------
unsat
QF_NRA/hycomp/ball_count_1d_plain.03.seq_lazy_linear_enc_lemmas_global_4.smt2 : 28 ms.
--------------------------------------------------
unsat
QF_NRA/hycomp/ball_count_1d_plain.03.seq_lazy_linear_enc_lemmas_global_5.smt2 : 28 ms.
--------------------------------------------------
unsat
QF_NRA/hycomp/ball_count_1d_plain.03.seq_lazy_linear_enc_lemmas_global_6.smt2 : 44 ms.
--------------------------------------------------
unsat
QF_NRA/hycomp/ball_count_1d_plain.03.seq_lazy_linear_enc_lemmas_global_7.smt2 : 32 ms.
--------------------------------------------------
unsat
QF_NRA/hycomp/ball_count_1d_plain.03.seq_lazy_linear_enc_lemmas_global_8.smt2 : 55 ms.
--------------------------------------------------
unsat
QF_NRA/hycomp/ball_count_1d_plain.03.seq_lazy_linear_enc_lemmas_global_9.smt2 : 45 ms.
--------------------------------------------------
unsat
QF_NRA/hycomp/ball_count_1d_plain.04.qfree_global_0.smt2 : 28 ms.
--------------------------------------------------
./solvers/mathsat/run.sh: line 3: 32919 Killed                  ./mathsat ../$1
QF_NRA/hycomp/ball_count_1d_plain.04.qfree_global_10.smt2 : 1800060 ms.
--------------------------------------------------
unsat
QF_NRA/hycomp/ball_count_1d_plain.04.qfree_global_11.smt2 : 40 ms.
--------------------------------------------------
./solvers/mathsat/run.sh: line 3: 33773 Killed                  ./mathsat ../$1
QF_NRA/hycomp/ball_count_1d_plain.04.qfree_global_12.smt2 : 1800056 ms.
--------------------------------------------------
unsat
QF_NRA/hycomp/ball_count_1d_plain.04.qfree_global_13.smt2 : 45 ms.
--------------------------------------------------
./solvers/mathsat/run.sh: line 3: 34635 Killed                  ./mathsat ../$1
QF_NRA/hycomp/ball_count_1d_plain.04.qfree_global_14.smt2 : 1800060 ms.
--------------------------------------------------
unsat
QF_NRA/hycomp/ball_count_1d_plain.04.qfree_global_15.smt2 : 47 ms.
--------------------------------------------------
unsat
QF_NRA/hycomp/ball_count_1d_plain.04.qfree_global_1.smt2 : 30 ms.
--------------------------------------------------
unsat
QF_NRA/hycomp/ball_count_1d_plain.04.qfree_global_2.smt2 : 35 ms.
--------------------------------------------------
unsat
QF_NRA/hycomp/ball_count_1d_plain.04.qfree_global_3.smt2 : 30 ms.
--------------------------------------------------
unsat
QF_NRA/hycomp/ball_count_1d_plain.04.qfree_global_4.smt2 : 32 ms.
--------------------------------------------------
unsat
QF_NRA/hycomp/ball_count_1d_plain.04.qfree_global_5.smt2 : 31 ms.
--------------------------------------------------
unsat
QF_NRA/hycomp/ball_count_1d_plain.04.qfree_global_6.smt2 : 36 ms.
--------------------------------------------------
unsat
QF_NRA/hycomp/ball_count_1d_plain.04.qfree_global_7.smt2 : 35 ms.
--------------------------------------------------
./solvers/mathsat/run.sh: line 3: 35204 Killed                  ./mathsat ../$1
QF_NRA/hycomp/ball_count_1d_plain.04.qfree_global_8.smt2 : 1800078 ms.
--------------------------------------------------
unsat
QF_NRA/hycomp/ball_count_1d_plain.04.qfree_global_9.smt2 : 38 ms.
--------------------------------------------------
unsat
QF_NRA/hycomp/ball_count_1d_plain.04.redlog_global_0.smt2 : 22 ms.
--------------------------------------------------
./solvers/mathsat/run.sh: line 3: 36024 Killed                  ./mathsat ../$1
QF_NRA/hycomp/ball_count_1d_plain.04.redlog_global_10.smt2 : 1800058 ms.
--------------------------------------------------
unsat
QF_NRA/hycomp/ball_count_1d_plain.04.redlog_global_11.smt2 : 46 ms.
--------------------------------------------------
./solvers/mathsat/run.sh: line 3: 36586 Killed                  ./mathsat ../$1
QF_NRA/hycomp/ball_count_1d_plain.04.redlog_global_12.smt2 : 1800071 ms.
--------------------------------------------------
unsat
QF_NRA/hycomp/ball_count_1d_plain.04.redlog_global_13.smt2 : 45 ms.
--------------------------------------------------
./solvers/mathsat/run.sh: line 3: 37031 Killed                  ./mathsat ../$1
QF_NRA/hycomp/ball_count_1d_plain.04.redlog_global_14.smt2 : 1800076 ms.
--------------------------------------------------
unsat
QF_NRA/hycomp/ball_count_1d_plain.04.redlog_global_15.smt2 : 50 ms.
--------------------------------------------------
unsat
QF_NRA/hycomp/ball_count_1d_plain.04.redlog_global_1.smt2 : 26 ms.
--------------------------------------------------
unsat
QF_NRA/hycomp/ball_count_1d_plain.04.redlog_global_2.smt2 : 29 ms.
--------------------------------------------------
unsat
QF_NRA/hycomp/ball_count_1d_plain.04.redlog_global_3.smt2 : 29 ms.
--------------------------------------------------
unsat
QF_NRA/hycomp/ball_count_1d_plain.04.redlog_global_4.smt2 : 32 ms.
--------------------------------------------------
unsat
QF_NRA/hycomp/ball_count_1d_plain.04.redlog_global_5.smt2 : 31 ms.
--------------------------------------------------
unsat
QF_NRA/hycomp/ball_count_1d_plain.04.redlog_global_6.smt2 : 34 ms.
--------------------------------------------------
unsat
QF_NRA/hycomp/ball_count_1d_plain.04.redlog_global_7.smt2 : 36 ms.
--------------------------------------------------
./solvers/mathsat/run.sh: line 3: 37744 Killed                  ./mathsat ../$1
QF_NRA/hycomp/ball_count_1d_plain.04.redlog_global_8.smt2 : 1800049 ms.
--------------------------------------------------
unsat
QF_NRA/hycomp/ball_count_1d_plain.04.redlog_global_9.smt2 : 45 ms.
--------------------------------------------------
unsat
QF_NRA/hycomp/ball_count_1d_plain.04.seq_lazy_global_0.smt2 : 27 ms.
--------------------------------------------------
unsat
QF_NRA/hycomp/ball_count_1d_plain.04.seq_lazy_global_10.smt2 : 59 ms.
--------------------------------------------------
unsat
QF_NRA/hycomp/ball_count_1d_plain.04.seq_lazy_global_11.smt2 : 42 ms.
--------------------------------------------------
unsat
QF_NRA/hycomp/ball_count_1d_plain.04.seq_lazy_global_12.smt2 : 67 ms.
--------------------------------------------------
unsat
QF_NRA/hycomp/ball_count_1d_plain.04.seq_lazy_global_13.smt2 : 38 ms.
--------------------------------------------------
./solvers/mathsat/run.sh: line 3: 38405 Killed                  ./mathsat ../$1
QF_NRA/hycomp/ball_count_1d_plain.04.seq_lazy_global_14.smt2 : 1800087 ms.
--------------------------------------------------
unsat
QF_NRA/hycomp/ball_count_1d_plain.04.seq_lazy_global_15.smt2 : 44 ms.
--------------------------------------------------
unsat
QF_NRA/hycomp/ball_count_1d_plain.04.seq_lazy_global_1.smt2 : 23 ms.
--------------------------------------------------
unsat
QF_NRA/hycomp/ball_count_1d_plain.04.seq_lazy_global_2.smt2 : 25 ms.
--------------------------------------------------
unsat
QF_NRA/hycomp/ball_count_1d_plain.04.seq_lazy_global_3.smt2 : 27 ms.
--------------------------------------------------
unsat
QF_NRA/hycomp/ball_count_1d_plain.04.seq_lazy_global_4.smt2 : 28 ms.
--------------------------------------------------
unsat
QF_NRA/hycomp/ball_count_1d_plain.04.seq_lazy_global_5.smt2 : 38 ms.
--------------------------------------------------
unsat
QF_NRA/hycomp/ball_count_1d_plain.04.seq_lazy_global_6.smt2 : 34 ms.
--------------------------------------------------
unsat
QF_NRA/hycomp/ball_count_1d_plain.04.seq_lazy_global_7.smt2 : 34 ms.
--------------------------------------------------
unsat
QF_NRA/hycomp/ball_count_1d_plain.04.seq_lazy_global_8.smt2 : 53 ms.
--------------------------------------------------
unsat
QF_NRA/hycomp/ball_count_1d_plain.04.seq_lazy_global_9.smt2 : 36 ms.
--------------------------------------------------
unsat
QF_NRA/hycomp/ball_count_1d_plain.04.seq_lazy_lemmas_global_0.smt2 : 24 ms.
--------------------------------------------------
unsat
QF_NRA/hycomp/ball_count_1d_plain.04.seq_lazy_lemmas_global_10.smt2 : 64 ms.
--------------------------------------------------
unsat
QF_NRA/hycomp/ball_count_1d_plain.04.seq_lazy_lemmas_global_11.smt2 : 39 ms.
--------------------------------------------------
unsat
QF_NRA/hycomp/ball_count_1d_plain.04.seq_lazy_lemmas_global_12.smt2 : 70 ms.
--------------------------------------------------
unsat
QF_NRA/hycomp/ball_count_1d_plain.04.seq_lazy_lemmas_global_13.smt2 : 43 ms.
--------------------------------------------------
sat
QF_NRA/hycomp/ball_count_1d_plain.04.seq_lazy_lemmas_global_14.smt2 : 260944 ms.
--------------------------------------------------
unsat
QF_NRA/hycomp/ball_count_1d_plain.04.seq_lazy_lemmas_global_15.smt2 : 51 ms.
--------------------------------------------------
unsat
QF_NRA/hycomp/ball_count_1d_plain.04.seq_lazy_lemmas_global_1.smt2 : 25 ms.
--------------------------------------------------
unsat
QF_NRA/hycomp/ball_count_1d_plain.04.seq_lazy_lemmas_global_2.smt2 : 33 ms.
--------------------------------------------------
unsat
QF_NRA/hycomp/ball_count_1d_plain.04.seq_lazy_lemmas_global_3.smt2 : 24 ms.
--------------------------------------------------
unsat
QF_NRA/hycomp/ball_count_1d_plain.04.seq_lazy_lemmas_global_4.smt2 : 27 ms.
--------------------------------------------------
unsat
QF_NRA/hycomp/ball_count_1d_plain.04.seq_lazy_lemmas_global_5.smt2 : 28 ms.
--------------------------------------------------
unsat
QF_NRA/hycomp/ball_count_1d_plain.04.seq_lazy_lemmas_global_6.smt2 : 29 ms.
--------------------------------------------------
unsat
QF_NRA/hycomp/ball_count_1d_plain.04.seq_lazy_lemmas_global_7.smt2 : 31 ms.
--------------------------------------------------
unsat
QF_NRA/hycomp/ball_count_1d_plain.04.seq_lazy_lemmas_global_8.smt2 : 50 ms.
--------------------------------------------------
unsat
QF_NRA/hycomp/ball_count_1d_plain.04.seq_lazy_lemmas_global_9.smt2 : 33 ms.
--------------------------------------------------
unsat
QF_NRA/hycomp/ball_count_1d_plain.04.seq_lazy_linear_enc_global_0.smt2 : 21 ms.
--------------------------------------------------
unsat
QF_NRA/hycomp/ball_count_1d_plain.04.seq_lazy_linear_enc_global_10.smt2 : 52 ms.
--------------------------------------------------
unsat
QF_NRA/hycomp/ball_count_1d_plain.04.seq_lazy_linear_enc_global_11.smt2 : 33 ms.
--------------------------------------------------
unsat
QF_NRA/hycomp/ball_count_1d_plain.04.seq_lazy_linear_enc_global_12.smt2 : 64 ms.
--------------------------------------------------
unsat
QF_NRA/hycomp/ball_count_1d_plain.04.seq_lazy_linear_enc_global_13.smt2 : 38 ms.
--------------------------------------------------
./solvers/mathsat/run.sh: line 3: 39395 Killed                  ./mathsat ../$1
QF_NRA/hycomp/ball_count_1d_plain.04.seq_lazy_linear_enc_global_14.smt2 : 1800065 ms.
--------------------------------------------------
unsat
QF_NRA/hycomp/ball_count_1d_plain.04.seq_lazy_linear_enc_global_15.smt2 : 46 ms.
--------------------------------------------------
unsat
QF_NRA/hycomp/ball_count_1d_plain.04.seq_lazy_linear_enc_global_1.smt2 : 25 ms.
--------------------------------------------------
unsat
QF_NRA/hycomp/ball_count_1d_plain.04.seq_lazy_linear_enc_global_2.smt2 : 26 ms.
--------------------------------------------------
unsat
QF_NRA/hycomp/ball_count_1d_plain.04.seq_lazy_linear_enc_global_3.smt2 : 27 ms.
--------------------------------------------------
unsat
QF_NRA/hycomp/ball_count_1d_plain.04.seq_lazy_linear_enc_global_4.smt2 : 29 ms.
--------------------------------------------------
unsat
QF_NRA/hycomp/ball_count_1d_plain.04.seq_lazy_linear_enc_global_5.smt2 : 30 ms.
--------------------------------------------------
unsat
QF_NRA/hycomp/ball_count_1d_plain.04.seq_lazy_linear_enc_global_6.smt2 : 33 ms.
--------------------------------------------------
unsat
QF_NRA/hycomp/ball_count_1d_plain.04.seq_lazy_linear_enc_global_7.smt2 : 34 ms.
--------------------------------------------------
unsat
QF_NRA/hycomp/ball_count_1d_plain.04.seq_lazy_linear_enc_global_8.smt2 : 52 ms.
--------------------------------------------------
unsat
QF_NRA/hycomp/ball_count_1d_plain.04.seq_lazy_linear_enc_global_9.smt2 : 38 ms.
--------------------------------------------------
unsat
QF_NRA/hycomp/ball_count_1d_plain.04.seq_lazy_linear_enc_lemmas_global_0.smt2 : 23 ms.
--------------------------------------------------
unsat
QF_NRA/hycomp/ball_count_1d_plain.04.seq_lazy_linear_enc_lemmas_global_10.smt2 : 59 ms.
--------------------------------------------------
unsat
QF_NRA/hycomp/ball_count_1d_plain.04.seq_lazy_linear_enc_lemmas_global_11.smt2 : 36 ms.
--------------------------------------------------
unsat
QF_NRA/hycomp/ball_count_1d_plain.04.seq_lazy_linear_enc_lemmas_global_12.smt2 : 84 ms.
--------------------------------------------------
unsat
QF_NRA/hycomp/ball_count_1d_plain.04.seq_lazy_linear_enc_lemmas_global_13.smt2 : 48 ms.
--------------------------------------------------
./solvers/mathsat/run.sh: line 3: 39919 Killed                  ./mathsat ../$1
QF_NRA/hycomp/ball_count_1d_plain.04.seq_lazy_linear_enc_lemmas_global_14.smt2 : 1800077 ms.
--------------------------------------------------
unsat
QF_NRA/hycomp/ball_count_1d_plain.04.seq_lazy_linear_enc_lemmas_global_15.smt2 : 50 ms.
--------------------------------------------------
unsat
QF_NRA/hycomp/ball_count_1d_plain.04.seq_lazy_linear_enc_lemmas_global_1.smt2 : 25 ms.
--------------------------------------------------
unsat
QF_NRA/hycomp/ball_count_1d_plain.04.seq_lazy_linear_enc_lemmas_global_2.smt2 : 28 ms.
--------------------------------------------------
unsat
QF_NRA/hycomp/ball_count_1d_plain.04.seq_lazy_linear_enc_lemmas_global_3.smt2 : 30 ms.
--------------------------------------------------
unsat
QF_NRA/hycomp/ball_count_1d_plain.04.seq_lazy_linear_enc_lemmas_global_4.smt2 : 30 ms.
--------------------------------------------------
unsat
QF_NRA/hycomp/ball_count_1d_plain.04.seq_lazy_linear_enc_lemmas_global_5.smt2 : 31 ms.
--------------------------------------------------
unsat
QF_NRA/hycomp/ball_count_1d_plain.04.seq_lazy_linear_enc_lemmas_global_6.smt2 : 33 ms.
--------------------------------------------------
unsat
QF_NRA/hycomp/ball_count_1d_plain.04.seq_lazy_linear_enc_lemmas_global_7.smt2 : 33 ms.
--------------------------------------------------
unsat
QF_NRA/hycomp/ball_count_1d_plain.04.seq_lazy_linear_enc_lemmas_global_8.smt2 : 54 ms.
--------------------------------------------------
unsat
QF_NRA/hycomp/ball_count_1d_plain.04.seq_lazy_linear_enc_lemmas_global_9.smt2 : 35 ms.
--------------------------------------------------
unsat
QF_NRA/hycomp/ball_count_1d_plain.05.qfree_global_0.smt2 : 24 ms.
--------------------------------------------------
./solvers/mathsat/run.sh: line 3: 40736 Killed                  ./mathsat ../$1
QF_NRA/hycomp/ball_count_1d_plain.05.qfree_global_10.smt2 : 1800076 ms.
--------------------------------------------------
unsat
QF_NRA/hycomp/ball_count_1d_plain.05.qfree_global_11.smt2 : 44 ms.
--------------------------------------------------
./solvers/mathsat/run.sh: line 3: 41307 Killed                  ./mathsat ../$1
QF_NRA/hycomp/ball_count_1d_plain.05.qfree_global_12.smt2 : 1800109 ms.
--------------------------------------------------
unsat
QF_NRA/hycomp/ball_count_1d_plain.05.qfree_global_13.smt2 : 47 ms.
--------------------------------------------------
./solvers/mathsat/run.sh: line 3: 41751 Killed                  ./mathsat ../$1
QF_NRA/hycomp/ball_count_1d_plain.05.qfree_global_14.smt2 : 1800094 ms.
--------------------------------------------------
unsat
QF_NRA/hycomp/ball_count_1d_plain.05.qfree_global_15.smt2 : 47 ms.
--------------------------------------------------
unsat
QF_NRA/hycomp/ball_count_1d_plain.05.qfree_global_1.smt2 : 26 ms.
--------------------------------------------------
unsat
QF_NRA/hycomp/ball_count_1d_plain.05.qfree_global_2.smt2 : 26 ms.
--------------------------------------------------
unsat
QF_NRA/hycomp/ball_count_1d_plain.05.qfree_global_3.smt2 : 27 ms.
--------------------------------------------------
unsat
QF_NRA/hycomp/ball_count_1d_plain.05.qfree_global_4.smt2 : 37 ms.
--------------------------------------------------
unsat
QF_NRA/hycomp/ball_count_1d_plain.05.qfree_global_5.smt2 : 29 ms.
--------------------------------------------------
unsat
QF_NRA/hycomp/ball_count_1d_plain.05.qfree_global_6.smt2 : 32 ms.
--------------------------------------------------
unsat
QF_NRA/hycomp/ball_count_1d_plain.05.qfree_global_7.smt2 : 29 ms.
--------------------------------------------------
unsat
QF_NRA/hycomp/ball_count_1d_plain.05.qfree_global_8.smt2 : 31 ms.
--------------------------------------------------
unsat
QF_NRA/hycomp/ball_count_1d_plain.05.qfree_global_9.smt2 : 32 ms.
