--------------------------------------------------
./solvers/mathsat/run.sh: line 3: 453657 Killed                  ./mathsat ../$1
QF_NRA/zankl/gen-03.smt2 : 1800082 ms.
--------------------------------------------------
./solvers/mathsat/run.sh: line 3:  8018 Killed                  ./mathsat ../$1
QF_NRA/zankl/gen-04.smt2 : 1800128 ms.
--------------------------------------------------
./solvers/mathsat/run.sh: line 3: 11319 Killed                  ./mathsat ../$1
QF_NRA/zankl/gen-05.smt2 : 1800096 ms.
--------------------------------------------------
./solvers/mathsat/run.sh: line 3: 13994 Killed                  ./mathsat ../$1
QF_NRA/zankl/gen-06.smt2 : 1800137 ms.
--------------------------------------------------
./solvers/mathsat/run.sh: line 3: 16247 Killed                  ./mathsat ../$1
QF_NRA/zankl/gen-07.smt2 : 1800103 ms.
--------------------------------------------------
./solvers/mathsat/run.sh: line 3: 17634 Killed                  ./mathsat ../$1
QF_NRA/zankl/gen-08.smt2 : 1800105 ms.
--------------------------------------------------
./solvers/mathsat/run.sh: line 3: 18676 Killed                  ./mathsat ../$1
QF_NRA/zankl/gen-09.smt2 : 1800138 ms.
--------------------------------------------------
./solvers/mathsat/run.sh: line 3: 20164 Killed                  ./mathsat ../$1
QF_NRA/zankl/gen-10.smt2 : 1800108 ms.
--------------------------------------------------
unsat
QF_NRA/zankl/gen-13.smt2 : 36 ms.
--------------------------------------------------
unsat
QF_NRA/zankl/gen-14.smt2 : 33 ms.
--------------------------------------------------
unsat
QF_NRA/zankl/gen-15.smt2 : 38 ms.
--------------------------------------------------
./solvers/mathsat/run.sh: line 3: 22520 Killed                  ./mathsat ../$1
QF_NRA/zankl/gen-16.smt2 : 1800112 ms.
--------------------------------------------------
unsat
QF_NRA/zankl/gen-17.smt2 : 46 ms.
--------------------------------------------------
./solvers/mathsat/run.sh: line 3: 23663 Killed                  ./mathsat ../$1
QF_NRA/zankl/gen-18.smt2 : 1800094 ms.
--------------------------------------------------
./solvers/mathsat/run.sh: line 3: 24885 Killed                  ./mathsat ../$1
QF_NRA/zankl/gen-19.smt2 : 1800147 ms.
--------------------------------------------------
./solvers/mathsat/run.sh: line 3: 26050 Killed                  ./mathsat ../$1
QF_NRA/zankl/matrix-1-all-01.smt2 : 1800159 ms.
--------------------------------------------------
./solvers/mathsat/run.sh: line 3: 26974 Killed                  ./mathsat ../$1
QF_NRA/zankl/matrix-1-all-10.smt2 : 1800058 ms.
--------------------------------------------------
sat
QF_NRA/zankl/matrix-1-all-11.smt2 : 78 ms.
--------------------------------------------------
./solvers/mathsat/run.sh: line 3: 27893 Killed                  ./mathsat ../$1
QF_NRA/zankl/matrix-1-all-12.smt2 : 1800167 ms.
--------------------------------------------------
sat
QF_NRA/zankl/matrix-1-all-13.smt2 : 190 ms.
--------------------------------------------------
./solvers/mathsat/run.sh: line 3: 29204 Killed                  ./mathsat ../$1
QF_NRA/zankl/matrix-1-all-14.smt2 : 1800071 ms.
--------------------------------------------------
./solvers/mathsat/run.sh: line 3: 29880 Killed                  ./mathsat ../$1
QF_NRA/zankl/matrix-1-all-15.smt2 : 1800100 ms.
--------------------------------------------------
sat
QF_NRA/zankl/matrix-1-all-16.smt2 : 1082 ms.
--------------------------------------------------
./solvers/mathsat/run.sh: line 3: 30744 Killed                  ./mathsat ../$1
QF_NRA/zankl/matrix-1-all-17.smt2 : 1800220 ms.
--------------------------------------------------
./solvers/mathsat/run.sh: line 3: 31445 Killed                  ./mathsat ../$1
QF_NRA/zankl/matrix-1-all-18.smt2 : 1800086 ms.
--------------------------------------------------
sat
QF_NRA/zankl/matrix-1-all-19.smt2 : 126 ms.
--------------------------------------------------
./solvers/mathsat/run.sh: line 3: 32179 Killed                  ./mathsat ../$1
QF_NRA/zankl/matrix-1-all-20.smt2 : 1800087 ms.
--------------------------------------------------
./solvers/mathsat/run.sh: line 3: 32903 Killed                  ./mathsat ../$1
QF_NRA/zankl/matrix-1-all-21.smt2 : 1800146 ms.
--------------------------------------------------
./solvers/mathsat/run.sh: line 3: 33765 Killed                  ./mathsat ../$1
QF_NRA/zankl/matrix-1-all-22.smt2 : 1800107 ms.
--------------------------------------------------
sat
QF_NRA/zankl/matrix-1-all-23.smt2 : 96 ms.
--------------------------------------------------
./solvers/mathsat/run.sh: line 3: 34639 Killed                  ./mathsat ../$1
QF_NRA/zankl/matrix-1-all-24.smt2 : 1800088 ms.
--------------------------------------------------
sat
QF_NRA/zankl/matrix-1-all-25.smt2 : 420 ms.
--------------------------------------------------
./solvers/mathsat/run.sh: line 3: 35208 Killed                  ./mathsat ../$1
QF_NRA/zankl/matrix-1-all-26.smt2 : 1800153 ms.
--------------------------------------------------
./solvers/mathsat/run.sh: line 3: 36028 Killed                  ./mathsat ../$1
QF_NRA/zankl/matrix-1-all-27.smt2 : 1800080 ms.
--------------------------------------------------
sat
QF_NRA/zankl/matrix-1-all-28.smt2 : 97 ms.
--------------------------------------------------
./solvers/mathsat/run.sh: line 3: 36595 Killed                  ./mathsat ../$1
QF_NRA/zankl/matrix-1-all-29.smt2 : 1800061 ms.
--------------------------------------------------
sat
QF_NRA/zankl/matrix-1-all-2.smt2 : 104 ms.
--------------------------------------------------
sat
QF_NRA/zankl/matrix-1-all-30.smt2 : 70184 ms.
--------------------------------------------------
sat
QF_NRA/zankl/matrix-1-all-31.smt2 : 481 ms.
--------------------------------------------------
sat
QF_NRA/zankl/matrix-1-all-32.smt2 : 220 ms.
--------------------------------------------------
sat
QF_NRA/zankl/matrix-1-all-33.smt2 : 94 ms.
--------------------------------------------------
sat
QF_NRA/zankl/matrix-1-all-34.smt2 : 179 ms.
--------------------------------------------------
sat
QF_NRA/zankl/matrix-1-all-35.smt2 : 11898 ms.
--------------------------------------------------
sat
QF_NRA/zankl/matrix-1-all-36.smt2 : 140 ms.
--------------------------------------------------
./solvers/mathsat/run.sh: line 3: 37251 Killed                  ./mathsat ../$1
QF_NRA/zankl/matrix-1-all-37.smt2 : 1800090 ms.
--------------------------------------------------
./solvers/mathsat/run.sh: line 3: 37933 Killed                  ./mathsat ../$1
QF_NRA/zankl/matrix-1-all-38.smt2 : 1800100 ms.
--------------------------------------------------
./solvers/mathsat/run.sh: line 3: 38648 Killed                  ./mathsat ../$1
QF_NRA/zankl/matrix-1-all-39.smt2 : 1800151 ms.
--------------------------------------------------
sat
QF_NRA/zankl/matrix-1-all-3.smt2 : 53 ms.
--------------------------------------------------
./solvers/mathsat/run.sh: line 3: 39249 Killed                  ./mathsat ../$1
QF_NRA/zankl/matrix-1-all-40.smt2 : 1800082 ms.
--------------------------------------------------
./solvers/mathsat/run.sh: line 3: 39816 Killed                  ./mathsat ../$1
QF_NRA/zankl/matrix-1-all-41.smt2 : 1800194 ms.
--------------------------------------------------
unsat
QF_NRA/zankl/matrix-1-all-42.smt2 : 258 ms.
--------------------------------------------------
unsat
QF_NRA/zankl/matrix-1-all-43.smt2 : 38 ms.
--------------------------------------------------
unsat
QF_NRA/zankl/matrix-1-all-44.smt2 : 65 ms.
--------------------------------------------------
unsat
QF_NRA/zankl/matrix-1-all-45.smt2 : 88 ms.
--------------------------------------------------
unsat
QF_NRA/zankl/matrix-1-all-46.smt2 : 2320 ms.
--------------------------------------------------
unsat
QF_NRA/zankl/matrix-1-all-47.smt2 : 89 ms.
--------------------------------------------------
unsat
QF_NRA/zankl/matrix-1-all-48.smt2 : 61 ms.
--------------------------------------------------
unsat
QF_NRA/zankl/matrix-1-all-49.smt2 : 46 ms.
--------------------------------------------------
./solvers/mathsat/run.sh: line 3: 40514 Killed                  ./mathsat ../$1
QF_NRA/zankl/matrix-1-all-4.smt2 : 1800172 ms.
--------------------------------------------------
unsat
QF_NRA/zankl/matrix-1-all-50.smt2 : 306 ms.
--------------------------------------------------
unsat
QF_NRA/zankl/matrix-1-all-52.smt2 : 36 ms.
--------------------------------------------------
unsat
QF_NRA/zankl/matrix-1-all-54.smt2 : 41 ms.
--------------------------------------------------
unsat
QF_NRA/zankl/matrix-1-all-56.smt2 : 45 ms.
--------------------------------------------------
sat
QF_NRA/zankl/matrix-1-all-5.smt2 : 130 ms.
--------------------------------------------------
sat
QF_NRA/zankl/matrix-1-all-6.smt2 : 120 ms.
--------------------------------------------------
sat
QF_NRA/zankl/matrix-1-all-7.smt2 : 71 ms.
--------------------------------------------------
./solvers/mathsat/run.sh: line 3: 41254 Killed                  ./mathsat ../$1
QF_NRA/zankl/matrix-1-all-8.smt2 : 1800099 ms.
--------------------------------------------------
./solvers/mathsat/run.sh: line 3: 41714 Killed                  ./mathsat ../$1
QF_NRA/zankl/matrix-1-all-9.smt2 : 1800129 ms.
--------------------------------------------------
sat
QF_NRA/zankl/matrix-2-all-01.smt2 : 279 ms.
--------------------------------------------------
./solvers/mathsat/run.sh: line 3: 42090 Killed                  ./mathsat ../$1
QF_NRA/zankl/matrix-2-all-10.smt2 : 1800147 ms.
--------------------------------------------------
./solvers/mathsat/run.sh: line 3: 42564 Killed                  ./mathsat ../$1
QF_NRA/zankl/matrix-2-all-11.smt2 : 1800169 ms.
--------------------------------------------------
sat
QF_NRA/zankl/matrix-2-all-12.smt2 : 201457 ms.
--------------------------------------------------
./solvers/mathsat/run.sh: line 3: 43055 Killed                  ./mathsat ../$1
QF_NRA/zankl/matrix-2-all-13.smt2 : 1800383 ms.
--------------------------------------------------
unsat
QF_NRA/zankl/matrix-2-all-14.smt2 : 87 ms.
--------------------------------------------------
./solvers/mathsat/run.sh: line 3: 43403 Killed                  ./mathsat ../$1
QF_NRA/zankl/matrix-2-all-15.smt2 : 1800168 ms.
--------------------------------------------------
./solvers/mathsat/run.sh: line 3: 43778 Killed                  ./mathsat ../$1
QF_NRA/zankl/matrix-2-all-16.smt2 : 1800210 ms.
--------------------------------------------------
./solvers/mathsat/run.sh: line 3: 44145 Killed                  ./mathsat ../$1
QF_NRA/zankl/matrix-2-all-17.smt2 : 1800276 ms.
--------------------------------------------------
./solvers/mathsat/run.sh: line 3: 44514 Killed                  ./mathsat ../$1
QF_NRA/zankl/matrix-2-all-18.smt2 : 1800123 ms.
--------------------------------------------------
./solvers/mathsat/run.sh: line 3: 44913 Killed                  ./mathsat ../$1
QF_NRA/zankl/matrix-2-all-19.smt2 : 1800161 ms.
--------------------------------------------------
unsat
QF_NRA/zankl/matrix-2-all-20.smt2 : 1212 ms.
--------------------------------------------------
./solvers/mathsat/run.sh: line 3: 45341 Killed                  ./mathsat ../$1
QF_NRA/zankl/matrix-2-all-21.smt2 : 1800512 ms.
--------------------------------------------------
unsat
QF_NRA/zankl/matrix-2-all-23.smt2 : 82 ms.
--------------------------------------------------
unsat
QF_NRA/zankl/matrix-2-all-25.smt2 : 67 ms.
--------------------------------------------------
unsat
QF_NRA/zankl/matrix-2-all-27.smt2 : 434 ms.
--------------------------------------------------
./solvers/mathsat/run.sh: line 3: 45709 Killed                  ./mathsat ../$1
QF_NRA/zankl/matrix-2-all-2.smt2 : 1800163 ms.
--------------------------------------------------
sat
QF_NRA/zankl/matrix-2-all-3.smt2 : 1429 ms.
--------------------------------------------------
./solvers/mathsat/run.sh: line 3: 46042 Killed                  ./mathsat ../$1
QF_NRA/zankl/matrix-2-all-4.smt2 : 1800234 ms.
--------------------------------------------------
./solvers/mathsat/run.sh: line 3: 46381 Killed                  ./mathsat ../$1
QF_NRA/zankl/matrix-2-all-5.smt2 : 1800332 ms.
--------------------------------------------------
./solvers/mathsat/run.sh: line 3: 46704 Killed                  ./mathsat ../$1
QF_NRA/zankl/matrix-2-all-6.smt2 : 1800147 ms.
--------------------------------------------------
./solvers/mathsat/run.sh: line 3: 47174 Killed                  ./mathsat ../$1
QF_NRA/zankl/matrix-2-all-7.smt2 : 1800213 ms.
--------------------------------------------------
./solvers/mathsat/run.sh: line 3: 47502 Killed                  ./mathsat ../$1
QF_NRA/zankl/matrix-2-all-8.smt2 : 1800562 ms.
--------------------------------------------------
./solvers/mathsat/run.sh: line 3: 47824 Killed                  ./mathsat ../$1
QF_NRA/zankl/matrix-2-all-9.smt2 : 1800106 ms.
--------------------------------------------------
sat
QF_NRA/zankl/matrix-3-all-01.smt2 : 7080 ms.
--------------------------------------------------
unsat
QF_NRA/zankl/matrix-3-all-10.smt2 : 478 ms.
--------------------------------------------------
tcmalloc: large alloc 1073741824 bytes == 0xdc114000 @  0x1641680 0x1641680 0x1641680 0x1641680 0x1641680 0x1641680 0x1641680 0x1641680 0x1641680 0x1641680 0x1641680 0x1641680 0x1641680 0x1641680 0x1641680 0x1641680 0x1641680 0x1641680 0x1641680 0x1641680 0x1641680 0x1641680 0x1641680 0x1641680 0x1641680 0x1641680 0x1641680 0x1641680 0x1641680 0x1641680 0x1641680
tcmalloc: large alloc 2147483648 bytes == 0x11c916000 @  0x1641680 0x1641680 0x1641680 0x1641680 0x1641680 0x1641680 0x1641680 0x1641680 0x1641680 0x1641680 0x1641680 0x1641680 0x1641680 0x1641680 0x1641680 0x1641680 0x1641680 0x1641680 0x1641680 0x1641680 0x1641680 0x1641680 0x1641680 0x1641680 0x1641680 0x1641680 0x1641680 0x1641680 0x1641680 0x1641680 0x1641680
./solvers/mathsat/run.sh: line 3: 48152 Killed                  ./mathsat ../$1
QF_NRA/zankl/matrix-3-all-11.smt2 : 1800898 ms.
--------------------------------------------------
tcmalloc: large alloc 1073741824 bytes == 0x5999e000 @  0x1641680 0x1641680 0x1641680 0x1641680 0x1641680 0x1641680 0x1641680 0x1641680 0x1641680 0x1641680 0x1641680 0x1641680 0x1641680 0x1641680 0x1641680 0x1641680 0x1641680 0x1641680 0x1641680 0x1641680 0x1641680 0x1641680 0x1641680 0x1641680 0x1641680 0x1641680 0x1641680 0x1641680 0x1641680 0x1641680 0x1641680
tcmalloc: large alloc 2147483648 bytes == 0x9999e000 @  0x1641680 0x1641680 0x1641680 0x1641680 0x1641680 0x1641680 0x1641680 0x1641680 0x1641680 0x1641680 0x1641680 0x1641680 0x1641680 0x1641680 0x1641680 0x1641680 0x1641680 0x1641680 0x1641680 0x1641680 0x1641680 0x1641680 0x1641680 0x1641680 0x1641680 0x1641680 0x1641680 0x1641680 0x1641680 0x1641680 0x1641680
./solvers/mathsat/run.sh: line 3: 48457 Killed                  ./mathsat ../$1
QF_NRA/zankl/matrix-3-all-12.smt2 : 1800574 ms.
--------------------------------------------------
./solvers/mathsat/run.sh: line 3: 48788 Killed                  ./mathsat ../$1
QF_NRA/zankl/matrix-3-all-13.smt2 : 1801327 ms.
--------------------------------------------------
./solvers/mathsat/run.sh: line 3: 49078 Killed                  ./mathsat ../$1
QF_NRA/zankl/matrix-3-all-14.smt2 : 1800343 ms.
--------------------------------------------------
./solvers/mathsat/run.sh: line 3: 49385 Killed                  ./mathsat ../$1
QF_NRA/zankl/matrix-3-all-15.smt2 : 1800335 ms.
--------------------------------------------------
unsat
QF_NRA/zankl/matrix-3-all-16.smt2 : 157688 ms.
--------------------------------------------------
./solvers/mathsat/run.sh: line 3: 49666 Killed                  ./mathsat ../$1
QF_NRA/zankl/matrix-3-all-17.smt2 : 1800932 ms.
--------------------------------------------------
unsat
QF_NRA/zankl/matrix-3-all-19.smt2 : 159 ms.
--------------------------------------------------
unsat
QF_NRA/zankl/matrix-3-all-21.smt2 : 260 ms.
--------------------------------------------------
unsat
QF_NRA/zankl/matrix-3-all-23.smt2 : 19765 ms.
--------------------------------------------------
./solvers/mathsat/run.sh: line 3: 49992 Killed                  ./mathsat ../$1
QF_NRA/zankl/matrix-3-all-2.smt2 : 1800436 ms.
--------------------------------------------------
./solvers/mathsat/run.sh: line 3: 50237 Killed                  ./mathsat ../$1
QF_NRA/zankl/matrix-3-all-3.smt2 : 1800300 ms.
--------------------------------------------------
./solvers/mathsat/run.sh: line 3: 50500 Killed                  ./mathsat ../$1
QF_NRA/zankl/matrix-3-all-4.smt2 : 1800211 ms.
--------------------------------------------------
./solvers/mathsat/run.sh: line 3: 50713 Killed                  ./mathsat ../$1
QF_NRA/zankl/matrix-3-all-5.smt2 : 1800230 ms.
--------------------------------------------------
sat
QF_NRA/zankl/matrix-3-all-6.smt2 : 425 ms.
--------------------------------------------------
sat
QF_NRA/zankl/matrix-3-all-7.smt2 : 208 ms.
--------------------------------------------------
./solvers/mathsat/run.sh: line 3: 50939 Killed                  ./mathsat ../$1
QF_NRA/zankl/matrix-3-all-8.smt2 : 1803162 ms.
--------------------------------------------------
./solvers/mathsat/run.sh: line 3: 51169 Killed                  ./mathsat ../$1
QF_NRA/zankl/matrix-3-all-9.smt2 : 1800617 ms.
--------------------------------------------------
./solvers/mathsat/run.sh: line 3: 51423 Killed                  ./mathsat ../$1
QF_NRA/zankl/matrix-4-all-01.smt2 : 1800333 ms.
--------------------------------------------------
tcmalloc: large alloc 1073741824 bytes == 0x122542000 @  0x1641680 0x1641680 0x1641680 0x1641680 0x1641680 0x1641680 0x1641680 0x1641680 0x1641680 0x1641680 0x1641680 0x1641680 0x1641680 0x1641680 0x1641680 0x1641680 0x1641680 0x1641680 0x1641680 0x1641680 0x1641680 0x1641680 0x1641680 0x1641680 0x1641680 0x1641680 0x1641680 0x1641680 0x1641680 0x1641680 0x1641680
tcmalloc: large alloc 2147483648 bytes == 0x162542000 @  0x1641680 0x1641680 0x1641680 0x1641680 0x1641680 0x1641680 0x1641680 0x1641680 0x1641680 0x1641680 0x1641680 0x1641680 0x1641680 0x1641680 0x1641680 0x1641680 0x1641680 0x1641680 0x1641680 0x1641680 0x1641680 0x1641680 0x1641680 0x1641680 0x1641680 0x1641680 0x1641680 0x1641680 0x1641680 0x1641680 0x1641680
./solvers/mathsat/run.sh: line 3: 51623 Killed                  ./mathsat ../$1
QF_NRA/zankl/matrix-4-all-10.smt2 : 1800654 ms.
--------------------------------------------------
./solvers/mathsat/run.sh: line 3: 51839 Killed                  ./mathsat ../$1
QF_NRA/zankl/matrix-4-all-11.smt2 : 1801336 ms.
--------------------------------------------------
tcmalloc: large alloc 1073741824 bytes == 0x83636000 @  0x1641680 0x1641680 0x1641680 0x1641680 0x1641680 0x1641680 0x1641680 0x1641680 0x1641680 0x1641680 0x1641680 0x1641680 0x1641680 0x1641680 0x1641680 0x1641680 0x1641680 0x1641680 0x1641680 0x1641680 0x1641680 0x1641680 0x1641680 0x1641680 0x1641680 0x1641680 0x1641680 0x1641680 0x1641680 0x1641680 0x1641680
./solvers/mathsat/run.sh: line 3: 52025 Killed                  ./mathsat ../$1
QF_NRA/zankl/matrix-4-all-12.smt2 : 1800555 ms.
--------------------------------------------------
sat
QF_NRA/zankl/matrix-4-all-13.smt2 : 40344 ms.
--------------------------------------------------
./solvers/mathsat/run.sh: line 3: 52328 Killed                  ./mathsat ../$1
QF_NRA/zankl/matrix-4-all-14.smt2 : 1800193 ms.
--------------------------------------------------
tcmalloc: large alloc 1073741824 bytes == 0x84e2a000 @  0x1641680 0x1641680 0x1641680 0x1641680 0x1641680 0x1641680 0x1641680 0x1641680 0x1641680 0x1641680 0x1641680 0x1641680 0x1641680 0x1641680 0x1641680 0x1641680 0x1641680 0x1641680 0x1641680 0x1641680 0x1641680 0x1641680 0x1641680 0x1641680 0x1641680 0x1641680 0x1641680 0x1641680 0x1641680 0x1641680 0x1641680
./solvers/mathsat/run.sh: line 3: 52561 Killed                  ./mathsat ../$1
QF_NRA/zankl/matrix-4-all-15.smt2 : 1800192 ms.
--------------------------------------------------
./solvers/mathsat/run.sh: line 3: 52756 Killed                  ./mathsat ../$1
QF_NRA/zankl/matrix-4-all-16.smt2 : 1800227 ms.
--------------------------------------------------
./solvers/mathsat/run.sh: line 3: 52938 Killed                  ./mathsat ../$1
QF_NRA/zankl/matrix-4-all-17.smt2 : 1800389 ms.
--------------------------------------------------
./solvers/mathsat/run.sh: line 3: 53134 Killed                  ./mathsat ../$1
QF_NRA/zankl/matrix-4-all-18.smt2 : 1801484 ms.
--------------------------------------------------
./solvers/mathsat/run.sh: line 3: 53321 Killed                  ./mathsat ../$1
QF_NRA/zankl/matrix-4-all-19.smt2 : 1800707 ms.
--------------------------------------------------
unsat
QF_NRA/zankl/matrix-4-all-20.smt2 : 4847 ms.
--------------------------------------------------
tcmalloc: large alloc 1073741824 bytes == 0x759e6000 @  0x1641680 0x1641680 0x1641680 0x1641680 0x1641680 0x1641680 0x1641680 0x1641680 0x1641680 0x1641680 0x1641680 0x1641680 0x1641680 0x1641680 0x1641680 0x1641680 0x1641680 0x1641680 0x1641680 0x1641680 0x1641680 0x1641680 0x1641680 0x1641680 0x1641680 0x1641680 0x1641680 0x1641680 0x1641680 0x1641680 0x1641680
tcmalloc: large alloc 2147483648 bytes == 0xb59e6000 @  0x1641680 0x1641680 0x1641680 0x1641680 0x1641680 0x1641680 0x1641680 0x1641680 0x1641680 0x1641680 0x1641680 0x1641680 0x1641680 0x1641680 0x1641680 0x1641680 0x1641680 0x1641680 0x1641680 0x1641680 0x1641680 0x1641680 0x1641680 0x1641680 0x1641680 0x1641680 0x1641680 0x1641680 0x1641680 0x1641680 0x1641680
tcmalloc: large alloc 4294967296 bytes == 0x1361e8000 @  0x1641680 0x1641680 0x1641680 0x1641680 0x1641680 0x1641680 0x1641680 0x1641680 0x1641680 0x1641680 0x1641680 0x1641680 0x1641680 0x1641680 0x1641680 0x1641680 0x1641680 0x1641680 0x1641680 0x1641680 0x1641680 0x1641680 0x1641680 0x1641680 0x1641680 0x1641680 0x1641680 0x1641680 0x1641680 0x1641680 0x1641680
./solvers/mathsat/run.sh: line 3: 53532 Killed                  ./mathsat ../$1
QF_NRA/zankl/matrix-4-all-21.smt2 : 1800343 ms.
--------------------------------------------------
./solvers/mathsat/run.sh: line 3: 53714 Killed                  ./mathsat ../$1
QF_NRA/zankl/matrix-4-all-22.smt2 : 1800404 ms.
--------------------------------------------------
./solvers/mathsat/run.sh: line 3: 53910 Killed                  ./mathsat ../$1
QF_NRA/zankl/matrix-4-all-23.smt2 : 1800565 ms.
--------------------------------------------------
./solvers/mathsat/run.sh: line 3: 54065 Killed                  ./mathsat ../$1
QF_NRA/zankl/matrix-4-all-24.smt2 : 1800668 ms.
--------------------------------------------------
./solvers/mathsat/run.sh: line 3: 54266 Killed                  ./mathsat ../$1
QF_NRA/zankl/matrix-4-all-25.smt2 : 1800197 ms.
--------------------------------------------------
./solvers/mathsat/run.sh: line 3: 54435 Killed                  ./mathsat ../$1
QF_NRA/zankl/matrix-4-all-26.smt2 : 1800189 ms.
--------------------------------------------------
./solvers/mathsat/run.sh: line 3: 54618 Killed                  ./mathsat ../$1
QF_NRA/zankl/matrix-4-all-27.smt2 : 1802453 ms.
--------------------------------------------------
unsat
QF_NRA/zankl/matrix-4-all-29.smt2 : 3428 ms.
--------------------------------------------------
tcmalloc: large alloc 1073741824 bytes == 0xca96c000 @  0x1641680 0x1641680 0x1641680 0x1641680 0x1641680 0x1641680 0x1641680 0x1641680 0x1641680 0x1641680 0x1641680 0x1641680 0x1641680 0x1641680 0x1641680 0x1641680 0x1641680 0x1641680 0x1641680 0x1641680 0x1641680 0x1641680 0x1641680 0x1641680 0x1641680 0x1641680 0x1641680 0x1641680 0x1641680 0x1641680 0x1641680
tcmalloc: large alloc 2147483648 bytes == 0x10a96c000 @  0x1641680 0x1641680 0x1641680 0x1641680 0x1641680 0x1641680 0x1641680 0x1641680 0x1641680 0x1641680 0x1641680 0x1641680 0x1641680 0x1641680 0x1641680 0x1641680 0x1641680 0x1641680 0x1641680 0x1641680 0x1641680 0x1641680 0x1641680 0x1641680 0x1641680 0x1641680 0x1641680 0x1641680 0x1641680 0x1641680 0x1641680
./solvers/mathsat/run.sh: line 3: 54776 Killed                  ./mathsat ../$1
QF_NRA/zankl/matrix-4-all-2.smt2 : 1800296 ms.
--------------------------------------------------
unsat
QF_NRA/zankl/matrix-4-all-31.smt2 : 611 ms.
--------------------------------------------------
unsat
QF_NRA/zankl/matrix-4-all-33.smt2 : 10409 ms.
--------------------------------------------------
./solvers/mathsat/run.sh: line 3: 54967 Killed                  ./mathsat ../$1
QF_NRA/zankl/matrix-4-all-3.smt2 : 1800206 ms.
--------------------------------------------------
./solvers/mathsat/run.sh: line 3: 55141 Killed                  ./mathsat ../$1
QF_NRA/zankl/matrix-4-all-4.smt2 : 1800300 ms.
--------------------------------------------------
sat
QF_NRA/zankl/matrix-4-all-5.smt2 : 1001524 ms.
--------------------------------------------------
./solvers/mathsat/run.sh: line 3: 55407 Killed                  ./mathsat ../$1
QF_NRA/zankl/matrix-4-all-6.smt2 : 1800513 ms.
--------------------------------------------------
./solvers/mathsat/run.sh: line 3: 55590 Killed                  ./mathsat ../$1
QF_NRA/zankl/matrix-4-all-7.smt2 : 1800690 ms.
--------------------------------------------------
./solvers/mathsat/run.sh: line 3: 55760 Killed                  ./mathsat ../$1
QF_NRA/zankl/matrix-4-all-8.smt2 : 1800637 ms.
--------------------------------------------------
sat
QF_NRA/zankl/matrix-4-all-9.smt2 : 148 ms.
--------------------------------------------------
./solvers/mathsat/run.sh: line 3: 55936 Killed                  ./mathsat ../$1
QF_NRA/zankl/matrix-5-all-01.smt2 : 1800570 ms.
--------------------------------------------------
./solvers/mathsat/run.sh: line 3: 56101 Killed                  ./mathsat ../$1
QF_NRA/zankl/matrix-5-all-10.smt2 : 1800562 ms.
--------------------------------------------------
./solvers/mathsat/run.sh: line 3: 56279 Killed                  ./mathsat ../$1
QF_NRA/zankl/matrix-5-all-11.smt2 : 1801117 ms.
--------------------------------------------------
./solvers/mathsat/run.sh: line 3: 56436 Killed                  ./mathsat ../$1
QF_NRA/zankl/matrix-5-all-12.smt2 : 1800769 ms.
--------------------------------------------------
./solvers/mathsat/run.sh: line 3: 56665 Killed                  ./mathsat ../$1
QF_NRA/zankl/matrix-5-all-13.smt2 : 1803864 ms.
--------------------------------------------------
unsat
QF_NRA/zankl/matrix-5-all-14.smt2 : 109851 ms.
--------------------------------------------------
./solvers/mathsat/run.sh: line 3: 73613 Killed                  ./mathsat ../$1
QF_NRA/zankl/matrix-5-all-15.smt2 : 1800854 ms.
--------------------------------------------------
tcmalloc: large alloc 1073741824 bytes == 0xe07b6000 @  0x1641680 0x1641680 0x1641680 0x1641680 0x1641680 0x1641680 0x1641680 0x1641680 0x1641680 0x1641680 0x1641680 0x1641680 0x1641680 0x1641680 0x1641680 0x1641680 0x1641680 0x1641680 0x1641680 0x1641680 0x1641680 0x1641680 0x1641680 0x1641680 0x1641680 0x1641680 0x1641680 0x1641680 0x1641680 0x1641680 0x1641680
tcmalloc: large alloc 2147483648 bytes == 0x1207b6000 @  0x1641680 0x1641680 0x1641680 0x1641680 0x1641680 0x1641680 0x1641680 0x1641680 0x1641680 0x1641680 0x1641680 0x1641680 0x1641680 0x1641680 0x1641680 0x1641680 0x1641680 0x1641680 0x1641680 0x1641680 0x1641680 0x1641680 0x1641680 0x1641680 0x1641680 0x1641680 0x1641680 0x1641680 0x1641680 0x1641680 0x1641680
./solvers/mathsat/run.sh: line 3: 75919 Killed                  ./mathsat ../$1
QF_NRA/zankl/matrix-5-all-16.smt2 : 1800763 ms.
--------------------------------------------------
./solvers/mathsat/run.sh: line 3: 78481 Killed                  ./mathsat ../$1
QF_NRA/zankl/matrix-5-all-17.smt2 : 1801863 ms.
--------------------------------------------------
./solvers/mathsat/run.sh: line 3: 80006 Killed                  ./mathsat ../$1
QF_NRA/zankl/matrix-5-all-18.smt2 : 1802538 ms.
--------------------------------------------------
./solvers/mathsat/run.sh: line 3: 81001 Killed                  ./mathsat ../$1
QF_NRA/zankl/matrix-5-all-19.smt2 : 1800613 ms.
--------------------------------------------------
./solvers/mathsat/run.sh: line 3: 82569 Killed                  ./mathsat ../$1
QF_NRA/zankl/matrix-5-all-20.smt2 : 1800627 ms.
--------------------------------------------------
./solvers/mathsat/run.sh: line 3: 84616 Killed                  ./mathsat ../$1
QF_NRA/zankl/matrix-5-all-21.smt2 : 1802154 ms.
--------------------------------------------------
unsat
QF_NRA/zankl/matrix-5-all-23.smt2 : 86 ms.
--------------------------------------------------
unsat
QF_NRA/zankl/matrix-5-all-25.smt2 : 3738 ms.
--------------------------------------------------
unsat
QF_NRA/zankl/matrix-5-all-27.smt2 : 220999 ms.
--------------------------------------------------
./solvers/mathsat/run.sh: line 3: 85808 Killed                  ./mathsat ../$1
QF_NRA/zankl/matrix-5-all-2.smt2 : 1800823 ms.
--------------------------------------------------
./solvers/mathsat/run.sh: line 3: 86855 Killed                  ./mathsat ../$1
QF_NRA/zankl/matrix-5-all-3.smt2 : 1801274 ms.
--------------------------------------------------
./solvers/mathsat/run.sh: line 3: 88015 Killed                  ./mathsat ../$1
QF_NRA/zankl/matrix-5-all-4.smt2 : 1801068 ms.
--------------------------------------------------
tcmalloc: large alloc 1073741824 bytes == 0xd29f6000 @  0x1641680 0x1641680 0x1641680 0x1641680 0x1641680 0x1641680 0x1641680 0x1641680 0x1641680 0x1641680 0x1641680 0x1641680 0x1641680 0x1641680 0x1641680 0x1641680 0x1641680 0x1641680 0x1641680 0x1641680 0x1641680 0x1641680 0x1641680 0x1641680 0x1641680 0x1641680 0x1641680 0x1641680 0x1641680 0x1641680 0x1641680
./solvers/mathsat/run.sh: line 3: 88892 Killed                  ./mathsat ../$1
QF_NRA/zankl/matrix-5-all-5.smt2 : 1800464 ms.
--------------------------------------------------
./solvers/mathsat/run.sh: line 3: 89768 Killed                  ./mathsat ../$1
QF_NRA/zankl/matrix-5-all-6.smt2 : 1800034 ms.
--------------------------------------------------
./solvers/mathsat/run.sh: line 3: 91168 Killed                  ./mathsat ../$1
QF_NRA/zankl/matrix-5-all-7.smt2 : 1800423 ms.
--------------------------------------------------
./solvers/mathsat/run.sh: line 3: 91908 Killed                  ./mathsat ../$1
QF_NRA/zankl/matrix-5-all-8.smt2 : 1800593 ms.
--------------------------------------------------
./solvers/mathsat/run.sh: line 3: 92599 Killed                  ./mathsat ../$1
QF_NRA/zankl/matrix-5-all-9.smt2 : 1800833 ms.
