--------------------------------------------------
sat
QF_NRA/meti-tarski/sqrt/problem/13/sqrt1/sqrt-problem-13-sqrt1-chunk-0009.smt2 : 38 ms.
--------------------------------------------------
sat
QF_NRA/meti-tarski/sqrt/problem/13/sqrt1/sqrt-problem-13-sqrt1-chunk-0011.smt2 : 36 ms.
--------------------------------------------------
./solvers/mathsat/run.sh: line 3: 453916 Killed                  ./mathsat ../$1
QF_NRA/meti-tarski/sqrt/problem/13/sqrt1/sqrt-problem-13-sqrt1-chunk-0012.smt2 : 1800093 ms.
--------------------------------------------------
sat
QF_NRA/meti-tarski/sqrt/problem/13/sqrt1/sqrt-problem-13-sqrt1-chunk-0014.smt2 : 29 ms.
--------------------------------------------------
unsat
QF_NRA/meti-tarski/sqrt/problem/13/sqrt1/sqrt-problem-13-sqrt1-chunk-0015.smt2 : 34 ms.
--------------------------------------------------
./solvers/mathsat/run.sh: line 3:  8214 Killed                  ./mathsat ../$1
QF_NRA/meti-tarski/sqrt/problem/13/sqrt1/sqrt-problem-13-sqrt1-chunk-0016.smt2 : 1800110 ms.
--------------------------------------------------
unsat
QF_NRA/meti-tarski/sqrt/problem/13/sqrt1/sqrt-problem-13-sqrt1-chunk-0018.smt2 : 26 ms.
--------------------------------------------------
./solvers/mathsat/run.sh: line 3: 11396 Killed                  ./mathsat ../$1
QF_NRA/meti-tarski/sqrt/problem/13/sqrt1/sqrt-problem-13-sqrt1-chunk-0019.smt2 : 1800120 ms.
--------------------------------------------------
./solvers/mathsat/run.sh: line 3: 14061 Killed                  ./mathsat ../$1
QF_NRA/meti-tarski/sqrt/problem/13/sqrt1/sqrt-problem-13-sqrt1-chunk-0021.smt2 : 1800107 ms.
--------------------------------------------------
unsat
QF_NRA/meti-tarski/sqrt/problem/13/sqrt1/sqrt-problem-13-sqrt1-chunk-0023.smt2 : 32 ms.
--------------------------------------------------
unsat
QF_NRA/meti-tarski/sqrt/problem/13/sqrt1/sqrt-problem-13-sqrt1-chunk-0024.smt2 : 27 ms.
--------------------------------------------------
./solvers/mathsat/run.sh: line 3: 16292 Killed                  ./mathsat ../$1
QF_NRA/meti-tarski/sqrt/problem/13/sqrt1/sqrt-problem-13-sqrt1-chunk-0027.smt2 : 1800141 ms.
--------------------------------------------------
unsat
QF_NRA/meti-tarski/sqrt/problem/13/sqrt1/sqrt-problem-13-sqrt1-chunk-0030.smt2 : 32 ms.
--------------------------------------------------
./solvers/mathsat/run.sh: line 3: 17702 Killed                  ./mathsat ../$1
QF_NRA/meti-tarski/sqrt/problem/13/sqrt1/sqrt-problem-13-sqrt1-chunk-0032.smt2 : 1800089 ms.
--------------------------------------------------
unsat
QF_NRA/meti-tarski/sqrt/problem/13/sqrt1/sqrt-problem-13-sqrt1-chunk-0034.smt2 : 37 ms.
--------------------------------------------------
unsat
QF_NRA/meti-tarski/sqrt/problem/13/sqrt1/sqrt-problem-13-sqrt1-chunk-0035.smt2 : 32 ms.
--------------------------------------------------
./solvers/mathsat/run.sh: line 3: 18766 Killed                  ./mathsat ../$1
QF_NRA/meti-tarski/sqrt/problem/13/sqrt1/sqrt-problem-13-sqrt1-chunk-0037.smt2 : 1800091 ms.
--------------------------------------------------
./solvers/mathsat/run.sh: line 3: 20222 Killed                  ./mathsat ../$1
QF_NRA/meti-tarski/sqrt/problem/13/sqrt1/sqrt-problem-13-sqrt1-chunk-0039.smt2 : 1800100 ms.
--------------------------------------------------
./solvers/mathsat/run.sh: line 3: 22544 Killed                  ./mathsat ../$1
QF_NRA/meti-tarski/sqrt/problem/13/sqrt1/sqrt-problem-13-sqrt1-chunk-0041.smt2 : 1800142 ms.
--------------------------------------------------
unsat
QF_NRA/meti-tarski/sqrt/problem/13/sqrt1/sqrt-problem-13-sqrt1-chunk-0042.smt2 : 25 ms.
--------------------------------------------------
unsat
QF_NRA/meti-tarski/sqrt/problem/13/sqrt1/sqrt-problem-13-sqrt1-chunk-0043.smt2 : 34 ms.
--------------------------------------------------
./solvers/mathsat/run.sh: line 3: 23688 Killed                  ./mathsat ../$1
QF_NRA/meti-tarski/sqrt/problem/13/sqrt1/sqrt-problem-13-sqrt1-chunk-0044.smt2 : 1800181 ms.
--------------------------------------------------
unsat
QF_NRA/meti-tarski/sqrt/problem/13/sqrt1/sqrt-problem-13-sqrt1-chunk-0045.smt2 : 50 ms.
--------------------------------------------------
./solvers/mathsat/run.sh: line 3: 24965 Killed                  ./mathsat ../$1
QF_NRA/meti-tarski/sqrt/problem/13/sqrt1/sqrt-problem-13-sqrt1-chunk-0047.smt2 : 1800094 ms.
--------------------------------------------------
unsat
QF_NRA/meti-tarski/sqrt/problem/13/sqrt1/sqrt-problem-13-sqrt1-chunk-0049.smt2 : 32 ms.
--------------------------------------------------
./solvers/mathsat/run.sh: line 3: 26082 Killed                  ./mathsat ../$1
QF_NRA/meti-tarski/sqrt/problem/13/sqrt1/sqrt-problem-13-sqrt1-chunk-0051.smt2 : 1800078 ms.
--------------------------------------------------
./solvers/mathsat/run.sh: line 3: 27007 Killed                  ./mathsat ../$1
QF_NRA/meti-tarski/sqrt/problem/13/sqrt1/sqrt-problem-13-sqrt1-chunk-0052.smt2 : 1800091 ms.
--------------------------------------------------
sat
QF_NRA/meti-tarski/sqrt/problem/13/sqrt1/sqrt-problem-13-sqrt1-chunk-0053.smt2 : 43 ms.
--------------------------------------------------
unsat
QF_NRA/meti-tarski/sqrt/problem/13/sqrt1/sqrt-problem-13-sqrt1-chunk-0054.smt2 : 28 ms.
--------------------------------------------------
unsat
QF_NRA/meti-tarski/sqrt/problem/13/sqrt1/sqrt-problem-13-sqrt1-chunk-0055.smt2 : 28 ms.
--------------------------------------------------
unsat
QF_NRA/meti-tarski/sqrt/problem/13/sqrt1/sqrt-problem-13-sqrt1-chunk-0057.smt2 : 31 ms.
--------------------------------------------------
./solvers/mathsat/run.sh: line 3: 27957 Killed                  ./mathsat ../$1
QF_NRA/meti-tarski/sqrt/problem/13/sqrt1/sqrt-problem-13-sqrt1-chunk-0058.smt2 : 1800066 ms.
--------------------------------------------------
./solvers/mathsat/run.sh: line 3: 29216 Killed                  ./mathsat ../$1
QF_NRA/meti-tarski/sqrt/problem/13/sqrt1/sqrt-problem-13-sqrt1-chunk-0059.smt2 : 1800065 ms.
--------------------------------------------------
./solvers/mathsat/run.sh: line 3: 29888 Killed                  ./mathsat ../$1
QF_NRA/meti-tarski/sqrt/problem/13/sqrt1/sqrt-problem-13-sqrt1-chunk-0061.smt2 : 1800097 ms.
--------------------------------------------------
./solvers/mathsat/run.sh: line 3: 30663 Killed                  ./mathsat ../$1
QF_NRA/meti-tarski/sqrt/problem/13/sqrt1/sqrt-problem-13-sqrt1-chunk-0062.smt2 : 1800056 ms.
--------------------------------------------------
./solvers/mathsat/run.sh: line 3: 31369 Killed                  ./mathsat ../$1
QF_NRA/meti-tarski/sqrt/problem/13/sqrt1/sqrt-problem-13-sqrt1-chunk-0065.smt2 : 1800097 ms.
--------------------------------------------------
./solvers/mathsat/run.sh: line 3: 32083 Killed                  ./mathsat ../$1
QF_NRA/meti-tarski/sqrt/problem/13/sqrt1/sqrt-problem-13-sqrt1-chunk-0067.smt2 : 1800093 ms.
--------------------------------------------------
unsat
QF_NRA/meti-tarski/sqrt/problem/13/sqrt1/sqrt-problem-13-sqrt1-chunk-0068.smt2 : 49 ms.
--------------------------------------------------
./solvers/mathsat/run.sh: line 3: 32815 Killed                  ./mathsat ../$1
QF_NRA/meti-tarski/sqrt/problem/13/sqrt1/sqrt-problem-13-sqrt1-chunk-0072.smt2 : 1800380 ms.
--------------------------------------------------
unsat
QF_NRA/meti-tarski/sqrt/problem/13/sqrt1/sqrt-problem-13-sqrt1-chunk-0073.smt2 : 46 ms.
--------------------------------------------------
./solvers/mathsat/run.sh: line 3: 33737 Killed                  ./mathsat ../$1
QF_NRA/meti-tarski/sqrt/problem/13/sqrt1/sqrt-problem-13-sqrt1-chunk-0075.smt2 : 1800169 ms.
--------------------------------------------------
unsat
QF_NRA/meti-tarski/sqrt/problem/13/sqrt1/sqrt-problem-13-sqrt1-chunk-0077.smt2 : 42 ms.
--------------------------------------------------
./solvers/mathsat/run.sh: line 3: 34604 Killed                  ./mathsat ../$1
QF_NRA/meti-tarski/sqrt/problem/13/sqrt1/sqrt-problem-13-sqrt1-chunk-0078.smt2 : 1800127 ms.
--------------------------------------------------
unsat
QF_NRA/meti-tarski/sqrt/problem/13/sqrt1/sqrt-problem-13-sqrt1-chunk-0079.smt2 : 43 ms.
--------------------------------------------------
unsat
QF_NRA/meti-tarski/sqrt/problem/13/sqrt1/sqrt-problem-13-sqrt1-chunk-0080.smt2 : 29 ms.
--------------------------------------------------
./solvers/mathsat/run.sh: line 3: 35150 Killed                  ./mathsat ../$1
QF_NRA/meti-tarski/sqrt/problem/13/sqrt1/sqrt-problem-13-sqrt1-chunk-0081.smt2 : 1800129 ms.
--------------------------------------------------
./solvers/mathsat/run.sh: line 3: 35962 Killed                  ./mathsat ../$1
QF_NRA/meti-tarski/sqrt/problem/13/sqrt1/sqrt-problem-13-sqrt1-chunk-0082.smt2 : 1800051 ms.
