--------------------------------------------------
./solvers/mathsat/run.sh: line 3: 451583 Killed                  ./mathsat ../$1
QF_NRA/meti-tarski/atan/problem/2/weakT/atan-problem-2-weakT-chunk-0008.smt2 : 1800066 ms.
--------------------------------------------------
sat
QF_NRA/meti-tarski/atan/problem/2/weakT/atan-problem-2-weakT-chunk-0009.smt2 : 37 ms.
--------------------------------------------------
./solvers/mathsat/run.sh: line 3:  7599 Killed                  ./mathsat ../$1
QF_NRA/meti-tarski/atan/problem/2/weakT/atan-problem-2-weakT-chunk-0010.smt2 : 1800106 ms.
--------------------------------------------------
./solvers/mathsat/run.sh: line 3: 11150 Killed                  ./mathsat ../$1
QF_NRA/meti-tarski/atan/problem/2/weakT/atan-problem-2-weakT-chunk-0012.smt2 : 1800091 ms.
--------------------------------------------------
./solvers/mathsat/run.sh: line 3: 13765 Killed                  ./mathsat ../$1
QF_NRA/meti-tarski/atan/problem/2/weakT/atan-problem-2-weakT-chunk-0015.smt2 : 1800093 ms.
--------------------------------------------------
unsat
QF_NRA/meti-tarski/atan/problem/2/weakT/atan-problem-2-weakT-chunk-0017.smt2 : 31 ms.
--------------------------------------------------
./solvers/mathsat/run.sh: line 3: 16118 Killed                  ./mathsat ../$1
QF_NRA/meti-tarski/atan/problem/2/weakT/atan-problem-2-weakT-chunk-0018.smt2 : 1800093 ms.
--------------------------------------------------
./solvers/mathsat/run.sh: line 3: 17481 Killed                  ./mathsat ../$1
QF_NRA/meti-tarski/atan/problem/2/weakT/atan-problem-2-weakT-chunk-0019.smt2 : 1800087 ms.
--------------------------------------------------
unsat
QF_NRA/meti-tarski/atan/problem/2/weakT/atan-problem-2-weakT-chunk-0020.smt2 : 35 ms.
--------------------------------------------------
./solvers/mathsat/run.sh: line 3: 18560 Killed                  ./mathsat ../$1
QF_NRA/meti-tarski/atan/problem/2/weakT/atan-problem-2-weakT-chunk-0021.smt2 : 1800103 ms.
--------------------------------------------------
./solvers/mathsat/run.sh: line 3: 20051 Killed                  ./mathsat ../$1
QF_NRA/meti-tarski/atan/problem/2/weakT/atan-problem-2-weakT-chunk-0023.smt2 : 1800089 ms.
--------------------------------------------------
unsat
QF_NRA/meti-tarski/atan/problem/2/weakT/atan-problem-2-weakT-chunk-0024.smt2 : 58 ms.
--------------------------------------------------
./solvers/mathsat/run.sh: line 3: 22411 Killed                  ./mathsat ../$1
QF_NRA/meti-tarski/atan/problem/2/weakT/atan-problem-2-weakT-chunk-0025.smt2 : 1800078 ms.
--------------------------------------------------
./solvers/mathsat/run.sh: line 3: 23574 Killed                  ./mathsat ../$1
QF_NRA/meti-tarski/atan/problem/2/weakT/atan-problem-2-weakT-chunk-0026.smt2 : 1800147 ms.
--------------------------------------------------
unsat
QF_NRA/meti-tarski/atan/problem/2/weakT/atan-problem-2-weakT-chunk-0027.smt2 : 42 ms.
--------------------------------------------------
unsat
QF_NRA/meti-tarski/atan/problem/2/weakT/atan-problem-2-weakT-chunk-0028.smt2 : 37 ms.
--------------------------------------------------
sat
QF_NRA/meti-tarski/atan/problem/2/weakT/atan-problem-2-weakT-chunk-0029.smt2 : 29 ms.
--------------------------------------------------
unsat
QF_NRA/meti-tarski/atan/problem/2/weakT/atan-problem-2-weakT-chunk-0030.smt2 : 31 ms.
--------------------------------------------------
unsat
QF_NRA/meti-tarski/atan/problem/2/weakT/atan-problem-2-weakT-chunk-0031.smt2 : 34 ms.
--------------------------------------------------
sat
QF_NRA/meti-tarski/atan/problem/2/weakT/atan-problem-2-weakT-chunk-0032.smt2 : 31 ms.
--------------------------------------------------
./solvers/mathsat/run.sh: line 3: 24796 Killed                  ./mathsat ../$1
QF_NRA/meti-tarski/atan/problem/2/weakT/atan-problem-2-weakT-chunk-0033.smt2 : 1800066 ms.
--------------------------------------------------
unsat
QF_NRA/meti-tarski/atan/problem/2/weakT/atan-problem-2-weakT-chunk-0034.smt2 : 52 ms.
--------------------------------------------------
sat
QF_NRA/meti-tarski/atan/problem/2/weakT/atan-problem-2-weakT-chunk-0035.smt2 : 31 ms.
--------------------------------------------------
./solvers/mathsat/run.sh: line 3: 25997 Killed                  ./mathsat ../$1
QF_NRA/meti-tarski/atan/problem/2/weakT/atan-problem-2-weakT-chunk-0036.smt2 : 1800075 ms.
--------------------------------------------------
unsat
QF_NRA/meti-tarski/atan/problem/2/weakT/atan-problem-2-weakT-chunk-0037.smt2 : 29 ms.
--------------------------------------------------
unsat
QF_NRA/meti-tarski/atan/problem/2/weakT/atan-problem-2-weakT-chunk-0039.smt2 : 30 ms.
--------------------------------------------------
sat
QF_NRA/meti-tarski/atan/problem/2/weakT/atan-problem-2-weakT-chunk-0040.smt2 : 25 ms.
--------------------------------------------------
./solvers/mathsat/run.sh: line 3: 26889 Killed                  ./mathsat ../$1
QF_NRA/meti-tarski/atan/problem/2/weakT/atan-problem-2-weakT-chunk-0041.smt2 : 1800060 ms.
--------------------------------------------------
unsat
QF_NRA/meti-tarski/atan/problem/2/weakT/atan-problem-2-weakT-chunk-0042.smt2 : 42 ms.
--------------------------------------------------
./solvers/mathsat/run.sh: line 3: 27829 Killed                  ./mathsat ../$1
QF_NRA/meti-tarski/atan/problem/2/weakT/atan-problem-2-weakT-chunk-0043.smt2 : 1800183 ms.
--------------------------------------------------
./solvers/mathsat/run.sh: line 3: 29110 Killed                  ./mathsat ../$1
QF_NRA/meti-tarski/atan/problem/2/weakT/atan-problem-2-weakT-chunk-0044.smt2 : 1800195 ms.
--------------------------------------------------
./solvers/mathsat/run.sh: line 3: 29824 Killed                  ./mathsat ../$1
QF_NRA/meti-tarski/atan/problem/2/weakT/atan-problem-2-weakT-chunk-0045.smt2 : 1800080 ms.
--------------------------------------------------
./solvers/mathsat/run.sh: line 3: 30567 Killed                  ./mathsat ../$1
QF_NRA/meti-tarski/atan/problem/2/weakT/atan-problem-2-weakT-chunk-0046.smt2 : 1800090 ms.
--------------------------------------------------
./solvers/mathsat/run.sh: line 3: 31316 Killed                  ./mathsat ../$1
QF_NRA/meti-tarski/atan/problem/2/weakT/atan-problem-2-weakT-chunk-0047.smt2 : 1800087 ms.
--------------------------------------------------
./solvers/mathsat/run.sh: line 3: 32039 Killed                  ./mathsat ../$1
QF_NRA/meti-tarski/atan/problem/2/weakT/atan-problem-2-weakT-chunk-0048.smt2 : 1800101 ms.
--------------------------------------------------
./solvers/mathsat/run.sh: line 3: 32766 Killed                  ./mathsat ../$1
QF_NRA/meti-tarski/atan/problem/2/weakT/atan-problem-2-weakT-chunk-0049.smt2 : 1800088 ms.
--------------------------------------------------
./solvers/mathsat/run.sh: line 3: 33658 Killed                  ./mathsat ../$1
QF_NRA/meti-tarski/atan/problem/2/weakT/atan-problem-2-weakT-chunk-0051.smt2 : 1800056 ms.
--------------------------------------------------
./solvers/mathsat/run.sh: line 3: 34527 Killed                  ./mathsat ../$1
QF_NRA/meti-tarski/atan/problem/2/weakT/atan-problem-2-weakT-chunk-0054.smt2 : 1800091 ms.
--------------------------------------------------
unsat
QF_NRA/meti-tarski/atan/problem/2/weakT/atan-problem-2-weakT-chunk-0055.smt2 : 42 ms.
--------------------------------------------------
unsat
QF_NRA/meti-tarski/atan/problem/2/weakT/atan-problem-2-weakT-chunk-0056.smt2 : 24 ms.
--------------------------------------------------
./solvers/mathsat/run.sh: line 3: 35066 Killed                  ./mathsat ../$1
QF_NRA/meti-tarski/atan/problem/2/weakT/atan-problem-2-weakT-chunk-0057.smt2 : 1800087 ms.
--------------------------------------------------
./solvers/mathsat/run.sh: line 3: 35849 Killed                  ./mathsat ../$1
QF_NRA/meti-tarski/atan/problem/2/weakT/atan-problem-2-weakT-chunk-0058.smt2 : 1800106 ms.
--------------------------------------------------
unsat
QF_NRA/meti-tarski/atan/problem/2/weakT/atan-problem-2-weakT-chunk-0059.smt2 : 45 ms.
--------------------------------------------------
sat
QF_NRA/meti-tarski/atan/problem/2/weakT/atan-problem-2-weakT-chunk-0060.smt2 : 44 ms.
