--------------------------------------------------
unsat
QF_NRA/hycomp/etcs_braking_2.01.qfree_global_2.smt2 : 68 ms.
--------------------------------------------------
unsat
QF_NRA/hycomp/etcs_braking_2.01.qfree_global_3.smt2 : 79 ms.
--------------------------------------------------
unsat
QF_NRA/hycomp/etcs_braking_2.01.qfree_global_4.smt2 : 55 ms.
--------------------------------------------------
unsat
QF_NRA/hycomp/etcs_braking_2.01.qfree_global_5.smt2 : 1174 ms.
--------------------------------------------------
unsat
QF_NRA/hycomp/etcs_braking_2.01.qfree_global_6.smt2 : 66 ms.
--------------------------------------------------
unsat
QF_NRA/hycomp/etcs_braking_2.01.qfree_global_7.smt2 : 105 ms.
--------------------------------------------------
unsat
QF_NRA/hycomp/etcs_braking_2.01.qfree_global_8.smt2 : 62 ms.
--------------------------------------------------
unsat
QF_NRA/hycomp/etcs_braking_2.01.qfree_global_9.smt2 : 5905 ms.
--------------------------------------------------
unsat
QF_NRA/hycomp/etcs_braking_2.01.redlog_global_0.smt2 : 34 ms.
--------------------------------------------------
unsat
QF_NRA/hycomp/etcs_braking_2.01.redlog_global_10.smt2 : 98 ms.
--------------------------------------------------
unsat
QF_NRA/hycomp/etcs_braking_2.01.redlog_global_11.smt2 : 141 ms.
--------------------------------------------------
unsat
QF_NRA/hycomp/etcs_braking_2.01.redlog_global_12.smt2 : 125 ms.
--------------------------------------------------
unsat
QF_NRA/hycomp/etcs_braking_2.01.redlog_global_13.smt2 : 208702 ms.
--------------------------------------------------
unsat
QF_NRA/hycomp/etcs_braking_2.01.redlog_global_14.smt2 : 129 ms.
--------------------------------------------------
unsat
QF_NRA/hycomp/etcs_braking_2.01.redlog_global_15.smt2 : 183 ms.
--------------------------------------------------
unsat
QF_NRA/hycomp/etcs_braking_2.01.redlog_global_1.smt2 : 129 ms.
--------------------------------------------------
unsat
QF_NRA/hycomp/etcs_braking_2.01.redlog_global_2.smt2 : 45 ms.
--------------------------------------------------
unsat
QF_NRA/hycomp/etcs_braking_2.01.redlog_global_3.smt2 : 55 ms.
--------------------------------------------------
unsat
QF_NRA/hycomp/etcs_braking_2.01.redlog_global_4.smt2 : 60 ms.
--------------------------------------------------
unsat
QF_NRA/hycomp/etcs_braking_2.01.redlog_global_5.smt2 : 6857 ms.
--------------------------------------------------
unsat
QF_NRA/hycomp/etcs_braking_2.01.redlog_global_6.smt2 : 73 ms.
--------------------------------------------------
unsat
QF_NRA/hycomp/etcs_braking_2.01.redlog_global_7.smt2 : 88 ms.
--------------------------------------------------
unsat
QF_NRA/hycomp/etcs_braking_2.01.redlog_global_8.smt2 : 83 ms.
--------------------------------------------------
unsat
QF_NRA/hycomp/etcs_braking_2.01.redlog_global_9.smt2 : 29517 ms.
--------------------------------------------------
unsat
QF_NRA/hycomp/etcs_braking_2.01.seq_lazy_global_0.smt2 : 32 ms.
--------------------------------------------------
unsat
QF_NRA/hycomp/etcs_braking_2.01.seq_lazy_global_10.smt2 : 67 ms.
--------------------------------------------------
unsat
QF_NRA/hycomp/etcs_braking_2.01.seq_lazy_global_11.smt2 : 90 ms.
--------------------------------------------------
unsat
QF_NRA/hycomp/etcs_braking_2.01.seq_lazy_global_12.smt2 : 75 ms.
--------------------------------------------------
unsat
QF_NRA/hycomp/etcs_braking_2.01.seq_lazy_global_13.smt2 : 7285 ms.
--------------------------------------------------
unsat
QF_NRA/hycomp/etcs_braking_2.01.seq_lazy_global_14.smt2 : 91 ms.
--------------------------------------------------
unsat
QF_NRA/hycomp/etcs_braking_2.01.seq_lazy_global_15.smt2 : 135 ms.
--------------------------------------------------
unsat
QF_NRA/hycomp/etcs_braking_2.01.seq_lazy_global_1.smt2 : 58 ms.
--------------------------------------------------
unsat
QF_NRA/hycomp/etcs_braking_2.01.seq_lazy_global_2.smt2 : 36 ms.
--------------------------------------------------
unsat
QF_NRA/hycomp/etcs_braking_2.01.seq_lazy_global_3.smt2 : 39 ms.
--------------------------------------------------
unsat
QF_NRA/hycomp/etcs_braking_2.01.seq_lazy_global_4.smt2 : 44 ms.
--------------------------------------------------
unsat
QF_NRA/hycomp/etcs_braking_2.01.seq_lazy_global_5.smt2 : 507 ms.
--------------------------------------------------
unsat
QF_NRA/hycomp/etcs_braking_2.01.seq_lazy_global_6.smt2 : 55 ms.
--------------------------------------------------
unsat
QF_NRA/hycomp/etcs_braking_2.01.seq_lazy_global_7.smt2 : 61 ms.
--------------------------------------------------
unsat
QF_NRA/hycomp/etcs_braking_2.01.seq_lazy_global_8.smt2 : 60 ms.
--------------------------------------------------
unsat
QF_NRA/hycomp/etcs_braking_2.01.seq_lazy_global_9.smt2 : 3148 ms.
--------------------------------------------------
unsat
QF_NRA/hycomp/etcs_braking_2.01.seq_lazy_lemmas_global_0.smt2 : 32 ms.
--------------------------------------------------
unsat
QF_NRA/hycomp/etcs_braking_2.01.seq_lazy_lemmas_global_10.smt2 : 84 ms.
--------------------------------------------------
unsat
QF_NRA/hycomp/etcs_braking_2.01.seq_lazy_lemmas_global_11.smt2 : 113 ms.
--------------------------------------------------
unsat
QF_NRA/hycomp/etcs_braking_2.01.seq_lazy_lemmas_global_12.smt2 : 97 ms.
--------------------------------------------------
unsat
QF_NRA/hycomp/etcs_braking_2.01.seq_lazy_lemmas_global_13.smt2 : 12547 ms.
--------------------------------------------------
unsat
QF_NRA/hycomp/etcs_braking_2.01.seq_lazy_lemmas_global_14.smt2 : 111 ms.
--------------------------------------------------
unsat
QF_NRA/hycomp/etcs_braking_2.01.seq_lazy_lemmas_global_15.smt2 : 163 ms.
--------------------------------------------------
unsat
QF_NRA/hycomp/etcs_braking_2.01.seq_lazy_lemmas_global_1.smt2 : 60 ms.
--------------------------------------------------
unsat
QF_NRA/hycomp/etcs_braking_2.01.seq_lazy_lemmas_global_2.smt2 : 41 ms.
--------------------------------------------------
unsat
QF_NRA/hycomp/etcs_braking_2.01.seq_lazy_lemmas_global_3.smt2 : 46 ms.
--------------------------------------------------
unsat
QF_NRA/hycomp/etcs_braking_2.01.seq_lazy_lemmas_global_4.smt2 : 51 ms.
--------------------------------------------------
unsat
QF_NRA/hycomp/etcs_braking_2.01.seq_lazy_lemmas_global_5.smt2 : 1224 ms.
--------------------------------------------------
unsat
QF_NRA/hycomp/etcs_braking_2.01.seq_lazy_lemmas_global_6.smt2 : 66 ms.
--------------------------------------------------
unsat
QF_NRA/hycomp/etcs_braking_2.01.seq_lazy_lemmas_global_7.smt2 : 76 ms.
--------------------------------------------------
unsat
QF_NRA/hycomp/etcs_braking_2.01.seq_lazy_lemmas_global_8.smt2 : 70 ms.
--------------------------------------------------
unsat
QF_NRA/hycomp/etcs_braking_2.01.seq_lazy_lemmas_global_9.smt2 : 5801 ms.
--------------------------------------------------
unsat
QF_NRA/hycomp/etcs_braking_2.01.seq_lazy_linear_enc_global_0.smt2 : 32 ms.
--------------------------------------------------
unsat
QF_NRA/hycomp/etcs_braking_2.01.seq_lazy_linear_enc_global_10.smt2 : 70 ms.
--------------------------------------------------
unsat
QF_NRA/hycomp/etcs_braking_2.01.seq_lazy_linear_enc_global_11.smt2 : 92 ms.
--------------------------------------------------
unsat
QF_NRA/hycomp/etcs_braking_2.01.seq_lazy_linear_enc_global_12.smt2 : 77 ms.
--------------------------------------------------
unsat
QF_NRA/hycomp/etcs_braking_2.01.seq_lazy_linear_enc_global_13.smt2 : 7236 ms.
--------------------------------------------------
unsat
QF_NRA/hycomp/etcs_braking_2.01.seq_lazy_linear_enc_global_14.smt2 : 91 ms.
--------------------------------------------------
unsat
QF_NRA/hycomp/etcs_braking_2.01.seq_lazy_linear_enc_global_15.smt2 : 132 ms.
--------------------------------------------------
unsat
QF_NRA/hycomp/etcs_braking_2.01.seq_lazy_linear_enc_global_1.smt2 : 58 ms.
--------------------------------------------------
unsat
QF_NRA/hycomp/etcs_braking_2.01.seq_lazy_linear_enc_global_2.smt2 : 35 ms.
--------------------------------------------------
unsat
QF_NRA/hycomp/etcs_braking_2.01.seq_lazy_linear_enc_global_3.smt2 : 40 ms.
--------------------------------------------------
unsat
QF_NRA/hycomp/etcs_braking_2.01.seq_lazy_linear_enc_global_4.smt2 : 43 ms.
--------------------------------------------------
unsat
QF_NRA/hycomp/etcs_braking_2.01.seq_lazy_linear_enc_global_5.smt2 : 789 ms.
--------------------------------------------------
unsat
QF_NRA/hycomp/etcs_braking_2.01.seq_lazy_linear_enc_global_6.smt2 : 53 ms.
--------------------------------------------------
unsat
QF_NRA/hycomp/etcs_braking_2.01.seq_lazy_linear_enc_global_7.smt2 : 65 ms.
--------------------------------------------------
unsat
QF_NRA/hycomp/etcs_braking_2.01.seq_lazy_linear_enc_global_8.smt2 : 62 ms.
--------------------------------------------------
unsat
QF_NRA/hycomp/etcs_braking_2.01.seq_lazy_linear_enc_global_9.smt2 : 4589 ms.
--------------------------------------------------
unsat
QF_NRA/hycomp/etcs_braking_2.01.seq_lazy_linear_enc_lemmas_global_0.smt2 : 31 ms.
--------------------------------------------------
unsat
QF_NRA/hycomp/etcs_braking_2.01.seq_lazy_linear_enc_lemmas_global_10.smt2 : 84 ms.
--------------------------------------------------
unsat
QF_NRA/hycomp/etcs_braking_2.01.seq_lazy_linear_enc_lemmas_global_11.smt2 : 124 ms.
--------------------------------------------------
unsat
QF_NRA/hycomp/etcs_braking_2.01.seq_lazy_linear_enc_lemmas_global_12.smt2 : 95 ms.
--------------------------------------------------
unsat
QF_NRA/hycomp/etcs_braking_2.01.seq_lazy_linear_enc_lemmas_global_13.smt2 : 9788 ms.
--------------------------------------------------
unsat
QF_NRA/hycomp/etcs_braking_2.01.seq_lazy_linear_enc_lemmas_global_14.smt2 : 111 ms.
--------------------------------------------------
unsat
QF_NRA/hycomp/etcs_braking_2.01.seq_lazy_linear_enc_lemmas_global_15.smt2 : 187 ms.
--------------------------------------------------
unsat
QF_NRA/hycomp/etcs_braking_2.01.seq_lazy_linear_enc_lemmas_global_1.smt2 : 64 ms.
--------------------------------------------------
unsat
QF_NRA/hycomp/etcs_braking_2.01.seq_lazy_linear_enc_lemmas_global_2.smt2 : 42 ms.
--------------------------------------------------
unsat
QF_NRA/hycomp/etcs_braking_2.01.seq_lazy_linear_enc_lemmas_global_3.smt2 : 46 ms.
--------------------------------------------------
unsat
QF_NRA/hycomp/etcs_braking_2.01.seq_lazy_linear_enc_lemmas_global_4.smt2 : 60 ms.
--------------------------------------------------
unsat
QF_NRA/hycomp/etcs_braking_2.01.seq_lazy_linear_enc_lemmas_global_5.smt2 : 1091 ms.
--------------------------------------------------
unsat
QF_NRA/hycomp/etcs_braking_2.01.seq_lazy_linear_enc_lemmas_global_6.smt2 : 69 ms.
--------------------------------------------------
unsat
QF_NRA/hycomp/etcs_braking_2.01.seq_lazy_linear_enc_lemmas_global_7.smt2 : 85 ms.
--------------------------------------------------
unsat
QF_NRA/hycomp/etcs_braking_2.01.seq_lazy_linear_enc_lemmas_global_8.smt2 : 77 ms.
--------------------------------------------------
unsat
QF_NRA/hycomp/etcs_braking_2.01.seq_lazy_linear_enc_lemmas_global_9.smt2 : 1781 ms.
--------------------------------------------------
unsat
QF_NRA/hycomp/simple_ballistics_reach.01.seq_lazy_global_0.smt2 : 35 ms.
--------------------------------------------------
unsat
QF_NRA/hycomp/simple_ballistics_reach.01.seq_lazy_global_10.smt2 : 62 ms.
--------------------------------------------------
./solvers/mathsat/run.sh: line 3:  7232 Killed                  ./mathsat ../$1
QF_NRA/hycomp/simple_ballistics_reach.01.seq_lazy_global_11.smt2 : 1800560 ms.
--------------------------------------------------
unsat
QF_NRA/hycomp/simple_ballistics_reach.01.seq_lazy_global_12.smt2 : 70 ms.
--------------------------------------------------
./solvers/mathsat/run.sh: line 3: 10799 Killed                  ./mathsat ../$1
QF_NRA/hycomp/simple_ballistics_reach.01.seq_lazy_global_13.smt2 : 1800173 ms.
--------------------------------------------------
unsat
QF_NRA/hycomp/simple_ballistics_reach.01.seq_lazy_global_14.smt2 : 82 ms.
--------------------------------------------------
./solvers/mathsat/run.sh: line 3: 13097 Killed                  ./mathsat ../$1
QF_NRA/hycomp/simple_ballistics_reach.01.seq_lazy_global_15.smt2 : 1800189 ms.
--------------------------------------------------
./solvers/mathsat/run.sh: line 3: 15684 Killed                  ./mathsat ../$1
QF_NRA/hycomp/simple_ballistics_reach.01.seq_lazy_global_1.smt2 : 1800223 ms.
--------------------------------------------------
unsat
QF_NRA/hycomp/simple_ballistics_reach.01.seq_lazy_global_2.smt2 : 44 ms.
--------------------------------------------------
./solvers/mathsat/run.sh: line 3: 17211 Killed                  ./mathsat ../$1
QF_NRA/hycomp/simple_ballistics_reach.01.seq_lazy_global_3.smt2 : 1800124 ms.
--------------------------------------------------
unsat
QF_NRA/hycomp/simple_ballistics_reach.01.seq_lazy_global_4.smt2 : 47 ms.
--------------------------------------------------
./solvers/mathsat/run.sh: line 3: 18207 Killed                  ./mathsat ../$1
QF_NRA/hycomp/simple_ballistics_reach.01.seq_lazy_global_5.smt2 : 1800176 ms.
--------------------------------------------------
unsat
QF_NRA/hycomp/simple_ballistics_reach.01.seq_lazy_global_6.smt2 : 57 ms.
--------------------------------------------------
./solvers/mathsat/run.sh: line 3: 19799 Killed                  ./mathsat ../$1
QF_NRA/hycomp/simple_ballistics_reach.01.seq_lazy_global_7.smt2 : 1800168 ms.
--------------------------------------------------
unsat
QF_NRA/hycomp/simple_ballistics_reach.01.seq_lazy_global_8.smt2 : 59 ms.
--------------------------------------------------
./solvers/mathsat/run.sh: line 3: 22132 Killed                  ./mathsat ../$1
QF_NRA/hycomp/simple_ballistics_reach.01.seq_lazy_global_9.smt2 : 1800151 ms.
--------------------------------------------------
unsat
QF_NRA/hycomp/simple_ballistics_reach.01.seq_lazy_lemmas_global_0.smt2 : 71 ms.
--------------------------------------------------
unsat
QF_NRA/hycomp/simple_ballistics_reach.01.seq_lazy_lemmas_global_10.smt2 : 91 ms.
--------------------------------------------------
./solvers/mathsat/run.sh: line 3: 23254 Killed                  ./mathsat ../$1
QF_NRA/hycomp/simple_ballistics_reach.01.seq_lazy_lemmas_global_11.smt2 : 1800186 ms.
--------------------------------------------------
unsat
QF_NRA/hycomp/simple_ballistics_reach.01.seq_lazy_lemmas_global_12.smt2 : 86 ms.
--------------------------------------------------
./solvers/mathsat/run.sh: line 3: 24381 Killed                  ./mathsat ../$1
QF_NRA/hycomp/simple_ballistics_reach.01.seq_lazy_lemmas_global_13.smt2 : 1800068 ms.
--------------------------------------------------
unsat
QF_NRA/hycomp/simple_ballistics_reach.01.seq_lazy_lemmas_global_14.smt2 : 94 ms.
--------------------------------------------------
./solvers/mathsat/run.sh: line 3: 25482 Killed                  ./mathsat ../$1
QF_NRA/hycomp/simple_ballistics_reach.01.seq_lazy_lemmas_global_15.smt2 : 1800061 ms.
--------------------------------------------------
./solvers/mathsat/run.sh: line 3: 26535 Killed                  ./mathsat ../$1
QF_NRA/hycomp/simple_ballistics_reach.01.seq_lazy_lemmas_global_1.smt2 : 1800089 ms.
--------------------------------------------------
unsat
QF_NRA/hycomp/simple_ballistics_reach.01.seq_lazy_lemmas_global_2.smt2 : 46 ms.
--------------------------------------------------
./solvers/mathsat/run.sh: line 3: 27508 Killed                  ./mathsat ../$1
QF_NRA/hycomp/simple_ballistics_reach.01.seq_lazy_lemmas_global_3.smt2 : 1800218 ms.
--------------------------------------------------
unsat
QF_NRA/hycomp/simple_ballistics_reach.01.seq_lazy_lemmas_global_4.smt2 : 56 ms.
--------------------------------------------------
./solvers/mathsat/run.sh: line 3: 28871 Killed                  ./mathsat ../$1
QF_NRA/hycomp/simple_ballistics_reach.01.seq_lazy_lemmas_global_5.smt2 : 1800181 ms.
--------------------------------------------------
unsat
QF_NRA/hycomp/simple_ballistics_reach.01.seq_lazy_lemmas_global_6.smt2 : 60 ms.
--------------------------------------------------
./solvers/mathsat/run.sh: line 3: 29607 Killed                  ./mathsat ../$1
QF_NRA/hycomp/simple_ballistics_reach.01.seq_lazy_lemmas_global_7.smt2 : 1800111 ms.
--------------------------------------------------
unsat
QF_NRA/hycomp/simple_ballistics_reach.01.seq_lazy_lemmas_global_8.smt2 : 68 ms.
--------------------------------------------------
./solvers/mathsat/run.sh: line 3: 30327 Killed                  ./mathsat ../$1
QF_NRA/hycomp/simple_ballistics_reach.01.seq_lazy_lemmas_global_9.smt2 : 1800136 ms.
--------------------------------------------------
unsat
QF_NRA/hycomp/simple_ballistics_reach.01.seq_lazy_linear_enc_global_0.smt2 : 33 ms.
--------------------------------------------------
unsat
QF_NRA/hycomp/simple_ballistics_reach.01.seq_lazy_linear_enc_global_10.smt2 : 51 ms.
--------------------------------------------------
./solvers/mathsat/run.sh: line 3: 31128 Killed                  ./mathsat ../$1
QF_NRA/hycomp/simple_ballistics_reach.01.seq_lazy_linear_enc_global_11.smt2 : 1800210 ms.
--------------------------------------------------
unsat
QF_NRA/hycomp/simple_ballistics_reach.01.seq_lazy_linear_enc_global_12.smt2 : 63 ms.
--------------------------------------------------
./solvers/mathsat/run.sh: line 3: 31776 Killed                  ./mathsat ../$1
QF_NRA/hycomp/simple_ballistics_reach.01.seq_lazy_linear_enc_global_13.smt2 : 1800182 ms.
--------------------------------------------------
unsat
QF_NRA/hycomp/simple_ballistics_reach.01.seq_lazy_linear_enc_global_14.smt2 : 67 ms.
--------------------------------------------------
./solvers/mathsat/run.sh: line 3: 32536 Killed                  ./mathsat ../$1
QF_NRA/hycomp/simple_ballistics_reach.01.seq_lazy_linear_enc_global_15.smt2 : 1800732 ms.
--------------------------------------------------
./solvers/mathsat/run.sh: line 3: 33241 Killed                  ./mathsat ../$1
QF_NRA/hycomp/simple_ballistics_reach.01.seq_lazy_linear_enc_global_1.smt2 : 1800591 ms.
--------------------------------------------------
unsat
QF_NRA/hycomp/simple_ballistics_reach.01.seq_lazy_linear_enc_global_2.smt2 : 41 ms.
--------------------------------------------------
./solvers/mathsat/run.sh: line 3: 34171 Killed                  ./mathsat ../$1
QF_NRA/hycomp/simple_ballistics_reach.01.seq_lazy_linear_enc_global_3.smt2 : 1800129 ms.
--------------------------------------------------
unsat
QF_NRA/hycomp/simple_ballistics_reach.01.seq_lazy_linear_enc_global_4.smt2 : 50 ms.
--------------------------------------------------
./solvers/mathsat/run.sh: line 3: 34882 Killed                  ./mathsat ../$1
QF_NRA/hycomp/simple_ballistics_reach.01.seq_lazy_linear_enc_global_5.smt2 : 1800360 ms.
--------------------------------------------------
unsat
QF_NRA/hycomp/simple_ballistics_reach.01.seq_lazy_linear_enc_global_6.smt2 : 53 ms.
--------------------------------------------------
./solvers/mathsat/run.sh: line 3: 35642 Killed                  ./mathsat ../$1
QF_NRA/hycomp/simple_ballistics_reach.01.seq_lazy_linear_enc_global_7.smt2 : 1800147 ms.
--------------------------------------------------
unsat
QF_NRA/hycomp/simple_ballistics_reach.01.seq_lazy_linear_enc_global_8.smt2 : 56 ms.
--------------------------------------------------
./solvers/mathsat/run.sh: line 3: 36245 Killed                  ./mathsat ../$1
QF_NRA/hycomp/simple_ballistics_reach.01.seq_lazy_linear_enc_global_9.smt2 : 1800127 ms.
--------------------------------------------------
unsat
QF_NRA/hycomp/simple_ballistics_reach.01.seq_lazy_linear_enc_lemmas_global_0.smt2 : 36 ms.
--------------------------------------------------
unsat
QF_NRA/hycomp/simple_ballistics_reach.01.seq_lazy_linear_enc_lemmas_global_10.smt2 : 62 ms.
--------------------------------------------------
./solvers/mathsat/run.sh: line 3: 36762 Killed                  ./mathsat ../$1
QF_NRA/hycomp/simple_ballistics_reach.01.seq_lazy_linear_enc_lemmas_global_11.smt2 : 1800099 ms.
--------------------------------------------------
unsat
QF_NRA/hycomp/simple_ballistics_reach.01.seq_lazy_linear_enc_lemmas_global_12.smt2 : 77 ms.
--------------------------------------------------
./solvers/mathsat/run.sh: line 3: 37351 Killed                  ./mathsat ../$1
QF_NRA/hycomp/simple_ballistics_reach.01.seq_lazy_linear_enc_lemmas_global_13.smt2 : 1800104 ms.
--------------------------------------------------
unsat
QF_NRA/hycomp/simple_ballistics_reach.01.seq_lazy_linear_enc_lemmas_global_14.smt2 : 81 ms.
--------------------------------------------------
./solvers/mathsat/run.sh: line 3: 37983 Killed                  ./mathsat ../$1
QF_NRA/hycomp/simple_ballistics_reach.01.seq_lazy_linear_enc_lemmas_global_15.smt2 : 1800098 ms.
--------------------------------------------------
./solvers/mathsat/run.sh: line 3: 38692 Killed                  ./mathsat ../$1
QF_NRA/hycomp/simple_ballistics_reach.01.seq_lazy_linear_enc_lemmas_global_1.smt2 : 1800112 ms.
--------------------------------------------------
unsat
QF_NRA/hycomp/simple_ballistics_reach.01.seq_lazy_linear_enc_lemmas_global_2.smt2 : 46 ms.
--------------------------------------------------
./solvers/mathsat/run.sh: line 3: 39409 Killed                  ./mathsat ../$1
QF_NRA/hycomp/simple_ballistics_reach.01.seq_lazy_linear_enc_lemmas_global_3.smt2 : 1800146 ms.
--------------------------------------------------
unsat
QF_NRA/hycomp/simple_ballistics_reach.01.seq_lazy_linear_enc_lemmas_global_4.smt2 : 49 ms.
--------------------------------------------------
./solvers/mathsat/run.sh: line 3: 39932 Killed                  ./mathsat ../$1
QF_NRA/hycomp/simple_ballistics_reach.01.seq_lazy_linear_enc_lemmas_global_5.smt2 : 1800099 ms.
--------------------------------------------------
unsat
QF_NRA/hycomp/simple_ballistics_reach.01.seq_lazy_linear_enc_lemmas_global_6.smt2 : 55 ms.
--------------------------------------------------
./solvers/mathsat/run.sh: line 3: 40748 Killed                  ./mathsat ../$1
QF_NRA/hycomp/simple_ballistics_reach.01.seq_lazy_linear_enc_lemmas_global_7.smt2 : 1800093 ms.
--------------------------------------------------
unsat
QF_NRA/hycomp/simple_ballistics_reach.01.seq_lazy_linear_enc_lemmas_global_8.smt2 : 62 ms.
--------------------------------------------------
./solvers/mathsat/run.sh: line 3: 41319 Killed                  ./mathsat ../$1
QF_NRA/hycomp/simple_ballistics_reach.01.seq_lazy_linear_enc_lemmas_global_9.smt2 : 1800106 ms.
